0.01 -1.31015e-07
0.02 -1.42396e-07
0.03 -1.77553e-07
0.04 -2.47681e-07
0.05 -3.51511e-07
0.06 -4.76977e-07
0.07 -6.12353e-07
0.08 -7.55425e-07
0.09 -9.12669e-07
0.1 -1.0913e-06
0.11 -1.29305e-06
0.12 -1.5148e-06
0.13 -1.75359e-06
0.14 -2.00992e-06
0.15 -2.28637e-06
0.16 -2.58359e-06
0.17 -2.89811e-06
0.18 -3.22423e-06
0.19 -3.55827e-06
0.2 -3.90055e-06
0.21 -4.2538e-06
0.22 -4.62164e-06
0.23 -5.0089e-06
0.24 -5.41976e-06
0.25 -5.85111e-06
0.26 -6.28908e-06
0.27 -6.7166e-06
0.28 -7.12638e-06
0.29 -7.5249e-06
0.3 -7.92343e-06
0.31 -8.32572e-06
0.32 -8.72347e-06
0.33 -9.10192e-06
0.34 -9.45105e-06
0.35 -9.77376e-06
0.36 -1.00825e-05
0.37 -1.03867e-05
0.38 -1.06837e-05
0.39 -1.09619e-05
0.4 -1.12116e-05
0.41 -1.14325e-05
0.42 -1.16321e-05
0.43 -1.18173e-05
0.44 -1.1989e-05
0.45 -1.21423e-05
0.46 -1.22722e-05
0.47 -1.23788e-05
0.48 -1.24711e-05
0.49 -1.25686e-05
0.5 -1.26898e-05
0.51 -1.28293e-05
0.52 -1.29539e-05
0.53 -1.30312e-05
0.54 -1.30599e-05
0.55 -1.30685e-05
0.56 -1.30864e-05
0.57 -1.31189e-05
0.58 -1.31485e-05
0.59 -1.31559e-05
0.6 -1.31368e-05
0.61 -1.30965e-05
0.62 -1.30273e-05
0.63 -1.28981e-05
0.64 -1.26769e-05
0.65 -1.23718e-05
0.66 -1.20392e-05
0.67 -1.17299e-05
0.68 -1.14108e-05
0.69 -1.09592e-05
0.7 -1.02577e-05
0.71 -9.29535e-06
0.72 -8.16605e-06
0.73 -6.97287e-06
0.74 -5.75233e-06
0.75 -4.49539e-06
0.76 -3.21531e-06
0.77 -1.95158e-06
0.78 -6.9255e-07
0.79 6.70421e-07
0.8 2.26509e-06
0.81 4.09897e-06
0.82 6.00688e-06
0.83 7.75169e-06
0.84 9.18593e-06
0.85 1.03188e-05
0.86 1.12443e-05
0.87 1.20319e-05
0.88 1.26955e-05
0.89 1.32444e-05
0.9 1.37445e-05
0.91 1.43108e-05
0.92 1.5014e-05
0.93 1.57825e-05
0.94 1.64215e-05
0.95 1.67554e-05
0.96 1.67563e-05
0.97 1.6539e-05
0.98 1.62411e-05
0.99 1.59114e-05
1 1.55116e-05
1.01 1.50028e-05
1.02 1.43894e-05
1.03 1.36734e-05
1.04 1.28132e-05
1.05 1.17713e-05
1.06 1.06029e-05
1.07 9.46393e-06
1.08 8.50657e-06
1.09 7.77166e-06
1.1 7.19097e-06
1.11 6.6683e-06
1.12 6.12402e-06
1.13 5.4692e-06
1.14 4.60297e-06
1.15 3.49501e-06
1.16 2.26778e-06
1.17 1.15964e-06
1.18 3.68967e-07
1.19 -1.0268e-07
1.2 -4.68692e-07
1.21 -9.96496e-07
1.22 -1.80033e-06
1.23 -2.78263e-06
1.24 -3.77625e-06
1.25 -4.74307e-06
1.26 -5.81508e-06
1.27 -7.10868e-06
1.28 -8.513e-06
1.29 -9.72245e-06
1.3 -1.05005e-05
1.31 -1.0883e-05
1.32 -1.11134e-05
1.33 -1.14048e-05
1.34 -1.17721e-05
1.35 -1.20659e-05
1.36 -1.21413e-05
1.37 -1.20038e-05
1.38 -1.18301e-05
1.39 -1.18682e-05
1.4 -1.2298e-05
1.41 -1.315e-05
1.42 -1.43136e-05
1.43 -1.56191e-05
1.44 -1.69515e-05
1.45 -1.83312e-05
1.46 -1.98915e-05
1.47 -2.17634e-05
1.48 -2.39532e-05
1.49 -2.62929e-05
1.5 -2.851e-05
1.51 -3.03991e-05
1.52 -3.19602e-05
1.53 -3.33448e-05
1.54 -3.46405e-05
1.55 -3.57266e-05
1.56 -3.63653e-05
1.57 -3.64164e-05
1.58 -3.59358e-05
1.59 -3.50662e-05
1.6 -3.38743e-05
1.61 -3.23461e-05
1.62 -3.05199e-05
1.63 -2.85365e-05
1.64 -2.65236e-05
1.65 -2.44714e-05
1.66 -2.22422e-05
1.67 -1.96687e-05
1.68 -1.66372e-05
1.69 -1.31384e-05
1.7 -9.28688e-06
1.71 -5.27246e-06
1.72 -1.25882e-06
1.73 2.65901e-06
1.74 6.38043e-06
1.75 9.72017e-06
1.76 1.24893e-05
1.77 1.47051e-05
1.78 1.66824e-05
1.79 1.88233e-05
1.8 2.12493e-05
1.81 2.36223e-05
1.82 2.53434e-05
1.83 2.59759e-05
1.84 2.5534e-05
1.85 2.44176e-05
1.86 2.31124e-05
1.87 2.19282e-05
1.88 2.0929e-05
1.89 2.00445e-05
1.9 1.92421e-05
1.91 1.86029e-05
1.92 1.82513e-05
1.93 1.82409e-05
1.94 1.85272e-05
1.95 1.90537e-05
1.96 1.98571e-05
1.97 2.10573e-05
1.98 2.27077e-05
1.99 2.46438e-05
2 2.64884e-05
2.01 2.78371e-05
2.02 2.85142e-05
2.03 2.87245e-05
2.04 2.89572e-05
2.05 2.96632e-05
2.06 3.09526e-05
2.07 3.25488e-05
2.08 3.40015e-05
2.09 3.49761e-05
2.1 3.54212e-05
2.11 3.55162e-05
2.12 3.54759e-05
2.13 3.53969e-05
2.14 3.52347e-05
2.15 3.48522e-05
2.16 3.40918e-05
2.17 3.28782e-05
2.18 3.13182e-05
2.19 2.9695e-05
2.2 2.82981e-05
2.21 2.71906e-05
2.22 2.61149e-05
2.23 2.46321e-05
2.24 2.24048e-05
2.25 1.94198e-05
2.26 1.59739e-05
2.27 1.24304e-05
2.28 8.96392e-06
2.29 5.50691e-06
2.3 1.90742e-06
2.31 -1.88973e-06
2.32 -5.82244e-06
2.33 -9.85598e-06
2.34 -1.41155e-05
2.35 -1.88258e-05
2.36 -2.40722e-05
2.37 -2.96279e-05
2.38 -3.50783e-05
2.39 -4.01547e-05
2.4 -4.49316e-05
2.41 -4.96966e-05
2.42 -5.46532e-05
2.43 -5.97526e-05
2.44 -6.47738e-05
2.45 -6.95141e-05
2.46 -7.39022e-05
2.47 -7.7975e-05
2.48 -8.17819e-05
2.49 -8.53354e-05
2.5 -8.8657e-05
2.51 -9.18243e-05
2.52 -9.49222e-05
2.53 -9.79445e-05
2.54 -0.000100744
2.55 -0.000103042
2.56 -0.000104497
2.57 -0.000104871
2.58 -0.000104265
2.59 -0.000103204
2.6 -0.00010238
2.61 -0.000102196
2.62 -0.000102484
2.63 -0.000102643
2.64 -0.000102099
2.65 -0.00010068
2.66 -9.86423e-05
2.67 -9.6352e-05
2.68 -9.39208e-05
2.69 -9.10886e-05
2.7 -8.74389e-05
2.71 -8.27545e-05
2.72 -7.72346e-05
2.73 -7.14225e-05
2.74 -6.59023e-05
2.75 -6.09822e-05
2.76 -5.66028e-05
2.77 -5.25165e-05
2.78 -4.85406e-05
2.79 -4.46519e-05
2.8 -4.08817e-05
2.81 -3.71517e-05
2.82 -3.31995e-05
2.83 -2.86809e-05
2.84 -2.34326e-05
2.85 -1.76899e-05
2.86 -1.1999e-05
2.87 -6.83166e-06
2.88 -2.22749e-06
2.89 2.23784e-06
2.9 7.18214e-06
2.91 1.31035e-05
2.92 2.02287e-05
2.93 2.85371e-05
2.94 3.78621e-05
2.95 4.79757e-05
2.96 5.85972e-05
2.97 6.93636e-05
2.98 7.98882e-05
2.99 8.99565e-05
3 9.96995e-05
3.01 0.00010955
3.02 0.000119963
3.03 0.000131101
3.04 0.000142741
3.05 0.000154432
3.06 0.000165744
3.07 0.000176418
3.08 0.000186403
3.09 0.000195767
3.1 0.000204534
3.11 0.00021259
3.12 0.000219722
3.13 0.000225768
3.14 0.000230709
3.15 0.000234643
3.16 0.000237666
3.17 0.000239771
3.18 0.000240796
3.19 0.000240429
3.2 0.000238293
3.21 0.000234156
3.22 0.000228147
3.23 0.000220759
3.24 0.000212543
3.25 0.000203785
3.26 0.000194496
3.27 0.000184666
3.28 0.000174467
3.29 0.000164174
3.3 0.000153939
3.31 0.000143664
3.32 0.00013307
3.33 0.000121828
3.34 0.000109694
3.35 9.65867e-05
3.36 8.258e-05
3.37 6.7833e-05
3.38 5.25358e-05
3.39 3.69404e-05
3.4 2.13767e-05
3.41 6.14389e-06
3.42 -8.6492e-06
3.43 -2.30924e-05
3.44 -3.72944e-05
3.45 -5.12095e-05
3.46 -6.46311e-05
3.47 -7.73033e-05
3.48 -8.90456e-05
3.49 -9.98598e-05
3.5 -0.000109938
3.51 -0.000119493
3.52 -0.000128536
3.53 -0.000136841
3.54 -0.000144146
3.55 -0.000150384
3.56 -0.000155762
3.57 -0.000160705
3.58 -0.00016576
3.59 -0.000171452
3.6 -0.000178128
3.61 -0.000185872
3.62 -0.000194557
3.63 -0.000204
3.64 -0.000214086
3.65 -0.00022475
3.66 -0.000235848
3.67 -0.000247102
3.68 -0.000258199
3.69 -0.000268966
3.7 -0.000279429
3.71 -0.000289682
3.72 -0.000299638
3.73 -0.000308905
3.74 -0.000316944
3.75 -0.000323396
3.76 -0.00032825
3.77 -0.000331691
3.78 -0.000333784
3.79 -0.00033437
3.8 -0.000333305
3.81 -0.000330727
3.82 -0.000326991
3.83 -0.000322297
3.84 -0.000316424
3.85 -0.000308836
3.86 -0.000299055
3.87 -0.000287006
3.88 -0.000273036
3.89 -0.000257598
3.9 -0.000240831
3.91 -0.000222412
3.92 -0.000201779
3.93 -0.00017853
3.94 -0.000152678
3.95 -0.000124664
3.96 -9.52002e-05
3.97 -6.50784e-05
3.98 -3.50139e-05
3.99 -5.52572e-06
4 2.31323e-05
4.01 5.09506e-05
4.02 7.80267e-05
4.03 0.000104424
4.04 0.000130193
4.05 0.00015552
4.06 0.000180783
4.07 0.000206318
4.08 0.000231985
4.09 0.000256829
4.1 0.000279252
4.11 0.00029774
4.12 0.000311719
4.13 0.000321907
4.14 0.000329881
4.15 0.000337158
4.16 0.000344439
4.17 0.000351472
4.18 0.000357475
4.19 0.000361658
4.2 0.000363481
4.21 0.000362592
4.22 0.000358686
4.23 0.00035152
4.24 0.000341136
4.25 0.000328056
4.26 0.000313201
4.27 0.000297506
4.28 0.000281523
4.29 0.000265326
4.3 0.00024872
4.31 0.000231547
4.32 0.000213881
4.33 0.000196032
4.34 0.000178415
4.35 0.00016138
4.36 0.000145113
4.37 0.000129601
4.38 0.00011467
4.39 0.000100067
4.4 8.55302e-05
4.41 7.07592e-05
4.42 5.53911e-05
4.43 3.91194e-05
4.44 2.18767e-05
4.45 3.86506e-06
4.46 -1.46134e-05
4.47 -3.33248e-05
4.48 -5.20927e-05
4.49 -7.06547e-05
4.5 -8.86088e-05
4.51 -0.000105613
4.52 -0.000121707
4.53 -0.0001374
4.54 -0.000153349
4.55 -0.000169796
4.56 -0.000186217
4.57 -0.000201444
4.58 -0.000214229
4.59 -0.000223871
4.6 -0.000230473
4.61 -0.000234641
4.62 -0.000236891
4.63 -0.0002373
4.64 -0.000235724
4.65 -0.000232334
4.66 -0.000227886
4.67 -0.000223373
4.68 -0.000219272
4.69 -0.000215094
4.7 -0.000209746
4.71 -0.000202438
4.72 -0.000193315
4.73 -0.00018326
4.74 -0.00017311
4.75 -0.000163001
4.76 -0.000152425
4.77 -0.000140879
4.78 -0.000128429
4.79 -0.000115609
4.8 -0.000102798
4.81 -8.97862e-05
4.82 -7.59657e-05
4.83 -6.09063e-05
4.84 -4.47331e-05
4.85 -2.80367e-05
4.86 -1.14794e-05
4.87 4.57665e-06
4.88 2.01749e-05
4.89 3.55939e-05
4.9 5.11041e-05
4.91 6.68762e-05
4.92 8.30842e-05
4.93 0.000100052
4.94 0.000118256
4.95 0.000138144
4.96 0.000159896
4.97 0.000183301
4.98 0.000207824
4.99 0.000232825
5 0.000257841
5.01 0.000282783
5.02 0.000307916
5.03 0.00033365
5.04 0.00036022
5.05 0.000387437
5.06 0.000414602
5.07 0.000440642
5.08 0.000464423
5.09 0.000485094
5.1 0.000502238
5.11 0.000515806
5.12 0.000526008
5.13 0.000533257
5.14 0.000538117
5.15 0.000541104
5.16 0.000542402
5.17 0.000541765
5.18 0.000538791
5.19 0.000533351
5.2 0.00052579
5.21 0.000516691
5.22 0.000506345
5.23 0.000494346
5.24 0.000479738
5.25 0.000461657
5.26 0.000439981
5.27 0.000415385
5.28 0.000388753
5.29 0.000360498
5.3 0.000330389
5.31 0.000297994
5.32 0.000263273
5.33 0.000226772
5.34 0.000189229
5.35 0.000150963
5.36 0.00011162
5.37 7.05006e-05
5.38 2.71897e-05
5.39 -1.8042e-05
5.4 -6.42485e-05
5.41 -0.000110055
5.42 -0.000153901
5.43 -0.0001943
5.44 -0.000230264
5.45 -0.000261769
5.46 -0.000289853
5.47 -0.000316149
5.48 -0.000342046
5.49 -0.000367956
5.5 -0.000393204
5.51 -0.000416615
5.52 -0.000437335
5.53 -0.000455196
5.54 -0.000470462
5.55 -0.000483341
5.56 -0.000493755
5.57 -0.000501483
5.58 -0.000506424
5.59 -0.000508755
5.6 -0.000508877
5.61 -0.000507128
5.62 -0.00050349
5.63 -0.000497526
5.64 -0.000488567
5.65 -0.000475949
5.66 -0.00045917
5.67 -0.000438019
5.68 -0.000412758
5.69 -0.000384379
5.7 -0.000354723
5.71 -0.000326112
5.72 -0.000300447
5.73 -0.000278326
5.74 -0.000258918
5.75 -0.000240762
5.76 -0.000222773
5.77 -0.000204614
5.78 -0.000186374
5.79 -0.00016817
5.8 -0.000150102
5.81 -0.000132475
5.82 -0.000115975
5.83 -0.000101639
5.84 -9.05394e-05
5.85 -8.32632e-05
5.86 -7.9501e-05
5.87 -7.80771e-05
5.88 -7.7461e-05
5.89 -7.64353e-05
5.9 -7.44705e-05
5.91 -7.16078e-05
5.92 -6.81066e-05
5.93 -6.42715e-05
5.94 -6.05067e-05
5.95 -5.72889e-05
5.96 -5.49148e-05
5.97 -5.32664e-05
5.98 -5.18675e-05
5.99 -5.01689e-05
6 -4.77553e-05
6.01 -4.43055e-05
6.02 -3.94269e-05
6.03 -3.25999e-05
6.04 -2.3373e-05
6.05 -1.17499e-05
6.06 1.53314e-06
6.07 1.51955e-05
6.08 2.81455e-05
6.09 4.03775e-05
6.1 5.33141e-05
6.11 6.90651e-05
6.12 8.89438e-05
6.13 0.000112398
6.14 0.000137319
6.15 0.000161537
6.16 0.000184189
6.17 0.000205792
6.18 0.000227117
6.19 0.000248114
6.2 0.000267864
6.21 0.000285333
6.22 0.000299983
6.23 0.000311629
6.24 0.000319865
6.25 0.000323772
6.26 0.000322304
6.27 0.000315009
6.28 0.000302497
6.29 0.000286409
6.3 0.000269032
6.31 0.000252728
6.32 0.00023916
6.33 0.000228641
6.34 0.000220173
6.35 0.000212284
6.36 0.000204026
6.37 0.000195379
6.38 0.000186911
6.39 0.000179112
6.4 0.000172
6.41 0.000165201
6.42 0.000158313
6.43 0.000151261
6.44 0.000144424
6.45 0.000138511
6.46 0.000134229
6.47 0.00013193
6.48 0.000131503
6.49 0.000132568
6.5 0.000134726
6.51 0.000137548
6.52 0.000140337
6.53 0.000142106
6.54 0.000141976
6.55 0.000139693
6.56 0.000135754
6.57 0.000130998
6.58 0.000126048
6.59 0.000121109
6.6 0.000116202
6.61 0.000111408
6.62 0.000106761
6.63 0.000101933
6.64 9.61432e-05
6.65 8.84831e-05
6.66 7.83657e-05
6.67 6.57119e-05
6.68 5.08195e-05
6.69 3.42159e-05
6.7 1.67432e-05
6.71 -2.8902e-07
6.72 -1.53208e-05
6.73 -2.72493e-05
6.74 -3.60834e-05
6.75 -4.2859e-05
6.76 -4.88136e-05
6.77 -5.45724e-05
6.78 -6.0042e-05
6.79 -6.49802e-05
6.8 -6.96391e-05
6.81 -7.4925e-05
6.82 -8.1981e-05
6.83 -9.15327e-05
6.84 -0.000103497
6.85 -0.000117192
6.86 -0.000132006
6.87 -0.000147875
6.88 -0.000165113
6.89 -0.000183761
6.9 -0.000203124
6.91 -0.000221999
6.92 -0.00023939
6.93 -0.000255005
6.94 -0.000269132
6.95 -0.000282134
6.96 -0.000294098
6.97 -0.00030491
6.98 -0.000314626
6.99 -0.000323737
7 -0.000333012
7.01 -0.000343062
7.02 -0.000354068
7.03 -0.000365893
7.04 -0.000378382
7.05 -0.000391451
7.06 -0.000404856
7.07 -0.000417962
7.08 -0.00042987
7.09 -0.000439855
7.1 -0.000447583
7.11 -0.000452847
7.12 -0.000455035
7.13 -0.000452929
7.14 -0.000445186
7.15 -0.000431211
7.16 -0.000411668
7.17 -0.000388198
7.18 -0.000362695
7.19 -0.00033683
7.2 -0.000312017
7.21 -0.00028945
7.22 -0.000269852
7.23 -0.000253116
7.24 -0.000238274
7.25 -0.000223957
7.26 -0.000209036
7.27 -0.000192991
7.28 -0.000175875
7.29 -0.000158063
7.3 -0.000140067
7.31 -0.000122498
7.32 -0.000106006
7.33 -9.10944e-05
7.34 -7.78762e-05
7.35 -6.60619e-05
7.36 -5.52455e-05
7.37 -4.51745e-05
7.38 -3.56641e-05
7.39 -2.62639e-05
7.4 -1.61134e-05
7.41 -4.28128e-06
7.42 9.58315e-06
7.43 2.48629e-05
7.44 4.03048e-05
7.45 5.48753e-05
7.46 6.84295e-05
7.47 8.16713e-05
7.48 9.55468e-05
7.49 0.000110708
7.5 0.000127515
7.51 0.000146371
7.52 0.000167806
7.53 0.000192041
7.54 0.00021846
7.55 0.000245473
7.56 0.00027092
7.57 0.000292809
7.58 0.000309993
7.59 0.000322333
7.6 0.000330216
7.61 0.000333905
7.62 0.000333349
7.63 0.000328639
7.64 0.000320607
7.65 0.000310896
7.66 0.000301284
7.67 0.000292741
7.68 0.000285047
7.69 0.000277405
7.7 0.000269465
7.71 0.000261836
7.72 0.000255623
7.73 0.000251504
7.74 0.000249245
7.75 0.000248124
7.76 0.000247807
7.77 0.000248783
7.78 0.000251897
7.79 0.000257388
7.8 0.0002642
7.81 0.000270109
7.82 0.000272645
7.83 0.000270196
7.84 0.000262467
7.85 0.000250025
7.86 0.000233492
7.87 0.000213237
7.88 0.000189787
7.89 0.000164299
7.9 0.000138354
7.91 0.000113087
7.92 8.84658e-05
7.93 6.34243e-05
7.94 3.6714e-05
7.95 7.70025e-06
7.96 -2.34769e-05
7.97 -5.6291e-05
7.98 -9.02274e-05
7.99 -0.000124754
8 -0.000158992
8.01 -0.000191618
8.02 -0.000221345
8.03 -0.00024767
8.04 -0.000271276
8.05 -0.000293652
8.06 -0.000316062
8.07 -0.000338507
8.08 -0.000359503
8.09 -0.000376886
8.1 -0.000388999
8.11 -0.000395344
8.12 -0.000396321
8.13 -0.000392538
8.14 -0.00038443
8.15 -0.000372431
8.16 -0.000357252
8.17 -0.000339702
8.18 -0.000320085
8.19 -0.000297766
8.2 -0.00027144
8.21 -0.000240017
8.22 -0.000203412
8.23 -0.000162568
8.24 -0.000118751
8.25 -7.27525e-05
8.26 -2.46155e-05
8.27 2.60206e-05
8.28 7.93161e-05
8.29 0.000134876
8.3 0.000191887
8.31 0.000249553
8.32 0.000307384
8.33 0.000365128
8.34 0.000422451
8.35 0.000478743
8.36 0.000533323
8.37 0.000585949
8.38 0.000637114
8.39 0.000687736
8.4 0.00073835
8.41 0.00078837
8.42 0.000835995
8.43 0.000878866
8.44 0.00091503
8.45 0.000943629
8.46 0.00096496
8.47 0.000980042
8.48 0.000990069
8.49 0.000996089
8.5 0.000998904
8.51 0.000998959
8.52 0.000996143
8.53 0.000989672
8.54 0.000978252
8.55 0.000960556
8.56 0.000935779
8.57 0.000903916
8.58 0.000865638
8.59 0.000821993
8.6 0.000774199
8.61 0.000723469
8.62 0.000670695
8.63 0.000616072
8.64 0.000558951
8.65 0.000498173
8.66 0.000432832
8.67 0.000363042
8.68 0.000290216
8.69 0.000216516
8.7 0.000143714
8.71 7.21671e-05
8.72 7.07657e-07
8.73 -7.23582e-05
8.74 -0.000147824
8.75 -0.000224827
8.76 -0.000301329
8.77 -0.000375379
8.78 -0.000446069
8.79 -0.000513476
8.8 -0.000577813
8.81 -0.000638735
8.82 -0.000695532
8.83 -0.000748042
8.84 -0.000797304
8.85 -0.000845086
8.86 -0.000892598
8.87 -0.000939626
8.88 -0.000984928
8.89 -0.00102749
8.9 -0.00106747
8.91 -0.00110616
8.92 -0.00114498
8.93 -0.00118455
8.94 -0.00122436
8.95 -0.00126303
8.96 -0.00129887
8.97 -0.00133004
8.98 -0.00135466
8.99 -0.00137105
9 -0.00137826
9.01 -0.00137648
9.02 -0.00136685
9.03 -0.00135105
9.04 -0.00133099
9.05 -0.00130864
9.06 -0.00128558
9.07 -0.00126231
9.08 -0.00123774
9.09 -0.00120947
9.1 -0.00117506
9.11 -0.00113327
9.12 -0.00108439
9.13 -0.00102944
9.14 -0.000969076
9.15 -0.000903227
9.16 -0.000831637
9.17 -0.000754649
9.18 -0.000673401
9.19 -0.000589239
9.2 -0.000502927
9.21 -0.000414409
9.22 -0.000323322
9.23 -0.000229829
9.24 -0.000135075
9.25 -4.08937e-05
9.26 5.10543e-05
9.27 0.000139994
9.28 0.000226048
9.29 0.000309606
9.3 0.00039057
9.31 0.000467991
9.32 0.000540216
9.33 0.000605407
9.34 0.00066216
9.35 0.000709989
9.36 0.000749405
9.37 0.000781493
9.38 0.000807192
9.39 0.000826768
9.4 0.000839831
9.41 0.000845832
9.42 0.000844678
9.43 0.000837216
9.44 0.000825378
9.45 0.000811708
9.46 0.000798279
9.47 0.000785686
9.48 0.00077293
9.49 0.000758245
9.5 0.000740148
9.51 0.00071802
9.52 0.000692058
9.53 0.000662952
9.54 0.000631668
9.55 0.000599318
9.56 0.000566869
9.57 0.00053471
9.58 0.000502403
9.59 0.000468977
9.6 0.000433654
9.61 0.000396482
9.62 0.000358338
9.63 0.000320311
9.64 0.000283001
9.65 0.000246337
9.66 0.000210019
9.67 0.000174217
9.68 0.000139916
9.69 0.000108586
9.7 8.13833e-05
9.71 5.85779e-05
9.72 3.96128e-05
9.73 2.36723e-05
9.74 1.02498e-05
9.75 -6.73174e-07
9.76 -8.84226e-06
9.77 -1.40458e-05
9.78 -1.62507e-05
9.79 -1.55482e-05
9.8 -1.20614e-05
9.81 -5.88545e-06
9.82 2.98044e-06
9.83 1.46906e-05
9.84 2.94718e-05
9.85 4.73636e-05
9.86 6.79722e-05
9.87 9.04731e-05
9.88 0.000113885
9.89 0.000137427
9.9 0.000160704
9.91 0.000183592
9.92 0.000205908
9.93 0.000227171
9.94 0.000246684
9.95 0.000263844
9.96 0.000278444
9.97 0.000290763
9.98 0.000301411
9.99 0.000311016
10 0.000319886
10.01 0.000327782
10.02 0.000333935
10.03 0.000337381
10.04 0.000337476
10.05 0.000334314
10.06 0.000328755
10.07 0.000322028
10.08 0.000315155
10.09 0.00030848
10.1 0.000301525
10.11 0.000293231
10.12 0.000282479
10.13 0.000268558
10.14 0.000251301
10.15 0.000230902
10.16 0.000207649
10.17 0.000181758
10.18 0.000153302
10.19 0.000122233
10.2 8.84554e-05
10.21 5.19171e-05
10.22 1.26776e-05
10.23 -2.90133e-05
10.24 -7.25529e-05
10.25 -0.000116752
10.26 -0.000159771
10.27 -0.000199561
10.28 -0.000234762
10.29 -0.000265394
10.3 -0.000292664
10.31 -0.000318035
10.32 -0.000342347
10.33 -0.000365643
10.34 -0.000387557
10.35 -0.000407736
10.36 -0.000425908
10.37 -0.000441629
10.38 -0.000454017
10.39 -0.000461869
10.4 -0.000464279
10.41 -0.000461381
10.42 -0.000454572
10.43 -0.000445981
10.44 -0.000437518
10.45 -0.000430182
10.46 -0.000424064
10.47 -0.000418965
10.48 -0.000414962
10.49 -0.000412388
10.5 -0.000411266
10.51 -0.000410762
10.52 -0.000409211
10.53 -0.000404867
10.54 -0.000396924
10.55 -0.000386023
10.56 -0.000373809
10.57 -0.000361914
10.58 -0.000351219
10.59 -0.000341906
10.6 -0.000333994
10.61 -0.000327769
10.62 -0.000323725
10.63 -0.000322127
10.64 -0.000322625
10.65 -0.000324352
10.66 -0.000326487
10.67 -0.000328808
10.68 -0.000331666
10.69 -0.00033531
10.7 -0.000339144
10.71 -0.00034168
10.72 -0.000341289
10.73 -0.000337055
10.74 -0.000329004
10.75 -0.000317614
10.76 -0.000303142
10.77 -0.000285364
10.78 -0.0002639
10.79 -0.000238757
10.8 -0.000210577
10.81 -0.000180395
10.82 -0.000149194
10.83 -0.000117826
10.84 -8.74568e-05
10.85 -6.00019e-05
10.86 -3.7797e-05
10.87 -2.24817e-05
10.88 -1.39974e-05
10.89 -1.06908e-05
10.9 -1.04021e-05
10.91 -1.14213e-05
10.92 -1.25254e-05
10.93 -1.24703e-05
10.94 -9.88729e-06
10.95 -3.9342e-06
10.96 4.9669e-06
10.97 1.5164e-05
10.98 2.45925e-05
10.99 3.16133e-05
11 3.53537e-05
11.01 3.57558e-05
11.02 3.36767e-05
11.03 3.09683e-05
11.04 3.01769e-05
11.05 3.36799e-05
11.06 4.26287e-05
11.07 5.64509e-05
11.08 7.33377e-05
11.09 9.13465e-05
11.1 0.00010933
11.11 0.000127162
11.12 0.000145314
11.13 0.000164261
11.14 0.00018417
11.15 0.000204956
11.16 0.000226377
11.17 0.000247837
11.18 0.000268048
11.19 0.000285065
11.2 0.000296973
11.21 0.000302905
11.22 0.000303562
11.23 0.000300595
11.24 0.000295108
11.25 0.00028649
11.26 0.000272653
11.27 0.00025154
11.28 0.000222635
11.29 0.000187283
11.3 0.000147753
11.31 0.000106025
11.32 6.33549e-05
11.33 2.06964e-05
11.34 -2.08169e-05
11.35 -6.00518e-05
11.36 -9.65078e-05
11.37 -0.000130628
11.38 -0.000163396
11.39 -0.000195573
11.4 -0.000227174
11.41 -0.000257454
11.42 -0.000285224
11.43 -0.000309236
11.44 -0.000328445
11.45 -0.000342124
11.46 -0.000349862
11.47 -0.000351634
11.48 -0.000348028
11.49 -0.000340442
11.5 -0.000330952
11.51 -0.000321734
11.52 -0.000314327
11.53 -0.000309153
11.54 -0.000305553
11.55 -0.00030224
11.56 -0.000297879
11.57 -0.000291491
11.58 -0.000282511
11.59 -0.00027052
11.6 -0.000254925
11.61 -0.000234984
11.62 -0.000210283
11.63 -0.000181353
11.64 -0.000149884
11.65 -0.000118342
11.66 -8.91843e-05
11.67 -6.39935e-05
11.68 -4.28694e-05
11.69 -2.4466e-05
11.7 -6.82085e-06
11.71 1.14725e-05
11.72 3.06004e-05
11.73 4.98404e-05
11.74 6.84331e-05
11.75 8.61737e-05
11.76 0.000103345
11.77 0.000120338
11.78 0.00013745
11.79 0.000154927
11.8 0.000173034
11.81 0.000192006
11.82 0.000211923
11.83 0.000232587
11.84 0.000253516
11.85 0.000274173
11.86 0.000294291
11.87 0.000314022
11.88 0.000333705
11.89 0.000353443
11.9 0.000372892
11.91 0.000391467
11.92 0.000408731
11.93 0.000424561
11.94 0.000438991
11.95 0.000452036
11.96 0.000463791
11.97 0.000474733
11.98 0.000485772
11.99 0.000497844
12 0.00051133
12.01 0.000525806
12.02 0.000540269
12.03 0.000553593
12.04 0.000564871
12.05 0.000573559
12.06 0.000579445
12.07 0.000582478
12.08 0.000582469
12.09 0.000578839
12.1 0.00057067
12.11 0.000557121
12.12 0.00053789
12.13 0.000513357
12.14 0.000484324
12.15 0.000451762
12.16 0.000416899
12.17 0.000381385
12.18 0.000346857
12.19 0.000313907
12.2 0.000281394
12.21 0.000246959
12.22 0.000208448
12.23 0.000165152
12.24 0.000118076
12.25 6.93485e-05
12.26 2.1404e-05
12.27 -2.35126e-05
12.28 -6.35563e-05
12.29 -9.75317e-05
12.3 -0.000125195
12.31 -0.000147254
12.32 -0.000164905
12.33 -0.000179235
12.34 -0.000190889
12.35 -0.000200023
12.36 -0.000206348
12.37 -0.000209217
12.38 -0.000207939
12.39 -0.00020228
12.4 -0.000192938
12.41 -0.00018177
12.42 -0.000171625
12.43 -0.000165662
12.44 -0.000166231
12.45 -0.000173917
12.46 -0.000187427
12.47 -0.000204202
12.48 -0.000221101
12.49 -0.000234978
12.5 -0.000243463
12.51 -0.000245839
12.52 -0.00024332
12.53 -0.000238272
12.54 -0.000232855
12.55 -0.000228002
12.56 -0.000223306
12.57 -0.000217727
12.58 -0.000210464
12.59 -0.000201351
12.6 -0.000190653
12.61 -0.000178599
12.62 -0.000165088
12.63 -0.000149771
12.64 -0.000132368
12.65 -0.000112917
12.66 -9.18374e-05
12.67 -6.99277e-05
12.68 -4.82086e-05
12.69 -2.75221e-05
12.7 -8.03826e-06
12.71 1.09072e-05
12.72 3.04418e-05
12.73 5.15289e-05
12.74 7.45693e-05
12.75 9.94607e-05
12.76 0.000125949
12.77 0.000153939
12.78 0.000183548
12.79 0.00021492
12.8 0.000248039
12.81 0.000282664
12.82 0.000318324
12.83 0.000354253
12.84 0.000389345
12.85 0.000422389
12.86 0.000452613
12.87 0.000480191
12.88 0.000506244
12.89 0.000532194
12.9 0.000558859
12.91 0.000585895
12.92 0.000611894
12.93 0.000635001
12.94 0.000653684
12.95 0.000667262
12.96 0.000675905
12.97 0.000680215
12.98 0.000680743
12.99 0.000677738
13 0.000671214
13.01 0.000661181
13.02 0.000647799
13.03 0.00063125
13.04 0.000611359
13.05 0.000587307
13.06 0.000557758
13.07 0.000521474
13.08 0.00047804
13.09 0.000428215
13.1 0.0003737
13.11 0.000316505
13.12 0.000258229
13.13 0.000199549
13.14 0.000140243
13.15 7.97564e-05
13.16 1.78546e-05
13.17 -4.51693e-05
13.18 -0.000108766
13.19 -0.000172483
13.2 -0.000236049
13.21 -0.00029921
13.22 -0.000361556
13.23 -0.000422568
13.24 -0.000481785
13.25 -0.000538855
13.26 -0.00059338
13.27 -0.000644774
13.28 -0.000692347
13.29 -0.000735528
13.3 -0.000773893
13.31 -0.000806926
13.32 -0.000833851
13.33 -0.000853794
13.34 -0.00086614
13.35 -0.000870733
13.36 -0.000867782
13.37 -0.000857656
13.38 -0.000840712
13.39 -0.000817221
13.4 -0.000787386
13.41 -0.000751386
13.42 -0.000709362
13.43 -0.00066133
13.44 -0.000607083
13.45 -0.000546184
13.46 -0.000478187
13.47 -0.000403112
13.48 -0.000321868
13.49 -0.000236235
13.5 -0.000148389
13.51 -6.0278e-05
13.52 2.67921e-05
13.53 0.000112152
13.54 0.000195333
13.55 0.000275619
13.56 0.000352062
13.57 0.000423864
13.58 0.000490553
13.59 0.000551663
13.6 0.000606225
13.61 0.000652699
13.62 0.000689576
13.63 0.000716203
13.64 0.000733142
13.65 0.000741776
13.66 0.000743542
13.67 0.000739365
13.68 0.000729606
13.69 0.000714392
13.7 0.000693969
13.71 0.000668805
13.72 0.000639406
13.73 0.00060605
13.74 0.000568732
13.75 0.000527396
13.76 0.000482317
13.77 0.000434335
13.78 0.00038473
13.79 0.000334763
13.8 0.000285117
13.81 0.00023565
13.82 0.000185621
13.83 0.00013414
13.84 8.05747e-05
13.85 2.48009e-05
13.86 -3.271e-05
13.87 -9.09542e-05
13.88 -0.000148603
13.89 -0.000204297
13.9 -0.000256911
13.91 -0.000305712
13.92 -0.000350372
13.93 -0.000390951
13.94 -0.000427967
13.95 -0.00046254
13.96 -0.000496311
13.97 -0.000530981
13.98 -0.000567659
13.99 -0.000606483
14 -0.000646759
14.01 -0.000687377
14.02 -0.000727077
14.03 -0.000764425
14.04 -0.000797771
14.05 -0.000825547
14.06 -0.000846791
14.07 -0.000861424
14.08 -0.00086992
14.09 -0.000872573
14.1 -0.000868942
14.11 -0.000857951
14.12 -0.000838617
14.13 -0.000810828
14.14 -0.000775638
14.15 -0.000735066
14.16 -0.000691684
14.17 -0.000648078
14.18 -0.000606071
14.19 -0.000565899
14.2 -0.000525991
14.21 -0.00048385
14.22 -0.000437623
14.23 -0.000387221
14.24 -0.000334215
14.25 -0.00028077
14.26 -0.000228567
14.27 -0.0001785
14.28 -0.000131082
14.29 -8.68459e-05
14.3 -4.62432e-05
14.31 -9.24347e-06
14.32 2.47048e-05
14.33 5.61641e-05
14.34 8.5119e-05
14.35 0.000110856
14.36 0.000132358
14.37 0.000148859
14.38 0.000160194
14.39 0.000166832
14.4 0.000169653
14.41 0.000169672
14.42 0.000167982
14.43 0.000165872
14.44 0.000164855
14.45 0.000166357
14.46 0.000171184
14.47 0.000179242
14.48 0.000189815
14.49 0.000202161
14.5 0.000215885
14.51 0.000230925
14.52 0.000247374
14.53 0.000265412
14.54 0.000285368
14.55 0.000307764
14.56 0.000333302
14.57 0.000362818
14.58 0.000397147
14.59 0.000436838
14.6 0.000481806
14.61 0.000531132
14.62 0.000583119
14.63 0.000635511
14.64 0.000685795
14.65 0.000731474
14.66 0.000770328
14.67 0.000800673
14.68 0.000821595
14.69 0.000832985
14.7 0.000835249
14.71 0.00082883
14.72 0.000813878
14.73 0.000790317
14.74 0.000758221
14.75 0.000718226
14.76 0.000671722
14.77 0.000620717
14.78 0.000567465
14.79 0.00051397
14.8 0.000461601
14.81 0.000410939
14.82 0.000361953
14.83 0.000314383
14.84 0.000268091
14.85 0.000223129
14.86 0.000179604
14.87 0.000137566
14.88 9.71275e-05
14.89 5.87195e-05
14.9 2.31487e-05
14.91 -8.76185e-06
14.92 -3.67517e-05
14.93 -6.14164e-05
14.94 -8.39041e-05
14.95 -0.000105225
14.96 -0.000125702
14.97 -0.000144941
14.98 -0.000162267
14.99 -0.000177317
15 -0.00019039
15.01 -0.000202415
15.02 -0.000214613
15.03 -0.000228137
15.04 -0.000243948
15.05 -0.000262875
15.06 -0.000285596
15.07 -0.000312413
15.08 -0.000343003
15.09 -0.000376395
15.1 -0.000411287
15.11 -0.000446555
15.12 -0.000481646
15.13 -0.000516552
15.14 -0.000551415
15.15 -0.000586145
15.16 -0.000620374
15.17 -0.000653702
15.18 -0.000685977
15.19 -0.000717345
15.2 -0.000748024
15.21 -0.000778007
15.22 -0.000807021
15.23 -0.00083479
15.24 -0.000861304
15.25 -0.000886805
15.26 -0.000911477
15.27 -0.000935139
15.28 -0.000957238
15.29 -0.000977185
15.3 -0.000994749
15.31 -0.00101019
15.32 -0.00102407
15.33 -0.00103694
15.34 -0.00104905
15.35 -0.00106008
15.36 -0.00106909
15.37 -0.00107437
15.38 -0.00107358
15.39 -0.00106438
15.4 -0.00104522
15.41 -0.00101585
15.42 -0.000977171
15.43 -0.00093052
15.44 -0.000876962
15.45 -0.000817048
15.46 -0.000750992
15.47 -0.000678884
15.48 -0.000600689
15.49 -0.000516138
15.5 -0.000424812
15.51 -0.000326472
15.52 -0.00022145
15.53 -0.000110839
15.54 3.74857e-06
15.55 0.000120756
15.56 0.000239258
15.57 0.000359102
15.58 0.00048052
15.59 0.000603509
15.6 0.00072732
15.61 0.000850207
15.62 0.00096964
15.63 0.00108314
15.64 0.0011895
15.65 0.00128945
15.66 0.00138484
15.67 0.00147663
15.68 0.00156318
15.69 0.00164049
15.7 0.00170432
15.71 0.0017526
15.72 0.00178623
15.73 0.00180805
15.74 0.00182065
15.75 0.00182488
15.76 0.00182015
15.77 0.00180602
15.78 0.00178346
15.79 0.00175455
15.8 0.00172103
15.81 0.00168327
15.82 0.00164051
15.83 0.00159199
15.84 0.00153774
15.85 0.00147836
15.86 0.0014144
15.87 0.00134583
15.88 0.00127222
15.89 0.00119327
15.9 0.00110916
15.91 0.00102044
15.92 0.000927652
15.93 0.000830906
15.94 0.000729893
15.95 0.000624137
15.96 0.000513305
15.97 0.00039736
15.98 0.00027652
15.99 0.000151127
16 2.16028e-05
16.01 -0.000111493
16.02 -0.000247508
16.03 -0.000385939
16.04 -0.000526605
16.05 -0.000669339
16.06 -0.000813147
16.07 -0.000955346
16.08 -0.00109165
16.09 -0.00121771
16.1 -0.00133147
16.11 -0.00143445
16.12 -0.00153024
16.13 -0.00162118
16.14 -0.00170617
16.15 -0.00178128
16.16 -0.00184245
16.17 -0.00188801
16.18 -0.00191976
16.19 -0.00194209
16.2 -0.00195932
16.21 -0.00197309
16.22 -0.00198243
16.23 -0.00198625
16.24 -0.00198548
16.25 -0.0019825
16.26 -0.00197871
16.27 -0.00197286
16.28 -0.00196169
16.29 -0.00194185
16.3 -0.00191185
16.31 -0.00187255
16.32 -0.00182637
16.33 -0.00177594
16.34 -0.00172321
16.35 -0.00166928
16.36 -0.00161462
16.37 -0.00155923
16.38 -0.00150242
16.39 -0.00144267
16.4 -0.00137801
16.41 -0.00130669
16.42 -0.00122784
16.43 -0.00114168
16.44 -0.00104906
16.45 -0.000950952
16.46 -0.000848229
16.47 -0.000741658
16.48 -0.00063194
16.49 -0.00051952
16.5 -0.000404401
16.51 -0.000286187
16.52 -0.000164339
16.53 -3.84108e-05
16.54 9.18337e-05
16.55 0.000226401
16.56 0.000365128
16.57 0.000507719
16.58 0.000653545
16.59 0.000801108
16.6 0.00094745
16.61 0.00108827
16.62 0.00121941
16.63 0.0013393
16.64 0.00145029
16.65 0.00155693
16.66 0.00166183
16.67 0.00176279
16.68 0.00185364
16.69 0.00192779
16.7 0.00198152
16.71 0.00201519
16.72 0.00203224
16.73 0.00203676
16.74 0.00203127
16.75 0.00201669
16.76 0.00199429
16.77 0.00196711
16.78 0.00193885
16.79 0.00191155
16.8 0.00188438
16.81 0.00185455
16.82 0.00181933
16.83 0.00177745
16.84 0.00172918
16.85 0.0016755
16.86 0.00161728
16.87 0.00155507
16.88 0.0014896
16.89 0.00142223
16.9 0.00135479
16.91 0.00128876
16.92 0.0012246
16.93 0.00116162
16.94 0.00109846
16.95 0.00103375
16.96 0.000966556
16.97 0.000896483
16.98 0.00082352
16.99 0.000747873
17 0.000669951
17.01 0.000590496
17.02 0.000510641
17.03 0.000431723
17.04 0.000354894
17.05 0.0002808
17.06 0.000209479
17.07 0.000140452
17.08 7.28525e-05
17.09 5.58665e-06
17.1 -6.244e-05
17.11 -0.000132028
17.12 -0.000203431
17.13 -0.000276221
17.14 -0.00034927
17.15 -0.000420873
17.16 -0.000489084
17.17 -0.000552258
17.18 -0.000609585
17.19 -0.000661367
17.2 -0.000708931
17.21 -0.000754192
17.22 -0.000799028
17.23 -0.000844708
17.24 -0.000891612
17.25 -0.000939348
17.26 -0.00098714
17.27 -0.00103421
17.28 -0.00107998
17.29 -0.00112389
17.3 -0.00116529
17.31 -0.00120336
17.32 -0.0012374
17.33 -0.00126721
17.34 -0.00129307
17.35 -0.00131557
17.36 -0.00133515
17.37 -0.00135199
17.38 -0.00136612
17.39 -0.00137759
17.4 -0.0013866
17.41 -0.00139333
17.42 -0.00139785
17.43 -0.0014002
17.44 -0.00140052
17.45 -0.00139908
17.46 -0.00139616
17.47 -0.00139191
17.48 -0.00138621
17.49 -0.00137879
17.5 -0.00136937
17.51 -0.00135783
17.52 -0.00134417
17.53 -0.00132846
17.54 -0.00131074
17.55 -0.00129084
17.56 -0.00126835
17.57 -0.00124271
17.58 -0.00121343
17.59 -0.00118032
17.6 -0.00114342
17.61 -0.00110291
17.62 -0.00105899
17.63 -0.00101198
17.64 -0.00096239
17.65 -0.000910819
17.66 -0.000857752
17.67 -0.000803358
17.68 -0.000747412
17.69 -0.000689315
17.7 -0.000628246
17.71 -0.00056343
17.72 -0.000494438
17.73 -0.00042132
17.74 -0.000344451
17.75 -0.000264217
17.76 -0.000180784
17.77 -9.40853e-05
17.78 -3.98055e-06
17.79 8.95549e-05
17.8 0.00018636
17.81 0.0002862
17.82 0.000388919
17.83 0.000494355
17.84 0.000601903
17.85 0.000710054
17.86 0.000816366
17.87 0.000918086
17.88 0.00101313
17.89 0.0011008
17.9 0.00118178
17.91 0.00125728
17.92 0.00132799
17.93 0.00139346
17.94 0.00145227
17.95 0.00150288
17.96 0.00154443
17.97 0.00157713
17.98 0.00160178
17.99 0.00161905
18 0.00162919
18.01 0.00163237
18.02 0.0016293
18.03 0.00162156
18.04 0.00161102
18.05 0.00159886
18.06 0.00158498
18.07 0.00156819
18.08 0.0015471
18.09 0.00152095
18.1 0.00148987
18.11 0.00145463
18.12 0.00141615
18.13 0.00137527
18.14 0.00133268
18.15 0.00128892
18.16 0.0012442
18.17 0.00119825
18.18 0.00115043
18.19 0.00110011
18.2 0.00104695
18.21 0.00099099
18.22 0.000932326
18.23 0.000870926
18.24 0.000806647
18.25 0.000739498
18.26 0.000669805
18.27 0.000598152
18.28 0.000525206
18.29 0.000451648
18.3 0.000378273
18.31 0.000306063
18.32 0.000235991
18.33 0.000168641
18.34 0.000103961
18.35 4.1348e-05
18.36 -1.99612e-05
18.37 -8.04593e-05
18.38 -0.000140126
18.39 -0.000198468
18.4 -0.000254717
18.41 -0.000307983
18.42 -0.0003573
18.43 -0.000401641
18.44 -0.000440043
18.45 -0.000471868
18.46 -0.000497043
18.47 -0.00051609
18.48 -0.000529879
18.49 -0.00053927
18.5 -0.000544886
18.51 -0.000547135
18.52 -0.000546358
18.53 -0.000542957
18.54 -0.000537347
18.55 -0.000529764
18.56 -0.000520099
18.57 -0.000508
18.58 -0.000493265
18.59 -0.000476212
18.6 -0.000457714
18.61 -0.000438838
18.62 -0.000420377
18.63 -0.000402601
18.64 -0.000385342
18.65 -0.000368258
18.66 -0.000351025
18.67 -0.000333358
18.68 -0.000314873
18.69 -0.000295004
18.7 -0.000273149
18.71 -0.000248993
18.72 -0.000222731
18.73 -0.000194996
18.74 -0.000166528
18.75 -0.000137846
18.76 -0.000109159
18.77 -8.05646e-05
18.78 -5.23274e-05
18.79 -2.49432e-05
18.8 1.14627e-06
18.81 2.59115e-05
18.82 4.97727e-05
18.83 7.32602e-05
18.84 9.66393e-05
18.85 0.000119848
18.86 0.000142734
18.87 0.00016527
18.88 0.000187493
18.89 0.000209298
18.9 0.000230355
18.91 0.000250219
18.92 0.000268459
18.93 0.000284669
18.94 0.00029843
18.95 0.000309293
18.96 0.000316806
18.97 0.000320552
18.98 0.000320201
18.99 0.00031554
19 0.000306464
19.01 0.000292885
19.02 0.000274673
19.03 0.000251706
19.04 0.000223985
19.05 0.000191715
19.06 0.0001553
19.07 0.000115276
19.08 7.22038e-05
19.09 2.65105e-05
19.1 -2.16362e-05
19.11 -7.23139e-05
19.12 -0.000125723
19.13 -0.000182037
19.14 -0.000241256
19.15 -0.000303088
19.16 -0.000366854
19.17 -0.000431444
19.18 -0.000495404
19.19 -0.000557166
19.2 -0.000615347
19.21 -0.000669025
19.22 -0.000717861
19.23 -0.000761982
19.24 -0.000801713
19.25 -0.00083739
19.26 -0.00086933
19.27 -0.000897774
19.28 -0.000922677
19.29 -0.000943511
19.3 -0.000959343
19.31 -0.000969192
19.32 -0.000972423
19.33 -0.000968896
19.34 -0.000958858
19.35 -0.000942717
19.36 -0.000920903
19.37 -0.000893865
19.38 -0.000862043
19.39 -0.000825796
19.4 -0.000785356
19.41 -0.00074092
19.42 -0.000692784
19.43 -0.00064134
19.44 -0.000586937
19.45 -0.000529766
19.46 -0.000469914
19.47 -0.000407522
19.48 -0.000342932
19.49 -0.000276671
19.5 -0.00020924
19.51 -0.000140894
19.52 -7.1611e-05
19.53 -1.29451e-06
19.54 6.9965e-05
19.55 0.000141789
19.56 0.000213616
19.57 0.000284823
19.58 0.000354738
19.59 0.000422578
19.6 0.000487429
19.61 0.000548347
19.62 0.000604549
19.63 0.000655595
19.64 0.00070145
19.65 0.000742405
19.66 0.00077887
19.67 0.000811059
19.68 0.000838761
19.69 0.000861464
19.7 0.00087878
19.71 0.000890869
19.72 0.000898535
19.73 0.000902939
19.74 0.000905107
19.75 0.000905587
19.76 0.000904427
19.77 0.000901394
19.78 0.000896163
19.79 0.00088835
19.8 0.000877444
19.81 0.000862879
19.82 0.000844337
19.83 0.000822066
19.84 0.00079691
19.85 0.000769949
19.86 0.00074198
19.87 0.000713176
19.88 0.000683161
19.89 0.00065139
19.9 0.00061752
19.91 0.000581529
19.92 0.00054355
19.93 0.000503644
19.94 0.00046177
19.95 0.000417982
19.96 0.000372614
19.97 0.000326281
19.98 0.000279675
19.99 0.000233324
20 0.000187491
20.01 0.000142259
20.02 9.76779e-05
20.03 5.37943e-05
20.04 1.05675e-05
20.05 -3.21467e-05
20.06 -7.4473e-05
20.07 -0.000116366
20.08 -0.000157567
20.09 -0.000197712
20.1 -0.000236525
20.11 -0.000273988
20.12 -0.000310332
20.13 -0.00034587
20.14 -0.00038078
20.15 -0.000414985
20.16 -0.000448183
20.17 -0.000480026
20.18 -0.000510283
20.19 -0.000538855
20.2 -0.000565648
20.21 -0.000590466
20.22 -0.000613002
20.23 -0.000632889
20.24 -0.000649764
20.25 -0.000663313
20.26 -0.000673334
20.27 -0.000679853
20.28 -0.000683175
20.29 -0.000683711
20.3 -0.000681697
20.31 -0.000677088
20.32 -0.00066977
20.33 -0.000659835
20.34 -0.000647603
20.35 -0.000633407
20.36 -0.000617364
20.37 -0.000599322
20.38 -0.000578983
20.39 -0.000556103
20.4 -0.000530648
20.41 -0.000502817
20.42 -0.00047291
20.43 -0.000441077
20.44 -0.000407182
20.45 -0.000370944
20.46 -0.000332261
20.47 -0.000291358
20.48 -0.000248618
20.49 -0.000204322
20.5 -0.000158593
20.51 -0.000111576
20.52 -6.35887e-05
20.53 -1.50653e-05
20.54 3.36449e-05
20.55 8.2384e-05
20.56 0.000131057
20.57 0.000179386
20.58 0.000226816
20.59 0.000272694
20.6 0.000316542
20.61 0.000358164
20.62 0.000397563
20.63 0.000434791
20.64 0.000469889
20.65 0.000502838
20.66 0.000533457
20.67 0.000561361
20.68 0.000586151
20.69 0.000607724
20.7 0.000626427
20.71 0.000642837
20.72 0.000657328
20.73 0.000669769
20.74 0.000679632
20.75 0.000686405
20.76 0.000690012
20.77 0.000690899
20.78 0.000689735
20.79 0.000686984
20.8 0.00068268
20.81 0.00067652
20.82 0.000668144
20.83 0.000657357
20.84 0.000644191
20.85 0.000628797
20.86 0.000611288
20.87 0.000591662
20.88 0.000569884
20.89 0.000546008
20.9 0.000520213
20.91 0.000492707
20.92 0.000463649
20.93 0.000433152
20.94 0.000401338
20.95 0.000368324
20.96 0.000334105
20.97 0.000298476
20.98 0.00026113
20.99 0.000221857
21 0.000180638
21.01 0.000137593
21.02 9.28807e-05
21.03 4.66509e-05
21.04 -8.97697e-07
21.05 -4.94412e-05
21.06 -9.85512e-05
21.07 -0.00014779
21.08 -0.000196764
21.09 -0.000245115
21.1 -0.000292543
21.11 -0.000338847
21.12 -0.000383954
21.13 -0.000427908
21.14 -0.000470788
21.15 -0.000512601
21.16 -0.000553245
21.17 -0.000592586
21.18 -0.000630585
21.19 -0.000667349
21.2 -0.000703053
21.21 -0.000737816
21.22 -0.000771619
21.23 -0.000804262
21.24 -0.000835332
21.25 -0.000864163
21.26 -0.000889926
21.27 -0.000911869
21.28 -0.000929568
21.29 -0.000942937
21.3 -0.000952025
21.31 -0.000956757
21.32 -0.000956828
21.33 -0.000951829
21.34 -0.000941513
21.35 -0.000925999
21.36 -0.000905789
21.37 -0.000881655
21.38 -0.00085445
21.39 -0.000824929
21.4 -0.0007936
21.41 -0.000760679
21.42 -0.00072619
21.43 -0.000690083
21.44 -0.000652258
21.45 -0.00061251
21.46 -0.000570552
21.47 -0.000526192
21.48 -0.00047957
21.49 -0.000431248
21.5 -0.000382045
21.51 -0.000332697
21.52 -0.000283604
21.53 -0.000234854
21.54 -0.000186431
21.55 -0.000138373
21.56 -9.07615e-05
21.57 -4.36553e-05
21.58 2.92742e-06
21.59 4.89548e-05
21.6 9.42936e-05
21.61 0.000138653
21.62 0.000181605
21.63 0.000222663
21.64 0.000261359
21.65 0.000297319
21.66 0.000330314
21.67 0.000360286
21.68 0.000387342
21.69 0.000411756
21.7 0.000433967
21.71 0.000454484
21.72 0.000473692
21.73 0.000491667
21.74 0.000508151
21.75 0.000522733
21.76 0.000535088
21.77 0.000545125
21.78 0.000552971
21.79 0.000558826
21.8 0.00056286
21.81 0.000565204
21.82 0.000566021
21.83 0.000565556
21.84 0.000564153
21.85 0.00056216
21.86 0.000559756
21.87 0.000556842
21.88 0.000553158
21.89 0.000548534
21.9 0.000543038
21.91 0.000536868
21.92 0.000530115
21.93 0.000522623
21.94 0.000514085
21.95 0.000504295
21.96 0.000493345
21.97 0.000481547
21.98 0.000469162
21.99 0.000456152
22 0.000442171
22.01 0.000426786
22.02 0.000409739
22.03 0.000391046
22.04 0.000370865
22.05 0.00034929
22.06 0.000326244
22.07 0.000301548
22.08 0.000275072
22.09 0.000246858
22.1 0.000217092
22.11 0.00018595
22.12 0.000153424
22.13 0.000119251
22.14 8.29617e-05
22.15 4.40626e-05
22.16 2.25646e-06
22.17 -4.24635e-05
22.18 -8.98916e-05
22.19 -0.000139753
22.2 -0.000191787
22.21 -0.000245712
22.22 -0.000301089
22.23 -0.000357181
22.24 -0.000412986
22.25 -0.000467478
22.26 -0.000519904
22.27 -0.000569882
22.28 -0.000617263
22.29 -0.00066191
22.3 -0.000703573
22.31 -0.000741914
22.32 -0.000776583
22.33 -0.000807291
22.34 -0.000833828
22.35 -0.000856054
22.36 -0.000873893
22.37 -0.000887344
22.38 -0.000896525
22.39 -0.000901671
22.4 -0.000903057
22.41 -0.000900883
22.42 -0.000895227
22.43 -0.00088611
22.44 -0.000873591
22.45 -0.000857762
22.46 -0.000838651
22.47 -0.000816187
22.48 -0.00079031
22.49 -0.000761075
22.5 -0.000728668
22.51 -0.000693333
22.52 -0.000655258
22.53 -0.000614516
22.54 -0.000571067
22.55 -0.000524864
22.56 -0.000475996
22.57 -0.000424784
22.58 -0.000371685
22.59 -0.000317094
22.6 -0.000261251
22.61 -0.000204362
22.62 -0.000146801
22.63 -8.91386e-05
22.64 -3.19539e-05
22.65 2.43575e-05
22.66 7.95837e-05
22.67 0.000133505
22.68 0.000185694
22.69 0.000235514
22.7 0.000282315
22.71 0.000325662
22.72 0.000365419
22.73 0.000401664
22.74 0.000434564
22.75 0.000464296
22.76 0.000491029
22.77 0.000514952
22.78 0.000536322
22.79 0.000555423
22.8 0.000572473
22.81 0.000587537
22.82 0.000600553
22.83 0.000611459
22.84 0.000620305
22.85 0.000627205
22.86 0.000632127
22.87 0.000634769
22.88 0.000634731
22.89 0.000631855
22.9 0.000626436
22.91 0.000619114
22.92 0.000610548
22.93 0.0006011
22.94 0.000590757
22.95 0.00057929
22.96 0.000566518
22.97 0.000552457
22.98 0.000537289
22.99 0.000521174
23 0.000504096
23.01 0.000485882
23.02 0.000466389
23.03 0.000445661
23.04 0.000423887
23.05 0.000401152
23.06 0.00037721
23.07 0.000351505
23.08 0.000323472
23.09 0.000292891
23.1 0.000260026
23.11 0.00022542
23.12 0.000189572
23.13 0.000152777
23.14 0.000115184
23.15 7.69382e-05
23.16 3.8269e-05
23.17 -5.09029e-07
23.18 -3.90355e-05
23.19 -7.6885e-05
23.2 -0.000113505
23.21 -0.000148231
23.22 -0.000180447
23.23 -0.000209754
23.24 -0.000235993
23.25 -0.000259091
23.26 -0.000278934
23.27 -0.000295378
23.28 -0.000308366
23.29 -0.000318017
23.3 -0.000324606
23.31 -0.000328455
23.32 -0.000329764
23.33 -0.000328523
23.34 -0.000324613
23.35 -0.000318013
23.36 -0.000308954
23.37 -0.000297881
23.38 -0.000285338
23.39 -0.000271875
23.4 -0.000257994
23.41 -0.000244095
23.42 -0.000230433
23.43 -0.000217104
23.44 -0.000204112
23.45 -0.000191483
23.46 -0.00017929
23.47 -0.000167574
23.48 -0.000156306
23.49 -0.000145481
23.5 -0.000135207
23.51 -0.000125684
23.52 -0.000117154
23.53 -0.000109897
23.54 -0.000104182
23.55 -0.000100108
23.56 -9.74682e-05
23.57 -9.57829e-05
23.58 -9.44714e-05
23.59 -9.30316e-05
23.6 -9.11005e-05
23.61 -8.83638e-05
23.62 -8.4407e-05
23.63 -7.86939e-05
23.64 -7.07706e-05
23.65 -6.05463e-05
23.66 -4.83761e-05
23.67 -3.48296e-05
23.68 -2.03085e-05
23.69 -4.81412e-06
23.7 1.19394e-05
23.71 3.01726e-05
23.72 4.97818e-05
23.73 7.03787e-05
23.74 9.15129e-05
23.75 0.000112838
23.76 0.000134122
23.77 0.000155176
23.78 0.000175815
23.79 0.000195874
23.8 0.00021523
23.81 0.000233794
23.82 0.000251463
23.83 0.000268051
23.84 0.000283285
23.85 0.000296893
23.86 0.000308717
23.87 0.000318674
23.88 0.00032658
23.89 0.000332044
23.9 0.000334545
23.91 0.000333594
23.92 0.000328856
23.93 0.000320212
23.94 0.000307767
23.95 0.000291815
23.96 0.000272791
23.97 0.000251198
23.98 0.000227489
23.99 0.000201984
24 0.000174864
24.01 0.000146218
24.02 0.000116097
24.03 8.4571e-05
24.04 5.17735e-05
24.05 1.78696e-05
24.06 -1.69933e-05
24.07 -5.26398e-05
24.08 -8.87335e-05
24.09 -0.000124714
24.1 -0.00015992
24.11 -0.000193813
24.12 -0.000226109
24.13 -0.000256772
24.14 -0.000285888
24.15 -0.000313521
24.16 -0.000339624
24.17 -0.000364062
24.18 -0.000386672
24.19 -0.00040734
24.2 -0.000426073
24.21 -0.000443031
24.22 -0.000458487
24.23 -0.000472705
24.24 -0.00048586
24.25 -0.000497998
24.26 -0.000509036
24.27 -0.00051878
24.28 -0.00052699
24.29 -0.000533439
24.3 -0.000537957
24.31 -0.000540438
24.32 -0.000540817
24.33 -0.000539034
24.34 -0.00053499
24.35 -0.000528563
24.36 -0.000519648
24.37 -0.000508146
24.38 -0.000493896
24.39 -0.000476693
24.4 -0.000456423
24.41 -0.000433201
24.42 -0.00040738
24.43 -0.00037943
24.44 -0.000349742
24.45 -0.000318484
24.46 -0.000285634
24.47 -0.000251196
24.48 -0.00021538
24.49 -0.000178572
24.5 -0.000141132
24.51 -0.00010321
24.52 -6.47336e-05
24.53 -2.55332e-05
24.54 1.45374e-05
24.55 5.55948e-05
24.56 9.77875e-05
24.57 0.000141291
24.58 0.0001862
24.59 0.000232439
24.6 0.000279779
24.61 0.000327928
24.62 0.000376597
24.63 0.000425497
24.64 0.000474331
24.65 0.000522809
24.66 0.000570692
24.67 0.000617818
24.68 0.000664071
24.69 0.00070931
24.7 0.000753344
24.71 0.000795945
24.72 0.000836875
24.73 0.000875865
24.74 0.000912592
24.75 0.000946673
24.76 0.000977725
24.77 0.00100545
24.78 0.00102968
24.79 0.0010503
24.8 0.00106727
24.81 0.0010806
24.82 0.00109038
24.83 0.0010967
24.84 0.00109959
24.85 0.00109898
24.86 0.00109473
24.87 0.00108676
24.88 0.00107514
24.89 0.00106013
24.9 0.0010421
24.91 0.00102139
24.92 0.000998211
24.93 0.000972532
24.94 0.000944184
24.95 0.000913014
24.96 0.000879067
24.97 0.000842606
24.98 0.000803935
24.99 0.000763156
25 0.000720131
25.01 0.000674656
25.02 0.00062666
25.03 0.000576263
25.04 0.000523705
25.05 0.000469198
25.06 0.000412805
25.07 0.000354425
25.08 0.000293918
25.09 0.000231271
25.1 0.00016664
25.11 0.000100197
25.12 3.19226e-05
25.13 -3.84043e-05
25.14 -0.00011101
25.15 -0.000185884
25.16 -0.000262676
25.17 -0.00034077
25.18 -0.000419464
25.19 -0.000498077
25.2 -0.000575901
25.21 -0.000652089
25.22 -0.00072567
25.23 -0.00079573
25.24 -0.00086159
25.25 -0.000922852
25.26 -0.000979289
25.27 -0.00103066
25.28 -0.00107661
25.29 -0.00111675
25.3 -0.00115075
25.31 -0.00117856
25.32 -0.00120044
25.33 -0.00121688
25.34 -0.00122842
25.35 -0.00123545
25.36 -0.00123812
25.37 -0.00123632
25.38 -0.00122984
25.39 -0.00121855
25.4 -0.00120247
25.41 -0.0011818
25.42 -0.00115686
25.43 -0.00112801
25.44 -0.00109568
25.45 -0.00106036
25.46 -0.00102248
25.47 -0.000982426
25.48 -0.000940412
25.49 -0.000896479
25.5 -0.000850499
25.51 -0.000802232
25.52 -0.000751429
25.53 -0.000697971
25.54 -0.000641986
25.55 -0.000583795
25.56 -0.000523651
25.57 -0.000461549
25.58 -0.000397352
25.59 -0.000331118
25.6 -0.000263281
25.61 -0.000194473
25.62 -0.000125182
25.63 -5.55652e-05
25.64 1.44383e-05
25.65 8.48582e-05
25.66 0.000155522
25.67 0.000226029
25.68 0.000295809
25.69 0.000364194
25.7 0.000430447
25.71 0.000493791
25.72 0.000553453
25.73 0.000608778
25.74 0.000659364
25.75 0.000705153
25.76 0.000746393
25.77 0.000783442
25.78 0.000816548
25.79 0.000845742
25.8 0.00087088
25.81 0.000891776
25.82 0.000908345
25.83 0.000920626
25.84 0.000928687
25.85 0.000932537
25.86 0.000932182
25.87 0.000927746
25.88 0.000919465
25.89 0.000907567
25.9 0.000892183
25.91 0.000873367
25.92 0.000851163
25.93 0.000825628
25.94 0.000796843
25.95 0.000764912
25.96 0.000729964
25.97 0.000692174
25.98 0.000651786
25.99 0.00060913
26 0.000564592
26.01 0.000518512
26.02 0.00047106
26.03 0.000422201
26.04 0.000371815
26.05 0.00031987
26.06 0.000266484
26.07 0.000211819
26.08 0.000155946
26.09 9.88274e-05
26.1 4.0413e-05
26.11 -1.92101e-05
26.12 -7.96893e-05
26.13 -0.000140424
26.14 -0.000200765
26.15 -0.000260208
26.16 -0.000318396
26.17 -0.000375017
26.18 -0.000429741
26.19 -0.000482237
26.2 -0.000532225
26.21 -0.000579511
26.22 -0.000623989
26.23 -0.000665604
26.24 -0.000704294
26.25 -0.000739923
26.26 -0.000772237
26.27 -0.000800902
26.28 -0.000825636
26.29 -0.000846346
26.3 -0.000863113
26.31 -0.000876031
26.32 -0.000885078
26.33 -0.00089019
26.34 -0.00089143
26.35 -0.000889012
26.36 -0.00088316
26.37 -0.000873951
26.38 -0.0008613
26.39 -0.000845092
26.4 -0.000825315
26.41 -0.000802106
26.42 -0.000775682
26.43 -0.000746239
26.44 -0.000713882
26.45 -0.000678646
26.46 -0.000640633
26.47 -0.000600121
26.48 -0.000557513
26.49 -0.000513184
26.5 -0.000467349
26.51 -0.000420026
26.52 -0.000371103
26.53 -0.000320483
26.54 -0.000268239
26.55 -0.000214649
26.56 -0.000160031
26.57 -0.000104565
26.58 -4.82869e-05
26.59 8.7399e-06
26.6 6.62897e-05
26.61 0.000123966
26.62 0.000181312
26.63 0.000237983
26.64 0.000293821
26.65 0.000348746
26.66 0.000402556
26.67 0.000454909
26.68 0.000505526
26.69 0.000554404
26.7 0.000601806
26.71 0.000648006
26.72 0.000693039
26.73 0.000736639
26.74 0.000778382
26.75 0.000817896
26.76 0.000855009
26.77 0.000889717
26.78 0.00092202
26.79 0.000951784
26.8 0.00097881
26.81 0.00100299
26.82 0.00102439
26.83 0.0010431
26.84 0.00105908
26.85 0.00107215
26.86 0.00108206
26.87 0.00108864
26.88 0.00109175
26.89 0.00109123
26.9 0.00108688
26.91 0.00107852
26.92 0.00106615
26.93 0.00104986
26.94 0.00102975
26.95 0.00100584
26.96 0.000978147
26.97 0.000946762
26.98 0.000911887
26.99 0.000873869
27 0.000833135
27.01 0.000790063
27.02 0.000744887
27.03 0.000697698
27.04 0.000648561
27.05 0.000597636
27.06 0.000545217
27.07 0.000491656
27.08 0.000437237
27.09 0.000382083
27.1 0.000326202
27.11 0.00026958
27.12 0.000212241
27.13 0.000154216
27.14 9.5512e-05
27.15 3.61234e-05
27.16 -2.39165e-05
27.17 -8.44804e-05
27.18 -0.000145345
27.19 -0.00020622
27.2 -0.000266742
27.21 -0.000326431
27.22 -0.000384698
27.23 -0.000440928
27.24 -0.00049458
27.25 -0.000545244
27.26 -0.000592672
27.27 -0.000636811
27.28 -0.000677768
27.29 -0.000715672
27.3 -0.000750528
27.31 -0.000782205
27.32 -0.00081056
27.33 -0.000835543
27.34 -0.000857188
27.35 -0.00087556
27.36 -0.000890746
27.37 -0.000902931
27.38 -0.000912407
27.39 -0.000919471
27.4 -0.000924325
27.41 -0.000927066
27.42 -0.000927708
27.43 -0.000926222
27.44 -0.000922607
27.45 -0.000916948
27.46 -0.000909406
27.47 -0.000900143
27.48 -0.000889266
27.49 -0.000876818
27.5 -0.000862863
27.51 -0.000847566
27.52 -0.000831147
27.53 -0.000813755
27.54 -0.000795386
27.55 -0.000775933
27.56 -0.000755272
27.57 -0.000733261
27.58 -0.000709694
27.59 -0.000684283
27.6 -0.000656756
27.61 -0.000627014
27.62 -0.000595237
27.63 -0.000561796
27.64 -0.000527013
27.65 -0.000490986
27.66 -0.000453612
27.67 -0.000414737
27.68 -0.000374244
27.69 -0.000332018
27.7 -0.000287895
27.71 -0.000241685
27.72 -0.000193258
27.73 -0.00014262
27.74 -8.99286e-05
27.75 -3.54432e-05
27.76 2.054e-05
27.77 7.77126e-05
27.78 0.000135758
27.79 0.000194371
27.8 0.000253277
27.81 0.000312198
27.82 0.000370753
27.83 0.000428381
27.84 0.000484399
27.85 0.000538176
27.86 0.000589296
27.87 0.000637573
27.88 0.000682902
27.89 0.000725109
27.9 0.00076395
27.91 0.000799224
27.92 0.000830882
27.93 0.000859058
27.94 0.00088404
27.95 0.000906163
27.96 0.000925698
27.97 0.000942806
27.98 0.000957554
27.99 0.000969936
28 0.000979865
28.01 0.000987164
28.02 0.000991611
28.03 0.000993077
28.04 0.000991648
28.05 0.00098763
28.06 0.000981383
28.07 0.000973112
28.08 0.000962765
28.09 0.000950089
28.1 0.000934753
28.11 0.000916384
28.12 0.00089455
28.13 0.00086877
28.14 0.000838621
28.15 0.000803872
28.16 0.000764572
28.17 0.000720983
28.18 0.000673447
28.19 0.000622289
28.2 0.000567774
28.21 0.000510066
28.22 0.000449221
28.23 0.000385289
28.24 0.000318463
28.25 0.000249139
28.26 0.000177851
28.27 0.000105147
28.28 3.151e-05
28.29 -4.25942e-05
28.3 -0.000116639
28.31 -0.00019007
28.32 -0.000262429
28.33 -0.000333417
28.34 -0.000402794
28.35 -0.000470209
28.36 -0.000535046
28.37 -0.000596447
28.38 -0.000653543
28.39 -0.000705786
28.4 -0.000753115
28.41 -0.000795775
28.42 -0.000833981
28.43 -0.000867717
28.44 -0.000896822
28.45 -0.000921181
28.46 -0.000940859
28.47 -0.000956127
28.48 -0.000967413
28.49 -0.000975182
28.5 -0.000979886
28.51 -0.000982001
28.52 -0.000982009
28.53 -0.000980231
28.54 -0.000976662
28.55 -0.00097102
28.56 -0.000962961
28.57 -0.000952265
28.58 -0.000938876
28.59 -0.000922845
28.6 -0.000904313
28.61 -0.000883491
28.62 -0.000860621
28.63 -0.00083591
28.64 -0.000809497
28.65 -0.000781471
28.66 -0.000751883
28.67 -0.000720761
28.68 -0.000688102
28.69 -0.000653881
28.7 -0.000618088
28.71 -0.000580755
28.72 -0.00054197
28.73 -0.000501871
28.74 -0.000460616
28.75 -0.00041838
28.76 -0.000375337
28.77 -0.000331651
28.78 -0.000287468
28.79 -0.000242894
28.8 -0.000198
28.81 -0.000152843
28.82 -0.000107531
28.83 -6.2299e-05
28.84 -1.74898e-05
28.85 2.65836e-05
28.86 6.97647e-05
28.87 0.000112008
28.88 0.000153202
28.89 0.00019305
28.9 0.000231117
28.91 0.000267004
28.92 0.000300475
28.93 0.000331474
28.94 0.000360069
28.95 0.000386417
28.96 0.000410727
28.97 0.000433214
28.98 0.000454041
28.99 0.000473287
29 0.000490941
29.01 0.000506955
29.02 0.000521319
29.03 0.000534072
29.04 0.000545257
29.05 0.000554882
29.06 0.000562923
29.07 0.000569349
29.08 0.000574144
29.09 0.000577317
29.1 0.000578905
29.11 0.000578961
29.12 0.000577513
29.13 0.000574518
29.14 0.000569819
29.15 0.000563164
29.16 0.000554346
29.17 0.000543393
29.18 0.0005306
29.19 0.000516342
29.2 0.00050084
29.21 0.0004841
29.22 0.000466069
29.23 0.000446871
29.24 0.000426829
29.25 0.000406217
29.26 0.000384991
29.27 0.000362804
29.28 0.000339271
29.29 0.000314207
29.3 0.000287625
29.31 0.000259555
29.32 0.00022994
29.33 0.00019871
29.34 0.000165907
29.35 0.000131661
29.36 9.61212e-05
29.37 5.94544e-05
29.38 2.18796e-05
29.39 -1.63675e-05
29.4 -5.50574e-05
29.41 -9.39523e-05
29.42 -0.00013284
29.43 -0.000171608
29.44 -0.000210233
29.45 -0.000248639
29.46 -0.000286571
29.47 -0.000323639
29.48 -0.000359491
29.49 -0.000393932
29.5 -0.00042686
29.51 -0.000458155
29.52 -0.000487637
29.53 -0.000515146
29.54 -0.000540665
29.55 -0.000564365
29.56 -0.000586556
29.57 -0.000607541
29.58 -0.00062746
29.59 -0.000646276
29.6 -0.000663894
29.61 -0.000680261
29.62 -0.000695353
29.63 -0.000709112
29.64 -0.000721407
29.65 -0.000732042
29.66 -0.000740816
29.67 -0.000747615
29.68 -0.000752437
29.69 -0.000755307
29.7 -0.000756185
29.71 -0.000754998
29.72 -0.000751728
29.73 -0.000746459
29.74 -0.000739363
29.75 -0.000730665
29.76 -0.000720588
29.77 -0.000709297
29.78 -0.000696889
29.79 -0.000683445
29.8 -0.000669068
29.81 -0.000653889
29.82 -0.000638078
29.83 -0.000621867
29.84 -0.000605496
29.85 -0.00058908
29.86 -0.000572545
29.87 -0.000555728
29.88 -0.00053852
29.89 -0.000520886
29.9 -0.000502757
29.91 -0.000483926
29.92 -0.000464042
29.93 -0.000442756
29.94 -0.000419896
29.95 -0.00039554
29.96 -0.000369915
29.97 -0.000343179
29.98 -0.000315281
29.99 -0.000286029
30 -0.000255288
30.01 -0.000223077
30.02 -0.000189461
30.03 -0.000154402
30.04 -0.000117734
30.05 -7.9305e-05
30.06 -3.91369e-05
30.07 2.5318e-06
30.08 4.53606e-05
30.09 8.90774e-05
30.1 0.000133561
30.11 0.000178796
30.12 0.000224778
30.13 0.000271442
30.14 0.00031864
30.15 0.000366162
30.16 0.000413774
30.17 0.000461262
30.18 0.000508464
30.19 0.00055529
30.2 0.000601645
30.21 0.000647319
30.22 0.00069198
30.23 0.000735272
30.24 0.000776921
30.25 0.00081677
30.26 0.000854678
30.27 0.000890409
30.28 0.00092362
30.29 0.000953966
30.3 0.000981204
30.31 0.0010052
30.32 0.00102582
30.33 0.00104294
30.34 0.00105643
30.35 0.00106635
30.36 0.00107292
30.37 0.00107653
30.38 0.00107754
30.39 0.00107625
30.4 0.0010728
30.41 0.00106723
30.42 0.00105954
30.43 0.00104974
30.44 0.00103798
30.45 0.00102444
30.46 0.00100926
30.47 0.000992504
30.48 0.000974186
30.49 0.000954302
30.5 0.000932872
30.51 0.000909947
30.52 0.000885583
30.53 0.000859807
30.54 0.000832592
30.55 0.000803845
30.56 0.000773442
30.57 0.000741295
30.58 0.000707447
30.59 0.000672091
30.6 0.000635466
30.61 0.000597724
30.62 0.000558882
30.63 0.000518903
30.64 0.000477793
30.65 0.000435607
30.66 0.000392349
30.67 0.000347915
30.68 0.000302174
30.69 0.000255089
30.7 0.000206721
30.71 0.000157167
30.72 0.000106553
30.73 5.5054e-05
30.74 2.87694e-06
30.75 -4.97904e-05
30.76 -0.000102791
30.77 -0.000155919
30.78 -0.000208784
30.79 -0.000260752
30.8 -0.000311067
30.81 -0.000359086
30.82 -0.00040442
30.83 -0.000446842
30.84 -0.000486095
30.85 -0.000521803
30.86 -0.000553606
30.87 -0.000581351
30.88 -0.000605138
30.89 -0.000625172
30.9 -0.00064162
30.91 -0.000654613
30.92 -0.000664355
30.93 -0.000671194
30.94 -0.000675637
30.95 -0.000678267
30.96 -0.000679599
30.97 -0.000679932
30.98 -0.000679259
30.99 -0.000677336
31 -0.000673847
31.01 -0.000668603
31.02 -0.000661647
31.03 -0.000653226
31.04 -0.000643624
31.05 -0.000632986
31.06 -0.000621288
31.07 -0.000608461
31.08 -0.000594574
31.09 -0.00057991
31.1 -0.000564819
31.11 -0.00054946
31.12 -0.000533663
31.13 -0.000517039
31.14 -0.000499218
31.15 -0.000480065
31.16 -0.000459686
31.17 -0.000438249
31.18 -0.000415806
31.19 -0.000392266
31.2 -0.00036747
31.21 -0.000341306
31.22 -0.000313796
31.23 -0.000285074
31.24 -0.000255192
31.25 -0.000223951
31.26 -0.00019095
31.27 -0.000155848
31.28 -0.000118609
31.29 -7.95149e-05
31.3 -3.89492e-05
31.31 2.84188e-06
31.32 4.57692e-05
31.33 8.97165e-05
31.34 0.000134349
31.35 0.000179111
31.36 0.000223437
31.37 0.00026702
31.38 0.000309879
31.39 0.000352143
31.4 0.000393738
31.41 0.000434259
31.42 0.000473127
31.43 0.000509838
31.44 0.000544097
31.45 0.000575771
31.46 0.000604754
31.47 0.000630891
31.48 0.000653996
31.49 0.000673944
31.5 0.000690776
31.51 0.000704689
31.52 0.000715912
31.53 0.000724524
31.54 0.000730335
31.55 0.00073297
31.56 0.000732126
31.57 0.000727802
31.58 0.000720256
31.59 0.00070978
31.6 0.000696554
31.61 0.000680694
31.62 0.000662377
31.63 0.000641901
31.64 0.000619649
31.65 0.000596001
31.66 0.000571247
31.67 0.000545566
31.68 0.000519036
31.69 0.000491687
31.7 0.000463607
31.71 0.000434999
31.72 0.000406115
31.73 0.000377075
31.74 0.000347748
31.75 0.000317842
31.76 0.000287157
31.77 0.000255708
31.78 0.000223609
31.79 0.000190855
31.8 0.000157297
31.81 0.000122769
31.82 8.72133e-05
31.83 5.0714e-05
31.84 1.34594e-05
31.85 -2.43465e-05
31.86 -6.25761e-05
31.87 -0.000101199
31.88 -0.000140215
31.89 -0.000179564
31.9 -0.000219131
31.91 -0.000258856
31.92 -0.000298799
31.93 -0.000339081
31.94 -0.000379768
31.95 -0.00042083
31.96 -0.000462145
31.97 -0.000503509
31.98 -0.000544656
31.99 -0.000585256
32 -0.000624919
32.01 -0.000663214
32.02 -0.000699741
32.03 -0.000734165
32.04 -0.000766191
32.05 -0.000795529
32.06 -0.000821904
32.07 -0.000845119
32.08 -0.000865111
32.09 -0.000881949
32.1 -0.000895779
32.11 -0.000906763
32.12 -0.00091505
32.13 -0.000920767
32.14 -0.000924033
32.15 -0.000924975
32.16 -0.000923732
32.17 -0.000920395
32.18 -0.000914944
32.19 -0.000907231
32.2 -0.00089706
32.21 -0.000884283
32.22 -0.000868857
32.23 -0.000850833
32.24 -0.000830285
32.25 -0.000807264
32.26 -0.00078184
32.27 -0.000754178
32.28 -0.000724544
32.29 -0.000693201
32.3 -0.000660279
32.31 -0.000625749
32.32 -0.000589541
32.33 -0.000551675
32.34 -0.00051229
32.35 -0.000471554
32.36 -0.000429529
32.37 -0.000386112
32.38 -0.0003411
32.39 -0.000294351
32.4 -0.000245906
32.41 -0.000195988
32.42 -0.000144889
32.43 -9.28518e-05
32.44 -4.00233e-05
32.45 1.34959e-05
32.46 6.75459e-05
32.47 0.000121833
32.48 0.000175921
32.49 0.000229269
32.5 0.000281318
32.51 0.000331601
32.52 0.00037981
32.53 0.000425724
32.54 0.000469071
32.55 0.000509492
32.56 0.000546687
32.57 0.0005806
32.58 0.000611411
32.59 0.000639343
32.6 0.0006645
32.61 0.000686866
32.62 0.000706415
32.63 0.000723204
32.64 0.000737359
32.65 0.000748964
32.66 0.000757992
32.67 0.000764346
32.68 0.000767962
32.69 0.000768871
32.7 0.000767191
32.71 0.000763071
32.72 0.00075666
32.73 0.000748096
32.74 0.000737505
32.75 0.000724977
32.76 0.000710552
32.77 0.000694264
32.78 0.000676206
32.79 0.000656541
32.8 0.000635424
32.81 0.000612924
32.82 0.000589043
32.83 0.00056381
32.84 0.00053735
32.85 0.000509814
32.86 0.000481247
32.87 0.000451513
32.88 0.00042038
32.89 0.000387661
32.9 0.000353302
32.91 0.000317362
32.92 0.000279952
32.93 0.000241181
32.94 0.000201124
32.95 0.000159823
32.96 0.000117325
32.97 7.37566e-05
32.98 2.93251e-05
32.99 -1.57628e-05
33 -6.1364e-05
33.01 -0.000107363
33.02 -0.000153583
33.03 -0.000199758
33.04 -0.000245598
33.05 -0.00029085
33.06 -0.00033529
33.07 -0.000378664
33.08 -0.000420667
33.09 -0.000460988
33.1 -0.000499378
33.11 -0.000535649
33.12 -0.000569619
33.13 -0.000601068
33.14 -0.000629766
33.15 -0.000655545
33.16 -0.000678333
33.17 -0.000698109
33.18 -0.000714832
33.19 -0.000728408
33.2 -0.000738727
33.21 -0.00074573
33.22 -0.000749452
33.23 -0.000749986
33.24 -0.000747429
33.25 -0.000741845
33.26 -0.000733265
33.27 -0.000721694
33.28 -0.00070717
33.29 -0.000689817
33.3 -0.000669831
33.31 -0.00064741
33.32 -0.000622688
33.33 -0.000595758
33.34 -0.000566733
33.35 -0.000535774
33.36 -0.000503049
33.37 -0.000468678
33.38 -0.000432714
33.39 -0.000395177
33.4 -0.00035612
33.41 -0.000315652
33.42 -0.000273901
33.43 -0.000230954
33.44 -0.000186856
33.45 -0.000141685
33.46 -9.56005e-05
33.47 -4.882e-05
33.48 -1.56563e-06
33.49 4.59566e-05
33.5 9.35321e-05
33.51 0.000140926
33.52 0.000187903
33.53 0.000234239
33.54 0.000279715
33.55 0.000324105
33.56 0.000367182
33.57 0.000408735
33.58 0.000448565
33.59 0.000486496
33.6 0.000522384
33.61 0.000556136
33.62 0.000587707
33.63 0.000617076
33.64 0.000644217
33.65 0.000669082
33.66 0.000691611
33.67 0.000711727
33.68 0.000729338
33.69 0.000744356
33.7 0.000756724
33.71 0.000766424
33.72 0.000773454
33.73 0.000777806
33.74 0.000779468
33.75 0.00077845
33.76 0.000774804
33.77 0.000768618
33.78 0.000759992
33.79 0.00074903
33.8 0.00073583
33.81 0.000720479
33.82 0.000703043
33.83 0.00068357
33.84 0.000662114
33.85 0.000638745
33.86 0.000613547
33.87 0.000586599
33.88 0.000557968
33.89 0.000527725
33.9 0.000495954
33.91 0.00046275
33.92 0.000428217
33.93 0.000392459
33.94 0.000355562
33.95 0.000317599
33.96 0.000278655
33.97 0.000238839
33.98 0.000198281
33.99 0.000157112
34 0.000115453
34.01 7.34242e-05
34.02 3.11559e-05
34.03 -1.12012e-05
34.04 -5.3481e-05
34.05 -9.55122e-05
34.06 -0.000137121
34.07 -0.000178123
34.08 -0.000218311
34.09 -0.00025746
34.1 -0.000295348
34.11 -0.000331773
34.12 -0.000366568
34.13 -0.000399599
34.14 -0.000430766
34.15 -0.000460002
34.16 -0.000487264
34.17 -0.000512523
34.18 -0.000535755
34.19 -0.000556937
34.2 -0.000576051
34.21 -0.000593082
34.22 -0.000608019
34.23 -0.00062085
34.24 -0.000631566
34.25 -0.000640158
34.26 -0.000646621
34.27 -0.000650963
34.28 -0.000653202
34.29 -0.000653362
34.3 -0.000651465
34.31 -0.000647532
34.32 -0.000641582
34.33 -0.00063365
34.34 -0.000623779
34.35 -0.000612023
34.36 -0.000598438
34.37 -0.000583079
34.38 -0.000566
34.39 -0.000547258
34.4 -0.000526916
34.41 -0.000505043
34.42 -0.000481706
34.43 -0.000456978
34.44 -0.000430928
34.45 -0.000403629
34.46 -0.000375156
34.47 -0.000345591
34.48 -0.000315017
34.49 -0.00028352
34.5 -0.000251188
34.51 -0.00021811
34.52 -0.000184382
34.53 -0.000150103
34.54 -0.000115375
34.55 -8.03052e-05
34.56 -4.50075e-05
34.57 -9.60232e-06
34.58 2.57815e-05
34.59 6.10057e-05
34.6 9.59225e-05
34.61 0.000130376
34.62 0.000164203
34.63 0.000197242
34.64 0.00022933
34.65 0.000260312
34.66 0.000290046
34.67 0.000318405
34.68 0.000345283
34.69 0.000370592
34.7 0.000394269
34.71 0.000416266
34.72 0.000436547
34.73 0.00045509
34.74 0.000471876
34.75 0.000486892
34.76 0.000500124
34.77 0.000511562
34.78 0.000521195
34.79 0.000529015
34.8 0.000535015
34.81 0.000539192
34.82 0.00054155
34.83 0.000542096
34.84 0.000540844
34.85 0.000537812
34.86 0.000533024
34.87 0.00052651
34.88 0.000518304
34.89 0.000508442
34.9 0.000496966
34.91 0.000483918
34.92 0.000469347
34.93 0.000453301
34.94 0.000435834
34.95 0.000417
34.96 0.00039686
34.97 0.000375476
34.98 0.000352914
34.99 0.000329244
35 0.000304544
35.01 0.000278888
35.02 0.000252354
35.03 0.000225013
35.04 0.000196945
35.05 0.000168232
35.06 0.000138964
35.07 0.000109235
35.08 7.91394e-05
35.09 4.87773e-05
35.1 1.82527e-05
35.11 -1.23227e-05
35.12 -4.28298e-05
35.13 -7.31442e-05
35.14 -0.000103138
35.15 -0.000132683
35.16 -0.000161647
35.17 -0.000189903
35.18 -0.000217325
35.19 -0.000243793
35.2 -0.000269198
35.21 -0.000293442
35.22 -0.00031644
35.23 -0.00033812
35.24 -0.000358423
35.25 -0.0003773
35.26 -0.000394711
35.27 -0.000410627
35.28 -0.000425023
35.29 -0.00043788
35.3 -0.00044918
35.31 -0.000458909
35.32 -0.000467054
35.33 -0.000473607
35.34 -0.00047856
35.35 -0.000481911
35.36 -0.000483658
35.37 -0.000483807
35.38 -0.000482367
35.39 -0.000479349
35.4 -0.000474773
35.41 -0.000468662
35.42 -0.000461041
35.43 -0.000451942
35.44 -0.0004414
35.45 -0.000429451
35.46 -0.000416139
35.47 -0.000401506
35.48 -0.000385602
35.49 -0.000368477
35.5 -0.000350185
35.51 -0.000330783
35.52 -0.000310331
35.53 -0.000288892
35.54 -0.000266531
35.55 -0.000243318
35.56 -0.000219323
35.57 -0.00019462
35.58 -0.000169285
35.59 -0.000143399
35.6 -0.000117045
35.61 -9.0308e-05
35.62 -6.32794e-05
35.63 -3.60532e-05
35.64 -8.72792e-06
35.65 1.8594e-05
35.66 4.58063e-05
35.67 7.27998e-05
35.68 9.94633e-05
35.69 0.000125685
35.7 0.000151354
35.71 0.000176361
35.72 0.000200604
35.73 0.000223985
35.74 0.000246415
35.75 0.000267813
35.76 0.000288108
35.77 0.00030724
35.78 0.000325157
35.79 0.000341815
35.8 0.000357178
35.81 0.000371215
35.82 0.000383901
35.83 0.000395215
35.84 0.000405138
35.85 0.000413655
35.86 0.000420752
35.87 0.00042642
35.88 0.000430651
35.89 0.000433441
35.9 0.00043479
35.91 0.0004347
35.92 0.000433179
35.93 0.000430238
35.94 0.000425892
35.95 0.000420159
35.96 0.000413063
35.97 0.000404629
35.98 0.000394889
35.99 0.000383876
36 0.000371628
36.01 0.000358183
36.02 0.000343587
36.03 0.000327887
36.04 0.000311132
36.05 0.000293376
36.06 0.000274674
36.07 0.000255086
36.08 0.000234673
36.09 0.000213499
36.1 0.000191631
36.11 0.000169138
36.12 0.000146092
36.13 0.000122569
36.14 9.86471e-05
36.15 7.4407e-05
36.16 4.99337e-05
36.17 2.5315e-05
36.18 6.41967e-07
36.19 -2.39917e-05
36.2 -4.84899e-05
36.21 -7.27553e-05
36.22 -9.66895e-05
36.23 -0.000120195
36.24 -0.000143176
36.25 -0.000165541
36.26 -0.0001872
36.27 -0.000208071
36.28 -0.000228079
36.29 -0.000247156
36.3 -0.000265239
36.31 -0.000282275
36.32 -0.00029822
36.33 -0.000313033
36.34 -0.00032668
36.35 -0.000339134
36.36 -0.00035037
36.37 -0.000360366
36.38 -0.000369105
36.39 -0.000376573
36.4 -0.000382755
36.41 -0.000387644
36.42 -0.00039123
36.43 -0.000393511
36.44 -0.000394484
36.45 -0.000394153
36.46 -0.000392523
36.47 -0.000389604
36.48 -0.000385408
36.49 -0.000379952
36.5 -0.000373257
36.51 -0.000365346
36.52 -0.000356246
36.53 -0.000345989
36.54 -0.000334607
36.55 -0.000322139
36.56 -0.000308625
36.57 -0.000294108
36.58 -0.000278636
36.59 -0.000262259
36.6 -0.000245027
36.61 -0.000226998
36.62 -0.000208228
36.63 -0.000188779
36.64 -0.000168712
36.65 -0.000148095
36.66 -0.000126994
36.67 -0.000105482
36.68 -8.36309e-05
36.69 -6.15179e-05
36.7 -3.92217e-05
36.71 -1.68237e-05
36.72 5.59236e-06
36.73 2.79411e-05
36.74 5.01357e-05
36.75 7.2089e-05
36.76 9.37139e-05
36.77 0.000114925
36.78 0.000135638
36.79 0.000155774
36.8 0.000175256
36.81 0.000194013
36.82 0.00021198
36.83 0.000229098
36.84 0.000245312
36.85 0.000260577
36.86 0.00027485
36.87 0.000288097
36.88 0.000300285
36.89 0.000311388
36.9 0.000321383
36.91 0.00033025
36.92 0.000337971
36.93 0.000344532
36.94 0.000349921
36.95 0.000354129
36.96 0.000357149
36.97 0.000358976
36.98 0.000359611
36.99 0.000359054
37 0.000357311
37.01 0.00035439
37.02 0.000350303
37.03 0.000345065
37.04 0.000338694
37.05 0.000331213
37.06 0.000322646
37.07 0.000313021
37.08 0.000302371
37.09 0.00029073
37.1 0.000278136
37.11 0.000264629
37.12 0.000250255
37.13 0.00023506
37.14 0.000219092
37.15 0.000202405
37.16 0.000185052
37.17 0.000167092
37.18 0.000148583
37.19 0.000129589
37.2 0.000110172
37.21 9.04009e-05
37.22 7.0344e-05
37.23 5.0073e-05
37.24 2.96615e-05
37.25 9.18483e-06
37.26 -1.12801e-05
37.27 -3.16553e-05
37.28 -5.18623e-05
37.29 -7.18228e-05
37.3 -9.14594e-05
37.31 -0.000110696
37.32 -0.00012946
37.33 -0.000147681
37.34 -0.000165292
37.35 -0.000182232
37.36 -0.000198443
37.37 -0.000213874
37.38 -0.000228478
37.39 -0.000242214
37.4 -0.000255043
37.41 -0.000266933
37.42 -0.000277857
37.43 -0.000287788
37.44 -0.000296704
37.45 -0.000304588
37.46 -0.000311422
37.47 -0.000317193
37.48 -0.00032189
37.49 -0.000325503
37.5 -0.000328025
37.51 -0.000329454
37.52 -0.000329789
37.53 -0.00032903
37.54 -0.000327183
37.55 -0.000324255
37.56 -0.000320257
37.57 -0.000315204
37.58 -0.000309111
37.59 -0.000302
37.6 -0.000293895
37.61 -0.00028482
37.62 -0.000274807
37.63 -0.000263888
37.64 -0.000252098
37.65 -0.000239477
37.66 -0.000226065
37.67 -0.000211908
37.68 -0.000197051
37.69 -0.000181544
37.7 -0.000165439
37.71 -0.00014879
37.72 -0.000131653
37.73 -0.000114087
37.74 -9.61535e-05
37.75 -7.79144e-05
37.76 -5.94352e-05
37.77 -4.07826e-05
37.78 -2.2025e-05
37.79 -3.2322e-06
37.8 1.55252e-05
37.81 3.41761e-05
37.82 5.26493e-05
37.83 7.08743e-05
37.84 8.87819e-05
37.85 0.000106304
37.86 0.000123377
37.87 0.000139938
37.88 0.000155928
37.89 0.000171294
37.9 0.000185984
37.91 0.000199953
37.92 0.000213159
37.93 0.000225565
37.94 0.000237137
37.95 0.000247845
37.96 0.000257664
37.97 0.000266569
37.98 0.00027454
37.99 0.00028156
38 0.000287613
38.01 0.000292686
38.02 0.00029677
38.03 0.000299854
38.04 0.000301934
38.05 0.000303007
38.06 0.00030307
38.07 0.000302127
38.08 0.000300181
38.09 0.00029724
38.1 0.000293314
38.11 0.000288417
38.12 0.000282564
38.13 0.000275775
38.14 0.000268072
38.15 0.000259481
38.16 0.000250028
38.17 0.000239746
38.18 0.000228668
38.19 0.000216832
38.2 0.000204275
38.21 0.000191041
38.22 0.000177173
38.23 0.000162718
38.24 0.000147725
38.25 0.000132246
38.26 0.000116335
38.27 0.000100045
38.28 8.34352e-05
38.29 6.65644e-05
38.3 4.94934e-05
38.31 3.22843e-05
38.32 1.50008e-05
38.33 -2.29301e-06
38.34 -1.95322e-05
38.35 -3.6652e-05
38.36 -5.35879e-05
38.37 -7.02762e-05
38.38 -8.6655e-05
38.39 -0.000102664
38.4 -0.000118245
38.41 -0.000133343
38.42 -0.000147907
38.43 -0.000161887
38.44 -0.00017524
38.45 -0.000187924
38.46 -0.000199902
38.47 -0.00021114
38.48 -0.000221607
38.49 -0.000231276
38.5 -0.000240122
38.51 -0.000248125
38.52 -0.000255265
38.53 -0.000261525
38.54 -0.000266892
38.55 -0.000271352
38.56 -0.000274897
38.57 -0.000277518
38.58 -0.00027921
38.59 -0.00027997
38.6 -0.000279798
38.61 -0.000278694
38.62 -0.000276665
38.63 -0.000273716
38.64 -0.000269858
38.65 -0.000265103
38.66 -0.000259468
38.67 -0.00025297
38.68 -0.000245631
38.69 -0.000237474
38.7 -0.000228527
38.71 -0.000218819
38.72 -0.000208382
38.73 -0.000197252
38.74 -0.000185465
38.75 -0.000173062
38.76 -0.000160084
38.77 -0.000146576
38.78 -0.000132585
38.79 -0.000118159
38.8 -0.000103349
38.81 -8.82062e-05
38.82 -7.27857e-05
38.83 -5.71427e-05
38.84 -4.13341e-05
38.85 -2.54178e-05
38.86 -9.45263e-06
38.87 6.50211e-06
38.88 2.2387e-05
38.89 3.81427e-05
38.9 5.37108e-05
38.91 6.90337e-05
38.92 8.40554e-05
38.93 9.87219e-05
38.94 0.000112981
38.95 0.000126785
38.96 0.000140085
38.97 0.00015284
38.98 0.000165009
38.99 0.000176554
39 0.000187443
39.01 0.000197645
39.02 0.000207131
39.03 0.000215877
39.04 0.00022386
39.05 0.00023106
39.06 0.000237459
39.07 0.000243043
39.08 0.000247797
39.09 0.000251711
39.1 0.000254774
39.11 0.000256981
39.12 0.000258327
39.13 0.000258808
39.14 0.000258425
39.15 0.000257179
39.16 0.000255075
39.17 0.000252121
39.18 0.000248326
39.19 0.000243702
39.2 0.000238265
39.21 0.000232032
39.22 0.000225024
39.23 0.000217263
39.24 0.000208776
39.25 0.00019959
39.26 0.000189737
39.27 0.00017925
39.28 0.000168165
39.29 0.000156519
39.3 0.000144352
39.31 0.000131708
39.32 0.000118629
39.33 0.000105161
39.34 9.13535e-05
39.35 7.72546e-05
39.36 6.29152e-05
39.37 4.83872e-05
39.38 3.37239e-05
39.39 1.89789e-05
39.4 4.20666e-06
39.41 -1.05382e-05
39.42 -2.52012e-05
39.43 -3.97283e-05
39.44 -5.40662e-05
39.45 -6.81628e-05
39.46 -8.19677e-05
39.47 -9.5432e-05
39.48 -0.000108509
39.49 -0.000121155
39.5 -0.000133328
39.51 -0.000144989
39.52 -0.000156102
39.53 -0.000166633
39.54 -0.000176552
39.55 -0.00018583
39.56 -0.000194443
39.57 -0.000202366
39.58 -0.00020958
39.59 -0.000216065
39.6 -0.000221805
39.61 -0.000226786
39.62 -0.000230996
39.63 -0.000234423
39.64 -0.000237061
39.65 -0.000238901
39.66 -0.00023994
39.67 -0.000240177
39.68 -0.00023961
39.69 -0.000238242
39.7 -0.000236078
39.71 -0.000233126
39.72 -0.000229395
39.73 -0.000224896
39.74 -0.000219645
39.75 -0.000213659
39.76 -0.000206958
39.77 -0.000199563
39.78 -0.0001915
39.79 -0.000182796
39.8 -0.00017348
39.81 -0.000163584
39.82 -0.000153142
39.83 -0.00014219
39.84 -0.000130767
39.85 -0.000118912
39.86 -0.000106668
39.87 -9.4077e-05
39.88 -8.11849e-05
39.89 -6.80379e-05
39.9 -5.46836e-05
39.91 -4.11705e-05
39.92 -2.75482e-05
39.93 -1.38665e-05
39.94 -1.75795e-07
39.95 1.34737e-05
39.96 2.70321e-05
39.97 4.04498e-05
39.98 5.36784e-05
39.99 6.66707e-05
40 7.93807e-05
40.01 9.17645e-05
40.02 0.00010378
40.03 0.000115387
40.04 0.000126548
40.05 0.000137228
40.06 0.000147393
40.07 0.000157015
40.08 0.000166063
40.09 0.000174513
40.1 0.000182341
40.11 0.000189527
40.12 0.000196049
40.13 0.000201892
40.14 0.000207041
40.15 0.000211481
40.16 0.000215201
40.17 0.000218193
40.18 0.000220447
40.19 0.000221959
40.2 0.000222725
40.21 0.000222743
40.22 0.000222014
40.23 0.000220541
40.24 0.000218328
40.25 0.000215382
40.26 0.000211714
40.27 0.000207335
40.28 0.00020226
40.29 0.000196505
40.3 0.00019009
40.31 0.000183036
40.32 0.000175367
40.33 0.000167109
40.34 0.000158291
40.35 0.000148942
40.36 0.000139096
40.37 0.000128787
40.38 0.00011805
40.39 0.000106925
40.4 9.54502e-05
40.41 8.3667e-05
40.42 7.16178e-05
40.43 5.93462e-05
40.44 4.68968e-05
40.45 3.43148e-05
40.46 2.16462e-05
40.47 8.93732e-06
40.48 -3.76542e-06
40.49 -1.64158e-05
40.5 -2.89679e-05
40.51 -4.13766e-05
40.52 -5.35976e-05
40.53 -6.5588e-05
40.54 -7.73061e-05
40.55 -8.87119e-05
40.56 -9.97672e-05
40.57 -0.000110436
40.58 -0.000120684
40.59 -0.000130478
40.6 -0.00013979
40.61 -0.000148591
40.62 -0.000156855
40.63 -0.000164559
40.64 -0.000171681
40.65 -0.000178202
40.66 -0.000184103
40.67 -0.000189369
40.68 -0.000193986
40.69 -0.00019794
40.7 -0.000201223
40.71 -0.000203824
40.72 -0.000205737
40.73 -0.000206957
40.74 -0.000207482
40.75 -0.000207309
40.76 -0.00020644
40.77 -0.000204878
40.78 -0.000202628
40.79 -0.000199697
40.8 -0.000196096
40.81 -0.000191835
40.82 -0.00018693
40.83 -0.000181396
40.84 -0.000175252
40.85 -0.000168519
40.86 -0.00016122
40.87 -0.00015338
40.88 -0.000145026
40.89 -0.000136187
40.9 -0.000126895
40.91 -0.000117182
40.92 -0.000107082
40.93 -9.66322e-05
40.94 -8.5869e-05
40.95 -7.48315e-05
40.96 -6.35595e-05
40.97 -5.20938e-05
40.98 -4.04762e-05
40.99 -2.87489e-05
41 -1.69546e-05
41.01 -5.13616e-06
41.02 6.66356e-06
41.03 1.8402e-05
41.04 3.00369e-05
41.05 4.15271e-05
41.06 5.2832e-05
41.07 6.39124e-05
41.08 7.47304e-05
41.09 8.52495e-05
41.1 9.54349e-05
41.11 0.000105254
41.12 0.000114674
41.13 0.000123668
41.14 0.000132207
41.15 0.000140265
41.16 0.00014782
41.17 0.000154849
41.18 0.000161332
41.19 0.000167251
41.2 0.00017259
41.21 0.000177333
41.22 0.000181469
41.23 0.000184984
41.24 0.000187871
41.25 0.00019012
41.26 0.000191726
41.27 0.000192685
41.28 0.000192993
41.29 0.000192651
41.3 0.00019166
41.31 0.000190022
41.32 0.000187745
41.33 0.000184835
41.34 0.000181301
41.35 0.000177157
41.36 0.000172415
41.37 0.000167091
41.38 0.000161205
41.39 0.000154775
41.4 0.000147824
41.41 0.000140377
41.42 0.000132459
41.43 0.000124098
41.44 0.000115323
41.45 0.000106167
41.46 9.66614e-05
41.47 8.68402e-05
41.48 7.6739e-05
41.49 6.63942e-05
41.5 5.58431e-05
41.51 4.51242e-05
41.52 3.42761e-05
41.53 2.33384e-05
41.54 1.23505e-05
41.55 1.35219e-06
41.56 -9.61698e-06
41.57 -2.05178e-05
41.58 -3.13116e-05
41.59 -4.19604e-05
41.6 -5.24272e-05
41.61 -6.26761e-05
41.62 -7.26725e-05
41.63 -8.2383e-05
41.64 -9.17758e-05
41.65 -0.000100821
41.66 -0.000109489
41.67 -0.000117754
41.68 -0.000125591
41.69 -0.000132975
41.7 -0.000139886
41.71 -0.000146302
41.72 -0.000152206
41.73 -0.00015758
41.74 -0.00016241
41.75 -0.000166681
41.76 -0.000170382
41.77 -0.000173502
41.78 -0.000176032
41.79 -0.000177966
41.8 -0.000179297
41.81 -0.000180023
41.82 -0.000180142
41.83 -0.000179652
41.84 -0.000178557
41.85 -0.00017686
41.86 -0.000174566
41.87 -0.000171684
41.88 -0.000168223
41.89 -0.000164195
41.9 -0.000159613
41.91 -0.000154493
41.92 -0.000148852
41.93 -0.000142711
41.94 -0.000136091
41.95 -0.000129015
41.96 -0.000121507
41.97 -0.000113595
41.98 -0.000105306
41.99 -9.66704e-05
42 -8.7719e-05
42.01 -7.8484e-05
42.02 -6.89985e-05
42.03 -5.9297e-05
42.04 -4.94145e-05
42.05 -3.93867e-05
42.06 -2.925e-05
42.07 -1.90409e-05
42.08 -8.7962e-06
42.09 1.44734e-06
42.1 1.16532e-05
42.11 2.17852e-05
42.12 3.18078e-05
42.13 4.16861e-05
42.14 5.13861e-05
42.15 6.08749e-05
42.16 7.01207e-05
42.17 7.9093e-05
42.18 8.77626e-05
42.19 9.61018e-05
42.2 0.000104084
42.21 0.000111685
42.22 0.000118882
42.23 0.000125652
42.24 0.000131975
42.25 0.000137833
42.26 0.000143209
42.27 0.000148087
42.28 0.000152453
42.29 0.000156294
42.3 0.0001596
42.31 0.00016236
42.32 0.000164568
42.33 0.000166216
42.34 0.000167301
42.35 0.000167818
42.36 0.000167767
42.37 0.000167149
42.38 0.000165965
42.39 0.000164219
42.4 0.000161918
42.41 0.000159069
42.42 0.000155683
42.43 0.00015177
42.44 0.000147344
42.45 0.000142421
42.46 0.000137017
42.47 0.000131152
42.48 0.000124845
42.49 0.00011812
42.5 0.000111001
42.51 0.000103512
42.52 9.56803e-05
42.53 8.75342e-05
42.54 7.91029e-05
42.55 7.04167e-05
42.56 6.1507e-05
42.57 5.2406e-05
42.58 4.31465e-05
42.59 3.37619e-05
42.6 2.42861e-05
42.61 1.4753e-05
42.62 5.19676e-06
42.63 -4.34861e-06
42.64 -1.38493e-05
42.65 -2.32721e-05
42.66 -3.25841e-05
42.67 -4.17533e-05
42.68 -5.07484e-05
42.69 -5.95391e-05
42.7 -6.80963e-05
42.71 -7.63919e-05
42.72 -8.4399e-05
42.73 -9.20921e-05
42.74 -9.9447e-05
42.75 -0.000106441
42.76 -0.000113052
42.77 -0.000119261
42.78 -0.000125048
42.79 -0.000130398
42.8 -0.000135292
42.81 -0.000139718
42.82 -0.000143663
42.83 -0.000147114
42.84 -0.000150061
42.85 -0.000152497
42.86 -0.000154414
42.87 -0.000155806
42.88 -0.00015667
42.89 -0.000157003
42.9 -0.000156804
42.91 -0.000156074
42.92 -0.000154816
42.93 -0.000153035
42.94 -0.000150736
42.95 -0.000147927
42.96 -0.000144619
42.97 -0.000140822
42.98 -0.00013655
42.99 -0.000131818
43 -0.000126642
43.01 -0.000121041
43.02 -0.000115034
43.03 -0.000108643
43.04 -0.000101891
43.05 -9.48019e-05
43.06 -8.74007e-05
43.07 -7.97144e-05
43.08 -7.17706e-05
43.09 -6.3598e-05
43.1 -5.5226e-05
43.11 -4.66848e-05
43.12 -3.80052e-05
43.13 -2.92183e-05
43.14 -2.03557e-05
43.15 -1.1449e-05
43.16 -2.52976e-06
43.17 6.37041e-06
43.18 1.52203e-05
43.19 2.39891e-05
43.2 3.26466e-05
43.21 4.11632e-05
43.22 4.95101e-05
43.23 5.76594e-05
43.24 6.55841e-05
43.25 7.32584e-05
43.26 8.06576e-05
43.27 8.77581e-05
43.28 9.45376e-05
43.29 0.000100975
43.3 0.00010705
43.31 0.000112745
43.32 0.000118041
43.33 0.000122924
43.34 0.000127379
43.35 0.000131392
43.36 0.000134951
43.37 0.000138046
43.38 0.000140668
43.39 0.000142808
43.4 0.000144461
43.41 0.000145622
43.42 0.000146287
43.43 0.000146455
43.44 0.000146126
43.45 0.0001453
43.46 0.000143981
43.47 0.000142174
43.48 0.000139885
43.49 0.000137121
43.5 0.000133894
43.51 0.000130213
43.52 0.000126092
43.53 0.000121546
43.54 0.00011659
43.55 0.000111242
43.56 0.000105522
43.57 9.94491e-05
43.58 9.30457e-05
43.59 8.63347e-05
43.6 7.93401e-05
43.61 7.20873e-05
43.62 6.46022e-05
43.63 5.69119e-05
43.64 4.90439e-05
43.65 4.10267e-05
43.66 3.28889e-05
43.67 2.46597e-05
43.68 1.63683e-05
43.69 8.04421e-06
43.7 -2.83217e-07
43.71 -8.58478e-06
43.72 -1.68316e-05
43.73 -2.49951e-05
43.74 -3.30474e-05
43.75 -4.09612e-05
43.76 -4.87098e-05
43.77 -5.62676e-05
43.78 -6.36096e-05
43.79 -7.07119e-05
43.8 -7.75518e-05
43.81 -8.41073e-05
43.82 -9.03579e-05
43.83 -9.62839e-05
43.84 -0.000101867
43.85 -0.00010709
43.86 -0.000111937
43.87 -0.000116393
43.88 -0.000120445
43.89 -0.000124081
43.9 -0.000127289
43.91 -0.00013006
43.92 -0.000132385
43.93 -0.000134259
43.94 -0.000135674
43.95 -0.000136627
43.96 -0.000137116
43.97 -0.000137139
43.98 -0.000136696
43.99 -0.000135789
44 -0.000134422
44.01 -0.0001326
44.02 -0.000130328
44.03 -0.000127616
44.04 -0.000124472
44.05 -0.000120908
44.06 -0.000116936
44.07 -0.000112571
44.08 -0.000107828
44.09 -0.000102724
44.1 -9.72771e-05
44.11 -9.15073e-05
44.12 -8.5435e-05
44.13 -7.90821e-05
44.14 -7.24715e-05
44.15 -6.56269e-05
44.16 -5.85729e-05
44.17 -5.13349e-05
44.18 -4.39389e-05
44.19 -3.64114e-05
44.2 -2.87792e-05
44.21 -2.10695e-05
44.22 -1.33096e-05
44.23 -5.52691e-06
44.24 2.25132e-06
44.25 9.99797e-06
44.26 1.76863e-05
44.27 2.52898e-05
44.28 3.27826e-05
44.29 4.01396e-05
44.3 4.7336e-05
44.31 5.4348e-05
44.32 6.11526e-05
44.33 6.77278e-05
44.34 7.40523e-05
44.35 8.0106e-05
44.36 8.58697e-05
44.37 9.13253e-05
44.38 9.64558e-05
44.39 0.000101245
44.4 0.000105679
44.41 0.000109744
44.42 0.000113426
44.43 0.000116716
44.44 0.000119603
44.45 0.000122077
44.46 0.000124133
44.47 0.000125764
44.48 0.000126964
44.49 0.00012773
44.5 0.000128061
44.51 0.000127955
44.52 0.000127414
44.53 0.000126439
44.54 0.000125034
44.55 0.000123205
44.56 0.000120957
44.57 0.0001183
44.58 0.000115242
44.59 0.000111794
44.6 0.000107969
44.61 0.00010378
44.62 9.92425e-05
44.63 9.43728e-05
44.64 8.91882e-05
44.65 8.37073e-05
44.66 7.795e-05
44.67 7.19368e-05
44.68 6.56894e-05
44.69 5.92303e-05
44.7 5.25826e-05
44.71 4.57701e-05
44.72 3.88173e-05
44.73 3.17488e-05
44.74 2.45899e-05
44.75 1.73659e-05
44.76 1.01021e-05
44.77 2.82416e-06
44.78 -4.44265e-06
44.79 -1.16731e-05
44.8 -1.88424e-05
44.81 -2.59261e-05
44.82 -3.29001e-05
44.83 -3.9741e-05
44.84 -4.6426e-05
44.85 -5.29331e-05
44.86 -5.92409e-05
44.87 -6.53289e-05
44.88 -7.11775e-05
44.89 -7.67681e-05
44.9 -8.20828e-05
44.91 -8.7105e-05
44.92 -9.18188e-05
44.93 -9.62095e-05
44.94 -0.000100264
44.95 -0.000103969
44.96 -0.000107313
44.97 -0.000110286
44.98 -0.00011288
44.99 -0.000115085
45 -0.000116896
45.01 -0.000118307
45.02 -0.000119313
45.03 -0.000119913
45.04 -0.000120104
45.05 -0.000119886
45.06 -0.000119261
45.07 -0.00011823
45.08 -0.000116798
45.09 -0.000114971
45.1 -0.000112754
45.11 -0.000110155
45.12 -0.000107185
45.13 -0.000103853
45.14 -0.000100173
45.15 -9.61558e-05
45.16 -9.18173e-05
45.17 -8.71729e-05
45.18 -8.22392e-05
45.19 -7.70339e-05
45.2 -7.15759e-05
45.21 -6.58846e-05
45.22 -5.99805e-05
45.23 -5.38849e-05
45.24 -4.76195e-05
45.25 -4.12067e-05
45.26 -3.46693e-05
45.27 -2.80306e-05
45.28 -2.1314e-05
45.29 -1.45433e-05
45.3 -7.74205e-06
45.31 -9.34099e-07
45.32 5.85698e-06
45.33 1.26078e-05
45.34 1.92952e-05
45.35 2.58965e-05
45.36 3.23894e-05
45.37 3.87522e-05
45.38 4.49637e-05
45.39 5.10034e-05
45.4 5.68516e-05
45.41 6.24892e-05
45.42 6.78981e-05
45.43 7.30608e-05
45.44 7.7961e-05
45.45 8.25832e-05
45.46 8.69127e-05
45.47 9.0936e-05
45.48 9.46405e-05
45.49 9.80147e-05
45.5 0.000101048
45.51 0.000103731
45.52 0.000106056
45.53 0.000108016
45.54 0.000109603
45.55 0.000110815
45.56 0.000111647
45.57 0.000112097
45.58 0.000112164
45.59 0.000111848
45.6 0.000111151
45.61 0.000110075
45.62 0.000108625
45.63 0.000106806
45.64 0.000104624
45.65 0.000102088
45.66 9.9207e-05
45.67 9.5991e-05
45.68 9.24518e-05
45.69 8.86022e-05
45.7 8.44561e-05
45.71 8.00283e-05
45.72 7.53349e-05
45.73 7.03926e-05
45.74 6.52194e-05
45.75 5.98336e-05
45.76 5.42547e-05
45.77 4.85026e-05
45.78 4.25978e-05
45.79 3.65613e-05
45.8 3.04145e-05
45.81 2.41792e-05
45.82 1.78773e-05
45.83 1.1531e-05
45.84 5.16225e-06
45.85 -1.20668e-06
45.86 -7.55387e-06
45.87 -1.38575e-05
45.88 -2.00962e-05
45.89 -2.62487e-05
45.9 -3.22943e-05
45.91 -3.82129e-05
45.92 -4.39848e-05
45.93 -4.9591e-05
45.94 -5.50131e-05
45.95 -6.02335e-05
45.96 -6.52353e-05
45.97 -7.00024e-05
45.98 -7.45195e-05
45.99 -7.87724e-05
46 -8.27475e-05
46.01 -8.64323e-05
46.02 -8.98152e-05
46.03 -9.28857e-05
46.04 -9.56341e-05
46.05 -9.8052e-05
46.06 -0.000100132
46.07 -0.000101867
46.08 -0.000103253
46.09 -0.000104285
46.1 -0.000104961
46.11 -0.000105278
46.12 -0.000105236
46.13 -0.000104835
46.14 -0.000104078
46.15 -0.000102968
46.16 -0.000101508
46.17 -9.97037e-05
46.18 -9.75626e-05
46.19 -9.5092e-05
46.2 -9.23011e-05
46.21 -8.91999e-05
46.22 -8.57997e-05
46.23 -8.21127e-05
46.24 -7.81523e-05
46.25 -7.39328e-05
46.26 -6.94692e-05
46.27 -6.47777e-05
46.28 -5.98751e-05
46.29 -5.47789e-05
46.3 -4.95074e-05
46.31 -4.40794e-05
46.32 -3.85142e-05
46.33 -3.28314e-05
46.34 -2.70513e-05
46.35 -2.11941e-05
46.36 -1.52804e-05
46.37 -9.33085e-06
46.38 -3.3661e-06
46.39 2.59322e-06
46.4 8.52662e-06
46.41 1.44138e-05
46.42 2.02348e-05
46.43 2.59699e-05
46.44 3.15998e-05
46.45 3.71058e-05
46.46 4.24696e-05
46.47 4.76735e-05
46.48 5.27005e-05
46.49 5.75342e-05
46.5 6.21589e-05
46.51 6.65597e-05
46.52 7.07225e-05
46.53 7.4634e-05
46.54 7.82818e-05
46.55 8.16543e-05
46.56 8.47409e-05
46.57 8.75319e-05
46.58 9.00186e-05
46.59 9.21932e-05
46.6 9.4049e-05
46.61 9.55804e-05
46.62 9.67828e-05
46.63 9.76527e-05
46.64 9.81875e-05
46.65 9.83861e-05
46.66 9.82482e-05
46.67 9.77747e-05
46.68 9.69679e-05
46.69 9.58308e-05
46.7 9.4368e-05
46.71 9.25847e-05
46.72 9.04878e-05
46.73 8.80848e-05
46.74 8.53845e-05
46.75 8.23969e-05
46.76 7.91326e-05
46.77 7.56035e-05
46.78 7.18224e-05
46.79 6.78029e-05
46.8 6.35594e-05
46.81 5.91071e-05
46.82 5.4462e-05
46.83 4.96408e-05
46.84 4.46605e-05
46.85 3.95389e-05
46.86 3.42941e-05
46.87 2.89447e-05
46.88 2.35096e-05
46.89 1.80077e-05
46.9 1.24582e-05
46.91 6.88063e-06
46.92 1.29412e-06
46.93 -4.28204e-06
46.94 -9.82873e-06
46.95 -1.53271e-05
46.96 -2.07584e-05
46.97 -2.61043e-05
46.98 -3.1347e-05
46.99 -3.6469e-05
47 -4.14533e-05
47.01 -4.62833e-05
47.02 -5.09434e-05
47.03 -5.54183e-05
47.04 -5.96935e-05
47.05 -6.3755e-05
47.06 -6.759e-05
47.07 -7.1186e-05
47.08 -7.45317e-05
47.09 -7.76164e-05
47.1 -8.04303e-05
47.11 -8.29646e-05
47.12 -8.52113e-05
47.13 -8.71635e-05
47.14 -8.88152e-05
47.15 -9.01613e-05
47.16 -9.11978e-05
47.17 -9.19217e-05
47.18 -9.23311e-05
47.19 -9.24251e-05
47.2 -9.22039e-05
47.21 -9.16687e-05
47.22 -9.08218e-05
47.23 -8.96667e-05
47.24 -8.82076e-05
47.25 -8.64502e-05
47.26 -8.44009e-05
47.27 -8.20673e-05
47.28 -7.9458e-05
47.29 -7.65824e-05
47.3 -7.3451e-05
47.31 -7.00751e-05
47.32 -6.64669e-05
47.33 -6.26393e-05
47.34 -5.86062e-05
47.35 -5.43819e-05
47.36 -4.99815e-05
47.37 -4.54208e-05
47.38 -4.0716e-05
47.39 -3.58836e-05
47.4 -3.09409e-05
47.41 -2.59052e-05
47.42 -2.07942e-05
47.43 -1.56257e-05
47.44 -1.04178e-05
47.45 -5.18845e-06
47.46 4.42198e-08
47.47 5.26226e-06
47.48 1.04478e-05
47.49 1.55833e-05
47.5 2.06512e-05
47.51 2.56346e-05
47.52 3.05168e-05
47.53 3.52814e-05
47.54 3.99126e-05
47.55 4.43953e-05
47.56 4.87146e-05
47.57 5.28565e-05
47.58 5.68074e-05
47.59 6.05546e-05
47.6 6.4086e-05
47.61 6.73903e-05
47.62 7.04568e-05
47.63 7.32759e-05
47.64 7.58386e-05
47.65 7.81368e-05
47.66 8.01634e-05
47.67 8.19119e-05
47.68 8.33772e-05
47.69 8.45547e-05
47.7 8.54409e-05
47.71 8.60335e-05
47.72 8.63308e-05
47.73 8.63324e-05
47.74 8.60387e-05
47.75 8.54513e-05
47.76 8.45726e-05
47.77 8.34061e-05
47.78 8.19564e-05
47.79 8.02288e-05
47.8 7.82298e-05
47.81 7.59667e-05
47.82 7.3448e-05
47.83 7.06826e-05
47.84 6.76807e-05
47.85 6.44531e-05
47.86 6.10115e-05
47.87 5.73681e-05
47.88 5.35362e-05
47.89 4.95293e-05
47.9 4.53617e-05
47.91 4.10483e-05
47.92 3.66044e-05
47.93 3.20456e-05
47.94 2.73881e-05
47.95 2.26481e-05
47.96 1.78423e-05
47.97 1.29874e-05
47.98 8.10024e-06
47.99 3.19775e-06
48 -1.7032e-06
48.01 -6.58581e-06
48.02 -1.14334e-05
48.03 -1.62296e-05
48.04 -2.09581e-05
48.05 -2.56031e-05
48.06 -3.01489e-05
48.07 -3.45804e-05
48.08 -3.8883e-05
48.09 -4.30424e-05
48.1 -4.70449e-05
48.11 -5.08775e-05
48.12 -5.45276e-05
48.13 -5.79835e-05
48.14 -6.12339e-05
48.15 -6.42684e-05
48.16 -6.70773e-05
48.17 -6.96516e-05
48.18 -7.19832e-05
48.19 -7.40647e-05
48.2 -7.58896e-05
48.21 -7.74523e-05
48.22 -7.87479e-05
48.23 -7.97727e-05
48.24 -8.05236e-05
48.25 -8.09985e-05
48.26 -8.11964e-05
48.27 -8.11171e-05
48.28 -8.07613e-05
48.29 -8.01307e-05
48.3 -7.92279e-05
48.31 -7.80566e-05
48.32 -7.66213e-05
48.33 -7.49272e-05
48.34 -7.29809e-05
48.35 -7.07893e-05
48.36 -6.83605e-05
48.37 -6.57034e-05
48.38 -6.28276e-05
48.39 -5.97435e-05
48.4 -5.64622e-05
48.41 -5.29954e-05
48.42 -4.93556e-05
48.43 -4.55558e-05
48.44 -4.16094e-05
48.45 -3.75304e-05
48.46 -3.33334e-05
48.47 -2.9033e-05
48.48 -2.46444e-05
48.49 -2.01829e-05
48.5 -1.56641e-05
48.51 -1.11038e-05
48.52 -6.51769e-06
48.53 -1.9216e-06
48.54 2.66866e-06
48.55 7.23739e-06
48.56 1.1769e-05
48.57 1.62482e-05
48.58 2.06598e-05
48.59 2.4989e-05
48.6 2.92212e-05
48.61 3.33424e-05
48.62 3.7339e-05
48.63 4.11976e-05
48.64 4.49057e-05
48.65 4.8451e-05
48.66 5.1822e-05
48.67 5.50078e-05
48.68 5.7998e-05
48.69 6.0783e-05
48.7 6.33539e-05
48.71 6.57024e-05
48.72 6.78212e-05
48.73 6.97036e-05
48.74 7.13437e-05
48.75 7.27364e-05
48.76 7.38775e-05
48.77 7.47636e-05
48.78 7.53923e-05
48.79 7.57618e-05
48.8 7.58714e-05
48.81 7.57211e-05
48.82 7.53121e-05
48.83 7.46461e-05
48.84 7.37259e-05
48.85 7.25551e-05
48.86 7.11382e-05
48.87 6.94805e-05
48.88 6.75883e-05
48.89 6.54684e-05
48.9 6.31287e-05
48.91 6.05776e-05
48.92 5.78243e-05
48.93 5.48789e-05
48.94 5.17518e-05
48.95 4.84543e-05
48.96 4.49981e-05
48.97 4.13956e-05
48.98 3.76596e-05
48.99 3.38032e-05
49 2.984e-05
49.01 2.5784e-05
49.02 2.16495e-05
49.03 1.74507e-05
49.04 1.32025e-05
49.05 8.91937e-06
49.06 4.61627e-06
49.07 3.07982e-07
49.08 -3.99073e-06
49.09 -8.26519e-06
49.1 -1.25008e-05
49.11 -1.66833e-05
49.12 -2.07986e-05
49.13 -2.48327e-05
49.14 -2.87723e-05
49.15 -3.26041e-05
49.16 -3.63155e-05
49.17 -3.98942e-05
49.18 -4.33283e-05
49.19 -4.66068e-05
49.2 -4.97188e-05
49.21 -5.26542e-05
49.22 -5.54035e-05
49.23 -5.79579e-05
49.24 -6.03092e-05
49.25 -6.24499e-05
49.26 -6.43731e-05
49.27 -6.60729e-05
49.28 -6.7544e-05
49.29 -6.87818e-05
49.3 -6.97827e-05
49.31 -7.05436e-05
49.32 -7.10625e-05
49.33 -7.1338e-05
49.34 -7.13698e-05
49.35 -7.11581e-05
49.36 -7.07042e-05
49.37 -7.001e-05
49.38 -6.90785e-05
49.39 -6.79131e-05
49.4 -6.65185e-05
49.41 -6.48998e-05
49.42 -6.30631e-05
49.43 -6.1015e-05
49.44 -5.87631e-05
49.45 -5.63156e-05
49.46 -5.36813e-05
49.47 -5.08696e-05
49.48 -4.78908e-05
49.49 -4.47553e-05
49.5 -4.14745e-05
49.51 -3.80599e-05
49.52 -3.45236e-05
49.53 -3.08782e-05
49.54 -2.71363e-05
49.55 -2.33113e-05
49.56 -1.94164e-05
49.57 -1.54653e-05
49.58 -1.14716e-05
49.59 -7.44912e-06
49.6 -3.41184e-06
49.61 6.26416e-07
49.62 4.65181e-06
49.63 8.65063e-06
49.64 1.26093e-05
49.65 1.65143e-05
49.66 2.03526e-05
49.67 2.41113e-05
49.68 2.77777e-05
49.69 3.13398e-05
49.7 3.47855e-05
49.71 3.81036e-05
49.72 4.12832e-05
49.73 4.43137e-05
49.74 4.71853e-05
49.75 4.98886e-05
49.76 5.24149e-05
49.77 5.47561e-05
49.78 5.69047e-05
49.79 5.88537e-05
49.8 6.05971e-05
49.81 6.21293e-05
49.82 6.34457e-05
49.83 6.45421e-05
49.84 6.54154e-05
49.85 6.6063e-05
49.86 6.64832e-05
49.87 6.6675e-05
49.88 6.66381e-05
49.89 6.63732e-05
49.9 6.58816e-05
49.91 6.51655e-05
49.92 6.42277e-05
49.93 6.3072e-05
49.94 6.17026e-05
49.95 6.01247e-05
49.96 5.83442e-05
49.97 5.63676e-05
49.98 5.42021e-05
49.99 5.18557e-05
50 4.93366e-05
50.01 4.6654e-05
50.02 4.38176e-05
50.03 4.08373e-05
50.04 3.77239e-05
50.05 3.44883e-05
50.06 3.1142e-05
50.07 2.76968e-05
50.08 2.41648e-05
50.09 2.05582e-05
50.1 1.68898e-05
50.11 1.31723e-05
50.12 9.4186e-06
50.13 5.64161e-06
50.14 1.85437e-06
50.15 -1.93012e-06
50.16 -5.69892e-06
50.17 -9.43918e-06
50.18 -1.31382e-05
50.19 -1.67835e-05
50.2 -2.03627e-05
50.21 -2.3864e-05
50.22 -2.72754e-05
50.23 -3.05857e-05
50.24 -3.37839e-05
50.25 -3.68594e-05
50.26 -3.98021e-05
50.27 -4.26023e-05
50.28 -4.52509e-05
50.29 -4.77392e-05
50.3 -5.00592e-05
50.31 -5.22035e-05
50.32 -5.41651e-05
50.33 -5.59378e-05
50.34 -5.7516e-05
50.35 -5.88947e-05
50.36 -6.00698e-05
50.37 -6.10377e-05
50.38 -6.17955e-05
50.39 -6.2341e-05
50.4 -6.26729e-05
50.41 -6.27904e-05
50.42 -6.26935e-05
50.43 -6.23831e-05
50.44 -6.18607e-05
50.45 -6.11283e-05
50.46 -6.01891e-05
50.47 -5.90466e-05
50.48 -5.77051e-05
50.49 -5.61696e-05
50.5 -5.4446e-05
50.51 -5.25403e-05
50.52 -5.04597e-05
50.53 -4.82116e-05
50.54 -4.58041e-05
50.55 -4.32459e-05
50.56 -4.05461e-05
50.57 -3.77143e-05
50.58 -3.47606e-05
50.59 -3.16954e-05
50.6 -2.85295e-05
50.61 -2.52741e-05
50.62 -2.19406e-05
50.63 -1.85406e-05
50.64 -1.5086e-05
50.65 -1.15888e-05
50.66 -8.06104e-06
50.67 -4.51493e-06
50.68 -9.62677e-07
50.69 2.58356e-06
50.7 6.11165e-06
50.71 9.6096e-06
50.72 1.30655e-05
50.73 1.64678e-05
50.74 1.98048e-05
50.75 2.30656e-05
50.76 2.6239e-05
50.77 2.93146e-05
50.78 3.22822e-05
50.79 3.51319e-05
50.8 3.78544e-05
50.81 4.04406e-05
50.82 4.28823e-05
50.83 4.51713e-05
50.84 4.73004e-05
50.85 4.92627e-05
50.86 5.10518e-05
50.87 5.26621e-05
50.88 5.40885e-05
50.89 5.53267e-05
50.9 5.63727e-05
50.91 5.72234e-05
50.92 5.78764e-05
50.93 5.83299e-05
50.94 5.85827e-05
50.95 5.86343e-05
50.96 5.84851e-05
50.97 5.81359e-05
50.98 5.75883e-05
50.99 5.68447e-05
51 5.5908e-05
51.01 5.47817e-05
51.02 5.34702e-05
51.03 5.19783e-05
51.04 5.03116e-05
51.05 4.84761e-05
51.06 4.64785e-05
51.07 4.43261e-05
51.08 4.20265e-05
51.09 3.9588e-05
51.1 3.70193e-05
51.11 3.43296e-05
51.12 3.15283e-05
51.13 2.86254e-05
51.14 2.56311e-05
51.15 2.25559e-05
51.16 1.94105e-05
51.17 1.6206e-05
51.18 1.29534e-05
51.19 9.66409e-06
51.2 6.34939e-06
51.21 3.02075e-06
51.22 -3.10418e-07
51.23 -3.6327e-06
51.24 -6.93476e-06
51.25 -1.02054e-05
51.26 -1.34334e-05
51.27 -1.66081e-05
51.28 -1.97186e-05
51.29 -2.27545e-05
51.3 -2.57057e-05
51.31 -2.85624e-05
51.32 -3.13151e-05
51.33 -3.39546e-05
51.34 -3.64723e-05
51.35 -3.88599e-05
51.36 -4.11096e-05
51.37 -4.32141e-05
51.38 -4.51667e-05
51.39 -4.69609e-05
51.4 -4.85911e-05
51.41 -5.00522e-05
51.42 -5.13394e-05
51.43 -5.24489e-05
51.44 -5.33773e-05
51.45 -5.41217e-05
51.46 -5.468e-05
51.47 -5.50508e-05
51.48 -5.52331e-05
51.49 -5.52268e-05
51.5 -5.50322e-05
51.51 -5.46505e-05
51.52 -5.40832e-05
51.53 -5.33328e-05
51.54 -5.24022e-05
51.55 -5.1295e-05
51.56 -5.00153e-05
51.57 -4.85679e-05
51.58 -4.69581e-05
51.59 -4.51918e-05
51.6 -4.32754e-05
51.61 -4.12158e-05
51.62 -3.90204e-05
51.63 -3.66971e-05
51.64 -3.42542e-05
51.65 -3.17002e-05
51.66 -2.90443e-05
51.67 -2.62958e-05
51.68 -2.34644e-05
51.69 -2.056e-05
51.7 -1.75927e-05
51.71 -1.45729e-05
51.72 -1.1511e-05
51.73 -8.41779e-06
51.74 -5.30379e-06
51.75 -2.17976e-06
51.76 9.43585e-07
51.77 4.05555e-06
51.78 7.14554e-06
51.79 1.0203e-05
51.8 1.32177e-05
51.81 1.61794e-05
51.82 1.9078e-05
51.83 2.1904e-05
51.84 2.46478e-05
51.85 2.73003e-05
51.86 2.98528e-05
51.87 3.22967e-05
51.88 3.4624e-05
51.89 3.68272e-05
51.9 3.88989e-05
51.91 4.08326e-05
51.92 4.26218e-05
51.93 4.42609e-05
51.94 4.57447e-05
51.95 4.70684e-05
51.96 4.8228e-05
51.97 4.92197e-05
51.98 5.00407e-05
51.99 5.06885e-05
52 5.11612e-05
52.01 5.14577e-05
52.02 5.15773e-05
52.03 5.15199e-05
52.04 5.12862e-05
52.05 5.08773e-05
52.06 5.0295e-05
52.07 4.95417e-05
52.08 4.86202e-05
52.09 4.75342e-05
52.1 4.62876e-05
52.11 4.48852e-05
52.12 4.3332e-05
52.13 4.16337e-05
52.14 3.97965e-05
52.15 3.7827e-05
52.16 3.57322e-05
52.17 3.35197e-05
52.18 3.11972e-05
52.19 2.87731e-05
52.2 2.62558e-05
52.21 2.36543e-05
52.22 2.09777e-05
52.23 1.82354e-05
52.24 1.54368e-05
52.25 1.25918e-05
52.26 9.71025e-06
52.27 6.80206e-06
52.28 3.87728e-06
52.29 9.4597e-07
52.3 -1.98183e-06
52.31 -4.89611e-06
52.32 -7.78694e-06
52.33 -1.06445e-05
52.34 -1.34592e-05
52.35 -1.62214e-05
52.36 -1.89219e-05
52.37 -2.15516e-05
52.38 -2.41018e-05
52.39 -2.65639e-05
52.4 -2.89299e-05
52.41 -3.11918e-05
52.42 -3.33422e-05
52.43 -3.53742e-05
52.44 -3.72809e-05
52.45 -3.90564e-05
52.46 -4.06948e-05
52.47 -4.21908e-05
52.48 -4.35398e-05
52.49 -4.47374e-05
52.5 -4.57799e-05
52.51 -4.66641e-05
52.52 -4.73874e-05
52.53 -4.79477e-05
52.54 -4.83433e-05
52.55 -4.85733e-05
52.56 -4.86373e-05
52.57 -4.85354e-05
52.58 -4.82683e-05
52.59 -4.78373e-05
52.6 -4.72442e-05
52.61 -4.64915e-05
52.62 -4.55819e-05
52.63 -4.4519e-05
52.64 -4.33067e-05
52.65 -4.19496e-05
52.66 -4.04525e-05
52.67 -3.8821e-05
52.68 -3.7061e-05
52.69 -3.51787e-05
52.7 -3.31809e-05
52.71 -3.10747e-05
52.72 -2.88677e-05
52.73 -2.65676e-05
52.74 -2.41825e-05
52.75 -2.17208e-05
52.76 -1.91911e-05
52.77 -1.66024e-05
52.78 -1.39635e-05
52.79 -1.12838e-05
52.8 -8.57236e-06
52.81 -5.83868e-06
52.82 -3.09213e-06
52.83 -3.42162e-07
52.84 2.40182e-06
52.85 5.13045e-06
52.86 7.83443e-06
52.87 1.05046e-05
52.88 1.31319e-05
52.89 1.57075e-05
52.9 1.82228e-05
52.91 2.06692e-05
52.92 2.30387e-05
52.93 2.53234e-05
52.94 2.75157e-05
52.95 2.96082e-05
52.96 3.15943e-05
52.97 3.34673e-05
52.98 3.52212e-05
52.99 3.68502e-05
53 3.83491e-05
53.01 3.97131e-05
53.02 4.09379e-05
53.03 4.20197e-05
53.04 4.2955e-05
53.05 4.3741e-05
53.06 4.43753e-05
53.07 4.48562e-05
53.08 4.51823e-05
53.09 4.53529e-05
53.1 4.53676e-05
53.11 4.52269e-05
53.12 4.49315e-05
53.13 4.44828e-05
53.14 4.38826e-05
53.15 4.31333e-05
53.16 4.22379e-05
53.17 4.11996e-05
53.18 4.00224e-05
53.19 3.87107e-05
53.2 3.72691e-05
53.21 3.5703e-05
53.22 3.4018e-05
53.23 3.22201e-05
53.24 3.03158e-05
53.25 2.83118e-05
53.26 2.62153e-05
53.27 2.40336e-05
53.28 2.17745e-05
53.29 1.94458e-05
53.3 1.70558e-05
53.31 1.46128e-05
53.32 1.21252e-05
53.33 9.60174e-06
53.34 7.05111e-06
53.35 4.48211e-06
53.36 1.90358e-06
53.37 -6.75625e-07
53.38 -3.24669e-06
53.39 -5.80084e-06
53.4 -8.3294e-06
53.41 -1.08238e-05
53.42 -1.32756e-05
53.43 -1.56765e-05
53.44 -1.80185e-05
53.45 -2.02937e-05
53.46 -2.24946e-05
53.47 -2.46138e-05
53.48 -2.66443e-05
53.49 -2.85794e-05
53.5 -3.04128e-05
53.51 -3.21384e-05
53.52 -3.37506e-05
53.53 -3.52442e-05
53.54 -3.66143e-05
53.55 -3.78567e-05
53.56 -3.89674e-05
53.57 -3.99428e-05
53.58 -4.078e-05
53.59 -4.14764e-05
53.6 -4.203e-05
53.61 -4.24392e-05
53.62 -4.27029e-05
53.63 -4.28205e-05
53.64 -4.2792e-05
53.65 -4.26178e-05
53.66 -4.22987e-05
53.67 -4.18363e-05
53.68 -4.12324e-05
53.69 -4.04893e-05
53.7 -3.961e-05
53.71 -3.85977e-05
53.72 -3.74562e-05
53.73 -3.61897e-05
53.74 -3.48029e-05
53.75 -3.33007e-05
53.76 -3.16885e-05
53.77 -2.99722e-05
53.78 -2.81578e-05
53.79 -2.62519e-05
53.8 -2.42611e-05
53.81 -2.21925e-05
53.82 -2.00533e-05
53.83 -1.78512e-05
53.84 -1.55936e-05
53.85 -1.32887e-05
53.86 -1.09442e-05
53.87 -8.56845e-06
53.88 -6.16956e-06
53.89 -3.75583e-06
53.9 -1.33554e-06
53.91 1.083e-06
53.92 3.49154e-06
53.93 5.88186e-06
53.94 8.24584e-06
53.95 1.05755e-05
53.96 1.28629e-05
53.97 1.51004e-05
53.98 1.72805e-05
53.99 1.93958e-05
54 2.14394e-05
54.01 2.34044e-05
54.02 2.52844e-05
54.03 2.7073e-05
54.04 2.87645e-05
54.05 3.03533e-05
54.06 3.18343e-05
54.07 3.32026e-05
54.08 3.44539e-05
54.09 3.55842e-05
54.1 3.65898e-05
54.11 3.74677e-05
54.12 3.82151e-05
54.13 3.88298e-05
54.14 3.931e-05
54.15 3.96544e-05
54.16 3.98621e-05
54.17 3.99326e-05
54.18 3.98661e-05
54.19 3.9663e-05
54.2 3.93245e-05
54.21 3.88518e-05
54.22 3.8247e-05
54.23 3.75124e-05
54.24 3.66509e-05
54.25 3.56655e-05
54.26 3.45601e-05
54.27 3.33386e-05
54.28 3.20055e-05
54.29 3.05656e-05
54.3 2.90242e-05
54.31 2.73866e-05
54.32 2.56588e-05
54.33 2.38469e-05
54.34 2.19573e-05
54.35 1.99966e-05
54.36 1.79717e-05
54.37 1.58898e-05
54.38 1.37581e-05
54.39 1.1584e-05
54.4 9.37508e-06
54.41 7.13898e-06
54.42 4.88341e-06
54.43 2.61615e-06
54.44 3.44983e-07
54.45 -1.92232e-06
54.46 -4.17801e-06
54.47 -6.41442e-06
54.48 -8.62394e-06
54.49 -1.07991e-05
54.5 -1.29326e-05
54.51 -1.50171e-05
54.52 -1.70458e-05
54.53 -1.90119e-05
54.54 -2.09087e-05
54.55 -2.273e-05
54.56 -2.44698e-05
54.57 -2.61223e-05
54.58 -2.76822e-05
54.59 -2.91442e-05
54.6 -3.05037e-05
54.61 -3.17562e-05
54.62 -3.28978e-05
54.63 -3.39248e-05
54.64 -3.4834e-05
54.65 -3.56225e-05
54.66 -3.62879e-05
54.67 -3.68283e-05
54.68 -3.7242e-05
54.69 -3.7528e-05
54.7 -3.76856e-05
54.71 -3.77144e-05
54.72 -3.76148e-05
54.73 -3.73873e-05
54.74 -3.7033e-05
54.75 -3.65533e-05
54.76 -3.59503e-05
54.77 -3.52262e-05
54.78 -3.43838e-05
54.79 -3.34262e-05
54.8 -3.2357e-05
54.81 -3.11801e-05
54.82 -2.98998e-05
54.83 -2.85206e-05
54.84 -2.70476e-05
54.85 -2.5486e-05
54.86 -2.38414e-05
54.87 -2.21196e-05
54.88 -2.03266e-05
54.89 -1.84688e-05
54.9 -1.65528e-05
54.91 -1.45851e-05
54.92 -1.25727e-05
54.93 -1.05226e-05
54.94 -8.44189e-06
54.95 -6.33773e-06
54.96 -4.21741e-06
54.97 -2.08822e-06
54.98 4.25451e-08
54.99 2.16758e-06
