0.01 -4.96707e-07
0.02 -4.95975e-07
0.03 -4.9552e-07
0.04 -4.99982e-07
0.05 -5.17946e-07
0.06 -5.57489e-07
0.07 -6.20101e-07
0.08 -6.98492e-07
0.09 -7.80804e-07
0.1 -8.58308e-07
0.11 -9.30953e-07
0.12 -1.00721e-06
0.13 -1.09905e-06
0.14 -1.21598e-06
0.15 -1.36153e-06
0.16 -1.5335e-06
0.17 -1.72668e-06
0.18 -1.93572e-06
0.19 -2.1567e-06
0.2 -2.3875e-06
0.21 -2.62789e-06
0.22 -2.87996e-06
0.23 -3.14817e-06
0.24 -3.43816e-06
0.25 -3.75422e-06
0.26 -4.09659e-06
0.27 -4.46034e-06
0.28 -4.8368e-06
0.29 -5.21702e-06
0.3 -5.59551e-06
0.31 -5.97184e-06
0.32 -6.34949e-06
0.33 -6.73272e-06
0.34 -7.12336e-06
0.35 -7.519e-06
0.36 -7.91303e-06
0.37 -8.2968e-06
0.38 -8.66326e-06
0.39 -9.00968e-06
0.4 -9.33735e-06
0.41 -9.64843e-06
0.42 -9.94247e-06
0.43 -1.02153e-05
0.44 -1.04602e-05
0.45 -1.06702e-05
0.46 -1.0839e-05
0.47 -1.09622e-05
0.48 -1.10379e-05
0.49 -1.10699e-05
0.5 -1.1069e-05
0.51 -1.10501e-05
0.52 -1.10234e-05
0.53 -1.09852e-05
0.54 -1.0917e-05
0.55 -1.07928e-05
0.56 -1.05928e-05
0.57 -1.03157e-05
0.58 -9.9827e-06
0.59 -9.62949e-06
0.6 -9.28846e-06
0.61 -8.97291e-06
0.62 -8.67201e-06
0.63 -8.36032e-06
0.64 -8.01687e-06
0.65 -7.64107e-06
0.66 -7.25419e-06
0.67 -6.88605e-06
0.68 -6.55583e-06
0.69 -6.25898e-06
0.7 -5.9678e-06
0.71 -5.64456e-06
0.72 -5.26038e-06
0.73 -4.81271e-06
0.74 -4.33163e-06
0.75 -3.8705e-06
0.76 -3.4877e-06
0.77 -3.22763e-06
0.78 -3.1033e-06
0.79 -3.08432e-06
0.8 -3.09863e-06
0.81 -3.05356e-06
0.82 -2.87164e-06
0.83 -2.52727e-06
0.84 -2.06441e-06
0.85 -1.58112e-06
0.86 -1.18514e-06
0.87 -9.4396e-07
0.88 -8.577e-07
0.89 -8.68002e-07
0.9 -8.92623e-07
0.91 -8.64612e-07
0.92 -7.60403e-07
0.93 -6.07425e-07
0.94 -4.67141e-07
0.95 -4.01701e-07
0.96 -4.45366e-07
0.97 -5.99017e-07
0.98 -8.45904e-07
0.99 -1.17011e-06
1 -1.56373e-06
1.01 -2.02593e-06
1.02 -2.5641e-06
1.03 -3.19675e-06
1.04 -3.9452e-06
1.05 -4.81103e-06
1.06 -5.76027e-06
1.07 -6.73547e-06
1.08 -7.68718e-06
1.09 -8.59673e-06
1.1 -9.47832e-06
1.11 -1.03727e-05
1.12 -1.1339e-05
1.13 -1.24353e-05
1.14 -1.36849e-05
1.15 -1.50488e-05
1.16 -1.64284e-05
1.17 -1.77051e-05
1.18 -1.87937e-05
1.19 -1.96762e-05
1.2 -2.03932e-05
1.21 -2.09965e-05
1.22 -2.14954e-05
1.23 -2.18429e-05
1.24 -2.19807e-05
1.25 -2.18975e-05
1.26 -2.16363e-05
1.27 -2.12362e-05
1.28 -2.06718e-05
1.29 -1.98573e-05
1.3 -1.87142e-05
1.31 -1.7236e-05
1.32 -1.54906e-05
1.33 -1.35614e-05
1.34 -1.14808e-05
1.35 -9.21334e-06
1.36 -6.69459e-06
1.37 -3.88347e-06
1.38 -7.8646e-07
1.39 2.54875e-06
1.4 6.04856e-06
1.41 9.62342e-06
1.42 1.31739e-05
1.43 1.66022e-05
1.44 1.98395e-05
1.45 2.28813e-05
1.46 2.58088e-05
1.47 2.87684e-05
1.48 3.1908e-05
1.49 3.53029e-05
1.5 3.89073e-05
1.51 4.25521e-05
1.52 4.59948e-05
1.53 4.90084e-05
1.54 5.14788e-05
1.55 5.3463e-05
1.56 5.51734e-05
1.57 5.6875e-05
1.58 5.87377e-05
1.59 6.07324e-05
1.6 6.26462e-05
1.61 6.42059e-05
1.62 6.52266e-05
1.63 6.57001e-05
1.64 6.57902e-05
1.65 6.57574e-05
1.66 6.58432e-05
1.67 6.61572e-05
1.68 6.66156e-05
1.69 6.6971e-05
1.7 6.69271e-05
1.71 6.62812e-05
1.72 6.50265e-05
1.73 6.33699e-05
1.74 6.16565e-05
1.75 6.02312e-05
1.76 5.92879e-05
1.77 5.87638e-05
1.78 5.8326e-05
1.79 5.74757e-05
1.8 5.57527e-05
1.81 5.29591e-05
1.82 4.92799e-05
1.83 4.52087e-05
1.84 4.129e-05
1.85 3.78254e-05
1.86 3.47275e-05
1.87 3.16055e-05
1.88 2.80088e-05
1.89 2.36766e-05
1.9 1.86623e-05
1.91 1.32867e-05
1.92 7.9624e-06
1.93 2.98844e-06
1.94 -1.58783e-06
1.95 -5.98332e-06
1.96 -1.05589e-05
1.97 -1.56277e-05
1.98 -2.12887e-05
1.99 -2.73621e-05
2 -3.345e-05
2.01 -3.90877e-05
2.02 -4.39128e-05
2.03 -4.77832e-05
2.04 -5.08134e-05
2.05 -5.33288e-05
2.06 -5.57503e-05
2.07 -5.8441e-05
2.08 -6.15601e-05
2.09 -6.49784e-05
2.1 -6.82918e-05
2.11 -7.09511e-05
2.12 -7.24749e-05
2.13 -7.26509e-05
2.14 -7.16186e-05
2.15 -6.9793e-05
2.16 -6.7684e-05
2.17 -6.57101e-05
2.18 -6.4073e-05
2.19 -6.2715e-05
2.2 -6.13646e-05
2.21 -5.96616e-05
2.22 -5.73154e-05
2.23 -5.42249e-05
2.24 -5.05049e-05
2.25 -4.64203e-05
2.26 -4.22739e-05
2.27 -3.82968e-05
2.28 -3.45818e-05
2.29 -3.10829e-05
2.3 -2.76795e-05
2.31 -2.4264e-05
2.32 -2.08074e-05
2.33 -1.73693e-05
2.34 -1.4064e-05
2.35 -1.10087e-05
2.36 -8.27879e-06
2.37 -5.87881e-06
2.38 -3.73595e-06
2.39 -1.71264e-06
2.4 3.60982e-07
2.41 2.62977e-06
2.42 5.14184e-06
2.43 7.80473e-06
2.44 1.041e-05
2.45 1.27215e-05
2.46 1.45832e-05
2.47 1.59986e-05
2.48 1.71424e-05
2.49 1.82917e-05
2.5 1.97062e-05
2.51 2.15242e-05
2.52 2.37256e-05
2.53 2.61657e-05
2.54 2.86452e-05
2.55 3.09838e-05
2.56 3.30767e-05
2.57 3.49203e-05
2.58 3.65855e-05
2.59 3.81451e-05
2.6 3.96024e-05
2.61 4.08796e-05
2.62 4.18796e-05
2.63 4.2571e-05
2.64 4.30304e-05
2.65 4.34058e-05
2.66 4.38252e-05
2.67 4.43063e-05
2.68 4.47267e-05
2.69 4.48745e-05
2.7 4.45431e-05
2.71 4.3598e-05
2.72 4.19932e-05
2.73 3.9762e-05
2.74 3.70053e-05
2.75 3.38718e-05
2.76 3.05204e-05
2.77 2.70687e-05
2.78 2.3549e-05
2.79 1.98985e-05
2.8 1.59981e-05
2.81 1.17437e-05
2.82 7.10613e-06
2.83 2.1405e-06
2.84 -3.05035e-06
2.85 -8.36776e-06
2.86 -1.37501e-05
2.87 -1.91703e-05
2.88 -2.46055e-05
2.89 -3.00031e-05
2.9 -3.52671e-05
2.91 -4.02617e-05
2.92 -4.48254e-05
2.93 -4.87975e-05
2.94 -5.20625e-05
2.95 -5.46052e-05
2.96 -5.65464e-05
2.97 -5.81288e-05
2.98 -5.96411e-05
2.99 -6.12948e-05
3 -6.31084e-05
3.01 -6.48607e-05
3.02 -6.61468e-05
3.03 -6.65232e-05
3.04 -6.56856e-05
3.05 -6.35958e-05
3.06 -6.04946e-05
3.07 -5.68096e-05
3.08 -5.30145e-05
3.09 -4.95013e-05
3.1 -4.64902e-05
3.11 -4.39852e-05
3.12 -4.17729e-05
3.13 -3.94718e-05
3.14 -3.66493e-05
3.15 -3.30078e-05
3.16 -2.85695e-05
3.17 -2.37242e-05
3.18 -1.90672e-05
3.19 -1.51126e-05
3.2 -1.2075e-05
3.21 -9.82155e-06
3.22 -7.95922e-06
3.23 -6.02993e-06
3.24 -3.77687e-06
3.25 -1.32403e-06
3.26 9.00486e-07
3.27 2.4627e-06
3.28 3.21608e-06
3.29 3.38372e-06
3.3 3.40242e-06
3.31 3.66109e-06
3.32 4.30364e-06
3.33 5.1981e-06
3.34 6.05593e-06
3.35 6.59867e-06
3.36 6.66878e-06
3.37 6.25079e-06
3.38 5.4429e-06
3.39 4.44203e-06
3.4 3.55146e-06
3.41 3.14977e-06
3.42 3.57146e-06
3.43 4.94727e-06
3.44 7.11997e-06
3.45 9.70998e-06
3.46 1.23008e-05
3.47 1.46323e-05
3.48 1.66854e-05
3.49 1.86181e-05
3.5 2.06254e-05
3.51 2.28425e-05
3.52 2.53529e-05
3.53 2.82505e-05
3.54 3.16522e-05
3.55 3.56113e-05
3.56 4.00014e-05
3.57 4.44822e-05
3.58 4.85985e-05
3.59 5.19604e-05
3.6 5.44045e-05
3.61 5.60525e-05
3.62 5.72394e-05
3.63 5.835e-05
3.64 5.96376e-05
3.65 6.11034e-05
3.66 6.24882e-05
3.67 6.3376e-05
3.68 6.33613e-05
3.69 6.22079e-05
3.7 5.99373e-05
3.71 5.68169e-05
3.72 5.32445e-05
3.73 4.95651e-05
3.74 4.59092e-05
3.75 4.21491e-05
3.76 3.80095e-05
3.77 3.32592e-05
3.78 2.78594e-05
3.79 2.19883e-05
3.8 1.59534e-05
3.81 1.00591e-05
3.82 4.49048e-06
3.83 -7.49016e-07
3.84 -5.82132e-06
3.85 -1.09576e-05
3.86 -1.63194e-05
3.87 -2.1885e-05
3.88 -2.74222e-05
3.89 -3.25629e-05
3.9 -3.69449e-05
3.91 -4.03546e-05
3.92 -4.28116e-05
3.93 -4.45587e-05
3.94 -4.59578e-05
3.95 -4.73335e-05
3.96 -4.88387e-05
3.97 -5.04133e-05
3.98 -5.18411e-05
3.99 -5.28556e-05
4 -5.32323e-05
4.01 -5.28445e-05
4.02 -5.16904e-05
4.03 -4.9908e-05
4.04 -4.77699e-05
4.05 -4.56247e-05
4.06 -4.37745e-05
4.07 -4.23385e-05
4.08 -4.11928e-05
4.09 -4.00368e-05
4.1 -3.85639e-05
4.11 -3.66498e-05
4.12 -3.44504e-05
4.13 -3.23412e-05
4.14 -3.07285e-05
4.15 -2.98473e-05
4.16 -2.96575e-05
4.17 -2.98876e-05
4.18 -3.01851e-05
4.19 -3.02813e-05
4.2 -3.00787e-05
4.21 -2.96363e-05
4.22 -2.9103e-05
4.23 -2.86718e-05
4.24 -2.85577e-05
4.25 -2.8953e-05
4.26 -2.99354e-05
4.27 -3.13715e-05
4.28 -3.29028e-05
4.29 -3.40701e-05
4.3 -3.45322e-05
4.31 -3.42425e-05
4.32 -3.34652e-05
4.33 -3.26196e-05
4.34 -3.20598e-05
4.35 -3.19264e-05
4.36 -3.21268e-05
4.37 -3.24053e-05
4.38 -3.2438e-05
4.39 -3.19264e-05
4.4 -3.06924e-05
4.41 -2.87611e-05
4.42 -2.63786e-05
4.43 -2.39175e-05
4.44 -2.17053e-05
4.45 -1.9875e-05
4.46 -1.83239e-05
4.47 -1.67864e-05
4.48 -1.497e-05
4.49 -1.26858e-05
4.5 -9.93445e-06
4.51 -6.91863e-06
4.52 -3.95876e-06
4.53 -1.32322e-06
4.54 9.45476e-07
4.55 3.08525e-06
4.56 5.48453e-06
4.57 8.43747e-06
4.58 1.19445e-05
4.59 1.56795e-05
4.6 1.91317e-05
4.61 2.18383e-05
4.62 2.35975e-05
4.63 2.45707e-05
4.64 2.52283e-05
4.65 2.61508e-05
4.66 2.77585e-05
4.67 3.00979e-05
4.68 3.28045e-05
4.69 3.5282e-05
4.7 3.7005e-05
4.71 3.77677e-05
4.72 3.77363e-05
4.73 3.73005e-05
4.74 3.68532e-05
4.75 3.66411e-05
4.76 3.674e-05
4.77 3.71024e-05
4.78 3.76005e-05
4.79 3.80522e-05
4.8 3.82686e-05
4.81 3.81313e-05
4.82 3.76527e-05
4.83 3.69584e-05
4.84 3.61997e-05
4.85 3.54601e-05
4.86 3.47279e-05
4.87 3.39528e-05
4.88 3.31341e-05
4.89 3.23613e-05
4.9 3.17711e-05
4.91 3.14653e-05
4.92 3.14722e-05
4.93 3.17765e-05
4.94 3.23608e-05
4.95 3.31893e-05
4.96 3.41453e-05
4.97 3.50072e-05
4.98 3.55327e-05
4.99 3.56191e-05
5 3.54213e-05
5.01 3.53273e-05
5.02 3.57964e-05
5.03 3.71497e-05
5.04 3.94209e-05
5.05 4.23278e-05
5.06 4.53772e-05
5.07 4.80618e-05
5.08 5.00639e-05
5.09 5.13608e-05
5.1 5.21829e-05
5.11 5.28648e-05
5.12 5.3692e-05
5.13 5.48277e-05
5.14 5.6338e-05
5.15 5.82503e-05
5.16 6.05586e-05
5.17 6.31499e-05
5.18 6.57353e-05
5.19 6.78945e-05
5.2 6.92457e-05
5.21 6.96389e-05
5.22 6.92419e-05
5.23 6.84753e-05
5.24 6.78428e-05
5.25 6.77394e-05
5.26 6.8321e-05
5.27 6.94829e-05
5.28 7.09411e-05
5.29 7.23472e-05
5.3 7.33762e-05
5.31 7.37738e-05
5.32 7.33771e-05
5.33 7.21245e-05
5.34 7.00613e-05
5.35 6.73349e-05
5.36 6.41702e-05
5.37 6.0822e-05
5.38 5.75048e-05
5.39 5.43132e-05
5.4 5.11565e-05
5.41 4.77544e-05
5.42 4.37235e-05
5.43 3.87275e-05
5.44 3.26167e-05
5.45 2.5491e-05
5.46 1.76669e-05
5.47 9.569e-06
5.48 1.59648e-06
5.49 -5.98152e-06
5.5 -1.3068e-05
5.51 -1.97294e-05
5.52 -2.61665e-05
5.53 -3.2662e-05
5.54 -3.94706e-05
5.55 -4.6656e-05
5.56 -5.39821e-05
5.57 -6.09928e-05
5.58 -6.72879e-05
5.59 -7.28102e-05
5.6 -7.79136e-05
5.61 -8.31338e-05
5.62 -8.88186e-05
5.63 -9.48736e-05
5.64 -0.000100788
5.65 -0.000105914
5.66 -0.000109814
5.67 -0.000112459
5.68 -0.000114188
5.69 -0.000115491
5.7 -0.000116779
5.71 -0.000118255
5.72 -0.000119895
5.73 -0.000121483
5.74 -0.000122657
5.75 -0.000122994
5.76 -0.000122168
5.77 -0.000120168
5.78 -0.000117446
5.79 -0.000114854
5.8 -0.000113314
5.81 -0.000113332
5.82 -0.000114665
5.83 -0.00011637
5.84 -0.000117263
5.85 -0.00011654
5.86 -0.000114193
5.87 -0.000110988
5.88 -0.000108041
5.89 -0.000106284
5.9 -0.000106108
5.91 -0.000107335
5.92 -0.00010944
5.93 -0.0001118
5.94 -0.000113838
5.95 -0.000115059
5.96 -0.000115075
5.97 -0.000113728
5.98 -0.00011125
5.99 -0.000108303
6 -0.000105792
6.01 -0.000104478
6.02 -0.000104597
6.03 -0.000105707
6.04 -0.000106829
6.05 -0.000106807
6.06 -0.000104712
6.07 -0.000100131
6.08 -9.32757e-05
6.09 -8.489e-05
6.1 -7.59835e-05
6.11 -6.74571e-05
6.12 -5.97644e-05
6.13 -5.27676e-05
6.14 -4.58531e-05
6.15 -3.82178e-05
6.16 -2.91627e-05
6.17 -1.82802e-05
6.18 -5.51431e-06
6.19 8.88866e-06
6.2 2.45098e-05
6.21 4.09139e-05
6.22 5.77654e-05
6.23 7.48622e-05
6.24 9.20927e-05
6.25 0.000109359
6.26 0.000126526
6.27 0.000143439
6.28 0.000160003
6.29 0.000176256
6.3 0.000192357
6.31 0.000208454
6.32 0.000224487
6.33 0.000240057
6.34 0.000254471
6.35 0.000266942
6.36 0.000276846
6.37 0.000283875
6.38 0.000288042
6.39 0.000289564
6.4 0.000288722
6.41 0.000285757
6.42 0.000280786
6.43 0.000273765
6.44 0.0002645
6.45 0.000252737
6.46 0.000238305
6.47 0.000221266
6.48 0.000202003
6.49 0.000181171
6.5 0.000159488
6.51 0.000137471
6.52 0.000115219
6.53 9.23497e-05
6.54 6.81678e-05
6.55 4.20091e-05
6.56 1.36672e-05
6.57 -1.62986e-05
6.58 -4.65447e-05
6.59 -7.53051e-05
6.6 -0.000101051
6.61 -0.000123144
6.62 -0.000142092
6.63 -0.00015918
6.64 -0.000175664
6.65 -0.000192003
6.66 -0.000207569
6.67 -0.000220957
6.68 -0.000230656
6.69 -0.000235704
6.7 -0.000236066
6.71 -0.000232624
6.72 -0.000226814
6.73 -0.000220011
6.74 -0.000212903
6.75 -0.000205169
6.76 -0.000195685
6.77 -0.000183221
6.78 -0.000167266
6.79 -0.000148512
6.8 -0.000128667
6.81 -0.000109704
6.82 -9.29952e-05
6.83 -7.87927e-05
6.84 -6.62917e-05
6.85 -5.41716e-05
6.86 -4.12918e-05
6.87 -2.72007e-05
6.88 -1.22824e-05
6.89 2.43715e-06
6.9 1.56798e-05
6.91 2.63506e-05
6.92 3.38894e-05
6.93 3.84224e-05
6.94 4.06413e-05
6.95 4.14307e-05
6.96 4.13806e-05
6.97 4.03942e-05
6.98 3.76283e-05
6.99 3.1921e-05
7 2.25988e-05
7.01 1.02371e-05
7.02 -3.16514e-06
7.03 -1.487e-05
7.04 -2.2693e-05
7.05 -2.61817e-05
7.06 -2.69274e-05
7.07 -2.77415e-05
7.08 -3.1137e-05
7.09 -3.79908e-05
7.1 -4.71215e-05
7.11 -5.59339e-05
7.12 -6.16601e-05
7.13 -6.24817e-05
7.14 -5.80358e-05
7.15 -4.92442e-05
7.16 -3.77271e-05
7.17 -2.51311e-05
7.18 -1.25867e-05
7.19 -3.98412e-07
7.2 1.19753e-05
7.21 2.5609e-05
7.22 4.15258e-05
7.23 6.00841e-05
7.24 8.06718e-05
7.25 0.000101921
7.26 0.000122361
7.27 0.000141137
7.28 0.000158381
7.29 0.000175009
7.3 0.000192087
7.31 0.000210123
7.32 0.000228635
7.33 0.00024617
7.34 0.000260732
7.35 0.000270445
7.36 0.000274207
7.37 0.000272126
7.38 0.000265541
7.39 0.000256598
7.4 0.000247522
7.41 0.000239866
7.42 0.000234056
7.43 0.000229364
7.44 0.000224254
7.45 0.000216876
7.46 0.000205581
7.47 0.000189385
7.48 0.000168338
7.49 0.000143649
7.5 0.00011743
7.51 9.20837e-05
7.52 6.95545e-05
7.53 5.07385e-05
7.54 3.52862e-05
7.55 2.18741e-05
7.56 8.81125e-06
7.57 -5.29499e-06
7.58 -2.11067e-05
7.59 -3.85178e-05
7.6 -5.69491e-05
7.61 -7.57171e-05
7.62 -9.42066e-05
7.63 -0.000111803
7.64 -0.000127814
7.65 -0.000141636
7.66 -0.000153143
7.67 -0.000162972
7.68 -0.000172394
7.69 -0.000182754
7.7 -0.000194813
7.71 -0.000208374
7.72 -0.00022238
7.73 -0.00023539
7.74 -0.000246189
7.75 -0.000254281
7.76 -0.00026006
7.77 -0.000264614
7.78 -0.000269224
7.79 -0.000274808
7.8 -0.000281554
7.81 -0.000288921
7.82 -0.000295953
7.83 -0.000301709
7.84 -0.0003056
7.85 -0.000307506
7.86 -0.000307697
7.87 -0.000306626
7.88 -0.000304686
7.89 -0.000302017
7.9 -0.000298406
7.91 -0.000293343
7.92 -0.000286196
7.93 -0.000276464
7.94 -0.000264013
7.95 -0.000249206
7.96 -0.000232806
7.97 -0.000215656
7.98 -0.000198264
7.99 -0.000180566
8 -0.000161984
8.01 -0.00014174
8.02 -0.000119185
8.03 -9.39989e-05
8.04 -6.62829e-05
8.05 -3.6595e-05
8.06 -5.90064e-06
8.07 2.46237e-05
8.08 5.39049e-05
8.09 8.12662e-05
8.1 0.000106554
8.11 0.000130054
8.12 0.000152261
8.13 0.000173617
8.14 0.000194343
8.15 0.000214419
8.16 0.000233661
8.17 0.000251757
8.18 0.000268204
8.19 0.000282227
8.2 0.000292868
8.21 0.00029931
8.22 0.000301294
8.23 0.000299324
8.24 0.000294504
8.25 0.000288076
8.26 0.000280957
8.27 0.000273509
8.28 0.000265615
8.29 0.000256919
8.3 0.000247083
8.31 0.000235957
8.32 0.000223652
8.33 0.000210527
8.34 0.000197126
8.35 0.000184079
8.36 0.00017197
8.37 0.000161186
8.38 0.000151776
8.39 0.000143421
8.4 0.000135558
8.41 0.00012763
8.42 0.000119361
8.43 0.000110893
8.44 0.000102723
8.45 9.54817e-05
8.46 8.9683e-05
8.47 8.55292e-05
8.48 8.28427e-05
8.49 8.11176e-05
8.5 7.96793e-05
8.51 7.79124e-05
8.52 7.54822e-05
8.53 7.24546e-05
8.54 6.92335e-05
8.55 6.63289e-05
8.56 6.40688e-05
8.57 6.24095e-05
8.58 6.09386e-05
8.59 5.90584e-05
8.6 5.62434e-05
8.61 5.22319e-05
8.62 4.70394e-05
8.63 4.07883e-05
8.64 3.34791e-05
8.65 2.48845e-05
8.66 1.46674e-05
8.67 2.65649e-06
8.68 -1.09156e-05
8.69 -2.53874e-05
8.7 -3.99109e-05
8.71 -5.38754e-05
8.72 -6.73302e-05
8.73 -8.11618e-05
8.74 -9.68178e-05
8.75 -0.000115612
8.76 -0.000137951
8.77 -0.000162916
8.78 -0.000188438
8.79 -0.000211982
8.8 -0.000231494
8.81 -0.000246263
8.82 -0.000257289
8.83 -0.000266899
8.84 -0.000277697
8.85 -0.000291304
8.86 -0.000307522
8.87 -0.000324295
8.88 -0.000338452
8.89 -0.000346914
8.9 -0.000347908
8.91 -0.000341731
8.92 -0.000330739
8.93 -0.000318486
8.94 -0.000308323
8.95 -0.000302042
8.96 -0.000299153
8.97 -0.00029713
8.98 -0.000292521
8.99 -0.000282461
9 -0.000265912
9.01 -0.000244063
9.02 -0.000219724
9.03 -0.000196036
9.04 -0.000175151
9.05 -0.000157471
9.06 -0.000141754
9.07 -0.00012593
9.08 -0.000108176
9.09 -8.77406e-05
9.1 -6.51189e-05
9.11 -4.15728e-05
9.12 -1.83126e-05
9.13 4.13753e-06
9.14 2.6027e-05
9.15 4.79481e-05
9.16 7.02594e-05
9.17 9.27629e-05
9.18 0.000114767
9.19 0.00013538
9.2 0.000153807
9.21 0.00016956
9.22 0.00018259
9.23 0.000193358
9.24 0.000202749
9.25 0.000211751
9.26 0.000220975
9.27 0.000230267
9.28 0.000238697
9.29 0.000244991
9.3 0.000248179
9.31 0.000248085
9.32 0.000245357
9.33 0.000241031
9.34 0.000235939
9.35 0.000230346
9.36 0.000224094
9.37 0.000217143
9.38 0.000210165
9.39 0.000204665
9.4 0.000202354
9.41 0.000204053
9.42 0.000208891
9.43 0.000214469
9.44 0.000218015
9.45 0.000217848
9.46 0.000214239
9.47 0.000209205
9.48 0.000205392
9.49 0.000204691
9.5 0.000207299
9.51 0.000211666
9.52 0.000215322
9.53 0.00021611
9.54 0.000213179
9.55 0.000207313
9.56 0.000200533
9.57 0.000195181
9.58 0.000192831
9.59 0.000193464
9.6 0.000195326
9.61 0.000195648
9.62 0.00019192
9.63 0.000183042
9.64 0.000169725
9.65 0.000153981
9.66 0.000138077
9.67 0.000123582
9.68 0.000110892
9.69 9.92777e-05
9.7 8.72416e-05
9.71 7.29699e-05
9.72 5.48129e-05
9.73 3.17863e-05
9.74 4.00282e-06
9.75 -2.71911e-05
9.76 -5.95723e-05
9.77 -9.08325e-05
9.78 -0.000119432
9.79 -0.000145043
9.8 -0.000168362
9.81 -0.000190449
9.82 -0.00021206
9.83 -0.000233368
9.84 -0.000254097
9.85 -0.000273796
9.86 -0.00029194
9.87 -0.000307839
9.88 -0.000320574
9.89 -0.000329214
9.9 -0.00033328
9.91 -0.000333135
9.92 -0.000329917
9.93 -0.000324906
9.94 -0.000318727
9.95 -0.000310995
9.96 -0.000300685
9.97 -0.000287007
9.98 -0.00027016
9.99 -0.00025149
10 -0.000232948
10.01 -0.000216219
10.02 -0.000202019
10.03 -0.000189914
10.04 -0.000178619
10.05 -0.000166571
10.06 -0.000152521
10.07 -0.000136003
10.08 -0.000117532
10.09 -9.84705e-05
10.1 -8.05205e-05
10.11 -6.50466e-05
10.12 -5.25197e-05
10.13 -4.23952e-05
10.14 -3.35119e-05
10.15 -2.47927e-05
10.16 -1.58365e-05
10.17 -7.06169e-06
10.18 6.48559e-07
10.19 6.53666e-06
10.2 1.04141e-05
10.21 1.27021e-05
10.22 1.40939e-05
10.23 1.51174e-05
10.24 1.59219e-05
10.25 1.64333e-05
10.26 1.67238e-05
10.27 1.7271e-05
10.28 1.88572e-05
10.29 2.21536e-05
10.3 2.73022e-05
10.31 3.38243e-05
10.32 4.09245e-05
10.33 4.79674e-05
10.34 5.48244e-05
10.35 6.19282e-05
10.36 7.00564e-05
10.37 7.99598e-05
10.38 9.19863e-05
10.39 0.000105851
10.4 0.000120662
10.41 0.000135213
10.42 0.000148415
10.43 0.000159652
10.44 0.000168907
10.45 0.000176615
10.46 0.000183361
10.47 0.000189601
10.48 0.000195468
10.49 0.000200696
10.5 0.000204645
10.51 0.000206421
10.52 0.000205127
10.53 0.000200175
10.54 0.000191547
10.55 0.00017991
10.56 0.000166568
10.57 0.000153247
10.58 0.00014174
10.59 0.000133392
10.6 0.000128633
10.61 0.000126831
10.62 0.000126682
10.63 0.000126946
10.64 0.000127027
10.65 0.000126953
10.66 0.000126795
10.67 0.000126141
10.68 0.00012426
10.69 0.000120943
10.7 0.000117231
10.71 0.000115189
10.72 0.000116675
10.73 0.000121993
10.74 0.000129474
10.75 0.000136337
10.76 0.000140167
10.77 0.000139999
10.78 0.00013639
10.79 0.000130685
10.8 0.000124076
10.81 0.000117014
10.82 0.000109099
10.83 9.93624e-05
10.84 8.68353e-05
10.85 7.11933e-05
10.86 5.31039e-05
10.87 3.39008e-05
10.88 1.46899e-05
10.89 -4.48637e-06
10.9 -2.47978e-05
10.91 -4.7978e-05
10.92 -7.53195e-05
10.93 -0.000106908
10.94 -0.000141458
10.95 -0.000176759
10.96 -0.000210456
10.97 -0.000240834
10.98 -0.000267259
10.99 -0.000290149
11 -0.00031051
11.01 -0.000329305
11.02 -0.000346906
11.03 -0.000362819
11.04 -0.000375729
11.05 -0.000383838
11.06 -0.000385414
11.07 -0.000379432
11.08 -0.000366065
11.09 -0.000346771
11.1 -0.00032384
11.11 -0.000299584
11.12 -0.000275575
11.13 -0.000252299
11.14 -0.00022936
11.15 -0.000206067
11.16 -0.00018207
11.17 -0.000157735
11.18 -0.000134109
11.19 -0.000112546
11.2 -9.41922e-05
11.21 -7.95589e-05
11.22 -6.83685e-05
11.23 -5.97397e-05
11.24 -5.26599e-05
11.25 -4.65657e-05
11.26 -4.17836e-05
11.27 -3.96039e-05
11.28 -4.18622e-05
11.29 -5.00826e-05
11.3 -6.45172e-05
11.31 -8.36669e-05
11.32 -0.000104748
11.33 -0.000124964
11.34 -0.000142805
11.35 -0.000158506
11.36 -0.000173406
11.37 -0.000188707
11.38 -0.000204497
11.39 -0.000219571
11.4 -0.00023199
11.41 -0.00023985
11.42 -0.000241777
11.43 -0.000237023
11.44 -0.00022541
11.45 -0.000207329
11.46 -0.000183704
11.47 -0.000155633
11.48 -0.00012373
11.49 -8.76148e-05
11.5 -4.60382e-05
11.51 2.30657e-06
11.52 5.7767e-05
11.53 0.000119151
11.54 0.000183914
11.55 0.000248967
11.56 0.000311611
11.57 0.000370113
11.58 0.000423699
11.59 0.000472118
11.6 0.000515202
11.61 0.000552707
11.62 0.000584375
11.63 0.000609894
11.64 0.00062864
11.65 0.000639392
11.66 0.000640419
11.67 0.000630067
11.68 0.000607554
11.69 0.000573511
11.7 0.00052994
11.71 0.000479676
11.72 0.000425645
11.73 0.000370275
11.74 0.00031518
11.75 0.000261144
11.76 0.000208243
11.77 0.000156036
11.78 0.000103751
11.79 5.05154e-05
11.8 -4.28342e-06
11.81 -6.05846e-05
11.82 -0.000117394
11.83 -0.000172927
11.84 -0.000225175
11.85 -0.000272577
11.86 -0.000314334
11.87 -0.000350105
11.88 -0.000379295
11.89 -0.000400441
11.9 -0.000411139
11.91 -0.000408713
11.92 -0.00039154
11.93 -0.000360546
11.94 -0.00032004
11.95 -0.000277021
11.96 -0.000238787
11.97 -0.000209895
11.98 -0.00019016
11.99 -0.000174881
12 -0.000157141
12.01 -0.000130946
12.02 -9.37791e-05
12.03 -4.76241e-05
12.04 1.82653e-06
12.05 4.74156e-05
12.06 8.33056e-05
12.07 0.000107105
12.08 0.000120385
12.09 0.000127434
12.1 0.000132987
12.11 0.000140125
12.12 0.000149292
12.13 0.000158659
12.14 0.000165441
12.15 0.000167332
12.16 0.000163364
12.17 0.000153857
12.18 0.000139746
12.19 0.000121881
12.2 0.000100819
12.21 7.71339e-05
12.22 5.18411e-05
12.23 2.64609e-05
12.24 2.65837e-06
12.25 -1.82228e-05
12.26 -3.53707e-05
12.27 -4.84353e-05
12.28 -5.74552e-05
12.29 -6.29859e-05
12.3 -6.62641e-05
12.31 -6.90212e-05
12.32 -7.27668e-05
12.33 -7.78285e-05
12.34 -8.27603e-05
12.35 -8.46239e-05
12.36 -8.0172e-05
12.37 -6.73824e-05
12.38 -4.64852e-05
12.39 -1.98671e-05
12.4 9.04698e-06
12.41 3.71927e-05
12.42 6.27269e-05
12.43 8.50339e-05
12.44 0.000104177
12.45 0.000120346
12.46 0.000133635
12.47 0.000144106
12.48 0.000151879
12.49 0.000157094
12.5 0.00015976
12.51 0.000159645
12.52 0.000156313
12.53 0.000149268
12.54 0.000138103
12.55 0.000122589
12.56 0.000102699
12.57 7.86073e-05
12.58 5.06672e-05
12.59 1.94347e-05
12.6 -1.42339e-05
12.61 -4.9045e-05
12.62 -8.32231e-05
12.63 -0.000114686
12.64 -0.000141451
12.65 -0.000162137
12.66 -0.000176357
12.67 -0.000184808
12.68 -0.00018898
12.69 -0.000190539
12.7 -0.000190554
12.71 -0.000188842
12.72 -0.000183786
12.73 -0.000172909
12.74 -0.000154083
12.75 -0.000126765
12.76 -9.24442e-05
12.77 -5.39407e-05
12.78 -1.3998e-05
12.79 2.59198e-05
12.8 6.58977e-05
12.81 0.000106841
12.82 0.000149319
12.83 0.000192747
12.84 0.000235343
12.85 0.000274718
12.86 0.000308669
12.87 0.000335739
12.88 0.000355456
12.89 0.000368227
12.9 0.000374941
12.91 0.00037649
12.92 0.000373472
12.93 0.000366212
12.94 0.000354875
12.95 0.000339421
12.96 0.000319391
12.97 0.000293865
12.98 0.00026187
12.99 0.000223175
13 0.000178952
13.01 0.000131786
13.02 8.49267e-05
13.03 4.11252e-05
13.04 1.70203e-06
13.05 -3.37229e-05
13.06 -6.67944e-05
13.07 -9.96062e-05
13.08 -0.000133892
13.09 -0.00017043
13.1 -0.000208718
13.11 -0.000246947
13.12 -0.000282364
13.13 -0.000311968
13.14 -0.000333275
13.15 -0.000344853
13.16 -0.000346545
13.17 -0.000339505
13.18 -0.000326026
13.19 -0.000308956
13.2 -0.000290655
13.21 -0.000272031
13.22 -0.000252418
13.23 -0.000230506
13.24 -0.000205759
13.25 -0.000179298
13.26 -0.000153651
13.27 -0.000131521
13.28 -0.000114396
13.29 -0.00010181
13.3 -9.16535e-05
13.31 -8.12408e-05
13.32 -6.85062e-05
13.33 -5.27507e-05
13.34 -3.47493e-05
13.35 -1.63984e-05
13.36 -2.05644e-07
13.37 1.11907e-05
13.38 1.54633e-05
13.39 1.10708e-05
13.4 -2.24767e-06
13.41 -2.31398e-05
13.42 -4.87647e-05
13.43 -7.55405e-05
13.44 -0.000100324
13.45 -0.000121478
13.46 -0.000139286
13.47 -0.000155518
13.48 -0.000172466
13.49 -0.000191958
13.5 -0.000214757
13.51 -0.000240472
13.52 -0.000267836
13.53 -0.000295127
13.54 -0.000320565
13.55 -0.000342598
13.56 -0.000360058
13.57 -0.000372178
13.58 -0.000378496
13.59 -0.000378738
13.6 -0.000372734
13.61 -0.00036043
13.62 -0.000342067
13.63 -0.000318493
13.64 -0.000291414
13.65 -0.000263293
13.66 -0.000236699
13.67 -0.000213308
13.68 -0.000193064
13.69 -0.000174058
13.7 -0.000153306
13.71 -0.000128084
13.72 -9.71871e-05
13.73 -6.15173e-05
13.74 -2.37852e-05
13.75 1.25091e-05
13.76 4.43597e-05
13.77 7.02604e-05
13.78 9.04972e-05
13.79 0.000106621
13.8 0.00012043
13.81 0.000133081
13.82 0.000144834
13.83 0.000155392
13.84 0.000164352
13.85 0.000171325
13.86 0.000175824
13.87 0.000177293
13.88 0.000175463
13.89 0.000170752
13.9 0.000164245
13.91 0.000157166
13.92 0.000150199
13.93 0.000143208
13.94 0.000135605
13.95 0.000127072
13.96 0.000118071
13.97 0.000109743
13.98 0.00010325
13.99 9.90504e-05
14 9.65998e-05
14.01 9.47635e-05
14.02 9.27024e-05
14.03 9.06606e-05
14.04 9.00869e-05
14.05 9.29764e-05
14.06 0.000100879
14.07 0.00011424
14.08 0.000132425
14.09 0.000154253
14.1 0.000178572
14.11 0.000204533
14.12 0.000231489
14.13 0.000258655
14.14 0.000284846
14.15 0.000308637
14.16 0.000328965
14.17 0.00034573
14.18 0.000359818
14.19 0.000372422
14.2 0.00038408
14.21 0.000394122
14.22 0.000400961
14.23 0.000403019
14.24 0.000399633
14.25 0.000391274
14.26 0.000379014
14.27 0.00036376
14.28 0.000345886
14.29 0.000325485
14.3 0.00030291
14.31 0.000279063
14.32 0.000255194
14.33 0.000232349
14.34 0.000210872
14.35 0.00019023
14.36 0.000169228
14.37 0.000146419
14.38 0.000120567
14.39 9.1018e-05
14.4 5.79352e-05
14.41 2.23515e-05
14.42 -1.39892e-05
14.43 -4.89385e-05
14.44 -8.02801e-05
14.45 -0.000106092
14.46 -0.000125223
14.47 -0.000137811
14.48 -0.000145474
14.49 -0.000150841
14.5 -0.000156521
14.51 -0.000164021
14.52 -0.000173183
14.53 -0.000182349
14.54 -0.000189132
14.55 -0.000191393
14.56 -0.000188045
14.57 -0.000179406
14.58 -0.000167079
14.59 -0.00015346
14.6 -0.000141103
14.61 -0.000132107
14.62 -0.000127642
14.63 -0.000127694
14.64 -0.000131164
14.65 -0.000136363
14.66 -0.000141802
14.67 -0.00014687
14.68 -0.000152018
14.69 -0.000158334
14.7 -0.000166773
14.71 -0.000177555
14.72 -0.000190096
14.73 -0.000203482
14.74 -0.000217127
14.75 -0.000231116
14.76 -0.000246024
14.77 -0.000262387
14.78 -0.000280223
14.79 -0.000298872
14.8 -0.000317194
14.81 -0.000333949
14.82 -0.000348161
14.83 -0.000359312
14.84 -0.000367336
14.85 -0.000372446
14.86 -0.000374898
14.87 -0.000374744
14.88 -0.000371682
14.89 -0.00036508
14.9 -0.000354212
14.91 -0.000338622
14.92 -0.000318399
14.93 -0.000294206
14.94 -0.000267141
14.95 -0.000238579
14.96 -0.000210051
14.97 -0.000182974
14.98 -0.000158185
14.99 -0.000135505
15 -0.000113774
15.01 -9.14261e-05
15.02 -6.72192e-05
15.03 -4.0622e-05
15.04 -1.17467e-05
15.05 1.88162e-05
15.06 4.99735e-05
15.07 8.00409e-05
15.08 0.000106942
15.09 0.000128826
15.1 0.00014482
15.11 0.000155444
15.12 0.000162379
15.13 0.000167705
15.14 0.000172999
15.15 0.000178762
15.16 0.000184356
15.17 0.000188429
15.18 0.000189565
15.19 0.000186908
15.2 0.000180545
15.21 0.000171546
15.22 0.000161688
15.23 0.000152972
15.24 0.000147085
15.25 0.000144955
15.26 0.000146525
15.27 0.000150828
15.28 0.000156379
15.29 0.000161785
15.3 0.000166367
15.31 0.000170531
15.32 0.000175733
15.33 0.000183991
15.34 0.000197134
15.35 0.000216069
15.36 0.000240388
15.37 0.000268471
15.38 0.000297993
15.39 0.000326584
15.4 0.000352464
15.41 0.000374991
15.42 0.000395031
15.43 0.000414891
15.44 0.000437612
15.45 0.000465653
15.46 0.000499422
15.47 0.000536423
15.48 0.000571626
15.49 0.000599036
15.5 0.000613831
15.51 0.0006142
15.52 0.000602093
15.53 0.000582481
15.54 0.000561364
15.55 0.000543344
15.56 0.000529844
15.57 0.000518739
15.58 0.000505452
15.59 0.000484949
15.6 0.000453767
15.61 0.000411325
15.62 0.00036006
15.63 0.000304405
15.64 0.000249028
15.65 0.000197111
15.66 0.000149398
15.67 0.000104304
15.68 5.89358e-05
15.69 1.0517e-05
15.7 -4.23659e-05
15.71 -9.92075e-05
15.72 -0.000157953
15.73 -0.000216088
15.74 -0.000271834
15.75 -0.000324788
15.76 -0.000375687
15.77 -0.000425541
15.78 -0.000474676
15.79 -0.0005221
15.8 -0.000565424
15.81 -0.000601395
15.82 -0.000626946
15.83 -0.000640464
15.84 -0.000642715
15.85 -0.000636923
15.86 -0.000627837
15.87 -0.000620118
15.88 -0.000616748
15.89 -0.00061809
15.9 -0.000621966
15.91 -0.000624696
15.92 -0.000622661
15.93 -0.000613739
15.94 -0.000598043
15.95 -0.00057771
15.96 -0.000555921
15.97 -0.000535635
15.98 -0.0005186
15.99 -0.000504981
16 -0.000493636
16.01 -0.000482805
16.02 -0.0004709
16.03 -0.000457058
16.04 -0.000441236
16.05 -0.00042379
16.06 -0.000404823
16.07 -0.000383814
16.08 -0.000359886
16.09 -0.000332548
16.1 -0.000302322
16.11 -0.000270722
16.12 -0.000239589
16.13 -0.000210208
16.14 -0.000182773
16.15 -0.000156459
16.16 -0.000130008
16.17 -0.000102487
16.18 -7.37495e-05
16.19 -4.43521e-05
16.2 -1.50656e-05
16.21 1.3616e-05
16.22 4.16741e-05
16.23 6.94874e-05
16.24 9.76402e-05
16.25 0.000126685
16.26 0.00015684
16.27 0.000187707
16.28 0.000218211
16.29 0.000246911
16.3 0.000272577
16.31 0.000294695
16.32 0.000313586
16.33 0.000330121
16.34 0.000345258
16.35 0.000359692
16.36 0.000373731
16.37 0.00038729
16.38 0.00039988
16.39 0.000410598
16.4 0.000418285
16.41 0.000421905
16.42 0.000421016
16.43 0.000416047
16.44 0.000408212
16.45 0.000399101
16.46 0.000390173
16.47 0.00038235
16.48 0.000375863
16.49 0.000370349
16.5 0.000365122
16.51 0.000359473
16.52 0.000352931
16.53 0.000345401
16.54 0.000337162
16.55 0.000328746
16.56 0.000320745
16.57 0.000313623
16.58 0.000307613
16.59 0.000302731
16.6 0.000298864
16.61 0.000295848
16.62 0.000293484
16.63 0.000291481
16.64 0.000289381
16.65 0.00028654
16.66 0.000282228
16.67 0.000275848
16.68 0.000267176
16.69 0.000256463
16.7 0.00024429
16.71 0.00023125
16.72 0.000217658
16.73 0.000203482
16.74 0.000188544
16.75 0.000172801
16.76 0.000156466
16.77 0.000139804
16.78 0.000122726
16.79 0.000104486
16.8 8.37929e-05
16.81 5.93549e-05
16.82 3.05647e-05
16.83 -2.08115e-06
16.84 -3.70721e-05
16.85 -7.24144e-05
16.86 -0.000106333
16.87 -0.000137856
16.88 -0.000167073
16.89 -0.000195002
16.9 -0.000223097
16.91 -0.000252575
16.92 -0.0002838
16.93 -0.000315972
16.94 -0.000347251
16.95 -0.000375279
16.96 -0.000397905
16.97 -0.000413806
16.98 -0.000422764
16.99 -0.000425502
17 -0.000423223
17.01 -0.000417095
17.02 -0.00040793
17.03 -0.000396129
17.04 -0.000381848
17.05 -0.000365215
17.06 -0.00034646
17.07 -0.00032591
17.08 -0.000303899
17.09 -0.000280692
17.1 -0.000256477
17.11 -0.000231368
17.12 -0.000205416
17.13 -0.000178643
17.14 -0.000151155
17.15 -0.000123296
17.16 -9.57494e-05
17.17 -6.94797e-05
17.18 -4.54941e-05
17.19 -2.452e-05
17.2 -6.76765e-06
17.21 8.05376e-06
17.22 2.04369e-05
17.23 3.06539e-05
17.24 3.84654e-05
17.25 4.31548e-05
17.26 4.38815e-05
17.27 4.01623e-05
17.28 3.2216e-05
17.29 2.09766e-05
17.3 7.73795e-06
17.31 -6.3927e-06
17.32 -2.09205e-05
17.33 -3.60192e-05
17.34 -5.22031e-05
17.35 -6.98365e-05
17.36 -8.879e-05
17.37 -0.000108414
17.38 -0.000127769
17.39 -0.000145898
17.4 -0.000161983
17.41 -0.00017536
17.42 -0.000185473
17.43 -0.000191858
17.44 -0.000194181
17.45 -0.000192335
17.46 -0.000186529
17.47 -0.000177316
17.48 -0.000165429
17.49 -0.00015145
17.5 -0.000135463
17.51 -0.000116975
17.52 -9.52147e-05
17.53 -6.96432e-05
17.54 -4.03743e-05
17.55 -8.26794e-06
17.56 2.52986e-05
17.57 5.88137e-05
17.58 9.09992e-05
17.59 0.000121071
17.6 0.000148858
17.61 0.00017475
17.62 0.000199463
17.63 0.000223643
17.64 0.000247429
17.65 0.000270142
17.66 0.000290257
17.67 0.000305751
17.68 0.000314708
17.69 0.000315969
17.7 0.000309524
17.71 0.000296484
17.72 0.000278697
17.73 0.000258216
17.74 0.000236809
17.75 0.000215633
17.76 0.000195084
17.77 0.000174861
17.78 0.000154225
17.79 0.000132376
17.8 0.000108846
17.81 8.37301e-05
17.82 5.76598e-05
17.83 3.15273e-05
17.84 6.12192e-06
17.85 -1.81273e-05
17.86 -4.11821e-05
17.87 -6.31936e-05
17.88 -8.41664e-05
17.89 -0.000103643
17.9 -0.000120569
17.91 -0.000133443
17.92 -0.00014074
17.93 -0.000141462
17.94 -0.000135592
17.95 -0.000124211
17.96 -0.000109198
17.97 -9.26209e-05
17.98 -7.60964e-05
17.99 -6.03568e-05
18 -4.51383e-05
18.01 -2.93991e-05
18.02 -1.18061e-05
18.03 8.65079e-06
18.04 3.21557e-05
18.05 5.79211e-05
18.06 8.44918e-05
18.07 0.00011032
18.08 0.000134261
18.09 0.000155721
18.1 0.000174442
18.11 0.000190169
18.12 0.000202451
18.13 0.000210653
18.14 0.000214117
18.15 0.000212336
18.16 0.000205111
18.17 0.00019269
18.18 0.000175895
18.19 0.000156141
18.2 0.000135233
18.21 0.000114877
18.22 9.60515e-05
18.23 7.85692e-05
18.24 6.11649e-05
18.25 4.21453e-05
18.26 2.02656e-05
18.27 -4.6536e-06
18.28 -3.16415e-05
18.29 -5.89502e-05
18.3 -8.46139e-05
18.31 -0.00010695
18.32 -0.000124876
18.33 -0.000138006
18.34 -0.00014653
18.35 -0.000150922
18.36 -0.000151618
18.37 -0.000148802
18.38 -0.000142405
18.39 -0.000132284
18.4 -0.000118432
18.41 -0.000101104
18.42 -8.08412e-05
18.43 -5.84422e-05
18.44 -3.48822e-05
18.45 -1.11196e-05
18.46 1.21639e-05
18.47 3.4704e-05
18.48 5.65148e-05
18.49 7.75136e-05
18.5 9.71573e-05
18.51 0.000114351
18.52 0.00012769
18.53 0.000135862
18.54 0.00013793
18.55 0.000133371
18.56 0.000121922
18.57 0.000103411
18.58 7.77522e-05
18.59 4.51203e-05
18.6 6.15864e-06
18.61 -3.79823e-05
18.62 -8.5852e-05
18.63 -0.000136036
18.64 -0.000187421
18.65 -0.000239253
18.66 -0.000291044
18.67 -0.000342438
18.68 -0.000393122
18.69 -0.000442753
18.7 -0.000490816
18.71 -0.000536413
18.72 -0.00057804
18.73 -0.000613539
18.74 -0.000640374
18.75 -0.000656256
18.76 -0.000659921
18.77 -0.000651688
18.78 -0.000633453
18.79 -0.000608049
18.8 -0.000578259
18.81 -0.000545971
18.82 -0.00051183
18.83 -0.000475489
18.84 -0.000436226
18.85 -0.00039362
18.86 -0.000347983
18.87 -0.000300385
18.88 -0.000252291
18.89 -0.000204971
18.9 -0.000158943
18.91 -0.000113688
18.92 -6.78081e-05
18.93 -1.95958e-05
18.94 3.2203e-05
18.95 8.7795e-05
18.96 0.000146198
18.97 0.000205603
18.98 0.000264011
18.99 0.000319738
19 0.000371531
19.01 0.000418329
19.02 0.000458977
19.03 0.000492245
19.04 0.000517207
19.05 0.000533742
19.06 0.000542825
19.07 0.000546347
19.08 0.000546538
19.09 0.000545268
19.1 0.000543545
19.11 0.000541404
19.12 0.000538152
19.13 0.000532819
19.14 0.000524643
19.15 0.000513448
19.16 0.000499831
19.17 0.000485087
19.18 0.000470866
19.19 0.000458663
19.2 0.00044931
19.21 0.000442677
19.22 0.000437723
19.23 0.00043289
19.24 0.000426678
19.25 0.000418162
19.26 0.000407234
19.27 0.000394508
19.28 0.000380991
19.29 0.000367681
19.3 0.000355253
19.31 0.000343931
19.32 0.00033355
19.33 0.000323769
19.34 0.000314301
19.35 0.000305046
19.36 0.00029604
19.37 0.000287253
19.38 0.000278364
19.39 0.000268718
19.4 0.000257543
19.41 0.000244341
19.42 0.00022923
19.43 0.000213023
19.44 0.000196976
19.45 0.000182319
19.46 0.00016977
19.47 0.000159277
19.48 0.00015004
19.49 0.000140792
19.5 0.000130244
19.51 0.000117539
19.52 0.000102564
19.53 8.5978e-05
19.54 6.8941e-05
19.55 5.26508e-05
19.56 3.78924e-05
19.57 2.47797e-05
19.58 1.27955e-05
19.59 1.09581e-06
19.6 -1.10772e-05
19.61 -2.4073e-05
19.62 -3.77407e-05
19.63 -5.15813e-05
19.64 -6.50432e-05
19.65 -7.78155e-05
19.66 -8.99811e-05
19.67 -0.00010196
19.68 -0.000114272
19.69 -0.000127242
19.7 -0.000140821
19.71 -0.00015463
19.72 -0.000168204
19.73 -0.000181261
19.74 -0.000193856
19.75 -0.000206359
19.76 -0.000219276
19.77 -0.000233035
19.78 -0.000247805
19.79 -0.000263471
19.8 -0.000279735
19.81 -0.000296296
19.82 -0.000312976
19.83 -0.000329709
19.84 -0.00034641
19.85 -0.000362824
19.86 -0.000378473
19.87 -0.000392787
19.88 -0.000405311
19.89 -0.000415889
19.9 -0.000424687
19.91 -0.000432075
19.92 -0.000438418
19.93 -0.000443859
19.94 -0.000448171
19.95 -0.000450748
19.96 -0.000450795
19.97 -0.000447661
19.98 -0.000441191
19.99 -0.000431934
20 -0.00042104
20.01 -0.000409824
20.02 -0.000399174
20.03 -0.000389124
20.04 -0.00037886
20.05 -0.000367175
20.06 -0.000353091
20.07 -0.000336307
20.08 -0.000317286
20.09 -0.000297001
20.1 -0.000276538
20.11 -0.000256737
20.12 -0.00023799
20.13 -0.000220208
20.14 -0.000202939
20.15 -0.000185591
20.16 -0.000167726
20.17 -0.000149322
20.18 -0.000130887
20.19 -0.000113317
20.2 -9.75574e-05
20.21 -8.42397e-05
20.22 -7.34727e-05
20.23 -6.48824e-05
20.24 -5.78345e-05
20.25 -5.17025e-05
20.26 -4.60637e-05
20.27 -4.07838e-05
20.28 -3.60166e-05
20.29 -3.21527e-05
20.3 -2.97099e-05
20.31 -2.91484e-05
20.32 -3.06536e-05
20.33 -3.39893e-05
20.34 -3.85139e-05
20.35 -4.33711e-05
20.36 -4.7778e-05
20.37 -5.1293e-05
20.38 -5.39577e-05
20.39 -5.62394e-05
20.4 -5.87764e-05
20.41 -6.20267e-05
20.42 -6.59765e-05
20.43 -7.00554e-05
20.44 -7.33158e-05
20.45 -7.48022e-05
20.46 -7.39387e-05
20.47 -7.07489e-05
20.48 -6.58097e-05
20.49 -5.99616e-05
20.5 -5.39046e-05
20.51 -4.786e-05
20.52 -4.14648e-05
20.53 -3.3968e-05
20.54 -2.46384e-05
20.55 -1.31599e-05
20.56 2.11557e-07
20.57 1.4806e-05
20.58 2.98897e-05
20.59 4.49845e-05
20.6 5.9982e-05
20.61 7.50261e-05
20.62 9.02827e-05
20.63 0.000105759
20.64 0.000121248
20.65 0.000136365
20.66 0.000150596
20.67 0.000163356
20.68 0.000174083
20.69 0.000182396
20.7 0.000188255
20.71 0.00019201
20.72 0.000194289
20.73 0.000195735
20.74 0.000196726
20.75 0.000197198
20.76 0.000196645
20.77 0.000194302
20.78 0.000189443
20.79 0.000181687
20.8 0.000171205
20.81 0.000158708
20.82 0.000145211
20.83 0.000131655
20.84 0.00011855
20.85 0.000105817
20.86 9.289e-05
20.87 7.90245e-05
20.88 6.3671e-05
20.89 4.67407e-05
20.9 2.86883e-05
20.91 1.03997e-05
20.92 -7.07597e-06
20.93 -2.28652e-05
20.94 -3.6554e-05
20.95 -4.82865e-05
20.96 -5.86334e-05
20.97 -6.83079e-05
20.98 -7.78669e-05
20.99 -8.75014e-05
21 -9.6957e-05
21.01 -0.000105585
21.02 -0.000112508
21.03 -0.000116877
21.04 -0.000118151
21.05 -0.000116288
21.06 -0.000111763
21.07 -0.00010538
21.08 -9.79766e-05
21.09 -9.01271e-05
21.1 -8.19546e-05
21.11 -7.3125e-05
21.12 -6.30339e-05
21.13 -5.11105e-05
21.14 -3.70938e-05
21.15 -2.11567e-05
21.16 -3.83741e-06
21.17 1.41727e-05
21.18 3.22912e-05
21.19 5.02407e-05
21.2 6.80898e-05
21.21 8.61178e-05
21.22 0.000104584
21.23 0.000123535
21.24 0.000142751
21.25 0.000161863
21.26 0.000180553
21.27 0.000198712
21.28 0.000216477
21.29 0.000234145
21.3 0.000252024
21.31 0.000270318
21.32 0.000289073
21.33 0.000308197
21.34 0.0003275
21.35 0.000346783
21.36 0.000365918
21.37 0.000384923
21.38 0.000403981
21.39 0.00042339
21.4 0.000443447
21.41 0.000464306
21.42 0.000485861
21.43 0.00050771
21.44 0.00052921
21.45 0.000549638
21.46 0.000568368
21.47 0.000585017
21.48 0.000599476
21.49 0.000611804
21.5 0.000622053
21.51 0.000630111
21.52 0.000635661
21.53 0.000638292
21.54 0.000637676
21.55 0.000633702
21.56 0.000626484
21.57 0.000616271
21.58 0.000603319
21.59 0.000587779
21.6 0.000569648
21.61 0.000548784
21.62 0.000524988
21.63 0.000498141
21.64 0.000468328
21.65 0.00043587
21.66 0.000401219
21.67 0.000364784
21.68 0.000326779
21.69 0.000287158
21.7 0.000245648
21.71 0.000201866
21.72 0.000155472
21.73 0.00010629
21.74 5.43573e-05
21.75 -8.76808e-08
21.76 -5.66536e-05
21.77 -0.000114873
21.78 -0.000174297
21.79 -0.000234576
21.8 -0.000295452
21.81 -0.000356648
21.82 -0.000417709
21.83 -0.000477868
21.84 -0.000536026
21.85 -0.000590809
21.86 -0.000640707
21.87 -0.000684277
21.88 -0.000720431
21.89 -0.000748727
21.9 -0.00076957
21.91 -0.000784157
21.92 -0.000794159
21.93 -0.000801212
21.94 -0.000806468
21.95 -0.000810382
21.96 -0.000812813
21.97 -0.000813329
21.98 -0.000811547
21.99 -0.000807367
22 -0.00080103
22.01 -0.000792988
22.02 -0.000783671
22.03 -0.000773265
22.04 -0.000761608
22.05 -0.00074828
22.06 -0.000732836
22.07 -0.00071505
22.08 -0.000695043
22.09 -0.000673225
22.1 -0.000650099
22.11 -0.000626079
22.12 -0.000601393
22.13 -0.000576096
22.14 -0.000550116
22.15 -0.000523294
22.16 -0.000495392
22.17 -0.000466105
22.18 -0.000435119
22.19 -0.000402213
22.2 -0.000367364
22.21 -0.000330761
22.22 -0.000292717
22.23 -0.000253506
22.24 -0.000213203
22.25 -0.000171636
22.26 -0.000128456
22.27 -8.33078e-05
22.28 -3.6013e-05
22.29 1.33334e-05
22.3 6.43767e-05
22.31 0.000116605
22.32 0.000169466
22.33 0.000222436
22.34 0.000275034
22.35 0.000326814
22.36 0.000377327
22.37 0.000426061
22.38 0.000472364
22.39 0.000515427
22.4 0.000554366
22.41 0.000588416
22.42 0.000617136
22.43 0.000640513
22.44 0.00065888
22.45 0.0006727
22.46 0.000682363
22.47 0.000688116
22.48 0.000690158
22.49 0.000688794
22.5 0.000684529
22.51 0.00067801
22.52 0.000669857
22.53 0.000660482
22.54 0.000649997
22.55 0.000638241
22.56 0.000624892
22.57 0.000609632
22.58 0.000592289
22.59 0.00057292
22.6 0.000551817
22.61 0.000529412
22.62 0.000506139
22.63 0.000482307
22.64 0.000458031
22.65 0.000433249
22.66 0.000407768
22.67 0.000381322
22.68 0.000353629
22.69 0.000324465
22.7 0.000293767
22.71 0.000261712
22.72 0.000228694
22.73 0.000195198
22.74 0.000161657
22.75 0.000128339
22.76 9.53314e-05
22.77 6.25508e-05
22.78 2.98065e-05
22.79 -3.10764e-06
22.8 -3.62961e-05
22.81 -6.96536e-05
22.82 -0.00010281
22.83 -0.000135169
22.84 -0.000166048
22.85 -0.000194866
22.86 -0.000221286
22.87 -0.000245253
22.88 -0.000266899
22.89 -0.000286389
22.9 -0.000303794
22.91 -0.00031905
22.92 -0.000332011
22.93 -0.000342543
22.94 -0.000350621
22.95 -0.000356384
22.96 -0.000360131
22.97 -0.000362249
22.98 -0.000363121
22.99 -0.000363045
23 -0.000362215
23.01 -0.000360779
23.02 -0.000358934
23.03 -0.000357006
23.04 -0.000355433
23.05 -0.000354649
23.06 -0.000354915
23.07 -0.000356211
23.08 -0.000358265
23.09 -0.000360731
23.1 -0.00036341
23.11 -0.000366394
23.12 -0.000370066
23.13 -0.000374943
23.14 -0.000381438
23.15 -0.000389653
23.16 -0.000399305
23.17 -0.000409821
23.18 -0.000420541
23.19 -0.000430912
23.2 -0.000440603
23.21 -0.000449481
23.22 -0.000457545
23.23 -0.000464838
23.24 -0.000471382
23.25 -0.000477133
23.26 -0.000481961
23.27 -0.000485662
23.28 -0.000488003
23.29 -0.000488777
23.3 -0.000487852
23.31 -0.000485177
23.32 -0.00048075
23.33 -0.000474569
23.34 -0.000466585
23.35 -0.000456694
23.36 -0.000444762
23.37 -0.000430688
23.38 -0.000414457
23.39 -0.000396167
23.4 -0.000375985
23.41 -0.000354047
23.42 -0.000330375
23.43 -0.000304863
23.44 -0.000277347
23.45 -0.000247688
23.46 -0.000215812
23.47 -0.000181683
23.48 -0.000145272
23.49 -0.000106574
23.5 -6.56656e-05
23.51 -2.2754e-05
23.52 2.18457e-05
23.53 6.78016e-05
23.54 0.00011487
23.55 0.000162948
23.56 0.000212052
23.57 0.000262221
23.58 0.000313415
23.59 0.000365418
23.6 0.000417808
23.61 0.000469957
23.62 0.000521064
23.63 0.000570189
23.64 0.000616335
23.65 0.000658582
23.66 0.000696257
23.67 0.000729038
23.68 0.000756957
23.69 0.000780307
23.7 0.000799493
23.71 0.000814868
23.72 0.000826619
23.73 0.00083476
23.74 0.000839239
23.75 0.000840096
23.76 0.00083756
23.77 0.000832023
23.78 0.000823894
23.79 0.000813433
23.8 0.000800664
23.81 0.000785407
23.82 0.000767414
23.83 0.000746522
23.84 0.000722801
23.85 0.000696607
23.86 0.000668523
23.87 0.000639196
23.88 0.000609119
23.89 0.000578455
23.9 0.000546992
23.91 0.000514244
23.92 0.000479656
23.93 0.000442832
23.94 0.000403681
23.95 0.000362436
23.96 0.000319536
23.97 0.000275437
23.98 0.000230428
23.99 0.00018456
24 0.000137708
24.01 8.97042e-05
24.02 4.04689e-05
24.03 -9.91835e-06
24.04 -6.12109e-05
24.05 -0.000113008
24.06 -0.00016477
24.07 -0.00021586
24.08 -0.000265641
24.09 -0.000313579
24.1 -0.000359252
24.11 -0.000402232
24.12 -0.000441943
24.13 -0.000477622
24.14 -0.000508454
24.15 -0.000533788
24.16 -0.000553318
24.17 -0.000567165
24.18 -0.000575862
24.19 -0.00058024
24.2 -0.000581256
24.21 -0.000579797
24.22 -0.000576548
24.23 -0.000571925
24.24 -0.000566075
24.25 -0.000558963
24.26 -0.000550498
24.27 -0.000540668
24.28 -0.000529624
24.29 -0.000517657
24.3 -0.000505094
24.31 -0.000492181
24.32 -0.000479049
24.33 -0.000465747
24.34 -0.000452296
24.35 -0.00043873
24.36 -0.000425102
24.37 -0.000411451
24.38 -0.000397778
24.39 -0.000384035
24.4 -0.000370126
24.41 -0.000355925
24.42 -0.000341306
24.43 -0.000326193
24.44 -0.000310597
24.45 -0.00029461
24.46 -0.000278363
24.47 -0.000261966
24.48 -0.000245471
24.49 -0.000228871
24.5 -0.000212139
24.51 -0.000195274
24.52 -0.000178324
24.53 -0.000161351
24.54 -0.000144361
24.55 -0.00012726
24.56 -0.000109866
24.57 -9.19887e-05
24.58 -7.34872e-05
24.59 -5.4282e-05
24.6 -3.43159e-05
24.61 -1.35305e-05
24.62 8.11276e-06
24.63 3.0591e-05
24.64 5.38083e-05
24.65 7.76363e-05
24.66 0.000101983
24.67 0.000126843
24.68 0.00015231
24.69 0.000178558
24.7 0.000205794
24.71 0.000234188
24.72 0.000263788
24.73 0.000294457
24.74 0.000325869
24.75 0.000357572
24.76 0.000389088
24.77 0.000420006
24.78 0.000450022
24.79 0.000478939
24.8 0.000506645
24.81 0.000533085
24.82 0.000558218
24.83 0.000581936
24.84 0.000603998
24.85 0.000623997
24.86 0.000641404
24.87 0.000655658
24.88 0.000666282
24.89 0.000672987
24.9 0.000675747
24.91 0.000674786
24.92 0.000670465
24.93 0.000663143
24.94 0.000653078
24.95 0.000640434
24.96 0.000625321
24.97 0.000607833
24.98 0.000588028
24.99 0.000565891
25 0.000541343
25.01 0.000514298
25.02 0.000484722
25.03 0.000452669
25.04 0.000418285
25.05 0.000381783
25.06 0.000343414
25.07 0.000303411
25.08 0.000261925
25.09 0.000218961
25.1 0.000174357
25.11 0.000127846
25.12 7.91852e-05
25.13 2.83047e-05
25.14 -2.4618e-05
25.15 -7.91826e-05
25.16 -0.000134875
25.17 -0.000191198
25.18 -0.000247757
25.19 -0.000304226
25.2 -0.000360234
25.21 -0.000415212
25.22 -0.000468307
25.23 -0.000518411
25.24 -0.000564321
25.25 -0.000604959
25.26 -0.000639578
25.27 -0.000667893
25.28 -0.000690113
25.29 -0.000706909
25.3 -0.000719296
25.31 -0.000728411
25.32 -0.000735221
25.33 -0.000740285
25.34 -0.000743684
25.35 -0.000745165
25.36 -0.000744401
25.37 -0.000741273
25.38 -0.000736007
25.39 -0.000729122
25.4 -0.000721202
25.41 -0.000712631
25.42 -0.00070345
25.43 -0.000693395
25.44 -0.000682051
25.45 -0.000669002
25.46 -0.000653932
25.47 -0.00063668
25.48 -0.000617265
25.49 -0.000595881
25.5 -0.000572832
25.51 -0.000548419
25.52 -0.000522813
25.53 -0.00049598
25.54 -0.000467712
25.55 -0.000437737
25.56 -0.000405857
25.57 -0.000372027
25.58 -0.000336354
25.59 -0.000299037
25.6 -0.000260276
25.61 -0.000220212
25.62 -0.000178896
25.63 -0.000136314
25.64 -9.24426e-05
25.65 -4.73028e-05
25.66 -1.00231e-06
25.67 4.62648e-05
25.68 9.4262e-05
25.69 0.00014277
25.7 0.000191611
25.71 0.000240613
25.72 0.00028952
25.73 0.000337914
25.74 0.000385185
25.75 0.000430529
25.76 0.000472985
25.77 0.000511509
25.78 0.000545116
25.79 0.000573043
25.8 0.000594907
25.81 0.000610783
25.82 0.000621177
25.83 0.000626895
25.84 0.000628839
25.85 0.000627806
25.86 0.000624361
25.87 0.000618809
25.88 0.000611242
25.89 0.000601639
25.9 0.000589969
25.91 0.000576302
25.92 0.000560864
25.93 0.000544043
25.94 0.000526308
25.95 0.000508076
25.96 0.000489564
25.97 0.000470721
25.98 0.00045128
25.99 0.000430928
26 0.000409513
26.01 0.00038716
26.02 0.000364211
26.03 0.000341046
26.04 0.000317895
26.05 0.000294747
26.06 0.000271391
26.07 0.000247529
26.08 0.000222916
26.09 0.000197456
26.1 0.000171232
26.11 0.000144468
26.12 0.00011746
26.13 9.05119e-05
26.14 6.38503e-05
26.15 3.75315e-05
26.16 1.1389e-05
26.17 -1.48974e-05
26.18 -4.16065e-05
26.19 -6.87687e-05
26.2 -9.60908e-05
26.21 -0.000123058
26.22 -0.000149141
26.23 -0.000173988
26.24 -0.000197506
26.25 -0.000219812
26.26 -0.000241093
26.27 -0.000261455
26.28 -0.00028082
26.29 -0.000298918
26.3 -0.000315384
26.31 -0.000329904
26.32 -0.000342338
26.33 -0.000352727
26.34 -0.000361206
26.35 -0.000367867
26.36 -0.000372662
26.37 -0.000375404
26.38 -0.000375855
26.39 -0.000373852
26.4 -0.000369379
26.41 -0.000362565
26.42 -0.000353638
26.43 -0.000342893
26.44 -0.000330642
26.45 -0.000317152
26.46 -0.000302584
26.47 -0.000286973
26.48 -0.000270277
26.49 -0.000252454
26.5 -0.000233528
26.51 -0.000213591
26.52 -0.000192741
26.53 -0.000170996
26.54 -0.000148256
26.55 -0.000124363
26.56 -9.92421e-05
26.57 -7.30393e-05
26.58 -4.61457e-05
26.59 -1.9067e-05
26.6 7.78363e-06
26.61 3.42333e-05
26.62 6.03469e-05
26.63 8.62981e-05
26.64 0.000112209
26.65 0.000138043
26.66 0.000163593
26.67 0.000188551
26.68 0.000212601
26.69 0.000235505
26.7 0.00025714
26.71 0.000277471
26.72 0.000296507
26.73 0.000314265
26.74 0.000330765
26.75 0.000346056
26.76 0.000360206
26.77 0.000373274
26.78 0.000385263
26.79 0.000396112
26.8 0.000405718
26.81 0.000413954
26.82 0.000420686
26.83 0.000425772
26.84 0.000429057
26.85 0.000430377
26.86 0.000429592
26.87 0.000426647
26.88 0.000421634
26.89 0.00041479
26.9 0.000406404
26.91 0.000396676
26.92 0.000385623
26.93 0.000373091
26.94 0.000358863
26.95 0.000342805
26.96 0.000324948
26.97 0.000305477
26.98 0.000284654
26.99 0.000262715
27 0.000239773
27.01 0.000215762
27.02 0.000190464
27.03 0.00016363
27.04 0.000135135
27.05 0.000105084
27.06 7.37668e-05
27.07 4.14931e-05
27.08 8.4093e-06
27.09 -2.55649e-05
27.1 -6.06374e-05
27.11 -9.6941e-05
27.12 -0.000134363
27.13 -0.000172513
27.14 -0.000210833
27.15 -0.000248757
27.16 -0.000285853
27.17 -0.00032188
27.18 -0.000356772
27.19 -0.000390551
27.2 -0.000423197
27.21 -0.000454543
27.22 -0.000484236
27.23 -0.000511802
27.24 -0.000536771
27.25 -0.000558814
27.26 -0.000577831
27.27 -0.00059395
27.28 -0.000607471
27.29 -0.000618763
27.3 -0.00062816
27.31 -0.000635894
27.32 -0.000642078
27.33 -0.000646723
27.34 -0.000649766
27.35 -0.000651102
27.36 -0.000650642
27.37 -0.000648385
27.38 -0.000644455
27.39 -0.000639073
27.4 -0.000632457
27.41 -0.000624729
27.42 -0.000615872
27.43 -0.000605791
27.44 -0.000594405
27.45 -0.000581719
27.46 -0.000567805
27.47 -0.000552718
27.48 -0.000536438
27.49 -0.000518877
27.5 -0.00049997
27.51 -0.000479737
27.52 -0.000458279
27.53 -0.000435699
27.54 -0.00041202
27.55 -0.00038717
27.56 -0.000361048
27.57 -0.000333618
27.58 -0.000304935
27.59 -0.000275056
27.6 -0.00024393
27.61 -0.000211395
27.62 -0.000177293
27.63 -0.00014162
27.64 -0.000104556
27.65 -6.63716e-05
27.66 -2.72909e-05
27.67 1.25781e-05
27.68 5.32256e-05
27.69 9.46751e-05
27.7 0.000136923
27.71 0.000179897
27.72 0.00022343
27.73 0.00026724
27.74 0.000310945
27.75 0.00035411
27.76 0.000396314
27.77 0.000437187
27.78 0.000476409
27.79 0.000513688
27.8 0.000548761
27.81 0.000581381
27.82 0.000611329
27.83 0.000638428
27.84 0.000662586
27.85 0.000683835
27.86 0.000702364
27.87 0.000718493
27.88 0.000732617
27.89 0.000745124
27.9 0.000756342
27.91 0.000766507
27.92 0.000775779
27.93 0.000784248
27.94 0.000791935
27.95 0.000798796
27.96 0.000804741
27.97 0.000809681
27.98 0.00081357
27.99 0.000816438
28 0.00081841
28.01 0.000819658
28.02 0.000820307
28.03 0.000820321
28.04 0.000819475
28.05 0.000817416
28.06 0.000813767
28.07 0.000808224
28.08 0.000800593
28.09 0.000790796
28.1 0.000778875
28.11 0.000764971
28.12 0.000749275
28.13 0.000731934
28.14 0.000712968
28.15 0.00069224
28.16 0.000669494
28.17 0.000644447
28.18 0.000616913
28.19 0.000586905
28.2 0.000554657
28.21 0.000520541
28.22 0.000484887
28.23 0.0004478
28.24 0.000409108
28.25 0.000368456
28.26 0.000325478
28.27 0.000279945
28.28 0.000231801
28.29 0.000181122
28.3 0.000128024
28.31 7.25902e-05
28.32 1.48532e-05
28.33 -4.5178e-05
28.34 -0.000107479
28.35 -0.000171988
28.36 -0.000238598
28.37 -0.000307123
28.38 -0.000377216
28.39 -0.000448264
28.4 -0.000519302
28.41 -0.000588996
28.42 -0.000655713
28.43 -0.000717704
28.44 -0.00077333
28.45 -0.000821317
28.46 -0.000860983
28.47 -0.00089239
28.48 -0.000916376
28.49 -0.000934429
28.5 -0.000948345
28.51 -0.000959772
28.52 -0.000969784
28.53 -0.000978724
28.54 -0.000986334
28.55 -0.000992087
28.56 -0.000995534
28.57 -0.000996523
28.58 -0.000995241
28.59 -0.000992104
28.6 -0.000987583
28.61 -0.000982008
28.62 -0.000975432
28.63 -0.000967612
28.64 -0.000958134
28.65 -0.000946639
28.66 -0.000933007
28.67 -0.000917408
28.68 -0.000900145
28.69 -0.000881439
28.7 -0.000861265
28.71 -0.000839367
28.72 -0.000815403
28.73 -0.00078912
28.74 -0.000760448
28.75 -0.000729474
28.76 -0.000696362
28.77 -0.000661279
28.78 -0.000624367
28.79 -0.000585725
28.8 -0.000545372
28.81 -0.000503213
28.82 -0.00045906
28.83 -0.000412709
28.84 -0.000364033
28.85 -0.000313004
28.86 -0.000259642
28.87 -0.000203928
28.88 -0.000145773
28.89 -8.50632e-05
28.9 -2.17623e-05
28.91 4.40141e-05
28.92 0.000111989
28.93 0.000181781
28.94 0.000252999
28.95 0.000325287
28.96 0.000398278
28.97 0.000471417
28.98 0.00054376
28.99 0.000613874
29 0.000679897
29.01 0.000739742
29.02 0.000791402
29.03 0.000833313
29.04 0.000864757
29.05 0.000886198
29.06 0.000899333
29.07 0.000906732
29.08 0.000911079
29.09 0.000914341
29.1 0.000917229
29.11 0.000919185
29.12 0.000918882
29.13 0.000914956
29.14 0.000906651
29.15 0.000894107
29.16 0.000878213
29.17 0.000860165
29.18 0.000840954
29.19 0.000821038
29.2 0.000800277
29.21 0.000778123
29.22 0.000753939
29.23 0.000727302
29.24 0.000698203
29.25 0.000667053
29.26 0.00063452
29.27 0.000601223
29.28 0.00056745
29.29 0.000533015
29.3 0.000497337
29.31 0.000459696
29.32 0.00041954
29.33 0.000376703
29.34 0.000331469
29.35 0.000284436
29.36 0.000236245
29.37 0.000187295
29.38 0.000137581
29.39 8.67424e-05
29.4 3.42646e-05
29.41 -2.02587e-05
29.42 -7.69071e-05
29.43 -0.000135341
29.44 -0.000194863
29.45 -0.000254587
29.46 -0.000313619
29.47 -0.000371175
29.48 -0.000426565
29.49 -0.000479106
29.5 -0.000528007
29.51 -0.00057233
29.52 -0.000611053
29.53 -0.000643269
29.54 -0.000668414
29.55 -0.000686448
29.56 -0.000697907
29.57 -0.000703815
29.58 -0.000705466
29.59 -0.000704096
29.6 -0.000700548
29.61 -0.000695093
29.62 -0.000687513
29.63 -0.000677425
29.64 -0.000664634
29.65 -0.000649323
29.66 -0.000631995
29.67 -0.000613246
29.68 -0.000593525
29.69 -0.000572986
29.7 -0.000551487
29.71 -0.000528741
29.72 -0.000504511
29.73 -0.00047877
29.74 -0.000451742
29.75 -0.000423825
29.76 -0.000395444
29.77 -0.00036688
29.78 -0.000338163
29.79 -0.000309065
29.8 -0.000279208
29.81 -0.000248227
29.82 -0.000215943
29.83 -0.000182442
29.84 -0.000148047
29.85 -0.000113205
29.86 -7.83475e-05
29.87 -4.37749e-05
29.88 -9.60001e-06
29.89 2.42298e-05
29.9 5.78505e-05
29.91 9.13638e-05
29.92 0.00012473
29.93 0.000157721
29.94 0.000189959
29.95 0.00022104
29.96 0.000250658
29.97 0.000278676
29.98 0.000305091
29.99 0.000329934
30 0.000353188
30.01 0.000374769
30.02 0.000394575
30.03 0.000412549
30.04 0.000428711
30.05 0.00044313
30.06 0.000455883
30.07 0.000467018
30.08 0.000476558
30.09 0.000484511
30.1 0.000490887
30.11 0.000495707
30.12 0.000499006
30.13 0.000500835
30.14 0.000501253
30.15 0.0005003
30.16 0.000497933
30.17 0.000493993
30.18 0.000488245
30.19 0.000480476
30.2 0.000470587
30.21 0.000458609
30.22 0.000444669
30.23 0.000428925
30.24 0.000411507
30.25 0.000392474
30.26 0.000371791
30.27 0.000349357
30.28 0.000325066
30.29 0.000298852
30.3 0.000270718
30.31 0.000240733
30.32 0.000209012
30.33 0.000175695
30.34 0.00014095
30.35 0.00010496
30.36 6.79007e-05
30.37 2.98981e-05
30.38 -9.00314e-06
30.39 -4.8833e-05
30.4 -8.96462e-05
30.41 -0.000131437
30.42 -0.00017406
30.43 -0.000217182
30.44 -0.00026029
30.45 -0.00030275
30.46 -0.000343901
30.47 -0.000383146
30.48 -0.000419997
30.49 -0.000454065
30.5 -0.00048501
30.51 -0.000512503
30.52 -0.000536246
30.53 -0.000556029
30.54 -0.000571795
30.55 -0.000583664
30.56 -0.000591938
30.57 -0.000597072
30.58 -0.000599622
30.59 -0.000600171
30.6 -0.000599219
30.61 -0.00059705
30.62 -0.000593664
30.63 -0.000588816
30.64 -0.000582196
30.65 -0.000573641
30.66 -0.000563269
30.67 -0.000551445
30.68 -0.000538595
30.69 -0.000525002
30.7 -0.000510695
30.71 -0.00049549
30.72 -0.000479121
30.73 -0.000461351
30.74 -0.000442048
30.75 -0.000421217
30.76 -0.000399017
30.77 -0.000375726
30.78 -0.000351657
30.79 -0.000327034
30.8 -0.000301918
30.81 -0.000276221
30.82 -0.000249795
30.83 -0.000222544
30.84 -0.000194489
30.85 -0.000165748
30.86 -0.000136455
30.87 -0.000106695
30.88 -7.64695e-05
30.89 -4.57338e-05
30.9 -1.44591e-05
30.91 1.73149e-05
30.92 4.94704e-05
30.93 8.18405e-05
30.94 0.000114255
30.95 0.000146586
30.96 0.000178755
30.97 0.000210709
30.98 0.000242357
30.99 0.000273543
31 0.000304061
31.01 0.000333705
31.02 0.000362289
31.03 0.000389656
31.04 0.000415682
31.05 0.000440287
31.06 0.000463445
31.07 0.000485174
31.08 0.000505517
31.09 0.000524517
31.1 0.000542207
31.11 0.000558609
31.12 0.000573732
31.13 0.000587574
31.14 0.00060013
31.15 0.00061139
31.16 0.000621352
31.17 0.000630009
31.18 0.000637326
31.19 0.000643216
31.2 0.000647534
31.21 0.000650106
31.22 0.000650794
31.23 0.000649557
31.24 0.000646446
31.25 0.00064153
31.26 0.0006348
31.27 0.000626136
31.28 0.000615356
31.29 0.000602315
31.3 0.000586974
31.31 0.000569418
31.32 0.000549796
31.33 0.000528229
31.34 0.000504758
31.35 0.000479349
31.36 0.000451938
31.37 0.000422458
31.38 0.000390838
31.39 0.000356993
31.4 0.000320858
31.41 0.00028243
31.42 0.000241792
31.43 0.00019906
31.44 0.000154299
31.45 0.000107466
31.46 5.84192e-05
31.47 7.00838e-06
31.48 -4.68107e-05
31.49 -0.000102906
31.5 -0.000160975
31.51 -0.000220609
31.52 -0.000281361
31.53 -0.000342758
31.54 -0.00040426
31.55 -0.000465182
31.56 -0.000524638
31.57 -0.000581527
31.58 -0.000634592
31.59 -0.000682524
31.6 -0.000724121
31.61 -0.000758471
31.62 -0.000785139
31.63 -0.000804293
31.64 -0.000816686
31.65 -0.000823459
31.66 -0.000825819
31.67 -0.000824692
31.68 -0.000820532
31.69 -0.000813355
31.7 -0.000802972
31.71 -0.000789255
31.72 -0.000772303
31.73 -0.000752455
31.74 -0.00073018
31.75 -0.000705887
31.76 -0.000679771
31.77 -0.000651764
31.78 -0.000621633
31.79 -0.000589155
31.8 -0.000554264
31.81 -0.000517107
31.82 -0.000477994
31.83 -0.000437266
31.84 -0.000395154
31.85 -0.000351678
31.86 -0.000306629
31.87 -0.000259662
31.88 -0.000210441
31.89 -0.000158787
31.9 -0.000104747
31.91 -4.85655e-05
31.92 9.40507e-06
31.93 6.87965e-05
31.94 0.000129307
31.95 0.000190738
31.96 0.00025297
31.97 0.000315852
31.98 0.000379038
31.99 0.000441844
32 0.000503181
32.01 0.000561614
32.02 0.000615547
32.03 0.0006635
32.04 0.000704438
32.05 0.000738015
32.06 0.000764649
32.07 0.000785371
32.08 0.000801524
32.09 0.000814418
32.1 0.000825028
32.11 0.000833852
32.12 0.000840943
32.13 0.000846102
32.14 0.000849116
32.15 0.00084994
32.16 0.000848742
32.17 0.000845827
32.18 0.00084152
32.19 0.000836046
32.2 0.000829454
32.21 0.000821595
32.22 0.000812189
32.23 0.000800934
32.24 0.000787628
32.25 0.000772235
32.26 0.000754883
32.27 0.000735782
32.28 0.000715128
32.29 0.000693015
32.3 0.000669411
32.31 0.000644181
32.32 0.000617129
32.33 0.00058805
32.34 0.000556795
32.35 0.000523322
32.36 0.000487707
32.37 0.000450084
32.38 0.000410553
32.39 0.000369103
32.4 0.000325608
32.41 0.000279872
32.42 0.000231713
32.43 0.000181009
32.44 0.000127695
32.45 7.1717e-05
32.46 1.30001e-05
32.47 -4.85283e-05
32.48 -0.000112873
32.49 -0.000179922
32.5 -0.00024945
32.51 -0.000321146
32.52 -0.000394614
32.53 -0.00046929
32.54 -0.000544321
32.55 -0.000618472
32.56 -0.000690132
32.57 -0.000757451
32.58 -0.000818572
32.59 -0.000871925
32.6 -0.000916516
32.61 -0.000952147
32.62 -0.000979494
32.63 -0.000999974
32.64 -0.0010154
32.65 -0.00102752
32.66 -0.00103754
32.67 -0.00104589
32.68 -0.0010522
32.69 -0.00105567
32.7 -0.00105551
32.71 -0.0010514
32.72 -0.00104364
32.73 -0.00103297
32.74 -0.00102025
32.75 -0.00100608
32.76 -0.000990626
32.77 -0.000973645
32.78 -0.000954698
32.79 -0.000933387
32.8 -0.000909558
32.81 -0.000883388
32.82 -0.000855348
32.83 -0.000826053
32.84 -0.00079605
32.85 -0.000765622
32.86 -0.00073468
32.87 -0.000702795
32.88 -0.000669358
32.89 -0.000633839
32.9 -0.000596012
32.91 -0.000556043
32.92 -0.000514391
32.93 -0.000471573
32.94 -0.000427917
32.95 -0.00038343
32.96 -0.000337818
32.97 -0.000290628
32.98 -0.000241422
32.99 -0.000189924
33 -0.000136069
33.01 -7.99861e-05
33.02 -2.1936e-05
33.03 3.77753e-05
33.04 9.88655e-05
33.05 0.000161115
33.06 0.000224349
33.07 0.000288355
33.08 0.000352763
33.09 0.000416935
33.1 0.000479906
33.11 0.000540409
33.12 0.000597004
33.13 0.000648288
33.14 0.000693132
33.15 0.000730896
33.16 0.00076155
33.17 0.000785684
33.18 0.000804358
33.19 0.000818857
33.2 0.000830379
33.21 0.000839795
33.22 0.000847516
33.23 0.000853524
33.24 0.000857533
33.25 0.000859203
33.26 0.000858349
33.27 0.000855044
33.28 0.000849593
33.29 0.00084239
33.3 0.000833734
33.31 0.000823708
33.32 0.000812189
33.33 0.000798952
33.34 0.000783814
33.35 0.000766723
33.36 0.000747771
33.37 0.000727132
33.38 0.000704995
33.39 0.000681509
33.4 0.000656771
33.41 0.000630816
33.42 0.000603612
33.43 0.000575065
33.44 0.000545065
33.45 0.00051355
33.46 0.00048055
33.47 0.000446175
33.48 0.000410553
33.49 0.000373769
33.5 0.000335826
33.51 0.000296658
33.52 0.000256179
33.53 0.000214342
33.54 0.000171164
33.55 0.00012671
33.56 8.10566e-05
33.57 3.42611e-05
33.58 -1.36323e-05
33.59 -6.25538e-05
33.6 -0.000112364
33.61 -0.000162823
33.62 -0.000213586
33.63 -0.000264214
33.64 -0.000314192
33.65 -0.000362943
33.66 -0.000409849
33.67 -0.000454257
33.68 -0.000495513
33.69 -0.000533005
33.7 -0.00056623
33.71 -0.000594869
33.72 -0.000618842
33.73 -0.000638321
33.74 -0.000653687
33.75 -0.000665443
33.76 -0.000674109
33.77 -0.000680138
33.78 -0.000683863
33.79 -0.000685484
33.8 -0.000685104
33.81 -0.000682779
33.82 -0.00067857
33.83 -0.000672583
33.84 -0.000664961
33.85 -0.000655855
33.86 -0.00064539
33.87 -0.000633635
33.88 -0.000620604
33.89 -0.000606275
33.9 -0.000590623
33.91 -0.000573643
33.92 -0.000555365
33.93 -0.000535855
33.94 -0.000515193
33.95 -0.000493451
33.96 -0.000470671
33.97 -0.000446858
33.98 -0.000421982
33.99 -0.000396005
34 -0.000368898
34.01 -0.000340657
34.02 -0.000311306
34.03 -0.00028089
34.04 -0.00024947
34.05 -0.00021711
34.06 -0.000183868
34.07 -0.000149791
34.08 -0.000114905
34.09 -7.92362e-05
34.1 -4.28196e-05
34.11 -5.72433e-06
34.12 3.19382e-05
34.13 7.00151e-05
34.14 0.000108322
34.15 0.000146657
34.16 0.000184801
34.17 0.000222519
34.18 0.000259552
34.19 0.000295609
34.2 0.000330374
34.21 0.00036351
34.22 0.000394682
34.23 0.000423578
34.24 0.000449932
34.25 0.000473546
34.26 0.000494309
34.27 0.000512199
34.28 0.000527281
34.29 0.000539681
34.3 0.000549566
34.31 0.00055711
34.32 0.000562478
34.33 0.000565807
34.34 0.000567216
34.35 0.000566805
34.36 0.00056467
34.37 0.000560904
34.38 0.000555603
34.39 0.000548858
34.4 0.000540753
34.41 0.000531357
34.42 0.000520721
34.43 0.000508881
34.44 0.00049586
34.45 0.00048168
34.46 0.000466362
34.47 0.000449934
34.48 0.000432426
34.49 0.000413869
34.5 0.000394292
34.51 0.000373717
34.52 0.000352165
34.53 0.000329649
34.54 0.000306188
34.55 0.000281805
34.56 0.00025653
34.57 0.000230396
34.58 0.000203443
34.59 0.000175711
34.6 0.000147242
34.61 0.000118078
34.62 8.82672e-05
34.63 5.7865e-05
34.64 2.69409e-05
34.65 -4.41967e-06
34.66 -3.61136e-05
34.67 -6.80206e-05
34.68 -0.000100005
34.69 -0.000131918
34.7 -0.000163596
34.71 -0.000194863
34.72 -0.000225529
34.73 -0.00025539
34.74 -0.000284228
34.75 -0.000311821
34.76 -0.000337945
34.77 -0.000362391
34.78 -0.000384967
34.79 -0.000405519
34.8 -0.000423934
34.81 -0.000440144
34.82 -0.00045413
34.83 -0.000465913
34.84 -0.000475551
34.85 -0.000483122
34.86 -0.000488721
34.87 -0.000492444
34.88 -0.000494386
34.89 -0.000494637
34.9 -0.000493281
34.91 -0.000490397
34.92 -0.00048606
34.93 -0.00048034
34.94 -0.000473304
34.95 -0.000465012
34.96 -0.000455517
34.97 -0.000444868
34.98 -0.000433104
34.99 -0.000420261
35 -0.00040637
35.01 -0.000391461
35.02 -0.000375564
35.03 -0.000358708
35.04 -0.000340923
35.05 -0.000322239
35.06 -0.000302686
35.07 -0.000282294
35.08 -0.00026109
35.09 -0.000239104
35.1 -0.000216366
35.11 -0.000192911
35.12 -0.00016878
35.13 -0.000144016
35.14 -0.000118668
35.15 -9.27903e-05
35.16 -6.64404e-05
35.17 -3.96825e-05
35.18 -1.25881e-05
35.19 1.47628e-05
35.2 4.22804e-05
35.21 6.98644e-05
35.22 9.74032e-05
35.23 0.000124775
35.24 0.000151846
35.25 0.000178477
35.26 0.000204516
35.27 0.000229809
35.28 0.000254197
35.29 0.00027752
35.3 0.000299621
35.31 0.000320354
35.32 0.000339584
35.33 0.0003572
35.34 0.000373112
35.35 0.000387259
35.36 0.000399607
35.37 0.000410149
35.38 0.000418902
35.39 0.000425898
35.4 0.000431185
35.41 0.000434819
35.42 0.000436859
35.43 0.000437368
35.44 0.000436407
35.45 0.000434037
35.46 0.000430318
35.47 0.00042531
35.48 0.000419067
35.49 0.000411641
35.5 0.000403082
35.51 0.000393431
35.52 0.000382729
35.53 0.000371012
35.54 0.000358312
35.55 0.000344662
35.56 0.000330094
35.57 0.00031464
35.58 0.000298331
35.59 0.0002812
35.6 0.00026328
35.61 0.000244604
35.62 0.000225206
35.63 0.000205121
35.64 0.000184387
35.65 0.000163041
35.66 0.000141127
35.67 0.000118689
35.68 9.57786e-05
35.69 7.2448e-05
35.7 4.87564e-05
35.71 2.47681e-05
35.72 5.53428e-07
35.73 -2.38104e-05
35.74 -4.8239e-05
35.75 -7.2641e-05
35.76 -9.69177e-05
35.77 -0.000120964
35.78 -0.000144667
35.79 -0.000167912
35.8 -0.000190577
35.81 -0.000212537
35.82 -0.000233669
35.83 -0.000253847
35.84 -0.000272954
35.85 -0.000290877
35.86 -0.000307515
35.87 -0.000322782
35.88 -0.000336607
35.89 -0.000348939
35.9 -0.000359745
35.91 -0.000369009
35.92 -0.000376734
35.93 -0.000382935
35.94 -0.000387639
35.95 -0.000390881
35.96 -0.000392703
35.97 -0.000393148
35.98 -0.000392263
35.99 -0.000390097
36 -0.000386697
36.01 -0.000382109
36.02 -0.00037638
36.03 -0.000369553
36.04 -0.000361669
36.05 -0.000352768
36.06 -0.000342887
36.07 -0.000332061
36.08 -0.000320324
36.09 -0.000307709
36.1 -0.000294249
36.11 -0.000279977
36.12 -0.000264924
36.13 -0.000249126
36.14 -0.000232615
36.15 -0.000215426
36.16 -0.000197596
36.17 -0.00017916
36.18 -0.000160157
36.19 -0.000140629
36.2 -0.000120619
36.21 -0.000100173
36.22 -7.93415e-05
36.23 -5.81776e-05
36.24 -3.6739e-05
36.25 -1.50878e-05
36.26 6.70941e-06
36.27 2.8581e-05
36.28 5.04502e-05
36.29 7.22354e-05
36.3 9.385e-05
36.31 0.000115203
36.32 0.000136198
36.33 0.000156738
36.34 0.000176721
36.35 0.000196046
36.36 0.00021461
36.37 0.000232314
36.38 0.000249064
36.39 0.00026477
36.4 0.000279352
36.41 0.000292741
36.42 0.00030488
36.43 0.000315724
36.44 0.000325243
36.45 0.00033342
36.46 0.000340249
36.47 0.000345736
36.48 0.000349896
36.49 0.000352751
36.5 0.00035433
36.51 0.000354666
36.52 0.000353793
36.53 0.000351749
36.54 0.000348573
36.55 0.000344302
36.56 0.000338975
36.57 0.00033263
36.58 0.000325302
36.59 0.000317029
36.6 0.000307843
36.61 0.000297778
36.62 0.000286867
36.63 0.000275142
36.64 0.000262636
36.65 0.000249381
36.66 0.000235411
36.67 0.00022076
36.68 0.000205461
36.69 0.000189551
36.7 0.000173066
36.71 0.000156044
36.72 0.000138524
36.73 0.000120548
36.74 0.000102158
36.75 8.34024e-05
36.76 6.43291e-05
36.77 4.49904e-05
36.78 2.54421e-05
36.79 5.74322e-06
36.8 -1.40433e-05
36.81 -3.3851e-05
36.82 -5.36096e-05
36.83 -7.3245e-05
36.84 -9.268e-05
36.85 -0.000111834
36.86 -0.000130625
36.87 -0.000148967
36.88 -0.000166774
36.89 -0.000183962
36.9 -0.000200444
36.91 -0.000216139
36.92 -0.000230969
36.93 -0.000244862
36.94 -0.00025775
36.95 -0.000269578
36.96 -0.000280298
36.97 -0.000289872
36.98 -0.000298271
36.99 -0.00030548
37 -0.000311491
37.01 -0.000316304
37.02 -0.000319928
37.03 -0.000322379
37.04 -0.000323676
37.05 -0.000323844
37.06 -0.00032291
37.07 -0.000320906
37.08 -0.000317861
37.09 -0.000313807
37.1 -0.000308779
37.11 -0.000302807
37.12 -0.000295925
37.13 -0.000288164
37.14 -0.000279556
37.15 -0.000270134
37.16 -0.000259927
37.17 -0.000248969
37.18 -0.000237291
37.19 -0.000224924
37.2 -0.000211903
37.21 -0.00019826
37.22 -0.000184031
37.23 -0.000169249
37.24 -0.000153953
37.25 -0.00013818
37.26 -0.000121969
37.27 -0.000105361
37.28 -8.83995e-05
37.29 -7.11297e-05
37.3 -5.35994e-05
37.31 -3.58588e-05
37.32 -1.79611e-05
37.33 3.79626e-08
37.34 1.80796e-05
37.35 3.61024e-05
37.36 5.40421e-05
37.37 7.18317e-05
37.38 8.94021e-05
37.39 0.000106682
37.4 0.000123599
37.41 0.000140079
37.42 0.000156048
37.43 0.000171433
37.44 0.000186163
37.45 0.000200167
37.46 0.000213382
37.47 0.000225745
37.48 0.000237203
37.49 0.000247707
37.5 0.000257218
37.51 0.000265702
37.52 0.000273135
37.53 0.000279502
37.54 0.000284794
37.55 0.000289008
37.56 0.00029215
37.57 0.00029423
37.58 0.000295263
37.59 0.000295268
37.6 0.000294267
37.61 0.000292283
37.62 0.000289343
37.63 0.000285473
37.64 0.000280702
37.65 0.000275059
37.66 0.000268572
37.67 0.000261269
37.68 0.000253182
37.69 0.000244338
37.7 0.000234769
37.71 0.000224504
37.72 0.000213574
37.73 0.00020201
37.74 0.000189845
37.75 0.000177111
37.76 0.000163843
37.77 0.000150075
37.78 0.000135843
37.79 0.000121184
37.8 0.000106137
37.81 9.07428e-05
37.82 7.50426e-05
37.83 5.90806e-05
37.84 4.29028e-05
37.85 2.65575e-05
37.86 1.00951e-05
37.87 -6.43178e-06
37.88 -2.29682e-05
37.89 -3.94572e-05
37.9 -5.58395e-05
37.91 -7.20542e-05
37.92 -8.80388e-05
37.93 -0.000103729
37.94 -0.000119061
37.95 -0.000133969
37.96 -0.000148389
37.97 -0.000162256
37.98 -0.000175509
37.99 -0.000188089
38 -0.00019994
38.01 -0.00021101
38.02 -0.000221252
38.03 -0.000230626
38.04 -0.000239097
38.05 -0.000246637
38.06 -0.000253225
38.07 -0.000258846
38.08 -0.000263491
38.09 -0.000267157
38.1 -0.000269848
38.11 -0.000271571
38.12 -0.000272337
38.13 -0.000272162
38.14 -0.000271063
38.15 -0.00026906
38.16 -0.000266176
38.17 -0.000262435
38.18 -0.00025786
38.19 -0.000252478
38.2 -0.000246314
38.21 -0.000239396
38.22 -0.000231751
38.23 -0.000223406
38.24 -0.000214391
38.25 -0.000204734
38.26 -0.000194465
38.27 -0.000183614
38.28 -0.000172214
38.29 -0.000160295
38.3 -0.00014789
38.31 -0.000135035
38.32 -0.000121764
38.33 -0.000108112
38.34 -9.41188e-05
38.35 -7.98222e-05
38.36 -6.52629e-05
38.37 -5.04833e-05
38.38 -3.55273e-05
38.39 -2.04407e-05
38.4 -5.27102e-06
38.41 9.93249e-06
38.42 2.51188e-05
38.43 4.02351e-05
38.44 5.52273e-05
38.45 7.004e-05
38.46 8.46166e-05
38.47 9.88999e-05
38.48 0.000112832
38.49 0.000126356
38.5 0.000139415
38.51 0.000151953
38.52 0.000163916
38.53 0.000175252
38.54 0.000185915
38.55 0.00019586
38.56 0.000205045
38.57 0.000213437
38.58 0.000221005
38.59 0.000227725
38.6 0.000233578
38.61 0.00023855
38.62 0.000242634
38.63 0.000245825
38.64 0.000248124
38.65 0.000249539
38.66 0.000250076
38.67 0.00024975
38.68 0.000248573
38.69 0.000246565
38.7 0.000243742
38.71 0.000240127
38.72 0.000235741
38.73 0.000230606
38.74 0.000224748
38.75 0.000218189
38.76 0.000210957
38.77 0.000203076
38.78 0.000194574
38.79 0.000185479
38.8 0.000175819
38.81 0.000165624
38.82 0.000154923
38.83 0.000143748
38.84 0.00013213
38.85 0.000120103
38.86 0.000107701
38.87 9.49579e-05
38.88 8.19112e-05
38.89 6.85983e-05
38.9 5.50583e-05
38.91 4.13317e-05
38.92 2.74604e-05
38.93 1.3488e-05
38.94 -5.40728e-07
38.95 -1.45794e-05
38.96 -2.85802e-05
38.97 -4.24944e-05
38.98 -5.62719e-05
38.99 -6.98619e-05
39 -8.32127e-05
39.01 -9.62726e-05
39.02 -0.00010899
39.03 -0.000121313
39.04 -0.000133191
39.05 -0.000144575
39.06 -0.000155418
39.07 -0.000165675
39.08 -0.000175304
39.09 -0.000184266
39.1 -0.000192526
39.11 -0.000200055
39.12 -0.000206825
39.13 -0.000212816
39.14 -0.000218011
39.15 -0.000222398
39.16 -0.000225969
39.17 -0.000228721
39.18 -0.000230655
39.19 -0.000231774
39.2 -0.000232087
39.21 -0.000231604
39.22 -0.000230337
39.23 -0.000228302
39.24 -0.000225515
39.25 -0.000221995
39.26 -0.000217761
39.27 -0.000212834
39.28 -0.000207238
39.29 -0.000200993
39.3 -0.000194125
39.31 -0.000186658
39.32 -0.000178618
39.33 -0.000170031
39.34 -0.000160924
39.35 -0.000151327
39.36 -0.000141266
39.37 -0.000130774
39.38 -0.000119879
39.39 -0.000108615
39.4 -9.70138e-05
39.41 -8.5109e-05
39.42 -7.2936e-05
39.43 -6.05306e-05
39.44 -4.79304e-05
39.45 -3.51737e-05
39.46 -2.23003e-05
39.47 -9.35132e-06
39.48 3.63122e-06
39.49 1.6604e-05
39.5 2.95227e-05
39.51 4.23421e-05
39.52 5.50163e-05
39.53 6.74986e-05
39.54 7.97423e-05
39.55 9.17005e-05
39.56 0.000103326
39.57 0.000114574
39.58 0.000125398
39.59 0.000135756
39.6 0.000145604
39.61 0.000154904
39.62 0.000163619
39.63 0.000171715
39.64 0.000179162
39.65 0.000185932
39.66 0.000192003
39.67 0.000197357
39.68 0.000201978
39.69 0.000205855
39.7 0.000208982
39.71 0.000211354
39.72 0.000212974
39.73 0.000213843
39.74 0.000213968
39.75 0.000213358
39.76 0.000212023
39.77 0.000209978
39.78 0.000207237
39.79 0.000203816
39.8 0.000199733
39.81 0.000195009
39.82 0.000189663
39.83 0.000183716
39.84 0.000177191
39.85 0.000170112
39.86 0.000162502
39.87 0.000154387
39.88 0.000145793
39.89 0.000136747
39.9 0.000127276
39.91 0.00011741
39.92 0.000107178
39.93 9.66106e-05
39.94 8.57391e-05
39.95 7.45961e-05
39.96 6.32153e-05
39.97 5.16311e-05
39.98 3.98792e-05
39.99 2.79964e-05
40 1.60203e-05
40.01 3.98963e-06
40.02 -8.05585e-06
40.03 -2.00756e-05
40.04 -3.20282e-05
40.05 -4.38717e-05
40.06 -5.55636e-05
40.07 -6.70611e-05
40.08 -7.83213e-05
40.09 -8.93014e-05
40.1 -9.99592e-05
40.11 -0.000110253
40.12 -0.000120143
40.13 -0.000129589
40.14 -0.000138555
40.15 -0.000147006
40.16 -0.000154908
40.17 -0.000162233
40.18 -0.000168953
40.19 -0.000175045
40.2 -0.000180488
40.21 -0.000185267
40.22 -0.000189369
40.23 -0.000192783
40.24 -0.000195503
40.25 -0.000197527
40.26 -0.000198854
40.27 -0.000199488
40.28 -0.000199434
40.29 -0.0001987
40.3 -0.000197295
40.31 -0.000195232
40.32 -0.000192524
40.33 -0.000189187
40.34 -0.000185237
40.35 -0.000180692
40.36 -0.00017557
40.37 -0.000169893
40.38 -0.000163682
40.39 -0.000156957
40.4 -0.000149744
40.41 -0.000142064
40.42 -0.000133945
40.43 -0.00012541
40.44 -0.000116487
40.45 -0.000107204
40.46 -9.75883e-05
40.47 -8.76696e-05
40.48 -7.74779e-05
40.49 -6.70444e-05
40.5 -5.64011e-05
40.51 -4.55809e-05
40.52 -3.46177e-05
40.53 -2.35461e-05
40.54 -1.24018e-05
40.55 -1.22123e-06
40.56 9.95842e-06
40.57 2.10993e-05
40.58 3.21629e-05
40.59 4.31103e-05
40.6 5.39024e-05
40.61 6.44999e-05
40.62 7.48635e-05
40.63 8.49544e-05
40.64 9.47342e-05
40.65 0.000104166
40.66 0.000113212
40.67 0.000121839
40.68 0.000130012
40.69 0.000137702
40.7 0.000144878
40.71 0.000151515
40.72 0.000157588
40.73 0.000163078
40.74 0.000167966
40.75 0.000172238
40.76 0.000175882
40.77 0.000178889
40.78 0.000181255
40.79 0.000182975
40.8 0.000184051
40.81 0.000184485
40.82 0.000184281
40.83 0.000183447
40.84 0.000181991
40.85 0.000179925
40.86 0.000177261
40.87 0.000174012
40.88 0.000170195
40.89 0.000165826
40.9 0.000160922
40.91 0.000155503
40.92 0.000149589
40.93 0.0001432
40.94 0.000136358
40.95 0.000129087
40.96 0.00012141
40.97 0.000113351
40.98 0.000104937
40.99 9.61929e-05
41 8.71463e-05
41.01 7.78253e-05
41.02 6.82587e-05
41.03 5.84761e-05
41.04 4.85081e-05
41.05 3.83861e-05
41.06 2.81422e-05
41.07 1.78093e-05
41.08 7.4212e-06
41.09 -2.98782e-06
41.1 -1.33828e-05
41.11 -2.37283e-05
41.12 -3.39884e-05
41.13 -4.4127e-05
41.14 -5.41078e-05
41.15 -6.38946e-05
41.16 -7.34514e-05
41.17 -8.27426e-05
41.18 -9.17334e-05
41.19 -0.00010039
41.2 -0.000108679
41.21 -0.000116569
41.22 -0.000124031
41.23 -0.000131036
41.24 -0.00013756
41.25 -0.000143578
41.26 -0.000149069
41.27 -0.000154015
41.28 -0.000158401
41.29 -0.000162213
41.3 -0.000165442
41.31 -0.000168079
41.32 -0.00017012
41.33 -0.000171562
41.34 -0.000172407
41.35 -0.000172655
41.36 -0.000172311
41.37 -0.000171383
41.38 -0.000169878
41.39 -0.000167806
41.4 -0.000165179
41.41 -0.00016201
41.42 -0.000158314
41.43 -0.000154106
41.44 -0.000149402
41.45 -0.000144222
41.46 -0.000138583
41.47 -0.000132505
41.48 -0.00012601
41.49 -0.00011912
41.5 -0.000111856
41.51 -0.000104242
41.52 -9.6303e-05
41.53 -8.80638e-05
41.54 -7.95502e-05
41.55 -7.07891e-05
41.56 -6.18077e-05
41.57 -5.26346e-05
41.58 -4.32985e-05
41.59 -3.38294e-05
41.6 -2.42576e-05
41.61 -1.46143e-05
41.62 -4.93114e-06
41.63 4.75964e-06
41.64 1.44253e-05
41.65 2.40328e-05
41.66 3.35487e-05
41.67 4.29395e-05
41.68 5.21718e-05
41.69 6.12123e-05
41.7 7.00279e-05
41.71 7.85862e-05
41.72 8.68553e-05
41.73 9.48046e-05
41.74 0.000102404
41.75 0.000109626
41.76 0.000116443
41.77 0.000122831
41.78 0.000128765
41.79 0.000134227
41.8 0.000139196
41.81 0.000143656
41.82 0.000147594
41.83 0.000150998
41.84 0.000153858
41.85 0.000156169
41.86 0.000157926
41.87 0.000159126
41.88 0.000159771
41.89 0.000159862
41.9 0.000159403
41.91 0.000158401
41.92 0.000156864
41.93 0.000154799
41.94 0.000152219
41.95 0.000149136
41.96 0.000145562
41.97 0.000141514
41.98 0.000137005
41.99 0.000132055
42 0.000126679
42.01 0.000120898
42.02 0.000114731
42.03 0.000108199
42.04 0.000101323
42.05 9.41263e-05
42.06 8.66311e-05
42.07 7.88619e-05
42.08 7.08434e-05
42.09 6.2601e-05
42.1 5.41609e-05
42.11 4.55501e-05
42.12 3.67963e-05
42.13 2.79275e-05
42.14 1.89727e-05
42.15 9.96136e-06
42.16 9.23302e-07
42.17 -8.11109e-06
42.18 -1.71111e-05
42.19 -2.60459e-05
42.2 -3.48842e-05
42.21 -4.3595e-05
42.22 -5.21472e-05
42.23 -6.051e-05
42.24 -6.86532e-05
42.25 -7.6547e-05
42.26 -8.41623e-05
42.27 -9.14711e-05
42.28 -9.84464e-05
42.29 -0.000105063
42.3 -0.000111296
42.31 -0.000117124
42.32 -0.000122525
42.33 -0.000127482
42.34 -0.000131977
42.35 -0.000135995
42.36 -0.000139526
42.37 -0.000142557
42.38 -0.000145082
42.39 -0.000147095
42.4 -0.000148592
42.41 -0.00014957
42.42 -0.000150032
42.43 -0.000149978
42.44 -0.000149413
42.45 -0.000148343
42.46 -0.000146774
42.47 -0.000144717
42.48 -0.00014218
42.49 -0.000139176
42.5 -0.000135717
42.51 -0.000131817
42.52 -0.000127491
42.53 -0.000122755
42.54 -0.000117627
42.55 -0.000112124
42.56 -0.000106265
42.57 -0.00010007
42.58 -9.35592e-05
42.59 -8.67541e-05
42.6 -7.96769e-05
42.61 -7.23504e-05
42.62 -6.4798e-05
42.63 -5.70442e-05
42.64 -4.91137e-05
42.65 -4.10322e-05
42.66 -3.28257e-05
42.67 -2.45211e-05
42.68 -1.61456e-05
42.69 -7.72687e-06
42.7 7.06976e-07
42.71 9.12748e-06
42.72 1.75059e-05
42.73 2.58135e-05
42.74 3.40212e-05
42.75 4.21003e-05
42.76 5.0022e-05
42.77 5.7758e-05
42.78 6.52805e-05
42.79 7.25621e-05
42.8 7.95765e-05
42.81 8.62981e-05
42.82 9.27024e-05
42.83 9.87663e-05
42.84 0.000104468
42.85 0.000109787
42.86 0.000114706
42.87 0.000119207
42.88 0.000123275
42.89 0.000126897
42.9 0.000130063
42.91 0.000132763
42.92 0.000134991
42.93 0.000136741
42.94 0.000138009
42.95 0.000138795
42.96 0.0001391
42.97 0.000138925
42.98 0.000138274
42.99 0.000137152
43 0.000135567
43.01 0.000133527
43.02 0.000131041
43.03 0.000128121
43.04 0.000124778
43.05 0.000121026
43.06 0.000116878
43.07 0.00011235
43.08 0.000107459
43.09 0.000102221
43.1 9.66543e-05
43.11 9.07777e-05
43.12 8.46106e-05
43.13 7.81735e-05
43.14 7.14874e-05
43.15 6.45742e-05
43.16 5.74562e-05
43.17 5.01565e-05
43.18 4.26989e-05
43.19 3.51077e-05
43.2 2.74076e-05
43.21 1.96239e-05
43.22 1.17826e-05
43.23 3.9096e-06
43.24 -3.96849e-06
43.25 -1.1825e-05
43.26 -1.9633e-05
43.27 -2.73655e-05
43.28 -3.49956e-05
43.29 -4.24965e-05
43.3 -4.98417e-05
43.31 -5.70049e-05
43.32 -6.39604e-05
43.33 -7.06834e-05
43.34 -7.71494e-05
43.35 -8.33354e-05
43.36 -8.9219e-05
43.37 -9.47792e-05
43.38 -9.99964e-05
43.39 -0.000104852
43.4 -0.00010933
43.41 -0.000113415
43.42 -0.000117094
43.43 -0.000120354
43.44 -0.000123187
43.45 -0.000125585
43.46 -0.00012754
43.47 -0.000129049
43.48 -0.000130109
43.49 -0.000130719
43.5 -0.000130879
43.51 -0.000130593
43.52 -0.000129864
43.53 -0.000128696
43.54 -0.000127097
43.55 -0.000125075
43.56 -0.000122639
43.57 -0.000119798
43.58 -0.000116566
43.59 -0.000112953
43.6 -0.000108974
43.61 -0.000104644
43.62 -9.99765e-05
43.63 -9.49893e-05
43.64 -8.96991e-05
43.65 -8.41238e-05
43.66 -7.8282e-05
43.67 -7.21932e-05
43.68 -6.58772e-05
43.69 -5.9355e-05
43.7 -5.26477e-05
43.71 -4.57774e-05
43.72 -3.87665e-05
43.73 -3.1638e-05
43.74 -2.44154e-05
43.75 -1.71227e-05
43.76 -9.784e-06
43.77 -2.42403e-06
43.78 4.93241e-06
43.79 1.22603e-05
43.8 1.95344e-05
43.81 2.67298e-05
43.82 3.38212e-05
43.83 4.0784e-05
43.84 4.75934e-05
43.85 5.42255e-05
43.86 6.06565e-05
43.87 6.68636e-05
43.88 7.28246e-05
43.89 7.85182e-05
43.9 8.39242e-05
43.91 8.90236e-05
43.92 9.37985e-05
43.93 9.82324e-05
43.94 0.00010231
43.95 0.000106019
43.96 0.000109346
43.97 0.000112281
43.98 0.000114815
43.99 0.000116942
44 0.000118655
44.01 0.000119952
44.02 0.000120829
44.03 0.000121286
44.04 0.000121324
44.05 0.000120945
44.06 0.000120154
44.07 0.000118954
44.08 0.000117352
44.09 0.000115356
44.1 0.000112974
44.11 0.000110217
44.12 0.000107095
44.13 0.000103621
44.14 9.98064e-05
44.15 9.56658e-05
44.16 9.12139e-05
44.17 8.6466e-05
44.18 8.14385e-05
44.19 7.61484e-05
44.2 7.06135e-05
44.21 6.48523e-05
44.22 5.88837e-05
44.23 5.27276e-05
44.24 4.64042e-05
44.25 3.99344e-05
44.26 3.33396e-05
44.27 2.66415e-05
44.28 1.98623e-05
44.29 1.30248e-05
44.3 6.15171e-06
44.31 -7.33683e-07
44.32 -7.60805e-06
44.33 -1.44479e-05
44.34 -2.12298e-05
44.35 -2.79302e-05
44.36 -3.45258e-05
44.37 -4.09935e-05
44.38 -4.73107e-05
44.39 -5.34549e-05
44.4 -5.94045e-05
44.41 -6.51383e-05
44.42 -7.06362e-05
44.43 -7.58786e-05
44.44 -8.08471e-05
44.45 -8.55244e-05
44.46 -8.98943e-05
44.47 -9.3942e-05
44.48 -9.76538e-05
44.49 -0.000101018
44.5 -0.000104023
44.51 -0.00010666
44.52 -0.000108921
44.53 -0.0001108
44.54 -0.000112292
44.55 -0.000113395
44.56 -0.000114105
44.57 -0.000114423
44.58 -0.00011435
44.59 -0.000113888
44.6 -0.00011304
44.61 -0.000111812
44.62 -0.000110211
44.63 -0.000108242
44.64 -0.000105914
44.65 -0.000103238
44.66 -0.000100223
44.67 -9.688e-05
44.68 -9.32225e-05
44.69 -8.92631e-05
44.7 -8.50159e-05
44.71 -8.04957e-05
44.72 -7.57178e-05
44.73 -7.06987e-05
44.74 -6.54552e-05
44.75 -6.00048e-05
44.76 -5.43657e-05
44.77 -4.85567e-05
44.78 -4.2597e-05
44.79 -3.65064e-05
44.8 -3.0305e-05
44.81 -2.40136e-05
44.82 -1.76532e-05
44.83 -1.12449e-05
44.84 -4.81046e-06
44.85 1.62843e-06
44.86 8.04987e-06
44.87 1.44319e-05
44.88 2.07526e-05
44.89 2.699e-05
44.9 3.31226e-05
44.91 3.9129e-05
44.92 4.4988e-05
44.93 5.06792e-05
44.94 5.61825e-05
44.95 6.14786e-05
44.96 6.65489e-05
44.97 7.13756e-05
44.98 7.5942e-05
44.99 8.02322e-05
45 8.42316e-05
45.01 8.79267e-05
45.02 9.13052e-05
45.03 9.43561e-05
45.04 9.70698e-05
45.05 9.94381e-05
45.06 0.000101454
45.07 0.000103112
45.08 0.000104407
45.09 0.000105338
45.1 0.000105902
45.11 0.000106099
45.12 0.000105932
45.13 0.000105401
45.14 0.000104511
45.15 0.000103266
45.16 0.000101672
45.17 9.97368e-05
45.18 9.74677e-05
45.19 9.48739e-05
45.2 9.19654e-05
45.21 8.87529e-05
45.22 8.52483e-05
45.23 8.1464e-05
45.24 7.74134e-05
45.25 7.31106e-05
45.26 6.85704e-05
45.27 6.38082e-05
45.28 5.88402e-05
45.29 5.36831e-05
45.3 4.83541e-05
45.31 4.2871e-05
45.32 3.72522e-05
45.33 3.15164e-05
45.34 2.56827e-05
45.35 1.97707e-05
45.36 1.38002e-05
45.37 7.79126e-06
45.38 1.76431e-06
45.39 -4.26022e-06
45.4 -1.02618e-05
45.41 -1.62198e-05
45.42 -2.21139e-05
45.43 -2.79235e-05
45.44 -3.36285e-05
45.45 -3.92092e-05
45.46 -4.46459e-05
45.47 -4.99198e-05
45.48 -5.50123e-05
45.49 -5.99056e-05
45.5 -6.45828e-05
45.51 -6.90275e-05
45.52 -7.32244e-05
45.53 -7.71591e-05
45.54 -8.08184e-05
45.55 -8.419e-05
45.56 -8.72627e-05
45.57 -9.00267e-05
45.58 -9.24734e-05
45.59 -9.45953e-05
45.6 -9.63863e-05
45.61 -9.78415e-05
45.62 -9.89573e-05
45.63 -9.97314e-05
45.64 -0.000100163
45.65 -0.000100251
45.66 -9.99981e-05
45.67 -9.94062e-05
45.68 -9.8479e-05
45.69 -9.7221e-05
45.7 -9.56381e-05
45.71 -9.37371e-05
45.72 -9.15255e-05
45.73 -8.90122e-05
45.74 -8.62065e-05
45.75 -8.3119e-05
45.76 -7.97608e-05
45.77 -7.61439e-05
45.78 -7.22811e-05
45.79 -6.81857e-05
45.8 -6.38719e-05
45.81 -5.93544e-05
45.82 -5.46485e-05
45.83 -4.97701e-05
45.84 -4.47355e-05
45.85 -3.95618e-05
45.86 -3.42663e-05
45.87 -2.88667e-05
45.88 -2.3381e-05
45.89 -1.78279e-05
45.9 -1.22259e-05
45.91 -6.594e-06
45.92 -9.51282e-07
45.93 4.68307e-06
45.94 1.02898e-05
45.95 1.58497e-05
45.96 2.13437e-05
45.97 2.67527e-05
45.98 3.20581e-05
45.99 3.72415e-05
46 4.22848e-05
46.01 4.71706e-05
46.02 5.18817e-05
46.03 5.64019e-05
46.04 6.07156e-05
46.05 6.48078e-05
46.06 6.86645e-05
46.07 7.22727e-05
46.08 7.56203e-05
46.09 7.8696e-05
46.1 8.149e-05
46.11 8.39932e-05
46.12 8.61979e-05
46.13 8.80975e-05
46.14 8.96864e-05
46.15 9.09604e-05
46.16 9.19164e-05
46.17 9.25523e-05
46.18 9.28674e-05
46.19 9.2862e-05
46.2 9.25375e-05
46.21 9.18965e-05
46.22 9.09424e-05
46.23 8.96798e-05
46.24 8.81144e-05
46.25 8.62525e-05
46.26 8.41016e-05
46.27 8.16701e-05
46.28 7.8967e-05
46.29 7.60022e-05
46.3 7.27865e-05
46.31 6.93314e-05
46.32 6.56489e-05
46.33 6.17518e-05
46.34 5.76537e-05
46.35 5.33685e-05
46.36 4.89107e-05
46.37 4.42955e-05
46.38 3.95385e-05
46.39 3.46557e-05
46.4 2.96637e-05
46.41 2.45791e-05
46.42 1.94192e-05
46.43 1.42014e-05
46.44 8.94321e-06
46.45 3.6626e-06
46.46 -1.6225e-06
46.47 -6.89409e-06
46.48 -1.21341e-05
46.49 -1.73246e-05
46.5 -2.24477e-05
46.51 -2.74858e-05
46.52 -3.24214e-05
46.53 -3.72374e-05
46.54 -4.19172e-05
46.55 -4.64446e-05
46.56 -5.0804e-05
46.57 -5.49801e-05
46.58 -5.89588e-05
46.59 -6.27263e-05
46.6 -6.62698e-05
46.61 -6.95775e-05
46.62 -7.26383e-05
46.63 -7.54421e-05
46.64 -7.79799e-05
46.65 -8.02436e-05
46.66 -8.22262e-05
46.67 -8.39218e-05
46.68 -8.53256e-05
46.69 -8.64338e-05
46.7 -8.72437e-05
46.71 -8.77538e-05
46.72 -8.79636e-05
46.73 -8.78735e-05
46.74 -8.74852e-05
46.75 -8.68012e-05
46.76 -8.5825e-05
46.77 -8.45611e-05
46.78 -8.3015e-05
46.79 -8.11929e-05
46.8 -7.9102e-05
46.81 -7.67503e-05
46.82 -7.41465e-05
46.83 -7.13001e-05
46.84 -6.82214e-05
46.85 -6.49214e-05
46.86 -6.14115e-05
46.87 -5.7704e-05
46.88 -5.38118e-05
46.89 -4.97481e-05
46.9 -4.55268e-05
46.91 -4.11622e-05
46.92 -3.66692e-05
46.93 -3.2063e-05
46.94 -2.7359e-05
46.95 -2.25733e-05
46.96 -1.77221e-05
46.97 -1.28216e-05
46.98 -7.88854e-06
46.99 -2.93971e-06
47 2.00808e-06
47.01 6.93794e-06
47.02 1.1833e-05
47.03 1.66765e-05
47.04 2.14518e-05
47.05 2.61424e-05
47.06 3.07322e-05
47.07 3.52053e-05
47.08 3.95464e-05
47.09 4.37404e-05
47.1 4.7773e-05
47.11 5.16302e-05
47.12 5.5299e-05
47.13 5.87668e-05
47.14 6.20219e-05
47.15 6.50534e-05
47.16 6.78512e-05
47.17 7.04063e-05
47.18 7.27104e-05
47.19 7.47563e-05
47.2 7.65376e-05
47.21 7.80491e-05
47.22 7.92865e-05
47.23 8.02465e-05
47.24 8.09268e-05
47.25 8.13262e-05
47.26 8.14445e-05
47.27 8.12822e-05
47.28 8.0841e-05
47.29 8.01236e-05
47.3 7.91334e-05
47.31 7.78748e-05
47.32 7.63531e-05
47.33 7.45743e-05
47.34 7.25454e-05
47.35 7.0274e-05
47.36 6.77684e-05
47.37 6.50379e-05
47.38 6.20922e-05
47.39 5.89417e-05
47.4 5.55975e-05
47.41 5.20712e-05
47.42 4.8375e-05
47.43 4.45216e-05
47.44 4.05242e-05
47.45 3.63965e-05
47.46 3.21524e-05
47.47 2.78064e-05
47.48 2.33732e-05
47.49 1.88679e-05
47.5 1.43057e-05
47.51 9.70211e-06
47.52 5.07285e-06
47.53 4.33646e-07
47.54 -4.19967e-06
47.55 -8.81128e-06
47.56 -1.33854e-05
47.57 -1.79063e-05
47.58 -2.23585e-05
47.59 -2.67267e-05
47.6 -3.09959e-05
47.61 -3.51513e-05
47.62 -3.91788e-05
47.63 -4.30644e-05
47.64 -4.67948e-05
47.65 -5.03574e-05
47.66 -5.37399e-05
47.67 -5.69311e-05
47.68 -5.992e-05
47.69 -6.26969e-05
47.7 -6.52525e-05
47.71 -6.75786e-05
47.72 -6.96677e-05
47.73 -7.15133e-05
47.74 -7.31097e-05
47.75 -7.44523e-05
47.76 -7.55374e-05
47.77 -7.6362e-05
47.78 -7.69242e-05
47.79 -7.72232e-05
47.8 -7.72588e-05
47.81 -7.7032e-05
47.82 -7.65445e-05
47.83 -7.57988e-05
47.84 -7.47986e-05
47.85 -7.35481e-05
47.86 -7.20524e-05
47.87 -7.03174e-05
47.88 -6.83498e-05
47.89 -6.6157e-05
47.9 -6.37469e-05
47.91 -6.11284e-05
47.92 -5.83108e-05
47.93 -5.5304e-05
47.94 -5.21187e-05
47.95 -4.87659e-05
47.96 -4.52573e-05
47.97 -4.16047e-05
47.98 -3.78209e-05
47.99 -3.39187e-05
48 -2.99115e-05
48.01 -2.58128e-05
48.02 -2.16366e-05
48.03 -1.73972e-05
48.04 -1.31089e-05
48.05 -8.78629e-06
48.06 -4.44413e-06
48.07 -9.71991e-08
48.08 4.23966e-06
48.09 8.55164e-06
48.1 1.2824e-05
48.11 1.7042e-05
48.12 2.11914e-05
48.13 2.52577e-05
48.14 2.92272e-05
48.15 3.30862e-05
48.16 3.68214e-05
48.17 4.04201e-05
48.18 4.387e-05
48.19 4.71594e-05
48.2 5.02772e-05
48.21 5.32128e-05
48.22 5.59566e-05
48.23 5.84993e-05
48.24 6.08326e-05
48.25 6.29491e-05
48.26 6.4842e-05
48.27 6.65054e-05
48.28 6.79343e-05
48.29 6.91245e-05
48.3 7.00726e-05
48.31 7.07762e-05
48.32 7.12338e-05
48.33 7.14446e-05
48.34 7.14089e-05
48.35 7.11275e-05
48.36 7.06023e-05
48.37 6.9836e-05
48.38 6.8832e-05
48.39 6.75945e-05
48.4 6.61286e-05
48.41 6.44398e-05
48.42 6.25346e-05
48.43 6.04201e-05
48.44 5.81041e-05
48.45 5.55948e-05
48.46 5.29013e-05
48.47 5.0033e-05
48.48 4.7e-05
48.49 4.38129e-05
48.5 4.04828e-05
48.51 3.7021e-05
48.52 3.34396e-05
48.53 2.97507e-05
48.54 2.5967e-05
48.55 2.21014e-05
48.56 1.8167e-05
48.57 1.41773e-05
48.58 1.01459e-05
48.59 6.08653e-06
48.6 2.013e-06
48.61 -2.06076e-06
48.62 -6.12084e-06
48.63 -1.01534e-05
48.64 -1.41445e-05
48.65 -1.80806e-05
48.66 -2.19483e-05
48.67 -2.57341e-05
48.68 -2.94253e-05
48.69 -3.30092e-05
48.7 -3.64734e-05
48.71 -3.98063e-05
48.72 -4.29965e-05
48.73 -4.60332e-05
48.74 -4.89062e-05
48.75 -5.16058e-05
48.76 -5.41231e-05
48.77 -5.64498e-05
48.78 -5.85783e-05
48.79 -6.05019e-05
48.8 -6.22143e-05
48.81 -6.37103e-05
48.82 -6.49854e-05
48.83 -6.60359e-05
48.84 -6.68589e-05
48.85 -6.74523e-05
48.86 -6.78149e-05
48.87 -6.79462e-05
48.88 -6.78465e-05
48.89 -6.7517e-05
48.9 -6.69596e-05
48.91 -6.6177e-05
48.92 -6.51725e-05
48.93 -6.39503e-05
48.94 -6.25152e-05
48.95 -6.08729e-05
48.96 -5.90294e-05
48.97 -5.69916e-05
48.98 -5.47668e-05
48.99 -5.23632e-05
49 -4.97893e-05
49.01 -4.70541e-05
49.02 -4.41673e-05
49.03 -4.11389e-05
49.04 -3.79794e-05
49.05 -3.46998e-05
49.06 -3.13112e-05
49.07 -2.78254e-05
49.08 -2.42543e-05
49.09 -2.061e-05
49.1 -1.69051e-05
49.11 -1.31521e-05
49.12 -9.36395e-06
49.13 -5.55345e-06
49.14 -1.73366e-06
49.15 2.08239e-06
49.16 5.88167e-06
49.17 9.65118e-06
49.18 1.33781e-05
49.19 1.70496e-05
49.2 2.06531e-05
49.21 2.41764e-05
49.22 2.76075e-05
49.23 3.09346e-05
49.24 3.41464e-05
49.25 3.72319e-05
49.26 4.01809e-05
49.27 4.29832e-05
49.28 4.56296e-05
49.29 4.81112e-05
49.3 5.04197e-05
49.31 5.25477e-05
49.32 5.44882e-05
49.33 5.6235e-05
49.34 5.77827e-05
49.35 5.91263e-05
49.36 6.0262e-05
49.37 6.11865e-05
49.38 6.18972e-05
49.39 6.23924e-05
49.4 6.2671e-05
49.41 6.27328e-05
49.42 6.25784e-05
49.43 6.22089e-05
49.44 6.16263e-05
49.45 6.08333e-05
49.46 5.98332e-05
49.47 5.86301e-05
49.48 5.72288e-05
49.49 5.56344e-05
49.5 5.38531e-05
49.51 5.18913e-05
49.52 4.97562e-05
49.53 4.74554e-05
49.54 4.49971e-05
49.55 4.23901e-05
49.56 3.96434e-05
49.57 3.67666e-05
49.58 3.37697e-05
49.59 3.0663e-05
49.6 2.74573e-05
49.61 2.41636e-05
49.62 2.07932e-05
49.63 1.73576e-05
49.64 1.38686e-05
49.65 1.03381e-05
49.66 6.77819e-06
49.67 3.20099e-06
49.68 -3.81248e-07
49.69 -3.95629e-06
49.7 -7.51193e-06
49.71 -1.1036e-05
49.72 -1.45165e-05
49.73 -1.79415e-05
49.74 -2.12993e-05
49.75 -2.45784e-05
49.76 -2.77678e-05
49.77 -3.08565e-05
49.78 -3.3834e-05
49.79 -3.66903e-05
49.8 -3.94157e-05
49.81 -4.20012e-05
49.82 -4.44379e-05
49.83 -4.67179e-05
49.84 -4.88337e-05
49.85 -5.07783e-05
49.86 -5.25454e-05
49.87 -5.41295e-05
49.88 -5.55256e-05
49.89 -5.67294e-05
49.9 -5.77373e-05
49.91 -5.85465e-05
49.92 -5.91547e-05
49.93 -5.95605e-05
49.94 -5.97633e-05
49.95 -5.97628e-05
49.96 -5.95598e-05
49.97 -5.91556e-05
49.98 -5.85521e-05
49.99 -5.77522e-05
50 -5.67591e-05
50.01 -5.55768e-05
50.02 -5.42099e-05
50.03 -5.26634e-05
50.04 -5.09433e-05
50.05 -4.90557e-05
50.06 -4.70076e-05
50.07 -4.48062e-05
50.08 -4.24594e-05
50.09 -3.99755e-05
50.1 -3.73631e-05
50.11 -3.46315e-05
50.12 -3.17899e-05
50.13 -2.88484e-05
50.14 -2.5817e-05
50.15 -2.27062e-05
50.16 -1.95266e-05
50.17 -1.62892e-05
50.18 -1.3005e-05
50.19 -9.68534e-06
50.2 -6.34145e-06
50.21 -2.98482e-06
50.22 3.73104e-07
50.23 3.72084e-06
50.24 7.04696e-06
50.25 1.03401e-05
50.26 1.3589e-05
50.27 1.67827e-05
50.28 1.99101e-05
50.29 2.29608e-05
50.3 2.59242e-05
50.31 2.87904e-05
50.32 3.15497e-05
50.33 3.41927e-05
50.34 3.67105e-05
50.35 3.90948e-05
50.36 4.13376e-05
50.37 4.34314e-05
50.38 4.53694e-05
50.39 4.71454e-05
50.4 4.87535e-05
50.41 5.01887e-05
50.42 5.14465e-05
50.43 5.25232e-05
50.44 5.34154e-05
50.45 5.41207e-05
50.46 5.46371e-05
50.47 5.49636e-05
50.48 5.50996e-05
50.49 5.50452e-05
50.5 5.48011e-05
50.51 5.43687e-05
50.52 5.37502e-05
50.53 5.29481e-05
50.54 5.19658e-05
50.55 5.08071e-05
50.56 4.94765e-05
50.57 4.79789e-05
50.58 4.63199e-05
50.59 4.45056e-05
50.6 4.25425e-05
50.61 4.04376e-05
50.62 3.81983e-05
50.63 3.58327e-05
50.64 3.3349e-05
50.65 3.07558e-05
50.66 2.80621e-05
50.67 2.52774e-05
50.68 2.24111e-05
50.69 1.94732e-05
50.7 1.64738e-05
50.71 1.34232e-05
50.72 1.03318e-05
50.73 7.21017e-06
50.74 4.06908e-06
50.75 9.19232e-07
50.76 -2.22861e-06
50.77 -5.36368e-06
50.78 -8.47529e-06
50.79 -1.15528e-05
50.8 -1.45857e-05
50.81 -1.75637e-05
50.82 -2.04767e-05
50.83 -2.33146e-05
50.84 -2.6068e-05
50.85 -2.87275e-05
50.86 -3.12841e-05
50.87 -3.37292e-05
50.88 -3.60546e-05
50.89 -3.82525e-05
50.9 -4.03157e-05
50.91 -4.22373e-05
50.92 -4.40111e-05
50.93 -4.56314e-05
50.94 -4.70928e-05
50.95 -4.83909e-05
50.96 -4.95216e-05
50.97 -5.04815e-05
50.98 -5.12678e-05
50.99 -5.18782e-05
51 -5.23112e-05
51.01 -5.25658e-05
51.02 -5.26418e-05
51.03 -5.25393e-05
51.04 -5.22592e-05
51.05 -5.18031e-05
51.06 -5.1173e-05
51.07 -5.03716e-05
51.08 -4.9402e-05
51.09 -4.82682e-05
51.1 -4.69743e-05
51.11 -4.55253e-05
51.12 -4.39264e-05
51.13 -4.21835e-05
51.14 -4.03028e-05
51.15 -3.82911e-05
51.16 -3.61556e-05
51.17 -3.39036e-05
51.18 -3.15432e-05
51.19 -2.90826e-05
51.2 -2.65302e-05
51.21 -2.3895e-05
51.22 -2.11861e-05
51.23 -1.84128e-05
51.24 -1.55846e-05
51.25 -1.27113e-05
51.26 -9.80262e-06
51.27 -6.86864e-06
51.28 -3.91937e-06
51.29 -9.64896e-07
51.3 1.98469e-06
51.31 4.91932e-06
51.32 7.82898e-06
51.33 1.07037e-05
51.34 1.35338e-05
51.35 1.63096e-05
51.36 1.90216e-05
51.37 2.16606e-05
51.38 2.42178e-05
51.39 2.66845e-05
51.4 2.90523e-05
51.41 3.13134e-05
51.42 3.34601e-05
51.43 3.54853e-05
51.44 3.73824e-05
51.45 3.9145e-05
51.46 4.07675e-05
51.47 4.22446e-05
51.48 4.35717e-05
51.49 4.47444e-05
51.5 4.57593e-05
51.51 4.66132e-05
51.52 4.73036e-05
51.53 4.78287e-05
51.54 4.81872e-05
51.55 4.83782e-05
51.56 4.84017e-05
51.57 4.82579e-05
51.58 4.7948e-05
51.59 4.74734e-05
51.6 4.68362e-05
51.61 4.6039e-05
51.62 4.50851e-05
51.63 4.39781e-05
51.64 4.27222e-05
51.65 4.1322e-05
51.66 3.97827e-05
51.67 3.81098e-05
51.68 3.63095e-05
51.69 3.4388e-05
51.7 3.23523e-05
51.71 3.02094e-05
51.72 2.79669e-05
51.73 2.56326e-05
51.74 2.32147e-05
51.75 2.07215e-05
51.76 1.81615e-05
51.77 1.55438e-05
51.78 1.28772e-05
51.79 1.0171e-05
51.8 7.4344e-06
51.81 4.67681e-06
51.82 1.90766e-06
51.83 -8.63567e-07
51.84 -3.6274e-06
51.85 -6.3744e-06
51.86 -9.0952e-06
51.87 -1.17805e-05
51.88 -1.44212e-05
51.89 -1.70083e-05
51.9 -1.95331e-05
51.91 -2.19869e-05
51.92 -2.43615e-05
51.93 -2.66489e-05
51.94 -2.88414e-05
51.95 -3.09316e-05
51.96 -3.29126e-05
51.97 -3.47778e-05
51.98 -3.65211e-05
51.99 -3.81367e-05
52 -3.96194e-05
52.01 -4.09644e-05
52.02 -4.21675e-05
52.03 -4.32249e-05
52.04 -4.41333e-05
52.05 -4.48901e-05
52.06 -4.54931e-05
52.07 -4.59405e-05
52.08 -4.62314e-05
52.09 -4.63651e-05
52.1 -4.63417e-05
52.11 -4.61617e-05
52.12 -4.58261e-05
52.13 -4.53366e-05
52.14 -4.46952e-05
52.15 -4.39046e-05
52.16 -4.29678e-05
52.17 -4.18884e-05
52.18 -4.06706e-05
52.19 -3.93187e-05
52.2 -3.78378e-05
52.21 -3.62332e-05
52.22 -3.45106e-05
52.23 -3.26763e-05
52.24 -3.07366e-05
52.25 -2.86985e-05
52.26 -2.6569e-05
52.27 -2.43555e-05
52.28 -2.20659e-05
52.29 -1.9708e-05
52.3 -1.729e-05
52.31 -1.48201e-05
52.32 -1.2307e-05
52.33 -9.75931e-06
52.34 -7.18568e-06
52.35 -4.59497e-06
52.36 -1.99606e-06
52.37 6.02173e-07
52.38 3.19085e-06
52.39 5.76114e-06
52.4 8.30427e-06
52.41 1.08116e-05
52.42 1.32746e-05
52.43 1.56849e-05
52.44 1.80344e-05
52.45 2.0315e-05
52.46 2.25192e-05
52.47 2.46394e-05
52.48 2.66686e-05
52.49 2.86001e-05
52.5 3.04273e-05
52.51 3.21442e-05
52.52 3.37452e-05
52.53 3.52251e-05
52.54 3.65791e-05
52.55 3.78028e-05
52.56 3.88923e-05
52.57 3.98443e-05
52.58 4.06559e-05
52.59 4.13245e-05
52.6 4.18485e-05
52.61 4.22262e-05
52.62 4.24569e-05
52.63 4.25402e-05
52.64 4.24761e-05
52.65 4.22654e-05
52.66 4.19091e-05
52.67 4.14089e-05
52.68 4.07668e-05
52.69 3.99854e-05
52.7 3.90678e-05
52.71 3.80175e-05
52.72 3.68384e-05
52.73 3.55347e-05
52.74 3.41114e-05
52.75 3.25735e-05
52.76 3.09264e-05
52.77 2.91762e-05
52.78 2.73289e-05
52.79 2.53911e-05
52.8 2.33695e-05
52.81 2.12713e-05
52.82 1.91036e-05
52.83 1.68741e-05
52.84 1.45904e-05
52.85 1.22604e-05
52.86 9.89219e-06
52.87 7.49386e-06
52.88 5.07365e-06
52.89 2.63986e-06
52.9 2.00829e-07
52.91 -2.23511e-06
52.92 -4.65962e-06
52.93 -7.06445e-06
52.94 -9.4414e-06
52.95 -1.17824e-05
52.96 -1.40794e-05
52.97 -1.63248e-05
52.98 -1.85108e-05
52.99 -2.06302e-05
53 -2.26757e-05
53.01 -2.46406e-05
53.02 -2.65181e-05
53.03 -2.83021e-05
53.04 -2.99867e-05
53.05 -3.15663e-05
53.06 -3.30357e-05
53.07 -3.43901e-05
53.08 -3.56251e-05
53.09 -3.67369e-05
53.1 -3.77219e-05
53.11 -3.8577e-05
53.12 -3.92997e-05
53.13 -3.98879e-05
53.14 -4.03398e-05
53.15 -4.06543e-05
53.16 -4.08307e-05
53.17 -4.08687e-05
53.18 -4.07687e-05
53.19 -4.05314e-05
53.2 -4.01578e-05
53.21 -3.96498e-05
53.22 -3.90093e-05
53.23 -3.82389e-05
53.24 -3.73415e-05
53.25 -3.63207e-05
53.26 -3.51801e-05
53.27 -3.3924e-05
53.28 -3.25569e-05
53.29 -3.10837e-05
53.3 -2.95097e-05
53.31 -2.78406e-05
53.32 -2.60821e-05
53.33 -2.42405e-05
53.34 -2.23223e-05
53.35 -2.03341e-05
53.36 -1.82828e-05
53.37 -1.61756e-05
53.38 -1.40197e-05
53.39 -1.18226e-05
53.4 -9.59179e-06
53.41 -7.33504e-06
53.42 -5.06006e-06
53.43 -2.77465e-06
53.44 -4.86621e-07
53.45 1.7962e-06
53.46 4.06602e-06
53.47 6.31511e-06
53.48 8.5358e-06
53.49 1.07206e-05
53.5 1.2862e-05
53.51 1.49528e-05
53.52 1.69859e-05
53.53 1.89546e-05
53.54 2.08521e-05
53.55 2.26721e-05
53.56 2.44085e-05
53.57 2.60556e-05
53.58 2.76078e-05
53.59 2.90602e-05
53.6 3.04079e-05
53.61 3.16466e-05
53.62 3.27722e-05
53.63 3.37813e-05
53.64 3.46705e-05
53.65 3.54373e-05
53.66 3.60792e-05
53.67 3.65944e-05
53.68 3.69814e-05
53.69 3.72394e-05
53.7 3.73677e-05
53.71 3.73662e-05
53.72 3.72353e-05
53.73 3.69759e-05
53.74 3.6589e-05
53.75 3.60765e-05
53.76 3.54403e-05
53.77 3.46829e-05
53.78 3.38074e-05
53.79 3.28168e-05
53.8 3.1715e-05
53.81 3.05059e-05
53.82 2.9194e-05
53.83 2.77839e-05
53.84 2.62807e-05
53.85 2.46896e-05
53.86 2.30164e-05
53.87 2.12669e-05
53.88 1.94473e-05
53.89 1.75638e-05
53.9 1.56231e-05
53.91 1.36318e-05
53.92 1.15968e-05
53.93 9.52529e-06
53.94 7.42424e-06
53.95 5.30094e-06
53.96 3.16267e-06
53.97 1.01676e-06
53.98 -1.12945e-06
53.99 -3.26862e-06
54 -5.39345e-06
54.01 -7.49671e-06
54.02 -9.57123e-06
54.03 -1.161e-05
54.04 -1.3606e-05
54.05 -1.55526e-05
54.06 -1.74433e-05
54.07 -1.92715e-05
54.08 -2.10312e-05
54.09 -2.27165e-05
54.1 -2.43218e-05
54.11 -2.58418e-05
54.12 -2.72714e-05
54.13 -2.86059e-05
54.14 -2.9841e-05
54.15 -3.09727e-05
54.16 -3.19974e-05
54.17 -3.29117e-05
54.18 -3.37129e-05
54.19 -3.43985e-05
54.2 -3.49665e-05
54.21 -3.54151e-05
54.22 -3.57433e-05
54.23 -3.59501e-05
54.24 -3.60351e-05
54.25 -3.59985e-05
54.26 -3.58407e-05
54.27 -3.55625e-05
54.28 -3.51651e-05
54.29 -3.46504e-05
54.3 -3.40203e-05
54.31 -3.32772e-05
54.32 -3.24241e-05
54.33 -3.1464e-05
54.34 -3.04006e-05
54.35 -2.92377e-05
54.36 -2.79795e-05
54.37 -2.66306e-05
54.38 -2.51957e-05
54.39 -2.36799e-05
54.4 -2.20886e-05
54.41 -2.04273e-05
54.42 -1.8702e-05
54.43 -1.69185e-05
54.44 -1.50831e-05
54.45 -1.32022e-05
54.46 -1.12822e-05
54.47 -9.32987e-06
54.48 -7.35183e-06
54.49 -5.35491e-06
54.5 -3.34595e-06
54.51 -1.33185e-06
54.52 6.80512e-07
54.53 2.68426e-06
54.54 4.67255e-06
54.55 6.63863e-06
54.56 8.57581e-06
54.57 1.04775e-05
54.58 1.23373e-05
54.59 1.41489e-05
54.6 1.59063e-05
54.61 1.76034e-05
54.62 1.92346e-05
54.63 2.07945e-05
54.64 2.22779e-05
54.65 2.36798e-05
54.66 2.49956e-05
54.67 2.62211e-05
54.68 2.73523e-05
54.69 2.83854e-05
54.7 2.93172e-05
54.71 3.01447e-05
54.72 3.08654e-05
54.73 3.14771e-05
54.74 3.19779e-05
54.75 3.23664e-05
54.76 3.26417e-05
54.77 3.28029e-05
54.78 3.28499e-05
54.79 3.27828e-05
54.8 3.26022e-05
54.81 3.23089e-05
54.82 3.19042e-05
54.83 3.13899e-05
54.84 3.07679e-05
54.85 3.00406e-05
54.86 2.92109e-05
54.87 2.82817e-05
54.88 2.72565e-05
54.89 2.61391e-05
54.9 2.49334e-05
54.91 2.36438e-05
54.92 2.22749e-05
54.93 2.08314e-05
54.94 1.93186e-05
54.95 1.77417e-05
54.96 1.61062e-05
54.97 1.44179e-05
54.98 1.26825e-05
54.99 1.09062e-05
