0.01 1.31412e-07
0.02 9.11181e-08
0.03 2.0968e-08
0.04 -6.64346e-08
0.05 -1.64361e-07
0.06 -2.73744e-07
0.07 -3.99316e-07
0.08 -5.44748e-07
0.09 -7.10683e-07
0.1 -8.95876e-07
0.11 -1.09917e-06
0.12 -1.31955e-06
0.13 -1.55441e-06
0.14 -1.79932e-06
0.15 -2.0497e-06
0.16 -2.30221e-06
0.17 -2.55588e-06
0.18 -2.81219e-06
0.19 -3.07358e-06
0.2 -3.34209e-06
0.21 -3.61805e-06
0.22 -3.89897e-06
0.23 -4.17981e-06
0.24 -4.45586e-06
0.25 -4.72366e-06
0.26 -4.98139e-06
0.27 -5.23077e-06
0.28 -5.47461e-06
0.29 -5.71382e-06
0.3 -5.94813e-06
0.31 -6.17638e-06
0.32 -6.39637e-06
0.33 -6.60332e-06
0.34 -6.79196e-06
0.35 -6.96375e-06
0.36 -7.1266e-06
0.37 -7.28547e-06
0.38 -7.43829e-06
0.39 -7.58117e-06
0.4 -7.7115e-06
0.41 -7.8275e-06
0.42 -7.92516e-06
0.43 -7.99738e-06
0.44 -8.03907e-06
0.45 -8.05105e-06
0.46 -8.04192e-06
0.47 -8.02952e-06
0.48 -8.03158e-06
0.49 -8.04525e-06
0.5 -8.04764e-06
0.51 -8.02376e-06
0.52 -7.97346e-06
0.53 -7.89213e-06
0.54 -7.78138e-06
0.55 -7.66825e-06
0.56 -7.57448e-06
0.57 -7.49419e-06
0.58 -7.41496e-06
0.59 -7.32653e-06
0.6 -7.21864e-06
0.61 -7.09687e-06
0.62 -6.99221e-06
0.63 -6.9322e-06
0.64 -6.91775e-06
0.65 -6.9398e-06
0.66 -6.97662e-06
0.67 -6.98742e-06
0.68 -6.93831e-06
0.69 -6.80327e-06
0.7 -6.57616e-06
0.71 -6.29607e-06
0.72 -6.00205e-06
0.73 -5.71087e-06
0.74 -5.45893e-06
0.75 -5.27303e-06
0.76 -5.11176e-06
0.77 -4.9076e-06
0.78 -4.62254e-06
0.79 -4.24032e-06
0.8 -3.77322e-06
0.81 -3.27237e-06
0.82 -2.79076e-06
0.83 -2.34068e-06
0.84 -1.90053e-06
0.85 -1.44839e-06
0.86 -9.78164e-07
0.87 -5.05223e-07
0.88 -4.91102e-08
0.89 3.57141e-07
0.9 6.33478e-07
0.91 7.0541e-07
0.92 5.6725e-07
0.93 2.56734e-07
0.94 -2.02423e-07
0.95 -8.16788e-07
0.96 -1.58966e-06
0.97 -2.49859e-06
0.98 -3.52259e-06
0.99 -4.67595e-06
1 -5.99357e-06
1.01 -7.47904e-06
1.02 -9.04944e-06
1.03 -1.05642e-05
1.04 -1.19508e-05
1.05 -1.32166e-05
1.06 -1.43459e-05
1.07 -1.52744e-05
1.08 -1.59735e-05
1.09 -1.65235e-05
1.1 -1.7002e-05
1.11 -1.73676e-05
1.12 -1.75404e-05
1.13 -1.74739e-05
1.14 -1.71628e-05
1.15 -1.66578e-05
1.16 -1.60175e-05
1.17 -1.52721e-05
1.18 -1.44152e-05
1.19 -1.33768e-05
1.2 -1.2083e-05
1.21 -1.05773e-05
1.22 -9.01498e-06
1.23 -7.48525e-06
1.24 -5.91031e-06
1.25 -4.1862e-06
1.26 -2.34781e-06
1.27 -5.49994e-07
1.28 1.08655e-06
1.29 2.55821e-06
1.3 3.92667e-06
1.31 5.25491e-06
1.32 6.56341e-06
1.33 7.81631e-06
1.34 9.00132e-06
1.35 1.0193e-05
1.36 1.14648e-05
1.37 1.2781e-05
1.38 1.40264e-05
1.39 1.5121e-05
1.4 1.60334e-05
1.41 1.67497e-05
1.42 1.73329e-05
1.43 1.79158e-05
1.44 1.86282e-05
1.45 1.95562e-05
1.46 2.07381e-05
1.47 2.22001e-05
1.48 2.3919e-05
1.49 2.57847e-05
1.5 2.77313e-05
1.51 2.98212e-05
1.52 3.21624e-05
1.53 3.48653e-05
1.54 3.79826e-05
1.55 4.13638e-05
1.56 4.46864e-05
1.57 4.77108e-05
1.58 5.03719e-05
1.59 5.26669e-05
1.6 5.46197e-05
1.61 5.6309e-05
1.62 5.78867e-05
1.63 5.94908e-05
1.64 6.10566e-05
1.65 6.23327e-05
1.66 6.3085e-05
1.67 6.3208e-05
1.68 6.27244e-05
1.69 6.17648e-05
1.7 6.05425e-05
1.71 5.92919e-05
1.72 5.8168e-05
1.73 5.71805e-05
1.74 5.61793e-05
1.75 5.48687e-05
1.76 5.2933e-05
1.77 5.02493e-05
1.78 4.69871e-05
1.79 4.35117e-05
1.8 4.01352e-05
1.81 3.69083e-05
1.82 3.36e-05
1.83 2.99074e-05
1.84 2.57162e-05
1.85 2.10785e-05
1.86 1.61217e-05
1.87 1.1125e-05
1.88 6.4766e-06
1.89 2.45796e-06
1.9 -8.64725e-07
1.91 -3.62902e-06
1.92 -6.16035e-06
1.93 -8.79135e-06
1.94 -1.16104e-05
1.95 -1.45099e-05
1.96 -1.73068e-05
1.97 -1.97592e-05
1.98 -2.1684e-05
1.99 -2.30439e-05
2 -2.38988e-05
2.01 -2.4396e-05
2.02 -2.48045e-05
2.03 -2.53977e-05
2.04 -2.63004e-05
2.05 -2.74862e-05
2.06 -2.88295e-05
2.07 -3.01273e-05
2.08 -3.11735e-05
2.09 -3.19277e-05
2.1 -3.25535e-05
2.11 -3.32433e-05
2.12 -3.40787e-05
2.13 -3.50601e-05
2.14 -3.62043e-05
2.15 -3.75049e-05
2.16 -3.87959e-05
2.17 -3.98325e-05
2.18 -4.05046e-05
2.19 -4.08923e-05
2.2 -4.11618e-05
2.21 -4.14283e-05
2.22 -4.17051e-05
2.23 -4.19645e-05
2.24 -4.2135e-05
2.25 -4.20461e-05
2.26 -4.15298e-05
2.27 -4.05316e-05
2.28 -3.91093e-05
2.29 -3.73927e-05
2.3 -3.55169e-05
2.31 -3.35866e-05
2.32 -3.16745e-05
2.33 -2.98092e-05
2.34 -2.79379e-05
2.35 -2.59403e-05
2.36 -2.36903e-05
2.37 -2.10595e-05
2.38 -1.79531e-05
2.39 -1.44301e-05
2.4 -1.06852e-05
2.41 -6.86478e-06
2.42 -3.01291e-06
2.43 8.21545e-07
2.44 4.61039e-06
2.45 8.4346e-06
2.46 1.23702e-05
2.47 1.63615e-05
2.48 2.02814e-05
2.49 2.40386e-05
2.5 2.75729e-05
2.51 3.07903e-05
2.52 3.36101e-05
2.53 3.60475e-05
2.54 3.81835e-05
2.55 4.00657e-05
2.56 4.15893e-05
2.57 4.25066e-05
2.58 4.26365e-05
2.59 4.19749e-05
2.6 4.06356e-05
2.61 3.87966e-05
2.62 3.66291e-05
2.63 3.42556e-05
2.64 3.17672e-05
2.65 2.91933e-05
2.66 2.65329e-05
2.67 2.38538e-05
2.68 2.11905e-05
2.69 1.84533e-05
2.7 1.56239e-05
2.71 1.28497e-05
2.72 1.0243e-05
2.73 7.78912e-06
2.74 5.44622e-06
2.75 3.1832e-06
2.76 9.54702e-07
2.77 -1.2603e-06
2.78 -3.38637e-06
2.79 -5.31579e-06
2.8 -7.03261e-06
2.81 -8.58834e-06
2.82 -1.00285e-05
2.83 -1.14116e-05
2.84 -1.28305e-05
2.85 -1.43524e-05
2.86 -1.59687e-05
2.87 -1.76348e-05
2.88 -1.92779e-05
2.89 -2.07326e-05
2.9 -2.17957e-05
2.91 -2.23694e-05
2.92 -2.25114e-05
2.93 -2.23899e-05
2.94 -2.22145e-05
2.95 -2.22104e-05
2.96 -2.25359e-05
2.97 -2.31624e-05
2.98 -2.39541e-05
2.99 -2.47654e-05
3 -2.54234e-05
3.01 -2.58373e-05
3.02 -2.60716e-05
3.03 -2.62089e-05
3.04 -2.62859e-05
3.05 -2.63846e-05
3.06 -2.66451e-05
3.07 -2.71494e-05
3.08 -2.78579e-05
3.09 -2.86587e-05
3.1 -2.93995e-05
3.11 -2.99039e-05
3.12 -3.01502e-05
3.13 -3.04274e-05
3.14 -3.10941e-05
3.15 -3.22025e-05
3.16 -3.34763e-05
3.17 -3.4606e-05
3.18 -3.55223e-05
3.19 -3.60889e-05
3.2 -3.58215e-05
3.21 -3.47427e-05
3.22 -3.3661e-05
3.23 -3.29988e-05
3.24 -3.24382e-05
3.25 -3.16052e-05
3.26 -3.0321e-05
3.27 -2.84403e-05
3.28 -2.58434e-05
3.29 -2.25771e-05
3.3 -1.88329e-05
3.31 -1.47805e-05
3.32 -1.05662e-05
3.33 -6.39597e-06
3.34 -2.41117e-06
3.35 1.40309e-06
3.36 5.14948e-06
3.37 9.02158e-06
3.38 1.32201e-05
3.39 1.77354e-05
3.4 2.23244e-05
3.41 2.67477e-05
3.42 3.09342e-05
3.43 3.48849e-05
3.44 3.86083e-05
3.45 4.21081e-05
3.46 4.52708e-05
3.47 4.78773e-05
3.48 4.97813e-05
3.49 5.10309e-05
3.5 5.18053e-05
3.51 5.22273e-05
3.52 5.22554e-05
3.53 5.17469e-05
3.54 5.06171e-05
3.55 4.88939e-05
3.56 4.66097e-05
3.57 4.38073e-05
3.58 4.06334e-05
3.59 3.7302e-05
3.6 3.40179e-05
3.61 3.08932e-05
3.62 2.78937e-05
3.63 2.48942e-05
3.64 2.17854e-05
3.65 1.85784e-05
3.66 1.54104e-05
3.67 1.24926e-05
3.68 1.00869e-05
3.69 8.40794e-06
3.7 7.4531e-06
3.71 6.9677e-06
3.72 6.64515e-06
3.73 6.35826e-06
3.74 6.18423e-06
3.75 6.26418e-06
3.76 6.6887e-06
3.77 7.5125e-06
3.78 8.78256e-06
3.79 1.04345e-05
3.8 1.21909e-05
3.81 1.36539e-05
3.82 1.45211e-05
3.83 1.47026e-05
3.84 1.4286e-05
3.85 1.34443e-05
3.86 1.23332e-05
3.87 1.1028e-05
3.88 9.51809e-06
3.89 7.69976e-06
3.9 5.39188e-06
3.91 2.44764e-06
3.92 -1.13999e-06
3.93 -5.23282e-06
3.94 -9.63499e-06
3.95 -1.42242e-05
3.96 -1.89033e-05
3.97 -2.34962e-05
3.98 -2.78335e-05
3.99 -3.18278e-05
4 -3.54587e-05
4.01 -3.8776e-05
4.02 -4.18422e-05
4.03 -4.45699e-05
4.04 -4.66978e-05
4.05 -4.79936e-05
4.06 -4.83893e-05
4.07 -4.79475e-05
4.08 -4.68697e-05
4.09 -4.55197e-05
4.1 -4.42469e-05
4.11 -4.31969e-05
4.12 -4.23645e-05
4.13 -4.16844e-05
4.14 -4.10478e-05
4.15 -4.03634e-05
4.16 -3.96233e-05
4.17 -3.88926e-05
4.18 -3.82045e-05
4.19 -3.75434e-05
4.2 -3.70128e-05
4.21 -3.68375e-05
4.22 -3.71093e-05
4.23 -3.76747e-05
4.24 -3.82687e-05
4.25 -3.86294e-05
4.26 -3.85986e-05
4.27 -3.82538e-05
4.28 -3.77978e-05
4.29 -3.73311e-05
4.3 -3.68234e-05
4.31 -3.61793e-05
4.32 -3.53178e-05
4.33 -3.42105e-05
4.34 -3.27568e-05
4.35 -3.07346e-05
4.36 -2.79942e-05
4.37 -2.46143e-05
4.38 -2.08921e-05
4.39 -1.72029e-05
4.4 -1.37617e-05
4.41 -1.05195e-05
4.42 -7.36031e-06
4.43 -4.28257e-06
4.44 -1.31493e-06
4.45 1.53966e-06
4.46 4.22845e-06
4.47 6.59299e-06
4.48 8.35226e-06
4.49 9.24354e-06
4.5 9.30069e-06
4.51 8.915e-06
4.52 8.5716e-06
4.53 8.53375e-06
4.54 8.7316e-06
4.55 8.93509e-06
4.56 8.95067e-06
4.57 8.58982e-06
4.58 7.68439e-06
4.59 6.27885e-06
4.6 4.6837e-06
4.61 3.35324e-06
4.62 2.6824e-06
4.63 2.77985e-06
4.64 3.42633e-06
4.65 4.28355e-06
4.66 5.16278e-06
4.67 6.15494e-06
4.68 7.53206e-06
4.69 9.49518e-06
4.7 1.20557e-05
4.71 1.51414e-05
4.72 1.8689e-05
4.73 2.26311e-05
4.74 2.68434e-05
4.75 3.10874e-05
4.76 3.50855e-05
4.77 3.87425e-05
4.78 4.21964e-05
4.79 4.55764e-05
4.8 4.87947e-05
4.81 5.15754e-05
4.82 5.36269e-05
4.83 5.47804e-05
4.84 5.50088e-05
4.85 5.44155e-05
4.86 5.31586e-05
4.87 5.1335e-05
4.88 4.90094e-05
4.89 4.63537e-05
4.9 4.36878e-05
4.91 4.12884e-05
4.92 3.91791e-05
4.93 3.71573e-05
4.94 3.50233e-05
4.95 3.27906e-05
4.96 3.06948e-05
4.97 2.90559e-05
4.98 2.81169e-05
4.99 2.80173e-05
5 2.88684e-05
5.01 3.07124e-05
5.02 3.34135e-05
5.03 3.66914e-05
5.04 4.03121e-05
5.05 4.42291e-05
5.06 4.849e-05
5.07 5.3035e-05
5.08 5.76607e-05
5.09 6.21271e-05
5.1 6.62538e-05
5.11 6.99773e-05
5.12 7.33477e-05
5.13 7.64082e-05
5.14 7.90016e-05
5.15 8.07919e-05
5.16 8.15551e-05
5.17 8.13008e-05
5.18 8.01148e-05
5.19 7.80451e-05
5.2 7.51691e-05
5.21 7.17078e-05
5.22 6.79487e-05
5.23 6.40707e-05
5.24 6.01726e-05
5.25 5.64236e-05
5.26 5.30154e-05
5.27 5.00074e-05
5.28 4.7383e-05
5.29 4.51427e-05
5.3 4.32103e-05
5.31 4.1411e-05
5.32 3.96059e-05
5.33 3.77445e-05
5.34 3.58249e-05
5.35 3.3892e-05
5.36 3.20038e-05
5.37 3.0099e-05
5.38 2.7989e-05
5.39 2.55174e-05
5.4 2.26518e-05
5.41 1.94211e-05
5.42 1.58387e-05
5.43 1.19625e-05
5.44 7.92452e-06
5.45 3.81874e-06
5.46 -3.16585e-07
5.47 -4.42155e-06
5.48 -8.42873e-06
5.49 -1.23668e-05
5.5 -1.63803e-05
5.51 -2.05234e-05
5.52 -2.45478e-05
5.53 -2.80051e-05
5.54 -3.06728e-05
5.55 -3.28803e-05
5.56 -3.53212e-05
5.57 -3.85738e-05
5.58 -4.2813e-05
5.59 -4.78772e-05
5.6 -5.34804e-05
5.61 -5.93226e-05
5.62 -6.51593e-05
5.63 -7.08697e-05
5.64 -7.6435e-05
5.65 -8.18584e-05
5.66 -8.71235e-05
5.67 -9.21989e-05
5.68 -9.70076e-05
5.69 -0.000101369
5.7 -0.000104953
5.71 -0.000107338
5.72 -0.000108227
5.73 -0.000107662
5.74 -0.000106096
5.75 -0.000104298
5.76 -0.00010308
5.77 -0.000102904
5.78 -0.00010364
5.79 -0.000104711
5.8 -0.000105545
5.81 -0.00010591
5.82 -0.000105975
5.83 -0.000106175
5.84 -0.000106942
5.85 -0.000108499
5.86 -0.00011084
5.87 -0.000113835
5.88 -0.000117315
5.89 -0.000121115
5.9 -0.000125038
5.91 -0.000128768
5.92 -0.00013192
5.93 -0.000134191
5.94 -0.000135421
5.95 -0.000135671
5.96 -0.000135176
5.97 -0.000134052
5.98 -0.000132165
5.99 -0.000129312
6 -0.000125309
6.01 -0.000119897
6.02 -0.000112803
6.03 -0.000103865
6.04 -9.30812e-05
6.05 -8.07149e-05
6.06 -6.73251e-05
6.07 -5.34856e-05
6.08 -3.94635e-05
6.09 -2.52205e-05
6.1 -1.06947e-05
6.11 3.94979e-06
6.12 1.83677e-05
6.13 3.22741e-05
6.14 4.55225e-05
6.15 5.79551e-05
6.16 6.93802e-05
6.17 7.981e-05
6.18 8.95367e-05
6.19 9.88882e-05
6.2 0.000108032
6.21 0.000116957
6.22 0.000125467
6.23 0.000133226
6.24 0.000139961
6.25 0.000145646
6.26 0.00015047
6.27 0.000154721
6.28 0.000158616
6.29 0.000162153
6.3 0.00016514
6.31 0.000167368
6.32 0.00016868
6.33 0.000169009
6.34 0.000168314
6.35 0.000166494
6.36 0.000163473
6.37 0.000159278
6.38 0.000153949
6.39 0.00014739
6.4 0.000139331
6.41 0.000129554
6.42 0.000118067
6.43 0.000105055
6.44 9.0894e-05
6.45 7.62188e-05
6.46 6.17211e-05
6.47 4.788e-05
6.48 3.49185e-05
6.49 2.28293e-05
6.5 1.13346e-05
6.51 -2.23023e-08
6.52 -1.15083e-05
6.53 -2.28676e-05
6.54 -3.33463e-05
6.55 -4.19154e-05
6.56 -4.75774e-05
6.57 -4.99287e-05
6.58 -4.95289e-05
6.59 -4.74347e-05
6.6 -4.43868e-05
6.61 -4.04824e-05
6.62 -3.54273e-05
6.63 -2.89526e-05
6.64 -2.10209e-05
6.65 -1.18625e-05
6.66 -2.04172e-06
6.67 7.43908e-06
6.68 1.51505e-05
6.69 1.96821e-05
6.7 2.04462e-05
6.71 1.80605e-05
6.72 1.38817e-05
6.73 9.17516e-06
6.74 4.47741e-06
6.75 -6.53298e-07
6.76 -7.27445e-06
6.77 -1.6283e-05
6.78 -2.79635e-05
6.79 -4.20611e-05
6.8 -5.79322e-05
6.81 -7.46435e-05
6.82 -9.12441e-05
6.83 -0.000107085
6.84 -0.00012188
6.85 -0.000135579
6.86 -0.000148188
6.87 -0.000159593
6.88 -0.000169348
6.89 -0.000176562
6.9 -0.000180161
6.91 -0.000179411
6.92 -0.000174259
6.93 -0.000165407
6.94 -0.000154223
6.95 -0.000142494
6.96 -0.000131657
6.97 -0.000121846
6.98 -0.000111799
6.99 -9.96895e-05
7 -8.41358e-05
7.01 -6.49938e-05
7.02 -4.3486e-05
7.03 -2.14433e-05
7.04 -2.78656e-07
7.05 1.95301e-05
7.06 3.82692e-05
7.07 5.64791e-05
7.08 7.4491e-05
7.09 9.21816e-05
7.1 0.000108946
7.11 0.000123861
7.12 0.000135898
7.13 0.000144193
7.14 0.000148485
7.15 0.000149402
7.16 0.0001483
7.17 0.000146771
7.18 0.000145985
7.19 0.000146115
7.2 0.000146356
7.21 0.000145574
7.22 0.000142987
7.23 0.000138521
7.24 0.000132845
7.25 0.000127049
7.26 0.000122169
7.27 0.000118888
7.28 0.000117437
7.29 0.000117513
7.3 0.00011829
7.31 0.000118703
7.32 0.000117883
7.33 0.00011553
7.34 0.000112051
7.35 0.000108262
7.36 0.000104871
7.37 0.000102203
7.38 0.00010015
7.39 9.83658e-05
7.4 9.65132e-05
7.41 9.42462e-05
7.42 9.10704e-05
7.43 8.63691e-05
7.44 7.9789e-05
7.45 7.16887e-05
7.46 6.29229e-05
7.47 5.42717e-05
7.48 4.62986e-05
7.49 3.94775e-05
7.5 3.41348e-05
7.51 3.03588e-05
7.52 2.81405e-05
7.53 2.75222e-05
7.54 2.8556e-05
7.55 3.11747e-05
7.56 3.4946e-05
7.57 3.8867e-05
7.58 4.15368e-05
7.59 4.17229e-05
7.6 3.89275e-05
7.61 3.32322e-05
7.62 2.45385e-05
7.63 1.22929e-05
7.64 -4.05638e-06
7.65 -2.45916e-05
7.66 -4.8833e-05
7.67 -7.59697e-05
7.68 -0.000105121
7.69 -0.000135257
7.7 -0.00016511
7.71 -0.000193496
7.72 -0.000219719
7.73 -0.000243635
7.74 -0.000265328
7.75 -0.000284687
7.76 -0.000301202
7.77 -0.000314148
7.78 -0.000323001
7.79 -0.000327649
7.8 -0.000328289
7.81 -0.000325298
7.82 -0.000319169
7.83 -0.00031048
7.84 -0.000299722
7.85 -0.000287089
7.86 -0.000272481
7.87 -0.000255662
7.88 -0.000236457
7.89 -0.000214973
7.9 -0.000191635
7.91 -0.000167159
7.92 -0.000142607
7.93 -0.00011911
7.94 -9.7356e-05
7.95 -7.7453e-05
7.96 -5.9208e-05
7.97 -4.24542e-05
7.98 -2.71211e-05
7.99 -1.3007e-05
8 3.45334e-07
8.01 1.32444e-05
8.02 2.54143e-05
8.03 3.62634e-05
8.04 4.54405e-05
8.05 5.29171e-05
8.06 5.87225e-05
8.07 6.27674e-05
8.08 6.49228e-05
8.09 6.52077e-05
8.1 6.38e-05
8.11 6.10523e-05
8.12 5.76655e-05
8.13 5.46457e-05
8.14 5.29709e-05
8.15 5.32335e-05
8.16 5.54967e-05
8.17 5.95597e-05
8.18 6.53608e-05
8.19 7.30432e-05
8.2 8.26289e-05
8.21 9.37436e-05
8.22 0.000105729
8.23 0.000117899
8.24 0.000129712
8.25 0.000140768
8.26 0.000150715
8.27 0.000159311
8.28 0.000166581
8.29 0.000172887
8.3 0.000178748
8.31 0.000184592
8.32 0.0001907
8.33 0.000197234
8.34 0.00020414
8.35 0.000211073
8.36 0.0002175
8.37 0.000222876
8.38 0.000226785
8.39 0.000229022
8.4 0.000229494
8.41 0.00022812
8.42 0.00022484
8.43 0.000219641
8.44 0.000212536
8.45 0.000203463
8.46 0.000192273
8.47 0.000178902
8.48 0.000163531
8.49 0.000146617
8.5 0.000128801
8.51 0.000110684
8.52 9.26132e-05
8.53 7.4688e-05
8.54 5.69344e-05
8.55 3.94425e-05
8.56 2.24067e-05
8.57 6.18407e-06
8.58 -8.71143e-06
8.59 -2.18129e-05
8.6 -3.29961e-05
8.61 -4.26028e-05
8.62 -5.12081e-05
8.63 -5.92605e-05
8.64 -6.69116e-05
8.65 -7.40291e-05
8.66 -8.03372e-05
8.67 -8.56182e-05
8.68 -8.99223e-05
8.69 -9.38914e-05
8.7 -9.88669e-05
8.71 -0.000106265
8.72 -0.000116687
8.73 -0.000129689
8.74 -0.000144255
8.75 -0.000159169
8.76 -0.000173049
8.77 -0.000184812
8.78 -0.000194542
8.79 -0.000203519
8.8 -0.000213112
8.81 -0.000223829
8.82 -0.000235178
8.83 -0.000245865
8.84 -0.000254169
8.85 -0.000258428
8.86 -0.000257454
8.87 -0.000251062
8.88 -0.000240466
8.89 -0.00022776
8.9 -0.000214839
8.91 -0.00020264
8.92 -0.00019103
8.93 -0.000179165
8.94 -0.000166022
8.95 -0.000151054
8.96 -0.000134759
8.97 -0.000118672
8.98 -0.000104718
8.99 -9.43934e-05
9 -8.81506e-05
9.01 -8.53046e-05
9.02 -8.44683e-05
9.03 -8.41605e-05
9.04 -8.33957e-05
9.05 -8.20807e-05
9.06 -8.09416e-05
9.07 -8.09012e-05
9.08 -8.22666e-05
9.09 -8.42994e-05
9.1 -8.54572e-05
9.11 -8.41718e-05
9.12 -7.95104e-05
9.13 -7.12021e-05
9.14 -5.93803e-05
9.15 -4.44917e-05
9.16 -2.734e-05
9.17 -8.97865e-06
9.18 9.7251e-06
9.19 2.85477e-05
9.2 4.78869e-05
9.21 6.82061e-05
9.22 8.94434e-05
9.23 0.000110808
9.24 0.000131043
9.25 0.000148981
9.26 0.000163981
9.27 0.00017596
9.28 0.000185169
9.29 0.000191885
9.3 0.000196118
9.31 0.00019755
9.32 0.000195821
9.33 0.000191015
9.34 0.000184071
9.35 0.000176971
9.36 0.000172347
9.37 0.000172148
9.38 0.00017651
9.39 0.000184167
9.4 0.000193708
9.41 0.000204375
9.42 0.000216055
9.43 0.000228868
9.44 0.000242843
9.45 0.000257687
9.46 0.000272465
9.47 0.000285369
9.48 0.000294099
9.49 0.000296885
9.5 0.000293327
9.51 0.000284324
9.52 0.000271533
9.53 0.000256993
9.54 0.000242565
9.55 0.000228904
9.56 0.000215031
9.57 0.000199236
9.58 0.000180387
9.59 0.000158609
9.6 0.000135066
9.61 0.000111177
9.62 8.79463e-05
9.63 6.5842e-05
9.64 4.50586e-05
9.65 2.56246e-05
9.66 7.21974e-06
9.67 -1.08444e-05
9.68 -2.93048e-05
9.69 -4.85609e-05
9.7 -6.83861e-05
9.71 -8.79218e-05
9.72 -0.000106095
9.73 -0.000122208
9.74 -0.000136223
9.75 -0.000148524
9.76 -0.000159394
9.77 -0.000168648
9.78 -0.000175646
9.79 -0.000179604
9.8 -0.000180084
9.81 -0.000177236
9.82 -0.000171493
9.83 -0.000163143
9.84 -0.00015236
9.85 -0.000139556
9.86 -0.000125597
9.87 -0.000111798
9.88 -9.97047e-05
9.89 -9.04845e-05
9.9 -8.42388e-05
9.91 -8.00959e-05
9.92 -7.70816e-05
9.93 -7.48475e-05
9.94 -7.37067e-05
9.95 -7.43221e-05
9.96 -7.74845e-05
9.97 -8.38888e-05
9.98 -9.38372e-05
9.99 -0.000107132
10 -0.000123136
10.01 -0.000140774
10.02 -0.000158654
10.03 -0.00017553
10.04 -0.000190827
10.05 -0.00020462
10.06 -0.000217064
10.07 -0.000227836
10.08 -0.000236033
10.09 -0.000240405
10.1 -0.000239822
10.11 -0.000233838
10.12 -0.000222901
10.13 -0.000208034
10.14 -0.000190368
10.15 -0.000170789
10.16 -0.000149759
10.17 -0.00012743
10.18 -0.000103901
10.19 -7.94881e-05
10.2 -5.48641e-05
10.21 -3.08014e-05
10.22 -7.76217e-06
10.23 1.42761e-05
10.24 3.56778e-05
10.25 5.67491e-05
10.26 7.74048e-05
10.27 9.71902e-05
10.28 0.00011558
10.29 0.000132205
10.3 0.000146755
10.31 0.000158915
10.32 0.000168601
10.33 0.000176126
10.34 0.00018191
10.35 0.00018601
10.36 0.000188025
10.37 0.00018739
10.38 0.000183753
10.39 0.000177165
10.4 0.000168027
10.41 0.000156842
10.42 0.000144031
10.43 0.000129972
10.44 0.000115104
10.45 9.98655e-05
10.46 8.45298e-05
10.47 6.9194e-05
10.48 5.39645e-05
10.49 3.91601e-05
10.5 2.5376e-05
10.51 1.3363e-05
10.52 3.90978e-06
10.53 -2.06649e-06
10.54 -3.36877e-06
10.55 1.27513e-06
10.56 1.25404e-05
10.57 3.00795e-05
10.58 5.30057e-05
10.59 8.06769e-05
10.6 0.000112872
10.61 0.000149189
10.62 0.000188094
10.63 0.000226574
10.64 0.000261
10.65 0.000288883
10.66 0.000310057
10.67 0.000325703
10.68 0.000336313
10.69 0.000341063
10.7 0.000338659
10.71 0.000328411
10.72 0.000310649
10.73 0.000286205
10.74 0.000255683
10.75 0.000219417
10.76 0.000177912
10.77 0.000132032
10.78 8.26904e-05
10.79 3.03985e-05
10.8 -2.46151e-05
10.81 -8.13965e-05
10.82 -0.000137178
10.83 -0.000187815
10.84 -0.000230029
10.85 -0.000262911
10.86 -0.000287133
10.87 -0.00030358
10.88 -0.000313031
10.89 -0.000316432
10.9 -0.000314776
10.91 -0.000308633
10.92 -0.000298076
10.93 -0.000283023
10.94 -0.000263703
10.95 -0.000240938
10.96 -0.000215857
10.97 -0.000189466
10.98 -0.00016254
10.99 -0.000135699
11 -0.00010947
11.01 -8.43004e-05
11.02 -6.05511e-05
11.03 -3.86177e-05
11.04 -1.92472e-05
11.05 -3.63311e-06
11.06 7.05779e-06
11.07 1.23565e-05
11.08 1.27105e-05
11.09 9.1011e-06
11.1 2.52415e-06
11.11 -6.32549e-06
11.12 -1.72041e-05
11.13 -3.03818e-05
11.14 -4.65297e-05
11.15 -6.63928e-05
11.16 -9.04209e-05
11.17 -0.000118497
11.18 -0.000149824
11.19 -0.000183038
11.2 -0.000216597
11.21 -0.000249309
11.22 -0.000280599
11.23 -0.000310468
11.24 -0.000339213
11.25 -0.000366957
11.26 -0.000393012
11.27 -0.000415372
11.28 -0.000431224
11.29 -0.00043862
11.3 -0.000437628
11.31 -0.000429675
11.32 -0.000416031
11.33 -0.000397027
11.34 -0.000372151
11.35 -0.000340472
11.36 -0.000301088
11.37 -0.000253365
11.38 -0.000196984
11.39 -0.000132162
11.4 -6.0061e-05
11.41 1.68465e-05
11.42 9.47072e-05
11.43 0.00016918
11.44 0.00023717
11.45 0.00029776
11.46 0.00035139
11.47 0.000398518
11.48 0.000439206
11.49 0.0004735
11.5 0.000501736
11.51 0.000524468
11.52 0.000542111
11.53 0.000554637
11.54 0.000561458
11.55 0.000561321
11.56 0.000552413
11.57 0.000533115
11.58 0.000503116
11.59 0.000463736
11.6 0.000417153
11.61 0.000365509
11.62 0.000310527
11.63 0.000253564
11.64 0.000195973
11.65 0.000139259
11.66 8.4722e-05
11.67 3.29471e-05
11.68 -1.62333e-05
11.69 -6.31866e-05
11.7 -0.000107878
11.71 -0.000149724
11.72 -0.000187895
11.73 -0.000221584
11.74 -0.000250017
11.75 -0.000272498
11.76 -0.000288491
11.77 -0.000297415
11.78 -0.000298354
11.79 -0.000290297
11.8 -0.000272773
11.81 -0.000246128
11.82 -0.00021126
11.83 -0.000169061
11.84 -0.000119953
11.85 -6.42544e-05
11.86 -3.13937e-06
11.87 6.12504e-05
11.88 0.000126501
11.89 0.000189868
11.9 0.00024737
11.91 0.000293583
11.92 0.000323359
11.93 0.00033467
11.94 0.000329814
11.95 0.00031365
11.96 0.000290871
11.97 0.000264718
11.98 0.000236973
11.99 0.000207723
12 0.000175103
12.01 0.000136425
12.02 9.02727e-05
12.03 3.78044e-05
12.04 -1.75734e-05
12.05 -7.18526e-05
12.06 -0.000122199
12.07 -0.000167512
12.08 -0.00020779
12.09 -0.000243218
12.1 -0.000273546
12.11 -0.000297757
12.12 -0.000313982
12.13 -0.000320037
12.14 -0.0003146
12.15 -0.000298064
12.16 -0.000272384
12.17 -0.000240221
12.18 -0.000204006
12.19 -0.000165535
12.2 -0.00012619
12.21 -8.7042e-05
12.22 -4.84559e-05
12.23 -9.86541e-06
12.24 2.97044e-05
12.25 7.05962e-05
12.26 0.000111736
12.27 0.000150938
12.28 0.000186056
12.29 0.000215817
12.3 0.000239885
12.31 0.000258506
12.32 0.000272111
12.33 0.000280993
12.34 0.000284961
12.35 0.000283434
12.36 0.000276226
12.37 0.00026404
12.38 0.000248013
12.39 0.000228986
12.4 0.000207212
12.41 0.000182494
12.42 0.000154409
12.43 0.000122465
12.44 8.61645e-05
12.45 4.52094e-05
12.46 -6.83295e-08
12.47 -4.83999e-05
12.48 -9.76147e-05
12.49 -0.000145043
12.5 -0.000188183
12.51 -0.000225198
12.52 -0.000254978
12.53 -0.000277013
12.54 -0.000291357
12.55 -0.000298703
12.56 -0.000300216
12.57 -0.000296916
12.58 -0.00028909
12.59 -0.000276227
12.6 -0.000257318
12.61 -0.000231182
12.62 -0.000196826
12.63 -0.000153851
12.64 -0.000102759
12.65 -4.50133e-05
12.66 1.71541e-05
12.67 8.1157e-05
12.68 0.000144635
12.69 0.000205778
12.7 0.000262855
12.71 0.000313393
12.72 0.000354315
12.73 0.000383337
12.74 0.000400294
12.75 0.000407082
12.76 0.000406612
12.77 0.000401775
12.78 0.000394596
12.79 0.000385684
12.8 0.000374233
12.81 0.000358529
12.82 0.000336508
12.83 0.00030617
12.84 0.000266188
12.85 0.000216828
12.86 0.000160196
12.87 9.93126e-05
12.88 3.71092e-05
12.89 -2.33213e-05
12.9 -7.82605e-05
12.91 -0.000124427
12.92 -0.000160228
12.93 -0.000185908
12.94 -0.000202999
12.95 -0.000213281
12.96 -0.000218052
12.97 -0.00021811
12.98 -0.000213958
12.99 -0.000206033
13 -0.000194832
13.01 -0.000180924
13.02 -0.000165005
13.03 -0.00014784
13.04 -0.000130097
13.05 -0.000112208
13.06 -9.40906e-05
13.07 -7.49446e-05
13.08 -5.36283e-05
13.09 -2.95756e-05
13.1 -3.38949e-06
13.11 2.34503e-05
13.12 4.94164e-05
13.13 7.32576e-05
13.14 9.34013e-05
13.15 0.000107623
13.16 0.00011426
13.17 0.000113901
13.18 0.000109065
13.19 0.000101934
13.2 9.28636e-05
13.21 8.07775e-05
13.22 6.42134e-05
13.23 4.21154e-05
13.24 1.43002e-05
13.25 -1.8465e-05
13.26 -5.46823e-05
13.27 -9.24439e-05
13.28 -0.00012983
13.29 -0.00016528
13.3 -0.000197806
13.31 -0.00022702
13.32 -0.000252989
13.33 -0.000276011
13.34 -0.000296438
13.35 -0.000314596
13.36 -0.000330654
13.37 -0.000344481
13.38 -0.000355524
13.39 -0.000362973
13.4 -0.000366291
13.41 -0.000365607
13.42 -0.000361529
13.43 -0.000354584
13.44 -0.000344935
13.45 -0.000332549
13.46 -0.000317364
13.47 -0.000299327
13.48 -0.000278444
13.49 -0.000254971
13.5 -0.00022961
13.51 -0.00020356
13.52 -0.000178374
13.53 -0.000155568
13.54 -0.000136072
13.55 -0.000119911
13.56 -0.000106373
13.57 -9.43055e-05
13.58 -8.23299e-05
13.59 -6.92754e-05
13.6 -5.4848e-05
13.61 -3.99309e-05
13.62 -2.60944e-05
13.63 -1.461e-05
13.64 -5.7841e-06
13.65 9.8649e-07
13.66 6.70972e-06
13.67 1.21881e-05
13.68 1.75814e-05
13.69 2.23519e-05
13.7 2.5409e-05
13.71 2.53273e-05
13.72 2.08555e-05
13.73 1.15606e-05
13.74 -1.84543e-06
13.75 -1.79541e-05
13.76 -3.55863e-05
13.77 -5.42768e-05
13.78 -7.39227e-05
13.79 -9.38873e-05
13.8 -0.000112501
13.81 -0.00012783
13.82 -0.00013887
13.83 -0.000145396
13.84 -0.000146807
13.85 -0.000141849
13.86 -0.000129538
13.87 -0.000110087
13.88 -8.49419e-05
13.89 -5.60807e-05
13.9 -2.51227e-05
13.91 7.20715e-06
13.92 4.08991e-05
13.93 7.59972e-05
13.94 0.000112119
13.95 0.000148415
13.96 0.000183643
13.97 0.000216254
13.98 0.000244898
13.99 0.000269153
14 0.000289657
14.01 0.000307494
14.02 0.000323413
14.03 0.000337651
14.04 0.000350382
14.05 0.000362023
14.06 0.000373006
14.07 0.000383409
14.08 0.000392962
14.09 0.000401287
14.1 0.000407598
14.11 0.000410141
14.12 0.000406916
14.13 0.000397215
14.14 0.000381657
14.15 0.000360999
14.16 0.000335618
14.17 0.0003058
14.18 0.000272057
14.19 0.000235465
14.2 0.000197941
14.21 0.000161861
14.22 0.000129095
14.23 0.000100403
14.24 7.58678e-05
14.25 5.56269e-05
14.26 3.9964e-05
14.27 2.90645e-05
14.28 2.29143e-05
14.29 2.13565e-05
14.3 2.41972e-05
14.31 3.11843e-05
14.32 4.17587e-05
14.33 5.47497e-05
14.34 6.84218e-05
14.35 8.09567e-05
14.36 9.09671e-05
14.37 9.77307e-05
14.38 0.000101129
14.39 0.000101418
14.4 9.91217e-05
14.41 9.53011e-05
14.42 9.16291e-05
14.43 8.94054e-05
14.44 8.83913e-05
14.45 8.72097e-05
14.46 8.47744e-05
14.47 8.07405e-05
14.48 7.49521e-05
14.49 6.72686e-05
14.5 5.78321e-05
14.51 4.70521e-05
14.52 3.52918e-05
14.53 2.26541e-05
14.54 8.94429e-06
14.55 -6.25958e-06
14.56 -2.34022e-05
14.57 -4.27768e-05
14.58 -6.45386e-05
14.59 -8.86896e-05
14.6 -0.000114946
14.61 -0.000142808
14.62 -0.000171979
14.63 -0.000202712
14.64 -0.000235494
14.65 -0.000270272
14.66 -0.000305938
14.67 -0.000340505
14.68 -0.000371677
14.69 -0.000397428
14.7 -0.000416607
14.71 -0.000429158
14.72 -0.000435613
14.73 -0.000436535
14.74 -0.000432431
14.75 -0.00042378
14.76 -0.000410878
14.77 -0.000393745
14.78 -0.000372382
14.79 -0.000347114
14.8 -0.000318755
14.81 -0.000288506
14.82 -0.000257606
14.83 -0.000227064
14.84 -0.00019753
14.85 -0.000169105
14.86 -0.000141531
14.87 -0.000114726
14.88 -8.89674e-05
14.89 -6.46513e-05
14.9 -4.20545e-05
14.91 -2.14352e-05
14.92 -3.52936e-06
14.93 1.02019e-05
14.94 1.83958e-05
14.95 2.0897e-05
14.96 1.85972e-05
14.97 1.22971e-05
14.98 2.14749e-06
14.99 -1.17398e-05
15 -2.8273e-05
15.01 -4.52978e-05
15.02 -6.09721e-05
15.03 -7.49575e-05
15.04 -8.78323e-05
15.05 -9.98121e-05
15.06 -0.00011036
15.07 -0.000118573
15.08 -0.000123631
15.09 -0.000124982
15.1 -0.000122302
15.11 -0.00011542
15.12 -0.000104358
15.13 -8.95027e-05
15.14 -7.15991e-05
15.15 -5.13782e-05
15.16 -2.91551e-05
15.17 -4.83203e-06
15.18 2.1828e-05
15.19 5.09583e-05
15.2 8.24435e-05
15.21 0.000115903
15.22 0.000150683
15.23 0.000185787
15.24 0.000220039
15.25 0.000252446
15.26 0.000282419
15.27 0.000309893
15.28 0.000335326
15.29 0.000359426
15.3 0.000382836
15.31 0.000405867
15.32 0.000428318
15.33 0.000449439
15.34 0.00046822
15.35 0.000483693
15.36 0.000494802
15.37 0.000500493
15.38 0.0005007
15.39 0.000496976
15.4 0.000491772
15.41 0.000487409
15.42 0.000485373
15.43 0.000485514
15.44 0.000486041
15.45 0.000484798
15.46 0.000480137
15.47 0.000470934
15.48 0.000457167
15.49 0.000440421
15.5 0.000422837
15.51 0.000405459
15.52 0.000387557
15.53 0.000367086
15.54 0.000341608
15.55 0.000309137
15.56 0.000268785
15.57 0.000221191
15.58 0.00016854
15.59 0.000113985
15.6 6.05198e-05
15.61 9.9204e-06
15.62 -3.74406e-05
15.63 -8.18762e-05
15.64 -0.000123611
15.65 -0.000162499
15.66 -0.000197732
15.67 -0.000227546
15.68 -0.000249759
15.69 -0.000262959
15.7 -0.000267415
15.71 -0.000265113
15.72 -0.000258918
15.73 -0.000251521
15.74 -0.000244961
15.75 -0.00024064
15.76 -0.000239141
15.77 -0.000239897
15.78 -0.000241576
15.79 -0.000243321
15.8 -0.000245616
15.81 -0.000250099
15.82 -0.000258783
15.83 -0.00027309
15.84 -0.000293202
15.85 -0.000318051
15.86 -0.000345631
15.87 -0.000373399
15.88 -0.000399053
15.89 -0.000421267
15.9 -0.00043982
15.91 -0.000455228
15.92 -0.000468149
15.93 -0.000478859
15.94 -0.000487072
15.95 -0.000492121
15.96 -0.000493402
15.97 -0.000490688
15.98 -0.000484219
15.99 -0.000474868
16 -0.000464049
16.01 -0.000452988
16.02 -0.000441814
16.03 -0.000429136
16.04 -0.000412768
16.05 -0.000391254
16.06 -0.000364631
16.07 -0.000333803
16.08 -0.000299723
16.09 -0.00026325
16.1 -0.000225247
16.11 -0.000186564
16.12 -0.000147998
16.13 -0.000110308
16.14 -7.45776e-05
16.15 -4.23394e-05
16.16 -1.48416e-05
16.17 7.57931e-06
16.18 2.51428e-05
16.19 3.82694e-05
16.2 4.79311e-05
16.21 5.58188e-05
16.22 6.36959e-05
16.23 7.2482e-05
16.24 8.20215e-05
16.25 9.17412e-05
16.26 0.000101404
16.27 0.000111319
16.28 0.000122001
16.29 0.000133736
16.3 0.000146487
16.31 0.000160156
16.32 0.000174875
16.33 0.00019096
16.34 0.000208468
16.35 0.000226866
16.36 0.000245194
16.37 0.000262541
16.38 0.000278429
16.39 0.000292708
16.4 0.000305174
16.41 0.00031548
16.42 0.000323416
16.43 0.000329042
16.44 0.00033252
16.45 0.000334022
16.46 0.000333837
16.47 0.000332411
16.48 0.000330325
16.49 0.000328305
16.5 0.000327113
16.51 0.0003273
16.52 0.000329069
16.53 0.000332337
16.54 0.000336771
16.55 0.000341881
16.56 0.000347279
16.57 0.000352725
16.58 0.000357939
16.59 0.000362552
16.6 0.000366067
16.61 0.000367787
16.62 0.000366837
16.63 0.000362309
16.64 0.00035359
16.65 0.000340546
16.66 0.000323337
16.67 0.000302146
16.68 0.000277057
16.69 0.000248162
16.7 0.000215845
16.71 0.000180979
16.72 0.000144847
16.73 0.000108849
16.74 7.40112e-05
16.75 4.06113e-05
16.76 8.33232e-06
16.77 -2.32758e-05
16.78 -5.43965e-05
16.79 -8.47859e-05
16.8 -0.000113852
16.81 -0.000140846
16.82 -0.000164964
16.83 -0.000185446
16.84 -0.000201939
16.85 -0.000214776
16.86 -0.000224708
16.87 -0.000232435
16.88 -0.000238237
16.89 -0.000241871
16.9 -0.000242753
16.91 -0.000240286
16.92 -0.000234171
16.93 -0.000224634
16.94 -0.000212365
16.95 -0.000198273
16.96 -0.00018317
16.97 -0.000167544
16.98 -0.000151616
16.99 -0.000135514
17 -0.000119425
17.01 -0.000103764
17.02 -8.92024e-05
17.03 -7.65274e-05
17.04 -6.64472e-05
17.05 -5.94346e-05
17.06 -5.57373e-05
17.07 -5.54048e-05
17.08 -5.81663e-05
17.09 -6.33986e-05
17.1 -7.04204e-05
17.11 -7.88661e-05
17.12 -8.87652e-05
17.13 -0.000100341
17.14 -0.000113789
17.15 -0.000129152
17.16 -0.00014617
17.17 -0.000164217
17.18 -0.000182551
17.19 -0.000200669
17.2 -0.000218358
17.21 -0.000235552
17.22 -0.000252129
17.23 -0.000267671
17.24 -0.000281371
17.25 -0.000292135
17.26 -0.000298774
17.27 -0.000300412
17.28 -0.000296929
17.29 -0.000288873
17.3 -0.000276949
17.31 -0.000261691
17.32 -0.000243366
17.33 -0.000222007
17.34 -0.000197628
17.35 -0.000170364
17.36 -0.000140389
17.37 -0.000107883
17.38 -7.3223e-05
17.39 -3.70831e-05
17.4 -2.99086e-07
17.41 3.62321e-05
17.42 7.14709e-05
17.43 0.000104131
17.44 0.00013269
17.45 0.000155768
17.46 0.000172792
17.47 0.000184189
17.48 0.000190889
17.49 0.000193766
17.5 0.000193489
17.51 0.000190675
17.52 0.000185903
17.53 0.000179519
17.54 0.000171516
17.55 0.000161678
17.56 0.000149939
17.57 0.000136588
17.58 0.00012213
17.59 0.000107062
17.6 9.17787e-05
17.61 7.65272e-05
17.62 6.14084e-05
17.63 4.64954e-05
17.64 3.19053e-05
17.65 1.78846e-05
17.66 4.90632e-06
17.67 -6.50189e-06
17.68 -1.60279e-05
17.69 -2.36033e-05
17.7 -2.92628e-05
17.71 -3.30761e-05
17.72 -3.52671e-05
17.73 -3.62428e-05
17.74 -3.63165e-05
17.75 -3.54867e-05
17.76 -3.34723e-05
17.77 -2.97846e-05
17.78 -2.38522e-05
17.79 -1.53254e-05
17.8 -4.31272e-06
17.81 8.70016e-06
17.82 2.30557e-05
17.83 3.80043e-05
17.84 5.28091e-05
17.85 6.70213e-05
17.86 8.06794e-05
17.87 9.42421e-05
17.88 0.000108308
17.89 0.000123257
17.9 0.000138987
17.91 0.000154819
17.92 0.000169685
17.93 0.000182552
17.94 0.000192693
17.95 0.00019969
17.96 0.000203387
17.97 0.000203978
17.98 0.000201992
17.99 0.000197873
18 0.000191517
18.01 0.000182329
18.02 0.00016971
18.03 0.000153551
18.04 0.0001344
18.05 0.000113127
18.06 9.04441e-05
18.07 6.67402e-05
18.08 4.22262e-05
18.09 1.71225e-05
18.1 -8.38171e-06
18.11 -3.4268e-05
18.12 -6.05783e-05
18.13 -8.7091e-05
18.14 -0.00011304
18.15 -0.000137078
18.16 -0.000157518
18.17 -0.000172752
18.18 -0.000181736
18.19 -0.000184346
18.2 -0.000181289
18.21 -0.000173506
18.22 -0.00016155
18.23 -0.000145555
18.24 -0.000125666
18.25 -0.000102209
18.26 -7.5471e-05
18.27 -4.56837e-05
18.28 -1.32849e-05
18.29 2.08289e-05
18.3 5.53797e-05
18.31 8.91355e-05
18.32 0.000121247
18.33 0.000151237
18.34 0.000178787
18.35 0.000203468
18.36 0.000224606
18.37 0.000241487
18.38 0.000253614
18.39 0.000260666
18.4 0.000262218
18.41 0.000257749
18.42 0.000247167
18.43 0.000231094
18.44 0.000210299
18.45 0.000184995
18.46 0.000154771
18.47 0.000118963
18.48 7.70649e-05
18.49 2.90676e-05
18.5 -2.44457e-05
18.51 -8.24601e-05
18.52 -0.000143631
18.53 -0.000206268
18.54 -0.000268452
18.55 -0.000328285
18.56 -0.000383987
18.57 -0.000433936
18.58 -0.00047696
18.59 -0.0005126
18.6 -0.000541014
18.61 -0.00056273
18.62 -0.000578396
18.63 -0.000588496
18.64 -0.000593156
18.65 -0.00059211
18.66 -0.000584736
18.67 -0.000570286
18.68 -0.000548263
18.69 -0.00051872
18.7 -0.000482283
18.71 -0.000440084
18.72 -0.000393751
18.73 -0.000345192
18.74 -0.000296275
18.75 -0.000248682
18.76 -0.000203702
18.77 -0.000161797
18.78 -0.000122517
18.79 -8.48869e-05
18.8 -4.80038e-05
18.81 -1.16607e-05
18.82 2.33689e-05
18.83 5.55971e-05
18.84 8.3367e-05
18.85 0.000105414
18.86 0.000121217
18.87 0.000131104
18.88 0.00013615
18.89 0.000137755
18.9 0.000137114
18.91 0.000134983
18.92 0.000131743
18.93 0.000127702
18.94 0.000123429
18.95 0.000119774
18.96 0.000117601
18.97 0.000117374
18.98 0.000118983
18.99 0.000122088
19 0.000126588
19.01 0.000132751
19.02 0.00014105
19.03 0.000152036
19.04 0.000166229
19.05 0.000183922
19.06 0.000204978
19.07 0.000228721
19.08 0.000253971
19.09 0.000279297
19.1 0.000303407
19.11 0.00032551
19.12 0.000345433
19.13 0.000363465
19.14 0.000380068
19.15 0.0003956
19.16 0.00041015
19.17 0.000423478
19.18 0.000435105
19.19 0.000444532
19.2 0.000451395
19.21 0.000455586
19.22 0.000457284
19.23 0.000456772
19.24 0.000454237
19.25 0.00044975
19.26 0.000443266
19.27 0.000434618
19.28 0.000423608
19.29 0.000410251
19.3 0.000394964
19.31 0.000378503
19.32 0.000361747
19.33 0.000345388
19.34 0.000329631
19.35 0.000314074
19.36 0.000298005
19.37 0.000280886
19.38 0.000262625
19.39 0.000243536
19.4 0.000224266
19.41 0.000205646
19.42 0.000188403
19.43 0.000172941
19.44 0.000159352
19.45 0.000147469
19.46 0.000136866
19.47 0.000127062
19.48 0.000117928
19.49 0.00010972
19.5 0.000102682
19.51 9.6812e-05
19.52 9.18535e-05
19.53 8.72975e-05
19.54 8.24369e-05
19.55 7.6593e-05
19.56 6.93843e-05
19.57 6.08015e-05
19.58 5.10942e-05
19.59 4.0595e-05
19.6 2.95262e-05
19.61 1.78708e-05
19.62 5.29989e-06
19.63 -8.7641e-06
19.64 -2.48582e-05
19.65 -4.32011e-05
19.66 -6.35784e-05
19.67 -8.54118e-05
19.68 -0.000108072
19.69 -0.000131156
19.7 -0.000154431
19.71 -0.000177704
19.72 -0.000200868
19.73 -0.000223846
19.74 -0.000246418
19.75 -0.000268159
19.76 -0.000288579
19.77 -0.000307359
19.78 -0.000324466
19.79 -0.000340017
19.8 -0.000354108
19.81 -0.000366693
19.82 -0.000377451
19.83 -0.000385903
19.84 -0.000391734
19.85 -0.000394869
19.86 -0.000395349
19.87 -0.000393368
19.88 -0.00038931
19.89 -0.000383636
19.9 -0.000376704
19.91 -0.000368559
19.92 -0.000358991
19.93 -0.000347891
19.94 -0.000335504
19.95 -0.000322474
19.96 -0.000309804
19.97 -0.000298616
19.98 -0.000289646
19.99 -0.000282842
20 -0.000277553
20.01 -0.000273066
20.02 -0.000268929
20.03 -0.000264899
20.04 -0.000260871
20.05 -0.000256869
20.06 -0.000252952
20.07 -0.000249155
20.08 -0.000245433
20.09 -0.000241532
20.1 -0.000237053
20.11 -0.000231671
20.12 -0.000225317
20.13 -0.000218285
20.14 -0.000211257
20.15 -0.000205063
20.16 -0.000200256
20.17 -0.000196945
20.18 -0.000194937
20.19 -0.000193907
20.2 -0.000193458
20.21 -0.000193188
20.22 -0.00019271
20.23 -0.000191671
20.24 -0.000189816
20.25 -0.000187034
20.26 -0.000183368
20.27 -0.000178917
20.28 -0.000173639
20.29 -0.000167253
20.3 -0.000159434
20.31 -0.000149981
20.32 -0.00013881
20.33 -0.000125965
20.34 -0.000111679
20.35 -9.64287e-05
20.36 -8.0859e-05
20.37 -6.54964e-05
20.38 -5.05574e-05
20.39 -3.59892e-05
20.4 -2.15851e-05
20.41 -7.17953e-06
20.42 7.11239e-06
20.43 2.08496e-05
20.44 3.3405e-05
20.45 4.41406e-05
20.46 5.25969e-05
20.47 5.86789e-05
20.48 6.27743e-05
20.49 6.55981e-05
20.5 6.77874e-05
20.51 6.96012e-05
20.52 7.09205e-05
20.53 7.15198e-05
20.54 7.13706e-05
20.55 7.07077e-05
20.56 6.99276e-05
20.57 6.94836e-05
20.58 6.97458e-05
20.59 7.08874e-05
20.6 7.2915e-05
20.61 7.57321e-05
20.62 7.90638e-05
20.63 8.23899e-05
20.64 8.512e-05
20.65 8.6886e-05
20.66 8.76627e-05
20.67 8.76743e-05
20.68 8.72426e-05
20.69 8.66422e-05
20.7 8.6026e-05
20.71 8.54282e-05
20.72 8.47294e-05
20.73 8.36492e-05
20.74 8.18322e-05
20.75 7.89831e-05
20.76 7.50661e-05
20.77 7.04057e-05
20.78 6.5493e-05
20.79 6.06883e-05
20.8 5.61066e-05
20.81 5.16391e-05
20.82 4.70198e-05
20.83 4.19941e-05
20.84 3.6499e-05
20.85 3.07062e-05
20.86 2.49469e-05
20.87 1.96966e-05
20.88 1.5558e-05
20.89 1.30226e-05
20.9 1.21889e-05
20.91 1.27588e-05
20.92 1.42648e-05
20.93 1.63035e-05
20.94 1.85995e-05
20.95 2.08882e-05
20.96 2.29419e-05
20.97 2.47386e-05
20.98 2.64367e-05
20.99 2.82358e-05
21 3.02596e-05
21.01 3.24309e-05
21.02 3.44946e-05
21.03 3.62213e-05
21.04 3.75436e-05
21.05 3.84732e-05
21.06 3.90632e-05
21.07 3.95362e-05
21.08 4.02313e-05
21.09 4.13755e-05
21.1 4.29341e-05
21.11 4.46554e-05
21.12 4.6284e-05
21.13 4.76675e-05
21.14 4.87582e-05
21.15 4.97473e-05
21.16 5.11196e-05
21.17 5.34339e-05
21.18 5.70701e-05
21.19 6.21385e-05
21.2 6.85602e-05
21.21 7.61919e-05
21.22 8.49718e-05
21.23 9.50716e-05
21.24 0.00010683
21.25 0.000120609
21.26 0.000136763
21.27 0.000155562
21.28 0.000177097
21.29 0.000201303
21.3 0.000227914
21.31 0.000256457
21.32 0.000286411
21.33 0.000317327
21.34 0.000348783
21.35 0.000380343
21.36 0.000411555
21.37 0.000441947
21.38 0.000470996
21.39 0.000498149
21.4 0.00052287
21.41 0.000544693
21.42 0.000563292
21.43 0.000578547
21.44 0.00059054
21.45 0.000599417
21.46 0.000605248
21.47 0.000607958
21.48 0.00060736
21.49 0.000603275
21.5 0.00059568
21.51 0.000584794
21.52 0.000570926
21.53 0.000554324
21.54 0.00053524
21.55 0.000513911
21.56 0.000490411
21.57 0.000464628
21.58 0.000436381
21.59 0.000405517
21.6 0.000372086
21.61 0.000336494
21.62 0.00029927
21.63 0.000260793
21.64 0.00022136
21.65 0.000181289
21.66 0.000140846
21.67 0.00010018
21.68 5.94088e-05
21.69 1.87542e-05
21.7 -2.14832e-05
21.71 -6.10502e-05
21.72 -9.97166e-05
21.73 -0.000137188
21.74 -0.000173218
21.75 -0.000207748
21.76 -0.000240884
21.77 -0.000272761
21.78 -0.000303396
21.79 -0.000332688
21.8 -0.000360576
21.81 -0.000387089
21.82 -0.000412182
21.83 -0.000435677
21.84 -0.000457429
21.85 -0.000477503
21.86 -0.000496249
21.87 -0.000514244
21.88 -0.00053206
21.89 -0.000550022
21.9 -0.000568044
21.91 -0.000585669
21.92 -0.000602286
21.93 -0.000617365
21.94 -0.000630523
21.95 -0.000641574
21.96 -0.000650607
21.97 -0.000657868
21.98 -0.000663499
21.99 -0.000667312
22 -0.000668799
22.01 -0.000667341
22.02 -0.00066242
22.03 -0.000653835
22.04 -0.000641763
22.05 -0.000626598
22.06 -0.000608737
22.07 -0.000588497
22.08 -0.000566188
22.09 -0.000542165
22.1 -0.000516742
22.11 -0.000490127
22.12 -0.000462471
22.13 -0.000433879
22.14 -0.000404379
22.15 -0.000373951
22.16 -0.000342608
22.17 -0.000310409
22.18 -0.000277385
22.19 -0.000243506
22.2 -0.000208688
22.21 -0.000172784
22.22 -0.000135632
22.23 -9.71418e-05
22.24 -5.73699e-05
22.25 -1.65788e-05
22.26 2.48195e-05
22.27 6.63348e-05
22.28 0.000107456
22.29 0.000147683
22.3 0.000186488
22.31 0.000223355
22.32 0.000257897
22.33 0.000289846
22.34 0.000318896
22.35 0.000344657
22.36 0.000366832
22.37 0.000385423
22.38 0.000400781
22.39 0.000413563
22.4 0.000424544
22.41 0.000434333
22.42 0.000443224
22.43 0.000451294
22.44 0.000458561
22.45 0.000465051
22.46 0.000470813
22.47 0.000475922
22.48 0.000480414
22.49 0.000484241
22.5 0.00048729
22.51 0.000489362
22.52 0.000490129
22.53 0.000489197
22.54 0.000486219
22.55 0.000481021
22.56 0.000473648
22.57 0.000464258
22.58 0.00045299
22.59 0.00043993
22.6 0.000425137
22.61 0.000408701
22.62 0.00039075
22.63 0.000371407
22.64 0.000350727
22.65 0.00032867
22.66 0.00030525
22.67 0.000280662
22.68 0.000255228
22.69 0.000229235
22.7 0.000202863
22.71 0.000176301
22.72 0.000149867
22.73 0.00012393
22.74 9.87016e-05
22.75 7.42164e-05
22.76 5.05564e-05
22.77 2.79161e-05
22.78 6.49419e-06
22.79 -1.34803e-05
22.8 -3.17615e-05
22.81 -4.82569e-05
22.82 -6.3063e-05
22.83 -7.63611e-05
22.84 -8.83632e-05
22.85 -9.92652e-05
22.86 -0.000109208
22.87 -0.000118298
22.88 -0.000126664
22.89 -0.000134511
22.9 -0.000142092
22.91 -0.000149717
22.92 -0.000157843
22.93 -0.000166961
22.94 -0.000177391
22.95 -0.000189298
22.96 -0.000202719
22.97 -0.00021756
22.98 -0.000233744
22.99 -0.000251319
23 -0.000270386
23.01 -0.000290989
23.02 -0.000312975
23.03 -0.000335869
23.04 -0.000358974
23.05 -0.000381563
23.06 -0.000403028
23.07 -0.000422973
23.08 -0.000441233
23.09 -0.000457817
23.1 -0.000472824
23.11 -0.000486291
23.12 -0.000498074
23.13 -0.000507915
23.14 -0.000515589
23.15 -0.000521001
23.16 -0.000524154
23.17 -0.000525061
23.18 -0.000523753
23.19 -0.000520293
23.2 -0.000514791
23.21 -0.00050739
23.22 -0.000498189
23.23 -0.000487314
23.24 -0.000475032
23.25 -0.000461728
23.26 -0.000447847
23.27 -0.000433807
23.28 -0.000419926
23.29 -0.000406371
23.3 -0.000393129
23.31 -0.000380046
23.32 -0.000366863
23.33 -0.000353246
23.34 -0.000338871
23.35 -0.000323513
23.36 -0.000307027
23.37 -0.000289276
23.38 -0.000270039
23.39 -0.000249016
23.4 -0.000226011
23.41 -0.000200999
23.42 -0.00017402
23.43 -0.00014507
23.44 -0.000114101
23.45 -8.11144e-05
23.46 -4.62846e-05
23.47 -9.96322e-06
23.48 2.74384e-05
23.49 6.55334e-05
23.5 0.000103952
23.51 0.00014234
23.52 0.000180365
23.53 0.000217725
23.54 0.00025424
23.55 0.000289816
23.56 0.000324362
23.57 0.000357847
23.58 0.000390299
23.59 0.000421715
23.6 0.000452048
23.61 0.000481195
23.62 0.000509126
23.63 0.000535965
23.64 0.000561779
23.65 0.000586455
23.66 0.000609822
23.67 0.000631691
23.68 0.00065171
23.69 0.000669305
23.7 0.00068388
23.71 0.000695092
23.72 0.000702873
23.73 0.000707298
23.74 0.000708466
23.75 0.000706409
23.76 0.000701052
23.77 0.000692245
23.78 0.000679849
23.79 0.00066377
23.8 0.000643984
23.81 0.000620692
23.82 0.000594405
23.83 0.000565732
23.84 0.000535162
23.85 0.000503034
23.86 0.000469532
23.87 0.000434699
23.88 0.000398594
23.89 0.000361393
23.9 0.00032336
23.91 0.000284855
23.92 0.000246305
23.93 0.000208092
23.94 0.000170444
23.95 0.000133413
23.96 9.70064e-05
23.97 6.13664e-05
23.98 2.67687e-05
23.99 -6.47911e-06
24 -3.80522e-05
24.01 -6.75939e-05
24.02 -9.47517e-05
24.03 -0.00011918
24.04 -0.000140634
24.05 -0.000159201
24.06 -0.000175344
24.07 -0.000189589
24.08 -0.000202219
24.09 -0.000213354
24.1 -0.000223301
24.11 -0.000232621
24.12 -0.000241851
24.13 -0.000251338
24.14 -0.000261374
24.15 -0.000272314
24.16 -0.000284454
24.17 -0.000297818
24.18 -0.000312116
24.19 -0.00032695
24.2 -0.000341899
24.21 -0.00035648
24.22 -0.000370306
24.23 -0.000383196
24.24 -0.00039509
24.25 -0.000405991
24.26 -0.000415884
24.27 -0.000424591
24.28 -0.000431817
24.29 -0.000437391
24.3 -0.000441293
24.31 -0.000443468
24.32 -0.00044386
24.33 -0.000442548
24.34 -0.000439642
24.35 -0.000435175
24.36 -0.000429169
24.37 -0.000421641
24.38 -0.000412471
24.39 -0.000401519
24.4 -0.000388846
24.41 -0.000374614
24.42 -0.000358907
24.43 -0.000341787
24.44 -0.000323366
24.45 -0.000303762
24.46 -0.000283109
24.47 -0.000261608
24.48 -0.000239565
24.49 -0.000217325
24.5 -0.000195154
24.51 -0.00017321
24.52 -0.000151568
24.53 -0.000130267
24.54 -0.000109383
24.55 -8.89539e-05
24.56 -6.88332e-05
24.57 -4.87509e-05
24.58 -2.8494e-05
24.59 -7.95949e-06
24.6 1.29138e-05
24.61 3.42164e-05
24.62 5.60804e-05
24.63 7.86317e-05
24.64 0.00010193
24.65 0.000125994
24.66 0.000150922
24.67 0.000176903
24.68 0.000204043
24.69 0.000232264
24.7 0.000261352
24.71 0.000291005
24.72 0.000320904
24.73 0.000350711
24.74 0.000380032
24.75 0.000408452
24.76 0.00043557
24.77 0.00046106
24.78 0.000484744
24.79 0.000506516
24.8 0.0005262
24.81 0.000543533
24.82 0.000558291
24.83 0.000570333
24.84 0.000579475
24.85 0.000585469
24.86 0.000588169
24.87 0.000587619
24.88 0.00058391
24.89 0.000577023
24.9 0.000566872
24.91 0.000553453
24.92 0.000536942
24.93 0.000517627
24.94 0.000495747
24.95 0.000471447
24.96 0.000444844
24.97 0.000416099
24.98 0.000385421
24.99 0.000352994
25 0.000318914
25.01 0.000283303
25.02 0.00024647
25.03 0.000208834
25.04 0.000170786
25.05 0.000132662
25.06 9.46808e-05
25.07 5.69502e-05
25.08 1.95971e-05
25.09 -1.71468e-05
25.1 -5.29739e-05
25.11 -8.75932e-05
25.12 -0.000120781
25.13 -0.000152365
25.14 -0.000182289
25.15 -0.00021068
25.16 -0.00023771
25.17 -0.000263467
25.18 -0.000287972
25.19 -0.000311196
25.2 -0.000333094
25.21 -0.00035371
25.22 -0.00037324
25.23 -0.000391997
25.24 -0.000410299
25.25 -0.00042845
25.26 -0.000446822
25.27 -0.000465775
25.28 -0.000485379
25.29 -0.000505245
25.3 -0.000524664
25.31 -0.000542908
25.32 -0.000559428
25.33 -0.000573876
25.34 -0.000586135
25.35 -0.000596343
25.36 -0.000604727
25.37 -0.000611315
25.38 -0.000615856
25.39 -0.00061806
25.4 -0.00061776
25.41 -0.00061478
25.42 -0.000608876
25.43 -0.00059987
25.44 -0.000587744
25.45 -0.000572643
25.46 -0.000554753
25.47 -0.00053418
25.48 -0.00051094
25.49 -0.000484981
25.5 -0.000456253
25.51 -0.00042484
25.52 -0.000390988
25.53 -0.000355012
25.54 -0.000317269
25.55 -0.000278128
25.56 -0.000237976
25.57 -0.000197226
25.58 -0.00015622
25.59 -0.000115215
25.6 -7.45334e-05
25.61 -3.45785e-05
25.62 4.24858e-06
25.63 4.15032e-05
25.64 7.67354e-05
25.65 0.000109671
25.66 0.000140273
25.67 0.000168618
25.68 0.000194813
25.69 0.000218982
25.7 0.000241279
25.71 0.000261919
25.72 0.000281066
25.73 0.000298687
25.74 0.000314645
25.75 0.000328916
25.76 0.000341572
25.77 0.000352688
25.78 0.000362406
25.79 0.000370922
25.8 0.000378413
25.81 0.000384987
25.82 0.000390638
25.83 0.000395313
25.84 0.000398991
25.85 0.000401633
25.86 0.000403196
25.87 0.000403728
25.88 0.000403408
25.89 0.000402459
25.9 0.00040108
25.91 0.00039941
25.92 0.000397425
25.93 0.000394895
25.94 0.000391491
25.95 0.000386912
25.96 0.000381009
25.97 0.000373882
25.98 0.00036576
25.99 0.000356776
26 0.000346885
26.01 0.000335975
26.02 0.000323929
26.03 0.000310562
26.04 0.000295658
26.05 0.000279075
26.06 0.00026081
26.07 0.000240996
26.08 0.000219757
26.09 0.000197196
26.1 0.00017349
26.11 0.000148774
26.12 0.00012298
26.13 9.58995e-05
26.14 6.74859e-05
26.15 3.80648e-05
26.16 8.2428e-06
26.17 -2.13898e-05
26.18 -5.03871e-05
26.19 -7.8331e-05
26.2 -0.000104823
26.21 -0.000129595
26.22 -0.000152473
26.23 -0.000173261
26.24 -0.000191734
26.25 -0.000207639
26.26 -0.000220672
26.27 -0.000230664
26.28 -0.000237796
26.29 -0.000242496
26.3 -0.000245178
26.31 -0.000246177
26.32 -0.000245754
26.33 -0.000244051
26.34 -0.000241139
26.35 -0.00023712
26.36 -0.000232181
26.37 -0.00022654
26.38 -0.00022034
26.39 -0.000213749
26.4 -0.000207091
26.41 -0.000200657
26.42 -0.000194502
26.43 -0.000188538
26.44 -0.000182724
26.45 -0.000177117
26.46 -0.000171769
26.47 -0.00016667
26.48 -0.000161733
26.49 -0.000156699
26.5 -0.000151104
26.51 -0.000144391
26.52 -0.000136073
26.53 -0.000125861
26.54 -0.000113725
26.55 -9.977e-05
26.56 -8.40716e-05
26.57 -6.66309e-05
26.58 -4.74295e-05
26.59 -2.65861e-05
26.6 -4.35225e-06
26.61 1.90437e-05
26.62 4.33229e-05
26.63 6.80669e-05
26.64 9.28532e-05
26.65 0.000117347
26.66 0.000141294
26.67 0.000164519
26.68 0.000186882
26.69 0.000208178
26.7 0.000228143
26.71 0.000246603
26.72 0.000263523
26.73 0.000278878
26.74 0.000292601
26.75 0.000304679
26.76 0.00031522
26.77 0.000324359
26.78 0.000332145
26.79 0.000338545
26.8 0.000343483
26.81 0.000346839
26.82 0.000348457
26.83 0.000348161
26.84 0.00034588
26.85 0.00034174
26.86 0.000335928
26.87 0.000328523
26.88 0.000319513
26.89 0.000308885
26.9 0.000296669
26.91 0.00028297
26.92 0.000268013
26.93 0.000252064
26.94 0.000235337
26.95 0.000218051
26.96 0.000200435
26.97 0.000182537
26.98 0.00016414
26.99 0.00014496
27 0.000124867
27.01 0.000103939
27.02 8.23722e-05
27.03 6.0291e-05
27.04 3.75722e-05
27.05 1.39195e-05
27.06 -1.09138e-05
27.07 -3.70363e-05
27.08 -6.43729e-05
27.09 -9.26389e-05
27.1 -0.000121467
27.11 -0.000150503
27.12 -0.000179365
27.13 -0.000207684
27.14 -0.000235274
27.15 -0.000262178
27.16 -0.000288462
27.17 -0.000314022
27.18 -0.00033864
27.19 -0.000362092
27.2 -0.000384184
27.21 -0.000404822
27.22 -0.00042403
27.23 -0.000441874
27.24 -0.000458427
27.25 -0.000473793
27.26 -0.000488075
27.27 -0.000501291
27.28 -0.000513372
27.29 -0.000524306
27.3 -0.000534127
27.31 -0.000542758
27.32 -0.000550061
27.33 -0.000555989
27.34 -0.000560573
27.35 -0.00056384
27.36 -0.000565744
27.37 -0.000566122
27.38 -0.000564744
27.39 -0.000561437
27.4 -0.000556164
27.41 -0.000549018
27.42 -0.000540118
27.43 -0.000529525
27.44 -0.00051722
27.45 -0.000503137
27.46 -0.000487306
27.47 -0.00046988
27.48 -0.000450995
27.49 -0.000430669
27.5 -0.000408873
27.51 -0.000385607
27.52 -0.000360909
27.53 -0.00033487
27.54 -0.000307685
27.55 -0.000279541
27.56 -0.000250395
27.57 -0.000220016
27.58 -0.000188348
27.59 -0.000155679
27.6 -0.000122377
27.61 -8.86338e-05
27.62 -5.45394e-05
27.63 -2.02476e-05
27.64 1.39756e-05
27.65 4.78357e-05
27.66 8.11572e-05
27.67 0.000113907
27.68 0.000146041
27.69 0.000177416
27.7 0.000207844
27.71 0.000237195
27.72 0.000265521
27.73 0.000293054
27.74 0.000320017
27.75 0.000346526
27.76 0.000372705
27.77 0.000398769
27.78 0.000424853
27.79 0.000450898
27.8 0.000476784
27.81 0.000502409
27.82 0.000527664
27.83 0.000552438
27.84 0.000576615
27.85 0.000600031
27.86 0.000622506
27.87 0.000643917
27.88 0.000664207
27.89 0.000683364
27.9 0.000701384
27.91 0.000718207
27.92 0.000733728
27.93 0.00074788
27.94 0.000760643
27.95 0.000771945
27.96 0.000781712
27.97 0.000790016
27.98 0.000796979
27.99 0.000802539
28 0.00080643
28.01 0.000808435
28.02 0.000808466
28.03 0.000806389
28.04 0.000801989
28.05 0.000795096
28.06 0.000785615
28.07 0.000773541
28.08 0.000758959
28.09 0.000741896
28.1 0.000722255
28.11 0.000699877
28.12 0.000674628
28.13 0.00064643
28.14 0.000615232
28.15 0.000581036
28.16 0.000544026
28.17 0.000504553
28.18 0.000462932
28.19 0.000419299
28.2 0.000373631
28.21 0.000325922
28.22 0.000276352
28.23 0.000225279
28.24 0.000173096
28.25 0.000120184
28.26 6.69947e-05
28.27 1.40317e-05
28.28 -3.83271e-05
28.29 -8.97997e-05
28.3 -0.000140061
28.31 -0.000188829
28.32 -0.000235923
28.33 -0.000281215
28.34 -0.000324609
28.35 -0.00036603
28.36 -0.000405463
28.37 -0.00044296
28.38 -0.000478584
28.39 -0.000512401
28.4 -0.000544497
28.41 -0.000574948
28.42 -0.000603859
28.43 -0.000631436
28.44 -0.000657983
28.45 -0.000683888
28.46 -0.00070962
28.47 -0.000735491
28.48 -0.000761246
28.49 -0.000786065
28.5 -0.000809077
28.51 -0.000829687
28.52 -0.00084755
28.53 -0.00086259
28.54 -0.000874993
28.55 -0.000885034
28.56 -0.000892952
28.57 -0.000898855
28.58 -0.000902641
28.59 -0.000903957
28.6 -0.000902351
28.61 -0.00089759
28.62 -0.00088979
28.63 -0.000879281
28.64 -0.000866378
28.65 -0.000851182
28.66 -0.000833557
28.67 -0.000813273
28.68 -0.000790124
28.69 -0.000763955
28.7 -0.000734695
28.71 -0.000702348
28.72 -0.00066692
28.73 -0.000628461
28.74 -0.000587111
28.75 -0.000543056
28.76 -0.000496407
28.77 -0.000447175
28.78 -0.000395384
28.79 -0.000341216
28.8 -0.000285126
28.81 -0.000227755
28.82 -0.000169669
28.83 -0.000111308
28.84 -5.31518e-05
28.85 4.29022e-06
28.86 6.04994e-05
28.87 0.000114861
28.88 0.000166786
28.89 0.000215834
28.9 0.00026162
28.91 0.000303884
28.92 0.000342682
28.93 0.000378324
28.94 0.000411118
28.95 0.000441349
28.96 0.000469397
28.97 0.000495662
28.98 0.000520354
28.99 0.000543459
29 0.000564939
29.01 0.000584997
29.02 0.000604263
29.03 0.000623658
29.04 0.000643838
29.05 0.000664706
29.06 0.000685325
29.07 0.000704222
29.08 0.000719907
29.09 0.00073135
29.1 0.000738183
29.11 0.000740673
29.12 0.000739471
29.13 0.000735219
29.14 0.000728245
29.15 0.000718509
29.16 0.0007057
29.17 0.000689425
29.18 0.000669416
29.19 0.000645675
29.2 0.000618559
29.21 0.000588759
29.22 0.000557096
29.23 0.000524232
29.24 0.000490443
29.25 0.000455595
29.26 0.000419368
29.27 0.000381519
29.28 0.000342
29.29 0.000301001
29.3 0.000258914
29.31 0.000216321
29.32 0.000173877
29.33 0.000132017
29.34 9.08185e-05
29.35 5.02037e-05
29.36 1.01692e-05
29.37 -2.92237e-05
29.38 -6.78279e-05
29.39 -0.000105269
29.4 -0.000141015
29.41 -0.000174615
29.42 -0.00020583
29.43 -0.000234617
29.44 -0.000261109
29.45 -0.000285515
29.46 -0.000307987
29.47 -0.000328619
29.48 -0.000347437
29.49 -0.000364381
29.5 -0.000379488
29.51 -0.000393006
29.52 -0.000405225
29.53 -0.00041641
29.54 -0.000426929
29.55 -0.00043714
29.56 -0.000446977
29.57 -0.000455846
29.58 -0.00046296
29.59 -0.000467744
29.6 -0.000470069
29.61 -0.000470188
29.62 -0.000468441
29.63 -0.000465063
29.64 -0.000460208
29.65 -0.000453961
29.66 -0.000446222
29.67 -0.000436689
29.68 -0.00042513
29.69 -0.000411614
29.7 -0.000396411
29.71 -0.00037988
29.72 -0.000362454
29.73 -0.000344479
29.74 -0.000326052
29.75 -0.000307075
29.76 -0.000287381
29.77 -0.000266836
29.78 -0.00024538
29.79 -0.000223122
29.8 -0.000200285
29.81 -0.000177046
29.82 -0.000153549
29.83 -0.000129914
29.84 -0.000106155
29.85 -8.22236e-05
29.86 -5.80558e-05
29.87 -3.36299e-05
29.88 -9.02961e-06
29.89 1.55535e-05
29.9 3.98735e-05
29.91 6.3758e-05
29.92 8.71945e-05
29.93 0.000110316
29.94 0.000133299
29.95 0.000156216
29.96 0.000179033
29.97 0.000201652
29.98 0.000223964
29.99 0.000245891
30 0.000267352
30.01 0.00028823
30.02 0.000308403
30.03 0.00032774
30.04 0.000346094
30.05 0.000363318
30.06 0.000379212
30.07 0.000393537
30.08 0.000406111
30.09 0.000416824
30.1 0.000425625
30.11 0.000432512
30.12 0.000437437
30.13 0.000440213
30.14 0.000440523
30.15 0.000438124
30.16 0.000433014
30.17 0.000425221
30.18 0.000414631
30.19 0.000401197
30.2 0.000385049
30.21 0.000366338
30.22 0.000345124
30.23 0.000321428
30.24 0.000295368
30.25 0.000267209
30.26 0.000237246
30.27 0.00020576
30.28 0.000173113
30.29 0.000139696
30.3 0.000105846
30.31 7.19747e-05
30.32 3.85846e-05
30.33 6.07021e-06
30.34 -2.53333e-05
30.35 -5.54051e-05
30.36 -8.39705e-05
30.37 -0.000110998
30.38 -0.000136477
30.39 -0.000160361
30.4 -0.000182651
30.41 -0.000203358
30.42 -0.000222479
30.43 -0.000240107
30.44 -0.000256474
30.45 -0.000271835
30.46 -0.000286415
30.47 -0.000300387
30.48 -0.000313841
30.49 -0.000326896
30.5 -0.000339722
30.51 -0.000352383
30.52 -0.000364862
30.53 -0.000377186
30.54 -0.000389411
30.55 -0.000401556
30.56 -0.000413597
30.57 -0.000425398
30.58 -0.000436614
30.59 -0.00044673
30.6 -0.000455278
30.61 -0.000462028
30.62 -0.000466953
30.63 -0.000470071
30.64 -0.000471417
30.65 -0.000470931
30.66 -0.000468374
30.67 -0.000463538
30.68 -0.000456358
30.69 -0.000446762
30.7 -0.000434653
30.71 -0.000420024
30.72 -0.000403056
30.73 -0.000384126
30.74 -0.00036364
30.75 -0.000341825
30.76 -0.000318741
30.77 -0.000294473
30.78 -0.000269229
30.79 -0.000243313
30.8 -0.000217076
30.81 -0.000190883
30.82 -0.000165013
30.83 -0.00013961
30.84 -0.00011475
30.85 -9.04418e-05
30.86 -6.6598e-05
30.87 -4.31326e-05
30.88 -2.00126e-05
30.89 2.80438e-06
30.9 2.53803e-05
30.91 4.77689e-05
30.92 7.0087e-05
30.93 9.25492e-05
30.94 0.000115332
30.95 0.000138477
30.96 0.000161984
30.97 0.000185933
30.98 0.000210406
30.99 0.000235369
31 0.000260694
31.01 0.000286305
31.02 0.000312182
31.03 0.000338235
31.04 0.000364295
31.05 0.000390117
31.06 0.000415435
31.07 0.000440039
31.08 0.000463704
31.09 0.000486164
31.1 0.000507212
31.11 0.000526674
31.12 0.000544395
31.13 0.000560295
31.14 0.000574316
31.15 0.000586339
31.16 0.000596199
31.17 0.00060373
31.18 0.000608823
31.19 0.000611433
31.2 0.000611622
31.21 0.000609472
31.22 0.000604905
31.23 0.000597712
31.24 0.000587775
31.25 0.000575102
31.26 0.000559698
31.27 0.000541587
31.28 0.00052089
31.29 0.000497733
31.3 0.000472142
31.31 0.00044413
31.32 0.00041383
31.33 0.000381366
31.34 0.000346773
31.35 0.000310089
31.36 0.000271394
31.37 0.00023089
31.38 0.000188943
31.39 0.000145921
31.4 0.000102068
31.41 5.7557e-05
31.42 1.25852e-05
31.43 -3.25847e-05
31.44 -7.7634e-05
31.45 -0.000122182
31.46 -0.00016581
31.47 -0.000208147
31.48 -0.000248889
31.49 -0.000287793
31.5 -0.000324694
31.51 -0.000359466
31.52 -0.000392068
31.53 -0.000422493
31.54 -0.000450694
31.55 -0.000476629
31.56 -0.000500267
31.57 -0.000521548
31.58 -0.000540466
31.59 -0.000557181
31.6 -0.00057196
31.61 -0.000585027
31.62 -0.000596463
31.63 -0.000606093
31.64 -0.000613374
31.65 -0.000617543
31.66 -0.000618014
31.67 -0.000614583
31.68 -0.000607301
31.69 -0.000596353
31.7 -0.00058208
31.71 -0.000564907
31.72 -0.000545045
31.73 -0.00052237
31.74 -0.000496681
31.75 -0.000467952
31.76 -0.000436312
31.77 -0.000402022
31.78 -0.000365493
31.79 -0.000327222
31.8 -0.000287674
31.81 -0.000247183
31.82 -0.000205945
31.83 -0.000164063
31.84 -0.000121653
31.85 -7.89761e-05
31.86 -3.64459e-05
31.87 5.49224e-06
31.88 4.64563e-05
31.89 8.61353e-05
31.9 0.000124241
31.91 0.000160603
31.92 0.000195305
31.93 0.000228555
31.94 0.000260522
31.95 0.000291293
31.96 0.000320902
31.97 0.00034936
31.98 0.000376689
31.99 0.00040292
32 0.000428155
32.01 0.000452716
32.02 0.00047712
32.03 0.000501786
32.04 0.000526911
32.05 0.000552511
32.06 0.000578387
32.07 0.000604016
32.08 0.00062861
32.09 0.00065138
32.1 0.000671801
32.11 0.000689698
32.12 0.000705121
32.13 0.000718161
32.14 0.000728863
32.15 0.000737249
32.16 0.000743269
32.17 0.000746722
32.18 0.000747304
32.19 0.000744798
32.2 0.000739176
32.21 0.000730519
32.22 0.000718941
32.23 0.000704602
32.24 0.00068764
32.25 0.000668083
32.26 0.000645881
32.27 0.000621018
32.28 0.000593498
32.29 0.000563265
32.3 0.000530261
32.31 0.000494557
32.32 0.000456359
32.33 0.000415876
32.34 0.000373206
32.35 0.000328362
32.36 0.000281389
32.37 0.000232416
32.38 0.000181647
32.39 0.000129394
32.4 7.60669e-05
32.41 2.20713e-05
32.42 -3.22463e-05
32.43 -8.65559e-05
32.44 -0.000140465
32.45 -0.000193535
32.46 -0.000245395
32.47 -0.000295815
32.48 -0.000344678
32.49 -0.000391908
32.5 -0.000437411
32.51 -0.000481094
32.52 -0.000522919
32.53 -0.000562903
32.54 -0.000601039
32.55 -0.00063725
32.56 -0.000671473
32.57 -0.000703752
32.58 -0.00073428
32.59 -0.000763402
32.6 -0.000791514
32.61 -0.00081881
32.62 -0.000845076
32.63 -0.000869605
32.64 -0.00089131
32.65 -0.000909101
32.66 -0.000922333
32.67 -0.00093098
32.68 -0.000935483
32.69 -0.000936442
32.7 -0.000934297
32.71 -0.000929189
32.72 -0.00092105
32.73 -0.00090971
32.74 -0.00089495
32.75 -0.00087659
32.76 -0.000854629
32.77 -0.000829373
32.78 -0.000801367
32.79 -0.000771205
32.8 -0.000739368
32.81 -0.00070611
32.82 -0.000671446
32.83 -0.000635229
32.84 -0.000597259
32.85 -0.000557431
32.86 -0.000515863
32.87 -0.000472905
32.88 -0.000429018
32.89 -0.000384609
32.9 -0.000339908
32.91 -0.000295019
32.92 -0.000250013
32.93 -0.000204946
32.94 -0.000159921
32.95 -0.000115146
32.96 -7.09285e-05
32.97 -2.76091e-05
32.98 1.45032e-05
32.99 5.51683e-05
33 9.42604e-05
33.01 0.000131806
33.02 0.000167944
33.03 0.000202823
33.04 0.000236541
33.05 0.000269155
33.06 0.000300699
33.07 0.000331196
33.08 0.000360668
33.09 0.000389159
33.1 0.000416788
33.11 0.00044377
33.12 0.000470345
33.13 0.000496733
33.14 0.000523161
33.15 0.000549765
33.16 0.000576445
33.17 0.000602855
33.18 0.000628432
33.19 0.000652458
33.2 0.000674208
33.21 0.000693143
33.22 0.000709001
33.23 0.000721775
33.24 0.000731608
33.25 0.000738666
33.26 0.000742974
33.27 0.000744379
33.28 0.000742684
33.29 0.000737772
33.3 0.000729628
33.31 0.000718363
33.32 0.000704176
33.33 0.000687305
33.34 0.000667984
33.35 0.000646423
33.36 0.00062281
33.37 0.000597284
33.38 0.000569934
33.39 0.000540806
33.4 0.00050996
33.41 0.000477552
33.42 0.000443865
33.43 0.000409191
33.44 0.000373723
33.45 0.000337598
33.46 0.000300962
33.47 0.000263967
33.48 0.000226755
33.49 0.000189489
33.5 0.000152407
33.51 0.000115773
33.52 7.97892e-05
33.53 4.45998e-05
33.54 1.03138e-05
33.55 -2.30031e-05
33.56 -5.5316e-05
33.57 -8.65892e-05
33.58 -0.000116805
33.59 -0.000145964
33.6 -0.00017405
33.61 -0.000201076
33.62 -0.000227105
33.63 -0.000252219
33.64 -0.000276498
33.65 -0.000300008
33.66 -0.000322802
33.67 -0.000344933
33.68 -0.000366451
33.69 -0.00038742
33.7 -0.000407897
33.71 -0.000427863
33.72 -0.000447212
33.73 -0.000465767
33.74 -0.000483286
33.75 -0.000499467
33.76 -0.000513991
33.77 -0.000526594
33.78 -0.000537114
33.79 -0.000545477
33.8 -0.000551658
33.81 -0.000555659
33.82 -0.00055747
33.83 -0.000557055
33.84 -0.000554374
33.85 -0.000549413
33.86 -0.000542184
33.87 -0.000532731
33.88 -0.000521137
33.89 -0.000507526
33.9 -0.000492051
33.91 -0.000474856
33.92 -0.000456056
33.93 -0.000435745
33.94 -0.00041401
33.95 -0.00039094
33.96 -0.000366639
33.97 -0.000341236
33.98 -0.000314858
33.99 -0.000287635
34 -0.000259703
34.01 -0.00023121
34.02 -0.0002023
34.03 -0.000173106
34.04 -0.000143743
34.05 -0.000114325
34.06 -8.49785e-05
34.07 -5.58418e-05
34.08 -2.70491e-05
34.09 1.27374e-06
34.1 2.90202e-05
34.11 5.61114e-05
34.12 8.24919e-05
34.13 0.000108126
34.14 0.000132996
34.15 0.000157091
34.16 0.00018041
34.17 0.000202955
34.18 0.000224733
34.19 0.000245749
34.2 0.000266012
34.21 0.000285537
34.22 0.000304342
34.23 0.000322438
34.24 0.000339825
34.25 0.000356481
34.26 0.000372359
34.27 0.000387381
34.28 0.000401439
34.29 0.000414402
34.3 0.000426133
34.31 0.000436499
34.32 0.000445381
34.33 0.000452676
34.34 0.000458304
34.35 0.000462204
34.36 0.000464335
34.37 0.000464665
34.38 0.000463174
34.39 0.000459853
34.4 0.00045471
34.41 0.000447774
34.42 0.000439089
34.43 0.000428715
34.44 0.000416721
34.45 0.000403183
34.46 0.000388183
34.47 0.000371798
34.48 0.00035411
34.49 0.000335207
34.5 0.00031518
34.51 0.000294131
34.52 0.000272167
34.53 0.000249404
34.54 0.00022596
34.55 0.000201952
34.56 0.000177498
34.57 0.000152711
34.58 0.000127706
34.59 0.000102591
34.6 7.74754e-05
34.61 5.24644e-05
34.62 2.766e-05
34.63 3.15583e-06
34.64 -2.09647e-05
34.65 -4.46302e-05
34.66 -6.77817e-05
34.67 -9.03722e-05
34.68 -0.000112365
34.69 -0.000133733
34.7 -0.000154455
34.71 -0.000174516
34.72 -0.000193905
34.73 -0.000212611
34.74 -0.000230629
34.75 -0.000247951
34.76 -0.000264568
34.77 -0.000280469
34.78 -0.000295634
34.79 -0.000310033
34.8 -0.000323627
34.81 -0.000336361
34.82 -0.00034817
34.83 -0.000358977
34.84 -0.000368702
34.85 -0.000377259
34.86 -0.000384569
34.87 -0.000390558
34.88 -0.000395163
34.89 -0.000398335
34.9 -0.000400035
34.91 -0.000400237
34.92 -0.000398924
34.93 -0.000396092
34.94 -0.000391747
34.95 -0.000385905
34.96 -0.000378593
34.97 -0.000369847
34.98 -0.000359714
34.99 -0.000348244
35 -0.000335498
35.01 -0.000321545
35.02 -0.000306456
35.03 -0.000290304
35.04 -0.000273169
35.05 -0.000255133
35.06 -0.000236283
35.07 -0.000216711
35.08 -0.000196512
35.09 -0.000175783
35.1 -0.000154621
35.11 -0.000133123
35.12 -0.000111385
35.13 -8.95014e-05
35.14 -6.75623e-05
35.15 -4.56542e-05
35.16 -2.38592e-05
35.17 -2.25437e-06
35.18 1.90892e-05
35.19 4.01074e-05
35.2 6.07437e-05
35.21 8.09494e-05
35.22 0.000100683
35.23 0.00011991
35.24 0.000138599
35.25 0.000156725
35.26 0.000174262
35.27 0.000191188
35.28 0.000207482
35.29 0.000223119
35.3 0.000238077
35.31 0.00025233
35.32 0.00026585
35.33 0.000278603
35.34 0.000290551
35.35 0.000301649
35.36 0.000311848
35.37 0.000321093
35.38 0.000329326
35.39 0.000336488
35.4 0.000342525
35.41 0.000347386
35.42 0.000351025
35.43 0.000353409
35.44 0.000354508
35.45 0.000354306
35.46 0.000352792
35.47 0.000349966
35.48 0.000345835
35.49 0.000340414
35.5 0.000333728
35.51 0.000325806
35.52 0.000316688
35.53 0.000306419
35.54 0.000295047
35.55 0.000282629
35.56 0.000269226
35.57 0.000254901
35.58 0.000239722
35.59 0.000223761
35.6 0.000207094
35.61 0.000189798
35.62 0.000171954
35.63 0.000153643
35.64 0.000134946
35.65 0.000115944
35.66 9.67185e-05
35.67 7.73462e-05
35.68 5.79032e-05
35.69 3.84622e-05
35.7 1.90925e-05
35.71 -1.40545e-07
35.72 -1.91763e-05
35.73 -3.79588e-05
35.74 -5.64374e-05
35.75 -7.45661e-05
35.76 -9.23038e-05
35.77 -0.000109613
35.78 -0.000126461
35.79 -0.000142816
35.8 -0.000158649
35.81 -0.000173931
35.82 -0.000188635
35.83 -0.000202732
35.84 -0.000216194
35.85 -0.00022899
35.86 -0.000241089
35.87 -0.000252455
35.88 -0.000263052
35.89 -0.000272839
35.9 -0.000281774
35.91 -0.000289812
35.92 -0.000296909
35.93 -0.00030302
35.94 -0.000308104
35.95 -0.000312125
35.96 -0.00031505
35.97 -0.000316854
35.98 -0.000317516
35.99 -0.000317024
36 -0.000315374
36.01 -0.000312566
36.02 -0.00030861
36.03 -0.00030352
36.04 -0.000297319
36.05 -0.000290033
36.06 -0.000281697
36.07 -0.000272349
36.08 -0.000262034
36.09 -0.0002508
36.1 -0.000238701
36.11 -0.000225791
36.12 -0.000212132
36.13 -0.000197785
36.14 -0.000182816
36.15 -0.000167292
36.16 -0.000151283
36.17 -0.000134857
36.18 -0.000118085
36.19 -0.000101035
36.2 -8.37782e-05
36.21 -6.638e-05
36.22 -4.89063e-05
36.23 -3.14199e-05
36.24 -1.3981e-05
36.25 3.35318e-06
36.26 2.0529e-05
36.27 3.74962e-05
36.28 5.4208e-05
36.29 7.06212e-05
36.3 8.66957e-05
36.31 0.000102394
36.32 0.000117681
36.33 0.000132524
36.34 0.000146891
36.35 0.00016075
36.36 0.000174071
36.37 0.000186823
36.38 0.000198975
36.39 0.000210496
36.4 0.000221353
36.41 0.000231512
36.42 0.000240939
36.43 0.000249598
36.44 0.000257452
36.45 0.000264466
36.46 0.000270602
36.47 0.000275827
36.48 0.000280109
36.49 0.000283421
36.5 0.000285738
36.51 0.000287042
36.52 0.00028732
36.53 0.000286564
36.54 0.000284774
36.55 0.000281952
36.56 0.000278109
36.57 0.00027326
36.58 0.000267426
36.59 0.000260632
36.6 0.000252909
36.61 0.000244292
36.62 0.00023482
36.63 0.000224537
36.64 0.00021349
36.65 0.000201728
36.66 0.000189304
36.67 0.000176273
36.68 0.000162693
36.69 0.000148623
36.7 0.000134122
36.71 0.000119251
36.72 0.000104071
36.73 8.86415e-05
36.74 7.3023e-05
36.75 5.72736e-05
36.76 4.14505e-05
36.77 2.56086e-05
36.78 9.8009e-06
36.79 -5.92185e-06
36.8 -2.15115e-05
36.81 -3.69223e-05
36.82 -5.21112e-05
36.83 -6.70375e-05
36.84 -8.16625e-05
36.85 -9.59499e-05
36.86 -0.000109865
36.87 -0.000123373
36.88 -0.000136442
36.89 -0.000149041
36.9 -0.000161138
36.91 -0.000172701
36.92 -0.000183699
36.93 -0.000194101
36.94 -0.000203875
36.95 -0.000212989
36.96 -0.000221412
36.97 -0.00022911
36.98 -0.000236053
36.99 -0.000242209
37 -0.000247548
37.01 -0.000252043
37.02 -0.00025567
37.03 -0.000258406
37.04 -0.000260234
37.05 -0.000261141
37.06 -0.000261119
37.07 -0.000260162
37.08 -0.000258272
37.09 -0.000255456
37.1 -0.000251723
37.11 -0.000247089
37.12 -0.000241573
37.13 -0.0002352
37.14 -0.000227998
37.15 -0.000219998
37.16 -0.000211237
37.17 -0.000201754
37.18 -0.000191591
37.19 -0.000180791
37.2 -0.000169403
37.21 -0.000157475
37.22 -0.000145058
37.23 -0.000132204
37.24 -0.000118965
37.25 -0.000105395
37.26 -9.15478e-05
37.27 -7.74756e-05
37.28 -6.32314e-05
37.29 -4.88668e-05
37.3 -3.44323e-05
37.31 -1.99768e-05
37.32 -5.54793e-06
37.33 8.80871e-06
37.34 2.30492e-05
37.35 3.71315e-05
37.36 5.10154e-05
37.37 6.46624e-05
37.38 7.80356e-05
37.39 9.10994e-05
37.4 0.00010382
37.41 0.000116163
37.42 0.000128097
37.43 0.00013959
37.44 0.00015061
37.45 0.000161127
37.46 0.000171109
37.47 0.000180526
37.48 0.000189349
37.49 0.000197547
37.5 0.000205091
37.51 0.000211951
37.52 0.000218101
37.53 0.000223513
37.54 0.000228164
37.55 0.00023203
37.56 0.000235091
37.57 0.000237332
37.58 0.00023874
37.59 0.000239304
37.6 0.00023902
37.61 0.000237887
37.62 0.000235907
37.63 0.000233089
37.64 0.000229443
37.65 0.000224984
37.66 0.000219733
37.67 0.000213711
37.68 0.000206945
37.69 0.000199465
37.7 0.000191304
37.71 0.000182497
37.72 0.000173082
37.73 0.000163099
37.74 0.000152591
37.75 0.000141602
37.76 0.000130176
37.77 0.000118361
37.78 0.000106203
37.79 9.37492e-05
37.8 8.10476e-05
37.81 6.81453e-05
37.82 5.50889e-05
37.83 4.19246e-05
37.84 2.86974e-05
37.85 1.54515e-05
37.86 2.22968e-06
37.87 -1.09265e-05
37.88 -2.39769e-05
37.89 -3.68827e-05
37.9 -4.96063e-05
37.91 -6.21117e-05
37.92 -7.43637e-05
37.93 -8.63285e-05
37.94 -9.79729e-05
37.95 -0.000109265
37.96 -0.000120173
37.97 -0.000130666
37.98 -0.000140713
37.99 -0.000150286
38 -0.000159354
38.01 -0.000167888
38.02 -0.000175861
38.03 -0.000183245
38.04 -0.000190013
38.05 -0.000196138
38.06 -0.000201598
38.07 -0.000206368
38.08 -0.000210429
38.09 -0.000213761
38.1 -0.000216349
38.11 -0.00021818
38.12 -0.000219244
38.13 -0.000219534
38.14 -0.000219048
38.15 -0.000217787
38.16 -0.000215755
38.17 -0.000212961
38.18 -0.000209415
38.19 -0.000205133
38.2 -0.000200133
38.21 -0.000194438
38.22 -0.000188071
38.23 -0.000181059
38.24 -0.000173434
38.25 -0.000165227
38.26 -0.000156474
38.27 -0.000147209
38.28 -0.000137473
38.29 -0.000127304
38.3 -0.000116742
38.31 -0.000105831
38.32 -9.46105e-05
38.33 -8.31245e-05
38.34 -7.14153e-05
38.35 -5.95252e-05
38.36 -4.74964e-05
38.37 -3.53705e-05
38.38 -2.31883e-05
38.39 -1.09901e-05
38.4 1.18507e-06
38.41 1.32988e-05
38.42 2.5314e-05
38.43 3.71943e-05
38.44 4.89046e-05
38.45 6.04105e-05
38.46 7.16787e-05
38.47 8.26765e-05
38.48 9.33724e-05
38.49 0.000103735
38.5 0.000113734
38.51 0.00012334
38.52 0.000132523
38.53 0.000141256
38.54 0.000149509
38.55 0.000157257
38.56 0.000164472
38.57 0.00017113
38.58 0.000177206
38.59 0.000182678
38.6 0.000187523
38.61 0.000191723
38.62 0.000195259
38.63 0.000198117
38.64 0.000200284
38.65 0.00020175
38.66 0.000202508
38.67 0.000202554
38.68 0.000201887
38.69 0.000200511
38.7 0.000198429
38.71 0.000195652
38.72 0.000192191
38.73 0.000188061
38.74 0.00018328
38.75 0.000177868
38.76 0.000171848
38.77 0.000165246
38.78 0.00015809
38.79 0.00015041
38.8 0.000142237
38.81 0.000133605
38.82 0.000124547
38.83 0.000115101
38.84 0.000105303
38.85 9.51905e-05
38.86 8.48013e-05
38.87 7.4174e-05
38.88 6.33469e-05
38.89 5.23586e-05
38.9 4.1247e-05
38.91 3.00499e-05
38.92 1.88047e-05
38.93 7.54793e-06
38.94 -3.68438e-06
38.95 -1.4857e-05
38.96 -2.59353e-05
38.97 -3.68856e-05
38.98 -4.7675e-05
38.99 -5.82711e-05
39 -6.86424e-05
39.01 -7.8758e-05
39.02 -8.85878e-05
39.03 -9.81022e-05
39.04 -0.000107272
39.05 -0.00011607
39.06 -0.000124467
39.07 -0.000132437
39.08 -0.000139954
39.09 -0.000146993
39.1 -0.000153529
39.11 -0.000159539
39.12 -0.000165002
39.13 -0.000169897
39.14 -0.000174205
39.15 -0.000177909
39.16 -0.000180994
39.17 -0.000183448
39.18 -0.000185261
39.19 -0.000186424
39.2 -0.000186933
39.21 -0.000186786
39.22 -0.000185983
39.23 -0.000184527
39.24 -0.000182426
39.25 -0.000179687
39.26 -0.000176324
39.27 -0.000172349
39.28 -0.000167782
39.29 -0.000162639
39.3 -0.000156944
39.31 -0.000150721
39.32 -0.000143994
39.33 -0.000136791
39.34 -0.000129141
39.35 -0.000121076
39.36 -0.000112626
39.37 -0.000103823
39.38 -9.47028e-05
39.39 -8.52981e-05
39.4 -7.56437e-05
39.41 -6.57746e-05
39.42 -5.57259e-05
39.43 -4.55326e-05
39.44 -3.52296e-05
39.45 -2.48515e-05
39.46 -1.44326e-05
39.47 -4.00686e-06
39.48 6.39237e-06
39.49 1.67322e-05
39.5 2.69805e-05
39.51 3.71053e-05
39.52 4.70758e-05
39.53 5.68613e-05
39.54 6.64319e-05
39.55 7.57584e-05
39.56 8.4812e-05
39.57 9.35647e-05
39.58 0.000101989
39.59 0.000110058
39.6 0.000117747
39.61 0.000125029
39.62 0.00013188
39.63 0.000138278
39.64 0.000144199
39.65 0.000149624
39.66 0.000154532
39.67 0.000158905
39.68 0.000162728
39.69 0.000165984
39.7 0.000168663
39.71 0.000170753
39.72 0.000172246
39.73 0.000173138
39.74 0.000173423
39.75 0.000173102
39.76 0.000172177
39.77 0.000170652
39.78 0.000168533
39.79 0.00016583
39.8 0.000162556
39.81 0.000158723
39.82 0.000154348
39.83 0.000149449
39.84 0.000144048
39.85 0.000138165
39.86 0.000131825
39.87 0.000125054
39.88 0.000117877
39.89 0.000110323
39.9 0.000102422
39.91 9.42017e-05
39.92 8.56943e-05
39.93 7.69305e-05
39.94 6.79421e-05
39.95 5.87608e-05
39.96 4.94189e-05
39.97 3.99484e-05
39.98 3.03813e-05
39.99 2.07495e-05
40 1.10847e-05
40.01 1.41825e-06
40.02 -8.21893e-06
40.03 -1.77962e-05
40.04 -2.72835e-05
40.05 -3.6651e-05
40.06 -4.58696e-05
40.07 -5.49106e-05
40.08 -6.37458e-05
40.09 -7.23475e-05
40.1 -8.06887e-05
40.11 -8.8743e-05
40.12 -9.64846e-05
40.13 -0.000103888
40.14 -0.00011093
40.15 -0.000117586
40.16 -0.000123834
40.17 -0.000129653
40.18 -0.000135022
40.19 -0.000139923
40.2 -0.000144337
40.21 -0.000148248
40.22 -0.000151644
40.23 -0.000154509
40.24 -0.000156836
40.25 -0.000158613
40.26 -0.000159836
40.27 -0.0001605
40.28 -0.000160603
40.29 -0.000160144
40.3 -0.000159128
40.31 -0.000157559
40.32 -0.000155443
40.33 -0.00015279
40.34 -0.000149612
40.35 -0.000145922
40.36 -0.000141736
40.37 -0.00013707
40.38 -0.000131945
40.39 -0.00012638
40.4 -0.000120397
40.41 -0.000114021
40.42 -0.000107276
40.43 -0.000100188
40.44 -9.27831e-05
40.45 -8.50891e-05
40.46 -7.71342e-05
40.47 -6.89471e-05
40.48 -6.05569e-05
40.49 -5.19929e-05
40.5 -4.32849e-05
40.51 -3.44623e-05
40.52 -2.5555e-05
40.53 -1.65925e-05
40.54 -7.60411e-06
40.55 1.38079e-06
40.56 1.03333e-05
40.57 1.92247e-05
40.58 2.80268e-05
40.59 3.67116e-05
40.6 4.52515e-05
40.61 5.36196e-05
40.62 6.17892e-05
40.63 6.97342e-05
40.64 7.74292e-05
40.65 8.48493e-05
40.66 9.19703e-05
40.67 9.87688e-05
40.68 0.000105222
40.69 0.000111309
40.7 0.000117008
40.71 0.000122299
40.72 0.000127165
40.73 0.000131589
40.74 0.000135554
40.75 0.000139047
40.76 0.000142054
40.77 0.000144566
40.78 0.000146574
40.79 0.000148069
40.8 0.000149049
40.81 0.000149508
40.82 0.000149448
40.83 0.000148868
40.84 0.000147772
40.85 0.000146165
40.86 0.000144055
40.87 0.000141451
40.88 0.000138365
40.89 0.000134808
40.9 0.000130796
40.91 0.000126346
40.92 0.000121474
40.93 0.000116201
40.94 0.000110547
40.95 0.000104534
40.96 9.81849e-05
40.97 9.15233e-05
40.98 8.45739e-05
40.99 7.73623e-05
41 6.99142e-05
41.01 6.22563e-05
41.02 5.44154e-05
41.03 4.64186e-05
41.04 3.82934e-05
41.05 3.00671e-05
41.06 2.17672e-05
41.07 1.34214e-05
41.08 5.05689e-06
41.09 -3.299e-06
41.1 -1.16192e-05
41.11 -1.9877e-05
41.12 -2.80457e-05
41.13 -3.60992e-05
41.14 -4.40117e-05
41.15 -5.17577e-05
41.16 -5.93124e-05
41.17 -6.66511e-05
41.18 -7.37501e-05
41.19 -8.05862e-05
41.2 -8.71366e-05
41.21 -9.33797e-05
41.22 -9.92945e-05
41.23 -0.000104861
41.24 -0.00011006
41.25 -0.000114874
41.26 -0.000119286
41.27 -0.00012328
41.28 -0.000126844
41.29 -0.000129963
41.3 -0.000132628
41.31 -0.00013483
41.32 -0.000136559
41.33 -0.000137812
41.34 -0.000138584
41.35 -0.000138872
41.36 -0.000138678
41.37 -0.000138003
41.38 -0.000136849
41.39 -0.000135224
41.4 -0.000133135
41.41 -0.000130589
41.42 -0.000127599
41.43 -0.000124176
41.44 -0.000120335
41.45 -0.00011609
41.46 -0.00011146
41.47 -0.000106461
41.48 -0.000101113
41.49 -9.54368e-05
41.5 -8.94529e-05
41.51 -8.31836e-05
41.52 -7.66518e-05
41.53 -6.98811e-05
41.54 -6.28956e-05
41.55 -5.57197e-05
41.56 -4.83786e-05
41.57 -4.08973e-05
41.58 -3.33014e-05
41.59 -2.56165e-05
41.6 -1.78682e-05
41.61 -1.00822e-05
41.62 -2.28412e-06
41.63 5.50042e-06
41.64 1.32461e-05
41.65 2.09276e-05
41.66 2.85201e-05
41.67 3.5999e-05
41.68 4.33398e-05
41.69 5.05188e-05
41.7 5.75125e-05
41.71 6.42979e-05
41.72 7.08527e-05
41.73 7.71552e-05
41.74 8.31843e-05
41.75 8.89199e-05
41.76 9.43425e-05
41.77 9.94337e-05
41.78 0.000104176
41.79 0.000108554
41.8 0.000112551
41.81 0.000116155
41.82 0.000119352
41.83 0.000122132
41.84 0.000124486
41.85 0.000126405
41.86 0.000127883
41.87 0.000128916
41.88 0.000129501
41.89 0.000129636
41.9 0.000129323
41.91 0.000128563
41.92 0.000127361
41.93 0.000125723
41.94 0.000123655
41.95 0.000121166
41.96 0.000118267
41.97 0.000114971
41.98 0.000111289
41.99 0.000107237
42 0.00010283
42.01 9.80862e-05
42.02 9.30223e-05
42.03 8.76577e-05
42.04 8.20122e-05
42.05 7.61063e-05
42.06 6.99614e-05
42.07 6.35993e-05
42.08 5.70423e-05
42.09 5.03134e-05
42.1 4.34358e-05
42.11 3.64329e-05
42.12 2.93285e-05
42.13 2.21464e-05
42.14 1.49106e-05
42.15 7.64518e-06
42.16 3.74021e-07
42.17 -6.87893e-06
42.18 -1.40899e-05
42.19 -2.12352e-05
42.2 -2.82916e-05
42.21 -3.52359e-05
42.22 -4.20453e-05
42.23 -4.86975e-05
42.24 -5.51706e-05
42.25 -6.14431e-05
42.26 -6.74942e-05
42.27 -7.33037e-05
42.28 -7.88522e-05
42.29 -8.41209e-05
42.3 -8.9092e-05
42.31 -9.37486e-05
42.32 -9.80749e-05
42.33 -0.000102056
42.34 -0.000105679
42.35 -0.00010893
42.36 -0.000111799
42.37 -0.000114277
42.38 -0.000116355
42.39 -0.000118026
42.4 -0.000119285
42.41 -0.000120128
42.42 -0.000120554
42.43 -0.000120562
42.44 -0.000120152
42.45 -0.000119328
42.46 -0.000118094
42.47 -0.000116456
42.48 -0.000114419
42.49 -0.000111995
42.5 -0.000109191
42.51 -0.00010602
42.52 -0.000102494
42.53 -9.86269e-05
42.54 -9.44334e-05
42.55 -8.99295e-05
42.56 -8.51319e-05
42.57 -8.00583e-05
42.58 -7.47273e-05
42.59 -6.9158e-05
42.6 -6.33704e-05
42.61 -5.73848e-05
42.62 -5.12221e-05
42.63 -4.49038e-05
42.64 -3.84514e-05
42.65 -3.18871e-05
42.66 -2.52329e-05
42.67 -1.85114e-05
42.68 -1.17448e-05
42.69 -4.95587e-06
42.7 1.83297e-06
42.71 8.59924e-06
42.72 1.53206e-05
42.73 2.19748e-05
42.74 2.854e-05
42.75 3.49943e-05
42.76 4.13166e-05
42.77 4.74858e-05
42.78 5.34813e-05
42.79 5.92833e-05
42.8 6.48723e-05
42.81 7.02295e-05
42.82 7.5337e-05
42.83 8.01774e-05
42.84 8.47345e-05
42.85 8.89927e-05
42.86 9.29375e-05
42.87 9.65558e-05
42.88 9.98351e-05
42.89 0.000102765
42.9 0.000105334
42.91 0.000107536
42.92 0.000109362
42.93 0.000110808
42.94 0.000111868
42.95 0.00011254
42.96 0.000112822
42.97 0.000112716
42.98 0.000112221
42.99 0.000111341
43 0.000110081
43.01 0.000108445
43.02 0.000106442
43.03 0.000104079
43.04 0.000101367
43.05 9.83147e-05
43.06 9.49356e-05
43.07 9.12424e-05
43.08 8.72488e-05
43.09 8.297e-05
43.1 7.84216e-05
43.11 7.36202e-05
43.12 6.85832e-05
43.13 6.33286e-05
43.14 5.78749e-05
43.15 5.22412e-05
43.16 4.64471e-05
43.17 4.05126e-05
43.18 3.4458e-05
43.19 2.83037e-05
43.2 2.20707e-05
43.21 1.57799e-05
43.22 9.45242e-06
43.23 3.10926e-06
43.24 -3.2284e-06
43.25 -9.5395e-06
43.26 -1.58031e-05
43.27 -2.19984e-05
43.28 -2.81048e-05
43.29 -3.41021e-05
43.3 -3.99702e-05
43.31 -4.56897e-05
43.32 -5.12413e-05
43.33 -5.66066e-05
43.34 -6.17675e-05
43.35 -6.67066e-05
43.36 -7.14073e-05
43.37 -7.58537e-05
43.38 -8.00308e-05
43.39 -8.39245e-05
43.4 -8.75217e-05
43.41 -9.08102e-05
43.42 -9.3779e-05
43.43 -9.64184e-05
43.44 -9.87195e-05
43.45 -0.000100675
43.46 -0.000102279
43.47 -0.000103526
43.48 -0.000104413
43.49 -0.000104937
43.5 -0.000105098
43.51 -0.000104896
43.52 -0.000104333
43.53 -0.000103412
43.54 -0.000102138
43.55 -0.000100516
43.56 -9.85522e-05
43.57 -9.62557e-05
43.58 -9.36354e-05
43.59 -9.07014e-05
43.6 -8.74651e-05
43.61 -8.39388e-05
43.62 -8.01356e-05
43.63 -7.60696e-05
43.64 -7.17557e-05
43.65 -6.72093e-05
43.66 -6.24469e-05
43.67 -5.74852e-05
43.68 -5.23417e-05
43.69 -4.70344e-05
43.7 -4.15815e-05
43.71 -3.60019e-05
43.72 -3.03146e-05
43.73 -2.45389e-05
43.74 -1.86945e-05
43.75 -1.28009e-05
43.76 -6.87804e-06
43.77 -9.45734e-07
43.78 4.97617e-06
43.79 1.08679e-05
43.8 1.67097e-05
43.81 2.24822e-05
43.82 2.8166e-05
43.83 3.37421e-05
43.84 3.91918e-05
43.85 4.4497e-05
43.86 4.96398e-05
43.87 5.46028e-05
43.88 5.93695e-05
43.89 6.39237e-05
43.9 6.825e-05
43.91 7.2334e-05
43.92 7.61618e-05
43.93 7.97206e-05
43.94 8.29985e-05
43.95 8.59845e-05
43.96 8.86687e-05
43.97 9.10424e-05
43.98 9.30979e-05
43.99 9.48287e-05
44 9.62295e-05
44.01 9.72961e-05
44.02 9.80257e-05
44.03 9.84167e-05
44.04 9.84686e-05
44.05 9.81823e-05
44.06 9.75597e-05
44.07 9.66043e-05
44.08 9.53203e-05
44.09 9.37134e-05
44.1 9.17901e-05
44.11 8.95584e-05
44.12 8.70269e-05
44.13 8.42056e-05
44.14 8.1105e-05
44.15 7.77368e-05
44.16 7.41135e-05
44.17 7.02484e-05
44.18 6.61554e-05
44.19 6.18492e-05
44.2 5.73451e-05
44.21 5.2659e-05
44.22 4.78073e-05
44.23 4.28067e-05
44.24 3.76746e-05
44.25 3.24286e-05
44.26 2.70866e-05
44.27 2.16666e-05
44.28 1.61872e-05
44.29 1.06667e-05
44.3 5.12386e-06
44.31 -4.22828e-07
44.32 -5.9547e-06
44.33 -1.14532e-05
44.34 -1.68999e-05
44.35 -2.22765e-05
44.36 -2.75651e-05
44.37 -3.27478e-05
44.38 -3.78072e-05
44.39 -4.27265e-05
44.4 -4.74889e-05
44.41 -5.20786e-05
44.42 -5.64799e-05
44.43 -6.06782e-05
44.44 -6.46593e-05
44.45 -6.84097e-05
44.46 -7.1917e-05
44.47 -7.51694e-05
44.48 -7.8156e-05
44.49 -8.0867e-05
44.5 -8.32935e-05
44.51 -8.54277e-05
44.52 -8.72627e-05
44.53 -8.87929e-05
44.54 -9.00135e-05
44.55 -9.09213e-05
44.56 -9.15138e-05
44.57 -9.17898e-05
44.58 -9.17493e-05
44.59 -9.13933e-05
44.6 -9.07241e-05
44.61 -8.9745e-05
44.62 -8.84603e-05
44.63 -8.68756e-05
44.64 -8.49972e-05
44.65 -8.28326e-05
44.66 -8.03902e-05
44.67 -7.76794e-05
44.68 -7.47104e-05
44.69 -7.14941e-05
44.7 -6.80424e-05
44.71 -6.43677e-05
44.72 -6.04834e-05
44.73 -5.64031e-05
44.74 -5.21414e-05
44.75 -4.77132e-05
44.76 -4.31339e-05
44.77 -3.84195e-05
44.78 -3.35861e-05
44.79 -2.86503e-05
44.8 -2.3629e-05
44.81 -1.85394e-05
44.82 -1.33986e-05
44.83 -8.22406e-06
44.84 -3.03331e-06
44.85 2.15616e-06
44.86 7.32687e-06
44.87 1.24614e-05
44.88 1.75425e-05
44.89 2.25529e-05
44.9 2.7476e-05
44.91 3.2295e-05
44.92 3.69938e-05
44.93 4.15565e-05
44.94 4.59678e-05
44.95 5.02128e-05
44.96 5.42771e-05
44.97 5.81472e-05
44.98 6.18101e-05
44.99 6.52534e-05
45 6.84657e-05
45.01 7.14362e-05
45.02 7.41553e-05
45.03 7.66139e-05
45.04 7.88041e-05
45.05 8.07189e-05
45.06 8.23523e-05
45.07 8.36994e-05
45.08 8.47561e-05
45.09 8.55195e-05
45.1 8.59878e-05
45.11 8.61603e-05
45.12 8.60372e-05
45.13 8.56197e-05
45.14 8.49104e-05
45.15 8.39125e-05
45.16 8.26304e-05
45.17 8.10694e-05
45.18 7.92359e-05
45.19 7.71369e-05
45.2 7.47806e-05
45.21 7.21758e-05
45.22 6.93323e-05
45.23 6.62605e-05
45.24 6.29716e-05
45.25 5.94775e-05
45.26 5.57906e-05
45.27 5.19241e-05
45.28 4.78915e-05
45.29 4.37069e-05
45.3 3.9385e-05
45.31 3.49405e-05
45.32 3.03889e-05
45.33 2.57458e-05
45.34 2.1027e-05
45.35 1.62486e-05
45.36 1.14268e-05
45.37 6.57803e-06
45.38 1.71866e-06
45.39 -3.13488e-06
45.4 -7.96619e-06
45.41 -1.2759e-05
45.42 -1.7497e-05
45.43 -2.21644e-05
45.44 -2.67454e-05
45.45 -3.12244e-05
45.46 -3.55865e-05
45.47 -3.9817e-05
45.48 -4.39015e-05
45.49 -4.78264e-05
45.5 -5.15784e-05
45.51 -5.5145e-05
45.52 -5.85142e-05
45.53 -6.16748e-05
45.54 -6.46162e-05
45.55 -6.73288e-05
45.56 -6.98036e-05
45.57 -7.20326e-05
45.58 -7.40087e-05
45.59 -7.57255e-05
45.6 -7.71777e-05
45.61 -7.83611e-05
45.62 -7.92721e-05
45.63 -7.99084e-05
45.64 -8.02686e-05
45.65 -8.0352e-05
45.66 -8.01593e-05
45.67 -7.9692e-05
45.68 -7.89524e-05
45.69 -7.7944e-05
45.7 -7.66711e-05
45.71 -7.51387e-05
45.72 -7.33531e-05
45.73 -7.13211e-05
45.74 -6.90504e-05
45.75 -6.65495e-05
45.76 -6.38276e-05
45.77 -6.08948e-05
45.78 -5.77616e-05
45.79 -5.44391e-05
45.8 -5.09394e-05
45.81 -4.72746e-05
45.82 -4.34578e-05
45.83 -3.95022e-05
45.84 -3.54215e-05
45.85 -3.12299e-05
45.86 -2.69418e-05
45.87 -2.25719e-05
45.88 -1.81352e-05
45.89 -1.36469e-05
45.9 -9.12219e-06
45.91 -4.57649e-06
45.92 -2.52193e-08
45.93 4.51618e-06
45.94 9.03232e-06
45.95 1.35079e-05
45.96 1.79278e-05
45.97 2.22771e-05
45.98 2.65411e-05
45.99 3.07054e-05
46 3.47559e-05
46.01 3.8679e-05
46.02 4.24615e-05
46.03 4.60906e-05
46.04 4.95541e-05
46.05 5.28406e-05
46.06 5.59389e-05
46.07 5.88389e-05
46.08 6.15309e-05
46.09 6.40061e-05
46.1 6.62563e-05
46.11 6.82745e-05
46.12 7.0054e-05
46.13 7.15894e-05
46.14 7.2876e-05
46.15 7.39099e-05
46.16 7.46883e-05
46.17 7.52092e-05
46.18 7.54715e-05
46.19 7.5475e-05
46.2 7.52205e-05
46.21 7.47096e-05
46.22 7.39448e-05
46.23 7.29295e-05
46.24 7.16679e-05
46.25 7.01652e-05
46.26 6.84272e-05
46.27 6.64606e-05
46.28 6.42727e-05
46.29 6.18716e-05
46.3 5.92663e-05
46.31 5.64661e-05
46.32 5.34812e-05
46.33 5.03221e-05
46.34 4.70001e-05
46.35 4.35269e-05
46.36 3.99148e-05
46.37 3.61761e-05
46.38 3.23241e-05
46.39 2.83718e-05
46.4 2.4333e-05
46.41 2.02216e-05
46.42 1.60516e-05
46.43 1.18372e-05
46.44 7.59282e-06
46.45 3.33295e-06
46.46 -9.27958e-07
46.47 -5.17545e-06
46.48 -9.39512e-06
46.49 -1.35727e-05
46.5 -1.7694e-05
46.51 -2.17451e-05
46.52 -2.57124e-05
46.53 -2.95823e-05
46.54 -3.3342e-05
46.55 -3.69786e-05
46.56 -4.04801e-05
46.57 -4.38346e-05
46.58 -4.70308e-05
46.59 -5.00582e-05
46.6 -5.29067e-05
46.61 -5.55668e-05
46.62 -5.80298e-05
46.63 -6.02876e-05
46.64 -6.23329e-05
46.65 -6.41592e-05
46.66 -6.57606e-05
46.67 -6.71323e-05
46.68 -6.827e-05
46.69 -6.91705e-05
46.7 -6.98312e-05
46.71 -7.02506e-05
46.72 -7.04278e-05
46.73 -7.03629e-05
46.74 -7.00569e-05
46.75 -6.95114e-05
46.76 -6.87291e-05
46.77 -6.77132e-05
46.78 -6.6468e-05
46.79 -6.49984e-05
46.8 -6.331e-05
46.81 -6.14093e-05
46.82 -5.93033e-05
46.83 -5.69999e-05
46.84 -5.45073e-05
46.85 -5.18347e-05
46.86 -4.89916e-05
46.87 -4.59881e-05
46.88 -4.28348e-05
46.89 -3.95429e-05
46.9 -3.61239e-05
46.91 -3.25896e-05
46.92 -2.89524e-05
46.93 -2.52248e-05
46.94 -2.14197e-05
46.95 -1.75502e-05
46.96 -1.36295e-05
46.97 -9.67099e-06
46.98 -5.68828e-06
46.99 -1.69492e-06
47 2.2955e-06
47.01 6.2694e-06
47.02 1.02133e-05
47.03 1.41138e-05
47.04 1.79577e-05
47.05 2.1732e-05
47.06 2.54238e-05
47.07 2.90209e-05
47.08 3.25109e-05
47.09 3.58823e-05
47.1 3.91236e-05
47.11 4.22239e-05
47.12 4.51731e-05
47.13 4.79611e-05
47.14 5.05788e-05
47.15 5.30176e-05
47.16 5.52694e-05
47.17 5.7327e-05
47.18 5.91837e-05
47.19 6.08336e-05
47.2 6.22715e-05
47.21 6.3493e-05
47.22 6.44945e-05
47.23 6.52731e-05
47.24 6.58267e-05
47.25 6.61541e-05
47.26 6.62546e-05
47.27 6.61286e-05
47.28 6.57772e-05
47.29 6.52022e-05
47.3 6.44063e-05
47.31 6.33926e-05
47.32 6.21655e-05
47.33 6.07296e-05
47.34 5.90904e-05
47.35 5.72542e-05
47.36 5.52277e-05
47.37 5.30183e-05
47.38 5.06342e-05
47.39 4.80838e-05
47.4 4.53763e-05
47.41 4.25213e-05
47.42 3.95289e-05
47.43 3.64095e-05
47.44 3.31742e-05
47.45 2.98342e-05
47.46 2.64009e-05
47.47 2.28865e-05
47.48 1.93028e-05
47.49 1.56623e-05
47.5 1.19775e-05
47.51 8.26091e-06
47.52 4.52531e-06
47.53 7.83406e-07
47.54 -2.95204e-06
47.55 -6.66832e-06
47.56 -1.03528e-05
47.57 -1.3993e-05
47.58 -1.75766e-05
47.59 -2.10915e-05
47.6 -2.45257e-05
47.61 -2.78678e-05
47.62 -3.11063e-05
47.63 -3.42306e-05
47.64 -3.723e-05
47.65 -4.00946e-05
47.66 -4.28148e-05
47.67 -4.53816e-05
47.68 -4.77865e-05
47.69 -5.00216e-05
47.7 -5.20797e-05
47.71 -5.39539e-05
47.72 -5.56384e-05
47.73 -5.71279e-05
47.74 -5.84175e-05
47.75 -5.95036e-05
47.76 -6.03827e-05
47.77 -6.10525e-05
47.78 -6.15111e-05
47.79 -6.17576e-05
47.8 -6.17917e-05
47.81 -6.16138e-05
47.82 -6.12252e-05
47.83 -6.06277e-05
47.84 -5.9824e-05
47.85 -5.88173e-05
47.86 -5.76117e-05
47.87 -5.62119e-05
47.88 -5.46231e-05
47.89 -5.28513e-05
47.9 -5.0903e-05
47.91 -4.87853e-05
47.92 -4.65059e-05
47.93 -4.4073e-05
47.94 -4.14952e-05
47.95 -3.87817e-05
47.96 -3.59421e-05
47.97 -3.29863e-05
47.98 -2.99246e-05
47.99 -2.67678e-05
48 -2.35267e-05
48.01 -2.02126e-05
48.02 -1.68369e-05
48.03 -1.34112e-05
48.04 -9.94737e-06
48.05 -6.45716e-06
48.06 -2.95256e-06
48.07 5.54457e-07
48.08 4.05195e-06
48.09 7.528e-06
48.1 1.09708e-05
48.11 1.43687e-05
48.12 1.77101e-05
48.13 2.09837e-05
48.14 2.41786e-05
48.15 2.72838e-05
48.16 3.02891e-05
48.17 3.31842e-05
48.18 3.59595e-05
48.19 3.86057e-05
48.2 4.1114e-05
48.21 4.34762e-05
48.22 4.56845e-05
48.23 4.77315e-05
48.24 4.96108e-05
48.25 5.13161e-05
48.26 5.28421e-05
48.27 5.4184e-05
48.28 5.53377e-05
48.29 5.62995e-05
48.3 5.70668e-05
48.31 5.76374e-05
48.32 5.80098e-05
48.33 5.81833e-05
48.34 5.81579e-05
48.35 5.79341e-05
48.36 5.75133e-05
48.37 5.68974e-05
48.38 5.60891e-05
48.39 5.50917e-05
48.4 5.3909e-05
48.41 5.25456e-05
48.42 5.10067e-05
48.43 4.92979e-05
48.44 4.74256e-05
48.45 4.53965e-05
48.46 4.3218e-05
48.47 4.08979e-05
48.48 3.84444e-05
48.49 3.58662e-05
48.5 3.31724e-05
48.51 3.03724e-05
48.52 2.74761e-05
48.53 2.44935e-05
48.54 2.14349e-05
48.55 1.83109e-05
48.56 1.51323e-05
48.57 1.19101e-05
48.58 8.65529e-06
48.59 5.37903e-06
48.6 2.09253e-06
48.61 -1.19297e-06
48.62 -4.46629e-06
48.63 -7.71628e-06
48.64 -1.09319e-05
48.65 -1.41022e-05
48.66 -1.72166e-05
48.67 -2.02644e-05
48.68 -2.32353e-05
48.69 -2.61195e-05
48.7 -2.89071e-05
48.71 -3.15889e-05
48.72 -3.41559e-05
48.73 -3.65995e-05
48.74 -3.89116e-05
48.75 -4.10847e-05
48.76 -4.31115e-05
48.77 -4.49855e-05
48.78 -4.67006e-05
48.79 -4.82513e-05
48.8 -4.96325e-05
48.81 -5.08402e-05
48.82 -5.18704e-05
48.83 -5.27201e-05
48.84 -5.3387e-05
48.85 -5.3869e-05
48.86 -5.41651e-05
48.87 -5.42747e-05
48.88 -5.4198e-05
48.89 -5.39356e-05
48.9 -5.34891e-05
48.91 -5.28603e-05
48.92 -5.20519e-05
48.93 -5.10672e-05
48.94 -4.99099e-05
48.95 -4.85846e-05
48.96 -4.70961e-05
48.97 -4.54499e-05
48.98 -4.36521e-05
48.99 -4.17092e-05
49 -3.96281e-05
49.01 -3.74164e-05
49.02 -3.50818e-05
49.03 -3.26327e-05
49.04 -3.00776e-05
49.05 -2.74255e-05
49.06 -2.46856e-05
49.07 -2.18676e-05
49.08 -1.89811e-05
49.09 -1.60362e-05
49.1 -1.3043e-05
49.11 -1.00118e-05
49.12 -6.95304e-06
49.13 -3.87723e-06
49.14 -7.94866e-07
49.15 2.28351e-06
49.16 5.3474e-06
49.17 8.38639e-06
49.18 1.13901e-05
49.19 1.43485e-05
49.2 1.72513e-05
49.21 2.0089e-05
49.22 2.28518e-05
49.23 2.55305e-05
49.24 2.81161e-05
49.25 3.06e-05
49.26 3.29738e-05
49.27 3.52297e-05
49.28 3.73602e-05
49.29 3.93584e-05
49.3 4.12175e-05
49.31 4.29317e-05
49.32 4.44953e-05
49.33 4.59034e-05
49.34 4.71516e-05
49.35 4.82358e-05
49.36 4.91529e-05
49.37 4.99e-05
49.38 5.04751e-05
49.39 5.08767e-05
49.4 5.11037e-05
49.41 5.11559e-05
49.42 5.10336e-05
49.43 5.07376e-05
49.44 5.02693e-05
49.45 4.96309e-05
49.46 4.8825e-05
49.47 4.78547e-05
49.48 4.67238e-05
49.49 4.54366e-05
49.5 4.39978e-05
49.51 4.24129e-05
49.52 4.06874e-05
49.53 3.88278e-05
49.54 3.68406e-05
49.55 3.4733e-05
49.56 3.25124e-05
49.57 3.01866e-05
49.58 2.7764e-05
49.59 2.52528e-05
49.6 2.2662e-05
49.61 2.00004e-05
49.62 1.72774e-05
49.63 1.45024e-05
49.64 1.16849e-05
49.65 8.83459e-06
49.66 5.96131e-06
49.67 3.0749e-06
49.68 1.85234e-07
49.69 -2.69783e-06
49.7 -5.56447e-06
49.71 -8.40494e-06
49.72 -1.12096e-05
49.73 -1.39689e-05
49.74 -1.66736e-05
49.75 -1.93145e-05
49.76 -2.18827e-05
49.77 -2.43696e-05
49.78 -2.67668e-05
49.79 -2.90665e-05
49.8 -3.12608e-05
49.81 -3.33426e-05
49.82 -3.53049e-05
49.83 -3.71413e-05
49.84 -3.88458e-05
49.85 -4.04129e-05
49.86 -4.18375e-05
49.87 -4.3115e-05
49.88 -4.42416e-05
49.89 -4.52136e-05
49.9 -4.60281e-05
49.91 -4.66827e-05
49.92 -4.71756e-05
49.93 -4.75055e-05
49.94 -4.76716e-05
49.95 -4.76738e-05
49.96 -4.75126e-05
49.97 -4.71889e-05
49.98 -4.67041e-05
49.99 -4.60605e-05
50 -4.52605e-05
50.01 -4.43073e-05
50.02 -4.32046e-05
50.03 -4.19565e-05
50.04 -4.05677e-05
50.05 -3.90432e-05
50.06 -3.73885e-05
50.07 -3.56097e-05
50.08 -3.37131e-05
50.09 -3.17054e-05
50.1 -2.95939e-05
50.11 -2.73859e-05
50.12 -2.50891e-05
50.13 -2.27117e-05
50.14 -2.0262e-05
50.15 -1.77483e-05
50.16 -1.51796e-05
50.17 -1.25646e-05
50.18 -9.9123e-06
50.19 -7.23195e-06
50.2 -4.53271e-06
50.21 -1.82382e-06
50.22 8.85435e-07
50.23 3.58581e-06
50.24 6.26811e-06
50.25 8.92321e-06
50.26 1.15421e-05
50.27 1.41159e-05
50.28 1.66359e-05
50.29 1.90937e-05
50.3 2.14808e-05
50.31 2.37894e-05
50.32 2.60118e-05
50.33 2.81404e-05
50.34 3.01682e-05
50.35 3.20885e-05
50.36 3.38951e-05
50.37 3.55818e-05
50.38 3.71433e-05
50.39 3.85746e-05
50.4 3.98709e-05
50.41 4.10282e-05
50.42 4.20429e-05
50.43 4.29118e-05
50.44 4.36323e-05
50.45 4.42024e-05
50.46 4.46203e-05
50.47 4.48852e-05
50.48 4.49965e-05
50.49 4.49541e-05
50.5 4.47586e-05
50.51 4.44112e-05
50.52 4.39132e-05
50.53 4.32669e-05
50.54 4.24748e-05
50.55 4.154e-05
50.56 4.04661e-05
50.57 3.9257e-05
50.58 3.79173e-05
50.59 3.64518e-05
50.6 3.48658e-05
50.61 3.31651e-05
50.62 3.13557e-05
50.63 2.94441e-05
50.64 2.74371e-05
50.65 2.53417e-05
50.66 2.31652e-05
50.67 2.09154e-05
50.68 1.86e-05
50.69 1.6227e-05
50.7 1.38047e-05
50.71 1.13415e-05
50.72 8.84592e-06
50.73 6.32644e-06
50.74 3.79176e-06
50.75 1.25057e-06
50.76 -1.28845e-06
50.77 -3.81664e-06
50.78 -6.32538e-06
50.79 -8.80616e-06
50.8 -1.12506e-05
50.81 -1.36503e-05
50.82 -1.59973e-05
50.83 -1.82837e-05
50.84 -2.05017e-05
50.85 -2.26439e-05
50.86 -2.47032e-05
50.87 -2.66727e-05
50.88 -2.85459e-05
50.89 -3.03165e-05
50.9 -3.19788e-05
50.91 -3.35273e-05
50.92 -3.4957e-05
50.93 -3.62633e-05
50.94 -3.74419e-05
50.95 -3.84891e-05
50.96 -3.94018e-05
50.97 -4.0177e-05
50.98 -4.08125e-05
50.99 -4.13064e-05
51 -4.16574e-05
51.01 -4.18646e-05
51.02 -4.19277e-05
51.03 -4.18468e-05
51.04 -4.16226e-05
51.05 -4.12562e-05
51.06 -4.07491e-05
51.07 -4.01036e-05
51.08 -3.93221e-05
51.09 -3.84076e-05
51.1 -3.73636e-05
51.11 -3.6194e-05
51.12 -3.49031e-05
51.13 -3.34956e-05
51.14 -3.19766e-05
51.15 -3.03515e-05
51.16 -2.86262e-05
51.17 -2.68067e-05
51.18 -2.48996e-05
51.19 -2.29115e-05
51.2 -2.08494e-05
51.21 -1.87205e-05
51.22 -1.65322e-05
51.23 -1.42922e-05
51.24 -1.20081e-05
51.25 -9.688e-06
51.26 -7.33973e-06
51.27 -4.97144e-06
51.28 -2.59124e-06
51.29 -2.07289e-07
51.3 2.17226e-06
51.31 4.5393e-06
51.32 6.88577e-06
51.33 9.20369e-06
51.34 1.14852e-05
51.35 1.37226e-05
51.36 1.59084e-05
51.37 1.80351e-05
51.38 2.00956e-05
51.39 2.20831e-05
51.4 2.39909e-05
51.41 2.58126e-05
51.42 2.75422e-05
51.43 2.91741e-05
51.44 3.07027e-05
51.45 3.21233e-05
51.46 3.34311e-05
51.47 3.46219e-05
51.48 3.5692e-05
51.49 3.66379e-05
51.5 3.74567e-05
51.51 3.8146e-05
51.52 3.87037e-05
51.53 3.91282e-05
51.54 3.94183e-05
51.55 3.95735e-05
51.56 3.95935e-05
51.57 3.94785e-05
51.58 3.92294e-05
51.59 3.88473e-05
51.6 3.83339e-05
51.61 3.76912e-05
51.62 3.69217e-05
51.63 3.60284e-05
51.64 3.50147e-05
51.65 3.38843e-05
51.66 3.26414e-05
51.67 3.12904e-05
51.68 2.98363e-05
51.69 2.82843e-05
51.7 2.66399e-05
51.71 2.49089e-05
51.72 2.30975e-05
51.73 2.1212e-05
51.74 1.9259e-05
51.75 1.72454e-05
51.76 1.51782e-05
51.77 1.30645e-05
51.78 1.09117e-05
51.79 8.7272e-06
51.8 6.51851e-06
51.81 4.29324e-06
51.82 2.05902e-06
51.83 -1.76502e-07
51.84 -2.40569e-06
51.85 -4.62094e-06
51.86 -6.81473e-06
51.87 -8.9796e-06
51.88 -1.11082e-05
51.89 -1.31934e-05
51.9 -1.52282e-05
51.91 -1.72056e-05
51.92 -1.91191e-05
51.93 -2.09622e-05
51.94 -2.27288e-05
51.95 -2.44131e-05
51.96 -2.60095e-05
51.97 -2.75127e-05
51.98 -2.89178e-05
51.99 -3.02202e-05
52 -3.14156e-05
52.01 -3.25003e-05
52.02 -3.34708e-05
52.03 -3.43241e-05
52.04 -3.50575e-05
52.05 -3.56687e-05
52.06 -3.61561e-05
52.07 -3.65182e-05
52.08 -3.6754e-05
52.09 -3.68632e-05
52.1 -3.68456e-05
52.11 -3.67016e-05
52.12 -3.6432e-05
52.13 -3.60381e-05
52.14 -3.55214e-05
52.15 -3.48842e-05
52.16 -3.41287e-05
52.17 -3.3258e-05
52.18 -3.22752e-05
52.19 -3.11841e-05
52.2 -2.99885e-05
52.21 -2.86929e-05
52.22 -2.73018e-05
52.23 -2.58204e-05
52.24 -2.42538e-05
52.25 -2.26076e-05
52.26 -2.08876e-05
52.27 -1.90998e-05
52.28 -1.72506e-05
52.29 -1.53464e-05
52.3 -1.33937e-05
52.31 -1.13994e-05
52.32 -9.37046e-06
52.33 -7.31375e-06
52.34 -5.23642e-06
52.35 -3.1456e-06
52.36 -1.04846e-06
52.37 1.04783e-06
52.38 3.1361e-06
52.39 5.20924e-06
52.4 7.2602e-06
52.41 9.28202e-06
52.42 1.12679e-05
52.43 1.3211e-05
52.44 1.51049e-05
52.45 1.69432e-05
52.46 1.87198e-05
52.47 2.04287e-05
52.48 2.20641e-05
52.49 2.36208e-05
52.5 2.50935e-05
52.51 2.64774e-05
52.52 2.77679e-05
52.53 2.8961e-05
52.54 3.00526e-05
52.55 3.10394e-05
52.56 3.19182e-05
52.57 3.26862e-05
52.58 3.33411e-05
52.59 3.3881e-05
52.6 3.43042e-05
52.61 3.46095e-05
52.62 3.47963e-05
52.63 3.48642e-05
52.64 3.48132e-05
52.65 3.46439e-05
52.66 3.4357e-05
52.67 3.39539e-05
52.68 3.34362e-05
52.69 3.2806e-05
52.7 3.20656e-05
52.71 3.1218e-05
52.72 3.02662e-05
52.73 2.92139e-05
52.74 2.80647e-05
52.75 2.68229e-05
52.76 2.54929e-05
52.77 2.40795e-05
52.78 2.25877e-05
52.79 2.10228e-05
52.8 1.93903e-05
52.81 1.7696e-05
52.82 1.59457e-05
52.83 1.41456e-05
52.84 1.23019e-05
52.85 1.04211e-05
52.86 8.50958e-06
52.87 6.57399e-06
52.88 4.62098e-06
52.89 2.65727e-06
52.9 6.89587e-07
52.91 -1.27535e-06
52.92 -3.23083e-06
52.93 -5.17019e-06
52.94 -7.08685e-06
52.95 -8.97431e-06
52.96 -1.08262e-05
52.97 -1.26362e-05
52.98 -1.43984e-05
52.99 -1.61067e-05
53 -1.77554e-05
53.01 -1.9339e-05
53.02 -2.08524e-05
53.03 -2.22904e-05
53.04 -2.36483e-05
53.05 -2.49217e-05
53.06 -2.61064e-05
53.07 -2.71985e-05
53.08 -2.81945e-05
53.09 -2.90913e-05
53.1 -2.98861e-05
53.11 -3.05762e-05
53.12 -3.11597e-05
53.13 -3.16348e-05
53.14 -3.20001e-05
53.15 -3.22547e-05
53.16 -3.23979e-05
53.17 -3.24295e-05
53.18 -3.23497e-05
53.19 -3.2159e-05
53.2 -3.18584e-05
53.21 -3.14492e-05
53.22 -3.09329e-05
53.23 -3.03117e-05
53.24 -2.95879e-05
53.25 -2.87643e-05
53.26 -2.78438e-05
53.27 -2.683e-05
53.28 -2.57264e-05
53.29 -2.4537e-05
53.3 -2.32662e-05
53.31 -2.19184e-05
53.32 -2.04985e-05
53.33 -1.90115e-05
53.34 -1.74625e-05
53.35 -1.58571e-05
53.36 -1.42008e-05
53.37 -1.24994e-05
53.38 -1.07589e-05
53.39 -8.98518e-06
53.4 -7.18451e-06
53.41 -5.36304e-06
53.42 -3.52705e-06
53.43 -1.68284e-06
53.44 1.63269e-07
53.45 2.00497e-06
53.46 3.83598e-06
53.47 5.65007e-06
53.48 7.44108e-06
53.49 9.20293e-06
53.5 1.09297e-05
53.51 1.26155e-05
53.52 1.42547e-05
53.53 1.58418e-05
53.54 1.73715e-05
53.55 1.88387e-05
53.56 2.02386e-05
53.57 2.15664e-05
53.58 2.28178e-05
53.59 2.39887e-05
53.6 2.50754e-05
53.61 2.60742e-05
53.62 2.69819e-05
53.63 2.77958e-05
53.64 2.85131e-05
53.65 2.91318e-05
53.66 2.96498e-05
53.67 3.00657e-05
53.68 3.03784e-05
53.69 3.05869e-05
53.7 3.06909e-05
53.71 3.06902e-05
53.72 3.0585e-05
53.73 3.03761e-05
53.74 3.00644e-05
53.75 2.96511e-05
53.76 2.9138e-05
53.77 2.8527e-05
53.78 2.78205e-05
53.79 2.70211e-05
53.8 2.61318e-05
53.81 2.51558e-05
53.82 2.40967e-05
53.83 2.29583e-05
53.84 2.17446e-05
53.85 2.04601e-05
53.86 1.91092e-05
53.87 1.76967e-05
53.88 1.62276e-05
53.89 1.47071e-05
53.9 1.31404e-05
53.91 1.1533e-05
53.92 9.89048e-06
53.93 8.21854e-06
53.94 6.52296e-06
53.95 4.80957e-06
53.96 3.08427e-06
53.97 1.35297e-06
53.98 -3.78385e-07
53.99 -2.1039e-06
54 -3.81768e-06
54.01 -5.51391e-06
54.02 -7.18683e-06
54.03 -8.83078e-06
54.04 -1.04402e-05
54.05 -1.20097e-05
54.06 -1.35339e-05
54.07 -1.50078e-05
54.08 -1.64265e-05
54.09 -1.77852e-05
54.1 -1.90794e-05
54.11 -2.03049e-05
54.12 -2.14575e-05
54.13 -2.25336e-05
54.14 -2.35296e-05
54.15 -2.44424e-05
54.16 -2.52689e-05
54.17 -2.60066e-05
54.18 -2.66531e-05
54.19 -2.72065e-05
54.2 -2.76651e-05
54.21 -2.80275e-05
54.22 -2.82928e-05
54.23 -2.84603e-05
54.24 -2.85295e-05
54.25 -2.85006e-05
54.26 -2.83739e-05
54.27 -2.815e-05
54.28 -2.78299e-05
54.29 -2.7415e-05
54.3 -2.6907e-05
54.31 -2.63077e-05
54.32 -2.56194e-05
54.33 -2.48448e-05
54.34 -2.39866e-05
54.35 -2.3048e-05
54.36 -2.20324e-05
54.37 -2.09435e-05
54.38 -1.97851e-05
54.39 -1.85614e-05
54.4 -1.72767e-05
54.41 -1.59355e-05
54.42 -1.45425e-05
54.43 -1.31027e-05
54.44 -1.16211e-05
54.45 -1.01027e-05
54.46 -8.55295e-06
54.47 -6.97712e-06
54.48 -5.38068e-06
54.49 -3.76913e-06
54.5 -2.148e-06
54.51 -5.22857e-07
54.52 1.10074e-06
54.53 2.71724e-06
54.54 4.32114e-06
54.55 5.90699e-06
54.56 7.46942e-06
54.57 9.00313e-06
54.58 1.05029e-05
54.59 1.19638e-05
54.6 1.33808e-05
54.61 1.47493e-05
54.62 1.60646e-05
54.63 1.73223e-05
54.64 1.85184e-05
54.65 1.96488e-05
54.66 2.07098e-05
54.67 2.1698e-05
54.68 2.26102e-05
54.69 2.34434e-05
54.7 2.41949e-05
54.71 2.48625e-05
54.72 2.54439e-05
54.73 2.59375e-05
54.74 2.63417e-05
54.75 2.66554e-05
54.76 2.68777e-05
54.77 2.7008e-05
54.78 2.70463e-05
54.79 2.69924e-05
54.8 2.6847e-05
54.81 2.66106e-05
54.82 2.62843e-05
54.83 2.58695e-05
54.84 2.53677e-05
54.85 2.4781e-05
54.86 2.41114e-05
54.87 2.33616e-05
54.88 2.25342e-05
54.89 2.16322e-05
54.9 2.0659e-05
54.91 1.9618e-05
54.92 1.8513e-05
54.93 1.73478e-05
54.94 1.61266e-05
54.95 1.48536e-05
54.96 1.35335e-05
54.97 1.21707e-05
54.98 1.077e-05
54.99 9.33637e-06
