0.01 1.225e-07
0.02 4.95088e-08
0.03 -7.64666e-08
0.04 -2.30745e-07
0.05 -4.0051e-07
0.06 -5.88774e-07
0.07 -8.04384e-07
0.08 -1.05093e-06
0.09 -1.32414e-06
0.1 -1.61534e-06
0.11 -1.91806e-06
0.12 -2.23096e-06
0.13 -2.55241e-06
0.14 -2.87574e-06
0.15 -3.1911e-06
0.16 -3.49166e-06
0.17 -3.77764e-06
0.18 -4.05143e-06
0.19 -4.31424e-06
0.2 -4.57017e-06
0.21 -4.83001e-06
0.22 -5.10647e-06
0.23 -5.3937e-06
0.24 -5.67188e-06
0.25 -5.9485e-06
0.26 -6.25852e-06
0.27 -6.62299e-06
0.28 -7.0375e-06
0.29 -7.49211e-06
0.3 -7.98775e-06
0.31 -8.53789e-06
0.32 -9.13675e-06
0.33 -9.71576e-06
0.34 -1.01752e-05
0.35 -1.04496e-05
0.36 -1.05174e-05
0.37 -1.03771e-05
0.38 -1.00219e-05
0.39 -9.43232e-06
0.4 -8.60248e-06
0.41 -7.57284e-06
0.42 -6.44581e-06
0.43 -5.31306e-06
0.44 -4.16127e-06
0.45 -2.94011e-06
0.46 -1.70732e-06
0.47 -6.95127e-07
0.48 -1.77603e-07
0.49 -1.17899e-07
0.5 -1.63618e-07
0.51 -1.18203e-07
0.52 -7.40744e-08
0.53 -1.14994e-07
0.54 -1.3578e-07
0.55 6.72339e-08
0.56 5.81622e-07
0.57 1.33628e-06
0.58 2.23252e-06
0.59 3.18273e-06
0.6 4.10841e-06
0.61 5.02383e-06
0.62 6.05956e-06
0.63 7.30905e-06
0.64 8.71478e-06
0.65 1.02131e-05
0.66 1.18649e-05
0.67 1.37315e-05
0.68 1.57978e-05
0.69 1.80539e-05
0.7 2.05219e-05
0.71 2.3224e-05
0.72 2.61137e-05
0.73 2.90334e-05
0.74 3.17744e-05
0.75 3.41191e-05
0.76 3.58641e-05
0.77 3.69039e-05
0.78 3.73044e-05
0.79 3.71751e-05
0.8 3.63941e-05
0.81 3.45961e-05
0.82 3.15177e-05
0.83 2.73409e-05
0.84 2.26971e-05
0.85 1.82381e-05
0.86 1.41509e-05
0.87 1.01958e-05
0.88 6.13005e-06
0.89 1.94853e-06
0.9 -2.14492e-06
0.91 -5.90487e-06
0.92 -9.24211e-06
0.93 -1.21593e-05
0.94 -1.44935e-05
0.95 -1.59476e-05
0.96 -1.63992e-05
0.97 -1.60943e-05
0.98 -1.55017e-05
0.99 -1.50179e-05
1 -1.47505e-05
1.01 -1.44116e-05
1.02 -1.35078e-05
1.03 -1.165e-05
1.04 -8.70577e-06
1.05 -4.83616e-06
1.06 -3.88807e-07
1.07 4.23881e-06
1.08 8.71369e-06
1.09 1.2879e-05
1.1 1.68216e-05
1.11 2.08181e-05
1.12 2.51348e-05
1.13 2.98573e-05
1.14 3.47238e-05
1.15 3.89893e-05
1.16 4.16784e-05
1.17 4.21626e-05
1.18 4.04874e-05
1.19 3.72459e-05
1.2 3.32011e-05
1.21 2.89175e-05
1.22 2.46685e-05
1.23 2.05026e-05
1.24 1.62779e-05
1.25 1.17261e-05
1.26 6.61451e-06
1.27 9.99595e-07
1.28 -4.67448e-06
1.29 -9.80046e-06
1.3 -1.39686e-05
1.31 -1.71173e-05
1.32 -1.94361e-05
1.33 -2.12709e-05
1.34 -2.30499e-05
1.35 -2.50947e-05
1.36 -2.74244e-05
1.37 -2.97538e-05
1.38 -3.15327e-05
1.39 -3.2057e-05
1.4 -3.09199e-05
1.41 -2.83879e-05
1.42 -2.51889e-05
1.43 -2.20623e-05
1.44 -1.95418e-05
1.45 -1.7814e-05
1.46 -1.65908e-05
1.47 -1.53381e-05
1.48 -1.37584e-05
1.49 -1.19448e-05
1.5 -1.01982e-05
1.51 -8.89467e-06
1.52 -8.30846e-06
1.53 -8.3713e-06
1.54 -8.66851e-06
1.55 -8.62593e-06
1.56 -7.67134e-06
1.57 -5.43011e-06
1.58 -1.95622e-06
1.59 2.26292e-06
1.6 6.54385e-06
1.61 1.02209e-05
1.62 1.28325e-05
1.63 1.43503e-05
1.64 1.52028e-05
1.65 1.59363e-05
1.66 1.67831e-05
1.67 1.75296e-05
1.68 1.77407e-05
1.69 1.70921e-05
1.7 1.55594e-05
1.71 1.33208e-05
1.72 1.05492e-05
1.73 7.34328e-06
1.74 3.71801e-06
1.75 -4.95015e-07
1.76 -5.68007e-06
1.77 -1.21028e-05
1.78 -1.95412e-05
1.79 -2.74119e-05
1.8 -3.51463e-05
1.81 -4.23452e-05
1.82 -4.8747e-05
1.83 -5.42022e-05
1.84 -5.86098e-05
1.85 -6.19052e-05
1.86 -6.40924e-05
1.87 -6.51797e-05
1.88 -6.51417e-05
1.89 -6.3912e-05
1.9 -6.14612e-05
1.91 -5.79349e-05
1.92 -5.35568e-05
1.93 -4.84291e-05
1.94 -4.25356e-05
1.95 -3.58314e-05
1.96 -2.82521e-05
1.97 -1.97793e-05
1.98 -1.069e-05
1.99 -1.65166e-06
2 6.57496e-06
2.01 1.34903e-05
2.02 1.902e-05
2.03 2.34759e-05
2.04 2.72675e-05
2.05 3.05045e-05
2.06 3.28974e-05
2.07 3.40739e-05
2.08 3.39232e-05
2.09 3.26169e-05
2.1 3.04521e-05
2.11 2.78015e-05
2.12 2.50597e-05
2.13 2.25327e-05
2.14 2.03888e-05
2.15 1.86518e-05
2.16 1.72136e-05
2.17 1.58481e-05
2.18 1.43139e-05
2.19 1.24966e-05
2.2 1.04794e-05
2.21 8.58461e-06
2.22 7.18201e-06
2.23 6.3498e-06
2.24 5.76999e-06
2.25 4.86847e-06
2.26 3.08653e-06
2.27 1.89375e-07
2.28 -3.56636e-06
2.29 -7.52462e-06
2.3 -1.09658e-05
2.31 -1.3521e-05
2.32 -1.53507e-05
2.33 -1.68917e-05
2.34 -1.84023e-05
2.35 -1.96818e-05
2.36 -2.01587e-05
2.37 -1.93364e-05
2.38 -1.71234e-05
2.39 -1.36957e-05
2.4 -9.26571e-06
2.41 -4.08457e-06
2.42 1.47664e-06
2.43 6.99775e-06
2.44 1.21712e-05
2.45 1.68831e-05
2.46 2.12149e-05
2.47 2.53237e-05
2.48 2.92434e-05
2.49 3.27763e-05
2.5 3.55052e-05
2.51 3.70206e-05
2.52 3.72522e-05
2.53 3.65493e-05
2.54 3.54946e-05
2.55 3.45787e-05
2.56 3.39042e-05
2.57 3.32163e-05
2.58 3.21751e-05
2.59 3.05703e-05
2.6 2.84435e-05
2.61 2.61362e-05
2.62 2.41948e-05
2.63 2.31126e-05
2.64 2.30377e-05
2.65 2.3682e-05
2.66 2.44512e-05
2.67 2.46191e-05
2.68 2.36023e-05
2.69 2.13101e-05
2.7 1.82103e-05
2.71 1.49745e-05
2.72 1.20277e-05
2.73 9.42514e-06
2.74 7.02715e-06
2.75 4.6154e-06
2.76 1.83481e-06
2.77 -1.7489e-06
2.78 -6.24547e-06
2.79 -1.10716e-05
2.8 -1.51518e-05
2.81 -1.76189e-05
2.82 -1.84495e-05
2.83 -1.8598e-05
2.84 -1.94639e-05
2.85 -2.19154e-05
2.86 -2.56483e-05
2.87 -2.96211e-05
2.88 -3.32312e-05
2.89 -3.67512e-05
2.9 -4.04738e-05
2.91 -4.39366e-05
2.92 -4.63416e-05
2.93 -4.74779e-05
2.94 -4.79015e-05
2.95 -4.82436e-05
2.96 -4.85042e-05
2.97 -4.80612e-05
2.98 -4.62758e-05
2.99 -4.30551e-05
3 -3.90027e-05
3.01 -3.50809e-05
3.02 -3.19018e-05
3.03 -2.93153e-05
3.04 -2.67598e-05
3.05 -2.384e-05
3.06 -2.05974e-05
3.07 -1.73478e-05
3.08 -1.42012e-05
3.09 -1.08373e-05
3.1 -6.81689e-06
3.11 -2.00606e-06
3.12 3.32282e-06
3.13 8.70177e-06
3.14 1.3662e-05
3.15 1.78046e-05
3.16 2.08685e-05
3.17 2.2688e-05
3.18 2.31053e-05
3.19 2.22178e-05
3.2 2.04938e-05
3.21 1.82659e-05
3.22 1.5397e-05
3.23 1.15849e-05
3.24 6.71033e-06
3.25 9.53264e-07
3.26 -5.17948e-06
3.27 -1.09799e-05
3.28 -1.57622e-05
3.29 -1.90821e-05
3.3 -2.10307e-05
3.31 -2.24517e-05
3.32 -2.46312e-05
3.33 -2.85422e-05
3.34 -3.44302e-05
3.35 -4.18073e-05
3.36 -4.93007e-05
3.37 -5.50116e-05
3.38 -5.78588e-05
3.39 -5.834e-05
3.4 -5.77377e-05
3.41 -5.6871e-05
3.42 -5.5554e-05
3.43 -5.27718e-05
3.44 -4.72458e-05
3.45 -3.82368e-05
3.46 -2.58856e-05
3.47 -1.07868e-05
3.48 6.23079e-06
3.49 2.38476e-05
3.5 4.04634e-05
3.51 5.49724e-05
3.52 6.72738e-05
3.53 7.8068e-05
3.54 8.81872e-05
3.55 9.80298e-05
3.56 0.000107322
3.57 0.000115152
3.58 0.000120321
3.59 0.000122009
3.6 0.000120328
3.61 0.000116313
3.62 0.000111371
3.63 0.000106539
3.64 0.000102118
3.65 9.78661e-05
3.66 9.32561e-05
3.67 8.7574e-05
3.68 8.00913e-05
3.69 7.04353e-05
3.7 5.89693e-05
3.71 4.67291e-05
3.72 3.49446e-05
3.73 2.44577e-05
3.74 1.52969e-05
3.75 6.73624e-06
3.76 -2.20077e-06
3.77 -1.21051e-05
3.78 -2.28089e-05
3.79 -3.35287e-05
3.8 -4.32889e-05
3.81 -5.12751e-05
3.82 -5.70177e-05
3.83 -6.04725e-05
3.84 -6.20155e-05
3.85 -6.2272e-05
3.86 -6.18421e-05
3.87 -6.10042e-05
3.88 -5.96042e-05
3.89 -5.72766e-05
3.9 -5.3643e-05
3.91 -4.83653e-05
3.92 -4.13399e-05
3.93 -3.28955e-05
3.94 -2.36979e-05
3.95 -1.44609e-05
3.96 -5.62234e-06
3.97 2.8693e-06
3.98 1.14211e-05
3.99 2.03797e-05
4 2.98168e-05
4.01 3.95972e-05
4.02 4.93283e-05
4.03 5.83371e-05
4.04 6.57963e-05
4.05 7.07447e-05
4.06 7.23494e-05
4.07 7.04884e-05
4.08 6.58504e-05
4.09 5.9378e-05
4.1 5.18153e-05
4.11 4.37153e-05
4.12 3.55124e-05
4.13 2.74397e-05
4.14 1.94589e-05
4.15 1.13825e-05
4.16 3.11085e-06
4.17 -5.27526e-06
4.18 -1.358e-05
4.19 -2.16234e-05
4.2 -2.92895e-05
4.21 -3.64941e-05
4.22 -4.33287e-05
4.23 -5.0157e-05
4.24 -5.74483e-05
4.25 -6.55598e-05
4.26 -7.4482e-05
4.27 -8.37058e-05
4.28 -9.25096e-05
4.29 -0.000100361
4.3 -0.000106967
4.31 -0.000112077
4.32 -0.00011536
4.33 -0.000116475
4.34 -0.000115304
4.35 -0.000112062
4.36 -0.000106976
4.37 -9.99874e-05
4.38 -9.09433e-05
4.39 -7.98896e-05
4.4 -6.71579e-05
4.41 -5.326e-05
4.42 -3.86606e-05
4.43 -2.36902e-05
4.44 -8.74239e-06
4.45 5.54835e-06
4.46 1.83865e-05
4.47 2.91477e-05
4.48 3.78566e-05
4.49 4.52864e-05
4.5 5.2425e-05
4.51 5.97636e-05
4.52 6.69297e-05
4.53 7.29726e-05
4.54 7.70497e-05
4.55 7.89703e-05
4.56 7.9271e-05
4.57 7.87331e-05
4.58 7.78377e-05
4.59 7.65344e-05
4.6 7.41284e-05
4.61 6.94748e-05
4.62 6.16034e-05
4.63 5.0316e-05
4.64 3.6282e-05
4.65 2.07002e-05
4.66 5.0516e-06
4.67 -9.19289e-06
4.68 -2.12189e-05
4.69 -3.12473e-05
4.7 -4.00887e-05
4.71 -4.8387e-05
4.72 -5.62756e-05
4.73 -6.33982e-05
4.74 -6.9057e-05
4.75 -7.25833e-05
4.76 -7.37569e-05
4.77 -7.28571e-05
4.78 -7.03886e-05
4.79 -6.69557e-05
4.8 -6.33401e-05
4.81 -6.01971e-05
4.82 -5.75327e-05
4.83 -5.47126e-05
4.84 -5.09779e-05
4.85 -4.59392e-05
4.86 -3.97221e-05
4.87 -3.27515e-05
4.88 -2.53943e-05
4.89 -1.77866e-05
4.9 -9.88979e-06
4.91 -1.59372e-06
4.92 7.17796e-06
4.93 1.63461e-05
4.94 2.56334e-05
4.95 3.47388e-05
4.96 4.35928e-05
4.97 5.22511e-05
4.98 6.04774e-05
4.99 6.76166e-05
5 7.29423e-05
5.01 7.60636e-05
5.02 7.70147e-05
5.03 7.61623e-05
5.04 7.39973e-05
5.05 7.08092e-05
5.06 6.66829e-05
5.07 6.18213e-05
5.08 5.65821e-05
5.09 5.12212e-05
5.1 4.58295e-05
5.11 4.04355e-05
5.12 3.50729e-05
5.13 2.98268e-05
5.14 2.47695e-05
5.15 1.98684e-05
5.16 1.50756e-05
5.17 1.04416e-05
5.18 6.00697e-06
5.19 1.74863e-06
5.2 -2.2147e-06
5.21 -5.59533e-06
5.22 -8.17919e-06
5.23 -9.9353e-06
5.24 -1.09696e-05
5.25 -1.15223e-05
5.26 -1.1805e-05
5.27 -1.15571e-05
5.28 -9.9076e-06
5.29 -6.0252e-06
5.3 2.56142e-08
5.31 7.22956e-06
5.32 1.43908e-05
5.33 2.08167e-05
5.34 2.64381e-05
5.35 3.15842e-05
5.36 3.66009e-05
5.37 4.14683e-05
5.38 4.56458e-05
5.39 4.82827e-05
5.4 4.87637e-05
5.41 4.73317e-05
5.42 4.50879e-05
5.43 4.30569e-05
5.44 4.15496e-05
5.45 4.04667e-05
5.46 3.9637e-05
5.47 3.88007e-05
5.48 3.73825e-05
5.49 3.42755e-05
5.5 2.8169e-05
5.51 1.85374e-05
5.52 6.44361e-06
5.53 -6.05763e-06
5.54 -1.75378e-05
5.55 -2.79079e-05
5.56 -3.76638e-05
5.57 -4.67903e-05
5.58 -5.44496e-05
5.59 -5.97713e-05
5.6 -6.26243e-05
5.61 -6.3256e-05
5.62 -6.15193e-05
5.63 -5.69463e-05
5.64 -4.95198e-05
5.65 -4.01162e-05
5.66 -3.06181e-05
5.67 -2.38251e-05
5.68 -2.23612e-05
5.69 -2.71935e-05
5.7 -3.76436e-05
5.71 -5.26998e-05
5.72 -7.18753e-05
5.73 -9.5067e-05
5.74 -0.000121918
5.75 -0.000151241
5.76 -0.000180871
5.77 -0.000208108
5.78 -0.000230355
5.79 -0.000245662
5.8 -0.000253175
5.81 -0.000252719
5.82 -0.00024382
5.83 -0.000225727
5.84 -0.000198194
5.85 -0.000161892
5.86 -0.00011824
5.87 -6.91908e-05
5.88 -1.70975e-05
5.89 3.57451e-05
5.9 8.75339e-05
5.91 0.000136952
5.92 0.000183119
5.93 0.000225348
5.94 0.000262524
5.95 0.000292838
5.96 0.000314253
5.97 0.000325348
5.98 0.000326204
5.99 0.000318461
6 0.00030419
6.01 0.000284614
6.02 0.000259759
6.03 0.000229045
6.04 0.000192131
6.05 0.000149171
6.06 0.000100408
6.07 4.59662e-05
6.08 -1.35428e-05
6.09 -7.61478e-05
6.1 -0.000138386
6.11 -0.000195891
6.12 -0.000244244
6.13 -0.000280018
6.14 -0.000301405
6.15 -0.000308221
6.16 -0.000301678
6.17 -0.000283614
6.18 -0.000255684
6.19 -0.000219286
6.2 -0.000175723
6.21 -0.000125976
6.22 -7.03319e-05
6.23 -8.77646e-06
6.24 5.76544e-05
6.25 0.000126029
6.26 0.000192236
6.27 0.000252708
6.28 0.000305597
6.29 0.000350328
6.3 0.000386113
6.31 0.000411086
6.32 0.000423333
6.33 0.000422605
6.34 0.000410275
6.35 0.000387879
6.36 0.000356177
6.37 0.000315212
6.38 0.000264936
6.39 0.000206041
6.4 0.000140428
6.41 7.10433e-05
6.42 1.04716e-06
6.43 -6.72174e-05
6.44 -0.00013244
6.45 -0.000193621
6.46 -0.000249924
6.47 -0.000301426
6.48 -0.000348921
6.49 -0.000392392
6.5 -0.000430305
6.51 -0.000460605
6.52 -0.000481772
6.53 -0.000493166
6.54 -0.00049514
6.55 -0.000488707
6.56 -0.000474739
6.57 -0.000453368
6.58 -0.000423862
6.59 -0.000385119
6.6 -0.000336462
6.61 -0.00027804
6.62 -0.000210432
6.63 -0.000133913
6.64 -4.89387e-05
6.65 4.22742e-05
6.66 0.000135127
6.67 0.000223758
6.68 0.000302843
6.69 0.000368752
6.7 0.000419811
6.71 0.000455902
6.72 0.000477905
6.73 0.00048782
6.74 0.000488828
6.75 0.000484068
6.76 0.00047505
6.77 0.000461281
6.78 0.000440924
6.79 0.000411809
6.8 0.000372463
6.81 0.000322737
6.82 0.00026371
6.83 0.000197476
6.84 0.000127339
6.85 5.76576e-05
6.86 -7.11133e-06
6.87 -6.3376e-05
6.88 -0.000108879
6.89 -0.000142864
6.9 -0.000165579
6.91 -0.000177304
6.92 -0.000177889
6.93 -0.00016684
6.94 -0.000143759
6.95 -0.000109136
6.96 -6.45852e-05
6.97 -1.20532e-05
6.98 4.69404e-05
6.99 0.000111109
7 0.000177697
7.01 0.000241902
7.02 0.000299598
7.03 0.000348935
7.04 0.000388606
7.05 0.000416213
7.06 0.000428809
7.07 0.0004248
7.08 0.00040535
7.09 0.000374061
7.1 0.000334951
7.11 0.000290125
7.12 0.000239028
7.13 0.000179457
7.14 0.000109102
7.15 2.69064e-05
7.16 -6.60067e-05
7.17 -0.000166223
7.18 -0.000268679
7.19 -0.000367828
7.2 -0.000458842
7.21 -0.000538304
7.22 -0.000604766
7.23 -0.000659121
7.24 -0.000703774
7.25 -0.000740644
7.26 -0.000769325
7.27 -0.000787515
7.28 -0.000793462
7.29 -0.000786625
7.3 -0.000766029
7.31 -0.000729898
7.32 -0.000677455
7.33 -0.000610494
7.34 -0.000532944
7.35 -0.000448973
7.36 -0.000361159
7.37 -0.000270106
7.38 -0.000175904
7.39 -8.0227e-05
7.4 1.25952e-05
7.41 9.6721e-05
7.42 0.000167781
7.43 0.00022444
7.44 0.000266714
7.45 0.000294107
7.46 0.00030589
7.47 0.000302303
7.48 0.000285143
7.49 0.000257379
7.5 0.000222536
7.51 0.000184555
7.52 0.00014712
7.53 0.000112046
7.54 7.89182e-05
7.55 4.68546e-05
7.56 1.60485e-05
7.57 -1.24385e-05
7.58 -3.73489e-05
7.59 -5.72215e-05
7.6 -7.04482e-05
7.61 -7.60687e-05
7.62 -7.48172e-05
7.63 -6.96473e-05
7.64 -6.49668e-05
7.65 -6.44246e-05
7.66 -6.89563e-05
7.67 -7.6881e-05
7.68 -8.51568e-05
7.69 -9.04953e-05
7.7 -9.02852e-05
7.71 -8.29879e-05
7.72 -6.81669e-05
7.73 -4.68428e-05
7.74 -2.12676e-05
7.75 6.50975e-06
7.76 3.52579e-05
7.77 6.36216e-05
7.78 9.0318e-05
7.79 0.000115432
7.8 0.000139304
7.81 0.000160313
7.82 0.00017541
7.83 0.000182444
7.84 0.00018143
7.85 0.000173759
7.86 0.000160743
7.87 0.000143824
7.88 0.000125905
7.89 0.000111501
7.9 0.000104634
7.91 0.000106668
7.92 0.000116769
7.93 0.000133732
7.94 0.000156942
7.95 0.000186197
7.96 0.000220838
7.97 0.000258864
7.98 0.000297066
7.99 0.000332059
8 0.000360616
8.01 0.000379472
8.02 0.000386045
8.03 0.000379451
8.04 0.000360602
8.05 0.000332058
8.06 0.00029797
8.07 0.000262978
8.08 0.00023037
8.09 0.000201489
8.1 0.000176326
8.11 0.000154169
8.12 0.000134417
8.13 0.000117048
8.14 0.000102489
8.15 9.15284e-05
8.16 8.51241e-05
8.17 8.37288e-05
8.18 8.65731e-05
8.19 9.16611e-05
8.2 9.65847e-05
8.21 9.96935e-05
8.22 0.000100718
8.23 0.00010055
8.24 0.000100671
8.25 0.000102504
8.26 0.000106617
8.27 0.000112245
8.28 0.000117592
8.29 0.000120376
8.3 0.000118361
8.31 0.000110446
8.32 9.7512e-05
8.33 8.16739e-05
8.34 6.46977e-05
8.35 4.69893e-05
8.36 2.75472e-05
8.37 4.77651e-06
8.38 -2.25219e-05
8.39 -5.48202e-05
8.4 -9.20854e-05
8.41 -0.000133779
8.42 -0.000178522
8.43 -0.000223856
8.44 -0.000266486
8.45 -0.000303527
8.46 -0.000334146
8.47 -0.000359716
8.48 -0.000382101
8.49 -0.000402147
8.5 -0.000419593
8.51 -0.000433739
8.52 -0.000444016
8.53 -0.00045016
8.54 -0.000452339
8.55 -0.0004511
8.56 -0.000447073
8.57 -0.000440891
8.58 -0.000433225
8.59 -0.000424443
8.6 -0.000414351
8.61 -0.000402671
8.62 -0.000389823
8.63 -0.000377036
8.64 -0.00036591
8.65 -0.000358003
8.66 -0.000354335
8.67 -0.000354959
8.68 -0.000359058
8.69 -0.000365188
8.7 -0.000371585
8.71 -0.000376581
8.72 -0.000378792
8.73 -0.000377167
8.74 -0.00037061
8.75 -0.000357258
8.76 -0.000334501
8.77 -0.000299995
8.78 -0.000252406
8.79 -0.000191164
8.8 -0.000116672
8.81 -3.18279e-05
8.82 5.79284e-05
8.83 0.000147438
8.84 0.000233777
8.85 0.000314984
8.86 0.000387994
8.87 0.000448633
8.88 0.000493459
8.89 0.000521055
8.9 0.000531751
8.91 0.000526823
8.92 0.000508146
8.93 0.000478501
8.94 0.000442059
8.95 0.000403804
8.96 0.000366884
8.97 0.000330512
8.98 0.000292036
8.99 0.000250782
9 0.000209094
9.01 0.000170872
9.02 0.000139902
9.03 0.000118859
9.04 0.000108698
9.05 0.000108231
9.06 0.000114471
9.07 0.000123546
9.08 0.00013189
9.09 0.000137799
9.1 0.000141986
9.11 0.00014656
9.12 0.000153696
9.13 0.000164694
9.14 0.000179593
9.15 0.000197453
9.16 0.000217185
9.17 0.000238249
9.18 0.000260679
9.19 0.000284865
9.2 0.000311669
9.21 0.000342222
9.22 0.000376494
9.23 0.00041157
9.24 0.000441724
9.25 0.000461162
9.26 0.000466924
9.27 0.000458553
9.28 0.000436464
9.29 0.000402091
9.3 0.000357834
9.31 0.000305673
9.32 0.000246543
9.33 0.000180556
9.34 0.000106801
9.35 2.4142e-05
9.36 -6.62245e-05
9.37 -0.000159369
9.38 -0.000247951
9.39 -0.000324752
9.4 -0.000384629
9.41 -0.000424987
9.42 -0.000445591
9.43 -0.000448491
9.44 -0.000437433
9.45 -0.000417157
9.46 -0.000393072
9.47 -0.000369925
9.48 -0.000349954
9.49 -0.000332432
9.5 -0.000314829
9.51 -0.000295454
9.52 -0.000275991
9.53 -0.000260955
9.54 -0.0002546
9.55 -0.000258072
9.56 -0.000268779
9.57 -0.000282231
9.58 -0.000294226
9.59 -0.000301412
9.6 -0.00030107
9.61 -0.000291391
9.62 -0.000271903
9.63 -0.000243385
9.64 -0.000207201
9.65 -0.000164316
9.66 -0.000114796
9.67 -5.83832e-05
9.68 4.10777e-06
9.69 6.95345e-05
9.7 0.00013265
9.71 0.000187801
9.72 0.000230213
9.73 0.000256335
9.74 0.000264288
9.75 0.000253914
9.76 0.000226424
9.77 0.000184427
9.78 0.000131753
9.79 7.2182e-05
9.8 7.72007e-06
9.81 -6.14872e-05
9.82 -0.000135015
9.83 -0.000210462
9.84 -0.000283695
9.85 -0.000349785
9.86 -0.000404027
9.87 -0.000443022
9.88 -0.000465295
9.89 -0.00047118
9.9 -0.00046243
9.91 -0.000441858
9.92 -0.000412508
9.93 -0.000376353
9.94 -0.000333375
9.95 -0.000281854
9.96 -0.000219765
9.97 -0.000146446
9.98 -6.35385e-05
9.99 2.51495e-05
10 0.000114455
10.01 0.000198957
10.02 0.000274307
10.03 0.000338449
10.04 0.00039168
10.05 0.000435434
10.06 0.000471171
10.07 0.000499997
10.08 0.000522423
10.09 0.000538122
10.1 0.00054636
10.11 0.000546958
10.12 0.000540649
10.13 0.000528478
10.14 0.00051099
10.15 0.000487792
10.16 0.000457548
10.17 0.00041844
10.18 0.000369174
10.19 0.000309873
10.2 0.0002421
10.21 0.000168363
10.22 9.17535e-05
10.23 1.61007e-05
10.24 -5.34071e-05
10.25 -0.000110565
10.26 -0.000150551
10.27 -0.000172044
10.28 -0.000176316
10.29 -0.000165183
10.3 -0.000141174
10.31 -0.000109013
10.32 -7.47478e-05
10.33 -4.1769e-05
10.34 -8.14469e-06
10.35 3.06639e-05
10.36 7.66814e-05
10.37 0.000127294
10.38 0.000176565
10.39 0.000217387
10.4 0.000243074
10.41 0.000249139
10.42 0.000235521
10.43 0.000206998
10.44 0.000171037
10.45 0.00013467
10.46 0.000101839
10.47 7.28402e-05
10.48 4.56587e-05
10.49 1.75101e-05
10.5 -1.36699e-05
10.51 -4.79773e-05
10.52 -8.29719e-05
10.53 -0.000113705
10.54 -0.00013416
10.55 -0.000140202
10.56 -0.000131841
10.57 -0.000113042
10.58 -8.95143e-05
10.59 -6.60315e-05
10.6 -4.45949e-05
10.61 -2.43162e-05
10.62 -2.82775e-06
10.63 2.2014e-05
10.64 5.06774e-05
10.65 8.09417e-05
10.66 0.00010837
10.67 0.00012847
10.68 0.000138449
10.69 0.000137242
10.7 0.000125362
10.71 0.000105303
10.72 8.09632e-05
10.73 5.56847e-05
10.74 3.05765e-05
10.75 4.67324e-06
10.76 -2.36755e-05
10.77 -5.5508e-05
10.78 -9.04879e-05
10.79 -0.00012676
10.8 -0.00016147
10.81 -0.000191722
10.82 -0.000215597
10.83 -0.000232805
10.84 -0.000244868
10.85 -0.000254959
10.86 -0.000266939
10.87 -0.00028351
10.88 -0.000304661
10.89 -0.000327574
10.9 -0.000348326
10.91 -0.000364332
10.92 -0.000375811
10.93 -0.000385235
10.94 -0.000395293
10.95 -0.000407308
10.96 -0.000420871
10.97 -0.000433922
10.98 -0.00044345
10.99 -0.000447078
11 -0.00044439
11.01 -0.000436979
11.02 -0.000427271
11.03 -0.000417162
11.04 -0.000407498
11.05 -0.000398073
11.06 -0.000387739
11.07 -0.000374866
11.08 -0.000358063
11.09 -0.00033675
11.1 -0.000311199
11.11 -0.000281862
11.12 -0.000248381
11.13 -0.000209757
11.14 -0.000165654
11.15 -0.000116651
11.16 -6.35654e-05
11.17 -8.22211e-06
11.18 4.54938e-05
11.19 9.38194e-05
11.2 0.000136436
11.21 0.000176384
11.22 0.000217686
11.23 0.000262771
11.24 0.000310624
11.25 0.000357937
11.26 0.000402347
11.27 0.000443775
11.28 0.000483204
11.29 0.000520961
11.3 0.000555801
11.31 0.000585212
11.32 0.000606344
11.33 0.000616561
11.34 0.000613987
11.35 0.000598466
11.36 0.00057207
11.37 0.000538675
11.38 0.000502436
11.39 0.000465433
11.4 0.000426216
11.41 0.000380367
11.42 0.000322822
11.43 0.000250987
11.44 0.000166721
11.45 7.61921e-05
11.46 -1.19973e-05
11.47 -8.98471e-05
11.48 -0.000152484
11.49 -0.000198623
11.5 -0.000229717
11.51 -0.000249021
11.52 -0.000260555
11.53 -0.000268004
11.54 -0.000273869
11.55 -0.000278973
11.56 -0.000282786
11.57 -0.000284602
11.58 -0.000284791
11.59 -0.000285314
11.6 -0.000289089
11.61 -0.000298583
11.62 -0.000314461
11.63 -0.00033531
11.64 -0.000358359
11.65 -0.000379992
11.66 -0.000396505
11.67 -0.000405584
11.68 -0.00040666
11.69 -0.000399755
11.7 -0.000384615
11.71 -0.00036065
11.72 -0.000326826
11.73 -0.00028135
11.74 -0.00022217
11.75 -0.000148611
11.76 -6.25298e-05
11.77 3.24925e-05
11.78 0.000132332
11.79 0.000232339
11.8 0.000327543
11.81 0.000413513
11.82 0.000486769
11.83 0.000544833
11.84 0.000586248
11.85 0.000610322
11.86 0.000616838
11.87 0.000606366
11.88 0.000580927
11.89 0.000543375
11.9 0.00049625
11.91 0.000443275
11.92 0.000390134
11.93 0.000339797
11.94 0.000289826
11.95 0.000237935
11.96 0.000187383
11.97 0.000144866
11.98 0.000114954
11.99 9.74803e-05
12 8.88747e-05
12.01 8.45046e-05
12.02 8.0404e-05
12.03 7.41138e-05
12.04 6.46694e-05
12.05 5.28744e-05
12.06 4.24735e-05
12.07 4.0273e-05
12.08 5.28034e-05
12.09 8.20768e-05
12.1 0.000125252
12.11 0.000177741
12.12 0.00023597
12.13 0.00029776
12.14 0.000360948
12.15 0.000422638
12.16 0.000479893
12.17 0.000530073
12.18 0.000570492
12.19 0.000598557
12.2 0.000611786
12.21 0.000607975
12.22 0.000585881
12.23 0.000544906
12.24 0.000484641
12.25 0.000405398
12.26 0.000307962
12.27 0.000192415
12.28 5.9018e-05
12.29 -8.799e-05
12.3 -0.000239952
12.31 -0.000389392
12.32 -0.000532317
12.33 -0.000663751
12.34 -0.000775422
12.35 -0.000859537
12.36 -0.000913756
12.37 -0.000942819
12.38 -0.000955865
12.39 -0.000961283
12.4 -0.00096234
12.41 -0.000955846
12.42 -0.000934288
12.43 -0.000890597
12.44 -0.000822803
12.45 -0.000735094
12.46 -0.000635215
12.47 -0.000531464
12.48 -0.000430559
12.49 -0.000335641
12.5 -0.000246057
12.51 -0.000159554
12.52 -7.36079e-05
12.53 1.40511e-05
12.54 0.00010328
12.55 0.000189923
12.56 0.000267199
12.57 0.000328811
12.58 0.000371734
12.59 0.000397099
12.6 0.000408555
12.61 0.000409791
12.62 0.000403051
12.63 0.000388617
12.64 0.000365022
12.65 0.000330132
12.66 0.000282848
12.67 0.000224228
12.68 0.000157489
12.69 8.71267e-05
12.7 1.72616e-05
12.71 -4.91039e-05
12.72 -0.000108743
12.73 -0.000157446
12.74 -0.00019159
12.75 -0.000209916
12.76 -0.000213885
12.77 -0.000207178
12.78 -0.000195311
12.79 -0.00018476
12.8 -0.000180298
12.81 -0.000182509
12.82 -0.000188626
12.83 -0.000195432
12.84 -0.000200767
12.85 -0.000202672
12.86 -0.000199248
12.87 -0.000191121
12.88 -0.000181865
12.89 -0.000174375
12.9 -0.000168187
12.91 -0.000160028
12.92 -0.000145754
12.93 -0.000122235
12.94 -8.86643e-05
12.95 -4.69978e-05
12.96 -1.44083e-06
12.97 4.27516e-05
12.98 8.06591e-05
12.99 0.000108624
13 0.000124812
13.01 0.000129697
13.02 0.000125741
13.03 0.000116021
13.04 0.000103019
13.05 8.84569e-05
13.06 7.36335e-05
13.07 5.9239e-05
13.08 4.49703e-05
13.09 3.00637e-05
13.1 1.4426e-05
13.11 -8.39214e-07
13.12 -1.38371e-05
13.13 -2.27043e-05
13.14 -2.6262e-05
13.15 -2.42792e-05
13.16 -1.74224e-05
13.17 -6.95636e-06
13.18 5.67191e-06
13.19 1.91596e-05
13.2 3.25521e-05
13.21 4.51708e-05
13.22 5.58379e-05
13.23 6.22584e-05
13.24 6.24368e-05
13.25 5.65859e-05
13.26 4.64405e-05
13.27 3.32218e-05
13.28 1.71507e-05
13.29 -1.14826e-06
13.3 -1.97946e-05
13.31 -3.65572e-05
13.32 -4.96309e-05
13.33 -5.77237e-05
13.34 -5.98704e-05
13.35 -5.50287e-05
13.36 -4.22751e-05
13.37 -2.18704e-05
13.38 3.7386e-06
13.39 3.01559e-05
13.4 5.30667e-05
13.41 7.07286e-05
13.42 8.42807e-05
13.43 9.59834e-05
13.44 0.000108029
13.45 0.000122431
13.46 0.000140538
13.47 0.000162607
13.48 0.000188376
13.49 0.000217748
13.5 0.000250978
13.51 0.000288501
13.52 0.000330656
13.53 0.000377326
13.54 0.000427147
13.55 0.000477158
13.56 0.000523712
13.57 0.000563846
13.58 0.000596314
13.59 0.000621489
13.6 0.000639847
13.61 0.000650991
13.62 0.000654166
13.63 0.000648941
13.64 0.000635311
13.65 0.000613254
13.66 0.000582307
13.67 0.000541987
13.68 0.000492725
13.69 0.00043613
13.7 0.000374463
13.71 0.000309748
13.72 0.000243017
13.73 0.000174352
13.74 0.000103607
13.75 3.10089e-05
13.76 -4.26367e-05
13.77 -0.000115873
13.78 -0.000186457
13.79 -0.000251862
13.8 -0.000310299
13.81 -0.000361182
13.82 -0.000405028
13.83 -0.000443128
13.84 -0.000476919
13.85 -0.000507344
13.86 -0.000534622
13.87 -0.000558196
13.88 -0.00057668
13.89 -0.000588248
13.9 -0.00059173
13.91 -0.000587066
13.92 -0.000574522
13.93 -0.000554382
13.94 -0.000527792
13.95 -0.000497646
13.96 -0.00046819
13.97 -0.000442802
13.98 -0.000422165
13.99 -0.000404597
14 -0.000387143
14.01 -0.000366295
14.02 -0.000338791
14.03 -0.000302989
14.04 -0.000259749
14.05 -0.000211606
14.06 -0.000161227
14.07 -0.000111059
14.08 -6.38863e-05
14.09 -2.22965e-05
14.1 1.27302e-05
14.11 4.16141e-05
14.12 6.40865e-05
14.13 7.82107e-05
14.14 8.15302e-05
14.15 7.23184e-05
14.16 4.991e-05
14.17 1.46334e-05
14.18 -3.22889e-05
14.19 -8.90771e-05
14.2 -0.000153891
14.21 -0.000224862
14.22 -0.00029964
14.23 -0.000375186
14.24 -0.000448001
14.25 -0.000514313
14.26 -0.000570466
14.27 -0.000613621
14.28 -0.000642175
14.29 -0.00065612
14.3 -0.000657327
14.31 -0.000648748
14.32 -0.000633129
14.33 -0.000612554
14.34 -0.000588014
14.35 -0.000558581
14.36 -0.000521796
14.37 -0.000475279
14.38 -0.000418079
14.39 -0.000350988
14.4 -0.000275884
14.41 -0.000194754
14.42 -0.000109245
14.43 -2.08983e-05
14.44 6.84809e-05
14.45 0.000156654
14.46 0.000240974
14.47 0.000318568
14.48 0.00038681
14.49 0.000443965
14.5 0.000489655
14.51 0.000524898
14.52 0.000551839
14.53 0.000573267
14.54 0.000592015
14.55 0.000610326
14.56 0.000629156
14.57 0.000647677
14.58 0.000663404
14.59 0.000673143
14.6 0.000674369
14.61 0.000666337
14.62 0.000650536
14.63 0.000630071
14.64 0.000608295
14.65 0.000587865
14.66 0.000570529
14.67 0.000556997
14.68 0.000546724
14.69 0.000537925
14.7 0.00052802
14.71 0.000514492
14.72 0.000495945
14.73 0.000472815
14.74 0.000447228
14.75 0.000422191
14.76 0.000400774
14.77 0.000385476
14.78 0.000377378
14.79 0.00037555
14.8 0.000377727
14.81 0.00038194
14.82 0.000387164
14.83 0.000392718
14.84 0.000398136
14.85 0.00040359
14.86 0.000409281
14.87 0.000414094
14.88 0.000415538
14.89 0.000411162
14.9 0.000399794
14.91 0.000381715
14.92 0.000358326
14.93 0.000331788
14.94 0.000304374
14.95 0.000277692
14.96 0.000252146
14.97 0.000226922
14.98 0.000200538
14.99 0.000171518
15 0.000138809
15.01 0.00010207
15.02 6.17941e-05
15.03 1.89075e-05
15.04 -2.60099e-05
15.05 -7.31086e-05
15.06 -0.000122876
15.07 -0.000175625
15.08 -0.000231469
15.09 -0.000290303
15.1 -0.000351397
15.11 -0.000413144
15.12 -0.00047319
15.13 -0.000528822
15.14 -0.000577881
15.15 -0.000619858
15.16 -0.000655791
15.17 -0.000687105
15.18 -0.000714883
15.19 -0.000740095
15.2 -0.000763828
15.21 -0.000786584
15.22 -0.000807821
15.23 -0.000826925
15.24 -0.000844264
15.25 -0.000861121
15.26 -0.000878891
15.27 -0.000898083
15.28 -0.000917618
15.29 -0.000935024
15.3 -0.000947275
15.31 -0.000951656
15.32 -0.000946302
15.33 -0.000930294
15.34 -0.00090363
15.35 -0.000867109
15.36 -0.000821735
15.37 -0.000768188
15.38 -0.000706648
15.39 -0.000636756
15.4 -0.000558041
15.41 -0.000470616
15.42 -0.000375315
15.43 -0.000273455
15.44 -0.00016687
15.45 -5.78351e-05
15.46 5.15522e-05
15.47 0.000159701
15.48 0.000265032
15.49 0.000365565
15.5 0.000459278
15.51 0.000544899
15.52 0.000622362
15.53 0.000692627
15.54 0.000757094
15.55 0.000817091
15.56 0.000873504
15.57 0.000926354
15.58 0.000974379
15.59 0.00101448
15.6 0.00104226
15.61 0.00105452
15.62 0.00105167
15.63 0.00103817
15.64 0.00102093
15.65 0.00100517
15.66 0.000990999
15.67 0.000973598
15.68 0.000946423
15.69 0.000905091
15.7 0.000849935
15.71 0.000785598
15.72 0.000718147
15.73 0.000652146
15.74 0.000589439
15.75 0.000529088
15.76 0.00046791
15.77 0.000401773
15.78 0.000327312
15.79 0.000243033
15.8 0.000149466
15.81 4.89203e-05
15.82 -5.49905e-05
15.83 -0.000158226
15.84 -0.000257384
15.85 -0.00035041
15.86 -0.000436327
15.87 -0.000514462
15.88 -0.000584239
15.89 -0.000645605
15.9 -0.000699508
15.91 -0.000747887
15.92 -0.000793088
15.93 -0.00083698
15.94 -0.000879814
15.95 -0.000919111
15.96 -0.000949708
15.97 -0.000966099
15.98 -0.000966084
15.99 -0.000952706
16 -0.000932865
16.01 -0.000913699
16.02 -0.000898984
16.03 -0.000887565
16.04 -0.000874345
16.05 -0.000852985
16.06 -0.000818921
16.07 -0.000771369
16.08 -0.000713393
16.09 -0.000650227
16.1 -0.000587125
16.11 -0.000527777
16.12 -0.000473433
16.13 -0.000422894
16.14 -0.000373333
16.15 -0.00032167
16.16 -0.000266214
16.17 -0.000207724
16.18 -0.000148901
16.19 -9.29191e-05
16.2 -4.22688e-05
16.21 1.99413e-06
16.22 4.05487e-05
16.23 7.53951e-05
16.24 0.000108928
16.25 0.000142857
16.26 0.000177362
16.27 0.000211094
16.28 0.000242355
16.29 0.000270449
16.3 0.00029596
16.31 0.000320321
16.32 0.000345388
16.33 0.000373017
16.34 0.000404312
16.35 0.00043908
16.36 0.000476105
16.37 0.000513878
16.38 0.000551452
16.39 0.000589195
16.4 0.000628567
16.41 0.000670997
16.42 0.000716919
16.43 0.000765277
16.44 0.000813425
16.45 0.000857768
16.46 0.000894882
16.47 0.000922512
16.48 0.000940157
16.49 0.000949067
16.5 0.000951629
16.51 0.000950309
16.52 0.000946571
16.53 0.000940344
16.54 0.000930372
16.55 0.000915157
16.56 0.000893829
16.57 0.000866519
16.58 0.000834191
16.59 0.000798135
16.6 0.000759494
16.61 0.000719174
16.62 0.000677848
16.63 0.000635645
16.64 0.000591947
16.65 0.000545887
16.66 0.000497096
16.67 0.000445987
16.68 0.000393559
16.69 0.000340829
16.7 0.000288161
16.71 0.00023515
16.72 0.000181216
16.73 0.000126061
16.74 6.95612e-05
16.75 1.16467e-05
16.76 -4.75159e-05
16.77 -0.000107332
16.78 -0.00016676
16.79 -0.000224582
16.8 -0.00027994
16.81 -0.00033275
16.82 -0.000383628
16.83 -0.0004335
16.84 -0.000483312
16.85 -0.00053382
16.86 -0.000585288
16.87 -0.000637351
16.88 -0.000689063
16.89 -0.000739092
16.9 -0.000786254
16.91 -0.00082989
16.92 -0.000869674
16.93 -0.000905405
16.94 -0.000936869
16.95 -0.00096365
16.96 -0.000984994
16.97 -0.0009997
16.98 -0.00100634
16.99 -0.00100407
17 -0.000993584
17.01 -0.000977084
17.02 -0.000957238
17.03 -0.000936139
17.04 -0.000914877
17.05 -0.000893386
17.06 -0.000870827
17.07 -0.000846462
17.08 -0.000820115
17.09 -0.000791993
17.1 -0.00076238
17.11 -0.000731434
17.12 -0.000699236
17.13 -0.000666042
17.14 -0.000632246
17.15 -0.000598121
17.16 -0.000563675
17.17 -0.000528681
17.18 -0.000492952
17.19 -0.00045673
17.2 -0.000420815
17.21 -0.00038618
17.22 -0.000353432
17.23 -0.000322698
17.24 -0.00029396
17.25 -0.000267331
17.26 -0.000243061
17.27 -0.000221474
17.28 -0.000202781
17.29 -0.000186866
17.3 -0.000173244
17.31 -0.000161028
17.32 -0.000148781
17.33 -0.00013486
17.34 -0.000117974
17.35 -9.69571e-05
17.36 -7.06221e-05
17.37 -3.82469e-05
17.38 3.6826e-07
17.39 4.52015e-05
17.4 9.60471e-05
17.41 0.000152476
17.42 0.000213795
17.43 0.000278833
17.44 0.00034572
17.45 0.000412262
17.46 0.000476714
17.47 0.000537711
17.48 0.000593509
17.49 0.000642166
17.5 0.000682538
17.51 0.000714556
17.52 0.000738832
17.53 0.00075628
17.54 0.000767809
17.55 0.000774211
17.56 0.000776338
17.57 0.000775457
17.58 0.000772979
17.59 0.000769587
17.6 0.000765087
17.61 0.000759118
17.62 0.000751693
17.63 0.000743092
17.64 0.000733444
17.65 0.000722544
17.66 0.000709856
17.67 0.000694472
17.68 0.000675349
17.69 0.000651835
17.7 0.000623836
17.71 0.000591604
17.72 0.000555561
17.73 0.000516271
17.74 0.000474562
17.75 0.000431606
17.76 0.000388627
17.77 0.000346611
17.78 0.000306665
17.79 0.000270154
17.8 0.000237989
17.81 0.000210476
17.82 0.000187937
17.83 0.000170852
17.84 0.00015958
17.85 0.00015403
17.86 0.000153317
17.87 0.000155922
17.88 0.000160346
17.89 0.00016542
17.9 0.000170201
17.91 0.000173838
17.92 0.000175561
17.93 0.000174975
17.94 0.000172247
17.95 0.000167845
17.96 0.000162085
17.97 0.000154854
17.98 0.000145811
17.99 0.000134837
18 0.00012221
18.01 0.000108605
18.02 9.50423e-05
18.03 8.25079e-05
18.04 7.14482e-05
18.05 6.16711e-05
18.06 5.25991e-05
18.07 4.34865e-05
18.08 3.35112e-05
18.09 2.19658e-05
18.1 8.51646e-06
18.11 -6.77624e-06
18.12 -2.35091e-05
18.13 -4.09713e-05
18.14 -5.84203e-05
18.15 -7.5395e-05
18.16 -9.19e-05
18.17 -0.000108435
18.18 -0.000125571
18.19 -0.000143438
18.2 -0.000161744
18.21 -0.000180082
18.22 -0.000198137
18.23 -0.000215802
18.24 -0.000233217
18.25 -0.000250729
18.26 -0.000268785
18.27 -0.000287716
18.28 -0.000307505
18.29 -0.000327637
18.3 -0.000347136
18.31 -0.000364899
18.32 -0.00038006
18.33 -0.000392146
18.34 -0.000401159
18.35 -0.000407498
18.36 -0.000411594
18.37 -0.000413622
18.38 -0.0004135
18.39 -0.000411107
18.4 -0.000406566
18.41 -0.000400389
18.42 -0.000393386
18.43 -0.000386337
18.44 -0.000379712
18.45 -0.000373659
18.46 -0.000368088
18.47 -0.000362734
18.48 -0.000357259
18.49 -0.000351321
18.5 -0.000344596
18.51 -0.00033683
18.52 -0.000327945
18.53 -0.000318063
18.54 -0.000307358
18.55 -0.000296002
18.56 -0.000284446
18.57 -0.000273426
18.58 -0.000263519
18.59 -0.000254961
18.6 -0.000247773
18.61 -0.000241756
18.62 -0.000236448
18.63 -0.000231292
18.64 -0.000225831
18.65 -0.000219735
18.66 -0.000212936
18.67 -0.00020572
18.68 -0.000198457
18.69 -0.000191153
18.7 -0.000183288
18.71 -0.000174051
18.72 -0.000162714
18.73 -0.000148933
18.74 -0.000132775
18.75 -0.000114508
18.76 -9.44626e-05
18.77 -7.30112e-05
18.78 -5.0442e-05
18.79 -2.68781e-05
18.8 -2.43897e-06
18.81 2.26019e-05
18.82 4.78698e-05
18.83 7.30599e-05
18.84 9.8039e-05
18.85 0.000122798
18.86 0.000147308
18.87 0.000171443
18.88 0.000195062
18.89 0.000218132
18.9 0.000240693
18.91 0.000262701
18.92 0.000283957
18.93 0.000304213
18.94 0.000323219
18.95 0.000340704
18.96 0.000356389
18.97 0.000370023
18.98 0.000381422
18.99 0.000390491
19 0.00039722
19.01 0.000401679
19.02 0.00040402
19.03 0.000404401
19.04 0.000402867
19.05 0.000399311
19.06 0.000393509
19.07 0.000385259
19.08 0.000374515
19.09 0.000361397
19.1 0.000346111
19.11 0.000328898
19.12 0.000310016
19.13 0.000289776
19.14 0.000268518
19.15 0.000246558
19.16 0.000224203
19.17 0.000201746
19.18 0.000179416
19.19 0.000157342
19.2 0.000135603
19.21 0.00011428
19.22 9.35036e-05
19.23 7.34422e-05
19.24 5.42033e-05
19.25 3.57832e-05
19.26 1.81288e-05
19.27 1.23473e-06
19.28 -1.48278e-05
19.29 -2.99761e-05
19.3 -4.41964e-05
19.31 -5.75517e-05
19.32 -7.01287e-05
19.33 -8.20103e-05
19.34 -9.3286e-05
19.35 -0.00010404
19.36 -0.000114325
19.37 -0.000124173
19.38 -0.000133614
19.39 -0.000142677
19.4 -0.000151405
19.41 -0.000159885
19.42 -0.000168252
19.43 -0.000176663
19.44 -0.000185238
19.45 -0.000194006
19.46 -0.000202907
19.47 -0.00021184
19.48 -0.00022069
19.49 -0.000229338
19.5 -0.000237675
19.51 -0.00024559
19.52 -0.000252953
19.53 -0.000259615
19.54 -0.000265403
19.55 -0.000270145
19.56 -0.00027369
19.57 -0.000275933
19.58 -0.000276817
19.59 -0.000276331
19.6 -0.000274503
19.61 -0.000271383
19.62 -0.000267022
19.63 -0.000261447
19.64 -0.00025466
19.65 -0.000246646
19.66 -0.000237391
19.67 -0.000226901
19.68 -0.000215214
19.69 -0.000202394
19.7 -0.00018853
19.71 -0.000173721
19.72 -0.000158074
19.73 -0.000141695
19.74 -0.000124687
19.75 -0.000107148
19.76 -8.91715e-05
19.77 -7.08536e-05
19.78 -5.22917e-05
19.79 -3.35849e-05
19.8 -1.48324e-05
19.81 3.86972e-06
19.82 2.24291e-05
19.83 4.07553e-05
19.84 5.87564e-05
19.85 7.63372e-05
19.86 9.33993e-05
19.87 0.000109845
19.88 0.000125583
19.89 0.000140534
19.9 0.000154643
19.91 0.000167879
19.92 0.000180213
19.93 0.000191621
19.94 0.000202087
19.95 0.000211604
19.96 0.000220163
19.97 0.000227754
19.98 0.000234365
19.99 0.000239988
20 0.000244623
20.01 0.00024828
20.02 0.000250981
20.03 0.000252756
20.04 0.00025364
20.05 0.000253671
20.06 0.00025289
20.07 0.000251337
20.08 0.000249048
20.09 0.000246055
20.1 0.000242383
20.11 0.000238054
20.12 0.000233088
20.13 0.000227506
20.14 0.000221329
20.15 0.00021458
20.16 0.000207285
20.17 0.00019947
20.18 0.000191167
20.19 0.000182409
20.2 0.000173231
20.21 0.000163666
20.22 0.000153748
20.23 0.000143505
20.24 0.000132963
20.25 0.000122142
20.26 0.000111062
20.27 9.97383e-05
20.28 8.81867e-05
20.29 7.64228e-05
20.3 6.44637e-05
20.31 5.23279e-05
20.32 4.00353e-05
20.33 2.76061e-05
20.34 1.50602e-05
20.35 2.41661e-06
20.36 -1.03067e-05
20.37 -2.30923e-05
20.38 -3.59221e-05
20.39 -4.87764e-05
20.4 -6.16325e-05
20.41 -7.44632e-05
20.42 -8.7236e-05
20.43 -9.9912e-05
20.44 -0.000112446
20.45 -0.000124786
20.46 -0.000136875
20.47 -0.000148652
20.48 -0.000160051
20.49 -0.000171005
20.5 -0.000181448
20.51 -0.000191312
20.52 -0.000200533
20.53 -0.000209047
20.54 -0.000216796
20.55 -0.000223724
20.56 -0.000229779
20.57 -0.000234914
20.58 -0.00023909
20.59 -0.000242272
20.6 -0.000244432
20.61 -0.000245554
20.62 -0.000245627
20.63 -0.00024465
20.64 -0.000242633
20.65 -0.000239592
20.66 -0.000235551
20.67 -0.000230542
20.68 -0.000224601
20.69 -0.000217769
20.7 -0.000210093
20.71 -0.00020162
20.72 -0.000192402
20.73 -0.000182494
20.74 -0.000171954
20.75 -0.000160841
20.76 -0.000149218
20.77 -0.000137149
20.78 -0.000124699
20.79 -0.000111934
20.8 -9.89202e-05
20.81 -8.57225e-05
20.82 -7.24032e-05
20.83 -5.90222e-05
20.84 -4.56361e-05
20.85 -3.22975e-05
20.86 -1.90554e-05
20.87 -5.95459e-06
20.88 6.96386e-06
20.89 1.96624e-05
20.9 3.21072e-05
20.91 4.42673e-05
20.92 5.61154e-05
20.93 6.76273e-05
20.94 7.8782e-05
20.95 8.95615e-05
20.96 9.99512e-05
20.97 0.000109939
20.98 0.000119515
20.99 0.000128672
21 0.000137403
21.01 0.000145702
21.02 0.000153561
21.03 0.000160975
21.04 0.000167932
21.05 0.000174421
21.06 0.000180429
21.07 0.000185938
21.08 0.000190931
21.09 0.000195388
21.1 0.000199288
21.11 0.000202609
21.12 0.000205331
21.13 0.000207435
21.14 0.000208902
21.15 0.000209716
21.16 0.000209862
21.17 0.000209329
21.18 0.000208106
21.19 0.000206186
21.2 0.000203566
21.21 0.000200244
21.22 0.000196224
21.23 0.000191512
21.24 0.000186119
21.25 0.000180058
21.26 0.000173347
21.27 0.000166008
21.28 0.000158064
21.29 0.000149544
21.3 0.000140475
21.31 0.000130892
21.32 0.000120826
21.33 0.000110315
21.34 9.93978e-05
21.35 8.81136e-05
21.36 7.65051e-05
21.37 6.46161e-05
21.38 5.24922e-05
21.39 4.01802e-05
21.4 2.77281e-05
21.41 1.51844e-05
21.42 2.5982e-06
21.43 -9.98127e-06
21.44 -2.2505e-05
21.45 -3.49244e-05
21.46 -4.71916e-05
21.47 -5.92591e-05
21.48 -7.10806e-05
21.49 -8.26105e-05
21.5 -9.38044e-05
21.51 -0.000104619
21.52 -0.000115013
21.53 -0.000124945
21.54 -0.000134379
21.55 -0.000143277
21.56 -0.000151608
21.57 -0.000159342
21.58 -0.000166451
21.59 -0.000172913
21.6 -0.000178706
21.61 -0.000183815
21.62 -0.000188225
21.63 -0.000191926
21.64 -0.000194911
21.65 -0.000197177
21.66 -0.000198722
21.67 -0.000199548
21.68 -0.000199661
21.69 -0.000199068
21.7 -0.000197781
21.71 -0.000195813
21.72 -0.000193181
21.73 -0.000189902
21.74 -0.000185998
21.75 -0.000181492
21.76 -0.000176407
21.77 -0.000170769
21.78 -0.000164604
21.79 -0.000157943
21.8 -0.000150811
21.81 -0.000143241
21.82 -0.000135261
21.83 -0.000126904
21.84 -0.000118199
21.85 -0.000109178
21.86 -9.9872e-05
21.87 -9.03131e-05
21.88 -8.05314e-05
21.89 -7.05573e-05
21.9 -6.04204e-05
21.91 -5.01496e-05
21.92 -3.97732e-05
21.93 -2.93186e-05
21.94 -1.88128e-05
21.95 -8.28199e-06
21.96 2.24778e-06
21.97 1.27509e-05
21.98 2.32018e-05
21.99 3.35751e-05
22 4.38448e-05
22.01 5.39852e-05
22.02 6.39698e-05
22.03 7.37716e-05
22.04 8.33632e-05
22.05 9.27164e-05
22.06 0.000101802
22.07 0.000110591
22.08 0.000119052
22.09 0.000127155
22.1 0.000134867
22.11 0.000142158
22.12 0.000148996
22.13 0.000155349
22.14 0.000161186
22.15 0.000166478
22.16 0.000171198
22.17 0.000175319
22.18 0.000178819
22.19 0.000181677
22.2 0.000183875
22.21 0.000185399
22.22 0.000186239
22.23 0.000186388
22.24 0.000185843
22.25 0.000184604
22.26 0.000182675
22.27 0.000180064
22.28 0.000176783
22.29 0.000172848
22.3 0.000168275
22.31 0.000163087
22.32 0.000157308
22.33 0.000150966
22.34 0.000144091
22.35 0.000136713
22.36 0.000128869
22.37 0.000120593
22.38 0.000111922
22.39 0.000102895
22.4 9.35513e-05
22.41 8.39308e-05
22.42 7.40737e-05
22.43 6.40204e-05
22.44 5.38113e-05
22.45 4.34863e-05
22.46 3.30848e-05
22.47 2.26454e-05
22.48 1.2206e-05
22.49 1.80298e-06
22.5 -8.52817e-06
22.51 -1.87534e-05
22.52 -2.88402e-05
22.53 -3.87573e-05
22.54 -4.8475e-05
22.55 -5.79649e-05
22.56 -6.72002e-05
22.57 -7.61555e-05
22.58 -8.48067e-05
22.59 -9.31308e-05
22.6 -0.000101106
22.61 -0.000108713
22.62 -0.000115932
22.63 -0.000122744
22.64 -0.000129132
22.65 -0.000135081
22.66 -0.000140576
22.67 -0.0001456
22.68 -0.000150142
22.69 -0.000154188
22.7 -0.000157727
22.71 -0.000160748
22.72 -0.000163242
22.73 -0.0001652
22.74 -0.000166616
22.75 -0.000167483
22.76 -0.000167799
22.77 -0.000167561
22.78 -0.000166769
22.79 -0.000165425
22.8 -0.000163532
22.81 -0.000161096
22.82 -0.000158124
22.83 -0.000154625
22.84 -0.000150611
22.85 -0.000146094
22.86 -0.000141089
22.87 -0.000135614
22.88 -0.000129686
22.89 -0.000123326
22.9 -0.000116554
22.91 -0.000109394
22.92 -0.00010187
22.93 -9.40077e-05
22.94 -8.58332e-05
22.95 -7.73744e-05
22.96 -6.866e-05
22.97 -5.97195e-05
22.98 -5.05831e-05
22.99 -4.12817e-05
23 -3.18469e-05
23.01 -2.23105e-05
23.02 -1.27051e-05
23.03 -3.06339e-06
23.04 6.58152e-06
23.05 1.61964e-05
23.06 2.5748e-05
23.07 3.52029e-05
23.08 4.45279e-05
23.09 5.36899e-05
23.1 6.26563e-05
23.11 7.13946e-05
23.12 7.98731e-05
23.13 8.80607e-05
23.14 9.59272e-05
23.15 0.000103443
23.16 0.000110581
23.17 0.000117313
23.18 0.000123615
23.19 0.000129463
23.2 0.000134835
23.21 0.00013971
23.22 0.000144073
23.23 0.000147906
23.24 0.000151198
23.25 0.000153936
23.26 0.000156114
23.27 0.000157724
23.28 0.000158765
23.29 0.000159235
23.3 0.000159137
23.31 0.000158474
23.32 0.000157254
23.33 0.000155484
23.34 0.000153178
23.35 0.000150347
23.36 0.000147006
23.37 0.000143174
23.38 0.000138868
23.39 0.000134108
23.4 0.000128916
23.41 0.000123315
23.42 0.000117329
23.43 0.000110981
23.44 0.000104297
23.45 9.73039e-05
23.46 9.00272e-05
23.47 8.24937e-05
23.48 7.47304e-05
23.49 6.67642e-05
23.5 5.86222e-05
23.51 5.03313e-05
23.52 4.1918e-05
23.53 3.34089e-05
23.54 2.48301e-05
23.55 1.62076e-05
23.56 7.56678e-06
23.57 -1.06707e-06
23.58 -9.66907e-06
23.59 -1.82146e-05
23.6 -2.66794e-05
23.61 -3.50394e-05
23.62 -4.32707e-05
23.63 -5.13497e-05
23.64 -5.9253e-05
23.65 -6.69571e-05
23.66 -7.4439e-05
23.67 -8.16757e-05
23.68 -8.86444e-05
23.69 -9.53225e-05
23.7 -0.000101688
23.71 -0.000107719
23.72 -0.000113393
23.73 -0.000118691
23.74 -0.000123592
23.75 -0.000128078
23.76 -0.000132129
23.77 -0.00013573
23.78 -0.000138865
23.79 -0.000141519
23.8 -0.000143682
23.81 -0.000145343
23.82 -0.000146494
23.83 -0.000147128
23.84 -0.000147243
23.85 -0.000146835
23.86 -0.000145906
23.87 -0.00014446
23.88 -0.0001425
23.89 -0.000140035
23.9 -0.000137075
23.91 -0.00013363
23.92 -0.000129716
23.93 -0.000125348
23.94 -0.000120544
23.95 -0.000115324
23.96 -0.000109708
23.97 -0.000103719
23.98 -9.73811e-05
23.99 -9.07197e-05
24 -8.37611e-05
24.01 -7.65323e-05
24.02 -6.90612e-05
24.03 -6.13766e-05
24.04 -5.35075e-05
24.05 -4.54832e-05
24.06 -3.73335e-05
24.07 -2.90881e-05
24.08 -2.07766e-05
24.09 -1.24287e-05
24.1 -4.07365e-06
24.11 4.25953e-06
24.12 1.25423e-05
24.13 2.07467e-05
24.14 2.88451e-05
24.15 3.68109e-05
24.16 4.46179e-05
24.17 5.22409e-05
24.18 5.96553e-05
24.19 6.68377e-05
24.2 7.37652e-05
24.21 8.04164e-05
24.22 8.67704e-05
24.23 9.28078e-05
24.24 9.85101e-05
24.25 0.00010386
24.26 0.000108841
24.27 0.000113439
24.28 0.000117639
24.29 0.00012143
24.3 0.0001248
24.31 0.00012774
24.32 0.000130241
24.33 0.000132296
24.34 0.000133901
24.35 0.000135051
24.36 0.000135744
24.37 0.000135978
24.38 0.000135755
24.39 0.000135077
24.4 0.000133947
24.41 0.00013237
24.42 0.000130354
24.43 0.000127906
24.44 0.000125036
24.45 0.000121754
24.46 0.000118073
24.47 0.000114007
24.48 0.000109569
24.49 0.000104775
24.5 9.96419e-05
24.51 9.41879e-05
24.52 8.84314e-05
24.53 8.23919e-05
24.54 7.60897e-05
24.55 6.9546e-05
24.56 6.27823e-05
24.57 5.58211e-05
24.58 4.86852e-05
24.59 4.13981e-05
24.6 3.39836e-05
24.61 2.6466e-05
24.62 1.88697e-05
24.63 1.12198e-05
24.64 3.54135e-06
24.65 -4.14037e-06
24.66 -1.17999e-05
24.67 -1.94116e-05
24.68 -2.69499e-05
24.69 -3.43894e-05
24.7 -4.17045e-05
24.71 -4.88702e-05
24.72 -5.58613e-05
24.73 -6.26534e-05
24.74 -6.92224e-05
24.75 -7.55446e-05
24.76 -8.15973e-05
24.77 -8.73585e-05
24.78 -9.28069e-05
24.79 -9.79226e-05
24.8 -0.000102687
24.81 -0.000107081
24.82 -0.000111091
24.83 -0.0001147
24.84 -0.000117896
24.85 -0.000120667
24.86 -0.000123004
24.87 -0.000124899
24.88 -0.000126346
24.89 -0.000127341
24.9 -0.000127882
24.91 -0.000127968
24.92 -0.000127602
24.93 -0.000126787
24.94 -0.000125529
24.95 -0.000123834
24.96 -0.000121711
24.97 -0.000119171
24.98 -0.000116226
24.99 -0.000112888
25 -0.000109174
25.01 -0.000105099
25.02 -0.000100679
25.03 -9.59331e-05
25.04 -9.08802e-05
25.05 -8.55401e-05
25.06 -7.99331e-05
25.07 -7.40803e-05
25.08 -6.80034e-05
25.09 -6.17243e-05
25.1 -5.52652e-05
25.11 -4.86487e-05
25.12 -4.18974e-05
25.13 -3.50342e-05
25.14 -2.80817e-05
25.15 -2.10627e-05
25.16 -1.39999e-05
25.17 -6.91581e-06
25.18 1.67156e-07
25.19 7.22682e-06
25.2 1.42412e-05
25.21 2.11886e-05
25.22 2.80475e-05
25.23 3.47968e-05
25.24 4.14157e-05
25.25 4.78836e-05
25.26 5.41804e-05
25.27 6.02865e-05
25.28 6.61825e-05
25.29 7.18498e-05
25.3 7.727e-05
25.31 8.24255e-05
25.32 8.72993e-05
25.33 9.18751e-05
25.34 9.61376e-05
25.35 0.000100072
25.36 0.000103664
25.37 0.000106903
25.38 0.000109775
25.39 0.00011227
25.4 0.00011438
25.41 0.000116097
25.42 0.000117414
25.43 0.000118327
25.44 0.000118831
25.45 0.000118925
25.46 0.000118608
25.47 0.000117882
25.48 0.000116749
25.49 0.000115214
25.5 0.000113282
25.51 0.000110961
25.52 0.000108259
25.53 0.000105187
25.54 0.000101757
25.55 9.79808e-05
25.56 9.38734e-05
25.57 8.945e-05
25.58 8.47271e-05
25.59 7.97223e-05
25.6 7.4454e-05
25.61 6.89417e-05
25.62 6.32055e-05
25.63 5.72663e-05
25.64 5.11455e-05
25.65 4.48652e-05
25.66 3.84479e-05
25.67 3.19165e-05
25.68 2.52939e-05
25.69 1.86037e-05
25.7 1.18692e-05
25.71 5.11387e-06
25.72 -1.63874e-06
25.73 -8.36531e-06
25.74 -1.50427e-05
25.75 -2.16479e-05
25.76 -2.81585e-05
25.77 -3.45522e-05
25.78 -4.08074e-05
25.79 -4.69029e-05
25.8 -5.28183e-05
25.81 -5.85336e-05
25.82 -6.40298e-05
25.83 -6.92886e-05
25.84 -7.42928e-05
25.85 -7.90259e-05
25.86 -8.34725e-05
25.87 -8.76182e-05
25.88 -9.14499e-05
25.89 -9.49554e-05
25.9 -9.8124e-05
25.91 -0.000100946
25.92 -0.000103413
25.93 -0.000105518
25.94 -0.000107255
25.95 -0.00010862
25.96 -0.000109609
25.97 -0.000110221
25.98 -0.000110456
25.99 -0.000110314
26 -0.000109797
26.01 -0.00010891
26.02 -0.000107655
26.03 -0.00010604
26.04 -0.000104072
26.05 -0.000101758
26.06 -9.91072e-05
26.07 -9.61307e-05
26.08 -9.28393e-05
26.09 -8.92452e-05
26.1 -8.53614e-05
26.11 -8.12018e-05
26.12 -7.67809e-05
26.13 -7.21142e-05
26.14 -6.72175e-05
26.15 -6.21076e-05
26.16 -5.68017e-05
26.17 -5.13174e-05
26.18 -4.56729e-05
26.19 -3.9887e-05
26.2 -3.39786e-05
26.21 -2.7967e-05
26.22 -2.18721e-05
26.23 -1.57136e-05
26.24 -9.51182e-06
26.25 -3.287e-06
26.26 2.94037e-06
26.27 9.14974e-06
26.28 1.53205e-05
26.29 2.14322e-05
26.3 2.74642e-05
26.31 3.33963e-05
26.32 3.92083e-05
26.33 4.48802e-05
26.34 5.03926e-05
26.35 5.57263e-05
26.36 6.08626e-05
26.37 6.57836e-05
26.38 7.04718e-05
26.39 7.49105e-05
26.4 7.90839e-05
26.41 8.2977e-05
26.42 8.6576e-05
26.43 8.9868e-05
26.44 9.28413e-05
26.45 9.54853e-05
26.46 9.77909e-05
26.47 9.975e-05
26.48 0.000101356
26.49 0.000102604
26.5 0.000103491
26.51 0.000104013
26.52 0.000104171
26.53 0.000103964
26.54 0.000103395
26.55 0.000102468
26.56 0.000101186
26.57 9.95571e-05
26.58 9.75874e-05
26.59 9.52861e-05
26.6 9.26628e-05
26.61 8.97286e-05
26.62 8.64954e-05
26.63 8.29761e-05
26.64 7.91847e-05
26.65 7.51357e-05
26.66 7.08447e-05
26.67 6.63277e-05
26.68 6.16014e-05
26.69 5.66832e-05
26.7 5.15907e-05
26.71 4.63422e-05
26.72 4.0956e-05
26.73 3.54509e-05
26.74 2.98459e-05
26.75 2.41601e-05
26.76 1.84127e-05
26.77 1.26229e-05
26.78 6.81001e-06
26.79 9.93168e-07
26.8 -4.80852e-06
26.81 -1.05761e-05
26.82 -1.62909e-05
26.83 -2.19343e-05
26.84 -2.74881e-05
26.85 -3.29344e-05
26.86 -3.82557e-05
26.87 -4.34348e-05
26.88 -4.8455e-05
26.89 -5.33002e-05
26.9 -5.79546e-05
26.91 -6.24033e-05
26.92 -6.66317e-05
26.93 -7.06262e-05
26.94 -7.43737e-05
26.95 -7.7862e-05
26.96 -8.10796e-05
26.97 -8.4016e-05
26.98 -8.66616e-05
26.99 -8.90077e-05
27 -9.10467e-05
27.01 -9.27717e-05
27.02 -9.41774e-05
27.03 -9.52591e-05
27.04 -9.60136e-05
27.05 -9.64386e-05
27.06 -9.6533e-05
27.07 -9.62969e-05
27.08 -9.57315e-05
27.09 -9.48393e-05
27.1 -9.36238e-05
27.11 -9.20896e-05
27.12 -9.02427e-05
27.13 -8.80897e-05
27.14 -8.56388e-05
27.15 -8.28988e-05
27.16 -7.98798e-05
27.17 -7.65926e-05
27.18 -7.30491e-05
27.19 -6.92621e-05
27.2 -6.52449e-05
27.21 -6.10119e-05
27.22 -5.65781e-05
27.23 -5.19593e-05
27.24 -4.71715e-05
27.25 -4.22317e-05
27.26 -3.71571e-05
27.27 -3.19655e-05
27.28 -2.6675e-05
27.29 -2.13041e-05
27.3 -1.58714e-05
27.31 -1.03959e-05
27.32 -4.89646e-06
27.33 6.07719e-07
27.34 6.09761e-06
27.35 1.15542e-05
27.36 1.69586e-05
27.37 2.22922e-05
27.38 2.75366e-05
27.39 3.26736e-05
27.4 3.76855e-05
27.41 4.25552e-05
27.42 4.7266e-05
27.43 5.18018e-05
27.44 5.61471e-05
27.45 6.02873e-05
27.46 6.42084e-05
27.47 6.78973e-05
27.48 7.13419e-05
27.49 7.45308e-05
27.5 7.74537e-05
27.51 8.01014e-05
27.52 8.24656e-05
27.53 8.45392e-05
27.54 8.63159e-05
27.55 8.77909e-05
27.56 8.89602e-05
27.57 8.98212e-05
27.58 9.03721e-05
27.59 9.06124e-05
27.6 9.05427e-05
27.61 9.01646e-05
27.62 8.94808e-05
27.63 8.8495e-05
27.64 8.7212e-05
27.65 8.56374e-05
27.66 8.37779e-05
27.67 8.16409e-05
27.68 7.92349e-05
27.69 7.65691e-05
27.7 7.36533e-05
27.71 7.04983e-05
27.72 6.71156e-05
27.73 6.35171e-05
27.74 5.97155e-05
27.75 5.5724e-05
27.76 5.15563e-05
27.77 4.72267e-05
27.78 4.27498e-05
27.79 3.81407e-05
27.8 3.34149e-05
27.81 2.85879e-05
27.82 2.36759e-05
27.83 1.86952e-05
27.84 1.36622e-05
27.85 8.59346e-06
27.86 3.50582e-06
27.87 -1.58391e-06
27.88 -6.65887e-06
27.89 -1.17022e-05
27.9 -1.66972e-05
27.91 -2.1627e-05
27.92 -2.64752e-05
27.93 -3.12255e-05
27.94 -3.58618e-05
27.95 -4.03684e-05
27.96 -4.47298e-05
27.97 -4.89313e-05
27.98 -5.29583e-05
27.99 -5.67971e-05
28 -6.04342e-05
28.01 -6.38572e-05
28.02 -6.70542e-05
28.03 -7.00142e-05
28.04 -7.27268e-05
28.05 -7.51828e-05
28.06 -7.73737e-05
28.07 -7.92922e-05
28.08 -8.09318e-05
28.09 -8.22871e-05
28.1 -8.33538e-05
28.11 -8.41287e-05
28.12 -8.46096e-05
28.13 -8.47955e-05
28.14 -8.46866e-05
28.15 -8.42839e-05
28.16 -8.35897e-05
28.17 -8.26073e-05
28.18 -8.13412e-05
28.19 -7.97967e-05
28.2 -7.79802e-05
28.21 -7.58991e-05
28.22 -7.35615e-05
28.23 -7.09767e-05
28.24 -6.81546e-05
28.25 -6.51059e-05
28.26 -6.18421e-05
28.27 -5.83753e-05
28.28 -5.47183e-05
28.29 -5.08845e-05
28.3 -4.68877e-05
28.31 -4.27423e-05
28.32 -3.84631e-05
28.33 -3.40651e-05
28.34 -2.95639e-05
28.35 -2.4975e-05
28.36 -2.03145e-05
28.37 -1.55983e-05
28.38 -1.08425e-05
28.39 -6.06352e-06
28.4 -1.27739e-06
28.41 3.49968e-06
28.42 8.25166e-06
28.43 1.29626e-05
28.44 1.76169e-05
28.45 2.21989e-05
28.46 2.66935e-05
28.47 3.10859e-05
28.48 3.53616e-05
28.49 3.95065e-05
28.5 4.3507e-05
28.51 4.735e-05
28.52 5.10231e-05
28.53 5.45142e-05
28.54 5.78121e-05
28.55 6.0906e-05
28.56 6.37861e-05
28.57 6.64431e-05
28.58 6.88685e-05
28.59 7.10547e-05
28.6 7.29948e-05
28.61 7.46828e-05
28.62 7.61135e-05
28.63 7.72827e-05
28.64 7.8187e-05
28.65 7.88238e-05
28.66 7.91917e-05
28.67 7.92899e-05
28.68 7.91186e-05
28.69 7.86791e-05
28.7 7.79734e-05
28.71 7.70045e-05
28.72 7.5776e-05
28.73 7.42929e-05
28.74 7.25605e-05
28.75 7.05854e-05
28.76 6.83745e-05
28.77 6.5936e-05
28.78 6.32784e-05
28.79 6.04113e-05
28.8 5.73446e-05
28.81 5.40893e-05
28.82 5.06566e-05
28.83 4.70586e-05
28.84 4.33076e-05
28.85 3.94169e-05
28.86 3.53997e-05
28.87 3.12701e-05
28.88 2.70423e-05
28.89 2.27309e-05
28.9 1.83508e-05
28.91 1.3917e-05
28.92 9.44499e-06
28.93 4.95009e-06
28.94 4.4784e-07
28.95 -4.04621e-06
28.96 -8.51653e-06
28.97 -1.29477e-05
28.98 -1.73244e-05
28.99 -2.16315e-05
29 -2.58541e-05
29.01 -2.99778e-05
29.02 -3.39883e-05
29.03 -3.78717e-05
29.04 -4.16149e-05
29.05 -4.5205e-05
29.06 -4.86298e-05
29.07 -5.18776e-05
29.08 -5.49377e-05
29.09 -5.77997e-05
29.1 -6.04541e-05
29.11 -6.28923e-05
29.12 -6.51065e-05
29.13 -6.70895e-05
29.14 -6.88352e-05
29.15 -7.03383e-05
29.16 -7.15945e-05
29.17 -7.26003e-05
29.18 -7.33531e-05
29.19 -7.38512e-05
29.2 -7.4094e-05
29.21 -7.40816e-05
29.22 -7.38151e-05
29.23 -7.32964e-05
29.24 -7.25283e-05
29.25 -7.15145e-05
29.26 -7.02594e-05
29.27 -6.87683e-05
29.28 -6.70471e-05
29.29 -6.51026e-05
29.3 -6.29423e-05
29.31 -6.05743e-05
29.32 -5.80073e-05
29.33 -5.52506e-05
29.34 -5.23142e-05
29.35 -4.92085e-05
29.36 -4.59445e-05
29.37 -4.25335e-05
29.38 -3.89874e-05
29.39 -3.53183e-05
29.4 -3.15388e-05
29.41 -2.76617e-05
29.42 -2.37002e-05
29.43 -1.96677e-05
29.44 -1.55775e-05
29.45 -1.14436e-05
29.46 -7.27979e-06
29.47 -3.0999e-06
29.48 1.08205e-06
29.49 5.25211e-06
29.5 9.39635e-06
29.51 1.35009e-05
29.52 1.75521e-05
29.53 2.15364e-05
29.54 2.54403e-05
29.55 2.92508e-05
29.56 3.29551e-05
29.57 3.65407e-05
29.58 3.99956e-05
29.59 4.33081e-05
29.6 4.64669e-05
29.61 4.94615e-05
29.62 5.22818e-05
29.63 5.49182e-05
29.64 5.73618e-05
29.65 5.96044e-05
29.66 6.16386e-05
29.67 6.34576e-05
29.68 6.50553e-05
29.69 6.64266e-05
29.7 6.75671e-05
29.71 6.84731e-05
29.72 6.91421e-05
29.73 6.9572e-05
29.74 6.97618e-05
29.75 6.97115e-05
29.76 6.94217e-05
29.77 6.8894e-05
29.78 6.81308e-05
29.79 6.71353e-05
29.8 6.59115e-05
29.81 6.44645e-05
29.82 6.27997e-05
29.83 6.09235e-05
29.84 5.88431e-05
29.85 5.65663e-05
29.86 5.41014e-05
29.87 5.14577e-05
29.88 4.86446e-05
29.89 4.56726e-05
29.9 4.25522e-05
29.91 3.92948e-05
29.92 3.59118e-05
29.93 3.24155e-05
29.94 2.8818e-05
29.95 2.5132e-05
29.96 2.13706e-05
29.97 1.75467e-05
29.98 1.36737e-05
29.99 9.76494e-06
30 5.83394e-06
30.01 1.8942e-06
30.02 -2.04082e-06
30.03 -5.95768e-06
30.04 -9.84308e-06
30.05 -1.36839e-05
30.06 -1.74671e-05
30.07 -2.11799e-05
30.08 -2.48101e-05
30.09 -2.83453e-05
30.1 -3.17739e-05
30.11 -3.50845e-05
30.12 -3.82661e-05
30.13 -4.13084e-05
30.14 -4.42014e-05
30.15 -4.69356e-05
30.16 -4.95023e-05
30.17 -5.18932e-05
30.18 -5.41006e-05
30.19 -5.61177e-05
30.2 -5.7938e-05
30.21 -5.95559e-05
30.22 -6.09667e-05
30.23 -6.21659e-05
30.24 -6.31503e-05
30.25 -6.39169e-05
30.26 -6.44637e-05
30.27 -6.47896e-05
30.28 -6.4894e-05
30.29 -6.47771e-05
30.3 -6.44398e-05
30.31 -6.38839e-05
30.32 -6.31117e-05
30.33 -6.21264e-05
30.34 -6.09319e-05
30.35 -5.95324e-05
30.36 -5.79334e-05
30.37 -5.61406e-05
30.38 -5.41604e-05
30.39 -5.19999e-05
30.4 -4.96668e-05
30.41 -4.71692e-05
30.42 -4.4516e-05
30.43 -4.17163e-05
30.44 -3.878e-05
30.45 -3.57171e-05
30.46 -3.25382e-05
30.47 -2.92544e-05
30.48 -2.58769e-05
30.49 -2.24174e-05
30.5 -1.88878e-05
30.51 -1.53002e-05
30.52 -1.16669e-05
30.53 -8.00038e-06
30.54 -4.31335e-06
30.55 -6.18424e-07
30.56 3.07169e-06
30.57 6.74429e-06
30.58 1.03868e-05
30.59 1.39866e-05
30.6 1.75313e-05
30.61 2.10089e-05
30.62 2.44073e-05
30.63 2.77148e-05
30.64 3.09203e-05
30.65 3.40126e-05
30.66 3.69813e-05
30.67 3.98163e-05
30.68 4.2508e-05
30.69 4.50473e-05
30.7 4.74257e-05
30.71 4.96354e-05
30.72 5.1669e-05
30.73 5.35199e-05
30.74 5.51823e-05
30.75 5.66508e-05
30.76 5.79208e-05
30.77 5.89887e-05
30.78 5.98512e-05
30.79 6.05062e-05
30.8 6.09519e-05
30.81 6.11875e-05
30.82 6.1213e-05
30.83 6.1029e-05
30.84 6.06368e-05
30.85 6.00386e-05
30.86 5.9237e-05
30.87 5.82357e-05
30.88 5.70386e-05
30.89 5.56507e-05
30.9 5.40774e-05
30.91 5.23246e-05
30.92 5.03989e-05
30.93 4.83075e-05
30.94 4.6058e-05
30.95 4.36585e-05
30.96 4.11178e-05
30.97 3.84447e-05
30.98 3.56488e-05
30.99 3.27398e-05
31 2.97279e-05
31.01 2.66235e-05
31.02 2.34372e-05
31.03 2.01801e-05
31.04 1.68632e-05
31.05 1.34978e-05
31.06 1.00953e-05
31.07 6.66732e-06
31.08 3.22534e-06
31.09 -2.19028e-07
31.1 -3.6542e-06
31.11 -7.06865e-06
31.12 -1.04509e-05
31.13 -1.37897e-05
31.14 -1.70738e-05
31.15 -2.02923e-05
31.16 -2.34343e-05
31.17 -2.64894e-05
31.18 -2.94475e-05
31.19 -3.22985e-05
31.2 -3.50331e-05
31.21 -3.76421e-05
31.22 -4.01169e-05
31.23 -4.24492e-05
31.24 -4.46313e-05
31.25 -4.6656e-05
31.26 -4.85166e-05
31.27 -5.0207e-05
31.28 -5.17218e-05
31.29 -5.3056e-05
31.3 -5.42054e-05
31.31 -5.51662e-05
31.32 -5.59356e-05
31.33 -5.65113e-05
31.34 -5.68916e-05
31.35 -5.70756e-05
31.36 -5.70631e-05
31.37 -5.68544e-05
31.38 -5.64507e-05
31.39 -5.58538e-05
31.4 -5.50662e-05
31.41 -5.40909e-05
31.42 -5.29317e-05
31.43 -5.15931e-05
31.44 -5.00801e-05
31.45 -4.83982e-05
31.46 -4.65537e-05
31.47 -4.45533e-05
31.48 -4.24043e-05
31.49 -4.01144e-05
31.5 -3.76919e-05
31.51 -3.51455e-05
31.52 -3.24842e-05
31.53 -2.97174e-05
31.54 -2.6855e-05
31.55 -2.39071e-05
31.56 -2.08841e-05
31.57 -1.77965e-05
31.58 -1.46551e-05
31.59 -1.14709e-05
31.6 -8.25494e-06
31.61 -5.01838e-06
31.62 -1.7724e-06
31.63 1.47181e-06
31.64 4.70311e-06
31.65 7.91044e-06
31.66 1.10828e-05
31.67 1.42095e-05
31.68 1.72799e-05
31.69 2.02835e-05
31.7 2.32103e-05
31.71 2.60505e-05
31.72 2.87945e-05
31.73 3.14333e-05
31.74 3.39581e-05
31.75 3.63607e-05
31.76 3.86331e-05
31.77 4.0768e-05
31.78 4.27585e-05
31.79 4.45982e-05
31.8 4.62813e-05
31.81 4.78025e-05
31.82 4.91572e-05
31.83 5.03412e-05
31.84 5.1351e-05
31.85 5.21837e-05
31.86 5.28369e-05
31.87 5.3309e-05
31.88 5.35989e-05
31.89 5.37061e-05
31.9 5.36307e-05
31.91 5.33736e-05
31.92 5.29361e-05
31.93 5.23201e-05
31.94 5.15283e-05
31.95 5.05637e-05
31.96 4.943e-05
31.97 4.81314e-05
31.98 4.66729e-05
31.99 4.50595e-05
32 4.32972e-05
32.01 4.13923e-05
32.02 3.93514e-05
32.03 3.71817e-05
32.04 3.48909e-05
32.05 3.24869e-05
32.06 2.99781e-05
32.07 2.73731e-05
32.08 2.4681e-05
32.09 2.19109e-05
32.1 1.90726e-05
32.11 1.61756e-05
32.12 1.323e-05
32.13 1.02458e-05
32.14 7.2333e-06
32.15 4.20278e-06
32.16 1.16461e-06
32.17 -1.87082e-06
32.18 -4.89311e-06
32.19 -7.89193e-06
32.2 -1.0857e-05
32.21 -1.37783e-05
32.22 -1.66458e-05
32.23 -1.94496e-05
32.24 -2.21803e-05
32.25 -2.48286e-05
32.26 -2.73855e-05
32.27 -2.98422e-05
32.28 -3.21906e-05
32.29 -3.44226e-05
32.3 -3.65309e-05
32.31 -3.85083e-05
32.32 -4.03482e-05
32.33 -4.20447e-05
32.34 -4.35922e-05
32.35 -4.49856e-05
32.36 -4.62205e-05
32.37 -4.7293e-05
32.38 -4.81999e-05
32.39 -4.89383e-05
32.4 -4.95063e-05
32.41 -4.99024e-05
32.42 -5.01255e-05
32.43 -5.01756e-05
32.44 -5.00529e-05
32.45 -4.97583e-05
32.46 -4.92934e-05
32.47 -4.86603e-05
32.48 -4.78617e-05
32.49 -4.69009e-05
32.5 -4.57816e-05
32.51 -4.45082e-05
32.52 -4.30856e-05
32.53 -4.1519e-05
32.54 -3.98143e-05
32.55 -3.79777e-05
32.56 -3.60159e-05
32.57 -3.39359e-05
32.58 -3.17453e-05
32.59 -2.94517e-05
32.6 -2.70634e-05
32.61 -2.45886e-05
32.62 -2.2036e-05
32.63 -1.94145e-05
32.64 -1.67332e-05
32.65 -1.40013e-05
32.66 -1.12282e-05
32.67 -8.4234e-06
32.68 -5.59649e-06
32.69 -2.75709e-06
32.7 8.51863e-08
32.71 2.9207e-06
32.72 5.7399e-06
32.73 8.53326e-06
32.74 1.12914e-05
32.75 1.40051e-05
32.76 1.66652e-05
32.77 1.92629e-05
32.78 2.17895e-05
32.79 2.42366e-05
32.8 2.6596e-05
32.81 2.886e-05
32.82 3.1021e-05
32.83 3.3072e-05
32.84 3.50061e-05
32.85 3.68171e-05
32.86 3.84989e-05
32.87 4.00463e-05
32.88 4.14541e-05
32.89 4.27178e-05
32.9 4.38334e-05
32.91 4.47974e-05
32.92 4.56067e-05
32.93 4.6259e-05
32.94 4.67524e-05
32.95 4.70853e-05
32.96 4.72571e-05
32.97 4.72674e-05
32.98 4.71166e-05
32.99 4.68054e-05
33 4.63353e-05
33.01 4.57082e-05
33.02 4.49265e-05
33.03 4.39934e-05
33.04 4.29122e-05
33.05 4.1687e-05
33.06 4.03223e-05
33.07 3.88231e-05
33.08 3.71948e-05
33.09 3.54432e-05
33.1 3.35748e-05
33.11 3.1596e-05
33.12 2.95141e-05
33.13 2.73363e-05
33.14 2.50703e-05
33.15 2.27242e-05
33.16 2.03062e-05
33.17 1.78248e-05
33.18 1.52886e-05
33.19 1.27065e-05
33.2 1.00875e-05
33.21 7.4407e-06
33.22 4.77525e-06
33.23 2.10038e-06
33.24 -5.74676e-07
33.25 -3.24073e-06
33.26 -5.88862e-06
33.27 -8.50928e-06
33.28 -1.10938e-05
33.29 -1.36333e-05
33.3 -1.61193e-05
33.31 -1.85432e-05
33.32 -2.0897e-05
33.33 -2.31728e-05
33.34 -2.53629e-05
33.35 -2.74601e-05
33.36 -2.94573e-05
33.37 -3.13482e-05
33.38 -3.31264e-05
33.39 -3.47861e-05
33.4 -3.63222e-05
33.41 -3.77296e-05
33.42 -3.90039e-05
33.43 -4.01411e-05
33.44 -4.11377e-05
33.45 -4.19908e-05
33.46 -4.26979e-05
33.47 -4.3257e-05
33.48 -4.36665e-05
33.49 -4.39256e-05
33.5 -4.40337e-05
33.51 -4.3991e-05
33.52 -4.3798e-05
33.53 -4.34558e-05
33.54 -4.29659e-05
33.55 -4.23305e-05
33.56 -4.1552e-05
33.57 -4.06336e-05
33.58 -3.95786e-05
33.59 -3.83909e-05
33.6 -3.7075e-05
33.61 -3.56357e-05
33.62 -3.4078e-05
33.63 -3.24075e-05
33.64 -3.06301e-05
33.65 -2.87522e-05
33.66 -2.67803e-05
33.67 -2.47212e-05
33.68 -2.25821e-05
33.69 -2.03705e-05
33.7 -1.80939e-05
33.71 -1.57602e-05
33.72 -1.33775e-05
33.73 -1.09539e-05
33.74 -8.49777e-06
33.75 -6.01746e-06
33.76 -3.52146e-06
33.77 -1.01832e-06
33.78 1.48344e-06
33.79 3.97528e-06
33.8 6.44871e-06
33.81 8.89533e-06
33.82 1.13068e-05
33.83 1.3675e-05
33.84 1.59918e-05
33.85 1.82494e-05
33.86 2.04401e-05
33.87 2.25566e-05
33.88 2.45917e-05
33.89 2.65386e-05
33.9 2.83907e-05
33.91 3.01419e-05
33.92 3.17863e-05
33.93 3.33185e-05
33.94 3.47334e-05
33.95 3.60264e-05
33.96 3.71933e-05
33.97 3.82304e-05
33.98 3.91343e-05
33.99 3.99022e-05
34 4.05319e-05
34.01 4.10215e-05
34.02 4.13697e-05
34.03 4.15755e-05
34.04 4.16387e-05
34.05 4.15594e-05
34.06 4.13382e-05
34.07 4.09764e-05
34.08 4.04754e-05
34.09 3.98375e-05
34.1 3.90652e-05
34.11 3.81616e-05
34.12 3.713e-05
34.13 3.59745e-05
34.14 3.46992e-05
34.15 3.33091e-05
34.16 3.1809e-05
34.17 3.02045e-05
34.18 2.85014e-05
34.19 2.67058e-05
34.2 2.4824e-05
34.21 2.28628e-05
34.22 2.08291e-05
34.23 1.87299e-05
34.24 1.65727e-05
34.25 1.4365e-05
34.26 1.21143e-05
34.27 9.82859e-06
34.28 7.5156e-06
34.29 5.18332e-06
34.3 2.83972e-06
34.31 4.92801e-07
34.32 -1.84946e-06
34.33 -4.17912e-06
34.34 -6.4883e-06
34.35 -8.7692e-06
34.36 -1.10142e-05
34.37 -1.32156e-05
34.38 -1.53663e-05
34.39 -1.74589e-05
34.4 -1.94865e-05
34.41 -2.14424e-05
34.42 -2.33201e-05
34.43 -2.51134e-05
34.44 -2.68164e-05
34.45 -2.84235e-05
34.46 -2.99296e-05
34.47 -3.13296e-05
34.48 -3.26191e-05
34.49 -3.37939e-05
34.5 -3.48503e-05
34.51 -3.5785e-05
34.52 -3.6595e-05
34.53 -3.72778e-05
34.54 -3.78315e-05
34.55 -3.82543e-05
34.56 -3.85451e-05
34.57 -3.87032e-05
34.58 -3.87283e-05
34.59 -3.86207e-05
34.6 -3.8381e-05
34.61 -3.80102e-05
34.62 -3.75099e-05
34.63 -3.68821e-05
34.64 -3.61292e-05
34.65 -3.5254e-05
34.66 -3.42597e-05
34.67 -3.31501e-05
34.68 -3.19291e-05
34.69 -3.06011e-05
34.7 -2.9171e-05
34.71 -2.76438e-05
34.72 -2.60249e-05
34.73 -2.43201e-05
34.74 -2.25354e-05
34.75 -2.06772e-05
34.76 -1.87518e-05
34.77 -1.67661e-05
34.78 -1.4727e-05
34.79 -1.26417e-05
34.8 -1.05173e-05
34.81 -8.36136e-06
34.82 -6.18123e-06
34.83 -3.98448e-06
34.84 -1.77872e-06
34.85 4.2845e-07
34.86 2.62944e-06
34.87 4.8167e-06
34.88 6.98272e-06
34.89 9.12013e-06
34.9 1.12216e-05
34.91 1.32801e-05
34.92 1.52885e-05
34.93 1.72401e-05
34.94 1.91283e-05
34.95 2.09468e-05
34.96 2.26895e-05
34.97 2.43506e-05
34.98 2.59246e-05
34.99 2.74064e-05
35 2.87911e-05
35.01 3.00742e-05
35.02 3.12516e-05
35.03 3.23196e-05
35.04 3.32747e-05
35.05 3.4114e-05
35.06 3.48351e-05
35.07 3.54357e-05
35.08 3.59141e-05
35.09 3.62691e-05
35.1 3.64997e-05
35.11 3.66056e-05
35.12 3.65867e-05
35.13 3.64435e-05
35.14 3.61768e-05
35.15 3.57878e-05
35.16 3.52782e-05
35.17 3.46501e-05
35.18 3.39059e-05
35.19 3.30484e-05
35.2 3.2081e-05
35.21 3.10071e-05
35.22 2.98308e-05
35.23 2.85561e-05
35.24 2.71878e-05
35.25 2.57307e-05
35.26 2.41899e-05
35.27 2.25709e-05
35.28 2.08793e-05
35.29 1.91211e-05
35.3 1.73024e-05
35.31 1.54295e-05
35.32 1.35088e-05
35.33 1.1547e-05
35.34 9.55076e-06
35.35 7.52702e-06
35.36 5.48266e-06
35.37 3.42469e-06
35.38 1.36012e-06
35.39 -7.0401e-07
35.4 -2.76069e-06
35.41 -4.80292e-06
35.42 -6.82379e-06
35.43 -8.81644e-06
35.44 -1.07741e-05
35.45 -1.26902e-05
35.46 -1.45583e-05
35.47 -1.63721e-05
35.48 -1.81254e-05
35.49 -1.98124e-05
35.5 -2.14275e-05
35.51 -2.29652e-05
35.52 -2.44205e-05
35.53 -2.57885e-05
35.54 -2.70647e-05
35.55 -2.82448e-05
35.56 -2.93251e-05
35.57 -3.03021e-05
35.58 -3.11725e-05
35.59 -3.19337e-05
35.6 -3.25832e-05
35.61 -3.31191e-05
35.62 -3.35398e-05
35.63 -3.3844e-05
35.64 -3.40311e-05
35.65 -3.41006e-05
35.66 -3.40526e-05
35.67 -3.38875e-05
35.68 -3.36062e-05
35.69 -3.32099e-05
35.7 -3.27003e-05
35.71 -3.20794e-05
35.72 -3.13497e-05
35.73 -3.05138e-05
35.74 -2.9575e-05
35.75 -2.85367e-05
35.76 -2.74028e-05
35.77 -2.61774e-05
35.78 -2.4865e-05
35.79 -2.34702e-05
35.8 -2.19981e-05
35.81 -2.0454e-05
35.82 -1.88432e-05
35.83 -1.71716e-05
35.84 -1.54449e-05
35.85 -1.36693e-05
35.86 -1.18509e-05
35.87 -9.99607e-06
35.88 -8.11126e-06
35.89 -6.20296e-06
35.9 -4.27776e-06
35.91 -2.34228e-06
35.92 -4.03138e-07
35.93 1.53303e-06
35.94 3.45964e-06
35.95 5.37014e-06
35.96 7.25805e-06
35.97 9.11702e-06
35.98 1.09408e-05
35.99 1.27232e-05
36 1.44583e-05
36.01 1.61403e-05
36.02 1.77636e-05
36.03 1.93229e-05
36.04 2.0813e-05
36.05 2.22289e-05
36.06 2.35661e-05
36.07 2.48201e-05
36.08 2.5987e-05
36.09 2.7063e-05
36.1 2.80445e-05
36.11 2.89286e-05
36.12 2.97124e-05
36.13 3.03935e-05
36.14 3.09698e-05
36.15 3.14395e-05
36.16 3.18015e-05
36.17 3.20545e-05
36.18 3.21982e-05
36.19 3.22321e-05
36.2 3.21564e-05
36.21 3.19717e-05
36.22 3.16788e-05
36.23 3.12789e-05
36.24 3.07737e-05
36.25 3.0165e-05
36.26 2.94553e-05
36.27 2.8647e-05
36.28 2.77433e-05
36.29 2.67473e-05
36.3 2.56627e-05
36.31 2.44934e-05
36.32 2.32435e-05
36.33 2.19174e-05
36.34 2.052e-05
36.35 1.9056e-05
36.36 1.75306e-05
36.37 1.59493e-05
36.38 1.43174e-05
36.39 1.26407e-05
36.4 1.09251e-05
36.41 9.17643e-06
36.42 7.40083e-06
36.43 5.60441e-06
36.44 3.79338e-06
36.45 1.97399e-06
36.46 1.52493e-07
36.47 -1.66485e-06
36.48 -3.47182e-06
36.49 -5.26223e-06
36.5 -7.02996e-06
36.51 -8.769e-06
36.52 -1.04734e-05
36.53 -1.21375e-05
36.54 -1.37556e-05
36.55 -1.53222e-05
36.56 -1.6832e-05
36.57 -1.82802e-05
36.58 -1.96617e-05
36.59 -2.0972e-05
36.6 -2.22069e-05
36.61 -2.33621e-05
36.62 -2.44341e-05
36.63 -2.54192e-05
36.64 -2.63145e-05
36.65 -2.71169e-05
36.66 -2.7824e-05
36.67 -2.84337e-05
36.68 -2.89441e-05
36.69 -2.93536e-05
36.7 -2.96613e-05
36.71 -2.98663e-05
36.72 -2.99682e-05
36.73 -2.99669e-05
36.74 -2.98627e-05
36.75 -2.96562e-05
36.76 -2.93485e-05
36.77 -2.89408e-05
36.78 -2.84348e-05
36.79 -2.78325e-05
36.8 -2.71363e-05
36.81 -2.63486e-05
36.82 -2.54726e-05
36.83 -2.45113e-05
36.84 -2.34683e-05
36.85 -2.23473e-05
36.86 -2.11524e-05
36.87 -1.98878e-05
36.88 -1.85579e-05
36.89 -1.71676e-05
36.9 -1.57215e-05
36.91 -1.42248e-05
36.92 -1.26827e-05
36.93 -1.11006e-05
36.94 -9.48384e-06
36.95 -7.83807e-06
36.96 -6.16894e-06
36.97 -4.48217e-06
36.98 -2.78354e-06
36.99 -1.07885e-06
37 6.2609e-07
37.01 2.32548e-06
37.02 4.01355e-06
37.03 5.68457e-06
37.04 7.3329e-06
37.05 8.95296e-06
37.06 1.05393e-05
37.07 1.20866e-05
37.08 1.35896e-05
37.09 1.50433e-05
37.1 1.64428e-05
37.11 1.77835e-05
37.12 1.9061e-05
37.13 2.02709e-05
37.14 2.14093e-05
37.15 2.24724e-05
37.16 2.34567e-05
37.17 2.43591e-05
37.18 2.51766e-05
37.19 2.59067e-05
37.2 2.65469e-05
37.21 2.70953e-05
37.22 2.75502e-05
37.23 2.79103e-05
37.24 2.81744e-05
37.25 2.83421e-05
37.26 2.84128e-05
37.27 2.83865e-05
37.28 2.82636e-05
37.29 2.80447e-05
37.3 2.77307e-05
37.31 2.73231e-05
37.32 2.68233e-05
37.33 2.62334e-05
37.34 2.55555e-05
37.35 2.47923e-05
37.36 2.39465e-05
37.37 2.30212e-05
37.38 2.20198e-05
37.39 2.0946e-05
37.4 1.98035e-05
37.41 1.85965e-05
37.42 1.73293e-05
37.43 1.60064e-05
37.44 1.46324e-05
37.45 1.32122e-05
37.46 1.17508e-05
37.47 1.02532e-05
37.48 8.72472e-06
37.49 7.17064e-06
37.5 5.59635e-06
37.51 4.00728e-06
37.52 2.40891e-06
37.53 8.06721e-07
37.54 -7.93793e-07
37.55 -2.38717e-06
37.56 -3.96798e-06
37.57 -5.53085e-06
37.58 -7.07049e-06
37.59 -8.58171e-06
37.6 -1.00594e-05
37.61 -1.14986e-05
37.62 -1.28946e-05
37.63 -1.42426e-05
37.64 -1.55382e-05
37.65 -1.6777e-05
37.66 -1.79551e-05
37.67 -1.90686e-05
37.68 -2.01137e-05
37.69 -2.10872e-05
37.7 -2.19859e-05
37.71 -2.28068e-05
37.72 -2.35475e-05
37.73 -2.42055e-05
37.74 -2.47789e-05
37.75 -2.52659e-05
37.76 -2.5665e-05
37.77 -2.59751e-05
37.78 -2.61954e-05
37.79 -2.63253e-05
37.8 -2.63646e-05
37.81 -2.63133e-05
37.82 -2.61719e-05
37.83 -2.5941e-05
37.84 -2.56217e-05
37.85 -2.52152e-05
37.86 -2.47231e-05
37.87 -2.41473e-05
37.88 -2.34899e-05
37.89 -2.27534e-05
37.9 -2.19404e-05
37.91 -2.10539e-05
37.92 -2.0097e-05
37.93 -1.90732e-05
37.94 -1.79861e-05
37.95 -1.68396e-05
37.96 -1.56377e-05
37.97 -1.43845e-05
37.98 -1.30846e-05
37.99 -1.17424e-05
38 -1.03626e-05
38.01 -8.95007e-06
38.02 -7.50961e-06
38.03 -6.04624e-06
38.04 -4.56502e-06
38.05 -3.07105e-06
38.06 -1.56947e-06
38.07 -6.54513e-08
38.08 1.43586e-06
38.09 2.92932e-06
38.1 4.40983e-06
38.11 5.87234e-06
38.12 7.31187e-06
38.13 8.72354e-06
38.14 1.01026e-05
38.15 1.14443e-05
38.16 1.27442e-05
38.17 1.39979e-05
38.18 1.52012e-05
38.19 1.63501e-05
38.2 1.74408e-05
38.21 1.84696e-05
38.22 1.94333e-05
38.23 2.03285e-05
38.24 2.11525e-05
38.25 2.19026e-05
38.26 2.25763e-05
38.27 2.31716e-05
38.28 2.36867e-05
38.29 2.41199e-05
38.3 2.44699e-05
38.31 2.47359e-05
38.32 2.4917e-05
38.33 2.5013e-05
38.34 2.50236e-05
38.35 2.49491e-05
38.36 2.479e-05
38.37 2.4547e-05
38.38 2.42212e-05
38.39 2.38139e-05
38.4 2.33267e-05
38.41 2.27615e-05
38.42 2.21205e-05
38.43 2.14059e-05
38.44 2.06205e-05
38.45 1.97672e-05
38.46 1.88489e-05
38.47 1.7869e-05
38.48 1.6831e-05
38.49 1.57386e-05
38.5 1.45957e-05
38.51 1.34062e-05
38.52 1.21743e-05
38.53 1.09044e-05
38.54 9.60079e-06
38.55 8.26806e-06
38.56 6.9108e-06
38.57 5.53369e-06
38.58 4.14146e-06
38.59 2.73888e-06
38.6 1.33075e-06
38.61 -7.81222e-08
38.62 -1.48294e-06
38.63 -2.87893e-06
38.64 -4.26136e-06
38.65 -5.62556e-06
38.66 -6.96692e-06
38.67 -8.28091e-06
38.68 -9.56314e-06
38.69 -1.08093e-05
38.7 -1.20152e-05
38.71 -1.31768e-05
38.72 -1.42903e-05
38.73 -1.5352e-05
38.74 -1.63583e-05
38.75 -1.7306e-05
38.76 -1.81919e-05
38.77 -1.90132e-05
38.78 -1.97671e-05
38.79 -2.04513e-05
38.8 -2.10636e-05
38.81 -2.16019e-05
38.82 -2.20647e-05
38.83 -2.24506e-05
38.84 -2.27583e-05
38.85 -2.2987e-05
38.86 -2.3136e-05
38.87 -2.32051e-05
38.88 -2.31942e-05
38.89 -2.31035e-05
38.9 -2.29335e-05
38.91 -2.26849e-05
38.92 -2.23588e-05
38.93 -2.19564e-05
38.94 -2.14794e-05
38.95 -2.09295e-05
38.96 -2.03088e-05
38.97 -1.96196e-05
38.98 -1.88643e-05
38.99 -1.80458e-05
39 -1.71669e-05
39.01 -1.62309e-05
39.02 -1.52411e-05
39.03 -1.4201e-05
39.04 -1.31143e-05
39.05 -1.19848e-05
39.06 -1.08165e-05
39.07 -9.61343e-06
39.08 -8.37992e-06
39.09 -7.1202e-06
39.1 -5.83867e-06
39.11 -4.53975e-06
39.12 -3.22796e-06
39.13 -1.9078e-06
39.14 -5.83824e-07
39.15 7.39427e-07
39.16 2.05743e-06
39.17 3.36567e-06
39.18 4.65972e-06
39.19 5.93517e-06
39.2 7.1877e-06
39.21 8.41309e-06
39.22 9.60722e-06
39.23 1.07661e-05
39.24 1.18858e-05
39.25 1.29627e-05
39.26 1.39931e-05
39.27 1.49736e-05
39.28 1.59011e-05
39.29 1.67725e-05
39.3 1.7585e-05
39.31 1.83359e-05
39.32 1.90228e-05
39.33 1.96436e-05
39.34 2.01963e-05
39.35 2.06792e-05
39.36 2.10907e-05
39.37 2.14298e-05
39.38 2.16954e-05
39.39 2.18867e-05
39.4 2.20034e-05
39.41 2.20452e-05
39.42 2.20121e-05
39.43 2.19045e-05
39.44 2.17228e-05
39.45 2.1468e-05
39.46 2.11409e-05
39.47 2.0743e-05
39.48 2.02757e-05
39.49 1.97408e-05
39.5 1.91402e-05
39.51 1.84763e-05
39.52 1.77512e-05
39.53 1.69678e-05
39.54 1.61288e-05
39.55 1.52371e-05
39.56 1.4296e-05
39.57 1.33087e-05
39.58 1.22787e-05
39.59 1.12096e-05
39.6 1.01052e-05
39.61 8.96928e-06
39.62 7.8058e-06
39.63 6.6188e-06
39.64 5.41237e-06
39.65 4.19068e-06
39.66 2.95793e-06
39.67 1.71837e-06
39.68 4.76241e-07
39.69 -7.64201e-07
39.7 -1.99872e-06
39.71 -3.2231e-06
39.72 -4.43317e-06
39.73 -5.62483e-06
39.74 -6.79404e-06
39.75 -7.93683e-06
39.76 -9.04935e-06
39.77 -1.01279e-05
39.78 -1.11687e-05
39.79 -1.21685e-05
39.8 -1.31238e-05
39.81 -1.40315e-05
39.82 -1.48886e-05
39.83 -1.56922e-05
39.84 -1.64397e-05
39.85 -1.71287e-05
39.86 -1.77569e-05
39.87 -1.83224e-05
39.88 -1.88234e-05
39.89 -1.92582e-05
39.9 -1.96257e-05
39.91 -1.99245e-05
