0.01 -4.96469e-07
0.02 -4.94726e-07
0.03 -4.93649e-07
0.04 -5.0429e-07
0.05 -5.47068e-07
0.06 -6.41109e-07
0.07 -7.89779e-07
0.08 -9.75572e-07
0.09 -1.17035e-06
0.1 -1.35381e-06
0.11 -1.5266e-06
0.12 -1.70957e-06
0.13 -1.93138e-06
0.14 -2.21383e-06
0.15 -2.56388e-06
0.16 -2.97475e-06
0.17 -3.43259e-06
0.18 -3.92294e-06
0.19 -4.43439e-06
0.2 -4.96045e-06
0.21 -5.50084e-06
0.22 -6.06103e-06
0.23 -6.64884e-06
0.24 -7.26919e-06
0.25 -7.92093e-06
0.26 -8.59816e-06
0.27 -9.29508e-06
0.28 -1.001e-05
0.29 -1.07449e-05
0.3 -1.15002e-05
0.31 -1.22669e-05
0.32 -1.30237e-05
0.33 -1.37433e-05
0.34 -1.44075e-05
0.35 -1.50227e-05
0.36 -1.5623e-05
0.37 -1.62552e-05
0.38 -1.6952e-05
0.39 -1.77066e-05
0.4 -1.84676e-05
0.41 -1.91597e-05
0.42 -1.97212e-05
0.43 -2.01342e-05
0.44 -2.04302e-05
0.45 -2.0669e-05
0.46 -2.09057e-05
0.47 -2.1163e-05
0.48 -2.1416e-05
0.49 -2.15979e-05
0.5 -2.16281e-05
0.51 -2.14558e-05
0.52 -2.10946e-05
0.53 -2.06224e-05
0.54 -2.01394e-05
0.55 -1.971e-05
0.56 -1.93303e-05
0.57 -1.89405e-05
0.58 -1.84755e-05
0.59 -1.79198e-05
0.6 -1.73276e-05
0.61 -1.6791e-05
0.62 -1.63748e-05
0.63 -1.60639e-05
0.64 -1.57636e-05
0.65 -1.53573e-05
0.66 -1.47894e-05
0.67 -1.41208e-05
0.68 -1.35124e-05
0.69 -1.31333e-05
0.7 -1.30479e-05
0.71 -1.31563e-05
0.72 -1.32336e-05
0.73 -1.30602e-05
0.74 -1.25686e-05
0.75 -1.19017e-05
0.76 -1.13273e-05
0.77 -1.10604e-05
0.78 -1.11285e-05
0.79 -1.13741e-05
0.8 -1.15712e-05
0.81 -1.15511e-05
0.82 -1.12588e-05
0.83 -1.07403e-05
0.84 -1.01003e-05
0.85 -9.46122e-06
0.86 -8.93123e-06
0.87 -8.58127e-06
0.88 -8.4299e-06
0.89 -8.43726e-06
0.9 -8.51432e-06
0.91 -8.55159e-06
0.92 -8.46059e-06
0.93 -8.21437e-06
0.94 -7.87231e-06
0.95 -7.57166e-06
0.96 -7.46997e-06
0.97 -7.64965e-06
0.98 -8.03923e-06
0.99 -8.42142e-06
1 -8.551e-06
1.01 -8.32009e-06
1.02 -7.85654e-06
1.03 -7.47568e-06
1.04 -7.50244e-06
1.05 -8.06884e-06
1.06 -9.01116e-06
1.07 -9.93643e-06
1.08 -1.04387e-05
1.09 -1.03626e-05
1.1 -9.98097e-06
1.11 -9.97174e-06
1.12 -1.11194e-05
1.13 -1.37948e-05
1.14 -1.7525e-05
1.15 -2.10611e-05
1.16 -2.30217e-05
1.17 -2.27262e-05
1.18 -2.06769e-05
1.19 -1.83589e-05
1.2 -1.74117e-05
1.21 -1.86307e-05
1.22 -2.14642e-05
1.23 -2.44015e-05
1.24 -2.59986e-05
1.25 -2.57713e-05
1.26 -2.42919e-05
1.27 -2.25026e-05
1.28 -2.08787e-05
1.29 -1.9115e-05
1.3 -1.65149e-05
1.31 -1.27148e-05
1.32 -8.15832e-06
1.33 -3.94185e-06
1.34 -1.09603e-06
1.35 2.17146e-07
1.36 1.01143e-06
1.37 3.01562e-06
1.38 7.6881e-06
1.39 1.53252e-05
1.4 2.48577e-05
1.41 3.44749e-05
1.42 4.26417e-05
1.43 4.88413e-05
1.44 5.36333e-05
1.45 5.81164e-05
1.46 6.32442e-05
1.47 6.94215e-05
1.48 7.64964e-05
1.49 8.3963e-05
1.5 9.11396e-05
1.51 9.72545e-05
1.52 0.00010154
1.53 0.000103426
1.54 0.000102783
1.55 0.000100086
1.56 9.63748e-05
1.57 9.29925e-05
1.58 9.10467e-05
1.59 9.07005e-05
1.6 9.07335e-05
1.61 8.89592e-05
1.62 8.35294e-05
1.63 7.42715e-05
1.64 6.29787e-05
1.65 5.23442e-05
1.66 4.42985e-05
1.67 3.88944e-05
1.68 3.44193e-05
1.69 2.85685e-05
1.7 1.98827e-05
1.71 8.52889e-06
1.72 -4.03006e-06
1.73 -1.61417e-05
1.74 -2.69923e-05
1.75 -3.68762e-05
1.76 -4.66787e-05
1.77 -5.70708e-05
1.78 -6.79772e-05
1.79 -7.85842e-05
1.8 -8.7793e-05
1.81 -9.4816e-05
1.82 -9.95852e-05
1.83 -0.000102741
1.84 -0.000105189
1.85 -0.000107514
1.86 -0.00010964
1.87 -0.000110973
1.88 -0.000110869
1.89 -0.000109107
1.9 -0.000106071
1.91 -0.00010253
1.92 -9.91382e-05
1.93 -9.59809e-05
1.94 -9.25376e-05
1.95 -8.81265e-05
1.96 -8.24906e-05
1.97 -7.60383e-05
1.98 -6.9575e-05
1.99 -6.37961e-05
2 -5.89428e-05
2.01 -5.48047e-05
2.02 -5.09607e-05
2.03 -4.70304e-05
2.04 -4.27979e-05
2.05 -3.82222e-05
2.06 -3.34307e-05
2.07 -2.87337e-05
2.08 -2.45952e-05
2.09 -2.14815e-05
2.1 -1.96286e-05
2.11 -1.88888e-05
2.12 -1.88065e-05
2.13 -1.8908e-05
2.14 -1.90054e-05
2.15 -1.92789e-05
2.16 -2.00733e-05
2.17 -2.15775e-05
2.18 -2.36299e-05
2.19 -2.57518e-05
2.2 -2.73358e-05
2.21 -2.78782e-05
2.22 -2.71915e-05
2.23 -2.55193e-05
2.24 -2.34316e-05
2.25 -2.14518e-05
2.26 -1.96134e-05
2.27 -1.73117e-05
2.28 -1.36508e-05
2.29 -8.04726e-06
2.3 -5.77658e-07
2.31 8.24574e-06
2.32 1.80725e-05
2.33 2.91107e-05
2.34 4.18743e-05
2.35 5.64072e-05
2.36 7.16821e-05
2.37 8.58603e-05
2.38 9.73996e-05
2.39 0.000106205
2.4 0.000113914
2.41 0.000123048
2.42 0.000135553
2.43 0.000151627
2.44 0.000169534
2.45 0.000186492
2.46 0.000200099
2.47 0.00020945
2.48 0.000215307
2.49 0.000219349
2.5 0.000223137
2.51 0.000227491
2.52 0.000232499
2.53 0.000237832
2.54 0.000242942
2.55 0.000247049
2.56 0.000249165
2.57 0.000248381
2.58 0.00024433
2.59 0.000237485
2.6 0.000229023
2.61 0.000220272
2.62 0.000212092
2.63 0.00020456
2.64 0.000197112
2.65 0.000188999
2.66 0.000179731
2.67 0.000169263
2.68 0.000157893
2.69 0.000146034
2.7 0.000134069
2.71 0.000122355
2.72 0.000111224
2.73 0.000100852
2.74 9.10439e-05
2.75 8.1197e-05
2.76 7.05888e-05
2.77 5.88589e-05
2.78 4.63205e-05
2.79 3.38321e-05
2.8 2.22891e-05
2.81 1.2094e-05
2.82 2.96687e-06
2.83 -5.81513e-06
2.84 -1.49571e-05
2.85 -2.47914e-05
2.86 -3.52325e-05
2.87 -4.60116e-05
2.88 -5.6987e-05
2.89 -6.83194e-05
2.9 -8.03937e-05
2.91 -9.35176e-05
2.92 -0.000107581
2.93 -0.00012195
2.94 -0.000135758
2.95 -0.000148448
2.96 -0.000160183
2.97 -0.000171789
2.98 -0.000184255
2.99 -0.000198114
3 -0.000213102
3.01 -0.000228269
3.02 -0.000242442
3.03 -0.000254739
3.04 -0.000264905
3.05 -0.000273301
3.06 -0.000280623
3.07 -0.000287484
3.08 -0.000294072
3.09 -0.000300029
3.1 -0.000304639
3.11 -0.000307231
3.12 -0.000307551
3.13 -0.000305837
3.14 -0.000302571
3.15 -0.000298136
3.16 -0.000292623
3.17 -0.000285844
3.18 -0.00027747
3.19 -0.000267212
3.2 -0.000254978
3.21 -0.000240974
3.22 -0.000225643
3.23 -0.000209493
3.24 -0.000192921
3.25 -0.00017614
3.26 -0.000159207
3.27 -0.000142055
3.28 -0.000124518
3.29 -0.000106367
3.3 -8.74028e-05
3.31 -6.75952e-05
3.32 -4.71701e-05
3.33 -2.66179e-05
3.34 -6.62619e-06
3.35 1.20497e-05
3.36 2.87943e-05
3.37 4.33902e-05
3.38 5.61948e-05
3.39 6.80526e-05
3.4 7.98645e-05
3.41 9.20028e-05
3.42 0.000103959
3.43 0.00011453
3.44 0.000122482
3.45 0.000127314
3.46 0.0001296
3.47 0.000130675
3.48 0.000131856
3.49 0.000133709
3.5 0.000135838
3.51 0.000137306
3.52 0.000137375
3.53 0.000136009
3.54 0.000133836
3.55 0.000131626
3.56 0.000129708
3.57 0.000127749
3.58 0.000125061
3.59 0.0001212
3.6 0.000116458
3.61 0.000111881
3.62 0.000108772
3.63 0.000107944
3.64 0.000109225
3.65 0.000111571
3.66 0.000113704
3.67 0.000114889
3.68 0.000115362
3.69 0.000116161
3.7 0.000118487
3.71 0.000123006
3.72 0.000129518
3.73 0.000137118
3.74 0.000144683
3.75 0.00015136
3.76 0.000156859
3.77 0.000161456
3.78 0.00016576
3.79 0.000170346
3.8 0.00017539
3.81 0.000180504
3.82 0.000184873
3.83 0.000187662
3.84 0.000188416
3.85 0.000187198
3.86 0.000184414
3.87 0.000180521
3.88 0.00017581
3.89 0.000170325
3.9 0.000163858
3.91 0.00015601
3.92 0.000146336
3.93 0.000134548
3.94 0.000120638
3.95 0.000104821
3.96 8.73543e-05
3.97 6.84538e-05
3.98 4.84191e-05
3.99 2.78285e-05
4 7.5263e-06
4.01 -1.17429e-05
4.02 -2.98741e-05
4.03 -4.77191e-05
4.04 -6.68324e-05
4.05 -8.86377e-05
4.06 -0.000113442
4.07 -0.000139939
4.08 -0.000165631
4.09 -0.000188007
4.1 -0.000205773
4.11 -0.000219377
4.12 -0.000230534
4.13 -0.000241165
4.14 -0.000252456
4.15 -0.000264477
4.16 -0.000276336
4.17 -0.000286593
4.18 -0.000293762
4.19 -0.000296839
4.2 -0.00029575
4.21 -0.000291467
4.22 -0.000285616
4.23 -0.000279699
4.24 -0.000274376
4.25 -0.000269238
4.26 -0.000263174
4.27 -0.000255077
4.28 -0.00024447
4.29 -0.000231715
4.3 -0.000217773
4.31 -0.000203671
4.32 -0.000190011
4.33 -0.000176791
4.34 -0.000163618
4.35 -0.000150145
4.36 -0.000136382
4.37 -0.000122655
4.38 -0.000109251
4.39 -9.60791e-05
4.4 -8.26481e-05
4.41 -6.83974e-05
4.42 -5.31265e-05
4.43 -3.72064e-05
4.44 -2.14074e-05
4.45 -6.44567e-06
4.46 7.4553e-06
4.47 2.07062e-05
4.48 3.41053e-05
4.49 4.8342e-05
4.5 6.35245e-05
4.51 7.89996e-05
4.52 9.35818e-05
4.53 0.00010609
4.54 0.000115945
4.55 0.000123522
4.56 0.000130039
4.57 0.000136959
4.58 0.00014521
4.59 0.000154669
4.6 0.000164286
4.61 0.00017281
4.62 0.000179678
4.63 0.000185445
4.64 0.000191438
4.65 0.000198876
4.66 0.000208097
4.67 0.000218394
4.68 0.000228467
4.69 0.000237079
4.7 0.000243494
4.71 0.000247572
4.72 0.000249678
4.73 0.000250526
4.74 0.000250992
4.75 0.000251814
4.76 0.000253247
4.77 0.000254819
4.78 0.000255403
4.79 0.000253673
4.8 0.000248764
4.81 0.000240784
4.82 0.000230832
4.83 0.00022045
4.84 0.000210793
4.85 0.000202023
4.86 0.000193291
4.87 0.000183334
4.88 0.000171295
4.89 0.00015729
4.9 0.000142397
4.91 0.000128008
4.92 0.000114928
4.93 0.000102805
4.94 9.0323e-05
4.95 7.60871e-05
4.96 5.95749e-05
4.97 4.15054e-05
4.98 2.34145e-05
4.99 6.7963e-06
5 -7.59812e-06
5.01 -1.99344e-05
5.02 -3.09855e-05
5.03 -4.16556e-05
5.04 -5.26266e-05
5.05 -6.4203e-05
5.06 -7.62903e-05
5.07 -8.84408e-05
5.08 -9.99769e-05
5.09 -0.000110186
5.1 -0.000118525
5.11 -0.000124759
5.12 -0.000129038
5.13 -0.000131863
5.14 -0.000133944
5.15 -0.000135922
5.16 -0.000138134
5.17 -0.000140554
5.18 -0.000142929
5.19 -0.000144941
5.2 -0.000146288
5.21 -0.000146699
5.22 -0.000145985
5.23 -0.00014417
5.24 -0.000141602
5.25 -0.000138913
5.26 -0.00013681
5.27 -0.00013581
5.28 -0.000136074
5.29 -0.000137395
5.3 -0.000139309
5.31 -0.00014127
5.32 -0.000142883
5.33 -0.000144145
5.34 -0.000145541
5.35 -0.000147865
5.36 -0.000151797
5.37 -0.000157469
5.38 -0.00016429
5.39 -0.000171117
5.4 -0.000176637
5.41 -0.000179811
5.42 -0.000180251
5.43 -0.000178393
5.44 -0.000175335
5.45 -0.000172296
5.46 -0.000169929
5.47 -0.000167865
5.48 -0.000164765
5.49 -0.000158836
5.5 -0.000148554
5.51 -0.000133228
5.52 -0.000113237
5.53 -8.99441e-05
5.54 -6.53647e-05
5.55 -4.1558e-05
5.56 -1.98421e-05
5.57 -1.75912e-07
5.58 1.88547e-05
5.59 3.93335e-05
5.6 6.29704e-05
5.61 9.03218e-05
5.62 0.000120689
5.63 0.00015272
5.64 0.000185357
5.65 0.000218556
5.66 0.000253221
5.67 0.000290323
5.68 0.000329814
5.69 0.000370118
5.7 0.000408553
5.71 0.000442389
5.72 0.000469917
5.73 0.000491011
5.74 0.000506933
5.75 0.000519424
5.76 0.000529471
5.77 0.000536403
5.78 0.000537965
5.79 0.000531426
5.8 0.000515051
5.81 0.000489045
5.82 0.000455478
5.83 0.000417343
5.84 0.000377337
5.85 0.000336908
5.86 0.000295925
5.87 0.00025307
5.88 0.000206732
5.89 0.00015596
5.9 0.000100973
5.91 4.30372e-05
5.92 -1.60363e-05
5.93 -7.44339e-05
5.94 -0.00013076
5.95 -0.000184419
5.96 -0.000235933
5.97 -0.000286871
5.98 -0.00033908
5.99 -0.000393312
6 -0.000447967
6.01 -0.000498875
6.02 -0.00054053
6.03 -0.000568187
6.04 -0.000579594
6.05 -0.000575393
6.06 -0.00055818
6.07 -0.000531062
6.08 -0.00049655
6.09 -0.000456181
6.1 -0.000410619
6.11 -0.000359854
6.12 -0.000303283
6.13 -0.000239807
6.14 -0.000168185
6.15 -8.77899e-05
6.16 3.82662e-07
6.17 9.30293e-05
6.18 0.000184887
6.19 0.000270371
6.2 0.000345838
6.21 0.000411148
6.22 0.000469501
6.23 0.000525473
6.24 0.000582172
6.25 0.000638786
6.26 0.000689628
6.27 0.000725333
6.28 0.000736101
6.29 0.000715778
6.3 0.0006647
6.31 0.000589618
6.32 0.000500754
6.33 0.000407861
6.34 0.000317568
6.35 0.000232965
6.36 0.000154662
6.37 8.18833e-05
6.38 1.28148e-05
6.39 -5.54378e-05
6.4 -0.000126438
6.41 -0.000203198
6.42 -0.000286718
6.43 -0.000375409
6.44 -0.000466122
6.45 -0.000556283
6.46 -0.000645334
6.47 -0.000733842
6.48 -0.000820496
6.49 -0.000899478
6.5 -0.000961038
6.51 -0.000995881
6.52 -0.00100071
6.53 -0.000980907
6.54 -0.000948237
6.55 -0.000914963
6.56 -0.000888361
6.57 -0.000868674
6.58 -0.000850745
6.59 -0.000827313
6.6 -0.00079192
6.61 -0.000740689
6.62 -0.000673189
6.63 -0.000592532
6.64 -0.000504432
6.65 -0.000415111
6.66 -0.000328759
6.67 -0.000245934
6.68 -0.000164007
6.69 -7.94471e-05
6.7 9.54459e-06
6.71 0.000101895
6.72 0.000194721
6.73 0.000285651
6.74 0.000374576
6.75 0.000463624
6.76 0.000555567
6.77 0.000651817
6.78 0.000751028
6.79 0.000848542
6.8 0.000936705
6.81 0.00100634
6.82 0.00104958
6.83 0.00106329
6.84 0.0010511
6.85 0.00102266
6.86 0.000990142
6.87 0.000963887
6.88 0.000949152
6.89 0.000944926
6.9 0.000944813
6.91 0.000939407
6.92 0.000919487
6.93 0.000879208
6.94 0.000818311
6.95 0.000742314
6.96 0.000660246
6.97 0.000580629
6.98 0.000507506
6.99 0.000438473
7 0.000365747
7.01 0.000279814
7.02 0.00017402
7.03 4.80798e-05
7.04 -9.1125e-05
7.05 -0.000232142
7.06 -0.000364065
7.07 -0.000481663
7.08 -0.000587508
7.09 -0.000689764
7.1 -0.000797263
7.11 -0.00091482
7.12 -0.0010404
7.13 -0.00116402
7.14 -0.00126888
7.15 -0.0013365
7.16 -0.00135564
7.17 -0.00132987
7.18 -0.00127784
7.19 -0.00122493
7.2 -0.00119139
7.21 -0.00118404
7.22 -0.00119501
7.23 -0.00120718
7.24 -0.00120282
7.25 -0.00117153
7.26 -0.00111415
7.27 -0.0010411
7.28 -0.000966584
7.29 -0.000901778
7.3 -0.000850322
7.31 -0.000807873
7.32 -0.000765327
7.33 -0.000713651
7.34 -0.000647744
7.35 -0.000567659
7.36 -0.000477321
7.37 -0.000382204
7.38 -0.000287394
7.39 -0.000196548
7.4 -0.00011148
7.41 -3.20119e-05
7.42 4.39045e-05
7.43 0.000119661
7.44 0.000199086
7.45 0.000285456
7.46 0.000380731
7.47 0.000485067
7.48 0.000596535
7.49 0.000710931
7.5 0.000821656
7.51 0.000919895
7.52 0.000995842
7.53 0.00104156
7.54 0.00105474
7.55 0.00104098
7.56 0.00101229
7.57 0.00098184
7.58 0.000958072
7.59 0.000941812
7.6 0.00092775
7.61 0.000908648
7.62 0.00087942
7.63 0.000839233
7.64 0.000791326
7.65 0.000741229
7.66 0.000694326
7.67 0.000653705
7.68 0.000619109
7.69 0.00058736
7.7 0.000554038
7.71 0.000515681
7.72 0.000471499
7.73 0.000423812
7.74 0.000377004
7.75 0.000335567
7.76 0.000302219
7.77 0.000276933
7.78 0.000257132
7.79 0.000238703
7.8 0.000217311
7.81 0.000189709
7.82 0.000154997
7.83 0.000115573
7.84 7.71274e-05
7.85 4.70381e-05
7.86 3.13955e-05
7.87 3.19791e-05
7.88 4.49967e-05
7.89 6.26085e-05
7.9 7.66667e-05
7.91 8.27416e-05
7.92 8.22543e-05
7.93 8.1555e-05
7.94 8.8479e-05
7.95 0.000108231
7.96 0.000140643
7.97 0.000180008
7.98 0.000217471
7.99 0.000244837
8 0.00025804
8.01 0.000258597
8.02 0.000252345
8.03 0.00024609
8.04 0.000243841
8.05 0.000244514
8.06 0.000242194
8.07 0.000228869
8.08 0.000198351
8.09 0.00014947
8.1 8.68867e-05
8.11 1.91636e-05
8.12 -4.48628e-05
8.13 -9.95168e-05
8.14 -0.000143915
8.15 -0.00018126
8.16 -0.000216526
8.17 -0.000254007
8.18 -0.000295931
8.19 -0.000342347
8.2 -0.000391627
8.21 -0.000440855
8.22 -0.000486084
8.23 -0.000522964
8.24 -0.000547972
8.25 -0.000559793
8.26 -0.000560023
8.27 -0.000552742
8.28 -0.000543074
8.29 -0.000535366
8.3 -0.000531765
8.31 -0.000531797
8.32 -0.000533093
8.33 -0.000532897
8.34 -0.000529603
8.35 -0.000523644
8.36 -0.000517528
8.37 -0.000515221
8.38 -0.000521197
8.39 -0.00053919
8.4 -0.000570636
8.41 -0.000613222
8.42 -0.000660509
8.43 -0.000703493
8.44 -0.000733859
8.45 -0.000747343
8.46 -0.00074526
8.47 -0.000733344
8.48 -0.000718659
8.49 -0.000706306
8.5 -0.000697488
8.51 -0.000689737
8.52 -0.000679278
8.53 -0.000664347
8.54 -0.000647162
8.55 -0.000632659
8.56 -0.000624506
8.57 -0.000621336
8.58 -0.000616338
8.59 -0.000600784
8.6 -0.000569081
8.61 -0.000521759
8.62 -0.00046461
8.63 -0.000405058
8.64 -0.000348479
8.65 -0.000296494
8.66 -0.000247324
8.67 -0.000196968
8.68 -0.000140113
8.69 -7.07669e-05
8.7 1.67245e-05
8.71 0.000125985
8.72 0.000256932
8.73 0.000405311
8.74 0.000564106
8.75 0.000726182
8.76 0.000886443
8.77 0.00104191
8.78 0.00118971
8.79 0.00132464
8.8 0.00143827
8.81 0.00152051
8.82 0.00156319
8.83 0.00156423
8.84 0.00153007
8.85 0.00147444
8.86 0.00141383
8.87 0.00136196
8.88 0.0013259
8.89 0.00130469
8.9 0.00129041
8.91 0.00127135
8.92 0.00123666
8.93 0.00118096
8.94 0.00110691
8.95 0.00102441
8.96 0.000946531
8.97 0.000883851
8.98 0.000839699
8.99 0.000808604
9 0.000778755
9.01 0.000737072
9.02 0.000674255
9.03 0.000587711
9.04 0.00048169
9.05 0.000365181
9.06 0.000248546
9.07 0.000140085
9.08 4.35648e-05
9.09 -4.2543e-05
9.1 -0.000124026
9.11 -0.000208564
9.12 -0.000302822
9.13 -0.000409851
9.14 -0.000527682
9.15 -0.000649874
9.16 -0.000768102
9.17 -0.000875403
9.18 -0.000967768
9.19 -0.00104296
9.2 -0.00109824
9.21 -0.00113009
9.22 -0.00113689
9.23 -0.00112204
9.24 -0.00109434
9.25 -0.00106457
9.26 -0.00104091
9.27 -0.00102605
9.28 -0.00101736
9.29 -0.00100948
9.3 -0.000997315
9.31 -0.000978088
9.32 -0.000951636
9.33 -0.000919529
9.34 -0.000883885
9.35 -0.000846501
9.36 -0.000808409
9.37 -0.000769726
9.38 -0.000729855
9.39 -0.000688074
9.4 -0.000644272
9.41 -0.000599293
9.42 -0.000554536
9.43 -0.000511037
9.44 -0.00046868
9.45 -0.000426099
9.46 -0.000381328
9.47 -0.000332722
9.48 -0.000279582
9.49 -0.000222231
9.5 -0.000161632
9.51 -9.89034e-05
9.52 -3.50134e-05
9.53 2.92178e-05
9.54 9.29289e-05
9.55 0.000155139
9.56 0.000214992
9.57 0.00027221
9.58 0.000327298
9.59 0.0003811
9.6 0.000433781
9.61 0.00048391
9.62 0.000528423
9.63 0.000563768
9.64 0.00058767
9.65 0.000600378
9.66 0.000604434
9.67 0.000603081
9.68 0.000598401
9.69 0.000590511
9.7 0.000578186
9.71 0.000560231
9.72 0.000536439
9.73 0.000507614
9.74 0.000475013
9.75 0.000439958
9.76 0.00040396
9.77 0.000369
9.78 0.000337321
9.79 0.000310474
9.8 0.000288147
9.81 0.000267718
9.82 0.000245141
9.83 0.000216822
9.84 0.000181394
9.85 0.000140368
9.86 9.74225e-05
9.87 5.68794e-05
9.88 2.21772e-05
9.89 -5.14575e-06
9.9 -2.57744e-05
9.91 -4.21956e-05
9.92 -5.7517e-05
9.93 -7.37944e-05
9.94 -9.06348e-05
9.95 -0.00010502
9.96 -0.000112696
9.97 -0.000110393
9.98 -9.74855e-05
9.99 -7.60592e-05
10 -4.94554e-05
10.01 -2.03313e-05
10.02 1.05502e-05
10.03 4.4242e-05
10.04 8.25272e-05
10.05 0.000126526
10.06 0.000175638
10.07 0.000227184
10.08 0.000276886
10.09 0.000320021
10.1 0.00035292
10.11 0.000374242
10.12 0.000385454
10.13 0.000390155
10.14 0.000392533
10.15 0.000395653
10.16 0.000400338
10.17 0.000404917
10.18 0.000405763
10.19 0.000398444
10.2 0.000379342
10.21 0.000347338
10.22 0.000304811
10.23 0.000257206
10.24 0.000211064
10.25 0.000171363
10.26 0.000139507
10.27 0.000113081
10.28 8.74473e-05
10.29 5.82384e-05
10.3 2.32925e-05
10.31 -1.69044e-05
10.32 -6.02034e-05
10.33 -0.00010438
10.34 -0.000148368
10.35 -0.000192518
10.36 -0.000237856
10.37 -0.000284852
10.38 -0.000332533
10.39 -0.000378482
10.4 -0.000419699
10.41 -0.000453635
10.42 -0.000478675
10.43 -0.000493931
10.44 -0.000498895
10.45 -0.000493615
10.46 -0.000479413
10.47 -0.000459449
10.48 -0.000438346
10.49 -0.000420737
10.5 -0.000409403
10.51 -0.000404071
10.52 -0.000401559
10.53 -0.000397178
10.54 -0.000386693
10.55 -0.000367953
10.56 -0.000341627
10.57 -0.000310861
10.58 -0.000280119
10.59 -0.000253707
10.6 -0.000234563
10.61 -0.000223663
10.62 -0.000220019
10.63 -0.000221131
10.64 -0.00022386
10.65 -0.000225797
10.66 -0.000226794
10.67 -0.000229821
10.68 -0.000240298
10.69 -0.00026397
10.7 -0.000304467
10.71 -0.000361931
10.72 -0.000433134
10.73 -0.000512407
10.74 -0.000592553
10.75 -0.000665797
10.76 -0.000725342
10.77 -0.000767555
10.78 -0.000793607
10.79 -0.000809009
10.8 -0.00082051
10.81 -0.000831823
10.82 -0.000840938
10.83 -0.000840969
10.84 -0.000824147
10.85 -0.000786516
10.86 -0.00073052
10.87 -0.00066401
10.88 -0.000596137
10.89 -0.000532355
10.9 -0.000471243
10.91 -0.000404915
10.92 -0.000322787
10.93 -0.000216737
10.94 -8.49732e-05
10.95 6.72559e-05
10.96 0.000230473
10.97 0.000396093
10.98 0.000561425
10.99 0.000731733
11 0.000917659
11.01 0.00112919
11.02 0.00136937
11.03 0.00162978
11.04 0.00188769
11.05 0.00210697
11.06 0.00224782
11.07 0.00228502
11.08 0.00222315
11.09 0.00209579
11.1 0.00194876
11.11 0.00181984
11.12 0.00172633
11.13 0.00166348
11.14 0.00161158
11.15 0.0015478
11.16 0.00145792
11.17 0.00134244
11.18 0.00121443
11.19 0.00109159
11.2 0.000987205
11.21 0.000904022
11.22 0.000831289
11.23 0.000744598
11.24 0.000610223
11.25 0.000397127
11.26 9.54349e-05
11.27 -0.000268972
11.28 -0.000638135
11.29 -0.000947695
11.3 -0.00115884
11.31 -0.00127385
11.32 -0.00132841
11.33 -0.00137284
11.34 -0.00145174
11.35 -0.0015817
11.36 -0.00173473
11.37 -0.00184857
11.38 -0.00186666
11.39 -0.00177648
11.4 -0.00161523
11.41 -0.00144452
11.42 -0.00131816
11.43 -0.00126057
11.44 -0.00126081
11.45 -0.00128183
11.46 -0.00128062
11.47 -0.00122921
11.48 -0.00112595
11.49 -0.000992869
11.5 -0.000863462
11.51 -0.000767686
11.52 -0.000719643
11.53 -0.000711611
11.54 -0.000717072
11.55 -0.000702186
11.56 -0.000640493
11.57 -0.000523668
11.58 -0.00036382
11.59 -0.00018743
11.6 -2.43649e-05
11.61 0.000103532
11.62 0.000190199
11.63 0.000246655
11.64 0.000295288
11.65 0.000359435
11.66 0.000452863
11.67 0.000574122
11.68 0.000708323
11.69 0.000834757
11.7 0.00093547
11.71 0.00100008
11.72 0.00102595
11.73 0.00101644
11.74 0.000979717
11.75 0.000927587
11.76 0.000872388
11.77 0.000822305
11.78 0.000778073
11.79 0.000733632
11.8 0.000680444
11.81 0.00061277
11.82 0.000531003
11.83 0.000441622
11.84 0.000354123
11.85 0.000276664
11.86 0.00021259
11.87 0.000159333
11.88 0.000109863
11.89 5.56728e-05
11.9 -1.0132e-05
11.91 -9.07016e-05
11.92 -0.000184722
11.93 -0.000287018
11.94 -0.000390079
11.95 -0.000486002
11.96 -0.000568374
11.97 -0.000633576
11.98 -0.000681091
11.99 -0.000712716
12 -0.000731128
12.01 -0.000738584
12.02 -0.000736365
12.03 -0.00072498
12.04 -0.000704713
12.05 -0.000675993
12.06 -0.000639355
12.07 -0.000594987
12.08 -0.000542133
12.09 -0.000478793
12.1 -0.000402213
12.11 -0.000310276
12.12 -0.000203255
12.13 -8.49235e-05
12.14 3.7897e-05
12.15 0.000157472
12.16 0.000268102
12.17 0.000368395
12.18 0.000461642
12.19 0.000554076
12.2 0.000652116
12.21 0.000759969
12.22 0.000878021
12.23 0.00100154
12.24 0.00111981
12.25 0.00121742
12.26 0.00127907
12.27 0.00129646
12.28 0.00127298
12.29 0.0012225
12.3 0.00116294
12.31 0.00110864
12.32 0.00106583
12.33 0.00103271
12.34 0.00100253
12.35 0.000967684
12.36 0.000922805
12.37 0.000866463
12.38 0.000801218
12.39 0.000732324
12.4 0.000665391
12.41 0.0006037
12.42 0.000546391
12.43 0.00048872
12.44 0.000424583
12.45 0.000350071
12.46 0.000265997
12.47 0.000177861
12.48 9.32823e-05
12.49 1.83849e-05
12.5 -4.49452e-05
12.51 -9.969e-05
12.52 -0.000152179
12.53 -0.00020938
12.54 -0.000276314
12.55 -0.000354539
12.56 -0.000441881
12.57 -0.000533084
12.58 -0.000620913
12.59 -0.000697512
12.6 -0.000755999
12.61 -0.000792173
12.62 -0.000805918
12.63 -0.000801599
12.64 -0.000786967
12.65 -0.000770793
12.66 -0.000760178
12.67 -0.000758708
12.68 -0.000766104
12.69 -0.000779259
12.7 -0.000794003
12.71 -0.000806788
12.72 -0.000815701
12.73 -0.000820573
12.74 -0.000822378
12.75 -0.000822379
12.76 -0.000821477
12.77 -0.00081997
12.78 -0.000817602
12.79 -0.000813681
12.8 -0.000807114
12.81 -0.000796461
12.82 -0.000780157
12.83 -0.000756933
12.84 -0.000726235
12.85 -0.000688314
12.86 -0.000643908
12.87 -0.000593733
12.88 -0.000538162
12.89 -0.000477233
12.9 -0.000410829
12.91 -0.000338795
12.92 -0.000260944
12.93 -0.000177192
12.94 -8.79778e-05
12.95 5.2151e-06
12.96 9.9686e-05
12.97 0.000192087
12.98 0.000279649
12.99 0.000361423
13 0.00043862
13.01 0.000513603
13.02 0.000587994
13.03 0.000661049
13.04 0.000729172
13.05 0.00078664
13.06 0.000827194
13.07 0.000846262
13.08 0.000843231
13.09 0.000822413
13.1 0.000791477
13.11 0.000757873
13.12 0.000725622
13.13 0.000694674
13.14 0.000662941
13.15 0.000629104
13.16 0.00059402
13.17 0.000560053
13.18 0.00052922
13.19 0.000501724
13.2 0.000475829
13.21 0.000448974
13.22 0.000419274
13.23 0.000386496
13.24 0.000352147
13.25 0.000318905
13.26 0.00028979
13.27 0.000267373
13.28 0.00025313
13.29 0.000247012
13.3 0.000247354
13.31 0.000251292
13.32 0.000255675
13.33 0.000258176
13.34 0.000258097
13.35 0.000256424
13.36 0.000255104
13.37 0.000255954
13.38 0.000259798
13.39 0.00026625
13.4 0.000274115
13.41 0.000282093
13.42 0.000289412
13.43 0.000296066
13.44 0.000302549
13.45 0.000309205
13.46 0.000315616
13.47 0.000320481
13.48 0.000322138
13.49 0.000319429
13.5 0.00031227
13.51 0.000301458
13.52 0.000287789
13.53 0.000271112
13.54 0.000250048
13.55 0.000222629
13.56 0.000187491
13.57 0.000144892
13.58 9.69219e-05
13.59 4.67881e-05
13.6 -2.47721e-06
13.61 -4.9236e-05
13.62 -9.3826e-05
13.63 -0.000138304
13.64 -0.000185571
13.65 -0.000238299
13.66 -0.000298029
13.67 -0.000364636
13.68 -0.000436234
13.69 -0.00050952
13.7 -0.000580543
13.71 -0.000645675
13.72 -0.000702504
13.73 -0.00075029
13.74 -0.000789753
13.75 -0.000822249
13.76 -0.000848724
13.77 -0.000869009
13.78 -0.000881776
13.79 -0.00088506
13.8 -0.000877034
13.81 -0.00085675
13.82 -0.00082469
13.83 -0.000783007
13.84 -0.000735363
13.85 -0.000686222
13.86 -0.000639508
13.87 -0.000596967
13.88 -0.000557019
13.89 -0.000515002
13.9 -0.000465076
13.91 -0.000403021
13.92 -0.000328478
13.93 -0.000245412
13.94 -0.000160509
13.95 -8.03501e-05
13.96 -8.75266e-06
13.97 5.45552e-05
13.98 0.000113474
13.99 0.000173647
14 0.000239987
14.01 0.000314545
14.02 0.000395469
14.03 0.000477458
14.04 0.000553545
14.05 0.000617459
14.06 0.000665476
14.07 0.000696923
14.08 0.000713302
14.09 0.000716823
14.1 0.000709359
14.11 0.000692283
14.12 0.000666962
14.13 0.000635326
14.14 0.000600025
14.15 0.000563996
14.16 0.000529541
14.17 0.000497399
14.18 0.000466368
14.19 0.000433833
14.2 0.00039702
14.21 0.000354387
14.22 0.000306438
14.23 0.000255545
14.24 0.00020484
14.25 0.000156788
14.26 0.000112246
14.27 7.05215e-05
14.28 3.03488e-05
14.29 -8.91507e-06
14.3 -4.6656e-05
14.31 -8.13079e-05
14.32 -0.000111332
14.33 -0.00013617
14.34 -0.00015646
14.35 -0.000173317
14.36 -0.000187135
14.37 -0.000196799
14.38 -0.000199862
14.39 -0.000193602
14.4 -0.000176302
14.41 -0.000148057
14.42 -0.000110808
14.43 -6.78164e-05
14.44 -2.29917e-05
14.45 1.97678e-05
14.46 5.73863e-05
14.47 8.86032e-05
14.48 0.000114737
14.49 0.000139549
14.5 0.000167869
14.51 0.000203392
14.52 0.000246746
14.53 0.00029491
14.54 0.000342301
14.55 0.000382945
14.56 0.00041255
14.57 0.000429527
14.58 0.0004347
14.59 0.000430167
14.6 0.000418038
14.61 0.000399612
14.62 0.000375189
14.63 0.000344356
14.64 0.000306475
14.65 0.000261088
14.66 0.000208147
14.67 0.00014809
14.68 8.17708e-05
14.69 1.0272e-05
14.7 -6.53626e-05
14.71 -0.000144354
14.72 -0.000226276
14.73 -0.000311025
14.74 -0.000398721
14.75 -0.000489574
14.76 -0.000583615
14.77 -0.000680171
14.78 -0.000777147
14.79 -0.000870472
14.8 -0.000954251
14.81 -0.00102202
14.82 -0.00106893
14.83 -0.00109394
14.84 -0.00110071
14.85 -0.00109639
14.86 -0.00108882
14.87 -0.00108354
14.88 -0.00108233
14.89 -0.00108365
14.9 -0.00108445
14.91 -0.00108219
14.92 -0.00107622
14.93 -0.00106809
14.94 -0.00106086
14.95 -0.00105755
14.96 -0.00105964
14.97 -0.0010663
14.98 -0.0010746
14.99 -0.00108078
15 -0.00108176
15.01 -0.00107629
15.02 -0.00106505
15.03 -0.00105001
15.04 -0.00103339
15.05 -0.00101691
15.06 -0.0010013
15.07 -0.000986273
15.08 -0.00097064
15.09 -0.000952739
15.1 -0.000931035
15.11 -0.000904663
15.12 -0.000873494
15.13 -0.000837647
15.14 -0.000796862
15.15 -0.000750321
15.16 -0.000697129
15.17 -0.000637041
15.18 -0.000570808
15.19 -0.000499822
15.2 -0.000425169
15.21 -0.000346595
15.22 -0.000261925
15.23 -0.000167345
15.24 -5.86206e-05
15.25 6.70823e-05
15.26 0.000209591
15.27 0.000365457
15.28 0.00052957
15.29 0.000697826
15.3 0.000868815
15.31 0.00104308
15.32 0.00122043
15.33 0.00139717
15.34 0.00156418
15.35 0.0017069
15.36 0.00180863
15.37 0.00185811
15.38 0.00185735
15.39 0.00182343
15.4 0.00178155
15.41 0.00175367
15.42 0.00174967
15.43 0.00176484
15.44 0.00178405
15.45 0.00179006
15.46 0.00177197
15.47 0.00172963
15.48 0.00167236
15.49 0.00161342
15.5 0.00156361
15.51 0.00152704
15.52 0.00150031
15.53 0.00147467
15.54 0.00144023
15.55 0.00139046
15.56 0.00132515
15.57 0.00125047
15.58 0.00117611
15.59 0.00111109
15.6 0.00105993
15.61 0.00102118
15.62 0.000988376
15.63 0.00095305
15.64 0.00090823
15.65 0.000850968
15.66 0.000782862
15.67 0.000708553
15.68 0.00063316
15.69 0.000559966
15.7 0.000489374
15.71 0.000419334
15.72 0.000346727
15.73 0.000268913
15.74 0.000184783
15.75 9.49573e-05
15.76 1.10529e-06
15.77 -9.52745e-05
15.78 -0.000194036
15.79 -0.000296858
15.8 -0.000406604
15.81 -0.000525673
15.82 -0.000654078
15.83 -0.000788353
15.84 -0.000921963
15.85 -0.00104683
15.86 -0.00115502
15.87 -0.00123999
15.88 -0.00129804
15.89 -0.00133001
15.9 -0.00134225
15.91 -0.00134536
15.92 -0.0013506
15.93 -0.00136567
15.94 -0.00139212
15.95 -0.00142524
15.96 -0.00145644
15.97 -0.00147687
15.98 -0.0014809
15.99 -0.00146814
16 -0.00144301
16.01 -0.00141233
16.02 -0.00138219
16.03 -0.00135565
16.04 -0.0013321
16.05 -0.00130824
16.06 -0.00128029
16.07 -0.00124603
16.08 -0.00120605
16.09 -0.00116354
16.1 -0.00112274
16.11 -0.00108677
16.12 -0.00105598
16.13 -0.00102768
16.14 -0.000997391
16.15 -0.000960873
16.16 -0.000916008
16.17 -0.000863547
16.18 -0.000806527
16.19 -0.000748729
16.2 -0.000693008
16.21 -0.000640247
16.22 -0.000589286
16.23 -0.000537715
16.24 -0.000483077
16.25 -0.00042393
16.26 -0.00036026
16.27 -0.000293111
16.28 -0.000223734
16.29 -0.000152827
16.3 -8.03045e-05
16.31 -5.64164e-06
16.32 7.15492e-05
16.33 0.000151126
16.34 0.000232444
16.35 0.000314676
16.36 0.000397119
16.37 0.000479172
16.38 0.000559968
16.39 0.000637888
16.4 0.000710325
16.41 0.000773935
16.42 0.000825426
16.43 0.00086268
16.44 0.000885712
16.45 0.000896929
16.46 0.000900398
16.47 0.000900463
16.48 0.000900446
16.49 0.000902052
16.5 0.000905532
16.51 0.000910261
16.52 0.000915348
16.53 0.00092015
16.54 0.000924636
16.55 0.000929573
16.56 0.000936376
16.57 0.000946572
16.58 0.000960996
16.59 0.000978978
16.6 0.000997901
16.61 0.00101352
16.62 0.00102128
16.63 0.00101819
16.64 0.00100446
16.65 0.000983728
16.66 0.000961571
16.67 0.00094293
16.68 0.000929813
16.69 0.000920518
16.7 0.0009107
16.71 0.000895579
16.72 0.000872076
16.73 0.000839863
16.74 0.000801029
16.75 0.000758753
16.76 0.000715747
16.77 0.000673189
16.78 0.000630502
16.79 0.000585926
16.8 0.000537458
16.81 0.000483733
16.82 0.000424512
16.83 0.000360621
16.84 0.000293336
16.85 0.000223521
16.86 0.000151007
16.87 7.47036e-05
16.88 -6.57811e-06
16.89 -9.31421e-05
16.9 -0.000183962
16.91 -0.000277072
16.92 -0.000370444
16.93 -0.000462685
16.94 -0.000553047
16.95 -0.000640794
16.96 -0.000724447
16.97 -0.000801436
16.98 -0.000868395
16.99 -0.000921993
17 -0.000959992
17.01 -0.000982206
17.02 -0.000990897
17.03 -0.000990255
17.04 -0.000985041
17.05 -0.000979001
17.06 -0.000973848
17.07 -0.000969233
17.08 -0.000963537
17.09 -0.000954994
17.1 -0.000942649
17.11 -0.000926797
17.12 -0.000908808
17.13 -0.000890473
17.14 -0.000873224
17.15 -0.000857571
17.16 -0.000842969
17.17 -0.000828103
17.18 -0.000811446
17.19 -0.000791843
17.2 -0.000768889
17.21 -0.000742952
17.22 -0.0007149
17.23 -0.00068574
17.24 -0.000656334
17.25 -0.000627218
17.26 -0.00059842
17.27 -0.000569298
17.28 -0.000538499
17.29 -0.000504253
17.3 -0.000465012
17.31 -0.000420183
17.32 -0.000370508
17.33 -0.000317837
17.34 -0.000264336
17.35 -0.000211504
17.36 -0.000159471
17.37 -0.000106925
17.38 -5.16945e-05
17.39 8.31303e-06
17.4 7.4296e-05
17.41 0.000146172
17.42 0.000222719
17.43 0.000302136
17.44 0.000382803
17.45 0.000463955
17.46 0.000545907
17.47 0.000629604
17.48 0.000715634
17.49 0.000803241
17.5 0.000889963
17.51 0.000972211
17.52 0.00104652
17.53 0.00111083
17.54 0.00116517
17.55 0.00121137
17.56 0.00125199
17.57 0.00128914
17.58 0.00132368
17.59 0.00135511
17.6 0.00138202
17.61 0.00140263
17.62 0.00141525
17.63 0.00141856
17.64 0.00141186
17.65 0.00139527
17.66 0.00136973
17.67 0.00133688
17.68 0.00129875
17.69 0.00125732
17.7 0.00121412
17.71 0.00117003
17.72 0.00112529
17.73 0.00107953
17.74 0.00103199
17.75 0.000981768
17.76 0.000928157
17.77 0.000870922
17.78 0.000810441
17.79 0.000747569
17.8 0.00068327
17.81 0.000618185
17.82 0.000552296
17.83 0.00048481
17.84 0.000414376
17.85 0.000339642
17.86 0.000260003
17.87 0.000176123
17.88 8.98553e-05
17.89 3.44633e-06
17.9 -8.16444e-05
17.91 -0.000165694
17.92 -0.000250886
17.93 -0.000340502
17.94 -0.000437371
17.95 -0.000542244
17.96 -0.000652835
17.97 -0.000763995
17.98 -0.000868831
17.99 -0.00096023
18 -0.00103235
18.01 -0.00108201
18.02 -0.00110996
18.03 -0.00112124
18.04 -0.00112397
18.05 -0.00112665
18.06 -0.00113517
18.07 -0.00115103
18.08 -0.00117149
18.09 -0.00119135
18.1 -0.00120519
18.11 -0.00120939
18.12 -0.00120316
18.13 -0.00118849
18.14 -0.00116901
18.15 -0.00114847
18.16 -0.0011293
18.17 -0.00111171
18.18 -0.00109379
18.19 -0.00107243
18.2 -0.00104483
18.21 -0.00100975
18.22 -0.000968011
18.23 -0.000922014
18.24 -0.000874536
18.25 -0.000827504
18.26 -0.000781239
18.27 -0.000734474
18.28 -0.000685074
18.29 -0.0006311
18.3 -0.000571751
18.31 -0.000507707
18.32 -0.000440652
18.33 -0.000372244
18.34 -0.00030312
18.35 -0.000232563
18.36 -0.000159
18.37 -8.10457e-05
18.38 1.54225e-06
18.39 8.75441e-05
18.4 0.000174791
18.41 0.000261226
18.42 0.00034591
18.43 0.00042934
18.44 0.000512803
18.45 0.000597065
18.46 0.000681049
18.47 0.000761162
18.48 0.000831575
18.49 0.000885555
18.5 0.000917649
18.51 0.000926053
18.52 0.000913986
18.53 0.00088902
18.54 0.000860407
18.55 0.000835687
18.56 0.000818226
18.57 0.000806722
18.58 0.000796593
18.59 0.000782415
18.6 0.000760336
18.61 0.000729564
18.62 0.000692438
18.63 0.00065319
18.64 0.00061597
18.65 0.000583009
18.66 0.000553696
18.67 0.000524962
18.68 0.000492798
18.69 0.000454187
18.7 0.000408555
18.71 0.000358066
18.72 0.000306629
18.73 0.000258096
18.74 0.000214492
18.75 0.000175085
18.76 0.000136744
18.77 9.53857e-05
18.78 4.78757e-05
18.79 -6.47507e-06
18.8 -6.54519e-05
18.81 -0.000124707
18.82 -0.000179406
18.83 -0.000226024
18.84 -0.000263516
18.85 -0.000293346
18.86 -0.000318454
18.87 -0.000341667
18.88 -0.000364337
18.89 -0.000385762
18.9 -0.00040361
18.91 -0.000415109
18.92 -0.000418439
18.93 -0.000413678
18.94 -0.000402857
18.95 -0.000389124
18.96 -0.000375495
18.97 -0.000363794
18.98 -0.00035423
18.99 -0.000345702
19 -0.000336602
19.01 -0.000325729
19.02 -0.000312951
19.03 -0.000299402
19.04 -0.000287178
19.05 -0.000278675
19.06 -0.000275805
19.07 -0.000279327
19.08 -0.000288489
19.09 -0.000301121
19.1 -0.000314289
19.11 -0.000325408
19.12 -0.000333368
19.13 -0.000339093
19.14 -0.000345182
19.15 -0.000354774
19.16 -0.00037018
19.17 -0.000391912
19.18 -0.000418416
19.19 -0.000446552
19.2 -0.000472611
19.21 -0.000493555
19.22 -0.000508057
19.23 -0.000516907
19.24 -0.00052251
19.25 -0.000527621
19.26 -0.000533915
19.27 -0.00054112
19.28 -0.000547158
19.29 -0.000549161
19.3 -0.000544725
19.31 -0.000532731
19.32 -0.000513432
19.33 -0.000487964
19.34 -0.000457732
19.35 -0.000423958
19.36 -0.000387463
19.37 -0.000348584
19.38 -0.00030716
19.39 -0.000262629
19.4 -0.000214265
19.41 -0.000161527
19.42 -0.000104368
19.43 -4.33413e-05
19.44 2.05705e-05
19.45 8.63365e-05
19.46 0.000153259
19.47 0.000221177
19.48 0.000290396
19.49 0.000361359
19.5 0.000434179
19.51 0.000508204
19.52 0.000581746
19.53 0.000652077
19.54 0.000715772
19.55 0.000769409
19.56 0.000810534
19.57 0.000838561
19.58 0.000855176
19.59 0.000863851
19.6 0.000868582
19.61 0.000872356
19.62 0.000876146
19.63 0.000878859
19.64 0.000878214
19.65 0.000872013
19.66 0.000859237
19.67 0.00084051
19.68 0.00081782
19.69 0.000793625
19.7 0.000769791
19.71 0.000746819
19.72 0.000723715
19.73 0.000698515
19.74 0.000669191
19.75 0.000634517
19.76 0.000594543
19.77 0.000550517
19.78 0.000504335
19.79 0.000457768
19.8 0.000411771
19.81 0.000366172
19.82 0.000319864
19.83 0.000271394
19.84 0.000219663
19.85 0.000164427
19.86 0.000106413
19.87 4.70483e-05
19.88 -1.20547e-05
19.89 -6.96382e-05
19.9 -0.000125158
19.91 -0.000178817
19.92 -0.000231256
19.93 -0.000283008
19.94 -0.000333941
19.95 -0.000382986
19.96 -0.000428251
19.97 -0.000467515
19.98 -0.000498817
19.99 -0.000520926
20 -0.000533528
20.01 -0.000537179
20.02 -0.000533095
20.03 -0.000522822
20.04 -0.000507817
20.05 -0.000489091
20.06 -0.00046707
20.07 -0.000441761
20.08 -0.0004131
20.09 -0.000381231
20.1 -0.000346557
20.11 -0.000309564
20.12 -0.000270614
20.13 -0.000229873
20.14 -0.000187442
20.15 -0.00014359
20.16 -9.88863e-05
20.17 -5.40916e-05
20.18 -9.84893e-06
20.19 3.35971e-05
20.2 7.64118e-05
20.21 0.000118881
20.22 0.000161021
20.23 0.000202335
20.24 0.000241839
20.25 0.000278257
20.26 0.000310268
20.27 0.000336709
20.28 0.000356739
20.29 0.000369983
20.3 0.00037663
20.31 0.000377422
20.32 0.00037346
20.33 0.000365884
20.34 0.000355545
20.35 0.000342852
20.36 0.000327815
20.37 0.000310212
20.38 0.00028976
20.39 0.000266272
20.4 0.000239777
20.41 0.000210631
20.42 0.000179534
20.43 0.000147398
20.44 0.000115061
20.45 8.29352e-05
20.46 5.07803e-05
20.47 1.77403e-05
20.48 -1.73488e-05
20.49 -5.54866e-05
20.5 -9.70629e-05
20.51 -0.000141639
20.52 -0.000188089
20.53 -0.000235074
20.54 -0.000281632
20.55 -0.000327596
20.56 -0.000373634
20.57 -0.000420922
20.58 -0.000470633
20.59 -0.000523495
20.6 -0.000579613
20.61 -0.000638569
20.62 -0.000699656
20.63 -0.000762026
20.64 -0.000824666
20.65 -0.000886284
20.66 -0.000945289
20.67 -0.00099999
20.68 -0.00104889
20.69 -0.00109085
20.7 -0.00112509
20.71 -0.00115101
20.72 -0.00116825
20.73 -0.00117693
20.74 -0.00117801
20.75 -0.00117333
20.76 -0.00116519
20.77 -0.00115545
20.78 -0.00114481
20.79 -0.0011325
20.8 -0.0011168
20.81 -0.00109594
20.82 -0.00106904
20.83 -0.00103641
20.84 -0.000999296
20.85 -0.000959178
20.86 -0.000917148
20.87 -0.000873604
20.88 -0.000828342
20.89 -0.00078085
20.9 -0.000730592
20.91 -0.000677127
20.92 -0.000620049
20.93 -0.000558837
20.94 -0.000492737
20.95 -0.000420773
20.96 -0.000341873
20.97 -0.000255068
20.98 -0.000159761
20.99 -5.60654e-05
21 5.48208e-05
21.01 0.000170492
21.02 0.000287844
21.03 0.00040427
21.04 0.000518924
21.05 0.000633055
21.06 0.00074886
21.07 0.000867399
21.08 0.000986809
21.09 0.00110165
21.1 0.00120346
21.11 0.00128257
21.12 0.00133126
21.13 0.00134754
21.14 0.00133728
21.15 0.00131278
21.16 0.0012881
21.17 0.00127367
21.18 0.00127288
21.19 0.00128184
21.2 0.00129208
21.21 0.00129477
21.22 0.00128458
21.23 0.00126156
21.24 0.00123019
21.25 0.00119677
21.26 0.00116629
21.27 0.00114047
21.28 0.00111753
21.29 0.00109348
21.3 0.00106433
21.31 0.00102813
21.32 0.000985942
21.33 0.000941439
21.34 0.000899279
21.35 0.000863081
21.36 0.000833803
21.37 0.000809226
21.38 0.00078478
21.39 0.000755383
21.4 0.000717509
21.41 0.000670583
21.42 0.000617125
21.43 0.000561602
21.44 0.000508562
21.45 0.000460873
21.46 0.000418787
21.47 0.000380125
21.48 0.000341361
21.49 0.00029905
21.5 0.000251042
21.51 0.000197018
21.52 0.000138242
21.53 7.67163e-05
21.54 1.41892e-05
21.55 -4.855e-05
21.56 -0.000111794
21.57 -0.000176476
21.58 -0.000243428
21.59 -0.000312703
21.6 -0.000383311
21.61 -0.000453478
21.62 -0.000521293
21.63 -0.000585361
21.64 -0.000645163
21.65 -0.000700971
21.66 -0.00075349
21.67 -0.000803457
21.68 -0.000851359
21.69 -0.000897306
21.7 -0.000940973
21.71 -0.000981591
21.72 -0.00101809
21.73 -0.00104941
21.74 -0.0010748
21.75 -0.00109401
21.76 -0.00110712
21.77 -0.00111428
21.78 -0.00111552
21.79 -0.00111085
21.8 -0.00110046
21.81 -0.00108497
21.82 -0.00106533
21.83 -0.00104266
21.84 -0.00101789
21.85 -0.000991438
21.86 -0.000963129
21.87 -0.000932241
21.88 -0.000897857
21.89 -0.00085931
21.9 -0.000816532
21.91 -0.000770124
21.92 -0.000721113
21.93 -0.000670516
21.94 -0.000618915
21.95 -0.000566203
21.96 -0.000511565
21.97 -0.000453684
21.98 -0.000391071
21.99 -0.000322437
22 -0.000247018
22.01 -0.000164752
22.02 -7.62125e-05
22.03 1.77086e-05
22.04 0.000116255
22.05 0.000219168
22.06 0.00032676
22.07 0.000439626
22.08 0.000558056
22.09 0.00068129
22.1 0.000806943
22.11 0.000930889
22.12 0.0010477
22.13 0.00115139
22.14 0.00123613
22.15 0.00129736
22.16 0.00133326
22.17 0.00134616
22.18 0.00134257
22.19 0.00133133
22.2 0.00132043
22.21 0.00131439
22.22 0.00131319
22.23 0.00131312
22.24 0.0013091
22.25 0.0012973
22.26 0.00127697
22.27 0.00125052
22.28 0.00122204
22.29 0.00119514
22.3 0.00117133
22.31 0.00114958
22.32 0.00112708
22.33 0.00110077
22.34 0.00106868
22.35 0.0010308
22.36 0.000988961
22.37 0.000946101
22.38 0.000905037
22.39 0.000867377
22.4 0.000832882
22.41 0.000799568
22.42 0.000764508
22.43 0.000725
22.44 0.000679555
22.45 0.000628286
22.46 0.00057256
22.47 0.000514185
22.48 0.00045458
22.49 0.000394302
22.5 0.000333013
22.51 0.000269772
22.52 0.000203444
22.53 0.000133089
22.54 5.82322e-05
22.55 -2.10383e-05
22.56 -0.000104207
22.57 -0.000190642
22.58 -0.000279913
22.59 -0.000371918
22.6 -0.000466702
22.61 -0.000563973
22.62 -0.000662522
22.63 -0.000759817
22.64 -0.000852014
22.65 -0.000934476
22.66 -0.00100279
22.67 -0.00105407
22.68 -0.00108823
22.69 -0.00110839
22.7 -0.0011201
22.71 -0.00112951
22.72 -0.00114115
22.73 -0.00115662
22.74 -0.00117443
22.75 -0.00119109
22.76 -0.00120274
22.77 -0.00120678
22.78 -0.0012028
22.79 -0.00119261
22.8 -0.00117936
22.81 -0.00116624
22.82 -0.0011553
22.83 -0.00114675
22.84 -0.00113908
22.85 -0.00112966
22.86 -0.0011158
22.87 -0.00109569
22.88 -0.00106916
22.89 -0.00103769
22.9 -0.00100375
22.91 -0.000969759
22.92 -0.000937014
22.93 -0.000905269
22.94 -0.000873056
22.95 -0.000838561
22.96 -0.000800533
22.97 -0.000758773
22.98 -0.000714033
22.99 -0.000667483
23 -0.000620105
23.01 -0.000572279
23.02 -0.000523703
23.03 -0.000473548
23.04 -0.000420763
23.05 -0.000364408
23.06 -0.000303946
23.07 -0.000239386
23.08 -0.00017125
23.09 -0.000100335
23.1 -2.74178e-05
23.11 4.70027e-05
23.12 0.000122794
23.13 0.000200097
23.14 0.0002791
23.15 0.000359738
23.16 0.00044141
23.17 0.000522756
23.18 0.000601572
23.19 0.000674901
23.2 0.000739351
23.21 0.000791634
23.22 0.000829283
23.23 0.0008514
23.24 0.000859169
23.25 0.00085578
23.26 0.000845618
23.27 0.000832933
23.28 0.000820597
23.29 0.000809472
23.3 0.000798622
23.31 0.000786166
23.32 0.000770326
23.33 0.000750243
23.34 0.000726292
23.35 0.000699865
23.36 0.000672758
23.37 0.000646411
23.38 0.000621321
23.39 0.000596869
23.4 0.000571688
23.41 0.000544391
23.42 0.00051436
23.43 0.000482166
23.44 0.00044941
23.45 0.000418023
23.46 0.000389378
23.47 0.000363695
23.48 0.000340024
23.49 0.000316813
23.5 0.000292689
23.51 0.000267071
23.52 0.000240329
23.53 0.000213485
23.54 0.000187693
23.55 0.000163791
23.56 0.000142104
23.57 0.000122514
23.58 0.000104684
23.59 8.82802e-05
23.6 7.31e-05
23.61 5.9097e-05
23.62 4.63294e-05
23.63 3.48708e-05
23.64 2.47009e-05
23.65 1.56059e-05
23.66 7.14394e-06
23.67 -1.26195e-06
23.68 -1.00983e-05
23.69 -1.95128e-05
23.7 -2.92144e-05
23.71 -3.86209e-05
23.72 -4.71975e-05
23.73 -5.4807e-05
23.74 -6.18878e-05
23.75 -6.93619e-05
23.76 -7.83049e-05
23.77 -8.95209e-05
23.78 -0.000103216
23.79 -0.000118927
23.8 -0.000135743
23.81 -0.000152697
23.82 -0.000169154
23.83 -0.000185005
23.84 -0.000200623
23.85 -0.000216622
23.86 -0.000233566
23.87 -0.000251773
23.88 -0.000271248
23.89 -0.000291721
23.9 -0.00031271
23.91 -0.000333576
23.92 -0.000353588
23.93 -0.000372066
23.94 -0.000388551
23.95 -0.000402903
23.96 -0.000415228
23.97 -0.000425674
23.98 -0.000434259
23.99 -0.000440892
24 -0.00044557
24.01 -0.00044858
24.02 -0.000450521
24.03 -0.000452136
24.04 -0.000454039
24.05 -0.000456516
24.06 -0.000459433
24.07 -0.000462275
24.08 -0.000464316
24.09 -0.000464891
24.1 -0.000463686
24.11 -0.000460886
24.12 -0.000457063
24.13 -0.00045283
24.14 -0.00044845
24.15 -0.000443628
24.16 -0.000437637
24.17 -0.00042969
24.18 -0.000419332
24.19 -0.000406619
24.2 -0.000392009
24.21 -0.000376082
24.22 -0.00035927
24.23 -0.000341709
24.24 -0.00032322
24.25 -0.000303409
24.26 -0.000281824
24.27 -0.000258129
24.28 -0.000232208
24.29 -0.000204155
24.3 -0.000174156
24.31 -0.000142361
24.32 -0.000108832
24.33 -7.36205e-05
24.34 -3.68962e-05
24.35 1.00603e-06
24.36 3.96707e-05
24.37 7.8762e-05
24.38 0.000118122
24.39 0.000157716
24.4 0.000197462
24.41 0.000237072
24.42 0.000276026
24.43 0.000313689
24.44 0.000349461
24.45 0.000382863
24.46 0.000413504
24.47 0.000440997
24.48 0.000464913
24.49 0.000484835
24.5 0.000500478
24.51 0.000511815
24.52 0.000519114
24.53 0.000522898
24.54 0.000523828
24.55 0.000522589
24.56 0.000519808
24.57 0.000516023
24.58 0.000511689
24.59 0.000507184
24.6 0.000502789
24.61 0.000498631
24.62 0.000494663
24.63 0.000490738
24.64 0.000486735
24.65 0.000482691
24.66 0.000478835
24.67 0.000475513
24.68 0.000473016
24.69 0.000471434
24.7 0.000470611
24.71 0.000470225
24.72 0.000469949
24.73 0.000469583
24.74 0.000469116
24.75 0.00046868
24.76 0.000468441
24.77 0.000468462
24.78 0.000468588
24.79 0.000468387
24.8 0.000467196
24.81 0.000464288
24.82 0.00045911
24.83 0.000451444
24.84 0.000441412
24.85 0.000429316
24.86 0.000415389
24.87 0.000399604
24.88 0.00038165
24.89 0.000361069
24.9 0.000337455
24.91 0.000310609
24.92 0.000280571
24.93 0.000247522
24.94 0.000211639
24.95 0.000172986
24.96 0.000131497
24.97 8.7046e-05
24.98 3.95492e-05
24.99 -1.09708e-05
25 -6.43968e-05
25.01 -0.000120583
25.02 -0.000179419
25.03 -0.000240855
25.04 -0.00030486
25.05 -0.000371338
25.06 -0.00044
25.07 -0.000510215
25.08 -0.000580859
25.09 -0.000650229
25.1 -0.000716089
25.11 -0.000775913
25.12 -0.000827298
25.13 -0.00086849
25.14 -0.000898828
25.15 -0.000918918
25.16 -0.000930401
25.17 -0.00093539
25.18 -0.000935813
25.19 -0.000932989
25.2 -0.000927542
25.21 -0.0009196
25.22 -0.000909074
25.23 -0.000895873
25.24 -0.000880003
25.25 -0.000861612
25.26 -0.000840999
25.27 -0.000818615
25.28 -0.000794992
25.29 -0.000770603
25.3 -0.000745688
25.31 -0.000720122
25.32 -0.000693457
25.33 -0.000665145
25.34 -0.000634842
25.35 -0.000602619
25.36 -0.000568949
25.37 -0.000534483
25.38 -0.000499713
25.39 -0.000464718
25.4 -0.00042914
25.41 -0.00039239
25.42 -0.000353974
25.43 -0.000313759
25.44 -0.000272041
25.45 -0.000229418
25.46 -0.00018654
25.47 -0.000143844
25.48 -0.000101383
25.49 -5.88245e-05
25.5 -1.56357e-05
25.51 2.85974e-05
25.52 7.38691e-05
25.53 0.000119625
25.54 0.000164895
25.55 0.000208627
25.56 0.000250068
25.57 0.000288967
25.58 0.000325514
25.59 0.000360032
25.6 0.000392622
25.61 0.000423012
25.62 0.000450708
25.63 0.000475331
25.64 0.000496895
25.65 0.000515847
25.66 0.000532865
25.67 0.000548604
25.68 0.000563542
25.69 0.00057799
25.7 0.000592186
25.71 0.000606366
25.72 0.000620715
25.73 0.000635235
25.74 0.000649649
25.75 0.00066346
25.76 0.000676162
25.77 0.000687489
25.78 0.000697534
25.79 0.000706677
25.8 0.000715338
25.81 0.000723693
25.82 0.000731499
25.83 0.000738153
25.84 0.000742939
25.85 0.000745324
25.86 0.00074514
25.87 0.000742574
25.88 0.000738026
25.89 0.000731918
25.9 0.000724524
25.91 0.000715872
25.92 0.000705713
25.93 0.000693582
25.94 0.000678963
25.95 0.000661496
25.96 0.000641156
25.97 0.000618286
25.98 0.000593451
25.99 0.000567147
26 0.000539543
26.01 0.00051042
26.02 0.000479357
26.03 0.000446028
26.04 0.000410432
26.05 0.000372911
26.06 0.000333986
26.07 0.000294125
26.08 0.00025355
26.09 0.000212156
26.1 0.000169572
26.11 0.000125357
26.12 7.92321e-05
26.13 3.12599e-05
26.14 -1.81288e-05
26.15 -6.82573e-05
26.16 -0.000118422
26.17 -0.000168115
26.18 -0.00021714
26.19 -0.000265553
26.2 -0.000313439
26.21 -0.000360615
26.22 -0.000406424
26.23 -0.000449728
26.24 -0.00048914
26.25 -0.000523373
26.26 -0.000551574
26.27 -0.000573515
26.28 -0.000589571
26.29 -0.000600532
26.3 -0.000607327
26.31 -0.000610784
26.32 -0.000611496
26.33 -0.00060984
26.34 -0.000606095
26.35 -0.000600539
26.36 -0.00059345
26.37 -0.000585034
26.38 -0.000575393
26.39 -0.000564607
26.4 -0.000552867
26.41 -0.00054055
26.42 -0.000528125
26.43 -0.000515965
26.44 -0.000504176
26.45 -0.000492588
26.46 -0.000480911
26.47 -0.000468988
26.48 -0.000456931
26.49 -0.000445073
26.5 -0.000433738
26.51 -0.000423018
26.52 -0.000412691
26.53 -0.000402307
26.54 -0.000391357
26.55 -0.000379434
26.56 -0.000366332
26.57 -0.000352105
26.58 -0.000337063
26.59 -0.00032168
26.6 -0.000306402
26.61 -0.000291436
26.62 -0.000276628
26.63 -0.000261495
26.64 -0.000245414
26.65 -0.00022788
26.66 -0.000208709
26.67 -0.000188094
26.68 -0.000166479
26.69 -0.000144305
26.7 -0.000121769
26.71 -9.87239e-05
26.72 -7.4765e-05
26.73 -4.94549e-05
26.74 -2.2541e-05
26.75 5.95328e-06
26.76 3.5794e-05
26.77 6.67021e-05
26.78 9.85249e-05
26.79 0.000131323
26.8 0.000165327
26.81 0.000200791
26.82 0.000237811
26.83 0.000276204
26.84 0.000315488
26.85 0.000354981
26.86 0.000393983
26.87 0.000431957
26.88 0.000468638
26.89 0.000503996
26.9 0.000538076
26.91 0.000570798
26.92 0.000601851
26.93 0.000630734
26.94 0.000656904
26.95 0.000679916
26.96 0.00069947
26.97 0.000715355
26.98 0.000727394
26.99 0.000735477
27 0.000739665
27.01 0.000740256
27.02 0.000737734
27.03 0.000732604
27.04 0.000725236
27.05 0.000715787
27.06 0.000704242
27.07 0.000690501
27.08 0.000674465
27.09 0.000656091
27.1 0.000635419
27.11 0.000612587
27.12 0.000587826
27.13 0.000561416
27.14 0.000533628
27.15 0.000504662
27.16 0.00047457
27.17 0.000443227
27.18 0.000410367
27.19 0.000375685
27.2 0.000338946
27.21 0.000300029
27.22 0.000258917
27.23 0.00021566
27.24 0.000170351
27.25 0.000123118
27.26 7.41366e-05
27.27 2.36438e-05
27.28 -2.80803e-05
27.29 -8.07623e-05
27.3 -0.000134194
27.31 -0.000188263
27.32 -0.000242923
27.33 -0.000298107
27.34 -0.00035358
27.35 -0.000408807
27.36 -0.00046288
27.37 -0.000514586
27.38 -0.000562639
27.39 -0.000605992
27.4 -0.00064411
27.41 -0.000677089
27.42 -0.000705568
27.43 -0.000730451
27.44 -0.000752552
27.45 -0.000772336
27.46 -0.000789869
27.47 -0.000805007
27.48 -0.000817665
27.49 -0.000828005
27.5 -0.000836419
27.51 -0.000843348
27.52 -0.000849035
27.53 -0.000853357
27.54 -0.000855827
27.55 -0.000855759
27.56 -0.000852539
27.57 -0.000845889
27.58 -0.000835991
27.59 -0.000823421
27.6 -0.000808908
27.61 -0.000793066
27.62 -0.000776231
27.63 -0.00075845
27.64 -0.000739569
27.65 -0.000719343
27.66 -0.000697521
27.67 -0.000673918
27.68 -0.000648508
27.69 -0.00062147
27.7 -0.000593148
27.71 -0.000563918
27.72 -0.000533998
27.73 -0.000503338
27.74 -0.000471637
27.75 -0.000438532
27.76 -0.000403815
27.77 -0.000367551
27.78 -0.000330036
27.79 -0.000291626
27.8 -0.00025255
27.81 -0.00021281
27.82 -0.000172204
27.83 -0.000130439
27.84 -8.72938e-05
27.85 -4.27559e-05
27.86 2.91394e-06
27.87 4.92265e-05
27.88 9.56039e-05
27.89 0.000141558
27.9 0.000186821
27.91 0.000231367
27.92 0.0002753
27.93 0.00031868
27.94 0.000361346
27.95 0.000402816
27.96 0.000442315
27.97 0.000478947
27.98 0.000511947
27.99 0.000540919
28 0.000565927
28.01 0.000587402
28.02 0.000605899
28.03 0.00062184
28.04 0.00063538
28.05 0.000646463
28.06 0.000654998
28.07 0.00066104
28.08 0.000664818
28.09 0.000666637
28.1 0.000666713
28.11 0.00066509
28.12 0.000661663
28.13 0.000656292
28.14 0.000648916
28.15 0.0006396
28.16 0.000628513
28.17 0.00061589
28.18 0.000601992
28.19 0.000587075
28.2 0.000571349
28.21 0.00055493
28.22 0.00053783
28.23 0.000519987
28.24 0.000501321
28.25 0.000481778
28.26 0.000461367
28.27 0.00044015
28.28 0.000418231
28.29 0.000395747
28.3 0.000372859
28.31 0.00034973
28.32 0.000326481
28.33 0.000303144
28.34 0.000279647
28.35 0.000255871
28.36 0.000231751
28.37 0.000207368
28.38 0.000182945
28.39 0.000158772
28.4 0.000135085
28.41 0.000111975
28.42 8.93762e-05
28.43 6.71308e-05
28.44 4.51164e-05
28.45 2.33681e-05
28.46 2.13347e-06
28.47 -1.81776e-05
28.48 -3.7135e-05
28.49 -5.44596e-05
28.5 -7.0135e-05
28.51 -8.43937e-05
28.52 -9.75833e-05
28.53 -0.000109988
28.54 -0.000121702
28.55 -0.000132608
28.56 -0.000142469
28.57 -0.00015107
28.58 -0.000158329
28.59 -0.000164338
28.6 -0.000169339
28.61 -0.00017364
28.62 -0.000177524
28.63 -0.000181184
28.64 -0.000184694
28.65 -0.000188043
28.66 -0.000191203
28.67 -0.000194205
28.68 -0.000197182
28.69 -0.000200351
28.7 -0.000203937
28.71 -0.000208073
28.72 -0.000212745
28.73 -0.000217809
28.74 -0.000223088
28.75 -0.00022847
28.76 -0.000233958
28.77 -0.000239663
28.78 -0.000245734
28.79 -0.000252286
28.8 -0.000259335
28.81 -0.000266768
28.82 -0.000274351
28.83 -0.000281781
28.84 -0.000288751
28.85 -0.000295015
28.86 -0.000300423
28.87 -0.000304932
28.88 -0.000308566
28.89 -0.000311362
28.9 -0.000313292
28.91 -0.000314228
28.92 -0.000313953
28.93 -0.000312239
28.94 -0.000308945
28.95 -0.000304075
28.96 -0.000297772
28.97 -0.000290236
28.98 -0.000281627
28.99 -0.000271993
29 -0.000261259
29.01 -0.000249289
29.02 -0.000235978
29.03 -0.000221328
29.04 -0.000205458
29.05 -0.000188557
29.06 -0.000170821
29.07 -0.00015239
29.08 -0.000133331
29.09 -0.000113664
29.1 -9.34011e-05
29.11 -7.25869e-05
29.12 -5.13178e-05
29.13 -2.97425e-05
29.14 -8.04446e-06
29.15 1.35822e-05
29.16 3.49588e-05
29.17 5.59407e-05
29.18 7.6418e-05
29.19 9.62972e-05
29.2 0.000115474
29.21 0.000133814
29.22 0.00015116
29.23 0.000167354
29.24 0.000182274
29.25 0.000195854
29.26 0.00020809
29.27 0.000219025
29.28 0.000228723
29.29 0.000237243
29.3 0.000244625
29.31 0.00025089
29.32 0.000256048
29.33 0.00026011
29.34 0.0002631
29.35 0.000265066
29.36 0.000266075
29.37 0.000266217
29.38 0.00026559
29.39 0.000264292
29.4 0.000262405
29.41 0.000259989
29.42 0.000257081
29.43 0.000253695
29.44 0.000249841
29.45 0.000245532
29.46 0.000240787
29.47 0.000235636
29.48 0.000230107
29.49 0.000224216
29.5 0.000217968
29.51 0.000211358
29.52 0.000204374
29.53 0.000197007
29.54 0.000189251
29.55 0.000181106
29.56 0.000172569
29.57 0.000163631
29.58 0.000154276
29.59 0.000144475
29.6 0.000134193
29.61 0.000123397
29.62 0.00011206
29.63 0.000100173
29.64 8.77447e-05
29.65 7.47971e-05
29.66 6.13627e-05
29.67 4.74748e-05
29.68 3.31628e-05
29.69 1.84515e-05
29.7 3.36481e-06
29.71 -1.20692e-05
29.72 -2.78121e-05
29.73 -4.38121e-05
29.74 -6.00027e-05
29.75 -7.63038e-05
29.76 -9.26238e-05
29.77 -0.000108863
29.78 -0.000124914
29.79 -0.000140668
29.8 -0.000156009
29.81 -0.000170824
29.82 -0.000184996
29.83 -0.000198413
29.84 -0.000210965
29.85 -0.000222554
29.86 -0.000233094
29.87 -0.000242511
29.88 -0.000250748
29.89 -0.000257764
29.9 -0.000263527
29.91 -0.000268019
29.92 -0.000271234
29.93 -0.000273176
29.94 -0.000273862
29.95 -0.00027332
29.96 -0.000271588
29.97 -0.000268716
29.98 -0.000264757
29.99 -0.000259771
30 -0.000253816
30.01 -0.000246954
30.02 -0.000239243
30.03 -0.000230741
30.04 -0.0002215
30.05 -0.000211572
30.06 -0.000201007
30.07 -0.000189859
30.08 -0.000178184
30.09 -0.000166047
30.1 -0.00015351
30.11 -0.000140638
30.12 -0.00012749
30.13 -0.000114123
30.14 -0.000100591
30.15 -8.69436e-05
30.16 -7.3231e-05
30.17 -5.94993e-05
30.18 -4.57921e-05
30.19 -3.21501e-05
30.2 -1.86117e-05
30.21 -5.21257e-06
30.22 8.01466e-06
30.23 2.104e-05
30.24 3.38359e-05
30.25 4.6377e-05
30.26 5.86398e-05
30.27 7.06026e-05
30.28 8.22464e-05
30.29 9.35554e-05
30.3 0.000104517
30.31 0.00011512
30.32 0.000125355
30.33 0.000135215
30.34 0.000144687
30.35 0.00015376
30.36 0.000162418
30.37 0.000170644
30.38 0.000178417
30.39 0.000185716
30.4 0.00019252
30.41 0.000198806
30.42 0.000204552
30.43 0.000209736
30.44 0.000214334
30.45 0.000218323
30.46 0.00022168
30.47 0.000224382
30.48 0.000226406
30.49 0.00022773
30.5 0.000228334
30.51 0.000228199
30.52 0.000227311
30.53 0.000225655
30.54 0.000223223
30.55 0.000220009
30.56 0.00021601
30.57 0.000211228
30.58 0.00020567
30.59 0.000199346
30.6 0.00019227
30.61 0.000184459
30.62 0.000175932
30.63 0.000166713
30.64 0.000156827
30.65 0.000146303
30.66 0.000135173
30.67 0.000123473
30.68 0.000111244
30.69 9.85291e-05
30.7 8.53769e-05
30.71 7.18388e-05
30.72 5.79702e-05
30.73 4.38293e-05
30.74 2.94771e-05
30.75 1.49772e-05
30.76 3.95488e-07
30.77 -1.42002e-05
30.78 -2.87402e-05
30.79 -4.31537e-05
30.8 -5.73691e-05
30.81 -7.13146e-05
30.82 -8.4919e-05
30.83 -9.81126e-05
30.84 -0.000110828
30.85 -0.000123002
30.86 -0.000134574
30.87 -0.000145492
30.88 -0.000155707
30.89 -0.00016518
30.9 -0.000173877
30.91 -0.000181774
30.92 -0.000188852
30.93 -0.000195103
30.94 -0.000200521
30.95 -0.000205109
30.96 -0.000208874
30.97 -0.000211829
30.98 -0.00021399
30.99 -0.000215375
31 -0.000216008
31.01 -0.000215911
31.02 -0.00021511
31.03 -0.000213634
31.04 -0.000211508
31.05 -0.000208761
31.06 -0.000205421
31.07 -0.000201513
31.08 -0.000197064
31.09 -0.000192099
31.1 -0.000186641
31.11 -0.000180713
31.12 -0.000174336
31.13 -0.00016753
31.14 -0.000160314
31.15 -0.000152707
31.16 -0.000144724
31.17 -0.000136384
31.18 -0.000127702
31.19 -0.000118694
31.2 -0.000109375
31.21 -9.97596e-05
31.22 -8.9864e-05
31.23 -7.97034e-05
31.24 -6.92939e-05
31.25 -5.86524e-05
31.26 -4.77971e-05
31.27 -3.67477e-05
31.28 -2.55256e-05
31.29 -1.41545e-05
31.3 -2.66013e-06
31.31 8.92895e-06
31.32 2.05817e-05
31.33 3.22644e-05
31.34 4.39405e-05
31.35 5.5571e-05
31.36 6.71141e-05
31.37 7.85256e-05
31.38 8.9759e-05
31.39 0.000100766
31.4 0.000111496
31.41 0.000121898
31.42 0.00013192
31.43 0.00014151
31.44 0.000150615
31.45 0.000159187
31.46 0.000167176
31.47 0.000174537
31.48 0.00018123
31.49 0.000187216
31.5 0.000192465
31.51 0.00019695
31.52 0.000200649
31.53 0.000203546
31.54 0.000205633
31.55 0.000206905
31.56 0.000207362
31.57 0.00020701
31.58 0.000205859
31.59 0.000203923
31.6 0.000201219
31.61 0.000197767
31.62 0.000193592
31.63 0.000188719
31.64 0.000183178
31.65 0.000176997
31.66 0.000170209
31.67 0.000162849
31.68 0.000154951
31.69 0.000146552
31.7 0.00013769
31.71 0.000128401
31.72 0.000118726
31.73 0.000108705
31.74 9.83764e-05
31.75 8.77817e-05
31.76 7.69613e-05
31.77 6.5956e-05
31.78 5.48061e-05
31.79 4.35522e-05
31.8 3.2234e-05
31.81 2.08911e-05
31.82 9.56212e-06
31.83 -1.71506e-06
31.84 -1.29035e-05
31.85 -2.39675e-05
31.86 -3.48724e-05
31.87 -4.55849e-05
31.88 -5.6073e-05
31.89 -6.63063e-05
31.9 -7.62555e-05
31.91 -8.58931e-05
31.92 -9.5193e-05
31.93 -0.000104131
31.94 -0.000112683
31.95 -0.000120828
31.96 -0.000128545
31.97 -0.000135817
31.98 -0.000142625
31.99 -0.000148955
32 -0.00015479
32.01 -0.000160118
32.02 -0.000164928
32.03 -0.000169207
32.04 -0.000172947
32.05 -0.000176139
32.06 -0.000178776
32.07 -0.000180851
32.08 -0.00018236
32.09 -0.000183298
32.1 -0.000183663
32.11 -0.000183452
32.12 -0.000182666
32.13 -0.000181305
32.14 -0.00017937
32.15 -0.000176866
32.16 -0.000173796
32.17 -0.000170167
32.18 -0.000165985
32.19 -0.00016126
32.2 -0.000156001
32.21 -0.000150221
32.22 -0.000143933
32.23 -0.000137152
32.24 -0.000129895
32.25 -0.000122181
32.26 -0.000114031
32.27 -0.000105468
32.28 -9.65155e-05
32.29 -8.72015e-05
32.3 -7.75543e-05
32.31 -6.76046e-05
32.32 -5.73852e-05
32.33 -4.69309e-05
32.34 -3.62783e-05
32.35 -2.54661e-05
32.36 -1.45346e-05
32.37 -3.52587e-06
32.38 7.51663e-06
32.39 1.85481e-05
32.4 2.95227e-05
32.41 4.03938e-05
32.42 5.11143e-05
32.43 6.16372e-05
32.44 7.19156e-05
32.45 8.19034e-05
32.46 9.15557e-05
32.47 0.000100829
32.48 0.000109683
32.49 0.000118079
32.5 0.00012598
32.51 0.000133355
32.52 0.000140176
32.53 0.000146416
32.54 0.000152056
32.55 0.000157079
32.56 0.000161473
32.57 0.000165229
32.58 0.000168343
32.59 0.000170813
32.6 0.000172642
32.61 0.000173836
32.62 0.000174404
32.63 0.000174355
32.64 0.000173703
32.65 0.000172463
32.66 0.000170651
32.67 0.000168284
32.68 0.000165381
32.69 0.000161962
32.7 0.000158046
32.71 0.000153654
32.72 0.000148807
32.73 0.000143526
32.74 0.000137833
32.75 0.000131748
32.76 0.000125294
32.77 0.000118491
32.78 0.00011136
32.79 0.000103924
32.8 9.62034e-05
32.81 8.82192e-05
32.82 7.99928e-05
32.83 7.15458e-05
32.84 6.28996e-05
32.85 5.4076e-05
32.86 4.50973e-05
32.87 3.59859e-05
32.88 2.6765e-05
32.89 1.74582e-05
32.9 8.08983e-06
32.91 -1.31519e-06
32.92 -1.0731e-05
32.93 -2.01311e-05
32.94 -2.94879e-05
32.95 -3.87733e-05
32.96 -4.7958e-05
32.97 -5.70121e-05
32.98 -6.59052e-05
32.99 -7.46059e-05
33 -8.30827e-05
33.01 -9.13036e-05
33.02 -9.92366e-05
33.03 -0.00010685
33.04 -0.000114113
33.05 -0.000120993
33.06 -0.000127463
33.07 -0.000133493
33.08 -0.000139057
33.09 -0.00014413
33.1 -0.00014869
33.11 -0.000152715
33.12 -0.000156189
33.13 -0.000159096
33.14 -0.000161425
33.15 -0.000163166
33.16 -0.000164312
33.17 -0.000164861
33.18 -0.000164812
33.19 -0.000164166
33.2 -0.000162929
33.21 -0.000161107
33.22 -0.000158712
33.23 -0.000155754
33.24 -0.000152247
33.25 -0.000148208
33.26 -0.000143655
33.27 -0.000138607
33.28 -0.000133086
33.29 -0.000127114
33.3 -0.000120717
33.31 -0.000113919
33.32 -0.000106747
33.33 -9.92296e-05
33.34 -9.13954e-05
33.35 -8.32743e-05
33.36 -7.48967e-05
33.37 -6.62941e-05
33.38 -5.74982e-05
33.39 -4.85414e-05
33.4 -3.94564e-05
33.41 -3.02762e-05
33.42 -2.10339e-05
33.43 -1.17625e-05
33.44 -2.49516e-06
33.45 6.73541e-06
33.46 1.58968e-05
33.47 2.4957e-05
33.48 3.38848e-05
33.49 4.26497e-05
33.5 5.12219e-05
33.51 5.95729e-05
33.52 6.76751e-05
33.53 7.55022e-05
33.54 8.30294e-05
33.55 9.02332e-05
33.56 9.70915e-05
33.57 0.000103584
33.58 0.000109692
33.59 0.000115398
33.6 0.000120687
33.61 0.000125546
33.62 0.000129962
33.63 0.000133924
33.64 0.000137426
33.65 0.000140458
33.66 0.000143016
33.67 0.000145095
33.68 0.000146693
33.69 0.000147809
33.7 0.000148442
33.71 0.000148594
33.72 0.000148266
33.73 0.000147462
33.74 0.000146186
33.75 0.000144443
33.76 0.00014224
33.77 0.000139585
33.78 0.000136484
33.79 0.000132948
33.8 0.000128986
33.81 0.00012461
33.82 0.000119832
33.83 0.000114664
33.84 0.000109121
33.85 0.000103217
33.86 9.69704e-05
33.87 9.0397e-05
33.88 8.35158e-05
33.89 7.63464e-05
33.9 6.89099e-05
33.91 6.12285e-05
33.92 5.33254e-05
33.93 4.52255e-05
33.94 3.69544e-05
33.95 2.85392e-05
33.96 2.00082e-05
33.97 1.13906e-05
33.98 2.71665e-06
33.99 -5.98235e-06
34 -1.46744e-05
34.01 -2.33267e-05
34.02 -3.19062e-05
34.03 -4.03792e-05
34.04 -4.87119e-05
34.05 -5.68708e-05
34.06 -6.48225e-05
34.07 -7.25342e-05
34.08 -7.99741e-05
34.09 -8.71111e-05
34.1 -9.39159e-05
34.11 -0.00010036
34.12 -0.000106419
34.13 -0.000112067
34.14 -0.000117283
34.15 -0.000122049
34.16 -0.000126346
34.17 -0.000130161
34.18 -0.000133483
34.19 -0.000136303
34.2 -0.000138614
34.21 -0.000140414
34.22 -0.000141701
34.23 -0.000142476
34.24 -0.000142743
34.25 -0.000142508
34.26 -0.000141777
34.27 -0.00014056
34.28 -0.000138868
34.29 -0.000136714
34.3 -0.000134109
34.31 -0.000131069
34.32 -0.00012761
34.33 -0.000123748
34.34 -0.000119501
34.35 -0.000114885
34.36 -0.00010992
34.37 -0.000104625
34.38 -9.90194e-05
34.39 -9.31226e-05
34.4 -8.6955e-05
34.41 -8.05371e-05
34.42 -7.38897e-05
34.43 -6.70336e-05
34.44 -5.99902e-05
34.45 -5.27807e-05
34.46 -4.54269e-05
34.47 -3.79505e-05
34.48 -3.03735e-05
34.49 -2.27183e-05
34.5 -1.50073e-05
34.51 -7.26317e-06
34.52 4.91227e-07
34.53 8.23277e-06
34.54 1.59382e-05
34.55 2.35839e-05
34.56 3.11464e-05
34.57 3.8602e-05
34.58 4.59269e-05
34.59 5.30972e-05
34.6 6.00893e-05
34.61 6.68798e-05
34.62 7.34452e-05
34.63 7.97628e-05
34.64 8.58102e-05
34.65 9.15656e-05
34.66 9.7008e-05
34.67 0.000102117
34.68 0.000106874
34.69 0.000111262
34.7 0.000115262
34.71 0.00011886
34.72 0.000122043
34.73 0.000124798
34.74 0.000127115
34.75 0.000128986
34.76 0.000130402
34.77 0.00013136
34.78 0.000131856
34.79 0.000131888
34.8 0.000131457
34.81 0.000130566
34.82 0.000129217
34.83 0.000127417
34.84 0.000125173
34.85 0.000122494
34.86 0.00011939
34.87 0.000115874
34.88 0.000111958
34.89 0.000107658
34.9 0.000102989
34.91 9.7969e-05
34.92 9.26166e-05
34.93 8.69513e-05
34.94 8.09938e-05
34.95 7.4766e-05
34.96 6.82904e-05
34.97 6.15906e-05
34.98 5.46908e-05
34.99 4.7616e-05
35 4.03918e-05
35.01 3.30443e-05
35.02 2.56002e-05
35.03 1.80862e-05
35.04 1.05296e-05
35.05 2.95768e-06
35.06 -4.60223e-06
35.07 -1.21229e-05
35.08 -1.95772e-05
35.09 -2.69385e-05
35.1 -3.41805e-05
35.11 -4.12773e-05
35.12 -4.82041e-05
35.13 -5.49365e-05
35.14 -6.14512e-05
35.15 -6.7726e-05
35.16 -7.37398e-05
35.17 -7.94726e-05
35.18 -8.4906e-05
35.19 -9.00227e-05
35.2 -9.4807e-05
35.21 -9.92447e-05
35.22 -0.000103323
35.23 -0.000107031
35.24 -0.000110359
35.25 -0.000113299
35.26 -0.000115845
35.27 -0.000117991
35.28 -0.000119733
35.29 -0.00012107
35.3 -0.000122
35.31 -0.000122524
35.32 -0.000122644
35.33 -0.000122361
35.34 -0.000121679
35.35 -0.000120604
35.36 -0.00011914
35.37 -0.000117294
35.38 -0.000115075
35.39 -0.000112489
35.4 -0.000109547
35.41 -0.000106257
35.42 -0.000102631
35.43 -9.86807e-05
35.44 -9.44172e-05
35.45 -8.9854e-05
35.46 -8.50046e-05
35.47 -7.98837e-05
35.48 -7.45063e-05
35.49 -6.88884e-05
35.5 -6.30469e-05
35.51 -5.69992e-05
35.52 -5.07637e-05
35.53 -4.43594e-05
35.54 -3.78062e-05
35.55 -3.11246e-05
35.56 -2.43361e-05
35.57 -1.74625e-05
35.58 -1.05267e-05
35.59 -3.55186e-06
35.6 3.43814e-06
35.61 1.0419e-05
35.62 1.7366e-05
35.63 2.42542e-05
35.64 3.10583e-05
35.65 3.77532e-05
35.66 4.43137e-05
35.67 5.07149e-05
35.68 5.69322e-05
35.69 6.29415e-05
35.7 6.87195e-05
35.71 7.42436e-05
35.72 7.94925e-05
35.73 8.44457e-05
35.74 8.90842e-05
35.75 9.33904e-05
35.76 9.73483e-05
35.77 0.000100944
35.78 0.000104164
35.79 0.000106997
35.8 0.000109436
35.81 0.000111472
35.82 0.000113101
35.83 0.000114319
35.84 0.000115124
35.85 0.000115517
35.86 0.000115498
35.87 0.000115073
35.88 0.000114245
35.89 0.000113022
35.9 0.00011141
35.91 0.000109419
35.92 0.000107059
35.93 0.000104342
35.94 0.00010128
35.95 9.78861e-05
35.96 9.41746e-05
35.97 9.01605e-05
35.98 8.58594e-05
35.99 8.12877e-05
36 7.64622e-05
36.01 7.14004e-05
36.02 6.612e-05
36.03 6.06394e-05
36.04 5.49773e-05
36.05 4.91525e-05
36.06 4.31845e-05
36.07 3.70926e-05
36.08 3.08968e-05
36.09 2.46167e-05
36.1 1.82727e-05
36.11 1.18847e-05
36.12 5.47321e-06
36.13 -9.41628e-07
36.14 -7.33943e-06
36.15 -1.36999e-05
36.16 -2.00028e-05
36.17 -2.62281e-05
36.18 -3.23558e-05
36.19 -3.83661e-05
36.2 -4.42397e-05
36.21 -4.99574e-05
36.22 -5.55004e-05
36.23 -6.08505e-05
36.24 -6.59899e-05
36.25 -7.09016e-05
36.26 -7.55691e-05
36.27 -7.99766e-05
36.28 -8.41092e-05
36.29 -8.7953e-05
36.3 -9.1495e-05
36.31 -9.47229e-05
36.32 -9.7626e-05
36.33 -0.000100194
36.34 -0.000102419
36.35 -0.000104294
36.36 -0.000105811
36.37 -0.000106966
36.38 -0.000107755
36.39 -0.000108176
36.4 -0.000108228
36.41 -0.000107911
36.42 -0.000107226
36.43 -0.000106177
36.44 -0.000104767
36.45 -0.000103001
36.46 -0.000100886
36.47 -9.84293e-05
36.48 -9.56401e-05
36.49 -9.2528e-05
36.5 -8.9104e-05
36.51 -8.53803e-05
36.52 -8.137e-05
36.53 -7.70871e-05
36.54 -7.25467e-05
36.55 -6.77646e-05
36.56 -6.27577e-05
36.57 -5.75436e-05
36.58 -5.21407e-05
36.59 -4.65679e-05
36.6 -4.0845e-05
36.61 -3.49923e-05
36.62 -2.90306e-05
36.63 -2.29811e-05
36.64 -1.68655e-05
36.65 -1.07057e-05
36.66 -4.52385e-06
36.67 1.65787e-06
36.68 7.81714e-06
36.69 1.39317e-05
36.7 1.99796e-05
36.71 2.5939e-05
36.72 3.17885e-05
36.73 3.75071e-05
36.74 4.30744e-05
36.75 4.84708e-05
36.76 5.36773e-05
36.77 5.86758e-05
36.78 6.34492e-05
36.79 6.79813e-05
36.8 7.22572e-05
36.81 7.6263e-05
36.82 7.9986e-05
36.83 8.34148e-05
36.84 8.65393e-05
36.85 8.93506e-05
36.86 9.18412e-05
36.87 9.40047e-05
36.88 9.58361e-05
36.89 9.73318e-05
36.9 9.84892e-05
36.91 9.9307e-05
36.92 9.97849e-05
36.93 9.99239e-05
36.94 9.9726e-05
36.95 9.91942e-05
36.96 9.83323e-05
36.97 9.71454e-05
36.98 9.56391e-05
36.99 9.38201e-05
37 9.16956e-05
37.01 8.92739e-05
37.02 8.65639e-05
37.03 8.35751e-05
37.04 8.03177e-05
37.05 7.68028e-05
37.06 7.30417e-05
37.07 6.90466e-05
37.08 6.48303e-05
37.09 6.04061e-05
37.1 5.57879e-05
37.11 5.09901e-05
37.12 4.60278e-05
37.13 4.09165e-05
37.14 3.56722e-05
37.15 3.03115e-05
37.16 2.48514e-05
37.17 1.93094e-05
37.18 1.37034e-05
37.19 8.05175e-06
37.2 2.37301e-06
37.21 -3.31382e-06
37.22 -8.98957e-06
37.23 -1.46348e-05
37.24 -2.02301e-05
37.25 -2.57558e-05
37.26 -3.11925e-05
37.27 -3.65207e-05
37.28 -4.17212e-05
37.29 -4.67751e-05
37.3 -5.16639e-05
37.31 -5.63697e-05
37.32 -6.08751e-05
37.33 -6.51634e-05
37.34 -6.92186e-05
37.35 -7.3026e-05
37.36 -7.65714e-05
37.37 -7.9842e-05
37.38 -8.28261e-05
37.39 -8.5513e-05
37.4 -8.78934e-05
37.41 -8.99595e-05
37.42 -9.17045e-05
37.43 -9.31231e-05
37.44 -9.42114e-05
37.45 -9.49668e-05
37.46 -9.53881e-05
37.47 -9.54752e-05
37.48 -9.52298e-05
37.49 -9.46543e-05
37.5 -9.37527e-05
37.51 -9.253e-05
37.52 -9.09924e-05
37.53 -8.91471e-05
37.54 -8.70025e-05
37.55 -8.45678e-05
37.56 -8.18532e-05
37.57 -7.88695e-05
37.58 -7.56288e-05
37.59 -7.21434e-05
37.6 -6.84266e-05
37.61 -6.44923e-05
37.62 -6.0355e-05
37.63 -5.60295e-05
37.64 -5.15313e-05
37.65 -4.68762e-05
37.66 -4.20805e-05
37.67 -3.71608e-05
37.68 -3.21338e-05
37.69 -2.70166e-05
37.7 -2.18266e-05
37.71 -1.65811e-05
37.72 -1.12976e-05
37.73 -5.99357e-06
37.74 -6.86684e-07
37.75 4.6056e-06
37.76 9.86587e-06
37.77 1.50768e-05
37.78 2.02214e-05
37.79 2.52828e-05
37.8 3.02444e-05
37.81 3.50899e-05
37.82 3.98036e-05
37.83 4.43701e-05
37.84 4.87744e-05
37.85 5.30022e-05
37.86 5.70398e-05
37.87 6.0874e-05
37.88 6.44925e-05
37.89 6.78834e-05
37.9 7.10359e-05
37.91 7.39399e-05
37.92 7.6586e-05
37.93 7.8966e-05
37.94 8.10722e-05
37.95 8.28982e-05
37.96 8.44383e-05
37.97 8.56878e-05
37.98 8.66432e-05
37.99 8.73016e-05
38 8.76613e-05
38.01 8.77217e-05
38.02 8.74829e-05
38.03 8.69463e-05
38.04 8.6114e-05
38.05 8.49892e-05
38.06 8.3576e-05
38.07 8.18795e-05
38.08 7.99056e-05
38.09 7.76613e-05
38.1 7.51543e-05
38.11 7.23932e-05
38.12 6.93876e-05
38.13 6.61478e-05
38.14 6.26847e-05
38.15 5.90104e-05
38.16 5.51373e-05
38.17 5.10789e-05
38.18 4.68489e-05
38.19 4.24621e-05
38.2 3.79336e-05
38.21 3.32791e-05
38.22 2.85149e-05
38.23 2.36575e-05
38.24 1.87241e-05
38.25 1.3732e-05
38.26 8.6989e-06
38.27 3.64265e-06
38.28 -1.41874e-06
38.29 -6.46722e-06
38.3 -1.14847e-05
38.31 -1.64533e-05
38.32 -2.13551e-05
38.33 -2.61726e-05
38.34 -3.08886e-05
38.35 -3.54861e-05
38.36 -3.9949e-05
38.37 -4.42614e-05
38.38 -4.84081e-05
38.39 -5.23747e-05
38.4 -5.61476e-05
38.41 -5.9714e-05
38.42 -6.30619e-05
38.43 -6.61803e-05
38.44 -6.90592e-05
38.45 -7.16897e-05
38.46 -7.40637e-05
38.47 -7.61743e-05
38.48 -7.80156e-05
38.49 -7.95829e-05
38.5 -8.08724e-05
38.51 -8.18814e-05
38.52 -8.26082e-05
38.53 -8.30521e-05
38.54 -8.32136e-05
38.55 -8.30938e-05
38.56 -8.26949e-05
38.57 -8.20199e-05
38.58 -8.10728e-05
38.59 -7.98583e-05
38.6 -7.83819e-05
38.61 -7.66498e-05
38.62 -7.46689e-05
38.63 -7.24469e-05
38.64 -6.99921e-05
38.65 -6.73133e-05
38.66 -6.44199e-05
38.67 -6.13221e-05
38.68 -5.80302e-05
38.69 -5.45555e-05
38.7 -5.09094e-05
38.71 -4.71039e-05
38.72 -4.31515e-05
38.73 -3.9065e-05
38.74 -3.48576e-05
38.75 -3.0543e-05
38.76 -2.61351e-05
38.77 -2.16481e-05
38.78 -1.70967e-05
38.79 -1.24957e-05
38.8 -7.86e-06
38.81 -3.20499e-06
38.82 1.45397e-06
38.83 6.10137e-06
38.84 1.07217e-05
38.85 1.52992e-05
38.86 1.98185e-05
38.87 2.4264e-05
38.88 2.86205e-05
38.89 3.28728e-05
38.9 3.70061e-05
38.91 4.1006e-05
38.92 4.48582e-05
38.93 4.85492e-05
38.94 5.20659e-05
38.95 5.53959e-05
38.96 5.85272e-05
38.97 6.14489e-05
38.98 6.41506e-05
38.99 6.66228e-05
39 6.8857e-05
39.01 7.08454e-05
39.02 7.25812e-05
39.03 7.40588e-05
39.04 7.52734e-05
39.05 7.62213e-05
39.06 7.68997e-05
39.07 7.7307e-05
39.08 7.74427e-05
39.09 7.73069e-05
39.1 7.69013e-05
39.11 7.6228e-05
39.12 7.52905e-05
39.13 7.40932e-05
39.14 7.26411e-05
39.15 7.09404e-05
39.16 6.8998e-05
39.17 6.68217e-05
39.18 6.442e-05
39.19 6.18021e-05
39.2 5.8978e-05
39.21 5.59583e-05
39.22 5.27541e-05
39.23 4.93772e-05
39.24 4.58399e-05
39.25 4.21549e-05
39.26 3.83354e-05
39.27 3.43949e-05
39.28 3.03472e-05
39.29 2.62067e-05
39.3 2.19876e-05
39.31 1.77045e-05
39.32 1.33723e-05
39.33 9.00583e-06
39.34 4.61993e-06
39.35 2.29565e-07
39.36 -4.15039e-06
39.37 -8.50514e-06
39.38 -1.282e-05
39.39 -1.70806e-05
39.4 -2.12726e-05
39.41 -2.53821e-05
39.42 -2.93954e-05
39.43 -3.32992e-05
39.44 -3.70808e-05
39.45 -4.07277e-05
39.46 -4.42281e-05
39.47 -4.75705e-05
39.48 -5.07441e-05
39.49 -5.37389e-05
39.5 -5.65452e-05
39.51 -5.91541e-05
39.52 -6.15576e-05
39.53 -6.37481e-05
39.54 -6.5719e-05
39.55 -6.74642e-05
39.56 -6.89785e-05
39.57 -7.02576e-05
39.58 -7.12978e-05
39.59 -7.20963e-05
39.6 -7.26511e-05
39.61 -7.29608e-05
39.62 -7.30251e-05
39.63 -7.28442e-05
39.64 -7.24194e-05
39.65 -7.17525e-05
39.66 -7.08462e-05
39.67 -6.9704e-05
39.68 -6.83299e-05
39.69 -6.6729e-05
39.7 -6.49068e-05
39.71 -6.28698e-05
39.72 -6.06249e-05
39.73 -5.81798e-05
39.74 -5.55429e-05
39.75 -5.27232e-05
39.76 -4.97302e-05
39.77 -4.65741e-05
39.78 -4.32656e-05
39.79 -3.9816e-05
39.8 -3.62371e-05
39.81 -3.25411e-05
39.82 -2.87407e-05
39.83 -2.48488e-05
39.84 -2.0879e-05
39.85 -1.68449e-05
39.86 -1.27606e-05
39.87 -8.6403e-06
39.88 -4.49841e-06
39.89 -3.49458e-07
39.9 3.79197e-06
39.91 7.91126e-06
39.92 1.19939e-05
39.93 1.60253e-05
39.94 1.99914e-05
39.95 2.38779e-05
39.96 2.76713e-05
39.97 3.13581e-05
39.98 3.49252e-05
39.99 3.83602e-05
40 4.16512e-05
40.01 4.47866e-05
40.02 4.77558e-05
40.03 5.05487e-05
40.04 5.31558e-05
40.05 5.55687e-05
40.06 5.77794e-05
40.07 5.97809e-05
40.08 6.15671e-05
40.09 6.31327e-05
40.1 6.44731e-05
40.11 6.55849e-05
40.12 6.64652e-05
40.13 6.71122e-05
40.14 6.75248e-05
40.15 6.7703e-05
40.16 6.76472e-05
40.17 6.73589e-05
40.18 6.68404e-05
40.19 6.60946e-05
40.2 6.51252e-05
40.21 6.39366e-05
40.22 6.25339e-05
40.23 6.09227e-05
40.24 5.91095e-05
40.25 5.71011e-05
40.26 5.4905e-05
40.27 5.25292e-05
40.28 4.99822e-05
40.29 4.7273e-05
40.3 4.44111e-05
40.31 4.14063e-05
40.32 3.82688e-05
40.33 3.50092e-05
40.34 3.16385e-05
40.35 2.81679e-05
40.36 2.4609e-05
40.37 2.09736e-05
40.38 1.72737e-05
40.39 1.35215e-05
40.4 9.72944e-06
40.41 5.91005e-06
40.42 2.07596e-06
40.43 -1.76011e-06
40.44 -5.58541e-06
40.45 -9.38721e-06
40.46 -1.31528e-05
40.47 -1.68695e-05
40.48 -2.05249e-05
40.49 -2.41066e-05
40.5 -2.76024e-05
40.51 -3.10006e-05
40.52 -3.42895e-05
40.53 -3.74578e-05
40.54 -4.04948e-05
40.55 -4.339e-05
40.56 -4.61334e-05
40.57 -4.87157e-05
40.58 -5.1128e-05
40.59 -5.3362e-05
40.6 -5.54102e-05
40.61 -5.72655e-05
40.62 -5.89217e-05
40.63 -6.03733e-05
40.64 -6.16155e-05
40.65 -6.26442e-05
40.66 -6.34562e-05
40.67 -6.40492e-05
40.68 -6.44214e-05
40.69 -6.4572e-05
40.7 -6.4501e-05
40.71 -6.42092e-05
40.72 -6.3698e-05
40.73 -6.29699e-05
40.74 -6.20279e-05
40.75 -6.08759e-05
40.76 -5.95186e-05
40.77 -5.79611e-05
40.78 -5.62095e-05
40.79 -5.42705e-05
40.8 -5.21512e-05
40.81 -4.98597e-05
40.82 -4.74042e-05
40.83 -4.47939e-05
40.84 -4.20382e-05
40.85 -3.91471e-05
40.86 -3.61309e-05
40.87 -3.30005e-05
40.88 -2.9767e-05
40.89 -2.64418e-05
40.9 -2.30367e-05
40.91 -1.95636e-05
40.92 -1.60347e-05
40.93 -1.24623e-05
40.94 -8.85886e-06
40.95 -5.23679e-06
40.96 -1.60862e-06
40.97 2.01316e-06
40.98 5.61614e-06
40.99 9.18801e-06
41 1.27166e-05
41.01 1.619e-05
41.02 1.95965e-05
41.03 2.29245e-05
41.04 2.61631e-05
41.05 2.93013e-05
41.06 3.23288e-05
41.07 3.52357e-05
41.08 3.80125e-05
41.09 4.06501e-05
41.1 4.314e-05
41.11 4.54744e-05
41.12 4.76457e-05
41.13 4.96474e-05
41.14 5.1473e-05
41.15 5.31172e-05
41.16 5.45749e-05
41.17 5.58419e-05
41.18 5.69145e-05
41.19 5.77899e-05
41.2 5.84656e-05
41.21 5.89401e-05
41.22 5.92123e-05
41.23 5.92821e-05
41.24 5.91496e-05
41.25 5.88159e-05
41.26 5.82826e-05
41.27 5.7552e-05
41.28 5.66269e-05
41.29 5.5511e-05
41.3 5.42081e-05
41.31 5.27232e-05
41.32 5.10613e-05
41.33 4.92283e-05
41.34 4.72307e-05
41.35 4.50751e-05
41.36 4.27692e-05
41.37 4.03206e-05
41.38 3.77378e-05
41.39 3.50295e-05
41.4 3.2205e-05
41.41 2.92738e-05
41.42 2.62459e-05
41.43 2.31316e-05
41.44 1.99416e-05
41.45 1.66868e-05
41.46 1.33782e-05
41.47 1.00273e-05
41.48 6.64564e-06
41.49 3.24486e-06
41.5 -1.63255e-07
41.51 -3.56687e-06
41.52 -6.95415e-06
41.53 -1.03133e-05
41.54 -1.36325e-05
41.55 -1.69003e-05
41.56 -2.01052e-05
41.57 -2.32359e-05
41.58 -2.62816e-05
41.59 -2.92316e-05
41.6 -3.20757e-05
41.61 -3.48038e-05
41.62 -3.74067e-05
41.63 -3.98754e-05
41.64 -4.22014e-05
41.65 -4.4377e-05
41.66 -4.63947e-05
41.67 -4.82479e-05
41.68 -4.99307e-05
41.69 -5.14375e-05
41.7 -5.27638e-05
41.71 -5.39056e-05
41.72 -5.48594e-05
41.73 -5.56228e-05
41.74 -5.61939e-05
41.75 -5.65713e-05
41.76 -5.67548e-05
41.77 -5.67444e-05
41.78 -5.6541e-05
41.79 -5.61462e-05
41.8 -5.55622e-05
41.81 -5.47918e-05
41.82 -5.38385e-05
41.83 -5.27064e-05
41.84 -5.13999e-05
41.85 -4.99244e-05
41.86 -4.82854e-05
41.87 -4.64893e-05
41.88 -4.45425e-05
41.89 -4.24523e-05
41.9 -4.02262e-05
41.91 -3.7872e-05
41.92 -3.53982e-05
41.93 -3.28133e-05
41.94 -3.01262e-05
41.95 -2.73463e-05
41.96 -2.44829e-05
41.97 -2.15459e-05
41.98 -1.85452e-05
41.99 -1.54908e-05
42 -1.23932e-05
42.01 -9.26252e-06
42.02 -6.1094e-06
42.03 -2.94433e-06
42.04 2.2213e-07
42.05 3.37941e-06
42.06 6.51697e-06
42.07 9.62435e-06
42.08 1.26912e-05
42.09 1.57072e-05
42.1 1.86623e-05
42.11 2.15467e-05
42.12 2.43506e-05
42.13 2.70648e-05
42.14 2.968e-05
42.15 3.21875e-05
42.16 3.4579e-05
42.17 3.68463e-05
42.18 3.89819e-05
42.19 4.09787e-05
42.2 4.283e-05
42.21 4.45295e-05
42.22 4.60718e-05
42.23 4.74517e-05
42.24 4.86647e-05
42.25 4.97069e-05
42.26 5.05748e-05
42.27 5.12659e-05
42.28 5.1778e-05
42.29 5.21097e-05
42.3 5.22601e-05
42.31 5.2229e-05
42.32 5.2017e-05
42.33 5.1625e-05
42.34 5.10548e-05
42.35 5.03087e-05
42.36 4.93896e-05
42.37 4.83011e-05
42.38 4.70473e-05
42.39 4.56329e-05
42.4 4.40631e-05
42.41 4.23438e-05
42.42 4.04811e-05
42.43 3.84818e-05
42.44 3.63532e-05
42.45 3.41029e-05
42.46 3.1739e-05
42.47 2.92699e-05
42.48 2.67043e-05
42.49 2.40515e-05
42.5 2.13208e-05
42.51 1.85217e-05
42.52 1.56643e-05
42.53 1.27584e-05
42.54 9.81433e-06
42.55 6.84231e-06
42.56 3.85269e-06
42.57 8.55882e-07
42.58 -2.13774e-06
42.59 -5.11782e-06
42.6 -8.07411e-06
42.61 -1.09964e-05
42.62 -1.38748e-05
42.63 -1.66994e-05
42.64 -1.94607e-05
42.65 -2.21492e-05
42.66 -2.47561e-05
42.67 -2.72725e-05
42.68 -2.96901e-05
42.69 -3.20009e-05
42.7 -3.41974e-05
42.71 -3.62724e-05
42.72 -3.82192e-05
42.73 -4.00316e-05
42.74 -4.17039e-05
42.75 -4.32308e-05
42.76 -4.46078e-05
42.77 -4.58307e-05
42.78 -4.68958e-05
42.79 -4.78001e-05
42.8 -4.85411e-05
42.81 -4.91169e-05
42.82 -4.95261e-05
42.83 -4.97678e-05
42.84 -4.98419e-05
42.85 -4.97485e-05
42.86 -4.94886e-05
42.87 -4.90634e-05
42.88 -4.8475e-05
42.89 -4.77256e-05
42.9 -4.68183e-05
42.91 -4.57565e-05
42.92 -4.45441e-05
42.93 -4.31855e-05
42.94 -4.16855e-05
42.95 -4.00494e-05
42.96 -3.8283e-05
42.97 -3.63923e-05
42.98 -3.4384e-05
42.99 -3.22648e-05
43 -3.00421e-05
43.01 -2.77234e-05
43.02 -2.53166e-05
43.03 -2.283e-05
43.04 -2.02719e-05
43.05 -1.76512e-05
43.06 -1.49767e-05
43.07 -1.22575e-05
43.08 -9.5029e-06
43.09 -6.72235e-06
43.1 -3.92533e-06
43.11 -1.12144e-06
43.12 1.67972e-06
43.13 4.4685e-06
43.14 7.2353e-06
43.15 9.97059e-06
43.16 1.26649e-05
43.17 1.5309e-05
43.18 1.78937e-05
43.19 2.04101e-05
43.2 2.28495e-05
43.21 2.52035e-05
43.22 2.74639e-05
43.23 2.96231e-05
43.24 3.16736e-05
43.25 3.36085e-05
43.26 3.54212e-05
43.27 3.71056e-05
43.28 3.86562e-05
43.29 4.00677e-05
43.3 4.13356e-05
43.31 4.24559e-05
43.32 4.34251e-05
43.33 4.42402e-05
43.34 4.48988e-05
43.35 4.53991e-05
43.36 4.574e-05
43.37 4.59208e-05
43.38 4.59413e-05
43.39 4.58022e-05
43.4 4.55043e-05
43.41 4.50495e-05
43.42 4.44397e-05
43.43 4.36777e-05
43.44 4.27666e-05
43.45 4.17101e-05
43.46 4.05124e-05
43.47 3.91781e-05
43.48 3.77122e-05
43.49 3.61202e-05
43.5 3.44079e-05
43.51 3.25816e-05
43.52 3.06479e-05
43.53 2.86136e-05
43.54 2.64859e-05
43.55 2.42724e-05
43.56 2.19808e-05
43.57 1.96189e-05
43.58 1.71951e-05
43.59 1.47176e-05
43.6 1.21948e-05
43.61 9.63547e-06
43.62 7.04821e-06
43.63 4.44181e-06
43.64 1.82506e-06
43.65 -7.93222e-07
43.66 -3.40422e-06
43.67 -5.99918e-06
43.68 -8.5694e-06
43.69 -1.11063e-05
43.7 -1.36013e-05
43.71 -1.60463e-05
43.72 -1.84329e-05
43.73 -2.07533e-05
43.74 -2.29998e-05
43.75 -2.51648e-05
43.76 -2.72413e-05
43.77 -2.92223e-05
43.78 -3.11013e-05
43.79 -3.28721e-05
43.8 -3.45288e-05
43.81 -3.60662e-05
43.82 -3.7479e-05
43.83 -3.87628e-05
43.84 -3.99133e-05
43.85 -4.0927e-05
43.86 -4.18006e-05
43.87 -4.25313e-05
43.88 -4.3117e-05
43.89 -4.35558e-05
43.9 -4.38465e-05
43.91 -4.39885e-05
43.92 -4.39815e-05
43.93 -4.38257e-05
43.94 -4.35221e-05
43.95 -4.30719e-05
43.96 -4.24769e-05
43.97 -4.17394e-05
43.98 -4.08623e-05
43.99 -3.98488e-05
44 -3.87026e-05
44.01 -3.7428e-05
44.02 -3.60295e-05
44.03 -3.45121e-05
44.04 -3.28814e-05
44.05 -3.11432e-05
44.06 -2.93036e-05
44.07 -2.73692e-05
44.08 -2.53468e-05
44.09 -2.32436e-05
44.1 -2.1067e-05
44.11 -1.88247e-05
44.12 -1.65245e-05
44.13 -1.41744e-05
44.14 -1.17829e-05
44.15 -9.35809e-06
44.16 -6.90857e-06
44.17 -4.44283e-06
44.18 -1.96946e-06
44.19 5.02967e-07
44.2 2.96589e-06
44.21 5.41079e-06
44.22 7.82926e-06
44.23 1.0213e-05
44.24 1.25538e-05
44.25 1.48437e-05
44.26 1.70749e-05
44.27 1.92399e-05
44.28 2.13313e-05
44.29 2.33423e-05
44.3 2.52659e-05
44.31 2.7096e-05
44.32 2.88265e-05
44.33 3.04518e-05
44.34 3.19665e-05
44.35 3.33659e-05
44.36 3.46456e-05
44.37 3.58016e-05
44.38 3.68303e-05
44.39 3.77288e-05
44.4 3.84942e-05
44.41 3.91246e-05
44.42 3.96182e-05
44.43 3.99738e-05
44.44 4.01907e-05
44.45 4.02686e-05
44.46 4.02077e-05
44.47 4.00087e-05
44.48 3.96726e-05
44.49 3.92011e-05
44.5 3.8596e-05
44.51 3.786e-05
44.52 3.69957e-05
44.53 3.60064e-05
44.54 3.48958e-05
44.55 3.3668e-05
44.56 3.23273e-05
44.57 3.08785e-05
44.58 2.93266e-05
44.59 2.76772e-05
44.6 2.59358e-05
44.61 2.41087e-05
44.62 2.22019e-05
44.63 2.02222e-05
44.64 1.81762e-05
44.65 1.60709e-05
44.66 1.39136e-05
44.67 1.17115e-05
44.68 9.47224e-06
44.69 7.20335e-06
44.7 4.9126e-06
44.71 2.60777e-06
44.72 2.96721e-07
44.73 -2.01266e-06
44.74 -4.31251e-06
44.75 -6.59497e-06
44.76 -8.85225e-06
44.77 -1.10766e-05
44.78 -1.32605e-05
44.79 -1.53964e-05
44.8 -1.74771e-05
44.81 -1.94954e-05
44.82 -2.14444e-05
44.83 -2.33175e-05
44.84 -2.51084e-05
44.85 -2.68109e-05
44.86 -2.84193e-05
44.87 -2.99282e-05
44.88 -3.13324e-05
44.89 -3.26275e-05
44.9 -3.3809e-05
44.91 -3.4873e-05
44.92 -3.58163e-05
44.93 -3.66357e-05
44.94 -3.73287e-05
44.95 -3.78933e-05
44.96 -3.83277e-05
44.97 -3.86309e-05
44.98 -3.88021e-05
44.99 -3.88412e-05
45 -3.87483e-05
45.01 -3.85242e-05
45.02 -3.81701e-05
45.03 -3.76876e-05
45.04 -3.70787e-05
45.05 -3.6346e-05
45.06 -3.54923e-05
45.07 -3.4521e-05
45.08 -3.34357e-05
45.09 -3.22407e-05
45.1 -3.09403e-05
45.11 -2.95392e-05
45.12 -2.80427e-05
45.13 -2.64561e-05
45.14 -2.47852e-05
45.15 -2.30358e-05
45.16 -2.12142e-05
45.17 -1.93268e-05
45.18 -1.73803e-05
45.19 -1.53813e-05
45.2 -1.33369e-05
45.21 -1.12541e-05
45.22 -9.14007e-06
45.23 -7.0021e-06
45.24 -4.84749e-06
45.25 -2.68357e-06
45.26 -5.17705e-07
45.27 1.64277e-06
45.28 3.79056e-06
45.29 5.91842e-06
45.3 8.01921e-06
45.31 1.00859e-05
45.32 1.21115e-05
45.33 1.40893e-05
45.34 1.60128e-05
45.35 1.78755e-05
45.36 1.96713e-05
45.37 2.13942e-05
45.38 2.30386e-05
45.39 2.45991e-05
45.4 2.60705e-05
45.41 2.74482e-05
45.42 2.87275e-05
45.43 2.99045e-05
45.44 3.09752e-05
45.45 3.19364e-05
45.46 3.27849e-05
45.47 3.35182e-05
45.48 3.41339e-05
45.49 3.46303e-05
45.5 3.50058e-05
45.51 3.52595e-05
45.52 3.53907e-05
45.53 3.53993e-05
45.54 3.52853e-05
45.55 3.50496e-05
45.56 3.4693e-05
45.57 3.42171e-05
45.58 3.36236e-05
45.59 3.29149e-05
45.6 3.20935e-05
45.61 3.11625e-05
45.62 3.01253e-05
45.63 2.89855e-05
45.64 2.77474e-05
45.65 2.64152e-05
45.66 2.49937e-05
45.67 2.34879e-05
45.68 2.19032e-05
45.69 2.02451e-05
45.7 1.85195e-05
45.71 1.67324e-05
45.72 1.48901e-05
45.73 1.2999e-05
45.74 1.10657e-05
45.75 9.09694e-06
45.76 7.0996e-06
45.77 5.08063e-06
45.78 3.04705e-06
45.79 1.00589e-06
45.8 -1.03575e-06
45.81 -3.07082e-06
45.82 -5.09229e-06
45.83 -7.0932e-06
45.84 -9.06666e-06
45.85 -1.10059e-05
45.86 -1.29043e-05
45.87 -1.47554e-05
45.88 -1.65529e-05
45.89 -1.82906e-05
45.9 -1.99629e-05
45.91 -2.1564e-05
45.92 -2.30886e-05
45.93 -2.45317e-05
45.94 -2.58885e-05
45.95 -2.71546e-05
45.96 -2.83259e-05
45.97 -2.93987e-05
45.98 -3.03696e-05
45.99 -3.12356e-05
46 -3.1994e-05
46.01 -3.26427e-05
46.02 -3.31796e-05
46.03 -3.36034e-05
46.04 -3.3913e-05
46.05 -3.41076e-05
46.06 -3.41871e-05
46.07 -3.41515e-05
46.08 -3.40013e-05
46.09 -3.37374e-05
46.1 -3.3361e-05
46.11 -3.28737e-05
46.12 -3.22776e-05
46.13 -3.1575e-05
46.14 -3.07685e-05
46.15 -2.98613e-05
46.16 -2.88565e-05
46.17 -2.7758e-05
46.18 -2.65696e-05
46.19 -2.52955e-05
46.2 -2.39403e-05
46.21 -2.25087e-05
46.22 -2.10057e-05
46.23 -1.94366e-05
46.24 -1.78068e-05
46.25 -1.61218e-05
46.26 -1.43875e-05
46.27 -1.26097e-05
46.28 -1.07947e-05
46.29 -8.94858e-06
46.3 -7.07762e-06
46.31 -5.1882e-06
46.32 -3.28675e-06
46.33 -1.37973e-06
46.34 5.26372e-07
46.35 2.4251e-06
46.36 4.30999e-06
46.37 6.17466e-06
46.38 8.01278e-06
46.39 9.81811e-06
46.4 1.15845e-05
46.41 1.33061e-05
46.42 1.49769e-05
46.43 1.65914e-05
46.44 1.8144e-05
46.45 1.96296e-05
46.46 2.10431e-05
46.47 2.23798e-05
46.48 2.36353e-05
46.49 2.48053e-05
46.5 2.5886e-05
46.51 2.68738e-05
46.52 2.77655e-05
46.53 2.85582e-05
46.54 2.92493e-05
46.55 2.98367e-05
46.56 3.03186e-05
46.57 3.06936e-05
46.58 3.09605e-05
46.59 3.11188e-05
46.6 3.11682e-05
46.61 3.11087e-05
46.62 3.09408e-05
46.63 3.06655e-05
46.64 3.02838e-05
46.65 2.97975e-05
46.66 2.92084e-05
46.67 2.85189e-05
46.68 2.77316e-05
46.69 2.68496e-05
46.7 2.5876e-05
46.71 2.48146e-05
46.72 2.36691e-05
46.73 2.24438e-05
46.74 2.11431e-05
46.75 1.97717e-05
46.76 1.83344e-05
46.77 1.68364e-05
46.78 1.5283e-05
46.79 1.36797e-05
46.8 1.2032e-05
46.81 1.03457e-05
46.82 8.62674e-06
46.83 6.88103e-06
46.84 5.1146e-06
46.85 3.33353e-06
46.86 1.54395e-06
46.87 -2.4802e-07
46.88 -2.03628e-06
46.89 -3.81473e-06
46.9 -5.57736e-06
46.91 -7.31821e-06
46.92 -9.0314e-06
46.93 -1.07112e-05
46.94 -1.23519e-05
46.95 -1.39482e-05
46.96 -1.54946e-05
46.97 -1.69861e-05
46.98 -1.84177e-05
46.99 -1.97847e-05
47 -2.10826e-05
47.01 -2.23073e-05
47.02 -2.34546e-05
47.03 -2.4521e-05
47.04 -2.5503e-05
47.05 -2.63975e-05
47.06 -2.72016e-05
47.07 -2.79129e-05
47.08 -2.85291e-05
47.09 -2.90483e-05
47.1 -2.94692e-05
47.11 -2.97903e-05
47.12 -3.0011e-05
47.13 -3.01305e-05
47.14 -3.01489e-05
47.15 -3.00662e-05
47.16 -2.98829e-05
47.17 -2.95999e-05
47.18 -2.92182e-05
47.19 -2.87396e-05
47.2 -2.81656e-05
47.21 -2.74986e-05
47.22 -2.67409e-05
47.23 -2.58953e-05
47.24 -2.49649e-05
47.25 -2.39529e-05
47.26 -2.2863e-05
47.27 -2.1699e-05
47.28 -2.04651e-05
47.29 -1.91656e-05
47.3 -1.7805e-05
47.31 -1.63881e-05
47.32 -1.49198e-05
47.33 -1.34053e-05
47.34 -1.18499e-05
47.35 -1.02589e-05
47.36 -8.63794e-06
47.37 -6.99254e-06
47.38 -5.32845e-06
47.39 -3.65142e-06
47.4 -1.96724e-06
47.41 -2.81748e-07
47.42 1.39926e-06
47.43 3.06999e-06
47.44 4.72471e-06
47.45 6.35772e-06
47.46 7.96345e-06
47.47 9.53639e-06
47.48 1.10712e-05
47.49 1.25626e-05
47.5 1.40057e-05
47.51 1.53955e-05
47.52 1.67273e-05
47.53 1.79967e-05
47.54 1.91995e-05
47.55 2.03316e-05
47.56 2.13895e-05
47.57 2.23696e-05
47.58 2.32687e-05
47.59 2.40841e-05
47.6 2.4813e-05
47.61 2.54534e-05
47.62 2.60032e-05
47.63 2.64608e-05
47.64 2.68249e-05
47.65 2.70946e-05
47.66 2.72693e-05
47.67 2.73485e-05
47.68 2.73324e-05
47.69 2.72212e-05
47.7 2.70157e-05
47.71 2.67169e-05
47.72 2.63259e-05
47.73 2.58446e-05
47.74 2.52746e-05
47.75 2.46184e-05
47.76 2.38782e-05
47.77 2.30569e-05
47.78 2.21576e-05
47.79 2.11833e-05
47.8 2.01377e-05
47.81 1.90245e-05
47.82 1.78476e-05
47.83 1.66112e-05
47.84 1.53196e-05
47.85 1.39773e-05
47.86 1.25889e-05
47.87 1.11593e-05
47.88 9.69331e-06
47.89 8.19608e-06
47.9 6.6727e-06
47.91 5.12839e-06
47.92 3.5684e-06
47.93 1.99806e-06
47.94 4.22709e-07
47.95 -1.15231e-06
47.96 -2.72164e-06
47.97 -4.27997e-06
47.98 -5.82204e-06
47.99 -7.34261e-06
48 -8.83657e-06
48.01 -1.02989e-05
48.02 -1.17246e-05
48.03 -1.31089e-05
48.04 -1.44472e-05
48.05 -1.5735e-05
48.06 -1.6968e-05
48.07 -1.8142e-05
48.08 -1.92531e-05
48.09 -2.02977e-05
48.1 -2.12723e-05
48.11 -2.21737e-05
48.12 -2.29989e-05
48.13 -2.37452e-05
48.14 -2.44103e-05
48.15 -2.4992e-05
48.16 -2.54885e-05
48.17 -2.58982e-05
48.18 -2.622e-05
48.19 -2.64529e-05
48.2 -2.65963e-05
48.21 -2.66499e-05
48.22 -2.66137e-05
48.23 -2.6488e-05
48.24 -2.62736e-05
48.25 -2.59712e-05
48.26 -2.55823e-05
48.27 -2.51083e-05
48.28 -2.4551e-05
48.29 -2.39126e-05
48.3 -2.31955e-05
48.31 -2.24023e-05
48.32 -2.1536e-05
48.33 -2.05996e-05
48.34 -1.95967e-05
48.35 -1.85308e-05
48.36 -1.74058e-05
48.37 -1.62256e-05
48.38 -1.49944e-05
48.39 -1.37167e-05
48.4 -1.23969e-05
48.41 -1.10396e-05
48.42 -9.64965e-06
48.43 -8.23184e-06
48.44 -6.79111e-06
48.45 -5.33246e-06
48.46 -3.86093e-06
48.47 -2.3816e-06
48.48 -8.99539e-07
48.49 5.80164e-07
48.5 2.05246e-06
48.51 3.51233e-06
48.52 4.95482e-06
48.53 6.37505e-06
48.54 7.76824e-06
48.55 9.12968e-06
48.56 1.04548e-05
48.57 1.17393e-05
48.58 1.29787e-05
48.59 1.4169e-05
48.6 1.53063e-05
48.61 1.63869e-05
48.62 1.74071e-05
48.63 1.83638e-05
48.64 1.92537e-05
48.65 2.00742e-05
48.66 2.08224e-05
48.67 2.14962e-05
48.68 2.20933e-05
48.69 2.2612e-05
48.7 2.30507e-05
48.71 2.34081e-05
48.72 2.36832e-05
48.73 2.38752e-05
48.74 2.39837e-05
48.75 2.40086e-05
48.76 2.395e-05
48.77 2.38081e-05
48.78 2.35838e-05
48.79 2.3278e-05
48.8 2.28919e-05
48.81 2.24269e-05
48.82 2.18848e-05
48.83 2.12677e-05
48.84 2.05778e-05
48.85 1.98175e-05
48.86 1.89897e-05
48.87 1.80972e-05
48.88 1.71432e-05
48.89 1.61311e-05
48.9 1.50644e-05
48.91 1.3947e-05
48.92 1.27826e-05
48.93 1.15754e-05
48.94 1.03295e-05
48.95 9.04927e-06
48.96 7.73919e-06
48.97 6.40376e-06
48.98 5.0476e-06
48.99 3.67541e-06
49 2.2919e-06
49.01 9.01851e-07
49.02 -4.89957e-07
49.03 -1.87874e-06
49.04 -3.25973e-06
49.05 -4.6282e-06
49.06 -5.97945e-06
49.07 -7.30889e-06
49.08 -8.61196e-06
49.09 -9.88424e-06
49.1 -1.11214e-05
49.11 -1.23193e-05
49.12 -1.34738e-05
49.13 -1.45811e-05
49.14 -1.56375e-05
49.15 -1.66394e-05
49.16 -1.75836e-05
49.17 -1.84668e-05
49.18 -1.92863e-05
49.19 -2.00393e-05
49.2 -2.07234e-05
49.21 -2.13365e-05
49.22 -2.18766e-05
49.23 -2.23421e-05
49.24 -2.27316e-05
49.25 -2.30439e-05
49.26 -2.32782e-05
49.27 -2.34339e-05
49.28 -2.35107e-05
49.29 -2.35086e-05
49.3 -2.34277e-05
49.31 -2.32686e-05
49.32 -2.30321e-05
49.33 -2.27192e-05
49.34 -2.23311e-05
49.35 -2.18695e-05
49.36 -2.1336e-05
49.37 -2.07328e-05
49.38 -2.00621e-05
49.39 -1.93264e-05
49.4 -1.85282e-05
49.41 -1.76706e-05
49.42 -1.67566e-05
49.43 -1.57895e-05
49.44 -1.47726e-05
49.45 -1.37096e-05
49.46 -1.26042e-05
49.47 -1.14603e-05
49.48 -1.02818e-05
49.49 -9.0728e-06
49.5 -7.8375e-06
49.51 -6.58014e-06
49.52 -5.30504e-06
49.53 -4.01657e-06
49.54 -2.71913e-06
49.55 -1.41713e-06
49.56 -1.15012e-07
49.57 1.18281e-06
49.58 2.47193e-06
49.59 3.748e-06
49.6 5.0067e-06
49.61 6.2438e-06
49.62 7.45513e-06
49.63 8.63663e-06
49.64 9.78433e-06
49.65 1.08944e-05
49.66 1.19631e-05
49.67 1.29869e-05
49.68 1.39625e-05
49.69 1.48865e-05
49.7 1.57559e-05
49.71 1.65678e-05
49.72 1.73197e-05
49.73 1.8009e-05
49.74 1.86336e-05
49.75 1.91913e-05
49.76 1.96805e-05
49.77 2.00997e-05
49.78 2.04474e-05
49.79 2.07227e-05
49.8 2.09248e-05
49.81 2.10531e-05
49.82 2.11074e-05
49.83 2.10876e-05
49.84 2.0994e-05
49.85 2.08271e-05
49.86 2.05874e-05
49.87 2.02762e-05
49.88 1.98945e-05
49.89 1.94439e-05
49.9 1.8926e-05
49.91 1.83428e-05
49.92 1.76965e-05
49.93 1.69893e-05
49.94 1.62239e-05
49.95 1.5403e-05
49.96 1.45296e-05
49.97 1.36068e-05
49.98 1.26379e-05
49.99 1.16262e-05
