0.01 -1.32625e-07
0.02 -1.54512e-07
0.03 -2.22368e-07
0.04 -3.58492e-07
0.05 -5.61832e-07
0.06 -8.10825e-07
0.07 -1.08453e-06
0.08 -1.38051e-06
0.09 -1.71364e-06
0.1 -2.10022e-06
0.11 -2.54416e-06
0.12 -3.03667e-06
0.13 -3.56667e-06
0.14 -4.13065e-06
0.15 -4.73318e-06
0.16 -5.37893e-06
0.17 -6.06447e-06
0.18 -6.77806e-06
0.19 -7.50644e-06
0.2 -8.2407e-06
0.21 -8.97563e-06
0.22 -9.70539e-06
0.23 -1.04226e-05
0.24 -1.11224e-05
0.25 -1.18078e-05
0.26 -1.24882e-05
0.27 -1.31733e-05
0.28 -1.38644e-05
0.29 -1.45495e-05
0.3 -1.52055e-05
0.31 -1.58095e-05
0.32 -1.63553e-05
0.33 -1.6864e-05
0.34 -1.73781e-05
0.35 -1.79401e-05
0.36 -1.85696e-05
0.37 -1.92519e-05
0.38 -1.99454e-05
0.39 -2.06061e-05
0.4 -2.12128e-05
0.41 -2.17728e-05
0.42 -2.2305e-05
0.43 -2.2817e-05
0.44 -2.32976e-05
0.45 -2.3723e-05
0.46 -2.4062e-05
0.47 -2.42769e-05
0.48 -2.43311e-05
0.49 -2.42131e-05
0.5 -2.39555e-05
0.51 -2.36213e-05
0.52 -2.326e-05
0.53 -2.28726e-05
0.54 -2.2423e-05
0.55 -2.18847e-05
0.56 -2.1284e-05
0.57 -2.07061e-05
0.58 -2.02597e-05
0.59 -2.00186e-05
0.6 -1.9972e-05
0.61 -2.00247e-05
0.62 -2.00546e-05
0.63 -1.9986e-05
0.64 -1.98345e-05
0.65 -1.9702e-05
0.66 -1.97167e-05
0.67 -1.99396e-05
0.68 -2.03037e-05
0.69 -2.06368e-05
0.7 -2.07542e-05
0.71 -2.05686e-05
0.72 -2.01531e-05
0.73 -1.96991e-05
0.74 -1.93707e-05
0.75 -1.91634e-05
0.76 -1.89072e-05
0.77 -1.84232e-05
0.78 -1.76749e-05
0.79 -1.67606e-05
0.8 -1.5781e-05
0.81 -1.47431e-05
0.82 -1.35896e-05
0.83 -1.22926e-05
0.84 -1.0904e-05
0.85 -9.53674e-06
0.86 -8.31272e-06
0.87 -7.31657e-06
0.88 -6.57651e-06
0.89 -6.07653e-06
0.9 -5.78578e-06
0.91 -5.6863e-06
0.92 -5.79486e-06
0.93 -6.16981e-06
0.94 -6.87447e-06
0.95 -7.89769e-06
0.96 -9.09725e-06
0.97 -1.02434e-05
0.98 -1.11582e-05
0.99 -1.18449e-05
1 -1.24883e-05
1.01 -1.33167e-05
1.02 -1.44302e-05
1.03 -1.57181e-05
1.04 -1.69143e-05
1.05 -1.77429e-05
1.06 -1.80768e-05
1.07 -1.80464e-05
1.08 -1.80541e-05
1.09 -1.86738e-05
1.1 -2.04058e-05
1.11 -2.32845e-05
1.12 -2.65955e-05
1.13 -2.91477e-05
1.14 -3.00589e-05
1.15 -2.93579e-05
1.16 -2.78835e-05
1.17 -2.66672e-05
1.18 -2.62542e-05
1.19 -2.63223e-05
1.2 -2.59006e-05
1.21 -2.41781e-05
1.22 -2.12951e-05
1.23 -1.83342e-05
1.24 -1.6391e-05
1.25 -1.55267e-05
1.26 -1.45889e-05
1.27 -1.20762e-05
1.28 -7.28127e-06
1.29 -8.09125e-07
1.3 5.8223e-06
1.31 1.11266e-05
1.32 1.45122e-05
1.33 1.65795e-05
1.34 1.87033e-05
1.35 2.21714e-05
1.36 2.74328e-05
1.37 3.39291e-05
1.38 4.06002e-05
1.39 4.67054e-05
1.4 5.23125e-05
1.41 5.80627e-05
1.42 6.44725e-05
1.43 7.14235e-05
1.44 7.82546e-05
1.45 8.43161e-05
1.46 8.94503e-05
1.47 9.39614e-05
1.48 9.81248e-05
1.49 0.000101712
1.5 0.000103961
1.51 0.000104
1.52 0.000101355
1.53 9.62132e-05
1.54 8.93577e-05
1.55 8.19421e-05
1.56 7.50752e-05
1.57 6.91771e-05
1.58 6.35201e-05
1.59 5.6715e-05
1.6 4.80914e-05
1.61 3.86661e-05
1.62 3.05287e-05
1.63 2.51396e-05
1.64 2.2195e-05
1.65 2.00274e-05
1.66 1.69812e-05
1.67 1.25415e-05
1.68 7.49182e-06
1.69 3.15577e-06
1.7 2.80074e-07
1.71 -1.66239e-06
1.72 -4.188e-06
1.73 -8.736e-06
1.74 -1.57094e-05
1.75 -2.43409e-05
1.76 -3.33053e-05
1.77 -4.14829e-05
1.78 -4.8382e-05
1.79 -5.4123e-05
1.8 -5.91723e-05
1.81 -6.40075e-05
1.82 -6.87885e-05
1.83 -7.31827e-05
1.84 -7.65589e-05
1.85 -7.84816e-05
1.86 -7.90964e-05
1.87 -7.90934e-05
1.88 -7.93257e-05
1.89 -8.03668e-05
1.9 -8.22173e-05
1.91 -8.42974e-05
1.92 -8.58256e-05
1.93 -8.64334e-05
1.94 -8.65044e-05
1.95 -8.68397e-05
1.96 -8.79402e-05
1.97 -8.96188e-05
1.98 -9.12672e-05
1.99 -9.24117e-05
2 -9.29922e-05
2.01 -9.31887e-05
2.02 -9.30697e-05
2.03 -9.24336e-05
2.04 -9.09719e-05
2.05 -8.85746e-05
2.06 -8.54629e-05
2.07 -8.20087e-05
2.08 -7.84242e-05
2.09 -7.46369e-05
2.1 -7.04657e-05
2.11 -6.59198e-05
2.12 -6.13288e-05
2.13 -5.71546e-05
2.14 -5.36291e-05
2.15 -5.05553e-05
2.16 -4.74509e-05
2.17 -4.38613e-05
2.18 -3.95232e-05
2.19 -3.43213e-05
2.2 -2.82472e-05
2.21 -2.14689e-05
2.22 -1.43138e-05
2.23 -6.98899e-06
2.24 7.57467e-07
2.25 9.57945e-06
2.26 1.99739e-05
2.27 3.17417e-05
2.28 4.41091e-05
2.29 5.65025e-05
2.3 6.9237e-05
2.31 8.33672e-05
2.32 9.96741e-05
2.33 0.000117579
2.34 0.000134993
2.35 0.000149447
2.36 0.000159723
2.37 0.000166596
2.38 0.00017208
2.39 0.000177935
2.4 0.000184664
2.41 0.000191535
2.42 0.000197365
2.43 0.000201404
2.44 0.00020381
2.45 0.000205438
2.46 0.000207127
2.47 0.000209024
2.48 0.00021055
2.49 0.000211127
2.5 0.000210989
2.51 0.000211229
2.52 0.000213
2.53 0.000216556
2.54 0.000221046
2.55 0.000225177
2.56 0.000228113
2.57 0.00022982
2.58 0.000230727
2.59 0.000231143
2.6 0.000230977
2.61 0.000229912
2.62 0.000227778
2.63 0.000224758
2.64 0.000221245
2.65 0.000217507
2.66 0.000213456
2.67 0.000208707
2.68 0.000202894
2.69 0.000196013
2.7 0.000188444
2.71 0.000180559
2.72 0.000172255
2.73 0.000162895
2.74 0.0001518
2.75 0.000138802
2.76 0.00012436
2.77 0.000109144
2.78 9.3482e-05
2.79 7.7182e-05
2.8 5.98537e-05
2.81 4.13862e-05
2.82 2.21369e-05
2.83 2.70919e-06
2.84 -1.64637e-05
2.85 -3.54026e-05
2.86 -5.45503e-05
2.87 -7.44954e-05
2.88 -9.56387e-05
2.89 -0.000117925
2.9 -0.000140724
2.91 -0.000163004
2.92 -0.000183801
2.93 -0.000202742
2.94 -0.000220156
2.95 -0.000236646
2.96 -0.000252496
2.97 -0.000267409
2.98 -0.000280743
2.99 -0.000291952
3 -0.00030087
3.01 -0.000307686
3.02 -0.000312761
3.03 -0.000316431
3.04 -0.000318919
3.05 -0.00032033
3.06 -0.00032068
3.07 -0.00031993
3.08 -0.000318078
3.09 -0.000315318
3.1 -0.000312081
3.11 -0.000308808
3.12 -0.000305592
3.13 -0.000302086
3.14 -0.000297775
3.15 -0.000292305
3.16 -0.00028556
3.17 -0.000277518
3.18 -0.000268173
3.19 -0.000257588
3.2 -0.00024591
3.21 -0.000233284
3.22 -0.000219807
3.23 -0.000205622
3.24 -0.000190982
3.25 -0.00017617
3.26 -0.000161319
3.27 -0.000146317
3.28 -0.000130911
3.29 -0.00011493
3.3 -9.84103e-05
3.31 -8.15928e-05
3.32 -6.48796e-05
3.33 -4.88057e-05
3.34 -3.39157e-05
3.35 -2.05027e-05
3.36 -8.38215e-06
3.37 3.04237e-06
3.38 1.43557e-05
3.39 2.56341e-05
3.4 3.63238e-05
3.41 4.56636e-05
3.42 5.33233e-05
3.43 5.97375e-05
3.44 6.58693e-05
3.45 7.25828e-05
3.46 8.01005e-05
3.47 8.79537e-05
3.48 9.54574e-05
3.49 0.000102347
3.5 0.000109083
3.51 0.000116558
3.52 0.000125415
3.53 0.000135493
3.54 0.000145806
3.55 0.000155072
3.56 0.000162426
3.57 0.00016787
3.58 0.000172201
3.59 0.000176508
3.6 0.000181543
3.61 0.000187305
3.62 0.000193106
3.63 0.000198113
3.64 0.000201951
3.65 0.000204936
3.66 0.000207803
3.67 0.000211181
3.68 0.000215165
3.69 0.000219275
3.7 0.000222809
3.71 0.000225291
3.72 0.00022665
3.73 0.000227052
3.74 0.000226657
3.75 0.000225522
3.76 0.000223633
3.77 0.000220956
3.78 0.000217398
3.79 0.000212762
3.8 0.000206849
3.81 0.000199676
3.82 0.00019158
3.83 0.000182993
3.84 0.000174129
3.85 0.000164904
3.86 0.000155164
3.87 0.000144923
3.88 0.000134316
3.89 0.000123378
3.9 0.000111974
3.91 9.9935e-05
3.92 8.7183e-05
3.93 7.36411e-05
3.94 5.90779e-05
3.95 4.32169e-05
3.96 2.61404e-05
3.97 8.59216e-06
3.98 -8.24772e-06
3.99 -2.34677e-05
4 -3.709e-05
4.01 -5.01714e-05
4.02 -6.42306e-05
4.03 -8.03354e-05
4.04 -9.84284e-05
4.05 -0.000117357
4.06 -0.00013562
4.07 -0.000152313
4.08 -0.000167557
4.09 -0.000182113
4.1 -0.00019654
4.11 -0.00021069
4.12 -0.000223973
4.13 -0.00023599
4.14 -0.00024681
4.15 -0.000256626
4.16 -0.000265268
4.17 -0.00027221
4.18 -0.000277053
4.19 -0.000279934
4.2 -0.000281361
4.21 -0.000281683
4.22 -0.00028078
4.23 -0.000278274
4.24 -0.000273993
4.25 -0.000268219
4.26 -0.000261548
4.27 -0.000254542
4.28 -0.000247442
4.29 -0.000240122
4.3 -0.000232233
4.31 -0.000223475
4.32 -0.000213871
4.33 -0.0002039
4.34 -0.000194312
4.35 -0.000185633
4.36 -0.000177704
4.37 -0.000169646
4.38 -0.000160352
4.39 -0.000149114
4.4 -0.000135919
4.41 -0.000121236
4.42 -0.000105544
4.43 -8.89326e-05
4.44 -7.10464e-05
4.45 -5.13574e-05
4.46 -2.95555e-05
4.47 -5.81498e-06
4.48 1.91614e-05
4.49 4.4306e-05
4.5 6.84936e-05
4.51 9.08648e-05
4.52 0.000111039
4.53 0.000129153
4.54 0.000145675
4.55 0.000161018
4.56 0.000175165
4.57 0.000187641
4.58 0.000197928
4.59 0.00020607
4.6 0.000212971
4.61 0.000220082
4.62 0.000228569
4.63 0.000238627
4.64 0.000249488
4.65 0.000260113
4.66 0.000269903
4.67 0.000278796
4.68 0.000286806
4.69 0.000293597
4.7 0.000298572
4.71 0.000301363
4.72 0.00030215
4.73 0.000301507
4.74 0.000299915
4.75 0.000297381
4.76 0.000293455
4.77 0.000287604
4.78 0.00027967
4.79 0.000270069
4.8 0.000259574
4.81 0.000248836
4.82 0.000237963
4.83 0.000226509
4.84 0.000213895
4.85 0.000199969
4.86 0.000185255
4.87 0.000170779
4.88 0.000157585
4.89 0.000146185
4.9 0.000136193
4.91 0.000126454
4.92 0.000115737
4.93 0.000103571
4.94 9.05402e-05
4.95 7.77587e-05
4.96 6.59876e-05
4.97 5.51679e-05
4.98 4.46922e-05
4.99 3.40549e-05
5 2.32537e-05
5.01 1.26316e-05
5.02 2.40023e-06
5.03 -7.65408e-06
5.04 -1.80285e-05
5.05 -2.91169e-05
5.06 -4.09592e-05
5.07 -5.32838e-05
5.08 -6.56795e-05
5.09 -7.77186e-05
5.1 -8.90645e-05
5.11 -9.96026e-05
5.12 -0.000109469
5.13 -0.000118888
5.14 -0.000127979
5.15 -0.000136767
5.16 -0.000145329
5.17 -0.000153787
5.18 -0.000162094
5.19 -0.000169878
5.2 -0.000176588
5.21 -0.000181839
5.22 -0.000185678
5.23 -0.000188525
5.24 -0.000190888
5.25 -0.000193128
5.26 -0.000195439
5.27 -0.000197951
5.28 -0.000200727
5.29 -0.000203704
5.3 -0.000206743
5.31 -0.00020984
5.32 -0.000213286
5.33 -0.000217526
5.34 -0.000222795
5.35 -0.000228829
5.36 -0.000234941
5.37 -0.000240299
5.38 -0.000244112
5.39 -0.000245673
5.4 -0.000244461
5.41 -0.00024034
5.42 -0.000233616
5.43 -0.000224739
5.44 -0.000213853
5.45 -0.000200605
5.46 -0.000184342
5.47 -0.000164482
5.48 -0.000140729
5.49 -0.000113079
5.5 -8.17888e-05
5.51 -4.75139e-05
5.52 -1.15346e-05
5.53 2.43471e-05
5.54 5.84436e-05
5.55 8.98985e-05
5.56 0.000118786
5.57 0.000145534
5.58 0.000170324
5.59 0.00019303
5.6 0.000213645
5.61 0.000232744
5.62 0.000251676
5.63 0.000272357
5.64 0.000296579
5.65 0.000325045
5.66 0.000356858
5.67 0.000389965
5.68 0.000422205
5.69 0.000452124
5.7 0.000479091
5.71 0.000502942
5.72 0.000523575
5.73 0.000540579
5.74 0.000552869
5.75 0.000558535
5.76 0.00055534
5.77 0.000541725
5.78 0.000517523
5.79 0.000483781
5.8 0.000441966
5.81 0.000393357
5.82 0.000339009
5.83 0.000280022
5.84 0.000217666
5.85 0.000153289
5.86 8.82308e-05
5.87 2.37742e-05
5.88 -3.89976e-05
5.89 -9.93912e-05
5.9 -0.000157035
5.91 -0.000211426
5.92 -0.000261526
5.93 -0.000306005
5.94 -0.000344052
5.95 -0.000375934
5.96 -0.000402618
5.97 -0.000424682
5.98 -0.000441473
5.99 -0.000451388
6 -0.000453166
6.01 -0.000447058
6.02 -0.000434659
6.03 -0.000417424
6.04 -0.000395224
6.05 -0.000366298
6.06 -0.000328615
6.07 -0.000281347
6.08 -0.000225267
6.09 -0.000161879
6.1 -9.21613e-05
6.11 -1.59683e-05
6.12 6.75125e-05
6.13 0.000158584
6.14 0.000255778
6.15 0.000355176
6.16 0.000450905
6.17 0.000536791
6.18 0.000608233
6.19 0.0006631
6.2 0.000701274
6.21 0.00072348
6.22 0.00073034
6.23 0.000722089
6.24 0.00069876
6.25 0.000660527
6.26 0.000608025
6.27 0.00054246
6.28 0.000465314
6.29 0.000377812
6.3 0.000280775
6.31 0.000175277
6.32 6.36944e-05
6.33 -4.98668e-05
6.34 -0.000160357
6.35 -0.000263436
6.36 -0.000356966
6.37 -0.000441374
6.38 -0.000518544
6.39 -0.000589969
6.4 -0.000655473
6.41 -0.000713553
6.42 -0.00076315
6.43 -0.000805432
6.44 -0.000843821
6.45 -0.000881732
6.46 -0.000919619
6.47 -0.000954075
6.48 -0.000980182
6.49 -0.000995286
6.5 -0.00100073
6.51 -0.00099992
6.52 -0.000994537
6.53 -0.000982662
6.54 -0.00096044
6.55 -0.000925528
6.56 -0.000878855
6.57 -0.000823155
6.58 -0.000760007
6.59 -0.000688403
6.6 -0.000606068
6.61 -0.000512006
6.62 -0.000407855
6.63 -0.000296994
6.64 -0.000182515
6.65 -6.60642e-05
6.66 5.1534e-05
6.67 0.000168751
6.68 0.000282609
6.69 0.00038953
6.7 0.00048704
6.71 0.000574757
6.72 0.00065381
6.73 0.000725346
6.74 0.000789577
6.75 0.000846056
6.76 0.000894661
6.77 0.000936217
6.78 0.000972219
6.79 0.00100399
6.8 0.00103197
6.81 0.00105539
6.82 0.00107239
6.83 0.00108081
6.84 0.00107955
6.85 0.00106972
6.86 0.00105422
6.87 0.00103591
6.88 0.00101552
6.89 0.000990854
6.9 0.000957787
6.91 0.000912172
6.92 0.000851588
6.93 0.000776095
6.94 0.000687587
6.95 0.000588238
6.96 0.00047922
6.97 0.000360548
6.98 0.000231887
6.99 9.3553e-05
7 -5.29097e-05
7.01 -0.000204617
7.02 -0.000357613
7.03 -0.000507553
7.04 -0.000650717
7.05 -0.000784653
7.06 -0.000907698
7.07 -0.00101785
7.08 -0.00111267
7.09 -0.00119113
7.1 -0.00125532
7.11 -0.00130962
7.12 -0.00135742
7.13 -0.00139888
7.14 -0.00143211
7.15 -0.00145581
7.16 -0.00147026
7.17 -0.00147631
7.18 -0.00147441
7.19 -0.00146429
7.2 -0.00144511
7.21 -0.00141569
7.22 -0.0013756
7.23 -0.00132609
7.24 -0.0012697
7.25 -0.00120839
7.26 -0.00114186
7.27 -0.00106761
7.28 -0.000982862
7.29 -0.000886775
7.3 -0.000781527
7.31 -0.000671474
7.32 -0.000560972
7.33 -0.000452187
7.34 -0.000344461
7.35 -0.000235809
7.36 -0.000125304
7.37 -1.43138e-05
7.38 9.42439e-05
7.39 0.00019766
7.4 0.00029463
7.41 0.000385227
7.42 0.000470158
7.43 0.0005502
7.44 0.000626157
7.45 0.000698914
7.46 0.000769126
7.47 0.000836571
7.48 0.000899641
7.49 0.000955391
7.5 0.00100051
7.51 0.00103306
7.52 0.00105378
7.53 0.0010655
7.54 0.00107054
7.55 0.00106848
7.56 0.00105631
7.57 0.00103126
7.58 0.000993406
7.59 0.000945996
7.6 0.000893317
7.61 0.000838572
7.62 0.000783403
7.63 0.000728706
7.64 0.000675336
7.65 0.00062406
7.66 0.000575207
7.67 0.000528645
7.68 0.000484182
7.69 0.000442016
7.7 0.000402872
7.71 0.000367748
7.72 0.000337507
7.73 0.000312667
7.74 0.000293494
7.75 0.000280142
7.76 0.000272526
7.77 0.000269863
7.78 0.00027024
7.79 0.000270792
7.8 0.000268921
7.81 0.000264074
7.82 0.000258679
7.83 0.000257116
7.84 0.000263129
7.85 0.000277507
7.86 0.000297737
7.87 0.000319773
7.88 0.000340495
7.89 0.000359139
7.9 0.000376983
7.91 0.00039579
7.92 0.000416166
7.93 0.00043687
7.94 0.000455205
7.95 0.000467921
7.96 0.000472057
7.97 0.00046563
7.98 0.000448054
7.99 0.000419977
8 0.000382474
8.01 0.000336096
8.02 0.000280445
8.03 0.000214621
8.04 0.00013826
8.05 5.25948e-05
8.06 -3.90229e-05
8.07 -0.0001316
8.08 -0.000220024
8.09 -0.000300806
8.1 -0.000372738
8.11 -0.000435972
8.12 -0.000490425
8.13 -0.000534876
8.14 -0.000567345
8.15 -0.000586339
8.16 -0.00059206
8.17 -0.00058674
8.18 -0.000573714
8.19 -0.000555725
8.2 -0.000533745
8.21 -0.000507379
8.22 -0.00047661
8.23 -0.000443306
8.24 -0.000411164
8.25 -0.000384264
8.26 -0.000365475
8.27 -0.000355802
8.28 -0.000354813
8.29 -0.000361575
8.3 -0.000375368
8.31 -0.000395896
8.32 -0.000423082
8.33 -0.00045675
8.34 -0.000496523
8.35 -0.000542121
8.36 -0.000593786
8.37 -0.000652188
8.38 -0.000717395
8.39 -0.000787404
8.4 -0.000857547
8.41 -0.000921645
8.42 -0.000974249
8.43 -0.0010123
8.44 -0.00103513
8.45 -0.00104332
8.46 -0.00103756
8.47 -0.00101855
8.48 -0.000987296
8.49 -0.000945685
8.5 -0.000897086
8.51 -0.000847046
8.52 -0.000802764
8.53 -0.00077012
8.54 -0.000749761
8.55 -0.000735875
8.56 -0.000719411
8.57 -0.000693444
8.58 -0.000656424
8.59 -0.000610906
8.6 -0.000559395
8.61 -0.000501397
8.62 -0.000434213
8.63 -0.000356073
8.64 -0.000268134
8.65 -0.000173336
8.66 -7.33693e-05
8.67 3.33881e-05
8.68 0.000151102
8.69 0.000283652
8.7 0.000432071
8.71 0.00059398
8.72 0.000764785
8.73 0.000939081
8.74 0.00111101
8.75 0.00127376
8.76 0.00141979
8.77 0.00154283
8.78 0.00164083
8.79 0.00171655
8.8 0.00177448
8.81 0.00181642
8.82 0.00183989
8.83 0.00184107
8.84 0.00181935
8.85 0.0017795
8.86 0.00172942
8.87 0.0016755
8.88 0.00161936
8.89 0.00155841
8.9 0.00148906
8.91 0.00140984
8.92 0.00132232
8.93 0.00123007
8.94 0.00113693
8.95 0.00104545
8.96 0.000956205
8.97 0.000868028
8.98 0.000778918
8.99 0.000686717
9 0.000589149
9.01 0.000483798
9.02 0.000368908
9.03 0.00024468
9.04 0.000113786
9.05 -1.95005e-05
9.06 -0.000150897
9.07 -0.000277384
9.08 -0.000397607
9.09 -0.000511391
9.1 -0.000618699
9.11 -0.000718545
9.12 -0.00080857
9.13 -0.000885891
9.14 -0.000949115
9.15 -0.00100008
9.16 -0.00104339
9.17 -0.00108351
9.18 -0.0011216
9.19 -0.00115511
9.2 -0.00118027
9.21 -0.0011949
9.22 -0.00119932
9.23 -0.00119518
9.24 -0.00118407
9.25 -0.00116693
9.26 -0.00114443
9.27 -0.00111772
9.28 -0.00108868
9.29 -0.00105924
9.3 -0.00103011
9.31 -0.00100017
9.32 -0.000967185
9.33 -0.000929337
9.34 -0.000886136
9.35 -0.000838213
9.36 -0.000786576
9.37 -0.000732206
9.38 -0.000676159
9.39 -0.000619645
9.4 -0.000563708
9.41 -0.000508718
9.42 -0.000454215
9.43 -0.00039934
9.44 -0.000343511
9.45 -0.000286768
9.46 -0.000229527
9.47 -0.000172039
9.48 -0.000114078
9.49 -5.51219e-05
9.5 5.11971e-06
9.51 6.61676e-05
9.52 0.000126561
9.53 0.0001842
9.54 0.000237157
9.55 0.000284511
9.56 0.000326537
9.57 0.000364026
9.58 0.000397222
9.59 0.000425325
9.6 0.000447089
9.61 0.00046209
9.62 0.000471642
9.63 0.000478426
9.64 0.000484886
9.65 0.000491505
9.66 0.000496472
9.67 0.000497092
9.68 0.000491784
9.69 0.000480917
9.7 0.000465895
9.71 0.000447533
9.72 0.000425385
9.73 0.000398671
9.74 0.000367895
9.75 0.00033561
9.76 0.000305549
9.77 0.000280707
9.78 0.000261783
9.79 0.000247094
9.8 0.000233954
9.81 0.000220353
9.82 0.000205694
9.83 0.00019032
9.84 0.000174654
9.85 0.000158881
9.86 0.000143281
9.87 0.000128517
9.88 0.000115334
9.89 0.000103997
9.9 9.4244e-05
9.91 8.60721e-05
9.92 8.062e-05
9.93 8.00551e-05
9.94 8.62886e-05
9.95 9.96421e-05
9.96 0.000118756
9.97 0.000141834
9.98 0.000168063
9.99 0.000197977
10 0.000232578
10.01 0.000272095
10.02 0.0003154
10.03 0.000360298
10.04 0.000404067
10.05 0.00044369
10.06 0.00047589
10.07 0.000497349
10.08 0.000505296
10.09 0.000498278
10.1 0.000476655
10.11 0.000442511
10.12 0.000399093
10.13 0.000350266
10.14 0.00030011
10.15 0.000252301
10.16 0.000209089
10.17 0.000170518
10.18 0.000134789
10.19 9.98404e-05
10.2 6.50135e-05
10.21 3.14261e-05
10.22 8.89739e-07
10.23 -2.55265e-05
10.24 -4.80528e-05
10.25 -6.75993e-05
10.26 -8.46448e-05
10.27 -9.86713e-05
10.28 -0.000108687
10.29 -0.000114414
10.3 -0.000117101
10.31 -0.000119321
10.32 -0.000124043
10.33 -0.000133644
10.34 -0.00014927
10.35 -0.000170721
10.36 -0.000196913
10.37 -0.000226718
10.38 -0.000259572
10.39 -0.000295263
10.4 -0.000332823
10.41 -0.00036943
10.42 -0.000400537
10.43 -0.000421649
10.44 -0.00043062
10.45 -0.000428751
10.46 -0.000419885
10.47 -0.000408298
10.48 -0.00039691
10.49 -0.000386792
10.5 -0.000377784
10.51 -0.000369333
10.52 -0.00036089
10.53 -0.000351922
10.54 -0.000341966
10.55 -0.000330886
10.56 -0.000319168
10.57 -0.000307998
10.58 -0.000299141
10.59 -0.000294654
10.6 -0.000296343
10.61 -0.000305057
10.62 -0.000320372
10.63 -0.000341308
10.64 -0.000367813
10.65 -0.000401733
10.66 -0.000446122
10.67 -0.000503318
10.68 -0.000573459
10.69 -0.000654592
10.7 -0.000743701
10.71 -0.000836965
10.72 -0.000928783
10.73 -0.00101123
10.74 -0.00107572
10.75 -0.00111649
10.76 -0.00113314
10.77 -0.00113024
10.78 -0.00111388
10.79 -0.00108787
10.8 -0.00105218
10.81 -0.00100463
10.82 -0.000943725
10.83 -0.000870337
10.84 -0.000787376
10.85 -0.000698193
10.86 -0.000604719
10.87 -0.000506233
10.88 -0.000399533
10.89 -0.000280639
10.9 -0.000147007
10.91 1.17796e-06
10.92 0.000161505
10.93 0.000331139
10.94 0.000508513
10.95 0.000693781
10.96 0.000887816
10.97 0.00109024
10.98 0.00129746
10.99 0.00150265
11 0.00169894
11.01 0.001884
11.02 0.0020607
11.03 0.00223145
11.04 0.00239123
11.05 0.00252663
11.06 0.00262146
11.07 0.00266435
11.08 0.00265377
11.09 0.00259792
11.1 0.00250855
11.11 0.00239378
11.12 0.00225674
11.13 0.00210049
11.14 0.00193216
11.15 0.00176075
11.16 0.00159141
11.17 0.00142205
11.18 0.00124546
11.19 0.00105474
11.2 0.000846935
11.21 0.000621368
11.22 0.000374628
11.23 9.88022e-05
11.24 -0.000212459
11.25 -0.000553599
11.26 -0.000902778
11.27 -0.00122978
11.28 -0.00150948
11.29 -0.00172787
11.3 -0.00187972
11.31 -0.00196926
11.32 -0.00201555
11.33 -0.00204664
11.34 -0.0020791
11.35 -0.00210638
11.36 -0.00211171
11.37 -0.0020872
11.38 -0.00203791
11.39 -0.0019747
11.4 -0.0019073
11.41 -0.00183867
11.42 -0.00176201
11.43 -0.00166672
11.44 -0.00154996
11.45 -0.00142129
11.46 -0.00129525
11.47 -0.00118041
11.48 -0.00107542
11.49 -0.000973723
11.5 -0.000870237
11.51 -0.000763754
11.52 -0.000654755
11.53 -0.000542422
11.54 -0.00042404
11.55 -0.000297004
11.56 -0.00016133
11.57 -2.03308e-05
11.58 0.000121159
11.59 0.000259354
11.6 0.000392694
11.61 0.000520837
11.62 0.000642593
11.63 0.000754474
11.64 0.000850944
11.65 0.000926432
11.66 0.000978094
11.67 0.00100753
11.68 0.00101992
11.69 0.00102072
11.7 0.00101233
11.71 0.000993655
11.72 0.000962543
11.73 0.000918249
11.74 0.000861514
11.75 0.000793316
11.76 0.000714475
11.77 0.000626319
11.78 0.00053109
11.79 0.00043164
11.8 0.000331035
11.81 0.000232351
11.82 0.000138237
11.83 5.0187e-05
11.84 -3.18176e-05
11.85 -0.000108792
11.86 -0.000181782
11.87 -0.000251317
11.88 -0.000317629
11.89 -0.000381149
11.9 -0.000442568
11.91 -0.000502202
11.92 -0.000559042
11.93 -0.000610242
11.94 -0.000651681
11.95 -0.000679533
11.96 -0.000691948
11.97 -0.000689849
11.98 -0.000676386
11.99 -0.000655405
12 -0.00062975
12.01 -0.000600227
12.02 -0.000565735
12.03 -0.000524437
12.04 -0.000475013
12.05 -0.000416928
12.06 -0.000349543
12.07 -0.000271205
12.08 -0.000179545
12.09 -7.30241e-05
12.1 4.74917e-05
12.11 0.00017836
12.12 0.000314218
12.13 0.00044964
12.14 0.000580277
12.15 0.000702946
12.16 0.000815109
12.17 0.000914598
12.18 0.00100017
12.19 0.00107257
12.2 0.00113485
12.21 0.00119104
12.22 0.00124369
12.23 0.00129248
12.24 0.00133495
12.25 0.00136802
12.26 0.00138868
12.27 0.00139364
12.28 0.00137982
12.29 0.00134589
12.3 0.00129349
12.31 0.00122668
12.32 0.0011502
12.33 0.00106783
12.34 0.000981705
12.35 0.000892609
12.36 0.000800851
12.37 0.000707203
12.38 0.000613129
12.39 0.000520008
12.4 0.000428137
12.41 0.000336655
12.42 0.000244652
12.43 0.000152483
12.44 6.20928e-05
12.45 -2.3894e-05
12.46 -0.000103487
12.47 -0.000176033
12.48 -0.000241912
12.49 -0.000301667
12.5 -0.000355337
12.51 -0.000402512
12.52 -0.000443068
12.53 -0.000477975
12.54 -0.000509393
12.55 -0.000539726
12.56 -0.000570327
12.57 -0.000600924
12.58 -0.000630158
12.59 -0.000656642
12.6 -0.000679611
12.61 -0.000698867
12.62 -0.000714458
12.63 -0.000726726
12.64 -0.00073676
12.65 -0.000746695
12.66 -0.000759316
12.67 -0.000777096
12.68 -0.000801318
12.69 -0.000831758
12.7 -0.000866846
12.71 -0.000903996
12.72 -0.000940021
12.73 -0.000971753
12.74 -0.000996799
12.75 -0.00101407
12.76 -0.00102368
12.77 -0.00102625
12.78 -0.00102197
12.79 -0.0010102
12.8 -0.000989712
12.81 -0.000959344
12.82 -0.000918523
12.83 -0.000867184
12.84 -0.000805289
12.85 -0.000732499
12.86 -0.000648404
12.87 -0.000553098
12.88 -0.00044753
12.89 -0.000333356
12.9 -0.000212578
12.91 -8.74626e-05
12.92 3.92057e-05
12.93 0.000164042
12.94 0.000283525
12.95 0.000394748
12.96 0.000495833
12.97 0.000585712
12.98 0.000663469
12.99 0.000727719
13 0.000776535
13.01 0.000808186
13.02 0.000822292
13.03 0.000820451
13.04 0.000805832
13.05 0.000782357
13.06 0.000754124
13.07 0.00072468
13.08 0.000695602
13.09 0.000665524
13.1 0.00063132
13.11 0.000591118
13.12 0.000546613
13.13 0.000502601
13.14 0.000464178
13.15 0.000433956
13.16 0.000411239
13.17 0.00039334
13.18 0.000377653
13.19 0.000363005
13.2 0.000349748
13.21 0.000339014
13.22 0.000331942
13.23 0.000329419
13.24 0.000332201
13.25 0.000340987
13.26 0.000356187
13.27 0.000377521
13.28 0.000403771
13.29 0.000432967
13.3 0.000462997
13.31 0.000492245
13.32 0.000519807
13.33 0.000545138
13.34 0.00056749
13.35 0.000585634
13.36 0.000598099
13.37 0.00060375
13.38 0.000602236
13.39 0.000594042
13.4 0.00058018
13.41 0.000561754
13.42 0.000539526
13.43 0.000513592
13.44 0.000483377
13.45 0.00044808
13.46 0.000407435
13.47 0.000362285
13.48 0.000314475
13.49 0.000265981
13.5 0.000217835
13.51 0.000169641
13.52 0.000120068
13.53 6.79487e-05
13.54 1.31859e-05
13.55 -4.31035e-05
13.56 -9.91351e-05
13.57 -0.000153198
13.58 -0.00020415
13.59 -0.000251538
13.6 -0.000295433
13.61 -0.000336212
13.62 -0.000374511
13.63 -0.000411333
13.64 -0.000448053
13.65 -0.000486112
13.66 -0.000526493
13.67 -0.000569361
13.68 -0.000614149
13.69 -0.000660066
13.7 -0.000706592
13.71 -0.000753572
13.72 -0.000800774
13.73 -0.000847147
13.74 -0.000890358
13.75 -0.000927094
13.76 -0.000953974
13.77 -0.00096834
13.78 -0.000968443
13.79 -0.00095326
13.8 -0.000922514
13.81 -0.000877011
13.82 -0.000819008
13.83 -0.000752105
13.84 -0.000680322
13.85 -0.000606589
13.86 -0.000531609
13.87 -0.000454048
13.88 -0.000372068
13.89 -0.000285101
13.9 -0.000194613
13.91 -0.000103447
13.92 -1.4452e-05
13.93 7.05477e-05
13.94 0.000150879
13.95 0.000226477
13.96 0.000297282
13.97 0.000362969
13.98 0.000422933
13.99 0.000476249
14 0.000521576
14.01 0.000557305
14.02 0.000582172
14.03 0.0005961
14.04 0.000600639
14.05 0.000598467
14.06 0.000592073
14.07 0.000582447
14.08 0.000568756
14.09 0.000549309
14.1 0.000523122
14.11 0.000490994
14.12 0.000455418
14.13 0.000419447
14.14 0.000385248
14.15 0.000353267
14.16 0.000322477
14.17 0.000291373
14.18 0.000258958
14.19 0.000225162
14.2 0.000190694
14.21 0.000156582
14.22 0.000123676
14.23 9.23802e-05
14.24 6.28316e-05
14.25 3.54299e-05
14.26 1.13477e-05
14.27 -7.46314e-06
14.28 -1.8945e-05
14.29 -2.19495e-05
14.3 -1.69479e-05
14.31 -5.95721e-06
14.32 8.34407e-06
14.33 2.38815e-05
14.34 4.00679e-05
14.35 5.76942e-05
14.36 7.79959e-05
14.37 0.000101732
14.38 0.000128931
14.39 0.000159228
14.4 0.000192208
14.41 0.000227248
14.42 0.000262859
14.43 0.000296225
14.44 0.000323768
14.45 0.000342692
14.46 0.000352423
14.47 0.000354805
14.48 0.000352889
14.49 0.000349202
14.5 0.0003447
14.51 0.000338974
14.52 0.000331287
14.53 0.000321466
14.54 0.00031
14.55 0.000297416
14.56 0.000283561
14.57 0.000267379
14.58 0.00024727
14.59 0.000221684
14.6 0.00018956
14.61 0.000150461
14.62 0.000104388
14.63 5.14738e-05
14.64 -8.23506e-06
14.65 -7.46973e-05
14.66 -0.000147606
14.67 -0.000226187
14.68 -0.00030922
14.69 -0.000395182
14.7 -0.000482358
14.71 -0.000568933
14.72 -0.000653189
14.73 -0.000733749
14.74 -0.000809685
14.75 -0.000880365
14.76 -0.000945139
14.77 -0.00100323
14.78 -0.00105403
14.79 -0.00109768
14.8 -0.00113518
14.81 -0.00116785
14.82 -0.00119644
14.83 -0.00122048
14.84 -0.00123865
14.85 -0.00124998
14.86 -0.00125474
14.87 -0.00125462
14.88 -0.00125193
14.89 -0.00124879
14.9 -0.00124678
14.91 -0.00124709
14.92 -0.00125052
14.93 -0.00125725
14.94 -0.00126666
14.95 -0.00127736
14.96 -0.00128772
14.97 -0.00129644
14.98 -0.0013028
14.99 -0.00130634
15 -0.00130652
15.01 -0.0013025
15.02 -0.00129351
15.03 -0.00127943
15.04 -0.00126091
15.05 -0.00123892
15.06 -0.00121408
15.07 -0.00118637
15.08 -0.00115533
15.09 -0.00112053
15.1 -0.00108142
15.11 -0.00103689
15.12 -0.000984888
15.13 -0.00092307
15.14 -0.000849824
15.15 -0.000764956
15.16 -0.000669391
15.17 -0.000564305
15.18 -0.000450397
15.19 -0.000327685
15.2 -0.00019573
15.21 -5.40131e-05
15.22 9.77345e-05
15.23 0.000259253
15.24 0.000429509
15.25 0.000606644
15.26 0.000788151
15.27 0.000970893
15.28 0.00115065
15.29 0.0013219
15.3 0.00147923
15.31 0.00162047
15.32 0.00174847
15.33 0.00186859
15.34 0.00198296
15.35 0.0020872
15.36 0.00217319
15.37 0.00223507
15.38 0.00227332
15.39 0.00229363
15.4 0.00230222
15.41 0.00230146
15.42 0.00228989
15.43 0.00226615
15.44 0.0022325
15.45 0.00219406
15.46 0.00215494
15.47 0.00211535
15.48 0.0020722
15.49 0.00202203
15.5 0.00196354
15.51 0.00189768
15.52 0.00182608
15.53 0.00174971
15.54 0.00166886
15.55 0.00158414
15.56 0.00149695
15.57 0.00140898
15.58 0.00132124
15.59 0.00123356
15.6 0.00114516
15.61 0.00105549
15.62 0.000964686
15.63 0.000873324
15.64 0.000781676
15.65 0.000689311
15.66 0.000595311
15.67 0.000498924
15.68 0.000400105
15.69 0.000299558
15.7 0.0001983
15.71 9.71056e-05
15.72 -3.77776e-06
15.73 -0.000104582
15.74 -0.00020587
15.75 -0.000308491
15.76 -0.000413492
15.77 -0.00052171
15.78 -0.000633046
15.79 -0.000745802
15.8 -0.000856644
15.81 -0.000961615
15.82 -0.00105793
15.83 -0.00114538
15.84 -0.00122613
15.85 -0.00130282
15.86 -0.0013765
15.87 -0.001446
15.88 -0.00150903
15.89 -0.00156384
15.9 -0.00161038
15.91 -0.00165034
15.92 -0.00168588
15.93 -0.00171803
15.94 -0.00174587
15.95 -0.0017674
15.96 -0.00178109
15.97 -0.00178671
15.98 -0.00178475
15.99 -0.00177533
16 -0.0017579
16.01 -0.00173177
16.02 -0.00169696
16.03 -0.0016546
16.04 -0.00160655
16.05 -0.00155483
16.06 -0.00150123
16.07 -0.00144728
16.08 -0.00139407
16.09 -0.00134195
16.1 -0.00129018
16.11 -0.00123724
16.12 -0.00118157
16.13 -0.00112227
16.14 -0.00105927
16.15 -0.000992901
16.16 -0.000923345
16.17 -0.00085039
16.18 -0.000773667
16.19 -0.00069315
16.2 -0.000609465
16.21 -0.000523846
16.22 -0.000437856
16.23 -0.000353075
16.24 -0.000270738
16.25 -0.0001913
16.26 -0.000114188
16.27 -3.80978e-05
16.28 3.82585e-05
16.29 0.00011542
16.3 0.000192938
16.31 0.000269693
16.32 0.000344436
16.33 0.000416168
16.34 0.000484147
16.35 0.000547675
16.36 0.000605949
16.37 0.000658197
16.38 0.000704069
16.39 0.000744009
16.4 0.000779286
16.41 0.000811564
16.42 0.000842164
16.43 0.000871455
16.44 0.000898774
16.45 0.000923044
16.46 0.000943747
16.47 0.000961561
16.48 0.000978134
16.49 0.000995198
16.5 0.00101377
16.51 0.00103402
16.52 0.00105574
16.53 0.00107892
16.54 0.00110395
16.55 0.00113123
16.56 0.00116068
16.57 0.00119119
16.58 0.00122044
16.59 0.00124509
16.6 0.00126179
16.61 0.00126855
16.62 0.00126567
16.63 0.00125542
16.64 0.0012406
16.65 0.00122302
16.66 0.00120286
16.67 0.00117929
16.68 0.00115149
16.69 0.00111944
16.7 0.00108366
16.71 0.00104458
16.72 0.001002
16.73 0.000955075
16.74 0.000902745
16.75 0.000844249
16.76 0.000779346
16.77 0.0007083
16.78 0.000631637
16.79 0.000549904
16.8 0.000463614
16.81 0.000373351
16.82 0.000279748
16.83 0.000183259
16.84 8.40288e-05
16.85 -1.78232e-05
16.86 -0.00012165
16.87 -0.000226008
16.88 -0.000329025
16.89 -0.000429061
16.9 -0.000524971
16.91 -0.000615693
16.92 -0.000699573
16.93 -0.000774214
16.94 -0.000837179
16.95 -0.000887226
16.96 -0.000925196
16.97 -0.000953883
16.98 -0.000976923
16.99 -0.000997325
17 -0.00101641
17.01 -0.00103373
17.02 -0.00104785
17.03 -0.00105764
17.04 -0.00106288
17.05 -0.00106426
17.06 -0.00106262
17.07 -0.00105848
17.08 -0.00105208
17.09 -0.00104364
17.1 -0.00103353
17.11 -0.00102207
17.12 -0.00100942
17.13 -0.000995545
17.14 -0.000980424
17.15 -0.000964086
17.16 -0.000946548
17.17 -0.000927655
17.18 -0.000907011
17.19 -0.000884041
17.2 -0.000858163
17.21 -0.00082904
17.22 -0.000796801
17.23 -0.000761978
17.24 -0.000725121
17.25 -0.000686309
17.26 -0.000644885
17.27 -0.000599672
17.28 -0.000549583
17.29 -0.000494241
17.3 -0.000434177
17.31 -0.000370514
17.32 -0.000304424
17.33 -0.000236692
17.34 -0.000167545
17.35 -9.67702e-05
17.36 -2.40071e-05
17.37 5.1002e-05
17.38 0.00012835
17.39 0.000208008
17.4 0.000289824
17.41 0.000373448
17.42 0.000458381
17.43 0.000544192
17.44 0.000630716
17.45 0.000717947
17.46 0.000805663
17.47 0.000893187
17.48 0.000979597
17.49 0.00106423
17.5 0.00114696
17.51 0.00122801
17.52 0.00130727
17.53 0.00138391
17.54 0.00145635
17.55 0.0015228
17.56 0.0015819
17.57 0.00163315
17.58 0.00167663
17.59 0.00171235
17.6 0.00173972
17.61 0.00175752
17.62 0.00176434
17.63 0.00175925
17.64 0.00174203
17.65 0.00171321
17.66 0.00167386
17.67 0.00162531
17.68 0.00156899
17.69 0.00150631
17.7 0.00143847
17.71 0.00136631
17.72 0.00129016
17.73 0.00120987
17.74 0.00112512
17.75 0.00103575
17.76 0.000941977
17.77 0.000844415
17.78 0.000743974
17.79 0.000641687
17.8 0.000538552
17.81 0.000435349
17.82 0.000332478
17.83 0.000230056
17.84 0.000128294
17.85 2.78259e-05
17.86 -7.04122e-05
17.87 -0.000165685
17.88 -0.000257947
17.89 -0.000347889
17.9 -0.000436478
17.91 -0.000524258
17.92 -0.000610814
17.93 -0.00069473
17.94 -0.00077414
17.95 -0.000847648
17.96 -0.000915054
17.97 -0.000977318
17.98 -0.00103578
17.99 -0.00109127
18 -0.00114367
18.01 -0.00119219
18.02 -0.00123578
18.03 -0.0012738
18.04 -0.00130635
18.05 -0.00133432
18.06 -0.00135876
18.07 -0.00138017
18.08 -0.00139818
18.09 -0.00141182
18.1 -0.00142012
18.11 -0.0014225
18.12 -0.00141874
18.13 -0.00140891
18.14 -0.00139316
18.15 -0.00137161
18.16 -0.00134427
18.17 -0.00131096
18.18 -0.00127151
18.19 -0.00122597
18.2 -0.00117457
18.21 -0.00111767
18.22 -0.00105549
18.23 -0.000988151
18.24 -0.000915645
18.25 -0.000838044
18.26 -0.000755681
18.27 -0.000669313
18.28 -0.000580148
18.29 -0.000489672
18.3 -0.00039916
18.31 -0.000309129
18.32 -0.000219168
18.33 -0.000128364
18.34 -3.60424e-05
18.35 5.76619e-05
18.36 0.000151694
18.37 0.000244428
18.38 0.000334173
18.39 0.000419537
18.4 0.000499508
18.41 0.000573288
18.42 0.000640045
18.43 0.000698831
18.44 0.000748854
18.45 0.000789892
18.46 0.00082241
18.47 0.00084722
18.48 0.000864986
18.49 0.00087602
18.5 0.0008804
18.51 0.000878202
18.52 0.00086975
18.53 0.000855802
18.54 0.000837545
18.55 0.000816296
18.56 0.000793083
18.57 0.000768453
18.58 0.00074263
18.59 0.00071582
18.6 0.00068833
18.61 0.00066044
18.62 0.000632171
18.63 0.000603159
18.64 0.000572686
18.65 0.000539904
18.66 0.000504153
18.67 0.00046524
18.68 0.000423537
18.69 0.000379874
18.7 0.000335266
18.71 0.000290522
18.72 0.000245912
18.73 0.000201084
18.74 0.000155332
18.75 0.000108067
18.76 5.92548e-05
18.77 9.60246e-06
18.78 -3.95261e-05
18.79 -8.64091e-05
18.8 -0.00012935
18.81 -0.000167029
18.82 -0.000198721
18.83 -0.000224297
18.84 -0.000244051
18.85 -0.000258495
18.86 -0.000268239
18.87 -0.000273934
18.88 -0.000276244
18.89 -0.000275854
18.9 -0.00027353
18.91 -0.00027017
18.92 -0.000266695
18.93 -0.000263846
18.94 -0.000262073
18.95 -0.000261635
18.96 -0.000262804
18.97 -0.000265958
18.98 -0.00027152
18.99 -0.000279838
19 -0.000291151
19.01 -0.000305671
19.02 -0.000323699
19.03 -0.000345658
19.04 -0.000371948
19.05 -0.00040266
19.06 -0.000437217
19.07 -0.000474152
19.08 -0.000511309
19.09 -0.000546526
19.1 -0.000578394
19.11 -0.000606529
19.12 -0.000631225
19.13 -0.000652879
19.14 -0.000671672
19.15 -0.00068757
19.16 -0.000700383
19.17 -0.000709685
19.18 -0.00071475
19.19 -0.000714784
19.2 -0.000709415
19.21 -0.000699099
19.22 -0.000685025
19.23 -0.000668544
19.24 -0.000650557
19.25 -0.00063133
19.26 -0.000610784
19.27 -0.000588876
19.28 -0.000565651
19.29 -0.000540916
19.3 -0.000513879
19.31 -0.000483196
19.32 -0.000447524
19.33 -0.000406179
19.34 -0.000359371
19.35 -0.000307889
19.36 -0.000252547
19.37 -0.000193825
19.38 -0.000131899
19.39 -6.69322e-05
19.4 6.60784e-07
19.41 7.0153e-05
19.42 0.000140647
19.43 0.000211266
19.44 0.000281257
19.45 0.000349971
19.46 0.00041679
19.47 0.000481077
19.48 0.000542166
19.49 0.000599393
19.5 0.000652153
19.51 0.000699947
19.52 0.000742444
19.53 0.000779607
19.54 0.000811843
19.55 0.000840017
19.56 0.000865193
19.57 0.000888147
19.58 0.000908974
19.59 0.000927059
19.6 0.000941455
19.61 0.000951349
19.62 0.000956311
19.63 0.000956238
19.64 0.000951216
19.65 0.000941462
19.66 0.000927315
19.67 0.000909134
19.68 0.000887124
19.69 0.000861228
19.7 0.000831212
19.71 0.000796851
19.72 0.000758066
19.73 0.000714926
19.74 0.000667608
19.75 0.000616385
19.76 0.000561661
19.77 0.000503973
19.78 0.00044391
19.79 0.000382011
19.8 0.000318732
19.81 0.000254535
19.82 0.000189967
19.83 0.000125653
19.84 6.22519e-05
19.85 4.45827e-07
19.86 -5.9034e-05
19.87 -0.000115411
19.88 -0.000167908
19.89 -0.000215819
19.9 -0.000258536
19.91 -0.000295522
19.92 -0.000326273
19.93 -0.000350415
19.94 -0.000367924
19.95 -0.000379319
19.96 -0.000385641
19.97 -0.000388143
19.98 -0.000387867
19.99 -0.00038538
20 -0.000380803
20.01 -0.000373993
20.02 -0.000364679
20.03 -0.000352512
20.04 -0.000337171
20.05 -0.000318539
20.06 -0.00029683
20.07 -0.000272492
20.08 -0.000245947
20.09 -0.000217379
20.1 -0.000186748
20.11 -0.000154055
20.12 -0.000119634
20.13 -8.4305e-05
20.14 -4.925e-05
20.15 -1.56544e-05
20.16 1.57012e-05
20.17 4.45989e-05
20.18 7.11714e-05
20.19 9.55174e-05
20.2 0.000117496
20.21 0.00013686
20.22 0.000153533
20.23 0.000167732
20.24 0.000179829
20.25 0.000190124
20.26 0.000198747
20.27 0.000205716
20.28 0.00021107
20.29 0.000214924
20.3 0.000217407
20.31 0.00021854
20.32 0.0002182
20.33 0.000216207
20.34 0.000212441
20.35 0.000206829
20.36 0.000199206
20.37 0.000189249
20.38 0.000176599
20.39 0.000161111
20.4 0.000143026
20.41 0.000122922
20.42 0.00010145
20.43 7.90183e-05
20.44 5.56125e-05
20.45 3.0821e-05
20.46 4.00455e-06
20.47 -2.55093e-05
20.48 -5.82622e-05
20.49 -9.45728e-05
20.5 -0.000134583
20.51 -0.000178448
20.52 -0.000226519
20.53 -0.000279355
20.54 -0.000337533
20.55 -0.000401401
20.56 -0.000470933
20.57 -0.000545736
20.58 -0.000625157
20.59 -0.000708375
20.6 -0.000794373
20.61 -0.000881761
20.62 -0.000968614
20.63 -0.00105253
20.64 -0.00113109
20.65 -0.00120242
20.66 -0.00126562
20.67 -0.00132056
20.68 -0.00136728
20.69 -0.00140551
20.7 -0.00143473
20.71 -0.00145465
20.72 -0.00146576
20.73 -0.00146932
20.74 -0.00146684
20.75 -0.00145938
20.76 -0.00144718
20.77 -0.00142983
20.78 -0.0014068
20.79 -0.00137789
20.8 -0.00134338
20.81 -0.00130365
20.82 -0.00125883
20.83 -0.00120865
20.84 -0.00115267
20.85 -0.00109067
20.86 -0.00102284
20.87 -0.000949682
20.88 -0.000871687
20.89 -0.000789023
20.9 -0.000701439
20.91 -0.000608356
20.92 -0.000509125
20.93 -0.000403304
20.94 -0.000290829
20.95 -0.000172004
20.96 -4.73863e-05
20.97 8.22449e-05
20.98 0.000215703
20.99 0.000351145
21 0.000486118
21.01 0.000618026
21.02 0.000744565
21.03 0.000863665
21.04 0.000973156
21.05 0.00107101
21.06 0.00115649
21.07 0.00123131
21.08 0.00129901
21.09 0.00136252
21.1 0.00142181
21.11 0.00147382
21.12 0.00151471
21.13 0.00154247
21.14 0.00155811
21.15 0.00156469
21.16 0.00156537
21.17 0.00156175
21.18 0.00155391
21.19 0.00154169
21.2 0.00152582
21.21 0.00150758
21.22 0.00148754
21.23 0.0014649
21.24 0.00143792
21.25 0.00140519
21.26 0.00136639
21.27 0.00132234
21.28 0.00127434
21.29 0.00122366
21.3 0.0011714
21.31 0.00111868
21.32 0.00106673
21.33 0.00101652
21.34 0.000968289
21.35 0.000921324
21.36 0.000874261
21.37 0.000825716
21.38 0.00077483
21.39 0.000721443
21.4 0.000665945
21.41 0.000609036
21.42 0.000551533
21.43 0.000494258
21.44 0.000437954
21.45 0.000383172
21.46 0.00033014
21.47 0.000278669
21.48 0.00022817
21.49 0.000177789
21.5 0.000126567
21.51 7.35651e-05
21.52 1.79913e-05
21.53 -4.06477e-05
21.54 -0.000102414
21.55 -0.000166889
21.56 -0.000233245
21.57 -0.000300419
21.58 -0.000367376
21.59 -0.000433411
21.6 -0.000498396
21.61 -0.000562813
21.62 -0.000627491
21.63 -0.000693201
21.64 -0.000760326
21.65 -0.000828768
21.66 -0.000898008
21.67 -0.000967182
21.68 -0.00103508
21.69 -0.00110014
21.7 -0.00116062
21.71 -0.00121496
21.72 -0.00126206
21.73 -0.00130131
21.74 -0.00133223
21.75 -0.00135428
21.76 -0.00136697
21.77 -0.00137016
21.78 -0.00136431
21.79 -0.00135039
21.8 -0.00132957
21.81 -0.0013029
21.82 -0.00127118
21.83 -0.00123491
21.84 -0.00119431
21.85 -0.00114927
21.86 -0.00109955
21.87 -0.00104501
21.88 -0.000985689
21.89 -0.000921832
21.9 -0.000853739
21.91 -0.000781661
21.92 -0.000705773
21.93 -0.000626194
21.94 -0.000542984
21.95 -0.000456096
21.96 -0.000365346
21.97 -0.000270474
21.98 -0.000171291
21.99 -6.78326e-05
22 3.96472e-05
22.01 0.00015087
22.02 0.000265714
22.03 0.000384142
22.04 0.000505818
22.05 0.000629589
22.06 0.000753137
22.07 0.000873087
22.08 0.000985682
22.09 0.00108798
22.1 0.00117909
22.11 0.00126051
22.12 0.00133485
22.13 0.00140368
22.14 0.00146614
22.15 0.00151931
22.16 0.00156021
22.17 0.00158774
22.18 0.0016032
22.19 0.00160927
22.2 0.00160829
22.21 0.00160131
22.22 0.00158855
22.23 0.00157064
22.24 0.00154904
22.25 0.0015254
22.26 0.00150047
22.27 0.00147363
22.28 0.00144361
22.29 0.00140946
22.3 0.0013711
22.31 0.00132917
22.32 0.00128429
22.33 0.00123678
22.34 0.00118672
22.35 0.00113434
22.36 0.00108017
22.37 0.00102487
22.38 0.000968743
22.39 0.000911566
22.4 0.000852823
22.41 0.000792061
22.42 0.00072905
22.43 0.000663653
22.44 0.000595613
22.45 0.000524547
22.46 0.000450175
22.47 0.000372608
22.48 0.00029238
22.49 0.00021019
22.5 0.000126535
22.51 4.15412e-05
22.52 -4.49128e-05
22.53 -0.000132927
22.54 -0.000222414
22.55 -0.000313079
22.56 -0.000404425
22.57 -0.000495679
22.58 -0.000585725
22.59 -0.000673146
22.6 -0.000756448
22.61 -0.000834429
22.62 -0.000906557
22.63 -0.000973094
22.64 -0.00103484
22.65 -0.00109263
22.66 -0.00114683
22.67 -0.00119717
22.68 -0.00124296
22.69 -0.0012836
22.7 -0.00131899
22.71 -0.00134954
22.72 -0.00137581
22.73 -0.00139805
22.74 -0.00141604
22.75 -0.00142943
22.76 -0.00143804
22.77 -0.00144206
22.78 -0.00144187
22.79 -0.00143792
22.8 -0.00143059
22.81 -0.00142024
22.82 -0.00140708
22.83 -0.00139102
22.84 -0.00137152
22.85 -0.00134782
22.86 -0.0013194
22.87 -0.00128627
22.88 -0.00124889
22.89 -0.00120782
22.9 -0.00116332
22.91 -0.00111536
22.92 -0.00106396
22.93 -0.00100946
22.94 -0.000952502
22.95 -0.000893655
22.96 -0.000833147
22.97 -0.000770803
22.98 -0.000706291
22.99 -0.000639443
23 -0.00057037
23.01 -0.000499333
23.02 -0.000426511
23.03 -0.000351885
23.04 -0.000275344
23.05 -0.000196857
23.06 -0.00011658
23.07 -3.48311e-05
23.08 4.79697e-05
23.09 0.000131325
23.1 0.000214626
23.11 0.000297086
23.12 0.000377697
23.13 0.000455206
23.14 0.000528155
23.15 0.00059498
23.16 0.000654229
23.17 0.000704845
23.18 0.000746423
23.19 0.000779283
23.2 0.000804308
23.21 0.000822593
23.22 0.000835086
23.23 0.000842414
23.24 0.000844942
23.25 0.000843027
23.26 0.000837255
23.27 0.000828452
23.28 0.000817484
23.29 0.000804989
23.3 0.000791282
23.31 0.000776436
23.32 0.000760423
23.33 0.000743227
23.34 0.000724876
23.35 0.00070537
23.36 0.000684592
23.37 0.000662303
23.38 0.000638284
23.39 0.000612545
23.4 0.000585477
23.41 0.000557836
23.42 0.000530539
23.43 0.000504364
23.44 0.000479682
23.45 0.000456435
23.46 0.000434369
23.47 0.000413326
23.48 0.000393379
23.49 0.000374711
23.5 0.000357378
23.51 0.000341152
23.52 0.000325581
23.53 0.000310239
23.54 0.000294964
23.55 0.000279927
23.56 0.00026547
23.57 0.000251869
23.58 0.000239152
23.59 0.000227069
23.6 0.000215193
23.61 0.000203045
23.62 0.000190136
23.63 0.000175921
23.64 0.000159769
23.65 0.00014104
23.66 0.000119299
23.67 9.45227e-05
23.68 6.71134e-05
23.69 3.76948e-05
23.7 6.84261e-06
23.71 -2.50645e-05
23.72 -5.78316e-05
23.73 -9.13384e-05
23.74 -0.000125412
23.75 -0.000159727
23.76 -0.000193764
23.77 -0.00022685
23.78 -0.000258284
23.79 -0.000287443
23.8 -0.000313842
23.81 -0.000337111
23.82 -0.000356978
23.83 -0.000373278
23.84 -0.000386025
23.85 -0.000395501
23.86 -0.000402275
23.87 -0.000407105
23.88 -0.000410722
23.89 -0.000413629
23.9 -0.000416048
23.91 -0.000418076
23.92 -0.000419914
23.93 -0.00042196
23.94 -0.000424657
23.95 -0.000428251
23.96 -0.000432706
23.97 -0.0004379
23.98 -0.00044391
23.99 -0.000451113
24 -0.000459986
24.01 -0.000470811
24.02 -0.000483531
24.03 -0.000497816
24.04 -0.000513149
24.05 -0.00052884
24.06 -0.000544034
24.07 -0.000557848
24.08 -0.000569605
24.09 -0.000578956
24.1 -0.000585781
24.11 -0.000589935
24.12 -0.000591069
24.13 -0.000588675
24.14 -0.000582318
24.15 -0.000571883
24.16 -0.000557613
24.17 -0.000539916
24.18 -0.000519126
24.19 -0.000495422
24.2 -0.000468933
24.21 -0.000439873
24.22 -0.00040857
24.23 -0.000375365
24.24 -0.000340519
24.25 -0.000304214
24.26 -0.000266586
24.27 -0.00022772
24.28 -0.000187612
24.29 -0.00014618
24.3 -0.000103381
24.31 -5.93849e-05
24.32 -1.46697e-05
24.33 3.00774e-05
24.34 7.41992e-05
24.35 0.000117253
24.36 0.000158985
24.37 0.00019914
24.38 0.000237281
24.39 0.000272804
24.4 0.000305135
24.41 0.00033397
24.42 0.00035936
24.43 0.000381612
24.44 0.000401117
24.45 0.000418223
24.46 0.000433239
24.47 0.000446498
24.48 0.000458381
24.49 0.000469261
24.5 0.000479405
24.51 0.00048894
24.52 0.000497887
24.53 0.000506258
24.54 0.000514154
24.55 0.00052181
24.56 0.000529566
24.57 0.000537791
24.58 0.000546756
24.59 0.000556519
24.6 0.000566884
24.61 0.000577519
24.62 0.000588125
24.63 0.00059853
24.64 0.000608667
24.65 0.000618479
24.66 0.00062782
24.67 0.00063643
24.68 0.000644003
24.69 0.000650299
24.7 0.000655198
24.71 0.000658686
24.72 0.000660796
24.73 0.000661553
24.74 0.000660956
24.75 0.000658962
24.76 0.000655445
24.77 0.000650137
24.78 0.000642619
24.79 0.000632418
24.8 0.000619165
24.81 0.000602682
24.82 0.000582929
24.83 0.00055988
24.84 0.000533445
24.85 0.000503469
24.86 0.000469838
24.87 0.000432578
24.88 0.000391889
24.89 0.000348062
24.9 0.000301381
24.91 0.000252046
24.92 0.000200166
24.93 0.000145816
24.94 8.91174e-05
24.95 3.02912e-05
24.96 -3.03546e-05
24.97 -9.24858e-05
24.98 -0.000155822
24.99 -0.000220174
25 -0.000285396
25.01 -0.000351297
25.02 -0.000417571
25.03 -0.000483787
25.04 -0.000549422
25.05 -0.000613872
25.06 -0.000676452
25.07 -0.000736397
25.08 -0.000792913
25.09 -0.00084527
25.1 -0.000892875
25.11 -0.000935283
25.12 -0.000972151
25.13 -0.00100315
25.14 -0.00102791
25.15 -0.00104605
25.16 -0.00105738
25.17 -0.00106209
25.18 -0.00106083
25.19 -0.00105463
25.2 -0.00104453
25.21 -0.00103125
25.22 -0.00101513
25.23 -0.00099626
25.24 -0.000974675
25.25 -0.000950585
25.26 -0.000924372
25.27 -0.000896468
25.28 -0.000867174
25.29 -0.000836541
25.3 -0.000804404
25.31 -0.000770574
25.32 -0.000735037
25.33 -0.000698009
25.34 -0.000659829
25.35 -0.000620781
25.36 -0.000580968
25.37 -0.000540295
25.38 -0.000498596
25.39 -0.000455812
25.4 -0.000412087
25.41 -0.000367734
25.42 -0.000323118
25.43 -0.000278556
25.44 -0.000234276
25.45 -0.000190424
25.46 -0.000147046
25.47 -0.000104075
25.48 -6.13893e-05
25.49 -1.89409e-05
25.5 2.31193e-05
25.51 6.44409e-05
25.52 0.000104611
25.53 0.000143354
25.54 0.000180661
25.55 0.000216772
25.56 0.000252021
25.57 0.000286647
25.58 0.000320697
25.59 0.000354112
25.6 0.000386961
25.61 0.00041959
25.62 0.00045252
25.63 0.000486132
25.64 0.000520425
25.65 0.000555033
25.66 0.000589492
25.67 0.000623505
25.68 0.000657028
25.69 0.000690141
25.7 0.000722801
25.71 0.000754655
25.72 0.000785042
25.73 0.00081321
25.74 0.000838613
25.75 0.000861079
25.76 0.000880753
25.77 0.000897906
25.78 0.000912742
25.79 0.00092528
25.8 0.000935356
25.81 0.000942757
25.82 0.000947367
25.83 0.000949225
25.84 0.000948451
25.85 0.000945132
25.86 0.000939291
25.87 0.000930939
25.88 0.000920143
25.89 0.000906993
25.9 0.000891504
25.91 0.000873541
25.92 0.000852857
25.93 0.000829229
25.94 0.000802582
25.95 0.000773019
25.96 0.000740719
25.97 0.000705764
25.98 0.000668069
25.99 0.000627482
26 0.000584005
26.01 0.000537946
26.02 0.000489864
26.03 0.000440365
26.04 0.000389931
26.05 0.000338897
26.06 0.000287508
26.07 0.000235941
26.08 0.000184296
26.09 0.000132622
26.1 8.1002e-05
26.11 2.96021e-05
26.12 -2.13242e-05
26.13 -7.14751e-05
26.14 -0.000120543
26.15 -0.000168256
26.16 -0.000214406
26.17 -0.000258833
26.18 -0.000301358
26.19 -0.000341735
26.2 -0.000379647
26.21 -0.000414802
26.22 -0.000447049
26.23 -0.000476433
26.24 -0.00050313
26.25 -0.000527332
26.26 -0.000549133
26.27 -0.000568494
26.28 -0.000585288
26.29 -0.000599386
26.3 -0.000610763
26.31 -0.000619557
26.32 -0.000626091
26.33 -0.000630782
26.34 -0.000633954
26.35 -0.000635692
26.36 -0.0006359
26.37 -0.000634539
26.38 -0.000631835
26.39 -0.000628258
26.4 -0.000624283
26.41 -0.000620156
26.42 -0.000615832
26.43 -0.000611116
26.44 -0.000605887
26.45 -0.000600234
26.46 -0.00059441
26.47 -0.000588618
26.48 -0.000582806
26.49 -0.000576639
26.5 -0.000569663
26.51 -0.000561479
26.52 -0.000551799
26.53 -0.00054037
26.54 -0.000526928
26.55 -0.000511262
26.56 -0.000493357
26.57 -0.000473422
26.58 -0.000451765
26.59 -0.000428622
26.6 -0.000404067
26.61 -0.000378056
26.62 -0.000350533
26.63 -0.000321517
26.64 -0.000291141
26.65 -0.000259619
26.66 -0.000227179
26.67 -0.000193972
26.68 -0.000160025
26.69 -0.000125294
26.7 -8.97583e-05
26.71 -5.35203e-05
26.72 -1.67975e-05
26.73 2.01821e-05
26.74 5.73007e-05
26.75 9.45887e-05
26.76 0.000132185
26.77 0.000170264
26.78 0.000208963
26.79 0.000248314
26.8 0.000288224
26.81 0.000328489
26.82 0.000368825
26.83 0.000408923
26.84 0.00044851
26.85 0.000487416
26.86 0.000525589
26.87 0.000563053
26.88 0.000599806
26.89 0.000635719
26.9 0.000670541
26.91 0.000703976
26.92 0.000735745
26.93 0.000765539
26.94 0.000792902
26.95 0.000817151
26.96 0.000837459
26.97 0.000853115
26.98 0.000863783
26.99 0.000869551
27 0.000870758
27.01 0.000867767
27.02 0.000860859
27.03 0.000850285
27.04 0.000836332
27.05 0.000819323
27.06 0.000799533
27.07 0.000777121
27.08 0.000752159
27.09 0.000724715
27.1 0.000694931
27.11 0.000663023
27.12 0.000629242
27.13 0.000593828
27.14 0.000556951
27.15 0.000518647
27.16 0.000478829
27.17 0.000437372
27.18 0.000394172
27.19 0.000349118
27.2 0.000302059
27.21 0.000252847
27.22 0.000201416
27.23 0.000147848
27.24 9.24073e-05
27.25 3.55188e-05
27.26 -2.2298e-05
27.27 -8.05268e-05
27.28 -0.000138726
27.29 -0.000196558
27.3 -0.000253767
27.31 -0.000310131
27.32 -0.000365393
27.33 -0.000419199
27.34 -0.000471078
27.35 -0.000520521
27.36 -0.000567152
27.37 -0.000610881
27.38 -0.000651948
27.39 -0.000690824
27.4 -0.00072804
27.41 -0.000763983
27.42 -0.000798745
27.43 -0.000832107
27.44 -0.000863698
27.45 -0.000893207
27.46 -0.000920514
27.47 -0.000945638
27.48 -0.000968569
27.49 -0.000989122
27.5 -0.00100691
27.51 -0.00102144
27.52 -0.0010322
27.53 -0.00103876
27.54 -0.00104086
27.55 -0.00103846
27.56 -0.00103169
27.57 -0.00102088
27.58 -0.00100635
27.59 -0.000988419
27.6 -0.00096743
27.61 -0.000943806
27.62 -0.000918023
27.63 -0.000890472
27.64 -0.000861336
27.65 -0.000830604
27.66 -0.000798223
27.67 -0.00076426
27.68 -0.000728912
27.69 -0.000692385
27.7 -0.00065477
27.71 -0.000615992
27.72 -0.000575906
27.73 -0.000534459
27.74 -0.000491785
27.75 -0.00044816
27.76 -0.000403853
27.77 -0.000359012
27.78 -0.000313668
27.79 -0.0002678
27.8 -0.000221412
27.81 -0.00017455
27.82 -0.000127295
27.83 -7.97757e-05
27.84 -3.21831e-05
27.85 1.52272e-05
27.86 6.21804e-05
27.87 0.000108451
27.88 0.000153909
27.89 0.000198514
27.9 0.000242275
27.91 0.00028521
27.92 0.000327324
27.93 0.00036858
27.94 0.000408881
27.95 0.000448088
27.96 0.000486078
27.97 0.000522781
27.98 0.000558155
27.99 0.000592083
28 0.000624279
28.01 0.000654282
28.02 0.000681574
28.03 0.000705758
28.04 0.000726691
28.05 0.000744462
28.06 0.000759228
28.07 0.000771033
28.08 0.000779756
28.09 0.000785215
28.1 0.00078732
28.11 0.000786151
28.12 0.000781918
28.13 0.000774855
28.14 0.000765149
28.15 0.00075296
28.16 0.000738502
28.17 0.000722086
28.18 0.000704076
28.19 0.000684796
28.2 0.000664482
28.21 0.000643315
28.22 0.000621447
28.23 0.000598999
28.24 0.000576048
28.25 0.000552632
28.26 0.000528774
28.27 0.000504521
28.28 0.000479982
28.29 0.000455305
28.3 0.000430616
28.31 0.000405954
28.32 0.000381265
28.33 0.000356471
28.34 0.000331578
28.35 0.000306711
28.36 0.000282061
28.37 0.000257777
28.38 0.000233911
28.39 0.00021042
28.4 0.000187214
28.41 0.000164203
28.42 0.000141354
28.43 0.000118723
28.44 9.64647e-05
28.45 7.47798e-05
28.46 5.38414e-05
28.47 3.37248e-05
28.48 1.43864e-05
28.49 -4.28393e-06
28.5 -2.23756e-05
28.51 -3.99071e-05
28.52 -5.68436e-05
28.53 -7.31533e-05
28.54 -8.88523e-05
28.55 -0.000104009
28.56 -0.000118706
28.57 -0.000132998
28.58 -0.000146905
28.59 -0.000160433
28.6 -0.000173597
28.61 -0.000186424
28.62 -0.000198941
28.63 -0.00021117
28.64 -0.000223144
28.65 -0.000234915
28.66 -0.000246557
28.67 -0.000258141
28.68 -0.000269688
28.69 -0.000281128
28.7 -0.000292306
28.71 -0.000303048
28.72 -0.000313229
28.73 -0.000322803
28.74 -0.000331763
28.75 -0.000340102
28.76 -0.00034779
28.77 -0.000354798
28.78 -0.000361103
28.79 -0.000366682
28.8 -0.000371489
28.81 -0.000375443
28.82 -0.000378441
28.83 -0.000380383
28.84 -0.000381188
28.85 -0.000380817
28.86 -0.000379278
28.87 -0.000376609
28.88 -0.000372838
28.89 -0.000367956
28.9 -0.000361929
28.91 -0.00035475
28.92 -0.000346481
28.93 -0.000337256
28.94 -0.00032723
28.95 -0.000316525
28.96 -0.000305199
28.97 -0.000293256
28.98 -0.000280671
28.99 -0.000267434
29 -0.000253572
29.01 -0.000239141
29.02 -0.000224189
29.03 -0.000208727
29.04 -0.000192727
29.05 -0.000176157
29.06 -0.000159012
29.07 -0.000141332
29.08 -0.000123194
29.09 -0.000104687
29.1 -8.58935e-05
29.11 -6.68844e-05
29.12 -4.77279e-05
29.13 -2.84975e-05
29.14 -9.26917e-06
29.15 9.89092e-06
29.16 2.89306e-05
29.17 4.78016e-05
29.18 6.64437e-05
29.19 8.4782e-05
29.2 0.00010274
29.21 0.000120255
29.22 0.000137284
29.23 0.000153798
29.24 0.00016977
29.25 0.000185171
29.26 0.000199966
29.27 0.000214118
29.28 0.00022759
29.29 0.00024035
29.3 0.000252361
29.31 0.000263574
29.32 0.000273931
29.33 0.000283366
29.34 0.00029182
29.35 0.000299244
29.36 0.000305606
29.37 0.000310891
29.38 0.000315092
29.39 0.00031821
29.4 0.00032024
29.41 0.000321179
29.42 0.000321024
29.43 0.000319779
29.44 0.000317453
29.45 0.000314054
29.46 0.000309591
29.47 0.000304069
29.48 0.000297501
29.49 0.000289904
29.5 0.000281309
29.51 0.000271756
29.52 0.000261288
29.53 0.00024995
29.54 0.00023779
29.55 0.000224855
29.56 0.000211194
29.57 0.000196852
29.58 0.000181874
29.59 0.000166303
29.6 0.000150188
29.61 0.00013358
29.62 0.000116537
29.63 9.91239e-05
29.64 8.14089e-05
29.65 6.34627e-05
29.66 4.53568e-05
29.67 2.71634e-05
29.68 8.9542e-06
29.69 -9.20065e-06
29.7 -2.7234e-05
29.71 -4.50823e-05
29.72 -6.26849e-05
29.73 -7.99827e-05
29.74 -9.69164e-05
29.75 -0.000113426
29.76 -0.000129453
29.77 -0.000144937
29.78 -0.000159825
29.79 -0.000174064
29.8 -0.00018761
29.81 -0.00020042
29.82 -0.00021246
29.83 -0.000223702
29.84 -0.000234121
29.85 -0.000243699
29.86 -0.000252418
29.87 -0.000260263
29.88 -0.000267216
29.89 -0.000273262
29.9 -0.000278385
29.91 -0.000282566
29.92 -0.000285794
29.93 -0.000288054
29.94 -0.00028934
29.95 -0.000289645
29.96 -0.000288972
29.97 -0.000287326
29.98 -0.000284716
29.99 -0.000281158
30 -0.000276672
30.01 -0.000271278
30.02 -0.000264997
30.03 -0.000257846
30.04 -0.000249845
30.05 -0.000241019
30.06 -0.000231398
30.07 -0.000221015
30.08 -0.000209905
30.09 -0.000198104
30.1 -0.000185652
30.11 -0.000172592
30.12 -0.000158972
30.13 -0.000144839
30.14 -0.000130244
30.15 -0.000115234
30.16 -9.98582e-05
30.17 -8.41673e-05
30.18 -6.82128e-05
30.19 -5.20478e-05
30.2 -3.57269e-05
30.21 -1.93058e-05
30.22 -2.84191e-06
30.23 1.36056e-05
30.24 2.99761e-05
30.25 4.6208e-05
30.26 6.22402e-05
30.27 7.80128e-05
30.28 9.34678e-05
30.29 0.000108549
30.3 0.000123202
30.31 0.000137376
30.32 0.000151022
30.33 0.000164093
30.34 0.000176546
30.35 0.000188339
30.36 0.000199434
30.37 0.000209795
30.38 0.000219388
30.39 0.000228185
30.4 0.00023616
30.41 0.000243289
30.42 0.000249555
30.43 0.000254943
30.44 0.000259441
30.45 0.000263041
30.46 0.000265737
30.47 0.000267527
30.48 0.000268408
30.49 0.000268383
30.5 0.000267455
30.51 0.00026563
30.52 0.000262914
30.53 0.000259319
30.54 0.000254858
30.55 0.000249548
30.56 0.000243406
30.57 0.000236457
30.58 0.000228724
30.59 0.000220235
30.6 0.000211019
30.61 0.00020111
30.62 0.000190539
30.63 0.000179344
30.64 0.000167562
30.65 0.000155232
30.66 0.000142397
30.67 0.0001291
30.68 0.000115388
30.69 0.000101308
30.7 8.69095e-05
30.71 7.22453e-05
30.72 5.73677e-05
30.73 4.23308e-05
30.74 2.7189e-05
30.75 1.19972e-05
30.76 -3.18964e-06
30.77 -1.83171e-05
30.78 -3.33313e-05
30.79 -4.81789e-05
30.8 -6.28079e-05
30.81 -7.71672e-05
30.82 -9.12074e-05
30.83 -0.000104881
30.84 -0.000118141
30.85 -0.000130944
30.86 -0.00014325
30.87 -0.000155018
30.88 -0.000166213
30.89 -0.000176801
30.9 -0.000186751
30.91 -0.000196035
30.92 -0.000204626
30.93 -0.0002125
30.94 -0.000219637
30.95 -0.000226016
30.96 -0.000231621
30.97 -0.000236436
30.98 -0.000240447
30.99 -0.000243644
31 -0.000246018
31.01 -0.000247564
31.02 -0.000248276
31.03 -0.000248154
31.04 -0.000247199
31.05 -0.000245416
31.06 -0.00024281
31.07 -0.000239391
31.08 -0.000235171
31.09 -0.000230163
31.1 -0.000224385
31.11 -0.000217854
31.12 -0.000210593
31.13 -0.000202625
31.14 -0.000193976
31.15 -0.000184677
31.16 -0.000174757
31.17 -0.000164251
31.18 -0.000153195
31.19 -0.000141627
31.2 -0.000129588
31.21 -0.000117118
31.22 -0.000104264
31.23 -9.10694e-05
31.24 -7.75824e-05
31.25 -6.38514e-05
31.26 -4.99262e-05
31.27 -3.58578e-05
31.28 -2.16982e-05
31.29 -7.4998e-06
31.3 6.68432e-06
31.31 2.08011e-05
31.32 3.47979e-05
31.33 4.86225e-05
31.34 6.22238e-05
31.35 7.55522e-05
31.36 8.85599e-05
31.37 0.000101201
31.38 0.000113433
31.39 0.000125214
31.4 0.000136507
31.41 0.000147276
31.42 0.000157489
31.43 0.000167116
31.44 0.00017613
31.45 0.000184508
31.46 0.000192226
31.47 0.000199266
31.48 0.000205609
31.49 0.000211242
31.5 0.000216149
31.51 0.00022032
31.52 0.000223745
31.53 0.000226417
31.54 0.000228328
31.55 0.000229476
31.56 0.000229858
31.57 0.000229474
31.58 0.000228325
31.59 0.000226417
31.6 0.000223754
31.61 0.000220346
31.62 0.000216204
31.63 0.000211341
31.64 0.000205772
31.65 0.000199517
31.66 0.000192595
31.67 0.000185031
31.68 0.000176848
31.69 0.000168076
31.7 0.000158743
31.71 0.000148881
31.72 0.000138525
31.73 0.00012771
31.74 0.000116473
31.75 0.000104853
31.76 9.28926e-05
31.77 8.06321e-05
31.78 6.81156e-05
31.79 5.53878e-05
31.8 4.24941e-05
31.81 2.9481e-05
31.82 1.63955e-05
31.83 3.28495e-06
31.84 -9.80312e-06
31.85 -2.28214e-05
31.86 -3.57229e-05
31.87 -4.84613e-05
31.88 -6.09911e-05
31.89 -7.32682e-05
31.9 -8.52497e-05
31.91 -9.68942e-05
31.92 -0.000108162
31.93 -0.000119016
31.94 -0.000129421
31.95 -0.000139343
31.96 -0.000148751
31.97 -0.000157616
31.98 -0.000165912
31.99 -0.000173614
32 -0.000180701
32.01 -0.000187152
32.02 -0.00019295
32.03 -0.000198079
32.04 -0.000202525
32.05 -0.000206276
32.06 -0.000209323
32.07 -0.000211659
32.08 -0.000213276
32.09 -0.000214173
32.1 -0.000214346
32.11 -0.000213798
32.12 -0.00021253
32.13 -0.000210547
32.14 -0.000207857
32.15 -0.000204469
32.16 -0.000200394
32.17 -0.000195646
32.18 -0.000190242
32.19 -0.000184199
32.2 -0.000177539
32.21 -0.000170284
32.22 -0.000162459
32.23 -0.000154091
32.24 -0.000145209
32.25 -0.000135845
32.26 -0.000126031
32.27 -0.000115802
32.28 -0.000105195
32.29 -9.42464e-05
32.3 -8.29965e-05
32.31 -7.14857e-05
32.32 -5.97555e-05
32.33 -4.78485e-05
32.34 -3.58081e-05
32.35 -2.36779e-05
32.36 -1.15022e-05
32.37 6.74912e-07
32.38 1.28094e-05
32.39 2.48577e-05
32.4 3.67769e-05
32.41 4.85249e-05
32.42 6.00608e-05
32.43 7.13451e-05
32.44 8.23397e-05
32.45 9.30083e-05
32.46 0.000103316
32.47 0.000113231
32.48 0.000122721
32.49 0.000131759
32.5 0.000140316
32.51 0.000148368
32.52 0.000155892
32.53 0.000162866
32.54 0.000169271
32.55 0.000175089
32.56 0.000180303
32.57 0.000184899
32.58 0.000188865
32.59 0.000192189
32.6 0.000194862
32.61 0.000196877
32.62 0.000198228
32.63 0.000198911
32.64 0.000198924
32.65 0.000198268
32.66 0.000196944
32.67 0.000194958
32.68 0.000192314
32.69 0.000189023
32.7 0.000185094
32.71 0.00018054
32.72 0.000175377
32.73 0.000169622
32.74 0.000163295
32.75 0.000156416
32.76 0.00014901
32.77 0.000141102
32.78 0.00013272
32.79 0.000123893
32.8 0.000114652
32.81 0.000105029
32.82 9.50601e-05
32.83 8.47797e-05
32.84 7.42252e-05
32.85 6.34347e-05
32.86 5.24474e-05
32.87 4.13032e-05
32.88 3.0043e-05
32.89 1.87078e-05
32.9 7.33899e-06
32.91 -4.02191e-06
32.92 -1.53337e-05
32.93 -2.65554e-05
32.94 -3.76469e-05
32.95 -4.85689e-05
32.96 -5.92829e-05
32.97 -6.97518e-05
32.98 -7.99402e-05
32.99 -8.98137e-05
33 -9.93402e-05
33.01 -0.000108489
33.02 -0.000117231
33.03 -0.00012554
33.04 -0.00013339
33.05 -0.000140759
33.06 -0.000147625
33.07 -0.000153969
33.08 -0.000159773
33.09 -0.000165021
33.1 -0.000169699
33.11 -0.000173794
33.12 -0.000177296
33.13 -0.000180195
33.14 -0.000182484
33.15 -0.000184156
33.16 -0.000185207
33.17 -0.000185635
33.18 -0.00018544
33.19 -0.000184621
33.2 -0.000183183
33.21 -0.00018113
33.22 -0.000178468
33.23 -0.000175208
33.24 -0.000171359
33.25 -0.000166934
33.26 -0.00016195
33.27 -0.000156421
33.28 -0.000150368
33.29 -0.00014381
33.3 -0.000136772
33.31 -0.000129276
33.32 -0.00012135
33.33 -0.000113021
33.34 -0.000104319
33.35 -9.5275e-05
33.36 -8.59205e-05
33.37 -7.62894e-05
33.38 -6.64161e-05
33.39 -5.63362e-05
33.4 -4.60858e-05
33.41 -3.57021e-05
33.42 -2.52222e-05
33.43 -1.46839e-05
33.44 -4.12494e-06
33.45 6.41689e-06
33.46 1.69041e-05
33.47 2.72998e-05
33.48 3.75674e-05
33.49 4.76713e-05
33.5 5.7577e-05
33.51 6.72507e-05
33.52 7.66601e-05
33.53 8.57742e-05
33.54 9.45633e-05
33.55 0.000102999
33.56 0.000111055
33.57 0.000118707
33.58 0.00012593
33.59 0.000132703
33.6 0.000139005
33.61 0.000144819
33.62 0.000150126
33.63 0.000154912
33.64 0.000159162
33.65 0.000162865
33.66 0.000166009
33.67 0.000168586
33.68 0.000170588
33.69 0.00017201
33.7 0.000172847
33.71 0.000173098
33.72 0.000172762
33.73 0.000171841
33.74 0.000170338
33.75 0.000168258
33.76 0.000165608
33.77 0.000162398
33.78 0.000158639
33.79 0.000154343
33.8 0.000149525
33.81 0.000144202
33.82 0.000138393
33.83 0.000132119
33.84 0.0001254
33.85 0.000118262
33.86 0.000110729
33.87 0.000102829
33.88 9.45901e-05
33.89 8.60414e-05
33.9 7.72141e-05
33.91 6.81401e-05
33.92 5.88524e-05
33.93 4.93845e-05
33.94 3.97708e-05
33.95 3.0046e-05
33.96 2.02453e-05
33.97 1.0404e-05
33.98 5.57258e-07
33.99 -9.25987e-06
34 -1.90127e-05
34.01 -2.86671e-05
34.02 -3.81896e-05
34.03 -4.75476e-05
34.04 -5.67095e-05
34.05 -6.56448e-05
34.06 -7.43241e-05
34.07 -8.27193e-05
34.08 -9.08038e-05
34.09 -9.85521e-05
34.1 -0.00010594
34.11 -0.000112946
34.12 -0.000119548
34.13 -0.000125727
34.14 -0.000131464
34.15 -0.000136743
34.16 -0.000141548
34.17 -0.000145866
34.18 -0.000149683
34.19 -0.000152989
34.2 -0.000155774
34.21 -0.00015803
34.22 -0.00015975
34.23 -0.00016093
34.24 -0.000161565
34.25 -0.000161654
34.26 -0.000161197
34.27 -0.000160196
34.28 -0.000158653
34.29 -0.000156574
34.3 -0.000153966
34.31 -0.000150838
34.32 -0.0001472
34.33 -0.000143065
34.34 -0.000138447
34.35 -0.000133362
34.36 -0.000127828
34.37 -0.000121864
34.38 -0.000115491
34.39 -0.000108731
34.4 -0.00010161
34.41 -9.41517e-05
34.42 -8.63835e-05
34.43 -7.83332e-05
34.44 -7.00298e-05
34.45 -6.15032e-05
34.46 -5.27844e-05
34.47 -4.39047e-05
34.48 -3.48963e-05
34.49 -2.57916e-05
34.5 -1.66233e-05
34.51 -7.4245e-06
34.52 1.77215e-06
34.53 1.09339e-05
34.54 2.00286e-05
34.55 2.90243e-05
34.56 3.78899e-05
34.57 4.6595e-05
34.58 5.51101e-05
34.59 6.34066e-05
34.6 7.14572e-05
34.61 7.92356e-05
34.62 8.67167e-05
34.63 9.38768e-05
34.64 0.000100693
34.65 0.000107146
34.66 0.000113214
34.67 0.000118879
34.68 0.000124125
34.69 0.000128936
34.7 0.000133298
34.71 0.000137198
34.72 0.000140625
34.73 0.000143569
34.74 0.000146021
34.75 0.000147974
34.76 0.000149424
34.77 0.000150365
34.78 0.000150795
34.79 0.000150714
34.8 0.000150122
34.81 0.000149021
34.82 0.000147416
34.83 0.000145312
34.84 0.000142717
34.85 0.000139639
34.86 0.000136089
34.87 0.00013208
34.88 0.000127626
34.89 0.000122742
34.9 0.000117446
34.91 0.000111756
34.92 0.000105692
34.93 9.92772e-05
34.94 9.25332e-05
34.95 8.54845e-05
34.96 7.81563e-05
34.97 7.0575e-05
34.98 6.27677e-05
34.99 5.47625e-05
35 4.65883e-05
35.01 3.82741e-05
35.02 2.98499e-05
35.03 2.13455e-05
35.04 1.27913e-05
35.05 4.21752e-06
35.06 -4.34578e-06
35.07 -1.28687e-05
35.08 -2.13216e-05
35.09 -2.96754e-05
35.1 -3.79017e-05
35.11 -4.59728e-05
35.12 -5.38616e-05
35.13 -6.1542e-05
35.14 -6.8989e-05
35.15 -7.61783e-05
35.16 -8.3087e-05
35.17 -8.96931e-05
35.18 -9.59759e-05
35.19 -0.000101916
35.2 -0.000107494
35.21 -0.000112694
35.22 -0.0001175
35.23 -0.000121896
35.24 -0.000125871
35.25 -0.000129411
35.26 -0.000132505
35.27 -0.000135145
35.28 -0.000137323
35.29 -0.000139032
35.3 -0.000140267
35.31 -0.000141024
35.32 -0.000141301
35.33 -0.000141098
35.34 -0.000140415
35.35 -0.000139256
35.36 -0.000137624
35.37 -0.000135525
35.38 -0.000132967
35.39 -0.000129959
35.4 -0.000126511
35.41 -0.000122635
35.42 -0.000118346
35.43 -0.000113659
35.44 -0.000108589
35.45 -0.000103157
35.46 -9.73804e-05
35.47 -9.12808e-05
35.48 -8.48801e-05
35.49 -7.82013e-05
35.5 -7.12687e-05
35.51 -6.41071e-05
35.52 -5.67425e-05
35.53 -4.92015e-05
35.54 -4.15112e-05
35.55 -3.36992e-05
35.56 -2.57935e-05
35.57 -1.78223e-05
35.58 -9.81387e-06
35.59 -1.79649e-06
35.6 6.20173e-06
35.61 1.41529e-05
35.62 2.20297e-05
35.63 2.98051e-05
35.64 3.74527e-05
35.65 4.49469e-05
35.66 5.22629e-05
35.67 5.93765e-05
35.68 6.62647e-05
35.69 7.29053e-05
35.7 7.92772e-05
35.71 8.53603e-05
35.72 9.11357e-05
35.73 9.65855e-05
35.74 0.000101693
35.75 0.000106442
35.76 0.000110819
35.77 0.00011481
35.78 0.000118404
35.79 0.000121589
35.8 0.000124356
35.81 0.000126696
35.82 0.000128603
35.83 0.00013007
35.84 0.000131094
35.85 0.000131671
35.86 0.0001318
35.87 0.000131482
35.88 0.000130716
35.89 0.000129506
35.9 0.000127857
35.91 0.000125773
35.92 0.000123264
35.93 0.000120336
35.94 0.000117002
35.95 0.000113272
35.96 0.00010916
35.97 0.00010468
35.98 9.98487e-05
35.99 9.4683e-05
36 8.92014e-05
36.01 8.34235e-05
36.02 7.73702e-05
36.03 7.10631e-05
36.04 6.4525e-05
36.05 5.77792e-05
36.06 5.08501e-05
36.07 4.37624e-05
36.08 3.65415e-05
36.09 2.92132e-05
36.1 2.18035e-05
36.11 1.43388e-05
36.12 6.84526e-06
36.13 -6.50706e-07
36.14 -8.12297e-06
36.15 -1.55456e-05
36.16 -2.28931e-05
36.17 -3.01404e-05
36.18 -3.72628e-05
36.19 -4.42365e-05
36.2 -5.10382e-05
36.21 -5.76454e-05
36.22 -6.40367e-05
36.23 -7.01911e-05
36.24 -7.6089e-05
36.25 -8.17115e-05
36.26 -8.70409e-05
36.27 -9.20604e-05
36.28 -9.67543e-05
36.29 -0.000101108
36.3 -0.000105108
36.31 -0.000108743
36.32 -0.000112
36.33 -0.000114871
36.34 -0.000117346
36.35 -0.000119419
36.36 -0.000121082
36.37 -0.000122331
36.38 -0.000123162
36.39 -0.000123574
36.4 -0.000123565
36.41 -0.000123135
36.42 -0.000122288
36.43 -0.000121025
36.44 -0.000119352
36.45 -0.000117276
36.46 -0.000114802
36.47 -0.000111941
36.48 -0.000108703
36.49 -0.000105099
36.5 -0.000101142
36.51 -9.68464e-05
36.52 -9.2228e-05
36.53 -8.7303e-05
36.54 -8.20893e-05
36.55 -7.66055e-05
36.56 -7.08714e-05
36.57 -6.49076e-05
36.58 -5.87353e-05
36.59 -5.23769e-05
36.6 -4.58549e-05
36.61 -3.91927e-05
36.62 -3.24138e-05
36.63 -2.55424e-05
36.64 -1.86027e-05
36.65 -1.1619e-05
36.66 -4.61578e-06
36.67 2.38269e-06
36.68 9.35222e-06
36.69 1.62689e-05
36.7 2.31092e-05
36.71 2.985e-05
36.72 3.64686e-05
36.73 4.2943e-05
36.74 4.92519e-05
36.75 5.53744e-05
36.76 6.12908e-05
36.77 6.69818e-05
36.78 7.24292e-05
36.79 7.76156e-05
36.8 8.25245e-05
36.81 8.71405e-05
36.82 9.1449e-05
36.83 9.54364e-05
36.84 9.90905e-05
36.85 0.0001024
36.86 0.000105354
36.87 0.000107943
36.88 0.000110161
36.89 0.000111999
36.9 0.000113453
36.91 0.000114518
36.92 0.00011519
36.93 0.000115469
36.94 0.000115352
36.95 0.000114842
36.96 0.000113941
36.97 0.000112651
36.98 0.000110978
36.99 0.000108928
37 0.000106508
37.01 0.000103727
37.02 0.000100595
37.03 9.71236e-05
37.04 9.33251e-05
37.05 8.92131e-05
37.06 8.48027e-05
37.07 8.01097e-05
37.08 7.5151e-05
37.09 6.99445e-05
37.1 6.4509e-05
37.11 5.88641e-05
37.12 5.303e-05
37.13 4.70276e-05
37.14 4.08784e-05
37.15 3.46043e-05
37.16 2.82277e-05
37.17 2.17711e-05
37.18 1.52574e-05
37.19 8.70922e-06
37.2 2.14958e-06
37.21 -4.3988e-06
37.22 -1.09133e-05
37.23 -1.73717e-05
37.24 -2.37519e-05
37.25 -3.00325e-05
37.26 -3.61924e-05
37.27 -4.2211e-05
37.28 -4.80685e-05
37.29 -5.37458e-05
37.3 -5.92243e-05
37.31 -6.44865e-05
37.32 -6.95152e-05
37.33 -7.42947e-05
37.34 -7.88097e-05
37.35 -8.30459e-05
37.36 -8.69902e-05
37.37 -9.06301e-05
37.38 -9.39544e-05
37.39 -9.69527e-05
37.4 -9.96158e-05
37.41 -0.000101936
37.42 -0.000103905
37.43 -0.000105518
37.44 -0.000106769
37.45 -0.000107656
37.46 -0.000108175
37.47 -0.000108325
37.48 -0.000108107
37.49 -0.000107521
37.5 -0.00010657
37.51 -0.000105257
37.52 -0.000103588
37.53 -0.000101568
37.54 -9.92055e-05
37.55 -9.65081e-05
37.56 -9.34859e-05
37.57 -9.01497e-05
37.58 -8.65117e-05
37.59 -8.25848e-05
37.6 -7.83832e-05
37.61 -7.3922e-05
37.62 -6.92172e-05
37.63 -6.42857e-05
37.64 -5.91451e-05
37.65 -5.38138e-05
37.66 -4.83109e-05
37.67 -4.26559e-05
37.68 -3.6869e-05
37.69 -3.09706e-05
37.7 -2.49815e-05
37.71 -1.89229e-05
37.72 -1.2816e-05
37.73 -6.68207e-06
37.74 -5.42412e-07
37.75 5.58175e-06
37.76 1.16694e-05
37.77 1.76997e-05
37.78 2.36521e-05
37.79 2.95067e-05
37.8 3.52437e-05
37.81 4.08441e-05
37.82 4.62892e-05
37.83 5.15611e-05
37.84 5.66427e-05
37.85 6.15172e-05
37.86 6.61691e-05
37.87 7.05832e-05
37.88 7.47455e-05
37.89 7.86427e-05
37.9 8.22625e-05
37.91 8.55933e-05
37.92 8.86248e-05
37.93 9.13474e-05
37.94 9.37526e-05
37.95 9.58331e-05
37.96 9.75825e-05
37.97 9.89955e-05
37.98 0.000100068
37.99 0.000100796
38 0.00010118
38.01 0.000101216
38.02 0.000100907
38.03 0.000100253
38.04 9.92582e-05
38.05 9.79251e-05
38.06 9.62594e-05
38.07 9.42672e-05
38.08 9.1956e-05
38.09 8.93341e-05
38.1 8.64113e-05
38.11 8.3198e-05
38.12 7.9706e-05
38.13 7.59479e-05
38.14 7.19372e-05
38.15 6.76885e-05
38.16 6.32169e-05
38.17 5.85386e-05
38.18 5.36703e-05
38.19 4.86294e-05
38.2 4.34337e-05
38.21 3.81019e-05
38.22 3.26527e-05
38.23 2.71054e-05
38.24 2.14795e-05
38.25 1.57946e-05
38.26 1.00706e-05
38.27 4.32737e-06
38.28 -1.41538e-06
38.29 -7.13789e-06
38.3 -1.28206e-05
38.31 -1.84443e-05
38.32 -2.39899e-05
38.33 -2.94389e-05
38.34 -3.47731e-05
38.35 -3.99747e-05
38.36 -4.50267e-05
38.37 -4.99124e-05
38.38 -5.46159e-05
38.39 -5.91219e-05
38.4 -6.34159e-05
38.41 -6.74839e-05
38.42 -7.13131e-05
38.43 -7.48912e-05
38.44 -7.82067e-05
38.45 -8.12491e-05
38.46 -8.40089e-05
38.47 -8.64774e-05
38.48 -8.86468e-05
38.49 -9.05103e-05
38.5 -9.20623e-05
38.51 -9.32979e-05
38.52 -9.42136e-05
38.53 -9.48067e-05
38.54 -9.50756e-05
38.55 -9.50199e-05
38.56 -9.46403e-05
38.57 -9.39385e-05
38.58 -9.29173e-05
38.59 -9.15807e-05
38.6 -8.99338e-05
38.61 -8.79826e-05
38.62 -8.57344e-05
38.63 -8.31974e-05
38.64 -8.03808e-05
38.65 -7.7295e-05
38.66 -7.3951e-05
38.67 -7.0361e-05
38.68 -6.65379e-05
38.69 -6.24954e-05
38.7 -5.82483e-05
38.71 -5.38115e-05
38.72 -4.92011e-05
38.73 -4.44334e-05
38.74 -3.95256e-05
38.75 -3.44948e-05
38.76 -2.9359e-05
38.77 -2.41363e-05
38.78 -1.8845e-05
38.79 -1.35037e-05
38.8 -8.13083e-06
38.81 -2.74513e-06
38.82 2.63482e-06
38.83 7.99056e-06
38.84 1.33038e-05
38.85 1.85565e-05
38.86 2.37309e-05
38.87 2.88096e-05
38.88 3.37756e-05
38.89 3.86125e-05
38.9 4.33043e-05
38.91 4.78356e-05
38.92 5.21914e-05
38.93 5.63578e-05
38.94 6.03212e-05
38.95 6.40688e-05
38.96 6.75886e-05
38.97 7.08694e-05
38.98 7.39008e-05
38.99 7.66732e-05
39 7.91778e-05
39.01 8.14069e-05
39.02 8.33536e-05
39.03 8.50117e-05
39.04 8.63764e-05
39.05 8.74436e-05
39.06 8.82101e-05
39.07 8.86739e-05
39.08 8.8834e-05
39.09 8.86902e-05
39.1 8.82436e-05
39.11 8.74962e-05
39.12 8.64511e-05
39.13 8.51122e-05
39.14 8.34847e-05
39.15 8.15746e-05
39.16 7.93889e-05
39.17 7.69357e-05
39.18 7.42239e-05
39.19 7.12633e-05
39.2 6.80647e-05
39.21 6.46394e-05
39.22 6.1e-05
39.23 5.71593e-05
39.24 5.31311e-05
39.25 4.89299e-05
39.26 4.45704e-05
39.27 4.00683e-05
39.28 3.54394e-05
39.29 3.07e-05
39.3 2.58669e-05
39.31 2.0957e-05
39.32 1.59873e-05
39.33 1.09753e-05
39.34 5.93818e-06
39.35 8.93458e-07
39.36 -4.14156e-06
39.37 -9.14966e-06
39.38 -1.41138e-05
39.39 -1.90171e-05
39.4 -2.3843e-05
39.41 -2.85753e-05
39.42 -3.31983e-05
39.43 -3.76964e-05
39.44 -4.20549e-05
39.45 -4.62593e-05
39.46 -5.02958e-05
39.47 -5.41513e-05
39.48 -5.78131e-05
39.49 -6.12695e-05
39.5 -6.45092e-05
39.51 -6.75219e-05
39.52 -7.02978e-05
39.53 -7.28282e-05
39.54 -7.51051e-05
39.55 -7.71213e-05
39.56 -7.88705e-05
39.57 -8.03473e-05
39.58 -8.15473e-05
39.59 -8.24668e-05
39.6 -8.31033e-05
39.61 -8.34552e-05
39.62 -8.35217e-05
39.63 -8.33032e-05
39.64 -8.28008e-05
39.65 -8.20169e-05
39.66 -8.09545e-05
39.67 -7.96178e-05
39.68 -7.8012e-05
39.69 -7.61431e-05
39.7 -7.40179e-05
39.71 -7.16444e-05
39.72 -6.90311e-05
39.73 -6.61877e-05
39.74 -6.31243e-05
39.75 -5.98522e-05
39.76 -5.6383e-05
39.77 -5.27292e-05
39.78 -4.89039e-05
39.79 -4.49208e-05
39.8 -4.07939e-05
39.81 -3.65379e-05
39.82 -3.21679e-05
39.83 -2.76992e-05
39.84 -2.31475e-05
39.85 -1.85288e-05
39.86 -1.38591e-05
39.87 -9.15461e-06
39.88 -4.43159e-06
39.89 2.93707e-07
39.9 5.0051e-06
39.91 9.68653e-06
39.92 1.43221e-05
39.93 1.88961e-05
39.94 2.33933e-05
39.95 2.77984e-05
39.96 3.20969e-05
39.97 3.62745e-05
39.98 4.03174e-05
39.99 4.42122e-05
40 4.79463e-05
40.01 5.15074e-05
40.02 5.48839e-05
40.03 5.8065e-05
40.04 6.10404e-05
40.05 6.38005e-05
40.06 6.63365e-05
40.07 6.86404e-05
40.08 7.07048e-05
40.09 7.25232e-05
40.1 7.40901e-05
40.11 7.54006e-05
40.12 7.64506e-05
40.13 7.72373e-05
40.14 7.77582e-05
40.15 7.80122e-05
40.16 7.79988e-05
40.17 7.77186e-05
40.18 7.71729e-05
40.19 7.63641e-05
40.2 7.52954e-05
40.21 7.3971e-05
40.22 7.23958e-05
40.23 7.05757e-05
40.24 6.85174e-05
40.25 6.62285e-05
40.26 6.37173e-05
40.27 6.09929e-05
40.28 5.80652e-05
40.29 5.49447e-05
40.3 5.16427e-05
40.31 4.81708e-05
40.32 4.45416e-05
40.33 4.07678e-05
40.34 3.68631e-05
40.35 3.2841e-05
40.36 2.87159e-05
40.37 2.45022e-05
40.38 2.02148e-05
40.39 1.58685e-05
40.4 1.14785e-05
40.41 7.06003e-06
40.42 2.62839e-06
40.43 -1.80121e-06
40.44 -6.21358e-06
40.45 -1.05937e-05
40.46 -1.49266e-05
40.47 -1.91976e-05
40.48 -2.33924e-05
40.49 -2.7497e-05
40.5 -3.14975e-05
40.51 -3.53807e-05
40.52 -3.91337e-05
40.53 -4.27442e-05
40.54 -4.62003e-05
40.55 -4.94907e-05
40.56 -5.26047e-05
40.57 -5.55322e-05
40.58 -5.82639e-05
40.59 -6.07908e-05
40.6 -6.31051e-05
40.61 -6.51992e-05
40.62 -6.70668e-05
40.63 -6.87018e-05
40.64 -7.00993e-05
40.65 -7.12551e-05
40.66 -7.21657e-05
40.67 -7.28285e-05
40.68 -7.32418e-05
40.69 -7.34047e-05
40.7 -7.3317e-05
40.71 -7.29795e-05
40.72 -7.2394e-05
40.73 -7.15628e-05
40.74 -7.04893e-05
40.75 -6.91776e-05
40.76 -6.76327e-05
40.77 -6.58603e-05
40.78 -6.3867e-05
40.79 -6.166e-05
40.8 -5.92475e-05
40.81 -5.66381e-05
40.82 -5.38412e-05
40.83 -5.08669e-05
40.84 -4.77258e-05
40.85 -4.44292e-05
40.86 -4.09886e-05
40.87 -3.74164e-05
40.88 -3.37251e-05
40.89 -2.99278e-05
40.9 -2.60378e-05
40.91 -2.20686e-05
40.92 -1.80342e-05
40.93 -1.39486e-05
40.94 -9.82588e-06
40.95 -5.68038e-06
40.96 -1.52634e-06
40.97 2.622e-06
40.98 6.75046e-06
40.99 1.0845e-05
41 1.48917e-05
41.01 1.88769e-05
41.02 2.27871e-05
41.03 2.66093e-05
41.04 3.03308e-05
41.05 3.3939e-05
41.06 3.74221e-05
41.07 4.07686e-05
41.08 4.39673e-05
41.09 4.7008e-05
41.1 4.98805e-05
41.11 5.25757e-05
41.12 5.50847e-05
41.13 5.73995e-05
41.14 5.95127e-05
41.15 6.14176e-05
41.16 6.31081e-05
41.17 6.4579e-05
41.18 6.58257e-05
41.19 6.68444e-05
41.2 6.76322e-05
41.21 6.81868e-05
41.22 6.85068e-05
41.23 6.85916e-05
41.24 6.84414e-05
41.25 6.8057e-05
41.26 6.74404e-05
41.27 6.6594e-05
41.28 6.55212e-05
41.29 6.42262e-05
41.3 6.27139e-05
41.31 6.09899e-05
41.32 5.90606e-05
41.33 5.6933e-05
41.34 5.46149e-05
41.35 5.21147e-05
41.36 4.94415e-05
41.37 4.66047e-05
41.38 4.36147e-05
41.39 4.0482e-05
41.4 3.72178e-05
41.41 3.38336e-05
41.42 3.03415e-05
41.43 2.67537e-05
41.44 2.30827e-05
41.45 1.93415e-05
41.46 1.55431e-05
41.47 1.17006e-05
41.48 7.82739e-06
41.49 3.93682e-06
41.5 4.2262e-08
41.51 -3.84295e-06
41.52 -7.70557e-06
41.53 -1.15325e-05
41.54 -1.53107e-05
41.55 -1.90275e-05
41.56 -2.26703e-05
41.57 -2.62271e-05
41.58 -2.96859e-05
41.59 -3.30353e-05
41.6 -3.62642e-05
41.61 -3.93619e-05
41.62 -4.23182e-05
41.63 -4.51236e-05
41.64 -4.77688e-05
41.65 -5.02453e-05
41.66 -5.25452e-05
41.67 -5.46609e-05
41.68 -5.65859e-05
41.69 -5.83139e-05
41.7 -5.98395e-05
41.71 -6.1158e-05
41.72 -6.22654e-05
41.73 -6.31583e-05
41.74 -6.38342e-05
41.75 -6.4291e-05
41.76 -6.45278e-05
41.77 -6.45442e-05
41.78 -6.43405e-05
41.79 -6.39178e-05
41.8 -6.32781e-05
41.81 -6.24238e-05
41.82 -6.13585e-05
41.83 -6.00861e-05
41.84 -5.86114e-05
41.85 -5.69399e-05
41.86 -5.50777e-05
41.87 -5.30317e-05
41.88 -5.08092e-05
41.89 -4.84182e-05
41.9 -4.58674e-05
41.91 -4.31659e-05
41.92 -4.03234e-05
41.93 -3.73498e-05
41.94 -3.42559e-05
41.95 -3.10525e-05
41.96 -2.77508e-05
41.97 -2.43626e-05
41.98 -2.08997e-05
41.99 -1.73742e-05
42 -1.37983e-05
42.01 -1.01845e-05
42.02 -6.54527e-06
42.03 -2.89318e-06
42.04 7.5923e-07
42.05 4.39944e-06
42.06 8.01503e-06
42.07 1.15937e-05
42.08 1.51233e-05
42.09 1.85919e-05
42.1 2.19879e-05
42.11 2.52999e-05
42.12 2.85168e-05
42.13 3.16278e-05
42.14 3.46228e-05
42.15 3.74918e-05
42.16 4.02254e-05
42.17 4.28146e-05
42.18 4.5251e-05
42.19 4.75267e-05
42.2 4.96344e-05
42.21 5.15673e-05
42.22 5.33192e-05
42.23 5.48847e-05
42.24 5.62587e-05
42.25 5.74372e-05
42.26 5.84165e-05
42.27 5.91936e-05
42.28 5.97665e-05
42.29 6.01336e-05
42.3 6.0294e-05
42.31 6.02477e-05
42.32 5.99952e-05
42.33 5.95379e-05
42.34 5.88778e-05
42.35 5.80174e-05
42.36 5.69602e-05
42.37 5.57103e-05
42.38 5.42722e-05
42.39 5.26514e-05
42.4 5.08538e-05
42.41 4.88859e-05
42.42 4.67549e-05
42.43 4.44685e-05
42.44 4.20348e-05
42.45 3.94626e-05
42.46 3.6761e-05
42.47 3.39395e-05
42.48 3.10083e-05
42.49 2.79775e-05
42.5 2.48579e-05
42.51 2.16603e-05
42.52 1.8396e-05
42.53 1.50764e-05
42.54 1.17128e-05
42.55 8.31699e-06
42.56 4.90068e-06
42.57 1.4756e-06
42.58 -1.94651e-06
42.59 -5.35395e-06
42.6 -8.73513e-06
42.61 -1.20786e-05
42.62 -1.53729e-05
42.63 -1.86071e-05
42.64 -2.17703e-05
42.65 -2.48519e-05
42.66 -2.78415e-05
42.67 -3.07293e-05
42.68 -3.35057e-05
42.69 -3.61614e-05
42.7 -3.86879e-05
42.71 -4.10767e-05
42.72 -4.33202e-05
42.73 -4.5411e-05
42.74 -4.73423e-05
42.75 -4.9108e-05
42.76 -5.07024e-05
42.77 -5.21205e-05
42.78 -5.33579e-05
42.79 -5.44107e-05
42.8 -5.52758e-05
42.81 -5.59505e-05
42.82 -5.6433e-05
42.83 -5.67221e-05
42.84 -5.68171e-05
42.85 -5.67182e-05
42.86 -5.6426e-05
42.87 -5.59421e-05
42.88 -5.52683e-05
42.89 -5.44076e-05
42.9 -5.33631e-05
42.91 -5.21388e-05
42.92 -5.07395e-05
42.93 -4.91701e-05
42.94 -4.74365e-05
42.95 -4.5545e-05
42.96 -4.35025e-05
42.97 -4.13163e-05
42.98 -3.89943e-05
42.99 -3.65447e-05
43 -3.39762e-05
43.01 -3.12981e-05
43.02 -2.85197e-05
43.03 -2.56509e-05
43.04 -2.27017e-05
43.05 -1.96825e-05
43.06 -1.66038e-05
43.07 -1.34763e-05
43.08 -1.03109e-05
43.09 -7.11852e-06
43.1 -3.91017e-06
43.11 -6.96876e-07
43.12 2.51035e-06
43.13 5.70056e-06
43.14 8.86289e-06
43.15 1.19866e-05
43.16 1.50612e-05
43.17 1.80763e-05
43.18 2.10217e-05
43.19 2.38877e-05
43.2 2.66646e-05
43.21 2.93433e-05
43.22 3.19148e-05
43.23 3.43708e-05
43.24 3.67031e-05
43.25 3.89042e-05
43.26 4.09669e-05
43.27 4.28844e-05
43.28 4.46507e-05
43.29 4.626e-05
43.3 4.77073e-05
43.31 4.8988e-05
43.32 5.00982e-05
43.33 5.10344e-05
43.34 5.17938e-05
43.35 5.23742e-05
43.36 5.27741e-05
43.37 5.29923e-05
43.38 5.30287e-05
43.39 5.28834e-05
43.4 5.25574e-05
43.41 5.2052e-05
43.42 5.13694e-05
43.43 5.05123e-05
43.44 4.94841e-05
43.45 4.82885e-05
43.46 4.69301e-05
43.47 4.54138e-05
43.48 4.37452e-05
43.49 4.19303e-05
43.5 3.99757e-05
43.51 3.78884e-05
43.52 3.56759e-05
43.53 3.3346e-05
43.54 3.09071e-05
43.55 2.83676e-05
43.56 2.57367e-05
43.57 2.30236e-05
43.58 2.02377e-05
43.59 1.73888e-05
43.6 1.44868e-05
43.61 1.15419e-05
43.62 8.56422e-06
43.63 5.56404e-06
43.64 2.55172e-06
43.65 -4.62399e-07
43.66 -3.46799e-06
43.67 -6.45479e-06
43.68 -9.41263e-06
43.69 -1.23315e-05
43.7 -1.52015e-05
43.71 -1.80129e-05
43.72 -2.07564e-05
43.73 -2.34227e-05
43.74 -2.6003e-05
43.75 -2.84886e-05
43.76 -3.08714e-05
43.77 -3.31434e-05
43.78 -3.52972e-05
43.79 -3.73258e-05
43.8 -3.92225e-05
43.81 -4.09813e-05
43.82 -4.25964e-05
43.83 -4.40627e-05
43.84 -4.53756e-05
43.85 -4.65309e-05
43.86 -4.75251e-05
43.87 -4.83551e-05
43.88 -4.90185e-05
43.89 -4.95134e-05
43.9 -4.98385e-05
43.91 -4.9993e-05
43.92 -4.99768e-05
43.93 -4.97903e-05
43.94 -4.94345e-05
43.95 -4.8911e-05
43.96 -4.8222e-05
43.97 -4.73702e-05
43.98 -4.63588e-05
43.99 -4.51918e-05
44 -4.38733e-05
44.01 -4.24083e-05
44.02 -4.08021e-05
44.03 -3.90605e-05
44.04 -3.71899e-05
44.05 -3.51969e-05
44.06 -3.30887e-05
44.07 -3.08727e-05
44.08 -2.85568e-05
44.09 -2.61492e-05
44.1 -2.36584e-05
44.11 -2.10931e-05
44.12 -1.84622e-05
44.13 -1.5775e-05
44.14 -1.30408e-05
44.15 -1.02691e-05
44.16 -7.4695e-06
44.17 -4.6516e-06
44.18 -1.8251e-06
44.19 1.0003e-06
44.2 3.81495e-06
44.21 6.60926e-06
44.22 9.37373e-06
44.23 1.2099e-05
44.24 1.47759e-05
44.25 1.73954e-05
44.26 1.99487e-05
44.27 2.24273e-05
44.28 2.48229e-05
44.29 2.71275e-05
44.3 2.93336e-05
44.31 3.14338e-05
44.32 3.34213e-05
44.33 3.52896e-05
44.34 3.70325e-05
44.35 3.86445e-05
44.36 4.01203e-05
44.37 4.14553e-05
44.38 4.26452e-05
44.39 4.36863e-05
44.4 4.45754e-05
44.41 4.53097e-05
44.42 4.58871e-05
44.43 4.6306e-05
44.44 4.65653e-05
44.45 4.66644e-05
44.46 4.66034e-05
44.47 4.63828e-05
44.48 4.60037e-05
44.49 4.54678e-05
44.5 4.47772e-05
44.51 4.39345e-05
44.52 4.29432e-05
44.53 4.18067e-05
44.54 4.05295e-05
44.55 3.91161e-05
44.56 3.75717e-05
44.57 3.59019e-05
44.58 3.41128e-05
44.59 3.22107e-05
44.6 3.02024e-05
44.61 2.80951e-05
44.62 2.58962e-05
44.63 2.36136e-05
44.64 2.12551e-05
44.65 1.88292e-05
44.66 1.63443e-05
44.67 1.3809e-05
44.68 1.12323e-05
44.69 8.62291e-06
44.7 5.99e-06
44.71 3.34261e-06
44.72 6.89826e-07
44.73 -1.95925e-06
44.74 -4.59558e-06
44.75 -7.21017e-06
44.76 -9.79415e-06
44.77 -1.23388e-05
44.78 -1.48355e-05
44.79 -1.72758e-05
44.8 -1.96517e-05
44.81 -2.19551e-05
44.82 -2.41783e-05
44.83 -2.63141e-05
44.84 -2.83553e-05
44.85 -3.02953e-05
44.86 -3.21277e-05
44.87 -3.38464e-05
44.88 -3.5446e-05
44.89 -3.69212e-05
44.9 -3.82674e-05
44.91 -3.94802e-05
44.92 -4.05558e-05
44.93 -4.14909e-05
44.94 -4.22827e-05
44.95 -4.29286e-05
44.96 -4.3427e-05
44.97 -4.37763e-05
44.98 -4.39757e-05
44.99 -4.40249e-05
45 -4.39241e-05
45.01 -4.36738e-05
45.02 -4.32754e-05
45.03 -4.27304e-05
45.04 -4.20411e-05
45.05 -4.12101e-05
45.06 -4.02405e-05
45.07 -3.91361e-05
45.08 -3.79008e-05
45.09 -3.65392e-05
45.1 -3.50563e-05
45.11 -3.34573e-05
45.12 -3.17481e-05
45.13 -2.99348e-05
45.14 -2.80237e-05
45.15 -2.60217e-05
45.16 -2.39359e-05
45.17 -2.17735e-05
45.18 -1.95423e-05
45.19 -1.72499e-05
45.2 -1.49045e-05
45.21 -1.25141e-05
45.22 -1.00871e-05
45.23 -7.63194e-06
45.24 -5.15699e-06
45.25 -2.67082e-06
45.26 -1.81958e-07
45.27 2.30107e-06
45.28 4.76978e-06
45.29 7.21577e-06
45.3 9.63074e-06
45.31 1.20065e-05
45.32 1.43351e-05
45.33 1.66086e-05
45.34 1.88194e-05
45.35 2.09602e-05
45.36 2.30238e-05
45.37 2.50034e-05
45.38 2.68923e-05
45.39 2.86845e-05
45.4 3.0374e-05
45.41 3.19553e-05
45.42 3.34232e-05
45.43 3.47731e-05
45.44 3.60006e-05
45.45 3.71019e-05
45.46 3.80733e-05
45.47 3.8912e-05
45.48 3.96154e-05
45.49 4.01814e-05
45.5 4.06083e-05
45.51 4.0895e-05
45.52 4.1041e-05
45.53 4.10458e-05
45.54 4.091e-05
45.55 4.06342e-05
45.56 4.02197e-05
45.57 3.96683e-05
45.58 3.89821e-05
45.59 3.81638e-05
45.6 3.72165e-05
45.61 3.61437e-05
45.62 3.49493e-05
45.63 3.36378e-05
45.64 3.2214e-05
45.65 3.06828e-05
45.66 2.90499e-05
45.67 2.73211e-05
45.68 2.55025e-05
45.69 2.36006e-05
45.7 2.1622e-05
45.71 1.95738e-05
45.72 1.74631e-05
45.73 1.52973e-05
45.74 1.3084e-05
45.75 1.08308e-05
45.76 8.54564e-06
45.77 6.2363e-06
45.78 3.91078e-06
45.79 1.57708e-06
45.8 -7.56812e-07
45.81 -3.08291e-06
45.82 -5.39329e-06
45.83 -7.68011e-06
45.84 -9.9356e-06
45.85 -1.21522e-05
45.86 -1.43223e-05
45.87 -1.64388e-05
45.88 -1.84944e-05
45.89 -2.04825e-05
45.9 -2.23963e-05
45.91 -2.42294e-05
45.92 -2.5976e-05
45.93 -2.76301e-05
45.94 -2.91865e-05
45.95 -3.06399e-05
45.96 -3.19857e-05
45.97 -3.32197e-05
45.98 -3.43377e-05
45.99 -3.53363e-05
46 -3.62123e-05
46.01 -3.69631e-05
46.02 -3.75863e-05
46.03 -3.80801e-05
46.04 -3.84431e-05
46.05 -3.86744e-05
46.06 -3.87734e-05
46.07 -3.87401e-05
46.08 -3.8575e-05
46.09 -3.82788e-05
46.1 -3.78529e-05
46.11 -3.7299e-05
46.12 -3.66193e-05
46.13 -3.58164e-05
46.14 -3.48933e-05
46.15 -3.38535e-05
46.16 -3.27008e-05
46.17 -3.14393e-05
46.18 -3.00737e-05
46.19 -2.86088e-05
46.2 -2.705e-05
46.21 -2.54027e-05
46.22 -2.36729e-05
46.23 -2.18667e-05
46.24 -1.99903e-05
46.25 -1.80505e-05
46.26 -1.60541e-05
46.27 -1.40079e-05
46.28 -1.19192e-05
46.29 -9.79523e-06
46.3 -7.64329e-06
46.31 -5.47086e-06
46.32 -3.28541e-06
46.33 -1.09446e-06
46.34 1.09449e-06
46.35 3.27395e-06
46.36 5.43649e-06
46.37 7.57477e-06
46.38 9.68154e-06
46.39 1.17497e-05
46.4 1.37722e-05
46.41 1.57424e-05
46.42 1.76536e-05
46.43 1.94995e-05
46.44 2.12739e-05
46.45 2.29709e-05
46.46 2.45849e-05
46.47 2.61107e-05
46.48 2.75433e-05
46.49 2.8878e-05
46.5 3.01104e-05
46.51 3.12367e-05
46.52 3.22532e-05
46.53 3.31567e-05
46.54 3.39444e-05
46.55 3.46139e-05
46.56 3.51632e-05
46.57 3.55907e-05
46.58 3.58951e-05
46.59 3.60758e-05
46.6 3.61324e-05
46.61 3.6065e-05
46.62 3.5874e-05
46.63 3.55605e-05
46.64 3.51257e-05
46.65 3.45715e-05
46.66 3.38999e-05
46.67 3.31136e-05
46.68 3.22155e-05
46.69 3.12089e-05
46.7 3.00975e-05
46.71 2.88853e-05
46.72 2.75768e-05
46.73 2.61766e-05
46.74 2.46898e-05
46.75 2.31216e-05
46.76 2.14775e-05
46.77 1.97635e-05
46.78 1.79855e-05
46.79 1.61498e-05
46.8 1.42627e-05
46.81 1.23309e-05
46.82 1.03612e-05
46.83 8.36022e-06
46.84 6.33503e-06
46.85 4.29258e-06
46.86 2.2399e-06
46.87 1.84034e-07
46.88 -1.86798e-06
46.89 -3.90913e-06
46.9 -5.93247e-06
46.91 -7.93113e-06
46.92 -9.89834e-06
46.93 -1.18275e-05
46.94 -1.3712e-05
46.95 -1.55456e-05
46.96 -1.73222e-05
46.97 -1.90358e-05
46.98 -2.06807e-05
46.99 -2.22515e-05
47 -2.3743e-05
47.01 -2.51503e-05
47.02 -2.64688e-05
47.03 -2.76942e-05
47.04 -2.88225e-05
47.05 -2.98502e-05
47.06 -3.07739e-05
47.07 -3.15908e-05
47.08 -3.22982e-05
47.09 -3.28941e-05
47.1 -3.33767e-05
47.11 -3.37445e-05
47.12 -3.39966e-05
47.13 -3.41323e-05
47.14 -3.41516e-05
47.15 -3.40545e-05
47.16 -3.38417e-05
47.17 -3.35141e-05
47.18 -3.30732e-05
47.19 -3.25207e-05
47.2 -3.18587e-05
47.21 -3.10899e-05
47.22 -3.02169e-05
47.23 -2.92432e-05
47.24 -2.81721e-05
47.25 -2.70077e-05
47.26 -2.57542e-05
47.27 -2.4416e-05
47.28 -2.29979e-05
47.29 -2.15049e-05
47.3 -1.99424e-05
47.31 -1.83159e-05
47.32 -1.66311e-05
47.33 -1.48938e-05
47.34 -1.31103e-05
47.35 -1.12866e-05
47.36 -9.42918e-06
47.37 -7.54441e-06
47.38 -5.63881e-06
47.39 -3.71896e-06
47.4 -1.79146e-06
47.41 1.37091e-07
47.42 2.06009e-06
47.43 3.97099e-06
47.44 5.86329e-06
47.45 7.73057e-06
47.46 9.56652e-06
47.47 1.13649e-05
47.48 1.31198e-05
47.49 1.48252e-05
47.5 1.64754e-05
47.51 1.80651e-05
47.52 1.95887e-05
47.53 2.10415e-05
47.54 2.24184e-05
47.55 2.37152e-05
47.56 2.49274e-05
47.57 2.60512e-05
47.58 2.70829e-05
47.59 2.80193e-05
47.6 2.88573e-05
47.61 2.95943e-05
47.62 3.02282e-05
47.63 3.07568e-05
47.64 3.11787e-05
47.65 3.14926e-05
47.66 3.16978e-05
47.67 3.17937e-05
47.68 3.17803e-05
47.69 3.16579e-05
47.7 3.14271e-05
47.71 3.10891e-05
47.72 3.06451e-05
47.73 3.00969e-05
47.74 2.94466e-05
47.75 2.86968e-05
47.76 2.78501e-05
47.77 2.69098e-05
47.78 2.58792e-05
47.79 2.4762e-05
47.8 2.35624e-05
47.81 2.22845e-05
47.82 2.0933e-05
47.83 1.95127e-05
47.84 1.80286e-05
47.85 1.64858e-05
47.86 1.48899e-05
47.87 1.32465e-05
47.88 1.15612e-05
47.89 9.83992e-06
47.9 8.08869e-06
47.91 6.31355e-06
47.92 4.52064e-06
47.93 2.71611e-06
47.94 9.06195e-07
47.95 -9.02921e-07
47.96 -2.70505e-06
47.97 -4.49405e-06
47.98 -6.26383e-06
47.99 -8.0084e-06
48 -9.72186e-06
48.01 -1.13984e-05
48.02 -1.30325e-05
48.03 -1.46185e-05
48.04 -1.61513e-05
48.05 -1.76256e-05
48.06 -1.90366e-05
48.07 -2.03797e-05
48.08 -2.16505e-05
48.09 -2.28447e-05
48.1 -2.39584e-05
48.11 -2.49882e-05
48.12 -2.59305e-05
48.13 -2.67826e-05
48.14 -2.75415e-05
48.15 -2.82051e-05
48.16 -2.87711e-05
48.17 -2.9238e-05
48.18 -2.96044e-05
48.19 -2.98692e-05
48.2 -3.00318e-05
48.21 -3.00918e-05
48.22 -3.00493e-05
48.23 -2.99046e-05
48.24 -2.96586e-05
48.25 -2.93122e-05
48.26 -2.88669e-05
48.27 -2.83244e-05
48.28 -2.76868e-05
48.29 -2.69565e-05
48.3 -2.61362e-05
48.31 -2.52289e-05
48.32 -2.4238e-05
48.33 -2.31669e-05
48.34 -2.20196e-05
48.35 -2.08002e-05
48.36 -1.9513e-05
48.37 -1.81626e-05
48.38 -1.67537e-05
48.39 -1.52912e-05
48.4 -1.37805e-05
48.41 -1.22266e-05
48.42 -1.0635e-05
48.43 -9.01135e-06
48.44 -7.36117e-06
48.45 -5.69019e-06
48.46 -4.00417e-06
48.47 -2.30893e-06
48.48 -6.10271e-07
48.49 1.08598e-06
48.5 2.77404e-06
48.51 4.44816e-06
48.52 6.10264e-06
48.53 7.73189e-06
48.54 9.3304e-06
48.55 1.08928e-05
48.56 1.24138e-05
48.57 1.38883e-05
48.58 1.53115e-05
48.59 1.66785e-05
48.6 1.79848e-05
48.61 1.92262e-05
48.62 2.03985e-05
48.63 2.14979e-05
48.64 2.25208e-05
48.65 2.3464e-05
48.66 2.43243e-05
48.67 2.5099e-05
48.68 2.57857e-05
48.69 2.63822e-05
48.7 2.68868e-05
48.71 2.72979e-05
48.72 2.76142e-05
48.73 2.7835e-05
48.74 2.79598e-05
48.75 2.79882e-05
48.76 2.79205e-05
48.77 2.7757e-05
48.78 2.74986e-05
48.79 2.71464e-05
48.8 2.67018e-05
48.81 2.61665e-05
48.82 2.55425e-05
48.83 2.48322e-05
48.84 2.40383e-05
48.85 2.31636e-05
48.86 2.22113e-05
48.87 2.11849e-05
48.88 2.0088e-05
48.89 1.89246e-05
48.9 1.76989e-05
48.91 1.6415e-05
48.92 1.50777e-05
48.93 1.36915e-05
48.94 1.22614e-05
48.95 1.07923e-05
48.96 9.28944e-06
48.97 7.75793e-06
48.98 6.20312e-06
48.99 4.63038e-06
49 3.04513e-06
49.01 1.45283e-06
49.02 -1.41073e-07
49.03 -1.73112e-06
49.04 -3.31189e-06
49.05 -4.87801e-06
49.06 -6.42415e-06
49.07 -7.9451e-06
49.08 -9.43571e-06
49.09 -1.0891e-05
49.1 -1.2306e-05
49.11 -1.36761e-05
49.12 -1.49966e-05
49.13 -1.62632e-05
49.14 -1.74717e-05
49.15 -1.86181e-05
49.16 -1.96986e-05
49.17 -2.07097e-05
49.18 -2.16481e-05
49.19 -2.25109e-05
49.2 -2.32951e-05
49.21 -2.39984e-05
49.22 -2.46184e-05
49.23 -2.51534e-05
49.24 -2.56016e-05
49.25 -2.59617e-05
49.26 -2.62328e-05
49.27 -2.6414e-05
49.28 -2.65049e-05
49.29 -2.65056e-05
49.3 -2.64161e-05
49.31 -2.62369e-05
49.32 -2.5969e-05
49.33 -2.56133e-05
49.34 -2.51714e-05
49.35 -2.46449e-05
49.36 -2.40358e-05
49.37 -2.33465e-05
49.38 -2.25793e-05
49.39 -2.17372e-05
49.4 -2.08233e-05
49.41 -1.98407e-05
49.42 -1.8793e-05
49.43 -1.76839e-05
49.44 -1.65175e-05
49.45 -1.52978e-05
49.46 -1.40291e-05
49.47 -1.27158e-05
49.48 -1.13627e-05
49.49 -9.97431e-06
49.5 -8.55558e-06
49.51 -7.11142e-06
49.52 -5.64681e-06
49.53 -4.16683e-06
49.54 -2.67657e-06
49.55 -1.18115e-06
49.56 3.14299e-07
49.57 1.80467e-06
49.58 3.28487e-06
49.59 4.74987e-06
49.6 6.19471e-06
49.61 7.61448e-06
49.62 9.00441e-06
49.63 1.03598e-05
49.64 1.16761e-05
49.65 1.2949e-05
49.66 1.41741e-05
49.67 1.53475e-05
49.68 1.64652e-05
49.69 1.75235e-05
49.7 1.8519e-05
49.71 1.94485e-05
49.72 2.03088e-05
49.73 2.10973e-05
49.74 2.18114e-05
49.75 2.24488e-05
49.76 2.30076e-05
49.77 2.34861e-05
49.78 2.38827e-05
49.79 2.41963e-05
49.8 2.44261e-05
49.81 2.45715e-05
49.82 2.46321e-05
49.83 2.46079e-05
49.84 2.44992e-05
49.85 2.43067e-05
49.86 2.40311e-05
49.87 2.36735e-05
49.88 2.32355e-05
49.89 2.27186e-05
49.9 2.21248e-05
49.91 2.14564e-05
49.92 2.07158e-05
49.93 1.99056e-05
49.94 1.90289e-05
49.95 1.80888e-05
49.96 1.70886e-05
49.97 1.60319e-05
49.98 1.49224e-05
49.99 1.37641e-05
