0.01 -4.95911e-07
0.02 -4.91795e-07
0.03 -4.89266e-07
0.04 -5.14447e-07
0.05 -6.15503e-07
0.06 -8.37271e-07
0.07 -1.18707e-06
0.08 -1.62304e-06
0.09 -2.07903e-06
0.1 -2.50829e-06
0.11 -2.91382e-06
0.12 -3.34551e-06
0.13 -3.87072e-06
0.14 -4.54034e-06
0.15 -5.37038e-06
0.16 -6.34444e-06
0.17 -7.42947e-06
0.18 -8.59279e-06
0.19 -9.81263e-06
0.2 -1.10819e-05
0.21 -1.24082e-05
0.22 -1.38105e-05
0.23 -1.53131e-05
0.24 -1.69367e-05
0.25 -1.86903e-05
0.26 -2.05691e-05
0.27 -2.25545e-05
0.28 -2.46179e-05
0.29 -2.67288e-05
0.3 -2.88646e-05
0.31 -3.10185e-05
0.32 -3.31936e-05
0.33 -3.53892e-05
0.34 -3.75896e-05
0.35 -3.97678e-05
0.36 -4.18985e-05
0.37 -4.39678e-05
0.38 -4.59717e-05
0.39 -4.79087e-05
0.4 -4.97785e-05
0.41 -5.15907e-05
0.42 -5.33703e-05
0.43 -5.51472e-05
0.44 -5.69276e-05
0.45 -5.86662e-05
0.46 -6.02636e-05
0.47 -6.16008e-05
0.48 -6.25944e-05
0.49 -6.32446e-05
0.5 -6.36439e-05
0.51 -6.39326e-05
0.52 -6.42184e-05
0.53 -6.45089e-05
0.54 -6.47124e-05
0.55 -6.47119e-05
0.56 -6.44579e-05
0.57 -6.40114e-05
0.58 -6.35008e-05
0.59 -6.30223e-05
0.6 -6.25527e-05
0.61 -6.19347e-05
0.62 -6.09522e-05
0.63 -5.94617e-05
0.64 -5.75078e-05
0.65 -5.53389e-05
0.66 -5.32906e-05
0.67 -5.15983e-05
0.68 -5.02699e-05
0.69 -4.91118e-05
0.7 -4.78728e-05
0.71 -4.63827e-05
0.72 -4.45949e-05
0.73 -4.25447e-05
0.74 -4.02948e-05
0.75 -3.79169e-05
0.76 -3.54977e-05
0.77 -3.3128e-05
0.78 -3.08603e-05
0.79 -2.86755e-05
0.8 -2.65063e-05
0.81 -2.43023e-05
0.82 -2.20777e-05
0.83 -1.98991e-05
0.84 -1.78306e-05
0.85 -1.58897e-05
0.86 -1.40443e-05
0.87 -1.22419e-05
0.88 -1.04474e-05
0.89 -8.66179e-06
0.9 -6.90777e-06
0.91 -5.18699e-06
0.92 -3.44878e-06
0.93 -1.60316e-06
0.94 4.23824e-07
0.95 2.63128e-06
0.96 4.91661e-06
0.97 7.07954e-06
0.98 8.84728e-06
0.99 9.95577e-06
1 1.03249e-05
1.01 1.02395e-05
1.02 1.03296e-05
1.03 1.12535e-05
1.04 1.32691e-05
1.05 1.6033e-05
1.06 1.88116e-05
1.07 2.09499e-05
1.08 2.22486e-05
1.09 2.2996e-05
1.1 2.36889e-05
1.11 2.46883e-05
1.12 2.60533e-05
1.13 2.76082e-05
1.14 2.91188e-05
1.15 3.04149e-05
1.16 3.14125e-05
1.17 3.20951e-05
1.18 3.25107e-05
1.19 3.27632e-05
1.2 3.29646e-05
1.21 3.31878e-05
1.22 3.34943e-05
1.23 3.40223e-05
1.24 3.501e-05
1.25 3.66545e-05
1.26 3.88796e-05
1.27 4.12273e-05
1.28 4.30304e-05
1.29 4.3794e-05
1.3 4.35157e-05
1.31 4.26856e-05
1.32 4.19581e-05
1.33 4.17436e-05
1.34 4.20054e-05
1.35 4.23563e-05
1.36 4.23342e-05
1.37 4.16726e-05
1.38 4.04497e-05
1.39 3.90846e-05
1.4 3.81837e-05
1.41 3.82588e-05
1.42 3.9414e-05
1.43 4.11791e-05
1.44 4.26619e-05
1.45 4.3016e-05
1.46 4.19677e-05
1.47 4.00143e-05
1.48 3.80976e-05
1.49 3.69625e-05
1.5 3.66888e-05
1.51 3.67492e-05
1.52 3.65091e-05
1.53 3.5758e-05
1.54 3.48728e-05
1.55 3.45209e-05
1.56 3.51552e-05
1.57 3.66875e-05
1.58 3.855e-05
1.59 4.00467e-05
1.6 4.07018e-05
1.61 4.03849e-05
1.62 3.92338e-05
1.63 3.7536e-05
1.64 3.56679e-05
1.65 3.4048e-05
1.66 3.30337e-05
1.67 3.27838e-05
1.68 3.3183e-05
1.69 3.38872e-05
1.7 3.44591e-05
1.71 3.4509e-05
1.72 3.37993e-05
1.73 3.23207e-05
1.74 3.03303e-05
1.75 2.82813e-05
1.76 2.6594e-05
1.77 2.53529e-05
1.78 2.41584e-05
1.79 2.23183e-05
1.8 1.93243e-05
1.81 1.52746e-05
1.82 1.08702e-05
1.83 6.92923e-06
1.84 3.7829e-06
1.85 1.04862e-06
1.86 -2.03761e-06
1.87 -6.01765e-06
1.88 -1.08255e-05
1.89 -1.58807e-05
1.9 -2.05118e-05
1.91 -2.43658e-05
1.92 -2.75717e-05
1.93 -3.06258e-05
1.94 -3.40934e-05
1.95 -3.82917e-05
1.96 -4.31221e-05
1.97 -4.81171e-05
1.98 -5.26435e-05
1.99 -5.61417e-05
2 -5.831e-05
2.01 -5.91988e-05
2.02 -5.92096e-05
2.03 -5.89752e-05
2.04 -5.90885e-05
2.05 -5.97629e-05
2.06 -6.06762e-05
2.07 -6.12075e-05
2.08 -6.0937e-05
2.09 -5.99638e-05
2.1 -5.87012e-05
2.11 -5.73222e-05
2.12 -5.54185e-05
2.13 -5.22463e-05
2.14 -4.73585e-05
2.15 -4.10686e-05
2.16 -3.43646e-05
2.17 -2.83582e-05
2.18 -2.36424e-05
2.19 -1.99202e-05
2.2 -1.61097e-05
2.21 -1.09391e-05
2.22 -3.80375e-06
2.23 4.60807e-06
2.24 1.24726e-05
2.25 1.78919e-05
2.26 2.022e-05
2.27 2.06394e-05
2.28 2.14681e-05
2.29 2.46624e-05
2.3 3.05779e-05
2.31 3.78056e-05
2.32 4.40938e-05
2.33 4.76511e-05
2.34 4.80003e-05
2.35 4.59969e-05
2.36 4.32116e-05
2.37 4.11399e-05
2.38 4.05801e-05
2.39 4.13391e-05
2.4 4.23665e-05
2.41 4.23282e-05
2.42 4.03779e-05
2.43 3.66766e-05
2.44 3.2314e-05
2.45 2.86736e-05
2.46 2.6651e-05
2.47 2.62156e-05
2.48 2.65398e-05
2.49 2.65376e-05
2.5 2.54576e-05
2.51 2.32578e-05
2.52 2.06519e-05
2.53 1.8816e-05
2.54 1.88167e-05
2.55 2.09866e-05
2.56 2.46166e-05
2.57 2.82595e-05
2.58 3.05558e-05
2.59 3.10939e-05
2.6 3.07453e-05
2.61 3.12414e-05
2.62 3.42289e-05
2.63 4.03309e-05
2.64 4.87334e-05
2.65 5.75503e-05
2.66 6.48133e-05
2.67 6.95358e-05
2.68 7.21768e-05
2.69 7.41931e-05
2.7 7.70213e-05
2.71 8.12239e-05
2.72 8.63061e-05
2.73 9.11573e-05
2.74 9.47093e-05
2.75 9.64293e-05
2.76 9.64461e-05
2.77 9.52805e-05
2.78 9.33505e-05
2.79 9.058e-05
2.8 8.64013e-05
2.81 8.01681e-05
2.82 7.16967e-05
2.83 6.15413e-05
2.84 5.07716e-05
2.85 4.03652e-05
2.86 3.06401e-05
2.87 2.11571e-05
2.88 1.11488e-05
2.89 7.39083e-08
2.9 -1.21681e-05
2.91 -2.54495e-05
2.92 -3.97164e-05
2.93 -5.50046e-05
2.94 -7.11378e-05
2.95 -8.74316e-05
2.96 -0.000102761
2.97 -0.000116045
2.98 -0.000126811
2.99 -0.000135412
3 -0.000142677
3.01 -0.000149234
3.02 -0.000154991
3.03 -0.000159179
3.04 -0.000160901
3.05 -0.000159812
3.06 -0.000156394
3.07 -0.000151674
3.08 -0.000146554
3.09 -0.000141236
3.1 -0.000135052
3.11 -0.000126791
3.12 -0.0001153
3.13 -0.000100096
3.14 -8.1709e-05
3.15 -6.15809e-05
3.16 -4.15236e-05
3.17 -2.29666e-05
3.18 -6.36436e-06
3.19 8.93575e-06
3.2 2.43156e-05
3.21 4.11941e-05
3.22 6.03229e-05
3.23 8.13685e-05
3.24 0.000102986
3.25 0.000123384
3.26 0.000141096
3.27 0.000155523
3.28 0.00016698
3.29 0.000176284
3.3 0.000184203
3.31 0.000191058
3.32 0.000196649
3.33 0.000200441
3.34 0.000201868
3.35 0.000200606
3.36 0.000196681
3.37 0.000190374
3.38 0.000182011
3.39 0.000171803
3.4 0.00015986
3.41 0.000146325
3.42 0.000131495
3.43 0.000115817
3.44 9.97647e-05
3.45 8.36351e-05
3.46 6.73852e-05
3.47 5.06196e-05
3.48 3.27832e-05
3.49 1.34938e-05
3.5 -7.16679e-06
3.51 -2.85742e-05
3.52 -4.97485e-05
3.53 -6.97149e-05
3.54 -8.78526e-05
3.55 -0.000104069
3.56 -0.000118735
3.57 -0.000132405
3.58 -0.000145413
3.59 -0.000157568
3.6 -0.00016821
3.61 -0.000176669
3.62 -0.000182712
3.63 -0.000186578
3.64 -0.000188574
3.65 -0.000188691
3.66 -0.000186662
3.67 -0.000182383
3.68 -0.000176267
3.69 -0.000169158
3.7 -0.000161873
3.71 -0.000154737
3.72 -0.000147508
3.73 -0.000139668
3.74 -0.000130783
3.75 -0.000120589
3.76 -0.000108823
3.77 -9.50978e-05
3.78 -7.91067e-05
3.79 -6.10193e-05
3.8 -4.1666e-05
3.81 -2.22284e-05
3.82 -3.61913e-06
3.83 1.39526e-05
3.84 3.08683e-05
3.85 4.75614e-05
3.86 6.40617e-05
3.87 8.00476e-05
3.88 9.53319e-05
3.89 0.000110275
3.9 0.00012566
3.91 0.000142075
3.92 0.000159359
3.93 0.000176632
3.94 0.000192915
3.95 0.000207863
3.96 0.000222015
3.97 0.000236387
3.98 0.000251631
3.99 0.000267373
4 0.000282223
4.01 0.000294591
4.02 0.000303774
4.03 0.00031053
4.04 0.000316677
4.05 0.000323989
4.06 0.000333149
4.07 0.000343435
4.08 0.000353248
4.09 0.000361038
4.1 0.000366068
4.11 0.000368685
4.12 0.000370042
4.13 0.000371472
4.14 0.000373809
4.15 0.00037698
4.16 0.00038007
4.17 0.000381777
4.18 0.00038105
4.19 0.000377532
4.2 0.000371528
4.21 0.000363466
4.22 0.000353269
4.23 0.000340204
4.24 0.000323408
4.25 0.000302722
4.26 0.000279143
4.27 0.00025451
4.28 0.00023065
4.29 0.000208522
4.3 0.0001879
4.31 0.000167708
4.32 0.000146707
4.33 0.000123993
4.34 9.89723e-05
4.35 7.1031e-05
4.36 3.9468e-05
4.37 3.9183e-06
4.38 -3.51036e-05
4.39 -7.6151e-05
4.4 -0.000117491
4.41 -0.00015805
4.42 -0.000197978
4.43 -0.000238414
4.44 -0.000280553
4.45 -0.000324529
4.46 -0.00036877
4.47 -0.000410333
4.48 -0.000446151
4.49 -0.000474465
4.5 -0.000495526
4.51 -0.000511192
4.52 -0.000523857
4.53 -0.000535473
4.54 -0.000547044
4.55 -0.000558424
4.56 -0.000568198
4.57 -0.000573898
4.58 -0.000572903
4.59 -0.000563937
4.6 -0.000548277
4.61 -0.000529687
4.62 -0.000512855
4.63 -0.000501246
4.64 -0.000495713
4.65 -0.000494552
4.66 -0.000494691
4.67 -0.000493056
4.68 -0.000487391
4.69 -0.000476478
4.7 -0.000460173
4.71 -0.000439512
4.72 -0.000416618
4.73 -0.000394046
4.74 -0.000373636
4.75 -0.000355469
4.76 -0.000337553
4.77 -0.00031649
4.78 -0.000288918
4.79 -0.000253185
4.8 -0.000210524
4.81 -0.0001651
4.82 -0.000122585
4.83 -8.76544e-05
4.84 -6.14929e-05
4.85 -4.07745e-05
4.86 -1.88845e-05
4.87 1.10811e-05
4.88 5.30784e-05
4.89 0.000106293
4.9 0.000165552
4.91 0.00022364
4.92 0.000274329
4.93 0.000314792
4.94 0.000346475
4.95 0.000374293
4.96 0.000404613
4.97 0.000442842
4.98 0.000491443
4.99 0.000549034
5 0.000610912
5.01 0.000670842
5.02 0.000723385
5.03 0.000765752
5.04 0.000798334
5.05 0.000823756
5.06 0.000845006
5.07 0.000863709
5.08 0.000879474
5.09 0.0008906
5.1 0.000895592
5.11 0.000894412
5.12 0.000888707
5.13 0.000880949
5.14 0.000873131
5.15 0.000865813
5.16 0.000858015
5.17 0.000847884
5.18 0.000833732
5.19 0.000814845
5.2 0.00079173
5.21 0.000765762
5.22 0.000738537
5.23 0.000711154
5.24 0.000683546
5.25 0.000654076
5.26 0.000619806
5.27 0.000577642
5.28 0.000525905
5.29 0.000465355
5.3 0.000398931
5.31 0.000330221
5.32 0.000261399
5.33 0.00019166
5.34 0.000117043
5.35 3.18587e-05
5.36 -6.88234e-05
5.37 -0.000186714
5.38 -0.000318945
5.39 -0.000458503
5.4 -0.000596394
5.41 -0.000724582
5.42 -0.000838288
5.43 -0.000936601
5.44 -0.0010213
5.45 -0.00109459
5.46 -0.0011568
5.47 -0.00120545
5.48 -0.00123664
5.49 -0.00124829
5.5 -0.00124283
5.51 -0.00122714
5.52 -0.00120991
5.53 -0.00119806
5.54 -0.00119454
5.55 -0.00119814
5.56 -0.0012052
5.57 -0.0012122
5.58 -0.00121774
5.59 -0.00122288
5.6 -0.00122957
5.61 -0.00123819
5.62 -0.0012458
5.63 -0.00124633
5.64 -0.00123295
5.65 -0.0012014
5.66 -0.00115245
5.67 -0.00109193
5.68 -0.00102849
5.69 -0.000970312
5.7 -0.000922344
5.71 -0.000884861
5.72 -0.000853572
5.73 -0.000821217
5.74 -0.000780313
5.75 -0.000726021
5.76 -0.000657721
5.77 -0.000578473
5.78 -0.000492926
5.79 -0.000405054
5.8 -0.000316861
5.81 -0.00022823
5.82 -0.00013758
5.83 -4.28732e-05
5.84 5.73317e-05
5.85 0.000163157
5.86 0.000273402
5.87 0.000386345
5.88 0.000500867
5.89 0.000617069
5.9 0.000735821
5.91 0.000857485
5.92 0.000980442
5.93 0.00109986
5.94 0.00120717
5.95 0.00129122
5.96 0.00134196
5.97 0.00135542
5.98 0.00133687
5.99 0.00129946
6 0.00125889
6.01 0.00122695
6.02 0.00120733
6.03 0.00119549
6.04 0.0011822
6.05 0.00115884
6.06 0.00112183
6.07 0.00107425
6.08 0.00102424
6.09 0.000981054
6.1 0.000951021
6.11 0.000935125
6.12 0.00092926
6.13 0.000926686
6.14 0.000921342
6.15 0.000910483
6.16 0.000895679
6.17 0.000881958
6.18 0.00087549
6.19 0.000880702
6.2 0.000897971
6.21 0.000922901
6.22 0.000947621
6.23 0.000963683
6.24 0.000965465
6.25 0.000952592
6.26 0.000930155
6.27 0.000906449
6.28 0.000889254
6.29 0.00088254
6.3 0.000885159
6.31 0.000891794
6.32 0.000895133
6.33 0.000888009
6.34 0.000865036
6.35 0.000823941
6.36 0.000766391
6.37 0.000697585
6.38 0.000624236
6.39 0.000551717
6.4 0.000481863
6.41 0.000412428
6.42 0.000338089
6.43 0.000252252
6.44 0.000149117
6.45 2.56432e-05
6.46 -0.000117037
6.47 -0.000273468
6.48 -0.000435616
6.49 -0.000596268
6.5 -0.000752432
6.51 -0.000906415
6.52 -0.00106373
6.53 -0.0012292
6.54 -0.00140311
6.55 -0.00157825
6.56 -0.00173909
6.57 -0.00186556
6.58 -0.00194151
6.59 -0.00196294
6.6 -0.00193965
6.61 -0.00188967
6.62 -0.00183134
6.63 -0.00177761
6.64 -0.00173392
6.65 -0.00169895
6.66 -0.00166805
6.67 -0.00163788
6.68 -0.00160979
6.69 -0.00158933
6.7 -0.00158192
6.71 -0.00158777
6.72 -0.00159984
6.73 -0.00160625
6.74 -0.00159573
6.75 -0.00156262
6.76 -0.00150874
6.77 -0.0014416
6.78 -0.00137081
6.79 -0.00130494
6.8 -0.00125008
6.81 -0.00120932
6.82 -0.00118236
6.83 -0.00116499
6.84 -0.0011494
6.85 -0.00112629
6.86 -0.00108801
6.87 -0.00103136
6.88 -0.000958348
6.89 -0.000874782
6.9 -0.000787528
6.91 -0.000702014
6.92 -0.000620817
6.93 -0.00054344
6.94 -0.000466867
6.95 -0.000386576
6.96 -0.000297944
6.97 -0.000197885
6.98 -8.6218e-05
6.99 3.39835e-05
7 0.00015752
7.01 0.000279472
7.02 0.000397783
7.03 0.00051439
7.04 0.000633861
7.05 0.00076021
7.06 0.000893986
7.07 0.00103112
7.08 0.00116313
7.09 0.00127786
7.1 0.0013618
7.11 0.00140494
7.12 0.00140675
7.13 0.00137851
7.14 0.00133966
7.15 0.00130999
7.16 0.00130224
7.17 0.00131842
7.18 0.00135052
7.19 0.00138465
7.2 0.00140695
7.21 0.00140886
7.22 0.00138968
7.23 0.0013555
7.24 0.00131538
7.25 0.00127711
7.26 0.00124467
7.27 0.00121792
7.28 0.00119409
7.29 0.00116981
7.3 0.00114247
7.31 0.00111085
7.32 0.00107517
7.33 0.00103696
7.34 0.000998584
7.35 0.000962561
7.36 0.000930526
7.37 0.000902357
7.38 0.00087587
7.39 0.000847371
7.4 0.000812869
7.41 0.00076945
7.42 0.000716206
7.43 0.000654329
7.44 0.00058645
7.45 0.000515506
7.46 0.000443412
7.47 0.000369874
7.48 0.000291923
7.49 0.000204747
7.5 0.00010384
7.51 -1.24759e-05
7.52 -0.000141567
7.53 -0.000276986
7.54 -0.000410771
7.55 -0.00053623
7.56 -0.000649589
7.57 -0.000749821
7.58 -0.000837505
7.59 -0.000913976
7.6 -0.000980836
7.61 -0.00103886
7.62 -0.00108646
7.63 -0.00111961
7.64 -0.00113453
7.65 -0.00113143
7.66 -0.00111575
7.67 -0.00109606
7.68 -0.00108012
7.69 -0.00107182
7.7 -0.00107044
7.71 -0.0010719
7.72 -0.00107119
7.73 -0.0010647
7.74 -0.00105132
7.75 -0.00103229
7.76 -0.00101022
7.77 -0.000988105
7.78 -0.000968747
7.79 -0.000954336
7.8 -0.000945663
7.81 -0.000941168
7.82 -0.000936703
7.83 -0.000926754
7.84 -0.000906856
7.85 -0.000875901
7.86 -0.000836821
7.87 -0.000795063
7.88 -0.000755649
7.89 -0.000720523
7.9 -0.000687681
7.91 -0.00065247
7.92 -0.00061007
7.93 -0.000557626
7.94 -0.000495025
7.95 -0.00042438
7.96 -0.000348798
7.97 -0.000271013
7.98 -0.000192256
7.99 -0.000111734
8 -2.70505e-05
8.01 6.45083e-05
8.02 0.000164448
8.03 0.00027224
8.04 0.000385767
8.05 0.000502666
8.06 0.000621516
8.07 0.000741876
8.08 0.000863078
8.09 0.00098257
8.1 0.00109496
8.11 0.00119242
8.12 0.00126663
8.13 0.00131157
8.14 0.00132628
8.15 0.00131588
8.16 0.0012899
8.17 0.00125888
8.18 0.00123096
8.19 0.00121042
8.2 0.00119816
8.21 0.00119301
8.22 0.00119274
8.23 0.00119446
8.24 0.00119482
8.25 0.00119086
8.26 0.00118094
8.27 0.00116542
8.28 0.00114632
8.29 0.00112615
8.3 0.00110662
8.31 0.00108784
8.32 0.00106827
8.33 0.00104516
8.34 0.00101542
8.35 0.000976795
8.36 0.000929165
8.37 0.000875219
8.38 0.000819873
8.39 0.000768348
8.4 0.000723542
8.41 0.000684107
8.42 0.000644514
8.43 0.000597324
8.44 0.000536482
8.45 0.000459796
8.46 0.000369407
8.47 0.000270311
8.48 0.000168033
8.49 6.66765e-05
8.5 -3.20041e-05
8.51 -0.000128559
8.52 -0.000225275
8.53 -0.00032541
8.54 -0.000432198
8.55 -0.000547504
8.56 -0.00067044
8.57 -0.00079674
8.58 -0.000919479
8.59 -0.00103067
8.6 -0.00112258
8.61 -0.00118838
8.62 -0.00122296
8.63 -0.00122505
8.64 -0.00119951
8.65 -0.00115752
8.66 -0.00111351
8.67 -0.00108003
8.68 -0.00106324
8.69 -0.00106128
8.7 -0.00106608
8.71 -0.00106773
8.72 -0.00105922
8.73 -0.00103928
8.74 -0.00101221
8.75 -0.000985095
8.76 -0.000964366
8.77 -0.000953215
8.78 -0.000950753
8.79 -0.000952832
8.8 -0.000954007
8.81 -0.000949866
8.82 -0.000938848
8.83 -0.000922729
8.84 -0.000905553
8.85 -0.000891545
8.86 -0.000883039
8.87 -0.000879424
8.88 -0.000877547
8.89 -0.000873278
8.9 -0.000863352
8.91 -0.000846512
8.92 -0.000823376
8.93 -0.000795341
8.94 -0.000763467
8.95 -0.000728181
8.96 -0.00068983
8.97 -0.000649262
8.98 -0.000607634
8.99 -0.000565508
9 -0.000522133
9.01 -0.000475745
9.02 -0.000424787
9.03 -0.000369091
9.04 -0.000310013
9.05 -0.000249263
9.06 -0.000187304
9.07 -0.000122613
9.08 -5.25481e-05
9.09 2.46826e-05
9.1 0.000108299
9.11 0.000194728
9.12 0.0002791
9.13 0.000357534
9.14 0.000428812
9.15 0.000494539
9.16 0.000557848
9.17 0.000621459
9.18 0.000685998
9.19 0.000749125
9.2 0.00080579
9.21 0.000849727
9.22 0.000876038
9.23 0.000883858
9.24 0.000877565
9.25 0.000865498
9.26 0.000856638
9.27 0.000857027
9.28 0.000867822
9.29 0.000885819
9.3 0.000905908
9.31 0.000923996
9.32 0.000938972
9.33 0.000953006
9.34 0.000970425
9.35 0.000995926
9.36 0.00103282
9.37 0.00108172
9.38 0.00113988
9.39 0.00120147
9.4 0.00125875
9.41 0.00130377
9.42 0.00133021
9.43 0.00133495
9.44 0.00131891
9.45 0.0012868
9.46 0.00124539
9.47 0.00120101
9.48 0.00115737
9.49 0.00111465
9.5 0.00107012
9.51 0.00101962
9.52 0.000959568
9.53 0.000888683
9.54 0.000809052
9.55 0.000725524
9.56 0.000643484
9.57 0.00056606
9.58 0.000492308
9.59 0.000417296
9.6 0.000334059
9.61 0.000236739
9.62 0.000123651
9.63 -1.23613e-06
9.64 -0.000129519
9.65 -0.000252091
9.66 -0.000363752
9.67 -0.000466258
9.68 -0.000567831
9.69 -0.000679005
9.7 -0.000806826
9.71 -0.000950436
9.72 -0.00109995
9.73 -0.00123851
9.74 -0.00134642
9.75 -0.0014067
9.76 -0.001411
9.77 -0.00136353
9.78 -0.00128047
9.79 -0.00118429
9.8 -0.00109581
9.81 -0.00102753
9.82 -0.000980855
9.83 -0.000947833
9.84 -0.000916495
9.85 -0.000877343
9.86 -0.000827597
9.87 -0.000771122
9.88 -0.000714762
9.89 -0.000663697
9.9 -0.000618344
9.91 -0.000573971
9.92 -0.000522857
9.93 -0.000457862
9.94 -0.000375838
9.95 -0.000279436
9.96 -0.000176484
9.97 -7.70688e-05
9.98 1.0647e-05
9.99 8.42235e-05
10 0.000148563
10.01 0.000214219
10.02 0.000292761
10.03 0.000391228
10.04 0.000508471
10.05 0.000635275
10.06 0.000758039
10.07 0.000863645
10.08 0.000942911
10.09 0.000991733
10.1 0.00101095
10.11 0.00100604
10.12 0.000986399
10.13 0.000962782
10.14 0.000943317
10.15 0.000930322
10.16 0.000920496
10.17 0.000908261
10.18 0.000889405
10.19 0.000862397
10.2 0.000827255
10.21 0.000783879
10.22 0.000731571
10.23 0.000669755
10.24 0.000598722
10.25 0.000519466
10.26 0.000432811
10.27 0.000338862
10.28 0.000237717
10.29 0.000131174
10.3 2.38676e-05
10.31 -7.77601e-05
10.32 -0.000168633
10.33 -0.000248369
10.34 -0.00032214
10.35 -0.000397993
10.36 -0.000482171
10.37 -0.000575478
10.38 -0.000672802
10.39 -0.00076536
10.4 -0.000843468
10.41 -0.000898333
10.42 -0.000923309
10.43 -0.000915692
10.44 -0.000878678
10.45 -0.00082158
10.46 -0.000757076
10.47 -0.00069655
10.48 -0.000646195
10.49 -0.000605937
10.5 -0.00057121
10.51 -0.000536218
10.52 -0.000497032
10.53 -0.00045352
10.54 -0.000409567
10.55 -0.000371474
10.56 -0.000345012
10.57 -0.000332385
10.58 -0.000330636
10.59 -0.000332504
10.6 -0.000329668
10.61 -0.000317137
10.62 -0.000296726
10.63 -0.000277542
10.64 -0.000272602
10.65 -0.000292814
10.66 -0.000341439
10.67 -0.000412193
10.68 -0.000492107
10.69 -0.000567414
10.7 -0.000629186
10.71 -0.000675956
10.72 -0.000712585
10.73 -0.00074658
10.74 -0.000783971
10.75 -0.000826334
10.76 -0.000869664
10.77 -0.000905444
10.78 -0.000923869
10.79 -0.00091822
10.8 -0.000888313
10.81 -0.000841044
10.82 -0.000787616
10.83 -0.000738951
10.84 -0.000701518
10.85 -0.000675232
10.86 -0.000653828
10.87 -0.000627386
10.88 -0.00058619
10.89 -0.000524654
10.9 -0.000443786
10.91 -0.000350958
10.92 -0.000256806
10.93 -0.000170381
10.94 -9.47455e-05
10.95 -2.51159e-05
10.96 4.94955e-05
10.97 0.000141905
10.98 0.000261667
10.99 0.00041146
11 0.000586193
11.01 0.000774718
11.02 0.000963118
11.03 0.00113818
11.04 0.00128974
11.05 0.00141097
11.06 0.00149705
11.07 0.00154433
11.08 0.00155198
11.09 0.00152523
11.1 0.00147667
11.11 0.00142338
11.12 0.00138116
11.13 0.00135913
11.14 0.0013571
11.15 0.00136642
11.16 0.001374
11.17 0.0013679
11.18 0.00134207
11.19 0.00129787
11.2 0.00124214
11.21 0.00118327
11.22 0.00112763
11.23 0.00107758
11.24 0.00103165
11.25 0.000986306
11.26 0.000938416
11.27 0.000887338
11.28 0.00083554
11.29 0.000787463
11.3 0.000747239
11.31 0.000716482
11.32 0.000693261
11.33 0.000672777
11.34 0.000649411
11.35 0.000619174
11.36 0.00058129
11.37 0.000538135
11.38 0.000493665
11.39 0.000451373
11.4 0.000412851
11.41 0.000377567
11.42 0.000343617
11.43 0.000308805
11.44 0.000271358
11.45 0.000230131
11.46 0.000184525
11.47 0.000134489
11.48 8.06203e-05
11.49 2.41584e-05
11.5 -3.3332e-05
11.51 -9.04935e-05
11.52 -0.000146624
11.53 -0.000201802
11.54 -0.000256647
11.55 -0.000311874
11.56 -0.000367957
11.57 -0.000425195
11.58 -0.000484167
11.59 -0.000546198
11.6 -0.000613324
11.61 -0.000687582
11.62 -0.000770033
11.63 -0.00086012
11.64 -0.000955634
11.65 -0.00105306
11.66 -0.00114797
11.67 -0.00123528
11.68 -0.00130975
11.69 -0.00136691
11.7 -0.00140437
11.71 -0.0014226
11.72 -0.00142474
11.73 -0.0014154
11.74 -0.00139923
11.75 -0.00137992
11.76 -0.00135971
11.77 -0.0013393
11.78 -0.0013179
11.79 -0.00129357
11.8 -0.00126399
11.81 -0.00122752
11.82 -0.00118423
11.83 -0.00113639
11.84 -0.00108809
11.85 -0.00104393
11.86 -0.00100715
11.87 -0.000978151
11.88 -0.000954213
11.89 -0.000930587
11.9 -0.000902414
11.91 -0.000866696
11.92 -0.000823533
11.93 -0.000776209
11.94 -0.000730014
11.95 -0.000690077
11.96 -0.000658983
11.97 -0.000635221
11.98 -0.000613376
11.99 -0.000586201
12 -0.000547794
12.01 -0.000496375
12.02 -0.000435183
12.03 -0.000370918
12.04 -0.000310438
12.05 -0.000257425
12.06 -0.000210642
12.07 -0.000164493
12.08 -0.000111502
12.09 -4.54883e-05
12.1 3.60419e-05
12.11 0.000131324
12.12 0.000235729
12.13 0.000344228
12.14 0.000453574
12.15 0.000563168
12.16 0.000674409
12.17 0.00078901
12.18 0.000907078
12.19 0.00102571
12.2 0.0011387
12.21 0.00123765
12.22 0.00131454
12.23 0.0013647
12.24 0.00138917
12.25 0.00139483
12.26 0.00139221
12.27 0.0013914
12.28 0.00139817
12.29 0.00141192
12.3 0.00142632
12.31 0.00143251
12.32 0.00142319
12.33 0.00139591
12.34 0.00135412
12.35 0.00130548
12.36 0.00125833
12.37 0.00121819
12.38 0.00118581
12.39 0.00115767
12.4 0.00112834
12.41 0.00109323
12.42 0.00105044
12.43 0.00100122
12.44 0.000949291
12.45 0.000899475
12.46 0.000855985
12.47 0.000820764
12.48 0.000792585
12.49 0.000767505
12.5 0.00074066
12.51 0.000708525
12.52 0.00067041
12.53 0.000628395
12.54 0.000585807
12.55 0.000545146
12.56 0.000506523
12.57 0.000467377
12.58 0.000423553
12.59 0.000371195
12.6 0.000308446
12.61 0.000236085
12.62 0.000156871
12.63 7.40408e-05
12.64 -1.02335e-05
12.65 -9.56912e-05
12.66 -0.000183771
12.67 -0.000276561
12.68 -0.000375532
12.69 -0.000480639
12.7 -0.000590043
12.71 -0.000700399
12.72 -0.000807508
12.73 -0.000907101
12.74 -0.0009956
12.75 -0.00107082
12.76 -0.00113239
12.77 -0.00118175
12.78 -0.00122152
12.79 -0.00125454
12.8 -0.00128311
12.81 -0.00130867
12.82 -0.00133191
12.83 -0.00135284
12.84 -0.00137044
12.85 -0.00138217
12.86 -0.0013843
12.87 -0.00137351
12.88 -0.00134902
12.89 -0.00131384
12.9 -0.00127401
12.91 -0.00123602
12.92 -0.0012039
12.93 -0.00117759
12.94 -0.00115327
12.95 -0.00112521
12.96 -0.00108824
12.97 -0.00103972
12.98 -0.000980377
12.99 -0.000913955
13 -0.000845657
13.01 -0.000780102
13.02 -0.000719489
13.03 -0.000662677
13.04 -0.000605553
13.05 -0.000542523
13.06 -0.000468543
13.07 -0.000380899
13.08 -0.00028012
13.09 -0.000169717
13.1 -5.48517e-05
13.11 5.96174e-05
13.12 0.000171035
13.13 0.000280086
13.14 0.000390624
13.15 0.00050798
13.16 0.000636222
13.17 0.000775565
13.18 0.00092137
13.19 0.0010652
13.2 0.00119685
13.21 0.001306
13.22 0.00138371
13.23 0.00142485
13.24 0.00143122
13.25 0.00141268
13.26 0.00138425
13.27 0.00136013
13.28 0.0013483
13.29 0.00134814
13.3 0.001352
13.31 0.00134929
13.32 0.00133142
13.33 0.00129532
13.34 0.00124416
13.35 0.00118515
13.36 0.001126
13.37 0.00107186
13.38 0.00102381
13.39 0.000979021
13.4 0.000932339
13.41 0.000878454
13.42 0.000814099
13.43 0.000739219
13.44 0.000656469
13.45 0.00056921
13.46 0.000479117
13.47 0.000384956
13.48 0.000283414
13.49 0.000171502
13.5 4.89056e-05
13.51 -8.13421e-05
13.52 -0.000214426
13.53 -0.000346628
13.54 -0.000477569
13.55 -0.000610092
13.56 -0.000747754
13.57 -0.000891876
13.58 -0.00104013
13.59 -0.00118646
13.6 -0.00132069
13.61 -0.00142818
13.62 -0.00149293
13.63 -0.00150543
13.64 -0.00147029
13.65 -0.00140704
13.66 -0.00134201
13.67 -0.00129706
13.68 -0.00128168
13.69 -0.00129164
13.7 -0.00131317
13.71 -0.00132997
13.72 -0.00132998
13.73 -0.00130939
13.74 -0.00127275
13.75 -0.00122975
13.76 -0.00119059
13.77 -0.00116182
13.78 -0.00114426
13.79 -0.00113342
13.8 -0.0011221
13.81 -0.00110401
13.82 -0.00107649
13.83 -0.00104123
13.84 -0.00100284
13.85 -0.000966337
13.86 -0.000934839
13.87 -0.000908313
13.88 -0.000883772
13.89 -0.000856601
13.9 -0.000822419
13.91 -0.000778782
13.92 -0.000726064
13.93 -0.000667192
13.94 -0.000606364
13.95 -0.000547343
13.96 -0.000492073
13.97 -0.000440121
13.98 -0.000389013
13.99 -0.000335214
14 -0.000275358
14.01 -0.000207305
14.02 -0.000130707
14.03 -4.69194e-05
14.04 4.16523e-05
14.05 0.000132533
14.06 0.000224154
14.07 0.000316381
14.08 0.000410262
14.09 0.00050702
14.1 0.000606804
14.11 0.000707904
14.12 0.000806869
14.13 0.000899404
14.14 0.000981538
14.15 0.00105058
14.16 0.00110574
14.17 0.00114834
14.18 0.00118159
14.19 0.00120962
14.2 0.00123608
14.21 0.00126275
14.22 0.00128889
14.23 0.00131175
14.24 0.00132778
14.25 0.00133417
14.26 0.00133002
14.27 0.00131661
14.28 0.00129687
14.29 0.0012742
14.3 0.00125134
14.31 0.00122968
14.32 0.00120927
14.33 0.0011892
14.34 0.00116825
14.35 0.00114546
14.36 0.00112044
14.37 0.00109333
14.38 0.00106453
14.39 0.00103433
14.4 0.00100286
14.41 0.000970138
14.42 0.000936136
14.43 0.000900731
14.44 0.00086363
14.45 0.000824464
14.46 0.000783024
14.47 0.000739424
14.48 0.000693997
14.49 0.00064695
14.5 0.000598007
14.51 0.00054626
14.52 0.000490358
14.53 0.000428933
14.54 0.000361016
14.55 0.000286272
14.56 0.000204982
14.57 0.000117935
14.58 2.6278e-05
14.59 -6.86784e-05
14.6 -0.000165764
14.61 -0.000264316
14.62 -0.000364403
14.63 -0.000466723
14.64 -0.00057211
14.65 -0.000680735
14.66 -0.00079129
14.67 -0.000900499
14.68 -0.00100319
14.69 -0.00109294
14.7 -0.00116329
14.71 -0.00120957
14.72 -0.00123087
14.73 -0.00123106
14.74 -0.00121784
14.75 -0.00120001
14.76 -0.0011843
14.77 -0.00117334
14.78 -0.00116545
14.79 -0.00115616
14.8 -0.00114059
14.81 -0.00111569
14.82 -0.0010815
14.83 -0.00104104
14.84 -0.000998737
14.85 -0.000958335
14.86 -0.000921142
14.87 -0.000885547
14.88 -0.000847995
14.89 -0.000804836
14.9 -0.000754062
14.91 -0.000696111
14.92 -0.000633518
14.93 -0.000569723
14.94 -0.000507576
14.95 -0.000448123
14.96 -0.000390152
14.97 -0.000330678
14.98 -0.000266187
14.99 -0.000194112
15 -0.000113874
15.01 -2.70129e-05
15.02 6.36441e-05
15.03 0.000155368
15.04 0.00024679
15.05 0.000338407
15.06 0.000432069
15.07 0.000529682
15.08 0.000631803
15.09 0.000736817
15.1 0.000840967
15.11 0.000939065
15.12 0.0010256
15.13 0.00109609
15.14 0.0011485
15.15 0.0011842
15.16 0.00120768
15.17 0.0012249
15.18 0.00124095
15.19 0.00125834
15.2 0.00127642
15.21 0.00129216
15.22 0.00130157
15.23 0.00130146
15.24 0.00129085
15.25 0.00127156
15.26 0.00124767
15.27 0.00122391
15.28 0.0012037
15.29 0.00118776
15.3 0.00117405
15.31 0.00115892
15.32 0.0011389
15.33 0.00111209
15.34 0.00107879
15.35 0.00104111
15.36 0.00100201
15.37 0.000964211
15.38 0.000929372
15.39 0.000897698
15.4 0.000868132
15.41 0.000838942
15.42 0.000808417
15.43 0.000775374
15.44 0.000739317
15.45 0.000700257
15.46 0.00065837
15.47 0.00061372
15.48 0.000566189
15.49 0.000515586
15.5 0.000461783
15.51 0.000404743
15.52 0.000344488
15.53 0.000281041
15.54 0.000214427
15.55 0.00014468
15.56 7.18373e-05
15.57 -4.15052e-06
15.58 -8.35683e-05
15.59 -0.000166982
15.6 -0.000255033
15.61 -0.000348019
15.62 -0.000445517
15.63 -0.000546312
15.64 -0.000648663
15.65 -0.000750626
15.66 -0.000850147
15.67 -0.000944862
15.68 -0.00103192
15.69 -0.00110826
15.7 -0.00117153
15.71 -0.00122122
15.72 -0.00125934
15.73 -0.00128982
15.74 -0.0013171
15.75 -0.00134442
15.76 -0.00137283
15.77 -0.00140115
15.78 -0.00142678
15.79 -0.00144673
15.8 -0.00145866
15.81 -0.00146146
15.82 -0.00145544
15.83 -0.00144199
15.84 -0.00142291
15.85 -0.00139963
15.86 -0.00137273
15.87 -0.00134186
15.88 -0.00130616
15.89 -0.0012648
15.9 -0.00121759
15.91 -0.00116521
15.92 -0.00110913
15.93 -0.001051
15.94 -0.000992031
15.95 -0.000932478
15.96 -0.000871691
15.97 -0.000808476
15.98 -0.000741538
15.99 -0.000669803
16 -0.000592482
16.01 -0.000508942
16.02 -0.000418547
16.03 -0.000320811
16.04 -0.000215998
16.05 -0.000105821
16.06 6.45455e-06
16.07 0.000116998
16.08 0.000223274
16.09 0.000325767
16.1 0.000428418
16.11 0.00053713
16.12 0.000656855
16.13 0.00078872
16.14 0.000928677
16.15 0.00106795
16.16 0.00119453
16.17 0.00129538
16.18 0.00135982
16.19 0.00138387
16.2 0.00137326
16.21 0.00134213
16.22 0.0013075
16.23 0.00128247
16.24 0.00127185
16.25 0.00127181
16.26 0.00127306
16.27 0.00126557
16.28 0.00124301
16.29 0.0012049
16.3 0.00115591
16.31 0.00110286
16.32 0.00105125
16.33 0.00100287
16.34 0.000955347
16.35 0.000903565
16.36 0.000842256
16.37 0.000768589
16.38 0.000683472
16.39 0.000590844
16.4 0.000495266
16.41 0.0003992
16.42 0.000301599
16.43 0.00019867
16.44 8.62768e-05
16.45 -3.76209e-05
16.46 -0.000172034
16.47 -0.000314029
16.48 -0.000460855
16.49 -0.000611378
16.5 -0.000765755
16.51 -0.000924042
16.52 -0.00108518
16.53 -0.00124627
16.54 -0.00140071
16.55 -0.00153567
16.56 -0.0016334
16.57 -0.00167915
16.58 -0.00167146
16.59 -0.00162618
16.6 -0.00157008
16.61 -0.00152867
16.62 -0.00151585
16.63 -0.00152997
16.64 -0.00155677
16.65 -0.00157699
16.66 -0.00157528
16.67 -0.00154633
16.68 -0.0014959
16.69 -0.00143679
16.7 -0.00138251
16.71 -0.00134151
16.72 -0.00131433
16.73 -0.00129428
16.74 -0.00127113
16.75 -0.00123597
16.76 -0.0011851
16.77 -0.00112117
16.78 -0.00105153
16.79 -0.000984688
16.8 -0.000926712
16.81 -0.000878894
16.82 -0.000837485
16.83 -0.000795393
16.84 -0.000745052
16.85 -0.000681272
16.86 -0.000602961
16.87 -0.000513156
16.88 -0.000417502
16.89 -0.000321937
16.9 -0.000230615
16.91 -0.00014483
16.92 -6.31322e-05
16.93 1.76971e-05
16.94 0.000101396
16.95 0.000191154
16.96 0.000288917
16.97 0.000395046
16.98 0.000508218
16.99 0.00062562
17 0.000743521
17.01 0.000857991
17.02 0.000965164
17.03 0.00106077
17.04 0.00113977
17.05 0.00119736
17.06 0.00123155
17.07 0.0012455
17.08 0.00124733
17.09 0.00124725
17.1 0.00125363
17.11 0.00127018
17.12 0.00129531
17.13 0.00132346
17.14 0.00134752
17.15 0.00136157
17.16 0.0013628
17.17 0.00135228
17.18 0.00133414
17.19 0.00131376
17.2 0.00129564
17.21 0.00128187
17.22 0.00127161
17.23 0.00126186
17.24 0.00124893
17.25 0.00123014
17.26 0.00120493
17.27 0.00117498
17.28 0.00114325
17.29 0.00111253
17.3 0.00108408
17.31 0.00105715
17.32 0.00102955
17.33 0.000998712
17.34 0.000962779
17.35 0.000921281
17.36 0.000875197
17.37 0.000826543
17.38 0.000777656
17.39 0.000730428
17.4 0.000685656
17.41 0.000642717
17.42 0.000599702
17.43 0.000554028
17.44 0.00050336
17.45 0.000446489
17.46 0.000383736
17.47 0.000316721
17.48 0.000247611
17.49 0.000178254
17.5 0.000109609
17.51 4.16663e-05
17.52 -2.62219e-05
17.53 -9.48873e-05
17.54 -0.000165024
17.55 -0.000237069
17.56 -0.000311178
17.57 -0.000387138
17.58 -0.000464145
17.59 -0.00054057
17.6 -0.000613887
17.61 -0.00068089
17.62 -0.000738179
17.63 -0.000782834
17.64 -0.000813149
17.65 -0.000829252
17.66 -0.00083331
17.67 -0.000829119
17.68 -0.000821115
17.69 -0.00081311
17.7 -0.000807255
17.71 -0.000803633
17.72 -0.000800635
17.73 -0.000795954
17.74 -0.000787729
17.75 -0.000775367
17.76 -0.000759706
17.77 -0.000742539
17.78 -0.000725789
17.79 -0.00071077
17.8 -0.000697824
17.81 -0.000686376
17.82 -0.000675288
17.83 -0.000663316
17.84 -0.000649542
17.85 -0.000633681
17.86 -0.000616197
17.87 -0.000598189
17.88 -0.000581028
17.89 -0.000565857
17.9 -0.000553112
17.91 -0.00054233
17.92 -0.000532394
17.93 -0.000522128
17.94 -0.000510902
17.95 -0.000498936
17.96 -0.000487207
17.97 -0.000477076
17.98 -0.000469789
17.99 -0.000465992
18 -0.000465375
18.01 -0.000466571
18.02 -0.000467451
18.03 -0.000465834
18.04 -0.000460353
18.05 -0.000451019
18.06 -0.000439124
18.07 -0.000426489
18.08 -0.000414476
18.09 -0.000403332
18.1 -0.000392184
18.11 -0.000379576
18.12 -0.000364178
18.13 -0.000345246
18.14 -0.000322691
18.15 -0.000296824
18.16 -0.000268011
18.17 -0.000236447
18.18 -0.000202118
18.19 -0.000164909
18.2 -0.000124719
18.21 -8.1492e-05
18.22 -3.516e-05
18.23 1.43503e-05
18.24 6.69813e-05
18.25 0.000122378
18.26 0.000179888
18.27 0.000238782
18.28 0.000298553
18.29 0.000359062
18.3 0.000420406
18.31 0.000482573
18.32 0.000545061
18.33 0.000606669
18.34 0.000665573
18.35 0.000719647
18.36 0.00076688
18.37 0.000805786
18.38 0.000835712
18.39 0.000856983
18.4 0.000870784
18.41 0.000878792
18.42 0.000882689
18.43 0.00088375
18.44 0.000882648
18.45 0.00087949
18.46 0.000873996
18.47 0.000865758
18.48 0.000854468
18.49 0.000840091
18.5 0.000822902
18.51 0.000803405
18.52 0.000782146
18.53 0.000759527
18.54 0.000735681
18.55 0.000710455
18.56 0.000683522
18.57 0.00065457
18.58 0.000623485
18.59 0.000590421
18.6 0.000555705
18.61 0.000519618
18.62 0.000482154
18.63 0.000442885
18.64 0.000401094
18.65 0.000356137
18.66 0.000307829
18.67 0.000256523
18.68 0.000202802
18.69 0.000147035
18.7 8.9106e-05
18.71 2.85107e-05
18.72 -3.52721e-05
18.73 -0.000102367
18.74 -0.000172264
18.75 -0.000243858
18.76 -0.000315725
18.77 -0.000386543
18.78 -0.000455481
18.79 -0.000522288
18.8 -0.000586948
18.81 -0.000649022
18.82 -0.000707149
18.83 -0.000759067
18.84 -0.000802278
18.85 -0.000835022
18.86 -0.000857077
18.87 -0.000869973
18.88 -0.000876542
18.89 -0.000880025
18.9 -0.000883104
18.91 -0.0008872
18.92 -0.000892258
18.93 -0.000897052
18.94 -0.000899888
18.95 -0.000899433
18.96 -0.000895343
18.97 -0.000888414
18.98 -0.000880164
18.99 -0.000872025
19 -0.000864527
19.01 -0.000856936
19.02 -0.000847549
19.03 -0.000834489
19.04 -0.000816547
19.05 -0.00079364
19.06 -0.0007667
19.07 -0.000737135
19.08 -0.000706173
19.09 -0.000674389
19.1 -0.000641566
19.11 -0.000606876
19.12 -0.0005693
19.13 -0.000528102
19.14 -0.000483164
19.15 -0.000434986
19.16 -0.000384378
19.17 -0.000332042
19.18 -0.000278297
19.19 -0.000223004
19.2 -0.00016564
19.21 -0.000105468
19.22 -4.18114e-05
19.23 2.56441e-05
19.24 9.66369e-05
19.25 0.000170356
19.26 0.000245721
19.27 0.000321801
19.28 0.000398136
19.29 0.000474727
19.3 0.000551623
19.31 0.000628275
19.32 0.000703037
19.33 0.000773102
19.34 0.000834967
19.35 0.000885299
19.36 0.000921959
19.37 0.000944834
19.38 0.000956091
19.39 0.000959604
19.4 0.000959694
19.41 0.000959691
19.42 0.00096096
19.43 0.00096282
19.44 0.000963287
19.45 0.000960205
19.46 0.000952246
19.47 0.000939392
19.48 0.000922791
19.49 0.000904147
19.5 0.000884952
19.51 0.000865964
19.52 0.000847131
19.53 0.000827908
19.54 0.000807728
19.55 0.000786405
19.56 0.000764332
19.57 0.000742417
19.58 0.000721724
19.59 0.000703003
19.6 0.000686379
19.61 0.000671374
19.62 0.000657177
19.63 0.000642973
19.64 0.000628176
19.65 0.000612499
19.66 0.000595886
19.67 0.000578379
19.68 0.000560059
19.69 0.000541106
19.7 0.000521881
19.71 0.000502877
19.72 0.000484445
19.73 0.000466474
19.74 0.000448267
19.75 0.000428743
19.76 0.00040692
19.77 0.000382401
19.78 0.00035559
19.79 0.00032748
19.8 0.000299097
19.81 0.000270932
19.82 0.000242693
19.83 0.000213531
19.84 0.000182568
19.85 0.000149373
19.86 0.000114137
19.87 7.75051e-05
19.88 4.0237e-05
19.89 2.86578e-06
19.9 -3.4502e-05
19.91 -7.21604e-05
19.92 -0.00011057
19.93 -0.000150066
19.94 -0.000190694
19.95 -0.000232204
19.96 -0.000274142
19.97 -0.000315909
19.98 -0.000356826
19.99 -0.000396244
20 -0.000433703
20.01 -0.000469045
20.02 -0.000502392
20.03 -0.000533982
20.04 -0.000563945
20.05 -0.000592176
20.06 -0.000618356
20.07 -0.0006421
20.08 -0.000663122
20.09 -0.000681333
20.1 -0.000696849
20.11 -0.000709939
20.12 -0.000720945
20.13 -0.0007302
20.14 -0.00073797
20.15 -0.000744424
20.16 -0.000749647
20.17 -0.000753696
20.18 -0.000756686
20.19 -0.000758847
20.2 -0.000760488
20.21 -0.000761855
20.22 -0.000762953
20.23 -0.000763451
20.24 -0.000762714
20.25 -0.000759972
20.26 -0.000754585
20.27 -0.000746299
20.28 -0.000735381
20.29 -0.000722554
20.3 -0.000708745
20.31 -0.000694725
20.32 -0.000680748
20.33 -0.000666377
20.34 -0.000650627
20.35 -0.000632394
20.36 -0.000610932
20.37 -0.000586142
20.38 -0.000558564
20.39 -0.000529131
20.4 -0.000498819
20.41 -0.000468329
20.42 -0.000437867
20.43 -0.00040707
20.44 -0.000375115
20.45 -0.00034102
20.46 -0.000304045
20.47 -0.000263985
20.48 -0.000221191
20.49 -0.000176281
20.5 -0.000129727
20.51 -8.15932e-05
20.52 -3.15882e-05
20.53 2.06552e-05
20.54 7.53121e-05
20.55 0.000132286
20.56 0.000191311
20.57 0.000252086
20.58 0.000314332
20.59 0.000377738
20.6 0.000441885
20.61 0.000506206
20.62 0.000569991
20.63 0.000632401
20.64 0.000692437
20.65 0.000748905
20.66 0.000800494
20.67 0.000846002
20.68 0.000884636
20.69 0.000916214
20.7 0.000941186
20.71 0.000960465
20.72 0.000975124
20.73 0.000986045
20.74 0.000993663
20.75 0.000997947
20.76 0.000998598
20.77 0.000995345
20.78 0.000988168
20.79 0.000977351
20.8 0.000963435
20.81 0.000947086
20.82 0.000928919
20.83 0.00090931
20.84 0.000888315
20.85 0.00086572
20.86 0.000841215
20.87 0.000814574
20.88 0.000785763
20.89 0.000754978
20.9 0.000722616
20.91 0.000689188
20.92 0.000655143
20.93 0.000620673
20.94 0.000585631
20.95 0.000549627
20.96 0.00051221
20.97 0.000473
20.98 0.000431726
20.99 0.000388209
21 0.000342343
21.01 0.000294081
21.02 0.000243416
21.03 0.000190344
21.04 0.000134831
21.05 7.67852e-05
21.06 1.60661e-05
21.07 -4.7481e-05
21.08 -0.000113991
21.09 -0.000183571
21.1 -0.000256293
21.11 -0.000332115
21.12 -0.000410752
21.13 -0.000491531
21.14 -0.000573339
21.15 -0.000654685
21.16 -0.000733866
21.17 -0.000809169
21.18 -0.000879068
21.19 -0.000942351
21.2 -0.000998171
21.21 -0.00104608
21.22 -0.00108603
21.23 -0.00111845
21.24 -0.00114421
21.25 -0.00116454
21.26 -0.00118078
21.27 -0.00119398
21.28 -0.00120469
21.29 -0.00121297
21.3 -0.00121872
21.31 -0.00122185
21.32 -0.00122248
21.33 -0.00122075
21.34 -0.00121678
21.35 -0.00121057
21.36 -0.00120195
21.37 -0.00119061
21.38 -0.00117614
21.39 -0.00115819
21.4 -0.00113661
21.41 -0.00111164
21.42 -0.00108385
21.43 -0.00105405
21.44 -0.00102306
21.45 -0.000991517
21.46 -0.000959727
21.47 -0.000927604
21.48 -0.000894729
21.49 -0.000860555
21.5 -0.000824716
21.51 -0.000787274
21.52 -0.000748716
21.53 -0.000709657
21.54 -0.000670454
21.55 -0.000630955
21.56 -0.000590551
21.57 -0.000548434
21.58 -0.000503894
21.59 -0.000456519
21.6 -0.000406239
21.61 -0.000353257
21.62 -0.000297889
21.63 -0.000240404
21.64 -0.000180895
21.65 -0.000119228
21.66 -5.50891e-05
21.67 1.18411e-05
21.68 8.16364e-05
21.69 0.000153965
21.7 0.000228137
21.71 0.000303343
21.72 0.000378911
21.73 0.000454356
21.74 0.000529154
21.75 0.000602419
21.76 0.000672708
21.77 0.000738092
21.78 0.00079646
21.79 0.000845988
21.8 0.000885634
21.81 0.000915526
21.82 0.000937041
21.83 0.000952479
21.84 0.00096438
21.85 0.000974764
21.86 0.000984587
21.87 0.000993643
21.88 0.00100091
21.89 0.00100514
21.9 0.00100544
21.91 0.00100158
21.92 0.000994087
21.93 0.0009839
21.94 0.000972023
21.95 0.000959146
21.96 0.00094548
21.97 0.000930812
21.98 0.000914731
21.99 0.000896901
22 0.000877261
22.01 0.000856051
22.02 0.000833674
22.03 0.000810491
22.04 0.000786698
22.05 0.000762325
22.06 0.000737292
22.07 0.000711472
22.08 0.000684713
22.09 0.000656882
22.1 0.00062791
22.11 0.00059783
22.12 0.00056673
22.13 0.000534636
22.14 0.000501434
22.15 0.000466932
22.16 0.000431027
22.17 0.000393836
22.18 0.000355677
22.19 0.000316905
22.2 0.000277744
22.21 0.000238206
22.22 0.000198136
22.23 0.000157323
22.24 0.000115632
22.25 7.30971e-05
22.26 2.99038e-05
22.27 -1.37312e-05
22.28 -5.76879e-05
22.29 -0.000101952
22.3 -0.000146491
22.31 -0.000191105
22.32 -0.00023535
22.33 -0.0002786
22.34 -0.000320186
22.35 -0.000359535
22.36 -0.000396221
22.37 -0.000429908
22.38 -0.000460276
22.39 -0.000487005
22.4 -0.000509833
22.41 -0.000528669
22.42 -0.000543695
22.43 -0.000555389
22.44 -0.000564404
22.45 -0.000571354
22.46 -0.000576641
22.47 -0.000580447
22.48 -0.000582854
22.49 -0.000583984
22.5 -0.000584039
22.51 -0.000583209
22.52 -0.000581568
22.53 -0.000579058
22.54 -0.000575621
22.55 -0.000571358
22.56 -0.000566583
22.57 -0.000561708
22.58 -0.00055702
22.59 -0.000552507
22.6 -0.000547843
22.61 -0.000542503
22.62 -0.000535917
22.63 -0.000527612
22.64 -0.00051732
22.65 -0.000505027
22.66 -0.000490931
22.67 -0.000475322
22.68 -0.000458459
22.69 -0.000440516
22.7 -0.000421601
22.71 -0.000401781
22.72 -0.000381064
22.73 -0.000359328
22.74 -0.000336284
22.75 -0.000311524
22.76 -0.000284689
22.77 -0.000255644
22.78 -0.000224554
22.79 -0.000191798
22.8 -0.000157732
22.81 -0.000122444
22.82 -8.56806e-05
22.83 -4.69968e-05
22.84 -6.05158e-06
22.85 3.71591e-05
22.86 8.22606e-05
22.87 0.000128662
22.88 0.000175813
22.89 0.000223392
22.9 0.000271338
22.91 0.000319688
22.92 0.000368359
22.93 0.000416964
22.94 0.000464761
22.95 0.000510728
22.96 0.000553738
22.97 0.000592787
22.98 0.000627175
22.99 0.000656572
23 0.000680966
23.01 0.000700572
23.02 0.000715767
23.03 0.00072706
23.04 0.000735039
23.05 0.000740238
23.06 0.000742971
23.07 0.000743262
23.08 0.000740939
23.09 0.000735844
23.1 0.000727996
23.11 0.00071761
23.12 0.000705001
23.13 0.00069049
23.14 0.00067435
23.15 0.000656823
23.16 0.000638136
23.17 0.000618476
23.18 0.000597926
23.19 0.000576414
23.2 0.000553741
23.21 0.000529681
23.22 0.000504087
23.23 0.00047696
23.24 0.000448468
23.25 0.000418952
23.26 0.000388902
23.27 0.000358856
23.28 0.000329229
23.29 0.000300137
23.3 0.000271361
23.31 0.00024248
23.32 0.000213129
23.33 0.000183212
23.34 0.000152954
23.35 0.000122792
23.36 9.31719e-05
23.37 6.43788e-05
23.38 3.6456e-05
23.39 9.2503e-06
23.4 -1.74285e-05
23.41 -4.3593e-05
23.42 -6.89416e-05
23.43 -9.29073e-05
23.44 -0.000114878
23.45 -0.000134437
23.46 -0.000151472
23.47 -0.000166111
23.48 -0.00017857
23.49 -0.000189
23.5 -0.000197414
23.51 -0.000203714
23.52 -0.000207792
23.53 -0.000209639
23.54 -0.00020943
23.55 -0.000207544
23.56 -0.000204506
23.57 -0.000200893
23.58 -0.000197208
23.59 -0.000193773
23.6 -0.000190686
23.61 -0.000187866
23.62 -0.000185188
23.63 -0.000182609
23.64 -0.000180261
23.65 -0.000178431
23.66 -0.000177466
23.67 -0.000177639
23.68 -0.000179066
23.69 -0.000181692
23.7 -0.000185355
23.71 -0.000189874
23.72 -0.000195156
23.73 -0.000201272
23.74 -0.000208474
23.75 -0.000217086
23.76 -0.000227293
23.77 -0.000238962
23.78 -0.000251649
23.79 -0.000264756
23.8 -0.000277723
23.81 -0.000290133
23.82 -0.000301731
23.83 -0.000312394
23.84 -0.000322062
23.85 -0.00033066
23.86 -0.000338045
23.87 -0.000344025
23.88 -0.000348421
23.89 -0.000351139
23.9 -0.000352217
23.91 -0.00035185
23.92 -0.000350349
23.93 -0.000348031
23.94 -0.000345073
23.95 -0.000341466
23.96 -0.000337134
23.97 -0.00033214
23.98 -0.000326805
23.99 -0.000321646
24 -0.000317185
24.01 -0.000313728
24.02 -0.000311223
24.03 -0.000309281
24.04 -0.000307382
24.05 -0.000305176
24.06 -0.000302706
24.07 -0.000300407
24.08 -0.000298869
24.09 -0.000298494
24.1 -0.000299264
24.11 -0.000300748
24.12 -0.00030233
24.13 -0.000303493
24.14 -0.000304023
24.15 -0.000304032
24.16 -0.00030381
24.17 -0.000303627
24.18 -0.000303578
24.19 -0.000303517
24.2 -0.000303095
24.21 -0.000301846
24.22 -0.000299295
24.23 -0.000295088
24.24 -0.000289103
24.25 -0.000281462
24.26 -0.000272418
24.27 -0.000262141
24.28 -0.000250533
24.29 -0.000237168
24.3 -0.000221414
24.31 -0.000202696
24.32 -0.000180768
24.33 -0.000155862
24.34 -0.000128616
24.35 -9.98388e-05
24.36 -7.02071e-05
24.37 -4.00537e-05
24.38 -9.31326e-06
24.39 2.23588e-05
24.4 5.53451e-05
24.41 8.98093e-05
24.42 0.000125555
24.43 0.000162078
24.44 0.00019876
24.45 0.000235049
24.46 0.000270489
24.47 0.00030463
24.48 0.000336942
24.49 0.000366847
24.5 0.00039381
24.51 0.000417424
24.52 0.00043742
24.53 0.000453655
24.54 0.000466112
24.55 0.000474926
24.56 0.000480414
24.57 0.000483054
24.58 0.000483373
24.59 0.00048176
24.6 0.00047833
24.61 0.00047293
24.62 0.000465292
24.63 0.000455248
24.64 0.000442885
24.65 0.000428577
24.66 0.000412874
24.67 0.000396296
24.68 0.000379149
24.69 0.000361432
24.7 0.000342907
24.71 0.000323328
24.72 0.000302707
24.73 0.000281447
24.74 0.000260222
24.75 0.000239675
24.76 0.000220133
24.77 0.00020152
24.78 0.00018345
24.79 0.000165413
24.8 0.00014698
24.81 0.000127994
24.82 0.000108649
24.83 8.94309e-05
24.84 7.0962e-05
24.85 5.38611e-05
24.86 3.86044e-05
24.87 2.53793e-05
24.88 1.39918e-05
24.89 3.93662e-06
24.9 -5.35311e-06
24.91 -1.42107e-05
24.92 -2.26008e-05
24.93 -3.02275e-05
24.94 -3.67759e-05
24.95 -4.2093e-05
24.96 -4.62135e-05
24.97 -4.92839e-05
24.98 -5.14936e-05
24.99 -5.30664e-05
25 -5.42673e-05
25.01 -5.53556e-05
25.02 -5.64768e-05
25.03 -5.75584e-05
25.04 -5.83101e-05
25.05 -5.83828e-05
25.06 -5.76252e-05
25.07 -5.62736e-05
25.08 -5.49325e-05
25.09 -5.43267e-05
25.1 -5.49565e-05
25.11 -5.68675e-05
25.12 -5.96673e-05
25.13 -6.27632e-05
25.14 -6.56679e-05
25.15 -6.82096e-05
25.16 -7.05623e-05
25.17 -7.31111e-05
25.18 -7.62354e-05
25.19 -8.01122e-05
25.2 -8.46213e-05
25.21 -8.93927e-05
25.22 -9.39631e-05
25.23 -9.79604e-05
25.24 -0.000101233
25.25 -0.000103885
25.26 -0.00010621
25.27 -0.000108561
25.28 -0.000111174
25.29 -0.000114027
25.3 -0.000116798
25.31 -0.000118958
25.32 -0.000120003
25.33 -0.000119716
25.34 -0.000118309
25.35 -0.000116359
25.36 -0.000114528
25.37 -0.000113225
25.38 -0.000112386
25.39 -0.000111523
25.4 -0.000110005
25.41 -0.000107391
25.42 -0.000103641
25.43 -9.91332e-05
25.44 -9.44996e-05
25.45 -9.03827e-05
25.46 -8.72028e-05
25.47 -8.50338e-05
25.48 -8.36352e-05
25.49 -8.26178e-05
25.5 -8.16546e-05
25.51 -8.06355e-05
25.52 -7.97066e-05
25.53 -7.92056e-05
25.54 -7.95349e-05
25.55 -8.102e-05
25.56 -8.38054e-05
25.57 -8.78215e-05
25.58 -9.28312e-05
25.59 -9.85372e-05
25.6 -0.000104716
25.61 -0.000111326
25.62 -0.000118534
25.63 -0.000126631
25.64 -0.000135843
25.65 -0.000146136
25.66 -0.00015715
25.67 -0.000168311
25.68 -0.000179089
25.69 -0.000189232
25.7 -0.000198842
25.71 -0.00020824
25.72 -0.000217733
25.73 -0.000227399
25.74 -0.000237035
25.75 -0.000246245
25.76 -0.000254597
25.77 -0.000261764
25.78 -0.000267582
25.79 -0.000272052
25.8 -0.00027531
25.81 -0.000277614
25.82 -0.000279271
25.83 -0.000280472
25.84 -0.000281097
25.85 -0.000280641
25.86 -0.000278376
25.87 -0.000273702
25.88 -0.000266478
25.89 -0.000257122
25.9 -0.000246414
25.91 -0.000235116
25.92 -0.00022364
25.93 -0.000211909
25.94 -0.00019946
25.95 -0.000185697
25.96 -0.000170157
25.97 -0.000152712
25.98 -0.000133616
25.99 -0.000113393
26 -9.26272e-05
26.01 -7.17428e-05
26.02 -5.08835e-05
26.03 -2.99176e-05
26.04 -8.56093e-06
26.05 1.34301e-05
26.06 3.60763e-05
26.07 5.91049e-05
26.08 8.2035e-05
26.09 0.000104355
26.1 0.000125694
26.11 0.000145917
26.12 0.000165127
26.13 0.000183555
26.14 0.000201428
26.15 0.000218866
26.16 0.000235862
26.17 0.000252302
26.18 0.000267958
26.19 0.000282502
26.2 0.000295582
26.21 0.000306973
26.22 0.000316689
26.23 0.000324978
26.24 0.000332184
26.25 0.000338601
26.26 0.000344392
26.27 0.000349572
26.28 0.000354021
26.29 0.000357503
26.3 0.000359728
26.31 0.000360445
26.32 0.000359536
26.33 0.000357066
26.34 0.000353272
26.35 0.000348499
26.36 0.000343091
26.37 0.000337265
26.38 0.000331
26.39 0.000323989
26.4 0.000315686
26.41 0.000305455
26.42 0.000292813
26.43 0.000277636
26.44 0.000260192
26.45 0.000240978
26.46 0.000220457
26.47 0.000198866
26.48 0.000176158
26.49 0.000152071
26.5 0.000126269
26.51 9.84916e-05
26.52 6.86579e-05
26.53 3.68825e-05
26.54 3.41476e-06
26.55 -3.14516e-05
26.56 -6.74614e-05
26.57 -0.000104454
26.58 -0.000142363
26.59 -0.000181151
26.6 -0.000220693
26.61 -0.000260715
26.62 -0.000300785
26.63 -0.00034036
26.64 -0.000378829
26.65 -0.000415563
26.66 -0.000449959
26.67 -0.00048146
26.68 -0.000509544
26.69 -0.000533706
26.7 -0.000553464
26.71 -0.000568396
26.72 -0.000578235
26.73 -0.000583
26.74 -0.000583047
26.75 -0.000578992
26.76 -0.000571503
26.77 -0.000561074
26.78 -0.000547925
26.79 -0.000532045
26.8 -0.000513336
26.81 -0.000491755
26.82 -0.000467351
26.83 -0.000440222
26.84 -0.000410451
26.85 -0.000378104
26.86 -0.000343246
26.87 -0.000305943
26.88 -0.000266208
26.89 -0.000223948
26.9 -0.000178967
26.91 -0.000131059
26.92 -8.01406e-05
26.93 -2.63254e-05
26.94 3.01348e-05
26.95 8.89819e-05
26.96 0.000150021
26.97 0.00021305
26.98 0.000277708
26.99 0.000343381
27 0.000409257
27.01 0.000474476
27.02 0.000538232
27.03 0.000599727
27.04 0.000658022
27.05 0.000711944
27.06 0.000760164
27.07 0.000801475
27.08 0.000835158
27.09 0.000861282
27.1 0.000880778
27.11 0.000895216
27.12 0.000906354
27.13 0.000915624
27.14 0.000923794
27.15 0.000930906
27.16 0.000936474
27.17 0.000939809
27.18 0.000940344
27.19 0.000937863
27.2 0.000932579
27.21 0.000925016
27.22 0.000915764
27.23 0.000905226
27.24 0.000893443
27.25 0.000880092
27.26 0.00086464
27.27 0.000846606
27.28 0.00082584
27.29 0.000802661
27.3 0.00077777
27.31 0.000751951
27.32 0.000725697
27.33 0.000698963
27.34 0.000671185
27.35 0.000641537
27.36 0.000609297
27.37 0.00057412
27.38 0.000536111
27.39 0.000495694
27.4 0.000453372
27.41 0.000409506
27.42 0.00036419
27.43 0.000317231
27.44 0.000268215
27.45 0.000216637
27.46 0.000162075
27.47 0.000104371
27.48 4.37302e-05
27.49 -1.93107e-05
27.5 -8.40723e-05
27.51 -0.00015
27.52 -0.000216882
27.53 -0.000284877
27.54 -0.000354298
27.55 -0.000425222
27.56 -0.000497143
27.57 -0.000568811
27.58 -0.000638354
27.59 -0.000703595
27.6 -0.000762462
27.61 -0.000813365
27.62 -0.00085548
27.63 -0.000888904
27.64 -0.000914596
27.65 -0.000934128
27.66 -0.000949252
27.67 -0.000961452
27.68 -0.000971608
27.69 -0.000979911
27.7 -0.000986004
27.71 -0.000989285
27.72 -0.000989251
27.73 -0.000985776
27.74 -0.000979233
27.75 -0.000970403
27.76 -0.000960192
27.77 -0.000949262
27.78 -0.000937736
27.79 -0.000925137
27.8 -0.000910596
27.81 -0.00089325
27.82 -0.000872603
27.83 -0.000848675
27.84 -0.000821918
27.85 -0.000792993
27.86 -0.00076251
27.87 -0.000730808
27.88 -0.000697847
27.89 -0.000663272
27.9 -0.000626601
27.91 -0.000587435
27.92 -0.000545582
27.93 -0.00050107
27.94 -0.000454089
27.95 -0.000404908
27.96 -0.00035378
27.97 -0.000300853
27.98 -0.000246103
27.99 -0.000189332
28 -0.000130264
28.01 -6.86951e-05
28.02 -4.6442e-06
28.03 6.16035e-05
28.04 0.000129579
28.05 0.000198788
28.06 0.000268848
28.07 0.000339491
28.08 0.000410402
28.09 0.000480972
28.1 0.00055007
28.11 0.000615989
28.12 0.00067658
28.13 0.000729559
28.14 0.000772947
28.15 0.00080557
28.16 0.000827476
28.17 0.000840054
28.18 0.000845705
28.19 0.000847158
28.2 0.000846721
28.21 0.000845735
28.22 0.000844402
28.23 0.000842009
28.24 0.000837408
28.25 0.000829606
28.26 0.000818232
28.27 0.000803694
28.28 0.000786974
28.29 0.000769155
28.3 0.000750943
28.31 0.000732414
28.32 0.000713089
28.33 0.00069226
28.34 0.000669352
28.35 0.000644162
28.36 0.000616877
28.37 0.000587922
28.38 0.000557725
28.39 0.000526517
28.4 0.000494247
28.41 0.000460608
28.42 0.000425166
28.43 0.000387539
28.44 0.000347555
28.45 0.000305332
28.46 0.00026124
28.47 0.000215769
28.48 0.000169348
28.49 0.000122167
28.5 7.41081e-05
28.51 2.48097e-05
28.52 -2.61367e-05
28.53 -7.89868e-05
28.54 -0.000133718
28.55 -0.000190007
28.56 -0.000247291
28.57 -0.00030485
28.58 -0.000361903
28.59 -0.000417671
28.6 -0.00047142
28.61 -0.000522436
28.62 -0.000569986
28.63 -0.000613301
28.64 -0.000651628
28.65 -0.000684371
28.66 -0.000711246
28.67 -0.000732426
28.68 -0.000748558
28.69 -0.000760639
28.7 -0.000769752
28.71 -0.000776767
28.72 -0.000782138
28.73 -0.000785874
28.74 -0.000787684
28.75 -0.000787208
28.76 -0.000784226
28.77 -0.00077877
28.78 -0.000771112
28.79 -0.000761653
28.8 -0.000750761
28.81 -0.000738649
28.82 -0.000725342
28.83 -0.000710707
28.84 -0.000694538
28.85 -0.000676657
28.86 -0.000656997
28.87 -0.000635642
28.88 -0.00061279
28.89 -0.000588668
28.9 -0.000563422
28.91 -0.000537073
28.92 -0.000509531
28.93 -0.000480675
28.94 -0.00045042
28.95 -0.000418764
28.96 -0.00038579
28.97 -0.00035163
28.98 -0.000316416
28.99 -0.000280233
29 -0.000243103
29.01 -0.000204979
29.02 -0.000165777
29.03 -0.000125415
29.04 -8.386e-05
29.05 -4.1163e-05
29.06 2.52756e-06
29.07 4.69853e-05
29.08 9.19445e-05
29.09 0.00013714
29.1 0.000182328
29.11 0.000227272
29.12 0.0002717
29.13 0.000315265
29.14 0.000357516
29.15 0.000397914
29.16 0.000435884
29.17 0.000470878
29.18 0.000502448
29.19 0.000530303
29.2 0.000554354
29.21 0.000574706
29.22 0.000591624
29.23 0.000605449
29.24 0.000616521
29.25 0.000625123
29.26 0.000631463
29.27 0.000635697
29.28 0.000637951
29.29 0.000638351
29.3 0.000637032
29.31 0.000634137
29.32 0.000629795
29.33 0.000624106
29.34 0.000617126
29.35 0.000608874
29.36 0.000599345
29.37 0.000588531
29.38 0.000576436
29.39 0.00056309
29.4 0.000548542
29.41 0.000532851
29.42 0.000516066
29.43 0.000498216
29.44 0.000479305
29.45 0.000459317
29.46 0.000438229
29.47 0.000416031
29.48 0.000392726
29.49 0.000368341
29.5 0.000342913
29.51 0.000316485
29.52 0.000289094
29.53 0.000260768
29.54 0.000231525
29.55 0.00020138
29.56 0.00017035
29.57 0.000138463
29.58 0.000105767
29.59 7.23274e-05
29.6 3.82275e-05
29.61 3.56587e-06
29.62 -3.15485e-05
29.63 -6.69952e-05
29.64 -0.000102638
29.65 -0.000138316
29.66 -0.000173842
29.67 -0.000208992
29.68 -0.000243513
29.69 -0.000277126
29.7 -0.000309536
29.71 -0.000340443
29.72 -0.000369555
29.73 -0.000396602
29.74 -0.00042135
29.75 -0.000443617
29.76 -0.00046328
29.77 -0.000480285
29.78 -0.000494644
29.79 -0.00050643
29.8 -0.000515762
29.81 -0.000522786
29.82 -0.000527656
29.83 -0.000530515
29.84 -0.000531494
29.85 -0.000530701
29.86 -0.000528234
29.87 -0.000524178
29.88 -0.000518619
29.89 -0.00051164
29.9 -0.000503322
29.91 -0.000493737
29.92 -0.000482948
29.93 -0.000471001
29.94 -0.000457931
29.95 -0.000443763
29.96 -0.000428521
29.97 -0.000412228
29.98 -0.000394914
29.99 -0.000376609
30 -0.00035735
30.01 -0.000337173
30.02 -0.000316117
30.03 -0.000294214
30.04 -0.000271488
30.05 -0.000247953
30.06 -0.000223625
30.07 -0.000198528
30.08 -0.000172701
30.09 -0.000146199
30.1 -0.000119084
30.11 -9.1418e-05
30.12 -6.32635e-05
30.13 -3.4682e-05
30.14 -5.74116e-06
30.15 2.348e-05
30.16 5.28874e-05
30.17 8.23704e-05
30.18 0.000111802
30.19 0.000141042
30.2 0.000169936
30.21 0.000198321
30.22 0.000226029
30.23 0.000252884
30.24 0.00027871
30.25 0.000303332
30.26 0.000326572
30.27 0.000348267
30.28 0.000368266
30.29 0.000386448
30.3 0.000402724
30.31 0.000417041
30.32 0.000429386
30.33 0.000439773
30.34 0.000448243
30.35 0.000454852
30.36 0.000459666
30.37 0.000462754
30.38 0.000464185
30.39 0.000464028
30.4 0.000462352
30.41 0.000459224
30.42 0.000454712
30.43 0.00044888
30.44 0.000441789
30.45 0.000433495
30.46 0.000424045
30.47 0.000413482
30.48 0.000401841
30.49 0.000389157
30.5 0.000375461
30.51 0.000360783
30.52 0.000345157
30.53 0.000328613
30.54 0.000311184
30.55 0.0002929
30.56 0.000273792
30.57 0.000253892
30.58 0.000233231
30.59 0.000211845
30.6 0.000189771
30.61 0.000167049
30.62 0.000143723
30.63 0.00011984
30.64 9.54519e-05
30.65 7.06131e-05
30.66 4.53848e-05
30.67 1.98346e-05
30.68 -5.96172e-06
30.69 -3.19197e-05
30.7 -5.79457e-05
30.71 -8.39372e-05
30.72 -0.000109783
30.73 -0.000135364
30.74 -0.000160556
30.75 -0.000185224
30.76 -0.000209234
30.77 -0.000232443
30.78 -0.000254712
30.79 -0.000275901
30.8 -0.000295877
30.81 -0.000314517
30.82 -0.000331713
30.83 -0.000347377
30.84 -0.000361441
30.85 -0.000373861
30.86 -0.000384615
30.87 -0.000393701
30.88 -0.000401137
30.89 -0.000406952
30.9 -0.000411188
30.91 -0.000413894
30.92 -0.000415121
30.93 -0.000414925
30.94 -0.000413359
30.95 -0.000410478
30.96 -0.000406335
30.97 -0.000400981
30.98 -0.000394465
30.99 -0.000386833
31 -0.000378127
31.01 -0.000368388
31.02 -0.000357651
31.03 -0.000345953
31.04 -0.000333326
31.05 -0.000319804
31.06 -0.000305418
31.07 -0.000290201
31.08 -0.000274184
31.09 -0.000257402
31.1 -0.000239887
31.11 -0.000221672
31.12 -0.000202794
31.13 -0.000183287
31.14 -0.000163191
31.15 -0.000142548
31.16 -0.0001214
31.17 -9.9796e-05
31.18 -7.77869e-05
31.19 -5.54284e-05
31.2 -3.27808e-05
31.21 -9.90954e-06
31.22 1.31144e-05
31.23 3.62144e-05
31.24 5.93077e-05
31.25 8.23055e-05
31.26 0.000105113
31.27 0.000127631
31.28 0.000149753
31.29 0.000171372
31.3 0.000192374
31.31 0.000212648
31.32 0.000232079
31.33 0.00025056
31.34 0.000267985
31.35 0.000284259
31.36 0.000299297
31.37 0.000313026
31.38 0.00032539
31.39 0.000336348
31.4 0.000345874
31.41 0.000353958
31.42 0.000360603
31.43 0.000365824
31.44 0.000369645
31.45 0.000372095
31.46 0.000373213
31.47 0.000373036
31.48 0.000371607
31.49 0.000368969
31.5 0.000365164
31.51 0.000360235
31.52 0.000354224
31.53 0.00034717
31.54 0.000339113
31.55 0.000330088
31.56 0.000320132
31.57 0.000309278
31.58 0.000297558
31.59 0.000285007
31.6 0.000271656
31.61 0.000257539
31.62 0.000242689
31.63 0.000227141
31.64 0.000210929
31.65 0.000194089
31.66 0.000176658
31.67 0.000158674
31.68 0.000140178
31.69 0.000121212
31.7 0.000101821
31.71 8.20519e-05
31.72 6.19571e-05
31.73 4.15908e-05
31.74 2.10115e-05
31.75 2.81762e-07
31.76 -2.05315e-05
31.77 -4.1357e-05
31.78 -6.21193e-05
31.79 -8.27387e-05
31.8 -0.000103131
31.81 -0.000123211
31.82 -0.000142886
31.83 -0.000162065
31.84 -0.000180655
31.85 -0.000198562
31.86 -0.000215696
31.87 -0.000231966
31.88 -0.000247291
31.89 -0.000261593
31.9 -0.000274803
31.91 -0.000286865
31.92 -0.00029773
31.93 -0.000307363
31.94 -0.00031574
31.95 -0.000322849
31.96 -0.000328688
31.97 -0.000333265
31.98 -0.000336592
31.99 -0.000338693
32 -0.000339592
32.01 -0.00033932
32.02 -0.000337909
32.03 -0.000335392
32.04 -0.000331805
32.05 -0.000327182
32.06 -0.000321559
32.07 -0.000314971
32.08 -0.000307451
32.09 -0.000299033
32.1 -0.00028975
32.11 -0.000279634
32.12 -0.000268716
32.13 -0.00025703
32.14 -0.000244608
32.15 -0.000231481
32.16 -0.000217685
32.17 -0.000203252
32.18 -0.000188219
32.19 -0.00017262
32.2 -0.000156492
32.21 -0.000139876
32.22 -0.00012281
32.23 -0.000105337
32.24 -8.7502e-05
32.25 -6.93517e-05
32.26 -5.0936e-05
32.27 -3.23078e-05
32.28 -1.35228e-05
32.29 5.35983e-06
32.3 2.42778e-05
32.31 4.31655e-05
32.32 6.19542e-05
32.33 8.05721e-05
32.34 9.89449e-05
32.35 0.000116996
32.36 0.000134646
32.37 0.000151817
32.38 0.000168428
32.39 0.000184401
32.4 0.000199658
32.41 0.000214127
32.42 0.000227736
32.43 0.000240424
32.44 0.000252134
32.45 0.000262817
32.46 0.000272433
32.47 0.000280951
32.48 0.00028835
32.49 0.000294617
32.5 0.000299748
32.51 0.000303745
32.52 0.000306617
32.53 0.000308381
32.54 0.000309054
32.55 0.00030866
32.56 0.000307225
32.57 0.000304777
32.58 0.000301343
32.59 0.000296955
32.6 0.000291643
32.61 0.000285436
32.62 0.000278367
32.63 0.000270464
32.64 0.000261759
32.65 0.000252282
32.66 0.000242065
32.67 0.000231137
32.68 0.000219531
32.69 0.000207278
32.7 0.000194412
32.71 0.000180967
32.72 0.000166976
32.73 0.000152475
32.74 0.000137502
32.75 0.000122094
32.76 0.000106291
32.77 9.01342e-05
32.78 7.36679e-05
32.79 5.69374e-05
32.8 3.99907e-05
32.81 2.28782e-05
32.82 5.65278e-06
32.83 -1.16301e-05
32.84 -2.89124e-05
32.85 -4.61337e-05
32.86 -6.32312e-05
32.87 -8.014e-05
32.88 -9.67934e-05
32.89 -0.000113123
32.9 -0.00012906
32.91 -0.000144536
32.92 -0.00015948
32.93 -0.000173825
32.94 -0.000187506
32.95 -0.000200459
32.96 -0.000212626
32.97 -0.000223954
32.98 -0.000234394
32.99 -0.000243905
33 -0.000252454
33.01 -0.000260012
33.02 -0.000266561
33.03 -0.000272088
33.04 -0.000276587
33.05 -0.00028006
33.06 -0.000282512
33.07 -0.000283953
33.08 -0.0002844
33.09 -0.00028387
33.1 -0.000282384
33.11 -0.000279965
33.12 -0.000276639
33.13 -0.00027243
33.14 -0.000267366
33.15 -0.000261474
33.16 -0.000254781
33.17 -0.000247317
33.18 -0.000239108
33.19 -0.000230186
33.2 -0.000220578
33.21 -0.000210315
33.22 -0.000199428
33.23 -0.000187948
33.24 -0.000175907
33.25 -0.000163339
33.26 -0.000150277
33.27 -0.000136755
33.28 -0.000122811
33.29 -0.000108482
33.3 -9.38062e-05
33.31 -7.88246e-05
33.32 -6.35792e-05
33.33 -4.8114e-05
33.34 -3.24749e-05
33.35 -1.67099e-05
33.36 -8.68804e-07
33.37 1.49965e-05
33.38 3.08322e-05
33.39 4.65827e-05
33.4 6.21907e-05
33.41 7.75974e-05
33.42 9.27428e-05
33.43 0.000107566
33.44 0.000122007
33.45 0.000136003
33.46 0.000149496
33.47 0.000162426
33.48 0.000174736
33.49 0.000186373
33.5 0.000197287
33.51 0.000207431
33.52 0.000216766
33.53 0.000225256
33.54 0.000232872
33.55 0.000239589
33.56 0.00024539
33.57 0.000250264
33.58 0.000254205
33.59 0.000257212
33.6 0.000259289
33.61 0.000260445
33.62 0.000260689
33.63 0.000260039
33.64 0.00025851
33.65 0.000256122
33.66 0.000252897
33.67 0.000248857
33.68 0.000244025
33.69 0.000238426
33.7 0.000232086
33.71 0.000225029
33.72 0.000217284
33.73 0.000208877
33.74 0.000199836
33.75 0.000190189
33.76 0.000179967
33.77 0.0001692
33.78 0.000157918
33.79 0.000146154
33.8 0.00013394
33.81 0.00012131
33.82 0.000108301
33.83 9.49467e-05
33.84 8.12865e-05
33.85 6.73589e-05
33.86 5.32047e-05
33.87 3.88659e-05
33.88 2.43865e-05
33.89 9.81174e-06
33.9 -4.81118e-06
33.91 -1.94336e-05
33.92 -3.40055e-05
33.93 -4.84753e-05
33.94 -6.27902e-05
33.95 -7.68966e-05
33.96 -9.074e-05
33.97 -0.000104266
33.98 -0.000117419
33.99 -0.000130146
34 -0.000142393
34.01 -0.000154108
34.02 -0.000165242
34.03 -0.000175748
34.04 -0.000185583
34.05 -0.000194708
34.06 -0.000203085
34.07 -0.000210686
34.08 -0.000217485
34.09 -0.00022346
34.1 -0.000228597
34.11 -0.000232885
34.12 -0.000236318
34.13 -0.000238895
34.14 -0.000240619
34.15 -0.000241496
34.16 -0.000241536
34.17 -0.000240752
34.18 -0.000239158
34.19 -0.000236771
34.2 -0.000233611
34.21 -0.000229697
34.22 -0.00022505
34.23 -0.000219693
34.24 -0.00021365
34.25 -0.000206945
34.26 -0.000199602
34.27 -0.000191648
34.28 -0.00018311
34.29 -0.000174014
34.3 -0.00016439
34.31 -0.000154266
34.32 -0.000143672
34.33 -0.000132639
34.34 -0.0001212
34.35 -0.000109386
34.36 -9.72324e-05
34.37 -8.47733e-05
34.38 -7.20453e-05
34.39 -5.90858e-05
34.4 -4.59335e-05
34.41 -3.26287e-05
34.42 -1.92126e-05
34.43 -5.72821e-06
34.44 7.78053e-06
34.45 2.12683e-05
34.46 3.46886e-05
34.47 4.7994e-05
34.48 6.11363e-05
34.49 7.40665e-05
34.5 8.67354e-05
34.51 9.90938e-05
34.52 0.000111093
34.53 0.000122684
34.54 0.00013382
34.55 0.000144455
34.56 0.000154546
34.57 0.000164053
34.58 0.000172936
34.59 0.000181162
34.6 0.000188699
34.61 0.000195521
34.62 0.000201606
34.63 0.000206934
34.64 0.000211493
34.65 0.000215273
34.66 0.000218268
34.67 0.000220476
34.68 0.0002219
34.69 0.000222545
34.7 0.000222418
34.71 0.00022153
34.72 0.000219895
34.73 0.000217526
34.74 0.000214441
34.75 0.000210657
34.76 0.000206195
34.77 0.000201074
34.78 0.000195316
34.79 0.000188944
34.8 0.000181981
34.81 0.000174452
34.82 0.000166383
34.83 0.000157798
34.84 0.000148727
34.85 0.000139196
34.86 0.000129234
34.87 0.000118871
34.88 0.000108138
34.89 9.70657e-05
34.9 8.5688e-05
34.91 7.40381e-05
34.92 6.21507e-05
34.93 5.00618e-05
34.94 3.78085e-05
34.95 2.54289e-05
34.96 1.29625e-05
34.97 4.496e-07
34.98 -1.20683e-05
34.99 -2.45488e-05
35 -3.69485e-05
35.01 -4.92235e-05
35.02 -6.13294e-05
35.03 -7.32211e-05
35.04 -8.48539e-05
35.05 -9.61829e-05
35.06 -0.000107164
35.07 -0.000117754
35.08 -0.00012791
35.09 -0.000137592
35.1 -0.000146762
35.11 -0.000155384
35.12 -0.000163423
35.13 -0.00017085
35.14 -0.000177637
35.15 -0.000183762
35.16 -0.000189204
35.17 -0.000193948
35.18 -0.000197982
35.19 -0.000201296
35.2 -0.000203887
35.21 -0.000205752
35.22 -0.000206893
35.23 -0.000207314
35.24 -0.000207022
35.25 -0.000206028
35.26 -0.000204341
35.27 -0.000201977
35.28 -0.000198948
35.29 -0.000195274
35.3 -0.00019097
35.31 -0.000186057
35.32 -0.000180554
35.33 -0.000174482
35.34 -0.000167865
35.35 -0.000160725
35.36 -0.000153086
35.37 -0.000144974
35.38 -0.000136413
35.39 -0.000127432
35.4 -0.000118057
35.41 -0.000108318
35.42 -9.82425e-05
35.43 -8.78622e-05
35.44 -7.7208e-05
35.45 -6.63121e-05
35.46 -5.52078e-05
35.47 -4.39292e-05
35.48 -3.25115e-05
35.49 -2.09909e-05
35.5 -9.40444e-06
35.51 2.20992e-06
35.52 1.38134e-05
35.53 2.53664e-05
35.54 3.68288e-05
35.55 4.81599e-05
35.56 5.93189e-05
35.57 7.02646e-05
35.58 8.09562e-05
35.59 9.13529e-05
35.6 0.000101415
35.61 0.000111103
35.62 0.00012038
35.63 0.000129209
35.64 0.000137556
35.65 0.000145389
35.66 0.000152679
35.67 0.000159398
35.68 0.000165523
35.69 0.000171033
35.7 0.000175911
35.71 0.000180142
35.72 0.000183716
35.73 0.000186625
35.74 0.000188865
35.75 0.000190433
35.76 0.000191332
35.77 0.000191565
35.78 0.000191138
35.79 0.00019006
35.8 0.000188341
35.81 0.000185993
35.82 0.000183029
35.83 0.000179465
35.84 0.000175318
35.85 0.000170605
35.86 0.000165346
35.87 0.000159559
35.88 0.000153267
35.89 0.000146491
35.9 0.000139254
35.91 0.00013158
35.92 0.000123494
35.93 0.000115022
35.94 0.000106189
35.95 9.70226e-05
35.96 8.75519e-05
35.97 7.78055e-05
35.98 6.78133e-05
35.99 5.76062e-05
36 4.72159e-05
36.01 3.6675e-05
36.02 2.60168e-05
36.03 1.52756e-05
36.04 4.48652e-06
36.05 -6.31475e-06
36.06 -1.70918e-05
36.07 -2.78076e-05
36.08 -3.84249e-05
36.09 -4.8906e-05
36.1 -5.9213e-05
36.11 -6.93082e-05
36.12 -7.91541e-05
36.13 -8.87138e-05
36.14 -9.79509e-05
36.15 -0.00010683
36.16 -0.000115318
36.17 -0.000123381
36.18 -0.00013099
36.19 -0.000138115
36.2 -0.000144731
36.21 -0.000150813
36.22 -0.000156341
36.23 -0.000161296
36.24 -0.000165663
36.25 -0.000169429
36.26 -0.000172585
36.27 -0.000175125
36.28 -0.000177044
36.29 -0.00017834
36.3 -0.000179016
36.31 -0.000179074
36.32 -0.00017852
36.33 -0.000177363
36.34 -0.00017561
36.35 -0.000173274
36.36 -0.000170368
36.37 -0.000166904
36.38 -0.0001629
36.39 -0.000158371
36.4 -0.000153336
36.41 -0.000147813
36.42 -0.000141823
36.43 -0.000135386
36.44 -0.000128523
36.45 -0.000121259
36.46 -0.000113615
36.47 -0.000105618
36.48 -9.72913e-05
36.49 -8.8662e-05
36.5 -7.97567e-05
36.51 -7.06032e-05
36.52 -6.12301e-05
36.53 -5.16666e-05
36.54 -4.19431e-05
36.55 -3.20902e-05
36.56 -2.21397e-05
36.57 -1.2124e-05
36.58 -2.07591e-06
36.59 7.97094e-06
36.6 1.79825e-05
36.61 2.79244e-05
36.62 3.77618e-05
36.63 4.746e-05
36.64 5.69841e-05
36.65 6.62994e-05
36.66 7.53716e-05
36.67 8.41671e-05
36.68 9.26529e-05
36.69 0.000100797
36.7 0.000108569
36.71 0.00011594
36.72 0.000122882
36.73 0.000129369
36.74 0.000135379
36.75 0.00014089
36.76 0.000145883
36.77 0.000150343
36.78 0.000154255
36.79 0.000157609
36.8 0.000160396
36.81 0.00016261
36.82 0.000164247
36.83 0.000165307
36.84 0.000165791
36.85 0.000165701
36.86 0.000165044
36.87 0.000163825
36.88 0.000162054
36.89 0.000159742
36.9 0.000156899
36.91 0.000153539
36.92 0.000149678
36.93 0.000145329
36.94 0.000140511
36.95 0.000135241
36.96 0.000129538
36.97 0.000123421
36.98 0.000116912
36.99 0.000110032
37 0.000102804
37.01 9.52504e-05
37.02 8.73961e-05
37.03 7.92657e-05
37.04 7.0885e-05
37.05 6.22804e-05
37.06 5.34792e-05
37.07 4.45092e-05
37.08 3.53993e-05
37.09 2.61786e-05
37.1 1.68773e-05
37.11 7.52573e-06
37.12 -1.8449e-06
37.13 -1.12031e-05
37.14 -2.05169e-05
37.15 -2.97542e-05
37.16 -3.88827e-05
37.17 -4.787e-05
37.18 -5.66839e-05
37.19 -6.52924e-05
37.2 -7.36642e-05
37.21 -8.17682e-05
37.22 -8.95747e-05
37.23 -9.70545e-05
37.24 -0.00010418
37.25 -0.000110925
37.26 -0.000117265
37.27 -0.000123176
37.28 -0.000128638
37.29 -0.000133633
37.3 -0.000138143
37.31 -0.000142153
37.32 -0.000145653
37.33 -0.000148632
37.34 -0.000151083
37.35 -0.000153
37.36 -0.00015438
37.37 -0.000155224
37.38 -0.000155531
37.39 -0.000155305
37.4 -0.000154551
37.41 -0.000153276
37.42 -0.000151488
37.43 -0.000149196
37.44 -0.000146412
37.45 -0.000143148
37.46 -0.000139418
37.47 -0.000135237
37.48 -0.000130621
37.49 -0.000125586
37.5 -0.000120151
37.51 -0.000114335
37.52 -0.000108156
37.53 -0.000101637
37.54 -9.47978e-05
37.55 -8.76612e-05
37.56 -8.02501e-05
37.57 -7.25883e-05
37.58 -6.47004e-05
37.59 -5.66114e-05
37.6 -4.83473e-05
37.61 -3.99346e-05
37.62 -3.14004e-05
37.63 -2.27726e-05
37.64 -1.40793e-05
37.65 -5.34941e-06
37.66 3.38794e-06
37.67 1.21032e-05
37.68 2.07666e-05
37.69 2.93482e-05
37.7 3.78179e-05
37.71 4.61458e-05
37.72 5.43023e-05
37.73 6.22579e-05
37.74 6.99838e-05
37.75 7.74519e-05
37.76 8.46348e-05
37.77 9.15062e-05
37.78 9.8041e-05
37.79 0.000104216
37.8 0.000110008
37.81 0.000115397
37.82 0.000120364
37.83 0.000124892
37.84 0.000128967
37.85 0.000132575
37.86 0.000135706
37.87 0.000138352
37.88 0.000140505
37.89 0.000142161
37.9 0.000143317
37.91 0.000143973
37.92 0.00014413
37.93 0.000143792
37.94 0.000142962
37.95 0.000141647
37.96 0.000139854
37.97 0.000137594
37.98 0.000134876
37.99 0.000131712
38 0.000128115
38.01 0.000124099
38.02 0.00011968
38.03 0.000114872
38.04 0.000109694
38.05 0.000104163
38.06 9.82983e-05
38.07 9.21191e-05
38.08 8.5646e-05
38.09 7.89002e-05
38.1 7.19036e-05
38.11 6.46789e-05
38.12 5.72494e-05
38.13 4.96391e-05
38.14 4.18727e-05
38.15 3.39753e-05
38.16 2.59727e-05
38.17 1.78912e-05
38.18 9.7575e-06
38.19 1.59882e-06
38.2 -6.5574e-06
38.21 -1.46834e-05
38.22 -2.27514e-05
38.23 -3.07333e-05
38.24 -3.86011e-05
38.25 -4.63273e-05
38.26 -5.38841e-05
38.27 -6.12447e-05
38.28 -6.83823e-05
38.29 -7.52713e-05
38.3 -8.18867e-05
38.31 -8.82044e-05
38.32 -9.42019e-05
38.33 -9.98575e-05
38.34 -0.000105151
38.35 -0.000110065
38.36 -0.000114581
38.37 -0.000118684
38.38 -0.000122363
38.39 -0.000125604
38.4 -0.000128398
38.41 -0.000130739
38.42 -0.000132619
38.43 -0.000134036
38.44 -0.000134986
38.45 -0.000135471
38.46 -0.00013549
38.47 -0.000135048
38.48 -0.000134148
38.49 -0.000132796
38.5 -0.000131001
38.51 -0.000128771
38.52 -0.000126115
38.53 -0.000123045
38.54 -0.000119573
38.55 -0.000115713
38.56 -0.000111479
38.57 -0.000106886
38.58 -0.00010195
38.59 -9.6689e-05
38.6 -9.11202e-05
38.61 -8.52626e-05
38.62 -7.91355e-05
38.63 -7.27592e-05
38.64 -6.61545e-05
38.65 -5.9343e-05
38.66 -5.23469e-05
38.67 -4.51889e-05
38.68 -3.78923e-05
38.69 -3.04812e-05
38.7 -2.29798e-05
38.71 -1.54129e-05
38.72 -7.80571e-06
38.73 -1.83786e-07
38.74 7.42713e-06
38.75 1.50011e-05
38.76 2.25121e-05
38.77 2.9934e-05
38.78 3.72411e-05
38.79 4.44074e-05
38.8 5.14077e-05
38.81 5.8217e-05
38.82 6.4811e-05
38.83 7.1166e-05
38.84 7.72593e-05
38.85 8.3069e-05
38.86 8.85745e-05
38.87 9.37562e-05
38.88 9.85961e-05
38.89 0.000103077
38.9 0.000107185
38.91 0.000110905
38.92 0.000114226
38.93 0.000117138
38.94 0.000119632
38.95 0.000121701
38.96 0.000123341
38.97 0.000124547
38.98 0.000125319
38.99 0.000125655
39 0.000125558
39.01 0.000125031
39.02 0.000124077
39.03 0.000122703
39.04 0.000120915
39.05 0.000118722
39.06 0.000116134
39.07 0.000113161
39.08 0.000109814
39.09 0.000106107
39.1 0.000102052
39.11 9.76654e-05
39.12 9.29615e-05
39.13 8.79569e-05
39.14 8.26686e-05
39.15 7.71144e-05
39.16 7.13128e-05
39.17 6.52832e-05
39.18 5.90454e-05
39.19 5.26198e-05
39.2 4.60277e-05
39.21 3.92906e-05
39.22 3.24308e-05
39.23 2.54708e-05
39.24 1.84337e-05
39.25 1.13431e-05
39.26 4.22253e-06
39.27 -2.90381e-06
39.28 -1.00118e-05
39.29 -1.70771e-05
39.3 -2.40753e-05
39.31 -3.09822e-05
39.32 -3.77737e-05
39.33 -4.44259e-05
39.34 -5.09154e-05
39.35 -5.7219e-05
39.36 -6.33145e-05
39.37 -6.91802e-05
39.38 -7.47951e-05
39.39 -8.01395e-05
39.4 -8.51945e-05
39.41 -8.99424e-05
39.42 -9.43668e-05
39.43 -9.84527e-05
39.44 -0.000102186
39.45 -0.000105556
39.46 -0.00010855
39.47 -0.00011116
39.48 -0.000113379
39.49 -0.000115199
39.5 -0.000116618
39.51 -0.000117632
39.52 -0.00011824
39.53 -0.000118442
39.54 -0.000118239
39.55 -0.000117635
39.56 -0.000116633
39.57 -0.00011524
39.58 -0.000113462
39.59 -0.000111308
39.6 -0.000108785
39.61 -0.000105904
39.62 -0.000102678
39.63 -9.91162e-05
39.64 -9.52334e-05
39.65 -9.10429e-05
39.66 -8.65596e-05
39.67 -8.17989e-05
39.68 -7.67771e-05
39.69 -7.15112e-05
39.7 -6.60188e-05
39.71 -6.03182e-05
39.72 -5.44283e-05
39.73 -4.83686e-05
39.74 -4.21592e-05
39.75 -3.58205e-05
39.76 -2.93735e-05
39.77 -2.28397e-05
39.78 -1.62408e-05
39.79 -9.59894e-06
39.8 -2.93647e-06
39.81 3.72406e-06
39.82 1.036e-05
39.83 1.69485e-05
39.84 2.3467e-05
39.85 2.98929e-05
39.86 3.62037e-05
39.87 4.23775e-05
39.88 4.83924e-05
39.89 5.42273e-05
39.9 5.98616e-05
39.91 6.52754e-05
39.92 7.04497e-05
39.93 7.53664e-05
39.94 8.00081e-05
39.95 8.4359e-05
39.96 8.84041e-05
39.97 9.21298e-05
39.98 9.55238e-05
39.99 9.85751e-05
40 0.000101274
40.01 0.000103613
40.02 0.000105585
40.03 0.000107184
40.04 0.000108407
40.05 0.000109252
40.06 0.000109717
40.07 0.000109802
40.08 0.000109511
40.09 0.000108844
40.1 0.000107807
40.11 0.000106405
40.12 0.000104645
40.13 0.000102534
40.14 0.00010008
40.15 9.72938e-05
40.16 9.41856e-05
40.17 9.0767e-05
40.18 8.70503e-05
40.19 8.30489e-05
40.2 7.87767e-05
40.21 7.42484e-05
40.22 6.94796e-05
40.23 6.44864e-05
40.24 5.92857e-05
40.25 5.38948e-05
40.26 4.83318e-05
40.27 4.26151e-05
40.28 3.67638e-05
40.29 3.07974e-05
40.3 2.47357e-05
40.31 1.8599e-05
40.32 1.24079e-05
40.33 6.18317e-06
40.34 -5.40443e-08
40.35 -6.2826e-06
40.36 -1.24812e-05
40.37 -1.86286e-05
40.38 -2.47036e-05
40.39 -3.06852e-05
40.4 -3.65525e-05
40.41 -4.2285e-05
40.42 -4.78627e-05
40.43 -5.3266e-05
40.44 -5.8476e-05
40.45 -6.34744e-05
40.46 -6.82437e-05
40.47 -7.27674e-05
40.48 -7.70298e-05
40.49 -8.10163e-05
40.5 -8.47135e-05
40.51 -8.81089e-05
40.52 -9.11916e-05
40.53 -9.39516e-05
40.54 -9.63803e-05
40.55 -9.84706e-05
40.56 -0.000100216
40.57 -0.000101613
40.58 -0.000102658
40.59 -0.000103348
40.6 -0.000103683
40.61 -0.000103664
40.62 -0.000103293
40.63 -0.000102571
40.64 -0.000101504
40.65 -0.000100097
40.66 -9.83563e-05
40.67 -9.62887e-05
40.68 -9.39028e-05
40.69 -9.12078e-05
40.7 -8.8214e-05
40.71 -8.49324e-05
40.72 -8.13748e-05
40.73 -7.75538e-05
40.74 -7.34829e-05
40.75 -6.9176e-05
40.76 -6.4648e-05
40.77 -5.99142e-05
40.78 -5.49907e-05
40.79 -4.9894e-05
40.8 -4.46411e-05
40.81 -3.92497e-05
40.82 -3.37377e-05
40.83 -2.81237e-05
40.84 -2.24264e-05
40.85 -1.66649e-05
40.86 -1.08587e-05
40.87 -5.02731e-06
40.88 8.09462e-07
40.89 6.63174e-06
40.9 1.24196e-05
40.91 1.81533e-05
40.92 2.38129e-05
40.93 2.93789e-05
40.94 3.48321e-05
40.95 4.01534e-05
40.96 4.53242e-05
40.97 5.03267e-05
40.98 5.51433e-05
40.99 5.97572e-05
41 6.41526e-05
41.01 6.83141e-05
41.02 7.22276e-05
41.03 7.58798e-05
41.04 7.92585e-05
41.05 8.23523e-05
41.06 8.51514e-05
41.07 8.76468e-05
41.08 8.98309e-05
41.09 9.16971e-05
41.1 9.32402e-05
41.11 9.44562e-05
41.12 9.53423e-05
41.13 9.58968e-05
41.14 9.61193e-05
41.15 9.60105e-05
41.16 9.55724e-05
41.17 9.48078e-05
41.18 9.37209e-05
41.19 9.23167e-05
41.2 9.06013e-05
41.21 8.85818e-05
41.22 8.62661e-05
41.23 8.36631e-05
41.24 8.07826e-05
41.25 7.7635e-05
41.26 7.42317e-05
41.27 7.05847e-05
41.28 6.67068e-05
41.29 6.26113e-05
41.3 5.83124e-05
41.31 5.38247e-05
41.32 4.91634e-05
41.33 4.43442e-05
41.34 3.93834e-05
41.35 3.42976e-05
41.36 2.9104e-05
41.37 2.382e-05
41.38 1.84634e-05
41.39 1.30523e-05
41.4 7.60496e-06
41.41 2.13983e-06
41.42 -3.32447e-06
41.43 -8.76932e-06
41.44 -1.41761e-05
41.45 -1.95261e-05
41.46 -2.4801e-05
41.47 -2.99826e-05
41.48 -3.50529e-05
41.49 -3.99943e-05
41.5 -4.47897e-05
41.51 -4.94224e-05
41.52 -5.38764e-05
41.53 -5.81363e-05
41.54 -6.21873e-05
41.55 -6.60157e-05
41.56 -6.96083e-05
41.57 -7.29532e-05
41.58 -7.60391e-05
41.59 -7.8856e-05
41.6 -8.13948e-05
41.61 -8.36475e-05
41.62 -8.56072e-05
41.63 -8.72682e-05
41.64 -8.86258e-05
41.65 -8.96765e-05
41.66 -9.04179e-05
41.67 -9.08489e-05
41.68 -9.09691e-05
41.69 -9.07797e-05
41.7 -9.02824e-05
41.71 -8.94804e-05
41.72 -8.83776e-05
41.73 -8.69791e-05
41.74 -8.52907e-05
41.75 -8.33192e-05
41.76 -8.10723e-05
41.77 -7.85586e-05
41.78 -7.57874e-05
41.79 -7.27686e-05
41.8 -6.95133e-05
41.81 -6.60328e-05
41.82 -6.23393e-05
41.83 -5.84456e-05
41.84 -5.43651e-05
41.85 -5.01118e-05
41.86 -4.57e-05
41.87 -4.11448e-05
41.88 -3.64616e-05
41.89 -3.1666e-05
41.9 -2.67745e-05
41.91 -2.18033e-05
41.92 -1.67694e-05
41.93 -1.16897e-05
41.94 -6.58142e-06
41.95 -1.46199e-06
41.96 3.65119e-06
41.97 8.74067e-06
41.98 1.3789e-05
41.99 1.87789e-05
42 2.36932e-05
42.01 2.85149e-05
42.02 3.32274e-05
42.03 3.78144e-05
42.04 4.226e-05
42.05 4.6549e-05
42.06 5.06665e-05
42.07 5.45984e-05
42.08 5.83311e-05
42.09 6.18522e-05
42.1 6.51495e-05
42.11 6.82121e-05
42.12 7.103e-05
42.13 7.35938e-05
42.14 7.58955e-05
42.15 7.79277e-05
42.16 7.96845e-05
42.17 8.11605e-05
42.18 8.23517e-05
42.19 8.32551e-05
42.2 8.38686e-05
42.21 8.41914e-05
42.22 8.42234e-05
42.23 8.39657e-05
42.24 8.34204e-05
42.25 8.25905e-05
42.26 8.14799e-05
42.27 8.00934e-05
42.28 7.84367e-05
42.29 7.65165e-05
42.3 7.43401e-05
42.31 7.19157e-05
42.32 6.92522e-05
42.33 6.63593e-05
42.34 6.32472e-05
42.35 5.9927e-05
42.36 5.64102e-05
42.37 5.27091e-05
42.38 4.88364e-05
42.39 4.48053e-05
42.4 4.06296e-05
42.41 3.63235e-05
42.42 3.19017e-05
42.43 2.7379e-05
42.44 2.27709e-05
42.45 1.80929e-05
42.46 1.33609e-05
42.47 8.5909e-06
42.48 3.79918e-06
42.49 -9.97961e-07
42.5 -5.78416e-06
42.51 -1.05431e-05
42.52 -1.52583e-05
42.53 -1.99138e-05
42.54 -2.44935e-05
42.55 -2.89816e-05
42.56 -3.33627e-05
42.57 -3.76216e-05
42.58 -4.17438e-05
42.59 -4.5715e-05
42.6 -4.95216e-05
42.61 -5.31506e-05
42.62 -5.65897e-05
42.63 -5.98273e-05
42.64 -6.28524e-05
42.65 -6.5655e-05
42.66 -6.82259e-05
42.67 -7.05569e-05
42.68 -7.26404e-05
42.69 -7.44701e-05
42.7 -7.60404e-05
42.71 -7.73468e-05
42.72 -7.83857e-05
42.73 -7.91545e-05
42.74 -7.96515e-05
42.75 -7.98762e-05
42.76 -7.98286e-05
42.77 -7.95102e-05
42.78 -7.89229e-05
42.79 -7.80698e-05
42.8 -7.69548e-05
42.81 -7.55827e-05
42.82 -7.39589e-05
42.83 -7.20899e-05
42.84 -6.99828e-05
42.85 -6.76454e-05
42.86 -6.50863e-05
42.87 -6.23147e-05
42.88 -5.93405e-05
42.89 -5.61741e-05
42.9 -5.28267e-05
42.91 -4.93098e-05
42.92 -4.56356e-05
42.93 -4.18166e-05
42.94 -3.7866e-05
42.95 -3.37972e-05
42.96 -2.9624e-05
42.97 -2.53607e-05
42.98 -2.10216e-05
42.99 -1.66216e-05
43 -1.21755e-05
43.01 -7.69856e-06
43.02 -3.20592e-06
43.03 1.28708e-06
43.04 5.7651e-06
43.05 1.02128e-05
43.06 1.46151e-05
43.07 1.89567e-05
43.08 2.32228e-05
43.09 2.73988e-05
43.1 3.14703e-05
43.11 3.54233e-05
43.12 3.92443e-05
43.13 4.29201e-05
43.14 4.64384e-05
43.15 4.9787e-05
43.16 5.29546e-05
43.17 5.59307e-05
43.18 5.87052e-05
43.19 6.12691e-05
43.2 6.36139e-05
43.21 6.5732e-05
43.22 6.76169e-05
43.23 6.92627e-05
43.24 7.06644e-05
43.25 7.18181e-05
43.26 7.27204e-05
43.27 7.33693e-05
43.28 7.37635e-05
43.29 7.39024e-05
43.3 7.37866e-05
43.31 7.34173e-05
43.32 7.27968e-05
43.33 7.1928e-05
43.34 7.08148e-05
43.35 6.94617e-05
43.36 6.78743e-05
43.37 6.60585e-05
43.38 6.40214e-05
43.39 6.17703e-05
43.4 5.93135e-05
43.41 5.66599e-05
43.42 5.38188e-05
43.43 5.08003e-05
43.44 4.76149e-05
43.45 4.42737e-05
43.46 4.07882e-05
43.47 3.71704e-05
43.48 3.34328e-05
43.49 2.95881e-05
43.5 2.56493e-05
43.51 2.163e-05
43.52 1.75438e-05
43.53 1.34046e-05
43.54 9.22648e-06
43.55 5.02375e-06
43.56 8.10701e-07
43.57 -3.39828e-06
43.58 -7.58881e-06
43.59 -1.17466e-05
43.6 -1.58573e-05
43.61 -1.99069e-05
43.62 -2.38816e-05
43.63 -2.77677e-05
43.64 -3.15518e-05
43.65 -3.52211e-05
43.66 -3.8763e-05
43.67 -4.21654e-05
43.68 -4.54167e-05
43.69 -4.85059e-05
43.7 -5.14227e-05
43.71 -5.41573e-05
43.72 -5.67006e-05
43.73 -5.90442e-05
43.74 -6.11806e-05
43.75 -6.31029e-05
43.76 -6.4805e-05
43.77 -6.62818e-05
43.78 -6.75289e-05
43.79 -6.85426e-05
43.8 -6.93204e-05
43.81 -6.98602e-05
43.82 -7.01611e-05
43.83 -7.02229e-05
43.84 -7.00461e-05
43.85 -6.96324e-05
43.86 -6.89837e-05
43.87 -6.81033e-05
43.88 -6.69948e-05
43.89 -6.56628e-05
43.9 -6.41125e-05
43.91 -6.23499e-05
43.92 -6.03815e-05
43.93 -5.82146e-05
43.94 -5.58571e-05
43.95 -5.33174e-05
43.96 -5.06045e-05
43.97 -4.7728e-05
43.98 -4.4698e-05
43.99 -4.1525e-05
44 -3.82198e-05
44.01 -3.47941e-05
44.02 -3.12594e-05
44.03 -2.76279e-05
44.04 -2.3912e-05
44.05 -2.01243e-05
44.06 -1.62779e-05
44.07 -1.23858e-05
44.08 -8.46136e-06
44.09 -4.51784e-06
44.1 -5.68758e-07
44.11 3.37241e-06
44.12 7.29221e-06
44.13 1.11772e-05
44.14 1.50142e-05
44.15 1.879e-05
44.16 2.24916e-05
44.17 2.61065e-05
44.18 2.96224e-05
44.19 3.3027e-05
44.2 3.6309e-05
44.21 3.94572e-05
44.22 4.24608e-05
44.23 4.53098e-05
44.24 4.79947e-05
44.25 5.05064e-05
44.26 5.28367e-05
44.27 5.49779e-05
44.28 5.69232e-05
44.29 5.86664e-05
44.3 6.02019e-05
44.31 6.15252e-05
44.32 6.26323e-05
44.33 6.352e-05
44.34 6.41861e-05
44.35 6.46289e-05
44.36 6.48477e-05
44.37 6.48424e-05
44.38 6.46138e-05
44.39 6.41635e-05
44.4 6.34937e-05
44.41 6.26075e-05
44.42 6.15084e-05
44.43 6.0201e-05
44.44 5.86903e-05
44.45 5.6982e-05
44.46 5.50826e-05
44.47 5.29988e-05
44.48 5.07383e-05
44.49 4.83093e-05
44.5 4.57202e-05
44.51 4.29801e-05
44.52 4.00988e-05
44.53 3.70862e-05
44.54 3.39527e-05
44.55 3.07091e-05
44.56 2.73666e-05
44.57 2.39366e-05
44.58 2.0431e-05
44.59 1.68617e-05
44.6 1.32408e-05
44.61 9.58084e-06
44.62 5.89422e-06
44.63 2.19354e-06
44.64 -1.50854e-06
44.65 -5.19939e-06
44.66 -8.86639e-06
44.67 -1.2497e-05
44.68 -1.60788e-05
44.69 -1.95996e-05
44.7 -2.30473e-05
44.71 -2.64102e-05
44.72 -2.96767e-05
44.73 -3.28359e-05
44.74 -3.58769e-05
44.75 -3.87895e-05
44.76 -4.15638e-05
44.77 -4.41905e-05
44.78 -4.66609e-05
44.79 -4.89667e-05
44.8 -5.11004e-05
44.81 -5.3055e-05
44.82 -5.48243e-05
44.83 -5.64026e-05
44.84 -5.77851e-05
44.85 -5.89675e-05
44.86 -5.99463e-05
44.87 -6.07189e-05
44.88 -6.12832e-05
44.89 -6.1638e-05
44.9 -6.17826e-05
44.91 -6.17174e-05
44.92 -6.14431e-05
44.93 -6.09615e-05
44.94 -6.02747e-05
44.95 -5.93858e-05
44.96 -5.82985e-05
44.97 -5.70171e-05
44.98 -5.55464e-05
44.99 -5.3892e-05
45 -5.20601e-05
45.01 -5.00573e-05
45.02 -4.78909e-05
45.03 -4.55686e-05
45.04 -4.30985e-05
45.05 -4.04895e-05
45.06 -3.77506e-05
45.07 -3.48914e-05
45.08 -3.19218e-05
45.09 -2.8852e-05
45.1 -2.56925e-05
45.11 -2.24544e-05
45.12 -1.91486e-05
45.13 -1.57864e-05
45.14 -1.23794e-05
45.15 -8.93923e-06
45.16 -5.47763e-06
45.17 -2.00642e-06
45.18 1.46254e-06
45.19 4.91739e-06
45.2 8.34635e-06
45.21 1.17377e-05
45.22 1.50799e-05
45.23 1.83615e-05
45.24 2.15713e-05
45.25 2.46984e-05
45.26 2.77321e-05
45.27 3.06623e-05
45.28 3.34789e-05
45.29 3.61724e-05
45.3 3.87338e-05
45.31 4.11545e-05
45.32 4.34266e-05
45.33 4.55423e-05
45.34 4.7495e-05
45.35 4.92781e-05
45.36 5.0886e-05
45.37 5.23136e-05
45.38 5.35566e-05
45.39 5.46111e-05
45.4 5.54741e-05
45.41 5.61431e-05
45.42 5.66165e-05
45.43 5.68933e-05
45.44 5.69731e-05
45.45 5.68562e-05
45.46 5.65437e-05
45.47 5.60373e-05
45.48 5.53391e-05
45.49 5.44523e-05
45.5 5.33804e-05
45.51 5.21276e-05
45.52 5.06986e-05
45.53 4.90988e-05
45.54 4.73341e-05
45.55 4.54109e-05
45.56 4.33362e-05
45.57 4.11172e-05
45.58 3.8762e-05
45.59 3.62787e-05
45.6 3.36761e-05
45.61 3.09631e-05
45.62 2.81493e-05
45.63 2.52444e-05
45.64 2.22582e-05
45.65 1.92013e-05
45.66 1.60839e-05
45.67 1.29169e-05
45.68 9.71104e-06
45.69 6.47732e-06
45.7 3.22679e-06
45.71 -2.94196e-08
45.72 -3.28019e-06
45.73 -6.51441e-06
45.74 -9.72104e-06
45.75 -1.28891e-05
45.76 -1.60079e-05
45.77 -1.90667e-05
45.78 -2.2055e-05
45.79 -2.49629e-05
45.8 -2.77803e-05
45.81 -3.04978e-05
45.82 -3.31061e-05
45.83 -3.55965e-05
45.84 -3.79607e-05
45.85 -4.01907e-05
45.86 -4.22792e-05
45.87 -4.42193e-05
45.88 -4.60047e-05
45.89 -4.76295e-05
45.9 -4.90888e-05
45.91 -5.03777e-05
45.92 -5.14924e-05
45.93 -5.24296e-05
45.94 -5.31865e-05
45.95 -5.37611e-05
45.96 -5.41519e-05
45.97 -5.43581e-05
45.98 -5.43797e-05
45.99 -5.4217e-05
46 -5.38713e-05
46.01 -5.33442e-05
46.02 -5.2638e-05
46.03 -5.17558e-05
46.04 -5.0701e-05
46.05 -4.94777e-05
46.06 -4.80906e-05
46.07 -4.65447e-05
46.08 -4.48459e-05
46.09 -4.30002e-05
46.1 -4.10142e-05
46.11 -3.88951e-05
46.12 -3.66503e-05
46.13 -3.42877e-05
46.14 -3.18156e-05
46.15 -2.92426e-05
46.16 -2.65776e-05
46.17 -2.38299e-05
46.18 -2.10088e-05
46.19 -1.81242e-05
46.2 -1.5186e-05
46.21 -1.22041e-05
46.22 -9.1889e-06
46.23 -6.15064e-06
46.24 -3.09973e-06
46.25 -4.65943e-08
46.26 2.99833e-06
46.27 6.02465e-06
46.28 9.02204e-06
46.29 1.19803e-05
46.3 1.48893e-05
46.31 1.77392e-05
46.32 2.05203e-05
46.33 2.32231e-05
46.34 2.58385e-05
46.35 2.83577e-05
46.36 3.07722e-05
46.37 3.30739e-05
46.38 3.52551e-05
46.39 3.73085e-05
46.4 3.92274e-05
46.41 4.10054e-05
46.42 4.26368e-05
46.43 4.41164e-05
46.44 4.54394e-05
46.45 4.66018e-05
46.46 4.75998e-05
46.47 4.84307e-05
46.48 4.90919e-05
46.49 4.95817e-05
46.5 4.98989e-05
46.51 5.0043e-05
46.52 5.00139e-05
46.53 4.98123e-05
46.54 4.94394e-05
46.55 4.88969e-05
46.56 4.81871e-05
46.57 4.7313e-05
46.58 4.6278e-05
46.59 4.50861e-05
46.6 4.37418e-05
46.61 4.22499e-05
46.62 4.06161e-05
46.63 3.88461e-05
46.64 3.69464e-05
46.65 3.49236e-05
46.66 3.2785e-05
46.67 3.05381e-05
46.68 2.81907e-05
46.69 2.5751e-05
46.7 2.32274e-05
46.71 2.06287e-05
46.72 1.79639e-05
46.73 1.52421e-05
46.74 1.24727e-05
46.75 9.6653e-06
46.76 6.82941e-06
46.77 3.97478e-06
46.78 1.11119e-06
46.79 -1.75159e-06
46.8 -4.60375e-06
46.81 -7.43558e-06
46.82 -1.02374e-05
46.83 -1.29997e-05
46.84 -1.5713e-05
46.85 -1.83681e-05
46.86 -2.09561e-05
46.87 -2.34681e-05
46.88 -2.58957e-05
46.89 -2.82306e-05
46.9 -3.04651e-05
46.91 -3.25916e-05
46.92 -3.46031e-05
46.93 -3.64929e-05
46.94 -3.82548e-05
46.95 -3.9883e-05
46.96 -4.13723e-05
46.97 -4.27178e-05
46.98 -4.39153e-05
46.99 -4.49612e-05
47 -4.58521e-05
47.01 -4.65856e-05
47.02 -4.71594e-05
47.03 -4.75721e-05
47.04 -4.78228e-05
47.05 -4.7911e-05
47.06 -4.78369e-05
47.07 -4.76012e-05
47.08 -4.72052e-05
47.09 -4.66507e-05
47.1 -4.59401e-05
47.11 -4.50762e-05
47.12 -4.40623e-05
47.13 -4.29024e-05
47.14 -4.16007e-05
47.15 -4.01621e-05
47.16 -3.85919e-05
47.17 -3.68956e-05
47.18 -3.50793e-05
47.19 -3.31495e-05
47.2 -3.11131e-05
47.21 -2.89771e-05
47.22 -2.67491e-05
47.23 -2.44367e-05
47.24 -2.20481e-05
47.25 -1.95914e-05
47.26 -1.70753e-05
47.27 -1.45083e-05
47.28 -1.18993e-05
47.29 -9.2572e-06
47.3 -6.59113e-06
47.31 -3.9102e-06
47.32 -1.22357e-06
47.33 1.45957e-06
47.34 4.13005e-06
47.35 6.77876e-06
47.36 9.39669e-06
47.37 1.19749e-05
47.38 1.45047e-05
47.39 1.69774e-05
47.4 1.93847e-05
47.41 2.17184e-05
47.42 2.39706e-05
47.43 2.61339e-05
47.44 2.82009e-05
47.45 3.01648e-05
47.46 3.20189e-05
47.47 3.37573e-05
47.48 3.53741e-05
47.49 3.68641e-05
47.5 3.82226e-05
47.51 3.9445e-05
47.52 4.05278e-05
47.53 4.14673e-05
47.54 4.22609e-05
47.55 4.29061e-05
47.56 4.34012e-05
47.57 4.3745e-05
47.58 4.39365e-05
47.59 4.39757e-05
47.6 4.38627e-05
47.61 4.35985e-05
47.62 4.31843e-05
47.63 4.2622e-05
47.64 4.19139e-05
47.65 4.10628e-05
47.66 4.00719e-05
47.67 3.89452e-05
47.68 3.76866e-05
47.69 3.63009e-05
47.7 3.47931e-05
47.71 3.31685e-05
47.72 3.14331e-05
47.73 2.9593e-05
47.74 2.76546e-05
47.75 2.56248e-05
47.76 2.35107e-05
47.77 2.13196e-05
47.78 1.90592e-05
47.79 1.67372e-05
47.8 1.43618e-05
47.81 1.1941e-05
47.82 9.48326e-06
47.83 6.99698e-06
47.84 4.49069e-06
47.85 1.973e-06
47.86 -5.47498e-07
47.87 -3.06217e-06
47.88 -5.56245e-06
47.89 -8.03978e-06
47.9 -1.04858e-05
47.91 -1.2892e-05
47.92 -1.52505e-05
47.93 -1.7553e-05
47.94 -1.97919e-05
47.95 -2.19596e-05
47.96 -2.40488e-05
47.97 -2.60525e-05
47.98 -2.7964e-05
47.99 -2.97769e-05
48 -3.14852e-05
48.01 -3.30832e-05
48.02 -3.45659e-05
48.03 -3.59282e-05
48.04 -3.71659e-05
48.05 -3.8275e-05
48.06 -3.9252e-05
48.07 -4.0094e-05
48.08 -4.07983e-05
48.09 -4.1363e-05
48.1 -4.17864e-05
48.11 -4.20676e-05
48.12 -4.22059e-05
48.13 -4.22013e-05
48.14 -4.20542e-05
48.15 -4.17655e-05
48.16 -4.13365e-05
48.17 -4.07691e-05
48.18 -4.00656e-05
48.19 -3.92289e-05
48.2 -3.8262e-05
48.21 -3.71686e-05
48.22 -3.59528e-05
48.23 -3.4619e-05
48.24 -3.3172e-05
48.25 -3.16172e-05
48.26 -2.99599e-05
48.27 -2.8206e-05
48.28 -2.63619e-05
48.29 -2.44339e-05
48.3 -2.24287e-05
48.31 -2.03534e-05
48.32 -1.82152e-05
48.33 -1.60214e-05
48.34 -1.37797e-05
48.35 -1.14978e-05
48.36 -9.18354e-06
48.37 -6.84484e-06
48.38 -4.48975e-06
48.39 -2.12634e-06
48.4 2.37306e-07
48.41 2.59312e-06
48.42 4.93306e-06
48.43 7.24915e-06
48.44 9.53351e-06
48.45 1.17784e-05
48.46 1.39762e-05
48.47 1.61194e-05
48.48 1.82008e-05
48.49 2.02135e-05
48.5 2.21506e-05
48.51 2.40056e-05
48.52 2.57724e-05
48.53 2.74451e-05
48.54 2.90182e-05
48.55 3.04864e-05
48.56 3.18451e-05
48.57 3.30897e-05
48.58 3.42164e-05
48.59 3.52215e-05
48.6 3.61018e-05
48.61 3.68548e-05
48.62 3.74781e-05
48.63 3.79699e-05
48.64 3.8329e-05
48.65 3.85544e-05
48.66 3.86457e-05
48.67 3.86031e-05
48.68 3.84269e-05
48.69 3.81181e-05
48.7 3.76782e-05
48.71 3.7109e-05
48.72 3.64128e-05
48.73 3.55924e-05
48.74 3.46507e-05
48.75 3.35914e-05
48.76 3.24184e-05
48.77 3.11358e-05
48.78 2.97485e-05
48.79 2.82613e-05
48.8 2.66795e-05
48.81 2.50088e-05
48.82 2.32549e-05
48.83 2.14242e-05
48.84 1.9523e-05
48.85 1.75579e-05
48.86 1.55357e-05
48.87 1.34634e-05
48.88 1.13483e-05
48.89 9.1975e-06
48.9 7.01854e-06
48.91 4.81886e-06
48.92 2.60602e-06
48.93 3.87587e-07
48.94 -1.82884e-06
48.95 -4.03568e-06
48.96 -6.22542e-06
48.97 -8.3906e-06
48.98 -1.05239e-05
48.99 -1.26179e-05
49 -1.46658e-05
49.01 -1.66604e-05
49.02 -1.85951e-05
49.03 -2.04634e-05
49.04 -2.2259e-05
49.05 -2.39759e-05
49.06 -2.56084e-05
49.07 -2.7151e-05
49.08 -2.85987e-05
49.09 -2.99468e-05
49.1 -3.11908e-05
49.11 -3.23267e-05
49.12 -3.3351e-05
49.13 -3.42603e-05
49.14 -3.50518e-05
49.15 -3.57231e-05
49.16 -3.62723e-05
49.17 -3.66978e-05
49.18 -3.69984e-05
49.19 -3.71734e-05
49.2 -3.72226e-05
49.21 -3.71462e-05
49.22 -3.69448e-05
49.23 -3.66193e-05
49.24 -3.61712e-05
49.25 -3.56024e-05
49.26 -3.49151e-05
49.27 -3.4112e-05
49.28 -3.31961e-05
49.29 -3.21708e-05
49.3 -3.104e-05
49.31 -2.98076e-05
49.32 -2.84782e-05
49.33 -2.70565e-05
49.34 -2.55476e-05
49.35 -2.39567e-05
49.36 -2.22896e-05
49.37 -2.05521e-05
49.38 -1.87501e-05
49.39 -1.68901e-05
49.4 -1.49785e-05
49.41 -1.30218e-05
49.42 -1.10269e-05
49.43 -9.00058e-06
49.44 -6.94989e-06
49.45 -4.88184e-06
49.46 -2.80352e-06
49.47 -7.22063e-07
49.48 1.35543e-06
49.49 3.42186e-06
49.5 5.47019e-06
49.51 7.49344e-06
49.52 9.48474e-06
49.53 1.14373e-05
49.54 1.33446e-05
49.55 1.52002e-05
49.56 1.69978e-05
49.57 1.87313e-05
49.58 2.03949e-05
49.59 2.19832e-05
49.6 2.34908e-05
49.61 2.49128e-05
49.62 2.62444e-05
49.63 2.74813e-05
49.64 2.86195e-05
49.65 2.96553e-05
49.66 3.05855e-05
49.67 3.1407e-05
49.68 3.21174e-05
49.69 3.27145e-05
49.7 3.31965e-05
49.71 3.35621e-05
49.72 3.38103e-05
49.73 3.39407e-05
49.74 3.3953e-05
49.75 3.38476e-05
49.76 3.3625e-05
49.77 3.32864e-05
49.78 3.28333e-05
49.79 3.22674e-05
49.8 3.1591e-05
49.81 3.08066e-05
49.82 2.99173e-05
49.83 2.89264e-05
49.84 2.78374e-05
49.85 2.66543e-05
49.86 2.53813e-05
49.87 2.40231e-05
49.88 2.25844e-05
49.89 2.10703e-05
49.9 1.94862e-05
49.91 1.78376e-05
49.92 1.61303e-05
49.93 1.43702e-05
49.94 1.25634e-05
49.95 1.07162e-05
49.96 8.83494e-06
49.97 6.92616e-06
49.98 4.9964e-06
49.99 3.0523e-06
