0.01 1.49569e-07
0.02 1.76264e-07
0.03 2.22595e-07
0.04 2.80463e-07
0.05 3.46491e-07
0.06 4.22384e-07
0.07 5.1121e-07
0.08 6.14473e-07
0.09 7.32693e-07
0.1 8.66717e-07
0.11 1.01579e-06
0.12 1.17629e-06
0.13 1.34481e-06
0.14 1.52122e-06
0.15 1.70869e-06
0.16 1.91061e-06
0.17 2.12619e-06
0.18 2.35045e-06
0.19 2.57999e-06
0.2 2.81682e-06
0.21 3.06483e-06
0.22 3.32458e-06
0.23 3.5901e-06
0.24 3.85111e-06
0.25 4.09828e-06
0.26 4.32393e-06
0.27 4.52589e-06
0.28 4.71502e-06
0.29 4.91232e-06
0.3 5.13484e-06
0.31 5.37826e-06
0.32 5.61196e-06
0.33 5.80009e-06
0.34 5.93709e-06
0.35 6.05192e-06
0.36 6.16173e-06
0.37 6.25169e-06
0.38 6.29878e-06
0.39 6.27064e-06
0.4 6.14928e-06
0.41 5.98057e-06
0.42 5.84214e-06
0.43 5.76097e-06
0.44 5.67197e-06
0.45 5.47619e-06
0.46 5.14947e-06
0.47 4.73013e-06
0.48 4.19556e-06
0.49 3.44461e-06
0.5 2.44519e-06
0.51 1.33471e-06
0.52 3.0732e-07
0.53 -5.57972e-07
0.54 -1.34234e-06
0.55 -2.2131e-06
0.56 -3.21528e-06
0.57 -4.12099e-06
0.58 -4.6514e-06
0.59 -4.79287e-06
0.6 -4.74548e-06
0.61 -4.69216e-06
0.62 -4.75762e-06
0.63 -5.0089e-06
0.64 -5.33175e-06
0.65 -5.45829e-06
0.66 -5.17202e-06
0.67 -4.38347e-06
0.68 -3.18294e-06
0.69 -1.97052e-06
0.7 -1.24294e-06
0.71 -1.02013e-06
0.72 -7.59474e-07
0.73 -3.76618e-08
0.74 9.89821e-07
0.75 1.92396e-06
0.76 2.57852e-06
0.77 3.02614e-06
0.78 3.4067e-06
0.79 3.65755e-06
0.8 3.53047e-06
0.81 3.06629e-06
0.82 2.71809e-06
0.83 2.78507e-06
0.84 3.05327e-06
0.85 3.15836e-06
0.86 3.04461e-06
0.87 2.93299e-06
0.88 2.97476e-06
0.89 3.04957e-06
0.9 2.91471e-06
0.91 2.46405e-06
0.92 1.84392e-06
0.93 1.39076e-06
0.94 1.38173e-06
0.95 1.7816e-06
0.96 2.30974e-06
0.97 2.79727e-06
0.98 3.27094e-06
0.99 3.55286e-06
1 3.10543e-06
1.01 1.59215e-06
1.02 -5.84445e-07
1.03 -2.56084e-06
1.04 -3.79795e-06
1.05 -4.56004e-06
1.06 -5.62472e-06
1.07 -7.49876e-06
1.08 -9.89322e-06
1.09 -1.182e-05
1.1 -1.22349e-05
1.11 -1.09461e-05
1.12 -9.02811e-06
1.13 -7.97116e-06
1.14 -8.20855e-06
1.15 -8.76569e-06
1.16 -8.44293e-06
1.17 -7.1263e-06
1.18 -5.72616e-06
1.19 -4.95994e-06
1.2 -4.70945e-06
1.21 -4.70169e-06
1.22 -5.22387e-06
1.23 -6.48791e-06
1.24 -7.66194e-06
1.25 -7.53144e-06
1.26 -6.13382e-06
1.27 -5.05164e-06
1.28 -5.84272e-06
1.29 -8.50141e-06
1.3 -1.17107e-05
1.31 -1.42129e-05
1.32 -1.57035e-05
1.33 -1.69205e-05
1.34 -1.9001e-05
1.35 -2.24126e-05
1.36 -2.65438e-05
1.37 -3.01654e-05
1.38 -3.21192e-05
1.39 -3.20988e-05
1.4 -3.10362e-05
1.41 -3.03458e-05
1.42 -3.07179e-05
1.43 -3.17935e-05
1.44 -3.27629e-05
1.45 -3.3083e-05
1.46 -3.26161e-05
1.47 -3.11983e-05
1.48 -2.86933e-05
1.49 -2.57109e-05
1.5 -2.35278e-05
1.51 -2.27842e-05
1.52 -2.24684e-05
1.53 -2.07177e-05
1.54 -1.68451e-05
1.55 -1.20605e-05
1.56 -7.99953e-06
1.57 -5.158e-06
1.58 -3.09345e-06
1.59 -1.46063e-06
1.6 -1.96719e-07
1.61 7.16319e-07
1.62 1.28255e-06
1.63 1.96369e-06
1.64 3.91833e-06
1.65 7.70924e-06
1.66 1.21103e-05
1.67 1.51867e-05
1.68 1.62264e-05
1.69 1.60531e-05
1.7 1.5928e-05
1.71 1.66799e-05
1.72 1.84214e-05
1.73 2.05175e-05
1.74 2.2193e-05
1.75 2.35109e-05
1.76 2.52136e-05
1.77 2.7413e-05
1.78 2.9481e-05
1.79 3.13421e-05
1.8 3.35169e-05
1.81 3.58787e-05
1.82 3.73131e-05
1.83 3.64094e-05
1.84 3.23284e-05
1.85 2.56336e-05
1.86 1.83169e-05
1.87 1.21842e-05
1.88 7.12272e-06
1.89 1.93329e-06
1.9 -3.20979e-06
1.91 -6.56646e-06
1.92 -7.58663e-06
1.93 -8.16197e-06
1.94 -1.00314e-05
1.95 -1.24523e-05
1.96 -1.32377e-05
1.97 -1.12766e-05
1.98 -7.93063e-06
1.99 -6.1362e-06
2 -7.7142e-06
2.01 -1.13882e-05
2.02 -1.3904e-05
2.03 -1.3129e-05
2.04 -9.70434e-06
2.05 -5.96898e-06
2.06 -3.80311e-06
2.07 -3.54505e-06
2.08 -4.53536e-06
2.09 -6.01718e-06
2.1 -7.3031e-06
2.11 -7.79785e-06
2.12 -7.51919e-06
2.13 -7.24028e-06
2.14 -7.69279e-06
2.15 -8.89871e-06
2.16 -1.04422e-05
2.17 -1.19529e-05
2.18 -1.31434e-05
2.19 -1.38381e-05
2.2 -1.41723e-05
2.21 -1.44783e-05
2.22 -1.47401e-05
2.23 -1.45605e-05
2.24 -1.42652e-05
2.25 -1.53263e-05
2.26 -1.84119e-05
2.27 -2.16963e-05
2.28 -2.25931e-05
2.29 -2.06309e-05
2.3 -1.74943e-05
2.31 -1.48416e-05
2.32 -1.29303e-05
2.33 -1.09129e-05
2.34 -8.0707e-06
2.35 -4.78417e-06
2.36 -2.0452e-06
2.37 -2.71454e-07
2.38 9.10873e-07
2.39 2.09732e-06
2.4 3.87783e-06
2.41 7.03141e-06
2.42 1.22665e-05
2.43 1.9188e-05
2.44 2.59629e-05
2.45 3.07629e-05
2.46 3.31489e-05
2.47 3.37429e-05
2.48 3.35114e-05
2.49 3.34426e-05
2.5 3.36145e-05
2.51 3.28392e-05
2.52 3.04094e-05
2.53 2.74634e-05
2.54 2.54936e-05
2.55 2.4309e-05
2.56 2.26492e-05
2.57 2.02353e-05
2.58 1.82188e-05
2.59 1.7946e-05
2.6 1.98278e-05
2.61 2.29291e-05
2.62 2.52304e-05
2.63 2.51395e-05
2.64 2.31469e-05
2.65 2.12347e-05
2.66 2.08571e-05
2.67 2.20514e-05
2.68 2.38369e-05
2.69 2.52022e-05
2.7 2.63837e-05
2.71 2.89947e-05
2.72 3.38986e-05
2.73 3.91584e-05
2.74 4.17376e-05
2.75 4.13013e-05
2.76 4.06e-05
2.77 4.21253e-05
2.78 4.57719e-05
2.79 4.96322e-05
2.8 5.20572e-05
2.81 5.28181e-05
2.82 5.27108e-05
2.83 5.25171e-05
2.84 5.25611e-05
2.85 5.27399e-05
2.86 5.25969e-05
2.87 5.18213e-05
2.88 5.0882e-05
2.89 5.06043e-05
2.9 5.08074e-05
2.91 5.00619e-05
2.92 4.74922e-05
2.93 4.41844e-05
2.94 4.2001e-05
2.95 4.14297e-05
2.96 4.11036e-05
2.97 3.90946e-05
2.98 3.45047e-05
2.99 2.82294e-05
3 2.22314e-05
3.01 1.74781e-05
3.02 1.27269e-05
3.03 6.21351e-06
3.04 -1.77807e-06
3.05 -9.1076e-06
3.06 -1.43968e-05
3.07 -1.83645e-05
3.08 -2.24628e-05
3.09 -2.71201e-05
3.1 -3.14918e-05
3.11 -3.45007e-05
3.12 -3.6114e-05
3.13 -3.754e-05
3.14 -3.98781e-05
3.15 -4.26718e-05
3.16 -4.41218e-05
3.17 -4.31243e-05
3.18 -4.10067e-05
3.19 -4.03553e-05
3.2 -4.20743e-05
3.21 -4.45432e-05
3.22 -4.55976e-05
3.23 -4.45941e-05
3.24 -4.27467e-05
3.25 -4.18941e-05
3.26 -4.28237e-05
3.27 -4.46305e-05
3.28 -4.56831e-05
3.29 -4.52833e-05
3.3 -4.43528e-05
3.31 -4.44795e-05
3.32 -4.63936e-05
3.33 -4.90966e-05
3.34 -5.01346e-05
3.35 -4.71819e-05
3.36 -4.00887e-05
3.37 -3.11358e-05
3.38 -2.28438e-05
3.39 -1.58718e-05
3.4 -9.26611e-06
3.41 -2.34993e-06
3.42 4.32235e-06
3.43 9.97535e-06
3.44 1.47556e-05
3.45 1.91855e-05
3.46 2.27752e-05
3.47 2.42756e-05
3.48 2.36734e-05
3.49 2.28487e-05
3.5 2.37251e-05
3.51 2.65508e-05
3.52 3.03291e-05
3.53 3.40975e-05
3.54 3.72159e-05
3.55 3.93346e-05
3.56 4.08294e-05
3.57 4.25933e-05
3.58 4.49757e-05
3.59 4.73178e-05
3.6 4.86096e-05
3.61 4.83246e-05
3.62 4.67658e-05
3.63 4.49819e-05
3.64 4.41935e-05
3.65 4.49426e-05
3.66 4.67267e-05
3.67 4.83478e-05
3.68 4.86444e-05
3.69 4.70567e-05
3.7 4.36015e-05
3.71 3.86299e-05
3.72 3.29433e-05
3.73 2.79974e-05
3.74 2.52006e-05
3.75 2.4776e-05
3.76 2.58118e-05
3.77 2.71925e-05
3.78 2.83688e-05
3.79 2.9701e-05
3.8 3.18945e-05
3.81 3.47864e-05
3.82 3.68787e-05
3.83 3.65622e-05
3.84 3.41568e-05
3.85 3.20759e-05
3.86 3.23436e-05
3.87 3.48197e-05
3.88 3.81716e-05
3.89 4.13552e-05
3.9 4.39339e-05
3.91 4.57786e-05
3.92 4.64061e-05
3.93 4.47552e-05
3.94 4.0337e-05
3.95 3.39816e-05
3.96 2.66461e-05
3.97 1.80582e-05
3.98 6.94154e-06
3.99 -7.9879e-06
4 -2.76796e-05
4.01 -5.29343e-05
4.02 -8.40437e-05
4.03 -0.00011987
4.04 -0.000157828
4.05 -0.000195387
4.06 -0.000231768
4.07 -0.000268301
4.08 -0.000307114
4.09 -0.000349352
4.1 -0.000394538
4.11 -0.000440985
4.12 -0.000486319
4.13 -0.000527816
4.14 -0.000562536
4.15 -0.000587796
4.16 -0.000602283
4.17 -0.000606774
4.18 -0.000604292
4.19 -0.000599361
4.2 -0.000594903
4.21 -0.000588891
4.22 -0.000575539
4.23 -0.00055057
4.24 -0.000514324
4.25 -0.000469775
4.26 -0.000419913
4.27 -0.000367563
4.28 -0.000314653
4.29 -0.000259938
4.3 -0.000199341
4.31 -0.000129634
4.32 -5.21081e-05
4.33 2.61196e-05
4.34 9.56805e-05
4.35 0.000152063
4.36 0.000198238
4.37 0.000239336
4.38 0.000276577
4.39 0.000307724
4.4 0.000331761
4.41 0.000350124
4.42 0.000363355
4.43 0.000370159
4.44 0.00037157
4.45 0.0003744
4.46 0.000387948
4.47 0.000415596
4.48 0.000450765
4.49 0.000482479
4.5 0.000504097
4.51 0.000516787
4.52 0.000526665
4.53 0.000539942
4.54 0.000559319
4.55 0.000582002
4.56 0.000600735
4.57 0.000608926
4.58 0.000605407
4.59 0.000593734
4.6 0.000577493
4.61 0.000557476
4.62 0.000533361
4.63 0.000505957
4.64 0.000476716
4.65 0.000446312
4.66 0.000413941
4.67 0.000377777
4.68 0.000337978
4.69 0.000299855
4.7 0.000271066
4.71 0.000253971
4.72 0.000242239
4.73 0.000226823
4.74 0.000205764
4.75 0.000187063
4.76 0.000181607
4.77 0.000193066
4.78 0.000214301
4.79 0.000235582
4.8 0.000255428
4.81 0.000278472
4.82 0.000303963
4.83 0.000322824
4.84 0.000326671
4.85 0.000315603
4.86 0.000295625
4.87 0.00027073
4.88 0.000240292
4.89 0.000204158
4.9 0.000166668
4.91 0.000132881
4.92 0.000103022
4.93 7.24466e-05
4.94 3.49771e-05
4.95 -1.40625e-05
4.96 -7.53288e-05
4.97 -0.000144291
4.98 -0.000212395
4.99 -0.000270853
5 -0.000316619
5.01 -0.00035489
5.02 -0.000393682
5.03 -0.000436832
5.04 -0.000482099
5.05 -0.000522749
5.06 -0.00055013
5.07 -0.000557165
5.08 -0.00054203
5.09 -0.000510654
5.1 -0.000475907
5.11 -0.000451648
5.12 -0.000444843
5.13 -0.000452329
5.14 -0.000465129
5.15 -0.000476055
5.16 -0.000483717
5.17 -0.000491105
5.18 -0.000501917
5.19 -0.00051679
5.2 -0.000530601
5.21 -0.000536165
5.22 -0.000532956
5.23 -0.000530615
5.24 -0.000541702
5.25 -0.000568054
5.26 -0.000598224
5.27 -0.000621058
5.28 -0.000635253
5.29 -0.000643993
5.3 -0.000646801
5.31 -0.000642078
5.32 -0.000633298
5.33 -0.000625724
5.34 -0.000618849
5.35 -0.000604118
5.36 -0.00056879
5.37 -0.000504933
5.38 -0.000417304
5.39 -0.000320704
5.4 -0.000229958
5.41 -0.000155295
5.42 -0.000104565
5.43 -8.01053e-05
5.44 -6.95264e-05
5.45 -4.66131e-05
5.46 1.06083e-05
5.47 0.00010066
5.48 0.000197171
5.49 0.000264937
5.5 0.000283136
5.51 0.000258518
5.52 0.000216876
5.53 0.000186026
5.54 0.00018304
5.55 0.000208371
5.56 0.000251209
5.57 0.000299513
5.58 0.000344113
5.59 0.000379147
5.6 0.000404208
5.61 0.000424845
5.62 0.000447763
5.63 0.000477545
5.64 0.000519659
5.65 0.000581006
5.66 0.000660658
5.67 0.000740856
5.68 0.000795833
5.69 0.000813948
5.7 0.000806536
5.71 0.000794401
5.72 0.000791784
5.73 0.000802371
5.74 0.000822132
5.75 0.000843041
5.76 0.000857809
5.77 0.000862712
5.78 0.000855864
5.79 0.000835539
5.8 0.00080227
5.81 0.000760254
5.82 0.000714208
5.83 0.000665759
5.84 0.000613182
5.85 0.00055319
5.86 0.000484088
5.87 0.000408112
5.88 0.000329313
5.89 0.000251845
5.9 0.000182482
5.91 0.000130116
5.92 9.77576e-05
5.93 7.56422e-05
5.94 4.66107e-05
5.95 -5.08107e-08
5.96 -6.07902e-05
5.97 -0.000122493
5.98 -0.00017291
5.99 -0.000208949
6 -0.000238082
6.01 -0.000270776
6.02 -0.00031209
6.03 -0.000361353
6.04 -0.000417
6.05 -0.000478759
6.06 -0.000544852
6.07 -0.000608794
6.08 -0.000660277
6.09 -0.000690665
6.1 -0.000700302
6.11 -0.000700189
6.12 -0.000705418
6.13 -0.000726414
6.14 -0.000760453
6.15 -0.000789953
6.16 -0.000796195
6.17 -0.000775806
6.18 -0.000741322
6.19 -0.000708544
6.2 -0.000684898
6.21 -0.000666975
6.22 -0.000647395
6.23 -0.000623157
6.24 -0.000595886
6.25 -0.000566324
6.26 -0.00053191
6.27 -0.000489276
6.28 -0.000438206
6.29 -0.000383024
6.3 -0.000329116
6.31 -0.000277422
6.32 -0.000223721
6.33 -0.000164755
6.34 -0.000103779
6.35 -4.82394e-05
6.36 -2.58711e-06
6.37 3.44508e-05
6.38 6.55259e-05
6.39 9.03588e-05
6.4 0.000107358
6.41 0.000118656
6.42 0.000130287
6.43 0.000145434
6.44 0.000160826
6.45 0.000171098
6.46 0.000173292
6.47 0.000167341
6.48 0.000155847
6.49 0.000143977
6.5 0.000138268
6.51 0.000144505
6.52 0.000164228
6.53 0.000191882
6.54 0.000218603
6.55 0.000241177
6.56 0.000264379
6.57 0.000292604
6.58 0.0003216
6.59 0.000341169
6.6 0.00034542
6.61 0.000336619
6.62 0.000318695
6.63 0.000290723
6.64 0.000248018
6.65 0.000188786
6.66 0.000119643
6.67 5.37968e-05
6.68 2.1039e-06
6.69 -3.34463e-05
6.7 -5.63404e-05
6.71 -6.78671e-05
6.72 -6.43747e-05
6.73 -4.07637e-05
6.74 3.96055e-06
6.75 6.47411e-05
6.76 0.000135004
6.77 0.000211996
6.78 0.000295727
6.79 0.000384066
6.8 0.00047088
6.81 0.000547521
6.82 0.000604728
6.83 0.000635948
6.84 0.00064142
6.85 0.000628429
6.86 0.000607195
6.87 0.000585424
6.88 0.000564299
6.89 0.000539305
6.9 0.000504933
6.91 0.000458366
6.92 0.000400671
6.93 0.000336544
6.94 0.00027179
6.95 0.000209802
6.96 0.000150868
6.97 9.3056e-05
6.98 3.26582e-05
6.99 -3.33598e-05
7 -0.000103827
7.01 -0.000173305
7.02 -0.000236232
7.03 -0.000290092
7.04 -0.000333174
7.05 -0.000361435
7.06 -0.00037112
7.07 -0.000364035
7.08 -0.000347991
7.09 -0.000332229
7.1 -0.00032224
7.11 -0.000316728
7.12 -0.000308923
7.13 -0.000292328
7.14 -0.000265663
7.15 -0.0002326
7.16 -0.000199023
7.17 -0.000170911
7.18 -0.000151799
7.19 -0.000140632
7.2 -0.000133172
7.21 -0.000126439
7.22 -0.000122493
7.23 -0.000128075
7.24 -0.000149414
7.25 -0.000187067
7.26 -0.000235952
7.27 -0.000288873
7.28 -0.000340022
7.29 -0.000386672
7.3 -0.000427743
7.31 -0.000461629
7.32 -0.000486833
7.33 -0.000503956
7.34 -0.000515421
7.35 -0.000522685
7.36 -0.000524071
7.37 -0.000515794
7.38 -0.000495427
7.39 -0.000465088
7.4 -0.0004319
7.41 -0.000404129
7.42 -0.000384994
7.43 -0.00037053
7.44 -0.000353333
7.45 -0.000327852
7.46 -0.000293899
7.47 -0.000256254
7.48 -0.000220029
7.49 -0.000186558
7.5 -0.000154593
7.51 -0.000124527
7.52 -0.000100006
7.53 -8.49058e-05
7.54 -7.86186e-05
7.55 -7.49565e-05
7.56 -6.59363e-05
7.57 -4.64123e-05
7.58 -1.65966e-05
7.59 1.80403e-05
7.6 5.02301e-05
7.61 7.67857e-05
7.62 0.000101739
7.63 0.000133014
7.64 0.000175882
7.65 0.000229629
7.66 0.000290068
7.67 0.000353649
7.68 0.000417963
7.69 0.000479752
7.7 0.000534812
7.71 0.000580374
7.72 0.000617245
7.73 0.00064968
7.74 0.000682521
7.75 0.00071722
7.76 0.00075037
7.77 0.000776684
7.78 0.000793323
7.79 0.000800594
7.8 0.000799108
7.81 0.00078808
7.82 0.00076688
7.83 0.000736801
7.84 0.000700419
7.85 0.000661109
7.86 0.000623729
7.87 0.00059163
7.88 0.000561644
7.89 0.0005257
7.9 0.000478397
7.91 0.000421285
7.92 0.000360144
7.93 0.00030023
7.94 0.000244993
7.95 0.000197392
7.96 0.000158486
7.97 0.000123915
7.98 8.61494e-05
7.99 4.17653e-05
8 -6.27336e-06
8.01 -5.30054e-05
8.02 -9.5631e-05
8.03 -0.00013398
8.04 -0.000169036
8.05 -0.000201692
8.06 -0.000232663
8.07 -0.000263345
8.08 -0.000296386
8.09 -0.000334801
8.1 -0.00037987
8.11 -0.000429821
8.12 -0.000480845
8.13 -0.000528534
8.14 -0.000567969
8.15 -0.000595412
8.16 -0.000612426
8.17 -0.000625965
8.18 -0.000641714
8.19 -0.000658363
8.2 -0.000669317
8.21 -0.000668768
8.22 -0.000655419
8.23 -0.000632012
8.24 -0.000602179
8.25 -0.000566354
8.26 -0.000521143
8.27 -0.000463771
8.28 -0.000396193
8.29 -0.000324582
8.3 -0.000256091
8.31 -0.000195697
8.32 -0.000144748
8.33 -0.000102359
8.34 -6.8121e-05
8.35 -4.34459e-05
8.36 -3.11516e-05
8.37 -3.43696e-05
8.38 -5.46789e-05
8.39 -8.92257e-05
8.4 -0.000130316
8.41 -0.000169868
8.42 -0.000203873
8.43 -0.000232014
8.44 -0.000254146
8.45 -0.000268825
8.46 -0.000274571
8.47 -0.000270364
8.48 -0.000255232
8.49 -0.000229126
8.5 -0.000194107
8.51 -0.000153818
8.52 -0.000112196
8.53 -7.3024e-05
8.54 -3.97195e-05
8.55 -1.48897e-05
8.56 -6.42637e-07
8.57 1.21227e-06
8.58 -9.18386e-06
8.59 -2.75158e-05
8.6 -4.65105e-05
8.61 -6.18396e-05
8.62 -7.53964e-05
8.63 -9.01388e-05
8.64 -0.000103604
8.65 -0.000108548
8.66 -9.8424e-05
8.67 -7.09353e-05
8.68 -2.63917e-05
8.69 3.57666e-05
8.7 0.000115525
8.71 0.000208069
8.72 0.000303854
8.73 0.000392317
8.74 0.000465166
8.75 0.000518506
8.76 0.000554322
8.77 0.000579496
8.78 0.000602039
8.79 0.00062748
8.8 0.000657498
8.81 0.000690059
8.82 0.000720024
8.83 0.000740979
8.84 0.000748813
8.85 0.000745127
8.86 0.000736809
8.87 0.000730908
8.88 0.000728961
8.89 0.000726307
8.9 0.000717254
8.91 0.000699799
8.92 0.000675
8.93 0.000643939
8.94 0.000606047
8.95 0.000559263
8.96 0.000501419
8.97 0.000431403
8.98 0.000350155
8.99 0.000263529
9 0.000180784
9.01 0.000103974
9.02 2.45411e-05
9.03 -6.45849e-05
9.04 -0.000159709
9.05 -0.000250847
9.06 -0.00033074
9.07 -0.000398364
9.08 -0.000456222
9.09 -0.000505895
9.1 -0.000546563
9.11 -0.000578178
9.12 -0.000604521
9.13 -0.000630698
9.14 -0.000658127
9.15 -0.000682879
9.16 -0.000697306
9.17 -0.000692777
9.18 -0.000663925
9.19 -0.000614606
9.2 -0.000559559
9.21 -0.000513966
9.22 -0.000478763
9.23 -0.00044042
9.24 -0.000386687
9.25 -0.000319304
9.26 -0.000250854
9.27 -0.000191287
9.28 -0.000138671
9.29 -8.43748e-05
9.3 -2.51933e-05
9.31 3.1998e-05
9.32 7.60336e-05
9.33 0.000101207
9.34 0.000111629
9.35 0.000117102
9.36 0.000126207
9.37 0.000140758
9.38 0.000154481
9.39 0.000158567
9.4 0.000148416
9.41 0.000125047
9.42 9.31304e-05
9.43 5.83807e-05
9.44 2.41074e-05
9.45 -1.03613e-05
9.46 -4.691e-05
9.47 -8.47971e-05
9.48 -0.000121343
9.49 -0.000157084
9.5 -0.000197112
9.51 -0.000244508
9.52 -0.000294384
9.53 -0.000335893
9.54 -0.000358771
9.55 -0.00035874
9.56 -0.000339501
9.57 -0.000310266
9.58 -0.000279486
9.59 -0.000249777
9.6 -0.000218688
9.61 -0.000183501
9.62 -0.000144155
9.63 -0.000100955
9.64 -5.11497e-05
9.65 9.63312e-06
9.66 8.2335e-05
9.67 0.00016182
9.68 0.000239557
9.69 0.000309003
9.7 0.0003692
9.71 0.000424768
9.72 0.000482573
9.73 0.000545645
9.74 0.000608861
9.75 0.000662571
9.76 0.000701014
9.77 0.000725849
9.78 0.000742017
9.79 0.000752413
9.8 0.000756609
9.81 0.000752062
9.82 0.000735871
9.83 0.000706893
9.84 0.000667724
9.85 0.000625212
9.86 0.000587456
9.87 0.000558727
9.88 0.000536841
9.89 0.000515917
9.9 0.000492152
9.91 0.000466047
9.92 0.000439371
9.93 0.000411526
9.94 0.000378855
9.95 0.000336483
9.96 0.000280782
9.97 0.000210417
9.98 0.000125313
9.99 2.63988e-05
10 -8.25092e-05
10.01 -0.000194114
10.02 -0.000299516
10.03 -0.000390914
10.04 -0.000463684
10.05 -0.000516552
10.06 -0.000551041
10.07 -0.000571392
10.08 -0.0005831
10.09 -0.000589931
10.1 -0.000592386
10.11 -0.000589478
10.12 -0.00058172
10.13 -0.000571347
10.14 -0.000559542
10.15 -0.000543857
10.16 -0.000519357
10.17 -0.000484246
10.18 -0.000444009
10.19 -0.000408379
10.2 -0.000384722
10.21 -0.000373826
10.22 -0.0003696
10.23 -0.000362385
10.24 -0.000344592
10.25 -0.00031553
10.26 -0.000281961
10.27 -0.000253321
10.28 -0.000236211
10.29 -0.000233507
10.3 -0.000245838
10.31 -0.000270674
10.32 -0.000300062
10.33 -0.000322282
10.34 -0.000328893
10.35 -0.000321078
10.36 -0.000308558
10.37 -0.000302046
10.38 -0.000305599
10.39 -0.000314149
10.4 -0.000317953
10.41 -0.000309919
10.42 -0.00028909
10.43 -0.000258895
10.44 -0.000224397
10.45 -0.00019166
10.46 -0.000167328
10.47 -0.000155186
10.48 -0.000151739
10.49 -0.000146797
10.5 -0.00012989
10.51 -9.6609e-05
10.52 -5.01277e-05
10.53 9.98254e-07
10.54 4.6437e-05
10.55 7.84239e-05
10.56 9.43024e-05
10.57 9.55333e-05
10.58 8.57428e-05
10.59 6.90943e-05
10.6 4.88016e-05
10.61 2.74378e-05
10.62 7.34815e-06
10.63 -1.1485e-05
10.64 -3.31132e-05
10.65 -6.28631e-05
10.66 -0.000101129
10.67 -0.000140044
10.68 -0.000167537
10.69 -0.000175719
10.7 -0.000165826
10.71 -0.000144984
10.72 -0.000119001
10.73 -8.87077e-05
10.74 -5.15479e-05
10.75 -5.15079e-06
10.76 4.97191e-05
10.77 0.000108839
10.78 0.000168075
10.79 0.000227121
10.8 0.000287971
10.81 0.000349149
10.82 0.000402932
10.83 0.000439527
10.84 0.00045356
10.85 0.000445956
10.86 0.000420895
10.87 0.000382524
10.88 0.000333891
10.89 0.000277475
10.9 0.000217044
10.91 0.000158852
10.92 0.000108949
10.93 6.90488e-05
10.94 3.53695e-05
10.95 2.29891e-06
10.96 -3.0641e-05
10.97 -5.49455e-05
10.98 -5.79616e-05
10.99 -3.1971e-05
11 2.21736e-05
11.01 9.71346e-05
11.02 0.000182173
11.03 0.000268
11.04 0.000351394
11.05 0.000432799
11.06 0.000509466
11.07 0.000574266
11.08 0.000620305
11.09 0.00064396
11.1 0.000645206
11.11 0.000627295
11.12 0.000594827
11.13 0.00055043
11.14 0.000493552
11.15 0.000423047
11.16 0.000341109
11.17 0.000255013
11.18 0.000173932
11.19 0.000102586
11.2 3.74619e-05
11.21 -3.00128e-05
11.22 -0.000104002
11.23 -0.000177616
11.24 -0.000236831
11.25 -0.000270329
11.26 -0.000275881
11.27 -0.000259488
11.28 -0.000230247
11.29 -0.000196527
11.3 -0.000164998
11.31 -0.000138958
11.32 -0.000116074
11.33 -9.04349e-05
11.34 -5.78092e-05
11.35 -1.77409e-05
11.36 2.77377e-05
11.37 7.42002e-05
11.38 0.000113886
11.39 0.000138232
11.4 0.000143577
11.41 0.000133632
11.42 0.000115837
11.43 9.62034e-05
11.44 7.72229e-05
11.45 5.81057e-05
11.46 3.52864e-05
11.47 3.59791e-06
11.48 -4.14494e-05
11.49 -0.00010143
11.5 -0.000173899
11.51 -0.000252451
11.52 -0.000328232
11.53 -0.000393168
11.54 -0.000442317
11.55 -0.000472642
11.56 -0.000482375
11.57 -0.000474493
11.58 -0.000458249
11.59 -0.000444443
11.6 -0.000438977
11.61 -0.000440045
11.62 -0.000440404
11.63 -0.00043327
11.64 -0.00041721
11.65 -0.000396156
11.66 -0.000375826
11.67 -0.000360143
11.68 -0.000349942
11.69 -0.000344089
11.7 -0.000341004
11.71 -0.000338434
11.72 -0.000331923
11.73 -0.000315128
11.74 -0.000283527
11.75 -0.000238054
11.76 -0.000185094
11.77 -0.000133174
11.78 -8.80837e-05
11.79 -4.94199e-05
11.8 -1.19099e-05
11.81 3.02881e-05
11.82 8.11304e-05
11.83 0.000142304
11.84 0.000212377
11.85 0.000286688
11.86 0.000359961
11.87 0.000429286
11.88 0.000494191
11.89 0.00055431
11.9 0.000608274
11.91 0.000655115
11.92 0.000694995
11.93 0.000728289
11.94 0.000754828
11.95 0.000772995
11.96 0.000779416
11.97 0.000770907
11.98 0.000746961
11.99 0.000710378
12 0.000666095
12.01 0.000619463
12.02 0.000574562
12.03 0.000532867
12.04 0.000493348
12.05 0.000454585
12.06 0.000416176
12.07 0.000377301
12.08 0.000335925
12.09 0.000291221
12.1 0.000245375
12.11 0.000201892
12.12 0.000163019
12.13 0.000129123
12.14 9.95787e-05
12.15 7.30703e-05
12.16 4.67821e-05
12.17 1.6771e-05
12.18 -1.95111e-05
12.19 -6.14023e-05
12.2 -0.00010607
12.21 -0.000150897
12.22 -0.000194724
12.23 -0.000237373
12.24 -0.000278825
12.25 -0.000319468
12.26 -0.000360917
12.27 -0.000405419
12.28 -0.000453542
12.29 -0.000502632
12.3 -0.000547711
12.31 -0.000583823
12.32 -0.000608128
12.33 -0.000620564
12.34 -0.000622631
12.35 -0.000615426
12.36 -0.000599191
12.37 -0.000574785
12.38 -0.000544797
12.39 -0.000512746
12.4 -0.000480526
12.41 -0.00044623
12.42 -0.000405942
12.43 -0.000358168
12.44 -0.000305522
12.45 -0.000252659
12.46 -0.000203629
12.47 -0.000160713
12.48 -0.000124538
12.49 -9.4381e-05
12.5 -6.84868e-05
12.51 -4.51029e-05
12.52 -2.341e-05
12.53 -3.0822e-06
12.54 1.64356e-05
12.55 3.51974e-05
12.56 5.12564e-05
12.57 6.05212e-05
12.58 5.87023e-05
12.59 4.37015e-05
12.6 1.62005e-05
12.61 -2.16072e-05
12.62 -6.73616e-05
12.63 -0.00011879
12.64 -0.000173138
12.65 -0.00022719
12.66 -0.000278328
12.67 -0.000325331
12.68 -0.00036795
12.69 -0.000405724
12.7 -0.000437396
12.71 -0.000461276
12.72 -0.00047563
12.73 -0.000478993
12.74 -0.000470732
12.75 -0.000451724
12.76 -0.00042469
12.77 -0.000393176
12.78 -0.00035962
12.79 -0.000324761
12.8 -0.000288551
12.81 -0.000250654
12.82 -0.000210212
12.83 -0.000165748
12.84 -0.000115925
12.85 -6.10842e-05
12.86 -3.74412e-06
12.87 5.27785e-05
12.88 0.000106186
12.89 0.000156287
12.9 0.000204994
12.91 0.000255271
12.92 0.000309576
12.93 0.000369012
12.94 0.000433451
12.95 0.000501334
12.96 0.000568769
12.97 0.000630063
12.98 0.000681052
12.99 0.000721813
13 0.000754899
13.01 0.000781735
13.02 0.000801698
13.03 0.000813232
13.04 0.000814688
13.05 0.00080475
13.06 0.000782798
13.07 0.000749702
13.08 0.00070874
13.09 0.000665233
13.1 0.000624589
13.11 0.000590186
13.12 0.000562413
13.13 0.000538861
13.14 0.000515007
13.15 0.000485323
13.16 0.000445382
13.17 0.000394613
13.18 0.000337785
13.19 0.000283514
13.2 0.000240132
13.21 0.000211265
13.22 0.0001943
13.23 0.00018301
13.24 0.000171815
13.25 0.0001581
13.26 0.000142128
13.27 0.00012628
13.28 0.00011413
13.29 0.000108931
13.3 0.000111924
13.31 0.000121539
13.32 0.000134122
13.33 0.000145561
13.34 0.000152686
13.35 0.000154108
13.36 0.000150462
13.37 0.000143802
13.38 0.000136229
13.39 0.000128498
13.4 0.000119306
13.41 0.000105726
13.42 8.45751e-05
13.43 5.3897e-05
13.44 1.37749e-05
13.45 -3.38263e-05
13.46 -8.59545e-05
13.47 -0.000139835
13.48 -0.00019355
13.49 -0.000246001
13.5 -0.000296897
13.51 -0.000346737
13.52 -0.000396099
13.53 -0.00044487
13.54 -0.000492642
13.55 -0.000539522
13.56 -0.000585858
13.57 -0.000631305
13.58 -0.000674279
13.59 -0.000712246
13.6 -0.000743071
13.61 -0.000766413
13.62 -0.000783776
13.63 -0.000797066
13.64 -0.00080683
13.65 -0.000811861
13.66 -0.000810575
13.67 -0.000802986
13.68 -0.000791254
13.69 -0.000777968
13.7 -0.000764162
13.71 -0.000749132
13.72 -0.000731705
13.73 -0.00071152
13.74 -0.000689406
13.75 -0.000666802
13.76 -0.000644759
13.77 -0.000623446
13.78 -0.000602445
13.79 -0.000581112
13.8 -0.000558344
13.81 -0.000532476
13.82 -0.000502097
13.83 -0.000467041
13.84 -0.000428375
13.85 -0.000387257
13.86 -0.000343975
13.87 -0.000298082
13.88 -0.000248786
13.89 -0.000194916
13.9 -0.000135139
13.91 -6.90264e-05
13.92 1.71362e-06
13.93 7.31417e-05
13.94 0.000140824
13.95 0.000201961
13.96 0.000255805
13.97 0.000302863
13.98 0.000344455
13.99 0.000382553
14 0.000418885
14.01 0.000453634
14.02 0.000485262
14.03 0.000511945
14.04 0.0005333
14.05 0.000550804
14.06 0.000566739
14.07 0.000582969
14.08 0.000600625
14.09 0.000620324
14.1 0.000642058
14.11 0.00066494
14.12 0.000687103
14.13 0.00070596
14.14 0.000719032
14.15 0.000724585
14.16 0.000721719
14.17 0.000710707
14.18 0.000693276
14.19 0.000671621
14.2 0.000646551
14.21 0.000616569
14.22 0.0005789
14.23 0.000531597
14.24 0.000475254
14.25 0.000413216
14.26 0.000349803
14.27 0.000288154
14.28 0.000229764
14.29 0.000175579
14.3 0.000126665
14.31 8.3714e-05
14.32 4.68386e-05
14.33 1.58744e-05
14.34 -9.70501e-06
14.35 -3.09226e-05
14.36 -4.87852e-05
14.37 -6.35946e-05
14.38 -7.48174e-05
14.39 -8.17169e-05
14.4 -8.43783e-05
14.41 -8.40868e-05
14.42 -8.27104e-05
14.43 -8.18598e-05
14.44 -8.23371e-05
14.45 -8.40031e-05
14.46 -8.61443e-05
14.47 -8.79632e-05
14.48 -8.8743e-05
14.49 -8.79141e-05
14.5 -8.55119e-05
14.51 -8.27227e-05
14.52 -8.16382e-05
14.53 -8.41735e-05
14.54 -9.1191e-05
14.55 -0.000102358
14.56 -0.000116333
14.57 -0.00013121
14.58 -0.000145593
14.59 -0.00015995
14.6 -0.000176664
14.61 -0.00019833
14.62 -0.000226054
14.63 -0.000259134
14.64 -0.000295901
14.65 -0.000334533
14.66 -0.000373145
14.67 -0.000409512
14.68 -0.000441095
14.69 -0.000465729
14.7 -0.000482441
14.71 -0.000491539
14.72 -0.000494109
14.73 -0.000491375
14.74 -0.000483977
14.75 -0.0004714
14.76 -0.000452236
14.77 -0.000425374
14.78 -0.000390812
14.79 -0.000349431
14.8 -0.000302584
14.81 -0.000252092
14.82 -0.000200263
14.83 -0.000149454
14.84 -0.000101311
14.85 -5.62437e-05
14.86 -1.35902e-05
14.87 2.72388e-05
14.88 6.54546e-05
14.89 9.88694e-05
14.9 0.000125319
14.91 0.000143987
14.92 0.000155511
14.93 0.000161255
14.94 0.000162701
14.95 0.000161464
14.96 0.000159387
14.97 0.00015798
14.98 0.000157718
14.99 0.000158056
15 0.000158053
15.01 0.000157146
15.02 0.000155957
15.03 0.000156533
15.04 0.000161434
15.05 0.000172413
15.06 0.000189793
15.07 0.000212551
15.08 0.000238844
15.09 0.000266943
15.1 0.000296129
15.11 0.000326678
15.12 0.000358973
15.13 0.000393063
15.14 0.000428897
15.15 0.000465988
15.16 0.000502668
15.17 0.000536408
15.18 0.000565144
15.19 0.00058802
15.2 0.000604976
15.21 0.000616111
15.22 0.000621603
15.23 0.000622163
15.24 0.000619008
15.25 0.000612765
15.26 0.00060231
15.27 0.000584948
15.28 0.000558136
15.29 0.00052132
15.3 0.000476164
15.31 0.000425337
15.32 0.00037118
15.33 0.00031492
15.34 0.000256763
15.35 0.000196782
15.36 0.000135597
15.37 7.43541e-05
15.38 1.44961e-05
15.39 -4.25337e-05
15.4 -9.56554e-05
15.41 -0.000144329
15.42 -0.000188673
15.43 -0.000229356
15.44 -0.000266937
15.45 -0.0003012
15.46 -0.000331254
15.47 -0.000356321
15.48 -0.000376379
15.49 -0.000392169
15.5 -0.000404711
15.51 -0.000414784
15.52 -0.000422708
15.53 -0.000428236
15.54 -0.000430501
15.55 -0.000428501
15.56 -0.00042218
15.57 -0.000413076
15.58 -0.000403872
15.59 -0.000397385
15.6 -0.000395295
15.61 -0.000397016
15.62 -0.000399845
15.63 -0.00040055
15.64 -0.000397157
15.65 -0.000389571
15.66 -0.000378972
15.67 -0.000367187
15.68 -0.000356375
15.69 -0.000348239
15.7 -0.000342965
15.71 -0.000339028
15.72 -0.00033435
15.73 -0.000327829
15.74 -0.000319751
15.75 -0.00031123
15.76 -0.000303676
15.77 -0.000298409
15.78 -0.00029618
15.79 -0.000296818
15.8 -0.000299357
15.81 -0.000302523
15.82 -0.000305262
15.83 -0.000306986
15.84 -0.000307435
15.85 -0.000306268
15.86 -0.000302699
15.87 -0.00029553
15.88 -0.0002836
15.89 -0.000266374
15.9 -0.000243952
15.91 -0.000216623
15.92 -0.000184609
15.93 -0.000147856
15.94 -0.000105791
15.95 -5.75491e-05
15.96 -2.99447e-06
15.97 5.58256e-05
15.98 0.000114705
15.99 0.000169689
16 0.000219345
16.01 0.000264722
16.02 0.000307384
16.03 0.000347528
16.04 0.000383771
16.05 0.0004142
16.06 0.000437622
16.07 0.000454254
16.08 0.000465191
16.09 0.000471197
16.1 0.000472377
16.11 0.000468903
16.12 0.000461481
16.13 0.000450921
16.14 0.000437483
16.15 0.000420775
16.16 0.000400356
16.17 0.000376573
16.18 0.000351034
16.19 0.000326388
16.2 0.00030508
16.21 0.000287959
16.22 0.000274447
16.23 0.000263929
16.24 0.000256504
16.25 0.000252258
16.26 0.000250126
16.27 0.000248119
16.28 0.000244766
16.29 0.000239943
16.3 0.000234264
16.31 0.000227669
16.32 0.000218721
16.33 0.000205354
16.34 0.000186389
16.35 0.000162532
16.36 0.000136036
16.37 0.000109109
16.38 8.23496e-05
16.39 5.48912e-05
16.4 2.59754e-05
16.41 -3.84492e-06
16.42 -3.3095e-05
16.43 -6.10677e-05
16.44 -8.87465e-05
16.45 -0.000117681
16.46 -0.000148344
16.47 -0.000180104
16.48 -0.000212581
16.49 -0.000246383
16.5 -0.000282378
16.51 -0.000320547
16.52 -0.00035993
16.53 -0.000399579
16.54 -0.000439068
16.55 -0.00047796
16.56 -0.000514822
16.57 -0.00054696
16.58 -0.000571641
16.59 -0.000587711
16.6 -0.000595841
16.61 -0.000597495
16.62 -0.000593841
16.63 -0.000585207
16.64 -0.000571169
16.65 -0.000551279
16.66 -0.00052593
16.67 -0.000496488
16.68 -0.000464379
16.69 -0.000430164
16.7 -0.00039375
16.71 -0.000355154
16.72 -0.000314687
16.73 -0.000272575
16.74 -0.00022883
16.75 -0.00018358
16.76 -0.000137191
16.77 -8.99852e-05
16.78 -4.22496e-05
16.79 5.43005e-06
16.8 5.21848e-05
16.81 9.74094e-05
16.82 0.000141107
16.83 0.000183387
16.84 0.000223711
16.85 0.000260899
16.86 0.000293892
16.87 0.000322413
16.88 0.000347127
16.89 0.00036942
16.9 0.00039064
16.91 0.000411219
16.92 0.000430673
16.93 0.000448472
16.94 0.000464685
16.95 0.000479771
16.96 0.000493994
16.97 0.000507348
16.98 0.000519975
16.99 0.000532297
17 0.000544586
17.01 0.000556392
17.02 0.000566365
17.03 0.000572754
17.04 0.000574252
17.05 0.000570547
17.06 0.000562383
17.07 0.00055127
17.08 0.00053879
17.09 0.000525809
17.1 0.000512202
17.11 0.000497148
17.12 0.000479788
17.13 0.000459778
17.14 0.00043746
17.15 0.000413837
17.16 0.000390155
17.17 0.000367174
17.18 0.000344968
17.19 0.000323194
17.2 0.000301392
17.21 0.000279305
17.22 0.000257037
17.23 0.000234868
17.24 0.000213124
17.25 0.000192223
17.26 0.000172537
17.27 0.000154036
17.28 0.000136131
17.29 0.000117922
17.3 9.84608e-05
17.31 7.68455e-05
17.32 5.23997e-05
17.33 2.48567e-05
17.34 -5.84601e-06
17.35 -4.00102e-05
17.36 -7.82341e-05
17.37 -0.00012084
17.38 -0.000167355
17.39 -0.000216776
17.4 -0.000268352
17.41 -0.000321907
17.42 -0.000377158
17.43 -0.000432737
17.44 -0.000486246
17.45 -0.000535642
17.46 -0.000580423
17.47 -0.000621275
17.48 -0.000658784
17.49 -0.0006926
17.5 -0.000721564
17.51 -0.000744509
17.52 -0.00076102
17.53 -0.000771511
17.54 -0.000776777
17.55 -0.000777632
17.56 -0.000774942
17.57 -0.000769813
17.58 -0.000763192
17.59 -0.000754921
17.6 -0.000743508
17.61 -0.000727259
17.62 -0.000705665
17.63 -0.000679667
17.64 -0.000650657
17.65 -0.000619369
17.66 -0.000585825
17.67 -0.00054997
17.68 -0.00051173
17.69 -0.000470575
17.7 -0.00042565
17.71 -0.000376469
17.72 -0.000323437
17.73 -0.000267671
17.74 -0.000210299
17.75 -0.000152024
17.76 -9.32245e-05
17.77 -3.42507e-05
17.78 2.43704e-05
17.79 8.18477e-05
17.8 0.000137128
17.81 0.000188967
17.82 0.000236095
17.83 0.000277388
17.84 0.000311762
17.85 0.000338268
17.86 0.000356664
17.87 0.000367646
17.88 0.000372363
17.89 0.000371765
17.9 0.000366306
17.91 0.000356275
17.92 0.000342362
17.93 0.00032589
17.94 0.000308626
17.95 0.000292366
17.96 0.000278604
17.97 0.000268499
17.98 0.000262975
17.99 0.00026267
18 0.000267647
18.01 0.000277149
18.02 0.000289907
18.03 0.000304899
18.04 0.000321957
18.05 0.000341543
18.06 0.000364057
18.07 0.000389555
18.08 0.000417776
18.09 0.000447933
18.1 0.000478369
18.11 0.000506804
18.12 0.000531326
18.13 0.000551236
18.14 0.000566973
18.15 0.000579388
18.16 0.000589091
18.17 0.000596075
18.18 0.00059952
18.19 0.000597888
18.2 0.000589575
18.21 0.000573869
18.22 0.000551433
18.23 0.000523911
18.24 0.00049303
18.25 0.000459847
18.26 0.00042448
18.27 0.000386358
18.28 0.000344965
18.29 0.000300522
18.3 0.000253942
18.31 0.000206278
18.32 0.000158424
18.33 0.000111257
18.34 6.56725e-05
18.35 2.21888e-05
18.36 -1.94119e-05
18.37 -5.99899e-05
18.38 -0.000100457
18.39 -0.00014104
18.4 -0.000181093
18.41 -0.000219643
18.42 -0.000255953
18.43 -0.000289549
18.44 -0.00032008
18.45 -0.000347455
18.46 -0.00037193
18.47 -0.000393845
18.48 -0.000413164
18.49 -0.000429397
18.5 -0.000442163
18.51 -0.000451701
18.52 -0.000458881
18.53 -0.000464908
18.54 -0.000470953
18.55 -0.000477905
18.56 -0.000486276
18.57 -0.00049605
18.58 -0.000506482
18.59 -0.000516339
18.6 -0.000524709
18.61 -0.000531503
18.62 -0.000537066
18.63 -0.000541503
18.64 -0.000544564
18.65 -0.000545993
18.66 -0.00054576
18.67 -0.000544085
18.68 -0.000541299
18.69 -0.000537625
18.7 -0.000533107
18.71 -0.000527818
18.72 -0.00052201
18.73 -0.000515703
18.74 -0.000508155
18.75 -0.000498138
18.76 -0.000484779
18.77 -0.000468057
18.78 -0.000448561
18.79 -0.000426869
18.8 -0.000403076
18.81 -0.000376888
18.82 -0.000348371
18.83 -0.000318322
18.84 -0.000287575
18.85 -0.000256182
18.86 -0.000223527
18.87 -0.000189135
18.88 -0.000153117
18.89 -0.000115688
18.9 -7.65678e-05
18.91 -3.51572e-05
18.92 8.92454e-06
18.93 5.55581e-05
18.94 0.000104154
18.95 0.000153821
18.96 0.000203422
18.97 0.00025168
18.98 0.000297684
18.99 0.000341084
19 0.00038135
19.01 0.000417244
19.02 0.000447471
19.03 0.00047158
19.04 0.000490189
19.05 0.000504669
19.06 0.000516612
19.07 0.000527141
19.08 0.000536389
19.09 0.000543925
19.1 0.000549735
19.11 0.000554337
19.12 0.000558192
19.13 0.000561532
19.14 0.000564617
19.15 0.000567688
19.16 0.000570579
19.17 0.000572476
19.18 0.000572158
19.19 0.000568576
19.2 0.000561238
19.21 0.000550196
19.22 0.000535964
19.23 0.000519473
19.24 0.000501813
19.25 0.000483737
19.26 0.000465398
19.27 0.000446668
19.28 0.000427497
19.29 0.00040786
19.3 0.000387668
19.31 0.000366855
19.32 0.000345465
19.33 0.000323629
19.34 0.000301489
19.35 0.000279001
19.36 0.000255717
19.37 0.000230689
19.38 0.000202688
19.39 0.000170776
19.4 0.000134838
19.41 9.57147e-05
19.42 5.48399e-05
19.43 1.35233e-05
19.44 -2.75174e-05
19.45 -6.79359e-05
19.46 -0.000107386
19.47 -0.000145584
19.48 -0.000182523
19.49 -0.000218356
19.5 -0.000252885
19.51 -0.000285204
19.52 -0.00031412
19.53 -0.000338947
19.54 -0.000359967
19.55 -0.000378252
19.56 -0.000395076
19.57 -0.000411408
19.58 -0.000427795
19.59 -0.000444366
19.6 -0.000460688
19.61 -0.000475761
19.62 -0.000488512
19.63 -0.000498489
19.64 -0.000505986
19.65 -0.000511517
19.66 -0.000515433
19.67 -0.000517946
19.68 -0.000519215
19.69 -0.000519219
19.7 -0.000517672
19.71 -0.00051424
19.72 -0.00050862
19.73 -0.000500375
19.74 -0.000488997
19.75 -0.00047424
19.76 -0.000456303
19.77 -0.000435618
19.78 -0.000412637
19.79 -0.000387859
19.8 -0.000361722
19.81 -0.000334231
19.82 -0.000304951
19.83 -0.000273675
19.84 -0.000241086
19.85 -0.000208536
19.86 -0.00017701
19.87 -0.000146369
19.88 -0.000115646
19.89 -8.40661e-05
19.9 -5.17122e-05
19.91 -1.92847e-05
19.92 1.25249e-05
19.93 4.34632e-05
19.94 7.36977e-05
19.95 0.000103168
19.96 0.00013121
19.97 0.000157119
19.98 0.000180687
19.99 0.000202103
20 0.000221723
20.01 0.00024002
20.02 0.000257426
20.03 0.000274129
20.04 0.000290177
20.05 0.000305797
20.06 0.000321385
20.07 0.000337094
20.08 0.000352655
20.09 0.00036771
20.1 0.00038232
20.11 0.000397157
20.12 0.000413062
20.13 0.000430424
20.14 0.000448994
20.15 0.000468155
20.16 0.000487305
20.17 0.000505966
20.18 0.00052355
20.19 0.000539171
20.2 0.000551879
20.21 0.000560954
20.22 0.000565938
20.23 0.000566505
20.24 0.000562257
20.25 0.00055273
20.26 0.000537747
20.27 0.000517851
20.28 0.000494339
20.29 0.000468708
20.3 0.000441949
20.31 0.000414352
20.32 0.000385934
20.33 0.000357007
20.34 0.00032837
20.35 0.000300908
20.36 0.000274869
20.37 0.00024956
20.38 0.000224019
20.39 0.0001981
20.4 0.000172619
20.41 0.000148433
20.42 0.000125655
20.43 0.000103554
20.44 8.09809e-05
20.45 5.68705e-05
20.46 3.05148e-05
20.47 1.56461e-06
20.48 -3.00388e-05
20.49 -6.40475e-05
20.5 -9.99558e-05
20.51 -0.000137215
20.52 -0.000175523
20.53 -0.000215041
20.54 -0.000256206
20.55 -0.000299068
20.56 -0.000342874
20.57 -0.000386465
20.58 -0.000428845
20.59 -0.00046922
20.6 -0.000506954
20.61 -0.000541753
20.62 -0.000573705
20.63 -0.000603003
20.64 -0.000629543
20.65 -0.000652753
20.66 -0.000671871
20.67 -0.000686396
20.68 -0.000696242
20.69 -0.000701448
20.7 -0.000701871
20.71 -0.00069731
20.72 -0.000687781
20.73 -0.000673618
20.74 -0.00065533
20.75 -0.000633263
20.76 -0.00060752
20.77 -0.000578279
20.78 -0.000545968
20.79 -0.000511201
20.8 -0.000474593
20.81 -0.000436489
20.82 -0.000396877
20.83 -0.000355783
20.84 -0.000313628
20.85 -0.000271072
20.86 -0.000228641
20.87 -0.000186574
20.88 -0.000144864
20.89 -0.000103606
20.9 -6.34693e-05
20.91 -2.57196e-05
20.92 8.33067e-06
20.93 3.7991e-05
20.94 6.34719e-05
20.95 8.53199e-05
20.96 0.000103617
20.97 0.00011805
20.98 0.000128563
20.99 0.000135586
21 0.000139695
21.01 0.000141316
21.02 0.000140772
21.03 0.000138353
21.04 0.000134458
21.05 0.000130027
21.06 0.000126607
21.07 0.000125667
21.08 0.000127946
21.09 0.000133486
21.1 0.000142017
21.11 0.000153408
21.12 0.000168003
21.13 0.000186406
21.14 0.00020878
21.15 0.000234433
21.16 0.000262241
21.17 0.00029142
21.18 0.000321716
21.19 0.000352819
21.2 0.0003839
21.21 0.000413877
21.22 0.000441963
21.23 0.000467767
21.24 0.000490903
21.25 0.000510811
21.26 0.000527092
21.27 0.000539801
21.28 0.0005493
21.29 0.000555765
21.3 0.000558884
21.31 0.000558067
21.32 0.000552749
21.33 0.000542541
21.34 0.000527313
21.35 0.000507079
21.36 0.00048184
21.37 0.000451816
21.38 0.000417784
21.39 0.000380884
21.4 0.00034205
21.41 0.000301747
21.42 0.000260154
21.43 0.000217487
21.44 0.000174287
21.45 0.000131516
21.46 9.0378e-05
21.47 5.18564e-05
21.48 1.63106e-05
21.49 -1.63718e-05
21.5 -4.62832e-05
21.51 -7.3359e-05
21.52 -9.76183e-05
21.53 -0.000119148
21.54 -0.000137743
21.55 -0.000152893
21.56 -0.000164342
21.57 -0.000172537
21.58 -0.000178524
21.59 -0.000183551
21.6 -0.000188655
21.61 -0.000194268
21.62 -0.000200172
21.63 -0.000205983
21.64 -0.000211656
21.65 -0.000217571
21.66 -0.000224343
21.67 -0.000232614
21.68 -0.000242914
21.69 -0.000255598
21.7 -0.000270707
21.71 -0.000287729
21.72 -0.000305606
21.73 -0.000323239
21.74 -0.000340009
21.75 -0.000355759
21.76 -0.000370402
21.77 -0.000383705
21.78 -0.00039537
21.79 -0.000405133
21.8 -0.000412761
21.81 -0.000418006
21.82 -0.000420583
21.83 -0.000420291
21.84 -0.000417193
21.85 -0.000411595
21.86 -0.000403824
21.87 -0.00039391
21.88 -0.000381433
21.89 -0.000365752
21.9 -0.000346386
21.91 -0.000323314
21.92 -0.000297156
21.93 -0.000269031
21.94 -0.00024012
21.95 -0.000211167
21.96 -0.000182114
21.97 -0.000152358
21.98 -0.000121569
21.99 -9.01432e-05
22 -5.90264e-05
22.01 -2.93171e-05
22.02 -1.89415e-06
22.03 2.2783e-05
22.04 4.47461e-05
22.05 6.46219e-05
22.06 8.3453e-05
22.07 0.000101973
22.08 0.000120008
22.09 0.00013671
22.1 0.000151275
22.11 0.000163501
22.12 0.000173842
22.13 0.000183003
22.14 0.000191609
22.15 0.000200261
22.16 0.000209533
22.17 0.000219634
22.18 0.000230155
22.19 0.000240095
22.2 0.000248418
22.21 0.000254937
22.22 0.000260547
22.23 0.000266557
22.24 0.000273945
22.25 0.000283064
22.26 0.000293624
22.27 0.000304821
22.28 0.000315499
22.29 0.000324453
22.3 0.000330777
22.31 0.000334228
22.32 0.000335455
22.33 0.000335732
22.34 0.000336248
22.35 0.000337452
22.36 0.000338686
22.37 0.000338341
22.38 0.000334659
22.39 0.00032674
22.4 0.000314904
22.41 0.000300353
22.42 0.000284504
22.43 0.000268331
22.44 0.000251984
22.45 0.000234874
22.46 0.000216106
22.47 0.000194889
22.48 0.000170831
22.49 0.000144033
22.5 0.000115016
22.51 8.46542e-05
22.52 5.39226e-05
22.53 2.34987e-05
22.54 -6.42091e-06
22.55 -3.60445e-05
22.56 -6.57335e-05
22.57 -9.56701e-05
22.58 -0.000125562
22.59 -0.000154519
22.6 -0.000181265
22.61 -0.00020461
22.62 -0.000223942
22.63 -0.000239454
22.64 -0.000251831
22.65 -0.000261687
22.66 -0.000269392
22.67 -0.000275347
22.68 -0.000280167
22.69 -0.000284552
22.7 -0.000288941
22.71 -0.000293235
22.72 -0.000296892
22.73 -0.000299349
22.74 -0.000300379
22.75 -0.000300254
22.76 -0.000299543
22.77 -0.000298656
22.78 -0.000297463
22.79 -0.000295293
22.8 -0.000291428
22.81 -0.000285664
22.82 -0.000278397
22.83 -0.000270285
22.84 -0.00026194
22.85 -0.000253779
22.86 -0.000245846
22.87 -0.000237789
22.88 -0.000229145
22.89 -0.000219662
22.9 -0.000209259
22.91 -0.000197821
22.92 -0.000185233
22.93 -0.000171506
22.94 -0.000156979
22.95 -0.000142203
22.96 -0.000127418
22.97 -0.000112492
22.98 -9.73508e-05
22.99 -8.21678e-05
23 -6.72124e-05
23.01 -5.26895e-05
23.02 -3.87756e-05
23.03 -2.57959e-05
23.04 -1.41565e-05
23.05 -4.01312e-06
23.06 4.79868e-06
23.07 1.26579e-05
23.08 2.01714e-05
23.09 2.80459e-05
23.1 3.68912e-05
23.11 4.73443e-05
23.12 6.03074e-05
23.13 7.6643e-05
23.14 9.64979e-05
23.15 0.000119188
23.16 0.000143757
23.17 0.000169511
23.18 0.000196089
23.19 0.00022321
23.2 0.000250415
23.21 0.000276949
23.22 0.000301805
23.23 0.000323873
23.24 0.000342174
23.25 0.000356028
23.26 0.000365199
23.27 0.000370135
23.28 0.000372121
23.29 0.000372983
23.3 0.000374242
23.31 0.000376179
23.32 0.000377821
23.33 0.000377948
23.34 0.00037602
23.35 0.000372416
23.36 0.000367962
23.37 0.000363195
23.38 0.000358208
23.39 0.000353011
23.4 0.000347589
23.41 0.000341694
23.42 0.000334753
23.43 0.000326057
23.44 0.000315313
23.45 0.000302941
23.46 0.00028964
23.47 0.00027583
23.48 0.000261587
23.49 0.000246735
23.5 0.000230887
23.51 0.0002136
23.52 0.000194514
23.53 0.000173403
23.54 0.00015021
23.55 0.000124967
23.56 9.77046e-05
23.57 6.84687e-05
23.58 3.72829e-05
23.59 4.09585e-06
23.6 -3.10866e-05
23.61 -6.80171e-05
23.62 -0.000106171
23.63 -0.000144787
23.64 -0.000182909
23.65 -0.000219586
23.66 -0.000254064
23.67 -0.000285752
23.68 -0.000314177
23.69 -0.000339017
23.7 -0.00036017
23.71 -0.000377796
23.72 -0.000392068
23.73 -0.000402917
23.74 -0.000410139
23.75 -0.000413747
23.76 -0.000414349
23.77 -0.000413133
23.78 -0.000411328
23.79 -0.000409662
23.8 -0.000408193
23.81 -0.000406539
23.82 -0.000404272
23.83 -0.000401184
23.84 -0.000397383
23.85 -0.000393185
23.86 -0.0003889
23.87 -0.000384683
23.88 -0.000380498
23.89 -0.000376115
23.9 -0.000371046
23.91 -0.000364503
23.92 -0.000355654
23.93 -0.000344074
23.94 -0.000329927
23.95 -0.000313768
23.96 -0.000296089
23.97 -0.000276933
23.98 -0.000255957
23.99 -0.000232828
24 -0.000207502
24.01 -0.000180256
24.02 -0.000151601
24.03 -0.000122222
24.04 -9.30494e-05
24.05 -6.51028e-05
24.06 -3.9029e-05
24.07 -1.48768e-05
24.08 7.74404e-06
24.09 2.93092e-05
24.1 4.99998e-05
24.11 6.9484e-05
24.12 8.694e-05
24.13 0.000101442
24.14 0.000112575
24.15 0.000120785
24.16 0.000127245
24.17 0.000133412
24.18 0.000140445
24.19 0.000148761
24.2 0.00015806
24.21 0.000167854
24.22 0.000177974
24.23 0.000188557
24.24 0.000199788
24.25 0.000211822
24.26 0.000224747
24.27 0.000238518
24.28 0.00025299
24.29 0.000267666
24.3 0.0002815
24.31 0.000293342
24.32 0.000302603
24.33 0.000309464
24.34 0.000314514
24.35 0.000318271
24.36 0.000320921
24.37 0.000322314
24.38 0.000322183
24.39 0.000320294
24.4 0.000316456
24.41 0.0003106
24.42 0.000302901
24.43 0.0002938
24.44 0.000283791
24.45 0.000273085
24.46 0.000261571
24.47 0.000249035
24.48 0.000235415
24.49 0.000220921
24.5 0.0002059
24.51 0.000190535
24.52 0.000174622
24.53 0.000157802
24.54 0.000140028
24.55 0.000121572
24.56 0.000102807
24.57 8.3974e-05
24.58 6.49389e-05
24.59 4.53434e-05
24.6 2.49079e-05
24.61 3.43969e-06
24.62 -1.91423e-05
24.63 -4.27297e-05
24.64 -6.7097e-05
24.65 -9.19298e-05
24.66 -0.000116727
24.67 -0.000140883
24.68 -0.000164068
24.69 -0.000186472
24.7 -0.000208398
24.71 -0.000229627
24.72 -0.000249352
24.73 -0.000266636
24.74 -0.000280806
24.75 -0.000291539
24.76 -0.000298843
24.77 -0.000303024
24.78 -0.000304651
24.79 -0.000304447
24.8 -0.000302993
24.81 -0.000300419
24.82 -0.000296376
24.83 -0.000290215
24.84 -0.000281279
24.85 -0.000269358
24.86 -0.000255016
24.87 -0.000239414
24.88 -0.000223715
24.89 -0.000208508
24.9 -0.000193724
24.91 -0.00017903
24.92 -0.000164235
24.93 -0.000149501
24.94 -0.000135346
24.95 -0.000122441
24.96 -0.000111464
24.97 -0.000103098
24.98 -9.78607e-05
24.99 -9.56898e-05
25 -9.58441e-05
25.01 -9.72374e-05
25.02 -9.89235e-05
25.03 -0.000100362
25.04 -0.000101293
25.05 -0.000101598
25.06 -0.000101299
25.07 -0.00010033
25.08 -9.8142e-05
25.09 -9.37974e-05
25.1 -8.65435e-05
25.11 -7.61607e-05
25.12 -6.28916e-05
25.13 -4.729e-05
25.14 -3.00802e-05
25.15 -1.19429e-05
25.16 6.64586e-06
25.17 2.54693e-05
25.18 4.47143e-05
25.19 6.49025e-05
25.2 8.63599e-05
25.21 0.000108859
25.22 0.000131805
25.23 0.000154621
25.24 0.000177057
25.25 0.000199237
25.26 0.000221291
25.27 0.000243003
25.28 0.000264006
25.29 0.000284296
25.3 0.000304324
25.31 0.000324538
25.32 0.000344867
25.33 0.000364711
25.34 0.000383417
25.35 0.000400714
25.36 0.000416606
25.37 0.000430904
25.38 0.000443095
25.39 0.000452656
25.4 0.000459222
25.41 0.000462506
25.42 0.000462242
25.43 0.000458178
25.44 0.000450079
25.45 0.000437818
25.46 0.000421638
25.47 0.000402206
25.48 0.000380208
25.49 0.00035594
25.5 0.000329514
25.51 0.000301324
25.52 0.000271896
25.53 0.000241309
25.54 0.000209112
25.55 0.000174982
25.56 0.00013932
25.57 0.00010311
25.58 6.73373e-05
25.59 3.26648e-05
25.6 -5.71623e-07
25.61 -3.21371e-05
25.62 -6.16794e-05
25.63 -8.88604e-05
25.64 -0.000113565
25.65 -0.000135737
25.66 -0.000155113
25.67 -0.000171343
25.68 -0.00018438
25.69 -0.000194684
25.7 -0.000203213
25.71 -0.000211296
25.72 -0.000220203
25.73 -0.000230637
25.74 -0.000242579
25.75 -0.000255525
25.76 -0.000268928
25.77 -0.000282538
25.78 -0.000296453
25.79 -0.000310967
25.8 -0.000326363
25.81 -0.000342776
25.82 -0.000359999
25.83 -0.000377285
25.84 -0.000393456
25.85 -0.000407168
25.86 -0.000417181
25.87 -0.000422831
25.88 -0.000424437
25.89 -0.000423063
25.9 -0.000419749
25.91 -0.000414893
25.92 -0.000408306
25.93 -0.000399706
25.94 -0.000388983
25.95 -0.000376115
25.96 -0.000361126
25.97 -0.000344272
25.98 -0.000326234
25.99 -0.000307828
26 -0.000289546
26.01 -0.000271491
26.02 -0.000253635
26.03 -0.000235911
26.04 -0.000218041
26.05 -0.000199637
26.06 -0.000180542
26.07 -0.00016084
26.08 -0.000140771
26.09 -0.000120709
26.1 -0.00010104
26.11 -8.20487e-05
26.12 -6.39362e-05
26.13 -4.67888e-05
26.14 -3.0358e-05
26.15 -1.39548e-05
26.16 3.13035e-06
26.17 2.0992e-05
26.18 3.90443e-05
26.19 5.65648e-05
26.2 7.31688e-05
26.21 8.8955e-05
26.22 0.000104428
26.23 0.000120203
26.24 0.000136756
26.25 0.000154347
26.26 0.000172908
26.27 0.000192072
26.28 0.000211375
26.29 0.000230488
26.3 0.000249394
26.31 0.000268268
26.32 0.00028719
26.33 0.000306063
26.34 0.000324571
26.35 0.000342123
26.36 0.000357942
26.37 0.000371378
26.38 0.000382202
26.39 0.000390524
26.4 0.000396475
26.41 0.000400183
26.42 0.000402
26.43 0.000402539
26.44 0.000402388
26.45 0.00040177
26.46 0.000400359
26.47 0.000397485
26.48 0.000392699
26.49 0.000386103
26.5 0.000378048
26.51 0.000368621
26.52 0.000357553
26.53 0.000344577
26.54 0.000329772
26.55 0.000313445
26.56 0.000295685
26.57 0.000276165
26.58 0.000254482
26.59 0.00023062
26.6 0.00020487
26.61 0.000177475
26.62 0.00014854
26.63 0.000118053
26.64 8.59711e-05
26.65 5.24275e-05
26.66 1.77933e-05
26.67 -1.7441e-05
26.68 -5.27755e-05
26.69 -8.76739e-05
26.7 -0.000121469
26.71 -0.000153338
26.72 -0.000182492
26.73 -0.00020849
26.74 -0.00023127
26.75 -0.00025083
26.76 -0.000267186
26.77 -0.000280717
26.78 -0.000292128
26.79 -0.000302017
26.8 -0.000310639
26.81 -0.000317975
26.82 -0.000323995
26.83 -0.000328811
26.84 -0.000332645
26.85 -0.000335879
26.86 -0.000339131
26.87 -0.000343036
26.88 -0.00034777
26.89 -0.000352769
26.9 -0.000357007
26.91 -0.000359548
26.92 -0.000359979
26.93 -0.000358523
26.94 -0.000355629
26.95 -0.000351414
26.96 -0.000345643
26.97 -0.000338028
26.98 -0.000328402
26.99 -0.00031675
27 -0.000303142
27.01 -0.000287741
27.02 -0.000270868
27.03 -0.000252952
27.04 -0.000234482
27.05 -0.000215856
27.06 -0.000197203
27.07 -0.000178539
27.08 -0.000159853
27.09 -0.000141047
27.1 -0.000122032
27.11 -0.000102814
27.12 -8.34457e-05
27.13 -6.39381e-05
27.14 -4.42847e-05
27.15 -2.45651e-05
27.16 -4.95897e-06
27.17 1.43709e-05
27.18 3.3413e-05
27.19 5.22589e-05
27.2 7.09116e-05
27.21 8.93279e-05
27.22 0.000107612
27.23 0.000125975
27.24 0.000144588
27.25 0.000163575
27.26 0.000183056
27.27 0.000203092
27.28 0.000223588
27.29 0.000244288
27.3 0.000264845
27.31 0.000284895
27.32 0.000304147
27.33 0.000322384
27.34 0.000339452
27.35 0.000355153
27.36 0.000369128
27.37 0.000381028
27.38 0.000390676
27.39 0.000397994
27.4 0.00040281
27.41 0.000404826
27.42 0.000403858
27.43 0.00040001
27.44 0.000393498
27.45 0.000384448
27.46 0.000372937
27.47 0.000359191
27.48 0.000343606
27.49 0.000326576
27.5 0.000308353
27.51 0.00028902
27.52 0.000268722
27.53 0.000247937
27.54 0.000227308
27.55 0.000207337
27.56 0.000188238
27.57 0.000169921
27.58 0.00015211
27.59 0.000134481
27.6 0.000116725
27.61 9.86045e-05
27.62 8.00587e-05
27.63 6.12654e-05
27.64 4.24946e-05
27.65 2.38741e-05
27.66 5.31591e-06
27.67 -1.34321e-05
27.68 -3.26029e-05
27.69 -5.22062e-05
27.7 -7.20542e-05
27.71 -9.186e-05
27.72 -0.000111287
27.73 -0.000130075
27.74 -0.000148172
27.75 -0.000165743
27.76 -0.000182992
27.77 -0.000199989
27.78 -0.000216631
27.79 -0.000232709
27.8 -0.000248088
27.81 -0.00026281
27.82 -0.0002769
27.83 -0.000290152
27.84 -0.00030216
27.85 -0.000312624
27.86 -0.000321542
27.87 -0.00032908
27.88 -0.000335249
27.89 -0.000339816
27.9 -0.000342576
27.91 -0.000343645
27.92 -0.000343393
27.93 -0.000342132
27.94 -0.000340016
27.95 -0.000337185
27.96 -0.000333846
27.97 -0.000330179
27.98 -0.000326223
27.99 -0.000321916
28 -0.000317158
28.01 -0.000311742
28.02 -0.000305347
28.03 -0.000297742
28.04 -0.000288949
28.05 -0.000279119
28.06 -0.00026829
28.07 -0.00025629
28.08 -0.000242834
28.09 -0.000227644
28.1 -0.000210567
28.11 -0.000191679
28.12 -0.000171381
28.13 -0.000150321
28.14 -0.00012912
28.15 -0.000108127
28.16 -8.74158e-05
28.17 -6.69387e-05
28.18 -4.66984e-05
28.19 -2.68466e-05
28.2 -7.62321e-06
28.21 1.07296e-05
28.22 2.80057e-05
28.23 4.41401e-05
28.24 5.93158e-05
28.25 7.39078e-05
28.26 8.82906e-05
28.27 0.000102716
28.28 0.00011729
28.29 0.000131985
28.3 0.000146716
28.31 0.000161436
28.32 0.000176148
28.33 0.000190868
28.34 0.000205535
28.35 0.000220004
28.36 0.000234137
28.37 0.000247873
28.38 0.000261281
28.39 0.000274475
28.4 0.000287394
28.41 0.000299757
28.42 0.000311253
28.43 0.000321687
28.44 0.000330989
28.45 0.000339128
28.46 0.000346001
28.47 0.000351422
28.48 0.000355182
28.49 0.000357077
28.5 0.000356933
28.51 0.000354587
28.52 0.0003499
28.53 0.000342875
28.54 0.000333701
28.55 0.000322655
28.56 0.000310002
28.57 0.000295929
28.58 0.000280585
28.59 0.000264143
28.6 0.000246802
28.61 0.000228774
28.62 0.000210294
28.63 0.000191615
28.64 0.000173009
28.65 0.000154739
28.66 0.000136944
28.67 0.000119569
28.68 0.000102458
28.69 8.55497e-05
28.7 6.89698e-05
28.71 5.29145e-05
28.72 3.75031e-05
28.73 2.27315e-05
28.74 8.5166e-06
28.75 -5.2594e-06
28.76 -1.87477e-05
28.77 -3.21022e-05
28.78 -4.54401e-05
28.79 -5.88522e-05
28.8 -7.23986e-05
28.81 -8.60653e-05
28.82 -9.97504e-05
28.83 -0.000113326
28.84 -0.000126729
28.85 -0.000140016
28.86 -0.000153329
28.87 -0.000166769
28.88 -0.000180283
28.89 -0.000193687
28.9 -0.000206769
28.91 -0.000219335
28.92 -0.000231229
28.93 -0.000242337
28.94 -0.000252587
28.95 -0.000261911
28.96 -0.000270233
28.97 -0.000277488
28.98 -0.000283621
28.99 -0.000288574
29 -0.000292264
29.01 -0.000294602
29.02 -0.00029557
29.03 -0.000295264
29.04 -0.000293824
29.05 -0.000291343
29.06 -0.000287845
29.07 -0.000283314
29.08 -0.000277738
29.09 -0.000271123
29.1 -0.000263494
29.11 -0.000254876
29.12 -0.000245304
29.13 -0.000234836
29.14 -0.000223555
29.15 -0.000211545
29.16 -0.000198867
29.17 -0.000185556
29.18 -0.000171626
29.19 -0.000157094
29.2 -0.000142005
29.21 -0.000126431
29.22 -0.000110453
29.23 -9.41549e-05
29.24 -7.76171e-05
29.25 -6.09091e-05
29.26 -4.41013e-05
29.27 -2.72756e-05
29.28 -1.05163e-05
29.29 6.10581e-06
29.3 2.25326e-05
29.31 3.87056e-05
29.32 5.45642e-05
29.33 7.00531e-05
29.34 8.51283e-05
29.35 9.97611e-05
29.36 0.00011393
29.37 0.000127604
29.38 0.000140736
29.39 0.000153279
29.4 0.000165192
29.41 0.000176443
29.42 0.000187007
29.43 0.000196866
29.44 0.000206007
29.45 0.000214414
29.46 0.000222077
29.47 0.000228986
29.48 0.000235133
29.49 0.000240507
29.5 0.000245099
29.51 0.000248897
29.52 0.000251892
29.53 0.000254078
29.54 0.000255443
29.55 0.000255971
29.56 0.00025565
29.57 0.000254476
29.58 0.000252457
29.59 0.00024961
29.6 0.000245955
29.61 0.000241512
29.62 0.0002363
29.63 0.000230336
29.64 0.000223637
29.65 0.000216221
29.66 0.000208109
29.67 0.00019933
29.68 0.000189914
29.69 0.000179899
29.7 0.00016932
29.71 0.000158217
29.72 0.000146627
29.73 0.000134588
29.74 0.000122141
29.75 0.000109327
29.76 9.61914e-05
29.77 8.27789e-05
29.78 6.91337e-05
29.79 5.52977e-05
29.8 4.13109e-05
29.81 2.72116e-05
29.82 1.30384e-05
29.83 -1.16908e-06
29.84 -1.53691e-05
29.85 -2.95173e-05
29.86 -4.35679e-05
29.87 -5.74746e-05
29.88 -7.11915e-05
29.89 -8.46744e-05
29.9 -9.7881e-05
29.91 -0.00011077
29.92 -0.000123301
29.93 -0.000135433
29.94 -0.000147123
29.95 -0.000158329
29.96 -0.000169006
29.97 -0.000179111
29.98 -0.000188599
29.99 -0.000197427
30 -0.000205554
30.01 -0.000212945
30.02 -0.000219565
30.03 -0.000225382
30.04 -0.000230368
30.05 -0.000234499
30.06 -0.000237755
30.07 -0.000240122
30.08 -0.000241592
30.09 -0.000242161
30.1 -0.000241829
30.11 -0.000240601
30.12 -0.000238487
30.13 -0.000235498
30.14 -0.00023165
30.15 -0.000226964
30.16 -0.000221463
30.17 -0.000215177
30.18 -0.000208139
30.19 -0.000200386
30.2 -0.000191958
30.21 -0.000182897
30.22 -0.000173247
30.23 -0.000163053
30.24 -0.00015236
30.25 -0.000141215
30.26 -0.000129665
30.27 -0.000117758
30.28 -0.000105543
30.29 -9.30682e-05
30.3 -8.03814e-05
30.31 -6.75305e-05
30.32 -5.45618e-05
30.33 -4.15205e-05
30.34 -2.84503e-05
30.35 -1.53933e-05
30.36 -2.38959e-06
30.37 1.05225e-05
30.38 2.33068e-05
30.39 3.59293e-05
30.4 4.8358e-05
30.41 6.05628e-05
30.42 7.25149e-05
30.43 8.41866e-05
30.44 9.5551e-05
30.45 0.000106581
30.46 0.000117252
30.47 0.000127536
30.48 0.000137407
30.49 0.000146841
30.5 0.000155811
30.51 0.000164291
30.52 0.000172257
30.53 0.000179682
30.54 0.00018654
30.55 0.000192805
30.56 0.000198451
30.57 0.000203453
30.58 0.000207785
30.59 0.000211426
30.6 0.000214354
30.61 0.000216552
30.62 0.000218005
30.63 0.000218699
30.64 0.000218628
30.65 0.000217787
30.66 0.000216175
30.67 0.000213795
30.68 0.000210653
30.69 0.000206761
30.7 0.000202133
30.71 0.000196786
30.72 0.000190741
30.73 0.000184021
30.74 0.000176655
30.75 0.000168672
30.76 0.000160105
30.77 0.000150988
30.78 0.000141359
30.79 0.000131259
30.8 0.000120727
30.81 0.000109807
30.82 9.8543e-05
30.83 8.69786e-05
30.84 7.51592e-05
30.85 6.313e-05
30.86 5.09361e-05
30.87 3.86225e-05
30.88 2.6234e-05
30.89 1.38148e-05
30.9 1.40842e-06
30.91 -1.09425e-05
30.92 -2.31961e-05
30.93 -3.53118e-05
30.94 -4.72498e-05
30.95 -5.89719e-05
30.96 -7.04409e-05
30.97 -8.1621e-05
30.98 -9.24776e-05
30.99 -0.000102978
31 -0.000113089
31.01 -0.000122781
31.02 -0.000132025
31.03 -0.000140793
31.04 -0.000149057
31.05 -0.000156793
31.06 -0.000163975
31.07 -0.000170583
31.08 -0.000176594
31.09 -0.00018199
31.1 -0.000186752
31.11 -0.000190864
31.12 -0.000194315
31.13 -0.000197091
31.14 -0.000199183
31.15 -0.000200586
31.16 -0.000201295
31.17 -0.000201309
31.18 -0.000200629
31.19 -0.000199259
31.2 -0.000197205
31.21 -0.000194478
31.22 -0.000191089
31.23 -0.000187053
31.24 -0.000182388
31.25 -0.000177113
31.26 -0.000171249
31.27 -0.000164821
31.28 -0.000157855
31.29 -0.000150379
31.3 -0.000142422
31.31 -0.000134015
31.32 -0.000125189
31.33 -0.000115979
31.34 -0.000106417
31.35 -9.6538e-05
31.36 -8.63775e-05
31.37 -7.59706e-05
31.38 -6.53529e-05
31.39 -5.456e-05
31.4 -4.36275e-05
31.41 -3.25907e-05
31.42 -2.14849e-05
31.43 -1.03446e-05
31.44 7.95671e-07
31.45 1.1902e-05
31.46 2.2941e-05
31.47 3.38794e-05
31.48 4.46845e-05
31.49 5.53241e-05
31.5 6.5766e-05
31.51 7.59786e-05
31.52 8.59302e-05
31.53 9.55897e-05
31.54 0.000104926
31.55 0.000113909
31.56 0.000122508
31.57 0.000130694
31.58 0.000138438
31.59 0.00014571
31.6 0.000152485
31.61 0.000158736
31.62 0.000164438
31.63 0.000169568
31.64 0.000174105
31.65 0.000178029
31.66 0.000181323
31.67 0.000183973
31.68 0.000185968
31.69 0.000187298
31.7 0.000187957
31.71 0.000187943
31.72 0.000187256
31.73 0.000185899
31.74 0.00018388
31.75 0.000181207
31.76 0.000177894
31.77 0.000173956
31.78 0.00016941
31.79 0.000164279
31.8 0.000158583
31.81 0.00015235
31.82 0.000145605
31.83 0.000138379
31.84 0.000130701
31.85 0.000122605
31.86 0.000114122
31.87 0.000105288
31.88 9.61375e-05
31.89 8.6706e-05
31.9 7.70296e-05
31.91 6.71442e-05
31.92 5.70859e-05
31.93 4.68906e-05
31.94 3.65936e-05
31.95 2.62302e-05
31.96 1.58346e-05
31.97 5.44058e-06
31.98 -4.9187e-06
31.99 -1.5211e-05
32 -2.5405e-05
32.01 -3.54698e-05
32.02 -4.53758e-05
32.03 -5.50938e-05
32.04 -6.45957e-05
32.05 -7.38538e-05
32.06 -8.28413e-05
32.07 -9.15323e-05
32.08 -9.99013e-05
32.09 -0.000107924
32.1 -0.000115575
32.11 -0.000122832
32.12 -0.000129673
32.13 -0.000136074
32.14 -0.000142016
32.15 -0.000147478
32.16 -0.000152441
32.17 -0.000156888
32.18 -0.000160802
32.19 -0.000164167
32.2 -0.000166971
32.21 -0.000169203
32.22 -0.000170853
32.23 -0.000171914
32.24 -0.00017238
32.25 -0.000172251
32.26 -0.000171524
32.27 -0.000170203
32.28 -0.000168292
32.29 -0.000165798
32.3 -0.000162732
32.31 -0.000159104
32.32 -0.00015493
32.33 -0.000150225
32.34 -0.000145008
32.35 -0.0001393
32.36 -0.000133122
32.37 -0.000126499
32.38 -0.000119456
32.39 -0.000112021
32.4 -0.000104221
32.41 -9.60862e-05
32.42 -8.76461e-05
32.43 -7.89323e-05
32.44 -6.99762e-05
32.45 -6.08101e-05
32.46 -5.14666e-05
32.47 -4.19786e-05
32.48 -3.23789e-05
32.49 -2.27005e-05
32.5 -1.29764e-05
32.51 -3.23908e-06
32.52 6.47886e-06
32.53 1.61453e-05
32.54 2.57286e-05
32.55 3.51974e-05
32.56 4.45208e-05
32.57 5.36687e-05
32.58 6.26113e-05
32.59 7.13196e-05
32.6 7.97651e-05
32.61 8.79204e-05
32.62 9.57585e-05
32.63 0.000103254
32.64 0.000110381
32.65 0.000117116
32.66 0.000123437
32.67 0.000129321
32.68 0.00013475
32.69 0.000139704
32.7 0.000144166
32.71 0.00014812
32.72 0.000151554
32.73 0.000154455
32.74 0.000156814
32.75 0.000158624
32.76 0.000159878
32.77 0.000160573
32.78 0.000160708
32.79 0.000160285
32.8 0.000159307
32.81 0.000157779
32.82 0.000155709
32.83 0.000153107
32.84 0.000149985
32.85 0.000146356
32.86 0.000142236
32.87 0.000137643
32.88 0.000132596
32.89 0.000127114
32.9 0.00012122
32.91 0.000114937
32.92 0.000108288
32.93 0.000101299
32.94 9.39966e-05
32.95 8.64064e-05
32.96 7.8556e-05
32.97 7.04732e-05
32.98 6.21859e-05
32.99 5.37225e-05
33 4.51114e-05
33.01 3.63813e-05
33.02 2.75606e-05
33.03 1.86779e-05
33.04 9.7615e-06
33.05 8.39607e-07
33.06 -8.05973e-06
33.07 -1.69087e-05
33.08 -2.56798e-05
33.09 -3.43457e-05
33.1 -4.28794e-05
33.11 -5.12542e-05
33.12 -5.94438e-05
33.13 -6.74222e-05
33.14 -7.51638e-05
33.15 -8.26435e-05
33.16 -8.98368e-05
33.17 -9.67196e-05
33.18 -0.000103269
33.19 -0.000109461
33.2 -0.000115276
33.21 -0.000120691
33.22 -0.000125689
33.23 -0.000130249
33.24 -0.000134356
33.25 -0.000137994
33.26 -0.000141148
33.27 -0.000143807
33.28 -0.000145962
33.29 -0.000147602
33.3 -0.000148723
33.31 -0.00014932
33.32 -0.000149391
33.33 -0.000148937
33.34 -0.000147961
33.35 -0.000146466
33.36 -0.00014446
33.37 -0.000141952
33.38 -0.000138952
33.39 -0.000135473
33.4 -0.000131531
33.41 -0.000127142
33.42 -0.000122323
33.43 -0.000117094
33.44 -0.000111477
33.45 -0.000105494
33.46 -9.91679e-05
33.47 -9.25234e-05
33.48 -8.55857e-05
33.49 -7.83811e-05
33.5 -7.09361e-05
33.51 -6.32779e-05
33.52 -5.5434e-05
33.53 -4.74323e-05
33.54 -3.93008e-05
33.55 -3.10675e-05
33.56 -2.27603e-05
33.57 -1.44073e-05
33.58 -6.0362e-06
33.59 2.32554e-06
33.6 1.06507e-05
33.61 1.89123e-05
33.62 2.7084e-05
33.63 3.51397e-05
33.64 4.30537e-05
33.65 5.0801e-05
33.66 5.83571e-05
33.67 6.5698e-05
33.68 7.28003e-05
33.69 7.96415e-05
33.7 8.61997e-05
33.71 9.24536e-05
33.72 9.83831e-05
33.73 0.000103969
33.74 0.000109192
33.75 0.000114036
33.76 0.000118484
33.77 0.000122522
33.78 0.000126135
33.79 0.000129311
33.8 0.00013204
33.81 0.000134313
33.82 0.000136121
33.83 0.000137459
33.84 0.000138323
33.85 0.000138709
33.86 0.000138619
33.87 0.000138051
33.88 0.000137011
33.89 0.000135501
33.9 0.000133529
33.91 0.000131103
33.92 0.000128233
33.93 0.000124931
33.94 0.000121208
33.95 0.00011708
33.96 0.000112563
33.97 0.000107674
33.98 0.000102431
33.99 9.68535e-05
34 9.09624e-05
34.01 8.4779e-05
34.02 7.83255e-05
34.03 7.1625e-05
34.04 6.47011e-05
34.05 5.75781e-05
34.06 5.02807e-05
34.07 4.28339e-05
34.08 3.52632e-05
34.09 2.75941e-05
34.1 1.98525e-05
34.11 1.20643e-05
34.12 4.25538e-06
34.13 -3.54835e-06
34.14 -1.1321e-05
34.15 -1.9037e-05
34.16 -2.66708e-05
34.17 -3.41971e-05
34.18 -4.15911e-05
34.19 -4.88281e-05
34.2 -5.58841e-05
34.21 -6.27354e-05
34.22 -6.93591e-05
34.23 -7.57328e-05
34.24 -8.18348e-05
34.25 -8.76444e-05
34.26 -9.31416e-05
34.27 -9.83075e-05
34.28 -0.000103124
34.29 -0.000107576
34.3 -0.000111646
34.31 -0.000115321
34.32 -0.000118588
34.33 -0.000121437
34.34 -0.000123857
34.35 -0.000125842
34.36 -0.000127384
34.37 -0.000128479
34.38 -0.000129125
34.39 -0.00012932
34.4 -0.000129066
34.41 -0.000128364
34.42 -0.000127219
34.43 -0.000125637
34.44 -0.000123626
34.45 -0.000121194
34.46 -0.000118351
34.47 -0.000115111
34.48 -0.000111486
34.49 -0.000107491
34.5 -0.000103141
34.51 -9.84542e-05
34.52 -9.34478e-05
34.53 -8.81408e-05
34.54 -8.25527e-05
34.55 -7.67041e-05
34.56 -7.06158e-05
34.57 -6.43097e-05
34.58 -5.78076e-05
34.59 -5.11321e-05
34.6 -4.43061e-05
34.61 -3.73526e-05
34.62 -3.02949e-05
34.63 -2.31564e-05
34.64 -1.59606e-05
34.65 -8.73109e-06
34.66 -1.49135e-06
34.67 5.73516e-06
34.68 1.29251e-05
34.69 2.00553e-05
34.7 2.71027e-05
34.71 3.40446e-05
34.72 4.08585e-05
34.73 4.75223e-05
34.74 5.40142e-05
34.75 6.03129e-05
34.76 6.63976e-05
34.77 7.22481e-05
34.78 7.78448e-05
34.79 8.31687e-05
34.8 8.82018e-05
34.81 9.29269e-05
34.82 9.73276e-05
34.83 0.000101389
34.84 0.000105096
34.85 0.000108437
34.86 0.000111399
34.87 0.000113972
34.88 0.000116148
34.89 0.000117919
34.9 0.000119278
34.91 0.000120223
34.92 0.000120749
34.93 0.000120855
34.94 0.000120543
34.95 0.000119814
34.96 0.000118672
34.97 0.000117121
34.98 0.00011517
34.99 0.000112825
35 0.000110097
35.01 0.000106997
35.02 0.000103536
35.03 9.97297e-05
35.04 9.55915e-05
35.05 9.11375e-05
35.06 8.63847e-05
35.07 8.13509e-05
35.08 7.60546e-05
35.09 7.05153e-05
35.1 6.47531e-05
35.11 5.87885e-05
35.12 5.26429e-05
35.13 4.63377e-05
35.14 3.98951e-05
35.15 3.33372e-05
35.16 2.66866e-05
35.17 1.99659e-05
35.18 1.31979e-05
35.19 6.40527e-06
35.2 -3.89178e-07
35.21 -7.16282e-06
35.22 -1.38932e-05
35.23 -2.0558e-05
35.24 -2.71351e-05
35.25 -3.3603e-05
35.26 -3.99401e-05
35.27 -4.61257e-05
35.28 -5.21394e-05
35.29 -5.79611e-05
35.3 -6.35718e-05
35.31 -6.89527e-05
35.32 -7.40862e-05
35.33 -7.8955e-05
35.34 -8.35431e-05
35.35 -8.78352e-05
35.36 -9.18171e-05
35.37 -9.54755e-05
35.38 -9.87984e-05
35.39 -0.000101775
35.4 -0.000104395
35.41 -0.000106651
35.42 -0.000108535
35.43 -0.000110042
35.44 -0.000111167
35.45 -0.000111908
35.46 -0.000112261
35.47 -0.000112229
35.48 -0.000111811
35.49 -0.00011101
35.5 -0.00010983
35.51 -0.000108277
35.52 -0.000106357
35.53 -0.000104078
35.54 -0.000101449
35.55 -9.84801e-05
35.56 -9.51833e-05
35.57 -9.15706e-05
35.58 -8.76557e-05
35.59 -8.34529e-05
35.6 -7.89775e-05
35.61 -7.42456e-05
35.62 -6.9274e-05
35.63 -6.40804e-05
35.64 -5.86829e-05
35.65 -5.31002e-05
35.66 -4.73516e-05
35.67 -4.14569e-05
35.68 -3.5436e-05
35.69 -2.93093e-05
35.7 -2.30976e-05
35.71 -1.68217e-05
35.72 -1.05027e-05
35.73 -4.1617e-06
35.74 2.18008e-06
35.75 8.50144e-06
35.76 1.47813e-05
35.77 2.09985e-05
35.78 2.71324e-05
35.79 3.31623e-05
35.8 3.90679e-05
35.81 4.48293e-05
35.82 5.0427e-05
35.83 5.5842e-05
35.84 6.10558e-05
35.85 6.60507e-05
35.86 7.08096e-05
35.87 7.53162e-05
35.88 7.95551e-05
35.89 8.35118e-05
35.9 8.71727e-05
35.91 9.05254e-05
35.92 9.35585e-05
35.93 9.6262e-05
35.94 9.86269e-05
35.95 0.000100646
35.96 0.000102311
35.97 0.00010362
35.98 0.000104567
35.99 0.00010515
36 0.000105369
36.01 0.000105223
36.02 0.000104715
36.03 0.000103848
36.04 0.000102626
36.05 0.000101055
36.06 9.91413e-05
36.07 9.68935e-05
36.08 9.43208e-05
36.09 9.14335e-05
36.1 8.82429e-05
36.11 8.47613e-05
36.12 8.10019e-05
36.13 7.69788e-05
36.14 7.27069e-05
36.15 6.82017e-05
36.16 6.34794e-05
36.17 5.85569e-05
36.18 5.34514e-05
36.19 4.81809e-05
36.2 4.27635e-05
36.21 3.72178e-05
36.22 3.15627e-05
36.23 2.58174e-05
36.24 2.00011e-05
36.25 1.41333e-05
36.26 8.23361e-06
36.27 2.32154e-06
36.28 -3.58328e-06
36.29 -9.46135e-06
36.3 -1.52932e-05
36.31 -2.10597e-05
36.32 -2.67417e-05
36.33 -3.23204e-05
36.34 -3.77774e-05
36.35 -4.30945e-05
36.36 -4.82541e-05
36.37 -5.3239e-05
36.38 -5.80326e-05
36.39 -6.26187e-05
36.4 -6.69821e-05
36.41 -7.11079e-05
36.42 -7.49824e-05
36.43 -7.85925e-05
36.44 -8.19261e-05
36.45 -8.49719e-05
36.46 -8.77197e-05
36.47 -9.01604e-05
36.48 -9.22859e-05
36.49 -9.40894e-05
36.5 -9.5565e-05
36.51 -9.67082e-05
36.52 -9.75156e-05
36.53 -9.79852e-05
36.54 -9.81159e-05
36.55 -9.79082e-05
36.56 -9.73637e-05
36.57 -9.64851e-05
36.58 -9.52763e-05
36.59 -9.37426e-05
36.6 -9.18903e-05
36.61 -8.97267e-05
36.62 -8.72604e-05
36.63 -8.45008e-05
36.64 -8.14584e-05
36.65 -7.81446e-05
36.66 -7.45718e-05
36.67 -7.0753e-05
36.68 -6.67022e-05
36.69 -6.24339e-05
36.7 -5.79634e-05
36.71 -5.33067e-05
36.72 -4.84802e-05
36.73 -4.35007e-05
36.74 -3.83856e-05
36.75 -3.31527e-05
36.76 -2.782e-05
36.77 -2.24059e-05
36.78 -1.69287e-05
36.79 -1.14074e-05
36.8 -5.86051e-06
36.81 -3.06962e-07
36.82 5.23447e-06
36.83 1.0745e-05
36.84 1.62062e-05
36.85 2.15995e-05
36.86 2.69067e-05
36.87 3.211e-05
36.88 3.71919e-05
36.89 4.21353e-05
36.9 4.69236e-05
36.91 5.15406e-05
36.92 5.59709e-05
36.93 6.01996e-05
36.94 6.42127e-05
36.95 6.79966e-05
36.96 7.15389e-05
36.97 7.48277e-05
36.98 7.78524e-05
36.99 8.06031e-05
37 8.30708e-05
37.01 8.52478e-05
37.02 8.71273e-05
37.03 8.87035e-05
37.04 8.99719e-05
37.05 9.09288e-05
37.06 9.1572e-05
37.07 9.19002e-05
37.08 9.19132e-05
37.09 9.16121e-05
37.1 9.09988e-05
37.11 9.00765e-05
37.12 8.88495e-05
37.13 8.73229e-05
37.14 8.55032e-05
37.15 8.33973e-05
37.16 8.10136e-05
37.17 7.83611e-05
37.18 7.54497e-05
37.19 7.22901e-05
37.2 6.88939e-05
37.21 6.52732e-05
37.22 6.14409e-05
37.23 5.74106e-05
37.24 5.31965e-05
37.25 4.88132e-05
37.26 4.42758e-05
37.27 3.95999e-05
37.28 3.48016e-05
37.29 2.98973e-05
37.3 2.49034e-05
37.31 1.98371e-05
37.32 1.47153e-05
37.33 9.55545e-06
37.34 4.3748e-06
37.35 -8.09146e-07
37.36 -5.97895e-06
37.37 -1.11172e-05
37.38 -1.62066e-05
37.39 -2.12299e-05
37.4 -2.61703e-05
37.41 -3.10109e-05
37.42 -3.57355e-05
37.43 -4.0328e-05
37.44 -4.47728e-05
37.45 -4.90548e-05
37.46 -5.31595e-05
37.47 -5.7073e-05
37.48 -6.0782e-05
37.49 -6.42738e-05
37.5 -6.75368e-05
37.51 -7.05599e-05
37.52 -7.3333e-05
37.53 -7.58469e-05
37.54 -7.80934e-05
37.55 -8.0065e-05
37.56 -8.17557e-05
37.57 -8.316e-05
37.58 -8.42739e-05
37.59 -8.50941e-05
37.6 -8.56187e-05
37.61 -8.58467e-05
37.62 -8.57781e-05
37.63 -8.54141e-05
37.64 -8.4757e-05
37.65 -8.381e-05
37.66 -8.25774e-05
37.67 -8.10644e-05
37.68 -7.92772e-05
37.69 -7.7223e-05
37.7 -7.49098e-05
37.71 -7.23465e-05
37.72 -6.95427e-05
37.73 -6.6509e-05
37.74 -6.32564e-05
37.75 -5.97968e-05
37.76 -5.61428e-05
37.77 -5.23073e-05
37.78 -4.83039e-05
37.79 -4.41468e-05
37.8 -3.98505e-05
37.81 -3.54299e-05
37.82 -3.09002e-05
37.83 -2.6277e-05
37.84 -2.15761e-05
37.85 -1.68136e-05
37.86 -1.20056e-05
37.87 -7.16828e-06
37.88 -2.3181e-06
37.89 2.52866e-06
37.9 7.35568e-06
37.91 1.21468e-05
37.92 1.68859e-05
37.93 2.1557e-05
37.94 2.61447e-05
37.95 3.06334e-05
37.96 3.50082e-05
37.97 3.92544e-05
37.98 4.33578e-05
37.99 4.73047e-05
38 5.10819e-05
38.01 5.46768e-05
38.02 5.80775e-05
38.03 6.12725e-05
38.04 6.42514e-05
38.05 6.70044e-05
38.06 6.95223e-05
38.07 7.17969e-05
38.08 7.3821e-05
38.09 7.55881e-05
38.1 7.70927e-05
38.11 7.833e-05
38.12 7.92965e-05
38.13 7.99896e-05
38.14 8.04074e-05
38.15 8.05492e-05
38.16 8.04152e-05
38.17 8.00066e-05
38.18 7.93256e-05
38.19 7.83752e-05
38.2 7.71594e-05
38.21 7.56832e-05
38.22 7.39524e-05
38.23 7.19735e-05
38.24 6.97541e-05
38.25 6.73024e-05
38.26 6.46275e-05
38.27 6.17391e-05
38.28 5.86477e-05
38.29 5.53643e-05
38.3 5.19006e-05
38.31 4.82689e-05
38.32 4.44819e-05
38.33 4.05531e-05
38.34 3.64959e-05
38.35 3.23246e-05
38.36 2.80536e-05
38.37 2.36976e-05
38.38 1.92715e-05
38.39 1.47907e-05
38.4 1.02704e-05
38.41 5.72615e-06
38.42 1.17338e-06
38.43 -3.37234e-06
38.44 -7.89554e-06
38.45 -1.23808e-05
38.46 -1.68129e-05
38.47 -2.11769e-05
38.48 -2.54578e-05
38.49 -2.96411e-05
38.5 -3.37128e-05
38.51 -3.76591e-05
38.52 -4.14666e-05
38.53 -4.51225e-05
38.54 -4.86146e-05
38.55 -5.19312e-05
38.56 -5.50612e-05
38.57 -5.79943e-05
38.58 -6.07208e-05
38.59 -6.32317e-05
38.6 -6.55191e-05
38.61 -6.75754e-05
38.62 -6.93943e-05
38.63 -7.09701e-05
38.64 -7.2298e-05
38.65 -7.33743e-05
38.66 -7.41958e-05
38.67 -7.47606e-05
38.68 -7.50674e-05
38.69 -7.51161e-05
38.7 -7.49073e-05
38.71 -7.44424e-05
38.72 -7.37239e-05
38.73 -7.27551e-05
38.74 -7.15401e-05
38.75 -7.00837e-05
38.76 -6.83918e-05
38.77 -6.64709e-05
38.78 -6.4328e-05
38.79 -6.19713e-05
38.8 -5.94094e-05
38.81 -5.66515e-05
38.82 -5.37075e-05
38.83 -5.05879e-05
38.84 -4.73037e-05
38.85 -4.38665e-05
38.86 -4.02882e-05
38.87 -3.65812e-05
38.88 -3.27583e-05
38.89 -2.88328e-05
38.9 -2.48179e-05
38.91 -2.07276e-05
38.92 -1.65756e-05
38.93 -1.23762e-05
38.94 -8.14362e-06
38.95 -3.8922e-06
38.96 3.63629e-07
38.97 4.60945e-06
38.98 8.83088e-06
38.99 1.30136e-05
39 1.71435e-05
39.01 2.12066e-05
39.02 2.51892e-05
39.03 2.90776e-05
39.04 3.28589e-05
39.05 3.65202e-05
39.06 4.00492e-05
39.07 4.34339e-05
39.08 4.66629e-05
39.09 4.97254e-05
39.1 5.26111e-05
39.11 5.53105e-05
39.12 5.78144e-05
39.13 6.01147e-05
39.14 6.22037e-05
39.15 6.40749e-05
39.16 6.5722e-05
39.17 6.714e-05
39.18 6.83244e-05
39.19 6.92719e-05
39.2 6.99796e-05
39.21 7.04457e-05
39.22 7.06694e-05
39.23 7.06505e-05
39.24 7.03898e-05
39.25 6.98888e-05
39.26 6.915e-05
39.27 6.81766e-05
39.28 6.69727e-05
39.29 6.55432e-05
39.3 6.38936e-05
39.31 6.20302e-05
39.32 5.99602e-05
39.33 5.76911e-05
39.34 5.52314e-05
39.35 5.25901e-05
39.36 4.97766e-05
39.37 4.68012e-05
39.38 4.36743e-05
39.39 4.04071e-05
39.4 3.7011e-05
39.41 3.3498e-05
39.42 2.98803e-05
39.43 2.61704e-05
39.44 2.23812e-05
39.45 1.85258e-05
39.46 1.46173e-05
39.47 1.06691e-05
39.48 6.69476e-06
39.49 2.70778e-06
39.5 -1.27827e-06
39.51 -5.24988e-06
39.52 -9.19359e-06
39.53 -1.30961e-05
39.54 -1.69442e-05
39.55 -2.07249e-05
39.56 -2.44255e-05
39.57 -2.80335e-05
39.58 -3.1537e-05
39.59 -3.49241e-05
39.6 -3.81835e-05
39.61 -4.13044e-05
39.62 -4.42763e-05
39.63 -4.70896e-05
39.64 -4.97348e-05
39.65 -5.22033e-05
39.66 -5.44871e-05
39.67 -5.65787e-05
39.68 -5.84713e-05
39.69 -6.01591e-05
39.7 -6.16366e-05
39.71 -6.28994e-05
39.72 -6.39436e-05
39.73 -6.47662e-05
39.74 -6.53648e-05
39.75 -6.5738e-05
39.76 -6.58852e-05
39.77 -6.58063e-05
39.78 -6.55022e-05
39.79 -6.49746e-05
39.8 -6.42258e-05
39.81 -6.3259e-05
39.82 -6.2078e-05
39.83 -6.06873e-05
39.84 -5.90924e-05
39.85 -5.72991e-05
39.86 -5.53141e-05
39.87 -5.31446e-05
39.88 -5.07984e-05
39.89 -4.8284e-05
39.9 -4.56104e-05
39.91 -4.27869e-05
39.92 -3.98237e-05
39.93 -3.6731e-05
39.94 -3.35197e-05
39.95 -3.0201e-05
39.96 -2.67865e-05
39.97 -2.32879e-05
39.98 -1.97174e-05
39.99 -1.60873e-05
40 -1.241e-05
40.01 -8.69829e-06
40.02 -4.96482e-06
40.03 -1.2224e-06
40.04 2.51615e-06
40.05 6.23805e-06
40.06 9.9306e-06
40.07 1.35812e-05
40.08 1.71774e-05
40.09 2.07071e-05
40.1 2.41581e-05
40.11 2.75188e-05
40.12 3.07779e-05
40.13 3.39244e-05
40.14 3.69477e-05
40.15 3.98376e-05
40.16 4.25844e-05
40.17 4.51792e-05
40.18 4.76132e-05
40.19 4.98784e-05
40.2 5.19676e-05
40.21 5.38739e-05
40.22 5.55912e-05
40.23 5.71142e-05
40.24 5.8438e-05
40.25 5.95588e-05
40.26 6.04731e-05
40.27 6.11785e-05
40.28 6.16731e-05
40.29 6.19559e-05
40.3 6.20265e-05
40.31 6.18852e-05
40.32 6.15333e-05
40.33 6.09724e-05
40.34 6.02053e-05
40.35 5.9235e-05
40.36 5.80656e-05
40.37 5.67016e-05
40.38 5.51481e-05
40.39 5.34112e-05
40.4 5.14971e-05
40.41 4.94129e-05
40.42 4.71661e-05
40.43 4.47649e-05
40.44 4.22177e-05
40.45 3.95336e-05
40.46 3.6722e-05
40.47 3.37929e-05
40.48 3.07563e-05
40.49 2.76228e-05
40.5 2.44033e-05
40.51 2.11088e-05
40.52 1.77507e-05
40.53 1.43405e-05
40.54 1.08898e-05
40.55 7.41052e-06
40.56 3.91439e-06
40.57 4.13346e-07
40.58 -3.08072e-06
40.59 -6.55594e-06
40.6 -1.00005e-05
40.61 -1.34029e-05
40.62 -1.67514e-05
40.63 -2.00348e-05
40.64 -2.3242e-05
40.65 -2.63622e-05
40.66 -2.93849e-05
40.67 -3.22999e-05
40.68 -3.50975e-05
40.69 -3.77683e-05
40.7 -4.03033e-05
40.71 -4.26943e-05
40.72 -4.49331e-05
40.73 -4.70125e-05
40.74 -4.89257e-05
40.75 -5.06664e-05
40.76 -5.2229e-05
40.77 -5.36085e-05
40.78 -5.48006e-05
40.79 -5.58017e-05
40.8 -5.66087e-05
40.81 -5.72193e-05
40.82 -5.7632e-05
40.83 -5.78457e-05
40.84 -5.78603e-05
40.85 -5.76762e-05
40.86 -5.72945e-05
40.87 -5.67172e-05
40.88 -5.59466e-05
40.89 -5.49859e-05
40.9 -5.3839e-05
40.91 -5.25102e-05
40.92 -5.10046e-05
40.93 -4.93278e-05
40.94 -4.74861e-05
40.95 -4.54861e-05
40.96 -4.33352e-05
40.97 -4.10409e-05
40.98 -3.86117e-05
40.99 -3.60561e-05
41 -3.33832e-05
41.01 -3.06023e-05
41.02 -2.77234e-05
41.03 -2.47563e-05
41.04 -2.17115e-05
41.05 -1.85995e-05
41.06 -1.54312e-05
41.07 -1.22173e-05
41.08 -8.96913e-06
41.09 -5.69768e-06
41.1 -2.41421e-06
41.11 8.70047e-07
41.12 4.1439e-06
41.13 7.39619e-06
41.14 1.06159e-05
41.15 1.37921e-05
41.16 1.6914e-05
41.17 1.99711e-05
41.18 2.29531e-05
41.19 2.58501e-05
41.2 2.86522e-05
41.21 3.13501e-05
41.22 3.39349e-05
41.23 3.63979e-05
41.24 3.87311e-05
41.25 4.09267e-05
41.26 4.29777e-05
41.27 4.48772e-05
41.28 4.66193e-05
41.29 4.81982e-05
41.3 4.96091e-05
41.31 5.08475e-05
41.32 5.19095e-05
41.33 5.27921e-05
41.34 5.34927e-05
41.35 5.40093e-05
41.36 5.43406e-05
41.37 5.44859e-05
41.38 5.44454e-05
41.39 5.42194e-05
41.4 5.38094e-05
41.41 5.32172e-05
41.42 5.24452e-05
41.43 5.14966e-05
41.44 5.0375e-05
41.45 4.90847e-05
41.46 4.76304e-05
41.47 4.60176e-05
41.48 4.42522e-05
41.49 4.23404e-05
41.5 4.02892e-05
41.51 3.81058e-05
41.52 3.5798e-05
41.53 3.3374e-05
41.54 3.08423e-05
41.55 2.82116e-05
41.56 2.54913e-05
41.57 2.26907e-05
41.58 1.98196e-05
41.59 1.68879e-05
41.6 1.39057e-05
41.61 1.08833e-05
41.62 7.83115e-06
41.63 4.75966e-06
41.64 1.67939e-06
41.65 -1.39912e-06
41.66 -4.46535e-06
41.67 -7.50883e-06
41.68 -1.05192e-05
41.69 -1.34862e-05
41.7 -1.63997e-05
41.71 -1.925e-05
41.72 -2.20272e-05
41.73 -2.47221e-05
41.74 -2.73257e-05
41.75 -2.9829e-05
41.76 -3.22238e-05
41.77 -3.45021e-05
41.78 -3.66564e-05
41.79 -3.86794e-05
41.8 -4.05646e-05
41.81 -4.23057e-05
41.82 -4.38973e-05
41.83 -4.53341e-05
41.84 -4.66116e-05
41.85 -4.77259e-05
41.86 -4.86735e-05
41.87 -4.94516e-05
41.88 -5.0058e-05
41.89 -5.04911e-05
41.9 -5.07498e-05
41.91 -5.08337e-05
41.92 -5.07431e-05
41.93 -5.04787e-05
41.94 -5.00419e-05
41.95 -4.94347e-05
41.96 -4.86595e-05
41.97 -4.77197e-05
41.98 -4.66187e-05
41.99 -4.53608e-05
42 -4.39507e-05
42.01 -4.23937e-05
42.02 -4.06953e-05
42.03 -3.88619e-05
42.04 -3.69e-05
42.05 -3.48166e-05
42.06 -3.2619e-05
42.07 -3.03152e-05
42.08 -2.79131e-05
42.09 -2.54212e-05
42.1 -2.28481e-05
42.11 -2.02029e-05
42.12 -1.74946e-05
42.13 -1.47326e-05
42.14 -1.19265e-05
42.15 -9.08584e-06
42.16 -6.22038e-06
42.17 -3.33992e-06
42.18 -4.54296e-07
42.19 2.42666e-06
42.2 5.29315e-06
42.21 8.13545e-06
42.22 1.09439e-05
42.23 1.37091e-05
42.24 1.64215e-05
42.25 1.90722e-05
42.26 2.16521e-05
42.27 2.41526e-05
42.28 2.65654e-05
42.29 2.88823e-05
42.3 3.10957e-05
42.31 3.31981e-05
42.32 3.51827e-05
42.33 3.70429e-05
42.34 3.87726e-05
42.35 4.03661e-05
42.36 4.18183e-05
42.37 4.31246e-05
42.38 4.42807e-05
42.39 4.52832e-05
42.4 4.61288e-05
42.41 4.6815e-05
42.42 4.73399e-05
42.43 4.77021e-05
42.44 4.79007e-05
42.45 4.79354e-05
42.46 4.78065e-05
42.47 4.75149e-05
42.48 4.70618e-05
42.49 4.64494e-05
42.5 4.56801e-05
42.51 4.47568e-05
42.52 4.36833e-05
42.53 4.24634e-05
42.54 4.11017e-05
42.55 3.96033e-05
42.56 3.79737e-05
42.57 3.62186e-05
42.58 3.43445e-05
42.59 3.2358e-05
42.6 3.02663e-05
42.61 2.80766e-05
42.62 2.57967e-05
42.63 2.34347e-05
42.64 2.09988e-05
42.65 1.84975e-05
42.66 1.59395e-05
42.67 1.33336e-05
42.68 1.0689e-05
42.69 8.01464e-06
42.7 5.31983e-06
42.71 2.6138e-06
42.72 -9.41895e-08
42.73 -2.79487e-06
42.74 -5.47903e-06
42.75 -8.13755e-06
42.76 -1.07614e-05
42.77 -1.33417e-05
42.78 -1.58697e-05
42.79 -1.83369e-05
42.8 -2.0735e-05
42.81 -2.30559e-05
42.82 -2.5292e-05
42.83 -2.74357e-05
42.84 -2.948e-05
42.85 -3.14182e-05
42.86 -3.32437e-05
42.87 -3.49507e-05
42.88 -3.65336e-05
42.89 -3.79874e-05
42.9 -3.93073e-05
42.91 -4.04891e-05
42.92 -4.15293e-05
42.93 -4.24245e-05
42.94 -4.31721e-05
42.95 -4.37699e-05
42.96 -4.42163e-05
42.97 -4.451e-05
42.98 -4.46505e-05
42.99 -4.46377e-05
43 -4.4472e-05
43.01 -4.41544e-05
43.02 -4.36863e-05
43.03 -4.30697e-05
43.04 -4.2307e-05
43.05 -4.14013e-05
43.06 -4.0356e-05
43.07 -3.91749e-05
43.08 -3.78625e-05
43.09 -3.64235e-05
43.1 -3.4863e-05
43.11 -3.31869e-05
43.12 -3.14009e-05
43.13 -2.95114e-05
43.14 -2.75252e-05
43.15 -2.54491e-05
43.16 -2.32906e-05
43.17 -2.10571e-05
43.18 -1.87563e-05
43.19 -1.63964e-05
43.2 -1.39854e-05
43.21 -1.15317e-05
43.22 -9.04377e-06
43.23 -6.53016e-06
43.24 -3.99951e-06
43.25 -1.4605e-06
43.26 1.07818e-06
43.27 3.60785e-06
43.28 6.11988e-06
43.29 8.60571e-06
43.3 1.10569e-05
43.31 1.34651e-05
43.32 1.58222e-05
43.33 1.81203e-05
43.34 2.03514e-05
43.35 2.25083e-05
43.36 2.45836e-05
43.37 2.65703e-05
43.38 2.8462e-05
43.39 3.02522e-05
43.4 3.19352e-05
43.41 3.35052e-05
43.42 3.49574e-05
43.43 3.62868e-05
43.44 3.74893e-05
43.45 3.85611e-05
43.46 3.94987e-05
43.47 4.02994e-05
43.48 4.09606e-05
43.49 4.14805e-05
43.5 4.18577e-05
43.51 4.20912e-05
43.52 4.21806e-05
43.53 4.2126e-05
43.54 4.19279e-05
43.55 4.15874e-05
43.56 4.1106e-05
43.57 4.04858e-05
43.58 3.97292e-05
43.59 3.88392e-05
43.6 3.78192e-05
43.61 3.6673e-05
43.62 3.54048e-05
43.63 3.40194e-05
43.64 3.25217e-05
43.65 3.0917e-05
43.66 2.92113e-05
43.67 2.74105e-05
43.68 2.55211e-05
43.69 2.35497e-05
43.7 2.15031e-05
43.71 1.93886e-05
43.72 1.72136e-05
43.73 1.49855e-05
43.74 1.27122e-05
43.75 1.04014e-05
43.76 8.06111e-06
43.77 5.69937e-06
43.78 3.32427e-06
43.79 9.43939e-07
43.8 -1.43352e-06
43.81 -3.8e-06
43.82 -6.14746e-06
43.83 -8.46796e-06
43.84 -1.07536e-05
43.85 -1.29968e-05
43.86 -1.51898e-05
43.87 -1.73254e-05
43.88 -1.93964e-05
43.89 -2.13958e-05
43.9 -2.33169e-05
43.91 -2.51535e-05
43.92 -2.68994e-05
43.93 -2.85488e-05
43.94 -3.00964e-05
43.95 -3.1537e-05
43.96 -3.28659e-05
43.97 -3.4079e-05
43.98 -3.51722e-05
43.99 -3.61422e-05
44 -3.69859e-05
44.01 -3.77006e-05
44.02 -3.82843e-05
44.03 -3.87352e-05
44.04 -3.90522e-05
44.05 -3.92344e-05
44.06 -3.92815e-05
44.07 -3.91937e-05
44.08 -3.89716e-05
44.09 -3.86163e-05
44.1 -3.81294e-05
44.11 -3.75127e-05
44.12 -3.67688e-05
44.13 -3.59004e-05
44.14 -3.49108e-05
44.15 -3.38038e-05
44.16 -3.25833e-05
44.17 -3.12539e-05
44.18 -2.98203e-05
44.19 -2.82876e-05
44.2 -2.66614e-05
44.21 -2.49475e-05
44.22 -2.31518e-05
44.23 -2.12808e-05
44.24 -1.9341e-05
44.25 -1.73392e-05
44.26 -1.52823e-05
44.27 -1.31777e-05
44.28 -1.10324e-05
44.29 -8.85411e-06
44.3 -6.65019e-06
44.31 -4.42829e-06
44.32 -2.19603e-06
44.33 3.89078e-08
44.34 2.26889e-06
44.35 4.48629e-06
44.36 6.68356e-06
44.37 8.85322e-06
44.38 1.09879e-05
44.39 1.30804e-05
44.4 1.51237e-05
44.41 1.71109e-05
44.42 1.90352e-05
44.43 2.08903e-05
44.44 2.26701e-05
44.45 2.43685e-05
44.46 2.59799e-05
44.47 2.74992e-05
44.48 2.89212e-05
44.49 3.02414e-05
44.5 3.14555e-05
44.51 3.25596e-05
44.52 3.35501e-05
44.53 3.44241e-05
44.54 3.51788e-05
44.55 3.58119e-05
44.56 3.63216e-05
44.57 3.67064e-05
44.58 3.69653e-05
44.59 3.70978e-05
44.6 3.71038e-05
44.61 3.69834e-05
44.62 3.67376e-05
44.63 3.63673e-05
44.64 3.58743e-05
44.65 3.52604e-05
44.66 3.45281e-05
44.67 3.36802e-05
44.68 3.27198e-05
44.69 3.16505e-05
44.7 3.04763e-05
44.71 2.92013e-05
44.72 2.78301e-05
44.73 2.63677e-05
44.74 2.48192e-05
44.75 2.31902e-05
44.76 2.14864e-05
44.77 1.97137e-05
44.78 1.78783e-05
44.79 1.59867e-05
44.8 1.40454e-05
44.81 1.20612e-05
44.82 1.00408e-05
44.83 7.99138e-06
44.84 5.91986e-06
44.85 3.83339e-06
44.86 1.73912e-06
44.87 -3.55784e-07
44.88 -2.44416e-06
44.89 -4.5189e-06
44.9 -6.57294e-06
44.91 -8.5993e-06
44.92 -1.05911e-05
44.93 -1.25417e-05
44.94 -1.44443e-05
44.95 -1.62927e-05
44.96 -1.80807e-05
44.97 -1.98021e-05
44.98 -2.14514e-05
44.99 -2.30229e-05
45 -2.45116e-05
45.01 -2.59124e-05
45.02 -2.72208e-05
45.03 -2.84325e-05
45.04 -2.95436e-05
45.05 -3.05504e-05
45.06 -3.14499e-05
45.07 -3.22391e-05
45.08 -3.29156e-05
45.09 -3.34774e-05
45.1 -3.39228e-05
45.11 -3.42507e-05
45.12 -3.446e-05
45.13 -3.45505e-05
45.14 -3.45221e-05
45.15 -3.43751e-05
45.16 -3.41105e-05
45.17 -3.37294e-05
45.18 -3.32334e-05
45.19 -3.26244e-05
45.2 -3.1905e-05
45.21 -3.10777e-05
45.22 -3.01457e-05
45.23 -2.91125e-05
45.24 -2.79817e-05
45.25 -2.67577e-05
45.26 -2.54447e-05
45.27 -2.40475e-05
45.28 -2.2571e-05
45.29 -2.10205e-05
45.3 -1.94014e-05
45.31 -1.77196e-05
45.32 -1.59807e-05
45.33 -1.4191e-05
45.34 -1.23567e-05
45.35 -1.04841e-05
45.36 -8.57964e-06
45.37 -6.64999e-06
45.38 -4.70175e-06
45.39 -2.74161e-06
45.4 -7.76284e-07
45.41 1.1875e-06
45.42 3.14306e-06
45.43 5.08374e-06
45.44 7.00295e-06
45.45 8.89419e-06
45.46 1.07511e-05
45.47 1.25673e-05
45.48 1.43369e-05
45.49 1.60538e-05
45.5 1.77122e-05
45.51 1.93068e-05
45.52 2.08321e-05
45.53 2.22832e-05
45.54 2.36552e-05
45.55 2.49436e-05
45.56 2.61443e-05
45.57 2.72533e-05
45.58 2.8267e-05
45.59 2.91822e-05
45.6 2.9996e-05
45.61 3.07059e-05
45.62 3.13096e-05
45.63 3.18055e-05
45.64 3.21919e-05
45.65 3.24679e-05
45.66 3.26327e-05
45.67 3.26861e-05
45.68 3.26282e-05
45.69 3.24593e-05
45.7 3.21805e-05
45.71 3.17928e-05
45.72 3.12978e-05
45.73 3.06975e-05
45.74 2.99942e-05
45.75 2.91906e-05
45.76 2.82895e-05
45.77 2.72944e-05
45.78 2.62089e-05
45.79 2.50368e-05
45.8 2.37825e-05
45.81 2.24503e-05
45.82 2.10449e-05
45.83 1.95715e-05
45.84 1.80351e-05
45.85 1.64412e-05
45.86 1.47954e-05
45.87 1.31033e-05
45.88 1.13709e-05
45.89 9.60425e-06
45.9 7.80938e-06
45.91 5.99252e-06
45.92 4.15994e-06
45.93 2.31795e-06
45.94 4.72856e-07
45.95 -1.36902e-06
45.96 -3.20138e-06
45.97 -5.01798e-06
45.98 -6.81264e-06
45.99 -8.57928e-06
46 -1.03119e-05
46.01 -1.20047e-05
46.02 -1.36519e-05
46.03 -1.5248e-05
46.04 -1.67878e-05
46.05 -1.82659e-05
46.06 -1.96776e-05
46.07 -2.10181e-05
46.08 -2.2283e-05
46.09 -2.34683e-05
46.1 -2.45699e-05
46.11 -2.55845e-05
46.12 -2.65086e-05
46.13 -2.73394e-05
46.14 -2.80742e-05
46.15 -2.87108e-05
46.16 -2.92472e-05
46.17 -2.96819e-05
46.18 -3.00136e-05
46.19 -3.02414e-05
46.2 -3.03648e-05
46.21 -3.03837e-05
46.22 -3.02983e-05
46.23 -3.0109e-05
46.24 -2.98169e-05
46.25 -2.94231e-05
46.26 -2.89293e-05
46.27 -2.83374e-05
46.28 -2.76497e-05
46.29 -2.68687e-05
46.3 -2.59973e-05
46.31 -2.50387e-05
46.32 -2.39965e-05
46.33 -2.28743e-05
46.34 -2.16762e-05
46.35 -2.04065e-05
46.36 -1.90696e-05
46.37 -1.76702e-05
46.38 -1.62134e-05
46.39 -1.47041e-05
46.4 -1.31477e-05
46.41 -1.15496e-05
46.42 -9.91525e-06
46.43 -8.2504e-06
46.44 -6.56077e-06
46.45 -4.85218e-06
46.46 -3.1305e-06
46.47 -1.40164e-06
46.48 3.28478e-07
46.49 2.05395e-06
46.5 3.7689e-06
46.51 5.46749e-06
46.52 7.14395e-06
46.53 8.7926e-06
46.54 1.04079e-05
46.55 1.19843e-05
46.56 1.35166e-05
46.57 1.49996e-05
46.58 1.64284e-05
46.59 1.77982e-05
46.6 1.91044e-05
46.61 2.03427e-05
46.62 2.15091e-05
46.63 2.25996e-05
46.64 2.36108e-05
46.65 2.45393e-05
46.66 2.53822e-05
46.67 2.61368e-05
46.68 2.68007e-05
46.69 2.73718e-05
46.7 2.78485e-05
46.71 2.82292e-05
46.72 2.8513e-05
46.73 2.8699e-05
46.74 2.87869e-05
46.75 2.87767e-05
46.76 2.86685e-05
46.77 2.8463e-05
46.78 2.81612e-05
46.79 2.77643e-05
46.8 2.7274e-05
46.81 2.6692e-05
46.82 2.60207e-05
46.83 2.52625e-05
46.84 2.44202e-05
46.85 2.3497e-05
46.86 2.24963e-05
46.87 2.14215e-05
46.88 2.02766e-05
46.89 1.90656e-05
46.9 1.77929e-05
46.91 1.6463e-05
46.92 1.50804e-05
46.93 1.36502e-05
46.94 1.21772e-05
46.95 1.06667e-05
46.96 9.12381e-06
46.97 7.55394e-06
46.98 5.96249e-06
46.99 4.35497e-06
47 2.73688e-06
47.01 1.11379e-06
47.02 -5.08752e-07
47.03 -2.12521e-06
47.04 -3.73009e-06
47.05 -5.31792e-06
47.06 -6.88334e-06
47.07 -8.42104e-06
47.08 -9.92585e-06
47.09 -1.13927e-05
47.1 -1.28167e-05
47.11 -1.4193e-05
47.12 -1.55171e-05
47.13 -1.67846e-05
47.14 -1.79912e-05
47.15 -1.9133e-05
47.16 -2.02063e-05
47.17 -2.12075e-05
47.18 -2.21334e-05
47.19 -2.2981e-05
47.2 -2.37476e-05
47.21 -2.44308e-05
47.22 -2.50284e-05
47.23 -2.55385e-05
47.24 -2.59598e-05
47.25 -2.62908e-05
47.26 -2.65307e-05
47.27 -2.66789e-05
47.28 -2.67352e-05
47.29 -2.66994e-05
47.3 -2.6572e-05
47.31 -2.63537e-05
47.32 -2.60453e-05
47.33 -2.56482e-05
47.34 -2.51638e-05
47.35 -2.45942e-05
47.36 -2.39413e-05
47.37 -2.32077e-05
47.38 -2.23961e-05
47.39 -2.15093e-05
47.4 -2.05506e-05
47.41 -1.95235e-05
47.42 -1.84315e-05
47.43 -1.72787e-05
47.44 -1.6069e-05
47.45 -1.48068e-05
47.46 -1.34964e-05
47.47 -1.21424e-05
47.48 -1.07497e-05
47.49 -9.32295e-06
47.5 -7.86721e-06
47.51 -6.3875e-06
47.52 -4.88893e-06
47.53 -3.37667e-06
47.54 -1.85592e-06
47.55 -3.31906e-07
47.56 1.19016e-06
47.57 2.70506e-06
47.58 4.20765e-06
47.59 5.6928e-06
47.6 7.15548e-06
47.61 8.59073e-06
47.62 9.9937e-06
47.63 1.13597e-05
47.64 1.2684e-05
47.65 1.39624e-05
47.66 1.51905e-05
47.67 1.63641e-05
47.68 1.74795e-05
47.69 1.8533e-05
47.7 1.9521e-05
47.71 2.04405e-05
47.72 2.12883e-05
47.73 2.20618e-05
47.74 2.27584e-05
47.75 2.33761e-05
47.76 2.39128e-05
47.77 2.4367e-05
47.78 2.47373e-05
47.79 2.50226e-05
47.8 2.52222e-05
47.81 2.53355e-05
47.82 2.53625e-05
47.83 2.53033e-05
47.84 2.51582e-05
47.85 2.49279e-05
47.86 2.46136e-05
47.87 2.42163e-05
47.88 2.37378e-05
47.89 2.31799e-05
47.9 2.25446e-05
47.91 2.18342e-05
47.92 2.10515e-05
47.93 2.01993e-05
47.94 1.92806e-05
47.95 1.82987e-05
47.96 1.72572e-05
47.97 1.61597e-05
47.98 1.50101e-05
47.99 1.38125e-05
48 1.2571e-05
48.01 1.129e-05
48.02 9.97401e-06
48.03 8.6275e-06
48.04 7.25519e-06
48.05 5.8618e-06
48.06 4.45215e-06
48.07 3.03109e-06
48.08 1.60348e-06
48.09 1.7421e-07
48.1 -1.25183e-06
48.11 -2.66978e-06
48.12 -4.07482e-06
48.13 -5.46218e-06
48.14 -6.82716e-06
48.15 -8.16515e-06
48.16 -9.47164e-06
48.17 -1.07422e-05
48.18 -1.19727e-05
48.19 -1.31589e-05
48.2 -1.42968e-05
48.21 -1.53827e-05
48.22 -1.64131e-05
48.23 -1.73844e-05
48.24 -1.82936e-05
48.25 -1.91376e-05
48.26 -1.99137e-05
48.27 -2.06194e-05
48.28 -2.12525e-05
48.29 -2.18109e-05
48.3 -2.2293e-05
48.31 -2.26972e-05
48.32 -2.30224e-05
48.33 -2.32676e-05
48.34 -2.34321e-05
48.35 -2.35157e-05
48.36 -2.35182e-05
48.37 -2.34397e-05
48.38 -2.32808e-05
48.39 -2.30423e-05
48.4 -2.2725e-05
48.41 -2.23302e-05
48.42 -2.18596e-05
48.43 -2.13149e-05
48.44 -2.06981e-05
48.45 -2.00115e-05
48.46 -1.92577e-05
48.47 -1.84394e-05
48.48 -1.75595e-05
48.49 -1.66211e-05
48.5 -1.56277e-05
48.51 -1.45828e-05
48.52 -1.34901e-05
48.53 -1.23533e-05
48.54 -1.11766e-05
48.55 -9.96391e-06
48.56 -8.71963e-06
48.57 -7.44801e-06
48.58 -6.15349e-06
48.59 -4.84053e-06
48.6 -3.51366e-06
48.61 -2.17746e-06
48.62 -8.36506e-07
48.63 5.04604e-07
48.64 1.84129e-06
48.65 3.16899e-06
48.66 4.48319e-06
48.67 5.77944e-06
48.68 7.05334e-06
48.69 8.3006e-06
48.7 9.51702e-06
48.71 1.06985e-05
48.72 1.18411e-05
48.73 1.29411e-05
48.74 1.39946e-05
48.75 1.49984e-05
48.76 1.59489e-05
48.77 1.68433e-05
48.78 1.76784e-05
48.79 1.84516e-05
48.8 1.91604e-05
48.81 1.98025e-05
48.82 2.0376e-05
48.83 2.08789e-05
48.84 2.13098e-05
48.85 2.16673e-05
48.86 2.19505e-05
48.87 2.21584e-05
48.88 2.22907e-05
48.89 2.23469e-05
48.9 2.23272e-05
48.91 2.22317e-05
48.92 2.20609e-05
48.93 2.18157e-05
48.94 2.1497e-05
48.95 2.11061e-05
48.96 2.06445e-05
48.97 2.0114e-05
48.98 1.95164e-05
48.99 1.88541e-05
49 1.81294e-05
49.01 1.7345e-05
49.02 1.65036e-05
49.03 1.56083e-05
49.04 1.46623e-05
49.05 1.36688e-05
49.06 1.26315e-05
49.07 1.1554e-05
49.08 1.04399e-05
49.09 9.2933e-06
49.1 8.1181e-06
49.11 6.91838e-06
49.12 5.69831e-06
49.13 4.46211e-06
49.14 3.21403e-06
49.15 1.95837e-06
49.16 6.99445e-07
49.17 -5.58443e-07
49.18 -1.81099e-06
49.19 -3.05393e-06
49.2 -4.28303e-06
49.21 -5.49412e-06
49.22 -6.6831e-06
49.23 -7.84595e-06
49.24 -8.97875e-06
49.25 -1.00777e-05
49.26 -1.11391e-05
49.27 -1.21595e-05
49.28 -1.31353e-05
49.29 -1.40635e-05
49.3 -1.49409e-05
49.31 -1.57646e-05
49.32 -1.6532e-05
49.33 -1.72406e-05
49.34 -1.7888e-05
49.35 -1.84723e-05
49.36 -1.89915e-05
49.37 -1.94441e-05
49.38 -1.98286e-05
49.39 -2.01439e-05
49.4 -2.03891e-05
49.41 -2.05635e-05
49.42 -2.06668e-05
49.43 -2.06986e-05
49.44 -2.06592e-05
49.45 -2.05488e-05
49.46 -2.03678e-05
49.47 -2.01173e-05
49.48 -1.97981e-05
49.49 -1.94115e-05
49.5 -1.8959e-05
49.51 -1.84424e-05
49.52 -1.78635e-05
49.53 -1.72244e-05
49.54 -1.65275e-05
49.55 -1.57754e-05
49.56 -1.49706e-05
49.57 -1.41162e-05
49.58 -1.32151e-05
49.59 -1.22705e-05
49.6 -1.12857e-05
49.61 -1.02642e-05
49.62 -9.20959e-06
49.63 -8.12553e-06
49.64 -7.01579e-06
49.65 -5.88422e-06
49.66 -4.73473e-06
49.67 -3.57129e-06
49.68 -2.3979e-06
49.69 -1.2186e-06
49.7 -3.74131e-08
49.71 1.14161e-06
49.72 2.31446e-06
49.73 3.47713e-06
49.74 4.62568e-06
49.75 5.75622e-06
49.76 6.86494e-06
49.77 7.94809e-06
49.78 9.00202e-06
49.79 1.00232e-05
49.8 1.10083e-05
49.81 1.19538e-05
49.82 1.28569e-05
49.83 1.37143e-05
49.84 1.45234e-05
49.85 1.52813e-05
49.86 1.59858e-05
49.87 1.66345e-05
49.88 1.72253e-05
49.89 1.77562e-05
49.9 1.82258e-05
49.91 1.86324e-05
49.92 1.89748e-05
49.93 1.92521e-05
49.94 1.94633e-05
49.95 1.96081e-05
49.96 1.96859e-05
49.97 1.96968e-05
49.98 1.96407e-05
49.99 1.95182e-05
