0.01 1.26168e-07
0.02 6.65828e-08
0.03 -3.68363e-08
0.04 -1.64991e-07
0.05 -3.07862e-07
0.06 -4.67668e-07
0.07 -6.5268e-07
0.08 -8.68778e-07
0.09 -1.11646e-06
0.1 -1.39325e-06
0.11 -1.69578e-06
0.12 -2.01993e-06
0.13 -2.36085e-06
0.14 -2.71286e-06
0.15 -3.07156e-06
0.16 -3.43733e-06
0.17 -3.81151e-06
0.18 -4.19151e-06
0.19 -4.57328e-06
0.2 -4.95234e-06
0.21 -5.32391e-06
0.22 -5.68476e-06
0.23 -6.03237e-06
0.24 -6.36453e-06
0.25 -6.6832e-06
0.26 -6.99347e-06
0.27 -7.2985e-06
0.28 -7.60059e-06
0.29 -7.90047e-06
0.3 -8.194e-06
0.31 -8.47137e-06
0.32 -8.72032e-06
0.33 -8.93811e-06
0.34 -9.13433e-06
0.35 -9.31733e-06
0.36 -9.48619e-06
0.37 -9.63258e-06
0.38 -9.74197e-06
0.39 -9.80272e-06
0.4 -9.81275e-06
0.41 -9.77647e-06
0.42 -9.70074e-06
0.43 -9.57968e-06
0.44 -9.39793e-06
0.45 -9.14675e-06
0.46 -8.82114e-06
0.47 -8.43207e-06
0.48 -8.01759e-06
0.49 -7.61089e-06
0.5 -7.21527e-06
0.51 -6.83204e-06
0.52 -6.47794e-06
0.53 -6.16049e-06
0.54 -5.87504e-06
0.55 -5.62412e-06
0.56 -5.41768e-06
0.57 -5.26259e-06
0.58 -5.14772e-06
0.59 -5.05056e-06
0.6 -4.95671e-06
0.61 -4.84575e-06
0.62 -4.69634e-06
0.63 -4.52774e-06
0.64 -4.39723e-06
0.65 -4.34353e-06
0.66 -4.36266e-06
0.67 -4.4168e-06
0.68 -4.44285e-06
0.69 -4.36098e-06
0.7 -4.08271e-06
0.71 -3.58319e-06
0.72 -2.9366e-06
0.73 -2.21772e-06
0.74 -1.43308e-06
0.75 -5.73701e-07
0.76 3.38321e-07
0.77 1.28522e-06
0.78 2.23461e-06
0.79 3.09476e-06
0.8 3.7992e-06
0.81 4.36262e-06
0.82 4.79612e-06
0.83 5.09404e-06
0.84 5.33438e-06
0.85 5.63372e-06
0.86 6.02449e-06
0.87 6.48796e-06
0.88 6.97248e-06
0.89 7.38728e-06
0.9 7.65164e-06
0.91 7.67514e-06
0.92 7.41308e-06
0.93 6.99661e-06
0.94 6.69135e-06
0.95 6.67284e-06
0.96 6.85753e-06
0.97 7.05594e-06
0.98 7.17655e-06
0.99 7.16282e-06
1 6.93271e-06
1.01 6.44472e-06
1.02 5.71735e-06
1.03 4.78574e-06
1.04 3.71441e-06
1.05 2.65622e-06
1.06 1.80133e-06
1.07 1.22341e-06
1.08 8.22734e-07
1.09 4.45195e-07
1.1 3.91355e-08
1.11 -2.84949e-07
1.12 -3.33758e-07
1.13 -5.26487e-09
1.14 6.31104e-07
1.15 1.46355e-06
1.16 2.45444e-06
1.17 3.58176e-06
1.18 4.76776e-06
1.19 5.90728e-06
1.2 6.93828e-06
1.21 7.88204e-06
1.22 8.78701e-06
1.23 9.58292e-06
1.24 1.00829e-05
1.25 1.0199e-05
1.26 9.99572e-06
1.27 9.51074e-06
1.28 8.71311e-06
1.29 7.64133e-06
1.3 6.44148e-06
1.31 5.25595e-06
1.32 4.11646e-06
1.33 2.97351e-06
1.34 1.82183e-06
1.35 7.34203e-07
1.36 -2.61878e-07
1.37 -1.24794e-06
1.38 -2.34431e-06
1.39 -3.74864e-06
1.4 -5.67642e-06
1.41 -8.08369e-06
1.42 -1.05817e-05
1.43 -1.26474e-05
1.44 -1.39066e-05
1.45 -1.42272e-05
1.46 -1.36966e-05
1.47 -1.25641e-05
1.48 -1.10908e-05
1.49 -9.48733e-06
1.5 -7.91319e-06
1.51 -6.38659e-06
1.52 -4.71948e-06
1.53 -2.62519e-06
1.54 1.43599e-07
1.55 3.63732e-06
1.56 7.51137e-06
1.57 1.12147e-05
1.58 1.44468e-05
1.59 1.7269e-05
1.6 1.98218e-05
1.61 2.21147e-05
1.62 2.41199e-05
1.63 2.58325e-05
1.64 2.71579e-05
1.65 2.79797e-05
1.66 2.83381e-05
1.67 2.8266e-05
1.68 2.75878e-05
1.69 2.61511e-05
1.7 2.40951e-05
1.71 2.17664e-05
1.72 1.94701e-05
1.73 1.73178e-05
1.74 1.52362e-05
1.75 1.30751e-05
1.76 1.07478e-05
1.77 8.34004e-06
1.78 6.0289e-06
1.79 3.94545e-06
1.8 2.25528e-06
1.81 1.24187e-06
1.82 1.12498e-06
1.83 1.76696e-06
1.84 2.74257e-06
1.85 3.80013e-06
1.86 4.97599e-06
1.87 6.16925e-06
1.88 7.03802e-06
1.89 7.45054e-06
1.9 7.66896e-06
1.91 8.09208e-06
1.92 8.91279e-06
1.93 9.9273e-06
1.94 1.07475e-05
1.95 1.11219e-05
1.96 1.09729e-05
1.97 1.0313e-05
1.98 9.21611e-06
1.99 7.85806e-06
2 6.56399e-06
2.01 5.65425e-06
2.02 5.18319e-06
2.03 4.94608e-06
2.04 4.67352e-06
2.05 4.14105e-06
2.06 3.1756e-06
2.07 1.71559e-06
2.08 -9.67519e-08
2.09 -1.9752e-06
2.1 -3.59332e-06
2.11 -4.78068e-06
2.12 -5.76312e-06
2.13 -7.0232e-06
2.14 -8.89782e-06
2.15 -1.13016e-05
2.16 -1.37703e-05
2.17 -1.58649e-05
2.18 -1.74558e-05
2.19 -1.85548e-05
2.2 -1.91163e-05
2.21 -1.91092e-05
2.22 -1.86826e-05
2.23 -1.81204e-05
2.24 -1.75419e-05
2.25 -1.68123e-05
2.26 -1.57892e-05
2.27 -1.44903e-05
2.28 -1.30475e-05
2.29 -1.1604e-05
2.3 -1.02325e-05
2.31 -8.9282e-06
2.32 -7.70406e-06
2.33 -6.63725e-06
2.34 -5.79578e-06
2.35 -5.17695e-06
2.36 -4.72676e-06
2.37 -4.35731e-06
2.38 -3.90444e-06
2.39 -3.14528e-06
2.4 -1.9158e-06
2.41 -2.02644e-07
2.42 1.8851e-06
2.43 4.24441e-06
2.44 6.75873e-06
2.45 9.23154e-06
2.46 1.16189e-05
2.47 1.40604e-05
2.48 1.65614e-05
2.49 1.90117e-05
2.5 2.13602e-05
2.51 2.35478e-05
2.52 2.54482e-05
2.53 2.69298e-05
2.54 2.79197e-05
2.55 2.84271e-05
2.56 2.85306e-05
2.57 2.83305e-05
2.58 2.78933e-05
2.59 2.72972e-05
2.6 2.67698e-05
2.61 2.65659e-05
2.62 2.67574e-05
2.63 2.72947e-05
2.64 2.79789e-05
2.65 2.85119e-05
2.66 2.87552e-05
2.67 2.87375e-05
2.68 2.8506e-05
2.69 2.79951e-05
2.7 2.71138e-05
2.71 2.60168e-05
2.72 2.49228e-05
2.73 2.37537e-05
2.74 2.22888e-05
2.75 2.05603e-05
2.76 1.88968e-05
2.77 1.75562e-05
2.78 1.65688e-05
2.79 1.5948e-05
2.8 1.57585e-05
2.81 1.59162e-05
2.82 1.60925e-05
2.83 1.59489e-05
2.84 1.53481e-05
2.85 1.43328e-05
2.86 1.29959e-05
2.87 1.13318e-05
2.88 9.34728e-06
2.89 7.24037e-06
2.9 5.13802e-06
2.91 2.87946e-06
2.92 3.19298e-07
2.93 -2.49995e-06
2.94 -5.61019e-06
2.95 -9.17093e-06
2.96 -1.31449e-05
2.97 -1.71533e-05
2.98 -2.07514e-05
2.99 -2.37795e-05
3 -2.64181e-05
3.01 -2.89388e-05
3.02 -3.14318e-05
3.03 -3.36833e-05
3.04 -3.52751e-05
3.05 -3.59487e-05
3.06 -3.58674e-05
3.07 -3.54782e-05
3.08 -3.51988e-05
3.09 -3.52532e-05
3.1 -3.57241e-05
3.11 -3.66667e-05
3.12 -3.81688e-05
3.13 -4.02419e-05
3.14 -4.25671e-05
3.15 -4.46001e-05
3.16 -4.60611e-05
3.17 -4.70509e-05
3.18 -4.7822e-05
3.19 -4.8643e-05
3.2 -4.96993e-05
3.21 -5.10227e-05
3.22 -5.25345e-05
3.23 -5.41489e-05
3.24 -5.5593e-05
3.25 -5.62326e-05
3.26 -5.54791e-05
3.27 -5.32855e-05
3.28 -5.01511e-05
3.29 -4.67678e-05
3.3 -4.37088e-05
3.31 -4.12257e-05
3.32 -3.90349e-05
3.33 -3.64283e-05
3.34 -3.27869e-05
3.35 -2.79924e-05
3.36 -2.24469e-05
3.37 -1.67503e-05
3.38 -1.13735e-05
3.39 -6.69472e-06
3.4 -2.97158e-06
3.41 -3.78291e-08
3.42 2.6469e-06
3.43 5.65848e-06
3.44 9.40277e-06
3.45 1.39129e-05
3.46 1.87024e-05
3.47 2.29356e-05
3.48 2.59354e-05
3.49 2.7693e-05
3.5 2.88505e-05
3.51 3.01521e-05
3.52 3.20295e-05
3.53 3.4682e-05
3.54 3.81289e-05
3.55 4.20266e-05
3.56 4.58824e-05
3.57 4.94962e-05
3.58 5.29012e-05
3.59 5.61459e-05
3.6 5.93725e-05
3.61 6.28702e-05
3.62 6.6889e-05
3.63 7.14126e-05
3.64 7.61684e-05
3.65 8.07922e-05
3.66 8.48833e-05
3.67 8.8049e-05
3.68 9.00337e-05
3.69 9.08453e-05
3.7 9.06902e-05
3.71 8.97873e-05
3.72 8.83162e-05
3.73 8.63702e-05
3.74 8.39126e-05
3.75 8.09249e-05
3.76 7.74203e-05
3.77 7.32332e-05
3.78 6.8202e-05
3.79 6.25392e-05
3.8 5.66802e-05
3.81 5.09963e-05
3.82 4.57346e-05
3.83 4.08975e-05
3.84 3.62378e-05
3.85 3.15294e-05
3.86 2.66557e-05
3.87 2.15007e-05
3.88 1.60692e-05
3.89 1.06721e-05
3.9 5.85279e-06
3.91 2.03672e-06
3.92 -8.06365e-07
3.93 -3.0535e-06
3.94 -5.06689e-06
3.95 -7.0904e-06
3.96 -9.35377e-06
3.97 -1.20904e-05
3.98 -1.53332e-05
3.99 -1.87419e-05
4 -2.18967e-05
4.01 -2.46796e-05
4.02 -2.73299e-05
4.03 -3.03578e-05
4.04 -3.42096e-05
4.05 -3.8873e-05
4.06 -4.40864e-05
4.07 -4.97665e-05
4.08 -5.59061e-05
4.09 -6.23902e-05
4.1 -6.90222e-05
4.11 -7.55191e-05
4.12 -8.15821e-05
4.13 -8.70882e-05
4.14 -9.22236e-05
4.15 -9.73308e-05
4.16 -0.000102684
4.17 -0.000108411
4.18 -0.000114399
4.19 -0.000120386
4.2 -0.000126079
4.21 -0.000131042
4.22 -0.000134864
4.23 -0.000137532
4.24 -0.000139324
4.25 -0.000140463
4.26 -0.000141098
4.27 -0.000141324
4.28 -0.000140984
4.29 -0.000139639
4.3 -0.000136877
4.31 -0.000132603
4.32 -0.000127009
4.33 -0.000120375
4.34 -0.000113022
4.35 -0.000105299
4.36 -9.74463e-05
4.37 -8.9526e-05
4.38 -8.14151e-05
4.39 -7.28142e-05
4.4 -6.34672e-05
4.41 -5.34141e-05
4.42 -4.29836e-05
4.43 -3.26091e-05
4.44 -2.27078e-05
4.45 -1.36087e-05
4.46 -5.37602e-06
4.47 2.28748e-06
4.48 9.86299e-06
4.49 1.76305e-05
4.5 2.5425e-05
4.51 3.28732e-05
4.52 3.96402e-05
4.53 4.53255e-05
4.54 4.9482e-05
4.55 5.19108e-05
4.56 5.29099e-05
4.57 5.31296e-05
4.58 5.3131e-05
4.59 5.31542e-05
4.6 5.31499e-05
4.61 5.29124e-05
4.62 5.22391e-05
4.63 5.10471e-05
4.64 4.94605e-05
4.65 4.77486e-05
4.66 4.61521e-05
4.67 4.49125e-05
4.68 4.42622e-05
4.69 4.41848e-05
4.7 4.45224e-05
4.71 4.53071e-05
4.72 4.67119e-05
4.73 4.88051e-05
4.74 5.14964e-05
4.75 5.46829e-05
4.76 5.83432e-05
4.77 6.2537e-05
4.78 6.7366e-05
4.79 7.28237e-05
4.8 7.86995e-05
4.81 8.4601e-05
4.82 9.0004e-05
4.83 9.45351e-05
4.84 9.82426e-05
4.85 0.000101372
4.86 0.000104015
4.87 0.000106103
4.88 0.0001076
4.89 0.000108565
4.9 0.000108888
4.91 0.000108176
4.92 0.000106133
4.93 0.000102812
4.94 9.84555e-05
4.95 9.3299e-05
4.96 8.74047e-05
4.97 8.05983e-05
4.98 7.27065e-05
4.99 6.37999e-05
5 5.41135e-05
5.01 4.39079e-05
5.02 3.34472e-05
5.03 2.29231e-05
5.04 1.23953e-05
5.05 1.87816e-06
5.06 -8.56061e-06
5.07 -1.86822e-05
5.08 -2.8097e-05
5.09 -3.65139e-05
5.1 -4.38789e-05
5.11 -5.02516e-05
5.12 -5.57343e-05
5.13 -6.05676e-05
5.14 -6.49977e-05
5.15 -6.89488e-05
5.16 -7.20755e-05
5.17 -7.39904e-05
5.18 -7.4175e-05
5.19 -7.20583e-05
5.2 -6.74333e-05
5.21 -6.05811e-05
5.22 -5.19892e-05
5.23 -4.2071e-05
5.24 -3.10446e-05
5.25 -1.8878e-05
5.26 -5.42483e-06
5.27 9.30761e-06
5.28 2.50893e-05
5.29 4.15075e-05
5.3 5.79379e-05
5.31 7.3509e-05
5.32 8.72009e-05
5.33 9.81607e-05
5.34 0.000105891
5.35 0.000110109
5.36 0.000110672
5.37 0.000107542
5.38 0.000100667
5.39 9.0015e-05
5.4 7.56947e-05
5.41 5.80542e-05
5.42 3.76635e-05
5.43 1.51882e-05
5.44 -8.45569e-06
5.45 -3.20209e-05
5.46 -5.43262e-05
5.47 -7.45325e-05
5.48 -9.20269e-05
5.49 -0.00010633
5.5 -0.000117224
5.51 -0.00012482
5.52 -0.000129308
5.53 -0.000130738
5.54 -0.000129072
5.55 -0.000124147
5.56 -0.000115668
5.57 -0.000103628
5.58 -8.85278e-05
5.59 -7.09532e-05
5.6 -5.13273e-05
5.61 -3.01806e-05
5.62 -8.19268e-06
5.63 1.41899e-05
5.64 3.68888e-05
5.65 5.98725e-05
5.66 8.28172e-05
5.67 0.000105047
5.68 0.000125713
5.69 0.000144008
5.7 0.000159361
5.71 0.000171516
5.72 0.000180397
5.73 0.000186004
5.74 0.000188339
5.75 0.000187337
5.76 0.000182781
5.77 0.00017434
5.78 0.000161865
5.79 0.000145576
5.8 0.000125954
5.81 0.000103743
5.82 7.99291e-05
5.83 5.53257e-05
5.84 3.03264e-05
5.85 5.32734e-06
5.86 -1.90785e-05
5.87 -4.24714e-05
5.88 -6.47407e-05
5.89 -8.57851e-05
5.9 -0.000105174
5.91 -0.000122191
5.92 -0.000136282
5.93 -0.000147365
5.94 -0.000155832
5.95 -0.000162291
5.96 -0.000167289
5.97 -0.000171335
5.98 -0.000174947
5.99 -0.000178304
6 -0.000181038
6.01 -0.000182559
6.02 -0.000182467
6.03 -0.000180776
6.04 -0.000177818
6.05 -0.00017397
6.06 -0.000169502
6.07 -0.000164488
6.08 -0.000158856
6.09 -0.000152572
6.1 -0.000145572
6.11 -0.000137625
6.12 -0.000128604
6.13 -0.000118889
6.14 -0.000109319
6.15 -0.000100711
6.16 -9.33702e-05
6.17 -8.69969e-05
6.18 -8.10721e-05
6.19 -7.52343e-05
6.2 -6.93218e-05
6.21 -6.34192e-05
6.22 -5.80016e-05
6.23 -5.37569e-05
6.24 -5.12154e-05
6.25 -5.05699e-05
6.26 -5.16414e-05
6.27 -5.39792e-05
6.28 -5.70283e-05
6.29 -6.02092e-05
6.3 -6.30835e-05
6.31 -6.5554e-05
6.32 -6.77612e-05
6.33 -6.98539e-05
6.34 -7.19932e-05
6.35 -7.43958e-05
6.36 -7.71335e-05
6.37 -7.99982e-05
6.38 -8.2654e-05
6.39 -8.47477e-05
6.4 -8.59393e-05
6.41 -8.59434e-05
6.42 -8.45115e-05
6.43 -8.15314e-05
6.44 -7.71241e-05
6.45 -7.14869e-05
6.46 -6.46505e-05
6.47 -5.64813e-05
6.48 -4.69149e-05
6.49 -3.59938e-05
6.5 -2.37988e-05
6.51 -1.05281e-05
6.52 3.58257e-06
6.53 1.84127e-05
6.54 3.39399e-05
6.55 5.02497e-05
6.56 6.75582e-05
6.57 8.60378e-05
6.58 0.000105556
6.59 0.000125684
6.6 0.000145869
6.61 0.000165559
6.62 0.00018444
6.63 0.0002025
6.64 0.000219724
6.65 0.000235895
6.66 0.000250561
6.67 0.000263105
6.68 0.000273124
6.69 0.00028053
6.7 0.000285078
6.71 0.000286197
6.72 0.000283392
6.73 0.000276551
6.74 0.000265844
6.75 0.000251415
6.76 0.000233277
6.77 0.000211485
6.78 0.00018625
6.79 0.000157952
6.8 0.000127262
6.81 9.52334e-05
6.82 6.31841e-05
6.83 3.24388e-05
6.84 4.16697e-06
6.85 -2.06718e-05
6.86 -4.15576e-05
6.87 -5.84847e-05
6.88 -7.16236e-05
6.89 -8.11716e-05
6.9 -8.7358e-05
6.91 -9.02377e-05
6.92 -8.97001e-05
6.93 -8.57967e-05
6.94 -7.89878e-05
6.95 -7.01278e-05
6.96 -6.02039e-05
6.97 -5.01738e-05
6.98 -4.09788e-05
6.99 -3.33492e-05
7 -2.74626e-05
7.01 -2.29313e-05
7.02 -1.92018e-05
7.03 -1.59389e-05
7.04 -1.31699e-05
7.05 -1.12657e-05
7.06 -1.06899e-05
7.07 -1.16208e-05
7.08 -1.37174e-05
7.09 -1.62705e-05
7.1 -1.85778e-05
7.11 -2.00478e-05
7.12 -2.01684e-05
7.13 -1.86678e-05
7.14 -1.56996e-05
7.15 -1.18197e-05
7.16 -7.76639e-06
7.17 -4.00048e-06
7.18 -4.82976e-07
7.19 2.8822e-06
7.2 5.99644e-06
7.21 8.73077e-06
7.22 1.08016e-05
7.23 1.16807e-05
7.24 1.10097e-05
7.25 8.93911e-06
7.26 5.90785e-06
7.27 2.28084e-06
7.28 -1.63919e-06
7.29 -5.35967e-06
7.3 -8.25481e-06
7.31 -9.84954e-06
7.32 -9.91145e-06
7.33 -8.52804e-06
7.34 -6.11143e-06
7.35 -3.10716e-06
7.36 2.70778e-07
7.37 4.00988e-06
7.38 8.11313e-06
7.39 1.247e-05
7.4 1.68844e-05
7.41 2.1173e-05
7.42 2.51976e-05
7.43 2.89068e-05
7.44 3.23544e-05
7.45 3.56413e-05
7.46 3.90169e-05
7.47 4.31218e-05
7.48 4.88366e-05
7.49 5.66829e-05
7.5 6.66547e-05
7.51 7.86786e-05
7.52 9.2744e-05
7.53 0.000108523
7.54 0.000125263
7.55 0.000142116
7.56 0.000158512
7.57 0.000174265
7.58 0.000189183
7.59 0.000202669
7.6 0.000214059
7.61 0.000222984
7.62 0.000229189
7.63 0.000232385
7.64 0.000232318
7.65 0.000228869
7.66 0.000222195
7.67 0.000212705
7.68 0.000200894
7.69 0.000187195
7.7 0.000171778
7.71 0.000154549
7.72 0.000135352
7.73 0.00011401
7.74 9.03683e-05
7.75 6.44921e-05
7.76 3.65745e-05
7.77 6.58198e-06
7.78 -2.56973e-05
7.79 -6.02486e-05
7.8 -9.6726e-05
7.81 -0.000134615
7.82 -0.000173252
7.83 -0.000211819
7.84 -0.000249514
7.85 -0.000285628
7.86 -0.00031946
7.87 -0.000350282
7.88 -0.000377407
7.89 -0.000400238
7.9 -0.000418172
7.91 -0.000430527
7.92 -0.000436805
7.93 -0.000437018
7.94 -0.000431647
7.95 -0.000421523
7.96 -0.000407652
7.97 -0.000390899
7.98 -0.000371934
7.99 -0.00035131
8 -0.000329537
8.01 -0.000307369
8.02 -0.00028591
8.03 -0.000266327
8.04 -0.000249439
8.05 -0.000235312
8.06 -0.000223135
8.07 -0.000211653
8.08 -0.000199615
8.09 -0.000186034
8.1 -0.000170455
8.11 -0.00015295
8.12 -0.000133777
8.13 -0.000113046
8.14 -9.07121e-05
8.15 -6.67942e-05
8.16 -4.14305e-05
8.17 -1.47201e-05
8.18 1.33423e-05
8.19 4.25002e-05
8.2 7.17581e-05
8.21 9.94367e-05
8.22 0.000123868
8.23 0.000144131
8.24 0.000160285
8.25 0.000173026
8.26 0.000183141
8.27 0.000191346
8.28 0.000198326
8.29 0.000204442
8.3 0.000209564
8.31 0.000213497
8.32 0.000216504
8.33 0.000219406
8.34 0.000223303
8.35 0.000229227
8.36 0.0002379
8.37 0.00024949
8.38 0.000263489
8.39 0.000278914
8.4 0.000294576
8.41 0.000309514
8.42 0.000323373
8.43 0.000336226
8.44 0.000348219
8.45 0.000359527
8.46 0.000370228
8.47 0.000379977
8.48 0.000388061
8.49 0.000393823
8.5 0.000396836
8.51 0.00039693
8.52 0.000394344
8.53 0.000389622
8.54 0.000383477
8.55 0.000376737
8.56 0.000369949
8.57 0.000363011
8.58 0.000355288
8.59 0.000345965
8.6 0.000334383
8.61 0.00032015
8.62 0.000303206
8.63 0.000283921
8.64 0.000262815
8.65 0.000240099
8.66 0.000215674
8.67 0.000189319
8.68 0.000160738
8.69 0.000129653
8.7 9.59167e-05
8.71 5.95496e-05
8.72 2.09083e-05
8.73 -1.92257e-05
8.74 -5.99361e-05
8.75 -0.000100485
8.76 -0.000140365
8.77 -0.000179337
8.78 -0.000217371
8.79 -0.000254272
8.8 -0.000289573
8.81 -0.000322768
8.82 -0.000353388
8.83 -0.000381018
8.84 -0.000405493
8.85 -0.00042702
8.86 -0.000445958
8.87 -0.000462557
8.88 -0.000476844
8.89 -0.000488633
8.9 -0.000497649
8.91 -0.000503754
8.92 -0.000507096
8.93 -0.000508164
8.94 -0.000507772
8.95 -0.000506951
8.96 -0.000506721
8.97 -0.000507758
8.98 -0.000510123
8.99 -0.000513382
9 -0.000516852
9.01 -0.000519608
9.02 -0.000520554
9.03 -0.000518663
9.04 -0.000513138
9.05 -0.000503513
9.06 -0.000489703
9.07 -0.000471761
9.08 -0.000449591
9.09 -0.000423238
9.1 -0.000393174
9.11 -0.000360025
9.12 -0.000324455
9.13 -0.000287312
9.14 -0.00024938
9.15 -0.000211037
9.16 -0.000172458
9.17 -0.000134045
9.18 -9.64447e-05
9.19 -6.0298e-05
9.2 -2.61914e-05
9.21 5.17308e-06
9.22 3.29755e-05
9.23 5.64809e-05
9.24 7.53076e-05
9.25 8.94607e-05
9.26 9.91244e-05
9.27 0.000104609
9.28 0.000106381
9.29 0.000105003
9.3 0.000101182
9.31 9.58971e-05
9.32 9.02917e-05
9.33 8.54561e-05
9.34 8.23192e-05
9.35 8.15524e-05
9.36 8.35574e-05
9.37 8.85432e-05
9.38 9.66206e-05
9.39 0.000107865
9.4 0.000122242
9.41 0.000139666
9.42 0.000160228
9.43 0.000184063
9.44 0.000210917
9.45 0.000239982
9.46 0.000270001
9.47 0.000299474
9.48 0.000327113
9.49 0.000352318
9.5 0.000374966
9.51 0.000394769
9.52 0.000411254
9.53 0.000424349
9.54 0.000434578
9.55 0.000442893
9.56 0.000450398
9.57 0.000457823
9.58 0.000465204
9.59 0.000472095
9.6 0.000477765
9.61 0.000481291
9.62 0.000481678
9.63 0.000477995
9.64 0.000469673
9.65 0.000456769
9.66 0.000439725
9.67 0.000418918
9.68 0.000394622
9.69 0.000367137
9.7 0.000336727
9.71 0.000303729
9.72 0.000268943
9.73 0.000233635
9.74 0.00019899
9.75 0.000165763
9.76 0.000134259
9.77 0.000104359
9.78 7.57245e-05
9.79 4.80832e-05
9.8 2.13691e-05
9.81 -4.31911e-06
9.82 -2.88585e-05
9.83 -5.22534e-05
9.84 -7.46724e-05
9.85 -9.63811e-05
9.86 -0.000117734
9.87 -0.000139144
9.88 -0.000160822
9.89 -0.00018255
9.9 -0.000203669
9.91 -0.000223191
9.92 -0.000240065
9.93 -0.000253473
9.94 -0.000263075
9.95 -0.000269213
9.96 -0.000272799
9.97 -0.000274823
9.98 -0.000275909
9.99 -0.000276123
10 -0.000275091
10.01 -0.000272584
10.02 -0.000269035
10.03 -0.00026528
10.04 -0.000261992
10.05 -0.00025945
10.06 -0.00025752
10.07 -0.000255779
10.08 -0.000253711
10.09 -0.000250865
10.1 -0.000247064
10.11 -0.000242475
10.12 -0.000237517
10.13 -0.000232702
10.14 -0.000228298
10.15 -0.00022411
10.16 -0.000219763
10.17 -0.000215026
10.18 -0.000209738
10.19 -0.000203674
10.2 -0.000196657
10.21 -0.000188617
10.22 -0.000179438
10.23 -0.000168982
10.24 -0.00015734
10.25 -0.000144696
10.26 -0.000131028
10.27 -0.000116194
10.28 -0.000100303
10.29 -8.39236e-05
10.3 -6.77092e-05
10.31 -5.19476e-05
10.32 -3.66897e-05
10.33 -2.19984e-05
10.34 -7.93308e-06
10.35 5.62974e-06
10.36 1.91518e-05
10.37 3.32172e-05
10.38 4.81631e-05
10.39 6.40383e-05
10.4 8.08606e-05
10.41 9.88061e-05
10.42 0.000118177
10.43 0.00013933
10.44 0.000162584
10.45 0.000188015
10.46 0.000215392
10.47 0.000244377
10.48 0.000274745
10.49 0.000306365
10.5 0.000339043
10.51 0.000372435
10.52 0.00040609
10.53 0.000439559
10.54 0.000472272
10.55 0.000503273
10.56 0.000531319
10.57 0.000555257
10.58 0.000574325
10.59 0.00058821
10.6 0.000596972
10.61 0.000601023
10.62 0.00060098
10.63 0.000597524
10.64 0.000591446
10.65 0.000583658
10.66 0.000575171
10.67 0.00056689
10.68 0.000559248
10.69 0.000552235
10.7 0.000545592
10.71 0.000538736
10.72 0.000530825
10.73 0.000521011
10.74 0.00050818
10.75 0.00049059
10.76 0.000466524
10.77 0.000435092
10.78 0.000395976
10.79 0.000348858
10.8 0.000293337
10.81 0.000229278
10.82 0.000157158
10.83 7.79234e-05
10.84 -7.42171e-06
10.85 -9.77295e-05
10.86 -0.000191152
10.87 -0.000284887
10.88 -0.000375496
10.89 -0.000459351
10.9 -0.000532889
10.91 -0.000593563
10.92 -0.000641203
10.93 -0.000677961
10.94 -0.000706957
10.95 -0.000730825
10.96 -0.0007507
10.97 -0.00076606
10.98 -0.000775378
10.99 -0.000777313
11 -0.000771864
11.01 -0.000761121
11.02 -0.000749184
11.03 -0.000740787
11.04 -0.000739246
11.05 -0.000744971
11.06 -0.000755347
11.07 -0.000766173
11.08 -0.000773905
11.09 -0.000777229
11.1 -0.000776999
11.11 -0.000774951
11.12 -0.000772203
11.13 -0.000768308
11.14 -0.000761511
11.15 -0.000749904
11.16 -0.000731935
11.17 -0.000706166
11.18 -0.000671543
11.19 -0.000628149
11.2 -0.000577648
11.21 -0.000522898
11.22 -0.00046672
11.23 -0.000410751
11.24 -0.000355213
11.25 -0.000299526
11.26 -0.000243081
11.27 -0.000185662
11.28 -0.000127567
11.29 -6.97178e-05
11.3 -1.35914e-05
11.31 3.92454e-05
11.32 8.7566e-05
11.33 0.000130607
11.34 0.000168087
11.35 0.000200158
11.36 0.000227193
11.37 0.000249573
11.38 0.000267479
11.39 0.000280698
11.4 0.000288976
11.41 0.000292533
11.42 0.000292074
11.43 0.000288701
11.44 0.000283878
11.45 0.000279274
11.46 0.000276647
11.47 0.00027756
11.48 0.000283171
11.49 0.000294346
11.5 0.00031138
11.51 0.000333467
11.52 0.000358846
11.53 0.000385336
11.54 0.000410806
11.55 0.000433885
11.56 0.000454537
11.57 0.000473549
11.58 0.000491328
11.59 0.000507393
11.6 0.000520915
11.61 0.000531483
11.62 0.000539272
11.63 0.000544687
11.64 0.000548263
11.65 0.000550841
11.66 0.000553569
11.67 0.000557598
11.68 0.000563574
11.69 0.000571446
11.7 0.00058061
11.71 0.00059003
11.72 0.000598422
11.73 0.000604651
11.74 0.000607741
11.75 0.000606518
11.76 0.000599775
11.77 0.000586826
11.78 0.000567703
11.79 0.000542806
11.8 0.000512415
11.81 0.00047655
11.82 0.000435226
11.83 0.000388744
11.84 0.000337766
11.85 0.000283185
11.86 0.000225952
11.87 0.000167096
11.88 0.000107826
11.89 4.9433e-05
11.9 -6.83368e-06
11.91 -5.96833e-05
11.92 -0.000107654
11.93 -0.000149451
11.94 -0.000184507
11.95 -0.000212972
11.96 -0.000235373
11.97 -0.000252485
11.98 -0.000265377
11.99 -0.000275456
12 -0.000284175
12.01 -0.000292632
12.02 -0.000301501
12.03 -0.000311249
12.04 -0.000322313
12.05 -0.000335067
12.06 -0.000349813
12.07 -0.000366851
12.08 -0.00038633
12.09 -0.000407923
12.1 -0.000430995
12.11 -0.000455113
12.12 -0.000480031
12.13 -0.000505224
12.14 -0.000529698
12.15 -0.000552275
12.16 -0.000572022
12.17 -0.000588416
12.18 -0.000601292
12.19 -0.000610734
12.2 -0.000616825
12.21 -0.000619404
12.22 -0.000618119
12.23 -0.000612655
12.24 -0.000602854
12.25 -0.000588753
12.26 -0.000570595
12.27 -0.000548869
12.28 -0.000524221
12.29 -0.000497375
12.3 -0.000469211
12.31 -0.000440579
12.32 -0.000411885
12.33 -0.000383097
12.34 -0.000353967
12.35 -0.000324138
12.36 -0.000293368
12.37 -0.000261755
12.38 -0.000229366
12.39 -0.000195756
12.4 -0.000160169
12.41 -0.000121757
12.42 -7.95713e-05
12.43 -3.29241e-05
12.44 1.84219e-05
12.45 7.44593e-05
12.46 0.0001349
12.47 0.000199016
12.48 0.000265784
12.49 0.000334002
12.5 0.000402249
12.51 0.000469058
12.52 0.000532974
12.53 0.000592494
12.54 0.000646238
12.55 0.00069297
12.56 0.000731602
12.57 0.000761439
12.58 0.000782305
12.59 0.000794428
12.6 0.000798306
12.61 0.000794609
12.62 0.000783981
12.63 0.000766969
12.64 0.000744179
12.65 0.000716277
12.66 0.000683859
12.67 0.000647463
12.68 0.000607484
12.69 0.000563985
12.7 0.000516965
12.71 0.000466902
12.72 0.000414792
12.73 0.000361839
12.74 0.000309138
12.75 0.000257426
12.76 0.000207144
12.77 0.000158726
12.78 0.000112761
12.79 6.99532e-05
12.8 3.10416e-05
12.81 -3.33376e-06
12.82 -3.2831e-05
12.83 -5.73829e-05
12.84 -7.72371e-05
12.85 -9.32477e-05
12.86 -0.000106776
12.87 -0.000119216
12.88 -0.000131673
12.89 -0.000144859
12.9 -0.00015906
12.91 -0.000174138
12.92 -0.000189833
12.93 -0.000206278
12.94 -0.000224051
12.95 -0.000243702
12.96 -0.000265465
12.97 -0.000289333
12.98 -0.000315121
12.99 -0.000342303
13 -0.000369996
13.01 -0.000397115
13.02 -0.000422436
13.03 -0.000444751
13.04 -0.00046312
13.05 -0.000476998
13.06 -0.000486401
13.07 -0.000491947
13.08 -0.000494451
13.09 -0.000494604
13.1 -0.000493214
13.11 -0.000491219
13.12 -0.000489169
13.13 -0.000487063
13.14 -0.000484696
13.15 -0.000481794
13.16 -0.000477991
13.17 -0.000473074
13.18 -0.000466962
13.19 -0.000459317
13.2 -0.000449624
13.21 -0.0004377
13.22 -0.000423856
13.23 -0.000408626
13.24 -0.000392354
13.25 -0.000375082
13.26 -0.0003568
13.27 -0.000337472
13.28 -0.000316853
13.29 -0.000294489
13.3 -0.000269926
13.31 -0.00024289
13.32 -0.000213294
13.33 -0.000181196
13.34 -0.000146808
13.35 -0.000110598
13.36 -7.33388e-05
13.37 -3.58914e-05
13.38 1.00613e-06
13.39 3.66656e-05
13.4 7.03928e-05
13.41 0.000101691
13.42 0.000130506
13.43 0.000157174
13.44 0.000182107
13.45 0.000205558
13.46 0.000227781
13.47 0.000249336
13.48 0.000271068
13.49 0.000293938
13.5 0.000318851
13.51 0.000346326
13.52 0.000376214
13.53 0.000407713
13.54 0.000439611
13.55 0.000470529
13.56 0.000498868
13.57 0.000522717
13.58 0.000540368
13.59 0.000550994
13.6 0.000554545
13.61 0.000550915
13.62 0.000539483
13.63 0.000519582
13.64 0.000491091
13.65 0.000454595
13.66 0.000411272
13.67 0.0003629
13.68 0.000311845
13.69 0.000260553
13.7 0.000210774
13.71 0.000163367
13.72 0.000118825
13.73 7.77515e-05
13.74 4.08832e-05
13.75 8.90076e-06
13.76 -1.77947e-05
13.77 -3.91986e-05
13.78 -5.55858e-05
13.79 -6.74337e-05
13.8 -7.53547e-05
13.81 -7.97155e-05
13.82 -8.03883e-05
13.83 -7.69264e-05
13.84 -6.86003e-05
13.85 -5.43686e-05
13.86 -3.34416e-05
13.87 -5.83162e-06
13.88 2.79685e-05
13.89 6.75267e-05
13.9 0.000112431
13.91 0.000161898
13.92 0.000214651
13.93 0.000268986
13.94 0.000322591
13.95 0.000372685
13.96 0.000416912
13.97 0.000453954
13.98 0.000482895
13.99 0.000502709
14 0.000513256
14.01 0.000515838
14.02 0.000511854
14.03 0.000501509
14.04 0.000483914
14.05 0.000457823
14.06 0.000422108
14.07 0.000375878
14.08 0.000318804
14.09 0.000251478
14.1 0.000175346
14.11 9.25125e-05
14.12 5.72615e-06
14.13 -8.17426e-05
14.14 -0.000166484
14.15 -0.000245216
14.16 -0.000315177
14.17 -0.000375128
14.18 -0.000425938
14.19 -0.000469662
14.2 -0.000508057
14.21 -0.000541912
14.22 -0.000571165
14.23 -0.000595316
14.24 -0.000613685
14.25 -0.000625526
14.26 -0.000630215
14.27 -0.000627349
14.28 -0.00061654
14.29 -0.00059716
14.3 -0.00056835
14.31 -0.000529402
14.32 -0.000480178
14.33 -0.000421349
14.34 -0.000354552
14.35 -0.000282421
14.36 -0.000208111
14.37 -0.000134405
14.38 -6.29172e-05
14.39 6.33085e-06
14.4 7.44926e-05
14.41 0.000142472
14.42 0.000209552
14.43 0.000273155
14.44 0.000329578
14.45 0.00037514
14.46 0.000407513
14.47 0.00042658
14.48 0.00043415
14.49 0.000433088
14.5 0.000426258
14.51 0.00041543
14.52 0.000400777
14.53 0.000381081
14.54 0.000354244
14.55 0.000318151
14.56 0.000271653
14.57 0.000215206
14.58 0.000151141
14.59 8.33667e-05
14.6 1.63543e-05
14.61 -4.58951e-05
14.62 -0.000100541
14.63 -0.000146257
14.64 -0.000183153
14.65 -0.00021256
14.66 -0.000236763
14.67 -0.000258231
14.68 -0.00027857
14.69 -0.000298143
14.7 -0.000316479
14.71 -0.000332617
14.72 -0.00034545
14.73 -0.000354447
14.74 -0.000359807
14.75 -0.000361975
14.76 -0.000361419
14.77 -0.000358437
14.78 -0.000352791
14.79 -0.000343618
14.8 -0.000329758
14.81 -0.000310431
14.82 -0.000285804
14.83 -0.000257216
14.84 -0.000227046
14.85 -0.000198167
14.86 -0.0001734
14.87 -0.000155171
14.88 -0.000144977
14.89 -0.000142766
14.9 -0.000146925
14.91 -0.00015511
14.92 -0.000165402
14.93 -0.000177206
14.94 -0.000191327
14.95 -0.000209259
14.96 -0.000232341
14.97 -0.000261001
14.98 -0.000294135
14.99 -0.000329199
15 -0.000362865
15.01 -0.000391743
15.02 -0.000413107
15.03 -0.000425204
15.04 -0.000427186
15.05 -0.000419228
15.06 -0.000402522
15.07 -0.000378728
15.08 -0.000349368
15.09 -0.000315688
15.1 -0.000278865
15.11 -0.000239885
15.12 -0.000199194
15.13 -0.000156758
15.14 -0.000112566
15.15 -6.70913e-05
15.16 -2.11614e-05
15.17 2.44947e-05
15.18 6.9409e-05
15.19 0.000113222
15.2 0.000155611
15.21 0.000196303
15.22 0.000234906
15.23 0.000270926
15.24 0.000303866
15.25 0.000333099
15.26 0.000357934
15.27 0.000377966
15.28 0.000393245
15.29 0.000404231
15.3 0.000411796
15.31 0.000417074
15.32 0.000421132
15.33 0.000424928
15.34 0.000429336
15.35 0.00043478
15.36 0.000441062
15.37 0.000447917
15.38 0.000455474
15.39 0.000464064
15.4 0.000474142
15.41 0.000486211
15.42 0.000500436
15.43 0.000516566
15.44 0.000534087
15.45 0.0005522
15.46 0.000569755
15.47 0.000585518
15.48 0.000598582
15.49 0.0006083
15.5 0.000614004
15.51 0.000615304
15.52 0.00061249
15.53 0.000606142
15.54 0.000596717
15.55 0.000584728
15.56 0.000570702
15.57 0.000554849
15.58 0.000537239
15.59 0.000518173
15.6 0.000498009
15.61 0.000476862
15.62 0.000454621
15.63 0.000430945
15.64 0.000405218
15.65 0.00037666
15.66 0.000344493
15.67 0.000308245
15.68 0.000268126
15.69 0.000224897
15.7 0.000179416
15.71 0.000132399
15.72 8.44607e-05
15.73 3.61297e-05
15.74 -1.23486e-05
15.75 -6.10982e-05
15.76 -0.000110262
15.77 -0.000159629
15.78 -0.000208489
15.79 -0.000255816
15.8 -0.000300647
15.81 -0.000342229
15.82 -0.000379981
15.83 -0.000413559
15.84 -0.000443029
15.85 -0.000468837
15.86 -0.000491408
15.87 -0.000510884
15.88 -0.000527179
15.89 -0.000540117
15.9 -0.00054954
15.91 -0.000555565
15.92 -0.000558791
15.93 -0.000560158
15.94 -0.000560451
15.95 -0.000559781
15.96 -0.000557438
15.97 -0.000552329
15.98 -0.000543516
15.99 -0.00053041
16 -0.00051291
16.01 -0.000491508
16.02 -0.000467174
16.03 -0.000441041
16.04 -0.000413967
16.05 -0.000386183
16.06 -0.000357365
16.07 -0.000327152
16.08 -0.00029564
16.09 -0.00026337
16.1 -0.000230971
16.11 -0.00019902
16.12 -0.000168095
16.13 -0.000138697
16.14 -0.00011115
16.15 -8.55407e-05
16.16 -6.17118e-05
16.17 -3.94919e-05
16.18 -1.8898e-05
16.19 -1.01368e-07
16.2 1.66862e-05
16.21 3.14314e-05
16.22 4.45038e-05
16.23 5.65134e-05
16.24 6.78898e-05
16.25 7.87636e-05
16.26 8.9096e-05
16.27 9.86589e-05
16.28 0.00010697
16.29 0.000113429
16.3 0.000117681
16.31 0.000119959
16.32 0.000120975
16.33 0.000121491
16.34 0.000122083
16.35 0.000123021
16.36 0.000124264
16.37 0.000125704
16.38 0.000127419
16.39 0.000129606
16.4 0.000132384
16.41 0.000135796
16.42 0.000139889
16.43 0.00014449
16.44 0.00014875
16.45 0.000151245
16.46 0.000150744
16.47 0.000146675
16.48 0.000138795
16.49 0.000126899
16.5 0.000110991
16.51 9.12386e-05
16.52 6.77505e-05
16.53 4.06732e-05
16.54 1.02548e-05
16.55 -2.32878e-05
16.56 -5.97256e-05
16.57 -9.8573e-05
16.58 -0.000138967
16.59 -0.000179841
16.6 -0.000219948
16.61 -0.000257818
16.62 -0.000292107
16.63 -0.000321962
16.64 -0.000347051
16.65 -0.000367444
16.66 -0.000383467
16.67 -0.000395522
16.68 -0.000404069
16.69 -0.000409708
16.7 -0.000413109
16.71 -0.000414929
16.72 -0.000415701
16.73 -0.000415738
16.74 -0.000415387
16.75 -0.000415227
16.76 -0.000415806
16.77 -0.000417295
16.78 -0.000419499
16.79 -0.000422091
16.8 -0.000424686
16.81 -0.000426851
16.82 -0.000428237
16.83 -0.000428651
16.84 -0.000427941
16.85 -0.000425826
16.86 -0.00042187
16.87 -0.000415613
16.88 -0.000406683
16.89 -0.000394874
16.9 -0.000380142
16.91 -0.000362485
16.92 -0.000341988
16.93 -0.000318968
16.94 -0.000293827
16.95 -0.000266841
16.96 -0.000238128
16.97 -0.000207694
16.98 -0.000175585
16.99 -0.000142101
17 -0.00010768
17.01 -7.25131e-05
17.02 -3.6437e-05
17.03 8.34331e-07
17.04 3.95367e-05
17.05 7.97508e-05
17.06 0.000121384
17.07 0.000164365
17.08 0.000208625
17.09 0.000253771
17.1 0.000299132
17.11 0.000344201
17.12 0.00038877
17.13 0.000432794
17.14 0.000476364
17.15 0.000519588
17.16 0.000562352
17.17 0.000604279
17.18 0.000644923
17.19 0.000683965
17.2 0.000721438
17.21 0.000757802
17.22 0.000793674
17.23 0.000829687
17.24 0.000866554
17.25 0.000904738
17.26 0.000944088
17.27 0.000984068
17.28 0.00102413
17.29 0.0010636
17.3 0.0011016
17.31 0.00113722
17.32 0.00116966
17.33 0.0011981
17.34 0.00122194
17.35 0.00124076
17.36 0.00125408
17.37 0.0012614
17.38 0.0012625
17.39 0.00125756
17.4 0.00124702
17.41 0.00123142
17.42 0.00121145
17.43 0.00118782
17.44 0.00116107
17.45 0.00113131
17.46 0.00109837
17.47 0.00106204
17.48 0.00102218
17.49 0.000978701
17.5 0.000931495
17.51 0.000880404
17.52 0.000825274
17.53 0.000766051
17.54 0.00070282
17.55 0.000635727
17.56 0.000564766
17.57 0.000489859
17.58 0.000411297
17.59 0.000329808
17.6 0.000246254
17.61 0.000161584
17.62 7.68888e-05
17.63 -6.7248e-06
17.64 -8.82218e-05
17.65 -0.000166599
17.66 -0.000240788
17.67 -0.000309721
17.68 -0.000372724
17.69 -0.000429827
17.7 -0.00048192
17.71 -0.000530765
17.72 -0.00057842
17.73 -0.000626477
17.74 -0.000675786
17.75 -0.000726469
17.76 -0.00077775
17.77 -0.000827943
17.78 -0.000875138
17.79 -0.000918389
17.8 -0.000958482
17.81 -0.000997662
17.82 -0.00103833
17.83 -0.0010813
17.84 -0.00112481
17.85 -0.00116502
17.86 -0.00119778
17.87 -0.00122046
17.88 -0.00123307
17.89 -0.00123794
17.9 -0.00123842
17.91 -0.00123739
17.92 -0.00123632
17.93 -0.00123509
17.94 -0.00123261
17.95 -0.0012274
17.96 -0.00121825
17.97 -0.00120484
17.98 -0.00118793
17.99 -0.00116917
18 -0.0011504
18.01 -0.00113292
18.02 -0.00111693
18.03 -0.00110136
18.04 -0.0010844
18.05 -0.0010645
18.06 -0.00104107
18.07 -0.00101446
18.08 -0.000985582
18.09 -0.000955371
18.1 -0.000924452
18.11 -0.000893021
18.12 -0.000860825
18.13 -0.000827281
18.14 -0.000791773
18.15 -0.000753919
18.16 -0.000713696
18.17 -0.000671437
18.18 -0.000627769
18.19 -0.000583483
18.2 -0.000539107
18.21 -0.000494488
18.22 -0.00044902
18.23 -0.000402309
18.24 -0.000354442
18.25 -0.000305741
18.26 -0.000256704
18.27 -0.000208121
18.28 -0.000160966
18.29 -0.000116112
18.3 -7.41111e-05
18.31 -3.51105e-05
18.32 1.02087e-06
18.33 3.43774e-05
18.34 6.4813e-05
18.35 9.20156e-05
18.36 0.000115598
18.37 0.000135196
18.38 0.000150794
18.39 0.000162951
18.4 0.000172542
18.41 0.000180416
18.42 0.000187378
18.43 0.000194348
18.44 0.00020225
18.45 0.00021168
18.46 0.000223014
18.47 0.000236858
18.48 0.000253974
18.49 0.000274834
18.5 0.00029957
18.51 0.000328053
18.52 0.000359726
18.53 0.000393551
18.54 0.000428165
18.55 0.000462202
18.56 0.000494636
18.57 0.000524815
18.58 0.000552413
18.59 0.000577371
18.6 0.000599658
18.61 0.000619062
18.62 0.000635266
18.63 0.000648147
18.64 0.000657796
18.65 0.000664475
18.66 0.000668805
18.67 0.000671661
18.68 0.000673864
18.69 0.000676006
18.7 0.000678252
18.71 0.00068033
18.72 0.000681847
18.73 0.000682602
18.74 0.000682581
18.75 0.000681719
18.76 0.000679821
18.77 0.000676777
18.78 0.000672694
18.79 0.000667535
18.8 0.000660856
18.81 0.000652166
18.82 0.000641357
18.83 0.000628697
18.84 0.000614643
18.85 0.000599604
18.86 0.000583813
18.87 0.00056746
18.88 0.000550782
18.89 0.000533871
18.9 0.000516562
18.91 0.00049855
18.92 0.000479502
18.93 0.000459263
18.94 0.000437953
18.95 0.000415625
18.96 0.000392022
18.97 0.000366889
18.98 0.000340168
18.99 0.000311825
19 0.000281834
19.01 0.000250367
19.02 0.000217864
19.03 0.000184854
19.04 0.000151903
19.05 0.000119621
19.06 8.85261e-05
19.07 5.90418e-05
19.08 3.15681e-05
19.09 6.35137e-06
19.1 -1.6752e-05
19.11 -3.8204e-05
19.12 -5.83387e-05
19.13 -7.72076e-05
19.14 -9.49043e-05
19.15 -0.000111712
19.16 -0.000127902
19.17 -0.000143586
19.18 -0.00015878
19.19 -0.000173486
19.2 -0.000187659
19.21 -0.000201326
19.22 -0.000214664
19.23 -0.000227706
19.24 -0.000240195
19.25 -0.000251845
19.26 -0.0002625
19.27 -0.000272134
19.28 -0.000280871
19.29 -0.000288907
19.3 -0.000296349
19.31 -0.000303188
19.32 -0.000309391
19.33 -0.000314932
19.34 -0.000319754
19.35 -0.000323754
19.36 -0.000326846
19.37 -0.000329004
19.38 -0.000330279
19.39 -0.000330667
19.4 -0.000330025
19.41 -0.000328125
19.42 -0.000324586
19.43 -0.000318955
19.44 -0.000310925
19.45 -0.000300391
19.46 -0.000287341
19.47 -0.00027188
19.48 -0.000254345
19.49 -0.000235181
19.5 -0.000214689
19.51 -0.00019301
19.52 -0.00017019
19.53 -0.000146231
19.54 -0.00012119
19.55 -9.51717e-05
19.56 -6.82457e-05
19.57 -4.04544e-05
19.58 -1.18838e-05
19.59 1.74106e-05
19.6 4.75749e-05
19.61 7.87439e-05
19.62 0.000110772
19.63 0.000143325
19.64 0.000175896
19.65 0.000207731
19.66 0.000238022
19.67 0.00026608
19.68 0.000291275
19.69 0.000313031
19.7 0.000330963
19.71 0.000344899
19.72 0.000354746
19.73 0.000360456
19.74 0.000362241
19.75 0.000360595
19.76 0.00035595
19.77 0.00034843
19.78 0.000338073
19.79 0.000325203
19.8 0.000310349
19.81 0.000294096
19.82 0.000277113
19.83 0.00025998
19.84 0.000242956
19.85 0.000226079
19.86 0.000209438
19.87 0.000192976
19.88 0.000176292
19.89 0.000159108
19.9 0.000141665
19.91 0.00012443
19.92 0.000107684
19.93 9.14596e-05
19.94 7.57485e-05
19.95 6.06091e-05
19.96 4.60887e-05
19.97 3.22551e-05
19.98 1.93335e-05
19.99 7.73008e-06
20 -2.12632e-06
20.01 -9.93072e-06
20.02 -1.55524e-05
20.03 -1.90403e-05
20.04 -2.05671e-05
20.05 -2.04062e-05
20.06 -1.89281e-05
20.07 -1.65047e-05
20.08 -1.3323e-05
20.09 -9.33755e-06
20.1 -4.49456e-06
20.11 1.01611e-06
20.12 6.68778e-06
20.13 1.19276e-05
20.14 1.63785e-05
20.15 1.99103e-05
20.16 2.24939e-05
20.17 2.4143e-05
20.18 2.48029e-05
20.19 2.43464e-05
20.2 2.26281e-05
20.21 1.94393e-05
20.22 1.45246e-05
20.23 7.7052e-06
20.24 -9.93455e-07
20.25 -1.13304e-05
20.26 -2.2952e-05
20.27 -3.55099e-05
20.28 -4.87982e-05
20.29 -6.26831e-05
20.3 -7.69597e-05
20.31 -9.13977e-05
20.32 -0.00010569
20.33 -0.000119401
20.34 -0.000132032
20.35 -0.000142988
20.36 -0.000151736
20.37 -0.000158147
20.38 -0.000162459
20.39 -0.000164893
20.4 -0.000165613
20.41 -0.00016496
20.42 -0.000163355
20.43 -0.000161157
20.44 -0.000158748
20.45 -0.000156552
20.46 -0.000155016
20.47 -0.000154702
20.48 -0.000156209
20.49 -0.000159867
20.5 -0.000165759
20.51 -0.000173984
20.52 -0.000184534
20.53 -0.000197079
20.54 -0.000211169
20.55 -0.000226485
20.56 -0.000242811
20.57 -0.000259899
20.58 -0.000277444
20.59 -0.000295275
20.6 -0.00031329
20.61 -0.000331162
20.62 -0.000348449
20.63 -0.000364889
20.64 -0.000380449
20.65 -0.00039518
20.66 -0.000409144
20.67 -0.000422554
20.68 -0.000435823
20.69 -0.000449328
20.7 -0.000463229
20.71 -0.000477518
20.72 -0.000492074
20.73 -0.00050664
20.74 -0.000520865
20.75 -0.000534347
20.76 -0.000546687
20.77 -0.00055759
20.78 -0.000566786
20.79 -0.000573886
20.8 -0.000578581
20.81 -0.000580861
20.82 -0.000580752
20.83 -0.000578044
20.84 -0.000572432
20.85 -0.000563751
20.86 -0.000552044
20.87 -0.00053749
20.88 -0.000520187
20.89 -0.000500024
20.9 -0.000476888
20.91 -0.000450762
20.92 -0.000421695
20.93 -0.000389873
20.94 -0.000355565
20.95 -0.000319024
20.96 -0.000280525
20.97 -0.000240341
20.98 -0.000198698
20.99 -0.00015576
21 -0.000111616
21.01 -6.63734e-05
21.02 -2.01137e-05
21.03 2.7188e-05
21.04 7.54123e-05
21.05 0.000124142
21.06 0.000173032
21.07 0.000221954
21.08 0.000270733
21.09 0.000319081
21.1 0.000366643
21.11 0.00041315
21.12 0.000458679
21.13 0.000503505
21.14 0.000547715
21.15 0.00059115
21.16 0.00063357
21.17 0.000674784
21.18 0.000714723
21.19 0.000753451
21.2 0.000791163
21.21 0.000828131
21.22 0.000864589
21.23 0.00090056
21.24 0.000935645
21.25 0.000969017
21.26 0.000999694
21.27 0.00102673
21.28 0.00104935
21.29 0.00106712
21.3 0.00108007
21.31 0.00108849
21.32 0.00109273
21.33 0.00109286
21.34 0.0010887
21.35 0.00107988
21.36 0.00106594
21.37 0.0010468
21.38 0.001023
21.39 0.000995286
21.4 0.000964151
21.41 0.000930068
21.42 0.00089363
21.43 0.000855207
21.44 0.000814666
21.45 0.000771648
21.46 0.000725847
21.47 0.000677041
21.48 0.000625176
21.49 0.000570465
21.5 0.000513301
21.51 0.000454077
21.52 0.000393068
21.53 0.000330447
21.54 0.0002664
21.55 0.000201166
21.56 0.000135005
21.57 6.82464e-05
21.58 1.39325e-06
21.59 -6.48698e-05
21.6 -0.000129818
21.61 -0.000192828
21.62 -0.000253492
21.63 -0.000311525
21.64 -0.000366602
21.65 -0.000418556
21.66 -0.000467484
21.67 -0.000513597
21.68 -0.00055726
21.69 -0.000598956
21.7 -0.000638988
21.71 -0.000677311
21.72 -0.00071357
21.73 -0.000747307
21.74 -0.000778499
21.75 -0.000807997
21.76 -0.000837331
21.77 -0.000867858
21.78 -0.000899793
21.79 -0.000931821
21.8 -0.000961506
21.81 -0.000986164
21.82 -0.00100377
21.83 -0.00101367
21.84 -0.00101674
21.85 -0.00101484
21.86 -0.00100996
21.87 -0.00100356
21.88 -0.00099628
21.89 -0.000987726
21.9 -0.000976823
21.91 -0.000962542
21.92 -0.000944422
21.93 -0.000922691
21.94 -0.000898109
21.95 -0.000871648
21.96 -0.000844124
21.97 -0.00081601
21.98 -0.000787355
21.99 -0.00075772
22 -0.000726375
22.01 -0.000692727
22.02 -0.000656715
22.03 -0.000618934
22.04 -0.000580251
22.05 -0.000541417
22.06 -0.000502973
22.07 -0.00046507
22.08 -0.000427412
22.09 -0.000389593
22.1 -0.000351355
22.11 -0.000312627
22.12 -0.000273498
22.13 -0.000234219
22.14 -0.000195138
22.15 -0.000156565
22.16 -0.000118611
22.17 -8.10587e-05
22.18 -4.35534e-05
22.19 -5.91137e-06
22.2 3.1879e-05
22.21 6.97532e-05
22.22 0.000107541
22.23 0.000144946
22.24 0.000181569
22.25 0.00021711
22.26 0.000251673
22.27 0.000285681
22.28 0.000319432
22.29 0.000353067
22.3 0.00038688
22.31 0.000421327
22.32 0.000456734
22.33 0.000493179
22.34 0.000530575
22.35 0.000568781
22.36 0.00060781
22.37 0.000647722
22.38 0.000688163
22.39 0.000728349
22.4 0.00076744
22.41 0.000804609
22.42 0.000839027
22.43 0.000870178
22.44 0.000897959
22.45 0.000922417
22.46 0.000943559
22.47 0.000961283
22.48 0.000975472
22.49 0.000986049
22.5 0.000992839
22.51 0.000995537
22.52 0.000993861
22.53 0.00098776
22.54 0.000977511
22.55 0.000963518
22.56 0.000946158
22.57 0.000925726
22.58 0.00090234
22.59 0.000875985
22.6 0.00084672
22.61 0.000814732
22.62 0.000780251
22.63 0.000743485
22.64 0.000704549
22.65 0.00066348
22.66 0.000620402
22.67 0.000575433
22.68 0.000528498
22.69 0.000479551
22.7 0.000428686
22.71 0.000375971
22.72 0.000321561
22.73 0.000265832
22.74 0.000209156
22.75 0.000151812
22.76 9.40432e-05
22.77 3.58528e-05
22.78 -2.28201e-05
22.79 -8.1524e-05
22.8 -0.000139384
22.81 -0.000195541
22.82 -0.000249228
22.83 -0.000299835
22.84 -0.000347022
22.85 -0.000390679
22.86 -0.000430972
22.87 -0.000468264
22.88 -0.000502901
22.89 -0.000535213
22.9 -0.000565448
22.91 -0.000593642
22.92 -0.000619803
22.93 -0.000644262
22.94 -0.000667879
22.95 -0.000691867
22.96 -0.000717316
22.97 -0.000744676
22.98 -0.000773407
22.99 -0.000802055
23 -0.00082876
23.01 -0.000851909
23.02 -0.000870742
23.03 -0.000885413
23.04 -0.000896501
23.05 -0.000904706
23.06 -0.000910677
23.07 -0.000914629
23.08 -0.000916102
23.09 -0.000914173
23.1 -0.000907961
23.11 -0.000897098
23.12 -0.000881909
23.13 -0.000863222
23.14 -0.000841983
23.15 -0.000819009
23.16 -0.000794802
23.17 -0.00076931
23.18 -0.000742035
23.19 -0.000712427
23.2 -0.000680158
23.21 -0.00064529
23.22 -0.000608261
23.23 -0.000569703
23.24 -0.000530272
23.25 -0.000490425
23.26 -0.000450298
23.27 -0.000409839
23.28 -0.000368915
23.29 -0.000327433
23.3 -0.000285554
23.31 -0.000243741
23.32 -0.000202533
23.33 -0.000162323
23.34 -0.000123315
23.35 -8.55787e-05
23.36 -4.89891e-05
23.37 -1.31684e-05
23.38 2.21897e-05
23.39 5.69901e-05
23.4 9.09564e-05
23.41 0.000123906
23.42 0.000155655
23.43 0.000186028
23.44 0.000215144
23.45 0.000243425
23.46 0.000271293
23.47 0.000299083
23.48 0.000327036
23.49 0.000355361
23.5 0.000384276
23.51 0.000413816
23.52 0.000443865
23.53 0.000474505
23.54 0.000506024
23.55 0.000538586
23.56 0.000571954
23.57 0.000605516
23.58 0.000638523
23.59 0.000670272
23.6 0.000700117
23.61 0.000727478
23.62 0.000751982
23.63 0.000773573
23.64 0.000792409
23.65 0.000808499
23.66 0.000821521
23.67 0.000831209
23.68 0.000837521
23.69 0.000840328
23.7 0.000839402
23.71 0.000834767
23.72 0.000826638
23.73 0.000815205
23.74 0.000800653
23.75 0.000783054
23.76 0.000762389
23.77 0.000738759
23.78 0.000712323
23.79 0.000683189
23.8 0.000651582
23.81 0.000617837
23.82 0.000582132
23.83 0.000544464
23.84 0.000504889
23.85 0.000463639
23.86 0.000421163
23.87 0.000378065
23.88 0.000334752
23.89 0.000291307
23.9 0.000247826
23.91 0.000204518
23.92 0.000161599
23.93 0.000119353
23.94 7.81425e-05
23.95 3.82861e-05
23.96 -2.1062e-08
23.97 -3.67259e-05
23.98 -7.17712e-05
23.99 -0.000104938
24 -0.000136008
24.01 -0.000165046
24.02 -0.000192322
24.03 -0.000218027
24.04 -0.000242231
24.05 -0.000265088
24.06 -0.00028697
24.07 -0.000308275
24.08 -0.000329236
24.09 -0.000349941
24.1 -0.000370397
24.11 -0.000390604
24.12 -0.000410672
24.13 -0.000430863
24.14 -0.000451315
24.15 -0.000471771
24.16 -0.00049168
24.17 -0.00051033
24.18 -0.000526899
24.19 -0.000540712
24.2 -0.000551431
24.21 -0.000559025
24.22 -0.000563653
24.23 -0.00056548
24.24 -0.00056455
24.25 -0.000560769
24.26 -0.000553876
24.27 -0.000543527
24.28 -0.000529577
24.29 -0.000512206
24.3 -0.000491823
24.31 -0.000468965
24.32 -0.000444177
24.33 -0.000417948
24.34 -0.00039067
24.35 -0.000362532
24.36 -0.000333507
24.37 -0.000303534
24.38 -0.000272634
24.39 -0.000241033
24.4 -0.000209189
24.41 -0.000177502
24.42 -0.000146268
24.43 -0.000115835
24.44 -8.64069e-05
24.45 -5.79368e-05
24.46 -3.04107e-05
24.47 -4.00971e-06
24.48 2.09523e-05
24.49 4.41813e-05
24.5 6.55838e-05
24.51 8.52343e-05
24.52 0.000103264
24.53 0.000119883
24.54 0.000135415
24.55 0.000150257
24.56 0.00016476
24.57 0.000179177
24.58 0.000193767
24.59 0.000208721
24.6 0.000224009
24.61 0.000239521
24.62 0.000255303
24.63 0.000271534
24.64 0.00028832
24.65 0.000305498
24.66 0.00032268
24.67 0.000339569
24.68 0.000356037
24.69 0.000371831
24.7 0.000386578
24.71 0.000400042
24.72 0.000411973
24.73 0.000421977
24.74 0.000429741
24.75 0.000435095
24.76 0.000437751
24.77 0.000437271
24.78 0.00043344
24.79 0.000426388
24.8 0.00041634
24.81 0.000403516
24.82 0.000388228
24.83 0.00037075
24.84 0.000351013
24.85 0.000328821
24.86 0.000304262
24.87 0.000277618
24.88 0.000249154
24.89 0.000219125
24.9 0.000187805
24.91 0.000155488
24.92 0.000122521
24.93 8.92914e-05
24.94 5.6111e-05
24.95 2.32015e-05
24.96 -9.15237e-06
24.97 -4.05242e-05
24.98 -7.04033e-05
24.99 -9.83317e-05
25 -0.000124147
25.01 -0.000147991
25.02 -0.000170016
25.03 -0.000190247
25.04 -0.000208714
25.05 -0.000225664
25.06 -0.000241431
25.07 -0.000256132
25.08 -0.000269736
25.09 -0.000282298
25.1 -0.000294024
25.11 -0.000305246
25.12 -0.000316249
25.13 -0.000327247
25.14 -0.000338491
25.15 -0.000350134
25.16 -0.000362091
25.17 -0.000374142
25.18 -0.000385998
25.19 -0.00039727
25.2 -0.000407555
25.21 -0.000416513
25.22 -0.000423795
25.23 -0.000429111
25.24 -0.000432443
25.25 -0.000433907
25.26 -0.000433444
25.27 -0.000430801
25.28 -0.000425817
25.29 -0.000418513
25.3 -0.000408873
25.31 -0.000396866
25.32 -0.000382634
25.33 -0.000366354
25.34 -0.000348048
25.35 -0.000327739
25.36 -0.000305657
25.37 -0.000282034
25.38 -0.000256926
25.39 -0.000230499
25.4 -0.000203308
25.41 -0.000176063
25.42 -0.000149211
25.43 -0.000122961
25.44 -9.7461e-05
25.45 -7.27799e-05
25.46 -4.88831e-05
25.47 -2.57275e-05
25.48 -3.37595e-06
25.49 1.80473e-05
25.5 3.84166e-05
25.51 5.74501e-05
25.52 7.48167e-05
25.53 9.0553e-05
25.54 0.000105022
25.55 0.000118488
25.56 0.000131051
25.57 0.000142792
25.58 0.000153805
25.59 0.000164251
25.6 0.000174322
25.61 0.000184107
25.62 0.000193639
25.63 0.000202969
25.64 0.000212206
25.65 0.000221492
25.66 0.000230888
25.67 0.000240295
25.68 0.000249485
25.69 0.000258193
25.7 0.000266207
25.71 0.000273437
25.72 0.000279956
25.73 0.000285935
25.74 0.000291493
25.75 0.000296656
25.76 0.000301368
25.77 0.000305463
25.78 0.000308653
25.79 0.000310608
25.8 0.000311068
25.81 0.000309921
25.82 0.000307133
25.83 0.000302646
25.84 0.000296395
25.85 0.00028828
25.86 0.000278108
25.87 0.000265686
25.88 0.000250927
25.89 0.000233885
25.9 0.000214714
25.91 0.000193559
25.92 0.000170541
25.93 0.000145824
25.94 0.00011974
25.95 9.27406e-05
25.96 6.519e-05
25.97 3.73666e-05
25.98 9.5877e-06
25.99 -1.78038e-05
26 -4.44905e-05
26.01 -7.02589e-05
26.02 -9.50316e-05
26.03 -0.000118772
26.04 -0.00014138
26.05 -0.000162695
26.06 -0.000182614
26.07 -0.000201163
26.08 -0.000218457
26.09 -0.000234612
26.1 -0.000249693
26.11 -0.00026371
26.12 -0.000276638
26.13 -0.000288415
26.14 -0.000298902
26.15 -0.00030789
26.16 -0.00031524
26.17 -0.000320945
26.18 -0.000325017
26.19 -0.000327453
26.2 -0.000328403
26.21 -0.0003282
26.22 -0.00032706
26.23 -0.000324922
26.24 -0.000321651
26.25 -0.000317186
26.26 -0.000311578
26.27 -0.000304989
26.28 -0.000297553
26.29 -0.000289319
26.3 -0.000280352
26.31 -0.000270765
26.32 -0.000260681
26.33 -0.000250182
26.34 -0.000239192
26.35 -0.00022757
26.36 -0.000215419
26.37 -0.000203055
26.38 -0.000190704
26.39 -0.000178363
26.4 -0.00016592
26.41 -0.000153301
26.42 -0.000140426
26.43 -0.000127234
26.44 -0.000113879
26.45 -0.000100643
26.46 -8.76829e-05
26.47 -7.50845e-05
26.48 -6.29233e-05
26.49 -5.11139e-05
26.5 -3.94126e-05
26.51 -2.76676e-05
26.52 -1.58453e-05
26.53 -3.85796e-06
26.54 8.45766e-06
26.55 2.13336e-05
26.56 3.50385e-05
26.57 4.97236e-05
26.58 6.53266e-05
26.59 8.17022e-05
26.6 9.88078e-05
26.61 0.000116681
26.62 0.000135296
26.63 0.000154506
26.64 0.000174094
26.65 0.000193851
26.66 0.000213652
26.67 0.000233504
26.68 0.000253438
26.69 0.000273326
26.7 0.000292805
26.71 0.00031153
26.72 0.000329437
26.73 0.00034655
26.74 0.000362678
26.75 0.000377474
26.76 0.000390726
26.77 0.000402467
26.78 0.000412856
26.79 0.00042208
26.8 0.000430204
26.81 0.000437095
26.82 0.000442545
26.83 0.000446339
26.84 0.000448289
26.85 0.000448365
26.86 0.000446692
26.87 0.000443458
26.88 0.000438841
26.89 0.000432996
26.9 0.000426084
26.91 0.000418195
26.92 0.000409277
26.93 0.000399279
26.94 0.000388301
26.95 0.000376581
26.96 0.000364369
26.97 0.000351765
26.98 0.000338667
26.99 0.000324903
27 0.000310394
27.01 0.000295192
27.02 0.000279386
27.03 0.000263016
27.04 0.000246125
27.05 0.000228823
27.06 0.000211271
27.07 0.000193608
27.08 0.000175895
27.09 0.000158124
27.1 0.000140213
27.11 0.000121943
27.12 0.000103081
27.13 8.36628e-05
27.14 6.3984e-05
27.15 4.4277e-05
27.16 2.45735e-05
27.17 4.87515e-06
27.18 -1.46972e-05
27.19 -3.40431e-05
27.2 -5.32696e-05
27.21 -7.26309e-05
27.22 -9.22876e-05
27.23 -0.000112199
27.24 -0.00013226
27.25 -0.000152404
27.26 -0.000172612
27.27 -0.000192869
27.28 -0.000213121
27.29 -0.000233397
27.3 -0.000253781
27.31 -0.00027418
27.32 -0.000294306
27.33 -0.000313798
27.34 -0.000332212
27.35 -0.00034917
27.36 -0.000364442
27.37 -0.000377783
27.38 -0.000388943
27.39 -0.000397685
27.4 -0.000403733
27.41 -0.000406863
27.42 -0.000406915
27.43 -0.000403656
27.44 -0.000396897
27.45 -0.00038678
27.46 -0.000373762
27.47 -0.000358245
27.48 -0.000340293
27.49 -0.000319806
27.5 -0.000296949
27.51 -0.000272259
27.52 -0.00024619
27.53 -0.0002188
27.54 -0.000190035
27.55 -0.00016005
27.56 -0.000129181
27.57 -9.78727e-05
27.58 -6.66185e-05
27.59 -3.57384e-05
27.6 -5.22256e-06
27.61 2.50248e-05
27.62 5.49005e-05
27.63 8.41444e-05
27.64 0.000112529
27.65 0.000139951
27.66 0.00016639
27.67 0.000191701
27.68 0.000215539
27.69 0.000237625
27.7 0.000257959
27.71 0.000276716
27.72 0.000294073
27.73 0.000310189
27.74 0.000325231
27.75 0.000339226
27.76 0.000352078
27.77 0.000363869
27.78 0.000374939
27.79 0.000385648
27.8 0.000396105
27.81 0.000406036
27.82 0.000414942
27.83 0.000422438
27.84 0.000428328
27.85 0.000432394
27.86 0.000434339
27.87 0.000433974
27.88 0.000431309
27.89 0.000426504
27.9 0.000419755
27.91 0.000411071
27.92 0.000400144
27.93 0.000386616
27.94 0.000370381
27.95 0.000351462
27.96 0.000329885
27.97 0.000305773
27.98 0.000279175
27.99 0.000250012
28 0.000218385
28.01 0.000184571
28.02 0.000148743
28.03 0.00011094
28.04 7.12239e-05
28.05 2.97815e-05
28.06 -1.30731e-05
28.07 -5.69973e-05
28.08 -0.000101733
28.09 -0.000147021
28.1 -0.000192496
28.11 -0.000237898
28.12 -0.000283142
28.13 -0.000328039
28.14 -0.000372303
28.15 -0.000415733
28.16 -0.000458144
28.17 -0.000499287
28.18 -0.000538903
28.19 -0.000576811
28.2 -0.000613033
28.21 -0.000647751
28.22 -0.000681094
28.23 -0.00071303
28.24 -0.000743484
28.25 -0.000772389
28.26 -0.000799589
28.27 -0.00082475
28.28 -0.000847375
28.29 -0.000867028
28.3 -0.000883492
28.31 -0.000896638
28.32 -0.000906361
28.33 -0.000912645
28.34 -0.000915446
28.35 -0.000914647
28.36 -0.000910181
28.37 -0.000902004
28.38 -0.000890063
28.39 -0.000874305
28.4 -0.000854707
28.41 -0.000831395
28.42 -0.000804512
28.43 -0.000774013
28.44 -0.000739872
28.45 -0.000702215
28.46 -0.000661174
28.47 -0.000617013
28.48 -0.000570226
28.49 -0.000521229
28.5 -0.000470258
28.51 -0.000417619
28.52 -0.000363738
28.53 -0.000308988
28.54 -0.000253676
28.55 -0.00019811
28.56 -0.000142577
28.57 -8.74231e-05
28.58 -3.31786e-05
28.59 1.95859e-05
28.6 7.05202e-05
28.61 0.000119452
28.62 0.000166235
28.63 0.000210776
28.64 0.000253016
28.65 0.000292881
28.66 0.000330354
28.67 0.000365569
28.68 0.000398844
28.69 0.000430569
28.7 0.00046095
28.71 0.000489873
28.72 0.000517134
28.73 0.000542749
28.74 0.000566985
28.75 0.000590302
28.76 0.000613313
28.77 0.000636574
28.78 0.000660333
28.79 0.00068433
28.8 0.000707671
28.81 0.000729069
28.82 0.000747348
28.83 0.000761836
28.84 0.000772504
28.85 0.000779854
28.86 0.000784704
28.87 0.000787807
28.88 0.000789345
28.89 0.000788812
28.9 0.00078548
28.91 0.000778878
28.92 0.000768881
28.93 0.000755608
28.94 0.000739374
28.95 0.000720765
28.96 0.000700526
28.97 0.000679148
28.98 0.000656666
28.99 0.000632918
29 0.000607709
29.01 0.000580801
29.02 0.000552007
29.03 0.00052129
29.04 0.000488812
29.05 0.000455008
29.06 0.000420394
29.07 0.000385173
29.08 0.000349192
29.09 0.000312236
29.1 0.000274268
29.11 0.000235416
29.12 0.000195798
29.13 0.000155508
29.14 0.000114866
29.15 7.44779e-05
29.16 3.4875e-05
29.17 -3.79301e-06
29.18 -4.1644e-05
29.19 -7.87575e-05
29.2 -0.000115042
29.21 -0.000150386
29.22 -0.000184743
29.23 -0.000217976
29.24 -0.000249846
29.25 -0.000280196
29.26 -0.000309057
29.27 -0.000336631
29.28 -0.000363213
29.29 -0.000389065
29.3 -0.000414271
29.31 -0.000438733
29.32 -0.000462305
29.33 -0.000484925
29.34 -0.000506626
29.35 -0.000527387
29.36 -0.000547012
29.37 -0.000565179
29.38 -0.000581542
29.39 -0.000595827
29.4 -0.000607999
29.41 -0.000618194
29.42 -0.000626362
29.43 -0.000632199
29.44 -0.000635516
29.45 -0.000636487
29.46 -0.000635383
29.47 -0.00063215
29.48 -0.000626508
29.49 -0.000618345
29.5 -0.000607771
29.51 -0.000594894
29.52 -0.000579817
29.53 -0.000562752
29.54 -0.000543887
29.55 -0.000523266
29.56 -0.000500848
29.57 -0.000476604
29.58 -0.000450652
29.59 -0.000423229
29.6 -0.000394446
29.61 -0.000364141
29.62 -0.000332149
29.63 -0.000298638
29.64 -0.000263958
29.65 -0.000228239
29.66 -0.000191447
29.67 -0.000153682
29.68 -0.000115203
29.69 -7.62844e-05
29.7 -3.71083e-05
29.71 2.27012e-06
29.72 4.17831e-05
29.73 8.1201e-05
29.74 0.000120226
29.75 0.000158649
29.76 0.000196363
29.77 0.000233298
29.78 0.000269324
29.79 0.000304258
29.8 0.000337997
29.81 0.0003705
29.82 0.000401723
29.83 0.000431685
29.84 0.000460442
29.85 0.000488004
29.86 0.000514359
29.87 0.000539455
29.88 0.000563096
29.89 0.000585051
29.9 0.000605289
29.91 0.000623888
29.92 0.000640754
29.93 0.000655582
29.94 0.000668011
29.95 0.000677758
29.96 0.000684703
29.97 0.000688987
29.98 0.000690942
29.99 0.000690739
30 0.000688289
30.01 0.000683502
30.02 0.000676443
30.03 0.000667278
30.04 0.000656141
30.05 0.000642974
30.06 0.000627639
30.07 0.000610219
30.08 0.000591006
30.09 0.000570269
30.1 0.000548137
30.11 0.000524599
30.12 0.000499539
30.13 0.000472895
30.14 0.000444922
30.15 0.000416045
30.16 0.000386459
30.17 0.000356144
30.18 0.000325123
30.19 0.000293547
30.2 0.000261624
30.21 0.000229467
30.22 0.000196976
30.23 0.000164025
30.24 0.000130797
30.25 9.77042e-05
30.26 6.50527e-05
30.27 3.29191e-05
30.28 1.25067e-06
30.29 -3.00302e-05
30.3 -6.09785e-05
30.31 -9.15151e-05
30.32 -0.000121416
30.33 -0.00015053
30.34 -0.000178854
30.35 -0.000206415
30.36 -0.000233211
30.37 -0.000259251
30.38 -0.000284591
30.39 -0.00030932
30.4 -0.000333524
30.41 -0.000357227
30.42 -0.000380381
30.43 -0.000402901
30.44 -0.000424704
30.45 -0.000445754
30.46 -0.000466111
30.47 -0.000485826
30.48 -0.000504776
30.49 -0.000522669
30.5 -0.000539102
30.51 -0.000553698
30.52 -0.00056625
30.53 -0.000576713
30.54 -0.000585065
30.55 -0.000591234
30.56 -0.000595188
30.57 -0.000596964
30.58 -0.000596576
30.59 -0.000593921
30.6 -0.000588792
30.61 -0.000581111
30.62 -0.000571152
30.63 -0.0005593
30.64 -0.000545582
30.65 -0.000529703
30.66 -0.000511575
30.67 -0.000491492
30.68 -0.000469907
30.69 -0.00044721
30.7 -0.000423535
30.71 -0.000398755
30.72 -0.000372811
30.73 -0.000345893
30.74 -0.000318313
30.75 -0.000290372
30.76 -0.000262301
30.77 -0.000234166
30.78 -0.000205971
30.79 -0.000177824
30.8 -0.000149818
30.81 -0.00012194
30.82 -9.42102e-05
30.83 -6.66864e-05
30.84 -3.94819e-05
30.85 -1.29223e-05
30.86 1.2573e-05
30.87 3.68103e-05
30.88 5.98287e-05
30.89 8.16097e-05
30.9 0.000102053
30.91 0.000121179
30.92 0.000139027
30.93 0.000155429
30.94 0.000170201
30.95 0.000183444
30.96 0.000195449
30.97 0.000206418
30.98 0.000216491
30.99 0.000225887
31 0.000234823
31.01 0.000243359
31.02 0.000251356
31.03 0.000258548
31.04 0.000264694
31.05 0.000269726
31.06 0.00027373
31.07 0.000276804
31.08 0.000279017
31.09 0.000280389
31.1 0.0002808
31.11 0.000280067
31.12 0.000278145
31.13 0.000275141
31.14 0.000271151
31.15 0.000266267
31.16 0.000260738
31.17 0.000254877
31.18 0.000248737
31.19 0.000242132
31.2 0.000234888
31.21 0.000226859
31.22 0.000217817
31.23 0.000207536
31.24 0.000195892
31.25 0.000182888
31.26 0.000168696
31.27 0.000153395
31.28 0.000136709
31.29 0.0001183
31.3 9.8081e-05
31.31 7.61006e-05
31.32 5.24675e-05
31.33 2.73766e-05
31.34 1.04866e-06
31.35 -2.63035e-05
31.36 -5.44706e-05
31.37 -8.32703e-05
31.38 -0.000112576
31.39 -0.000142298
31.4 -0.00017233
31.41 -0.00020249
31.42 -0.000232452
31.43 -0.000261745
31.44 -0.000289904
31.45 -0.000316572
31.46 -0.000341447
31.47 -0.000364329
31.48 -0.000385212
31.49 -0.000404089
31.5 -0.000420767
31.51 -0.000435053
31.52 -0.000447009
31.53 -0.000456874
31.54 -0.000464729
31.55 -0.000470359
31.56 -0.000473484
31.57 -0.000474039
31.58 -0.000472144
31.59 -0.000467925
31.6 -0.000461532
31.61 -0.000453129
31.62 -0.000442684
31.63 -0.000430003
31.64 -0.00041501
31.65 -0.000397784
31.66 -0.000378329
31.67 -0.000356549
31.68 -0.0003325
31.69 -0.000306482
31.7 -0.000278954
31.71 -0.000250369
31.72 -0.00022091
31.73 -0.000190513
31.74 -0.000159117
31.75 -0.000126726
31.76 -9.3413e-05
31.77 -5.94142e-05
31.78 -2.507e-05
31.79 9.3494e-06
31.8 4.36263e-05
31.81 7.7576e-05
31.82 0.000111141
31.83 0.000144397
31.84 0.000177409
31.85 0.000210038
31.86 0.000241954
31.87 0.000272917
31.88 0.000302815
31.89 0.000331423
31.9 0.000358532
31.91 0.000384244
31.92 0.00040886
31.93 0.000432612
31.94 0.000455602
31.95 0.000477865
31.96 0.00049937
31.97 0.00051998
31.98 0.000539526
31.99 0.000557849
32 0.000574709
32.01 0.00058979
32.02 0.000602785
32.03 0.000613503
32.04 0.000621862
32.05 0.000627746
32.06 0.000631008
32.07 0.000631632
32.08 0.000629794
32.09 0.000625679
32.1 0.000619299
32.11 0.000610567
32.12 0.0005995
32.13 0.000586298
32.14 0.000571195
32.15 0.000554274
32.16 0.000535529
32.17 0.000515035
32.18 0.000492979
32.19 0.000469571
32.2 0.000444971
32.21 0.000419267
32.22 0.000392512
32.23 0.00036478
32.24 0.000336182
32.25 0.000306854
32.26 0.000276931
32.27 0.000246548
32.28 0.000215851
32.29 0.000185057
32.3 0.000154481
32.31 0.000124404
32.32 9.49124e-05
32.33 6.59858e-05
32.34 3.76704e-05
32.35 1.00939e-05
32.36 -1.66098e-05
32.37 -4.23534e-05
32.38 -6.71306e-05
32.39 -9.10577e-05
32.4 -0.000114296
32.41 -0.000136888
32.42 -0.000158782
32.43 -0.00017999
32.44 -0.000200609
32.45 -0.000220777
32.46 -0.000240659
32.47 -0.000260309
32.48 -0.000279547
32.49 -0.000298191
32.5 -0.000316286
32.51 -0.000333947
32.52 -0.000351144
32.53 -0.000367638
32.54 -0.000383064
32.55 -0.000397148
32.56 -0.000409793
32.57 -0.000420934
32.58 -0.00043042
32.59 -0.000438062
32.6 -0.000443714
32.61 -0.000447328
32.62 -0.000448955
32.63 -0.000448692
32.64 -0.000446526
32.65 -0.000442394
32.66 -0.000436378
32.67 -0.000428657
32.68 -0.000419435
32.69 -0.000408965
32.7 -0.000397426
32.71 -0.000384867
32.72 -0.000371307
32.73 -0.000356852
32.74 -0.00034165
32.75 -0.000325711
32.76 -0.000308944
32.77 -0.000291342
32.78 -0.000273031
32.79 -0.000254127
32.8 -0.000234677
32.81 -0.000214784
32.82 -0.000194617
32.83 -0.00017425
32.84 -0.000153635
32.85 -0.000132758
32.86 -0.000111769
32.87 -9.09945e-05
32.88 -7.07429e-05
32.89 -5.10893e-05
32.9 -3.19459e-05
32.91 -1.32714e-05
32.92 4.91903e-06
32.93 2.26223e-05
32.94 3.98061e-05
32.95 5.64718e-05
32.96 7.27123e-05
32.97 8.85292e-05
32.98 0.000103791
32.99 0.000118422
33 0.000132483
33.01 0.000146104
33.02 0.000159416
33.03 0.000172514
33.04 0.000185363
33.05 0.000197813
33.06 0.000209768
33.07 0.000221223
33.08 0.000232142
33.09 0.000242429
33.1 0.000252008
33.11 0.000260849
33.12 0.000268936
33.13 0.000276236
33.14 0.000282686
33.15 0.000288234
33.16 0.000292875
33.17 0.000296638
33.18 0.000299567
33.19 0.000301661
33.2 0.000302845
33.21 0.000303045
33.22 0.000302209
33.23 0.000300301
33.24 0.000297341
33.25 0.000293352
33.26 0.00028828
33.27 0.000282063
33.28 0.000274681
33.29 0.000266135
33.3 0.00025647
33.31 0.000245765
33.32 0.000234089
33.33 0.000221513
33.34 0.000208138
33.35 0.00019403
33.36 0.000179198
33.37 0.000163713
33.38 0.000147744
33.39 0.000131423
33.4 0.0001148
33.41 9.79407e-05
33.42 8.09936e-05
33.43 6.41584e-05
33.44 4.75592e-05
33.45 3.12086e-05
33.46 1.51201e-05
33.47 -6.18794e-07
33.48 -1.59403e-05
33.49 -3.08791e-05
33.5 -4.55006e-05
33.51 -5.9823e-05
33.52 -7.38232e-05
33.53 -8.74597e-05
33.54 -0.000100719
33.55 -0.000113661
33.56 -0.000126349
33.57 -0.000138757
33.58 -0.000150798
33.59 -0.000162392
33.6 -0.000173493
33.61 -0.000184089
33.62 -0.000194177
33.63 -0.00020372
33.64 -0.000212663
33.65 -0.000220979
33.66 -0.000228664
33.67 -0.000235708
33.68 -0.000242103
33.69 -0.000247829
33.7 -0.000252874
33.71 -0.00025726
33.72 -0.000261004
33.73 -0.00026411
33.74 -0.000266606
33.75 -0.000268499
33.76 -0.000269746
33.77 -0.0002703
33.78 -0.000270152
33.79 -0.000269313
33.8 -0.000267786
33.81 -0.000265554
33.82 -0.000262586
33.83 -0.000258829
33.84 -0.000254241
33.85 -0.00024882
33.86 -0.00024259
33.87 -0.000235576
33.88 -0.000227794
33.89 -0.000219273
33.9 -0.000210059
33.91 -0.000200185
33.92 -0.000189651
33.93 -0.000178456
33.94 -0.000166637
33.95 -0.000154257
33.96 -0.000141382
33.97 -0.000128062
33.98 -0.000114345
33.99 -0.000100278
34 -8.59042e-05
34.01 -7.12597e-05
34.02 -5.6389e-05
34.03 -4.13625e-05
34.04 -2.6266e-05
34.05 -1.11794e-05
34.06 3.82967e-06
34.07 1.86991e-05
34.08 3.33692e-05
34.09 4.77937e-05
34.1 6.19423e-05
34.11 7.5782e-05
34.12 8.92634e-05
34.13 0.000102325
34.14 0.000114906
34.15 0.000126954
34.16 0.00013843
34.17 0.000149307
34.18 0.000159564
34.19 0.000169182
34.2 0.000178147
34.21 0.000186441
34.22 0.000194046
34.23 0.000200942
34.24 0.00020711
34.25 0.000212538
34.26 0.00021722
34.27 0.000221156
34.28 0.000224352
34.29 0.000226809
34.3 0.000228527
34.31 0.000229498
34.32 0.000229714
34.33 0.000229174
34.34 0.000227887
34.35 0.000225866
34.36 0.000223132
34.37 0.000219706
34.38 0.00021561
34.39 0.000210861
34.4 0.000205476
34.41 0.000199474
34.42 0.000192878
34.43 0.000185709
34.44 0.00017799
34.45 0.000169747
34.46 0.000161014
34.47 0.000151822
34.48 0.000142205
34.49 0.000132192
34.5 0.000121815
34.51 0.000111107
34.52 0.000100103
34.53 8.88354e-05
34.54 7.73391e-05
34.55 6.56481e-05
34.56 5.3797e-05
34.57 4.18197e-05
34.58 2.97489e-05
34.59 1.76173e-05
34.6 5.45726e-06
34.61 -6.69744e-06
34.62 -1.88119e-05
34.63 -3.08502e-05
34.64 -4.27753e-05
34.65 -5.45507e-05
34.66 -6.61404e-05
34.67 -7.7509e-05
34.68 -8.86216e-05
34.69 -9.94438e-05
34.7 -0.00010994
34.71 -0.000120075
34.72 -0.000129811
34.73 -0.00013911
34.74 -0.000147934
34.75 -0.000156245
34.76 -0.000164006
34.77 -0.000171182
34.78 -0.00017774
34.79 -0.000183648
34.8 -0.000188878
34.81 -0.000193405
34.82 -0.000197207
34.83 -0.000200263
34.84 -0.00020256
34.85 -0.000204087
34.86 -0.000204838
34.87 -0.000204809
34.88 -0.000204001
34.89 -0.000202421
34.9 -0.000200076
34.91 -0.000196979
34.92 -0.000193147
34.93 -0.000188601
34.94 -0.000183364
34.95 -0.000177464
34.96 -0.000170933
34.97 -0.000163803
34.98 -0.000156115
34.99 -0.000147912
35 -0.000139232
35.01 -0.000130111
35.02 -0.000120586
35.03 -0.0001107
35.04 -0.000100497
35.05 -9.00213e-05
35.06 -7.93156e-05
35.07 -6.8422e-05
35.08 -5.73823e-05
35.09 -4.62376e-05
35.1 -3.50273e-05
35.11 -2.37893e-05
35.12 -1.25599e-05
35.13 -1.37469e-06
35.14 9.73117e-06
35.15 2.07235e-05
35.16 3.15698e-05
35.17 4.22403e-05
35.18 5.27076e-05
35.19 6.29461e-05
35.2 7.2931e-05
35.21 8.26379e-05
35.22 9.20424e-05
35.23 0.00010112
35.24 0.000109849
35.25 0.000118205
35.26 0.000126167
35.27 0.000133715
35.28 0.00014083
35.29 0.000147491
35.3 0.00015368
35.31 0.000159378
35.32 0.000164565
35.33 0.000169223
35.34 0.000173333
35.35 0.000176877
35.36 0.00017984
35.37 0.000182207
35.38 0.000183968
35.39 0.000185111
35.4 0.000185629
35.41 0.000185516
35.42 0.000184768
35.43 0.000183386
35.44 0.000181371
35.45 0.000178729
35.46 0.000175467
35.47 0.000171595
35.48 0.000167127
35.49 0.000162079
35.5 0.000156468
35.51 0.000150315
35.52 0.000143642
35.53 0.000136473
35.54 0.000128837
35.55 0.000120761
35.56 0.000112277
35.57 0.000103417
35.58 9.4215e-05
35.59 8.47049e-05
35.6 7.49225e-05
35.61 6.49037e-05
35.62 5.46852e-05
35.63 4.43042e-05
35.64 3.37982e-05
35.65 2.3205e-05
35.66 1.25625e-05
35.67 1.90858e-06
35.68 -8.7193e-06
35.69 -1.92839e-05
35.7 -2.97487e-05
35.71 -4.00774e-05
35.72 -5.02348e-05
35.73 -6.01861e-05
35.74 -6.98975e-05
35.75 -7.93361e-05
35.76 -8.847e-05
35.77 -9.72685e-05
35.78 -0.000105702
35.79 -0.000113742
35.8 -0.000121362
35.81 -0.000128537
35.82 -0.000135242
35.83 -0.000141455
35.84 -0.000147155
35.85 -0.000152325
35.86 -0.000156946
35.87 -0.000161005
35.88 -0.000164489
35.89 -0.000167388
35.9 -0.000169694
35.91 -0.000171401
35.92 -0.000172507
35.93 -0.000173009
35.94 -0.000172909
35.95 -0.00017221
35.96 -0.000170919
35.97 -0.000169044
35.98 -0.000166595
35.99 -0.000163584
36 -0.000160026
36.01 -0.000155936
36.02 -0.000151334
36.03 -0.000146239
36.04 -0.000140672
36.05 -0.000134656
36.06 -0.000128214
36.07 -0.000121373
36.08 -0.000114157
36.09 -0.000106593
36.1 -9.87095e-05
36.11 -9.05337e-05
36.12 -8.20941e-05
36.13 -7.34194e-05
36.14 -6.45386e-05
36.15 -5.54807e-05
36.16 -4.62749e-05
36.17 -3.69502e-05
36.18 -2.75355e-05
36.19 -1.80597e-05
36.2 -8.55151e-06
36.21 9.60785e-07
36.22 1.04489e-05
36.23 1.98847e-05
36.24 2.92403e-05
36.25 3.8488e-05
36.26 4.76e-05
36.27 5.65488e-05
36.28 6.53068e-05
36.29 7.38468e-05
36.3 8.21415e-05
36.31 9.01639e-05
36.32 9.78871e-05
36.33 0.000105285
36.34 0.000112331
36.35 0.000119
36.36 0.000125267
36.37 0.000131109
36.38 0.000136502
36.39 0.000141424
36.4 0.000145857
36.41 0.00014978
36.42 0.000153177
36.43 0.000156034
36.44 0.000158337
36.45 0.000160077
36.46 0.000161245
36.47 0.000161836
36.48 0.000161849
36.49 0.000161281
36.5 0.000160137
36.51 0.000158422
36.52 0.000156143
36.53 0.00015331
36.54 0.000149937
36.55 0.000146039
36.56 0.000141633
36.57 0.000136737
36.58 0.000131375
36.59 0.000125567
36.6 0.00011934
36.61 0.00011272
36.62 0.000105732
36.63 9.84074e-05
36.64 9.07739e-05
36.65 8.2862e-05
36.66 7.47024e-05
36.67 6.63261e-05
36.68 5.77645e-05
36.69 4.90489e-05
36.7 4.02109e-05
36.71 3.12816e-05
36.72 2.22918e-05
36.73 1.32724e-05
36.74 4.2532e-06
36.75 -4.73604e-06
36.76 -1.36664e-05
36.77 -2.25094e-05
36.78 -3.12374e-05
36.79 -3.98236e-05
36.8 -4.82415e-05
36.81 -5.64657e-05
36.82 -6.44715e-05
36.83 -7.2235e-05
36.84 -7.97328e-05
36.85 -8.69427e-05
36.86 -9.3843e-05
36.87 -0.000100413
36.88 -0.000106633
36.89 -0.000112483
36.9 -0.000117947
36.91 -0.000123006
36.92 -0.000127644
36.93 -0.000131847
36.94 -0.000135601
36.95 -0.000138893
36.96 -0.000141713
36.97 -0.00014405
36.98 -0.000145897
36.99 -0.000147247
37 -0.000148095
37.01 -0.000148438
37.02 -0.000148276
37.03 -0.000147609
37.04 -0.000146438
37.05 -0.00014477
37.06 -0.000142609
37.07 -0.000139964
37.08 -0.000136846
37.09 -0.000133264
37.1 -0.000129233
37.11 -0.000124768
37.12 -0.000119885
37.13 -0.000114602
37.14 -0.000108938
37.15 -0.000102913
37.16 -9.65504e-05
37.17 -8.98718e-05
37.18 -8.29013e-05
37.19 -7.56634e-05
37.2 -6.81837e-05
37.21 -6.04882e-05
37.22 -5.26037e-05
37.23 -4.45573e-05
37.24 -3.63767e-05
37.25 -2.80899e-05
37.26 -1.9725e-05
37.27 -1.13104e-05
37.28 -2.87461e-06
37.29 5.55396e-06
37.3 1.39468e-05
37.31 2.22757e-05
37.32 3.05125e-05
37.33 3.86293e-05
37.34 4.65985e-05
37.35 5.4393e-05
37.36 6.19863e-05
37.37 6.93521e-05
37.38 7.64652e-05
37.39 8.33009e-05
37.4 8.98354e-05
37.41 9.60459e-05
37.42 0.000101911
37.43 0.000107409
37.44 0.000112522
37.45 0.000117232
37.46 0.000121522
37.47 0.000125377
37.48 0.000128785
37.49 0.000131734
37.5 0.000134214
37.51 0.000136218
37.52 0.00013774
37.53 0.000138776
37.54 0.000139325
37.55 0.000139386
37.56 0.000138961
37.57 0.000138055
37.58 0.000136673
37.59 0.000134823
37.6 0.000132514
37.61 0.000129757
37.62 0.000126565
37.63 0.000122951
37.64 0.000118932
37.65 0.000114524
37.66 0.000109744
37.67 0.000104612
37.68 9.91481e-05
37.69 9.33723e-05
37.7 8.73065e-05
37.71 8.09729e-05
37.72 7.43941e-05
37.73 6.75933e-05
37.74 6.05942e-05
37.75 5.34205e-05
37.76 4.60963e-05
37.77 3.86458e-05
37.78 3.10934e-05
37.79 2.34633e-05
37.8 1.57799e-05
37.81 8.06745e-06
37.82 3.50172e-07
37.83 -7.34784e-06
37.84 -1.50026e-05
37.85 -2.25904e-05
37.86 -3.00876e-05
37.87 -3.74707e-05
37.88 -4.47166e-05
37.89 -5.18024e-05
37.9 -5.87056e-05
37.91 -6.54038e-05
37.92 -7.18753e-05
37.93 -7.80987e-05
37.94 -8.40531e-05
37.95 -8.97184e-05
37.96 -9.5075e-05
37.97 -0.000100104
37.98 -0.000104788
37.99 -0.00010911
38 -0.000113054
38.01 -0.000116605
38.02 -0.000119751
38.03 -0.000122479
38.04 -0.000124779
38.05 -0.000126643
38.06 -0.000128063
38.07 -0.000129034
38.08 -0.000129552
38.09 -0.000129617
38.1 -0.000129227
38.11 -0.000128384
38.12 -0.000127093
38.13 -0.00012536
38.14 -0.000123191
38.15 -0.000120595
38.16 -0.000117583
38.17 -0.000114168
38.18 -0.000110364
38.19 -0.000106185
38.2 -0.000101648
38.21 -9.67712e-05
38.22 -9.15733e-05
38.23 -8.60745e-05
38.24 -8.02956e-05
38.25 -7.42585e-05
38.26 -6.79855e-05
38.27 -6.14998e-05
38.28 -5.48251e-05
38.29 -4.79855e-05
38.3 -4.10053e-05
38.31 -3.39092e-05
38.32 -2.6722e-05
38.33 -1.94686e-05
38.34 -1.21738e-05
38.35 -4.86255e-06
38.36 2.44063e-06
38.37 9.71125e-06
38.38 1.69252e-05
38.39 2.40585e-05
38.4 3.10878e-05
38.41 3.79901e-05
38.42 4.47429e-05
38.43 5.13243e-05
38.44 5.77128e-05
38.45 6.38878e-05
38.46 6.98294e-05
38.47 7.55183e-05
38.48 8.09363e-05
38.49 8.60658e-05
38.5 9.08902e-05
38.51 9.53942e-05
38.52 9.95631e-05
38.53 0.000103384
38.54 0.000106844
38.55 0.000109932
38.56 0.000112639
38.57 0.000114957
38.58 0.000116877
38.59 0.000118396
38.6 0.000119507
38.61 0.000120209
38.62 0.0001205
38.63 0.000120381
38.64 0.000119851
38.65 0.000118916
38.66 0.000117579
38.67 0.000115845
38.68 0.000113722
38.69 0.000111219
38.7 0.000108344
38.71 0.00010511
38.72 0.000101528
38.73 9.76109e-05
38.74 9.33738e-05
38.75 8.88316e-05
38.76 8.40005e-05
38.77 7.88978e-05
38.78 7.35411e-05
38.79 6.79492e-05
38.8 6.21414e-05
38.81 5.61376e-05
38.82 4.99581e-05
38.83 4.3624e-05
38.84 3.71567e-05
38.85 3.05777e-05
38.86 2.39093e-05
38.87 1.71736e-05
38.88 1.03933e-05
38.89 3.59091e-06
38.9 -3.21079e-06
38.91 -9.98903e-06
38.92 -1.67211e-05
38.93 -2.33843e-05
38.94 -2.99562e-05
38.95 -3.64144e-05
38.96 -4.2737e-05
38.97 -4.89024e-05
38.98 -5.48894e-05
38.99 -6.06773e-05
39 -6.62461e-05
39.01 -7.15764e-05
39.02 -7.66495e-05
39.03 -8.14477e-05
39.04 -8.59543e-05
39.05 -9.01534e-05
39.06 -9.40304e-05
39.07 -9.75719e-05
39.08 -0.000100766
39.09 -0.0001036
39.1 -0.000106067
39.11 -0.000108158
39.12 -0.000109866
39.13 -0.000111185
39.14 -0.000112114
39.15 -0.000112648
39.16 -0.000112789
39.17 -0.000112537
39.18 -0.000111894
39.19 -0.000110865
39.2 -0.000109455
39.21 -0.000107671
39.22 -0.00010552
39.23 -0.000103014
39.24 -0.000100161
39.25 -9.6974e-05
39.26 -9.3466e-05
39.27 -8.96505e-05
39.28 -8.55426e-05
39.29 -8.11577e-05
39.3 -7.65124e-05
39.31 -7.16237e-05
39.32 -6.65095e-05
39.33 -6.11881e-05
39.34 -5.56781e-05
39.35 -4.9999e-05
39.36 -4.41702e-05
39.37 -3.82117e-05
39.38 -3.21435e-05
39.39 -2.59859e-05
39.4 -1.97594e-05
39.41 -1.34845e-05
39.42 -7.18162e-06
39.43 -8.71428e-07
39.44 5.42564e-06
39.45 1.16892e-05
39.46 1.7899e-05
39.47 2.4035e-05
39.48 3.00773e-05
39.49 3.60064e-05
39.5 4.1803e-05
39.51 4.74482e-05
39.52 5.29235e-05
39.53 5.82109e-05
39.54 6.32931e-05
39.55 6.81529e-05
39.56 7.27743e-05
39.57 7.71416e-05
39.58 8.12402e-05
39.59 8.5056e-05
39.6 8.85761e-05
39.61 9.17885e-05
39.62 9.4682e-05
39.63 9.72468e-05
39.64 9.9474e-05
39.65 0.000101356
39.66 0.000102887
39.67 0.000104061
39.68 0.000104875
39.69 0.000105326
39.7 0.000105414
39.71 0.000105137
39.72 0.000104499
39.73 0.000103502
39.74 0.00010215
39.75 0.000100449
39.76 9.84062e-05
39.77 9.60288e-05
39.78 9.33264e-05
39.79 9.03095e-05
39.8 8.69896e-05
39.81 8.33791e-05
39.82 7.94916e-05
39.83 7.53416e-05
39.84 7.09442e-05
39.85 6.63155e-05
39.86 6.14723e-05
39.87 5.64321e-05
39.88 5.12128e-05
39.89 4.58329e-05
39.9 4.03115e-05
39.91 3.46678e-05
39.92 2.89217e-05
39.93 2.3093e-05
39.94 1.72019e-05
39.95 1.12686e-05
39.96 5.31352e-06
39.97 -6.43107e-07
39.98 -6.58096e-06
39.99 -1.24799e-05
40 -1.83199e-05
40.01 -2.40814e-05
40.02 -2.97448e-05
40.03 -3.52911e-05
40.04 -4.07017e-05
40.05 -4.59585e-05
40.06 -5.10438e-05
40.07 -5.59407e-05
40.08 -6.06329e-05
40.09 -6.51048e-05
40.1 -6.93416e-05
40.11 -7.33294e-05
40.12 -7.70551e-05
40.13 -8.05065e-05
40.14 -8.36726e-05
40.15 -8.65432e-05
40.16 -8.91092e-05
40.17 -9.13628e-05
40.18 -9.32971e-05
40.19 -9.49063e-05
40.2 -9.61861e-05
40.21 -9.7133e-05
40.22 -9.77449e-05
40.23 -9.80209e-05
40.24 -9.79611e-05
40.25 -9.75669e-05
40.26 -9.68408e-05
40.27 -9.57866e-05
40.28 -9.44089e-05
40.29 -9.27137e-05
40.3 -9.07077e-05
40.31 -8.83988e-05
40.32 -8.5796e-05
40.33 -8.2909e-05
40.34 -7.97485e-05
40.35 -7.63259e-05
40.36 -7.26537e-05
40.37 -6.87447e-05
40.38 -6.46129e-05
40.39 -6.02725e-05
40.4 -5.57387e-05
40.41 -5.10269e-05
40.42 -4.61533e-05
40.43 -4.11344e-05
40.44 -3.59873e-05
40.45 -3.07291e-05
40.46 -2.53777e-05
40.47 -1.99509e-05
40.48 -1.4467e-05
40.49 -8.94428e-06
40.5 -3.40125e-06
40.51 2.14349e-06
40.52 7.67135e-06
40.53 1.31637e-05
40.54 1.86021e-05
40.55 2.39681e-05
40.56 2.92435e-05
40.57 3.44104e-05
40.58 3.94511e-05
40.59 4.43485e-05
40.6 4.90856e-05
40.61 5.36463e-05
40.62 5.80148e-05
40.63 6.2176e-05
40.64 6.61156e-05
40.65 6.98199e-05
40.66 7.32762e-05
40.67 7.64727e-05
40.68 7.93983e-05
40.69 8.20433e-05
40.7 8.43987e-05
40.71 8.64568e-05
40.72 8.82109e-05
40.73 8.96555e-05
40.74 9.07862e-05
40.75 9.16e-05
40.76 9.20949e-05
40.77 9.22701e-05
40.78 9.21261e-05
40.79 9.16645e-05
40.8 9.08881e-05
40.81 8.98008e-05
40.82 8.84077e-05
40.83 8.67149e-05
40.84 8.47294e-05
40.85 8.24595e-05
40.86 7.99143e-05
40.87 7.71036e-05
40.88 7.40384e-05
40.89 7.07302e-05
40.9 6.71915e-05
40.91 6.34353e-05
40.92 5.94754e-05
40.93 5.53259e-05
40.94 5.10018e-05
40.95 4.65183e-05
40.96 4.18911e-05
40.97 3.71364e-05
40.98 3.22704e-05
40.99 2.73099e-05
41 2.22718e-05
41.01 1.7173e-05
41.02 1.20308e-05
41.03 6.86241e-06
41.04 1.68504e-06
41.05 -3.48406e-06
41.06 -8.62772e-06
41.07 -1.37289e-05
41.08 -1.87707e-05
41.09 -2.37365e-05
41.1 -2.86098e-05
41.11 -3.33747e-05
41.12 -3.80152e-05
41.13 -4.25161e-05
41.14 -4.68625e-05
41.15 -5.104e-05
41.16 -5.50348e-05
41.17 -5.88337e-05
41.18 -6.2424e-05
41.19 -6.57939e-05
41.2 -6.89322e-05
41.21 -7.18285e-05
41.22 -7.44734e-05
41.23 -7.68581e-05
41.24 -7.89749e-05
41.25 -8.08169e-05
41.26 -8.23781e-05
41.27 -8.36539e-05
41.28 -8.46401e-05
41.29 -8.5334e-05
41.3 -8.57336e-05
41.31 -8.58383e-05
41.32 -8.56482e-05
41.33 -8.51647e-05
41.34 -8.43899e-05
41.35 -8.33273e-05
41.36 -8.19811e-05
41.37 -8.03567e-05
41.38 -7.84602e-05
41.39 -7.6299e-05
41.4 -7.3881e-05
41.41 -7.12152e-05
41.42 -6.83114e-05
41.43 -6.51801e-05
41.44 -6.18326e-05
41.45 -5.8281e-05
41.46 -5.45378e-05
41.47 -5.06165e-05
41.48 -4.65308e-05
41.49 -4.22951e-05
41.5 -3.79243e-05
41.51 -3.34335e-05
41.52 -2.88386e-05
41.53 -2.41553e-05
41.54 -1.93999e-05
41.55 -1.45889e-05
41.56 -9.73884e-06
41.57 -4.86641e-06
41.58 1.1649e-08
41.59 4.87858e-06
41.6 9.7177e-06
41.61 1.45124e-05
41.62 1.92464e-05
41.63 2.39035e-05
41.64 2.84677e-05
41.65 3.29236e-05
41.66 3.7256e-05
41.67 4.14502e-05
41.68 4.54921e-05
41.69 4.9368e-05
41.7 5.3065e-05
41.71 5.65706e-05
41.72 5.98733e-05
41.73 6.29621e-05
41.74 6.5827e-05
41.75 6.84586e-05
41.76 7.08486e-05
41.77 7.29893e-05
41.78 7.48743e-05
41.79 7.64977e-05
41.8 7.78549e-05
41.81 7.8942e-05
41.82 7.97562e-05
41.83 8.02958e-05
41.84 8.05597e-05
41.85 8.05482e-05
41.86 8.02621e-05
41.87 7.97035e-05
41.88 7.88753e-05
41.89 7.77813e-05
41.9 7.64261e-05
41.91 7.48153e-05
41.92 7.29552e-05
41.93 7.0853e-05
41.94 6.85166e-05
41.95 6.59546e-05
41.96 6.31763e-05
41.97 6.01919e-05
41.98 5.70118e-05
41.99 5.36474e-05
42 5.01104e-05
42.01 4.64131e-05
42.02 4.25683e-05
42.03 3.85891e-05
42.04 3.44891e-05
42.05 3.02823e-05
42.06 2.5983e-05
42.07 2.16057e-05
42.08 1.71651e-05
42.09 1.26762e-05
42.1 8.15418e-06
42.11 3.61424e-06
42.12 -9.28358e-07
42.13 -5.45831e-06
42.14 -9.96035e-06
42.15 -1.44193e-05
42.16 -1.88201e-05
42.17 -2.31479e-05
42.18 -2.7388e-05
42.19 -3.15261e-05
42.2 -3.5548e-05
42.21 -3.94402e-05
42.22 -4.31893e-05
42.23 -4.67827e-05
42.24 -5.0208e-05
42.25 -5.34537e-05
42.26 -5.65088e-05
42.27 -5.93629e-05
42.28 -6.20063e-05
42.29 -6.44303e-05
42.3 -6.66266e-05
42.31 -6.85882e-05
42.32 -7.03085e-05
42.33 -7.17821e-05
42.34 -7.30044e-05
42.35 -7.39716e-05
42.36 -7.46811e-05
42.37 -7.51309e-05
42.38 -7.53202e-05
42.39 -7.52492e-05
42.4 -7.49186e-05
42.41 -7.43306e-05
42.42 -7.3488e-05
42.43 -7.23943e-05
42.44 -7.10544e-05
42.45 -6.94736e-05
42.46 -6.76581e-05
42.47 -6.56151e-05
42.48 -6.33523e-05
42.49 -6.08783e-05
42.5 -5.82023e-05
42.51 -5.53341e-05
42.52 -5.22843e-05
42.53 -4.90639e-05
42.54 -4.56844e-05
42.55 -4.2158e-05
42.56 -3.84969e-05
42.57 -3.47143e-05
42.58 -3.08232e-05
42.59 -2.68373e-05
42.6 -2.27702e-05
42.61 -1.86361e-05
42.62 -1.44492e-05
42.63 -1.02236e-05
42.64 -5.9739e-06
42.65 -1.71443e-06
42.66 2.54036e-06
42.67 6.77611e-06
42.68 1.09786e-05
42.69 1.51336e-05
42.7 1.92272e-05
42.71 2.32458e-05
42.72 2.71759e-05
42.73 3.10043e-05
42.74 3.47184e-05
42.75 3.83059e-05
42.76 4.17547e-05
42.77 4.50536e-05
42.78 4.81917e-05
42.79 5.11585e-05
42.8 5.39444e-05
42.81 5.65404e-05
42.82 5.8938e-05
42.83 6.11294e-05
42.84 6.31076e-05
42.85 6.48664e-05
42.86 6.64002e-05
42.87 6.77044e-05
42.88 6.87749e-05
42.89 6.96087e-05
42.9 7.02035e-05
42.91 7.05577e-05
42.92 7.06708e-05
42.93 7.05429e-05
42.94 7.0175e-05
42.95 6.9569e-05
42.96 6.87274e-05
42.97 6.76537e-05
42.98 6.63521e-05
42.99 6.48275e-05
43 6.30857e-05
43.01 6.11331e-05
43.02 5.89769e-05
43.03 5.66248e-05
43.04 5.40852e-05
43.05 5.13673e-05
43.06 4.84807e-05
43.07 4.54356e-05
43.08 4.22427e-05
43.09 3.89132e-05
43.1 3.54587e-05
43.11 3.18912e-05
43.12 2.82231e-05
43.13 2.44673e-05
43.14 2.06365e-05
43.15 1.67442e-05
43.16 1.28037e-05
43.17 8.8286e-06
43.18 4.83261e-06
43.19 8.29462e-07
43.2 -3.16708e-06
43.21 -7.1433e-06
43.22 -1.10856e-05
43.23 -1.49803e-05
43.24 -1.88143e-05
43.25 -2.25744e-05
43.26 -2.62478e-05
43.27 -2.98219e-05
43.28 -3.32847e-05
43.29 -3.66243e-05
43.3 -3.98296e-05
43.31 -4.28897e-05
43.32 -4.57944e-05
43.33 -4.8534e-05
43.34 -5.10994e-05
43.35 -5.34823e-05
43.36 -5.56749e-05
43.37 -5.76701e-05
43.38 -5.94617e-05
43.39 -6.10439e-05
43.4 -6.2412e-05
43.41 -6.35619e-05
43.42 -6.44903e-05
43.43 -6.51948e-05
43.44 -6.56736e-05
43.45 -6.59259e-05
43.46 -6.59515e-05
43.47 -6.57511e-05
43.48 -6.53261e-05
43.49 -6.46788e-05
43.5 -6.3812e-05
43.51 -6.27295e-05
43.52 -6.14357e-05
43.53 -5.99356e-05
43.54 -5.82351e-05
43.55 -5.63404e-05
43.56 -5.42587e-05
43.57 -5.19976e-05
43.58 -4.95651e-05
43.59 -4.69701e-05
43.6 -4.42218e-05
43.61 -4.13297e-05
43.62 -3.83041e-05
43.63 -3.51555e-05
43.64 -3.18948e-05
43.65 -2.85331e-05
43.66 -2.50822e-05
43.67 -2.15537e-05
43.68 -1.79597e-05
43.69 -1.43124e-05
43.7 -1.06242e-05
43.71 -6.90769e-06
43.72 -3.17538e-06
43.73 5.6009e-07
43.74 4.28609e-06
43.75 7.99002e-06
43.76 1.16594e-05
43.77 1.52818e-05
43.78 1.8845e-05
43.79 2.2337e-05
43.8 2.5746e-05
43.81 2.90605e-05
43.82 3.22693e-05
43.83 3.53616e-05
43.84 3.8327e-05
43.85 4.11555e-05
43.86 4.38377e-05
43.87 4.63645e-05
43.88 4.87275e-05
43.89 5.0919e-05
43.9 5.29315e-05
43.91 5.47585e-05
43.92 5.63941e-05
43.93 5.7833e-05
43.94 5.90706e-05
43.95 6.0103e-05
43.96 6.09272e-05
43.97 6.15408e-05
43.98 6.19421e-05
43.99 6.21302e-05
44 6.21051e-05
44.01 6.18673e-05
44.02 6.14183e-05
44.03 6.076e-05
44.04 5.98954e-05
44.05 5.8828e-05
44.06 5.7562e-05
44.07 5.61023e-05
44.08 5.44545e-05
44.09 5.26248e-05
44.1 5.062e-05
44.11 4.84475e-05
44.12 4.61152e-05
44.13 4.36315e-05
44.14 4.10055e-05
44.15 3.82464e-05
44.16 3.53642e-05
44.17 3.2369e-05
44.18 2.92714e-05
44.19 2.60822e-05
44.2 2.28126e-05
44.21 1.9474e-05
44.22 1.60779e-05
44.23 1.26361e-05
44.24 9.16048e-06
44.25 5.6629e-06
44.26 2.15537e-06
44.27 -1.35013e-06
44.28 -4.84166e-06
44.29 -8.30735e-06
44.3 -1.17355e-05
44.31 -1.51145e-05
44.32 -1.84329e-05
44.33 -2.16796e-05
44.34 -2.48438e-05
44.35 -2.79148e-05
44.36 -3.08824e-05
44.37 -3.37368e-05
44.38 -3.64686e-05
44.39 -3.90686e-05
44.4 -4.15284e-05
44.41 -4.384e-05
44.42 -4.59959e-05
44.43 -4.7989e-05
44.44 -4.9813e-05
44.45 -5.14622e-05
44.46 -5.29313e-05
44.47 -5.42158e-05
44.48 -5.53117e-05
44.49 -5.62159e-05
44.5 -5.69257e-05
44.51 -5.74391e-05
44.52 -5.7755e-05
44.53 -5.78727e-05
44.54 -5.77924e-05
44.55 -5.75147e-05
44.56 -5.70412e-05
44.57 -5.63738e-05
44.58 -5.55153e-05
44.59 -5.44692e-05
44.6 -5.32393e-05
44.61 -5.18303e-05
44.62 -5.02474e-05
44.63 -4.84963e-05
44.64 -4.65833e-05
44.65 -4.45154e-05
44.66 -4.22999e-05
44.67 -3.99446e-05
44.68 -3.74578e-05
44.69 -3.48482e-05
44.7 -3.21251e-05
44.71 -2.92978e-05
44.72 -2.63762e-05
44.73 -2.33704e-05
44.74 -2.0291e-05
44.75 -1.71484e-05
44.76 -1.39536e-05
44.77 -1.07175e-05
44.78 -7.45145e-06
44.79 -4.16651e-06
44.8 -8.74031e-07
44.81 2.41468e-06
44.82 5.68836e-06
44.83 8.93576e-06
44.84 1.21458e-05
44.85 1.53075e-05
44.86 1.841e-05
44.87 2.14428e-05
44.88 2.43956e-05
44.89 2.72584e-05
44.9 3.00214e-05
44.91 3.26754e-05
44.92 3.52114e-05
44.93 3.76209e-05
44.94 3.9896e-05
44.95 4.2029e-05
44.96 4.4013e-05
44.97 4.58415e-05
44.98 4.75085e-05
44.99 4.90088e-05
45 5.03376e-05
45.01 5.14909e-05
45.02 5.2465e-05
45.03 5.32573e-05
45.04 5.38655e-05
45.05 5.4288e-05
45.06 5.4524e-05
45.07 5.45732e-05
45.08 5.44361e-05
45.09 5.41135e-05
45.1 5.36073e-05
45.11 5.29198e-05
45.12 5.20538e-05
45.13 5.10128e-05
45.14 4.98009e-05
45.15 4.84228e-05
45.16 4.68837e-05
45.17 4.51892e-05
45.18 4.33457e-05
45.19 4.13598e-05
45.2 3.92386e-05
45.21 3.69897e-05
45.22 3.46211e-05
45.23 3.21411e-05
45.24 2.95585e-05
45.25 2.68822e-05
45.26 2.41215e-05
45.27 2.1286e-05
45.28 1.83855e-05
45.29 1.54298e-05
45.3 1.24292e-05
45.31 9.3939e-06
45.32 6.3342e-06
45.33 3.26054e-06
45.34 1.8335e-07
45.35 -2.88694e-06
45.36 -5.93993e-06
45.37 -8.96532e-06
45.38 -1.19529e-05
45.39 -1.48926e-05
45.4 -1.77745e-05
45.41 -2.05889e-05
45.42 -2.33264e-05
45.43 -2.59777e-05
45.44 -2.85341e-05
45.45 -3.0987e-05
45.46 -3.33282e-05
45.47 -3.55499e-05
45.48 -3.76447e-05
45.49 -3.96058e-05
45.5 -4.14266e-05
45.51 -4.31012e-05
45.52 -4.46241e-05
45.53 -4.59905e-05
45.54 -4.71959e-05
45.55 -4.82366e-05
45.56 -4.91093e-05
45.57 -4.98113e-05
45.58 -5.03407e-05
45.59 -5.0696e-05
45.6 -5.08763e-05
45.61 -5.08814e-05
45.62 -5.07118e-05
45.63 -5.03683e-05
45.64 -4.98526e-05
45.65 -4.91668e-05
45.66 -4.83138e-05
45.67 -4.72967e-05
45.68 -4.61197e-05
45.69 -4.4787e-05
45.7 -4.33036e-05
45.71 -4.1675e-05
45.72 -3.99071e-05
45.73 -3.80064e-05
45.74 -3.59797e-05
45.75 -3.38342e-05
45.76 -3.15777e-05
45.77 -2.92182e-05
45.78 -2.67639e-05
45.79 -2.42235e-05
45.8 -2.16061e-05
45.81 -1.89206e-05
45.82 -1.61765e-05
45.83 -1.33834e-05
45.84 -1.05509e-05
45.85 -7.68884e-06
45.86 -4.80707e-06
45.87 -1.91551e-06
45.88 9.75912e-07
45.89 3.8573e-06
45.9 6.71882e-06
45.91 9.55074e-06
45.92 1.23434e-05
45.93 1.50875e-05
45.94 1.77736e-05
45.95 2.03927e-05
45.96 2.2936e-05
45.97 2.53951e-05
45.98 2.77617e-05
45.99 3.00281e-05
46 3.21866e-05
46.01 3.42303e-05
46.02 3.61524e-05
46.03 3.79467e-05
46.04 3.96074e-05
46.05 4.11292e-05
46.06 4.25073e-05
46.07 4.37373e-05
46.08 4.48154e-05
46.09 4.57384e-05
46.1 4.65035e-05
46.11 4.71086e-05
46.12 4.75519e-05
46.13 4.78325e-05
46.14 4.79497e-05
46.15 4.79036e-05
46.16 4.76947e-05
46.17 4.73242e-05
46.18 4.67938e-05
46.19 4.61057e-05
46.2 4.52625e-05
46.21 4.42675e-05
46.22 4.31246e-05
46.23 4.18378e-05
46.24 4.04119e-05
46.25 3.8852e-05
46.26 3.71639e-05
46.27 3.53534e-05
46.28 3.34271e-05
46.29 3.13917e-05
46.3 2.92543e-05
46.31 2.70225e-05
46.32 2.4704e-05
46.33 2.2307e-05
46.34 1.98396e-05
46.35 1.73105e-05
46.36 1.47285e-05
46.37 1.21023e-05
46.38 9.44108e-06
46.39 6.75397e-06
46.4 4.0502e-06
46.41 1.33903e-06
46.42 -1.37025e-06
46.43 -4.06836e-06
46.44 -6.74609e-06
46.45 -9.39431e-06
46.46 -1.2004e-05
46.47 -1.45663e-05
46.48 -1.70724e-05
46.49 -1.95139e-05
46.5 -2.18826e-05
46.51 -2.41703e-05
46.52 -2.63696e-05
46.53 -2.84728e-05
46.54 -3.04731e-05
46.55 -3.23638e-05
46.56 -3.41385e-05
46.57 -3.57915e-05
46.58 -3.73174e-05
46.59 -3.87111e-05
46.6 -3.99683e-05
46.61 -4.10849e-05
46.62 -4.20574e-05
46.63 -4.28829e-05
46.64 -4.35589e-05
46.65 -4.40834e-05
46.66 -4.44552e-05
46.67 -4.46732e-05
46.68 -4.47372e-05
46.69 -4.46474e-05
46.7 -4.44044e-05
46.71 -4.40097e-05
46.72 -4.34649e-05
46.73 -4.27724e-05
46.74 -4.19349e-05
46.75 -4.09557e-05
46.76 -3.98386e-05
46.77 -3.85877e-05
46.78 -3.72077e-05
46.79 -3.57037e-05
46.8 -3.40812e-05
46.81 -3.2346e-05
46.82 -3.05043e-05
46.83 -2.85627e-05
46.84 -2.6528e-05
46.85 -2.44076e-05
46.86 -2.22086e-05
46.87 -1.99389e-05
46.88 -1.76064e-05
46.89 -1.52191e-05
46.9 -1.27853e-05
46.91 -1.03133e-05
46.92 -7.8117e-06
46.93 -5.28899e-06
46.94 -2.75381e-06
46.95 -2.14804e-07
46.96 2.3194e-06
46.97 4.84021e-06
46.98 7.33907e-06
46.99 9.80756e-06
47 1.22373e-05
47.01 1.46202e-05
47.02 1.69483e-05
47.03 1.92136e-05
47.04 2.14086e-05
47.05 2.35261e-05
47.06 2.55589e-05
47.07 2.75003e-05
47.08 2.93439e-05
47.09 3.10835e-05
47.1 3.27136e-05
47.11 3.42287e-05
47.12 3.56239e-05
47.13 3.68946e-05
47.14 3.8037e-05
47.15 3.90471e-05
47.16 3.99221e-05
47.17 4.0659e-05
47.18 4.12557e-05
47.19 4.17105e-05
47.2 4.20221e-05
47.21 4.21897e-05
47.22 4.22131e-05
47.23 4.20926e-05
47.24 4.18289e-05
47.25 4.14231e-05
47.26 4.08771e-05
47.27 4.0193e-05
47.28 3.93734e-05
47.29 3.84215e-05
47.3 3.73409e-05
47.31 3.61355e-05
47.32 3.48098e-05
47.33 3.33685e-05
47.34 3.1817e-05
47.35 3.01607e-05
47.36 2.84057e-05
47.37 2.6558e-05
47.38 2.46244e-05
47.39 2.26116e-05
47.4 2.05267e-05
47.41 1.8377e-05
47.42 1.617e-05
47.43 1.39135e-05
47.44 1.16153e-05
47.45 9.28329e-06
47.46 6.92564e-06
47.47 4.55046e-06
47.48 2.16594e-06
47.49 -2.19733e-07
47.5 -2.59839e-06
47.51 -4.96188e-06
47.52 -7.30216e-06
47.53 -9.61127e-06
47.54 -1.18814e-05
47.55 -1.41048e-05
47.56 -1.6274e-05
47.57 -1.83817e-05
47.58 -2.04209e-05
47.59 -2.23848e-05
47.6 -2.42667e-05
47.61 -2.60606e-05
47.62 -2.77604e-05
47.63 -2.93606e-05
47.64 -3.0856e-05
47.65 -3.22417e-05
47.66 -3.35134e-05
47.67 -3.46669e-05
47.68 -3.56985e-05
47.69 -3.66052e-05
47.7 -3.73842e-05
47.71 -3.80331e-05
47.72 -3.855e-05
47.73 -3.89335e-05
47.74 -3.91827e-05
47.75 -3.92971e-05
47.76 -3.92766e-05
47.77 -3.91217e-05
47.78 -3.88332e-05
47.79 -3.84124e-05
47.8 -3.78611e-05
47.81 -3.71816e-05
47.82 -3.63764e-05
47.83 -3.54486e-05
47.84 -3.44017e-05
47.85 -3.32395e-05
47.86 -3.19662e-05
47.87 -3.05864e-05
47.88 -2.91051e-05
47.89 -2.75275e-05
47.9 -2.58592e-05
47.91 -2.41061e-05
47.92 -2.22744e-05
47.93 -2.03704e-05
47.94 -1.84008e-05
47.95 -1.63724e-05
47.96 -1.42923e-05
47.97 -1.21676e-05
47.98 -1.00057e-05
47.99 -7.81396e-06
48 -5.60002e-06
48.01 -3.37144e-06
48.02 -1.13584e-06
48.03 1.09913e-06
48.04 3.32583e-06
48.05 5.53668e-06
48.06 7.72413e-06
48.07 9.88076e-06
48.08 1.19992e-05
48.09 1.40724e-05
48.1 1.60932e-05
48.11 1.80549e-05
48.12 1.99508e-05
48.13 2.17746e-05
48.14 2.35202e-05
48.15 2.51817e-05
48.16 2.67537e-05
48.17 2.82308e-05
48.18 2.96083e-05
48.19 3.08816e-05
48.2 3.20467e-05
48.21 3.30997e-05
48.22 3.40373e-05
48.23 3.48565e-05
48.24 3.55548e-05
48.25 3.61302e-05
48.26 3.65809e-05
48.27 3.69056e-05
48.28 3.71037e-05
48.29 3.71748e-05
48.3 3.71188e-05
48.31 3.69364e-05
48.32 3.66285e-05
48.33 3.61965e-05
48.34 3.56422e-05
48.35 3.49678e-05
48.36 3.4176e-05
48.37 3.32698e-05
48.38 3.22525e-05
48.39 3.1128e-05
48.4 2.99004e-05
48.41 2.85742e-05
48.42 2.71542e-05
48.43 2.56454e-05
48.44 2.40532e-05
48.45 2.23834e-05
48.46 2.06418e-05
48.47 1.88345e-05
48.48 1.69679e-05
48.49 1.50484e-05
48.5 1.30828e-05
48.51 1.10779e-05
48.52 9.04053e-06
48.53 6.9778e-06
48.54 4.89677e-06
48.55 2.80456e-06
48.56 7.0833e-07
48.57 -1.38478e-06
48.58 -3.46765e-06
48.59 -5.53322e-06
48.6 -7.5745e-06
48.61 -9.5846e-06
48.62 -1.15567e-05
48.63 -1.34843e-05
48.64 -1.53608e-05
48.65 -1.718e-05
48.66 -1.89359e-05
48.67 -2.06225e-05
48.68 -2.22343e-05
48.69 -2.37659e-05
48.7 -2.52124e-05
48.71 -2.6569e-05
48.72 -2.78313e-05
48.73 -2.89951e-05
48.74 -3.00567e-05
48.75 -3.10127e-05
48.76 -3.18602e-05
48.77 -3.25964e-05
48.78 -3.3219e-05
48.79 -3.37263e-05
48.8 -3.41167e-05
48.81 -3.43891e-05
48.82 -3.45429e-05
48.83 -3.45778e-05
48.84 -3.44941e-05
48.85 -3.42921e-05
48.86 -3.39729e-05
48.87 -3.35378e-05
48.88 -3.29886e-05
48.89 -3.23275e-05
48.9 -3.15568e-05
48.91 -3.06795e-05
48.92 -2.96989e-05
48.93 -2.86185e-05
48.94 -2.74423e-05
48.95 -2.61744e-05
48.96 -2.48195e-05
48.97 -2.33824e-05
48.98 -2.18681e-05
48.99 -2.02821e-05
49 -1.86299e-05
49.01 -1.69173e-05
49.02 -1.51503e-05
49.03 -1.33352e-05
49.04 -1.14782e-05
49.05 -9.5858e-06
49.06 -7.66455e-06
49.07 -5.72111e-06
49.08 -3.76218e-06
49.09 -1.79452e-06
49.1 1.75106e-07
49.11 2.13995e-06
49.12 4.09327e-06
49.13 6.02842e-06
49.14 7.9388e-06
49.15 9.81791e-06
49.16 1.16594e-05
49.17 1.3457e-05
49.18 1.52048e-05
49.19 1.68967e-05
49.2 1.85272e-05
49.21 2.00909e-05
49.22 2.15824e-05
49.23 2.2997e-05
49.24 2.433e-05
49.25 2.55769e-05
49.26 2.67338e-05
49.27 2.77968e-05
49.28 2.87627e-05
49.29 2.96284e-05
49.3 3.03911e-05
49.31 3.10486e-05
49.32 3.15988e-05
49.33 3.20401e-05
49.34 3.23714e-05
49.35 3.25918e-05
49.36 3.27007e-05
49.37 3.26983e-05
49.38 3.25846e-05
49.39 3.23605e-05
49.4 3.20269e-05
49.41 3.15853e-05
49.42 3.10375e-05
49.43 3.03856e-05
49.44 2.96321e-05
49.45 2.87798e-05
49.46 2.78319e-05
49.47 2.67918e-05
49.48 2.56632e-05
49.49 2.44503e-05
49.5 2.31574e-05
49.51 2.17891e-05
49.52 2.03502e-05
49.53 1.88457e-05
49.54 1.72809e-05
49.55 1.56613e-05
49.56 1.39926e-05
49.57 1.22805e-05
49.58 1.05309e-05
49.59 8.7499e-06
49.6 6.94361e-06
49.61 5.11825e-06
49.62 3.28007e-06
49.63 1.43536e-06
49.64 -4.09565e-07
49.65 -2.24842e-06
49.66 -4.07494e-06
49.67 -5.88292e-06
49.68 -7.66623e-06
49.69 -9.41881e-06
49.7 -1.11348e-05
49.71 -1.28083e-05
49.72 -1.44337e-05
49.73 -1.60056e-05
49.74 -1.75188e-05
49.75 -1.8968e-05
49.76 -2.03486e-05
49.77 -2.1656e-05
49.78 -2.28857e-05
49.79 -2.40339e-05
49.8 -2.50966e-05
49.81 -2.60706e-05
49.82 -2.69525e-05
49.83 -2.77396e-05
49.84 -2.84295e-05
49.85 -2.90199e-05
49.86 -2.95092e-05
49.87 -2.98957e-05
49.88 -3.01785e-05
49.89 -3.03569e-05
49.9 -3.04304e-05
49.91 -3.03991e-05
49.92 -3.02633e-05
49.93 -3.00238e-05
49.94 -2.96816e-05
49.95 -2.92382e-05
49.96 -2.86954e-05
49.97 -2.80552e-05
49.98 -2.732e-05
49.99 -2.64927e-05
50 -2.55764e-05
50.01 -2.45743e-05
50.02 -2.34901e-05
50.03 -2.23278e-05
50.04 -2.10915e-05
50.05 -1.97856e-05
50.06 -1.84148e-05
50.07 -1.69839e-05
50.08 -1.5498e-05
50.09 -1.39623e-05
50.1 -1.23822e-05
50.11 -1.07631e-05
50.12 -9.11069e-06
50.13 -7.43071e-06
50.14 -5.72895e-06
50.15 -4.01127e-06
50.16 -2.28358e-06
50.17 -5.51784e-07
50.18 1.17819e-06
50.19 2.90045e-06
50.2 4.60914e-06
50.21 6.29846e-06
50.22 7.9627e-06
50.23 9.59624e-06
50.24 1.11936e-05
50.25 1.27494e-05
50.26 1.42584e-05
50.27 1.57156e-05
50.28 1.71162e-05
50.29 1.84555e-05
50.3 1.97291e-05
50.31 2.09328e-05
50.32 2.20627e-05
50.33 2.3115e-05
50.34 2.40864e-05
50.35 2.49738e-05
50.36 2.57743e-05
50.37 2.64854e-05
50.38 2.71048e-05
50.39 2.76307e-05
50.4 2.80615e-05
50.41 2.8396e-05
50.42 2.86332e-05
50.43 2.87725e-05
50.44 2.88137e-05
50.45 2.87569e-05
50.46 2.86025e-05
50.47 2.83512e-05
50.48 2.80041e-05
50.49 2.75627e-05
50.5 2.70286e-05
50.51 2.64039e-05
50.52 2.5691e-05
50.53 2.48924e-05
50.54 2.4011e-05
50.55 2.30502e-05
50.56 2.20132e-05
50.57 2.0904e-05
50.58 1.97263e-05
50.59 1.84844e-05
50.6 1.71827e-05
50.61 1.58258e-05
50.62 1.44183e-05
50.63 1.29654e-05
50.64 1.14719e-05
50.65 9.94315e-06
50.66 8.38444e-06
50.67 6.80115e-06
50.68 5.19877e-06
50.69 3.58283e-06
50.7 1.95888e-06
50.71 3.32503e-07
50.72 -1.29072e-06
50.73 -2.90523e-06
50.74 -4.50553e-06
50.75 -6.08616e-06
50.76 -7.64176e-06
50.77 -9.16704e-06
50.78 -1.06569e-05
50.79 -1.21062e-05
50.8 -1.35102e-05
50.81 -1.48641e-05
50.82 -1.61634e-05
50.83 -1.74038e-05
50.84 -1.85812e-05
50.85 -1.96917e-05
50.86 -2.07317e-05
50.87 -2.16977e-05
50.88 -2.25867e-05
50.89 -2.33958e-05
50.9 -2.41224e-05
50.91 -2.47643e-05
50.92 -2.53194e-05
50.93 -2.57862e-05
50.94 -2.61631e-05
50.95 -2.64492e-05
50.96 -2.66437e-05
50.97 -2.67462e-05
50.98 -2.67565e-05
50.99 -2.66749e-05
51 -2.65019e-05
51.01 -2.62383e-05
51.02 -2.58853e-05
51.03 -2.54442e-05
51.04 -2.49168e-05
51.05 -2.43051e-05
51.06 -2.36114e-05
51.07 -2.28383e-05
51.08 -2.19887e-05
51.09 -2.10655e-05
51.1 -2.00722e-05
51.11 -1.90123e-05
51.12 -1.78895e-05
51.13 -1.67079e-05
51.14 -1.54715e-05
51.15 -1.41848e-05
51.16 -1.28523e-05
51.17 -1.14786e-05
51.18 -1.00684e-05
51.19 -8.62669e-06
51.2 -7.15842e-06
51.21 -5.66865e-06
51.22 -4.16251e-06
51.23 -2.64518e-06
51.24 -1.12184e-06
51.25 4.02295e-07
51.26 1.92203e-06
51.27 3.43218e-06
51.28 4.92762e-06
51.29 6.40329e-06
51.3 7.85418e-06
51.31 9.27539e-06
51.32 1.06621e-05
51.33 1.20098e-05
51.34 1.33138e-05
51.35 1.45697e-05
51.36 1.57735e-05
51.37 1.69211e-05
51.38 1.80087e-05
51.39 1.90326e-05
51.4 1.99897e-05
51.41 2.08766e-05
51.42 2.16906e-05
51.43 2.2429e-05
51.44 2.30894e-05
51.45 2.36699e-05
51.46 2.41684e-05
51.47 2.45837e-05
51.48 2.49143e-05
51.49 2.51594e-05
51.5 2.53183e-05
51.51 2.53908e-05
51.52 2.53766e-05
51.53 2.52762e-05
51.54 2.509e-05
51.55 2.4819e-05
51.56 2.44641e-05
51.57 2.40269e-05
51.58 2.3509e-05
51.59 2.29124e-05
51.6 2.22394e-05
51.61 2.14924e-05
51.62 2.06741e-05
51.63 1.97876e-05
51.64 1.88361e-05
51.65 1.78229e-05
51.66 1.67517e-05
51.67 1.56263e-05
51.68 1.44507e-05
51.69 1.3229e-05
51.7 1.19655e-05
51.71 1.06646e-05
51.72 9.33093e-06
51.73 7.96906e-06
51.74 6.58372e-06
51.75 5.17972e-06
51.76 3.76189e-06
51.77 2.33512e-06
51.78 9.04293e-07
51.79 -5.25685e-07
51.8 -1.94993e-06
51.81 -3.3636e-06
51.82 -4.76189e-06
51.83 -6.14005e-06
51.84 -7.49344e-06
51.85 -8.8175e-06
51.86 -1.01078e-05
51.87 -1.13599e-05
51.88 -1.25698e-05
51.89 -1.37333e-05
51.9 -1.48467e-05
51.91 -1.59062e-05
51.92 -1.69084e-05
51.93 -1.78499e-05
51.94 -1.87278e-05
51.95 -1.95391e-05
51.96 -2.02813e-05
51.97 -2.09519e-05
51.98 -2.1549e-05
51.99 -2.20705e-05
52 -2.25149e-05
52.01 -2.2881e-05
52.02 -2.31675e-05
52.03 -2.33737e-05
52.04 -2.34992e-05
52.05 -2.35436e-05
52.06 -2.35071e-05
52.07 -2.33898e-05
52.08 -2.31925e-05
52.09 -2.29159e-05
52.1 -2.25613e-05
52.11 -2.21299e-05
52.12 -2.16235e-05
52.13 -2.10439e-05
52.14 -2.03932e-05
52.15 -1.9674e-05
52.16 -1.88887e-05
52.17 -1.80402e-05
52.18 -1.71316e-05
52.19 -1.61661e-05
52.2 -1.5147e-05
52.21 -1.40781e-05
52.22 -1.2963e-05
52.23 -1.18058e-05
52.24 -1.06103e-05
52.25 -9.38093e-06
52.26 -8.12179e-06
52.27 -6.83731e-06
52.28 -5.53193e-06
52.29 -4.21018e-06
52.3 -2.87659e-06
52.31 -1.53577e-06
52.32 -1.92325e-07
52.33 1.14915e-06
52.34 2.48407e-06
52.35 3.80786e-06
52.36 5.11604e-06
52.37 6.40414e-06
52.38 7.66781e-06
52.39 8.90277e-06
52.4 1.01049e-05
52.41 1.127e-05
52.42 1.23944e-05
52.43 1.34742e-05
52.44 1.45058e-05
52.45 1.54858e-05
52.46 1.64109e-05
52.47 1.72782e-05
52.48 1.80849e-05
52.49 1.88281e-05
52.5 1.95057e-05
52.51 2.01155e-05
52.52 2.06554e-05
52.53 2.11239e-05
52.54 2.15194e-05
52.55 2.18409e-05
52.56 2.20875e-05
52.57 2.22584e-05
52.58 2.23533e-05
52.59 2.2372e-05
52.6 2.23146e-05
52.61 2.21817e-05
52.62 2.19737e-05
52.63 2.16916e-05
52.64 2.13366e-05
52.65 2.091e-05
52.66 2.04136e-05
52.67 1.9849e-05
52.68 1.92186e-05
52.69 1.85245e-05
52.7 1.77693e-05
52.71 1.69557e-05
52.72 1.60867e-05
52.73 1.51653e-05
52.74 1.41948e-05
52.75 1.31787e-05
52.76 1.21205e-05
52.77 1.1024e-05
52.78 9.89287e-06
52.79 8.73117e-06
52.8 7.54291e-06
52.81 6.33219e-06
52.82 5.1032e-06
52.83 3.86017e-06
52.84 2.60737e-06
52.85 1.34909e-06
52.86 8.96356e-08
52.87 -1.16669e-06
52.88 -2.41562e-06
52.89 -3.6529e-06
52.9 -4.87434e-06
52.91 -6.07581e-06
52.92 -7.25325e-06
52.93 -8.4027e-06
52.94 -9.52031e-06
52.95 -1.06023e-05
52.96 -1.16451e-05
52.97 -1.26452e-05
52.98 -1.35993e-05
52.99 -1.45043e-05
53 -1.53571e-05
53.01 -1.61549e-05
53.02 -1.68952e-05
53.03 -1.75756e-05
53.04 -1.81938e-05
53.05 -1.87479e-05
53.06 -1.92361e-05
53.07 -1.9657e-05
53.08 -2.00092e-05
53.09 -2.02916e-05
53.1 -2.05036e-05
53.11 -2.06444e-05
53.12 -2.07139e-05
53.13 -2.07118e-05
53.14 -2.06384e-05
53.15 -2.04942e-05
53.16 -2.02797e-05
53.17 -1.99958e-05
53.18 -1.96438e-05
53.19 -1.92249e-05
53.2 -1.87408e-05
53.21 -1.81932e-05
53.22 -1.75842e-05
53.23 -1.69161e-05
53.24 -1.61911e-05
53.25 -1.54121e-05
53.26 -1.45817e-05
53.27 -1.37029e-05
53.28 -1.27788e-05
53.29 -1.18128e-05
53.3 -1.08081e-05
53.31 -9.76847e-06
53.32 -8.69738e-06
53.33 -7.59863e-06
53.34 -6.47602e-06
53.35 -5.33348e-06
53.36 -4.17494e-06
53.37 -3.00441e-06
53.38 -1.82593e-06
53.39 -6.43538e-07
53.4 5.38706e-07
53.41 1.71676e-06
53.42 2.88661e-06
53.43 4.04427e-06
53.44 5.18582e-06
53.45 6.30739e-06
53.46 7.40519e-06
53.47 8.47554e-06
53.48 9.51484e-06
53.49 1.05196e-05
53.5 1.14865e-05
53.51 1.24123e-05
53.52 1.3294e-05
53.53 1.41286e-05
53.54 1.49134e-05
53.55 1.56459e-05
53.56 1.63237e-05
53.57 1.69445e-05
53.58 1.75065e-05
53.59 1.80078e-05
53.6 1.84469e-05
53.61 1.88224e-05
53.62 1.91332e-05
53.63 1.93784e-05
53.64 1.95573e-05
53.65 1.96695e-05
53.66 1.97147e-05
53.67 1.9693e-05
53.68 1.96046e-05
53.69 1.94499e-05
53.7 1.92296e-05
53.71 1.89446e-05
53.72 1.85962e-05
53.73 1.81855e-05
53.74 1.77142e-05
53.75 1.71839e-05
53.76 1.65967e-05
53.77 1.59547e-05
53.78 1.52602e-05
53.79 1.45156e-05
53.8 1.37237e-05
53.81 1.28873e-05
53.82 1.20092e-05
53.83 1.10927e-05
53.84 1.01409e-05
53.85 9.15708e-06
53.86 8.14479e-06
53.87 7.10749e-06
53.88 6.0488e-06
53.89 4.97237e-06
53.9 3.88193e-06
53.91 2.78123e-06
53.92 1.67406e-06
53.93 5.64221e-07
53.94 -5.44491e-07
53.95 -1.64828e-06
53.96 -2.74339e-06
53.97 -3.8261e-06
53.98 -4.89271e-06
53.99 -5.93963e-06
54 -6.9633e-06
54.01 -7.96029e-06
54.02 -8.92724e-06
54.03 -9.86091e-06
54.04 -1.07582e-05
54.05 -1.16161e-05
54.06 -1.24317e-05
54.07 -1.32024e-05
54.08 -1.39257e-05
54.09 -1.45991e-05
54.1 -1.52205e-05
54.11 -1.57879e-05
54.12 -1.62994e-05
54.13 -1.67535e-05
54.14 -1.71488e-05
54.15 -1.74839e-05
54.16 -1.7758e-05
54.17 -1.79702e-05
54.18 -1.81199e-05
54.19 -1.82069e-05
54.2 -1.82309e-05
54.21 -1.8192e-05
54.22 -1.80905e-05
54.23 -1.79269e-05
54.24 -1.7702e-05
54.25 -1.74166e-05
54.26 -1.70719e-05
54.27 -1.66692e-05
54.28 -1.62099e-05
54.29 -1.56959e-05
54.3 -1.51291e-05
54.31 -1.45114e-05
54.32 -1.38451e-05
54.33 -1.31326e-05
54.34 -1.23765e-05
54.35 -1.15795e-05
54.36 -1.07443e-05
54.37 -9.87392e-06
54.38 -8.97141e-06
54.39 -8.03993e-06
54.4 -7.08272e-06
54.41 -6.10312e-06
54.42 -5.10451e-06
54.43 -4.09036e-06
54.44 -3.06415e-06
54.45 -2.02943e-06
54.46 -9.89742e-07
54.47 5.13579e-08
54.48 1.09031e-06
54.49 2.12358e-06
54.5 3.14765e-06
54.51 4.15904e-06
54.52 5.15434e-06
54.53 6.13018e-06
54.54 7.08329e-06
54.55 8.01045e-06
54.56 8.90856e-06
54.57 9.77463e-06
54.58 1.06058e-05
54.59 1.13992e-05
54.6 1.21524e-05
54.61 1.28627e-05
54.62 1.35279e-05
54.63 1.41459e-05
54.64 1.47145e-05
54.65 1.5232e-05
54.66 1.56968e-05
54.67 1.61073e-05
54.68 1.64623e-05
54.69 1.67607e-05
54.7 1.70016e-05
54.71 1.71843e-05
54.72 1.73083e-05
54.73 1.73734e-05
54.74 1.73794e-05
54.75 1.73265e-05
54.76 1.72149e-05
54.77 1.70452e-05
54.78 1.68182e-05
54.79 1.65347e-05
54.8 1.61958e-05
54.81 1.58028e-05
54.82 1.53572e-05
54.83 1.48606e-05
54.84 1.43148e-05
54.85 1.37219e-05
54.86 1.30839e-05
54.87 1.24032e-05
54.88 1.16822e-05
54.89 1.09234e-05
54.9 1.01296e-05
54.91 9.30345e-06
54.92 8.44795e-06
54.93 7.56608e-06
54.94 6.6609e-06
54.95 5.73559e-06
54.96 4.79334e-06
54.97 3.83742e-06
54.98 2.87114e-06
54.99 1.89782e-06
