0.01 -1.31353e-07
0.02 -1.44951e-07
0.03 -1.87084e-07
0.04 -2.71507e-07
0.05 -3.97385e-07
0.06 -5.51221e-07
0.07 -7.20213e-07
0.08 -9.03355e-07
0.09 -1.11033e-06
0.1 -1.35124e-06
0.11 -1.62791e-06
0.12 -1.93381e-06
0.13 -2.26074e-06
0.14 -2.6056e-06
0.15 -2.97182e-06
0.16 -3.36586e-06
0.17 -3.79203e-06
0.18 -4.24868e-06
0.19 -4.72801e-06
0.2 -5.21963e-06
0.21 -5.71545e-06
0.22 -6.21249e-06
0.23 -6.71196e-06
0.24 -7.21586e-06
0.25 -7.72411e-06
0.26 -8.2349e-06
0.27 -8.74692e-06
0.28 -9.2607e-06
0.29 -9.7778e-06
0.3 -1.02984e-05
0.31 -1.0818e-05
0.32 -1.13258e-05
0.33 -1.18068e-05
0.34 -1.22492e-05
0.35 -1.26513e-05
0.36 -1.30198e-05
0.37 -1.33617e-05
0.38 -1.3675e-05
0.39 -1.39471e-05
0.4 -1.41622e-05
0.41 -1.43108e-05
0.42 -1.43946e-05
0.43 -1.44207e-05
0.44 -1.43897e-05
0.45 -1.42886e-05
0.46 -1.4096e-05
0.47 -1.37967e-05
0.48 -1.33966e-05
0.49 -1.29271e-05
0.5 -1.24305e-05
0.51 -1.1936e-05
0.52 -1.14492e-05
0.53 -1.09627e-05
0.54 -1.04702e-05
0.55 -9.97358e-06
0.56 -9.48005e-06
0.57 -8.99695e-06
0.58 -8.52524e-06
0.59 -8.05511e-06
0.6 -7.56912e-06
0.61 -7.05212e-06
0.62 -6.49824e-06
0.63 -5.91411e-06
0.64 -5.32426e-06
0.65 -4.77209e-06
0.66 -4.30426e-06
0.67 -3.94362e-06
0.68 -3.67066e-06
0.69 -3.4254e-06
0.7 -3.12427e-06
0.71 -2.68546e-06
0.72 -2.06365e-06
0.73 -1.2754e-06
0.74 -3.83006e-07
0.75 5.54264e-07
0.76 1.51006e-06
0.77 2.4777e-06
0.78 3.43805e-06
0.79 4.3373e-06
0.8 5.09443e-06
0.81 5.64635e-06
0.82 5.99638e-06
0.83 6.21541e-06
0.84 6.40252e-06
0.85 6.6506e-06
0.86 7.0255e-06
0.87 7.54836e-06
0.88 8.18828e-06
0.89 8.87033e-06
0.9 9.49502e-06
0.91 9.95791e-06
0.92 1.01632e-05
0.93 1.00552e-05
0.94 9.6786e-06
0.95 9.20989e-06
0.96 8.87969e-06
0.97 8.82175e-06
0.98 8.99318e-06
0.99 9.23568e-06
1 9.38972e-06
1.01 9.35267e-06
1.02 9.06558e-06
1.03 8.47788e-06
1.04 7.53995e-06
1.05 6.24754e-06
1.06 4.71194e-06
1.07 3.17789e-06
1.08 1.9307e-06
1.09 1.14098e-06
1.1 7.76851e-07
1.11 6.65783e-07
1.12 6.51305e-07
1.13 6.99146e-07
1.14 8.59937e-07
1.15 1.15181e-06
1.16 1.50999e-06
1.17 1.855e-06
1.18 2.1872e-06
1.19 2.60028e-06
1.2 3.20788e-06
1.21 4.06068e-06
1.22 5.11866e-06
1.23 6.26748e-06
1.24 7.33631e-06
1.25 8.13013e-06
1.26 8.50926e-06
1.27 8.46408e-06
1.28 8.09896e-06
1.29 7.54484e-06
1.3 6.90106e-06
1.31 6.2463e-06
1.32 5.65949e-06
1.33 5.19508e-06
1.34 4.84221e-06
1.35 4.53106e-06
1.36 4.1797e-06
1.37 3.71698e-06
1.38 3.06205e-06
1.39 2.095e-06
1.4 6.51602e-07
1.41 -1.41908e-06
1.42 -4.1197e-06
1.43 -7.17954e-06
1.44 -1.00795e-05
1.45 -1.22606e-05
1.46 -1.33824e-05
1.47 -1.34543e-05
1.48 -1.27689e-05
1.49 -1.17107e-05
1.5 -1.05916e-05
1.51 -9.59669e-06
1.52 -8.79721e-06
1.53 -8.15224e-06
1.54 -7.48657e-06
1.55 -6.49717e-06
1.56 -4.85645e-06
1.57 -2.39698e-06
1.58 7.77975e-07
1.59 4.38398e-06
1.6 8.14904e-06
1.61 1.19013e-05
1.62 1.55002e-05
1.63 1.8756e-05
1.64 2.14554e-05
1.65 2.3469e-05
1.66 2.48597e-05
1.67 2.59032e-05
1.68 2.69406e-05
1.69 2.81367e-05
1.7 2.93616e-05
1.71 3.03186e-05
1.72 3.07873e-05
1.73 3.07508e-05
1.74 3.03182e-05
1.75 2.95587e-05
1.76 2.84248e-05
1.77 2.68391e-05
1.78 2.48485e-05
1.79 2.26809e-05
1.8 2.0648e-05
1.81 1.90078e-05
1.82 1.78995e-05
1.83 1.73312e-05
1.84 1.7159e-05
1.85 1.71111e-05
1.86 1.69323e-05
1.87 1.65311e-05
1.88 1.59376e-05
1.89 1.5141e-05
1.9 1.40562e-05
1.91 1.26898e-05
1.92 1.12867e-05
1.93 1.02351e-05
1.94 9.78075e-06
1.95 9.82876e-06
1.96 1.00151e-05
1.97 9.94909e-06
1.98 9.40503e-06
1.99 8.35829e-06
2 6.92664e-06
2.01 5.31236e-06
2.02 3.74856e-06
2.03 2.42013e-06
2.04 1.39307e-06
2.05 6.04705e-07
2.06 -9.97089e-08
2.07 -9.31052e-07
2.08 -2.1186e-06
2.09 -3.84118e-06
2.1 -6.1384e-06
2.11 -8.86539e-06
2.12 -1.17667e-05
2.13 -1.4652e-05
2.14 -1.75178e-05
2.15 -2.04737e-05
2.16 -2.35216e-05
2.17 -2.64188e-05
2.18 -2.88028e-05
2.19 -3.04715e-05
2.2 -3.1521e-05
2.21 -3.22005e-05
2.22 -3.26605e-05
2.23 -3.28479e-05
2.24 -3.25976e-05
2.25 -3.17654e-05
2.26 -3.02914e-05
2.27 -2.82182e-05
2.28 -2.56934e-05
2.29 -2.2935e-05
2.3 -2.01448e-05
2.31 -1.74155e-05
2.32 -1.47104e-05
2.33 -1.19453e-05
2.34 -9.1025e-06
2.35 -6.27221e-06
2.36 -3.59318e-06
2.37 -1.15633e-06
2.38 1.05622e-06
2.39 3.17164e-06
2.4 5.37141e-06
2.41 7.80002e-06
2.42 1.0483e-05
2.43 1.33163e-05
2.44 1.61355e-05
2.45 1.87869e-05
2.46 2.11574e-05
2.47 2.31968e-05
2.48 2.49233e-05
2.49 2.63765e-05
2.5 2.75703e-05
2.51 2.85038e-05
2.52 2.92028e-05
2.53 2.97266e-05
2.54 3.01332e-05
2.55 3.04409e-05
2.56 3.06248e-05
2.57 3.06483e-05
2.58 3.0497e-05
2.59 3.01963e-05
2.6 2.98381e-05
2.61 2.96166e-05
2.62 2.98044e-05
2.63 3.06379e-05
2.64 3.21827e-05
2.65 3.42618e-05
2.66 3.65114e-05
2.67 3.85494e-05
2.68 4.01348e-05
2.69 4.11915e-05
2.7 4.17075e-05
2.71 4.16669e-05
2.72 4.11081e-05
2.73 4.01832e-05
2.74 3.90846e-05
2.75 3.79266e-05
2.76 3.67428e-05
2.77 3.55724e-05
2.78 3.4475e-05
2.79 3.34536e-05
2.8 3.24186e-05
2.81 3.1244e-05
2.82 2.9821e-05
2.83 2.80462e-05
2.84 2.58127e-05
2.85 2.30596e-05
2.86 1.98325e-05
2.87 1.62605e-05
2.88 1.24604e-05
2.89 8.49594e-06
2.9 4.43532e-06
2.91 3.7912e-07
2.92 -3.59859e-06
2.93 -7.49392e-06
2.94 -1.13521e-05
2.95 -1.52542e-05
2.96 -1.93169e-05
2.97 -2.36168e-05
2.98 -2.80548e-05
2.99 -3.23245e-05
3 -3.60842e-05
3.01 -3.91988e-05
3.02 -4.18095e-05
3.03 -4.41485e-05
3.04 -4.62622e-05
3.05 -4.79133e-05
3.06 -4.87888e-05
3.07 -4.88505e-05
3.08 -4.84984e-05
3.09 -4.83786e-05
3.1 -4.8994e-05
3.11 -5.04452e-05
3.12 -5.24987e-05
3.13 -5.48728e-05
3.14 -5.74362e-05
3.15 -6.01309e-05
3.16 -6.27745e-05
3.17 -6.50293e-05
3.18 -6.6593e-05
3.19 -6.74188e-05
3.2 -6.77736e-05
3.21 -6.8099e-05
3.22 -6.87866e-05
3.23 -7.00218e-05
3.24 -7.17475e-05
3.25 -7.36583e-05
3.26 -7.51946e-05
3.27 -7.56618e-05
3.28 -7.45303e-05
3.29 -7.17379e-05
3.3 -6.77522e-05
3.31 -6.33348e-05
3.32 -5.91518e-05
3.33 -5.5447e-05
3.34 -5.19654e-05
3.35 -4.81882e-05
3.36 -4.37151e-05
3.37 -3.85038e-05
3.38 -3.27871e-05
3.39 -2.68038e-05
3.4 -2.0645e-05
3.41 -1.43218e-05
3.42 -7.89379e-06
3.43 -1.49843e-06
3.44 4.73372e-06
3.45 1.07836e-05
3.46 1.67468e-05
3.47 2.26988e-05
3.48 2.8541e-05
3.49 3.40173e-05
3.5 3.89408e-05
3.51 4.34104e-05
3.52 4.77653e-05
3.53 5.23151e-05
3.54 5.7131e-05
3.55 6.20569e-05
3.56 6.68602e-05
3.57 7.14041e-05
3.58 7.57453e-05
3.59 8.00712e-05
3.6 8.45146e-05
3.61 8.90299e-05
3.62 9.34554e-05
3.63 9.76775e-05
3.64 0.000101722
3.65 0.000105706
3.66 0.000109705
3.67 0.000113636
3.68 0.000117227
3.69 0.000120106
3.7 0.000121968
3.71 0.000122707
3.72 0.000122423
3.73 0.000121329
3.74 0.000119626
3.75 0.00011745
3.76 0.000114883
3.77 0.000111976
3.78 0.000108685
3.79 0.000104843
3.8 0.000100258
3.81 9.48561e-05
3.82 8.87351e-05
3.83 8.20956e-05
3.84 7.51042e-05
3.85 6.78094e-05
3.86 6.01758e-05
3.87 5.21692e-05
3.88 4.3791e-05
3.89 3.50792e-05
3.9 2.61443e-05
3.91 1.72126e-05
3.92 8.57353e-06
3.93 4.21322e-07
3.94 -7.25221e-06
3.95 -1.45932e-05
3.96 -2.17349e-05
3.97 -2.87378e-05
3.98 -3.56464e-05
3.99 -4.25193e-05
4 -4.93489e-05
4.01 -5.59907e-05
4.02 -6.22308e-05
4.03 -6.79569e-05
4.04 -7.32743e-05
4.05 -7.84207e-05
4.06 -8.35472e-05
4.07 -8.86171e-05
4.08 -9.35436e-05
4.09 -9.83786e-05
4.1 -0.000103326
4.11 -0.000108557
4.12 -0.00011399
4.13 -0.000119251
4.14 -0.000123882
4.15 -0.000127673
4.16 -0.000130848
4.17 -0.000133968
4.18 -0.000137619
4.19 -0.000142111
4.2 -0.000147375
4.21 -0.000153057
4.22 -0.000158673
4.23 -0.00016375
4.24 -0.000167959
4.25 -0.000171174
4.26 -0.000173418
4.27 -0.000174791
4.28 -0.000175415
4.29 -0.000175394
4.3 -0.000174739
4.31 -0.000173354
4.32 -0.00017109
4.33 -0.000167817
4.34 -0.000163438
4.35 -0.000157881
4.36 -0.000151121
4.37 -0.000143229
4.38 -0.000134381
4.39 -0.000124796
4.4 -0.000114617
4.41 -0.000103863
4.42 -9.24945e-05
4.43 -8.05278e-05
4.44 -6.80864e-05
4.45 -5.53738e-05
4.46 -4.2602e-05
4.47 -2.99032e-05
4.48 -1.72629e-05
4.49 -4.54653e-06
4.5 8.34193e-06
4.51 2.12813e-05
4.52 3.39195e-05
4.53 4.58333e-05
4.54 5.66787e-05
4.55 6.62171e-05
4.56 7.43022e-05
4.57 8.09311e-05
4.58 8.63057e-05
4.59 9.07795e-05
4.6 9.46912e-05
4.61 9.82194e-05
4.62 0.000101362
4.63 0.000104022
4.64 0.000106115
4.65 0.00010762
4.66 0.000108549
4.67 0.000108891
4.68 0.000108623
4.69 0.000107767
4.7 0.000106438
4.71 0.000104857
4.72 0.000103356
4.73 0.000102316
4.74 0.000102005
4.75 0.000102422
4.76 0.000103293
4.77 0.000104249
4.78 0.000105067
4.79 0.000105779
4.8 0.000106586
4.81 0.000107642
4.82 0.000108878
4.83 0.000109988
4.84 0.000110635
4.85 0.000110696
4.86 0.000110341
4.87 0.000109824
4.88 0.000109231
4.89 0.000108415
4.9 0.000107162
4.91 0.000105331
4.92 0.000102859
4.93 9.97121e-05
4.94 9.5888e-05
4.95 9.14328e-05
4.96 8.64073e-05
4.97 8.07976e-05
4.98 7.44673e-05
4.99 6.72465e-05
5 5.91092e-05
5.01 5.02696e-05
5.02 4.11038e-05
5.03 3.19622e-05
5.04 2.30068e-05
5.05 1.41762e-05
5.06 5.298e-06
5.07 -3.72394e-06
5.08 -1.27615e-05
5.09 -2.14697e-05
5.1 -2.94713e-05
5.11 -3.65801e-05
5.12 -4.28766e-05
5.13 -4.86078e-05
5.14 -5.40321e-05
5.15 -5.92923e-05
5.16 -6.43346e-05
5.17 -6.89103e-05
5.18 -7.26468e-05
5.19 -7.51061e-05
5.2 -7.58302e-05
5.21 -7.44522e-05
5.22 -7.08504e-05
5.23 -6.52137e-05
5.24 -5.79419e-05
5.25 -4.94421e-05
5.26 -3.99585e-05
5.27 -2.955e-05
5.28 -1.82092e-05
5.29 -5.99202e-06
5.3 6.93956e-06
5.31 2.0334e-05
5.32 3.3839e-05
5.33 4.69578e-05
5.34 5.90548e-05
5.35 6.94363e-05
5.36 7.74536e-05
5.37 8.25883e-05
5.38 8.45047e-05
5.39 8.30722e-05
5.4 7.83717e-05
5.41 7.06969e-05
5.42 6.05328e-05
5.43 4.84725e-05
5.44 3.5098e-05
5.45 2.0933e-05
5.46 6.48342e-06
5.47 -7.74956e-06
5.48 -2.13297e-05
5.49 -3.39358e-05
5.5 -4.53488e-05
5.51 -5.54327e-05
5.52 -6.4145e-05
5.53 -7.15184e-05
5.54 -7.7578e-05
5.55 -8.22374e-05
5.56 -8.52239e-05
5.57 -8.61046e-05
5.58 -8.4467e-05
5.59 -8.01353e-05
5.6 -7.32091e-05
5.61 -6.39268e-05
5.62 -5.25561e-05
5.63 -3.93905e-05
5.64 -2.47379e-05
5.65 -8.8451e-06
5.66 8.14086e-06
5.67 2.6087e-05
5.68 4.47328e-05
5.69 6.36364e-05
5.7 8.2264e-05
5.71 0.000100144
5.72 0.000116949
5.73 0.000132427
5.74 0.000146278
5.75 0.00015806
5.76 0.000167214
5.77 0.000173159
5.78 0.000175414
5.79 0.000173723
5.8 0.00016814
5.81 0.000159015
5.82 0.000146921
5.83 0.000132548
5.84 0.000116553
5.85 9.94185e-05
5.86 8.1473e-05
5.87 6.30016e-05
5.88 4.42518e-05
5.89 2.53026e-05
5.9 6.01256e-06
5.91 -1.37935e-05
5.92 -3.40409e-05
5.93 -5.43154e-05
5.94 -7.40649e-05
5.95 -9.28988e-05
5.96 -0.000110713
5.97 -0.000127593
5.98 -0.000143665
5.99 -0.000159033
6 -0.000173736
6.01 -0.000187676
6.02 -0.000200596
6.03 -0.000212193
6.04 -0.000222293
6.05 -0.000230931
6.06 -0.000238266
6.07 -0.000244422
6.08 -0.000249406
6.09 -0.00025317
6.1 -0.000255724
6.11 -0.00025715
6.12 -0.000257454
6.13 -0.000256452
6.14 -0.000253898
6.15 -0.000249738
6.16 -0.000244236
6.17 -0.000237815
6.18 -0.000230762
6.19 -0.000223107
6.2 -0.000214742
6.21 -0.000205619
6.22 -0.000195845
6.23 -0.000185664
6.24 -0.000175349
6.25 -0.000165083
6.26 -0.000154887
6.27 -0.000144666
6.28 -0.000134311
6.29 -0.000123784
6.3 -0.000113083
6.31 -0.000102172
6.32 -9.09672e-05
6.33 -7.93855e-05
6.34 -6.74323e-05
6.35 -5.52828e-05
6.36 -4.33262e-05
6.37 -3.20904e-05
6.38 -2.20532e-05
6.39 -1.3459e-05
6.4 -6.24638e-06
6.41 -1.00354e-07
6.42 5.43359e-06
6.43 1.08315e-05
6.44 1.6469e-05
6.45 2.25064e-05
6.46 2.88604e-05
6.47 3.53028e-05
6.48 4.1601e-05
6.49 4.75823e-05
6.5 5.31293e-05
6.51 5.81749e-05
6.52 6.27318e-05
6.53 6.69502e-05
6.54 7.11595e-05
6.55 7.58378e-05
6.56 8.15136e-05
6.57 8.86423e-05
6.58 9.7475e-05
6.59 0.000107955
6.6 0.000119713
6.61 0.000132203
6.62 0.000144929
6.63 0.000157663
6.64 0.000170517
6.65 0.000183786
6.66 0.000197664
6.67 0.000212018
6.68 0.000226393
6.69 0.000240259
6.7 0.000253223
6.71 0.000264972
6.72 0.000275001
6.73 0.000282518
6.74 0.000286676
6.75 0.000286948
6.76 0.000283289
6.77 0.000275997
6.78 0.00026546
6.79 0.000251988
6.8 0.000235823
6.81 0.000217276
6.82 0.000196883
6.83 0.000175427
6.84 0.000153787
6.85 0.000132706
6.86 0.000112649
6.87 9.37608e-05
6.88 7.59437e-05
6.89 5.9012e-05
6.9 4.28336e-05
6.91 2.73963e-05
6.92 1.28218e-05
6.93 -6.63169e-07
6.94 -1.28273e-05
6.95 -2.35876e-05
6.96 -3.31088e-05
6.97 -4.17681e-05
6.98 -5.00398e-05
6.99 -5.84023e-05
7 -6.7261e-05
7.01 -7.68152e-05
7.02 -8.69164e-05
7.03 -9.70708e-05
7.04 -0.000106642
7.05 -0.000115137
7.06 -0.000122393
7.07 -0.000128527
7.08 -0.000133701
7.09 -0.000137863
7.1 -0.000140694
7.11 -0.000141786
7.12 -0.000140859
7.13 -0.000137829
7.14 -0.000132731
7.15 -0.000125667
7.16 -0.000116863
7.17 -0.000106731
7.18 -9.58027e-05
7.19 -8.45496e-05
7.2 -7.32958e-05
7.21 -6.22616e-05
7.22 -5.16296e-05
7.23 -4.15789e-05
7.24 -3.22681e-05
7.25 -2.37308e-05
7.26 -1.57505e-05
7.27 -7.8906e-06
7.28 2.71682e-07
7.29 8.91964e-06
7.3 1.80102e-05
7.31 2.74836e-05
7.32 3.74291e-05
7.33 4.80382e-05
7.34 5.93766e-05
7.35 7.11776e-05
7.36 8.28647e-05
7.37 9.38049e-05
7.38 0.000103581
7.39 0.000112069
7.4 0.000119299
7.41 0.000125268
7.42 0.000129881
7.43 0.000133039
7.44 0.000134776
7.45 0.000135299
7.46 0.000134911
7.47 0.000133933
7.48 0.000132739
7.49 0.000131819
7.5 0.000131685
7.51 0.000132704
7.52 0.000135049
7.53 0.000138773
7.54 0.000143817
7.55 0.000149894
7.56 0.000156461
7.57 0.000162902
7.58 0.000168818
7.59 0.000174113
7.6 0.000178812
7.61 0.00018288
7.62 0.000186228
7.63 0.000188803
7.64 0.000190593
7.65 0.000191534
7.66 0.000191437
7.67 0.000190044
7.68 0.000187165
7.69 0.00018278
7.7 0.000177025
7.71 0.000170049
7.72 0.000161875
7.73 0.000152338
7.74 0.000141129
7.75 0.000127889
7.76 0.000112295
7.77 9.40582e-05
7.78 7.28158e-05
7.79 4.80811e-05
7.8 1.9407e-05
7.81 -1.33362e-05
7.82 -4.98049e-05
7.83 -8.92616e-05
7.84 -0.000130821
7.85 -0.000173702
7.86 -0.000217335
7.87 -0.000261269
7.88 -0.000304974
7.89 -0.000347697
7.9 -0.000388463
7.91 -0.000426152
7.92 -0.000459598
7.93 -0.00048774
7.94 -0.000509849
7.95 -0.000525734
7.96 -0.000535836
7.97 -0.000541107
7.98 -0.000542731
7.99 -0.000541805
8 -0.000539105
8.01 -0.000535024
8.02 -0.000529661
8.03 -0.000522983
8.04 -0.000514934
8.05 -0.000505404
8.06 -0.00049412
8.07 -0.000480598
8.08 -0.000464278
8.09 -0.00044475
8.1 -0.000421899
8.11 -0.000395873
8.12 -0.000366896
8.13 -0.000335035
8.14 -0.000300088
8.15 -0.000261711
8.16 -0.000219744
8.17 -0.000174482
8.18 -0.000126623
8.19 -7.6969e-05
8.2 -2.62172e-05
8.21 2.49051e-05
8.22 7.5335e-05
8.23 0.000123638
8.24 0.000168424
8.25 0.000208921
8.26 0.000245217
8.27 0.000278
8.28 0.00030807
8.29 0.000336005
8.3 0.000362064
8.31 0.000386237
8.32 0.000408385
8.33 0.000428417
8.34 0.000446392
8.35 0.000462463
8.36 0.000476769
8.37 0.000489396
8.38 0.000500449
8.39 0.000510133
8.4 0.000518726
8.41 0.00052644
8.42 0.0005333
8.43 0.000539136
8.44 0.000543645
8.45 0.000546472
8.46 0.00054733
8.47 0.000546106
8.48 0.000542872
8.49 0.000537803
8.5 0.000531103
8.51 0.000522975
8.52 0.000513592
8.53 0.000503098
8.54 0.000491613
8.55 0.00047929
8.56 0.000466377
8.57 0.000453171
8.58 0.000439837
8.59 0.000426222
8.6 0.000411854
8.61 0.000396113
8.62 0.000378447
8.63 0.000358516
8.64 0.00033624
8.65 0.000311728
8.66 0.000285115
8.67 0.000256459
8.68 0.000225762
8.69 0.000193039
8.7 0.000158343
8.71 0.000121677
8.72 8.2906e-05
8.73 4.18221e-05
8.74 -1.65578e-06
8.75 -4.72997e-05
8.76 -9.45713e-05
8.77 -0.000142786
8.78 -0.000191325
8.79 -0.000239752
8.8 -0.000287738
8.81 -0.000334913
8.82 -0.000380808
8.83 -0.000424913
8.84 -0.00046679
8.85 -0.000506154
8.86 -0.000542886
8.87 -0.00057694
8.88 -0.000608197
8.89 -0.000636369
8.9 -0.000661036
8.91 -0.000681818
8.92 -0.000698565
8.93 -0.000711465
8.94 -0.000721014
8.95 -0.000727904
8.96 -0.000732911
8.97 -0.000736803
8.98 -0.000740217
8.99 -0.000743513
9 -0.000746674
9.01 -0.000749289
9.02 -0.000750598
9.03 -0.000749558
9.04 -0.000744976
9.05 -0.000735725
9.06 -0.000721023
9.07 -0.000700625
9.08 -0.000674804
9.09 -0.000644142
9.1 -0.00060935
9.11 -0.000571211
9.12 -0.000530549
9.13 -0.000488146
9.14 -0.000444619
9.15 -0.000400291
9.16 -0.000355098
9.17 -0.0003087
9.18 -0.00026081
9.19 -0.000211541
9.2 -0.000161493
9.21 -0.000111576
9.22 -6.27757e-05
9.23 -1.6024e-05
9.24 2.7852e-05
9.25 6.82009e-05
9.26 0.000104635
9.27 0.000137056
9.28 0.000165601
9.29 0.000190553
9.3 0.00021226
9.31 0.000231104
9.32 0.000247521
9.33 0.000262001
9.34 0.000275032
9.35 0.000286991
9.36 0.000298067
9.37 0.000308273
9.38 0.000317565
9.39 0.000326002
9.4 0.000333836
9.41 0.000341484
9.42 0.00034945
9.43 0.00035828
9.44 0.000368499
9.45 0.000380444
9.46 0.000394017
9.47 0.000408563
9.48 0.000422995
9.49 0.000436201
9.5 0.000447529
9.51 0.000456965
9.52 0.000464857
9.53 0.000471521
9.54 0.000477154
9.55 0.000482116
9.56 0.000487206
9.57 0.000493561
9.58 0.000502114
9.59 0.000512967
9.6 0.000525161
9.61 0.000536997
9.62 0.000546623
9.63 0.000552526
9.64 0.000553714
9.65 0.000549696
9.66 0.000540446
9.67 0.000526355
9.68 0.000508122
9.69 0.000486585
9.7 0.000462556
9.71 0.000436675
9.72 0.000409354
9.73 0.000380868
9.74 0.000351512
9.75 0.000321616
9.76 0.000291407
9.77 0.000260871
9.78 0.000229753
9.79 0.000197739
9.8 0.000164678
9.81 0.000130692
9.82 9.60782e-05
9.83 6.10803e-05
9.84 2.56998e-05
9.85 -1.03148e-05
9.86 -4.72922e-05
9.87 -8.54272e-05
9.88 -0.000124669
9.89 -0.000164711
9.9 -0.000205
9.91 -0.000244736
9.92 -0.000282888
9.93 -0.000318292
9.94 -0.000349862
9.95 -0.00037688
9.96 -0.000399258
9.97 -0.000417607
9.98 -0.000432995
9.99 -0.000446446
10 -0.000458468
10.01 -0.000468888
10.02 -0.00047714
10.03 -0.000482796
10.04 -0.000485874
10.05 -0.000486696
10.06 -0.000485493
10.07 -0.000482173
10.08 -0.000476441
10.09 -0.000468137
10.1 -0.000457476
10.11 -0.000445023
10.12 -0.000431428
10.13 -0.000417143
10.14 -0.000402276
10.15 -0.000386632
10.16 -0.000369875
10.17 -0.000351768
10.18 -0.000332357
10.19 -0.000311949
10.2 -0.000290891
10.21 -0.00026934
10.22 -0.000247202
10.23 -0.00022424
10.24 -0.000200272
10.25 -0.000175341
10.26 -0.000149725
10.27 -0.000123742
10.28 -9.75673e-05
10.29 -7.129e-05
10.3 -4.51497e-05
10.31 -1.96506e-05
10.32 4.62441e-06
10.33 2.73076e-05
10.34 4.83718e-05
10.35 6.80404e-05
10.36 8.66577e-05
10.37 0.000104651
10.38 0.000122515
10.39 0.000140702
10.4 0.000159488
10.41 0.000178947
10.42 0.000199073
10.43 0.000219928
10.44 0.000241692
10.45 0.000264596
10.46 0.000288784
10.47 0.000314223
10.48 0.000340772
10.49 0.00036836
10.5 0.000397108
10.51 0.000427244
10.52 0.000458875
10.53 0.000491815
10.54 0.000525587
10.55 0.000559523
10.56 0.000592812
10.57 0.000624478
10.58 0.000653442
10.59 0.000678691
10.6 0.000699497
10.61 0.000715538
10.62 0.000726917
10.63 0.000734078
10.64 0.000737703
10.65 0.00073863
10.66 0.000737827
10.67 0.00073632
10.68 0.000735009
10.69 0.000734383
10.7 0.000734304
10.71 0.000734039
10.72 0.000732483
10.73 0.000728442
10.74 0.000720824
10.75 0.00070858
10.76 0.0006905
10.77 0.000665226
10.78 0.000631632
10.79 0.000589198
10.8 0.000537986
10.81 0.000478282
10.82 0.000410319
10.83 0.000334324
10.84 0.000250712
10.85 0.000160105
10.86 6.32021e-05
10.87 -3.92572e-05
10.88 -0.000146316
10.89 -0.000256548
10.9 -0.00036788
10.91 -0.000477556
10.92 -0.00058241
10.93 -0.000679449
10.94 -0.000766441
10.95 -0.000842099
10.96 -0.000905991
10.97 -0.000958506
10.98 -0.00100094
10.99 -0.00103536
11 -0.00106386
11.01 -0.00108762
11.02 -0.00110655
11.03 -0.00111973
11.04 -0.00112656
11.05 -0.00112774
11.06 -0.00112527
11.07 -0.0011217
11.08 -0.00111887
11.09 -0.00111733
11.1 -0.00111668
11.11 -0.0011162
11.12 -0.00111517
11.13 -0.00111237
11.14 -0.00110564
11.15 -0.00109225
11.16 -0.00106998
11.17 -0.00103825
11.18 -0.000998121
11.19 -0.000951356
11.2 -0.000899402
11.21 -0.000843158
11.22 -0.00078343
11.23 -0.000721368
11.24 -0.000658309
11.25 -0.000595188
11.26 -0.000532106
11.27 -0.000468452
11.28 -0.000403408
11.29 -0.000336451
11.3 -0.000267588
11.31 -0.00019731
11.32 -0.000126375
11.33 -5.56042e-05
11.34 1.41852e-05
11.35 8.2138e-05
11.36 0.000147354
11.37 0.000208991
11.38 0.000266419
11.39 0.000319245
11.4 0.000367174
11.41 0.000409893
11.42 0.000447144
11.43 0.000478938
11.44 0.000505734
11.45 0.000528449
11.46 0.000548282
11.47 0.000566427
11.48 0.000583802
11.49 0.000600936
11.5 0.000618085
11.51 0.000635385
11.52 0.000652839
11.53 0.000670142
11.54 0.000686544
11.55 0.000700938
11.56 0.000712291
11.57 0.000720183
11.58 0.000725016
11.59 0.000727581
11.6 0.000728387
11.61 0.000727396
11.62 0.000724433
11.63 0.000719786
11.64 0.000714348
11.65 0.000709215
11.66 0.000705179
11.67 0.000702568
11.68 0.000701455
11.69 0.000701932
11.7 0.000704182
11.71 0.000708307
11.72 0.00071404
11.73 0.000720553
11.74 0.000726516
11.75 0.000730305
11.76 0.000730204
11.77 0.000724595
11.78 0.000712259
11.79 0.0006927
11.8 0.000666236
11.81 0.000633715
11.82 0.000596036
11.83 0.000553856
11.84 0.000507619
11.85 0.000457777
11.86 0.000404892
11.87 0.000349545
11.88 0.000292193
11.89 0.000233171
11.9 0.000172843
11.91 0.000111802
11.92 5.09988e-05
11.93 -8.27468e-06
11.94 -6.46586e-05
11.95 -0.000117185
11.96 -0.000165613
11.97 -0.000210383
11.98 -0.00025226
11.99 -0.00029199
12 -0.00033019
12.01 -0.000367369
12.02 -0.000403916
12.03 -0.000440007
12.04 -0.000475585
12.05 -0.000510448
12.06 -0.000544381
12.07 -0.00057725
12.08 -0.00060902
12.09 -0.000639669
12.1 -0.000669036
12.11 -0.000696788
12.12 -0.000722621
12.13 -0.000746493
12.14 -0.000768582
12.15 -0.000788964
12.16 -0.000807326
12.17 -0.000822993
12.18 -0.000835254
12.19 -0.000843683
12.2 -0.000848237
12.21 -0.000849069
12.22 -0.000846242
12.23 -0.000839585
12.24 -0.000828808
12.25 -0.000813759
12.26 -0.000794585
12.27 -0.000771697
12.28 -0.000745592
12.29 -0.000716698
12.3 -0.000685384
12.31 -0.000652108
12.32 -0.000617516
12.33 -0.000582304
12.34 -0.000546926
12.35 -0.000511377
12.36 -0.000475203
12.37 -0.000437752
12.38 -0.000398483
12.39 -0.000357047
12.4 -0.000313085
12.41 -0.00026601
12.42 -0.000215
12.43 -0.000159217
12.44 -9.81061e-05
12.45 -3.15654e-05
12.46 4.01577e-05
12.47 0.000116686
12.48 0.000197641
12.49 0.000282582
12.5 0.000370843
12.51 0.000461364
12.52 0.000552667
12.53 0.000642948
12.54 0.000730199
12.55 0.000812331
12.56 0.000887269
12.57 0.000953105
12.58 0.00100833
12.59 0.00105206
12.6 0.00108409
12.61 0.00110462
12.62 0.00111396
12.63 0.0011123
12.64 0.00109988
12.65 0.00107739
12.66 0.00104628
12.67 0.00100869
12.68 0.000966886
12.69 0.000922544
12.7 0.000876264
12.71 0.000827664
12.72 0.000776033
12.73 0.000721065
12.74 0.000663178
12.75 0.000603286
12.76 0.000542303
12.77 0.000480846
12.78 0.000419339
12.79 0.00035833
12.8 0.000298645
12.81 0.00024119
12.82 0.000186535
12.83 0.000134589
12.84 8.46394e-05
12.85 3.56917e-05
12.86 -1.31751e-05
12.87 -6.26078e-05
12.88 -0.000112906
12.89 -0.000163991
12.9 -0.000215401
12.91 -0.00026631
12.92 -0.000315649
12.93 -0.000362391
12.94 -0.000405973
12.95 -0.000446583
12.96 -0.000485026
12.97 -0.00052222
12.98 -0.000558677
12.99 -0.000594252
13 -0.000628207
13.01 -0.000659445
13.02 -0.000686803
13.03 -0.000709287
13.04 -0.000726221
13.05 -0.000737334
13.06 -0.000742777
13.07 -0.000743138
13.08 -0.000739404
13.09 -0.000732763
13.1 -0.000724336
13.11 -0.000715017
13.12 -0.00070547
13.13 -0.000696097
13.14 -0.000686966
13.15 -0.000677783
13.16 -0.000668009
13.17 -0.000657051
13.18 -0.000644465
13.19 -0.000630036
13.2 -0.000613665
13.21 -0.000595249
13.22 -0.000574751
13.23 -0.000552404
13.24 -0.000528779
13.25 -0.000504544
13.26 -0.000480106
13.27 -0.000455419
13.28 -0.000430063
13.29 -0.000403442
13.3 -0.000374945
13.31 -0.000344041
13.32 -0.000310338
13.33 -0.000273634
13.34 -0.000233937
13.35 -0.000191498
13.36 -0.000146856
13.37 -0.000100859
13.38 -5.45347e-05
13.39 -8.84473e-06
13.4 3.55212e-05
13.41 7.82054e-05
13.42 0.000119153
13.43 0.000158591
13.44 0.00019698
13.45 0.000234854
13.46 0.000272587
13.47 0.000310278
13.48 0.000347874
13.49 0.000385411
13.5 0.000423155
13.51 0.000461529
13.52 0.000500855
13.53 0.000541066
13.54 0.000581567
13.55 0.000621343
13.56 0.000659174
13.57 0.000693736
13.58 0.000723535
13.59 0.00074695
13.6 0.000762569
13.61 0.000769559
13.62 0.000767679
13.63 0.00075693
13.64 0.000737281
13.65 0.000708781
13.66 0.000671921
13.67 0.000627889
13.68 0.000578539
13.69 0.000526116
13.7 0.000472814
13.71 0.000420282
13.72 0.000369321
13.73 0.000320033
13.74 0.000272295
13.75 0.000226146
13.76 0.000181802
13.77 0.000139351
13.78 9.85167e-05
13.79 5.87547e-05
13.8 1.96286e-05
13.81 -1.88027e-05
13.82 -5.57951e-05
13.83 -9.00139e-05
13.84 -0.00011985
13.85 -0.000143732
13.86 -0.000160285
13.87 -0.000168432
13.88 -0.000167535
13.89 -0.000157432
13.9 -0.000138277
13.91 -0.000110324
13.92 -7.3888e-05
13.93 -2.94793e-05
13.94 2.20123e-05
13.95 7.91851e-05
13.96 0.000140154
13.97 0.000202823
13.98 0.000265201
13.99 0.000325381
14 0.000381283
14.01 0.000430714
14.02 0.000471866
14.03 0.000503685
14.04 0.000525702
14.05 0.000537604
14.06 0.00053906
14.07 0.00052989
14.08 0.000510273
14.09 0.000480772
14.1 0.000442211
14.11 0.000395527
14.12 0.000341669
14.13 0.000281528
14.14 0.00021589
14.15 0.000145464
14.16 7.1068e-05
14.17 -6.14427e-06
14.18 -8.4756e-05
14.19 -0.000163534
14.2 -0.000241817
14.21 -0.0003194
14.22 -0.000395951
14.23 -0.000470435
14.24 -0.000540962
14.25 -0.000605065
14.26 -0.000660221
14.27 -0.000704408
14.28 -0.000736517
14.29 -0.00075644
14.3 -0.000764743
14.31 -0.000762203
14.32 -0.000749591
14.33 -0.000727818
14.34 -0.000698046
14.35 -0.000661384
14.36 -0.00061829
14.37 -0.000568258
14.38 -0.000510268
14.39 -0.000443797
14.4 -0.000369578
14.41 -0.000289527
14.42 -0.000206037
14.43 -0.000121343
14.44 -3.73663e-05
14.45 4.41076e-05
14.46 0.000121325
14.47 0.00019276
14.48 0.000257461
14.49 0.000315172
14.5 0.000366051
14.51 0.000410114
14.52 0.00044677
14.53 0.000474795
14.54 0.000492808
14.55 0.00049991
14.56 0.000496036
14.57 0.000481837
14.58 0.000458354
14.59 0.000426899
14.6 0.000389182
14.61 0.000347318
14.62 0.000303387
14.63 0.000258801
14.64 0.000214015
14.65 0.000168872
14.66 0.000123212
14.67 7.71205e-05
14.68 3.06562e-05
14.69 -1.65242e-05
14.7 -6.52007e-05
14.71 -0.000116211
14.72 -0.000169863
14.73 -0.000225487
14.74 -0.000281388
14.75 -0.000335181
14.76 -0.000384276
14.77 -0.000426384
14.78 -0.000459949
14.79 -0.000484375
14.8 -0.00050001
14.81 -0.000507932
14.82 -0.000509703
14.83 -0.000507181
14.84 -0.000502337
14.85 -0.000496957
14.86 -0.000492195
14.87 -0.000488237
14.88 -0.000484414
14.89 -0.000479779
14.9 -0.000473791
14.91 -0.000466653
14.92 -0.000459178
14.93 -0.000452414
14.94 -0.000447331
14.95 -0.0004447
14.96 -0.000445044
14.97 -0.000448555
14.98 -0.00045497
14.99 -0.000463463
15 -0.000472672
15.01 -0.000480922
15.02 -0.000486526
15.03 -0.000488031
15.04 -0.000484266
15.05 -0.000474289
15.06 -0.000457458
15.07 -0.000433698
15.08 -0.00040374
15.09 -0.000369057
15.1 -0.000331536
15.11 -0.000293037
15.12 -0.000254971
15.13 -0.000217905
15.14 -0.0001814
15.15 -0.000144255
15.16 -0.000105104
15.17 -6.29998e-05
15.18 -1.76237e-05
15.19 3.08413e-05
15.2 8.18952e-05
15.21 0.000134792
15.22 0.000188541
15.23 0.00024196
15.24 0.000293871
15.25 0.000343346
15.26 0.000389822
15.27 0.000433022
15.28 0.000472768
15.29 0.000508823
15.3 0.000540859
15.31 0.000568595
15.32 0.000591999
15.33 0.000611427
15.34 0.000627633
15.35 0.000641618
15.36 0.000654314
15.37 0.000666271
15.38 0.00067762
15.39 0.000688339
15.4 0.000698548
15.41 0.000708609
15.42 0.000718982
15.43 0.000729979
15.44 0.000741607
15.45 0.000753622
15.46 0.000765646
15.47 0.000777199
15.48 0.000787661
15.49 0.000796268
15.5 0.00080213
15.51 0.000804305
15.52 0.000802021
15.53 0.000795021
15.54 0.000783728
15.55 0.000769088
15.56 0.000752223
15.57 0.000734076
15.58 0.000715169
15.59 0.000695598
15.6 0.000675212
15.61 0.000653791
15.62 0.000631054
15.63 0.000606567
15.64 0.000579694
15.65 0.000549667
15.66 0.00051576
15.67 0.00047748
15.68 0.000434726
15.69 0.000387869
15.7 0.000337681
15.71 0.000285052
15.72 0.000230691
15.73 0.000174983
15.74 0.000118062
15.75 5.98884e-05
15.76 2.54088e-07
15.77 -6.11959e-05
15.78 -0.000124787
15.79 -0.000190523
15.8 -0.000257874
15.81 -0.000325794
15.82 -0.000392906
15.83 -0.000457704
15.84 -0.000518748
15.85 -0.000574873
15.86 -0.000625405
15.87 -0.000670218
15.88 -0.000709615
15.89 -0.00074409
15.9 -0.000774081
15.91 -0.0007998
15.92 -0.000821182
15.93 -0.000838002
15.94 -0.000850054
15.95 -0.000857233
15.96 -0.000859456
15.97 -0.000856551
15.98 -0.000848311
15.99 -0.00083469
16 -0.00081597
16.01 -0.000792728
16.02 -0.000765673
16.03 -0.000735485
16.04 -0.000702736
16.05 -0.000667846
16.06 -0.000631042
16.07 -0.00059235
16.08 -0.000551741
16.09 -0.000509354
16.1 -0.000465589
16.11 -0.00042096
16.12 -0.000375846
16.13 -0.000330406
16.14 -0.000284701
16.15 -0.000238888
16.16 -0.000193284
16.17 -0.000148259
16.18 -0.000104095
16.19 -6.09475e-05
16.2 -1.89151e-05
16.21 2.18721e-05
16.22 6.12534e-05
16.23 9.9129e-05
16.24 0.000135501
16.25 0.000170355
16.26 0.000203484
16.27 0.00023442
16.28 0.000262509
16.29 0.000287045
16.3 0.000307389
16.31 0.000323112
16.32 0.000334156
16.33 0.00034091
16.34 0.000344076
16.35 0.000344422
16.36 0.00034257
16.37 0.000338946
16.38 0.000333884
16.39 0.000327758
16.4 0.000320975
16.41 0.000313795
16.42 0.000306171
16.43 0.000297767
16.44 0.000288071
16.45 0.000276451
16.46 0.000262181
16.47 0.000244611
16.48 0.000223425
16.49 0.000198718
16.5 0.000170796
16.51 0.000139939
16.52 0.000106287
16.53 6.99018e-05
16.54 3.09007e-05
16.55 -1.04739e-05
16.56 -5.39187e-05
16.57 -9.91881e-05
16.58 -0.000146111
16.59 -0.000194461
16.6 -0.000243779
16.61 -0.000293239
16.62 -0.000341648
16.63 -0.000387641
16.64 -0.000430012
16.65 -0.000467996
16.66 -0.000501335
16.67 -0.000530139
16.68 -0.000554662
16.69 -0.000575195
16.7 -0.000592094
16.71 -0.000605848
16.72 -0.00061703
16.73 -0.000626112
16.74 -0.00063328
16.75 -0.000638456
16.76 -0.000641552
16.77 -0.000642694
16.78 -0.000642225
16.79 -0.000640522
16.8 -0.000637828
16.81 -0.000634211
16.82 -0.000629603
16.83 -0.00062389
16.84 -0.000616956
16.85 -0.000608647
16.86 -0.000598681
16.87 -0.000586606
16.88 -0.000571888
16.89 -0.000554119
16.9 -0.000533192
16.91 -0.000509309
16.92 -0.000482825
16.93 -0.000454065
16.94 -0.000423272
16.95 -0.000390638
16.96 -0.000356322
16.97 -0.000320418
16.98 -0.000282909
16.99 -0.000243712
17 -0.000202804
17.01 -0.000160292
17.02 -0.000116313
17.03 -7.08393e-05
17.04 -2.3613e-05
17.05 2.5733e-05
17.06 7.74504e-05
17.07 0.000131549
17.08 0.000187865
17.09 0.00024618
17.1 0.000306224
17.11 0.000367571
17.12 0.000429631
17.13 0.000491782
17.14 0.000553529
17.15 0.00061459
17.16 0.000674847
17.17 0.000734181
17.18 0.000792324
17.19 0.000848838
17.2 0.000903273
17.21 0.000955381
17.22 0.00100525
17.23 0.00105324
17.24 0.00109983
17.25 0.00114551
17.26 0.00119074
17.27 0.00123585
17.28 0.00128099
17.29 0.00132615
17.3 0.00137111
17.31 0.00141528
17.32 0.0014577
17.33 0.00149707
17.34 0.00153198
17.35 0.00156123
17.36 0.00158395
17.37 0.00159962
17.38 0.00160796
17.39 0.00160886
17.4 0.00160244
17.41 0.00158916
17.42 0.00156978
17.43 0.00154528
17.44 0.00151659
17.45 0.00148451
17.46 0.00144945
17.47 0.00141146
17.48 0.00137031
17.49 0.0013257
17.5 0.00127741
17.51 0.00122526
17.52 0.00116903
17.53 0.00110847
17.54 0.00104345
17.55 0.000974077
17.56 0.000900774
17.57 0.00082404
17.58 0.000744254
17.59 0.000661641
17.6 0.000576404
17.61 0.000488823
17.62 0.000399235
17.63 0.000307938
17.64 0.000215102
17.65 0.000120758
17.66 2.48955e-05
17.67 -7.23621e-05
17.68 -0.000170637
17.69 -0.000269377
17.7 -0.000368097
17.71 -0.00046659
17.72 -0.000564892
17.73 -0.000662904
17.74 -0.000759931
17.75 -0.000854649
17.76 -0.000945689
17.77 -0.00103242
17.78 -0.00111513
17.79 -0.00119438
17.8 -0.00127
17.81 -0.00134061
17.82 -0.0014041
17.83 -0.00145874
17.84 -0.001504
17.85 -0.00154071
17.86 -0.00157033
17.87 -0.001594
17.88 -0.00161211
17.89 -0.00162468
17.9 -0.00163199
17.91 -0.00163483
17.92 -0.00163414
17.93 -0.00163041
17.94 -0.00162352
17.95 -0.00161312
17.96 -0.00159926
17.97 -0.00158259
17.98 -0.00156414
17.99 -0.00154484
18 -0.00152526
18.01 -0.00150552
18.02 -0.00148554
18.03 -0.00146516
18.04 -0.00144404
18.05 -0.00142165
18.06 -0.00139731
18.07 -0.00137049
18.08 -0.00134101
18.09 -0.00130906
18.1 -0.00127494
18.11 -0.0012389
18.12 -0.00120106
18.13 -0.00116156
18.14 -0.00112061
18.15 -0.00107846
18.16 -0.00103524
18.17 -0.000990857
18.18 -0.000945002
18.19 -0.000897331
18.2 -0.000847717
18.21 -0.000796312
18.22 -0.000743371
18.23 -0.000689036
18.24 -0.000633344
18.25 -0.000576395
18.26 -0.000518443
18.27 -0.000459814
18.28 -0.000400803
18.29 -0.00034164
18.3 -0.000282538
18.31 -0.000223717
18.32 -0.000165374
18.33 -0.000107665
18.34 -5.07368e-05
18.35 5.17915e-06
18.36 5.97251e-05
18.37 0.000112428
18.38 0.000162761
18.39 0.000210254
18.4 0.000254612
18.41 0.000295714
18.42 0.000333528
18.43 0.000368069
18.44 0.000399522
18.45 0.000428369
18.46 0.000455322
18.47 0.0004811
18.48 0.000506268
18.49 0.000531179
18.5 0.000555965
18.51 0.000580604
18.52 0.000605021
18.53 0.000629174
18.54 0.000653013
18.55 0.00067636
18.56 0.000698864
18.57 0.000720083
18.58 0.000739647
18.59 0.000757372
18.6 0.00077325
18.61 0.000787346
18.62 0.000799656
18.63 0.000810071
18.64 0.000818485
18.65 0.000824928
18.66 0.000829632
18.67 0.000833002
18.68 0.000835531
18.69 0.000837689
18.7 0.000839809
18.71 0.000842011
18.72 0.000844187
18.73 0.000846098
18.74 0.000847535
18.75 0.000848391
18.76 0.000848558
18.77 0.00084779
18.78 0.000845718
18.79 0.000842033
18.8 0.000836599
18.81 0.000829371
18.82 0.000820285
18.83 0.000809285
18.84 0.000796443
18.85 0.000782014
18.86 0.000766328
18.87 0.000749631
18.88 0.000732045
18.89 0.000713641
18.9 0.000694506
18.91 0.00067469
18.92 0.0006541
18.93 0.000632459
18.94 0.000609417
18.95 0.000584713
18.96 0.000558213
18.97 0.00052981
18.98 0.000499368
18.99 0.000466778
19 0.00043204
19.01 0.000395297
19.02 0.000356819
19.03 0.000316982
19.04 0.000276211
19.05 0.000234935
19.06 0.000193552
19.07 0.000152434
19.08 0.000111934
19.09 7.23939e-05
19.1 3.40686e-05
19.11 -3.01272e-06
19.12 -3.91112e-05
19.13 -7.46189e-05
19.14 -0.000109788
19.15 -0.0001446
19.16 -0.000178858
19.17 -0.000212323
19.18 -0.00024476
19.19 -0.000275885
19.2 -0.000305332
19.21 -0.000332703
19.22 -0.000357711
19.23 -0.000380298
19.24 -0.000400601
19.25 -0.000418769
19.26 -0.000434816
19.27 -0.000448641
19.28 -0.00046015
19.29 -0.000469385
19.3 -0.000476539
19.31 -0.000481848
19.32 -0.000485475
19.33 -0.00048749
19.34 -0.000487945
19.35 -0.000486946
19.36 -0.000484655
19.37 -0.000481225
19.38 -0.000476743
19.39 -0.000471214
19.4 -0.000464567
19.41 -0.00045667
19.42 -0.000447342
19.43 -0.000436349
19.44 -0.000423417
19.45 -0.0004083
19.46 -0.000390853
19.47 -0.000371064
19.48 -0.000349049
19.49 -0.00032506
19.5 -0.000299456
19.51 -0.000272617
19.52 -0.00024482
19.53 -0.000216176
19.54 -0.000186645
19.55 -0.000156111
19.56 -0.000124446
19.57 -9.15213e-05
19.58 -5.71968e-05
19.59 -2.13527e-05
19.6 1.60809e-05
19.61 5.51212e-05
19.62 9.57036e-05
19.63 0.00013761
19.64 0.000180421
19.65 0.000223535
19.66 0.000266225
19.67 0.000307727
19.68 0.000347314
19.69 0.000384307
19.7 0.000418055
19.71 0.000447949
19.72 0.000473482
19.73 0.000494315
19.74 0.000510315
19.75 0.000521601
19.76 0.000528538
19.77 0.000531585
19.78 0.000531055
19.79 0.000527014
19.8 0.000519423
19.81 0.000508388
19.82 0.000494287
19.83 0.000477711
19.84 0.000459263
19.85 0.000439346
19.86 0.000418114
19.87 0.000395586
19.88 0.000371743
19.89 0.000346498
19.9 0.000319706
19.91 0.00029129
19.92 0.000261354
19.93 0.000230157
19.94 0.000197987
19.95 0.000165113
19.96 0.000131846
19.97 9.85966e-05
19.98 6.58537e-05
19.99 3.41231e-05
20 3.87745e-06
20.01 -2.44767e-05
20.02 -5.06222e-05
20.03 -7.43346e-05
20.04 -9.54542e-05
20.05 -0.000113852
20.06 -0.000129432
20.07 -0.000142181
20.08 -0.000152186
20.09 -0.000159561
20.1 -0.000164338
20.11 -0.000166443
20.12 -0.000165831
20.13 -0.00016266
20.14 -0.000157319
20.15 -0.00015027
20.16 -0.000141854
20.17 -0.000132249
20.18 -0.000121584
20.19 -0.000110104
20.2 -9.82203e-05
20.21 -8.64255e-05
20.22 -7.51525e-05
20.23 -6.46997e-05
20.24 -5.52396e-05
20.25 -4.68682e-05
20.26 -3.96517e-05
20.27 -3.36558e-05
20.28 -2.89672e-05
20.29 -2.57056e-05
20.3 -2.39962e-05
20.31 -2.39063e-05
20.32 -2.54001e-05
20.33 -2.83319e-05
20.34 -3.24701e-05
20.35 -3.75194e-05
20.36 -4.31302e-05
20.37 -4.89516e-05
20.38 -5.47615e-05
20.39 -6.05592e-05
20.4 -6.65015e-05
20.41 -7.27605e-05
20.42 -7.94586e-05
20.43 -8.66959e-05
20.44 -9.45953e-05
20.45 -0.000103318
20.46 -0.000113045
20.47 -0.000123956
20.48 -0.000136251
20.49 -0.000150155
20.5 -0.000165857
20.51 -0.000183462
20.52 -0.000203011
20.53 -0.000224496
20.54 -0.000247804
20.55 -0.000272679
20.56 -0.00029876
20.57 -0.000325684
20.58 -0.00035313
20.59 -0.000380811
20.6 -0.000408485
20.61 -0.000435944
20.62 -0.000462956
20.63 -0.000489224
20.64 -0.000514442
20.65 -0.000538406
20.66 -0.000561052
20.67 -0.000582397
20.68 -0.000602485
20.69 -0.000621395
20.7 -0.000639257
20.71 -0.000656213
20.72 -0.000672354
20.73 -0.000687684
20.74 -0.000702113
20.75 -0.00071546
20.76 -0.000727472
20.77 -0.000737862
20.78 -0.000746369
20.79 -0.000752783
20.8 -0.000756918
20.81 -0.000758633
20.82 -0.000757895
20.83 -0.000754778
20.84 -0.00074933
20.85 -0.000741436
20.86 -0.000730844
20.87 -0.000717315
20.88 -0.000700758
20.89 -0.000681199
20.9 -0.000658631
20.91 -0.000632949
20.92 -0.000604008
20.93 -0.000571768
20.94 -0.000536391
20.95 -0.000498202
20.96 -0.00045756
20.97 -0.000414725
20.98 -0.000369807
20.99 -0.000322801
21 -0.00027365
21.01 -0.000222291
21.02 -0.000168656
21.03 -0.000112632
21.04 -5.40422e-05
21.05 7.271e-06
21.06 7.12969e-05
21.07 0.000137817
21.08 0.000206489
21.09 0.000276928
21.1 0.000348677
21.11 0.000421144
21.12 0.000493625
21.13 0.000565463
21.14 0.000636181
21.15 0.000705461
21.16 0.000773022
21.17 0.000838559
21.18 0.000901792
21.19 0.000962544
21.2 0.00102072
21.21 0.0010762
21.22 0.00112871
21.23 0.00117786
21.24 0.00122318
21.25 0.00126433
21.26 0.00130114
21.27 0.00133357
21.28 0.00136166
21.29 0.00138533
21.3 0.00140435
21.31 0.00141841
21.32 0.00142727
21.33 0.00143081
21.34 0.00142902
21.35 0.00142188
21.36 0.00140931
21.37 0.00139121
21.38 0.00136768
21.39 0.00133916
21.4 0.0013064
21.41 0.00127014
21.42 0.00123095
21.43 0.00118916
21.44 0.00114503
21.45 0.00109874
21.46 0.00105032
21.47 0.000999616
21.48 0.000946326
21.49 0.000890093
21.5 0.000830685
21.51 0.000768102
21.52 0.000702583
21.53 0.000634499
21.54 0.000564223
21.55 0.000492045
21.56 0.00041814
21.57 0.000342548
21.58 0.000265159
21.59 0.000185743
21.6 0.000104042
21.61 1.98651e-05
21.62 -6.68439e-05
21.63 -0.000155981
21.64 -0.000247215
21.65 -0.000339887
21.66 -0.000432968
21.67 -0.000525113
21.68 -0.000614788
21.69 -0.000700472
21.7 -0.000780956
21.71 -0.00085565
21.72 -0.000924735
21.73 -0.000988978
21.74 -0.00104922
21.75 -0.00110582
21.76 -0.00115839
21.77 -0.00120604
21.78 -0.00124785
21.79 -0.0012833
21.8 -0.00131244
21.81 -0.0013357
21.82 -0.00135356
21.83 -0.00136621
21.84 -0.00137363
21.85 -0.00137581
21.86 -0.00137305
21.87 -0.00136591
21.88 -0.00135511
21.89 -0.00134127
21.9 -0.00132479
21.91 -0.00130588
21.92 -0.00128467
21.93 -0.00126129
21.94 -0.00123591
21.95 -0.00120864
21.96 -0.00117943
21.97 -0.00114812
21.98 -0.0011146
21.99 -0.00107895
22 -0.00104144
22.01 -0.00100242
22.02 -0.000962066
22.03 -0.000920448
22.04 -0.000877613
22.05 -0.000833694
22.06 -0.000788882
22.07 -0.000743343
22.08 -0.000697145
22.09 -0.000650242
22.1 -0.000602541
22.11 -0.000554004
22.12 -0.000504669
22.13 -0.000454568
22.14 -0.000403636
22.15 -0.000351702
22.16 -0.000298567
22.17 -0.000244084
22.18 -0.000188176
22.19 -0.000130824
22.2 -7.20914e-05
22.21 -1.213e-05
22.22 4.88483e-05
22.23 0.000110605
22.24 0.000172844
22.25 0.000235138
22.26 0.000296927
22.27 0.00035766
22.28 0.00041694
22.29 0.000474536
22.3 0.00053032
22.31 0.000584292
22.32 0.000636661
22.33 0.000687801
22.34 0.000738055
22.35 0.000787512
22.36 0.000835958
22.37 0.000883053
22.38 0.000928541
22.39 0.000972283
22.4 0.00101414
22.41 0.00105389
22.42 0.00109124
22.43 0.00112587
22.44 0.00115751
22.45 0.00118603
22.46 0.00121136
22.47 0.00123339
22.48 0.00125187
22.49 0.00126648
22.5 0.00127694
22.51 0.00128311
22.52 0.00128494
22.53 0.00128234
22.54 0.00127521
22.55 0.00126351
22.56 0.00124739
22.57 0.00122714
22.58 0.00120315
22.59 0.00117573
22.6 0.00114509
22.61 0.00111141
22.62 0.0010749
22.63 0.00103583
22.64 0.000994477
22.65 0.000950966
22.66 0.000905249
22.67 0.000857205
22.68 0.000806764
22.69 0.000753944
22.7 0.000698817
22.71 0.000641468
22.72 0.000581945
22.73 0.000520272
22.74 0.000456507
22.75 0.000390755
22.76 0.00032312
22.77 0.0002536
22.78 0.000182001
22.79 0.000107994
22.8 3.13972e-05
22.81 -4.7575e-05
22.82 -0.000128292
22.83 -0.000209912
22.84 -0.00029159
22.85 -0.000372546
22.86 -0.00045196
22.87 -0.000528873
22.88 -0.000602209
22.89 -0.000670958
22.9 -0.000734476
22.91 -0.000792709
22.92 -0.000846145
22.93 -0.000895508
22.94 -0.000941379
22.95 -0.000983985
22.96 -0.00102324
22.97 -0.00105894
22.98 -0.00109098
22.99 -0.00111946
23 -0.00114457
23.01 -0.0011665
23.02 -0.00118528
23.03 -0.00120088
23.04 -0.00121327
23.05 -0.00122246
23.06 -0.00122838
23.07 -0.00123098
23.08 -0.00123017
23.09 -0.00122585
23.1 -0.00121787
23.11 -0.00120609
23.12 -0.00119047
23.13 -0.00117121
23.14 -0.00114872
23.15 -0.0011235
23.16 -0.00109599
23.17 -0.00106646
23.18 -0.00103501
23.19 -0.00100161
23.2 -0.000966149
23.21 -0.000928525
23.22 -0.00088872
23.23 -0.000846805
23.24 -0.000802923
23.25 -0.000757275
23.26 -0.000710106
23.27 -0.000661697
23.28 -0.000612334
23.29 -0.000562269
23.3 -0.000511667
23.31 -0.000460606
23.32 -0.0004091
23.33 -0.000357113
23.34 -0.00030455
23.35 -0.000251269
23.36 -0.000197145
23.37 -0.000142112
23.38 -8.61588e-05
23.39 -2.93457e-05
23.4 2.81293e-05
23.41 8.59181e-05
23.42 0.000143603
23.43 0.000200779
23.44 0.000257073
23.45 0.000312162
23.46 0.000365791
23.47 0.000417766
23.48 0.000467943
23.49 0.000516237
23.5 0.000562671
23.51 0.000607394
23.52 0.000650568
23.53 0.000692233
23.54 0.000732301
23.55 0.000770682
23.56 0.000807376
23.57 0.000842423
23.58 0.000875801
23.59 0.000907399
23.6 0.00093708
23.61 0.000964717
23.62 0.00099017
23.63 0.00101324
23.64 0.00103372
23.65 0.00105141
23.66 0.00106612
23.67 0.00107763
23.68 0.00108571
23.69 0.00109022
23.7 0.00109116
23.71 0.00108858
23.72 0.00108247
23.73 0.00107283
23.74 0.00105963
23.75 0.00104289
23.76 0.00102264
23.77 0.000998919
23.78 0.000971835
23.79 0.000941579
23.8 0.000908403
23.81 0.000872584
23.82 0.000834394
23.83 0.000794027
23.84 0.000751552
23.85 0.000706957
23.86 0.000660295
23.87 0.000611825
23.88 0.000562009
23.89 0.000511304
23.9 0.000459929
23.91 0.000407832
23.92 0.000354862
23.93 0.000300968
23.94 0.00024628
23.95 0.000191038
23.96 0.000135451
23.97 7.95809e-05
23.98 2.33736e-05
23.99 -3.31751e-05
24 -8.98187e-05
24.01 -0.000146033
24.02 -0.000201219
24.03 -0.000254934
24.04 -0.000306932
24.05 -0.000357019
24.06 -0.000404947
24.07 -0.000450462
24.08 -0.00049342
24.09 -0.000533817
24.1 -0.000571711
24.11 -0.000607106
24.12 -0.000639893
24.13 -0.000669913
24.14 -0.000697064
24.15 -0.000721353
24.16 -0.000742819
24.17 -0.000761441
24.18 -0.000777096
24.19 -0.000789594
24.2 -0.000798766
24.21 -0.000804543
24.22 -0.000806975
24.23 -0.000806174
24.24 -0.000802214
24.25 -0.000795079
24.26 -0.00078468
24.27 -0.000770916
24.28 -0.000753732
24.29 -0.000733181
24.3 -0.000709453
24.31 -0.000682858
24.32 -0.000653753
24.33 -0.000622484
24.34 -0.000589375
24.35 -0.00055474
24.36 -0.000518863
24.37 -0.000481927
24.38 -0.000443971
24.39 -0.000404915
24.4 -0.000364685
24.41 -0.000323313
24.42 -0.000280959
24.43 -0.000237856
24.44 -0.000194287
24.45 -0.000150539
24.46 -0.000106865
24.47 -6.34858e-05
24.48 -2.06577e-05
24.49 2.12965e-05
24.5 6.20499e-05
24.51 0.000101395
24.52 0.0001393
24.53 0.000175825
24.54 0.000210985
24.55 0.000244692
24.56 0.000276795
24.57 0.000307171
24.58 0.000335792
24.59 0.000362732
24.6 0.000388108
24.61 0.00041196
24.62 0.000434205
24.63 0.000454737
24.64 0.000473566
24.65 0.000490854
24.66 0.000506769
24.67 0.000521352
24.68 0.000534529
24.69 0.000546247
24.7 0.000556529
24.71 0.000565418
24.72 0.000572899
24.73 0.000578838
24.74 0.000582969
24.75 0.000584976
24.76 0.0005846
24.77 0.000581653
24.78 0.000575961
24.79 0.000567376
24.8 0.000555852
24.81 0.000541507
24.82 0.000524588
24.83 0.000505389
24.84 0.000484135
24.85 0.000460857
24.86 0.000435396
24.87 0.000407572
24.88 0.000377357
24.89 0.000344908
24.9 0.00031045
24.91 0.000274166
24.92 0.000236193
24.93 0.00019671
24.94 0.000156026
24.95 0.000114541
24.96 7.26271e-05
24.97 3.05482e-05
24.98 -1.15079e-05
24.99 -5.33369e-05
25 -9.46755e-05
25.01 -0.000135268
25.02 -0.000174952
25.03 -0.000213629
25.04 -0.000251141
25.05 -0.000287206
25.06 -0.000321516
25.07 -0.000353863
25.08 -0.000384145
25.09 -0.000412292
25.1 -0.000438235
25.11 -0.000461965
25.12 -0.000483594
25.13 -0.000503339
25.14 -0.000521447
25.15 -0.000538134
25.16 -0.000553546
25.17 -0.000567715
25.18 -0.000580558
25.19 -0.000591907
25.2 -0.000601542
25.21 -0.000609233
25.22 -0.000614754
25.23 -0.000617889
25.24 -0.000618483
25.25 -0.000616526
25.26 -0.000612181
25.27 -0.000605667
25.28 -0.000597102
25.29 -0.000586463
25.3 -0.000573664
25.31 -0.000558634
25.32 -0.000541339
25.33 -0.000521781
25.34 -0.00049997
25.35 -0.000475891
25.36 -0.000449534
25.37 -0.000420994
25.38 -0.000390502
25.39 -0.000358359
25.4 -0.000324876
25.41 -0.000290414
25.42 -0.000255411
25.43 -0.000220282
25.44 -0.000185277
25.45 -0.000150432
25.46 -0.000115652
25.47 -8.0817e-05
25.48 -4.58793e-05
25.49 -1.08996e-05
25.5 2.3956e-05
25.51 5.84292e-05
25.52 9.2151e-05
25.53 0.000124663
25.54 0.000155551
25.55 0.000184588
25.56 0.000211733
25.57 0.000237019
25.58 0.000260465
25.59 0.000282083
25.6 0.000301961
25.61 0.000320272
25.62 0.000337178
25.63 0.000352712
25.64 0.000366751
25.65 0.000379109
25.66 0.000389684
25.67 0.000398519
25.68 0.000405754
25.69 0.000411525
25.7 0.000415902
25.71 0.000418911
25.72 0.000420614
25.73 0.000421177
25.74 0.000420855
25.75 0.000419889
25.76 0.000418405
25.77 0.000416383
25.78 0.000413697
25.79 0.000410175
25.8 0.000405649
25.81 0.000399979
25.82 0.000393066
25.83 0.00038484
25.84 0.000375222
25.85 0.000364116
25.86 0.000351411
25.87 0.000336989
25.88 0.000320746
25.89 0.000302613
25.9 0.000282581
25.91 0.000260686
25.92 0.000236964
25.93 0.000211422
25.94 0.00018408
25.95 0.000155073
25.96 0.000124712
25.97 9.34091e-05
25.98 6.15409e-05
25.99 2.93612e-05
26 -2.9808e-06
26.01 -3.53819e-05
26.02 -6.77575e-05
26.03 -0.000100054
26.04 -0.000132244
26.05 -0.000164268
26.06 -0.000195967
26.07 -0.000227076
26.08 -0.000257292
26.09 -0.000286354
26.1 -0.000314068
26.11 -0.000340278
26.12 -0.000364837
26.13 -0.000387599
26.14 -0.000408437
26.15 -0.000427243
26.16 -0.000443906
26.17 -0.000458317
26.18 -0.000470388
26.19 -0.000480046
26.2 -0.000487246
26.21 -0.000492013
26.22 -0.000494506
26.23 -0.000494966
26.24 -0.000493583
26.25 -0.000490397
26.26 -0.000485348
26.27 -0.000478398
26.28 -0.000469622
26.29 -0.000459164
26.3 -0.000447134
26.31 -0.000433569
26.32 -0.000418488
26.33 -0.000401985
26.34 -0.000384243
26.35 -0.000365451
26.36 -0.000345727
26.37 -0.000325147
26.38 -0.000303833
26.39 -0.000281957
26.4 -0.000259642
26.41 -0.000236885
26.42 -0.000213597
26.43 -0.000189703
26.44 -0.00016524
26.45 -0.000140424
26.46 -0.000115605
26.47 -9.11418e-05
26.48 -6.72828e-05
26.49 -4.4132e-05
26.5 -2.16731e-05
26.51 1.77775e-07
26.52 2.15001e-05
26.53 4.23315e-05
26.54 6.27053e-05
26.55 8.27246e-05
26.56 0.000102595
26.57 0.000122562
26.58 0.000142764
26.59 0.000163113
26.6 0.00018333
26.61 0.000203129
26.62 0.000222408
26.63 0.000241266
26.64 0.000259876
26.65 0.000278318
26.66 0.000296548
26.67 0.000314498
26.68 0.000332211
26.69 0.000349856
26.7 0.000367583
26.71 0.000385334
26.72 0.00040283
26.73 0.000419761
26.74 0.000435965
26.75 0.000451414
26.76 0.000466066
26.77 0.000479799
26.78 0.0004925
26.79 0.000504182
26.8 0.000515003
26.81 0.00052514
26.82 0.000534612
26.83 0.000543208
26.84 0.00055055
26.85 0.00055625
26.86 0.000560065
26.87 0.000561964
26.88 0.000562077
26.89 0.000560576
26.9 0.000557607
26.91 0.000553288
26.92 0.000547732
26.93 0.000541027
26.94 0.000533205
26.95 0.00052425
26.96 0.000514141
26.97 0.000502858
26.98 0.000490348
26.99 0.000476484
27 0.000461106
27.01 0.000444137
27.02 0.000425672
27.03 0.000405944
27.04 0.000385186
27.05 0.000363513
27.06 0.000340922
27.07 0.000317389
27.08 0.000292945
27.09 0.000267689
27.1 0.000241716
27.11 0.00021503
27.12 0.000187498
27.13 0.000158916
27.14 0.000129193
27.15 9.84904e-05
27.16 6.71684e-05
27.17 3.55788e-05
27.18 3.92505e-06
27.19 -2.77023e-05
27.2 -5.92259e-05
27.21 -9.05675e-05
27.22 -0.00012171
27.23 -0.000152715
27.24 -0.000183658
27.25 -0.000214549
27.26 -0.000245316
27.27 -0.000275822
27.28 -0.000305885
27.29 -0.000335293
27.3 -0.000363844
27.31 -0.000391396
27.32 -0.000417837
27.33 -0.00044303
27.34 -0.000466762
27.35 -0.000488765
27.36 -0.000508774
27.37 -0.000526576
27.38 -0.000541987
27.39 -0.000554789
27.4 -0.000564696
27.41 -0.000571374
27.42 -0.000574535
27.43 -0.000573999
27.44 -0.000569689
27.45 -0.000561605
27.46 -0.000549859
27.47 -0.000534732
27.48 -0.00051659
27.49 -0.000495691
27.5 -0.000472082
27.51 -0.000445741
27.52 -0.000416824
27.53 -0.000385683
27.54 -0.000352632
27.55 -0.000317731
27.56 -0.000280847
27.57 -0.000241908
27.58 -0.000201119
27.59 -0.00015896
27.6 -0.000115944
27.61 -7.23407e-05
27.62 -2.81028e-05
27.63 1.69183e-05
27.64 6.26933e-05
27.65 0.000108918
27.66 0.000155154
27.67 0.000201014
27.68 0.00024619
27.69 0.000290302
27.7 0.000332811
27.71 0.000373109
27.72 0.000410714
27.73 0.000445403
27.74 0.000477213
27.75 0.000506329
27.76 0.000532911
27.77 0.000556989
27.78 0.000578515
27.79 0.000597506
27.8 0.000614098
27.81 0.000628415
27.82 0.000640371
27.83 0.000649623
27.84 0.000655783
27.85 0.000658683
27.86 0.000658442
27.87 0.000655299
27.88 0.00064942
27.89 0.000640851
27.9 0.000629612
27.91 0.000615804
27.92 0.000599565
27.93 0.000580927
27.94 0.000559746
27.95 0.000535793
27.96 0.000508897
27.97 0.000479023
27.98 0.000446241
27.99 0.000410629
28 0.0003722
28.01 0.000330975
28.02 0.000287081
28.03 0.000240748
28.04 0.000192184
28.05 0.000141473
28.06 8.85762e-05
28.07 3.3447e-05
28.08 -2.3884e-05
28.09 -8.32943e-05
28.1 -0.000144584
28.11 -0.000207483
28.12 -0.00027168
28.13 -0.000336849
28.14 -0.000402619
28.15 -0.000468517
28.16 -0.000533969
28.17 -0.000598361
28.18 -0.000661094
28.19 -0.000721625
28.2 -0.000779503
28.21 -0.000834427
28.22 -0.000886257
28.23 -0.00093493
28.24 -0.000980325
28.25 -0.00102221
28.26 -0.00106032
28.27 -0.00109444
28.28 -0.00112445
28.29 -0.00115025
28.3 -0.00117181
28.31 -0.00118913
28.32 -0.00120229
28.33 -0.00121138
28.34 -0.0012165
28.35 -0.00121765
28.36 -0.00121477
28.37 -0.00120779
28.38 -0.00119664
28.39 -0.00118131
28.4 -0.00116181
28.41 -0.00113819
28.42 -0.00111051
28.43 -0.00107886
28.44 -0.00104334
28.45 -0.00100403
28.46 -0.000961032
28.47 -0.00091452
28.48 -0.000864791
28.49 -0.000812256
28.5 -0.000757349
28.51 -0.000700405
28.52 -0.00064164
28.53 -0.000581224
28.54 -0.000519334
28.55 -0.000456131
28.56 -0.000391693
28.57 -0.00032598
28.58 -0.000258892
28.59 -0.000190403
28.6 -0.000120631
28.61 -4.97803e-05
28.62 2.19655e-05
28.63 9.44793e-05
28.64 0.000167624
28.65 0.000241134
28.66 0.000314519
28.67 0.000387057
28.68 0.000457892
28.69 0.000526186
28.7 0.000591239
28.71 0.000652518
28.72 0.000709639
28.73 0.000762392
28.74 0.000810799
28.75 0.000855081
28.76 0.000895481
28.77 0.000932069
28.78 0.000964701
28.79 0.000993166
28.8 0.00101742
28.81 0.00103768
28.82 0.00105432
28.83 0.00106765
28.84 0.00107784
28.85 0.00108489
28.86 0.00108876
28.87 0.00108956
28.88 0.00108751
28.89 0.00108283
28.9 0.00107553
28.91 0.00106546
28.92 0.00105246
28.93 0.00103657
28.94 0.00101803
28.95 0.000997098
28.96 0.000973954
28.97 0.000948716
28.98 0.00092152
28.99 0.000892531
29 0.000861931
29.01 0.000829881
29.02 0.000796457
29.03 0.000761579
29.04 0.000725011
29.05 0.000686488
29.06 0.000645902
29.07 0.000603399
29.08 0.000559264
29.09 0.000513709
29.1 0.000466793
29.11 0.000418517
29.12 0.000368944
29.13 0.000318179
29.14 0.000266271
29.15 0.000213196
29.16 0.000158971
29.17 0.000103728
29.18 4.76617e-05
29.19 -9.06016e-06
29.2 -6.62811e-05
29.21 -0.000123762
29.22 -0.000181149
29.23 -0.000238037
29.24 -0.000294032
29.25 -0.000348748
29.26 -0.000401795
29.27 -0.000452809
29.28 -0.000501507
29.29 -0.000547722
29.3 -0.000591372
29.31 -0.000632372
29.32 -0.000670571
29.33 -0.000705756
29.34 -0.00073774
29.35 -0.000766445
29.36 -0.000791896
29.37 -0.000814128
29.38 -0.000833113
29.39 -0.000848781
29.4 -0.000861144
29.41 -0.000870409
29.42 -0.00087696
29.43 -0.000881132
29.44 -0.000882983
29.45 -0.000882316
29.46 -0.00087894
29.47 -0.000872881
29.48 -0.000864317
29.49 -0.000853363
29.5 -0.000839981
29.51 -0.000824083
29.52 -0.000805667
29.53 -0.000784877
29.54 -0.000761969
29.55 -0.000737196
29.56 -0.000710682
29.57 -0.000682379
29.58 -0.000652144
29.59 -0.000619906
29.6 -0.000585758
29.61 -0.000549864
29.62 -0.000512257
29.63 -0.000472781
29.64 -0.000431276
29.65 -0.000387774
29.66 -0.000342486
29.67 -0.000295633
29.68 -0.000247334
29.69 -0.000197635
29.7 -0.000146589
29.71 -9.42746e-05
29.72 -4.0759e-05
29.73 1.39079e-05
29.74 6.96318e-05
29.75 0.000126217
29.76 0.00018338
29.77 0.000240801
29.78 0.000298145
29.79 0.000355019
29.8 0.00041094
29.81 0.000465374
29.82 0.000517824
29.83 0.000567916
29.84 0.000615437
29.85 0.000660306
29.86 0.000702496
29.87 0.000741937
29.88 0.000778466
29.89 0.000811804
29.9 0.000841634
29.91 0.00086775
29.92 0.000890154
29.93 0.000908991
29.94 0.00092439
29.95 0.000936364
29.96 0.000944859
29.97 0.000949893
29.98 0.000951682
29.99 0.000950606
30 0.000947012
30.01 0.000941003
30.02 0.000932447
30.03 0.000921189
30.04 0.000907281
30.05 0.000890994
30.06 0.00087261
30.07 0.000852227
30.08 0.000829775
30.09 0.000805206
30.1 0.00077863
30.11 0.000750279
30.12 0.000720345
30.13 0.000688849
30.14 0.000655691
30.15 0.000620845
30.16 0.00058449
30.17 0.000546917
30.18 0.000508325
30.19 0.000468727
30.2 0.000428043
30.21 0.000386259
30.22 0.000343452
30.23 0.000299684
30.24 0.000254928
30.25 0.000209143
30.26 0.000162424
30.27 0.000115013
30.28 6.71738e-05
30.29 1.90622e-05
30.3 -2.92887e-05
30.31 -7.78658e-05
30.32 -0.000126535
30.33 -0.000174983
30.34 -0.0002228
30.35 -0.000269636
30.36 -0.000315271
30.37 -0.000359564
30.38 -0.000402342
30.39 -0.000443365
30.4 -0.000482378
30.41 -0.00051921
30.42 -0.000553806
30.43 -0.000586187
30.44 -0.000616375
30.45 -0.000644344
30.46 -0.000670056
30.47 -0.000693523
30.48 -0.000714849
30.49 -0.000734153
30.5 -0.000751468
30.51 -0.00076667
30.52 -0.000779543
30.53 -0.000789906
30.54 -0.000797722
30.55 -0.000803063
30.56 -0.000806006
30.57 -0.000806568
30.58 -0.000804733
30.59 -0.000800507
30.6 -0.000793918
30.61 -0.00078497
30.62 -0.00077366
30.63 -0.000760063
30.64 -0.000744339
30.65 -0.000726582
30.66 -0.000706681
30.67 -0.00068442
30.68 -0.000659764
30.69 -0.000633032
30.7 -0.000604781
30.71 -0.000575461
30.72 -0.000545159
30.73 -0.000513661
30.74 -0.000480757
30.75 -0.000446499
30.76 -0.000411207
30.77 -0.000375238
30.78 -0.00033874
30.79 -0.000301608
30.8 -0.000263659
30.81 -0.000224843
30.82 -0.000185301
30.83 -0.000145275
30.84 -0.000104963
30.85 -6.44739e-05
30.86 -2.39259e-05
30.87 1.64373e-05
30.88 5.62566e-05
30.89 9.51651e-05
30.9 0.000132854
30.91 0.000169074
30.92 0.000203622
30.93 0.000236313
30.94 0.000266927
30.95 0.000295217
30.96 0.000321017
30.97 0.000344333
30.98 0.000365297
30.99 0.000384048
31 0.000400659
31.01 0.000415149
31.02 0.000427514
31.03 0.000437711
31.04 0.000445644
31.05 0.000451198
31.06 0.000454324
31.07 0.000455112
31.08 0.000453767
31.09 0.000450531
31.1 0.000445594
31.11 0.000439051
31.12 0.000430923
31.13 0.000421248
31.14 0.000410154
31.15 0.000397835
31.16 0.000384479
31.17 0.000370252
31.18 0.000355321
31.19 0.000339825
31.2 0.000323828
31.21 0.00030731
31.22 0.000290199
31.23 0.000272378
31.24 0.000253672
31.25 0.000233885
31.26 0.000212878
31.27 0.000190654
31.28 0.000167308
31.29 0.000142883
31.3 0.000117292
31.31 9.04148e-05
31.32 6.22273e-05
31.33 3.28419e-05
31.34 2.43036e-06
31.35 -2.88813e-05
31.36 -6.10558e-05
31.37 -9.4101e-05
31.38 -0.00012799
31.39 -0.00016262
31.4 -0.000197828
31.41 -0.000233446
31.42 -0.000269324
31.43 -0.000305291
31.44 -0.000341079
31.45 -0.000376302
31.46 -0.000410507
31.47 -0.00044324
31.48 -0.000474127
31.49 -0.000502908
31.5 -0.000529404
31.51 -0.000553433
31.52 -0.000574804
31.53 -0.000593426
31.54 -0.000609404
31.55 -0.000622933
31.56 -0.000634076
31.57 -0.000642626
31.58 -0.000648227
31.59 -0.000650602
31.6 -0.000649701
31.61 -0.000645673
31.62 -0.000638722
31.63 -0.000628944
31.64 -0.000616274
31.65 -0.000600596
31.66 -0.000581891
31.67 -0.000560257
31.68 -0.000535799
31.69 -0.00050855
31.7 -0.000478534
31.71 -0.000445897
31.72 -0.000410951
31.73 -0.000374048
31.74 -0.000335407
31.75 -0.000295053
31.76 -0.000252891
31.77 -0.000208836
31.78 -0.000162907
31.79 -0.000115239
31.8 -6.60063e-05
31.81 -1.53669e-05
31.82 3.65356e-05
31.83 8.95319e-05
31.84 0.000143393
31.85 0.000197806
31.86 0.000252338
31.87 0.000306454
31.88 0.000359616
31.89 0.000411372
31.9 0.000461351
31.91 0.00050922
31.92 0.000554711
31.93 0.000597683
31.94 0.00063812
31.95 0.000676032
31.96 0.000711359
31.97 0.000743929
31.98 0.000773488
31.99 0.000799772
32 0.000822594
32.01 0.000841869
32.02 0.000857593
32.03 0.000869818
32.04 0.000878648
32.05 0.000884237
32.06 0.000886741
32.07 0.00088626
32.08 0.000882849
32.09 0.000876586
32.1 0.000867602
32.11 0.000856023
32.12 0.000841906
32.13 0.000825275
32.14 0.000806235
32.15 0.000785003
32.16 0.000761824
32.17 0.000736844
32.18 0.000710098
32.19 0.000681594
32.2 0.000651407
32.21 0.000619676
32.22 0.000586539
32.23 0.000552071
32.24 0.000516282
32.25 0.000479176
32.26 0.000440806
32.27 0.000401287
32.28 0.000360762
32.29 0.000319371
32.3 0.000277252
32.31 0.000234584
32.32 0.00019158
32.33 0.000148415
32.34 0.000105177
32.35 6.18976e-05
32.36 1.86397e-05
32.37 -2.44426e-05
32.38 -6.7131e-05
32.39 -0.000109222
32.4 -0.000150586
32.41 -0.00019115
32.42 -0.000230788
32.43 -0.000269248
32.44 -0.000306199
32.45 -0.000341363
32.46 -0.00037463
32.47 -0.000406052
32.48 -0.000435709
32.49 -0.000463548
32.5 -0.00048937
32.51 -0.000512996
32.52 -0.000534408
32.53 -0.000553731
32.54 -0.000571054
32.55 -0.000586298
32.56 -0.000599268
32.57 -0.00060982
32.58 -0.000617974
32.59 -0.000623861
32.6 -0.000627586
32.61 -0.000629147
32.62 -0.000628469
32.63 -0.00062552
32.64 -0.000620376
32.65 -0.000613176
32.66 -0.00060404
32.67 -0.000593051
32.68 -0.000580297
32.69 -0.000565921
32.7 -0.000550134
32.71 -0.000533154
32.72 -0.00051512
32.73 -0.00049607
32.74 -0.000476
32.75 -0.000454933
32.76 -0.000432902
32.77 -0.000409899
32.78 -0.000385879
32.79 -0.000360822
32.8 -0.000334781
32.81 -0.000307874
32.82 -0.000280264
32.83 -0.000252129
32.84 -0.000223616
32.85 -0.000194785
32.86 -0.000165629
32.87 -0.000136184
32.88 -0.000106619
32.89 -7.7217e-05
32.9 -4.82147e-05
32.91 -1.96852e-05
32.92 8.42362e-06
32.93 3.61472e-05
32.94 6.34006e-05
32.95 8.99928e-05
32.96 0.00011574
32.97 0.00014057
32.98 0.000164499
32.99 0.000187521
33 0.000209538
33.01 0.0002304
33.02 0.000250008
33.03 0.000268373
33.04 0.000285597
33.05 0.000301771
33.06 0.000316896
33.07 0.000330898
33.08 0.000343715
33.09 0.000355332
33.1 0.000365766
33.11 0.000375017
33.12 0.000383058
33.13 0.000389858
33.14 0.000395414
33.15 0.000399764
33.16 0.00040298
33.17 0.000405163
33.18 0.000406418
33.19 0.000406823
33.2 0.000406395
33.21 0.000405073
33.22 0.000402743
33.23 0.000399294
33.24 0.000394663
33.25 0.00038886
33.26 0.000381927
33.27 0.000373888
33.28 0.000364719
33.29 0.000354383
33.3 0.000342866
33.31 0.00033021
33.32 0.000316497
33.33 0.000301798
33.34 0.000286149
33.35 0.000269557
33.36 0.000252019
33.37 0.000233551
33.38 0.000214212
33.39 0.000194125
33.4 0.000173436
33.41 0.000152255
33.42 0.000130633
33.43 0.000108622
33.44 8.63259e-05
33.45 6.38975e-05
33.46 4.14657e-05
33.47 1.90997e-05
33.48 -3.16386e-06
33.49 -2.52852e-05
33.5 -4.72207e-05
33.51 -6.89367e-05
33.52 -9.04011e-05
33.53 -0.000111558
33.54 -0.000132316
33.55 -0.000152577
33.56 -0.000172272
33.57 -0.000191372
33.58 -0.000209839
33.59 -0.000227592
33.6 -0.000244511
33.61 -0.000260489
33.62 -0.000275481
33.63 -0.000289503
33.64 -0.000302585
33.65 -0.000314722
33.66 -0.000325868
33.67 -0.000335969
33.68 -0.000345
33.69 -0.000352966
33.7 -0.00035989
33.71 -0.000365788
33.72 -0.000370663
33.73 -0.000374514
33.74 -0.000377348
33.75 -0.000379187
33.76 -0.000380062
33.77 -0.000379984
33.78 -0.000378934
33.79 -0.000376882
33.8 -0.000373811
33.81 -0.000369726
33.82 -0.000364641
33.83 -0.000358556
33.84 -0.000351451
33.85 -0.0003433
33.86 -0.0003341
33.87 -0.00032389
33.88 -0.000312734
33.89 -0.000300696
33.9 -0.000287822
33.91 -0.000274143
33.92 -0.000259685
33.93 -0.000244473
33.94 -0.000228532
33.95 -0.000211896
33.96 -0.000194613
33.97 -0.000176744
33.98 -0.00015835
33.99 -0.000139483
34 -0.000120195
34.01 -0.000100542
34.02 -8.05877e-05
34.03 -6.0401e-05
34.04 -4.00582e-05
34.05 -1.96405e-05
34.06 7.70437e-07
34.07 2.10983e-05
34.08 4.12709e-05
34.09 6.12152e-05
34.1 8.08565e-05
34.11 0.000100124
34.12 0.000118953
34.13 0.000137284
34.14 0.000155052
34.15 0.000172189
34.16 0.000188628
34.17 0.000204307
34.18 0.000219177
34.19 0.000233195
34.2 0.000246328
34.21 0.000258543
34.22 0.000269811
34.23 0.000280112
34.24 0.000289429
34.25 0.000297748
34.26 0.000305055
34.27 0.000311336
34.28 0.000316575
34.29 0.000320756
34.3 0.000323869
34.31 0.000325905
34.32 0.00032686
34.33 0.00032673
34.34 0.000325518
34.35 0.000323233
34.36 0.000319893
34.37 0.000315521
34.38 0.000310138
34.39 0.000303767
34.4 0.000296429
34.41 0.000288143
34.42 0.000278937
34.43 0.000268842
34.44 0.000257892
34.45 0.000246124
34.46 0.000233573
34.47 0.000220281
34.48 0.000206293
34.49 0.000191659
34.5 0.000176434
34.51 0.000160671
34.52 0.000144427
34.53 0.000127754
34.54 0.000110712
34.55 9.3355e-05
34.56 7.57434e-05
34.57 5.79367e-05
34.58 3.99966e-05
34.59 2.19861e-05
34.6 3.97005e-06
34.61 -1.39856e-05
34.62 -3.1814e-05
34.63 -4.94479e-05
34.64 -6.68208e-05
34.65 -8.38681e-05
34.66 -0.000100528
34.67 -0.000116742
34.68 -0.000132456
34.69 -0.000147619
34.7 -0.000162182
34.71 -0.000176101
34.72 -0.000189334
34.73 -0.000201842
34.74 -0.000213588
34.75 -0.000224537
34.76 -0.000234658
34.77 -0.000243924
34.78 -0.000252308
34.79 -0.00025979
34.8 -0.000266351
34.81 -0.000271976
34.82 -0.000276652
34.83 -0.000280372
34.84 -0.000283129
34.85 -0.000284917
34.86 -0.000285737
34.87 -0.000285586
34.88 -0.000284469
34.89 -0.000282389
34.9 -0.000279354
34.91 -0.000275374
34.92 -0.000270463
34.93 -0.000264637
34.94 -0.000257919
34.95 -0.00025033
34.96 -0.000241898
34.97 -0.000232654
34.98 -0.000222629
34.99 -0.000211862
35 -0.000200392
35.01 -0.000188261
35.02 -0.00017551
35.03 -0.000162177
35.04 -0.000148305
35.05 -0.000133941
35.06 -0.000119137
35.07 -0.000103949
35.08 -8.84292e-05
35.09 -7.26342e-05
35.1 -5.66202e-05
35.11 -4.0446e-05
35.12 -2.41729e-05
35.13 -7.86234e-06
35.14 8.42471e-06
35.15 2.46287e-05
35.16 4.06909e-05
35.17 5.65527e-05
35.18 7.2156e-05
35.19 8.74437e-05
35.2 0.000102361
35.21 0.000116855
35.22 0.000130877
35.23 0.00014438
35.24 0.000157321
35.25 0.000169657
35.26 0.000181354
35.27 0.000192376
35.28 0.000202694
35.29 0.000212282
35.3 0.000221115
35.31 0.000229171
35.32 0.000236431
35.33 0.000242875
35.34 0.000248489
35.35 0.000253259
35.36 0.000257173
35.37 0.00026022
35.38 0.000262393
35.39 0.000263686
35.4 0.000264097
35.41 0.000263626
35.42 0.000262276
35.43 0.000260052
35.44 0.000256961
35.45 0.000253013
35.46 0.000248224
35.47 0.000242606
35.48 0.00023618
35.49 0.000228965
35.5 0.000220985
35.51 0.000212267
35.52 0.000202839
35.53 0.000192732
35.54 0.000181982
35.55 0.000170623
35.56 0.000158697
35.57 0.000146242
35.58 0.000133304
35.59 0.000119926
35.6 0.000106156
35.61 9.20412e-05
35.62 7.76325e-05
35.63 6.29809e-05
35.64 4.81389e-05
35.65 3.31605e-05
35.66 1.81005e-05
35.67 3.01427e-06
35.68 -1.20422e-05
35.69 -2.70129e-05
35.7 -4.18423e-05
35.71 -5.64755e-05
35.72 -7.08589e-05
35.73 -8.49404e-05
35.74 -9.867e-05
35.75 -0.000112
35.76 -0.000124884
35.77 -0.000137281
35.78 -0.000149149
35.79 -0.000160452
35.8 -0.000171156
35.81 -0.000181229
35.82 -0.000190642
35.83 -0.000199369
35.84 -0.000207386
35.85 -0.000214674
35.86 -0.000221212
35.87 -0.000226986
35.88 -0.00023198
35.89 -0.000236183
35.9 -0.000239585
35.91 -0.000242179
35.92 -0.000243958
35.93 -0.00024492
35.94 -0.000245061
35.95 -0.000244384
35.96 -0.000242891
35.97 -0.000240587
35.98 -0.00023748
35.99 -0.00023358
36 -0.000228901
36.01 -0.000223457
36.02 -0.000217267
36.03 -0.000210351
36.04 -0.000202733
36.05 -0.000194437
36.06 -0.000185493
36.07 -0.00017593
36.08 -0.000165782
36.09 -0.000155082
36.1 -0.000143867
36.11 -0.000132178
36.12 -0.000120053
36.13 -0.000107537
36.14 -9.46733e-05
36.15 -8.15076e-05
36.16 -6.80874e-05
36.17 -5.44611e-05
36.18 -4.06782e-05
36.19 -2.67888e-05
36.2 -1.28438e-05
36.21 1.10586e-06
36.22 1.50093e-05
36.23 2.88159e-05
36.24 4.24756e-05
36.25 5.59393e-05
36.26 6.91591e-05
36.27 8.20885e-05
36.28 9.4683e-05
36.29 0.0001069
36.3 0.000118698
36.31 0.00013004
36.32 0.000140889
36.33 0.000151212
36.34 0.000160978
36.35 0.000170159
36.36 0.000178728
36.37 0.000186661
36.38 0.000193936
36.39 0.000200534
36.4 0.000206438
36.41 0.00021163
36.42 0.000216099
36.43 0.000219832
36.44 0.00022282
36.45 0.000225054
36.46 0.00022653
36.47 0.000227243
36.48 0.000227192
36.49 0.000226379
36.5 0.000224805
36.51 0.000222477
36.52 0.000219402
36.53 0.000215591
36.54 0.000211055
36.55 0.00020581
36.56 0.000199874
36.57 0.000193265
36.58 0.000186007
36.59 0.000178124
36.6 0.000169642
36.61 0.000160592
36.62 0.000151003
36.63 0.000140909
36.64 0.000130347
36.65 0.000119352
36.66 0.000107964
36.67 9.62233e-05
36.68 8.4172e-05
36.69 7.18534e-05
36.7 5.93122e-05
36.71 4.6594e-05
36.72 3.37451e-05
36.73 2.08127e-05
36.74 7.8441e-06
36.75 -5.1131e-06
36.76 -1.80116e-05
36.77 -3.08044e-05
36.78 -4.34453e-05
36.79 -5.58891e-05
36.8 -6.8092e-05
36.81 -8.00115e-05
36.82 -9.16069e-05
36.83 -0.000102839
36.84 -0.000113672
36.85 -0.000124071
36.86 -0.000134004
36.87 -0.00014344
36.88 -0.000152351
36.89 -0.000160712
36.9 -0.0001685
36.91 -0.000175691
36.92 -0.000182268
36.93 -0.000188212
36.94 -0.000193507
36.95 -0.00019814
36.96 -0.000202098
36.97 -0.000205371
36.98 -0.000207949
36.99 -0.000209828
37 -0.000211001
37.01 -0.000211465
37.02 -0.000211221
37.03 -0.000210268
37.04 -0.00020861
37.05 -0.000206253
37.06 -0.000203205
37.07 -0.000199474
37.08 -0.000195074
37.09 -0.000190019
37.1 -0.000184325
37.11 -0.000178013
37.12 -0.000171102
37.13 -0.000163617
37.14 -0.000155583
37.15 -0.000147029
37.16 -0.000137983
37.17 -0.000128477
37.18 -0.000118545
37.19 -0.000108221
37.2 -9.75435e-05
37.21 -8.65491e-05
37.22 -7.52776e-05
37.23 -6.37697e-05
37.24 -5.2067e-05
37.25 -4.02119e-05
37.26 -2.82476e-05
37.27 -1.62176e-05
37.28 -4.16575e-06
37.29 7.86425e-06
37.3 1.98289e-05
37.31 3.16851e-05
37.32 4.33906e-05
37.33 5.4904e-05
37.34 6.61853e-05
37.35 7.71954e-05
37.36 8.78973e-05
37.37 9.82553e-05
37.38 0.000108236
37.39 0.000117807
37.4 0.000126938
37.41 0.000135602
37.42 0.000143773
37.43 0.000151426
37.44 0.00015854
37.45 0.000165094
37.46 0.00017107
37.47 0.000176451
37.48 0.000181224
37.49 0.000185374
37.5 0.000188891
37.51 0.000191764
37.52 0.000193988
37.53 0.000195554
37.54 0.000196461
37.55 0.000196704
37.56 0.000196285
37.57 0.000195204
37.58 0.000193467
37.59 0.000191077
37.6 0.000188045
37.61 0.000184379
37.62 0.000180092
37.63 0.000175198
37.64 0.000169715
37.65 0.00016366
37.66 0.000157054
37.67 0.000149921
37.68 0.000142284
37.69 0.000134171
37.7 0.00012561
37.71 0.000116631
37.72 0.000107267
37.73 9.75499e-05
37.74 8.75153e-05
37.75 7.71991e-05
37.76 6.66384e-05
37.77 5.58715e-05
37.78 4.49373e-05
37.79 3.38754e-05
37.8 2.27261e-05
37.81 1.15295e-05
37.82 3.26179e-07
37.83 -1.08437e-05
37.84 -2.19401e-05
37.85 -3.29238e-05
37.86 -4.37562e-05
37.87 -5.43998e-05
37.88 -6.48179e-05
37.89 -7.49755e-05
37.9 -8.48389e-05
37.91 -9.43757e-05
37.92 -0.000103555
37.93 -0.000112349
37.94 -0.00012073
37.95 -0.000128671
37.96 -0.00013615
37.97 -0.000143145
37.98 -0.000149635
37.99 -0.000155601
38 -0.000161026
38.01 -0.000165895
38.02 -0.000170194
38.03 -0.000173912
38.04 -0.000177037
38.05 -0.000179561
38.06 -0.000181476
38.07 -0.000182778
38.08 -0.000183462
38.09 -0.000183527
38.1 -0.000182974
38.11 -0.000181803
38.12 -0.000180019
38.13 -0.000177628
38.14 -0.000174638
38.15 -0.000171059
38.16 -0.000166903
38.17 -0.000162184
38.18 -0.000156918
38.19 -0.000151124
38.2 -0.000144821
38.21 -0.000138031
38.22 -0.000130778
38.23 -0.000123088
38.24 -0.000114987
38.25 -0.000106506
38.26 -9.76729e-05
38.27 -8.85208e-05
38.28 -7.90824e-05
38.29 -6.93916e-05
38.3 -5.94835e-05
38.31 -4.93941e-05
38.32 -3.91599e-05
38.33 -2.8818e-05
38.34 -1.84059e-05
38.35 -7.96124e-06
38.36 2.47852e-06
38.37 1.2876e-05
38.38 2.31942e-05
38.39 3.33968e-05
38.4 4.34483e-05
38.41 5.3314e-05
38.42 6.29604e-05
38.43 7.23551e-05
38.44 8.14672e-05
38.45 9.0267e-05
38.46 9.87265e-05
38.47 0.000106819
38.48 0.00011452
38.49 0.000121805
38.5 0.000128653
38.51 0.000135044
38.52 0.00014096
38.53 0.000146382
38.54 0.000151295
38.55 0.000155685
38.56 0.000159541
38.57 0.00016285
38.58 0.000165604
38.59 0.000167795
38.6 0.000169416
38.61 0.000170463
38.62 0.000170934
38.63 0.000170826
38.64 0.000170141
38.65 0.000168881
38.66 0.00016705
38.67 0.000164655
38.68 0.000161704
38.69 0.000158207
38.7 0.000154175
38.71 0.000149622
38.72 0.000144565
38.73 0.00013902
38.74 0.000133007
38.75 0.000126547
38.76 0.000119663
38.77 0.000112379
38.78 0.000104721
38.79 9.6716e-05
38.8 8.83933e-05
38.81 7.97824e-05
38.82 7.09143e-05
38.83 6.1821e-05
38.84 5.25354e-05
38.85 4.30909e-05
38.86 3.35215e-05
38.87 2.38619e-05
38.88 1.41465e-05
38.89 4.41037e-06
38.9 -5.31199e-06
38.91 -1.49861e-05
38.92 -2.4578e-05
38.93 -3.40541e-05
38.94 -4.3382e-05
38.95 -5.25296e-05
38.96 -6.14661e-05
38.97 -7.01619e-05
38.98 -7.85884e-05
38.99 -8.67182e-05
39 -9.45254e-05
39.01 -0.000101985
39.02 -0.000109075
39.03 -0.000115773
39.04 -0.000122058
39.05 -0.000127912
39.06 -0.000133317
39.07 -0.000138258
39.08 -0.000142719
39.09 -0.000146689
39.1 -0.000150154
39.11 -0.000153106
39.12 -0.000155535
39.13 -0.000157435
39.14 -0.0001588
39.15 -0.000159627
39.16 -0.000159912
39.17 -0.000159656
39.18 -0.00015886
39.19 -0.000157526
39.2 -0.00015566
39.21 -0.000153267
39.22 -0.000150357
39.23 -0.000146938
39.24 -0.000143024
39.25 -0.000138627
39.26 -0.000133763
39.27 -0.000128449
39.28 -0.000122704
39.29 -0.000116547
39.3 -0.000110002
39.31 -0.000103092
39.32 -9.58398e-05
39.33 -8.82732e-05
39.34 -8.04188e-05
39.35 -7.23051e-05
39.36 -6.39612e-05
39.37 -5.54173e-05
39.38 -4.67041e-05
39.39 -3.78531e-05
39.4 -2.88961e-05
39.41 -1.98651e-05
39.42 -1.07924e-05
39.43 -1.71034e-06
39.44 7.34907e-06
39.45 1.63541e-05
39.46 2.52733e-05
39.47 3.40759e-05
39.48 4.2732e-05
39.49 5.12123e-05
39.5 5.94885e-05
39.51 6.75334e-05
39.52 7.53207e-05
39.53 8.28254e-05
39.54 9.00237e-05
39.55 9.68929e-05
39.56 0.000103412
39.57 0.000109561
39.58 0.00011532
39.59 0.000120673
39.6 0.000125604
39.61 0.000130097
39.62 0.00013414
39.63 0.00013772
39.64 0.000140827
39.65 0.000143452
39.66 0.000145586
39.67 0.000147224
39.68 0.000148361
39.69 0.000148993
39.7 0.000149119
39.71 0.000148738
39.72 0.000147853
39.73 0.000146466
39.74 0.000144582
39.75 0.000142208
39.76 0.000139352
39.77 0.000136024
39.78 0.000132236
39.79 0.000128
39.8 0.000123333
39.81 0.000118249
39.82 0.000112768
39.83 0.000106909
39.84 0.000100693
39.85 9.41416e-05
39.86 8.72789e-05
39.87 8.01294e-05
39.88 7.2719e-05
39.89 6.50742e-05
39.9 5.72227e-05
39.91 4.91927e-05
39.92 4.10132e-05
39.93 3.27134e-05
39.94 2.43233e-05
39.95 1.58726e-05
39.96 7.39154e-06
39.97 -1.08999e-06
39.98 -9.54217e-06
39.99 -1.79355e-05
40 -2.6241e-05
40.01 -3.44301e-05
40.02 -4.2475e-05
40.03 -5.03487e-05
40.04 -5.8025e-05
40.05 -6.54786e-05
40.06 -7.26854e-05
40.07 -7.96221e-05
40.08 -8.62668e-05
40.09 -9.25984e-05
40.1 -9.85974e-05
40.11 -0.000104245
40.12 -0.000109524
40.13 -0.000114419
40.14 -0.000118914
40.15 -0.000122997
40.16 -0.000126654
40.17 -0.000129875
40.18 -0.000132651
40.19 -0.000134973
40.2 -0.000136834
40.21 -0.000138228
40.22 -0.000139153
40.23 -0.000139604
40.24 -0.000139582
40.25 -0.000139086
40.26 -0.000138119
40.27 -0.000136684
40.28 -0.000134785
40.29 -0.000132431
40.3 -0.000129629
40.31 -0.000126389
40.32 -0.000122723
40.33 -0.000118643
40.34 -0.000114164
40.35 -0.000109302
40.36 -0.000104074
40.37 -9.84991e-05
40.38 -9.2597e-05
40.39 -8.63889e-05
40.4 -7.9897e-05
40.41 -7.31449e-05
40.42 -6.61566e-05
40.43 -5.89574e-05
40.44 -5.1573e-05
40.45 -4.40301e-05
40.46 -3.63555e-05
40.47 -2.85768e-05
40.48 -2.07215e-05
40.49 -1.28175e-05
40.5 -4.89282e-06
40.51 3.02491e-06
40.52 1.0908e-05
40.53 1.87293e-05
40.54 2.64618e-05
40.55 3.40792e-05
40.56 4.15558e-05
40.57 4.88667e-05
40.58 5.59876e-05
40.59 6.28951e-05
40.6 6.95668e-05
40.61 7.59813e-05
40.62 8.21181e-05
40.63 8.79578e-05
40.64 9.3482e-05
40.65 9.86736e-05
40.66 0.000103516
40.67 0.000107996
40.68 0.000112098
40.69 0.00011581
40.7 0.000119121
40.71 0.00012202
40.72 0.0001245
40.73 0.000126552
40.74 0.000128171
40.75 0.000129351
40.76 0.00013009
40.77 0.000130385
40.78 0.000130235
40.79 0.000129642
40.8 0.000128608
40.81 0.000127137
40.82 0.000125234
40.83 0.000122906
40.84 0.000120161
40.85 0.00011701
40.86 0.000113462
40.87 0.000109532
40.88 0.000105233
40.89 0.000100581
40.9 9.55915e-05
40.91 9.02834e-05
40.92 8.46755e-05
40.93 7.8788e-05
40.94 7.26421e-05
40.95 6.62599e-05
40.96 5.96644e-05
40.97 5.28792e-05
40.98 4.59287e-05
40.99 3.88378e-05
41 3.16317e-05
41.01 2.43361e-05
41.02 1.69769e-05
41.03 9.57989e-06
41.04 2.17112e-06
41.05 -5.22361e-06
41.06 -1.25787e-05
41.07 -1.98688e-05
41.08 -2.70692e-05
41.09 -3.41554e-05
41.1 -4.11036e-05
41.11 -4.78908e-05
41.12 -5.44945e-05
41.13 -6.08933e-05
41.14 -6.70663e-05
41.15 -7.29937e-05
41.16 -7.86567e-05
41.17 -8.40373e-05
41.18 -8.91187e-05
41.19 -9.38848e-05
41.2 -9.8321e-05
41.21 -0.000102413
41.22 -0.00010615
41.23 -0.000109518
41.24 -0.000112508
41.25 -0.000115111
41.26 -0.000117319
41.27 -0.000119124
41.28 -0.000120523
41.29 -0.00012151
41.3 -0.000122083
41.31 -0.00012224
41.32 -0.000121981
41.33 -0.000121307
41.34 -0.000120222
41.35 -0.000118728
41.36 -0.000116832
41.37 -0.000114541
41.38 -0.000111862
41.39 -0.000108805
41.4 -0.000105382
41.41 -0.000101604
41.42 -9.74847e-05
41.43 -9.30396e-05
41.44 -8.82843e-05
41.45 -8.32359e-05
41.46 -7.79126e-05
41.47 -7.23335e-05
41.48 -6.65186e-05
41.49 -6.04888e-05
41.5 -5.42659e-05
41.51 -4.7872e-05
41.52 -4.13301e-05
41.53 -3.46635e-05
41.54 -2.78958e-05
41.55 -2.10511e-05
41.56 -1.41534e-05
41.57 -7.22708e-06
41.58 -2.9622e-07
41.59 6.6151e-06
41.6 1.3483e-05
41.61 2.02841e-05
41.62 2.69951e-05
41.63 3.35933e-05
41.64 4.00568e-05
41.65 4.6364e-05
41.66 5.24941e-05
41.67 5.84271e-05
41.68 6.41437e-05
41.69 6.96255e-05
41.7 7.48549e-05
41.71 7.98153e-05
41.72 8.44911e-05
41.73 8.88675e-05
41.74 9.29309e-05
41.75 9.66686e-05
41.76 0.000100069
41.77 0.000103122
41.78 0.000105817
41.79 0.000108147
41.8 0.000110105
41.81 0.000111684
41.82 0.00011288
41.83 0.000113689
41.84 0.00011411
41.85 0.000114141
41.86 0.000113782
41.87 0.000113036
41.88 0.000111905
41.89 0.000110394
41.9 0.000108508
41.91 0.000106253
41.92 0.000103639
41.93 0.000100675
41.94 9.73712e-05
41.95 9.37395e-05
41.96 8.97933e-05
41.97 8.55466e-05
41.98 8.10147e-05
41.99 7.6214e-05
42 7.11618e-05
42.01 6.58761e-05
42.02 6.03759e-05
42.03 5.46809e-05
42.04 4.88116e-05
42.05 4.27887e-05
42.06 3.66339e-05
42.07 3.03688e-05
42.08 2.40156e-05
42.09 1.75968e-05
42.1 1.11348e-05
42.11 4.65215e-06
42.12 -1.82863e-06
42.13 -8.2852e-06
42.14 -1.46954e-05
42.15 -2.10374e-05
42.16 -2.72897e-05
42.17 -3.34314e-05
42.18 -3.94418e-05
42.19 -4.53011e-05
42.2 -5.09899e-05
42.21 -5.64897e-05
42.22 -6.17826e-05
42.23 -6.68514e-05
42.24 -7.16799e-05
42.25 -7.62527e-05
42.26 -8.05552e-05
42.27 -8.45738e-05
42.28 -8.82959e-05
42.29 -9.17097e-05
42.3 -9.48047e-05
42.31 -9.75711e-05
42.32 -0.0001
42.33 -0.000102085
42.34 -0.000103819
42.35 -0.000105196
42.36 -0.000106213
42.37 -0.000106867
42.38 -0.000107156
42.39 -0.000107079
42.4 -0.000106638
42.41 -0.000105834
42.42 -0.00010467
42.43 -0.000103151
42.44 -0.000101283
42.45 -9.90721e-05
42.46 -9.65266e-05
42.47 -9.36559e-05
42.48 -9.04703e-05
42.49 -8.69813e-05
42.5 -8.32017e-05
42.51 -7.9145e-05
42.52 -7.48258e-05
42.53 -7.02598e-05
42.54 -6.54633e-05
42.55 -6.04536e-05
42.56 -5.52486e-05
42.57 -4.9867e-05
42.58 -4.43279e-05
42.59 -3.86511e-05
42.6 -3.28567e-05
42.61 -2.69652e-05
42.62 -2.09974e-05
42.63 -1.49743e-05
42.64 -8.91677e-06
42.65 -2.84596e-06
42.66 3.21715e-06
42.67 9.25173e-06
42.68 1.52371e-05
42.69 2.11531e-05
42.7 2.69795e-05
42.71 3.2697e-05
42.72 3.82863e-05
42.73 4.37292e-05
42.74 4.90075e-05
42.75 5.41041e-05
42.76 5.90024e-05
42.77 6.36865e-05
42.78 6.81415e-05
42.79 7.2353e-05
42.8 7.63076e-05
42.81 7.99928e-05
42.82 8.33969e-05
42.83 8.65093e-05
42.84 8.93202e-05
42.85 9.18208e-05
42.86 9.40033e-05
42.87 9.58611e-05
42.88 9.73885e-05
42.89 9.85809e-05
42.9 9.94347e-05
42.91 9.99476e-05
42.92 0.000100118
42.93 9.9947e-05
42.94 9.94344e-05
42.95 9.85828e-05
42.96 9.73956e-05
42.97 9.58773e-05
42.98 9.40336e-05
42.99 9.18712e-05
43 8.93982e-05
43.01 8.66234e-05
43.02 8.35571e-05
43.03 8.02102e-05
43.04 7.6595e-05
43.05 7.27243e-05
43.06 6.86122e-05
43.07 6.42735e-05
43.08 5.97236e-05
43.09 5.4979e-05
43.1 5.00565e-05
43.11 4.49737e-05
43.12 3.97487e-05
43.13 3.44001e-05
43.14 2.89467e-05
43.15 2.34077e-05
43.16 1.78026e-05
43.17 1.2151e-05
43.18 6.47253e-06
43.19 7.86884e-07
43.2 -4.88635e-06
43.21 -1.05277e-05
43.22 -1.6118e-05
43.23 -2.16382e-05
43.24 -2.70697e-05
43.25 -3.23944e-05
43.26 -3.75944e-05
43.27 -4.26525e-05
43.28 -4.75521e-05
43.29 -5.22771e-05
43.3 -5.68121e-05
43.31 -6.11424e-05
43.32 -6.5254e-05
43.33 -6.91336e-05
43.34 -7.2769e-05
43.35 -7.61485e-05
43.36 -7.92613e-05
43.37 -8.20977e-05
43.38 -8.46488e-05
43.39 -8.69066e-05
43.4 -8.88641e-05
43.41 -9.05152e-05
43.42 -9.1855e-05
43.43 -9.28795e-05
43.44 -9.35857e-05
43.45 -9.39719e-05
43.46 -9.40371e-05
43.47 -9.37816e-05
43.48 -9.32069e-05
43.49 -9.23154e-05
43.5 -9.11105e-05
43.51 -8.9597e-05
43.52 -8.77805e-05
43.53 -8.56677e-05
43.54 -8.32664e-05
43.55 -8.05855e-05
43.56 -7.76345e-05
43.57 -7.44244e-05
43.58 -7.09665e-05
43.59 -6.72735e-05
43.6 -6.33586e-05
43.61 -5.92359e-05
43.62 -5.49201e-05
43.63 -5.04267e-05
43.64 -4.57716e-05
43.65 -4.09715e-05
43.66 -3.60433e-05
43.67 -3.10044e-05
43.68 -2.58726e-05
43.69 -2.06659e-05
43.7 -1.54025e-05
43.71 -1.01007e-05
43.72 -4.77884e-06
43.73 5.4465e-07
43.74 5.85152e-06
43.75 1.11236e-05
43.76 1.63431e-05
43.77 2.14922e-05
43.78 2.65536e-05
43.79 3.15105e-05
43.8 3.63463e-05
43.81 4.10449e-05
43.82 4.55909e-05
43.83 4.99694e-05
43.84 5.41661e-05
43.85 5.81673e-05
43.86 6.19601e-05
43.87 6.55323e-05
43.88 6.88724e-05
43.89 7.19697e-05
43.9 7.48144e-05
43.91 7.73974e-05
43.92 7.97107e-05
43.93 8.1747e-05
43.94 8.34999e-05
43.95 8.49641e-05
43.96 8.61352e-05
43.97 8.70097e-05
43.98 8.75851e-05
43.99 8.786e-05
44 8.7834e-05
44.01 8.75075e-05
44.02 8.68824e-05
44.03 8.5961e-05
44.04 8.47472e-05
44.05 8.32454e-05
44.06 8.14615e-05
44.07 7.9402e-05
44.08 7.70744e-05
44.09 7.44874e-05
44.1 7.16503e-05
44.11 6.85734e-05
44.12 6.52679e-05
44.13 6.17456e-05
44.14 5.80193e-05
44.15 5.41023e-05
44.16 5.00086e-05
44.17 4.57527e-05
44.18 4.135e-05
44.19 3.68159e-05
44.2 3.21665e-05
44.21 2.74182e-05
44.22 2.25877e-05
44.23 1.76918e-05
44.24 1.27477e-05
44.25 7.77253e-06
44.26 2.78345e-06
44.27 -2.20233e-06
44.28 -7.16773e-06
44.29 -1.20958e-05
44.3 -1.69699e-05
44.31 -2.17734e-05
44.32 -2.64903e-05
44.33 -3.11048e-05
44.34 -3.56015e-05
44.35 -3.99655e-05
44.36 -4.41824e-05
44.37 -4.82384e-05
44.38 -5.21202e-05
44.39 -5.58153e-05
44.4 -5.93116e-05
44.41 -6.25979e-05
44.42 -6.56636e-05
44.43 -6.84989e-05
44.44 -7.10948e-05
44.45 -7.3443e-05
44.46 -7.55363e-05
44.47 -7.73681e-05
44.48 -7.89326e-05
44.49 -8.02251e-05
44.5 -8.12418e-05
44.51 -8.19797e-05
44.52 -8.24368e-05
44.53 -8.26121e-05
44.54 -8.25054e-05
44.55 -8.21175e-05
44.56 -8.14504e-05
44.57 -8.05067e-05
44.58 -7.92902e-05
44.59 -7.78055e-05
44.6 -7.60581e-05
44.61 -7.40546e-05
44.62 -7.18024e-05
44.63 -6.93095e-05
44.64 -6.65853e-05
44.65 -6.36393e-05
44.66 -6.04825e-05
44.67 -5.71259e-05
44.68 -5.35818e-05
44.69 -4.98628e-05
44.7 -4.59821e-05
44.71 -4.19536e-05
44.72 -3.77915e-05
44.73 -3.35106e-05
44.74 -2.91259e-05
44.75 -2.46528e-05
44.76 -2.01071e-05
44.77 -1.55045e-05
44.78 -1.08612e-05
44.79 -6.19304e-06
44.8 -1.51629e-06
44.81 3.15303e-06
44.82 7.79895e-06
44.83 1.24056e-05
44.84 1.69574e-05
44.85 2.1439e-05
44.86 2.58353e-05
44.87 3.01316e-05
44.88 3.43136e-05
44.89 3.83674e-05
44.9 4.22796e-05
44.91 4.60374e-05
44.92 4.96284e-05
44.93 5.30409e-05
44.94 5.6264e-05
44.95 5.92871e-05
44.96 6.21005e-05
44.97 6.46952e-05
44.98 6.7063e-05
44.99 6.91963e-05
45 7.10884e-05
45.01 7.27335e-05
45.02 7.41265e-05
45.03 7.52631e-05
45.04 7.614e-05
45.05 7.67548e-05
45.06 7.71057e-05
45.07 7.71922e-05
45.08 7.70144e-05
45.09 7.65734e-05
45.1 7.58712e-05
45.11 7.49107e-05
45.12 7.36957e-05
45.13 7.22307e-05
45.14 7.05214e-05
45.15 6.8574e-05
45.16 6.63957e-05
45.17 6.39945e-05
45.18 6.13791e-05
45.19 5.8559e-05
45.2 5.55443e-05
45.21 5.2346e-05
45.22 4.89753e-05
45.23 4.54445e-05
45.24 4.17659e-05
45.25 3.79528e-05
45.26 3.40185e-05
45.27 2.9977e-05
45.28 2.58424e-05
45.29 2.16293e-05
45.3 1.73523e-05
45.31 1.30264e-05
45.32 8.66648e-06
45.33 4.28767e-06
45.34 -9.49877e-08
45.35 -4.46646e-06
45.36 -8.81184e-06
45.37 -1.31163e-05
45.38 -1.73654e-05
45.39 -2.15447e-05
45.4 -2.56402e-05
45.41 -2.96382e-05
45.42 -3.35254e-05
45.43 -3.72889e-05
45.44 -4.09163e-05
45.45 -4.43956e-05
45.46 -4.77155e-05
45.47 -5.08651e-05
45.48 -5.38342e-05
45.49 -5.66132e-05
45.5 -5.91931e-05
45.51 -6.15656e-05
45.52 -6.37233e-05
45.53 -6.56592e-05
45.54 -6.73672e-05
45.55 -6.88422e-05
45.56 -7.00795e-05
45.57 -7.10754e-05
45.58 -7.1827e-05
45.59 -7.23322e-05
45.6 -7.25897e-05
45.61 -7.25992e-05
45.62 -7.23611e-05
45.63 -7.18767e-05
45.64 -7.1148e-05
45.65 -7.01781e-05
45.66 -6.89707e-05
45.67 -6.75304e-05
45.68 -6.58626e-05
45.69 -6.39736e-05
45.7 -6.18701e-05
45.71 -5.956e-05
45.72 -5.70516e-05
45.73 -5.43539e-05
45.74 -5.14768e-05
45.75 -4.84304e-05
45.76 -4.52258e-05
45.77 -4.18743e-05
45.78 -3.83878e-05
45.79 -3.47787e-05
45.8 -3.10597e-05
45.81 -2.72439e-05
45.82 -2.33448e-05
45.83 -1.93759e-05
45.84 -1.53511e-05
45.85 -1.12843e-05
45.86 -7.18973e-06
45.87 -3.08142e-06
45.88 1.0265e-06
45.89 5.11996e-06
45.9 9.18499e-06
45.91 1.32078e-05
45.92 1.71747e-05
45.93 2.10725e-05
45.94 2.48879e-05
45.95 2.86083e-05
45.96 3.22213e-05
45.97 3.57148e-05
45.98 3.90773e-05
45.99 4.22978e-05
46 4.53658e-05
46.01 4.82711e-05
46.02 5.10044e-05
46.03 5.35569e-05
46.04 5.59202e-05
46.05 5.80869e-05
46.06 6.00501e-05
46.07 6.18035e-05
46.08 6.33417e-05
46.09 6.46599e-05
46.1 6.57541e-05
46.11 6.6621e-05
46.12 6.72582e-05
46.13 6.7664e-05
46.14 6.78373e-05
46.15 6.77782e-05
46.16 6.74872e-05
46.17 6.69658e-05
46.18 6.62162e-05
46.19 6.52415e-05
46.2 6.40453e-05
46.21 6.26324e-05
46.22 6.10079e-05
46.23 5.91778e-05
46.24 5.71489e-05
46.25 5.49285e-05
46.26 5.25248e-05
46.27 4.99463e-05
46.28 4.72024e-05
46.29 4.43028e-05
46.3 4.12579e-05
46.31 3.80785e-05
46.32 3.47759e-05
46.33 3.13617e-05
46.34 2.7848e-05
46.35 2.42471e-05
46.36 2.05716e-05
46.37 1.68344e-05
46.38 1.30484e-05
46.39 9.22675e-06
46.4 5.38267e-06
46.41 1.52939e-06
46.42 -2.31986e-06
46.43 -6.15193e-06
46.44 -9.95376e-06
46.45 -1.37124e-05
46.46 -1.74153e-05
46.47 -2.10498e-05
46.48 -2.46037e-05
46.49 -2.80653e-05
46.5 -3.14228e-05
46.51 -3.46653e-05
46.52 -3.7782e-05
46.53 -4.07626e-05
46.54 -4.35974e-05
46.55 -4.6277e-05
46.56 -4.87928e-05
46.57 -5.11367e-05
46.58 -5.3301e-05
46.59 -5.52789e-05
46.6 -5.7064e-05
46.61 -5.86508e-05
46.62 -6.00342e-05
46.63 -6.121e-05
46.64 -6.21747e-05
46.65 -6.29254e-05
46.66 -6.34601e-05
46.67 -6.37772e-05
46.68 -6.38762e-05
46.69 -6.37572e-05
46.7 -6.3421e-05
46.71 -6.28693e-05
46.72 -6.21043e-05
46.73 -6.11291e-05
46.74 -5.99474e-05
46.75 -5.85638e-05
46.76 -5.69834e-05
46.77 -5.52121e-05
46.78 -5.32563e-05
46.79 -5.11232e-05
46.8 -4.88204e-05
46.81 -4.63563e-05
46.82 -4.37398e-05
46.83 -4.09801e-05
46.84 -3.80871e-05
46.85 -3.50711e-05
46.86 -3.19427e-05
46.87 -2.8713e-05
46.88 -2.53933e-05
46.89 -2.19953e-05
46.9 -1.85308e-05
46.91 -1.50119e-05
46.92 -1.14509e-05
46.93 -7.85994e-06
46.94 -4.25155e-06
46.95 -6.38085e-07
46.96 2.96807e-06
46.97 6.55459e-06
46.98 1.01093e-05
46.99 1.36201e-05
47 1.70752e-05
47.01 2.04629e-05
47.02 2.37719e-05
47.03 2.69911e-05
47.04 3.01098e-05
47.05 3.31177e-05
47.06 3.60048e-05
47.07 3.87615e-05
47.08 4.1379e-05
47.09 4.38486e-05
47.1 4.61622e-05
47.11 4.83125e-05
47.12 5.02925e-05
47.13 5.20958e-05
47.14 5.37168e-05
47.15 5.51503e-05
47.16 5.63919e-05
47.17 5.74377e-05
47.18 5.82847e-05
47.19 5.89303e-05
47.2 5.93728e-05
47.21 5.9611e-05
47.22 5.96447e-05
47.23 5.94741e-05
47.24 5.91001e-05
47.25 5.85246e-05
47.26 5.77498e-05
47.27 5.67788e-05
47.28 5.56154e-05
47.29 5.4264e-05
47.3 5.27295e-05
47.31 5.10177e-05
47.32 4.91348e-05
47.33 4.70876e-05
47.34 4.48835e-05
47.35 4.25305e-05
47.36 4.00369e-05
47.37 3.74118e-05
47.38 3.46643e-05
47.39 3.18043e-05
47.4 2.88418e-05
47.41 2.57874e-05
47.42 2.26516e-05
47.43 1.94455e-05
47.44 1.61803e-05
47.45 1.28673e-05
47.46 9.51797e-06
47.47 6.14397e-06
47.48 2.75689e-06
47.49 -6.3164e-07
47.5 -4.01002e-06
47.51 -7.36671e-06
47.52 -1.06903e-05
47.53 -1.39696e-05
47.54 -1.71934e-05
47.55 -2.03509e-05
47.56 -2.34316e-05
47.57 -2.64251e-05
47.58 -2.93215e-05
47.59 -3.21111e-05
47.6 -3.47848e-05
47.61 -3.73337e-05
47.62 -3.97495e-05
47.63 -4.20244e-05
47.64 -4.41508e-05
47.65 -4.61221e-05
47.66 -4.79317e-05
47.67 -4.95739e-05
47.68 -5.10436e-05
47.69 -5.23362e-05
47.7 -5.34475e-05
47.71 -5.43743e-05
47.72 -5.51138e-05
47.73 -5.56639e-05
47.74 -5.60231e-05
47.75 -5.61906e-05
47.76 -5.61662e-05
47.77 -5.59503e-05
47.78 -5.55443e-05
47.79 -5.49497e-05
47.8 -5.41691e-05
47.81 -5.32056e-05
47.82 -5.20627e-05
47.83 -5.07448e-05
47.84 -4.92568e-05
47.85 -4.76042e-05
47.86 -4.5793e-05
47.87 -4.38297e-05
47.88 -4.17215e-05
47.89 -3.94758e-05
47.9 -3.71008e-05
47.91 -3.46048e-05
47.92 -3.19968e-05
47.93 -2.9286e-05
47.94 -2.64818e-05
47.95 -2.35942e-05
47.96 -2.06333e-05
47.97 -1.76095e-05
47.98 -1.45332e-05
47.99 -1.14151e-05
48 -8.26606e-06
48.01 -5.09694e-06
48.02 -1.91862e-06
48.03 1.25799e-06
48.04 4.42203e-06
48.05 7.56271e-06
48.06 1.06694e-05
48.07 1.37315e-05
48.08 1.67387e-05
48.09 1.96809e-05
48.1 2.25483e-05
48.11 2.53312e-05
48.12 2.80204e-05
48.13 3.0607e-05
48.14 3.30824e-05
48.15 3.54385e-05
48.16 3.76675e-05
48.17 3.97623e-05
48.18 4.17159e-05
48.19 4.3522e-05
48.2 4.51749e-05
48.21 4.66693e-05
48.22 4.80005e-05
48.23 4.91642e-05
48.24 5.0157e-05
48.25 5.09758e-05
48.26 5.16182e-05
48.27 5.20824e-05
48.28 5.23671e-05
48.29 5.24719e-05
48.3 5.23967e-05
48.31 5.21422e-05
48.32 5.17096e-05
48.33 5.11008e-05
48.34 5.03182e-05
48.35 4.93649e-05
48.36 4.82446e-05
48.37 4.69613e-05
48.38 4.552e-05
48.39 4.39258e-05
48.4 4.21846e-05
48.41 4.03027e-05
48.42 3.82868e-05
48.43 3.61443e-05
48.44 3.38826e-05
48.45 3.151e-05
48.46 2.90347e-05
48.47 2.64656e-05
48.48 2.38116e-05
48.49 2.10821e-05
48.5 1.82867e-05
48.51 1.5435e-05
48.52 1.25371e-05
48.53 9.60288e-06
48.54 6.64261e-06
48.55 3.66644e-06
48.56 6.846e-07
48.57 -2.29268e-06
48.58 -5.25525e-06
48.59 -8.19301e-06
48.6 -1.1096e-05
48.61 -1.39544e-05
48.62 -1.67585e-05
48.63 -1.9499e-05
48.64 -2.21667e-05
48.65 -2.47526e-05
48.66 -2.72482e-05
48.67 -2.96452e-05
48.68 -3.19356e-05
48.69 -3.4112e-05
48.7 -3.61672e-05
48.71 -3.80945e-05
48.72 -3.98876e-05
48.73 -4.15408e-05
48.74 -4.30488e-05
48.75 -4.44068e-05
48.76 -4.56105e-05
48.77 -4.66561e-05
48.78 -4.75404e-05
48.79 -4.82609e-05
48.8 -4.88153e-05
48.81 -4.92021e-05
48.82 -4.94205e-05
48.83 -4.94699e-05
48.84 -4.93507e-05
48.85 -4.90635e-05
48.86 -4.86097e-05
48.87 -4.79913e-05
48.88 -4.72106e-05
48.89 -4.62708e-05
48.9 -4.51753e-05
48.91 -4.39282e-05
48.92 -4.25343e-05
48.93 -4.09985e-05
48.94 -3.93264e-05
48.95 -3.75242e-05
48.96 -3.55982e-05
48.97 -3.35553e-05
48.98 -3.14029e-05
48.99 -2.91486e-05
49 -2.68003e-05
49.01 -2.43664e-05
49.02 -2.18553e-05
49.03 -1.9276e-05
49.04 -1.66374e-05
49.05 -1.39487e-05
49.06 -1.12192e-05
49.07 -8.45841e-06
49.08 -5.67588e-06
49.09 -2.88117e-06
49.1 -8.38884e-08
49.11 2.7064e-06
49.12 5.48016e-06
49.13 8.22796e-06
49.14 1.09405e-05
49.15 1.36085e-05
49.16 1.62231e-05
49.17 1.87755e-05
49.18 2.12571e-05
49.19 2.36596e-05
49.2 2.59751e-05
49.21 2.81959e-05
49.22 3.03145e-05
49.23 3.23242e-05
49.24 3.42183e-05
49.25 3.59906e-05
49.26 3.76354e-05
49.27 3.91473e-05
49.28 4.05216e-05
49.29 4.1754e-05
49.3 4.28404e-05
49.31 4.37776e-05
49.32 4.45626e-05
49.33 4.51932e-05
49.34 4.56676e-05
49.35 4.59845e-05
49.36 4.61431e-05
49.37 4.61432e-05
49.38 4.59853e-05
49.39 4.56701e-05
49.4 4.51991e-05
49.41 4.45743e-05
49.42 4.37981e-05
49.43 4.28735e-05
49.44 4.1804e-05
49.45 4.05936e-05
49.46 3.92467e-05
49.47 3.77683e-05
49.48 3.61637e-05
49.49 3.44387e-05
49.5 3.25996e-05
49.51 3.06527e-05
49.52 2.86052e-05
49.53 2.64643e-05
49.54 2.42375e-05
49.55 2.19326e-05
49.56 1.95578e-05
49.57 1.71213e-05
49.58 1.46317e-05
49.59 1.20976e-05
49.6 9.52779e-06
49.61 6.93121e-06
49.62 4.31678e-06
49.63 1.6935e-06
49.64 -9.29638e-07
49.65 -3.54366e-06
49.66 -6.13966e-06
49.67 -8.70881e-06
49.68 -1.12424e-05
49.69 -1.37319e-05
49.7 -1.61688e-05
49.71 -1.85451e-05
49.72 -2.08528e-05
49.73 -2.30841e-05
49.74 -2.52316e-05
49.75 -2.72883e-05
49.76 -2.92473e-05
49.77 -3.11023e-05
49.78 -3.2847e-05
49.79 -3.4476e-05
49.8 -3.59838e-05
49.81 -3.73656e-05
49.82 -3.86171e-05
49.83 -3.97342e-05
49.84 -4.07134e-05
49.85 -4.15518e-05
49.86 -4.22467e-05
49.87 -4.27962e-05
49.88 -4.31986e-05
49.89 -4.3453e-05
49.9 -4.35588e-05
49.91 -4.35159e-05
49.92 -4.33249e-05
49.93 -4.29866e-05
49.94 -4.25027e-05
49.95 -4.1875e-05
49.96 -4.1106e-05
49.97 -4.01987e-05
49.98 -3.91565e-05
49.99 -3.79832e-05
50 -3.66832e-05
50.01 -3.52612e-05
50.02 -3.37224e-05
50.03 -3.20722e-05
50.04 -3.03167e-05
50.05 -2.8462e-05
50.06 -2.65148e-05
50.07 -2.4482e-05
50.08 -2.23707e-05
50.09 -2.01884e-05
50.1 -1.79426e-05
50.11 -1.56414e-05
50.12 -1.32926e-05
50.13 -1.09045e-05
50.14 -8.48533e-06
50.15 -6.04343e-06
50.16 -3.58723e-06
50.17 -1.12517e-06
50.18 1.33431e-06
50.19 3.78281e-06
50.2 6.21199e-06
50.21 8.6136e-06
50.22 1.09795e-05
50.23 1.33017e-05
50.24 1.55724e-05
50.25 1.7784e-05
50.26 1.99291e-05
50.27 2.20005e-05
50.28 2.39913e-05
50.29 2.5895e-05
50.3 2.77053e-05
50.31 2.94162e-05
50.32 3.10222e-05
50.33 3.2518e-05
50.34 3.38989e-05
50.35 3.51602e-05
50.36 3.62982e-05
50.37 3.7309e-05
50.38 3.81897e-05
50.39 3.89374e-05
50.4 3.955e-05
50.41 4.00256e-05
50.42 4.0363e-05
50.43 4.05613e-05
50.44 4.06201e-05
50.45 4.05395e-05
50.46 4.03201e-05
50.47 3.9963e-05
50.48 3.94696e-05
50.49 3.88421e-05
50.5 3.80828e-05
50.51 3.71946e-05
50.52 3.61808e-05
50.53 3.50452e-05
50.54 3.3792e-05
50.55 3.24257e-05
50.56 3.09512e-05
50.57 2.93739e-05
50.58 2.76994e-05
50.59 2.59336e-05
50.6 2.40829e-05
50.61 2.21537e-05
50.62 2.01529e-05
50.63 1.80875e-05
50.64 1.59647e-05
50.65 1.3792e-05
50.66 1.15768e-05
50.67 9.32696e-06
50.68 7.05018e-06
50.69 4.75434e-06
50.7 2.44735e-06
50.71 1.3712e-07
50.72 -2.16843e-06
50.73 -4.46144e-06
50.74 -6.7341e-06
50.75 -8.97869e-06
50.76 -1.11876e-05
50.77 -1.33534e-05
50.78 -1.54688e-05
50.79 -1.75267e-05
50.8 -1.95203e-05
50.81 -2.14428e-05
50.82 -2.32879e-05
50.83 -2.50495e-05
50.84 -2.67217e-05
50.85 -2.82992e-05
50.86 -2.97768e-05
50.87 -3.11496e-05
50.88 -3.24132e-05
50.89 -3.35636e-05
50.9 -3.45971e-05
50.91 -3.55104e-05
50.92 -3.63008e-05
50.93 -3.69658e-05
50.94 -3.75034e-05
50.95 -3.7912e-05
50.96 -3.81907e-05
50.97 -3.83386e-05
50.98 -3.83557e-05
50.99 -3.82421e-05
51 -3.79985e-05
51.01 -3.76261e-05
51.02 -3.71263e-05
51.03 -3.65013e-05
51.04 -3.57533e-05
51.05 -3.48853e-05
51.06 -3.39005e-05
51.07 -3.28025e-05
51.08 -3.15954e-05
51.09 -3.02835e-05
51.1 -2.88715e-05
51.11 -2.73646e-05
51.12 -2.5768e-05
51.13 -2.40876e-05
51.14 -2.23292e-05
51.15 -2.04991e-05
51.16 -1.86036e-05
51.17 -1.66495e-05
51.18 -1.46435e-05
51.19 -1.25927e-05
51.2 -1.05043e-05
51.21 -8.38532e-06
51.22 -6.24324e-06
51.23 -4.08541e-06
51.24 -1.91925e-06
51.25 2.47806e-07
51.26 2.40836e-06
51.27 4.55503e-06
51.28 6.68052e-06
51.29 8.77763e-06
51.3 1.08393e-05
51.31 1.28584e-05
51.32 1.48284e-05
51.33 1.67426e-05
51.34 1.85945e-05
51.35 2.03781e-05
51.36 2.20873e-05
51.37 2.37166e-05
51.38 2.52606e-05
51.39 2.67142e-05
51.4 2.80727e-05
51.41 2.93317e-05
51.42 3.04871e-05
51.43 3.15352e-05
51.44 3.24727e-05
51.45 3.32967e-05
51.46 3.40045e-05
51.47 3.45941e-05
51.48 3.50637e-05
51.49 3.5412e-05
51.5 3.5638e-05
51.51 3.57413e-05
51.52 3.57217e-05
51.53 3.55797e-05
51.54 3.5316e-05
51.55 3.49317e-05
51.56 3.44285e-05
51.57 3.38083e-05
51.58 3.30735e-05
51.59 3.22269e-05
51.6 3.12716e-05
51.61 3.02112e-05
51.62 2.90496e-05
51.63 2.77909e-05
51.64 2.64396e-05
51.65 2.50007e-05
51.66 2.34792e-05
51.67 2.18806e-05
51.68 2.02105e-05
51.69 1.84748e-05
51.7 1.66796e-05
51.71 1.48312e-05
51.72 1.29361e-05
51.73 1.10008e-05
51.74 9.03214e-06
51.75 7.03686e-06
51.76 5.02186e-06
51.77 2.9941e-06
51.78 9.60547e-07
51.79 -1.07184e-06
51.8 -3.0961e-06
51.81 -5.10535e-06
51.82 -7.09276e-06
51.83 -9.05159e-06
51.84 -1.09752e-05
51.85 -1.28572e-05
51.86 -1.46911e-05
51.87 -1.64709e-05
51.88 -1.81907e-05
51.89 -1.98446e-05
51.9 -2.14272e-05
51.91 -2.29334e-05
51.92 -2.4358e-05
51.93 -2.56966e-05
51.94 -2.69446e-05
51.95 -2.80981e-05
51.96 -2.91534e-05
51.97 -3.01071e-05
51.98 -3.09561e-05
51.99 -3.16979e-05
52 -3.233e-05
52.01 -3.28507e-05
52.02 -3.32585e-05
52.03 -3.3552e-05
52.04 -3.37307e-05
52.05 -3.37942e-05
52.06 -3.37425e-05
52.07 -3.3576e-05
52.08 -3.32957e-05
52.09 -3.29026e-05
52.1 -3.23984e-05
52.11 -3.17851e-05
52.12 -3.1065e-05
52.13 -3.02408e-05
52.14 -2.93155e-05
52.15 -2.82927e-05
52.16 -2.71759e-05
52.17 -2.59693e-05
52.18 -2.46772e-05
52.19 -2.33041e-05
52.2 -2.18551e-05
52.21 -2.03351e-05
52.22 -1.87497e-05
52.23 -1.71043e-05
52.24 -1.54048e-05
52.25 -1.36572e-05
52.26 -1.18674e-05
52.27 -1.00417e-05
52.28 -8.18653e-06
52.29 -6.30824e-06
52.3 -4.41331e-06
52.31 -2.50828e-06
52.32 -5.99688e-07
52.33 1.30594e-06
52.34 3.20209e-06
52.35 5.08231e-06
52.36 6.9402e-06
52.37 8.76949e-06
52.38 1.0564e-05
52.39 1.23176e-05
52.4 1.40246e-05
52.41 1.56791e-05
52.42 1.72756e-05
52.43 1.88089e-05
52.44 2.02738e-05
52.45 2.16656e-05
52.46 2.29796e-05
52.47 2.42115e-05
52.48 2.53574e-05
52.49 2.64136e-05
52.5 2.73765e-05
52.51 2.82433e-05
52.52 2.90111e-05
52.53 2.96775e-05
52.54 3.02405e-05
52.55 3.06985e-05
52.56 3.105e-05
52.57 3.12943e-05
52.58 3.14305e-05
52.59 3.14586e-05
52.6 3.13787e-05
52.61 3.11913e-05
52.62 3.08973e-05
52.63 3.04979e-05
52.64 2.99948e-05
52.65 2.93898e-05
52.66 2.86854e-05
52.67 2.78841e-05
52.68 2.69889e-05
52.69 2.60031e-05
52.7 2.49303e-05
52.71 2.37743e-05
52.72 2.25393e-05
52.73 2.12297e-05
52.74 1.98502e-05
52.75 1.84056e-05
52.76 1.69011e-05
52.77 1.53419e-05
52.78 1.37335e-05
52.79 1.20815e-05
52.8 1.03918e-05
52.81 8.67008e-06
52.82 6.92241e-06
52.83 5.15481e-06
52.84 3.37338e-06
52.85 1.58424e-06
52.86 -2.06483e-07
52.87 -1.99265e-06
52.88 -3.76817e-06
52.89 -5.52701e-06
52.9 -7.2632e-06
52.91 -8.97085e-06
52.92 -1.06442e-05
52.93 -1.22777e-05
52.94 -1.38657e-05
52.95 -1.5403e-05
52.96 -1.68845e-05
52.97 -1.83053e-05
52.98 -1.96606e-05
52.99 -2.09459e-05
53 -2.21571e-05
53.01 -2.32902e-05
53.02 -2.43415e-05
53.03 -2.53076e-05
53.04 -2.61854e-05
53.05 -2.69722e-05
53.06 -2.76654e-05
53.07 -2.82629e-05
53.08 -2.87629e-05
53.09 -2.91639e-05
53.1 -2.94648e-05
53.11 -2.96647e-05
53.12 -2.97632e-05
53.13 -2.97603e-05
53.14 -2.9656e-05
53.15 -2.94511e-05
53.16 -2.91465e-05
53.17 -2.87433e-05
53.18 -2.82433e-05
53.19 -2.76484e-05
53.2 -2.69608e-05
53.21 -2.6183e-05
53.22 -2.5318e-05
53.23 -2.43689e-05
53.24 -2.33392e-05
53.25 -2.22325e-05
53.26 -2.10528e-05
53.27 -1.98044e-05
53.28 -1.84917e-05
53.29 -1.71192e-05
53.3 -1.5692e-05
53.31 -1.42149e-05
53.32 -1.26931e-05
53.33 -1.1132e-05
53.34 -9.53704e-06
53.35 -7.91369e-06
53.36 -6.26761e-06
53.37 -4.60447e-06
53.38 -2.93001e-06
53.39 -1.24998e-06
53.4 4.29862e-07
53.41 2.10377e-06
53.42 3.76605e-06
53.43 5.41103e-06
53.44 7.03315e-06
53.45 8.62691e-06
53.46 1.01869e-05
53.47 1.1708e-05
53.48 1.3185e-05
53.49 1.4613e-05
53.5 1.59872e-05
53.51 1.73031e-05
53.52 1.85563e-05
53.53 1.97427e-05
53.54 2.08584e-05
53.55 2.18998e-05
53.56 2.28635e-05
53.57 2.37463e-05
53.58 2.45455e-05
53.59 2.52586e-05
53.6 2.58832e-05
53.61 2.64175e-05
53.62 2.68598e-05
53.63 2.72089e-05
53.64 2.74638e-05
53.65 2.76237e-05
53.66 2.76885e-05
53.67 2.76581e-05
53.68 2.75328e-05
53.69 2.73132e-05
53.7 2.70003e-05
53.71 2.65955e-05
53.72 2.61003e-05
53.73 2.55165e-05
53.74 2.48465e-05
53.75 2.40926e-05
53.76 2.32577e-05
53.77 2.23448e-05
53.78 2.13573e-05
53.79 2.02986e-05
53.8 1.91725e-05
53.81 1.79831e-05
53.82 1.67346e-05
53.83 1.54314e-05
53.84 1.40781e-05
53.85 1.26794e-05
53.86 1.12402e-05
53.87 9.76557e-06
53.88 8.26063e-06
53.89 6.73058e-06
53.9 5.18072e-06
53.91 3.6164e-06
53.92 2.04301e-06
53.93 4.6594e-07
53.94 -1.1094e-06
53.95 -2.67764e-06
53.96 -4.23343e-06
53.97 -5.77148e-06
53.98 -7.28659e-06
53.99 -8.77363e-06
54 -1.02276e-05
54.01 -1.16436e-05
54.02 -1.30169e-05
54.03 -1.43428e-05
54.04 -1.56171e-05
54.05 -1.68355e-05
54.06 -1.79938e-05
54.07 -1.90884e-05
54.08 -2.01157e-05
54.09 -2.10722e-05
54.1 -2.19549e-05
54.11 -2.2761e-05
54.12 -2.34879e-05
54.13 -2.41332e-05
54.14 -2.4695e-05
54.15 -2.51716e-05
54.16 -2.55614e-05
54.17 -2.58635e-05
54.18 -2.60769e-05
54.19 -2.62011e-05
54.2 -2.6236e-05
54.21 -2.61815e-05
54.22 -2.60381e-05
54.23 -2.58066e-05
54.24 -2.54877e-05
54.25 -2.5083e-05
54.26 -2.45939e-05
54.27 -2.40224e-05
54.28 -2.33705e-05
54.29 -2.26406e-05
54.3 -2.18356e-05
54.31 -2.09582e-05
54.32 -2.00117e-05
54.33 -1.89994e-05
54.34 -1.7925e-05
54.35 -1.67924e-05
54.36 -1.56054e-05
54.37 -1.43683e-05
54.38 -1.30855e-05
54.39 -1.17614e-05
54.4 -1.04007e-05
54.41 -9.00812e-06
54.42 -7.5885e-06
54.43 -6.14676e-06
54.44 -4.68788e-06
54.45 -3.21689e-06
54.46 -1.73886e-06
54.47 -2.58842e-07
54.48 1.21809e-06
54.49 2.6869e-06
54.5 4.14258e-06
54.51 5.58019e-06
54.52 6.99488e-06
54.53 8.38185e-06
54.54 9.73644e-06
54.55 1.10541e-05
54.56 1.23304e-05
54.57 1.35611e-05
54.58 1.47422e-05
54.59 1.58696e-05
54.6 1.69397e-05
54.61 1.79489e-05
54.62 1.88941e-05
54.63 1.97719e-05
54.64 2.05798e-05
54.65 2.13149e-05
54.66 2.19751e-05
54.67 2.25582e-05
54.68 2.30624e-05
54.69 2.34862e-05
54.7 2.38283e-05
54.71 2.40877e-05
54.72 2.42638e-05
54.73 2.43561e-05
54.74 2.43645e-05
54.75 2.42892e-05
54.76 2.41306e-05
54.77 2.38895e-05
54.78 2.35668e-05
54.79 2.31639e-05
54.8 2.26823e-05
54.81 2.21238e-05
54.82 2.14906e-05
54.83 2.0785e-05
54.84 2.00096e-05
54.85 1.91671e-05
54.86 1.82606e-05
54.87 1.72934e-05
54.88 1.62689e-05
54.89 1.51908e-05
54.9 1.40628e-05
54.91 1.2889e-05
54.92 1.16735e-05
54.93 1.04205e-05
54.94 9.13437e-06
54.95 7.81966e-06
54.96 6.48089e-06
54.97 5.12271e-06
54.98 3.7498e-06
54.99 2.36691e-06
