0.01 -1.30765e-07
0.02 -1.40517e-07
0.03 -1.70644e-07
0.04 -2.30744e-07
0.05 -3.19782e-07
0.06 -4.27564e-07
0.07 -5.44346e-07
0.08 -6.68742e-07
0.09 -8.07015e-07
0.1 -9.6594e-07
0.11 -1.14678e-06
0.12 -1.34524e-06
0.13 -1.55593e-06
0.14 -1.77604e-06
0.15 -2.00578e-06
0.16 -2.24668e-06
0.17 -2.49981e-06
0.18 -2.76475e-06
0.19 -3.03945e-06
0.2 -3.32085e-06
0.21 -3.60564e-06
0.22 -3.89056e-06
0.23 -4.17249e-06
0.24 -4.44911e-06
0.25 -4.71966e-06
0.26 -4.98504e-06
0.27 -5.24626e-06
0.28 -5.50187e-06
0.29 -5.74708e-06
0.3 -5.97596e-06
0.31 -6.185e-06
0.32 -6.37471e-06
0.33 -6.5482e-06
0.34 -6.70754e-06
0.35 -6.85099e-06
0.36 -6.97343e-06
0.37 -7.06912e-06
0.38 -7.13467e-06
0.39 -7.17105e-06
0.4 -7.18399e-06
0.41 -7.18131e-06
0.42 -7.16668e-06
0.43 -7.13403e-06
0.44 -7.07044e-06
0.45 -6.96702e-06
0.46 -6.82671e-06
0.47 -6.66054e-06
0.48 -6.47647e-06
0.49 -6.2729e-06
0.5 -6.04374e-06
0.51 -5.78882e-06
0.52 -5.51693e-06
0.53 -5.23646e-06
0.54 -4.94364e-06
0.55 -4.62425e-06
0.56 -4.27056e-06
0.57 -3.89483e-06
0.58 -3.52361e-06
0.59 -3.17733e-06
0.6 -2.85467e-06
0.61 -2.53998e-06
0.62 -2.22979e-06
0.63 -1.94551e-06
0.64 -1.70818e-06
0.65 -1.50139e-06
0.66 -1.27268e-06
0.67 -9.79557e-07
0.68 -6.30466e-07
0.69 -2.78219e-07
0.7 2.46394e-08
0.71 2.64505e-07
0.72 4.68828e-07
0.73 6.82787e-07
0.74 9.49327e-07
0.75 1.29949e-06
0.76 1.74144e-06
0.77 2.24484e-06
0.78 2.73281e-06
0.79 3.10118e-06
0.8 3.27131e-06
0.81 3.24765e-06
0.82 3.12836e-06
0.83 3.04752e-06
0.84 3.09234e-06
0.85 3.26907e-06
0.86 3.53535e-06
0.87 3.84537e-06
0.88 4.16382e-06
0.89 4.46002e-06
0.9 4.70742e-06
0.91 4.89737e-06
0.92 5.06037e-06
0.93 5.27031e-06
0.94 5.6175e-06
0.95 6.17399e-06
0.96 6.97603e-06
0.97 8.01444e-06
0.98 9.22516e-06
0.99 1.05028e-05
1 1.17568e-05
1.01 1.29844e-05
1.02 1.42858e-05
1.03 1.57869e-05
1.04 1.75344e-05
1.05 1.94649e-05
1.06 2.14689e-05
1.07 2.34795e-05
1.08 2.55217e-05
1.09 2.7692e-05
1.1 3.00626e-05
1.11 3.25702e-05
1.12 3.50116e-05
1.13 3.7171e-05
1.14 3.89569e-05
1.15 4.04145e-05
1.16 4.16242e-05
1.17 4.26175e-05
1.18 4.33902e-05
1.19 4.39523e-05
1.2 4.43361e-05
1.21 4.45686e-05
1.22 4.46605e-05
1.23 4.46148e-05
1.24 4.44235e-05
1.25 4.40582e-05
1.26 4.34889e-05
1.27 4.27306e-05
1.28 4.18853e-05
1.29 4.11385e-05
1.3 4.0674e-05
1.31 4.05469e-05
1.32 4.06329e-05
1.33 4.07186e-05
1.34 4.06385e-05
1.35 4.03229e-05
1.36 3.97633e-05
1.37 3.89889e-05
1.38 3.80623e-05
1.39 3.70353e-05
1.4 3.58801e-05
1.41 3.44947e-05
1.42 3.28072e-05
1.43 3.08683e-05
1.44 2.88147e-05
1.45 2.67381e-05
1.46 2.46055e-05
1.47 2.23057e-05
1.48 1.97452e-05
1.49 1.68787e-05
1.5 1.36922e-05
1.51 1.02271e-05
1.52 6.62558e-06
1.53 3.09682e-06
1.54 -1.957e-07
1.55 -3.21181e-06
1.56 -6.00525e-06
1.57 -8.64177e-06
1.58 -1.11463e-05
1.59 -1.34902e-05
1.6 -1.56086e-05
1.61 -1.74591e-05
1.62 -1.90815e-05
1.63 -2.0578e-05
1.64 -2.201e-05
1.65 -2.33115e-05
1.66 -2.42986e-05
1.67 -2.47499e-05
1.68 -2.44978e-05
1.69 -2.35025e-05
1.7 -2.18783e-05
1.71 -1.98335e-05
1.72 -1.75465e-05
1.73 -1.50836e-05
1.74 -1.24307e-05
1.75 -9.5961e-06
1.76 -6.66424e-06
1.77 -3.74768e-06
1.78 -9.17282e-07
1.79 1.79787e-06
1.8 4.363e-06
1.81 6.7232e-06
1.82 8.84787e-06
1.83 1.07936e-05
1.84 1.27182e-05
1.85 1.4808e-05
1.86 1.71641e-05
1.87 1.9733e-05
1.88 2.23334e-05
1.89 2.47762e-05
1.9 2.7027e-05
1.91 2.93008e-05
1.92 3.19482e-05
1.93 3.51288e-05
1.94 3.85642e-05
1.95 4.17116e-05
1.96 4.42719e-05
1.97 4.65157e-05
1.98 4.90485e-05
1.99 5.22156e-05
2 5.57433e-05
2.01 5.90211e-05
2.02 6.17568e-05
2.03 6.42906e-05
2.04 6.71938e-05
2.05 7.05837e-05
2.06 7.39087e-05
2.07 7.64348e-05
2.08 7.79065e-05
2.09 7.87063e-05
2.1 7.93961e-05
2.11 8.01516e-05
2.12 8.06362e-05
2.13 8.03671e-05
2.14 7.91395e-05
2.15 7.70943e-05
2.16 7.4457e-05
2.17 7.1299e-05
2.18 6.75427e-05
2.19 6.31042e-05
2.2 5.79642e-05
2.21 5.21339e-05
2.22 4.56547e-05
2.23 3.86898e-05
2.24 3.15776e-05
2.25 2.47101e-05
2.26 1.82925e-05
2.27 1.21991e-05
2.28 6.08575e-06
2.29 -3.24467e-07
2.3 -7.06225e-06
2.31 -1.39824e-05
2.32 -2.0933e-05
2.33 -2.7803e-05
2.34 -3.44323e-05
2.35 -4.05684e-05
2.36 -4.59923e-05
2.37 -5.07101e-05
2.38 -5.4999e-05
2.39 -5.92231e-05
2.4 -6.35608e-05
2.41 -6.78749e-05
2.42 -7.18207e-05
2.43 -7.50927e-05
2.44 -7.76199e-05
2.45 -7.95779e-05
2.46 -8.12279e-05
2.47 -8.27484e-05
2.48 -8.42063e-05
2.49 -8.56184e-05
2.5 -8.69569e-05
2.51 -8.81231e-05
2.52 -8.90337e-05
2.53 -8.97942e-05
2.54 -9.07369e-05
2.55 -9.22306e-05
2.56 -9.44216e-05
2.57 -9.71271e-05
2.58 -9.99486e-05
2.59 -0.000102512
2.6 -0.000104654
2.61 -0.000106419
2.62 -0.000107897
2.63 -0.000109069
2.64 -0.000109817
2.65 -0.000110037
2.66 -0.000109765
2.67 -0.000109169
2.68 -0.000108461
2.69 -0.000107787
2.7 -0.000107142
2.71 -0.000106326
2.72 -0.000105023
2.73 -0.000102979
2.74 -0.000100173
2.75 -9.68083e-05
2.76 -9.31199e-05
2.77 -8.91637e-05
2.78 -8.48026e-05
2.79 -7.99098e-05
2.8 -7.45702e-05
2.81 -6.90855e-05
2.82 -6.38087e-05
2.83 -5.89624e-05
2.84 -5.45733e-05
2.85 -5.05496e-05
2.86 -4.67727e-05
2.87 -4.30422e-05
2.88 -3.89443e-05
2.89 -3.39355e-05
2.9 -2.77415e-05
2.91 -2.07154e-05
2.92 -1.37114e-05
2.93 -7.49903e-06
2.94 -2.24835e-06
2.95 2.43356e-06
2.96 6.99303e-06
2.97 1.1504e-05
2.98 1.57543e-05
2.99 1.96794e-05
3 2.36049e-05
3.01 2.80133e-05
3.02 3.30826e-05
3.03 3.84527e-05
3.04 4.34077e-05
3.05 4.72802e-05
3.06 4.9765e-05
3.07 5.09771e-05
3.08 5.12997e-05
3.09 5.11704e-05
3.1 5.09145e-05
3.11 5.06471e-05
3.12 5.02584e-05
3.13 4.95311e-05
3.14 4.83444e-05
3.15 4.67793e-05
3.16 4.5034e-05
3.17 4.32691e-05
3.18 4.15214e-05
3.19 3.96946e-05
3.2 3.75954e-05
3.21 3.50311e-05
3.22 3.19548e-05
3.23 2.85681e-05
3.24 2.52742e-05
3.25 2.24502e-05
3.26 2.01799e-05
3.27 1.8188e-05
3.28 1.60554e-05
3.29 1.3508e-05
3.3 1.05252e-05
3.31 7.2385e-06
3.32 3.77213e-06
3.33 1.55517e-07
3.34 -3.6511e-06
3.35 -7.66015e-06
3.36 -1.17798e-05
3.37 -1.5823e-05
3.38 -1.95799e-05
3.39 -2.28872e-05
3.4 -2.56618e-05
3.41 -2.79053e-05
3.42 -2.96928e-05
3.43 -3.11645e-05
3.44 -3.25459e-05
3.45 -3.41896e-05
3.46 -3.65264e-05
3.47 -3.98264e-05
3.48 -4.39149e-05
3.49 -4.81712e-05
3.5 -5.19266e-05
3.51 -5.49634e-05
3.52 -5.76591e-05
3.53 -6.06256e-05
3.54 -6.41766e-05
3.55 -6.81217e-05
3.56 -7.20384e-05
3.57 -7.56829e-05
3.58 -7.90827e-05
3.59 -8.22441e-05
3.6 -8.48773e-05
3.61 -8.65374e-05
3.62 -8.70581e-05
3.63 -8.6737e-05
3.64 -8.59917e-05
3.65 -8.48447e-05
3.66 -8.28368e-05
3.67 -7.95111e-05
3.68 -7.49549e-05
3.69 -6.98049e-05
3.7 -6.47334e-05
3.71 -5.99983e-05
3.72 -5.54739e-05
3.73 -5.09922e-05
3.74 -4.65654e-05
3.75 -4.23056e-05
3.76 -3.82088e-05
3.77 -3.40779e-05
3.78 -2.96756e-05
3.79 -2.49635e-05
3.8 -2.01973e-05
3.81 -1.57505e-05
3.82 -1.17809e-05
3.83 -8.03766e-06
3.84 -4.02342e-06
3.85 6.02364e-07
3.86 5.74619e-06
3.87 1.09796e-05
3.88 1.58947e-05
3.89 2.03794e-05
3.9 2.45994e-05
3.91 2.87599e-05
3.92 3.28927e-05
3.93 3.68388e-05
3.94 4.04112e-05
3.95 4.35799e-05
3.96 4.65168e-05
3.97 4.94795e-05
3.98 5.26688e-05
3.99 5.61884e-05
4 6.00927e-05
4.01 6.44124e-05
4.02 6.90971e-05
4.03 7.39254e-05
4.04 7.85132e-05
4.05 8.24797e-05
4.06 8.56532e-05
4.07 8.81188e-05
4.08 9.00523e-05
4.09 9.14936e-05
4.1 9.22769e-05
4.11 9.2177e-05
4.12 9.11184e-05
4.13 8.92596e-05
4.14 8.69072e-05
4.15 8.43421e-05
4.16 8.1684e-05
4.17 7.88786e-05
4.18 7.57852e-05
4.19 7.22659e-05
4.2 6.824e-05
4.21 6.37236e-05
4.22 5.88135e-05
4.23 5.3563e-05
4.24 4.78626e-05
4.25 4.15084e-05
4.26 3.4439e-05
4.27 2.68902e-05
4.28 1.92528e-05
4.29 1.17216e-05
4.3 4.05601e-06
4.31 -4.27191e-06
4.32 -1.35748e-05
4.33 -2.34967e-05
4.34 -3.30996e-05
4.35 -4.15268e-05
4.36 -4.86607e-05
4.37 -5.51329e-05
4.38 -6.16851e-05
4.39 -6.85383e-05
4.4 -7.53408e-05
4.41 -8.15867e-05
4.42 -8.69713e-05
4.43 -9.13911e-05
4.44 -9.47852e-05
4.45 -9.71305e-05
4.46 -9.85941e-05
4.47 -9.95542e-05
4.48 -0.00010034
4.49 -0.000100925
4.5 -0.000100929
4.51 -9.99665e-05
4.52 -9.79802e-05
4.53 -9.52029e-05
4.54 -9.18352e-05
4.55 -8.78381e-05
4.56 -8.30753e-05
4.57 -7.7622e-05
4.58 -7.18654e-05
4.59 -6.62388e-05
4.6 -6.08313e-05
4.61 -5.52874e-05
4.62 -4.91384e-05
4.63 -4.22262e-05
4.64 -3.47887e-05
4.65 -2.71989e-05
4.66 -1.97264e-05
4.67 -1.25555e-05
4.68 -5.90585e-06
4.69 -5.21643e-09
4.7 5.09649e-06
4.71 9.65479e-06
4.72 1.41097e-05
4.73 1.87745e-05
4.74 2.36153e-05
4.75 2.83283e-05
4.76 3.26038e-05
4.77 3.62989e-05
4.78 3.94235e-05
4.79 4.20965e-05
4.8 4.4602e-05
4.81 4.74393e-05
4.82 5.11487e-05
4.83 5.59135e-05
4.84 6.12733e-05
4.85 6.63072e-05
4.86 7.02427e-05
4.87 7.3045e-05
4.88 7.55355e-05
4.89 7.89329e-05
4.9 8.40784e-05
4.91 9.0824e-05
4.92 9.80503e-05
4.93 0.000104379
4.94 0.000109072
4.95 0.00011239
4.96 0.000115176
4.97 0.000118092
4.98 0.000121188
4.99 0.000124067
5 0.000126338
5.01 0.000127911
5.02 0.000128941
5.03 0.000129571
5.04 0.000129711
5.05 0.000128985
5.06 0.000126891
5.07 0.000123113
5.08 0.000117834
5.09 0.000111789
5.1 0.000105912
5.11 0.000100751
5.12 9.61115e-05
5.13 9.12907e-05
5.14 8.57659e-05
5.15 7.96716e-05
5.16 7.35668e-05
5.17 6.77184e-05
5.18 6.1667e-05
5.19 5.45886e-05
5.2 4.61443e-05
5.21 3.69506e-05
5.22 2.81223e-05
5.23 2.03008e-05
5.24 1.31474e-05
5.25 5.81768e-06
5.26 -2.08401e-06
5.27 -1.00398e-05
5.28 -1.70465e-05
5.29 -2.24223e-05
5.3 -2.6213e-05
5.31 -2.89565e-05
5.32 -3.1169e-05
5.33 -3.297e-05
5.34 -3.39789e-05
5.35 -3.3446e-05
5.36 -3.05521e-05
5.37 -2.47999e-05
5.38 -1.63676e-05
5.39 -6.18823e-06
5.4 4.46712e-06
5.41 1.4742e-05
5.42 2.4662e-05
5.43 3.48594e-05
5.44 4.58541e-05
5.45 5.76233e-05
5.46 6.97925e-05
5.47 8.20815e-05
5.48 9.43969e-05
5.49 0.000106369
5.5 0.000116837
5.51 0.000124044
5.52 0.000126598
5.53 0.00012432
5.54 0.000118095
5.55 0.000108851
5.56 9.66884e-05
5.57 8.09638e-05
5.58 6.10737e-05
5.59 3.70441e-05
5.6 9.39952e-06
5.61 -2.13538e-05
5.62 -5.4957e-05
5.63 -9.11108e-05
5.64 -0.000129105
5.65 -0.000167886
5.66 -0.000206495
5.67 -0.000244347
5.68 -0.000281044
5.69 -0.000316046
5.7 -0.000348666
5.71 -0.000378462
5.72 -0.000405582
5.73 -0.000430636
5.74 -0.000454141
5.75 -0.000476083
5.76 -0.000495957
5.77 -0.00051314
5.78 -0.000527167
5.79 -0.000537787
5.8 -0.000544929
5.81 -0.000548657
5.82 -0.000549055
5.83 -0.000546075
5.84 -0.000539457
5.85 -0.000528823
5.86 -0.000513921
5.87 -0.000494737
5.88 -0.000471206
5.89 -0.000442705
5.9 -0.000408077
5.91 -0.000366485
5.92 -0.000318398
5.93 -0.000265544
5.94 -0.000209671
5.95 -0.000151273
5.96 -8.95577e-05
5.97 -2.36658e-05
5.98 4.61954e-05
5.99 0.000118822
6 0.000193029
6.01 0.000268305
6.02 0.000344313
6.03 0.000419733
6.04 0.000491771
6.05 0.000557052
6.06 0.000613271
6.07 0.00066022
6.08 0.000699263
6.09 0.000731627
6.1 0.000756925
6.11 0.000773282
6.12 0.000779083
6.13 0.000774805
6.14 0.000763084
6.15 0.000746725
6.16 0.000726397
6.17 0.000700243
6.18 0.000665887
6.19 0.00062295
6.2 0.000573784
6.21 0.000521878
6.22 0.00046956
6.23 0.000417051
6.24 0.000363443
6.25 0.000308322
6.26 0.000252419
6.27 0.000196899
6.28 0.000142296
6.29 8.82507e-05
6.3 3.42247e-05
6.31 -1.96302e-05
6.32 -7.22799e-05
6.33 -0.000122349
6.34 -0.000168762
6.35 -0.000210916
6.36 -0.000248408
6.37 -0.000280757
6.38 -0.000307451
6.39 -0.000328216
6.4 -0.000343208
6.41 -0.000352996
6.42 -0.000358478
6.43 -0.000360874
6.44 -0.00036168
6.45 -0.000362322
6.46 -0.000363426
6.47 -0.000364178
6.48 -0.000362571
6.49 -0.000356812
6.5 -0.000346862
6.51 -0.000334644
6.52 -0.00032258
6.53 -0.000311672
6.54 -0.000300786
6.55 -0.00028769
6.56 -0.000270964
6.57 -0.000251238
6.58 -0.000230779
6.59 -0.000211846
6.6 -0.000195177
6.61 -0.000179848
6.62 -0.00016445
6.63 -0.000148473
6.64 -0.000132752
6.65 -0.000118829
6.66 -0.000107889
6.67 -0.000100095
6.68 -9.46178e-05
6.69 -9.01612e-05
6.7 -8.56324e-05
6.71 -8.06316e-05
6.72 -7.55444e-05
6.73 -7.12127e-05
6.74 -6.84214e-05
6.75 -6.75052e-05
6.76 -6.82167e-05
6.77 -6.98238e-05
6.78 -7.13615e-05
6.79 -7.19394e-05
6.8 -7.09684e-05
6.81 -6.82191e-05
6.82 -6.37523e-05
6.83 -5.78318e-05
6.84 -5.08442e-05
6.85 -4.31268e-05
6.86 -3.47188e-05
6.87 -2.52768e-05
6.88 -1.43231e-05
6.89 -1.60912e-06
6.9 1.28069e-05
6.91 2.88659e-05
6.92 4.68408e-05
6.93 6.72505e-05
6.94 9.03226e-05
6.95 0.000115489
6.96 0.000141497
6.97 0.000167157
6.98 0.00019199
6.99 0.000216038
7 0.000239049
7.01 0.000260061
7.02 0.000278072
7.03 0.000293173
7.04 0.000306885
7.05 0.000321128
7.06 0.00033663
7.07 0.000352296
7.08 0.000366189
7.09 0.000377227
7.1 0.000385928
7.11 0.000393584
7.12 0.000400815
7.13 0.00040698
7.14 0.000410905
7.15 0.000412096
7.16 0.000411266
7.17 0.000409812
7.18 0.000408886
7.19 0.000408881
7.2 0.000409485
7.21 0.00041
7.22 0.000409636
7.23 0.000407781
7.24 0.000404218
7.25 0.000399206
7.26 0.000393337
7.27 0.000387252
7.28 0.000381336
7.29 0.000375483
7.3 0.000369105
7.31 0.000361436
7.32 0.000351979
7.33 0.000340742
7.34 0.000328115
7.35 0.000314527
7.36 0.000300179
7.37 0.000284986
7.38 0.0002687
7.39 0.000251065
7.4 0.000231876
7.41 0.000210888
7.42 0.000187681
7.43 0.000161635
7.44 0.000132138
7.45 9.89222e-05
7.46 6.22584e-05
7.47 2.2849e-05
7.48 -1.8452e-05
7.49 -6.08479e-05
7.5 -0.000103702
7.51 -0.000146641
7.52 -0.000189645
7.53 -0.000232986
7.54 -0.000276949
7.55 -0.000321574
7.56 -0.000366664
7.57 -0.000412023
7.58 -0.000457539
7.59 -0.000502956
7.6 -0.000547689
7.61 -0.000591006
7.62 -0.000632421
7.63 -0.000671776
7.64 -0.000708841
7.65 -0.000742805
7.66 -0.000772249
7.67 -0.000795748
7.68 -0.000812732
7.69 -0.00082389
7.7 -0.0008308
7.71 -0.000835082
7.72 -0.000837686
7.73 -0.000838692
7.74 -0.00083754
7.75 -0.000833379
7.76 -0.000825254
7.77 -0.000812143
7.78 -0.00079307
7.79 -0.000767492
7.8 -0.000735751
7.81 -0.000699143
7.82 -0.00065937
7.83 -0.000617741
7.84 -0.000574774
7.85 -0.000530394
7.86 -0.000484209
7.87 -0.000435438
7.88 -0.000382775
7.89 -0.000324724
7.9 -0.000260294
7.91 -0.00018948
7.92 -0.000113224
7.93 -3.29776e-05
7.94 4.98889e-05
7.95 0.000134455
7.96 0.000220201
7.97 0.000306673
7.98 0.000393246
7.99 0.000479095
8 0.000563226
8.01 0.000644466
8.02 0.000721567
8.03 0.000793515
8.04 0.00085982
8.05 0.000920461
8.06 0.000975495
8.07 0.00102469
8.08 0.0010675
8.09 0.00110326
8.1 0.00113135
8.11 0.00115135
8.12 0.00116305
8.13 0.00116635
8.14 0.00116085
8.15 0.00114573
8.16 0.00112039
8.17 0.00108564
8.18 0.0010444
8.19 0.00100094
8.2 0.000958853
8.21 0.000919275
8.22 0.000880613
8.23 0.000840191
8.24 0.00079639
8.25 0.000749612
8.26 0.000701476
8.27 0.000653202
8.28 0.000604664
8.29 0.000554859
8.3 0.000503174
8.31 0.000450185
8.32 0.000397283
8.33 0.000345531
8.34 0.000294745
8.35 0.000243515
8.36 0.000190098
8.37 0.000133377
8.38 7.31079e-05
8.39 9.37749e-06
8.4 -5.80104e-05
8.41 -0.000129427
8.42 -0.000204568
8.43 -0.000281817
8.44 -0.000358746
8.45 -0.000433469
8.46 -0.000505592
8.47 -0.000575865
8.48 -0.000644939
8.49 -0.000712437
8.5 -0.000777142
8.51 -0.000837876
8.52 -0.000893989
8.53 -0.000944893
8.54 -0.000989314
8.55 -0.00102529
8.56 -0.00105116
8.57 -0.00106684
8.58 -0.00107406
8.59 -0.00107547
8.6 -0.00107307
8.61 -0.00106731
8.62 -0.00105749
8.63 -0.00104295
8.64 -0.00102367
8.65 -0.00099987
8.66 -0.000971465
8.67 -0.000938339
8.68 -0.000901056
8.69 -0.000860966
8.7 -0.000819293
8.71 -0.000776206
8.72 -0.000730971
8.73 -0.00068312
8.74 -0.000633412
8.75 -0.000583635
8.76 -0.000535514
8.77 -0.000489835
8.78 -0.000446506
8.79 -0.000405217
8.8 -0.000365745
8.81 -0.000327491
8.82 -0.000288932
8.83 -0.000248013
8.84 -0.000203509
8.85 -0.000156173
8.86 -0.000108477
8.87 -6.29896e-05
8.88 -2.0694e-05
8.89 1.9333e-05
8.9 5.86078e-05
8.91 9.7541e-05
8.92 0.000134961
8.93 0.000169252
8.94 0.000199888
8.95 0.000227817
8.96 0.000254387
8.97 0.000279971
8.98 0.000303636
8.99 0.000324033
9 0.000340461
9.01 0.000353124
9.02 0.000362554
9.03 0.000369053
9.04 0.000372719
9.05 0.000373825
9.06 0.000372994
9.07 0.000371014
9.08 0.000368568
9.09 0.000366083
9.1 0.000363549
9.11 0.000360305
9.12 0.00035509
9.13 0.000346635
9.14 0.000334421
9.15 0.00031886
9.16 0.000300678
9.17 0.000280099
9.18 0.000256624
9.19 0.000229578
9.2 0.000198867
9.21 0.000165277
9.22 0.000130097
9.23 9.44638e-05
9.24 5.89879e-05
9.25 2.38778e-05
9.26 -1.07222e-05
9.27 -4.45299e-05
9.28 -7.70941e-05
9.29 -0.00010783
9.3 -0.000136126
9.31 -0.000161578
9.32 -0.000184189
9.33 -0.000204257
9.34 -0.000221956
9.35 -0.000237051
9.36 -0.00024916
9.37 -0.000258381
9.38 -0.000265524
9.39 -0.00027154
9.4 -0.000276665
9.41 -0.000280199
9.42 -0.000281201
9.43 -0.000279433
9.44 -0.000275755
9.45 -0.000271723
9.46 -0.000268798
9.47 -0.000267692
9.48 -0.000268211
9.49 -0.000269594
9.5 -0.000271039
9.51 -0.000272061
9.52 -0.000272617
9.53 -0.000273102
9.54 -0.000274225
9.55 -0.000276647
9.56 -0.000280447
9.57 -0.00028473
9.58 -0.000287778
9.59 -0.000287774
9.6 -0.000283696
9.61 -0.000275758
9.62 -0.000265083
9.63 -0.000252896
9.64 -0.00023987
9.65 -0.000226087
9.66 -0.000211407
9.67 -0.000195783
9.68 -0.000179328
9.69 -0.000162321
9.7 -0.000145269
9.71 -0.000128823
9.72 -0.000113415
9.73 -9.89458e-05
9.74 -8.49294e-05
9.75 -7.10004e-05
9.76 -5.72298e-05
9.77 -4.38112e-05
9.78 -3.03743e-05
9.79 -1.57409e-05
9.8 1.40252e-06
9.81 2.15413e-05
9.82 4.41566e-05
9.83 6.84925e-05
9.84 9.431e-05
9.85 0.000121827
9.86 0.000151114
9.87 0.000181715
9.88 0.000212745
9.89 0.000243155
9.9 0.000271945
9.91 0.000298424
9.92 0.000322519
9.93 0.000344917
9.94 0.000366898
9.95 0.000389948
9.96 0.00041533
9.97 0.000443759
9.98 0.000475274
9.99 0.000509227
10 0.000544315
10.01 0.000578813
10.02 0.000611202
10.03 0.000640909
10.04 0.000668406
10.05 0.00069438
10.06 0.000718732
10.07 0.000740517
10.08 0.000758946
10.09 0.000774248
10.1 0.000787203
10.11 0.000797665
10.12 0.000803727
10.13 0.000802718
10.14 0.000793256
10.15 0.000776358
10.16 0.000754547
10.17 0.000729865
10.18 0.000702636
10.19 0.000671915
10.2 0.000636947
10.21 0.000598192
10.22 0.000556999
10.23 0.000514415
10.24 0.000470489
10.25 0.000424889
10.26 0.000378112
10.27 0.000331832
10.28 0.00028787
10.29 0.000246769
10.3 0.000207325
10.31 0.000167513
10.32 0.000126054
10.33 8.34017e-05
10.34 4.15401e-05
10.35 2.90803e-06
10.36 -3.05954e-05
10.37 -5.78707e-05
10.38 -7.82346e-05
10.39 -9.10375e-05
10.4 -9.58248e-05
10.41 -9.29328e-05
10.42 -8.39053e-05
10.43 -7.12506e-05
10.44 -5.75655e-05
10.45 -4.44607e-05
10.46 -3.18996e-05
10.47 -1.84544e-05
10.48 -2.47011e-06
10.49 1.65792e-05
10.5 3.75509e-05
10.51 5.83646e-05
10.52 7.73656e-05
10.53 9.40626e-05
10.54 0.000108599
10.55 0.000120663
10.56 0.000129135
10.57 0.000132939
10.58 0.00013217
10.59 0.000128234
10.6 0.000122704
10.61 0.000115907
10.62 0.00010653
10.63 9.25612e-05
10.64 7.2681e-05
10.65 4.69249e-05
10.66 1.62446e-05
10.67 -1.84511e-05
10.68 -5.68949e-05
10.69 -9.92925e-05
10.7 -0.000145719
10.71 -0.000195731
10.72 -0.000248555
10.73 -0.000303652
10.74 -0.000361098
10.75 -0.000421392
10.76 -0.000484795
10.77 -0.000550785
10.78 -0.000618099
10.79 -0.000685334
10.8 -0.000751589
10.81 -0.000816682
10.82 -0.000880924
10.83 -0.000944793
10.84 -0.00100872
10.85 -0.0010729
10.86 -0.00113697
10.87 -0.00119951
10.88 -0.00125778
10.89 -0.00130825
10.9 -0.00134785
10.91 -0.0013752
10.92 -0.00139125
10.93 -0.0013988
10.94 -0.00140114
10.95 -0.00140031
10.96 -0.00139622
10.97 -0.00138716
10.98 -0.00137118
10.99 -0.00134685
11 -0.00131299
11.01 -0.00126798
11.02 -0.0012097
11.03 -0.00113612
11.04 -0.00104645
11.05 -0.000941943
11.06 -0.000825761
11.07 -0.000701626
11.08 -0.00057167
11.09 -0.000434832
11.1 -0.000287201
11.11 -0.000124317
11.12 5.63884e-05
11.13 0.00025481
11.14 0.000469147
11.15 0.000697195
11.16 0.000936438
11.17 0.00118249
11.18 0.00142699
11.19 0.00165773
11.2 0.00186388
11.21 0.00204391
11.22 0.00220738
11.23 0.00236493
11.24 0.00251472
11.25 0.00263993
11.26 0.00271976
11.27 0.00274331
11.28 0.00271556
11.29 0.00265269
11.3 0.00257073
11.31 0.00247705
11.32 0.00237218
11.33 0.0022579
11.34 0.00214142
11.35 0.00203136
11.36 0.00193093
11.37 0.00183542
11.38 0.0017358
11.39 0.00162499
11.4 0.0015011
11.41 0.00136572
11.42 0.00122006
11.43 0.00106312
11.44 0.000893629
11.45 0.000713092
11.46 0.00052664
11.47 0.000340803
11.48 0.000160495
11.49 -1.22347e-05
11.5 -0.000177297
11.51 -0.000335206
11.52 -0.000486871
11.53 -0.000634311
11.54 -0.000780567
11.55 -0.000927738
11.56 -0.00107444
11.57 -0.00121554
11.58 -0.00134563
11.59 -0.00146346
11.6 -0.00157226
11.61 -0.00167463
11.62 -0.00176744
11.63 -0.00184308
11.64 -0.00189527
11.65 -0.00192265
11.66 -0.00192772
11.67 -0.00191473
11.68 -0.00188903
11.69 -0.00185629
11.7 -0.00182067
11.71 -0.00178419
11.72 -0.00174811
11.73 -0.00171372
11.74 -0.00168122
11.75 -0.0016482
11.76 -0.00161023
11.77 -0.00156319
11.78 -0.00150507
11.79 -0.00143619
11.8 -0.00135847
11.81 -0.00127486
11.82 -0.00118889
11.83 -0.00110414
11.84 -0.00102338
11.85 -0.000947993
11.86 -0.000877856
11.87 -0.000811795
11.88 -0.000748114
11.89 -0.00068489
11.9 -0.000620139
11.91 -0.000552155
11.92 -0.000480035
11.93 -0.000404013
11.94 -0.000325291
11.95 -0.000245474
11.96 -0.000166069
11.97 -8.84036e-05
11.98 -1.39419e-05
11.99 5.5574e-05
12 0.000118812
12.01 0.00017612
12.02 0.000230034
12.03 0.00028404
12.04 0.000340211
12.05 0.000397597
12.06 0.000452718
12.07 0.000501788
12.08 0.000542872
12.09 0.000576377
12.1 0.000603878
12.11 0.000626666
12.12 0.000645306
12.13 0.00066025
12.14 0.000672569
12.15 0.000683995
12.16 0.000696369
12.17 0.000711086
12.18 0.0007289
12.19 0.000749932
12.2 0.000773571
12.21 0.000798233
12.22 0.000821401
12.23 0.000840333
12.24 0.000853212
12.25 0.000859796
12.26 0.000860959
12.27 0.000857547
12.28 0.000849667
12.29 0.000837045
12.3 0.000819937
12.31 0.000799493
12.32 0.000777068
12.33 0.000753132
12.34 0.000726956
12.35 0.000697409
12.36 0.000664043
12.37 0.000627391
12.38 0.0005884
12.39 0.00054781
12.4 0.000506148
12.41 0.000464091
12.42 0.000422573
12.43 0.000382399
12.44 0.000343829
12.45 0.000306561
12.46 0.000270031
12.47 0.000233544
12.48 0.000196132
12.49 0.000156545
12.5 0.000113767
12.51 6.77101e-05
12.52 1.93326e-05
12.53 -2.99813e-05
12.54 -7.91628e-05
12.55 -0.000127601
12.56 -0.00017472
12.57 -0.000219656
12.58 -0.000261486
12.59 -0.000299733
12.6 -0.00033453
12.61 -0.000366211
12.62 -0.000394815
12.63 -0.000420006
12.64 -0.000441325
12.65 -0.000458214
12.66 -0.000469626
12.67 -0.00047388
12.68 -0.000469387
12.69 -0.000455928
12.7 -0.000435364
12.71 -0.000410991
12.72 -0.000385763
12.73 -0.000360605
12.74 -0.000334196
12.75 -0.000304462
12.76 -0.000270537
12.77 -0.0002336
12.78 -0.000196139
12.79 -0.000160531
12.8 -0.000128187
12.81 -9.95759e-05
12.82 -7.458e-05
12.83 -5.26698e-05
12.84 -3.30112e-05
12.85 -1.48867e-05
12.86 1.62837e-06
12.87 1.5345e-05
12.88 2.45301e-05
12.89 2.81642e-05
12.9 2.69568e-05
12.91 2.31339e-05
12.92 1.88866e-05
12.93 1.46931e-05
12.94 9.14626e-06
12.95 6.26837e-07
12.96 -1.06716e-05
12.97 -2.22685e-05
12.98 -3.09111e-05
12.99 -3.46921e-05
13 -3.39729e-05
13.01 -3.05947e-05
13.02 -2.64354e-05
13.03 -2.26266e-05
13.04 -1.96647e-05
13.05 -1.77105e-05
13.06 -1.65458e-05
13.07 -1.53596e-05
13.08 -1.27856e-05
13.09 -7.29889e-06
13.1 2.30119e-06
13.11 1.66846e-05
13.12 3.61452e-05
13.13 6.0816e-05
13.14 9.0635e-05
13.15 0.000125151
13.16 0.000163512
13.17 0.000204781
13.18 0.000248378
13.19 0.000294334
13.2 0.000343145
13.21 0.00039528
13.22 0.000450665
13.23 0.000508448
13.24 0.000567106
13.25 0.000624659
13.26 0.000678798
13.27 0.000727057
13.28 0.000767298
13.29 0.000798441
13.3 0.000820851
13.31 0.000835897
13.32 0.000844954
13.33 0.000848678
13.34 0.000847105
13.35 0.000840307
13.36 0.000828849
13.37 0.000813638
13.38 0.000795383
13.39 0.000774202
13.4 0.000749654
13.41 0.000721082
13.42 0.000687983
13.43 0.000650186
13.44 0.000607856
13.45 0.000561485
13.46 0.000512011
13.47 0.00046097
13.48 0.000410393
13.49 0.000362204
13.5 0.000317244
13.51 0.000274666
13.52 0.000232386
13.53 0.000188469
13.54 0.000142361
13.55 9.50119e-05
13.56 4.79105e-05
13.57 2.03356e-06
13.58 -4.24509e-05
13.59 -8.57121e-05
13.6 -0.000127702
13.61 -0.000168078
13.62 -0.000206534
13.63 -0.000243073
13.64 -0.000278018
13.65 -0.00031188
13.66 -0.000345284
13.67 -0.000378879
13.68 -0.000413034
13.69 -0.000447319
13.7 -0.000480311
13.71 -0.000510206
13.72 -0.000535889
13.73 -0.000557453
13.74 -0.000575707
13.75 -0.000591334
13.76 -0.00060457
13.77 -0.000615516
13.78 -0.000624446
13.79 -0.000631699
13.8 -0.000637435
13.81 -0.000641625
13.82 -0.000644281
13.83 -0.000645558
13.84 -0.000645513
13.85 -0.000643716
13.86 -0.000639169
13.87 -0.000630767
13.88 -0.00061804
13.89 -0.000601597
13.9 -0.00058285
13.91 -0.000563131
13.92 -0.000542881
13.93 -0.00052151
13.94 -0.000497948
13.95 -0.000471298
13.96 -0.000441083
13.97 -0.000407102
13.98 -0.000369256
13.99 -0.000327548
14 -0.000282219
14.01 -0.000233893
14.02 -0.000183646
14.03 -0.000132857
14.04 -8.27148e-05
14.05 -3.36494e-05
14.06 1.47578e-05
14.07 6.31896e-05
14.08 0.000111821
14.09 0.000160035
14.1 0.000206748
14.11 0.000250892
14.12 0.000291559
14.13 0.000327879
14.14 0.00035901
14.15 0.000384438
14.16 0.00040438
14.17 0.00041997
14.18 0.000433058
14.19 0.000445521
14.2 0.000458364
14.21 0.00047116
14.22 0.000482359
14.23 0.000490246
14.24 0.000493807
14.25 0.000492868
14.26 0.000487557
14.27 0.00047775
14.28 0.000463057
14.29 0.00044329
14.3 0.000418849
14.31 0.000390612
14.32 0.000359427
14.33 0.000325623
14.34 0.000288911
14.35 0.000248757
14.36 0.000204944
14.37 0.000157933
14.38 0.000108759
14.39 5.86165e-05
14.4 8.4496e-06
14.41 -4.12562e-05
14.42 -9.04482e-05
14.43 -0.000139343
14.44 -0.000188263
14.45 -0.000237549
14.46 -0.000287522
14.47 -0.000338379
14.48 -0.000389991
14.49 -0.000441676
14.5 -0.000492124
14.51 -0.000539686
14.52 -0.000582973
14.53 -0.000621383
14.54 -0.000655155
14.55 -0.000684938
14.56 -0.000711301
14.57 -0.000734614
14.58 -0.000755273
14.59 -0.000773885
14.6 -0.000791136
14.61 -0.000807424
14.62 -0.000822532
14.63 -0.000835599
14.64 -0.000845441
14.65 -0.000851089
14.66 -0.000852256
14.67 -0.000849426
14.68 -0.000843486
14.69 -0.000835187
14.7 -0.000824844
14.71 -0.000812482
14.72 -0.00079828
14.73 -0.000782874
14.74 -0.000767161
14.75 -0.00075167
14.76 -0.000736036
14.77 -0.000719097
14.78 -0.00069969
14.79 -0.000677561
14.8 -0.000653725
14.81 -0.000629963
14.82 -0.000607843
14.83 -0.000588038
14.84 -0.000570473
14.85 -0.000555061
14.86 -0.000542176
14.87 -0.0005322
14.88 -0.000524465
14.89 -0.000516695
14.9 -0.000505807
14.91 -0.000489777
14.92 -0.000469032
14.93 -0.000446073
14.94 -0.000423551
14.95 -0.000402454
14.96 -0.000381857
14.97 -0.000360268
14.98 -0.000337228
14.99 -0.000313776
15 -0.000291532
15.01 -0.000271337
15.02 -0.00025259
15.03 -0.000233671
15.04 -0.000212961
15.05 -0.000189699
15.06 -0.000164227
15.07 -0.000137656
15.08 -0.000111214
15.09 -8.56254e-05
15.1 -6.07819e-05
15.11 -3.58001e-05
15.12 -9.41144e-06
15.13 1.94436e-05
15.14 5.11098e-05
15.15 8.51721e-05
15.16 0.000121016
15.17 0.000158613
15.18 0.000198809
15.19 0.000242729
15.2 0.000290737
15.21 0.000341859
15.22 0.000394191
15.23 0.000445929
15.24 0.000496256
15.25 0.000545525
15.26 0.000594759
15.27 0.000644909
15.28 0.000696321
15.29 0.000748641
15.3 0.00080113
15.31 0.000853041
15.32 0.000903743
15.33 0.000952468
15.34 0.000997953
15.35 0.00103836
15.36 0.00107171
15.37 0.00109663
15.38 0.00111285
15.39 0.00112106
15.4 0.0011223
15.41 0.00111763
15.42 0.00110812
15.43 0.00109499
15.44 0.00107922
15.45 0.00106105
15.46 0.00103993
15.47 0.00101516
15.48 0.000986663
15.49 0.000955127
15.5 0.000921277
15.51 0.000885102
15.52 0.000845771
15.53 0.000802292
15.54 0.000754341
15.55 0.000702656
15.56 0.000648853
15.57 0.000594848
15.58 0.000542223
15.59 0.000491739
15.6 0.000443143
15.61 0.000395363
15.62 0.000347038
15.63 0.000297093
15.64 0.000245098
15.65 0.00019141
15.66 0.000137127
15.67 8.37938e-05
15.68 3.28146e-05
15.69 -1.5141e-05
15.7 -6.02605e-05
15.71 -0.000103078
15.72 -0.00014375
15.73 -0.000181776
15.74 -0.000216363
15.75 -0.000247026
15.76 -0.000273795
15.77 -0.000296891
15.78 -0.000316306
15.79 -0.00033181
15.8 -0.000343434
15.81 -0.000351926
15.82 -0.000358599
15.83 -0.000364573
15.84 -0.000370071
15.85 -0.00037444
15.86 -0.000376864
15.87 -0.000377106
15.88 -0.000375609
15.89 -0.000372948
15.9 -0.000369271
15.91 -0.000364295
15.92 -0.000357801
15.93 -0.000350066
15.94 -0.000341749
15.95 -0.00033338
15.96 -0.000324986
15.97 -0.000316251
15.98 -0.000307058
15.99 -0.000297872
16 -0.000289548
16.01 -0.000282728
16.02 -0.000277403
16.03 -0.000273002
16.04 -0.000268824
16.05 -0.000264404
16.06 -0.000259613
16.07 -0.000254628
16.08 -0.000249866
16.09 -0.000245874
16.1 -0.000243116
16.11 -0.000241754
16.12 -0.000241525
16.13 -0.000241745
16.14 -0.000241409
16.15 -0.000239436
16.16 -0.000235084
16.17 -0.000228339
16.18 -0.000219897
16.19 -0.000210685
16.2 -0.000201295
16.21 -0.000191746
16.22 -0.000181632
16.23 -0.000170402
16.24 -0.000157596
16.25 -0.000142931
16.26 -0.000126271
16.27 -0.000107543
16.28 -8.6713e-05
16.29 -6.39398e-05
16.3 -3.98444e-05
16.31 -1.5641e-05
16.32 7.16534e-06
16.33 2.74567e-05
16.34 4.50702e-05
16.35 6.07658e-05
16.36 7.55926e-05
16.37 9.01328e-05
16.38 0.000104148
16.39 0.000116815
16.4 0.000127339
16.41 0.000135503
16.42 0.000141791
16.43 0.000147087
16.44 0.00015226
16.45 0.000157959
16.46 0.000164714
16.47 0.000173142
16.48 0.000183986
16.49 0.00019794
16.5 0.000215424
16.51 0.000236553
16.52 0.000261269
16.53 0.000289451
16.54 0.000320932
16.55 0.00035553
16.56 0.000393184
16.57 0.000434056
16.58 0.000478399
16.59 0.000526238
16.6 0.000577071
16.61 0.000629792
16.62 0.00068284
16.63 0.000734493
16.64 0.000783233
16.65 0.000828051
16.66 0.00086848
16.67 0.000904382
16.68 0.000935721
16.69 0.000962566
16.7 0.000985276
16.71 0.00100458
16.72 0.00102134
16.73 0.00103599
16.74 0.00104804
16.75 0.00105603
16.76 0.00105799
16.77 0.00105236
16.78 0.00103871
16.79 0.00101792
16.8 0.000991527
16.81 0.000960924
16.82 0.000926886
16.83 0.000889668
16.84 0.000849319
16.85 0.000805825
16.86 0.000758917
16.87 0.000707793
16.88 0.00065112
16.89 0.000587468
16.9 0.000515896
16.91 0.000436213
16.92 0.000348705
16.93 0.000253635
16.94 0.000151041
16.95 4.0988e-05
16.96 -7.61078e-05
16.97 -0.000199482
16.98 -0.000328282
16.99 -0.000461711
17 -0.000598788
17.01 -0.000737827
17.02 -0.000876013
17.03 -0.00100949
17.04 -0.00113423
17.05 -0.0012475
17.06 -0.0013491
17.07 -0.00144102
17.08 -0.00152544
17.09 -0.00160214
17.1 -0.00166774
17.11 -0.00171751
17.12 -0.00174861
17.13 -0.00176215
17.14 -0.00176256
17.15 -0.00175478
17.16 -0.00174149
17.17 -0.00172268
17.18 -0.00169768
17.19 -0.0016675
17.2 -0.00163512
17.21 -0.00160354
17.22 -0.00157358
17.23 -0.00154339
17.24 -0.00151016
17.25 -0.00147208
17.26 -0.00142928
17.27 -0.0013831
17.28 -0.00133478
17.29 -0.00128469
17.3 -0.00123247
17.31 -0.00117771
17.32 -0.00112047
17.33 -0.00106129
17.34 -0.00100088
17.35 -0.000939625
17.36 -0.00087729
17.37 -0.000812905
17.38 -0.000745129
17.39 -0.000672843
17.4 -0.000595663
17.41 -0.000514053
17.42 -0.000429017
17.43 -0.000341677
17.44 -0.000253034
17.45 -0.000164025
17.46 -7.5631e-05
17.47 1.11895e-05
17.48 9.57917e-05
17.49 0.00017811
17.5 0.000258583
17.51 0.000337697
17.52 0.000415469
17.53 0.000491247
17.54 0.000563898
17.55 0.000632142
17.56 0.000694828
17.57 0.000751102
17.58 0.000800497
17.59 0.00084298
17.6 0.000878906
17.61 0.000908876
17.62 0.000933617
17.63 0.000953994
17.64 0.000971118
17.65 0.000986326
17.66 0.00100088
17.67 0.00101546
17.68 0.00102992
17.69 0.00104338
17.7 0.00105484
17.71 0.00106354
17.72 0.00106892
17.73 0.00107025
17.74 0.00106652
17.75 0.00105677
17.76 0.00104077
17.77 0.00101913
17.78 0.000992943
17.79 0.000963134
17.8 0.000930151
17.81 0.00089423
17.82 0.000855866
17.83 0.000815961
17.84 0.000775364
17.85 0.000734175
17.86 0.000691488
17.87 0.000645903
17.88 0.000596479
17.89 0.000543389
17.9 0.00048777
17.91 0.000430914
17.92 0.000373538
17.93 0.0003157
17.94 0.000257318
17.95 0.000198676
17.96 0.000140372
17.97 8.28178e-05
17.98 2.58407e-05
17.99 -3.11408e-05
18 -8.85221e-05
18.01 -0.000146064
18.02 -0.000202979
18.03 -0.000258385
18.04 -0.000311662
18.05 -0.000362442
18.06 -0.000410393
18.07 -0.00045512
18.08 -0.000496307
18.09 -0.000533934
18.1 -0.00056836
18.11 -0.000600219
18.12 -0.000630193
18.13 -0.000658773
18.14 -0.000686113
18.15 -0.000712023
18.16 -0.000736099
18.17 -0.000757916
18.18 -0.00077719
18.19 -0.000793832
18.2 -0.000807913
18.21 -0.000819557
18.22 -0.000828845
18.23 -0.000835788
18.24 -0.00084038
18.25 -0.00084264
18.26 -0.000842514
18.27 -0.000839657
18.28 -0.000833316
18.29 -0.00082256
18.3 -0.000806829
18.31 -0.000786359
18.32 -0.000762083
18.33 -0.00073506
18.34 -0.000705921
18.35 -0.000674713
18.36 -0.000641144
18.37 -0.000604925
18.38 -0.000566006
18.39 -0.000524627
18.4 -0.000481245
18.41 -0.000436318
18.42 -0.000390003
18.43 -0.00034199
18.44 -0.00029171
18.45 -0.000238852
18.46 -0.00018376
18.47 -0.000127263
18.48 -7.00969e-05
18.49 -1.24731e-05
18.5 4.57485e-05
18.51 0.000104473
18.52 0.00016298
18.53 0.00022016
18.54 0.000275157
18.55 0.000327836
18.56 0.000378684
18.57 0.000428246
18.58 0.000476606
18.59 0.00052333
18.6 0.000567895
18.61 0.000610128
18.62 0.000650187
18.63 0.000688136
18.64 0.0007236
18.65 0.000755907
18.66 0.000784617
18.67 0.000809957
18.68 0.00083277
18.69 0.000854025
18.7 0.000874271
18.71 0.000893447
18.72 0.00091117
18.73 0.000927164
18.74 0.000941467
18.75 0.000954267
18.76 0.000965588
18.77 0.000975161
18.78 0.000982611
18.79 0.000987863
18.8 0.000991414
18.81 0.000994175
18.82 0.000996887
18.83 0.00099956
18.84 0.00100139
18.85 0.00100129
18.86 0.000998516
18.87 0.000992962
18.88 0.000984799
18.89 0.000974004
18.9 0.000960269
18.91 0.000943394
18.92 0.000923738
18.93 0.000902246
18.94 0.000879984
18.95 0.000857584
18.96 0.000835062
18.97 0.00081213
18.98 0.000788638
18.99 0.000764675
19 0.000740215
19.01 0.000714707
19.02 0.000687129
19.03 0.000656612
19.04 0.000623079
19.05 0.000587283
19.06 0.000550175
19.07 0.000512212
19.08 0.000473164
19.09 0.000432477
19.1 0.000389801
19.11 0.000345199
19.12 0.000298937
19.13 0.000251141
19.14 0.000201695
19.15 0.0001505
19.16 9.79056e-05
19.17 4.49194e-05
19.18 -7.00509e-06
19.19 -5.65061e-05
19.2 -0.000102784
19.21 -0.000145675
19.22 -0.000185312
19.23 -0.000221696
19.24 -0.000254518
19.25 -0.000283351
19.26 -0.000307975
19.27 -0.000328486
19.28 -0.000345069
19.29 -0.000357721
19.3 -0.000366232
19.31 -0.000370467
19.32 -0.000370653
19.33 -0.000367363
19.34 -0.000361222
19.35 -0.000352632
19.36 -0.000341813
19.37 -0.000329122
19.38 -0.000315299
19.39 -0.000301329
19.4 -0.000287924
19.41 -0.000275069
19.42 -0.000262077
19.43 -0.000248172
19.44 -0.000233114
19.45 -0.000217348
19.46 -0.000201616
19.47 -0.000186446
19.48 -0.000171972
19.49 -0.000158161
19.5 -0.000145138
19.51 -0.000133303
19.52 -0.000123147
19.53 -0.000115014
19.54 -0.000109059
19.55 -0.000105426
19.56 -0.000104424
19.57 -0.000106471
19.58 -0.000111839
19.59 -0.000120422
19.6 -0.00013173
19.61 -0.000145106
19.62 -0.000160034
19.63 -0.00017633
19.64 -0.000194079
19.65 -0.000213372
19.66 -0.000234021
19.67 -0.000255488
19.68 -0.000277049
19.69 -0.000298084
19.7 -0.000318277
19.71 -0.000337596
19.72 -0.000356076
19.73 -0.000373643
19.74 -0.000390178
19.75 -0.000405709
19.76 -0.000420474
19.77 -0.000434799
19.78 -0.000448953
19.79 -0.00046314
19.8 -0.000477608
19.81 -0.000492715
19.82 -0.000508833
19.83 -0.000526152
19.84 -0.000544509
19.85 -0.00056336
19.86 -0.00058196
19.87 -0.000599696
19.88 -0.00061637
19.89 -0.000632174
19.9 -0.000647354
19.91 -0.000661882
19.92 -0.000675402
19.93 -0.000687472
19.94 -0.000697799
19.95 -0.000706236
19.96 -0.00071256
19.97 -0.000716249
19.98 -0.000716444
19.99 -0.000712152
20 -0.00070255
20.01 -0.000687199
20.02 -0.00066609
20.03 -0.000639572
20.04 -0.00060823
20.05 -0.000572734
20.06 -0.000533663
20.07 -0.000491395
20.08 -0.000446151
20.09 -0.000398194
20.1 -0.000348006
20.11 -0.000296248
20.12 -0.000243523
20.13 -0.00019019
20.14 -0.000136418
20.15 -8.24121e-05
20.16 -2.85977e-05
20.17 2.43963e-05
20.18 7.59177e-05
20.19 0.000125467
20.2 0.000172764
20.21 0.000217711
20.22 0.000260311
20.23 0.000300547
20.24 0.000338282
20.25 0.000373219
20.26 0.000404985
20.27 0.000433255
20.28 0.000457818
20.29 0.000478529
20.3 0.000495244
20.31 0.000507781
20.32 0.000515957
20.33 0.000519719
20.34 0.000519288
20.35 0.000515227
20.36 0.0005084
20.37 0.000499816
20.38 0.000490445
20.39 0.000481043
20.4 0.00047205
20.41 0.000463565
20.42 0.000455348
20.43 0.000446867
20.44 0.000437438
20.45 0.000426455
20.46 0.000413646
20.47 0.000399162
20.48 0.000383453
20.49 0.000367007
20.5 0.000350116
20.51 0.000332812
20.52 0.000314976
20.53 0.000296497
20.54 0.000277335
20.55 0.000257481
20.56 0.000236853
20.57 0.000215268
20.58 0.000192536
20.59 0.000168594
20.6 0.000143538
20.61 0.00011749
20.62 9.04041e-05
20.63 6.19925e-05
20.64 3.18597e-05
20.65 -2.87876e-07
20.66 -3.45355e-05
20.67 -7.08189e-05
20.68 -0.000109048
20.69 -0.000149154
20.7 -0.000191004
20.71 -0.000234285
20.72 -0.000278499
20.73 -0.000323127
20.74 -0.000367809
20.75 -0.000412325
20.76 -0.000456358
20.77 -0.000499262
20.78 -0.00054011
20.79 -0.000578016
20.8 -0.00061246
20.81 -0.000643374
20.82 -0.000671033
20.83 -0.000695866
20.84 -0.000718302
20.85 -0.00073866
20.86 -0.000757075
20.87 -0.000773503
20.88 -0.000787776
20.89 -0.000799755
20.9 -0.000809465
20.91 -0.000817099
20.92 -0.000822847
20.93 -0.000826689
20.94 -0.000828342
20.95 -0.000827362
20.96 -0.000823312
20.97 -0.000815862
20.98 -0.000804806
20.99 -0.000790049
21 -0.00077161
21.01 -0.000749623
21.02 -0.000724305
21.03 -0.000695873
21.04 -0.000664436
21.05 -0.000629933
21.06 -0.000592237
21.07 -0.00055138
21.08 -0.000507742
21.09 -0.000461985
21.1 -0.000414771
21.11 -0.000366515
21.12 -0.000317388
21.13 -0.000267515
21.14 -0.000217134
21.15 -0.000166543
21.16 -0.000115905
21.17 -6.50985e-05
21.18 -1.37724e-05
21.19 3.83912e-05
21.2 9.13916e-05
21.21 0.000144834
21.22 0.000198133
21.23 0.000250797
21.24 0.000302585
21.25 0.00035344
21.26 0.000403302
21.27 0.000451959
21.28 0.000499068
21.29 0.000544314
21.3 0.000587555
21.31 0.000628837
21.32 0.000668297
21.33 0.000706083
21.34 0.000742316
21.35 0.000777069
21.36 0.0008103
21.37 0.000841807
21.38 0.000871285
21.39 0.000898445
21.4 0.000923095
21.41 0.000945113
21.42 0.000964293
21.43 0.000980188
21.44 0.000992099
21.45 0.00099927
21.46 0.00100117
21.47 0.000997652
21.48 0.000988938
21.49 0.00097541
21.5 0.000957487
21.51 0.000935641
21.52 0.000910509
21.53 0.000882935
21.54 0.000853847
21.55 0.00082401
21.56 0.000793856
21.57 0.000763476
21.58 0.000732744
21.59 0.000701462
21.6 0.000669489
21.61 0.000636804
21.62 0.000603465
21.63 0.000569518
21.64 0.000534958
21.65 0.000499779
21.66 0.000464069
21.67 0.000428045
21.68 0.000391967
21.69 0.000355944
21.7 0.000319802
21.71 0.000283167
21.72 0.00024574
21.73 0.000207541
21.74 0.000168886
21.75 0.000130168
21.76 9.16623e-05
21.77 5.35713e-05
21.78 1.6234e-05
21.79 -1.97068e-05
21.8 -5.33789e-05
21.81 -8.39974e-05
21.82 -0.000111205
21.83 -0.00013516
21.84 -0.000156306
21.85 -0.000175016
21.86 -0.000191411
21.87 -0.000205399
21.88 -0.00021684
21.89 -0.000225661
21.9 -0.000231893
21.91 -0.000235634
21.92 -0.000237001
21.93 -0.000236106
21.94 -0.000233079
21.95 -0.000228143
21.96 -0.000221695
21.97 -0.000214376
21.98 -0.000207035
21.99 -0.000200555
22 -0.000195632
22.01 -0.000192634
22.02 -0.000191626
22.03 -0.000192473
22.04 -0.00019494
22.05 -0.000198756
22.06 -0.0002037
22.07 -0.000209731
22.08 -0.000217109
22.09 -0.000226357
22.1 -0.000237986
22.11 -0.000252183
22.12 -0.000268718
22.13 -0.00028714
22.14 -0.000306982
22.15 -0.000327759
22.16 -0.000348771
22.17 -0.000369017
22.18 -0.000387453
22.19 -0.000403425
22.2 -0.000416931
22.21 -0.000428471
22.22 -0.000438644
22.23 -0.000447821
22.24 -0.000456119
22.25 -0.000463592
22.26 -0.000470431
22.27 -0.000476924
22.28 -0.000483241
22.29 -0.000489235
22.3 -0.000494482
22.31 -0.000498531
22.32 -0.000501239
22.33 -0.000502911
22.34 -0.000504176
22.35 -0.000505678
22.36 -0.00050782
22.37 -0.000510742
22.38 -0.00051449
22.39 -0.000519211
22.4 -0.000525157
22.41 -0.000532498
22.42 -0.000541104
22.43 -0.000550534
22.44 -0.000560269
22.45 -0.000569977
22.46 -0.000579572
22.47 -0.000589049
22.48 -0.000598255
22.49 -0.000606766
22.5 -0.000613893
22.51 -0.000618823
22.52 -0.000620821
22.53 -0.000619385
22.54 -0.000614209
22.55 -0.000604997
22.56 -0.000591351
22.57 -0.000572894
22.58 -0.0005495
22.59 -0.000521362
22.6 -0.00048887
22.61 -0.000452442
22.62 -0.000412455
22.63 -0.000369274
22.64 -0.000323316
22.65 -0.00027505
22.66 -0.000224903
22.67 -0.000173119
22.68 -0.000119694
22.69 -6.44681e-05
22.7 -7.29214e-06
22.71 5.1868e-05
22.72 0.000112922
22.73 0.00017566
22.74 0.0002397
22.75 0.000304438
22.76 0.000369083
22.77 0.000432816
22.78 0.000494955
22.79 0.000555051
22.8 0.000612864
22.81 0.000668251
22.82 0.000721053
22.83 0.000771069
22.84 0.000818172
22.85 0.000862443
22.86 0.000904156
22.87 0.000943569
22.88 0.000980686
22.89 0.00101517
22.9 0.00104646
22.91 0.00107405
22.92 0.00109764
22.93 0.0011172
22.94 0.00113284
22.95 0.0011447
22.96 0.0011528
22.97 0.00115715
22.98 0.00115771
22.99 0.00115447
23 0.00114744
23.01 0.0011367
23.02 0.00112244
23.03 0.00110486
23.04 0.00108411
23.05 0.00106026
23.06 0.00103335
23.07 0.00100341
23.08 0.000970507
23.09 0.000934676
23.1 0.000895982
23.11 0.000854562
23.12 0.000810624
23.13 0.000764353
23.14 0.000715779
23.15 0.000664751
23.16 0.000611073
23.17 0.000554736
23.18 0.000496031
23.19 0.000435467
23.2 0.000373572
23.21 0.000310714
23.22 0.00024707
23.23 0.000182716
23.24 0.000117737
23.25 5.22348e-05
23.26 -1.3735e-05
23.27 -8.01707e-05
23.28 -0.000147022
23.29 -0.000214057
23.3 -0.00028085
23.31 -0.00034691
23.32 -0.000411864
23.33 -0.000475512
23.34 -0.00053771
23.35 -0.000598185
23.36 -0.000656469
23.37 -0.000712053
23.38 -0.000764647
23.39 -0.000814319
23.4 -0.000861353
23.41 -0.000905919
23.42 -0.000947849
23.43 -0.000986727
23.44 -0.00102219
23.45 -0.00105414
23.46 -0.0010826
23.47 -0.0011075
23.48 -0.00112851
23.49 -0.00114514
23.5 -0.00115693
23.51 -0.0011636
23.52 -0.00116498
23.53 -0.00116087
23.54 -0.00115106
23.55 -0.00113557
23.56 -0.00111474
23.57 -0.00108913
23.58 -0.00105934
23.59 -0.00102575
23.6 -0.000988512
23.61 -0.000947762
23.62 -0.000903896
23.63 -0.000857567
23.64 -0.000809419
23.65 -0.000759785
23.66 -0.000708639
23.67 -0.000655796
23.68 -0.000601172
23.69 -0.000544909
23.7 -0.000487344
23.71 -0.000428918
23.72 -0.000370115
23.73 -0.000311408
23.74 -0.000253209
23.75 -0.000195809
23.76 -0.000139336
23.77 -8.37463e-05
23.78 -2.88981e-05
23.79 2.53226e-05
23.8 7.88815e-05
23.81 0.00013153
23.82 0.000182818
23.83 0.000232191
23.84 0.000279109
23.85 0.000323132
23.86 0.000363906
23.87 0.000401118
23.88 0.000434535
23.89 0.000464148
23.9 0.000490297
23.91 0.000513612
23.92 0.000534754
23.93 0.000554172
23.94 0.000572063
23.95 0.000588545
23.96 0.000603837
23.97 0.000618267
23.98 0.00063212
23.99 0.000645488
24 0.000658252
24.01 0.000670208
24.02 0.00068121
24.03 0.000691189
24.04 0.000700037
24.05 0.000707464
24.06 0.000712969
24.07 0.000715955
24.08 0.000715951
24.09 0.00071279
24.1 0.000706656
24.11 0.000697941
24.12 0.000687002
24.13 0.000673957
24.14 0.000658656
24.15 0.000640879
24.16 0.000620618
24.17 0.00059819
24.18 0.000574124
24.19 0.00054894
24.2 0.000523013
24.21 0.000496573
24.22 0.000469754
24.23 0.00044263
24.24 0.000415187
24.25 0.000387278
24.26 0.000358624
24.27 0.000328912
24.28 0.000297956
24.29 0.000265802
24.3 0.000232703
24.31 0.000198976
24.32 0.00016486
24.33 0.000130469
24.34 9.58428e-05
24.35 6.10405e-05
24.36 2.6174e-05
24.37 -8.65823e-06
24.38 -4.34449e-05
24.39 -7.82469e-05
24.4 -0.000113103
24.41 -0.000147965
24.42 -0.000182739
24.43 -0.000217371
24.44 -0.000251879
24.45 -0.000286317
24.46 -0.000320726
24.47 -0.000355107
24.48 -0.000389411
24.49 -0.000423568
24.5 -0.000457545
24.51 -0.000491382
24.52 -0.000525126
24.53 -0.000558725
24.54 -0.000591966
24.55 -0.000624542
24.56 -0.000656186
24.57 -0.000686761
24.58 -0.000716223
24.59 -0.000744485
24.6 -0.000771263
24.61 -0.00079606
24.62 -0.000818287
24.63 -0.000837457
24.64 -0.000853272
24.65 -0.000865531
24.66 -0.000873959
24.67 -0.000878134
24.68 -0.000877601
24.69 -0.000872052
24.7 -0.000861394
24.71 -0.000845657
24.72 -0.00082488
24.73 -0.000799112
24.74 -0.000768537
24.75 -0.000733607
24.76 -0.000695029
24.77 -0.000653524
24.78 -0.000609479
24.79 -0.000562777
24.8 -0.000513013
24.81 -0.000459921
24.82 -0.000403637
24.83 -0.000344577
24.84 -0.000283111
24.85 -0.000219331
24.86 -0.00015313
24.87 -8.44726e-05
24.88 -1.36092e-05
24.89 5.89509e-05
24.9 0.000132669
24.91 0.000207191
24.92 0.00028236
24.93 0.000358027
24.94 0.000433801
24.95 0.000508923
24.96 0.000582323
24.97 0.000652848
24.98 0.000719535
24.99 0.000781791
25 0.000839392
25.01 0.000892365
25.02 0.000940796
25.03 0.000984636
25.04 0.00102357
25.05 0.00105701
25.06 0.00108436
25.07 0.00110521
25.08 0.00111958
25.09 0.00112774
25.1 0.00113006
25.11 0.00112672
25.12 0.00111776
25.13 0.00110314
25.14 0.00108299
25.15 0.00105756
25.16 0.00102712
25.17 0.000991798
25.18 0.000951546
25.19 0.000906329
25.2 0.000856374
25.21 0.000802214
25.22 0.000744459
25.23 0.000683507
25.24 0.000619461
25.25 0.000552314
25.26 0.000482196
25.27 0.000409434
25.28 0.000334395
25.29 0.000257279
25.3 0.00017812
25.31 9.70036e-05
25.32 1.43309e-05
25.33 -6.91767e-05
25.34 -0.000152748
25.35 -0.000235866
25.36 -0.0003183
25.37 -0.000399828
25.38 -0.000479861
25.39 -0.000557307
25.4 -0.000630812
25.41 -0.000699259
25.42 -0.000762164
25.43 -0.0008197
25.44 -0.000872374
25.45 -0.000920598
25.46 -0.000964415
25.47 -0.00100349
25.48 -0.0010373
25.49 -0.00106539
25.5 -0.00108761
25.51 -0.00110413
25.52 -0.0011155
25.53 -0.00112246
25.54 -0.00112571
25.55 -0.00112569
25.56 -0.00112257
25.57 -0.00111627
25.58 -0.00110659
25.59 -0.00109327
25.6 -0.00107602
25.61 -0.00105457
25.62 -0.00102879
25.63 -0.00099866
25.64 -0.00096431
25.65 -0.000925907
25.66 -0.000883644
25.67 -0.000837776
25.68 -0.000788694
25.69 -0.000736926
25.7 -0.000683024
25.71 -0.000627412
25.72 -0.000570312
25.73 -0.000511771
25.74 -0.000451753
25.75 -0.000390222
25.76 -0.00032718
25.77 -0.00026267
25.78 -0.000196761
25.79 -0.000129551
25.8 -6.11838e-05
25.81 8.14136e-06
25.82 7.81952e-05
25.83 0.000148766
25.84 0.000219662
25.85 0.000290647
25.86 0.000361356
25.87 0.000431283
25.88 0.000499813
25.89 0.0005663
25.9 0.000630149
25.91 0.000690954
25.92 0.00074861
25.93 0.000803265
25.94 0.000855078
25.95 0.000903979
25.96 0.00094962
25.97 0.000991552
25.98 0.00102944
25.99 0.00106317
26 0.00109285
26.01 0.00111872
26.02 0.001141
26.03 0.0011598
26.04 0.00117512
26.05 0.00118693
26.06 0.00119523
26.07 0.00120003
26.08 0.00120129
26.09 0.00119891
26.1 0.00119272
26.11 0.00118258
26.12 0.00116848
26.13 0.00115059
26.14 0.00112931
26.15 0.00110514
26.16 0.00107863
26.17 0.00105018
26.18 0.00101999
26.19 0.000988181
26.2 0.000954971
26.21 0.000920676
26.22 0.000885564
26.23 0.000849726
26.24 0.000813116
26.25 0.000775743
26.26 0.000737804
26.27 0.000699653
26.28 0.000661641
26.29 0.000623975
26.3 0.00058671
26.31 0.0005498
26.32 0.000513132
26.33 0.000476473
26.34 0.000439437
26.35 0.000401543
26.36 0.00036236
26.37 0.000321618
26.38 0.000279253
26.39 0.000235382
26.4 0.000190225
26.41 0.000143993
26.42 9.68161e-05
26.43 4.87505e-05
26.44 -1.76581e-07
26.45 -4.99946e-05
26.46 -0.000100857
26.47 -0.000153035
26.48 -0.000206807
26.49 -0.000262345
26.5 -0.000319688
26.51 -0.000378804
26.52 -0.000439655
26.53 -0.000502199
26.54 -0.000566331
26.55 -0.000631834
26.56 -0.000698387
26.57 -0.000765637
26.58 -0.000833231
26.59 -0.000900775
26.6 -0.000967761
26.61 -0.00103356
26.62 -0.00109748
26.63 -0.00115882
26.64 -0.00121688
26.65 -0.00127101
26.66 -0.00132058
26.67 -0.00136508
26.68 -0.00140419
26.69 -0.00143775
26.7 -0.00146568
26.71 -0.00148793
26.72 -0.00150445
26.73 -0.00151527
26.74 -0.00152047
26.75 -0.00152014
26.76 -0.00151444
26.77 -0.00150357
26.78 -0.00148784
26.79 -0.00146763
26.8 -0.0014434
26.81 -0.00141565
26.82 -0.00138473
26.83 -0.00135087
26.84 -0.00131417
26.85 -0.00127468
26.86 -0.00123248
26.87 -0.00118765
26.88 -0.00114018
26.89 -0.00109005
26.9 -0.00103725
26.91 -0.00098189
26.92 -0.000924256
26.93 -0.000864708
26.94 -0.000803578
26.95 -0.000741086
26.96 -0.000677328
26.97 -0.000612335
26.98 -0.00054615
26.99 -0.000478886
27 -0.000410732
27.01 -0.000341913
27.02 -0.000272636
27.03 -0.00020308
27.04 -0.00013341
27.05 -6.37889e-05
27.06 5.62168e-06
27.07 7.46503e-05
27.08 0.000143105
27.09 0.000210754
27.1 0.000277302
27.11 0.00034236
27.12 0.000405404
27.13 0.000465765
27.14 0.000522693
27.15 0.000575514
27.16 0.000623812
27.17 0.000667517
27.18 0.000706846
27.19 0.000742139
27.2 0.000773634
27.21 0.000801329
27.22 0.000825018
27.23 0.000844496
27.24 0.000859733
27.25 0.000870865
27.26 0.000878042
27.27 0.000881283
27.28 0.000880445
27.29 0.000875313
27.3 0.000865761
27.31 0.000851847
27.32 0.000833803
27.33 0.000811933
27.34 0.000786532
27.35 0.000757847
27.36 0.000726098
27.37 0.000691527
27.38 0.000654447
27.39 0.000615278
27.4 0.000574525
27.41 0.00053273
27.42 0.000490391
27.43 0.0004479
27.44 0.000405488
27.45 0.000363239
27.46 0.000321156
27.47 0.000279257
27.48 0.000237653
27.49 0.00019656
27.5 0.000156254
27.51 0.000117031
27.52 7.92562e-05
27.53 4.33937e-05
27.54 9.9446e-06
27.55 -2.07034e-05
27.56 -4.83779e-05
27.57 -7.30899e-05
27.58 -9.48987e-05
27.59 -0.000113785
27.6 -0.00012962
27.61 -0.000142246
27.62 -0.000151592
27.63 -0.000157767
27.64 -0.000161044
27.65 -0.000161733
27.66 -0.000160014
27.67 -0.000155874
27.68 -0.000149171
27.69 -0.000139814
27.7 -0.000127965
27.71 -0.000114101
27.72 -9.8849e-05
27.73 -8.27198e-05
27.74 -6.59705e-05
27.75 -4.86842e-05
27.76 -3.09312e-05
27.77 -1.28427e-05
27.78 5.43532e-06
27.79 2.38128e-05
27.8 4.22566e-05
27.81 6.07112e-05
27.82 7.90051e-05
27.83 9.68352e-05
27.84 0.000113852
27.85 0.000129787
27.86 0.000144549
27.87 0.00015824
27.88 0.000171095
27.89 0.000183384
27.9 0.000195367
27.91 0.000207297
27.92 0.000219415
27.93 0.000231904
27.94 0.000244833
27.95 0.000258145
27.96 0.00027172
27.97 0.000285462
27.98 0.000299344
27.99 0.000313361
28 0.000327422
28.01 0.000341305
28.02 0.000354737
28.03 0.000367559
28.04 0.000379829
28.05 0.000391771
28.06 0.000403592
28.07 0.00041533
28.08 0.00042684
28.09 0.000437889
28.1 0.000448223
28.11 0.000457577
28.12 0.000465691
28.13 0.000472372
28.14 0.000477577
28.15 0.000481399
28.16 0.000483924
28.17 0.000485056
28.18 0.000484498
28.19 0.0004819
28.2 0.000477049
28.21 0.000469894
28.22 0.000460443
28.23 0.000448672
28.24 0.000434537
28.25 0.000418057
28.26 0.000399368
28.27 0.000378731
28.28 0.000356478
28.29 0.000332905
28.3 0.000308162
28.31 0.000282257
28.32 0.00025519
28.33 0.000227068
28.34 0.000198135
28.35 0.000168713
28.36 0.000139156
28.37 0.000109856
28.38 8.12623e-05
28.39 5.38456e-05
28.4 2.79749e-05
28.41 3.79572e-06
28.42 -1.87433e-05
28.43 -3.9709e-05
28.44 -5.90076e-05
28.45 -7.6369e-05
28.46 -9.14918e-05
28.47 -0.000104212
28.48 -0.000114555
28.49 -0.000122627
28.5 -0.000128442
28.51 -0.000131853
28.52 -0.000132668
28.53 -0.000130841
28.54 -0.000126544
28.55 -0.000120083
28.56 -0.00011177
28.57 -0.000101898
28.58 -9.07973e-05
28.59 -7.88594e-05
28.6 -6.64857e-05
28.61 -5.40278e-05
28.62 -4.17617e-05
28.63 -2.98781e-05
28.64 -1.84829e-05
28.65 -7.62744e-06
28.66 2.63144e-06
28.67 1.21829e-05
28.68 2.08772e-05
28.69 2.85758e-05
28.7 3.51363e-05
28.71 4.0329e-05
28.72 4.38192e-05
28.73 4.52781e-05
28.74 4.45285e-05
28.75 4.15968e-05
28.76 3.6645e-05
28.77 2.98651e-05
28.78 2.14233e-05
28.79 1.14394e-05
28.8 -5.91822e-08
28.81 -1.31753e-05
28.82 -2.81019e-05
28.83 -4.50182e-05
28.84 -6.39985e-05
28.85 -8.49888e-05
28.86 -0.000107842
28.87 -0.000132357
28.88 -0.000158263
28.89 -0.000185182
28.9 -0.00021261
28.91 -0.000239966
28.92 -0.000266688
28.93 -0.000292321
28.94 -0.000316577
28.95 -0.000339334
28.96 -0.000360603
28.97 -0.000380457
28.98 -0.000398968
28.99 -0.000416187
29 -0.000432165
29.01 -0.000446956
29.02 -0.000460551
29.03 -0.000472792
29.04 -0.000483351
29.05 -0.000491822
29.06 -0.000497881
29.07 -0.000501387
29.08 -0.000502334
29.09 -0.00050077
29.1 -0.000496774
29.11 -0.000490517
29.12 -0.000482312
29.13 -0.000472532
29.14 -0.000461434
29.15 -0.000449018
29.16 -0.000435061
29.17 -0.000419301
29.18 -0.000401614
29.19 -0.000382076
29.2 -0.000360892
29.21 -0.000338256
29.22 -0.000314263
29.23 -0.000288923
29.24 -0.000262268
29.25 -0.000234411
29.26 -0.00020551
29.27 -0.000175669
29.28 -0.000144897
29.29 -0.000113144
29.3 -8.03898e-05
29.31 -4.67303e-05
29.32 -1.23987e-05
29.33 2.22953e-05
29.34 5.70734e-05
29.35 9.17341e-05
29.36 0.000126073
29.37 0.000159763
29.38 0.000192346
29.39 0.000223354
29.4 0.000252471
29.41 0.000279579
29.42 0.000304658
29.43 0.000327632
29.44 0.000348324
29.45 0.000366557
29.46 0.000382295
29.47 0.000395661
29.48 0.000406802
29.49 0.000415728
29.5 0.000422258
29.51 0.000426116
29.52 0.000427066
29.53 0.000425002
29.54 0.000419929
29.55 0.000411904
29.56 0.000400995
29.57 0.000387282
29.58 0.000370845
29.59 0.000351728
29.6 0.000329927
29.61 0.000305413
29.62 0.000278228
29.63 0.000248531
29.64 0.000216553
29.65 0.000182461
29.66 0.000146293
29.67 0.000108083
29.68 6.80382e-05
29.69 2.66115e-05
29.7 -1.5615e-05
29.71 -5.81069e-05
29.72 -0.000100486
29.73 -0.000142495
29.74 -0.00018386
29.75 -0.000224141
29.76 -0.000262692
29.77 -0.00029876
29.78 -0.000331644
29.79 -0.000360794
29.8 -0.000385828
29.81 -0.000406493
29.82 -0.000422624
29.83 -0.000434148
29.84 -0.000441118
29.85 -0.000443735
29.86 -0.000442286
29.87 -0.00043703
29.88 -0.000428126
29.89 -0.000415651
29.9 -0.000399664
29.91 -0.000380299
29.92 -0.000357795
29.93 -0.00033247
29.94 -0.000304642
29.95 -0.000274562
29.96 -0.000242414
29.97 -0.000208399
29.98 -0.000172823
29.99 -0.000136116
30 -9.87561e-05
30.01 -6.11441e-05
30.02 -2.35029e-05
30.03 1.40969e-05
30.04 5.15898e-05
30.05 8.87671e-05
30.06 0.00012525
30.07 0.00016058
30.08 0.000194315
30.09 0.00022608
30.1 0.000255559
30.11 0.000282513
30.12 0.00030684
30.13 0.000328625
30.14 0.000348084
30.15 0.00036541
30.16 0.00038067
30.17 0.000393818
30.18 0.000404763
30.19 0.000413367
30.2 0.000419424
30.21 0.000422691
30.22 0.000422985
30.23 0.000420291
30.24 0.000414784
30.25 0.000406743
30.26 0.000396419
30.27 0.000383957
30.28 0.000369413
30.29 0.00035282
30.3 0.000334245
30.31 0.000313795
30.32 0.000291596
30.33 0.000267783
30.34 0.000242493
30.35 0.000215868
30.36 0.000188041
30.37 0.000159155
30.38 0.000129395
30.39 9.89723e-05
30.4 6.80207e-05
30.41 3.65299e-05
30.42 4.39475e-06
30.43 -2.84657e-05
30.44 -6.20353e-05
30.45 -9.62279e-05
30.46 -0.000130974
30.47 -0.000166282
30.48 -0.000202205
30.49 -0.000238755
30.5 -0.000275828
30.51 -0.000313205
30.52 -0.000350604
30.53 -0.000387772
30.54 -0.000424567
30.55 -0.000460976
30.56 -0.000497005
30.57 -0.000532546
30.58 -0.000567333
30.59 -0.00060104
30.6 -0.000633386
30.61 -0.000664151
30.62 -0.000693132
30.63 -0.000720127
30.64 -0.000745019
30.65 -0.000767849
30.66 -0.000788749
30.67 -0.000807772
30.68 -0.000824776
30.69 -0.000839489
30.7 -0.000851653
30.71 -0.000861107
30.72 -0.000867773
30.73 -0.000871609
30.74 -0.000872571
30.75 -0.000870603
30.76 -0.000865655
30.77 -0.000857718
30.78 -0.000846848
30.79 -0.000833151
30.8 -0.000816748
30.81 -0.000797739
30.82 -0.000776178
30.83 -0.000752104
30.84 -0.000725596
30.85 -0.000696757
30.86 -0.000665648
30.87 -0.000632243
30.88 -0.000596487
30.89 -0.000558384
30.9 -0.000518014
30.91 -0.00047547
30.92 -0.000430769
30.93 -0.000383821
30.94 -0.000334464
30.95 -0.000282555
30.96 -0.000228056
30.97 -0.000171081
30.98 -0.000111877
30.99 -5.07551e-05
31 1.19836e-05
31.01 7.60966e-05
31.02 0.000141399
31.03 0.000207714
31.04 0.000274794
31.05 0.000342269
31.06 0.000409642
31.07 0.000476299
31.08 0.000541567
31.09 0.000604776
31.1 0.00066535
31.11 0.000722856
31.12 0.000777022
31.13 0.000827712
31.14 0.000874872
31.15 0.000918488
31.16 0.000958564
31.17 0.000995094
31.18 0.00102801
31.19 0.00105713
31.2 0.00108223
31.21 0.00110304
31.22 0.00111943
31.23 0.00113142
31.24 0.00113919
31.25 0.00114303
31.26 0.00114318
31.27 0.00113974
31.28 0.0011327
31.29 0.00112206
31.3 0.00110796
31.31 0.00109071
31.32 0.00107062
31.33 0.0010479
31.34 0.00102255
31.35 0.000994462
31.36 0.000963624
31.37 0.000930227
31.38 0.000894577
31.39 0.000856934
31.4 0.000817412
31.41 0.00077602
31.42 0.000732798
31.43 0.000687914
31.44 0.000641644
31.45 0.000594281
31.46 0.000546044
31.47 0.000497088
31.48 0.000447572
31.49 0.000397707
31.5 0.000347743
31.51 0.000297907
31.52 0.00024833
31.53 0.000199027
31.54 0.000149949
31.55 0.000101084
31.56 5.25149e-05
31.57 4.3644e-06
31.58 -4.32914e-05
31.59 -9.04472e-05
31.6 -0.000137106
31.61 -0.000183191
31.62 -0.000228508
31.63 -0.000272786
31.64 -0.00031577
31.65 -0.000357288
31.66 -0.000397252
31.67 -0.000435622
31.68 -0.000472384
31.69 -0.000507569
31.7 -0.000541246
31.71 -0.00057349
31.72 -0.000604317
31.73 -0.000633682
31.74 -0.000661526
31.75 -0.000687842
31.76 -0.000712665
31.77 -0.000735997
31.78 -0.000757754
31.79 -0.000777785
31.8 -0.000795932
31.81 -0.000812074
31.82 -0.000826146
31.83 -0.000838111
31.84 -0.000847895
31.85 -0.000855322
31.86 -0.000860132
31.87 -0.000862094
31.88 -0.000861118
31.89 -0.000857262
31.9 -0.000850618
31.91 -0.0008412
31.92 -0.000828938
31.93 -0.000813719
31.94 -0.000795463
31.95 -0.000774157
31.96 -0.00074988
31.97 -0.00072277
31.98 -0.000692965
31.99 -0.000660578
32 -0.000625709
32.01 -0.000588476
32.02 -0.000549042
32.03 -0.000507612
32.04 -0.000464407
32.05 -0.000419602
32.06 -0.000373257
32.07 -0.000325282
32.08 -0.00027551
32.09 -0.000223807
32.1 -0.000170157
32.11 -0.000114669
32.12 -5.75591e-05
32.13 8.84286e-07
32.14 6.03463e-05
32.15 0.000120562
32.16 0.000181328
32.17 0.0002424
32.18 0.000303369
32.19 0.000363647
32.2 0.000422589
32.21 0.000479625
32.22 0.000534315
32.23 0.000586314
32.24 0.000635327
32.25 0.000681126
32.26 0.00072362
32.27 0.00076285
32.28 0.000798857
32.29 0.000831541
32.3 0.000860663
32.31 0.000885985
32.32 0.000907387
32.33 0.000924853
32.34 0.000938402
32.35 0.000948087
32.36 0.000954051
32.37 0.000956539
32.38 0.000955808
32.39 0.000952036
32.4 0.000945319
32.41 0.000935748
32.42 0.00092347
32.43 0.000908678
32.44 0.000891541
32.45 0.000872143
32.46 0.000850481
32.47 0.000826527
32.48 0.000800279
32.49 0.000771783
32.5 0.000741109
32.51 0.000708328
32.52 0.000673493
32.53 0.000636648
32.54 0.00059786
32.55 0.000557245
32.56 0.000514971
32.57 0.000471201
32.58 0.000426033
32.59 0.000379477
32.6 0.000331504
32.61 0.000282118
32.62 0.000231384
32.63 0.000179437
32.64 0.000126488
32.65 7.27915e-05
32.66 1.85842e-05
32.67 -3.5948e-05
32.68 -9.06498e-05
32.69 -0.000145355
32.7 -0.000199883
32.71 -0.000254049
32.72 -0.000307665
32.73 -0.0003605
32.74 -0.000412269
32.75 -0.000462635
32.76 -0.000511261
32.77 -0.000557849
32.78 -0.000602183
32.79 -0.000644155
32.8 -0.000683744
32.81 -0.000720957
32.82 -0.00075576
32.83 -0.000788048
32.84 -0.000817684
32.85 -0.000844559
32.86 -0.000868616
32.87 -0.000889822
32.88 -0.000908128
32.89 -0.000923457
32.9 -0.000935711
32.91 -0.000944772
32.92 -0.000950501
32.93 -0.000952767
32.94 -0.000951494
32.95 -0.000946679
32.96 -0.000938369
32.97 -0.000926613
32.98 -0.000911431
32.99 -0.000892831
33 -0.000870858
33.01 -0.000845642
33.02 -0.000817398
33.03 -0.000786347
33.04 -0.000752627
33.05 -0.000716285
33.06 -0.000677332
33.07 -0.000635827
33.08 -0.000591903
33.09 -0.000545748
33.1 -0.000497579
33.11 -0.00044763
33.12 -0.00039615
33.13 -0.000343381
33.14 -0.000289516
33.15 -0.000234689
33.16 -0.000179001
33.17 -0.00012258
33.18 -6.56104e-05
33.19 -8.32922e-06
33.2 4.90235e-05
33.21 0.00010622
33.22 0.000163013
33.23 0.000219085
33.24 0.000274032
33.25 0.000327376
33.26 0.000378597
33.27 0.000427198
33.28 0.000472772
33.29 0.000515075
33.3 0.000554039
33.31 0.000589732
33.32 0.000622264
33.33 0.000651722
33.34 0.000678149
33.35 0.000701562
33.36 0.000721986
33.37 0.000739459
33.38 0.000754026
33.39 0.00076573
33.4 0.000774621
33.41 0.000780772
33.42 0.000784283
33.43 0.000785279
33.44 0.000783881
33.45 0.000780177
33.46 0.000774203
33.47 0.000765944
33.48 0.000755377
33.49 0.00074251
33.5 0.000727415
33.51 0.000710222
33.52 0.00069108
33.53 0.000670122
33.54 0.000647455
33.55 0.000623163
33.56 0.000597315
33.57 0.000569985
33.58 0.000541258
33.59 0.000511224
33.6 0.000479964
33.61 0.000447544
33.62 0.000414033
33.63 0.00037953
33.64 0.000344162
33.65 0.000308047
33.66 0.000271257
33.67 0.000233811
33.68 0.000195721
33.69 0.000157038
33.7 0.000117857
33.71 7.82935e-05
33.72 3.84572e-05
33.73 -1.55516e-06
33.74 -4.16383e-05
33.75 -8.16607e-05
33.76 -0.000121469
33.77 -0.00016091
33.78 -0.000199839
33.79 -0.000238123
33.8 -0.000275624
33.81 -0.000312193
33.82 -0.000347669
33.83 -0.000381892
33.84 -0.000414721
33.85 -0.000446047
33.86 -0.000475801
33.87 -0.000503939
33.88 -0.000530427
33.89 -0.000555219
33.9 -0.000578265
33.91 -0.000599516
33.92 -0.000618935
33.93 -0.000636482
33.94 -0.00065211
33.95 -0.000665756
33.96 -0.000677357
33.97 -0.00068686
33.98 -0.000694234
33.99 -0.000699463
34 -0.000702543
34.01 -0.000703474
34.02 -0.000702264
34.03 -0.000698935
34.04 -0.000693516
34.05 -0.000686033
34.06 -0.000676503
34.07 -0.000664943
34.08 -0.000651385
34.09 -0.000635884
34.1 -0.000618505
34.11 -0.000599307
34.12 -0.000578336
34.13 -0.000555638
34.14 -0.000531269
34.15 -0.000505306
34.16 -0.000477838
34.17 -0.000448957
34.18 -0.000418752
34.19 -0.000387304
34.2 -0.000354694
34.21 -0.000321011
34.22 -0.000286343
34.23 -0.00025078
34.24 -0.000214402
34.25 -0.000177297
34.26 -0.000139559
34.27 -0.000101302
34.28 -6.26566e-05
34.29 -2.37613e-05
34.3 1.52381e-05
34.31 5.41887e-05
34.32 9.29251e-05
34.33 0.000131268
34.34 0.000169029
34.35 0.000206018
34.36 0.000242049
34.37 0.000276948
34.38 0.000310553
34.39 0.000342724
34.4 0.000373337
34.41 0.000402299
34.42 0.000429536
34.43 0.000454999
34.44 0.000478652
34.45 0.000500469
34.46 0.000520424
34.47 0.000538497
34.48 0.000554669
34.49 0.000568925
34.5 0.000581251
34.51 0.000591634
34.52 0.000600064
34.53 0.000606532
34.54 0.000611035
34.55 0.000613574
34.56 0.000614156
34.57 0.000612791
34.58 0.000609498
34.59 0.000604301
34.6 0.000597229
34.61 0.000588321
34.62 0.000577621
34.63 0.000565176
34.64 0.000551038
34.65 0.00053526
34.66 0.000517898
34.67 0.00049901
34.68 0.000478655
34.69 0.000456891
34.7 0.000433781
34.71 0.00040939
34.72 0.000383785
34.73 0.00035704
34.74 0.000329231
34.75 0.000300436
34.76 0.000270739
34.77 0.000240225
34.78 0.000208983
34.79 0.000177102
34.8 0.000144678
34.81 0.000111807
34.82 7.85912e-05
34.83 4.51372e-05
34.84 1.15597e-05
34.85 -2.20192e-05
34.86 -5.5469e-05
34.87 -8.86512e-05
34.88 -0.00012142
34.89 -0.000153626
34.9 -0.000185117
34.91 -0.000215743
34.92 -0.000245359
34.93 -0.000273834
34.94 -0.000301049
34.95 -0.000326902
34.96 -0.000351309
34.97 -0.000374204
34.98 -0.000395536
34.99 -0.000415274
35 -0.0004334
35.01 -0.0004499
35.02 -0.000464754
35.03 -0.000477935
35.04 -0.000489418
35.05 -0.000499188
35.06 -0.000507241
35.07 -0.000513575
35.08 -0.000518187
35.09 -0.000521072
35.1 -0.00052223
35.11 -0.000521669
35.12 -0.000519406
35.13 -0.000515464
35.14 -0.000509866
35.15 -0.000502638
35.16 -0.000493807
35.17 -0.000483407
35.18 -0.000471477
35.19 -0.000458062
35.2 -0.000443208
35.21 -0.000426963
35.22 -0.000409381
35.23 -0.000390516
35.24 -0.000370428
35.25 -0.000349181
35.26 -0.000326842
35.27 -0.000303475
35.28 -0.000279152
35.29 -0.000253942
35.3 -0.00022792
35.31 -0.000201163
35.32 -0.000173752
35.33 -0.000145771
35.34 -0.000117308
35.35 -8.84532e-05
35.36 -5.93047e-05
35.37 -2.99646e-05
35.38 -5.40074e-07
35.39 2.88569e-05
35.4 5.81103e-05
35.41 8.71005e-05
35.42 0.000115705
35.43 0.000143801
35.44 0.000171266
35.45 0.000197979
35.46 0.000223828
35.47 0.000248705
35.48 0.000272513
35.49 0.000295167
35.5 0.000316592
35.51 0.000336723
35.52 0.000355511
35.53 0.000372912
35.54 0.000388893
35.55 0.000403426
35.56 0.000416489
35.57 0.000428064
35.58 0.000438135
35.59 0.000446689
35.6 0.000453714
35.61 0.000459201
35.62 0.000463145
35.63 0.000465543
35.64 0.000466397
35.65 0.000465712
35.66 0.000463497
35.67 0.000459769
35.68 0.000454545
35.69 0.00044785
35.7 0.000439711
35.71 0.00043016
35.72 0.00041923
35.73 0.000406962
35.74 0.000393396
35.75 0.000378576
35.76 0.000362551
35.77 0.00034537
35.78 0.000327089
35.79 0.000307763
35.8 0.000287454
35.81 0.000266223
35.82 0.000244137
35.83 0.000221264
35.84 0.000197676
35.85 0.000173446
35.86 0.00014865
35.87 0.00012337
35.88 9.76869e-05
35.89 7.16878e-05
35.9 4.54625e-05
35.91 1.91048e-05
35.92 -7.28762e-06
35.93 -3.36138e-05
35.94 -5.97697e-05
35.95 -8.56494e-05
35.96 -0.000111146
35.97 -0.000136152
35.98 -0.000160565
35.99 -0.000184282
36 -0.00020721
36.01 -0.00022926
36.02 -0.000250351
36.03 -0.000270413
36.04 -0.000289382
36.05 -0.000307205
36.06 -0.000323835
36.07 -0.000339235
36.08 -0.000353371
36.09 -0.000366216
36.1 -0.000377746
36.11 -0.000387942
36.12 -0.000396787
36.13 -0.000404266
36.14 -0.000410367
36.15 -0.000415083
36.16 -0.000418407
36.17 -0.000420336
36.18 -0.000420873
36.19 -0.000420021
36.2 -0.000417789
36.21 -0.00041419
36.22 -0.000409239
36.23 -0.000402956
36.24 -0.000395365
36.25 -0.000386493
36.26 -0.00037637
36.27 -0.000365032
36.28 -0.000352515
36.29 -0.000338861
36.3 -0.000324114
36.31 -0.000308321
36.32 -0.000291534
36.33 -0.000273804
36.34 -0.00025519
36.35 -0.000235749
36.36 -0.000215542
36.37 -0.000194635
36.38 -0.000173093
36.39 -0.000150986
36.4 -0.000128387
36.41 -0.00010537
36.42 -8.20135e-05
36.43 -5.83989e-05
36.44 -3.46105e-05
36.45 -1.07354e-05
36.46 1.31364e-05
36.47 3.69132e-05
36.48 6.05014e-05
36.49 8.38068e-05
36.5 0.000106735
36.51 0.000129195
36.52 0.000151095
36.53 0.00017235
36.54 0.000192879
36.55 0.000212606
36.56 0.000231462
36.57 0.000249385
36.58 0.000266321
36.59 0.000282222
36.6 0.000297047
36.61 0.00031076
36.62 0.000323331
36.63 0.000334734
36.64 0.000344947
36.65 0.000353951
36.66 0.000361729
36.67 0.000368269
36.68 0.000373558
36.69 0.000377588
36.7 0.000380355
36.71 0.000381854
36.72 0.000382087
36.73 0.000381057
36.74 0.000378772
36.75 0.000375242
36.76 0.000370481
36.77 0.000364508
36.78 0.000357343
36.79 0.000349012
36.8 0.000339542
36.81 0.000328965
36.82 0.000317316
36.83 0.000304633
36.84 0.000290957
36.85 0.000276332
36.86 0.000260805
36.87 0.000244427
36.88 0.00022725
36.89 0.000209329
36.9 0.000190723
36.91 0.000171492
36.92 0.0001517
36.93 0.000131412
36.94 0.000110696
36.95 8.96236e-05
36.96 6.82675e-05
36.97 4.67038e-05
36.98 2.50107e-05
36.99 3.26863e-06
37 -1.84403e-05
37.01 -4.00325e-05
37.02 -6.14241e-05
37.03 -8.2531e-05
37.04 -0.00010327
37.05 -0.00012356
37.06 -0.000143323
37.07 -0.000162484
37.08 -0.000180973
37.09 -0.000198724
37.1 -0.000215678
37.11 -0.000231781
37.12 -0.000246985
37.13 -0.000261248
37.14 -0.000274532
37.15 -0.000286804
37.16 -0.000298037
37.17 -0.000308206
37.18 -0.00031729
37.19 -0.000325271
37.2 -0.000332132
37.21 -0.000337861
37.22 -0.000342447
37.23 -0.000345882
37.24 -0.000348161
37.25 -0.000349281
37.26 -0.000349243
37.27 -0.00034805
37.28 -0.000345708
37.29 -0.000342228
37.3 -0.000337622
37.31 -0.000331906
37.32 -0.0003251
37.33 -0.000317226
37.34 -0.000308312
37.35 -0.000298385
37.36 -0.000287479
37.37 -0.000275629
37.38 -0.000262875
37.39 -0.000249256
37.4 -0.000234819
37.41 -0.000219609
37.42 -0.000203678
37.43 -0.000187077
37.44 -0.000169861
37.45 -0.000152087
37.46 -0.000133816
37.47 -0.000115109
37.48 -9.60306e-05
37.49 -7.66478e-05
37.5 -5.70293e-05
37.51 -3.72459e-05
37.52 -1.73704e-05
37.53 2.52306e-06
37.54 2.23592e-05
37.55 4.20622e-05
37.56 6.15562e-05
37.57 8.07659e-05
37.58 9.96175e-05
37.59 0.000118039
37.6 0.000135962
37.61 0.000153321
37.62 0.000170054
37.63 0.000186104
37.64 0.000201419
37.65 0.000215952
37.66 0.000229659
37.67 0.000242503
37.68 0.00025445
37.69 0.00026547
37.7 0.000275537
37.71 0.000284629
37.72 0.000292725
37.73 0.000299807
37.74 0.000305863
37.75 0.000310878
37.76 0.000314843
37.77 0.000317751
37.78 0.000319596
37.79 0.000320377
37.8 0.000320093
37.81 0.000318748
37.82 0.000316347
37.83 0.000312901
37.84 0.00030842
37.85 0.000302921
37.86 0.000296421
37.87 0.000288942
37.88 0.000280508
37.89 0.000271147
37.9 0.00026089
37.91 0.000249771
37.92 0.000237825
37.93 0.000225092
37.94 0.000211614
37.95 0.000197437
37.96 0.000182606
37.97 0.000167171
37.98 0.000151186
37.99 0.000134703
38 0.000117779
38.01 0.000100474
38.02 8.2847e-05
38.03 6.49615e-05
38.04 4.68817e-05
38.05 2.86736e-05
38.06 1.04046e-05
38.07 -7.85712e-06
38.08 -2.60426e-05
38.09 -4.40829e-05
38.1 -6.19094e-05
38.11 -7.94547e-05
38.12 -9.66529e-05
38.13 -0.00011344
38.14 -0.000129755
38.15 -0.00014554
38.16 -0.000160741
38.17 -0.000175308
38.18 -0.000189193
38.19 -0.000202356
38.2 -0.000214756
38.21 -0.000226362
38.22 -0.00023714
38.23 -0.000247065
38.24 -0.000256113
38.25 -0.00026426
38.26 -0.000271491
38.27 -0.000277787
38.28 -0.000283135
38.29 -0.000287523
38.3 -0.000290943
38.31 -0.000293388
38.32 -0.000294852
38.33 -0.000295333
38.34 -0.000294833
38.35 -0.000293354
38.36 -0.000290902
38.37 -0.000287486
38.38 -0.000283117
38.39 -0.00027781
38.4 -0.000271582
38.41 -0.000264453
38.42 -0.000256447
38.43 -0.000247591
38.44 -0.000237912
38.45 -0.000227443
38.46 -0.000216219
38.47 -0.000204277
38.48 -0.000191656
38.49 -0.0001784
38.5 -0.000164553
38.51 -0.000150162
38.52 -0.000135277
38.53 -0.000119948
38.54 -0.000104229
38.55 -8.81761e-05
38.56 -7.18456e-05
38.57 -5.52964e-05
38.58 -3.85887e-05
38.59 -2.1784e-05
38.6 -4.94438e-06
38.61 1.18672e-05
38.62 2.85877e-05
38.63 4.51545e-05
38.64 6.15053e-05
38.65 7.75795e-05
38.66 9.33179e-05
38.67 0.000108663
38.68 0.000123562
38.69 0.000137961
38.7 0.000151814
38.71 0.000165074
38.72 0.000177701
38.73 0.000189657
38.74 0.000200907
38.75 0.00021142
38.76 0.000221167
38.77 0.000230125
38.78 0.00023827
38.79 0.000245583
38.8 0.000252047
38.81 0.000257645
38.82 0.000262366
38.83 0.000266198
38.84 0.000269133
38.85 0.000271165
38.86 0.00027229
38.87 0.000272505
38.88 0.000271811
38.89 0.000270213
38.9 0.000267715
38.91 0.000264326
38.92 0.000260057
38.93 0.000254922
38.94 0.000248938
38.95 0.000242125
38.96 0.000234504
38.97 0.000226101
38.98 0.000216943
38.99 0.000207062
39 0.000196489
39.01 0.000185262
39.02 0.000173416
39.03 0.000160994
39.04 0.000148037
39.05 0.00013459
39.06 0.0001207
39.07 0.000106415
39.08 9.17863e-05
39.09 7.68655e-05
39.1 6.17062e-05
39.11 4.63636e-05
39.12 3.08935e-05
39.13 1.53531e-05
39.14 -2.00201e-07
39.15 -1.57086e-05
39.16 -3.11146e-05
39.17 -4.63608e-05
39.18 -6.13912e-05
39.19 -7.61508e-05
39.2 -9.05864e-05
39.21 -0.000104647
39.22 -0.000118283
39.23 -0.00013145
39.24 -0.000144103
39.25 -0.000156203
39.26 -0.000167712
39.27 -0.000178596
39.28 -0.000188823
39.29 -0.000198366
39.3 -0.000207198
39.31 -0.000215297
39.32 -0.000222641
39.33 -0.000229212
39.34 -0.000234995
39.35 -0.000239974
39.36 -0.000244139
39.37 -0.000247478
39.38 -0.000249985
39.39 -0.000251652
39.4 -0.000252478
39.41 -0.00025246
39.42 -0.000251599
39.43 -0.000249899
39.44 -0.000247366
39.45 -0.000244008
39.46 -0.000239835
39.47 -0.000234862
39.48 -0.000229105
39.49 -0.000222583
39.5 -0.000215316
39.51 -0.000207329
39.52 -0.000198649
39.53 -0.000189306
39.54 -0.000179329
39.55 -0.000168754
39.56 -0.000157616
39.57 -0.000145955
39.58 -0.000133809
39.59 -0.000121223
39.6 -0.000108239
39.61 -9.49045e-05
39.62 -8.12665e-05
39.63 -6.7374e-05
39.64 -5.32774e-05
39.65 -3.9028e-05
39.66 -2.4678e-05
39.67 -1.02802e-05
39.68 4.1123e-06
39.69 1.84464e-05
39.7 3.26693e-05
39.71 4.6729e-05
39.72 6.05744e-05
39.73 7.41557e-05
39.74 8.74249e-05
39.75 0.000100336
39.76 0.000112845
39.77 0.00012491
39.78 0.000136492
39.79 0.000147555
39.8 0.000158066
39.81 0.000167992
39.82 0.000177306
39.83 0.000185982
39.84 0.000193995
39.85 0.000201325
39.86 0.000207952
39.87 0.000213859
39.88 0.000219032
39.89 0.000223456
39.9 0.000227122
39.91 0.00023002
39.92 0.000232142
39.93 0.000233484
39.94 0.000234042
39.95 0.000233816
39.96 0.000232808
39.97 0.000231019
39.98 0.000228458
39.99 0.000225131
40 0.000221051
40.01 0.000216229
40.02 0.000210683
40.03 0.00020443
40.04 0.00019749
40.05 0.000189888
40.06 0.000181649
40.07 0.000172801
40.08 0.000163373
40.09 0.0001534
40.1 0.000142914
40.11 0.000131952
40.12 0.000120553
40.13 0.000108758
40.14 9.66072e-05
40.15 8.4145e-05
40.16 7.14158e-05
40.17 5.84659e-05
40.18 4.53421e-05
40.19 3.20924e-05
40.2 1.87653e-05
40.21 5.40958e-06
40.22 -7.92575e-06
40.23 -2.11919e-05
40.24 -3.43407e-05
40.25 -4.73245e-05
40.26 -6.00969e-05
40.27 -7.26127e-05
40.28 -8.48285e-05
40.29 -9.67024e-05
40.3 -0.000108195
40.31 -0.000119268
40.32 -0.000129887
40.33 -0.000140018
40.34 -0.000149632
40.35 -0.000158698
40.36 -0.000167192
40.37 -0.000175089
40.38 -0.000182368
40.39 -0.000189008
40.4 -0.000194992
40.41 -0.000200305
40.42 -0.000204931
40.43 -0.00020886
40.44 -0.00021208
40.45 -0.000214584
40.46 -0.000216365
40.47 -0.000217419
40.48 -0.000217742
40.49 -0.000217335
40.5 -0.0002162
40.51 -0.00021434
40.52 -0.000211761
40.53 -0.000208472
40.54 -0.000204483
40.55 -0.000199808
40.56 -0.000194463
40.57 -0.000188464
40.58 -0.000181832
40.59 -0.00017459
40.6 -0.000166761
40.61 -0.000158374
40.62 -0.000149457
40.63 -0.00014004
40.64 -0.000130157
40.65 -0.000119843
40.66 -0.000109134
40.67 -9.80674e-05
40.68 -8.66839e-05
40.69 -7.5024e-05
40.7 -6.31298e-05
40.71 -5.10445e-05
40.72 -3.88119e-05
40.73 -2.64768e-05
40.74 -1.40841e-05
40.75 -1.67905e-06
40.76 1.06932e-05
40.77 2.29879e-05
40.78 3.51607e-05
40.79 4.71683e-05
40.8 5.89681e-05
40.81 7.05192e-05
40.82 8.1782e-05
40.83 9.27185e-05
40.84 0.000103293
40.85 0.00011347
40.86 0.000123219
40.87 0.000132509
40.88 0.000141312
40.89 0.000149603
40.9 0.000157356
40.91 0.00016455
40.92 0.000171165
40.93 0.000177182
40.94 0.000182586
40.95 0.000187361
40.96 0.000191494
40.97 0.000194975
40.98 0.000197794
40.99 0.000199943
41 0.000201417
41.01 0.000202212
41.02 0.000202326
41.03 0.00020176
41.04 0.000200514
41.05 0.000198594
41.06 0.000196005
41.07 0.000192757
41.08 0.000188859
41.09 0.000184326
41.1 0.000179172
41.11 0.000173414
41.12 0.000167072
41.13 0.000160168
41.14 0.000152725
41.15 0.000144769
41.16 0.000136328
41.17 0.000127431
41.18 0.000118111
41.19 0.000108399
41.2 9.83308e-05
41.21 8.7942e-05
41.22 7.72702e-05
41.23 6.63537e-05
41.24 5.5232e-05
41.25 4.39456e-05
41.26 3.25355e-05
41.27 2.1043e-05
41.28 9.51002e-06
41.29 -2.02172e-06
41.3 -1.35106e-05
41.31 -2.49155e-05
41.32 -3.61956e-05
41.33 -4.73114e-05
41.34 -5.82241e-05
41.35 -6.88963e-05
41.36 -7.92917e-05
41.37 -8.93759e-05
41.38 -9.91158e-05
41.39 -0.00010848
41.4 -0.00011744
41.41 -0.000125968
41.42 -0.000134037
41.43 -0.000141624
41.44 -0.000148707
41.45 -0.000155265
41.46 -0.00016128
41.47 -0.000166734
41.48 -0.000171613
41.49 -0.000175904
41.5 -0.000179593
41.51 -0.000182671
41.52 -0.000185129
41.53 -0.000186961
41.54 -0.000188162
41.55 -0.000188728
41.56 -0.000188658
41.57 -0.000187953
41.58 -0.000186614
41.59 -0.000184648
41.6 -0.000182059
41.61 -0.000178857
41.62 -0.000175053
41.63 -0.000170659
41.64 -0.00016569
41.65 -0.000160163
41.66 -0.000154097
41.67 -0.000147512
41.68 -0.000140433
41.69 -0.000132883
41.7 -0.000124889
41.71 -0.000116479
41.72 -0.000107684
41.73 -9.85343e-05
41.74 -8.90628e-05
41.75 -7.93036e-05
41.76 -6.92921e-05
41.77 -5.90643e-05
41.78 -4.86573e-05
41.79 -3.81089e-05
41.8 -2.74572e-05
41.81 -1.67408e-05
41.82 -5.99837e-06
41.83 4.73139e-06
41.84 1.54101e-05
41.85 2.59999e-05
41.86 3.64635e-05
41.87 4.67644e-05
41.88 5.68672e-05
41.89 6.67375e-05
41.9 7.63423e-05
41.91 8.565e-05
41.92 9.46305e-05
41.93 0.000103255
41.94 0.000111497
41.95 0.00011933
41.96 0.000126732
41.97 0.00013368
41.98 0.000140153
41.99 0.000146132
42 0.000151602
42.01 0.000156544
42.02 0.000160947
42.03 0.000164797
42.04 0.000168083
42.05 0.000170796
42.06 0.000172929
42.07 0.000174475
42.08 0.00017543
42.09 0.000175791
42.1 0.000175558
42.11 0.000174731
42.12 0.000173315
42.13 0.000171312
42.14 0.000168731
42.15 0.00016558
42.16 0.000161869
42.17 0.000157611
42.18 0.000152822
42.19 0.000147516
42.2 0.000141713
42.21 0.000135433
42.22 0.000128698
42.23 0.000121531
42.24 0.000113959
42.25 0.000106007
42.26 9.77046e-05
42.27 8.90814e-05
42.28 8.01683e-05
42.29 7.09974e-05
42.3 6.16017e-05
42.31 5.20154e-05
42.32 4.2273e-05
42.33 3.24097e-05
42.34 2.24612e-05
42.35 1.24632e-05
42.36 2.45167e-06
42.37 -7.53779e-06
42.38 -1.74697e-05
42.39 -2.73092e-05
42.4 -3.7022e-05
42.41 -4.65745e-05
42.42 -5.59342e-05
42.43 -6.50698e-05
42.44 -7.39507e-05
42.45 -8.25481e-05
42.46 -9.08342e-05
42.47 -9.87828e-05
42.48 -0.000106369
42.49 -0.000113569
42.5 -0.000120362
42.51 -0.000126727
42.52 -0.000132644
42.53 -0.000138097
42.54 -0.00014307
42.55 -0.000147548
42.56 -0.000151518
42.57 -0.000154969
42.58 -0.000157891
42.59 -0.000160274
42.6 -0.000162114
42.61 -0.000163403
42.62 -0.000164139
42.63 -0.000164319
42.64 -0.000163944
42.65 -0.000163014
42.66 -0.000161534
42.67 -0.000159508
42.68 -0.000156943
42.69 -0.000153847
42.7 -0.000150232
42.71 -0.00014611
42.72 -0.000141496
42.73 -0.000136404
42.74 -0.000130854
42.75 -0.000124864
42.76 -0.000118456
42.77 -0.000111652
42.78 -0.000104478
42.79 -9.69573e-05
42.8 -8.91183e-05
42.81 -8.09888e-05
42.82 -7.25981e-05
42.83 -6.39765e-05
42.84 -5.51551e-05
42.85 -4.61657e-05
42.86 -3.70408e-05
42.87 -2.78131e-05
42.88 -1.85159e-05
42.89 -9.18242e-06
42.9 1.54162e-07
42.91 9.46076e-06
42.92 1.87047e-05
42.93 2.78537e-05
42.94 3.68762e-05
42.95 4.57413e-05
42.96 5.44192e-05
42.97 6.28808e-05
42.98 7.10983e-05
42.99 7.9045e-05
43 8.66953e-05
43.01 9.40249e-05
43.02 0.000101011
43.03 0.000107632
43.04 0.000113868
43.05 0.000119699
43.06 0.000125109
43.07 0.000130081
43.08 0.0001346
43.09 0.000138654
43.1 0.000142229
43.11 0.000145316
43.12 0.000147906
43.13 0.000149991
43.14 0.000151565
43.15 0.000152623
43.16 0.000153162
43.17 0.000153182
43.18 0.000152681
43.19 0.000151663
43.2 0.000150131
43.21 0.00014809
43.22 0.000145548
43.23 0.000142512
43.24 0.000138994
43.25 0.000135006
43.26 0.000130562
43.27 0.000125678
43.28 0.00012037
43.29 0.000114658
43.3 0.000108561
43.31 0.000102103
43.32 9.53046e-05
43.33 8.81916e-05
43.34 8.07894e-05
43.35 7.31245e-05
43.36 6.52245e-05
43.37 5.71179e-05
43.38 4.88339e-05
43.39 4.04024e-05
43.4 3.18535e-05
43.41 2.3218e-05
43.42 1.45266e-05
43.43 5.81035e-06
43.44 -2.90009e-06
43.45 -1.15741e-05
43.46 -2.01813e-05
43.47 -2.86922e-05
43.48 -3.70774e-05
43.49 -4.53086e-05
43.5 -5.33581e-05
43.51 -6.11993e-05
43.52 -6.88064e-05
43.53 -7.61548e-05
43.54 -8.3221e-05
43.55 -8.99824e-05
43.56 -9.64181e-05
43.57 -0.000102508
43.58 -0.000108233
43.59 -0.000113576
43.6 -0.000118522
43.61 -0.000123053
43.62 -0.000127159
43.63 -0.000130825
43.64 -0.000134041
43.65 -0.000136798
43.66 -0.000139087
43.67 -0.000140902
43.68 -0.000142237
43.69 -0.000143088
43.7 -0.000143453
43.71 -0.000143332
43.72 -0.000142724
43.73 -0.000141632
43.74 -0.000140061
43.75 -0.000138015
43.76 -0.000135502
43.77 -0.000132531
43.78 -0.000129112
43.79 -0.000125258
43.8 -0.000120981
43.81 -0.000116297
43.82 -0.000111223
43.83 -0.000105777
43.84 -9.99779e-05
43.85 -9.38468e-05
43.86 -8.74057e-05
43.87 -8.06777e-05
43.88 -7.3687e-05
43.89 -6.64589e-05
43.9 -5.90192e-05
43.91 -5.13949e-05
43.92 -4.36133e-05
43.93 -3.57022e-05
43.94 -2.769e-05
43.95 -1.96053e-05
43.96 -1.14767e-05
43.97 -3.33302e-06
43.98 4.79726e-06
43.99 1.28857e-05
44 2.09044e-05
44.01 2.88258e-05
44.02 3.66228e-05
44.03 4.42694e-05
44.04 5.17398e-05
44.05 5.90095e-05
44.06 6.60546e-05
44.07 7.28524e-05
44.08 7.93812e-05
44.09 8.56201e-05
44.1 9.15496e-05
44.11 9.71512e-05
44.12 0.000102408
44.13 0.000107302
44.14 0.000111821
44.15 0.000115949
44.16 0.000119675
44.17 0.000122987
44.18 0.000125875
44.19 0.000128331
44.2 0.000130346
44.21 0.000131916
44.22 0.000133034
44.23 0.0001337
44.24 0.000133909
44.25 0.000133663
44.26 0.000132962
44.27 0.000131809
44.28 0.000130209
44.29 0.000128166
44.3 0.000125689
44.31 0.000122785
44.32 0.000119467
44.33 0.000115744
44.34 0.000111631
44.35 0.000107142
44.36 0.000102293
44.37 9.71019e-05
44.38 9.15868e-05
44.39 8.57676e-05
44.4 7.96653e-05
44.41 7.33019e-05
44.42 6.67002e-05
44.43 5.98839e-05
44.44 5.28775e-05
44.45 4.57063e-05
44.46 3.83958e-05
44.47 3.09721e-05
44.48 2.34617e-05
44.49 1.58913e-05
44.5 8.28741e-06
44.51 6.76844e-07
44.52 -6.91387e-06
44.53 -1.44584e-05
44.54 -2.19309e-05
44.55 -2.93058e-05
44.56 -3.65581e-05
44.57 -4.36636e-05
44.58 -5.05985e-05
44.59 -5.73402e-05
44.6 -6.38665e-05
44.61 -7.01563e-05
44.62 -7.61895e-05
44.63 -8.19469e-05
44.64 -8.74104e-05
44.65 -9.25628e-05
44.66 -9.7388e-05
44.67 -0.000101871
44.68 -0.000105998
44.69 -0.000109757
44.7 -0.000113136
44.71 -0.000116124
44.72 -0.000118712
44.73 -0.000120894
44.74 -0.000122661
44.75 -0.000124009
44.76 -0.000124935
44.77 -0.000125434
44.78 -0.000125506
44.79 -0.000125152
44.8 -0.000124372
44.81 -0.000123171
44.82 -0.000121551
44.83 -0.00011952
44.84 -0.000117084
44.85 -0.000114252
44.86 -0.000111035
44.87 -0.000107443
44.88 -0.00010349
44.89 -9.91902e-05
44.9 -9.45586e-05
44.91 -8.9612e-05
44.92 -8.43681e-05
44.93 -7.88458e-05
44.94 -7.3065e-05
44.95 -6.70464e-05
44.96 -6.08117e-05
44.97 -5.43832e-05
44.98 -4.77841e-05
44.99 -4.10378e-05
45 -3.41684e-05
45.01 -2.72004e-05
45.02 -2.01585e-05
45.03 -1.30674e-05
45.04 -5.95214e-06
45.05 1.16256e-06
45.06 8.25198e-06
45.07 1.52917e-05
45.08 2.22576e-05
45.09 2.91261e-05
45.1 3.5874e-05
45.11 4.24787e-05
45.12 4.89184e-05
45.13 5.51719e-05
45.14 6.12187e-05
45.15 6.70394e-05
45.16 7.26151e-05
45.17 7.79282e-05
45.18 8.29618e-05
45.19 8.77e-05
45.2 9.2128e-05
45.21 9.6232e-05
45.22 9.99993e-05
45.23 0.000103418
45.24 0.000106478
45.25 0.00010917
45.26 0.000111485
45.27 0.000113416
45.28 0.000114958
45.29 0.000116106
45.3 0.000116856
45.31 0.000117207
45.32 0.000117158
45.33 0.00011671
45.34 0.000115864
45.35 0.000114623
45.36 0.000112993
45.37 0.000110979
45.38 0.000108589
45.39 0.000105831
45.4 0.000102716
45.41 9.92538e-05
45.42 9.54577e-05
45.43 9.13411e-05
45.44 8.69189e-05
45.45 8.22071e-05
45.46 7.72225e-05
45.47 7.19831e-05
45.48 6.65078e-05
45.49 6.08161e-05
45.5 5.49285e-05
45.51 4.88661e-05
45.52 4.26506e-05
45.53 3.6304e-05
45.54 2.98489e-05
45.55 2.33081e-05
45.56 1.67048e-05
45.57 1.0062e-05
45.58 3.40306e-06
45.59 -3.24903e-06
45.6 -9.87128e-06
45.61 -1.6441e-05
45.62 -2.29357e-05
45.63 -2.93336e-05
45.64 -3.5613e-05
45.65 -4.17531e-05
45.66 -4.77336e-05
45.67 -5.35347e-05
45.68 -5.91376e-05
45.69 -6.45242e-05
45.7 -6.96769e-05
45.71 -7.45795e-05
45.72 -7.92163e-05
45.73 -8.35725e-05
45.74 -8.76346e-05
45.75 -9.13897e-05
45.76 -9.48261e-05
45.77 -9.79332e-05
45.78 -0.000100701
45.79 -0.000103122
45.8 -0.000105187
45.81 -0.000106891
45.82 -0.000108229
45.83 -0.000109197
45.84 -0.000109791
45.85 -0.000110011
45.86 -0.000109855
45.87 -0.000109326
45.88 -0.000108426
45.89 -0.000107157
45.9 -0.000105524
45.91 -0.000103535
45.92 -0.000101195
45.93 -9.85136e-05
45.94 -9.55004e-05
45.95 -9.21664e-05
45.96 -8.85234e-05
45.97 -8.45846e-05
45.98 -8.03643e-05
45.99 -7.58776e-05
46 -7.11407e-05
46.01 -6.61706e-05
46.02 -6.09852e-05
46.03 -5.5603e-05
46.04 -5.00433e-05
46.05 -4.43259e-05
46.06 -3.84712e-05
46.07 -3.25e-05
46.08 -2.64333e-05
46.09 -2.02926e-05
46.1 -1.40994e-05
46.11 -7.8754e-06
46.12 -1.64215e-06
46.13 4.57877e-06
46.14 1.0766e-05
46.15 1.68984e-05
46.16 2.2955e-05
46.17 2.89156e-05
46.18 3.47602e-05
46.19 4.04691e-05
46.2 4.60237e-05
46.21 5.14056e-05
46.22 5.65972e-05
46.23 6.15818e-05
46.24 6.63431e-05
46.25 7.0866e-05
46.26 7.5136e-05
46.27 7.91395e-05
46.28 8.28639e-05
46.29 8.62974e-05
46.3 8.94292e-05
46.31 9.22496e-05
46.32 9.47498e-05
46.33 9.6922e-05
46.34 9.87595e-05
46.35 0.000100257
46.36 0.000101409
46.37 0.000102214
46.38 0.000102668
46.39 0.000102771
46.4 0.000102523
46.41 0.000101925
46.42 0.00010098
46.43 9.96907e-05
46.44 9.80628e-05
46.45 9.61022e-05
46.46 9.38161e-05
46.47 9.12128e-05
46.48 8.83019e-05
46.49 8.50938e-05
46.5 8.16001e-05
46.51 7.78336e-05
46.52 7.38077e-05
46.53 6.9537e-05
46.54 6.50369e-05
46.55 6.03234e-05
46.56 5.54135e-05
46.57 5.03247e-05
46.58 4.50752e-05
46.59 3.96836e-05
46.6 3.41691e-05
46.61 2.85512e-05
46.62 2.28497e-05
46.63 1.70845e-05
46.64 1.12758e-05
46.65 5.44394e-06
46.66 -3.91056e-07
46.67 -6.20904e-06
46.68 -1.19901e-05
46.69 -1.77145e-05
46.7 -2.33629e-05
46.71 -2.89162e-05
46.72 -3.4356e-05
46.73 -3.96641e-05
46.74 -4.48229e-05
46.75 -4.98155e-05
46.76 -5.46255e-05
46.77 -5.92374e-05
46.78 -6.36362e-05
46.79 -6.78077e-05
46.8 -7.17386e-05
46.81 -7.54164e-05
46.82 -7.88293e-05
46.83 -8.19666e-05
46.84 -8.48184e-05
46.85 -8.73757e-05
46.86 -8.96305e-05
46.87 -9.1576e-05
46.88 -9.32061e-05
46.89 -9.45158e-05
46.9 -9.55013e-05
46.91 -9.61598e-05
46.92 -9.64896e-05
46.93 -9.649e-05
46.94 -9.61615e-05
46.95 -9.55057e-05
46.96 -9.45253e-05
46.97 -9.32243e-05
46.98 -9.16074e-05
46.99 -8.96807e-05
47 -8.74514e-05
47.01 -8.49276e-05
47.02 -8.21185e-05
47.03 -7.90343e-05
47.04 -7.56862e-05
47.05 -7.20863e-05
47.06 -6.82476e-05
47.07 -6.41839e-05
47.08 -5.99097e-05
47.09 -5.54404e-05
47.1 -5.0792e-05
47.11 -4.5981e-05
47.12 -4.10246e-05
47.13 -3.59403e-05
47.14 -3.07461e-05
47.15 -2.54603e-05
47.16 -2.01015e-05
47.17 -1.46884e-05
47.18 -9.23987e-06
47.19 -3.77476e-06
47.2 1.68805e-06
47.21 7.1298e-06
47.22 1.25319e-05
47.23 1.7876e-05
47.24 2.31441e-05
47.25 2.83183e-05
47.26 3.33815e-05
47.27 3.83168e-05
47.28 4.31079e-05
47.29 4.77389e-05
47.3 5.21948e-05
47.31 5.64611e-05
47.32 6.05239e-05
47.33 6.437e-05
47.34 6.79872e-05
47.35 7.13638e-05
47.36 7.44892e-05
47.37 7.73534e-05
47.38 7.99473e-05
47.39 8.22628e-05
47.4 8.42927e-05
47.41 8.60307e-05
47.42 8.74715e-05
47.43 8.86107e-05
47.44 8.94451e-05
47.45 8.99723e-05
47.46 9.0191e-05
47.47 9.0101e-05
47.48 8.97031e-05
47.49 8.89991e-05
47.5 8.79919e-05
47.51 8.66855e-05
47.52 8.50847e-05
47.53 8.31957e-05
47.54 8.10254e-05
47.55 7.85817e-05
47.56 7.58736e-05
47.57 7.29109e-05
47.58 6.97044e-05
47.59 6.62655e-05
47.6 6.26069e-05
47.61 5.87414e-05
47.62 5.46831e-05
47.63 5.04465e-05
47.64 4.60465e-05
47.65 4.1499e-05
47.66 3.682e-05
47.67 3.2026e-05
47.68 2.7134e-05
47.69 2.21611e-05
47.7 1.71247e-05
47.71 1.20424e-05
47.72 6.93186e-06
47.73 1.81068e-06
47.74 -3.30349e-06
47.75 -8.39314e-06
47.76 -1.34409e-05
47.77 -1.84297e-05
47.78 -2.33427e-05
47.79 -2.81633e-05
47.8 -3.28756e-05
47.81 -3.74637e-05
47.82 -4.19126e-05
47.83 -4.62075e-05
47.84 -5.03345e-05
47.85 -5.42799e-05
47.86 -5.80312e-05
47.87 -6.1576e-05
47.88 -6.49029e-05
47.89 -6.80014e-05
47.9 -7.08615e-05
47.91 -7.34742e-05
47.92 -7.58311e-05
47.93 -7.79248e-05
47.94 -7.9749e-05
47.95 -8.12978e-05
47.96 -8.25666e-05
47.97 -8.35517e-05
47.98 -8.42501e-05
47.99 -8.46601e-05
48 -8.47806e-05
48.01 -8.46119e-05
48.02 -8.4155e-05
48.03 -8.34118e-05
48.04 -8.23855e-05
48.05 -8.10801e-05
48.06 -7.95004e-05
48.07 -7.76525e-05
48.08 -7.55431e-05
48.09 -7.318e-05
48.1 -7.05718e-05
48.11 -6.77281e-05
48.12 -6.4659e-05
48.13 -6.13757e-05
48.14 -5.789e-05
48.15 -5.42144e-05
48.16 -5.0362e-05
48.17 -4.63467e-05
48.18 -4.21825e-05
48.19 -3.78844e-05
48.2 -3.34676e-05
48.21 -2.89475e-05
48.22 -2.43402e-05
48.23 -1.96616e-05
48.24 -1.49282e-05
48.25 -1.01565e-05
48.26 -5.3628e-06
48.27 -5.6379e-07
48.28 4.2241e-06
48.29 8.98451e-06
48.3 1.37012e-05
48.31 1.83583e-05
48.32 2.294e-05
48.33 2.7431e-05
48.34 3.18162e-05
48.35 3.60811e-05
48.36 4.02116e-05
48.37 4.4194e-05
48.38 4.80153e-05
48.39 5.16631e-05
48.4 5.51253e-05
48.41 5.83909e-05
48.42 6.14492e-05
48.43 6.42906e-05
48.44 6.69058e-05
48.45 6.92866e-05
48.46 7.14254e-05
48.47 7.33156e-05
48.48 7.49512e-05
48.49 7.63272e-05
48.5 7.74395e-05
48.51 7.82848e-05
48.52 7.88608e-05
48.53 7.91659e-05
48.54 7.91996e-05
48.55 7.89623e-05
48.56 7.84552e-05
48.57 7.76806e-05
48.58 7.66417e-05
48.59 7.53424e-05
48.6 7.37877e-05
48.61 7.19834e-05
48.62 6.99362e-05
48.63 6.76536e-05
48.64 6.51439e-05
48.65 6.24163e-05
48.66 5.94806e-05
48.67 5.63473e-05
48.68 5.30278e-05
48.69 4.95339e-05
48.7 4.58781e-05
48.71 4.20734e-05
48.72 3.81334e-05
48.73 3.40718e-05
48.74 2.99032e-05
48.75 2.5642e-05
48.76 2.13034e-05
48.77 1.69023e-05
48.78 1.24542e-05
48.79 7.97441e-06
48.8 3.47847e-06
48.81 -1.01819e-06
48.82 -5.50015e-06
48.83 -9.95211e-06
48.84 -1.4359e-05
48.85 -1.87058e-05
48.86 -2.29779e-05
48.87 -2.71611e-05
48.88 -3.12413e-05
48.89 -3.5205e-05
48.9 -3.90389e-05
48.91 -4.27306e-05
48.92 -4.62679e-05
48.93 -4.96391e-05
48.94 -5.28334e-05
48.95 -5.58403e-05
48.96 -5.86502e-05
48.97 -6.1254e-05
48.98 -6.36434e-05
48.99 -6.58108e-05
49 -6.77494e-05
49.01 -6.9453e-05
49.02 -7.09165e-05
49.03 -7.21352e-05
49.04 -7.31056e-05
49.05 -7.38249e-05
49.06 -7.42911e-05
49.07 -7.4503e-05
49.08 -7.44605e-05
49.09 -7.41641e-05
49.1 -7.36154e-05
49.11 -7.28167e-05
49.12 -7.17711e-05
49.13 -7.04828e-05
49.14 -6.89567e-05
49.15 -6.71983e-05
49.16 -6.52143e-05
49.17 -6.30118e-05
49.18 -6.0599e-05
49.19 -5.79846e-05
49.2 -5.5178e-05
49.21 -5.21893e-05
49.22 -4.90292e-05
49.23 -4.57091e-05
49.24 -4.22407e-05
49.25 -3.86364e-05
49.26 -3.4909e-05
49.27 -3.10715e-05
49.28 -2.71375e-05
49.29 -2.31208e-05
49.3 -1.90354e-05
49.31 -1.48956e-05
49.32 -1.07158e-05
49.33 -6.51036e-06
49.34 -2.29383e-06
49.35 1.91931e-06
49.36 6.11465e-06
49.37 1.02779e-05
49.38 1.43949e-05
49.39 1.84518e-05
49.4 2.24349e-05
49.41 2.63308e-05
49.42 3.01265e-05
49.43 3.38094e-05
49.44 3.73674e-05
49.45 4.07886e-05
49.46 4.40618e-05
49.47 4.71763e-05
49.48 5.0122e-05
49.49 5.28893e-05
49.5 5.54693e-05
49.51 5.78536e-05
49.52 6.00347e-05
49.53 6.20055e-05
49.54 6.376e-05
49.55 6.52926e-05
49.56 6.65985e-05
49.57 6.76739e-05
49.58 6.85155e-05
49.59 6.91209e-05
49.6 6.94886e-05
49.61 6.96177e-05
49.62 6.95083e-05
49.63 6.91612e-05
49.64 6.8578e-05
49.65 6.77612e-05
49.66 6.67141e-05
49.67 6.54407e-05
49.68 6.39458e-05
49.69 6.2235e-05
49.7 6.03146e-05
49.71 5.81916e-05
49.72 5.58737e-05
49.73 5.33695e-05
49.74 5.06878e-05
49.75 4.78383e-05
49.76 4.48313e-05
49.77 4.16773e-05
49.78 3.83878e-05
49.79 3.49742e-05
49.8 3.14487e-05
49.81 2.78237e-05
49.82 2.41119e-05
49.83 2.03263e-05
49.84 1.64801e-05
49.85 1.25867e-05
49.86 8.65962e-06
49.87 4.71234e-06
49.88 7.58482e-07
49.89 -3.18839e-06
49.9 -7.11481e-06
49.91 -1.10074e-05
49.92 -1.48529e-05
49.93 -1.86385e-05
49.94 -2.23512e-05
49.95 -2.59788e-05
49.96 -2.95091e-05
49.97 -3.29303e-05
49.98 -3.62311e-05
49.99 -3.94006e-05
50 -4.24284e-05
50.01 -4.53046e-05
50.02 -4.80198e-05
50.03 -5.05652e-05
50.04 -5.29325e-05
50.05 -5.51142e-05
50.06 -5.71033e-05
50.07 -5.88934e-05
50.08 -6.0479e-05
50.09 -6.18551e-05
50.1 -6.30174e-05
50.11 -6.39625e-05
50.12 -6.46876e-05
50.13 -6.51906e-05
50.14 -6.54704e-05
50.15 -6.55264e-05
50.16 -6.53588e-05
50.17 -6.49687e-05
50.18 -6.43579e-05
50.19 -6.35288e-05
50.2 -6.24848e-05
50.21 -6.12298e-05
50.22 -5.97687e-05
50.23 -5.81068e-05
50.24 -5.62502e-05
50.25 -5.42058e-05
50.26 -5.19809e-05
50.27 -4.95837e-05
50.28 -4.70227e-05
50.29 -4.43072e-05
50.3 -4.14467e-05
50.31 -3.84516e-05
50.32 -3.53325e-05
50.33 -3.21003e-05
50.34 -2.87665e-05
50.35 -2.53427e-05
50.36 -2.18411e-05
50.37 -1.82737e-05
50.38 -1.46531e-05
50.39 -1.09919e-05
50.4 -7.30257e-06
50.41 -3.59797e-06
50.42 1.09194e-07
50.43 3.80623e-06
50.44 7.48053e-06
50.45 1.11196e-05
50.46 1.47111e-05
50.47 1.82429e-05
50.48 2.17031e-05
50.49 2.50801e-05
50.5 2.83628e-05
50.51 3.154e-05
50.52 3.46014e-05
50.53 3.75367e-05
50.54 4.03364e-05
50.55 4.29913e-05
50.56 4.54927e-05
50.57 4.78326e-05
50.58 5.00033e-05
50.59 5.19978e-05
50.6 5.38099e-05
50.61 5.54337e-05
50.62 5.68643e-05
50.63 5.8097e-05
50.64 5.91282e-05
50.65 5.99548e-05
50.66 6.05744e-05
50.67 6.09853e-05
50.68 6.11866e-05
50.69 6.1178e-05
50.7 6.09599e-05
50.71 6.05336e-05
50.72 5.99008e-05
50.73 5.90643e-05
50.74 5.80272e-05
50.75 5.67936e-05
50.76 5.5368e-05
50.77 5.37558e-05
50.78 5.19629e-05
50.79 4.99959e-05
50.8 4.78618e-05
50.81 4.55685e-05
50.82 4.3124e-05
50.83 4.05373e-05
50.84 3.78174e-05
50.85 3.49741e-05
50.86 3.20174e-05
50.87 2.89578e-05
50.88 2.58061e-05
50.89 2.25732e-05
50.9 1.92706e-05
50.91 1.59097e-05
50.92 1.25021e-05
50.93 9.05983e-06
50.94 5.59464e-06
50.95 2.11849e-06
50.96 -1.35669e-06
50.97 -4.81901e-06
50.98 -8.25666e-06
50.99 -1.1658e-05
51 -1.50114e-05
51.01 -1.83057e-05
51.02 -2.15298e-05
51.03 -2.46728e-05
51.04 -2.77242e-05
51.05 -3.0674e-05
51.06 -3.35123e-05
51.07 -3.62298e-05
51.08 -3.88176e-05
51.09 -4.12671e-05
51.1 -4.35704e-05
51.11 -4.57199e-05
51.12 -4.77089e-05
51.13 -4.95308e-05
51.14 -5.11799e-05
51.15 -5.2651e-05
51.16 -5.39394e-05
51.17 -5.50413e-05
51.18 -5.59531e-05
51.19 -5.66723e-05
51.2 -5.71967e-05
51.21 -5.75251e-05
51.22 -5.76567e-05
51.23 -5.75915e-05
51.24 -5.73301e-05
51.25 -5.68737e-05
51.26 -5.62245e-05
51.27 -5.53849e-05
51.28 -5.43583e-05
51.29 -5.31485e-05
51.3 -5.17602e-05
51.31 -5.01984e-05
51.32 -4.84688e-05
51.33 -4.65779e-05
51.34 -4.45324e-05
51.35 -4.23397e-05
51.36 -4.00076e-05
51.37 -3.75446e-05
51.38 -3.49593e-05
51.39 -3.22609e-05
51.4 -2.9459e-05
51.41 -2.65635e-05
51.42 -2.35845e-05
51.43 -2.05325e-05
51.44 -1.74181e-05
51.45 -1.42521e-05
51.46 -1.10456e-05
51.47 -7.80966e-06
51.48 -4.55544e-06
51.49 -1.29412e-06
51.5 1.96311e-06
51.51 5.20511e-06
51.52 8.42086e-06
51.53 1.15994e-05
51.54 1.47301e-05
51.55 1.78022e-05
51.56 2.08055e-05
51.57 2.373e-05
51.58 2.65658e-05
51.59 2.93036e-05
51.6 3.19342e-05
51.61 3.44491e-05
51.62 3.68398e-05
51.63 3.90987e-05
51.64 4.12183e-05
51.65 4.31918e-05
51.66 4.50127e-05
51.67 4.66754e-05
51.68 4.81744e-05
51.69 4.9505e-05
51.7 5.06631e-05
51.71 5.16452e-05
51.72 5.24483e-05
51.73 5.307e-05
51.74 5.35086e-05
51.75 5.3763e-05
51.76 5.38327e-05
51.77 5.37179e-05
51.78 5.34193e-05
51.79 5.29384e-05
51.8 5.22772e-05
51.81 5.14383e-05
51.82 5.04251e-05
51.83 4.92412e-05
51.84 4.78912e-05
51.85 4.63801e-05
51.86 4.47133e-05
51.87 4.2897e-05
51.88 4.09376e-05
51.89 3.88424e-05
51.9 3.66186e-05
51.91 3.42744e-05
51.92 3.1818e-05
51.93 2.92581e-05
51.94 2.66038e-05
51.95 2.38643e-05
51.96 2.10494e-05
51.97 1.81688e-05
51.98 1.52326e-05
51.99 1.22511e-05
52 9.23444e-06
52.01 6.19318e-06
52.02 3.13776e-06
52.03 7.86909e-08
52.04 -2.97356e-06
52.05 -6.00858e-06
52.06 -9.01602e-06
52.07 -1.19857e-05
52.08 -1.49076e-05
52.09 -1.77718e-05
52.1 -2.05688e-05
52.11 -2.32891e-05
52.12 -2.59237e-05
52.13 -2.84638e-05
52.14 -3.09011e-05
52.15 -3.32274e-05
52.16 -3.54352e-05
52.17 -3.75172e-05
52.18 -3.94666e-05
52.19 -4.12772e-05
52.2 -4.2943e-05
52.21 -4.44588e-05
52.22 -4.58198e-05
52.23 -4.70215e-05
52.24 -4.80605e-05
52.25 -4.89333e-05
52.26 -4.96375e-05
52.27 -5.01711e-05
52.28 -5.05324e-05
52.29 -5.07208e-05
52.3 -5.07359e-05
52.31 -5.05781e-05
52.32 -5.02482e-05
52.33 -4.97478e-05
52.34 -4.90789e-05
52.35 -4.82442e-05
52.36 -4.72468e-05
52.37 -4.60907e-05
52.38 -4.478e-05
52.39 -4.33196e-05
52.4 -4.17148e-05
52.41 -3.99715e-05
52.42 -3.80959e-05
52.43 -3.60949e-05
52.44 -3.39754e-05
52.45 -3.17452e-05
52.46 -2.94121e-05
52.47 -2.69843e-05
52.48 -2.44705e-05
52.49 -2.18794e-05
52.5 -1.92201e-05
52.51 -1.65019e-05
52.52 -1.37343e-05
52.53 -1.09269e-05
52.54 -8.08943e-06
52.55 -5.23165e-06
52.56 -2.36341e-06
52.57 5.05451e-07
52.58 3.36511e-06
52.59 6.20582e-06
52.6 9.01791e-06
52.61 1.17919e-05
52.62 1.45183e-05
52.63 1.71881e-05
52.64 1.97921e-05
52.65 2.23219e-05
52.66 2.47688e-05
52.67 2.71247e-05
52.68 2.9382e-05
52.69 3.1533e-05
52.7 3.35709e-05
52.71 3.54888e-05
52.72 3.72806e-05
52.73 3.89404e-05
52.74 4.04629e-05
52.75 4.18433e-05
52.76 4.30772e-05
52.77 4.41607e-05
52.78 4.50904e-05
52.79 4.58636e-05
52.8 4.64779e-05
52.81 4.69317e-05
52.82 4.72236e-05
52.83 4.73531e-05
52.84 4.73201e-05
52.85 4.7125e-05
52.86 4.67688e-05
52.87 4.62532e-05
52.88 4.55802e-05
52.89 4.47525e-05
52.9 4.37732e-05
52.91 4.26461e-05
52.92 4.13753e-05
52.93 3.99654e-05
52.94 3.84217e-05
52.95 3.67498e-05
52.96 3.49555e-05
52.97 3.30455e-05
52.98 3.10264e-05
52.99 2.89056e-05
53 2.66904e-05
53.01 2.43888e-05
53.02 2.20087e-05
53.03 1.95587e-05
53.04 1.70472e-05
53.05 1.4483e-05
53.06 1.1875e-05
53.07 9.23226e-06
53.08 6.56394e-06
53.09 3.87923e-06
53.1 1.18735e-06
53.11 -1.50246e-06
53.12 -4.18102e-06
53.13 -6.8392e-06
53.14 -9.46796e-06
53.15 -1.20584e-05
53.16 -1.46018e-05
53.17 -1.70896e-05
53.18 -1.95133e-05
53.19 -2.18651e-05
53.2 -2.41369e-05
53.21 -2.63212e-05
53.22 -2.84109e-05
53.23 -3.0399e-05
53.24 -3.2279e-05
53.25 -3.40448e-05
53.26 -3.56906e-05
53.27 -3.72111e-05
53.28 -3.86015e-05
53.29 -3.98572e-05
53.3 -4.09743e-05
53.31 -4.19494e-05
53.32 -4.27793e-05
53.33 -4.34617e-05
53.34 -4.39946e-05
53.35 -4.43763e-05
53.36 -4.4606e-05
53.37 -4.46833e-05
53.38 -4.46081e-05
53.39 -4.43811e-05
53.4 -4.40034e-05
53.41 -4.34766e-05
53.42 -4.28028e-05
53.43 -4.19847e-05
53.44 -4.10254e-05
53.45 -3.99284e-05
53.46 -3.86979e-05
53.47 -3.73383e-05
53.48 -3.58546e-05
53.49 -3.42522e-05
53.5 -3.25368e-05
53.51 -3.07146e-05
53.52 -2.87921e-05
53.53 -2.6776e-05
53.54 -2.46736e-05
53.55 -2.24922e-05
53.56 -2.02395e-05
53.57 -1.79235e-05
53.58 -1.55521e-05
53.59 -1.31337e-05
53.6 -1.06767e-05
53.61 -8.18947e-06
53.62 -5.68075e-06
53.63 -3.15914e-06
53.64 -6.3329e-07
53.65 1.88815e-06
53.66 4.39656e-06
53.67 6.88341e-06
53.68 9.34025e-06
53.69 1.17588e-05
53.7 1.41308e-05
53.71 1.64484e-05
53.72 1.87037e-05
53.73 2.08893e-05
53.74 2.29978e-05
53.75 2.50223e-05
53.76 2.69561e-05
53.77 2.87927e-05
53.78 3.05262e-05
53.79 3.21509e-05
53.8 3.36616e-05
53.81 3.50533e-05
53.82 3.63216e-05
53.83 3.74624e-05
53.84 3.84723e-05
53.85 3.93479e-05
53.86 4.00867e-05
53.87 4.06864e-05
53.88 4.11452e-05
53.89 4.14621e-05
53.9 4.16361e-05
53.91 4.1667e-05
53.92 4.1555e-05
53.93 4.13008e-05
53.94 4.09056e-05
53.95 4.03711e-05
53.96 3.96993e-05
53.97 3.8893e-05
53.98 3.7955e-05
53.99 3.68891e-05
54 3.5699e-05
54.01 3.43892e-05
54.02 3.29643e-05
54.03 3.14297e-05
54.04 2.97906e-05
54.05 2.80531e-05
54.06 2.62233e-05
54.07 2.43077e-05
54.08 2.23131e-05
54.09 2.02464e-05
54.1 1.8115e-05
54.11 1.59263e-05
54.12 1.36879e-05
54.13 1.14076e-05
54.14 9.09341e-06
54.15 6.75324e-06
54.16 4.3952e-06
54.17 2.02738e-06
54.18 -3.42072e-07
54.19 -2.70506e-06
54.2 -5.05352e-06
54.21 -7.37947e-06
54.22 -9.67501e-06
54.23 -1.19324e-05
54.24 -1.4144e-05
54.25 -1.63024e-05
54.26 -1.84003e-05
54.27 -2.04308e-05
54.28 -2.2387e-05
54.29 -2.42626e-05
54.3 -2.60513e-05
54.31 -2.77472e-05
54.32 -2.93447e-05
54.33 -3.08387e-05
54.34 -3.22243e-05
54.35 -3.3497e-05
54.36 -3.46528e-05
54.37 -3.5688e-05
54.38 -3.65993e-05
54.39 -3.7384e-05
54.4 -3.80395e-05
54.41 -3.85641e-05
54.42 -3.89561e-05
54.43 -3.92146e-05
54.44 -3.93389e-05
54.45 -3.9329e-05
54.46 -3.91851e-05
54.47 -3.89081e-05
54.48 -3.84992e-05
54.49 -3.79601e-05
54.5 -3.72929e-05
54.51 -3.65002e-05
54.52 -3.5585e-05
54.53 -3.45507e-05
54.54 -3.34011e-05
54.55 -3.21403e-05
54.56 -3.07731e-05
54.57 -2.93043e-05
54.58 -2.77391e-05
54.59 -2.60832e-05
54.6 -2.43424e-05
54.61 -2.2523e-05
54.62 -2.06312e-05
54.63 -1.86739e-05
54.64 -1.66578e-05
54.65 -1.459e-05
54.66 -1.24777e-05
54.67 -1.03282e-05
54.68 -8.14901e-06
54.69 -5.94766e-06
54.7 -3.73172e-06
54.71 -1.50881e-06
54.72 7.13455e-07
54.73 2.92747e-06
54.74 5.12569e-06
54.75 7.30065e-06
54.76 9.44497e-06
54.77 1.15514e-05
54.78 1.36129e-05
54.79 1.56224e-05
54.8 1.75733e-05
54.81 1.94591e-05
54.82 2.12734e-05
54.83 2.30103e-05
54.84 2.4664e-05
54.85 2.62291e-05
54.86 2.77005e-05
54.87 2.90734e-05
54.88 3.03433e-05
54.89 3.15061e-05
54.9 3.25581e-05
54.91 3.34961e-05
54.92 3.4317e-05
54.93 3.50183e-05
54.94 3.55979e-05
54.95 3.60542e-05
54.96 3.63857e-05
54.97 3.65917e-05
54.98 3.66718e-05
54.99 3.66259e-05
