0.01 -4.96696e-07
0.02 -4.9592e-07
0.03 -4.95455e-07
0.04 -5.00235e-07
0.05 -5.19297e-07
0.06 -5.60931e-07
0.07 -6.26222e-07
0.08 -7.06906e-07
0.09 -7.90089e-07
0.1 -8.66555e-07
0.11 -9.36538e-07
0.12 -1.00928e-06
0.13 -1.09745e-06
0.14 -1.21064e-06
0.15 -1.35149e-06
0.16 -1.5158e-06
0.17 -1.69573e-06
0.18 -1.88397e-06
0.19 -2.07687e-06
0.2 -2.27514e-06
0.21 -2.48261e-06
0.22 -2.70369e-06
0.23 -2.94103e-06
0.24 -3.19392e-06
0.25 -3.45832e-06
0.26 -3.72862e-06
0.27 -4.00027e-06
0.28 -4.27177e-06
0.29 -4.54437e-06
0.3 -4.81949e-06
0.31 -5.09602e-06
0.32 -5.36949e-06
0.33 -5.63384e-06
0.34 -5.88424e-06
0.35 -6.11873e-06
0.36 -6.3374e-06
0.37 -6.53996e-06
0.38 -6.72372e-06
0.39 -6.88328e-06
0.4 -7.01255e-06
0.41 -7.10806e-06
0.42 -7.17161e-06
0.43 -7.20952e-06
0.44 -7.22713e-06
0.45 -7.22237e-06
0.46 -7.18455e-06
0.47 -7.10062e-06
0.48 -6.96403e-06
0.49 -6.77874e-06
0.5 -6.55536e-06
0.51 -6.30396e-06
0.52 -6.02998e-06
0.53 -5.73562e-06
0.54 -5.42233e-06
0.55 -5.08955e-06
0.56 -4.73113e-06
0.57 -4.33662e-06
0.58 -3.90038e-06
0.59 -3.43166e-06
0.6 -2.95549e-06
0.61 -2.49992e-06
0.62 -2.07906e-06
0.63 -1.68793e-06
0.64 -1.31496e-06
0.65 -9.56392e-07
0.66 -6.14162e-07
0.67 -2.80646e-07
0.68 6.71887e-08
0.69 4.51312e-07
0.7 8.66768e-07
0.71 1.27191e-06
0.72 1.60705e-06
0.73 1.82912e-06
0.74 1.9386e-06
0.75 1.9844e-06
0.76 2.04605e-06
0.77 2.20032e-06
0.78 2.48377e-06
0.79 2.86445e-06
0.8 3.2376e-06
0.81 3.4584e-06
0.82 3.41e-06
0.83 3.07765e-06
0.84 2.58029e-06
0.85 2.12659e-06
0.86 1.91453e-06
0.87 2.03532e-06
0.88 2.43481e-06
0.89 2.94368e-06
0.9 3.35394e-06
0.91 3.50511e-06
0.92 3.34617e-06
0.93 2.95575e-06
0.94 2.51695e-06
0.95 2.25322e-06
0.96 2.34688e-06
0.97 2.87448e-06
0.98 3.78331e-06
0.99 4.9109e-06
1 6.03737e-06
1.01 6.96089e-06
1.02 7.58392e-06
1.03 7.97755e-06
1.04 8.37378e-06
1.05 9.06523e-06
1.06 1.02579e-05
1.07 1.19648e-05
1.08 1.40043e-05
1.09 1.61037e-05
1.1 1.80527e-05
1.11 1.98101e-05
1.12 2.14912e-05
1.13 2.32503e-05
1.14 2.51578e-05
1.15 2.7164e-05
1.16 2.91525e-05
1.17 3.10162e-05
1.18 3.27001e-05
1.19 3.42061e-05
1.2 3.55817e-05
1.21 3.68962e-05
1.22 3.82037e-05
1.23 3.95115e-05
1.24 4.07713e-05
1.25 4.18935e-05
1.26 4.27698e-05
1.27 4.32995e-05
1.28 4.34238e-05
1.29 4.31632e-05
1.3 4.26427e-05
1.31 4.20733e-05
1.32 4.16635e-05
1.33 4.14942e-05
1.34 4.14426e-05
1.35 4.12227e-05
1.36 4.05189e-05
1.37 3.91289e-05
1.38 3.70535e-05
1.39 3.45048e-05
1.4 3.18238e-05
1.41 2.93262e-05
1.42 2.71472e-05
1.43 2.5187e-05
1.44 2.31992e-05
1.45 2.0955e-05
1.46 1.83659e-05
1.47 1.54967e-05
1.48 1.24987e-05
1.49 9.52589e-06
1.5 6.67103e-06
1.51 3.93125e-06
1.52 1.22572e-06
1.53 -1.5265e-06
1.54 -4.31819e-06
1.55 -7.03023e-06
1.56 -9.49502e-06
1.57 -1.15951e-05
1.58 -1.33271e-05
1.59 -1.48005e-05
1.6 -1.61763e-05
1.61 -1.75785e-05
1.62 -1.90317e-05
1.63 -2.04689e-05
1.64 -2.17985e-05
1.65 -2.29616e-05
1.66 -2.3935e-05
1.67 -2.46908e-05
1.68 -2.51565e-05
1.69 -2.52147e-05
1.7 -2.4751e-05
1.71 -2.37338e-05
1.72 -2.22727e-05
1.73 -2.05969e-05
1.74 -1.89467e-05
1.75 -1.74477e-05
1.76 -1.60553e-05
1.77 -1.46022e-05
1.78 -1.28981e-05
1.79 -1.08142e-05
1.8 -8.32498e-06
1.81 -5.51386e-06
1.82 -2.54616e-06
1.83 3.90104e-07
1.84 3.1673e-06
1.85 5.79278e-06
1.86 8.42559e-06
1.87 1.13049e-05
1.88 1.46128e-05
1.89 1.83428e-05
1.9 2.22575e-05
1.91 2.5989e-05
1.92 2.92577e-05
1.93 3.208e-05
1.94 3.47787e-05
1.95 3.77305e-05
1.96 4.10348e-05
1.97 4.44104e-05
1.98 4.74338e-05
1.99 4.99044e-05
2 5.19914e-05
2.01 5.40225e-05
2.02 5.61398e-05
2.03 5.81828e-05
2.04 5.99105e-05
2.05 6.12956e-05
2.06 6.25533e-05
2.07 6.38687e-05
2.08 6.51285e-05
2.09 6.59588e-05
2.1 6.60501e-05
2.11 6.54537e-05
2.12 6.45672e-05
2.13 6.38275e-05
2.14 6.33884e-05
2.15 6.30411e-05
2.16 6.2392e-05
2.17 6.1109e-05
2.18 5.90631e-05
2.19 5.63289e-05
2.2 5.31056e-05
2.21 4.96144e-05
2.22 4.59978e-05
2.23 4.22595e-05
2.24 3.82968e-05
2.25 3.40203e-05
2.26 2.94714e-05
2.27 2.48224e-05
2.28 2.02351e-05
2.29 1.56892e-05
2.3 1.09377e-05
2.31 5.63876e-06
2.32 -4.41707e-07
2.33 -7.30297e-06
2.34 -1.47094e-05
2.35 -2.22702e-05
2.36 -2.95428e-05
2.37 -3.61536e-05
2.38 -4.19399e-05
2.39 -4.70618e-05
2.4 -5.19849e-05
2.41 -5.72796e-05
2.42 -6.3308e-05
2.43 -6.99754e-05
2.44 -7.67119e-05
2.45 -8.27202e-05
2.46 -8.736e-05
2.47 -9.04456e-05
2.48 -9.22923e-05
2.49 -9.35196e-05
2.5 -9.47467e-05
2.51 -9.63152e-05
2.52 -9.8133e-05
2.53 -9.97162e-05
2.54 -0.000100452
2.55 -9.9961e-05
2.56 -9.83418e-05
2.57 -9.61295e-05
2.58 -9.39961e-05
2.59 -9.23769e-05
2.6 -9.12494e-05
2.61 -9.01891e-05
2.62 -8.86437e-05
2.63 -8.62401e-05
2.64 -8.2951e-05
2.65 -7.90674e-05
2.66 -7.50447e-05
2.67 -7.13306e-05
2.68 -6.82424e-05
2.69 -6.5913e-05
2.7 -6.4298e-05
2.71 -6.32169e-05
2.72 -6.2395e-05
2.73 -6.15099e-05
2.74 -6.02717e-05
2.75 -5.85481e-05
2.76 -5.647e-05
2.77 -5.44132e-05
2.78 -5.28147e-05
2.79 -5.19168e-05
2.8 -5.16219e-05
2.81 -5.15624e-05
2.82 -5.13283e-05
2.83 -5.06948e-05
2.84 -4.97096e-05
2.85 -4.86078e-05
2.86 -4.76379e-05
2.87 -4.69171e-05
2.88 -4.63523e-05
2.89 -4.55966e-05
2.9 -4.40689e-05
2.91 -4.11388e-05
2.92 -3.6493e-05
2.93 -3.0469e-05
2.94 -2.40393e-05
2.95 -1.83464e-05
2.96 -1.40576e-05
2.97 -1.09948e-05
2.98 -8.28889e-06
2.99 -4.89772e-06
3 -9.8847e-08
3.01 6.31264e-06
3.02 1.40957e-05
3.03 2.27185e-05
3.04 3.14747e-05
3.05 3.95799e-05
3.06 4.63231e-05
3.07 5.12778e-05
3.08 5.44838e-05
3.09 5.64744e-05
3.1 5.8094e-05
3.11 6.01648e-05
3.12 6.31377e-05
3.13 6.68726e-05
3.14 7.0663e-05
3.15 7.35306e-05
3.16 7.46654e-05
3.17 7.37813e-05
3.18 7.12049e-05
3.19 6.76773e-05
3.2 6.3981e-05
3.21 6.05683e-05
3.22 5.7365e-05
3.23 5.38543e-05
3.24 4.94078e-05
3.25 4.36907e-05
3.26 3.68987e-05
3.27 2.96645e-05
3.28 2.26916e-05
3.29 1.63655e-05
3.3 1.05882e-05
3.31 4.90103e-06
3.32 -1.22101e-06
3.33 -8.0836e-06
3.34 -1.56327e-05
3.35 -2.34954e-05
3.36 -3.11419e-05
3.37 -3.80698e-05
3.38 -4.39397e-05
3.39 -4.86324e-05
3.4 -5.22304e-05
3.41 -5.4942e-05
3.42 -5.70021e-05
3.43 -5.85863e-05
3.44 -5.97651e-05
3.45 -6.05224e-05
3.46 -6.08424e-05
3.47 -6.08241e-05
3.48 -6.07069e-05
3.49 -6.07173e-05
3.5 -6.08176e-05
3.51 -6.05896e-05
3.52 -5.94321e-05
3.53 -5.69892e-05
3.54 -5.34887e-05
3.55 -4.97037e-05
3.56 -4.65427e-05
3.57 -4.4573e-05
3.58 -4.3806e-05
3.59 -4.38199e-05
3.6 -4.40332e-05
3.61 -4.39099e-05
3.62 -4.30698e-05
3.63 -4.14081e-05
3.64 -3.92285e-05
3.65 -3.72155e-05
3.66 -3.6113e-05
3.67 -3.62556e-05
3.68 -3.73191e-05
3.69 -3.85335e-05
3.7 -3.92089e-05
3.71 -3.9156e-05
3.72 -3.8719e-05
3.73 -3.84795e-05
3.74 -3.88989e-05
3.75 -4.01078e-05
3.76 -4.18841e-05
3.77 -4.37462e-05
3.78 -4.50948e-05
3.79 -4.53818e-05
3.8 -4.4301e-05
3.81 -4.19479e-05
3.82 -3.88369e-05
3.83 -3.56845e-05
3.84 -3.30097e-05
3.85 -3.0786e-05
3.86 -2.84092e-05
3.87 -2.50408e-05
3.88 -2.01087e-05
3.89 -1.363e-05
3.9 -6.16777e-06
3.91 1.50551e-06
3.92 8.79378e-06
3.93 1.54907e-05
3.94 2.17506e-05
3.95 2.79036e-05
3.96 3.42576e-05
3.97 4.09832e-05
3.98 4.80791e-05
3.99 5.53883e-05
4 6.26501e-05
4.01 6.95883e-05
4.02 7.60106e-05
4.03 8.18576e-05
4.04 8.71558e-05
4.05 9.18971e-05
4.06 9.59513e-05
4.07 9.91019e-05
4.08 0.000101189
4.09 0.000102234
4.1 0.000102427
4.11 0.000101987
4.12 0.000101003
4.13 9.93913e-05
4.14 9.69944e-05
4.15 9.37313e-05
4.16 8.96938e-05
4.17 8.51162e-05
4.18 8.02489e-05
4.19 7.52264e-05
4.2 7.00073e-05
4.21 6.44117e-05
4.22 5.82408e-05
4.23 5.14202e-05
4.24 4.40632e-05
4.25 3.63946e-05
4.26 2.85983e-05
4.27 2.07375e-05
4.28 1.28184e-05
4.29 4.91368e-06
4.3 -2.81587e-06
4.31 -1.02663e-05
4.32 -1.75822e-05
4.33 -2.5166e-05
4.34 -3.33853e-05
4.35 -4.21592e-05
4.36 -5.08062e-05
4.37 -5.83801e-05
4.38 -6.42893e-05
4.39 -6.87097e-05
4.4 -7.24633e-05
4.41 -7.64849e-05
4.42 -8.12822e-05
4.43 -8.67075e-05
4.44 -9.20762e-05
4.45 -9.64878e-05
4.46 -9.92038e-05
4.47 -9.99761e-05
4.48 -9.92035e-05
4.49 -9.77861e-05
4.5 -9.66779e-05
4.51 -9.63632e-05
4.52 -9.65911e-05
4.53 -9.65485e-05
4.54 -9.53316e-05
4.55 -9.23878e-05
4.56 -8.76909e-05
4.57 -8.16533e-05
4.58 -7.49312e-05
4.59 -6.82385e-05
4.6 -6.2166e-05
4.61 -5.69661e-05
4.62 -5.23729e-05
4.63 -4.76361e-05
4.64 -4.18596e-05
4.65 -3.44799e-05
4.66 -2.55792e-05
4.67 -1.58502e-05
4.68 -6.28489e-06
4.69 2.20951e-06
4.7 9.11049e-06
4.71 1.44356e-05
4.72 1.87382e-05
4.73 2.29229e-05
4.74 2.78883e-05
4.75 3.4105e-05
4.76 4.13486e-05
4.77 4.87628e-05
4.78 5.52361e-05
4.79 5.98843e-05
4.8 6.24073e-05
4.81 6.32078e-05
4.82 6.32701e-05
4.83 6.38322e-05
4.84 6.58932e-05
4.85 6.9695e-05
4.86 7.44539e-05
4.87 7.85985e-05
4.88 8.05195e-05
4.89 7.94854e-05
4.9 7.62027e-05
4.91 7.2616e-05
4.92 7.09453e-05
4.93 7.24438e-05
4.94 7.66308e-05
4.95 8.15242e-05
4.96 8.47608e-05
4.97 8.49009e-05
4.98 8.21325e-05
4.99 7.80386e-05
5 7.46915e-05
5.01 7.36525e-05
5.02 7.53678e-05
5.03 7.91441e-05
5.04 8.35881e-05
5.05 8.72303e-05
5.06 8.90445e-05
5.07 8.86952e-05
5.08 8.65162e-05
5.09 8.33393e-05
5.1 8.02697e-05
5.11 7.84106e-05
5.12 7.84897e-05
5.13 8.04638e-05
5.14 8.33529e-05
5.15 8.55623e-05
5.16 8.56466e-05
5.17 8.30635e-05
5.18 7.83802e-05
5.19 7.27741e-05
5.2 6.72246e-05
5.21 6.20192e-05
5.22 5.68803e-05
5.23 5.14447e-05
5.24 4.55717e-05
5.25 3.92368e-05
5.26 3.22612e-05
5.27 2.42956e-05
5.28 1.51506e-05
5.29 5.1513e-06
5.3 -4.87237e-06
5.31 -1.4005e-05
5.32 -2.17677e-05
5.33 -2.83716e-05
5.34 -3.45421e-05
5.35 -4.10138e-05
5.36 -4.79769e-05
5.37 -5.47886e-05
5.38 -6.01404e-05
5.39 -6.26567e-05
5.4 -6.1657e-05
5.41 -5.76367e-05
5.42 -5.20815e-05
5.43 -4.66386e-05
5.44 -4.21585e-05
5.45 -3.82411e-05
5.46 -3.35289e-05
5.47 -2.64669e-05
5.48 -1.60201e-05
5.49 -2.02846e-06
5.5 1.47643e-05
5.51 3.28202e-05
5.52 5.00493e-05
5.53 6.43619e-05
5.54 7.45063e-05
5.55 8.07418e-05
5.56 8.4758e-05
5.57 8.87068e-05
5.58 9.38998e-05
5.59 0.000100004
5.6 0.000105184
5.61 0.000106968
5.62 0.000103262
5.63 9.30113e-05
5.64 7.64043e-05
5.65 5.46868e-05
5.66 2.96892e-05
5.67 3.1469e-06
5.68 -2.39564e-05
5.69 -5.16847e-05
5.7 -8.08957e-05
5.71 -0.000112604
5.72 -0.000147388
5.73 -0.00018519
5.74 -0.0002255
5.75 -0.000267643
5.76 -0.000310905
5.77 -0.000354494
5.78 -0.000397464
5.79 -0.000438685
5.8 -0.000476879
5.81 -0.000510705
5.82 -0.000538911
5.83 -0.000560503
5.84 -0.000574892
5.85 -0.00058195
5.86 -0.000581974
5.87 -0.00057562
5.88 -0.000563804
5.89 -0.000547501
5.9 -0.000527334
5.91 -0.000503141
5.92 -0.000473971
5.93 -0.000438761
5.94 -0.000397322
5.95 -0.0003508
5.96 -0.000301118
5.97 -0.000249772
5.98 -0.000196941
5.99 -0.000141578
6 -8.22589e-05
6.01 -1.80375e-05
6.02 5.12575e-05
6.03 0.000125161
6.04 0.000202694
6.05 0.000282248
6.06 0.000361542
6.07 0.000438052
6.08 0.000509912
6.09 0.000576603
6.1 0.000638646
6.11 0.000696139
6.12 0.000747079
6.13 0.000787006
6.14 0.000810797
6.15 0.000815742
6.16 0.000803723
6.17 0.00078068
6.18 0.000753553
6.19 0.00072684
6.2 0.000701054
6.21 0.00067376
6.22 0.000641967
6.23 0.000604048
6.24 0.000560233
6.25 0.000511989
6.26 0.000461192
6.27 0.000409577
6.28 0.000358413
6.29 0.000308153
6.3 0.000258157
6.31 0.000206849
6.32 0.000152458
6.33 9.40412e-05
6.34 3.21149e-05
6.35 -3.15117e-05
6.36 -9.45807e-05
6.37 -0.000155346
6.38 -0.0002131
6.39 -0.000268073
6.4 -0.000320866
6.41 -0.000371729
6.42 -0.000419978
6.43 -0.000463771
6.44 -0.000500429
6.45 -0.000527294
6.46 -0.000542845
6.47 -0.000547445
6.48 -0.000543163
6.49 -0.000532684
6.5 -0.000518081
6.51 -0.000500353
6.52 -0.000479937
6.53 -0.000457459
6.54 -0.000433892
6.55 -0.00040992
6.56 -0.000385179
6.57 -0.000358249
6.58 -0.000327649
6.59 -0.000293184
6.6 -0.000256542
6.61 -0.000220576
6.62 -0.000187673
6.63 -0.000158393
6.64 -0.000131296
6.65 -0.000104024
6.66 -7.48415e-05
6.67 -4.36583e-05
6.68 -1.20168e-05
6.69 1.78029e-05
6.7 4.39503e-05
6.71 6.57752e-05
6.72 8.38232e-05
6.73 9.91468e-05
6.74 0.000112406
6.75 0.000123309
6.76 0.000130681
6.77 0.000133103
6.78 0.000129751
6.79 0.000121008
6.8 0.000108502
6.81 9.45481e-05
6.82 8.12592e-05
6.83 6.9757e-05
6.84 5.98251e-05
6.85 5.01181e-05
6.86 3.88272e-05
6.87 2.45691e-05
6.88 7.13932e-06
6.89 -1.2245e-05
6.9 -3.13766e-05
6.91 -4.79367e-05
6.92 -6.03081e-05
6.93 -6.78898e-05
6.94 -7.08663e-05
6.95 -6.97556e-05
6.96 -6.51107e-05
6.97 -5.74609e-05
6.98 -4.7272e-05
6.99 -3.47538e-05
7 -1.96839e-05
7.01 -1.5869e-06
7.02 1.97199e-05
7.03 4.37046e-05
7.04 6.93463e-05
7.05 9.59523e-05
7.06 0.000123856
7.07 0.000154244
7.08 0.000188107
7.09 0.000225139
7.1 0.000263551
7.11 0.000300955
7.12 0.000335548
7.13 0.000366654
7.14 0.000394325
7.15 0.000418567
7.16 0.000438917
7.17 0.000454693
7.18 0.000465566
7.19 0.000471923
7.2 0.000474753
7.21 0.000475176
7.22 0.000473914
7.23 0.000470972
7.24 0.000465709
7.25 0.000457274
7.26 0.000445184
7.27 0.00042975
7.28 0.000412121
7.29 0.000393902
7.3 0.000376488
7.31 0.000360418
7.32 0.00034508
7.33 0.000329001
7.34 0.000310607
7.35 0.000289035
7.36 0.000264573
7.37 0.000238503
7.38 0.00021248
7.39 0.000187787
7.4 0.000164833
7.41 0.000143091
7.42 0.000121435
7.43 9.86425e-05
7.44 7.3824e-05
7.45 4.66593e-05
7.46 1.74494e-05
7.47 -1.29747e-05
7.48 -4.34836e-05
7.49 -7.29986e-05
7.5 -0.000100836
7.51 -0.000126903
7.52 -0.000151689
7.53 -0.000176098
7.54 -0.000201191
7.55 -0.000227866
7.56 -0.000256542
7.57 -0.000287005
7.58 -0.000318554
7.59 -0.000350398
7.6 -0.000382007
7.61 -0.000413224
7.62 -0.000444156
7.63 -0.000475053
7.64 -0.000506219
7.65 -0.000537861
7.66 -0.00056978
7.67 -0.000601032
7.68 -0.000629891
7.69 -0.000654334
7.7 -0.000672914
7.71 -0.000685526
7.72 -0.000693538
7.73 -0.000699146
7.74 -0.000704272
7.75 -0.000709596
7.76 -0.000714208
7.77 -0.000715995
7.78 -0.000712485
7.79 -0.000701761
7.8 -0.000683137
7.81 -0.000657477
7.82 -0.00062707
7.83 -0.000594999
7.84 -0.000564064
7.85 -0.000535689
7.86 -0.00050936
7.87 -0.000482905
7.88 -0.000453365
7.89 -0.000417963
7.9 -0.000374861
7.91 -0.000323609
7.92 -0.000265214
7.93 -0.00020181
7.94 -0.000135957
7.95 -6.97697e-05
7.96 -4.15631e-06
7.97 6.14824e-05
7.98 0.000128912
7.99 0.000200214
8 0.000276848
8.01 0.00035902
8.02 0.000445533
8.03 0.000534082
8.04 0.000621816
8.05 0.000705931
8.06 0.000784032
8.07 0.000854094
8.08 0.000914221
8.09 0.000962575
8.1 0.000997775
8.11 0.00101957
8.12 0.0010293
8.13 0.00102974
8.14 0.00102419
8.15 0.00101534
8.16 0.00100412
8.17 0.000989459
8.18 0.00096923
8.19 0.000942005
8.2 0.000908699
8.21 0.000872828
8.22 0.000838945
8.23 0.000810082
8.24 0.000785867
8.25 0.000762614
8.26 0.00073538
8.27 0.000700652
8.28 0.000658031
8.29 0.000610059
8.3 0.000560621
8.31 0.000513059
8.32 0.000469027
8.33 0.000428338
8.34 0.000389452
8.35 0.000350109
8.36 0.000307878
8.37 0.000260671
8.38 0.000207316
8.39 0.000147965
8.4 8.3998e-05
8.41 1.72884e-05
8.42 -5.07773e-05
8.43 -0.000119815
8.44 -0.000190114
8.45 -0.000261835
8.46 -0.000334502
8.47 -0.000407209
8.48 -0.000479202
8.49 -0.000550158
8.5 -0.000619807
8.51 -0.000687258
8.52 -0.000750695
8.53 -0.000807759
8.54 -0.000856285
8.55 -0.000894845
8.56 -0.000922828
8.57 -0.000940314
8.58 -0.000948089
8.59 -0.000947859
8.6 -0.000942296
8.61 -0.000934461
8.62 -0.000926681
8.63 -0.000919543
8.64 -0.00091177
8.65 -0.000901086
8.66 -0.000885439
8.67 -0.000863827
8.68 -0.000836526
8.69 -0.000804979
8.7 -0.000771443
8.71 -0.000738278
8.72 -0.000706903
8.73 -0.000676992
8.74 -0.000646585
8.75 -0.000613244
8.76 -0.00057557
8.77 -0.000534088
8.78 -0.000490948
8.79 -0.000448784
8.8 -0.000409482
8.81 -0.000373476
8.82 -0.000339642
8.83 -0.000305582
8.84 -0.000268242
8.85 -0.000224961
8.86 -0.000174794
8.87 -0.00011944
8.88 -6.29471e-05
8.89 -9.98977e-06
8.9 3.64899e-05
8.91 7.68012e-05
8.92 0.000114125
8.93 0.000152457
8.94 0.00019426
8.95 0.000239278
8.96 0.000284994
8.97 0.000328022
8.98 0.000365412
8.99 0.000395299
9 0.000417027
9.01 0.000431062
9.02 0.000438794
9.03 0.000442092
9.04 0.000442633
9.05 0.000441341
9.06 0.000438247
9.07 0.000432832
9.08 0.000424589
9.09 0.000413482
9.1 0.000400104
9.11 0.000385457
9.12 0.000370414
9.13 0.000355109
9.14 0.000338711
9.15 0.000319847
9.16 0.000297472
9.17 0.00027156
9.18 0.00024312
9.19 0.000213553
9.2 0.000183857
9.21 0.000154235
9.22 0.000124284
9.23 9.3516e-05
9.24 6.17832e-05
9.25 2.93686e-05
9.26 -3.20093e-06
9.27 -3.54051e-05
9.28 -6.68861e-05
9.29 -9.74565e-05
9.3 -0.000126978
9.31 -0.000155197
9.32 -0.000181693
9.33 -0.000206003
9.34 -0.000227857
9.35 -0.000247248
9.36 -0.000264271
9.37 -0.000278886
9.38 -0.000290927
9.39 -0.000300392
9.4 -0.000307669
9.41 -0.000313352
9.42 -0.000317723
9.43 -0.000320366
9.44 -0.000320326
9.45 -0.000316776
9.46 -0.000309726
9.47 -0.000300284
9.48 -0.000290236
9.49 -0.000281179
9.5 -0.000273708
9.51 -0.000267145
9.52 -0.000259935
9.53 -0.00025049
9.54 -0.000238066
9.55 -0.000223275
9.56 -0.000207988
9.57 -0.000194566
9.58 -0.000184708
9.59 -0.000178459
9.6 -0.00017397
9.61 -0.000168273
9.62 -0.000158772
9.63 -0.000144634
9.64 -0.000127304
9.65 -0.000109817
9.66 -9.53613e-05
9.67 -8.58532e-05
9.68 -8.12194e-05
9.69 -7.95949e-05
9.7 -7.82686e-05
9.71 -7.49501e-05
9.72 -6.87921e-05
9.73 -6.06557e-05
9.74 -5.24828e-05
9.75 -4.61788e-05
9.76 -4.2684e-05
9.77 -4.16932e-05
9.78 -4.19714e-05
9.79 -4.18574e-05
9.8 -3.96496e-05
9.81 -3.39448e-05
9.82 -2.40797e-05
9.83 -1.04929e-05
9.84 5.40589e-06
9.85 2.1968e-05
9.86 3.82046e-05
9.87 5.42559e-05
9.88 7.11919e-05
9.89 9.03467e-05
9.9 0.000112566
9.91 0.000137705
9.92 0.00016463
9.93 0.00019175
9.94 0.000217856
9.95 0.000242812
9.96 0.000267737
9.97 0.000294559
9.98 0.000325141
9.99 0.00036037
10 0.000399611
10.01 0.000440707
10.02 0.000480523
10.03 0.000515917
10.04 0.000544908
10.05 0.000567556
10.06 0.000585955
10.07 0.000603105
10.08 0.000621238
10.09 0.000640704
10.1 0.000660098
10.11 0.000677308
10.12 0.000690465
10.13 0.00069817
10.14 0.000699283
10.15 0.000693045
10.16 0.000679722
10.17 0.000661138
10.18 0.000640283
10.19 0.000619953
10.2 0.000601264
10.21 0.000583105
10.22 0.000562956
10.23 0.000538444
10.24 0.000508545
10.25 0.000473769
10.26 0.000435563
10.27 0.000395659
10.28 0.000355748
10.29 0.000317258
10.3 0.000280915
10.31 0.000246175
10.32 0.000211061
10.33 0.000172863
10.34 0.000129547
10.35 8.1114e-05
10.36 3.00207e-05
10.37 -1.96864e-05
10.38 -6.4057e-05
10.39 -0.000100784
10.4 -0.000129819
10.41 -0.000152906
10.42 -0.000172503
10.43 -0.000190709
10.44 -0.000208596
10.45 -0.000226004
10.46 -0.000241645
10.47 -0.000253343
10.48 -0.00025841
10.49 -0.000254325
10.5 -0.000239727
10.51 -0.000215373
10.52 -0.000184397
10.53 -0.000151365
10.54 -0.000120434
10.55 -9.36667e-05
10.56 -7.05298e-05
10.57 -4.87766e-05
10.58 -2.59281e-05
10.59 -3.51871e-07
10.6 2.84716e-05
10.61 6.01545e-05
10.62 9.35395e-05
10.63 0.00012664
10.64 0.000156723
10.65 0.000180875
10.66 0.000196893
10.67 0.000203984
10.68 0.000202733
10.69 0.000194352
10.7 0.000179718
10.71 0.000158859
10.72 0.000131148
10.73 9.59645e-05
10.74 5.32513e-05
10.75 3.59032e-06
10.76 -5.21612e-05
10.77 -0.000113283
10.78 -0.00017932
10.79 -0.000249927
10.8 -0.000324704
10.81 -0.000403238
10.82 -0.000485316
10.83 -0.000571014
10.84 -0.00066046
10.85 -0.000753239
10.86 -0.000847666
10.87 -0.000940245
10.88 -0.00102569
10.89 -0.00109776
10.9 -0.00115088
10.91 -0.00118212
10.92 -0.00119261
10.93 -0.0011875
10.94 -0.00117454
10.95 -0.00116168
10.96 -0.0011545
10.97 -0.00115443
10.98 -0.00115831
10.99 -0.00115986
11 -0.00115236
11.01 -0.00113132
11.02 -0.00109581
11.03 -0.00104799
11.04 -0.000991513
11.05 -0.000929718
11.06 -0.00086471
11.07 -0.000797466
11.08 -0.000728476
11.09 -0.000657907
11.1 -0.00058474
11.11 -0.000505434
11.12 -0.000413533
11.13 -0.000301202
11.14 -0.000162311
11.15 4.52492e-06
11.16 0.000194822
11.17 0.000400171
11.18 0.000612703
11.19 0.000829415
11.2 0.0010529
11.21 0.00128755
11.22 0.00153408
11.23 0.00178496
11.24 0.00202077
11.25 0.00220961
11.26 0.00231629
11.27 0.00232163
11.28 0.00223728
11.29 0.0021019
11.3 0.00196177
11.31 0.00185131
11.32 0.00178357
11.33 0.00175078
11.34 0.00173182
11.35 0.00170347
11.36 0.00165128
11.37 0.00157469
11.38 0.00148432
11.39 0.0013945
11.4 0.00131592
11.41 0.0012516
11.42 0.00119628
11.43 0.0011387
11.44 0.00106641
11.45 0.000971391
11.46 0.000853708
11.47 0.000721056
11.48 0.000584698
11.49 0.000454317
11.5 0.000334558
11.51 0.00022453
11.52 0.000119692
11.53 1.44386e-05
11.54 -9.61758e-05
11.55 -0.000216099
11.56 -0.000348659
11.57 -0.000496446
11.58 -0.000660075
11.59 -0.000836787
11.6 -0.00102062
11.61 -0.00120393
11.62 -0.00137748
11.63 -0.00152774
11.64 -0.00163584
11.65 -0.00168385
11.66 -0.00166664
11.67 -0.0015994
11.68 -0.00151309
11.69 -0.00144043
11.7 -0.00140217
11.71 -0.00140088
11.72 -0.00142341
11.73 -0.00144902
11.74 -0.00145897
11.75 -0.00144331
11.76 -0.00140291
11.77 -0.00134667
11.78 -0.00128638
11.79 -0.00123157
11.8 -0.00118613
11.81 -0.00114753
11.82 -0.00110905
11.83 -0.00106402
11.84 -0.00100989
11.85 -0.000949821
11.86 -0.000890995
11.87 -0.000840672
11.88 -0.00080247
11.89 -0.000774595
11.9 -0.000750515
11.91 -0.000721448
11.92 -0.000679572
11.93 -0.000620869
11.94 -0.000546655
11.95 -0.000463137
11.96 -0.000379041
11.97 -0.000302235
11.98 -0.000236816
11.99 -0.000182014
12 -0.000133304
12.01 -8.48756e-05
12.02 -3.18702e-05
12.03 2.86675e-05
12.04 9.79908e-05
12.05 0.00017604
12.06 0.000261331
12.07 0.000350569
12.08 0.000438807
12.09 0.000520569
12.1 0.000591438
12.11 0.000649054
12.12 0.000692974
12.13 0.000723774
12.14 0.000742407
12.15 0.000750344
12.16 0.00075015
12.17 0.000745628
12.18 0.000741092
12.19 0.000740065
12.2 0.000744172
12.21 0.000752764
12.22 0.000763276
12.23 0.000772041
12.24 0.000775345
12.25 0.000770621
12.26 0.000757504
12.27 0.00073818
12.28 0.000716582
12.29 0.000696651
12.3 0.000680595
12.31 0.000668167
12.32 0.00065729
12.33 0.000645408
12.34 0.000630615
12.35 0.000612011
12.36 0.000589503
12.37 0.000563533
12.38 0.000534919
12.39 0.000504661
12.4 0.000473619
12.41 0.000442227
12.42 0.000410512
12.43 0.000378392
12.44 0.000345966
12.45 0.000313548
12.46 0.000281461
12.47 0.000249786
12.48 0.000218216
12.49 0.000185991
12.5 0.000151917
12.51 0.000114629
12.52 7.31612e-05
12.53 2.75757e-05
12.54 -2.08047e-05
12.55 -6.98373e-05
12.56 -0.000117418
12.57 -0.000162215
12.58 -0.000203888
12.59 -0.000242844
12.6 -0.000279832
12.61 -0.000315581
12.62 -0.000350495
12.63 -0.000384398
12.64 -0.00041643
12.65 -0.000445254
12.66 -0.000469459
12.67 -0.000487846
12.68 -0.000499405
12.69 -0.000503233
12.7 -0.000498789
12.71 -0.000486529
12.72 -0.000468437
12.73 -0.000447748
12.74 -0.000427617
12.75 -0.000409364
12.76 -0.000391523
12.77 -0.000370546
12.78 -0.00034289
12.79 -0.000307197
12.8 -0.00026524
12.81 -0.000221185
12.82 -0.000179695
12.83 -0.00014393
12.84 -0.000114274
12.85 -8.82696e-05
12.86 -6.17578e-05
12.87 -3.08597e-05
12.88 6.01331e-06
12.89 4.70985e-05
12.9 8.7864e-05
12.91 0.000123116
12.92 0.000149559
12.93 0.000167267
12.94 0.000179087
12.95 0.000188411
12.96 0.000196938
12.97 0.000203977
12.98 0.000207534
12.99 0.000206118
13 0.000199797
13.01 0.00018995
13.02 0.000178182
13.03 0.000165367
13.04 0.000151339
13.05 0.000135186
13.06 0.000115867
13.07 9.28733e-05
13.08 6.67314e-05
13.09 3.91412e-05
13.1 1.26219e-05
13.11 -1.02564e-05
13.12 -2.77327e-05
13.13 -3.93636e-05
13.14 -4.59097e-05
13.15 -4.87031e-05
13.16 -4.88667e-05
13.17 -4.67458e-05
13.18 -4.17164e-05
13.19 -3.23364e-05
13.2 -1.67152e-05
13.21 7.01059e-06
13.22 4.01606e-05
13.23 8.30464e-05
13.24 0.000134721
13.25 0.000193098
13.26 0.000255444
13.27 0.000319018
13.28 0.000381579
13.29 0.000441657
13.3 0.000498661
13.31 0.000552873
13.32 0.000605127
13.33 0.000655999
13.34 0.000704729
13.35 0.000748557
13.36 0.000783187
13.37 0.000804437
13.38 0.000810278
13.39 0.000802051
13.4 0.000784078
13.41 0.000761795
13.42 0.000739422
13.43 0.00071838
13.44 0.000697151
13.45 0.000672484
13.46 0.000641226
13.47 0.000601959
13.48 0.000555836
13.49 0.000506369
13.5 0.00045823
13.51 0.000415365
13.52 0.000379104
13.53 0.000347196
13.54 0.000314501
13.55 0.000275271
13.56 0.000225912
13.57 0.000166717
13.58 0.000101635
13.59 3.6319e-05
13.6 -2.441e-05
13.61 -7.84092e-05
13.62 -0.000126666
13.63 -0.000172412
13.64 -0.000219439
13.65 -0.000270368
13.66 -0.000325514
13.67 -0.000382744
13.68 -0.000438327
13.69 -0.000488307
13.7 -0.000529708
13.71 -0.000561104
13.72 -0.000582572
13.73 -0.00059542
13.74 -0.000601858
13.75 -0.000604505
13.76 -0.000605644
13.77 -0.000606521
13.78 -0.000607112
13.79 -0.000606505
13.8 -0.000603628
13.81 -0.000597883
13.82 -0.000589441
13.83 -0.000579201
13.84 -0.000568473
13.85 -0.000558476
13.86 -0.000549764
13.87 -0.000541798
13.88 -0.000532969
13.89 -0.000521222
13.9 -0.000505093
13.91 -0.000484624
13.92 -0.000461529
13.93 -0.000438389
13.94 -0.00041731
13.95 -0.000398804
13.96 -0.000381543
13.97 -0.00036303
13.98 -0.000340735
13.99 -0.000313127
14 -0.000280194
14.01 -0.000243306
14.02 -0.000204579
14.03 -0.000166082
14.04 -0.000129216
14.05 -9.43889e-05
14.06 -6.09269e-05
14.07 -2.72417e-05
14.08 8.66097e-06
14.09 4.83487e-05
14.1 9.21455e-05
14.11 0.000138812
14.12 0.000185954
14.13 0.00023093
14.14 0.000271755
14.15 0.00030761
14.16 0.00033885
14.17 0.000366645
14.18 0.000392472
14.19 0.000417657
14.2 0.000443008
14.21 0.000468479
14.22 0.000492884
14.23 0.000513923
14.24 0.000528762
14.25 0.000535108
14.26 0.000532252
14.27 0.000521429
14.28 0.000505238
14.29 0.000486441
14.3 0.000466858
14.31 0.000446897
14.32 0.000425809
14.33 0.000402347
14.34 0.000375397
14.35 0.000344305
14.36 0.000308916
14.37 0.000269491
14.38 0.000226648
14.39 0.000181307
14.4 0.000134536
14.41 8.72799e-05
14.42 4.00636e-05
14.43 -7.18971e-06
14.44 -5.51046e-05
14.45 -0.000104577
14.46 -0.000156398
14.47 -0.000210949
14.48 -0.000268047
14.49 -0.000326954
14.5 -0.000386431
14.51 -0.000444794
14.52 -0.000500012
14.53 -0.000549978
14.54 -0.000593004
14.55 -0.000628335
14.56 -0.000656371
14.57 -0.000678421
14.58 -0.000696118
14.59 -0.000710839
14.6 -0.000723415
14.61 -0.000734138
14.62 -0.000742939
14.63 -0.000749551
14.64 -0.000753584
14.65 -0.000754564
14.66 -0.000752046
14.67 -0.000745862
14.68 -0.000736395
14.69 -0.000724659
14.7 -0.000712011
14.71 -0.000699588
14.72 -0.00068779
14.73 -0.000676164
14.74 -0.0006638
14.75 -0.000649968
14.76 -0.00063454
14.77 -0.00061788
14.78 -0.000600341
14.79 -0.000581831
14.8 -0.000561875
14.81 -0.000540154
14.82 -0.000517122
14.83 -0.000494115
14.84 -0.000472811
14.85 -0.000454381
14.86 -0.000438975
14.87 -0.000425877
14.88 -0.000414075
14.89 -0.000402631
14.9 -0.000390551
14.91 -0.000376467
14.92 -0.000358816
14.93 -0.000336769
14.94 -0.000311291
14.95 -0.000285297
14.96 -0.000262439
14.97 -0.000245137
14.98 -0.000233192
14.99 -0.000223954
15 -0.000213924
15.01 -0.000200689
15.02 -0.000183986
15.03 -0.000165382
15.04 -0.00014701
15.05 -0.000130247
15.06 -0.000115099
15.07 -0.000100505
15.08 -8.52164e-05
15.09 -6.86544e-05
15.1 -5.12411e-05
15.11 -3.40515e-05
15.12 -1.80308e-05
15.13 -3.24255e-06
15.14 1.13936e-05
15.15 2.76718e-05
15.16 4.72032e-05
15.17 7.06193e-05
15.18 9.7423e-05
15.19 0.000126572
15.2 0.000157309
15.21 0.000189574
15.22 0.000223747
15.23 0.000260009
15.24 0.00029794
15.25 0.000336681
15.26 0.000375552
15.27 0.000414662
15.28 0.000455053
15.29 0.000498227
15.3 0.0005453
15.31 0.000596267
15.32 0.000649789
15.33 0.000703568
15.34 0.000755038
15.35 0.000801943
15.36 0.000842582
15.37 0.000875768
15.38 0.000900791
15.39 0.000917546
15.4 0.000926668
15.41 0.000929453
15.42 0.000927501
15.43 0.000922311
15.44 0.00091504
15.45 0.000906393
15.46 0.000896493
15.47 0.000884745
15.48 0.000869978
15.49 0.000851028
15.5 0.000827497
15.51 0.000800112
15.52 0.000770356
15.53 0.000739586
15.54 0.000708261
15.55 0.000675799
15.56 0.000641118
15.57 0.000603518
15.58 0.000563338
15.59 0.000521997
15.6 0.000481359
15.61 0.000442726
15.62 0.000405992
15.63 0.000369454
15.64 0.000330429
15.65 0.000286406
15.66 0.000236206
15.67 0.000180656
15.68 0.000122478
15.69 6.53533e-05
15.7 1.24358e-05
15.71 -3.50145e-05
15.72 -7.81686e-05
15.73 -0.000119955
15.74 -0.000163495
15.75 -0.000210486
15.76 -0.000260379
15.77 -0.000310633
15.78 -0.000357731
15.79 -0.000398345
15.8 -0.000430209
15.81 -0.000452558
15.82 -0.000466201
15.83 -0.000473205
15.84 -0.000476175
15.85 -0.000477229
15.86 -0.000477137
15.87 -0.000475123
15.88 -0.000469542
15.89 -0.000459036
15.9 -0.000443452
15.91 -0.00042399
15.92 -0.000402597
15.93 -0.000381108
15.94 -0.000360626
15.95 -0.000341361
15.96 -0.000322789
15.97 -0.000303944
15.98 -0.000283775
15.99 -0.000261586
16 -0.000237482
16.01 -0.000212558
16.02 -0.000188602
16.03 -0.000167354
16.04 -0.000149708
16.05 -0.000135338
16.06 -0.000122939
16.07 -0.000110928
16.08 -9.82497e-05
16.09 -8.49332e-05
16.1 -7.21599e-05
16.11 -6.18123e-05
16.12 -5.56866e-05
16.13 -5.47137e-05
16.14 -5.85202e-05
16.15 -6.54946e-05
16.16 -7.33278e-05
16.17 -7.98626e-05
16.18 -8.39794e-05
16.19 -8.613e-05
16.2 -8.81755e-05
16.21 -9.25059e-05
16.22 -0.000100843
16.23 -0.000113319
16.24 -0.00012828
16.25 -0.000142876
16.26 -0.000154147
16.27 -0.000160088
16.28 -0.000160244
16.29 -0.000155592
16.3 -0.000147883
16.31 -0.000138844
16.32 -0.00012965
16.33 -0.000120768
16.34 -0.000112039
16.35 -0.000102773
16.36 -9.18465e-05
16.37 -7.79571e-05
16.38 -6.009e-05
16.39 -3.80624e-05
16.4 -1.28248e-05
16.41 1.37529e-05
16.42 3.96093e-05
16.43 6.33992e-05
16.44 8.50813e-05
16.45 0.000105851
16.46 0.000127468
16.47 0.00015136
16.48 0.000177977
16.49 0.000206657
16.5 0.000235961
16.51 0.000264247
16.52 0.000290235
16.53 0.000313392
16.54 0.000334031
16.55 0.000353094
16.56 0.000371736
16.57 0.000390936
16.58 0.000411321
16.59 0.000433207
16.6 0.000456728
16.61 0.000481913
16.62 0.000508654
16.63 0.000536633
16.64 0.000565276
16.65 0.000593826
16.66 0.000621579
16.67 0.000648138
16.68 0.000673521
16.69 0.000698001
16.7 0.000721802
16.71 0.000744873
16.72 0.000766897
16.73 0.000787469
16.74 0.000806223
16.75 0.000822738
16.76 0.000836267
16.77 0.000845527
16.78 0.000848867
16.79 0.000844892
16.8 0.000833278
16.81 0.000815209
16.82 0.000793089
16.83 0.000769577
16.84 0.000746494
16.85 0.000724159
16.86 0.000701436
16.87 0.000676319
16.88 0.000646692
16.89 0.000610918
16.9 0.000568152
16.91 0.000518439
16.92 0.000462612
16.93 0.000401941
16.94 0.000337525
16.95 0.000269641
16.96 0.000197433
16.97 0.000119169
16.98 3.29342e-05
16.99 -6.25976e-05
17 -0.000167688
17.01 -0.000281518
17.02 -0.000402577
17.03 -0.000529225
17.04 -0.000660045
17.05 -0.000793704
17.06 -0.000928354
17.07 -0.0010609
17.08 -0.0011865
17.09 -0.00129847
17.1 -0.00138886
17.11 -0.00145033
17.12 -0.00147909
17.13 -0.00147767
17.14 -0.00145519
17.15 -0.00142467
17.16 -0.0013984
17.17 -0.00138357
17.18 -0.00138011
17.19 -0.00138159
17.2 -0.00137892
17.21 -0.00136513
17.22 -0.00133871
17.23 -0.00130377
17.24 -0.00126726
17.25 -0.00123517
17.26 -0.00120968
17.27 -0.00118875
17.28 -0.00116767
17.29 -0.00114162
17.3 -0.00110785
17.31 -0.00106667
17.32 -0.00102096
17.33 -0.000974738
17.34 -0.000931486
17.35 -0.000892918
17.36 -0.000858531
17.37 -0.000825884
17.38 -0.000791406
17.39 -0.000751494
17.4 -0.00070364
17.41 -0.000647243
17.42 -0.000583775
17.43 -0.00051615
17.44 -0.000447527
17.45 -0.000380084
17.46 -0.000314311
17.47 -0.000249132
17.48 -0.000182685
17.49 -0.000113286
17.5 -4.00698e-05
17.51 3.69407e-05
17.52 0.000117181
17.53 0.000200013
17.54 0.000285031
17.55 0.00037209
17.56 0.000461022
17.57 0.000551112
17.58 0.000640526
17.59 0.000725939
17.6 0.000802673
17.61 0.00086549
17.62 0.00091003
17.63 0.000934525
17.64 0.000941059
17.65 0.000935563
17.66 0.00092617
17.67 0.000920445
17.68 0.00092273
17.69 0.000932822
17.7 0.000946546
17.71 0.000957885
17.72 0.00096166
17.73 0.000955564
17.74 0.000940696
17.75 0.000920552
17.76 0.000899145
17.77 0.000879285
17.78 0.000861725
17.79 0.000845303
17.8 0.000827783
17.81 0.000806917
17.82 0.000781363
17.83 0.000751232
17.84 0.00071808
17.85 0.000684282
17.86 0.000651915
17.87 0.000621625
17.88 0.00059209
17.89 0.000560514
17.9 0.000524013
17.91 0.000481157
17.92 0.000432766
17.93 0.000381507
17.94 0.000330546
17.95 0.000282085
17.96 0.000236547
17.97 0.000192668
17.98 0.000148219
17.99 0.000100897
18 4.90579e-05
18.01 -7.79586e-06
18.02 -6.88499e-05
18.03 -0.000132205
18.04 -0.000195507
18.05 -0.000256775
18.06 -0.000315006
18.07 -0.000370258
18.08 -0.000423158
18.09 -0.000474159
18.1 -0.000522954
18.11 -0.000568344
18.12 -0.000608617
18.13 -0.000642225
18.14 -0.000668445
18.15 -0.000687698
18.16 -0.000701385
18.17 -0.000711347
18.18 -0.000719187
18.19 -0.00072579
18.2 -0.000731195
18.21 -0.000734854
18.22 -0.000736087
18.23 -0.000734526
18.24 -0.000730327
18.25 -0.000724142
18.26 -0.000716873
18.27 -0.000709337
18.28 -0.000701903
18.29 -0.000694206
18.3 -0.000685124
18.31 -0.00067314
18.32 -0.000657062
18.33 -0.000636701
18.34 -0.000613083
18.35 -0.000587994
18.36 -0.000563103
18.37 -0.000539149
18.38 -0.000515616
18.39 -0.000491037
18.4 -0.000463732
18.41 -0.000432633
18.42 -0.000397774
18.43 -0.000360196
18.44 -0.000321306
18.45 -0.000282063
18.46 -0.000242509
18.47 -0.000201909
18.48 -0.000159321
18.49 -0.000114148
18.5 -6.63233e-05
18.51 -1.61655e-05
18.52 3.5824e-05
18.53 8.90247e-05
18.54 0.000142688
18.55 0.000196052
18.56 0.00024863
18.57 0.000300486
18.58 0.000352204
18.59 0.000404437
18.6 0.000457258
18.61 0.000509744
18.62 0.000560107
18.63 0.000606279
18.64 0.000646567
18.65 0.000680048
18.66 0.000706613
18.67 0.000726855
18.68 0.000741943
18.69 0.00075347
18.7 0.000763168
18.71 0.000772453
18.72 0.00078196
18.73 0.000791352
18.74 0.000799598
18.75 0.000805589
18.76 0.000808764
18.77 0.000809367
18.78 0.000808246
18.79 0.000806372
18.8 0.000804422
18.81 0.000802683
18.82 0.000801234
18.83 0.000800147
18.84 0.000799459
18.85 0.000798924
18.86 0.000797849
18.87 0.000795244
18.88 0.000790266
18.89 0.000782613
18.9 0.000772568
18.91 0.000760689
18.92 0.000747445
18.93 0.0007331
18.94 0.000717854
18.95 0.00070202
18.96 0.000686004
18.97 0.000670069
18.98 0.000654121
18.99 0.000637735
19 0.000620421
19.01 0.000601864
19.02 0.00058192
19.03 0.000560401
19.04 0.000536945
19.05 0.000511205
19.06 0.000483237
19.07 0.000453703
19.08 0.000423629
19.09 0.000393827
19.1 0.000364389
19.11 0.000334595
19.12 0.000303298
19.13 0.000269491
19.14 0.000232704
19.15 0.000193071
19.16 0.00015112
19.17 0.000107557
19.18 6.31643e-05
19.19 1.88035e-05
19.2 -2.46567e-05
19.21 -6.65598e-05
19.22 -0.000106728
19.23 -0.000145546
19.24 -0.00018372
19.25 -0.000221798
19.26 -0.000259743
19.27 -0.000296818
19.28 -0.00033183
19.29 -0.000363518
19.3 -0.000390826
19.31 -0.000412994
19.32 -0.000429551
19.33 -0.000440343
19.34 -0.000445577
19.35 -0.000445783
19.36 -0.000441634
19.37 -0.000433711
19.38 -0.000422414
19.39 -0.000408082
19.4 -0.000391221
19.41 -0.000372557
19.42 -0.000352791
19.43 -0.00033219
19.44 -0.000310398
19.45 -0.000286672
19.46 -0.000260451
19.47 -0.000231849
19.48 -0.000201728
19.49 -0.000171339
19.5 -0.000141796
19.51 -0.000113721
19.52 -8.72099e-05
19.53 -6.20465e-05
19.54 -3.79816e-05
19.55 -1.49462e-05
19.56 6.8122e-06
19.57 2.66646e-05
19.58 4.36441e-05
19.59 5.66496e-05
19.6 6.47813e-05
19.61 6.76652e-05
19.62 6.55801e-05
19.63 5.92827e-05
19.64 4.95922e-05
19.65 3.69544e-05
19.66 2.12465e-05
19.67 1.94905e-06
19.68 -2.14145e-05
19.69 -4.88411e-05
19.7 -7.96807e-05
19.71 -0.000112836
19.72 -0.000147202
19.73 -0.000182057
19.74 -0.000217201
19.75 -0.000252814
19.76 -0.000289189
19.77 -0.000326438
19.78 -0.000364263
19.79 -0.000401835
19.8 -0.000437849
19.81 -0.000470797
19.82 -0.0004994
19.83 -0.000523013
19.84 -0.000541808
19.85 -0.000556632
19.86 -0.000568588
19.87 -0.000578551
19.88 -0.000586876
19.89 -0.000593476
19.9 -0.000598165
19.91 -0.000601001
19.92 -0.000602378
19.93 -0.000602846
19.94 -0.000602852
19.95 -0.000602575
19.96 -0.000601916
19.97 -0.000600566
19.98 -0.000598054
19.99 -0.000593768
20 -0.000586993
20.01 -0.000577037
20.02 -0.000563423
20.03 -0.000546082
20.04 -0.00052541
20.05 -0.000502173
20.06 -0.000477272
20.07 -0.000451424
20.08 -0.00042489
20.09 -0.000397353
20.1 -0.000368057
20.11 -0.000336182
20.12 -0.000301251
20.13 -0.000263352
20.14 -0.000223034
20.15 -0.000181001
20.16 -0.000137804
20.17 -9.37167e-05
20.18 -4.88136e-05
20.19 -3.12417e-06
20.2 4.32423e-05
20.21 9.00755e-05
20.22 0.000137131
20.23 0.000184228
20.24 0.000231288
20.25 0.000278259
20.26 0.000324947
20.27 0.000370824
20.28 0.000414946
20.29 0.000456014
20.3 0.000492557
20.31 0.000523168
20.32 0.000546744
20.33 0.000562677
20.34 0.000570969
20.35 0.000572259
20.36 0.000567749
20.37 0.00055899
20.38 0.000547591
20.39 0.000534894
20.4 0.000521723
20.41 0.000508285
20.42 0.000494258
20.43 0.000479005
20.44 0.000461844
20.45 0.000442262
20.46 0.000420071
20.47 0.0003955
20.48 0.000369202
20.49 0.000342142
20.5 0.00031535
20.51 0.000289594
20.52 0.000265109
20.53 0.000241535
20.54 0.000218108
20.55 0.000194031
20.56 0.000168828
20.57 0.00014252
20.58 0.000115553
20.59 8.85645e-05
20.6 6.21419e-05
20.61 3.66811e-05
20.62 1.23493e-05
20.63 -1.09069e-05
20.64 -3.33383e-05
20.65 -5.53306e-05
20.66 -7.72766e-05
20.67 -9.94258e-05
20.68 -0.000121802
20.69 -0.000144259
20.7 -0.000166636
20.71 -0.000188922
20.72 -0.000211291
20.73 -0.000234014
20.74 -0.000257333
20.75 -0.000281406
20.76 -0.000306332
20.77 -0.000332174
20.78 -0.000358882
20.79 -0.000386185
20.8 -0.000413586
20.81 -0.000440516
20.82 -0.000466586
20.83 -0.000491753
20.84 -0.000516315
20.85 -0.000540711
20.86 -0.00056523
20.87 -0.000589744
20.88 -0.000613603
20.89 -0.000635737
20.9 -0.00065496
20.91 -0.000670374
20.92 -0.000681706
20.93 -0.000689375
20.94 -0.000694247
20.95 -0.000697179
20.96 -0.000698587
20.97 -0.000698269
20.98 -0.000695527
20.99 -0.000689516
21 -0.000679634
21.01 -0.000665793
21.02 -0.00064847
21.03 -0.000628526
21.04 -0.000606877
21.05 -0.000584142
21.06 -0.000560382
21.07 -0.000535072
21.08 -0.000507354
21.09 -0.000476493
21.1 -0.000442314
21.11 -0.000405343
21.12 -0.000366567
21.13 -0.000326952
21.14 -0.000287024
21.15 -0.000246725
21.16 -0.000205551
21.17 -0.000162844
21.18 -0.000118047
21.19 -7.08411e-05
21.2 -2.11864e-05
21.21 3.06701e-05
21.22 8.41975e-05
21.23 0.000138661
21.24 0.00019331
21.25 0.000247612
21.26 0.000301381
21.27 0.000354698
21.28 0.000407611
21.29 0.000459788
21.3 0.000510324
21.31 0.000557844
21.32 0.000600869
21.33 0.000638274
21.34 0.000669654
21.35 0.000695457
21.36 0.00071684
21.37 0.000735277
21.38 0.000752054
21.39 0.000767871
21.4 0.000782719
21.41 0.000796072
21.42 0.000807275
21.43 0.000815896
21.44 0.00082186
21.45 0.000825321
21.46 0.000826402
21.47 0.000825017
21.48 0.000820888
21.49 0.000813707
21.5 0.000803325
21.51 0.000789844
21.52 0.000773606
21.53 0.000755131
21.54 0.000735051
21.55 0.00071403
21.56 0.000692634
21.57 0.000671171
21.58 0.000649576
21.59 0.00062743
21.6 0.000604121
21.61 0.000579097
21.62 0.000552117
21.63 0.000523369
21.64 0.000493389
21.65 0.000462821
21.66 0.000432144
21.67 0.000401516
21.68 0.000370791
21.69 0.000339674
21.7 0.000307877
21.71 0.000275176
21.72 0.000241388
21.73 0.000206363
21.74 0.000170071
21.75 0.000132708
21.76 9.47125e-05
21.77 5.6641e-05
21.78 1.89746e-05
21.79 -1.79798e-05
21.8 -5.40203e-05
21.81 -8.88759e-05
21.82 -0.000122094
21.83 -0.000153119
21.84 -0.000181532
21.85 -0.000207247
21.86 -0.000230501
21.87 -0.000251622
21.88 -0.000270724
21.89 -0.000287521
21.9 -0.000301372
21.91 -0.00031151
21.92 -0.000317352
21.93 -0.000318728
21.94 -0.00031594
21.95 -0.000309646
21.96 -0.000300632
21.97 -0.000289616
21.98 -0.000277148
21.99 -0.000263649
22 -0.000249492
22.01 -0.000235049
22.02 -0.000220646
22.03 -0.000206483
22.04 -0.000192586
22.05 -0.000178837
22.06 -0.000165073
22.07 -0.000151212
22.08 -0.000137394
22.09 -0.000124102
22.1 -0.000112203
22.11 -0.000102822
22.12 -9.70163e-05
22.13 -9.53958e-05
22.14 -9.79161e-05
22.15 -0.000103976
22.16 -0.00011274
22.17 -0.000123454
22.18 -0.000135593
22.19 -0.000148855
22.2 -0.000163153
22.21 -0.000178662
22.22 -0.000195844
22.23 -0.000215319
22.24 -0.000237583
22.25 -0.000262687
22.26 -0.000290105
22.27 -0.000318869
22.28 -0.000347883
22.29 -0.000376202
22.3 -0.00040311
22.31 -0.000428011
22.32 -0.00045028
22.33 -0.000469253
22.34 -0.000484415
22.35 -0.000495644
22.36 -0.000503331
22.37 -0.000508259
22.38 -0.000511306
22.39 -0.00051315
22.4 -0.000514136
22.41 -0.000514348
22.42 -0.00051376
22.43 -0.000512347
22.44 -0.000510092
22.45 -0.000506996
22.46 -0.000503129
22.47 -0.000498725
22.48 -0.0004942
22.49 -0.000490035
22.5 -0.000486561
22.51 -0.000483736
22.52 -0.000481057
22.53 -0.000477671
22.54 -0.000472679
22.55 -0.000465469
22.56 -0.000455879
22.57 -0.000444097
22.58 -0.000430427
22.59 -0.000415088
22.6 -0.000398152
22.61 -0.000379572
22.62 -0.000359247
22.63 -0.000337068
22.64 -0.000312952
22.65 -0.000286866
22.66 -0.00025884
22.67 -0.000228935
22.68 -0.000197169
22.69 -0.0001634
22.7 -0.000127278
22.71 -8.83141e-05
22.72 -4.60613e-05
22.73 -2.95969e-07
22.74 4.88827e-05
22.75 0.000101068
22.76 0.000155644
22.77 0.00021193
22.78 0.000269347
22.79 0.000327556
22.8 0.000386514
22.81 0.000446379
22.82 0.000507261
22.83 0.000568868
22.84 0.000630207
22.85 0.000689516
22.86 0.000744552
22.87 0.000793162
22.88 0.00083392
22.89 0.000866532
22.9 0.000891843
22.91 0.000911458
22.92 0.000927139
22.93 0.000940245
22.94 0.00095142
22.95 0.000960605
22.96 0.000967296
22.97 0.000970915
22.98 0.000971121
22.99 0.000967961
23 0.000961838
23.01 0.000953309
23.02 0.000942867
23.03 0.000930788
23.04 0.000917089
23.05 0.000901585
23.06 0.000883993
23.07 0.000864074
23.08 0.000841752
23.09 0.000817155
23.1 0.000790556
23.11 0.000762253
23.12 0.000732473
23.13 0.000701326
23.14 0.000668811
23.15 0.000634811
23.16 0.000599079
23.17 0.000561266
23.18 0.000521034
23.19 0.000478229
23.2 0.000433008
23.21 0.000385813
23.22 0.000337174
23.23 0.00028745
23.24 0.000236648
23.25 0.000184426
23.26 0.000130268
23.27 7.37007e-05
23.28 1.44653e-05
23.29 -4.74086e-05
23.3 -0.000111604
23.31 -0.000177586
23.32 -0.000244731
23.33 -0.000312499
23.34 -0.00038055
23.35 -0.00044869
23.36 -0.000516603
23.37 -0.000583468
23.38 -0.000647712
23.39 -0.000707131
23.4 -0.000759444
23.41 -0.000803061
23.42 -0.000837679
23.43 -0.000864397
23.44 -0.000885303
23.45 -0.000902745
23.46 -0.000918612
23.47 -0.000933854
23.48 -0.000948356
23.49 -0.000961143
23.5 -0.000970848
23.51 -0.000976274
23.52 -0.000976854
23.53 -0.000972798
23.54 -0.000964878
23.55 -0.000953984
23.56 -0.000940727
23.57 -0.000925282
23.58 -0.000907495
23.59 -0.000887123
23.6 -0.000864012
23.61 -0.000838163
23.62 -0.000809718
23.63 -0.000778969
23.64 -0.000746372
23.65 -0.000712481
23.66 -0.000677751
23.67 -0.000642305
23.68 -0.000605828
23.69 -0.000567692
23.7 -0.000527265
23.71 -0.000484228
23.72 -0.000438752
23.73 -0.000391448
23.74 -0.000343134
23.75 -0.00029452
23.76 -0.000245943
23.77 -0.000197255
23.78 -0.00014789
23.79 -9.70864e-05
23.8 -4.41873e-05
23.81 1.10819e-05
23.82 6.84626e-05
23.83 0.000127188
23.84 0.000186177
23.85 0.000244321
23.86 0.000300726
23.87 0.000354791
23.88 0.000406061
23.89 0.000453963
23.9 0.000497608
23.91 0.000535839
23.92 0.000567545
23.93 0.000592054
23.94 0.000609414
23.95 0.000620429
23.96 0.000626462
23.97 0.000629112
23.98 0.000629839
23.99 0.000629668
24 0.000629021
24.01 0.000627751
24.02 0.000625378
24.03 0.00062145
24.04 0.000615861
24.05 0.000608974
24.06 0.000601464
24.07 0.000593973
24.08 0.000586752
24.09 0.000579514
24.1 0.000571577
24.11 0.000562233
24.12 0.000551126
24.13 0.000538433
24.14 0.000524723
24.15 0.000510599
24.16 0.000496333
24.17 0.00048174
24.18 0.000466352
24.19 0.000449733
24.2 0.000431745
24.21 0.000412612
24.22 0.000392812
24.23 0.000372844
24.24 0.000353023
24.25 0.000333342
24.26 0.00031347
24.27 0.000292842
24.28 0.000270843
24.29 0.000247025
24.3 0.000221297
24.31 0.000194004
24.32 0.000165815
24.33 0.00013746
24.34 0.000109422
24.35 8.17478e-05
24.36 5.40705e-05
24.37 2.5827e-05
24.38 -3.463e-06
24.39 -3.39981e-05
24.4 -6.56467e-05
24.41 -9.80219e-05
24.42 -0.00013062
24.43 -0.000162976
24.44 -0.000194799
24.45 -0.000226034
24.46 -0.000256826
24.47 -0.000287392
24.48 -0.000317867
24.49 -0.000348184
24.5 -0.000378053
24.51 -0.000407049
24.52 -0.00043479
24.53 -0.000461098
24.54 -0.000486042
24.55 -0.000509847
24.56 -0.000532727
24.57 -0.000554774
24.58 -0.000575937
24.59 -0.000596111
24.6 -0.00061521
24.61 -0.000633183
24.62 -0.000649944
24.63 -0.000665299
24.64 -0.000678941
24.65 -0.000690549
24.66 -0.000699884
24.67 -0.000706807
24.68 -0.000711194
24.69 -0.000712838
24.7 -0.000711435
24.71 -0.000706672
24.72 -0.000698343
24.73 -0.000686392
24.74 -0.000670898
24.75 -0.00065203
24.76 -0.00063005
24.77 -0.000605351
24.78 -0.000578442
24.79 -0.000549793
24.8 -0.000519569
24.81 -0.000487441
24.82 -0.000452673
24.83 -0.000414495
24.84 -0.000372511
24.85 -0.000326886
24.86 -0.000278187
24.87 -0.000227012
24.88 -0.000173668
24.89 -0.000118086
24.9 -5.99659e-05
24.91 9.88183e-07
24.92 6.49219e-05
24.93 0.00013182
24.94 0.000201574
24.95 0.000274022
24.96 0.000348897
24.97 0.000425691
24.98 0.000503513
24.99 0.00058101
25 0.000656384
25.01 0.000727493
25.02 0.000792049
25.03 0.000847915
25.04 0.000893505
25.05 0.000928178
25.06 0.000952459
25.07 0.00096793
25.08 0.000976781
25.09 0.000981167
25.1 0.000982634
25.11 0.000981806
25.12 0.00097841
25.13 0.000971604
25.14 0.000960448
25.15 0.000944377
25.16 0.000923499
25.17 0.000898583
25.18 0.00087073
25.19 0.000840874
25.2 0.000809397
25.21 0.000776071
25.22 0.000740341
25.23 0.000701727
25.24 0.000660079
25.25 0.000615572
25.26 0.000568521
25.27 0.000519192
25.28 0.000467686
25.29 0.000413917
25.3 0.000357595
25.31 0.000298261
25.32 0.000235408
25.33 0.000168718
25.34 9.83195e-05
25.35 2.48447e-05
25.36 -5.08066e-05
25.37 -0.000127911
25.38 -0.000206294
25.39 -0.000286366
25.4 -0.000368754
25.41 -0.000453705
25.42 -0.000540564
25.43 -0.000627548
25.44 -0.000711841
25.45 -0.000789915
25.46 -0.000858001
25.47 -0.000912758
25.48 -0.000952137
25.49 -0.000976219
25.5 -0.000987535
25.51 -0.00099047
25.52 -0.000989835
25.53 -0.000989263
25.54 -0.000990207
25.55 -0.000991936
25.56 -0.000992369
25.57 -0.000989244
25.58 -0.000981116
25.59 -0.000967838
25.6 -0.000950448
25.61 -0.000930577
25.62 -0.000909692
25.63 -0.000888485
25.64 -0.00086666
25.65 -0.000843166
25.66 -0.00081674
25.67 -0.000786506
25.68 -0.00075236
25.69 -0.000715025
25.7 -0.000675757
25.71 -0.000635852
25.72 -0.000596133
25.73 -0.000556633
25.74 -0.000516592
25.75 -0.000474759
25.76 -0.000429883
25.77 -0.000381181
25.78 -0.000328597
25.79 -0.000272755
25.8 -0.000214643
25.81 -0.00015518
25.82 -9.48702e-05
25.83 -3.36582e-05
25.84 2.89813e-05
25.85 9.37974e-05
25.86 0.000161447
25.87 0.000232216
25.88 0.00030586
25.89 0.000381594
25.9 0.000458183
25.91 0.000534066
25.92 0.000607463
25.93 0.000676497
25.94 0.000739347
25.95 0.000794437
25.96 0.000840664
25.97 0.00087765
25.98 0.000905941
25.99 0.000927012
26 0.000942948
26.01 0.00095589
26.02 0.000967447
26.03 0.000978337
26.04 0.00098836
26.05 0.000996683
26.06 0.00100231
26.07 0.00100454
26.08 0.00100325
26.09 0.000998877
26.1 0.000992175
26.11 0.000983819
26.12 0.000974103
26.13 0.000962846
26.14 0.000949546
26.15 0.00093371
26.16 0.00091519
26.17 0.00089434
26.18 0.000871905
26.19 0.000848691
26.2 0.000825215
26.21 0.000801552
26.22 0.000777416
26.23 0.000752364
26.24 0.000725994
26.25 0.000698072
26.26 0.000668605
26.27 0.000637873
26.28 0.000606383
26.29 0.000574728
26.3 0.000543373
26.31 0.000512475
26.32 0.000481835
26.33 0.000450991
26.34 0.000419383
26.35 0.000386513
26.36 0.000352033
26.37 0.000315793
26.38 0.000277839
26.39 0.00023838
26.4 0.00019774
26.41 0.000156279
26.42 0.000114301
26.43 7.19695e-05
26.44 2.9262e-05
26.45 -1.39812e-05
26.46 -5.79646e-05
26.47 -0.000102863
26.48 -0.000148792
26.49 -0.000195798
26.5 -0.000243831
26.51 -0.000292718
26.52 -0.000342177
26.53 -0.000391883
26.54 -0.000441552
26.55 -0.000491014
26.56 -0.000540216
26.57 -0.000589187
26.58 -0.000637997
26.59 -0.000686727
26.6 -0.000735445
26.61 -0.000784152
26.62 -0.000832706
26.63 -0.000880767
26.64 -0.000927787
26.65 -0.00097305
26.66 -0.00101573
26.67 -0.00105499
26.68 -0.00109008
26.69 -0.00112045
26.7 -0.00114588
26.71 -0.0011664
26.72 -0.00118231
26.73 -0.00119392
26.74 -0.00120153
26.75 -0.0012053
26.76 -0.00120524
26.77 -0.00120131
26.78 -0.00119352
26.79 -0.00118196
26.8 -0.00116693
26.81 -0.00114892
26.82 -0.00112852
26.83 -0.00110629
26.84 -0.00108262
26.85 -0.00105761
26.86 -0.0010311
26.87 -0.00100278
26.88 -0.000972412
26.89 -0.000939915
26.9 -0.000905384
26.91 -0.00086904
26.92 -0.00083115
26.93 -0.00079198
26.94 -0.000751755
26.95 -0.000710618
26.96 -0.000668586
26.97 -0.000625517
26.98 -0.000581123
26.99 -0.000535039
27 -0.000486934
27.01 -0.000436617
27.02 -0.000384085
27.03 -0.000329483
27.04 -0.000273018
27.05 -0.000214865
27.06 -0.000155109
27.07 -9.37461e-05
27.08 -3.07241e-05
27.09 3.39968e-05
27.1 0.000100395
27.11 0.000168369
27.12 0.000237732
27.13 0.000308195
27.14 0.000379285
27.15 0.000450194
27.16 0.000519639
27.17 0.000585802
27.18 0.000646459
27.19 0.000699297
27.2 0.000742397
27.21 0.000774735
27.22 0.000796523
27.23 0.000809219
27.24 0.000815164
27.25 0.000816931
27.26 0.00081662
27.27 0.000815327
27.28 0.000813008
27.29 0.000808735
27.3 0.000801235
27.31 0.000789498
27.32 0.000773213
27.33 0.000752906
27.34 0.000729714
27.35 0.000704927
27.36 0.000679491
27.37 0.000653686
27.38 0.000627113
27.39 0.000598986
27.4 0.000568578
27.41 0.000535625
27.42 0.000500489
27.43 0.000464025
27.44 0.000427225
27.45 0.00039079
27.46 0.000354843
27.47 0.000318894
27.48 0.000282082
27.49 0.00024359
27.5 0.000203036
27.51 0.000160678
27.52 0.000117326
27.53 7.40648e-05
27.54 3.19153e-05
27.55 -8.42601e-06
27.56 -4.67104e-05
27.57 -8.3103e-05
27.58 -0.000117999
27.59 -0.000151739
27.6 -0.000184309
27.61 -0.000215159
27.62 -0.00024323
27.63 -0.000267204
27.64 -0.000285896
27.65 -0.000298631
27.66 -0.000305428
27.67 -0.000306897
27.68 -0.000303901
27.69 -0.00029717
27.7 -0.000287045
27.71 -0.000273511
27.72 -0.000256458
27.73 -0.000235999
27.74 -0.000212606
27.75 -0.000187005
27.76 -0.000159916
27.77 -0.000131825
27.78 -0.000102887
27.79 -7.29745e-05
27.8 -4.18238e-05
27.81 -9.21142e-06
27.82 2.48819e-05
27.83 6.01572e-05
27.84 9.59678e-05
27.85 0.000131399
27.86 0.000165442
27.87 0.000197211
27.88 0.000226112
27.89 0.000251888
27.9 0.000274534
27.91 0.000294138
27.92 0.000310744
27.93 0.000324328
27.94 0.000334851
27.95 0.00034235
27.96 0.000346997
27.97 0.000349114
27.98 0.000349138
27.99 0.000347582
28 0.000344964
28.01 0.000341715
28.02 0.000338085
28.03 0.000334108
28.04 0.000329674
28.05 0.000324714
28.06 0.000319369
28.07 0.000314046
28.08 0.000309288
28.09 0.000305556
28.1 0.00030305
28.11 0.000301654
28.12 0.000301018
28.13 0.000300722
28.14 0.000300461
28.15 0.000300202
28.16 0.000300233
28.17 0.000301061
28.18 0.000303157
28.19 0.00030666
28.2 0.00031123
28.21 0.000316132
28.22 0.000320518
28.23 0.000323712
28.24 0.000325378
28.25 0.000325507
28.26 0.00032428
28.27 0.000321893
28.28 0.000318421
28.29 0.000313762
28.3 0.00030767
28.31 0.000299801
28.32 0.000289781
28.33 0.000277282
28.34 0.000262137
28.35 0.000244413
28.36 0.00022441
28.37 0.000202566
28.38 0.000179336
28.39 0.000155092
28.4 0.000130097
28.41 0.000104502
28.42 7.83458e-05
28.43 5.15542e-05
28.44 2.39978e-05
28.45 -4.36855e-06
28.46 -3.33554e-05
28.47 -6.2481e-05
28.48 -9.10655e-05
28.49 -0.000118432
28.5 -0.000144083
28.51 -0.000167731
28.52 -0.000189169
28.53 -0.000208086
28.54 -0.000223993
28.55 -0.000236296
28.56 -0.000244457
28.57 -0.000248146
28.58 -0.000247322
28.59 -0.00024225
28.6 -0.000233448
28.61 -0.000221567
28.62 -0.000207237
28.63 -0.00019094
28.64 -0.000172942
28.65 -0.000153308
28.66 -0.000131988
28.67 -0.000108949
28.68 -8.42995e-05
28.69 -5.83668e-05
28.7 -3.16512e-05
28.71 -4.71726e-06
28.72 2.18995e-05
28.73 4.7719e-05
28.74 7.2301e-05
28.75 9.52342e-05
28.76 0.000116139
28.77 0.000134655
28.78 0.000150401
28.79 0.000162937
28.8 0.00017176
28.81 0.000176353
28.82 0.000176243
28.83 0.000171083
28.84 0.000160739
28.85 0.000145357
28.86 0.00012536
28.87 0.000101376
28.88 7.4084e-05
28.89 4.40662e-05
28.9 1.17244e-05
28.91 -2.27035e-05
28.92 -5.90578e-05
28.93 -9.71596e-05
28.94 -0.000136757
28.95 -0.000177531
28.96 -0.000219131
28.97 -0.000261205
28.98 -0.000303367
28.99 -0.000345102
29 -0.000385651
29.01 -0.000423962
29.02 -0.000458775
29.03 -0.000488817
29.04 -0.000513057
29.05 -0.000530917
29.06 -0.000542398
29.07 -0.000548066
29.08 -0.000548917
29.09 -0.000546113
29.1 -0.00054067
29.11 -0.000533214
29.12 -0.000523923
29.13 -0.000512677
29.14 -0.000499307
29.15 -0.000483787
29.16 -0.000466263
29.17 -0.000446938
29.18 -0.000425943
29.19 -0.000403288
29.2 -0.000378925
29.21 -0.000352862
29.22 -0.000325238
29.23 -0.000296311
29.24 -0.00026637
29.25 -0.000235655
29.26 -0.000204329
29.27 -0.000172485
29.28 -0.000140162
29.29 -0.000107347
29.3 -7.39804e-05
29.31 -3.99932e-05
29.32 -5.37924e-06
29.33 2.972e-05
29.34 6.49716e-05
29.35 9.98951e-05
29.36 0.000133982
29.37 0.000166811
29.38 0.000198079
29.39 0.000227541
29.4 0.000254943
29.41 0.000280025
29.42 0.000302594
29.43 0.000322599
29.44 0.000340135
29.45 0.000355348
29.46 0.000368349
29.47 0.000379186
29.48 0.000387889
29.49 0.000394523
29.5 0.000399171
29.51 0.000401863
29.52 0.000402508
29.53 0.000400904
29.54 0.000396829
29.55 0.000390169
29.56 0.000380982
29.57 0.0003695
29.58 0.000356044
29.59 0.000340918
29.6 0.000324299
29.61 0.000306175
29.62 0.000286348
29.63 0.00026453
29.64 0.000240496
29.65 0.000214216
29.66 0.000185865
29.67 0.000155709
29.68 0.00012396
29.69 9.07205e-05
29.7 5.60491e-05
29.71 2.00644e-05
29.72 -1.69994e-05
29.73 -5.48347e-05
29.74 -9.31574e-05
29.75 -0.000131774
29.76 -0.000170551
29.77 -0.000209298
29.78 -0.000247639
29.79 -0.000284978
29.8 -0.000320566
29.81 -0.000353636
29.82 -0.000383526
29.83 -0.000409728
29.84 -0.000431877
29.85 -0.000449704
29.86 -0.000463016
29.87 -0.000471698
29.88 -0.000475717
29.89 -0.000475108
29.9 -0.000469952
29.91 -0.000460377
29.92 -0.00044657
29.93 -0.000428814
29.94 -0.000407501
29.95 -0.00038309
29.96 -0.000356017
29.97 -0.000326588
29.98 -0.000294939
29.99 -0.000261081
30 -0.000225026
30.01 -0.000186904
30.02 -0.000146997
30.03 -0.000105658
30.04 -6.31662e-05
30.05 -1.96441e-05
30.06 2.49099e-05
30.07 7.04762e-05
30.08 0.000116861
30.09 0.000163614
30.1 0.000210043
30.11 0.000255289
30.12 0.00029843
30.13 0.000338573
30.14 0.000374947
30.15 0.00040696
30.16 0.000434189
30.17 0.000456338
30.18 0.000473222
30.19 0.000484805
30.2 0.000491255
30.21 0.000492945
30.22 0.000490376
30.23 0.000484078
30.24 0.00047454
30.25 0.000462189
30.26 0.000447415
30.27 0.000430566
30.28 0.000411916
30.29 0.000391629
30.3 0.000369753
30.31 0.000346263
30.32 0.000321134
30.33 0.000294395
30.34 0.000266161
30.35 0.000236609
30.36 0.000205944
30.37 0.000174347
30.38 0.00014195
30.39 0.000108846
30.4 7.51421e-05
30.41 4.09822e-05
30.42 6.51804e-06
30.43 -2.81317e-05
30.44 -6.28858e-05
30.45 -9.76519e-05
30.46 -0.000132265
30.47 -0.000166471
30.48 -0.00019997
30.49 -0.000232502
30.5 -0.000263896
30.51 -0.000294077
30.52 -0.00032301
30.53 -0.000350651
30.54 -0.000376927
30.55 -0.00040178
30.56 -0.000425255
30.57 -0.000447552
30.58 -0.000468969
30.59 -0.000489779
30.6 -0.000510107
30.61 -0.0005299
30.62 -0.000548982
30.63 -0.000567141
30.64 -0.0005842
30.65 -0.000600071
30.66 -0.000614804
30.67 -0.000628589
30.68 -0.000641663
30.69 -0.000654142
30.7 -0.000665887
30.71 -0.000676495
30.72 -0.000685432
30.73 -0.000692225
30.74 -0.000696616
30.75 -0.000698608
30.76 -0.000698402
30.77 -0.000696255
30.78 -0.000692336
30.79 -0.000686662
30.8 -0.000679114
30.81 -0.000669519
30.82 -0.000657733
30.83 -0.000643706
30.84 -0.000627488
30.85 -0.000609217
30.86 -0.000589086
30.87 -0.00056727
30.88 -0.000543844
30.89 -0.000518743
30.9 -0.000491799
30.91 -0.000462843
30.92 -0.000431794
30.93 -0.000398682
30.94 -0.000363577
30.95 -0.000326506
30.96 -0.000287377
30.97 -0.000245999
30.98 -0.00020216
30.99 -0.000155741
31 -0.000106791
31.01 -5.55122e-05
31.02 -2.17066e-06
31.03 5.30234e-05
31.04 0.00011
31.05 0.000168824
31.06 0.000229599
31.07 0.00029232
31.08 0.000356735
31.09 0.000422262
31.1 0.00048798
31.11 0.000552699
31.12 0.000615073
31.13 0.00067373
31.14 0.000727401
31.15 0.000775054
31.16 0.00081603
31.17 0.000850176
31.18 0.000877907
31.19 0.000900122
31.2 0.00091795
31.21 0.000932401
31.22 0.000944083
31.23 0.0009531
31.24 0.000959192
31.25 0.000962026
31.26 0.00096149
31.27 0.00095782
31.28 0.000951523
31.29 0.000943145
31.3 0.000933045
31.31 0.000921308
31.32 0.000907817
31.33 0.00089241
31.34 0.000874996
31.35 0.000855582
31.36 0.00083422
31.37 0.000810982
31.38 0.000785982
31.39 0.000759408
31.4 0.000731495
31.41 0.000702432
31.42 0.000672269
31.43 0.000640896
31.44 0.000608131
31.45 0.000573843
31.46 0.000538047
31.47 0.000500896
31.48 0.000462596
31.49 0.000423317
31.5 0.000383137
31.51 0.000342051
31.52 0.000300016
31.53 0.00025698
31.54 0.000212901
31.55 0.000167741
31.56 0.000121484
31.57 7.41834e-05
31.58 2.59847e-05
31.59 -2.28998e-05
31.6 -7.226e-05
31.61 -0.000121939
31.62 -0.000171818
31.63 -0.000221726
31.64 -0.000271336
31.65 -0.000320095
31.66 -0.000367249
31.67 -0.000411932
31.68 -0.000453292
31.69 -0.000490615
31.7 -0.00052344
31.71 -0.000551637
31.72 -0.000575425
31.73 -0.000595313
31.74 -0.000611962
31.75 -0.000626034
31.76 -0.00063809
31.77 -0.000648547
31.78 -0.000657679
31.79 -0.000665635
31.8 -0.000672467
31.81 -0.000678176
31.82 -0.000682769
31.83 -0.000686294
31.84 -0.000688856
31.85 -0.000690583
31.86 -0.000691543
31.87 -0.000691661
31.88 -0.000690691
31.89 -0.000688313
31.9 -0.000684269
31.91 -0.000678468
31.92 -0.000670982
31.93 -0.000661942
31.94 -0.000651421
31.95 -0.000639353
31.96 -0.000625548
31.97 -0.000609773
31.98 -0.000591866
31.99 -0.000571805
32 -0.000549713
32.01 -0.000525785
32.02 -0.00050021
32.03 -0.00047311
32.04 -0.000444516
32.05 -0.000414396
32.06 -0.000382685
32.07 -0.000349306
32.08 -0.000314144
32.09 -0.000277035
32.1 -0.000237776
32.11 -0.000196194
32.12 -0.000152222
32.13 -0.000105938
32.14 -5.75672e-05
32.15 -7.41922e-06
32.16 4.42149e-05
32.17 9.71743e-05
32.18 0.000151463
32.19 0.000207161
32.2 0.000264245
32.21 0.000322444
32.22 0.000381184
32.23 0.000439647
32.24 0.000496864
32.25 0.000551784
32.26 0.000603329
32.27 0.000650458
32.28 0.000692291
32.29 0.000728224
32.3 0.000758011
32.31 0.000781769
32.32 0.000799949
32.33 0.00081326
32.34 0.000822536
32.35 0.000828549
32.36 0.000831841
32.37 0.000832683
32.38 0.000831142
32.39 0.000827218
32.4 0.000820937
32.41 0.000812389
32.42 0.000801731
32.43 0.000789173
32.44 0.00077495
32.45 0.000759279
32.46 0.000742299
32.47 0.000724027
32.48 0.000704361
32.49 0.000683145
32.5 0.000660254
32.51 0.000635667
32.52 0.000609476
32.53 0.00058184
32.54 0.000552908
32.55 0.000522748
32.56 0.000491335
32.57 0.000458586
32.58 0.000424416
32.59 0.00038877
32.6 0.000351616
32.61 0.000312925
32.62 0.000272665
32.63 0.000230812
32.64 0.000187375
32.65 0.000142419
32.66 9.60781e-05
32.67 4.85316e-05
32.68 -5.2936e-08
32.69 -4.95661e-05
32.7 -9.99619e-05
32.71 -0.00015122
32.72 -0.000203287
32.73 -0.000256019
32.74 -0.000309127
32.75 -0.000362135
32.76 -0.00041437
32.77 -0.000464995
32.78 -0.000513088
32.79 -0.00055776
32.8 -0.000598285
32.81 -0.000634228
32.82 -0.0006655
32.83 -0.000692343
32.84 -0.000715211
32.85 -0.000734636
32.86 -0.000751095
32.87 -0.000764948
32.88 -0.000776419
32.89 -0.000785617
32.9 -0.000792575
32.91 -0.0007973
32.92 -0.000799803
32.93 -0.000800103
32.94 -0.000798217
32.95 -0.000794154
32.96 -0.000787929
32.97 -0.000779576
32.98 -0.000769147
32.99 -0.000756688
33 -0.000742211
33.01 -0.000725692
33.02 -0.000707104
33.03 -0.000686465
33.04 -0.00066387
33.05 -0.000639456
33.06 -0.000613329
33.07 -0.000585499
33.08 -0.000555887
33.09 -0.000524376
33.1 -0.000490889
33.11 -0.000455444
33.12 -0.000418156
33.13 -0.000379211
33.14 -0.000338798
33.15 -0.000297035
33.16 -0.000253917
33.17 -0.00020931
33.18 -0.000163011
33.19 -0.000114858
33.2 -6.48267e-05
33.21 -1.30664e-05
33.22 4.01374e-05
33.23 9.44462e-05
33.24 0.000149539
33.25 0.000205136
33.26 0.000260966
33.27 0.000316682
33.28 0.000371777
33.29 0.000425515
33.3 0.000476945
33.31 0.000524975
33.32 0.000568507
33.33 0.000606589
33.34 0.000638557
33.35 0.000664147
33.36 0.000683558
33.37 0.000697426
33.38 0.000706687
33.39 0.000712364
33.4 0.000715322
33.41 0.000716109
33.42 0.000714921
33.43 0.000711708
33.44 0.000706348
33.45 0.00069882
33.46 0.000689283
33.47 0.000678047
33.48 0.000665459
33.49 0.000651775
33.5 0.000637083
33.51 0.000621313
33.52 0.000604319
33.53 0.00058599
33.54 0.000566319
33.55 0.000545419
33.56 0.000523482
33.57 0.00050069
33.58 0.000477155
33.59 0.000452881
33.6 0.000427781
33.61 0.000401733
33.62 0.000374626
33.63 0.000346416
33.64 0.000317141
33.65 0.000286932
33.66 0.000255963
33.67 0.000224395
33.68 0.0001923
33.69 0.000159648
33.7 0.000126339
33.71 9.22782e-05
33.72 5.7455e-05
33.73 2.19669e-05
33.74 -1.39988e-05
33.75 -5.02148e-05
33.76 -8.64642e-05
33.77 -0.00012257
33.78 -0.000158402
33.79 -0.000193856
33.8 -0.000228825
33.81 -0.000263163
33.82 -0.00029666
33.83 -0.00032904
33.84 -0.000359982
33.85 -0.000389169
33.86 -0.000416341
33.87 -0.000441336
33.88 -0.000464108
33.89 -0.000484707
33.9 -0.000503233
33.91 -0.000519781
33.92 -0.000534415
33.93 -0.000547164
33.94 -0.000558042
33.95 -0.000567074
33.96 -0.000574309
33.97 -0.000579822
33.98 -0.000583707
33.99 -0.000586063
34 -0.000586974
34.01 -0.000586502
34.02 -0.00058468
34.03 -0.000581516
34.04 -0.000577008
34.05 -0.000571156
34.06 -0.000563975
34.07 -0.000555483
34.08 -0.000545698
34.09 -0.000534629
34.1 -0.000522281
34.11 -0.000508659
34.12 -0.000493774
34.13 -0.000477637
34.14 -0.000460252
34.15 -0.000441624
34.16 -0.000421761
34.17 -0.000400684
34.18 -0.000378428
34.19 -0.000355034
34.2 -0.000330538
34.21 -0.000304965
34.22 -0.000278324
34.23 -0.000250621
34.24 -0.00022186
34.25 -0.000192058
34.26 -0.000161241
34.27 -0.000129453
34.28 -9.67585e-05
34.29 -6.32422e-05
34.3 -2.9007e-05
34.31 5.83271e-06
34.32 4.11558e-05
34.33 7.68346e-05
34.34 0.000112728
34.35 0.000148671
34.36 0.000184467
34.37 0.000219884
34.38 0.000254655
34.39 0.000288483
34.4 0.000321056
34.41 0.000352051
34.42 0.000381153
34.43 0.000408076
34.44 0.000432576
34.45 0.000454476
34.46 0.000473674
34.47 0.000490151
34.48 0.000503964
34.49 0.000515231
34.5 0.000524112
34.51 0.000530779
34.52 0.000535403
34.53 0.000538129
34.54 0.000539078
34.55 0.000538345
34.56 0.000536013
34.57 0.000532163
34.58 0.000526873
34.59 0.000520226
34.6 0.0005123
34.61 0.000503165
34.62 0.000492878
34.63 0.000481482
34.64 0.000469006
34.65 0.000455474
34.66 0.000440908
34.67 0.000425332
34.68 0.000408774
34.69 0.000391262
34.7 0.000372825
34.71 0.000353483
34.72 0.000333257
34.73 0.00031216
34.74 0.000290209
34.75 0.000267425
34.76 0.000243837
34.77 0.00021948
34.78 0.000194395
34.79 0.000168627
34.8 0.00014222
34.81 0.000115217
34.82 8.76646e-05
34.83 5.96127e-05
34.84 3.11203e-05
34.85 2.25925e-06
34.86 -2.68839e-05
34.87 -5.62068e-05
34.88 -8.5593e-05
34.89 -0.000114913
34.9 -0.000144026
34.91 -0.000172781
34.92 -0.000201018
34.93 -0.000228566
34.94 -0.000255244
34.95 -0.000280868
34.96 -0.000305251
34.97 -0.000328212
34.98 -0.000349584
34.99 -0.000369221
35 -0.000387009
35.01 -0.000402868
35.02 -0.000416759
35.03 -0.000428676
35.04 -0.000438636
35.05 -0.00044667
35.06 -0.000452823
35.07 -0.000457157
35.08 -0.000459747
35.09 -0.000460681
35.1 -0.000460048
35.11 -0.000457931
35.12 -0.000454404
35.13 -0.000449532
35.14 -0.000443372
35.15 -0.000435976
35.16 -0.000427393
35.17 -0.00041767
35.18 -0.000406851
35.19 -0.000394976
35.2 -0.000382085
35.21 -0.000368214
35.22 -0.000353399
35.23 -0.00033767
35.24 -0.000321056
35.25 -0.000303586
35.26 -0.00028529
35.27 -0.000266203
35.28 -0.000246358
35.29 -0.000225791
35.3 -0.000204539
35.31 -0.000182637
35.32 -0.000160123
35.33 -0.000137038
35.34 -0.000113425
35.35 -8.93358e-05
35.36 -6.48284e-05
35.37 -3.99667e-05
35.38 -1.48219e-05
35.39 1.05283e-05
35.4 3.60002e-05
35.41 6.15035e-05
35.42 8.69418e-05
35.43 0.000112211
35.44 0.0001372
35.45 0.000161789
35.46 0.00018585
35.47 0.000209252
35.48 0.000231856
35.49 0.000253529
35.5 0.000274136
35.51 0.000293551
35.52 0.000311659
35.53 0.000328358
35.54 0.000343565
35.55 0.000357215
35.56 0.000369264
35.57 0.00037969
35.58 0.00038849
35.59 0.000395678
35.6 0.000401282
35.61 0.00040534
35.62 0.000407896
35.63 0.000408997
35.64 0.000408695
35.65 0.000407039
35.66 0.000404081
35.67 0.000399869
35.68 0.000394455
35.69 0.000387885
35.7 0.000380206
35.71 0.000371461
35.72 0.00036169
35.73 0.000350929
35.74 0.000339212
35.75 0.000326572
35.76 0.000313041
35.77 0.00029865
35.78 0.000283431
35.79 0.000267418
35.8 0.000250643
35.81 0.000233141
35.82 0.000214948
35.83 0.000196099
35.84 0.000176634
35.85 0.000156591
35.86 0.000136014
35.87 0.000114947
35.88 9.34398e-05
35.89 7.15445e-05
35.9 4.93179e-05
35.91 2.68217e-05
35.92 4.12233e-06
35.93 -1.87081e-05
35.94 -4.15917e-05
35.95 -6.44443e-05
35.96 -8.71761e-05
35.97 -0.000109691
35.98 -0.000131889
35.99 -0.000153665
36 -0.000174911
36.01 -0.000195516
36.02 -0.00021537
36.03 -0.000234364
36.04 -0.000252393
36.05 -0.000269357
36.06 -0.000285166
36.07 -0.000299738
36.08 -0.000313009
36.09 -0.000324924
36.1 -0.000335447
36.11 -0.000344557
36.12 -0.000352245
36.13 -0.000358518
36.14 -0.000363392
36.15 -0.000366891
36.16 -0.000369046
36.17 -0.000369895
36.18 -0.000369476
36.19 -0.000367829
36.2 -0.000364997
36.21 -0.000361022
36.22 -0.000355945
36.23 -0.000349806
36.24 -0.000342644
36.25 -0.000334497
36.26 -0.000325399
36.27 -0.000315386
36.28 -0.000304491
36.29 -0.000292746
36.3 -0.000280185
36.31 -0.00026684
36.32 -0.000252745
36.33 -0.000237932
36.34 -0.000222436
36.35 -0.00020629
36.36 -0.000189532
36.37 -0.000172196
36.38 -0.000154322
36.39 -0.00013595
36.4 -0.000117121
36.41 -9.7882e-05
36.42 -7.82795e-05
36.43 -5.83655e-05
36.44 -3.81947e-05
36.45 -1.78258e-05
36.46 2.67869e-06
36.47 2.3252e-05
36.48 4.38233e-05
36.49 6.43176e-05
36.5 8.46557e-05
36.51 0.000104755
36.52 0.000124529
36.53 0.000143889
36.54 0.000162743
36.55 0.000181001
36.56 0.000198571
36.57 0.000215362
36.58 0.000231288
36.59 0.000246268
36.6 0.000260227
36.61 0.0002731
36.62 0.000284831
36.63 0.000295375
36.64 0.000304698
36.65 0.000312779
36.66 0.000319606
36.67 0.000325178
36.68 0.000329503
36.69 0.000332595
36.7 0.000334476
36.71 0.000335171
36.72 0.00033471
36.73 0.000333124
36.74 0.000330447
36.75 0.000326713
36.76 0.000321957
36.77 0.000316214
36.78 0.000309519
36.79 0.000301904
36.8 0.000293403
36.81 0.000284048
36.82 0.000273872
36.83 0.000262907
36.84 0.000251184
36.85 0.000238737
36.86 0.000225598
36.87 0.000211801
36.88 0.000197379
36.89 0.000182369
36.9 0.000166807
36.91 0.000150729
36.92 0.000134176
36.93 0.000117187
36.94 9.98053e-05
36.95 8.2076e-05
36.96 6.40464e-05
36.97 4.57664e-05
36.98 2.72892e-05
36.99 8.67066e-06
37 -1.003e-05
37.01 -2.87504e-05
37.02 -4.74252e-05
37.03 -6.59858e-05
37.04 -8.43608e-05
37.05 -0.000102477
37.06 -0.000120257
37.07 -0.000137625
37.08 -0.000154502
37.09 -0.000170811
37.1 -0.000186473
37.11 -0.000201414
37.12 -0.000215563
37.13 -0.000228853
37.14 -0.000241221
37.15 -0.000252615
37.16 -0.000262988
37.17 -0.000272303
37.18 -0.000280529
37.19 -0.000287648
37.2 -0.000293647
37.21 -0.000298524
37.22 -0.000302281
37.23 -0.000304929
37.24 -0.000306483
37.25 -0.000306961
37.26 -0.000306388
37.27 -0.000304787
37.28 -0.000302187
37.29 -0.000298615
37.3 -0.000294102
37.31 -0.000288678
37.32 -0.000282371
37.33 -0.000275213
37.34 -0.000267234
37.35 -0.000258464
37.36 -0.000248934
37.37 -0.000238673
37.38 -0.000227714
37.39 -0.000216088
37.4 -0.000203826
37.41 -0.000190963
37.42 -0.000177531
37.43 -0.000163566
37.44 -0.000149103
37.45 -0.000134179
37.46 -0.000118832
37.47 -0.000103103
37.48 -8.70334e-05
37.49 -7.06668e-05
37.5 -5.40491e-05
37.51 -3.72286e-05
37.52 -2.02559e-05
37.53 -3.18393e-06
37.54 1.39318e-05
37.55 3.10335e-05
37.56 4.80607e-05
37.57 6.49511e-05
37.58 8.16402e-05
37.59 9.80619e-05
37.6 0.000114149
37.61 0.000129833
37.62 0.000145046
37.63 0.000159719
37.64 0.000173788
37.65 0.000187187
37.66 0.000199856
37.67 0.000211737
37.68 0.00022278
37.69 0.000232939
37.7 0.000242173
37.71 0.000250451
37.72 0.000257747
37.73 0.000264044
37.74 0.000269329
37.75 0.000273599
37.76 0.000276855
37.77 0.000279103
37.78 0.000280355
37.79 0.000280625
37.8 0.000279933
37.81 0.000278298
37.82 0.000275743
37.83 0.000272293
37.84 0.000267974
37.85 0.000262812
37.86 0.000256833
37.87 0.000250066
37.88 0.000242538
37.89 0.000234277
37.9 0.000225313
37.91 0.000215674
37.92 0.000205391
37.93 0.000194493
37.94 0.000183013
37.95 0.000170983
37.96 0.000158434
37.97 0.000145402
37.98 0.000131921
37.99 0.000118028
38 0.000103759
38.01 8.9154e-05
38.02 7.42534e-05
38.03 5.90993e-05
38.04 4.37359e-05
38.05 2.82091e-05
38.06 1.25669e-05
38.07 -3.14093e-06
38.08 -1.88624e-05
38.09 -3.45439e-05
38.1 -5.01298e-05
38.11 -6.5563e-05
38.12 -8.07852e-05
38.13 -9.57367e-05
38.14 -0.000110357
38.15 -0.000124587
38.16 -0.000138365
38.17 -0.000151632
38.18 -0.00016433
38.19 -0.000176405
38.2 -0.000187803
38.21 -0.000198475
38.22 -0.000208379
38.23 -0.000217473
38.24 -0.000225724
38.25 -0.000233103
38.26 -0.00023959
38.27 -0.000245166
38.28 -0.000249823
38.29 -0.000253553
38.3 -0.000256359
38.31 -0.000258243
38.32 -0.000259216
38.33 -0.000259288
38.34 -0.000258474
38.35 -0.000256793
38.36 -0.000254264
38.37 -0.000250908
38.38 -0.000246747
38.39 -0.000241806
38.4 -0.000236108
38.41 -0.000229679
38.42 -0.000222545
38.43 -0.000214732
38.44 -0.000206269
38.45 -0.000197182
38.46 -0.000187502
38.47 -0.000177256
38.48 -0.000166477
38.49 -0.000155194
38.5 -0.00014344
38.51 -0.000131247
38.52 -0.000118651
38.53 -0.000105686
38.54 -9.23883e-05
38.55 -7.87961e-05
38.56 -6.49483e-05
38.57 -5.08855e-05
38.58 -3.665e-05
38.59 -2.22853e-05
38.6 -7.83693e-06
38.61 6.6484e-06
38.62 2.11223e-05
38.63 3.55348e-05
38.64 4.98351e-05
38.65 6.39707e-05
38.66 7.78887e-05
38.67 9.15354e-05
38.68 0.000104857
38.69 0.000117799
38.7 0.000130309
38.71 0.000142335
38.72 0.000153825
38.73 0.000164733
38.74 0.000175012
38.75 0.00018462
38.76 0.000193518
38.77 0.000201674
38.78 0.000209057
38.79 0.000215644
38.8 0.000221414
38.81 0.000226352
38.82 0.00023045
38.83 0.000233703
38.84 0.000236108
38.85 0.00023767
38.86 0.000238396
38.87 0.000238294
38.88 0.000237378
38.89 0.000235662
38.9 0.000233164
38.91 0.000229902
38.92 0.000225895
38.93 0.000221165
38.94 0.000215735
38.95 0.000209627
38.96 0.000202866
38.97 0.000195476
38.98 0.000187484
38.99 0.000178916
39 0.000169799
39.01 0.000160161
39.02 0.000150033
39.03 0.000139443
39.04 0.000128422
39.05 0.000117004
39.06 0.000105219
39.07 9.31027e-05
39.08 8.06899e-05
39.09 6.80168e-05
39.1 5.51211e-05
39.11 4.20415e-05
39.12 2.88183e-05
39.13 1.54929e-05
39.14 2.10833e-06
39.15 -1.12914e-05
39.16 -2.46611e-05
39.17 -3.79543e-05
39.18 -5.11236e-05
39.19 -6.41211e-05
39.2 -7.68981e-05
39.21 -8.94057e-05
39.22 -0.000101595
39.23 -0.000113418
39.24 -0.000124826
39.25 -0.000135774
39.26 -0.000146216
39.27 -0.00015611
39.28 -0.000165416
39.29 -0.000174097
39.3 -0.00018212
39.31 -0.000189455
39.32 -0.000196076
39.33 -0.000201962
39.34 -0.000207095
39.35 -0.000211464
39.36 -0.000215058
39.37 -0.000217874
39.38 -0.000219911
39.39 -0.00022117
39.4 -0.000221658
39.41 -0.000221383
39.42 -0.000220356
39.43 -0.00021859
39.44 -0.0002161
39.45 -0.000212904
39.46 -0.000209018
39.47 -0.000204462
39.48 -0.000199258
39.49 -0.000193427
39.5 -0.000186992
39.51 -0.000179975
39.52 -0.000172402
39.53 -0.000164299
39.54 -0.00015569
39.55 -0.000146604
39.56 -0.000137068
39.57 -0.000127112
39.58 -0.000116764
39.59 -0.000106056
39.6 -9.50192e-05
39.61 -8.3686e-05
39.62 -7.20902e-05
39.63 -6.02667e-05
39.64 -4.82511e-05
39.65 -3.60805e-05
39.66 -2.37928e-05
39.67 -1.14273e-05
39.68 9.75865e-07
39.69 1.33755e-05
39.7 2.57294e-05
39.71 3.79947e-05
39.72 5.01278e-05
39.73 6.20847e-05
39.74 7.3821e-05
39.75 8.52924e-05
39.76 9.64547e-05
39.77 0.000107264
39.78 0.000117679
39.79 0.000127657
39.8 0.000137159
39.81 0.000146147
39.82 0.000154585
39.83 0.000162442
39.84 0.000169689
39.85 0.000176297
39.86 0.000182247
39.87 0.000187517
39.88 0.000192094
39.89 0.000195965
39.9 0.000199123
39.91 0.000201563
39.92 0.000203285
39.93 0.000204289
39.94 0.000204581
39.95 0.000204168
39.96 0.000203059
39.97 0.000201266
39.98 0.000198802
39.99 0.000195683
40 0.000191925
40.01 0.000187545
40.02 0.000182564
40.03 0.000177001
40.04 0.000170878
40.05 0.000164216
40.06 0.000157039
40.07 0.000149371
40.08 0.000141237
40.09 0.000132663
40.1 0.000123675
40.11 0.000114303
40.12 0.000104573
40.13 9.4515e-05
40.14 8.41602e-05
40.15 7.35395e-05
40.16 6.26851e-05
40.17 5.16304e-05
40.18 4.04096e-05
40.19 2.90577e-05
40.2 1.76111e-05
40.21 6.10675e-06
40.22 -5.41744e-06
40.23 -1.69227e-05
40.24 -2.83697e-05
40.25 -3.97185e-05
40.26 -5.09285e-05
40.27 -6.19592e-05
40.28 -7.27699e-05
40.29 -8.332e-05
40.3 -9.35694e-05
40.31 -0.000103479
40.32 -0.000113009
40.33 -0.000122125
40.34 -0.000130789
40.35 -0.000138969
40.36 -0.000146632
40.37 -0.000153752
40.38 -0.000160301
40.39 -0.000166257
40.4 -0.000171599
40.41 -0.000176312
40.42 -0.000180381
40.43 -0.000183798
40.44 -0.000186554
40.45 -0.000188645
40.46 -0.000190072
40.47 -0.000190835
40.48 -0.000190939
40.49 -0.00019039
40.5 -0.000189196
40.51 -0.00018737
40.52 -0.000184921
40.53 -0.000181866
40.54 -0.000178218
40.55 -0.000173995
40.56 -0.000169214
40.57 -0.000163894
40.58 -0.000158056
40.59 -0.000151721
40.6 -0.00014491
40.61 -0.000137647
40.62 -0.000129954
40.63 -0.000121858
40.64 -0.000113384
40.65 -0.000104557
40.66 -9.54061e-05
40.67 -8.59584e-05
40.68 -7.62433e-05
40.69 -6.62905e-05
40.7 -5.61309e-05
40.71 -4.5796e-05
40.72 -3.53184e-05
40.73 -2.47314e-05
40.74 -1.4069e-05
40.75 -3.36622e-06
40.76 7.34149e-06
40.77 1.80179e-05
40.78 2.86263e-05
40.79 3.91297e-05
40.8 4.94907e-05
40.81 5.96719e-05
40.82 6.96359e-05
40.83 7.93458e-05
40.84 8.87651e-05
40.85 9.7858e-05
40.86 0.00010659
40.87 0.000114927
40.88 0.000122839
40.89 0.000130294
40.9 0.000137266
40.91 0.000143728
40.92 0.000149658
40.93 0.000155034
40.94 0.000159841
40.95 0.000164062
40.96 0.000167686
40.97 0.000170704
40.98 0.00017311
40.99 0.0001749
41 0.000176073
41.01 0.000176631
41.02 0.000176577
41.03 0.000175918
41.04 0.000174661
41.05 0.000172816
41.06 0.000170394
41.07 0.000167408
41.08 0.000163873
41.09 0.000159803
41.1 0.000155216
41.11 0.000150129
41.12 0.000144562
41.13 0.000138534
41.14 0.000132066
41.15 0.000125181
41.16 0.0001179
41.17 0.000110247
41.18 0.000102248
41.19 9.39262e-05
41.2 8.53089e-05
41.21 7.64227e-05
41.22 6.72954e-05
41.23 5.79556e-05
41.24 4.84325e-05
41.25 3.87563e-05
41.26 2.89578e-05
41.27 1.90686e-05
41.28 9.12108e-06
41.29 -8.52007e-07
41.3 -1.08172e-05
41.31 -2.07406e-05
41.32 -3.05879e-05
41.33 -4.03247e-05
41.34 -4.99163e-05
41.35 -5.93282e-05
41.36 -6.85262e-05
41.37 -7.74762e-05
41.38 -8.6145e-05
41.39 -9.45001e-05
41.4 -0.00010251
41.41 -0.000110145
41.42 -0.000117377
41.43 -0.000124178
41.44 -0.000130523
41.45 -0.000136391
41.46 -0.000141759
41.47 -0.000146611
41.48 -0.000150931
41.49 -0.000154706
41.5 -0.000157925
41.51 -0.00016058
41.52 -0.000162666
41.53 -0.00016418
41.54 -0.00016512
41.55 -0.00016549
41.56 -0.000165292
41.57 -0.000164531
41.58 -0.000163215
41.59 -0.000161353
41.6 -0.000158956
41.61 -0.000156035
41.62 -0.000152604
41.63 -0.000148677
41.64 -0.000144271
41.65 -0.000139402
41.66 -0.000134088
41.67 -0.000128348
41.68 -0.000122202
41.69 -0.000115671
41.7 -0.000108776
41.71 -0.00010154
41.72 -9.39861e-05
41.73 -8.61386e-05
41.74 -7.80225e-05
41.75 -6.96633e-05
41.76 -6.10874e-05
41.77 -5.23221e-05
41.78 -4.33952e-05
41.79 -3.43353e-05
41.8 -2.51716e-05
41.81 -1.59339e-05
41.82 -6.65277e-06
41.83 2.64102e-06
41.84 1.19161e-05
41.85 2.11408e-05
41.86 3.02832e-05
41.87 3.93114e-05
41.88 4.81932e-05
41.89 5.68968e-05
41.9 6.53908e-05
41.91 7.3644e-05
41.92 8.16261e-05
41.93 8.93076e-05
41.94 9.66601e-05
41.95 0.000103656
41.96 0.000110271
41.97 0.000116479
41.98 0.000122259
41.99 0.00012759
42 0.000132454
42.01 0.000136836
42.02 0.00014072
42.03 0.000144096
42.04 0.000146954
42.05 0.000149287
42.06 0.000151091
42.07 0.000152362
42.08 0.000153101
42.09 0.000153309
42.1 0.000152989
42.11 0.000152146
42.12 0.000150787
42.13 0.00014892
42.14 0.000146556
42.15 0.000143705
42.16 0.000140381
42.17 0.000136597
42.18 0.000132367
42.19 0.000127708
42.2 0.000122637
42.21 0.000117172
42.22 0.000111331
42.23 0.000105135
42.24 9.86037e-05
42.25 9.1759e-05
42.26 8.46229e-05
42.27 7.72186e-05
42.28 6.95697e-05
42.29 6.17008e-05
42.3 5.3637e-05
42.31 4.54042e-05
42.32 3.70289e-05
42.33 2.85382e-05
42.34 1.99598e-05
42.35 1.1322e-05
42.36 2.65329e-06
42.37 -6.01707e-06
42.38 -1.46597e-05
42.39 -2.3245e-05
42.4 -3.17432e-05
42.41 -4.01244e-05
42.42 -4.8359e-05
42.43 -5.64176e-05
42.44 -6.4271e-05
42.45 -7.18908e-05
42.46 -7.92491e-05
42.47 -8.63192e-05
42.48 -9.3075e-05
42.49 -9.9492e-05
42.5 -0.000105547
42.51 -0.000111218
42.52 -0.000116485
42.53 -0.000121331
42.54 -0.000125738
42.55 -0.000129692
42.56 -0.000133181
42.57 -0.000136194
42.58 -0.000138724
42.59 -0.000140765
42.6 -0.000142311
42.61 -0.000143362
42.62 -0.000143916
42.63 -0.000143976
42.64 -0.000143544
42.65 -0.000142626
42.66 -0.000141228
42.67 -0.000139358
42.68 -0.000137025
42.69 -0.000134241
42.7 -0.000131016
42.71 -0.000127365
42.72 -0.000123301
42.73 -0.000118839
42.74 -0.000113995
42.75 -0.000108787
42.76 -0.000103233
42.77 -9.73515e-05
42.78 -9.1162e-05
42.79 -8.4685e-05
42.8 -7.79418e-05
42.81 -7.09543e-05
42.82 -6.37452e-05
42.83 -5.63376e-05
42.84 -4.87555e-05
42.85 -4.10235e-05
42.86 -3.31668e-05
42.87 -2.52109e-05
42.88 -1.7182e-05
42.89 -9.10681e-06
42.9 -1.01218e-06
42.91 7.07458e-06
42.92 1.51259e-05
42.93 2.31142e-05
42.94 3.10118e-05
42.95 3.87909e-05
42.96 4.64241e-05
42.97 5.38843e-05
42.98 6.11448e-05
42.99 6.81793e-05
43 7.49626e-05
43.01 8.14701e-05
43.02 8.76782e-05
43.03 9.35647e-05
43.04 9.91085e-05
43.05 0.00010429
43.06 0.000109091
43.07 0.000113496
43.08 0.000117489
43.09 0.000121058
43.1 0.000124192
43.11 0.000126882
43.12 0.00012912
43.13 0.000130901
43.14 0.000132221
43.15 0.000133079
43.16 0.000133475
43.17 0.00013341
43.18 0.000132887
43.19 0.000131911
43.2 0.000130488
43.21 0.000128627
43.22 0.000126335
43.23 0.000123622
43.24 0.000120501
43.25 0.000116983
43.26 0.000113081
43.27 0.000108811
43.28 0.000104188
43.29 9.92269e-05
43.3 9.3946e-05
43.31 8.83629e-05
43.32 8.24964e-05
43.33 7.6366e-05
43.34 6.99918e-05
43.35 6.33947e-05
43.36 5.65962e-05
43.37 4.96186e-05
43.38 4.24846e-05
43.39 3.52176e-05
43.4 2.78413e-05
43.41 2.03801e-05
43.42 1.28587e-05
43.43 5.30228e-06
43.44 -2.2638e-06
43.45 -9.81386e-06
43.46 -1.73221e-05
43.47 -2.47627e-05
43.48 -3.21097e-05
43.49 -3.93375e-05
43.5 -4.64205e-05
43.51 -5.33337e-05
43.52 -6.00524e-05
43.53 -6.65526e-05
43.54 -7.2811e-05
43.55 -7.88051e-05
43.56 -8.45136e-05
43.57 -8.99162e-05
43.58 -9.49938e-05
43.59 -9.97286e-05
43.6 -0.000104105
43.61 -0.000108107
43.62 -0.000111722
43.63 -0.00011494
43.64 -0.000117749
43.65 -0.000120142
43.66 -0.000122112
43.67 -0.000123656
43.68 -0.000124769
43.69 -0.00012545
43.7 -0.0001257
43.71 -0.00012552
43.72 -0.000124914
43.73 -0.000123886
43.74 -0.000122442
43.75 -0.000120589
43.76 -0.000118336
43.77 -0.000115692
43.78 -0.000112669
43.79 -0.000109277
43.8 -0.00010553
43.81 -0.000101441
43.82 -9.70259e-05
43.83 -9.22989e-05
43.84 -8.72768e-05
43.85 -8.19766e-05
43.86 -7.64162e-05
43.87 -7.06141e-05
43.88 -6.45895e-05
43.89 -5.83623e-05
43.9 -5.19529e-05
43.91 -4.53825e-05
43.92 -3.86725e-05
43.93 -3.18451e-05
43.94 -2.49229e-05
43.95 -1.79288e-05
43.96 -1.0886e-05
43.97 -3.81836e-06
43.98 3.25043e-06
43.99 1.02963e-05
44 1.72951e-05
44.01 2.42228e-05
44.02 3.10553e-05
44.03 3.77687e-05
44.04 4.43394e-05
44.05 5.07443e-05
44.06 5.69607e-05
44.07 6.29665e-05
44.08 6.87404e-05
44.09 7.42619e-05
44.1 7.95114e-05
44.11 8.44706e-05
44.12 8.9122e-05
44.13 9.34498e-05
44.14 9.74392e-05
44.15 0.000101077
44.16 0.000104351
44.17 0.000107252
44.18 0.00010977
44.19 0.000111898
44.2 0.000113631
44.21 0.000114964
44.22 0.000115895
44.23 0.000116424
44.24 0.000116549
44.25 0.000116274
44.26 0.0001156
44.27 0.000114534
44.28 0.000113079
44.29 0.000111245
44.3 0.000109037
44.31 0.000106466
44.32 0.000103542
44.33 0.000100276
44.34 9.66796e-05
44.35 9.27668e-05
44.36 8.85513e-05
44.37 8.40477e-05
44.38 7.92716e-05
44.39 7.42392e-05
44.4 6.89676e-05
44.41 6.34745e-05
44.42 5.77781e-05
44.43 5.18973e-05
44.44 4.58516e-05
44.45 3.96611e-05
44.46 3.33461e-05
44.47 2.69277e-05
44.48 2.04273e-05
44.49 1.38665e-05
44.5 7.26732e-06
44.51 6.5205e-07
44.52 -5.95688e-06
44.53 -1.25369e-05
44.54 -1.90655e-05
44.55 -2.55201e-05
44.56 -3.18783e-05
44.57 -3.81179e-05
44.58 -4.42171e-05
44.59 -5.01545e-05
44.6 -5.5909e-05
44.61 -6.14605e-05
44.62 -6.67893e-05
44.63 -7.18767e-05
44.64 -7.67048e-05
44.65 -8.1257e-05
44.66 -8.55175e-05
44.67 -8.94717e-05
44.68 -9.31064e-05
44.69 -9.64097e-05
44.7 -9.93709e-05
44.71 -0.000101981
44.72 -0.000104232
44.73 -0.000106117
44.74 -0.000107632
44.75 -0.000108774
44.76 -0.000109539
44.77 -0.000109927
44.78 -0.00010994
44.79 -0.000109578
44.8 -0.000108845
44.81 -0.000107745
44.82 -0.000106284
44.83 -0.000104469
44.84 -0.000102307
44.85 -9.9807e-05
44.86 -9.6979e-05
44.87 -9.38336e-05
44.88 -9.03825e-05
44.89 -8.6638e-05
44.9 -8.26135e-05
44.91 -7.83231e-05
44.92 -7.37816e-05
44.93 -6.90044e-05
44.94 -6.40078e-05
44.95 -5.88085e-05
44.96 -5.3424e-05
44.97 -4.78722e-05
44.98 -4.21717e-05
44.99 -3.63413e-05
45 -3.04005e-05
45.01 -2.43691e-05
45.02 -1.82673e-05
45.03 -1.21155e-05
45.04 -5.93448e-06
45.05 2.54856e-07
45.06 6.43147e-06
45.07 1.25743e-05
45.08 1.86622e-05
45.09 2.46741e-05
45.1 3.05894e-05
45.11 3.63873e-05
45.12 4.20476e-05
45.13 4.75506e-05
45.14 5.2877e-05
45.15 5.80081e-05
45.16 6.29259e-05
45.17 6.76133e-05
45.18 7.2054e-05
45.19 7.62328e-05
45.2 8.01352e-05
45.21 8.37483e-05
45.22 8.70599e-05
45.23 9.00593e-05
45.24 9.27369e-05
45.25 9.50844e-05
45.26 9.7095e-05
45.27 9.87629e-05
45.28 0.000100084
45.29 0.000101055
45.3 0.000101674
45.31 0.000101941
45.32 0.000101856
45.33 0.000101422
45.34 0.000100642
45.35 9.95193e-05
45.36 9.80602e-05
45.37 9.62708e-05
45.38 9.41587e-05
45.39 9.17322e-05
45.4 8.90006e-05
45.41 8.59743e-05
45.42 8.26643e-05
45.43 7.90825e-05
45.44 7.52416e-05
45.45 7.11551e-05
45.46 6.68369e-05
45.47 6.2302e-05
45.48 5.75656e-05
45.49 5.26438e-05
45.5 4.75532e-05
45.51 4.23107e-05
45.52 3.69341e-05
45.53 3.14412e-05
45.54 2.58505e-05
45.55 2.01806e-05
45.56 1.44508e-05
45.57 8.6802e-06
45.58 2.88843e-06
45.59 -2.90488e-06
45.6 -8.67996e-06
45.61 -1.44171e-05
45.62 -2.00964e-05
45.63 -2.56985e-05
45.64 -3.12039e-05
45.65 -3.65935e-05
45.66 -4.18486e-05
45.67 -4.69507e-05
45.68 -5.18822e-05
45.69 -5.66259e-05
45.7 -6.11652e-05
45.71 -6.54845e-05
45.72 -6.95689e-05
45.73 -7.34044e-05
45.74 -7.6978e-05
45.75 -8.02778e-05
45.76 -8.32928e-05
45.77 -8.60135e-05
45.78 -8.84311e-05
45.79 -9.05384e-05
45.8 -9.2329e-05
45.81 -9.3798e-05
45.82 -9.49417e-05
45.83 -9.57574e-05
45.84 -9.62439e-05
45.85 -9.64008e-05
45.86 -9.62293e-05
45.87 -9.57312e-05
45.88 -9.49099e-05
45.89 -9.37694e-05
45.9 -9.23152e-05
45.91 -9.05533e-05
45.92 -8.8491e-05
45.93 -8.61365e-05
45.94 -8.34985e-05
45.95 -8.05871e-05
45.96 -7.74128e-05
45.97 -7.39869e-05
45.98 -7.03215e-05
45.99 -6.64296e-05
46 -6.23244e-05
46.01 -5.80201e-05
46.02 -5.35314e-05
46.03 -4.88734e-05
46.04 -4.40619e-05
46.05 -3.91131e-05
46.06 -3.40436e-05
46.07 -2.88704e-05
46.08 -2.3611e-05
46.09 -1.82831e-05
46.1 -1.29047e-05
46.11 -7.49385e-06
46.12 -2.06899e-06
46.13 3.35144e-06
46.14 8.74894e-06
46.15 1.4105e-05
46.16 1.94013e-05
46.17 2.46195e-05
46.18 2.97417e-05
46.19 3.47501e-05
46.2 3.96272e-05
46.21 4.43564e-05
46.22 4.8921e-05
46.23 5.33054e-05
46.24 5.74944e-05
46.25 6.14735e-05
46.26 6.52293e-05
46.27 6.87489e-05
46.28 7.20205e-05
46.29 7.50333e-05
46.3 7.77774e-05
46.31 8.02441e-05
46.32 8.24255e-05
46.33 8.43151e-05
46.34 8.59073e-05
46.35 8.71978e-05
46.36 8.81833e-05
46.37 8.88616e-05
46.38 8.92316e-05
46.39 8.92933e-05
46.4 8.90479e-05
46.41 8.84975e-05
46.42 8.76452e-05
46.43 8.64952e-05
46.44 8.50526e-05
46.45 8.33234e-05
46.46 8.13145e-05
46.47 7.90337e-05
46.48 7.64895e-05
46.49 7.36914e-05
46.5 7.06496e-05
46.51 6.73748e-05
46.52 6.38785e-05
46.53 6.01732e-05
46.54 5.62714e-05
46.55 5.21866e-05
46.56 4.79329e-05
46.57 4.35245e-05
46.58 3.89766e-05
46.59 3.43044e-05
46.6 2.95238e-05
46.61 2.46508e-05
46.62 1.9702e-05
46.63 1.4694e-05
46.64 9.64392e-06
46.65 4.56878e-06
46.66 -5.14136e-07
46.67 -5.58749e-06
46.68 -1.06339e-05
46.69 -1.56362e-05
46.7 -2.0577e-05
46.71 -2.54395e-05
46.72 -3.02068e-05
46.73 -3.48624e-05
46.74 -3.93903e-05
46.75 -4.37749e-05
46.76 -4.80009e-05
46.77 -5.20539e-05
46.78 -5.59199e-05
46.79 -5.95857e-05
46.8 -6.30389e-05
46.81 -6.62678e-05
46.82 -6.92617e-05
46.83 -7.20107e-05
46.84 -7.45059e-05
46.85 -7.67392e-05
46.86 -7.87039e-05
46.87 -8.0394e-05
46.88 -8.18046e-05
46.89 -8.29317e-05
46.9 -8.37727e-05
46.91 -8.43257e-05
46.92 -8.459e-05
46.93 -8.45658e-05
46.94 -8.42544e-05
46.95 -8.3658e-05
46.96 -8.27797e-05
46.97 -8.16237e-05
46.98 -8.01949e-05
46.99 -7.84991e-05
47 -7.65432e-05
47.01 -7.43344e-05
47.02 -7.18812e-05
47.03 -6.91925e-05
47.04 -6.6278e-05
47.05 -6.31481e-05
47.06 -5.98138e-05
47.07 -5.62868e-05
47.08 -5.25792e-05
47.09 -4.87039e-05
47.1 -4.4674e-05
47.11 -4.05034e-05
47.12 -3.62062e-05
47.13 -3.1797e-05
47.14 -2.72906e-05
47.15 -2.27025e-05
47.16 -1.8048e-05
47.17 -1.33431e-05
47.18 -8.6036e-06
47.19 -3.84568e-06
47.2 9.14479e-07
47.21 5.66063e-06
47.22 1.03766e-05
47.23 1.50461e-05
47.24 1.96532e-05
47.25 2.41821e-05
47.26 2.86172e-05
47.27 3.29432e-05
47.28 3.71452e-05
47.29 4.12088e-05
47.3 4.512e-05
47.31 4.88654e-05
47.32 5.24323e-05
47.33 5.58084e-05
47.34 5.89825e-05
47.35 6.19439e-05
47.36 6.46827e-05
47.37 6.719e-05
47.38 6.94578e-05
47.39 7.14788e-05
47.4 7.32468e-05
47.41 7.47565e-05
47.42 7.60035e-05
47.43 7.69844e-05
47.44 7.76969e-05
47.45 7.81395e-05
47.46 7.83117e-05
47.47 7.82139e-05
47.48 7.78474e-05
47.49 7.72146e-05
47.5 7.63185e-05
47.51 7.51633e-05
47.52 7.37537e-05
47.53 7.20953e-05
47.54 7.01948e-05
47.55 6.80591e-05
47.56 6.56964e-05
47.57 6.31151e-05
47.58 6.03246e-05
47.59 5.73348e-05
47.6 5.41562e-05
47.61 5.07999e-05
47.62 4.72775e-05
47.63 4.36012e-05
47.64 3.97837e-05
47.65 3.58378e-05
47.66 3.17772e-05
47.67 2.76156e-05
47.68 2.33672e-05
47.69 1.90464e-05
47.7 1.46678e-05
47.71 1.02465e-05
47.72 5.79733e-06
47.73 1.33556e-06
47.74 -3.12361e-06
47.75 -7.56494e-06
47.76 -1.19732e-05
47.77 -1.63334e-05
47.78 -2.06305e-05
47.79 -2.48498e-05
47.8 -2.89767e-05
47.81 -3.29972e-05
47.82 -3.68973e-05
47.83 -4.06638e-05
47.84 -4.42838e-05
47.85 -4.77448e-05
47.86 -5.10352e-05
47.87 -5.41438e-05
47.88 -5.70602e-05
47.89 -5.97747e-05
47.9 -6.22784e-05
47.91 -6.45631e-05
47.92 -6.66214e-05
47.93 -6.8447e-05
47.94 -7.00341e-05
47.95 -7.13782e-05
47.96 -7.24752e-05
47.97 -7.33224e-05
47.98 -7.39177e-05
47.99 -7.42599e-05
48 -7.43488e-05
48.01 -7.4185e-05
48.02 -7.37699e-05
48.03 -7.31059e-05
48.04 -7.21962e-05
48.05 -7.10447e-05
48.06 -6.96561e-05
48.07 -6.80359e-05
48.08 -6.61905e-05
48.09 -6.41266e-05
48.1 -6.18519e-05
48.11 -5.93747e-05
48.12 -5.67039e-05
48.13 -5.38489e-05
48.14 -5.08198e-05
48.15 -4.76272e-05
48.16 -4.42821e-05
48.17 -4.07961e-05
48.18 -3.71812e-05
48.19 -3.34497e-05
48.2 -2.96144e-05
48.21 -2.56884e-05
48.22 -2.16851e-05
48.23 -1.7618e-05
48.24 -1.3501e-05
48.25 -9.34819e-06
48.26 -5.17367e-06
48.27 -9.91659e-07
48.28 3.18356e-06
48.29 7.33771e-06
48.3 1.14566e-05
48.31 1.55262e-05
48.32 1.95324e-05
48.33 2.34616e-05
48.34 2.73004e-05
48.35 3.10355e-05
48.36 3.46543e-05
48.37 3.81442e-05
48.38 4.14936e-05
48.39 4.46909e-05
48.4 4.77254e-05
48.41 5.05868e-05
48.42 5.32657e-05
48.43 5.57531e-05
48.44 5.8041e-05
48.45 6.01217e-05
48.46 6.19889e-05
48.47 6.36365e-05
48.48 6.50596e-05
48.49 6.6254e-05
48.5 6.72162e-05
48.51 6.79437e-05
48.52 6.84348e-05
48.53 6.86887e-05
48.54 6.87053e-05
48.55 6.84853e-05
48.56 6.80303e-05
48.57 6.73427e-05
48.58 6.64256e-05
48.59 6.52828e-05
48.6 6.39191e-05
48.61 6.23397e-05
48.62 6.05506e-05
48.63 5.85585e-05
48.64 5.63708e-05
48.65 5.39953e-05
48.66 5.14405e-05
48.67 4.87155e-05
48.68 4.58299e-05
48.69 4.27938e-05
48.7 3.96176e-05
48.71 3.63125e-05
48.72 3.28896e-05
48.73 2.93609e-05
48.74 2.57384e-05
48.75 2.20344e-05
48.76 1.82617e-05
48.77 1.44331e-05
48.78 1.05616e-05
48.79 6.66049e-06
48.8 2.74307e-06
48.81 -1.17731e-06
48.82 -5.08724e-06
48.83 -8.97337e-06
48.84 -1.28224e-05
48.85 -1.66212e-05
48.86 -2.03567e-05
48.87 -2.40161e-05
48.88 -2.75871e-05
48.89 -3.10572e-05
48.9 -3.44148e-05
48.91 -3.76484e-05
48.92 -4.0747e-05
48.93 -4.37001e-05
48.94 -4.64978e-05
48.95 -4.91307e-05
48.96 -5.15901e-05
48.97 -5.38678e-05
48.98 -5.59565e-05
48.99 -5.78494e-05
49 -5.95405e-05
49.01 -6.10245e-05
49.02 -6.2297e-05
49.03 -6.33541e-05
49.04 -6.4193e-05
49.05 -6.48115e-05
49.06 -6.52081e-05
49.07 -6.53822e-05
49.08 -6.5334e-05
49.09 -6.50644e-05
49.1 -6.4575e-05
49.11 -6.38683e-05
49.12 -6.29473e-05
49.13 -6.18159e-05
49.14 -6.04785e-05
49.15 -5.89404e-05
49.16 -5.72074e-05
49.17 -5.52858e-05
49.18 -5.31828e-05
49.19 -5.09058e-05
49.2 -4.84631e-05
49.21 -4.58633e-05
49.22 -4.31155e-05
49.23 -4.02293e-05
49.24 -3.72148e-05
49.25 -3.40823e-05
49.26 -3.08427e-05
49.27 -2.75072e-05
49.28 -2.40871e-05
49.29 -2.05941e-05
49.3 -1.70403e-05
49.31 -1.34377e-05
49.32 -9.79873e-06
49.33 -6.13569e-06
49.34 -2.46114e-06
49.35 1.21237e-06
49.36 4.87231e-06
49.37 8.50617e-06
49.38 1.21015e-05
49.39 1.56461e-05
49.4 1.91278e-05
49.41 2.25347e-05
49.42 2.58552e-05
49.43 2.90781e-05
49.44 3.21922e-05
49.45 3.51871e-05
49.46 3.80527e-05
49.47 4.07792e-05
49.48 4.33576e-05
49.49 4.57792e-05
49.5 4.80361e-05
49.51 5.01208e-05
49.52 5.20266e-05
49.53 5.37472e-05
49.54 5.52775e-05
49.55 5.66124e-05
49.56 5.77481e-05
49.57 5.86812e-05
49.58 5.94092e-05
49.59 5.99301e-05
49.6 6.02428e-05
49.61 6.0347e-05
49.62 6.02429e-05
49.63 5.99316e-05
49.64 5.94148e-05
49.65 5.86948e-05
49.66 5.77749e-05
49.67 5.66586e-05
49.68 5.53505e-05
49.69 5.38554e-05
49.7 5.21791e-05
49.71 5.03277e-05
49.72 4.83079e-05
49.73 4.61271e-05
49.74 4.37929e-05
49.75 4.13137e-05
49.76 3.86981e-05
49.77 3.59553e-05
49.78 3.30949e-05
49.79 3.01267e-05
49.8 2.7061e-05
49.81 2.39083e-05
49.82 2.06795e-05
49.83 1.73857e-05
49.84 1.40381e-05
49.85 1.06481e-05
49.86 7.22749e-06
49.87 3.7878e-06
49.88 3.40829e-07
49.89 -3.10164e-06
49.9 -6.52784e-06
49.91 -9.92607e-06
49.92 -1.32847e-05
49.93 -1.65923e-05
49.94 -1.98376e-05
49.95 -2.30095e-05
49.96 -2.60972e-05
49.97 -2.90903e-05
49.98 -3.19784e-05
49.99 -3.4752e-05
50 -3.74016e-05
50.01 -3.99183e-05
50.02 -4.22937e-05
50.03 -4.452e-05
50.04 -4.65898e-05
50.05 -4.84963e-05
50.06 -5.02334e-05
50.07 -5.17955e-05
50.08 -5.31777e-05
50.09 -5.43758e-05
50.1 -5.53861e-05
50.11 -5.62057e-05
50.12 -5.68325e-05
50.13 -5.72647e-05
50.14 -5.75017e-05
50.15 -5.7543e-05
50.16 -5.73893e-05
50.17 -5.70417e-05
50.18 -5.65018e-05
50.19 -5.57723e-05
50.2 -5.4856e-05
50.21 -5.37568e-05
50.22 -5.24788e-05
50.23 -5.1027e-05
50.24 -4.94067e-05
50.25 -4.76239e-05
50.26 -4.56851e-05
50.27 -4.35972e-05
50.28 -4.13677e-05
50.29 -3.90045e-05
50.3 -3.65158e-05
50.31 -3.39103e-05
50.32 -3.11972e-05
50.33 -2.83858e-05
50.34 -2.54858e-05
50.35 -2.25072e-05
50.36 -1.94603e-05
50.37 -1.63556e-05
50.38 -1.32036e-05
50.39 -1.00151e-05
50.4 -6.80115e-06
50.41 -3.57263e-06
50.42 -3.406e-07
50.43 2.8839e-06
50.44 6.08987e-06
50.45 9.26635e-06
50.46 1.24025e-05
50.47 1.54877e-05
50.48 1.85113e-05
50.49 2.14631e-05
50.5 2.43331e-05
50.51 2.71115e-05
50.52 2.9789e-05
50.53 3.23565e-05
50.54 3.48053e-05
50.55 3.71273e-05
50.56 3.93147e-05
50.57 4.13604e-05
50.58 4.32575e-05
50.59 4.5e-05
50.6 4.65821e-05
50.61 4.79989e-05
50.62 4.9246e-05
50.63 5.03194e-05
50.64 5.1216e-05
50.65 5.19333e-05
50.66 5.24692e-05
50.67 5.28225e-05
50.68 5.29926e-05
50.69 5.29793e-05
50.7 5.27833e-05
50.71 5.24059e-05
50.72 5.18487e-05
50.73 5.11143e-05
50.74 5.02057e-05
50.75 4.91265e-05
50.76 4.78807e-05
50.77 4.64733e-05
50.78 4.49092e-05
50.79 4.31944e-05
50.8 4.13349e-05
50.81 3.93374e-05
50.82 3.72091e-05
50.83 3.49574e-05
50.84 3.25903e-05
50.85 3.01161e-05
50.86 2.75433e-05
50.87 2.48809e-05
50.88 2.2138e-05
50.89 1.93243e-05
50.9 1.64492e-05
50.91 1.35228e-05
50.92 1.0555e-05
50.93 7.55602e-06
50.94 4.53615e-06
50.95 1.50571e-06
50.96 -1.52494e-06
50.97 -4.54545e-06
50.98 -7.54549e-06
50.99 -1.05148e-05
51 -1.34434e-05
51.01 -1.63211e-05
51.02 -1.91382e-05
51.03 -2.18852e-05
51.04 -2.45527e-05
51.05 -2.71317e-05
51.06 -2.96134e-05
51.07 -3.19896e-05
51.08 -3.42523e-05
51.09 -3.63939e-05
51.1 -3.84073e-05
51.11 -4.02858e-05
51.12 -4.20234e-05
51.13 -4.36144e-05
51.14 -4.50536e-05
51.15 -4.63366e-05
51.16 -4.74592e-05
51.17 -4.84182e-05
51.18 -4.92107e-05
51.19 -4.98343e-05
51.2 -5.02876e-05
51.21 -5.05693e-05
51.22 -5.06791e-05
51.23 -5.06171e-05
51.24 -5.03839e-05
51.25 -4.9981e-05
51.26 -4.94101e-05
51.27 -4.86737e-05
51.28 -4.77748e-05
51.29 -4.67169e-05
51.3 -4.5504e-05
51.31 -4.41407e-05
51.32 -4.26321e-05
51.33 -4.09836e-05
51.34 -3.92011e-05
51.35 -3.72911e-05
51.36 -3.52603e-05
51.37 -3.3116e-05
51.38 -3.08656e-05
51.39 -2.8517e-05
51.4 -2.60783e-05
51.41 -2.35581e-05
51.42 -2.09651e-05
51.43 -1.83082e-05
51.44 -1.55965e-05
51.45 -1.28394e-05
51.46 -1.00463e-05
51.47 -7.22689e-06
51.48 -4.3907e-06
51.49 -1.54749e-06
51.5 1.29303e-06
51.51 4.12117e-06
51.52 6.92727e-06
51.53 9.70176e-06
51.54 1.24352e-05
51.55 1.51183e-05
51.56 1.77419e-05
51.57 2.02972e-05
51.58 2.27754e-05
51.59 2.51682e-05
51.6 2.74677e-05
51.61 2.96659e-05
51.62 3.17557e-05
51.63 3.37299e-05
51.64 3.55822e-05
51.65 3.73064e-05
51.66 3.88969e-05
51.67 4.03485e-05
51.68 4.16566e-05
51.69 4.28171e-05
51.7 4.38264e-05
51.71 4.46814e-05
51.72 4.53796e-05
51.73 4.5919e-05
51.74 4.62982e-05
51.75 4.65165e-05
51.76 4.65734e-05
51.77 4.64693e-05
51.78 4.62051e-05
51.79 4.57819e-05
51.8 4.52018e-05
51.81 4.44671e-05
51.82 4.35808e-05
51.83 4.25464e-05
51.84 4.13677e-05
51.85 4.00491e-05
51.86 3.85956e-05
51.87 3.70122e-05
51.88 3.53049e-05
51.89 3.34796e-05
51.9 3.15429e-05
51.91 2.95016e-05
51.92 2.73628e-05
51.93 2.5134e-05
51.94 2.28231e-05
51.95 2.04379e-05
51.96 1.79868e-05
51.97 1.54782e-05
51.98 1.29208e-05
51.99 1.03234e-05
52 7.69486e-06
52.01 5.04423e-06
52.02 2.38059e-06
52.03 -2.86951e-07
52.04 -2.94927e-06
52.05 -5.59727e-06
52.06 -8.22193e-06
52.07 -1.08143e-05
52.08 -1.33655e-05
52.09 -1.5867e-05
52.1 -1.83102e-05
52.11 -2.06868e-05
52.12 -2.29889e-05
52.13 -2.52086e-05
52.14 -2.73386e-05
52.15 -2.93716e-05
52.16 -3.13008e-05
52.17 -3.312e-05
52.18 -3.4823e-05
52.19 -3.64044e-05
52.2 -3.78589e-05
52.21 -3.91818e-05
52.22 -4.0369e-05
52.23 -4.14168e-05
52.24 -4.23218e-05
52.25 -4.30814e-05
52.26 -4.36934e-05
52.27 -4.4156e-05
52.28 -4.44681e-05
52.29 -4.46291e-05
52.3 -4.46388e-05
52.31 -4.44976e-05
52.32 -4.42064e-05
52.33 -4.37667e-05
52.34 -4.31803e-05
52.35 -4.24496e-05
52.36 -4.15776e-05
52.37 -4.05676e-05
52.38 -3.94234e-05
52.39 -3.81492e-05
52.4 -3.67498e-05
52.41 -3.52301e-05
52.42 -3.35957e-05
52.43 -3.18523e-05
52.44 -3.00062e-05
52.45 -2.80639e-05
52.46 -2.60322e-05
52.47 -2.39181e-05
52.48 -2.17291e-05
52.49 -1.94727e-05
52.5 -1.71568e-05
52.51 -1.47893e-05
52.52 -1.23785e-05
52.53 -9.93254e-06
52.54 -7.4599e-06
52.55 -4.96904e-06
52.56 -2.46851e-06
52.57 3.3161e-08
52.58 2.52741e-06
52.59 5.00573e-06
52.6 7.45966e-06
52.61 9.88087e-06
52.62 1.22611e-05
52.63 1.45923e-05
52.64 1.68666e-05
52.65 1.90762e-05
52.66 2.12138e-05
52.67 2.3272e-05
52.68 2.52441e-05
52.69 2.71235e-05
52.7 2.89038e-05
52.71 3.05792e-05
52.72 3.21442e-05
52.73 3.35936e-05
52.74 3.49228e-05
52.75 3.61274e-05
52.76 3.72038e-05
52.77 3.81484e-05
52.78 3.89585e-05
52.79 3.96315e-05
52.8 4.01655e-05
52.81 4.05591e-05
52.82 4.08113e-05
52.83 4.09217e-05
52.84 4.08902e-05
52.85 4.07173e-05
52.86 4.0404e-05
52.87 3.99519e-05
52.88 3.93627e-05
52.89 3.86389e-05
52.9 3.77833e-05
52.91 3.67991e-05
52.92 3.56901e-05
52.93 3.44604e-05
52.94 3.31144e-05
52.95 3.16569e-05
52.96 3.00934e-05
52.97 2.84292e-05
52.98 2.66703e-05
52.99 2.48229e-05
53 2.28935e-05
53.01 2.08888e-05
53.02 1.88158e-05
53.03 1.66817e-05
53.04 1.44938e-05
53.05 1.22599e-05
53.06 9.98742e-06
53.07 7.68435e-06
53.08 5.35856e-06
53.09 3.01803e-06
53.1 6.70764e-07
53.11 -1.67519e-06
53.12 -4.01183e-06
53.13 -6.33118e-06
53.14 -8.62534e-06
53.15 -1.08865e-05
53.16 -1.3107e-05
53.17 -1.52792e-05
53.18 -1.73959e-05
53.19 -1.94499e-05
53.2 -2.14343e-05
53.21 -2.33424e-05
53.22 -2.51678e-05
53.23 -2.69044e-05
53.24 -2.85465e-05
53.25 -3.00887e-05
53.26 -3.15258e-05
53.27 -3.28532e-05
53.28 -3.40667e-05
53.29 -3.51623e-05
53.3 -3.61365e-05
53.31 -3.69863e-05
53.32 -3.77092e-05
53.33 -3.8303e-05
53.34 -3.8766e-05
53.35 -3.90969e-05
53.36 -3.9295e-05
53.37 -3.936e-05
53.38 -3.9292e-05
53.39 -3.90916e-05
53.4 -3.87598e-05
53.41 -3.82981e-05
53.42 -3.77085e-05
53.43 -3.69933e-05
53.44 -3.61553e-05
53.45 -3.51976e-05
53.46 -3.41238e-05
53.47 -3.2938e-05
53.48 -3.16443e-05
53.49 -3.02474e-05
53.5 -2.87524e-05
53.51 -2.71646e-05
53.52 -2.54896e-05
53.53 -2.37333e-05
53.54 -2.19019e-05
53.55 -2.00017e-05
53.56 -1.80394e-05
53.57 -1.60218e-05
53.58 -1.39558e-05
53.59 -1.18486e-05
53.6 -9.70754e-06
53.61 -7.53988e-06
53.62 -5.35311e-06
53.63 -3.15471e-06
53.64 -9.52229e-07
53.65 1.24682e-06
53.66 3.43492e-06
53.67 5.60461e-06
53.68 7.74852e-06
53.69 9.85934e-06
53.7 1.19299e-05
53.71 1.39533e-05
53.72 1.59225e-05
53.73 1.7831e-05
53.74 1.96724e-05
53.75 2.14404e-05
53.76 2.31293e-05
53.77 2.47332e-05
53.78 2.62471e-05
53.79 2.76658e-05
53.8 2.89847e-05
53.81 3.01995e-05
53.82 3.13063e-05
53.83 3.23016e-05
53.84 3.31823e-05
53.85 3.39455e-05
53.86 3.45891e-05
53.87 3.5111e-05
53.88 3.55099e-05
53.89 3.57847e-05
53.9 3.59347e-05
53.91 3.59598e-05
53.92 3.58603e-05
53.93 3.56368e-05
53.94 3.52903e-05
53.95 3.48225e-05
53.96 3.42352e-05
53.97 3.35308e-05
53.98 3.27119e-05
53.99 3.17816e-05
54 3.07434e-05
54.01 2.96011e-05
54.02 2.83589e-05
54.03 2.70211e-05
54.04 2.55926e-05
54.05 2.40785e-05
54.06 2.24842e-05
54.07 2.08151e-05
54.08 1.90773e-05
54.09 1.72766e-05
54.1 1.54196e-05
54.11 1.35124e-05
54.12 1.15619e-05
54.13 9.57466e-06
54.14 7.55759e-06
54.15 5.51763e-06
54.16 3.46177e-06
54.17 1.39708e-06
54.18 -6.69376e-07
54.19 -2.73054e-06
54.2 -4.77937e-06
54.21 -6.80888e-06
54.22 -8.81218e-06
54.23 -1.07824e-05
54.24 -1.2713e-05
54.25 -1.45973e-05
54.26 -1.64291e-05
54.27 -1.82021e-05
54.28 -1.99103e-05
54.29 -2.15481e-05
54.3 -2.31101e-05
54.31 -2.45909e-05
54.32 -2.59858e-05
54.33 -2.72901e-05
54.34 -2.84995e-05
54.35 -2.96103e-05
54.36 -3.06187e-05
54.37 -3.15216e-05
54.38 -3.23161e-05
54.39 -3.29999e-05
54.4 -3.35708e-05
54.41 -3.40271e-05
54.42 -3.43677e-05
54.43 -3.45916e-05
54.44 -3.46984e-05
54.45 -3.4688e-05
54.46 -3.45608e-05
54.47 -3.43176e-05
54.48 -3.39593e-05
54.49 -3.34877e-05
54.5 -3.29045e-05
54.51 -3.22121e-05
54.52 -3.14131e-05
54.53 -3.05105e-05
54.54 -2.95076e-05
54.55 -2.84082e-05
54.56 -2.72161e-05
54.57 -2.59356e-05
54.58 -2.45715e-05
54.59 -2.31284e-05
54.6 -2.16114e-05
54.61 -2.0026e-05
54.62 -1.83777e-05
54.63 -1.66722e-05
54.64 -1.49154e-05
54.65 -1.31135e-05
54.66 -1.12727e-05
54.67 -9.39938e-06
54.68 -7.49994e-06
54.69 -5.58094e-06
54.7 -3.64897e-06
54.71 -1.71065e-06
54.72 2.2738e-07
54.73 2.15851e-06
54.74 4.07613e-06
54.75 5.97374e-06
54.76 7.84487e-06
54.77 9.68318e-06
54.78 1.14824e-05
54.79 1.32366e-05
54.8 1.49397e-05
54.81 1.6586e-05
54.82 1.81701e-05
54.83 1.96865e-05
54.84 2.11304e-05
54.85 2.24968e-05
54.86 2.37814e-05
54.87 2.49798e-05
54.88 2.60881e-05
54.89 2.71029e-05
54.9 2.80207e-05
54.91 2.88388e-05
54.92 2.95546e-05
54.93 3.01658e-05
54.94 3.06707e-05
54.95 3.10677e-05
54.96 3.13559e-05
54.97 3.15344e-05
54.98 3.1603e-05
54.99 3.15618e-05
