6058.47 -696.841
12117 -1397.75
18175.5 -2098.67
24234.1 -2799.6
30292.7 -3500.53
36351.3 -4201.46
42410 -4902.4
48468.7 -5603.34
54527.5 -6304.29
60586.3 -7005.24
66645.1 -7706.2
72703.9 -8407.16
78762.8 -9108.05
84821.7 -9809.01
90880.6 -10510
96939.6 -11211
102999 -11911.9
109058 -12612.9
115117 -13313.9
121176 -14014.9
127235 -14715.9
133294 -15416.9
139354 -16117.9
145413 -16818.9
151472 -17520
157531 -18221
163591 -18922
169650 -19623.1
175710 -20324.1
181769 -21025.1
187829 -21726.2
193888 -22427.3
199948 -23128.3
206008 -23829.4
212067 -24530.5
218127 -25231.5
224187 -25932.6
230247 -26633.7
236306 -27334.8
242366 -28035.9
248426 -28737
254486 -29438.1
260546 -30139.3
266606 -30840.4
272666 -31541.5
278726 -32242.7
284787 -32943.8
290847 -33644.9
296907 -34346.1
302967 -35047.3
309028 -35748.4
315088 -36449.6
321148 -37150.8
327209 -37851.9
333269 -38553.1
339330 -39254.3
345390 -39955.5
351451 -40656.7
357512 -41357.9
363572 -42059.2
369633 -42760.4
375694 -43461.6
381755 -44162.9
387816 -44864.1
393877 -45565.3
399926 -46265
405958 -46962.4
411979 -47658.7
417977 -48352.5
423956 -49045.1
429907 -49733.9
435825 -50418.4
441725 -51099.5
447585 -51775.2
453406 -52444.9
459147 -53108.4
464870 -53772.4
470555 -54439.1
476217 -55105
481852 -55769.7
487416 -56423.8
492896 -57071.7
498302 -57713.5
503650 -58351
508951 -58996.6
514190 -59645.1
519344 -60298.9
524432 -60954.8
529415 -61621.8
534318 -62284.6
539136 -62944.8
543866 -63601.6
548476 -64255.5
552992 -64930.1
557441 -65627.3
561815 -66338.4
566125 -67051.3
570371 -67764.6
574556 -68489.1
578623 -69225.3
582552 -70008.7
586365 -70803.6
590118 -71593.3
593793 -72416.2
597404 -73254
600931 -74117
604399 -75007.9
607769 -75929.8
611052 -76857.7
614257 -77819.3
617312 -78812.6
620268 -79807
623129 -80812.7
625908 -81807.5
628653 -82808.4
631314 -83852.5
633920 -84932.9
636469 -86030.4
638959 -87146
641418 -88259.5
643817 -89376.3
646150 -90501.9
648421 -91617.9
650630 -92764.3
652797 -93917.6
654913 -95041.9
656975 -96188.1
658996 -97342
660984 -98475.7
662937 -99542.9
664871 -100608
666785 -101677
668680 -102702
670514 -103656
672317 -104597
674092 -105557
675844 -106507
677571 -107409
679269 -108271
680945 -109120
682598 -109958
684234 -110786
685851 -111575
687434 -112345
688987 -113106
690512 -113825
692000 -114520
693471 -115209
694907 -115872
696305 -116479
697687 -117075
699048 -117659
700379 -118228
701680 -118762
702947 -119245
704185 -119705
705391 -120149
706568 -120592
707715 -121018
708841 -121439
709951 -121831
711042 -122207
712120 -122571
713187 -122899
714236 -123230
715262 -123559
716281 -123884
717288 -124203
718285 -124515
719260 -124814
720221 -125095
721172 -125349
722116 -125600
723049 -125850
723975 -126099
724894 -126347
725797 -126597
726676 -126854
727533 -127110
728369 -127346
729180 -127582
729975 -127821
730757 -128060
731510 -128300
732252 -128536
732984 -128769
733711 -129000
734429 -129227
735140 -129450
735842 -129646
736539 -129845
737228 -130040
737912 -130230
738587 -130415
739256 -130597
739923 -130778
740588 -130959
741246 -131140
741898 -131324
742544 -131505
743182 -131684
743812 -131862
744436 -132038
745055 -132210
745666 -132380
746274 -132547
746882 -132714
747487 -132881
748087 -133047
748680 -133196
749268 -133342
749853 -133486
750434 -133629
751012 -133770
751584 -133911
752153 -134047
752717 -134182
753277 -134315
753831 -134445
754381 -134574
754926 -134703
755467 -134832
756001 -134961
756531 -135080
757057 -135195
757573 -135310
758081 -135422
758581 -135533
759080 -135643
759573 -135753
760063 -135861
760552 -135970
761041 -136079
761522 -136185
761988 -136287
762444 -136384
762898 -136482
763351 -136580
763802 -136676
764252 -136769
764698 -136861
765138 -136950
765573 -137040
766003 -137128
766429 -137216
766851 -137304
767270 -137392
767684 -137479
768093 -137569
768500 -137660
768905 -137750
769306 -137840
769707 -137929
770108 -138018
770508 -138107
770904 -138195
771297 -138283
771689 -138371
772079 -138457
772467 -138543
772853 -138628
773237 -138714
773621 -138799
774000 -138881
774371 -138958
774739 -139035
775105 -139112
775471 -139188
775835 -139264
776196 -139338
776554 -139412
776908 -139486
777261 -139559
777606 -139630
777950 -139699
778291 -139766
778630 -139832
778968 -139896
779306 -139961
779643 -140026
779979 -140092
780311 -140156
780641 -140216
780970 -140276
781296 -140335
781619 -140393
781940 -140451
782258 -140509
782572 -140566
782885 -140623
783197 -140680
783508 -140737
783817 -140793
784126 -140849
784434 -140905
784738 -140960
785040 -141015
785342 -141070
785643 -141124
785943 -141178
786242 -141230
786535 -141284
786827 -141338
787116 -141391
787403 -141443
787691 -141496
787977 -141547
788263 -141599
788549 -141648
788832 -141693
789114 -141737
789394 -141781
789673 -141825
789952 -141868
790230 -141911
790507 -141954
790781 -141993
791056 -142032
791330 -142071
791605 -142110
791878 -142148
792151 -142186
792423 -142224
792695 -142262
792965 -142301
793234 -142342
793501 -142382
793768 -142421
794034 -142461
794300 -142500
794565 -142539
794828 -142579
795090 -142620
795351 -142660
795610 -142701
795868 -142742
796125 -142781
796381 -142821
796636 -142861
796888 -142901
797136 -142941
797383 -142980
797629 -143018
797874 -143055
798118 -143093
798361 -143129
798599 -143165
798833 -143202
799068 -143238
799302 -143272
799537 -143307
799771 -143342
800000 -143374
800228 -143405
800455 -143436
800681 -143468
800907 -143499
801131 -143530
801356 -143560
801580 -143590
801801 -143621
802023 -143651
802244 -143681
802464 -143711
802683 -143742
802902 -143772
803121 -143801
803337 -143831
803552 -143860
803767 -143889
803981 -143918
804195 -143948
804409 -143976
804622 -144004
804834 -144033
805045 -144060
805255 -144087
805465 -144114
805674 -144138
805882 -144162
806091 -144187
806298 -144211
806505 -144235
806712 -144258
806919 -144281
807123 -144299
807325 -144317
807526 -144334
807725 -144351
807924 -144367
808123 -144384
808320 -144400
808518 -144416
808714 -144433
808909 -144452
809103 -144470
809295 -144489
809486 -144508
809676 -144526
809865 -144544
810055 -144563
810245 -144581
810435 -144599
810624 -144619
810812 -144640
810999 -144661
811186 -144682
811374 -144703
811560 -144722
811746 -144740
811932 -144758
812117 -144776
812303 -144795
812488 -144813
812672 -144832
812857 -144850
813042 -144868
813226 -144886
813410 -144904
813594 -144921
813776 -144938
813958 -144954
814139 -144971
814320 -144987
814500 -145002
814678 -145017
814856 -145032
815034 -145047
815212 -145062
815388 -145077
815564 -145093
815739 -145109
815915 -145124
816091 -145140
816266 -145155
816441 -145171
816615 -145186
816789 -145201
816963 -145217
817137 -145232
817310 -145248
817481 -145261
817650 -145276
817820 -145291
817989 -145305
818159 -145320
818328 -145334
818497 -145349
818666 -145363
818835 -145377
819003 -145391
819172 -145404
819340 -145417
819508 -145429
819676 -145441
819844 -145454
820013 -145466
820180 -145478
820347 -145491
820514 -145504
820680 -145516
820845 -145528
821010 -145538
821174 -145548
821337 -145558
821499 -145568
821661 -145579
821823 -145589
821984 -145598
822145 -145607
822305 -145616
822465 -145626
822625 -145635
822784 -145645
822942 -145656
823099 -145668
823255 -145681
823412 -145693
823568 -145705
823725 -145717
823881 -145729
824037 -145741
824193 -145753
824349 -145765
824505 -145776
824659 -145787
824814 -145798
824967 -145812
825120 -145826
825272 -145842
825424 -145859
825575 -145875
825726 -145892
825878 -145910
826029 -145926
826180 -145943
826330 -145960
826481 -145976
826630 -145992
826778 -146013
826926 -146034
827073 -146055
827221 -146076
827368 -146098
827515 -146120
827662 -146142
827809 -146164
827956 -146185
828103 -146207
828249 -146229
828395 -146251
828541 -146272
828687 -146294
828831 -146317
828976 -146340
829119 -146362
829262 -146383
829404 -146403
829547 -146424
829689 -146444
829830 -146465
829972 -146485
830113 -146505
830253 -146524
830394 -146543
830534 -146562
830674 -146581
830814 -146599
830953 -146618
831093 -146637
831232 -146655
831371 -146672
831509 -146689
831648 -146707
831786 -146723
831923 -146740
832061 -146756
832198 -146772
832334 -146789
832470 -146806
832606 -146822
832743 -146839
832879 -146855
833015 -146872
833150 -146888
833286 -146904
833422 -146919
833558 -146934
833693 -146949
833829 -146964
833965 -146979
834100 -146994
834236 -147010
834371 -147026
834506 -147042
834641 -147058
834776 -147073
834910 -147088
835044 -147105
835178 -147121
835311 -147137
835444 -147154
835577 -147172
835710 -147190
835842 -147207
835975 -147225
836107 -147241
836239 -147257
836371 -147273
836503 -147288
836635 -147304
836766 -147319
836898 -147334
837029 -147349
837160 -147364
837292 -147378
837423 -147393
837554 -147407
837685 -147421
837816 -147436
837946 -147450
838077 -147465
838207 -147480
838337 -147496
838467 -147511
838597 -147526
838727 -147540
838857 -147556
838986 -147571
839116 -147586
839245 -147602
839374 -147619
839503 -147635
839631 -147652
839760 -147668
839888 -147685
840016 -147701
840144 -147717
840271 -147733
840399 -147748
840526 -147765
840653 -147781
840780 -147797
840908 -147813
841035 -147828
841161 -147844
841288 -147860
841415 -147876
841542 -147890
841668 -147905
841794 -147919
841919 -147934
842044 -147950
842169 -147966
842293 -147981
842418 -147997
842542 -148012
842666 -148027
842790 -148041
842914 -148055
843037 -148069
843161 -148083
843285 -148097
843409 -148111
843532 -148125
843656 -148139
843780 -148153
843903 -148168
844027 -148182
844150 -148195
844273 -148208
844396 -148222
844519 -148235
844642 -148247
844764 -148261
844886 -148274
845008 -148288
845131 -148302
845253 -148316
845375 -148328
845497 -148341
845618 -148353
845740 -148365
845862 -148375
845983 -148386
846105 -148397
846226 -148408
846348 -148419
846469 -148431
846590 -148443
846712 -148455
846833 -148467
846953 -148477
847074 -148488
847194 -148499
847315 -148509
847435 -148518
847555 -148528
847675 -148536
847795 -148544
847915 -148552
848034 -148560
848154 -148568
848273 -148576
848393 -148585
848512 -148593
848631 -148602
848750 -148610
848870 -148618
848989 -148627
849107 -148634
849226 -148641
849345 -148648
849464 -148655
849582 -148662
849700 -148669
849818 -148676
849935 -148682
850053 -148688
850170 -148694
850287 -148700
850404 -148706
850521 -148712
850638 -148718
850755 -148723
850872 -148729
850989 -148735
851106 -148741
851222 -148747
851339 -148753
851455 -148760
851572 -148767
851688 -148773
851805 -148780
851921 -148787
852037 -148793
852153 -148799
852269 -148805
852384 -148811
852500 -148816
852615 -148820
852729 -148823
852843 -148826
852958 -148830
853072 -148833
853186 -148836
853299 -148840
853412 -148844
853526 -148847
853639 -148851
853752 -148855
853865 -148860
853978 -148864
854091 -148868
854204 -148872
854317 -148877
854430 -148882
854542 -148888
854655 -148893
854768 -148898
854881 -148903
854993 -148909
855106 -148915
855218 -148920
855330 -148926
855441 -148931
855553 -148937
855664 -148942
855776 -148947
855887 -148952
855999 -148957
856110 -148961
856222 -148966
856333 -148971
856445 -148975
856556 -148979
856668 -148984
856779 -148990
856889 -148994
857000 -148999
857111 -149004
857222 -149009
857332 -149014
857443 -149019
857554 -149025
857665 -149030
857775 -149034
857886 -149039
857997 -149044
858108 -149049
858218 -149053
858329 -149057
858439 -149060
858549 -149063
858659 -149066
858769 -149069
858879 -149072
858989 -149075
859099 -149077
859209 -149080
859319 -149083
859428 -149086
859538 -149089
859647 -149092
859757 -149095
859866 -149097
859976 -149101
860085 -149104
860194 -149106
860303 -149108
860412 -149110
860521 -149112
860630 -149114
860738 -149116
860846 -149117
860955 -149119
861063 -149121
861171 -149123
861279 -149124
861387 -149126
861495 -149128
861603 -149130
861711 -149132
861819 -149134
861927 -149136
862035 -149138
862142 -149140
862250 -149144
862357 -149147
862465 -149150
862572 -149153
862679 -149156
862786 -149159
862893 -149161
863000 -149164
863107 -149166
863214 -149169
863321 -149171
863427 -149175
863534 -149179
863640 -149183
863746 -149187
863853 -149190
863959 -149193
864064 -149196
864170 -149198
864275 -149201
864380 -149204
864485 -149207
864590 -149211
864695 -149214
864800 -149218
864905 -149221
865009 -149224
865114 -149228
865219 -149231
865324 -149234
865428 -149237
865533 -149239
865637 -149242
865742 -149245
865846 -149247
865950 -149249
866054 -149251
866157 -149251
866261 -149252
866364 -149253
866468 -149253
866571 -149254
866674 -149255
866778 -149256
866881 -149257
866984 -149258
867087 -149260
867190 -149262
867293 -149263
867396 -149264
867498 -149265
867601 -149266
867703 -149266
867806 -149267
867908 -149268
868011 -149270
868113 -149272
868215 -149273
868317 -149275
868419 -149276
868522 -149278
868624 -149279
868726 -149280
868828 -149281
868930 -149282
869032 -149283
869134 -149284
869236 -149285
869338 -149286
869440 -149287
869542 -149287
869644 -149288
869746 -149288
869847 -149288
869949 -149289
870051 -149288
870152 -149288
870253 -149288
870355 -149288
870456 -149287
870557 -149287
870658 -149287
870760 -149287
870861 -149287
870962 -149286
871064 -149286
871165 -149285
871266 -149285
871367 -149285
871468 -149285
871569 -149284
871670 -149284
871770 -149283
871871 -149283
871971 -149282
872071 -149281
872172 -149280
872272 -149279
872372 -149278
872472 -149276
872571 -149275
872671 -149273
872771 -149272
872870 -149271
872970 -149271
873069 -149270
873169 -149269
873268 -149269
873367 -149268
873467 -149267
873566 -149267
873666 -149267
873765 -149267
873864 -149268
873963 -149269
874062 -149270
874161 -149271
874260 -149271
874359 -149272
874458 -149273
874557 -149274
874655 -149275
874754 -149276
874853 -149277
874952 -149278
875051 -149279
875150 -149280
875249 -149280
875348 -149281
875447 -149282
875545 -149282
875644 -149283
875743 -149284
875842 -149285
875940 -149285
876039 -149286
876137 -149286
876235 -149286
876333 -149286
876431 -149286
876529 -149286
876627 -149286
876725 -149286
876823 -149286
876920 -149284
877018 -149283
877115 -149282
877212 -149281
877309 -149280
877406 -149279
877503 -149279
877600 -149279
877696 -149279
877793 -149278
877889 -149277
877986 -149276
878082 -149275
878179 -149274
878275 -149273
878372 -149272
878468 -149271
878564 -149270
878661 -149269
878757 -149268
