0.01 -4.98122e-07
0.02 -5.03403e-07
0.03 -5.0668e-07
0.04 -4.74666e-07
0.05 -3.45828e-07
0.06 -6.13755e-08
0.07 3.94135e-07
0.08 9.8011e-07
0.09 1.62838e-06
0.1 2.28932e-06
0.11 2.96078e-06
0.12 3.68473e-06
0.13 4.52134e-06
0.14 5.51654e-06
0.15 6.67326e-06
0.16 7.93421e-06
0.17 9.18733e-06
0.18 1.03042e-05
0.19 1.12079e-05
0.2 1.19385e-05
0.21 1.26644e-05
0.22 1.36025e-05
0.23 1.48815e-05
0.24 1.64504e-05
0.25 1.81236e-05
0.26 1.97474e-05
0.27 2.13509e-05
0.28 2.31449e-05
0.29 2.53666e-05
0.3 2.80871e-05
0.31 3.11125e-05
0.32 3.40478e-05
0.33 3.65049e-05
0.34 3.83277e-05
0.35 3.96809e-05
0.36 4.09615e-05
0.37 4.26307e-05
0.38 4.50575e-05
0.39 4.83629e-05
0.4 5.226e-05
0.41 5.60239e-05
0.42 5.87511e-05
0.43 5.98568e-05
0.44 5.95015e-05
0.45 5.86044e-05
0.46 5.83452e-05
0.47 5.94131e-05
0.48 6.14665e-05
0.49 6.32e-05
0.5 6.30856e-05
0.51 6.04257e-05
0.52 5.60571e-05
0.53 5.21322e-05
0.54 5.09352e-05
0.55 5.33925e-05
0.56 5.82778e-05
0.57 6.27402e-05
0.58 6.39038e-05
0.59 6.05724e-05
0.6 5.39916e-05
0.61 4.71962e-05
0.62 4.33013e-05
0.63 4.37159e-05
0.64 4.73475e-05
0.65 5.13225e-05
0.66 5.28436e-05
0.67 5.10799e-05
0.68 4.78604e-05
0.69 4.6514e-05
0.7 4.9368e-05
0.71 5.5582e-05
0.72 6.11168e-05
0.73 6.12358e-05
0.74 5.39379e-05
0.75 4.17847e-05
0.76 3.06235e-05
0.77 2.60273e-05
0.78 2.99907e-05
0.79 4.00947e-05
0.8 5.13582e-05
0.81 5.9128e-05
0.82 6.1033e-05
0.83 5.71937e-05
0.84 4.92851e-05
0.85 3.9545e-05
0.86 3.02703e-05
0.87 2.35481e-05
0.88 2.07393e-05
0.89 2.16523e-05
0.9 2.39404e-05
0.91 2.35081e-05
0.92 1.63393e-05
0.93 1.17157e-06
0.94 -1.8623e-05
0.95 -3.57685e-05
0.96 -4.28418e-05
0.97 -3.70544e-05
0.98 -2.26286e-05
0.99 -8.65177e-06
1 -3.65867e-06
1.01 -1.07271e-05
1.02 -2.63168e-05
1.03 -4.3108e-05
1.04 -5.43998e-05
1.05 -5.71697e-05
1.06 -5.2432e-05
1.07 -4.34678e-05
1.08 -3.35067e-05
1.09 -2.42698e-05
1.1 -1.59077e-05
1.11 -7.94471e-06
1.12 -3.4778e-07
1.13 6.09384e-06
1.14 1.04067e-05
1.15 1.26838e-05
1.16 1.49015e-05
1.17 2.0244e-05
1.18 3.08566e-05
1.19 4.55002e-05
1.2 5.93272e-05
1.21 6.66844e-05
1.22 6.52484e-05
1.23 5.83514e-05
1.24 5.35422e-05
1.25 5.82181e-05
1.26 7.51776e-05
1.27 0.000100742
1.28 0.000126278
1.29 0.000142178
1.3 0.000142454
1.31 0.000127938
1.32 0.000106245
1.33 8.78954e-05
1.34 8.03177e-05
1.35 8.34787e-05
1.36 9.04201e-05
1.37 9.25505e-05
1.38 8.57175e-05
1.39 7.22271e-05
1.4 5.73254e-05
1.41 4.36901e-05
1.42 2.94221e-05
1.43 1.15117e-05
1.44 -9.01392e-06
1.45 -2.6116e-05
1.46 -3.36385e-05
1.47 -3.14534e-05
1.48 -2.65799e-05
1.49 -2.7922e-05
1.5 -3.94784e-05
1.51 -5.79931e-05
1.52 -7.63951e-05
1.53 -8.91554e-05
1.54 -9.48176e-05
1.55 -9.44804e-05
1.56 -8.89473e-05
1.57 -7.79514e-05
1.58 -6.20205e-05
1.59 -4.42759e-05
1.6 -2.92574e-05
1.61 -1.90899e-05
1.62 -1.07214e-05
1.63 2.12607e-06
1.64 2.29452e-05
1.65 4.77125e-05
1.66 6.65689e-05
1.67 7.1344e-05
1.68 6.26476e-05
1.69 5.0294e-05
1.7 4.66358e-05
1.71 5.84002e-05
1.72 8.3303e-05
1.73 0.000113013
1.74 0.000138874
1.75 0.000155767
1.76 0.00016256
1.77 0.000160952
1.78 0.000154935
1.79 0.000150731
1.8 0.000155079
1.81 0.000170946
1.82 0.000193495
1.83 0.00021084
1.84 0.000210872
1.85 0.000189714
1.86 0.000154931
1.87 0.000120448
1.88 9.7017e-05
1.89 8.5809e-05
1.9 7.98286e-05
1.91 7.1187e-05
1.92 5.76732e-05
1.93 4.31478e-05
1.94 3.18198e-05
1.95 2.20209e-05
1.96 5.80821e-06
1.97 -2.45991e-05
1.98 -6.9188e-05
1.99 -0.000118297
2 -0.000158223
2.01 -0.000179481
2.02 -0.000181368
2.03 -0.000170394
2.04 -0.000155322
2.05 -0.000143261
2.06 -0.000138742
2.07 -0.000144043
2.08 -0.000158481
2.09 -0.000177111
2.1 -0.000191488
2.11 -0.000193769
2.12 -0.00018165
2.13 -0.00015996
2.14 -0.00013728
2.15 -0.000120368
2.16 -0.000111046
2.17 -0.000107584
2.18 -0.000108304
2.19 -0.000113316
2.2 -0.000122678
2.21 -0.000133302
2.22 -0.000138571
2.23 -0.000132206
2.24 -0.000113589
2.25 -8.99318e-05
2.26 -7.30472e-05
2.27 -7.28506e-05
2.28 -9.21721e-05
2.29 -0.000126175
2.3 -0.000166097
2.31 -0.000204394
2.32 -0.000238437
2.33 -0.000271583
2.34 -0.000311805
2.35 -0.000368566
2.36 -0.000448647
2.37 -0.00055204
2.38 -0.000669589
2.39 -0.000784014
2.4 -0.000874788
2.41 -0.000925618
2.42 -0.000931674
2.43 -0.000902711
2.44 -0.000859388
2.45 -0.000823863
2.46 -0.000809471
2.47 -0.000815028
2.48 -0.000826492
2.49 -0.000824611
2.5 -0.000794411
2.51 -0.000732114
2.52 -0.000646961
2.53 -0.000557907
2.54 -0.000486928
2.55 -0.000451226
2.56 -0.000456707
2.57 -0.000495139
2.58 -0.000546738
2.59 -0.000587884
2.6 -0.00060105
2.61 -0.000582347
2.62 -0.000542605
2.63 -0.000500825
2.64 -0.00047307
2.65 -0.000463118
2.66 -0.000461026
2.67 -0.000451206
2.68 -0.000424987
2.69 -0.000388683
2.7 -0.000360583
2.71 -0.000358071
2.72 -0.000383899
2.73 -0.000421824
2.74 -0.000444999
2.75 -0.00043136
2.76 -0.000375782
2.77 -0.000291687
2.78 -0.000202339
2.79 -0.000128324
2.8 -7.84164e-05
2.81 -4.7186e-05
2.82 -1.8442e-05
2.83 2.82454e-05
2.84 0.000110487
2.85 0.000237393
2.86 0.000406987
2.87 0.000607975
2.88 0.000825202
2.89 0.00104513
2.9 0.00125698
2.91 0.00144887
2.92 0.00160369
2.93 0.00169991
2.94 0.00171872
2.95 0.00165413
2.96 0.00152032
2.97 0.00135076
2.98 0.00118755
2.99 0.00106625
3 0.0010047
3.01 0.00100047
3.02 0.00103586
3.03 0.00108609
3.04 0.00112725
3.05 0.00114137
3.06 0.00111785
3.07 0.00105305
3.08 0.000951047
3.09 0.000825726
3.1 0.000700689
3.11 0.000603321
3.12 0.000554393
3.13 0.000559156
3.14 0.00060548
3.15 0.000669483
3.16 0.000724082
3.17 0.000745741
3.18 0.000718901
3.19 0.000640107
3.2 0.000521282
3.21 0.000388185
3.22 0.000271559
3.23 0.000194008
3.24 0.000159949
3.25 0.000154844
3.26 0.000154204
3.27 0.000136893
3.28 9.50256e-05
3.29 3.51391e-05
3.3 -2.92985e-05
3.31 -8.86047e-05
3.32 -0.000143544
3.33 -0.000203753
3.34 -0.000279581
3.35 -0.00037328
3.36 -0.000475372
3.37 -0.0005681
3.38 -0.000633781
3.39 -0.00066401
3.4 -0.000665437
3.41 -0.000658423
3.42 -0.000667801
3.43 -0.000710058
3.44 -0.000784532
3.45 -0.000873973
3.46 -0.000953494
3.47 -0.00100195
3.48 -0.00100979
3.49 -0.00098085
3.5 -0.000929336
3.51 -0.000874084
3.52 -0.000832063
3.53 -0.00081257
3.54 -0.000813925
3.55 -0.000824576
3.56 -0.000829063
3.57 -0.000816472
3.58 -0.000786564
3.59 -0.000749293
3.6 -0.00071744
3.61 -0.000697079
3.62 -0.000682725
3.63 -0.000661355
3.64 -0.000623412
3.65 -0.000572968
3.66 -0.000528447
3.67 -0.000511794
3.68 -0.000533156
3.69 -0.000582244
3.7 -0.000632617
3.71 -0.000655452
3.72 -0.000633122
3.73 -0.000565007
3.74 -0.000465082
3.75 -0.000356023
3.76 -0.000263877
3.77 -0.000212729
3.78 -0.000216695
3.79 -0.00027047
3.8 -0.000345326
3.81 -0.000397221
3.82 -0.000385841
3.83 -0.000294451
3.84 -0.00013831
3.85 4.36578e-05
3.86 0.000208297
3.87 0.000326489
3.88 0.000390864
3.89 0.000412558
3.9 0.00041313
3.91 0.000416963
3.92 0.000445073
3.93 0.000509004
3.94 0.000605119
3.95 0.000712421
3.96 0.000797664
3.97 0.000828246
3.98 0.000787637
3.99 0.000684386
4 0.000548016
4.01 0.000412998
4.02 0.000300516
4.03 0.000210257
4.04 0.000127702
4.05 4.06404e-05
4.06 -4.83729e-05
4.07 -0.00012267
4.08 -0.000163095
4.09 -0.000160718
4.1 -0.0001222
4.11 -6.61834e-05
4.12 -1.45522e-05
4.13 1.61587e-05
4.14 1.97684e-05
4.15 1.03685e-06
4.16 -2.7553e-05
4.17 -5.16172e-05
4.18 -6.12014e-05
4.19 -5.50781e-05
4.2 -4.16237e-05
4.21 -3.63643e-05
4.22 -5.64394e-05
4.23 -0.000112788
4.24 -0.000203856
4.25 -0.000316866
4.26 -0.000438402
4.27 -0.000566339
4.28 -0.000710615
4.29 -0.000879653
4.3 -0.00106436
4.31 -0.00123421
4.32 -0.00134698
4.33 -0.00136459
4.34 -0.00126953
4.35 -0.00107799
4.36 -0.000839813
4.37 -0.000619026
4.38 -0.000464847
4.39 -0.000391311
4.4 -0.000374601
4.41 -0.00036447
4.42 -0.000302855
4.43 -0.000145316
4.44 0.000119682
4.45 0.000462694
4.46 0.000823946
4.47 0.00113846
4.48 0.00136119
4.49 0.00148147
4.5 0.00152525
4.51 0.00154381
4.52 0.00158833
4.53 0.00168249
4.54 0.0018152
4.55 0.00195755
4.56 0.00208374
4.57 0.00217701
4.58 0.00222333
4.59 0.00220791
4.6 0.0021214
4.61 0.00197042
4.62 0.0017818
4.63 0.00159463
4.64 0.00144367
4.65 0.00134433
4.66 0.00128844
4.67 0.00125244
4.68 0.00121183
4.69 0.00115218
4.7 0.00107143
4.71 0.000974611
4.72 0.000866112
4.73 0.000744093
4.74 0.00059942
4.75 0.000420067
4.76 0.000199823
4.77 -5.32134e-05
4.78 -0.00031479
4.79 -0.000552534
4.8 -0.000739723
4.81 -0.00086581
4.82 -0.000937829
4.83 -0.000974989
4.84 -0.0010027
4.85 -0.00104709
4.86 -0.00112555
4.87 -0.00123496
4.88 -0.00134924
4.89 -0.00143356
4.9 -0.00146489
4.91 -0.00144202
4.92 -0.00138029
4.93 -0.00129972
4.94 -0.00121612
4.95 -0.00113784
4.96 -0.00106704
4.97 -0.0010037
4.98 -0.000949615
4.99 -0.000909764
5 -0.000890414
5.01 -0.000896028
5.02 -0.000927069
5.03 -0.000979229
5.04 -0.00104373
5.05 -0.00110891
5.06 -0.00116348
5.07 -0.00120077
5.08 -0.00122176
5.09 -0.00123423
5.1 -0.00124727
5.11 -0.00126349
5.12 -0.00127377
5.13 -0.00125881
5.14 -0.00119777
5.15 -0.00107996
5.16 -0.000913003
5.17 -0.000722592
5.18 -0.000542201
5.19 -0.000396357
5.2 -0.000284913
5.21 -0.000177762
5.22 -2.71193e-05
5.23 0.000204924
5.24 0.000519886
5.25 0.000877478
5.26 0.0012149
5.27 0.00147467
5.28 0.00162494
5.29 0.00166803
5.3 0.00163488
5.31 0.00156483
5.32 0.00148479
5.33 0.00140669
5.34 0.00134076
5.35 0.00130389
5.36 0.00131287
5.37 0.00137137
5.38 0.00146231
5.39 0.00155011
5.4 0.00159265
5.41 0.00155969
5.42 0.00144938
5.43 0.00129249
5.44 0.00114011
5.45 0.0010404
5.46 0.00101677
5.47 0.00105842
5.48 0.00112745
5.49 0.00117868
5.5 0.00118163
5.51 0.0011333
5.52 0.00105573
5.53 0.000981378
5.54 0.000935697
5.55 0.000926184
5.56 0.000941814
5.57 0.000961144
5.58 0.000963991
5.59 0.000941263
5.6 0.000898797
5.61 0.000853611
5.62 0.000824252
5.63 0.000820078
5.64 0.000835109
5.65 0.000849652
5.66 0.000838682
5.67 0.000782891
5.68 0.000677484
5.69 0.000534708
5.7 0.000378568
5.71 0.000233796
5.72 0.000114556
5.73 1.89779e-05
5.74 -6.76096e-05
5.75 -0.000163112
5.76 -0.000278777
5.77 -0.000414413
5.78 -0.000560012
5.79 -0.000701049
5.8 -0.000824275
5.81 -0.000922675
5.82 -0.000998465
5.83 -0.0010614
5.84 -0.00112111
5.85 -0.00117806
5.86 -0.00122131
5.87 -0.00123597
5.88 -0.00121442
5.89 -0.0011626
5.9 -0.00109757
5.91 -0.00103949
5.92 -0.00100308
5.93 -0.000992499
5.94 -0.00100088
5.95 -0.00101394
5.96 -0.00101568
5.97 -0.000993954
5.98 -0.000943766
5.99 -0.000867913
6 -0.000775151
6.01 -0.000676904
6.02 -0.000583495
6.03 -0.00050085
6.04 -0.000428717
6.05 -0.000361446
6.06 -0.000291608
6.07 -0.00021515
6.08 -0.000135316
6.09 -6.25706e-05
6.1 -9.5995e-06
6.11 1.64118e-05
6.12 1.96562e-05
6.13 1.55504e-05
6.14 2.37858e-05
6.15 5.81536e-05
6.16 0.00011891
6.17 0.000192001
6.18 0.000255567
6.19 0.000290333
6.2 0.000288689
6.21 0.000258074
6.22 0.000217225
6.23 0.00018742
6.24 0.000183262
6.25 0.000207381
6.26 0.000250948
6.27 0.000298883
6.28 0.000336819
6.29 0.000356867
6.3 0.000360384
6.31 0.00035729
6.32 0.000362303
6.33 0.000389106
6.34 0.000444219
6.35 0.000523058
6.36 0.00061049
6.37 0.000686397
6.38 0.000734035
6.39 0.000747173
6.4 0.000732579
6.41 0.000706886
6.42 0.000689325
6.43 0.000693213
6.44 0.000719617
6.45 0.000756246
6.46 0.000782784
6.47 0.000780497
6.48 0.000741174
6.49 0.000670876
6.5 0.00058696
6.51 0.000510092
6.52 0.000454757
6.53 0.000422185
6.54 0.000398954
6.55 0.000362648
6.56 0.000292686
6.57 0.000181321
6.58 3.8928e-05
6.59 -0.000109658
6.6 -0.000236396
6.61 -0.000323533
6.62 -0.000372403
6.63 -0.00040255
6.64 -0.000441146
6.65 -0.000508364
6.66 -0.000606987
6.67 -0.000722019
6.68 -0.000829805
6.69 -0.000910496
6.7 -0.000956579
6.71 -0.000973821
6.72 -0.000975961
6.73 -0.000977375
6.74 -0.000987697
6.75 -0.00101011
6.76 -0.00104275
6.77 -0.00108136
6.78 -0.00112168
6.79 -0.00116039
6.8 -0.00119468
6.81 -0.00122092
6.82 -0.0012338
6.83 -0.00122663
6.84 -0.00119348
6.85 -0.00113265
6.86 -0.0010501
6.87 -0.00096016
6.88 -0.000881503
6.89 -0.000829242
6.9 -0.000806882
6.91 -0.00080323
6.92 -0.000796751
6.93 -0.000765431
6.94 -0.000697014
6.95 -0.000594426
6.96 -0.000473749
6.97 -0.00035594
6.98 -0.000256789
6.99 -0.00018066
7 -0.000121258
7.01 -6.81593e-05
7.02 -1.44091e-05
7.03 3.94461e-05
7.04 8.66617e-05
7.05 0.00011957
7.06 0.00013545
7.07 0.00013917
7.08 0.000140519
7.09 0.000147701
7.1 0.000161508
7.11 0.000174633
7.12 0.00017687
7.13 0.000162175
7.14 0.000131899
7.15 9.19202e-05
7.16 4.68392e-05
7.17 -3.5692e-06
7.18 -6.34802e-05
7.19 -0.000137691
7.2 -0.000228865
7.21 -0.000336548
7.22 -0.000457434
7.23 -0.000586245
7.24 -0.000717117
7.25 -0.00084522
7.26 -0.000967712
7.27 -0.00108308
7.28 -0.00118904
7.29 -0.00128081
7.3 -0.00135178
7.31 -0.0013974
7.32 -0.00141956
7.33 -0.00142705
7.34 -0.00143069
7.35 -0.00143626
7.36 -0.00144124
7.37 -0.00143779
7.38 -0.0014193
7.39 -0.00138548
7.4 -0.00134283
7.41 -0.00130128
7.42 -0.00126997
7.43 -0.00125471
7.44 -0.00125725
7.45 -0.00127496
7.46 -0.00130062
7.47 -0.00132367
7.48 -0.00133424
7.49 -0.00132835
7.5 -0.00131064
7.51 -0.00129225
7.52 -0.00128485
7.53 -0.00129474
7.54 -0.00132043
7.55 -0.00135448
7.56 -0.00138753
7.57 -0.00141178
7.58 -0.00142213
7.59 -0.00141503
7.6 -0.00138675
7.61 -0.00133281
7.62 -0.00124926
7.63 -0.00113479
7.64 -0.000992092
7.65 -0.000827746
7.66 -0.000650663
7.67 -0.000468202
7.68 -0.000278413
7.69 -6.09433e-05
7.7 0.000223453
7.71 0.000616778
7.72 0.0011393
7.73 0.00177385
7.74 0.00246161
7.75 0.00310271
7.76 0.00357146
7.77 0.00376358
7.78 0.00365781
7.79 0.00333927
7.8 0.00295332
7.81 0.00262547
7.82 0.00241424
7.83 0.00231916
7.84 0.00230873
7.85 0.00233594
7.86 0.00234813
7.87 0.00230847
7.88 0.00222074
7.89 0.00213099
7.9 0.00209662
7.91 0.00214578
7.92 0.00225797
7.93 0.00237469
7.94 0.00242773
7.95 0.00237001
7.96 0.00219844
7.97 0.00195843
7.98 0.00172513
7.99 0.00157038
8 0.0015338
8.01 0.00161184
8.02 0.00176471
8.03 0.00193333
8.04 0.00205907
8.05 0.00210182
8.06 0.00205208
8.07 0.00193202
8.08 0.00178397
8.09 0.0016513
8.1 0.00156075
8.11 0.00151462
8.12 0.00149521
8.13 0.00147768
8.14 0.00144367
8.15 0.00138905
8.16 0.00132343
8.17 0.00126312
8.18 0.00122186
8.19 0.00120316
8.2 0.00119736
8.21 0.00118438
8.22 0.00114129
8.23 0.0010517
8.24 0.000912976
8.25 0.000737836
8.26 0.00054929
8.27 0.000370114
8.28 0.000211227
8.29 6.49992e-05
8.3 -9.16144e-05
8.31 -0.000284729
8.32 -0.000530122
8.33 -0.000828724
8.34 -0.00117166
8.35 -0.0015445
8.36 -0.00192403
8.37 -0.00227396
8.38 -0.00254848
8.39 -0.00270426
8.4 -0.00271737
8.41 -0.00259851
8.42 -0.00239395
8.43 -0.00216704
8.44 -0.00197315
8.45 -0.00184396
8.46 -0.00178334
8.47 -0.00177174
8.48 -0.0017786
8.49 -0.00178038
8.5 -0.00177361
8.51 -0.0017729
8.52 -0.00179561
8.53 -0.00184623
8.54 -0.0019115
8.55 -0.00196659
8.56 -0.00198573
8.57 -0.00195253
8.58 -0.00186748
8.59 -0.00174961
8.6 -0.00163005
8.61 -0.00153968
8.62 -0.00149718
8.63 -0.00150282
8.64 -0.00153937
8.65 -0.0015785
8.66 -0.0015903
8.67 -0.00155394
8.68 -0.00146576
8.69 -0.00134099
8.7 -0.00120708
8.71 -0.00109156
8.72 -0.00101092
8.73 -0.000966224
8.74 -0.00094654
8.75 -0.000936876
8.76 -0.000925392
8.77 -0.000906485
8.78 -0.000879615
8.79 -0.00084603
8.8 -0.00080564
8.81 -0.000755402
8.82 -0.000689668
8.83 -0.00060225
8.84 -0.000489119
8.85 -0.000350338
8.86 -0.000190324
8.87 -1.6557e-05
8.88 0.000162364
8.89 0.000338688
8.9 0.000507668
8.91 0.000669895
8.92 0.000832107
8.93 0.00100413
8.94 0.00119253
8.95 0.0013951
8.96 0.00159929
8.97 0.00178359
8.98 0.00192191
8.99 0.00199319
9 0.00199383
9.01 0.00194321
9.02 0.00187522
9.03 0.00182139
9.04 0.00179709
9.05 0.00179805
9.06 0.00180683
9.07 0.00180459
9.08 0.001782
9.09 0.00174334
9.1 0.00170221
9.11 0.00167257
9.12 0.00166151
9.13 0.00166735
9.14 0.00168242
9.15 0.00169714
9.16 0.00170304
9.17 0.00169417
9.18 0.00166742
9.19 0.0016227
9.2 0.001563
9.21 0.00149423
9.22 0.00142409
9.23 0.00135969
9.24 0.00130491
9.25 0.00125887
9.26 0.00121655
9.27 0.00117147
9.28 0.00111881
9.29 0.00105722
9.3 0.00098852
9.31 0.000915644
9.32 0.000840406
9.33 0.000762552
9.34 0.000680518
9.35 0.000593145
9.36 0.000501091
9.37 0.000407108
9.38 0.000315144
9.39 0.000228729
9.4 0.00014922
9.41 7.45281e-05
9.42 -9.49623e-07
9.43 -8.48631e-05
9.44 -0.000184354
9.45 -0.000303646
9.46 -0.000442996
9.47 -0.000599274
9.48 -0.000767416
9.49 -0.000941709
9.5 -0.00111625
9.51 -0.00128451
9.52 -0.00143836
9.53 -0.0015678
9.54 -0.00166285
9.55 -0.00171721
9.56 -0.00173156
9.57 -0.00171363
9.58 -0.00167474
9.59 -0.00162504
9.6 -0.00157022
9.61 -0.00151136
9.62 -0.00144738
9.63 -0.00137816
9.64 -0.00130599
9.65 -0.00123448
9.66 -0.00116635
9.67 -0.00110183
9.68 -0.00103869
9.69 -0.000973223
9.7 -0.000900995
9.71 -0.000817121
9.72 -0.000716501
9.73 -0.000594919
9.74 -0.000451465
9.75 -0.000291607
9.76 -0.000128895
9.77 1.72466e-05
9.78 0.00012843
9.79 0.000196168
9.8 0.000227449
9.81 0.000243045
9.82 0.000268954
9.83 0.000325666
9.84 0.000420689
9.85 0.000547116
9.86 0.000687194
9.87 0.000817976
9.88 0.000916986
9.89 0.000967565
9.9 0.000963805
9.91 0.00091342
9.92 0.000835971
9.93 0.000755528
9.94 0.000690606
9.95 0.000646692
9.96 0.000615538
9.97 0.000581194
9.98 0.000528867
9.99 0.000451688
10 0.00035264
10.01 0.000241845
10.02 0.000131364
10.03 3.00114e-05
10.04 -5.99421e-05
10.05 -0.000143205
10.06 -0.000228949
10.07 -0.000326186
10.08 -0.000438873
10.09 -0.000563183
10.1 -0.000688641
10.11 -0.000802592
10.12 -0.000895275
10.13 -0.000962769
10.14 -0.00100723
10.15 -0.00103563
10.16 -0.001058
10.17 -0.00108498
10.18 -0.00112432
10.19 -0.0011773
10.2 -0.00123747
10.21 -0.00129268
10.22 -0.00132958
10.23 -0.00133827
10.24 -0.00131541
10.25 -0.00126519
10.26 -0.00119835
10.27 -0.00112922
10.28 -0.00107113
10.29 -0.00103162
10.3 -0.00100939
10.31 -0.000994976
10.32 -0.00097498
10.33 -0.000937906
10.34 -0.000878771
10.35 -0.00080034
10.36 -0.00071081
10.37 -0.00061936
10.38 -0.000531698
10.39 -0.000447494
10.4 -0.000360697
10.41 -0.000262598
10.42 -0.000146382
10.43 -1.11914e-05
10.44 0.000136333
10.45 0.000284133
10.46 0.00041981
10.47 0.000536218
10.48 0.000634457
10.49 0.000722725
10.5 0.000812188
10.51 0.000912095
10.52 0.00102521
10.53 0.00114408
10.54 0.00125063
10.55 0.00132216
10.56 0.00134267
10.57 0.00131268
10.58 0.00125029
10.59 0.00118281
10.6 0.00113449
10.61 0.00111711
10.62 0.00112704
10.63 0.00114892
10.64 0.00116343
10.65 0.00115552
10.66 0.00111997
10.67 0.00106224
10.68 0.000995203
10.69 0.000933164
10.7 0.000885653
10.71 0.000853526
10.72 0.000829235
10.73 0.000801351
10.74 0.000761096
10.75 0.000707458
10.76 0.000648198
10.77 0.000596301
10.78 0.00056369
10.79 0.000555297
10.8 0.000566386
10.81 0.000584441
10.82 0.000594764
10.83 0.00058703
10.84 0.000559562
10.85 0.000519209
10.86 0.000476973
10.87 0.00044187
10.88 0.000416467
10.89 0.000396377
10.9 0.000373498
10.91 0.000340786
10.92 0.000295915
10.93 0.000242215
10.94 0.000186793
10.95 0.000136894
10.96 9.61723e-05
10.97 6.26204e-05
10.98 2.9251e-05
10.99 -1.26888e-05
11 -6.95239e-05
11.01 -0.000142036
11.02 -0.000224974
11.03 -0.000309454
11.04 -0.000387149
11.05 -0.000454256
11.06 -0.000513366
11.07 -0.000572223
11.08 -0.000639866
11.09 -0.000721944
11.1 -0.000817521
11.11 -0.000918928
11.12 -0.00101458
11.13 -0.00109322
11.14 -0.00114761
11.15 -0.00117643
11.16 -0.00118402
11.17 -0.00117849
11.18 -0.00116869
11.19 -0.001161
11.2 -0.00115712
11.21 -0.00115395
11.22 -0.00114558
11.23 -0.00112669
11.24 -0.00109556
11.25 -0.00105512
11.26 -0.00101175
11.27 -0.000972447
11.28 -0.000941966
11.29 -0.000921164
11.3 -0.000907047
11.31 -0.000894238
11.32 -0.000877032
11.33 -0.000851253
11.34 -0.000815432
11.35 -0.000771107
11.36 -0.000722202
11.37 -0.000673601
11.38 -0.000629286
11.39 -0.00059073
11.4 -0.000556282
11.41 -0.000521888
11.42 -0.000482798
11.43 -0.000435372
11.44 -0.000378095
11.45 -0.000311538
11.46 -0.000237665
11.47 -0.000159123
11.48 -7.87926e-05
11.49 6.13979e-07
11.5 7.72817e-05
11.51 0.000151259
11.52 0.000225067
11.53 0.00030324
11.54 0.000390629
11.55 0.000490034
11.56 0.000600227
11.57 0.000715411
11.58 0.000826568
11.59 0.000924183
11.6 0.00100108
11.61 0.00105418
11.62 0.0010849
11.63 0.00109837
11.64 0.00110198
11.65 0.00110354
11.66 0.00110915
11.67 0.00112132
11.68 0.00113795
11.69 0.00115294
11.7 0.00115847
11.71 0.00114835
11.72 0.00112093
11.73 0.00108002
11.74 0.00103343
11.75 0.000989641
11.76 0.000954303
11.77 0.000928089
11.78 0.000906795
11.79 0.000883521
11.8 0.000851838
11.81 0.000808568
11.82 0.000755008
11.83 0.000696224
11.84 0.000638823
11.85 0.000588231
11.86 0.000546553
11.87 0.000511816
11.88 0.000478783
11.89 0.000440939
11.9 0.000392861
11.91 0.000332074
11.92 0.000259708
11.93 0.000179817
11.94 9.77323e-05
11.95 1.82043e-05
11.96 -5.59851e-05
11.97 -0.000124531
11.98 -0.000189263
11.99 -0.000253263
12 -0.00031974
12.01 -0.000390829
12.02 -0.000466465
12.03 -0.000543713
12.04 -0.000617007
12.05 -0.000679506
12.06 -0.000725247
12.07 -0.000751344
12.08 -0.00075929
12.09 -0.000754687
12.1 -0.000745344
12.11 -0.000738456
12.12 -0.000738074
12.13 -0.000743991
12.14 -0.000752476
12.15 -0.000758438
12.16 -0.000757913
12.17 -0.00074968
12.18 -0.000735356
12.19 -0.000718134
12.2 -0.000700989
12.21 -0.000685296
12.22 -0.000670489
12.23 -0.00065475
12.24 -0.000636201
12.25 -0.000613832
12.26 -0.000587738
12.27 -0.000558797
12.28 -0.000528233
12.29 -0.0004974
12.3 -0.000467704
12.31 -0.000440378
12.32 -0.000415964
12.33 -0.000393848
12.34 -0.000372351
12.35 -0.00034956
12.36 -0.000324369
12.37 -0.000296943
12.38 -0.000268143
12.39 -0.000238374
12.4 -0.000206812
12.41 -0.000171708
12.42 -0.000131602
12.43 -8.65702e-05
12.44 -3.85834e-05
12.45 9.27927e-06
12.46 5.42542e-05
12.47 9.51197e-05
12.48 0.000132625
12.49 0.000169016
12.5 0.000206947
12.51 0.000248219
12.52 0.000292803
12.53 0.000338586
12.54 0.000382085
12.55 0.000419972
12.56 0.000450681
12.57 0.000475188
12.58 0.000496361
12.59 0.000517151
12.6 0.000538746
12.61 0.000559869
12.62 0.000577683
12.63 0.000589658
12.64 0.000595132
12.65 0.000595633
12.66 0.000593871
12.67 0.000592133
12.68 0.00059103
12.69 0.000589226
12.7 0.00058416
12.71 0.000573287
12.72 0.000555168
12.73 0.000529992
12.74 0.00049949
12.75 0.000466472
12.76 0.00043417
12.77 0.000405446
12.78 0.000381939
12.79 0.000363454
12.8 0.000347952
12.81 0.000332338
12.82 0.000313779
12.83 0.000290854
12.84 0.000263858
12.85 0.000234137
12.86 0.000203027
12.87 0.000171179
12.88 0.000138692
12.89 0.000105772
12.9 7.32659e-05
12.91 4.25367e-05
12.92 1.46877e-05
12.93 -1.03277e-05
12.94 -3.40163e-05
12.95 -5.87313e-05
12.96 -8.6396e-05
12.97 -0.000117259
12.98 -0.000149395
12.99 -0.000179273
13 -0.000203097
13.01 -0.000218309
13.02 -0.00022457
13.03 -0.000223831
13.04 -0.000219544
13.05 -0.000215407
13.06 -0.000214146
13.07 -0.000216702
13.08 -0.000222035
13.09 -0.000227624
13.1 -0.000230559
13.11 -0.00022885
13.12 -0.000222412
13.13 -0.000213258
13.14 -0.000204746
13.15 -0.000200181
13.16 -0.000201337
13.17 -0.000207597
13.18 -0.000216135
13.19 -0.00022318
13.2 -0.000225924
13.21 -0.000224158
13.22 -0.000220727
13.23 -0.000220378
13.24 -0.000227498
13.25 -0.000243873
13.26 -0.00026764
13.27 -0.000294036
13.28 -0.000317596
13.29 -0.000334649
13.3 -0.00034482
13.31 -0.00035082
13.32 -0.000356765
13.33 -0.000365967
13.34 -0.000379358
13.35 -0.000395219
13.36 -0.000410203
13.37 -0.000420999
13.38 -0.000425747
13.39 -0.00042454
13.4 -0.0004189
13.41 -0.000410692
13.42 -0.000401235
13.43 -0.000391053
13.44 -0.000380134
13.45 -0.00036819
13.46 -0.000354686
13.47 -0.000338835
13.48 -0.000319864
13.49 -0.000297524
13.5 -0.000272393
13.51 -0.000245589
13.52 -0.000218028
13.53 -0.000189789
13.54 -0.000160138
13.55 -0.000128148
13.56 -9.3357e-05
13.57 -5.58789e-05
13.58 -1.59611e-05
13.59 2.64911e-05
13.6 7.18973e-05
13.61 0.000120453
13.62 0.000171512
13.63 0.000223444
13.64 0.000274178
13.65 0.00032212
13.66 0.000366897
13.67 0.000409445
13.68 0.000451386
13.69 0.000494026
13.7 0.000537547
13.71 0.000580841
13.72 0.000622013
13.73 0.000659193
13.74 0.000691164
13.75 0.000717543
13.76 0.000738554
13.77 0.000754609
13.78 0.000765964
13.79 0.000772592
13.8 0.000774268
13.81 0.000770811
13.82 0.000762347
13.83 0.000749504
13.84 0.000733424
13.85 0.000715513
13.86 0.000697078
13.87 0.000679025
13.88 0.000661797
13.89 0.000645508
13.9 0.000630084
13.91 0.000615289
13.92 0.000600695
13.93 0.000585792
13.94 0.00057029
13.95 0.000554431
13.96 0.000539034
13.97 0.000525174
13.98 0.000513688
13.99 0.00050475
14 0.000497706
14.01 0.000491163
14.02 0.000483261
14.03 0.000472119
14.04 0.0004564
14.05 0.000435836
14.06 0.000411388
14.07 0.000384878
14.08 0.000358197
14.09 0.000332543
14.1 0.000308082
14.11 0.000284118
14.12 0.000259553
14.13 0.000233298
14.14 0.000204475
14.15 0.00017243
14.16 0.00013671
14.17 9.7118e-05
14.18 5.38765e-05
14.19 7.7935e-06
14.2 -3.97005e-05
14.21 -8.68207e-05
14.22 -0.00013204
14.23 -0.000174839
14.24 -0.000216192
14.25 -0.000258393
14.26 -0.000304104
14.27 -0.000354994
14.28 -0.000410684
14.29 -0.000468696
14.3 -0.000525475
14.31 -0.000577849
14.32 -0.000624047
14.33 -0.000663751
14.34 -0.000697345
14.35 -0.000725075
14.36 -0.000746754
14.37 -0.000762151
14.38 -0.000771629
14.39 -0.000776546
14.4 -0.000779105
14.41 -0.0007817
14.42 -0.00078601
14.43 -0.000792273
14.44 -0.000799169
14.45 -0.000804472
14.46 -0.000806237
14.47 -0.000803907
14.48 -0.000798729
14.49 -0.000793218
14.5 -0.00078992
14.51 -0.000790094
14.52 -0.000792929
14.53 -0.000795686
14.54 -0.000794715
14.55 -0.000786937
14.56 -0.000771201
14.57 -0.000748946
14.58 -0.000723827
14.59 -0.000700286
14.6 -0.000681543
14.61 -0.000667914
14.62 -0.000656445
14.63 -0.00064224
14.64 -0.000620935
14.65 -0.000591025
14.66 -0.000554726
14.67 -0.000516825
14.68 -0.000482123
14.69 -0.000452878
14.7 -0.000427674
14.71 -0.00040222
14.72 -0.000371509
14.73 -0.000332075
14.74 -0.000283247
14.75 -0.000226985
14.76 -0.00016667
14.77 -0.000105618
14.78 -4.60275e-05
14.79 1.13191e-05
14.8 6.67926e-05
14.81 0.000121457
14.82 0.000176639
14.83 0.000233529
14.84 0.000292769
14.85 0.000354081
14.86 0.000416115
14.87 0.000476645
14.88 0.000533076
14.89 0.000583039
14.9 0.000624847
14.91 0.000657713
14.92 0.000681764
14.93 0.000697896
14.94 0.000707493
14.95 0.000712033
14.96 0.000712689
14.97 0.00071012
14.98 0.000704578
14.99 0.000696227
15 0.000685463
15.01 0.000673016
15.02 0.00065981
15.03 0.000646676
15.04 0.000634063
15.05 0.000621858
15.06 0.000609429
15.07 0.000595954
15.08 0.000580926
15.09 0.000564588
15.1 0.000548001
15.11 0.000532646
15.12 0.000519688
15.13 0.000509246
15.14 0.000500045
15.15 0.000489694
15.16 0.000475536
15.17 0.000455769
15.18 0.000430296
15.19 0.000400781
15.2 0.000369812
15.21 0.00033957
15.22 0.000310757
15.23 0.000282338
15.24 0.000252159
15.25 0.000218038
15.26 0.000178731
15.27 0.000134332
15.28 8.60049e-05
15.29 3.52503e-05
15.3 -1.68893e-05
15.31 -7.03314e-05
15.32 -0.000125966
15.33 -0.000185227
15.34 -0.000249411
15.35 -0.00031902
15.36 -0.000393373
15.37 -0.00047069
15.38 -0.000548643
15.39 -0.000625077
15.4 -0.000698491
15.41 -0.00076801
15.42 -0.000832859
15.43 -0.000891687
15.44 -0.000942202
15.45 -0.000981493
15.46 -0.00100707
15.47 -0.00101818
15.48 -0.00101663
15.49 -0.00100656
15.5 -0.000993123
15.51 -0.00098065
15.52 -0.000971143
15.53 -0.00096377
15.54 -0.000955566
15.55 -0.000942957
15.56 -0.000923444
15.57 -0.000896659
15.58 -0.000864366
15.59 -0.000829485
15.6 -0.00079467
15.61 -0.00076111
15.62 -0.00072811
15.63 -0.000693556
15.64 -0.000655034
15.65 -0.000611011
15.66 -0.000561595
15.67 -0.000508502
15.68 -0.000454237
15.69 -0.000400821
15.7 -0.000348721
15.71 -0.000296582
15.72 -0.000241935
15.73 -0.000182484
15.74 -0.000117221
15.75 -4.67566e-05
15.76 2.72026e-05
15.77 0.000102851
15.78 0.000179131
15.79 0.000256009
15.8 0.000334126
15.81 0.000414152
15.82 0.000496197
15.83 0.000579473
15.84 0.000662138
15.85 0.000741216
15.86 0.000812661
15.87 0.00087186
15.88 0.000914791
15.89 0.000939597
15.9 0.000947801
15.91 0.000944321
15.92 0.00093594
15.93 0.000928838
15.94 0.000926374
15.95 0.000928228
15.96 0.000931294
15.97 0.000931759
15.98 0.000927206
15.99 0.000917696
16 0.000905472
16.01 0.000893695
16.02 0.000885012
16.03 0.000880607
16.04 0.000879926
16.05 0.000880967
16.06 0.000880957
16.07 0.000877263
16.08 0.000868305
16.09 0.000854115
16.1 0.000836219
16.11 0.000816795
16.12 0.000797469
16.13 0.000778392
16.14 0.000758105
16.15 0.000734311
16.16 0.000705092
16.17 0.000669952
16.18 0.00063011
16.19 0.000588007
16.2 0.000546328
16.21 0.000507027
16.22 0.000470655
16.23 0.00043612
16.24 0.000400913
16.25 0.000361852
16.26 0.00031624
16.27 0.000263095
16.28 0.000203857
16.29 0.000142096
16.3 8.21922e-05
16.31 2.75428e-05
16.32 -2.08661e-05
16.33 -6.4807e-05
16.34 -0.000107917
16.35 -0.000154037
16.36 -0.000205573
16.37 -0.000262564
16.38 -0.000322656
16.39 -0.000381879
16.4 -0.000435894
16.41 -0.000481327
16.42 -0.000516773
16.43 -0.00054312
16.44 -0.000563074
16.45 -0.000580018
16.46 -0.000596636
16.47 -0.00061391
16.48 -0.000630966
16.49 -0.000645829
16.5 -0.000656635
16.51 -0.000662693
16.52 -0.000664896
16.53 -0.000665343
16.54 -0.000666396
16.55 -0.000669674
16.56 -0.000675492
16.57 -0.000682983
16.58 -0.000690778
16.59 -0.00069777
16.6 -0.000703503
16.61 -0.000708068
16.62 -0.000711713
16.63 -0.000714519
16.64 -0.000716278
16.65 -0.000716513
16.66 -0.000714539
16.67 -0.000709536
16.68 -0.000700687
16.69 -0.00068737
16.7 -0.000669361
16.71 -0.000646941
16.72 -0.000620816
16.73 -0.000591895
16.74 -0.000561064
16.75 -0.000529128
16.76 -0.00049686
16.77 -0.000465004
16.78 -0.000434085
16.79 -0.000404134
16.8 -0.000374544
16.81 -0.000344218
16.82 -0.000311976
16.83 -0.000276998
16.84 -0.000239095
16.85 -0.000198715
16.86 -0.000156713
16.87 -0.000114001
16.88 -7.12028e-05
16.89 -2.84179e-05
16.9 1.48408e-05
16.91 5.9511e-05
16.92 0.000106647
16.93 0.000156962
16.94 0.00021043
16.95 0.000266135
16.96 0.000322447
16.97 0.000377426
16.98 0.000429243
16.99 0.000476471
17 0.000518219
17.01 0.000554263
17.02 0.000585191
17.03 0.000612396
17.04 0.000637681
17.05 0.00066248
17.06 0.000687132
17.07 0.000710709
17.08 0.00073161
17.09 0.000748551
17.1 0.000761302
17.11 0.000770712
17.12 0.000778101
17.13 0.00078445
17.14 0.000789885
17.15 0.000793688
17.16 0.000794771
17.17 0.000792318
17.18 0.000786248
17.19 0.000777266
17.2 0.000766497
17.21 0.000754903
17.22 0.000742852
17.23 0.000730073
17.24 0.000715979
17.25 0.000700042
17.26 0.000681974
17.27 0.000661721
17.28 0.000639425
17.29 0.000615467
17.3 0.000590493
17.31 0.000565284
17.32 0.000540382
17.33 0.000515632
17.34 0.000489952
17.35 0.000461611
17.36 0.000428996
17.37 0.000391469
17.38 0.000349745
17.39 0.000305535
17.4 0.000260654
17.41 0.000216144
17.42 0.000171856
17.43 0.000126632
17.44 7.88773e-05
17.45 2.72237e-05
17.46 -2.90063e-05
17.47 -8.96263e-05
17.48 -0.00015374
17.49 -0.000220134
17.5 -0.000287713
17.51 -0.000355748
17.52 -0.000423856
17.53 -0.000491765
17.54 -0.000558999
17.55 -0.000624682
17.56 -0.000687509
17.57 -0.000745845
17.58 -0.000797869
17.59 -0.000841774
17.6 -0.000876112
17.61 -0.000900277
17.62 -0.000914912
17.63 -0.000921908
17.64 -0.000923894
17.65 -0.000923439
17.66 -0.000922335
17.67 -0.000921273
17.68 -0.000919935
17.69 -0.000917384
17.7 -0.000912534
17.71 -0.000904573
17.72 -0.000893194
17.73 -0.000878621
17.74 -0.000861427
17.75 -0.000842215
17.76 -0.000821301
17.77 -0.000798521
17.78 -0.000773322
17.79 -0.000745111
17.8 -0.000713698
17.81 -0.000679567
17.82 -0.000643813
17.83 -0.000607771
17.84 -0.000572521
17.85 -0.000538438
17.86 -0.000504965
17.87 -0.000470709
17.88 -0.000433918
17.89 -0.000393194
17.9 -0.000348117
17.91 -0.000299457
17.92 -0.000248807
17.93 -0.000197808
17.94 -0.000147335
17.95 -9.70378e-05
17.96 -4.54545e-05
17.97 9.30363e-06
17.98 6.85638e-05
17.99 0.00013223
18 0.000198507
18.01 0.000264428
18.02 0.000327
18.03 0.000384397
18.04 0.000436535
18.05 0.000484685
18.06 0.000530303
18.07 0.00057375
18.08 0.000613657
18.09 0.000647345
18.1 0.000672035
18.11 0.000686168
18.12 0.000690143
18.13 0.000686209
18.14 0.000677707
18.15 0.00066804
18.16 0.000659725
18.17 0.000653756
18.18 0.000649445
18.19 0.000644784
18.2 0.000637247
18.21 0.000624771
18.22 0.000606563
18.23 0.000583423
18.24 0.000557438
18.25 0.000531175
18.26 0.00050667
18.27 0.000484644
18.28 0.000464292
18.29 0.000443749
18.3 0.000421024
18.31 0.000394929
18.32 0.000365599
18.33 0.0003344
18.34 0.00030329
18.35 0.000273954
18.36 0.000247088
18.37 0.000222169
18.38 0.000197787
18.39 0.000172318
18.4 0.000144603
18.41 0.000114326
18.42 8.20327e-05
18.43 4.89203e-05
18.44 1.65517e-05
18.45 -1.34577e-05
18.46 -3.98502e-05
18.47 -6.22273e-05
18.48 -8.1451e-05
18.49 -9.96217e-05
18.5 -0.000119417
18.51 -0.000142941
18.52 -0.000170648
18.53 -0.000200994
18.54 -0.000231094
18.55 -0.000258027
18.56 -0.000280099
18.57 -0.000297445
18.58 -0.000311762
18.59 -0.000325415
18.6 -0.00034037
18.61 -0.000357386
18.62 -0.000375738
18.63 -0.000393532
18.64 -0.000408509
18.65 -0.000419019
18.66 -0.000424739
18.67 -0.000426808
18.68 -0.000427301
18.69 -0.000428288
18.7 -0.000430881
18.71 -0.000434709
18.72 -0.000438095
18.73 -0.000438879
18.74 -0.000435499
18.75 -0.000427767
18.76 -0.000416941
18.77 -0.000405099
18.78 -0.000394209
18.79 -0.000385364
18.8 -0.000378424
18.81 -0.000372105
18.82 -0.00036447
18.83 -0.00035367
18.84 -0.00033868
18.85 -0.000319732
18.86 -0.000298243
18.87 -0.000276227
18.88 -0.00025537
18.89 -0.000236146
18.9 -0.000217494
18.91 -0.000197336
18.92 -0.00017374
18.93 -0.000146048
18.94 -0.000115296
18.95 -8.36881e-05
18.96 -5.34376e-05
18.97 -2.56217e-05
18.98 3.46027e-07
18.99 2.63754e-05
19 5.47259e-05
19.01 8.69222e-05
19.02 0.000123062
19.03 0.000161761
19.04 0.000200703
19.05 0.000237511
19.06 0.000270595
19.07 0.000299613
19.08 0.000325432
19.09 0.000349654
19.1 0.000373966
19.11 0.000399526
19.12 0.000426508
19.13 0.000453933
19.14 0.000479907
19.15 0.000502289
19.16 0.000519541
19.17 0.000531257
19.18 0.000538113
19.19 0.000541298
19.2 0.000541851
19.21 0.00054029
19.22 0.000536648
19.23 0.000530776
19.24 0.000522633
19.25 0.000512426
19.26 0.000500616
19.27 0.000487807
19.28 0.000474552
19.29 0.000461119
19.3 0.000447305
19.31 0.000432428
19.32 0.000415545
19.33 0.000395845
19.34 0.00037305
19.35 0.000347602
19.36 0.000320557
19.37 0.000293199
19.38 0.000266544
19.39 0.000240913
19.4 0.000215773
19.41 0.000189938
19.42 0.000162085
19.43 0.000131348
19.44 9.77437e-05
19.45 6.2236e-05
19.46 2.63781e-05
19.47 -8.34544e-06
19.48 -4.11827e-05
19.49 -7.24532e-05
19.5 -0.000103381
19.51 -0.000135492
19.52 -0.000169848
19.53 -0.000206478
19.54 -0.000244271
19.55 -0.000281433
19.56 -0.000316277
19.57 -0.00034795
19.58 -0.000376713
19.59 -0.000403641
19.6 -0.000429946
19.61 -0.000456328
19.62 -0.000482706
19.63 -0.000508364
19.64 -0.00053232
19.65 -0.00055364
19.66 -0.000571614
19.67 -0.000585857
19.68 -0.000596406
19.69 -0.000603799
19.7 -0.000609017
19.71 -0.000613207
19.72 -0.000617251
19.73 -0.000621365
19.74 -0.000624951
19.75 -0.000626758
19.76 -0.000625298
19.77 -0.000619359
19.78 -0.000608448
19.79 -0.000592936
19.8 -0.00057387
19.81 -0.000552544
19.82 -0.000530041
19.83 -0.000506906
19.84 -0.000483038
19.85 -0.000457847
19.86 -0.000430655
19.87 -0.000401168
19.88 -0.000369753
19.89 -0.00033728
19.9 -0.000304613
19.91 -0.000272065
19.92 -0.000239218
19.93 -0.000205225
19.94 -0.0001694
19.95 -0.000131706
19.96 -9.28166e-05
19.97 -5.37281e-05
19.98 -1.51557e-05
19.99 2.28913e-05
20 6.11064e-05
20.01 0.000100471
20.02 0.000141686
20.03 0.000184757
20.04 0.000228904
20.05 0.000272788
20.06 0.000314939
20.07 0.000354189
20.08 0.000389942
20.09 0.000422152
20.1 0.00045109
20.11 0.000477083
20.12 0.000500355
20.13 0.000521
20.14 0.000539063
20.15 0.000554666
20.16 0.00056808
20.17 0.000579672
20.18 0.000589733
20.19 0.000598291
20.2 0.000605016
20.21 0.000609263
20.22 0.000610276
20.23 0.000607502
20.24 0.000600939
20.25 0.000591345
20.26 0.000580117
20.27 0.000568832
20.28 0.000558601
20.29 0.000549594
20.3 0.000540999
20.31 0.000531479
20.32 0.000519883
20.33 0.000505824
20.34 0.000489835
20.35 0.000473057
20.36 0.000456706
20.37 0.00044162
20.38 0.000428062
20.39 0.000415745
20.4 0.000403979
20.41 0.000391884
20.42 0.000378661
20.43 0.000363858
20.44 0.00034754
20.45 0.000330231
20.46 0.000312652
20.47 0.000295365
20.48 0.000278543
20.49 0.000261953
20.5 0.000245166
20.51 0.000227857
20.52 0.000210015
20.53 0.000191947
20.54 0.000174123
20.55 0.000156964
20.56 0.00014069
20.57 0.000125248
20.58 0.000110345
20.59 9.56312e-05
20.6 8.09446e-05
20.61 6.64591e-05
20.62 5.25971e-05
20.63 3.97295e-05
20.64 2.78745e-05
20.65 1.6635e-05
20.66 5.44204e-06
20.67 -6.07533e-06
20.68 -1.78731e-05
20.69 -2.95828e-05
20.7 -4.08138e-05
20.71 -5.14077e-05
20.72 -6.14608e-05
20.73 -7.11563e-05
20.74 -8.05828e-05
20.75 -8.96659e-05
20.76 -9.82245e-05
20.77 -0.0001061
20.78 -0.00011328
20.79 -0.000119949
20.8 -0.000126431
20.81 -0.000133057
20.82 -0.000140005
20.83 -0.0001472
20.84 -0.000154345
20.85 -0.000161086
20.86 -0.000167225
20.87 -0.00017285
20.88 -0.000178292
20.89 -0.000183915
20.9 -0.000189886
20.91 -0.000196067
20.92 -0.000202096
20.93 -0.000207624
20.94 -0.00021256
20.95 -0.000217204
20.96 -0.000222153
20.97 -0.000228029
20.98 -0.000235148
20.99 -0.00024329
21 -0.000251747
21.01 -0.000259667
21.02 -0.000266532
21.03 -0.000272504
21.04 -0.000278391
21.05 -0.000285252
21.06 -0.000293867
21.07 -0.000304343
21.08 -0.00031601
21.09 -0.000327605
21.1 -0.000337667
21.11 -0.000345078
21.12 -0.000349556
21.13 -0.000351832
21.14 -0.00035334
21.15 -0.000355546
21.16 -0.000359262
21.17 -0.000364305
21.18 -0.000369658
21.19 -0.000374006
21.2 -0.000376362
21.21 -0.000376465
21.22 -0.000374815
21.23 -0.000372384
21.24 -0.000370194
21.25 -0.000368954
21.26 -0.000368885
21.27 -0.000369759
21.28 -0.000371084
21.29 -0.000372361
21.3 -0.000373326
21.31 -0.000374074
21.32 -0.000374989
21.33 -0.000376492
21.34 -0.00037877
21.35 -0.00038162
21.36 -0.000384495
21.37 -0.000386709
21.38 -0.00038772
21.39 -0.00038736
21.4 -0.00038589
21.41 -0.000383824
21.42 -0.000381597
21.43 -0.000379299
21.44 -0.000376648
21.45 -0.000373194
21.46 -0.000368603
21.47 -0.000362808
21.48 -0.000355964
21.49 -0.000348252
21.5 -0.000339697
21.51 -0.000330123
21.52 -0.000319278
21.53 -0.000307022
21.54 -0.000293408
21.55 -0.000278601
21.56 -0.000262692
21.57 -0.000245614
21.58 -0.000227235
21.59 -0.000207512
21.6 -0.000186559
21.61 -0.00016455
21.62 -0.000141587
21.63 -0.000117675
21.64 -9.2826e-05
21.65 -6.71846e-05
21.66 -4.10273e-05
21.67 -1.46162e-05
21.68 1.19715e-05
21.69 3.88623e-05
21.7 6.61993e-05
21.71 9.39066e-05
21.72 0.000121639
21.73 0.000148983
21.74 0.000175726
21.75 0.000201919
21.76 0.000227632
21.77 0.000252578
21.78 0.000275957
21.79 0.000296749
21.8 0.000314312
21.81 0.000328844
21.82 0.000341332
21.83 0.000352914
21.84 0.000364098
21.85 0.000374353
21.86 0.000382374
21.87 0.000386854
21.88 0.000387251
21.89 0.000384068
21.9 0.000378541
21.91 0.000372013
21.92 0.000365408
21.93 0.000359036
21.94 0.000352666
21.95 0.000345751
21.96 0.000337691
21.97 0.000328104
21.98 0.000317036
21.99 0.000304999
22 0.000292818
22.01 0.000281353
22.02 0.000271262
22.03 0.000262865
22.04 0.000256156
22.05 0.000250883
22.06 0.000246648
22.07 0.000243023
22.08 0.000239657
22.09 0.000236391
22.1 0.000233325
22.11 0.000230795
22.12 0.000229248
22.13 0.000229024
22.14 0.000230156
22.15 0.000232273
22.16 0.000234669
22.17 0.000236539
22.18 0.000237284
22.19 0.000236758
22.2 0.000235311
22.21 0.000233605
22.22 0.000232307
22.23 0.000231799
22.24 0.000232013
22.25 0.000232423
22.26 0.000232205
22.27 0.000230513
22.28 0.000226794
22.29 0.000221018
22.3 0.000213719
22.31 0.000205787
22.32 0.000198103
22.33 0.000191175
22.34 0.00018496
22.35 0.000178933
22.36 0.000172375
22.37 0.000164709
22.38 0.000155707
22.39 0.000145499
22.4 0.000134424
22.41 0.000122842
22.42 0.000111031
22.43 9.91834e-05
22.44 8.74561e-05
22.45 7.60139e-05
22.46 6.50516e-05
22.47 5.47933e-05
22.48 4.54714e-05
22.49 3.7291e-05
22.5 3.03825e-05
22.51 2.47521e-05
22.52 2.02641e-05
22.53 1.6701e-05
22.54 1.38883e-05
22.55 1.17986e-05
22.56 1.05446e-05
22.57 1.02518e-05
22.58 1.08956e-05
22.59 1.2228e-05
22.6 1.38637e-05
22.61 1.54772e-05
22.62 1.69711e-05
22.63 1.84832e-05
22.64 2.02132e-05
22.65 2.21691e-05
22.66 2.3999e-05
22.67 2.50484e-05
22.68 2.46522e-05
22.69 2.24966e-05
22.7 1.88104e-05
22.71 1.42535e-05
22.72 9.56974e-06
22.73 5.20241e-06
22.74 1.07258e-06
22.75 -3.36755e-06
22.76 -8.84372e-06
22.77 -1.59058e-05
22.78 -2.47051e-05
22.79 -3.49824e-05
22.8 -4.62169e-05
22.81 -5.78331e-05
22.82 -6.93858e-05
22.83 -8.06753e-05
22.84 -9.17628e-05
22.85 -0.000102881
22.86 -0.000114268
22.87 -0.000126007
22.88 -0.000137928
22.89 -0.000149631
22.9 -0.000160616
22.91 -0.000170459
22.92 -0.00017896
22.93 -0.000186187
22.94 -0.000192411
22.95 -0.000197982
22.96 -0.000203187
22.97 -0.000208167
22.98 -0.000212872
22.99 -0.000217085
23 -0.000220492
23.01 -0.000222824
23.02 -0.000223997
23.03 -0.000224185
23.04 -0.000223762
23.05 -0.00022313
23.06 -0.000222531
23.07 -0.00022193
23.08 -0.000221037
23.09 -0.000219457
23.1 -0.000216888
23.11 -0.000213264
23.12 -0.000208792
23.13 -0.000203841
23.14 -0.000198773
23.15 -0.000193779
23.16 -0.00018881
23.17 -0.000183622
23.18 -0.000177904
23.19 -0.000171427
23.2 -0.000164145
23.21 -0.000156198
23.22 -0.000147835
23.23 -0.000139296
23.24 -0.000130709
23.25 -0.000122044
23.26 -0.000113142
23.27 -0.000103798
23.28 -9.38477e-05
23.29 -8.32479e-05
23.3 -7.20973e-05
23.31 -6.0606e-05
23.32 -4.90212e-05
23.33 -3.75375e-05
23.34 -2.62318e-05
23.35 -1.50528e-05
23.36 -3.86966e-06
23.37 7.44284e-06
23.38 1.89297e-05
23.39 3.05247e-05
23.4 4.20705e-05
23.41 5.33715e-05
23.42 6.42516e-05
23.43 7.45975e-05
23.44 8.43751e-05
23.45 9.36205e-05
23.46 0.000102405
23.47 0.000110791
23.48 0.000118798
23.49 0.000126389
23.5 0.000133493
23.51 0.000140036
23.52 0.000145971
23.53 0.000151299
23.54 0.000156065
23.55 0.000160339
23.56 0.000164179
23.57 0.000167605
23.58 0.000170587
23.59 0.000173056
23.6 0.000174936
23.61 0.000176181
23.62 0.000176787
23.63 0.000176794
23.64 0.000176263
23.65 0.000175252
23.66 0.000173799
23.67 0.000171905
23.68 0.000169544
23.69 0.00016667
23.7 0.000163233
23.71 0.000159202
23.72 0.000154573
23.73 0.00014937
23.74 0.000143637
23.75 0.00013742
23.76 0.000130753
23.77 0.000123655
23.78 0.000116133
23.79 0.000108195
23.8 9.98618e-05
23.81 9.11665e-05
23.82 8.21559e-05
23.83 7.28801e-05
23.84 6.33844e-05
23.85 5.3704e-05
23.86 4.38634e-05
23.87 3.38807e-05
23.88 2.37756e-05
23.89 1.35764e-05
23.9 3.32524e-06
23.91 -6.92243e-06
23.92 -1.71028e-05
23.93 -2.71523e-05
23.94 -3.70164e-05
23.95 -4.66545e-05
23.96 -5.60398e-05
23.97 -6.51559e-05
23.98 -7.39896e-05
23.99 -8.25252e-05
24 -9.07397e-05
24.01 -9.86038e-05
24.02 -0.000106086
24.03 -0.000113162
24.04 -0.000119814
24.05 -0.000126037
24.06 -0.000131827
24.07 -0.000137179
24.08 -0.000142083
24.09 -0.000146524
24.1 -0.000150488
24.11 -0.00015396
24.12 -0.00015693
24.13 -0.000159395
24.14 -0.000161354
24.15 -0.000162807
24.16 -0.000163755
24.17 -0.000164193
24.18 -0.000164116
24.19 -0.000163511
24.2 -0.000162369
24.21 -0.000160679
24.22 -0.000158439
24.23 -0.000155651
24.24 -0.000152324
24.25 -0.000148471
24.26 -0.000144104
24.27 -0.000139237
24.28 -0.000133883
24.29 -0.000128058
24.3 -0.000121778
24.31 -0.000115063
24.32 -0.00010794
24.33 -0.000100434
24.34 -9.25766e-05
24.35 -8.4398e-05
24.36 -7.59296e-05
24.37 -6.72025e-05
24.38 -5.82482e-05
24.39 -4.90994e-05
24.4 -3.97909e-05
24.41 -3.03598e-05
24.42 -2.08452e-05
24.43 -1.12875e-05
24.44 -1.72676e-06
24.45 7.79799e-06
24.46 1.72493e-05
24.47 2.65915e-05
24.48 3.57902e-05
24.49 4.48121e-05
24.5 5.36247e-05
24.51 6.21968e-05
24.52 7.04986e-05
24.53 7.85028e-05
24.54 8.61847e-05
24.55 9.35227e-05
24.56 0.000100498
24.57 0.000107094
24.58 0.000113295
24.59 0.000119087
24.6 0.000124457
24.61 0.00012939
24.62 0.000133875
24.63 0.000137898
24.64 0.000141451
24.65 0.000144524
24.66 0.000147109
24.67 0.000149201
24.68 0.000150794
24.69 0.000151885
24.7 0.000152471
24.71 0.00015255
24.72 0.00015212
24.73 0.000151184
24.74 0.000149743
24.75 0.000147801
24.76 0.000145363
24.77 0.000142436
24.78 0.00013903
24.79 0.000135153
24.8 0.00013082
24.81 0.000126045
24.82 0.000120845
24.83 0.00011524
24.84 0.00010925
24.85 0.000102897
24.86 9.62052e-05
24.87 8.91984e-05
24.88 8.19008e-05
24.89 7.43374e-05
24.9 6.65337e-05
24.91 5.85162e-05
24.92 5.03123e-05
24.93 4.19505e-05
24.94 3.34603e-05
24.95 2.48722e-05
24.96 1.62171e-05
24.97 7.52646e-06
24.98 -1.16837e-06
24.99 -9.83632e-06
25 -1.84469e-05
25.01 -2.69702e-05
25.02 -3.53774e-05
25.03 -4.36406e-05
25.04 -5.17331e-05
25.05 -5.96289e-05
25.06 -6.73035e-05
25.07 -7.47328e-05
25.08 -8.18937e-05
25.09 -8.87637e-05
25.1 -9.5321e-05
25.11 -0.000101545
25.12 -0.000107414
25.13 -0.000112911
25.14 -0.000118015
25.15 -0.000122712
25.16 -0.000126984
25.17 -0.000130819
25.18 -0.000134202
25.19 -0.000137123
25.2 -0.000139571
25.21 -0.000141538
25.22 -0.000143016
25.23 -0.000143999
25.24 -0.000144484
25.25 -0.000144467
25.26 -0.000143948
25.27 -0.000142928
25.28 -0.000141412
25.29 -0.000139405
25.3 -0.000136916
25.31 -0.000133954
25.32 -0.000130533
25.33 -0.000126667
25.34 -0.000122371
25.35 -0.000117664
25.36 -0.000112564
25.37 -0.000107093
25.38 -0.000101269
25.39 -9.51174e-05
25.4 -8.86594e-05
25.41 -8.19195e-05
25.42 -7.49225e-05
25.43 -6.76942e-05
25.44 -6.02608e-05
25.45 -5.26497e-05
25.46 -4.48885e-05
25.47 -3.70052e-05
25.48 -2.90279e-05
25.49 -2.09849e-05
25.5 -1.29043e-05
25.51 -4.81381e-06
25.52 3.25922e-06
25.53 1.12879e-05
25.54 1.92461e-05
25.55 2.71081e-05
25.56 3.48488e-05
25.57 4.2444e-05
25.58 4.987e-05
25.59 5.71038e-05
25.6 6.41233e-05
25.61 7.0907e-05
25.62 7.74341e-05
25.63 8.36846e-05
25.64 8.96395e-05
25.65 9.52803e-05
25.66 0.00010059
25.67 0.000105551
25.68 0.000110148
25.69 0.000114366
25.7 0.000118191
25.71 0.000121611
25.72 0.000124614
25.73 0.000127189
25.74 0.000129327
25.75 0.00013102
25.76 0.000132262
25.77 0.000133049
25.78 0.000133377
25.79 0.000133245
25.8 0.000132653
25.81 0.000131605
25.82 0.000130103
25.83 0.000128154
25.84 0.000125766
25.85 0.000122948
25.86 0.00011971
25.87 0.000116066
25.88 0.00011203
25.89 0.000107615
25.9 0.00010284
25.91 9.77214e-05
25.92 9.22778e-05
25.93 8.65292e-05
25.94 8.0496e-05
25.95 7.42e-05
25.96 6.76632e-05
25.97 6.0909e-05
25.98 5.39609e-05
25.99 4.68434e-05
26 3.95814e-05
26.01 3.22002e-05
26.02 2.47254e-05
26.03 1.71829e-05
26.04 9.59853e-06
26.05 1.99836e-06
26.06 -5.59174e-06
26.07 -1.3146e-05
26.08 -2.0639e-05
26.09 -2.80455e-05
26.1 -3.53406e-05
26.11 -4.24999e-05
26.12 -4.94993e-05
26.13 -5.63155e-05
26.14 -6.29254e-05
26.15 -6.93069e-05
26.16 -7.54383e-05
26.17 -8.12988e-05
26.18 -8.68685e-05
26.19 -9.21283e-05
26.2 -9.70603e-05
26.21 -0.000101648
26.22 -0.000105875
26.23 -0.000109727
26.24 -0.000113191
26.25 -0.000116256
26.26 -0.000118911
26.27 -0.000121148
26.28 -0.00012296
26.29 -0.000124342
26.3 -0.00012529
26.31 -0.000125802
26.32 -0.000125878
26.33 -0.00012552
26.34 -0.000124731
26.35 -0.000123517
26.36 -0.000121883
26.37 -0.000119839
26.38 -0.000117394
26.39 -0.000114558
26.4 -0.000111344
26.41 -0.000107765
26.42 -0.000103836
26.43 -9.9571e-05
26.44 -9.49874e-05
26.45 -9.01017e-05
26.46 -8.49316e-05
26.47 -7.94956e-05
26.48 -7.38127e-05
26.49 -6.79027e-05
26.5 -6.17856e-05
26.51 -5.54822e-05
26.52 -4.90135e-05
26.53 -4.2401e-05
26.54 -3.56664e-05
26.55 -2.88316e-05
26.56 -2.19187e-05
26.57 -1.49499e-05
26.58 -7.94762e-06
26.59 -9.34166e-07
26.6 6.06806e-06
26.61 1.30367e-05
26.62 1.99493e-05
26.63 2.67836e-05
26.64 3.35175e-05
26.65 4.01288e-05
26.66 4.65957e-05
26.67 5.28967e-05
26.68 5.90103e-05
26.69 6.49157e-05
26.7 7.05926e-05
26.71 7.6021e-05
26.72 8.11818e-05
26.73 8.60565e-05
26.74 9.06274e-05
26.75 9.48781e-05
26.76 9.87927e-05
26.77 0.000102357
26.78 0.000105558
26.79 0.000108383
26.8 0.000110823
26.81 0.000112869
26.82 0.000114514
26.83 0.000115751
26.84 0.000116578
26.85 0.000116993
26.86 0.000116995
26.87 0.000116586
26.88 0.000115769
26.89 0.000114549
26.9 0.000112933
26.91 0.000110927
26.92 0.000108542
26.93 0.000105788
26.94 0.000102676
26.95 9.92203e-05
26.96 9.54336e-05
26.97 9.13311e-05
26.98 8.69287e-05
26.99 8.22431e-05
27 7.72916e-05
27.01 7.20923e-05
27.02 6.66641e-05
27.03 6.10262e-05
27.04 5.51984e-05
27.05 4.9201e-05
27.06 4.30544e-05
27.07 3.67798e-05
27.08 3.03981e-05
27.09 2.39307e-05
27.1 1.73992e-05
27.11 1.08249e-05
27.12 4.22973e-06
27.13 -2.36485e-06
27.14 -8.9372e-06
27.15 -1.54658e-05
27.16 -2.19292e-05
27.17 -2.83062e-05
27.18 -3.45757e-05
27.19 -4.07171e-05
27.2 -4.67098e-05
27.21 -5.25338e-05
27.22 -5.81695e-05
27.23 -6.3598e-05
27.24 -6.88007e-05
27.25 -7.37598e-05
27.26 -7.84584e-05
27.27 -8.28804e-05
27.28 -8.70104e-05
27.29 -9.08342e-05
27.3 -9.43388e-05
27.31 -9.75123e-05
27.32 -0.000100344
27.33 -0.000102824
27.34 -0.000104945
27.35 -0.0001067
27.36 -0.000108085
27.37 -0.000109094
27.38 -0.000109727
27.39 -0.000109983
27.4 -0.000109861
27.41 -0.000109365
27.42 -0.000108497
27.43 -0.000107263
27.44 -0.000105668
27.45 -0.00010372
27.46 -0.000101426
27.47 -9.87973e-05
27.48 -9.58429e-05
27.49 -9.25744e-05
27.5 -8.90042e-05
27.51 -8.51452e-05
27.52 -8.10113e-05
27.53 -7.66171e-05
27.54 -7.1978e-05
27.55 -6.71099e-05
27.56 -6.20294e-05
27.57 -5.67537e-05
27.58 -5.13003e-05
27.59 -4.56874e-05
27.6 -3.99336e-05
27.61 -3.40579e-05
27.62 -2.80797e-05
27.63 -2.20186e-05
27.64 -1.58946e-05
27.65 -9.72792e-06
27.66 -3.53904e-06
27.67 2.65145e-06
27.68 8.8228e-06
27.69 1.49542e-05
27.7 2.10248e-05
27.71 2.70139e-05
27.72 3.29007e-05
27.73 3.86649e-05
27.74 4.42862e-05
27.75 4.97448e-05
27.76 5.50214e-05
27.77 6.0097e-05
27.78 6.49536e-05
27.79 6.95736e-05
27.8 7.39405e-05
27.81 7.80386e-05
27.82 8.18533e-05
27.83 8.53711e-05
27.84 8.85796e-05
27.85 9.14679e-05
27.86 9.40264e-05
27.87 9.62467e-05
27.88 9.81221e-05
27.89 9.96471e-05
27.9 0.000100818
27.91 0.000101632
27.92 0.000102089
27.93 0.000102189
27.94 0.000101933
27.95 0.000101325
27.96 0.000100369
27.97 9.90715e-05
27.98 9.7438e-05
27.99 9.54767e-05
28 9.31963e-05
28.01 9.06067e-05
28.02 8.77183e-05
28.03 8.45426e-05
28.04 8.10917e-05
28.05 7.73785e-05
28.06 7.34164e-05
28.07 6.92197e-05
28.08 6.4803e-05
28.09 6.01815e-05
28.1 5.53709e-05
28.11 5.03872e-05
28.12 4.5247e-05
28.13 3.99671e-05
28.14 3.45647e-05
28.15 2.90574e-05
28.16 2.3463e-05
28.17 1.77995e-05
28.18 1.20852e-05
28.19 6.33856e-06
28.2 5.78316e-07
28.21 -5.17678e-06
28.22 -1.09078e-05
28.23 -1.65959e-05
28.24 -2.22221e-05
28.25 -2.77676e-05
28.26 -3.32135e-05
28.27 -3.85412e-05
28.28 -4.37325e-05
28.29 -4.87693e-05
28.3 -5.3634e-05
28.31 -5.83096e-05
28.32 -6.27794e-05
28.33 -6.70275e-05
28.34 -7.10389e-05
28.35 -7.47993e-05
28.36 -7.82953e-05
28.37 -8.15146e-05
28.38 -8.44459e-05
28.39 -8.7079e-05
28.4 -8.94051e-05
28.41 -9.14165e-05
28.42 -9.31068e-05
28.43 -9.44709e-05
28.44 -9.55051e-05
28.45 -9.62069e-05
28.46 -9.6575e-05
28.47 -9.66098e-05
28.48 -9.63124e-05
28.49 -9.56855e-05
28.5 -9.47328e-05
28.51 -9.34592e-05
28.52 -9.18706e-05
28.53 -8.99741e-05
28.54 -8.77775e-05
28.55 -8.52897e-05
28.56 -8.25206e-05
28.57 -7.94807e-05
28.58 -7.61815e-05
28.59 -7.2635e-05
28.6 -6.8854e-05
28.61 -6.48521e-05
28.62 -6.06433e-05
28.63 -5.62421e-05
28.64 -5.16639e-05
28.65 -4.69242e-05
28.66 -4.20391e-05
28.67 -3.7025e-05
28.68 -3.18988e-05
28.69 -2.66778e-05
28.7 -2.13794e-05
28.71 -1.60213e-05
28.72 -1.06215e-05
28.73 -5.19814e-06
28.74 2.30584e-07
28.75 5.64632e-06
28.76 1.10307e-05
28.77 1.63655e-05
28.78 2.16324e-05
28.79 2.68134e-05
28.8 3.18907e-05
28.81 3.68467e-05
28.82 4.16643e-05
28.83 4.63268e-05
28.84 5.0818e-05
28.85 5.51223e-05
28.86 5.92247e-05
28.87 6.31112e-05
28.88 6.67684e-05
28.89 7.01838e-05
28.9 7.3346e-05
28.91 7.62445e-05
28.92 7.88698e-05
28.93 8.12136e-05
28.94 8.32687e-05
28.95 8.5029e-05
28.96 8.64897e-05
28.97 8.76469e-05
28.98 8.8498e-05
28.99 8.90417e-05
29 8.92775e-05
29.01 8.92061e-05
29.02 8.88293e-05
29.03 8.815e-05
29.04 8.71718e-05
29.05 8.58996e-05
29.06 8.43389e-05
29.07 8.24963e-05
29.08 8.03791e-05
29.09 7.79954e-05
29.1 7.53541e-05
29.11 7.24647e-05
29.12 6.93377e-05
29.13 6.59839e-05
29.14 6.24148e-05
29.15 5.86427e-05
29.16 5.46803e-05
29.17 5.05407e-05
29.18 4.62378e-05
29.19 4.17859e-05
29.2 3.71995e-05
29.21 3.24939e-05
29.22 2.76846e-05
29.23 2.27875e-05
29.24 1.78189e-05
29.25 1.27953e-05
29.26 7.73347e-06
29.27 2.65051e-06
29.28 -2.43641e-06
29.29 -7.50995e-06
29.3 -1.25527e-05
29.31 -1.75473e-05
29.32 -2.24764e-05
29.33 -2.73227e-05
29.34 -3.20692e-05
29.35 -3.66993e-05
29.36 -4.11965e-05
29.37 -4.55447e-05
29.38 -4.97287e-05
29.39 -5.37334e-05
29.4 -5.75447e-05
29.41 -6.11491e-05
29.42 -6.4534e-05
29.43 -6.76877e-05
29.44 -7.05993e-05
29.45 -7.3259e-05
29.46 -7.5658e-05
29.47 -7.77887e-05
29.48 -7.96444e-05
29.49 -8.12197e-05
29.5 -8.251e-05
29.51 -8.35123e-05
29.52 -8.42244e-05
29.53 -8.46453e-05
29.54 -8.4775e-05
29.55 -8.46145e-05
29.56 -8.41662e-05
29.57 -8.34329e-05
29.58 -8.24187e-05
29.59 -8.11287e-05
29.6 -7.95685e-05
29.61 -7.77449e-05
29.62 -7.56652e-05
29.63 -7.33377e-05
29.64 -7.07713e-05
29.65 -6.79754e-05
29.66 -6.49602e-05
29.67 -6.17367e-05
29.68 -5.8316e-05
29.69 -5.47101e-05
29.7 -5.09315e-05
29.71 -4.69928e-05
29.72 -4.29075e-05
29.73 -3.86893e-05
29.74 -3.43522e-05
29.75 -2.99107e-05
29.76 -2.53795e-05
29.77 -2.07736e-05
29.78 -1.61085e-05
29.79 -1.13996e-05
29.8 -6.6625e-06
29.81 -1.91319e-06
29.82 2.83245e-06
29.83 7.55844e-06
29.84 1.22488e-05
29.85 1.68876e-05
29.86 2.14591e-05
29.87 2.59475e-05
29.88 3.03376e-05
29.89 3.46141e-05
29.9 3.87624e-05
29.91 4.2768e-05
29.92 4.66172e-05
29.93 5.02966e-05
29.94 5.37936e-05
29.95 5.70962e-05
29.96 6.0193e-05
29.97 6.30737e-05
29.98 6.57285e-05
29.99 6.81487e-05
30 7.03263e-05
30.01 7.22545e-05
30.02 7.39272e-05
30.03 7.53395e-05
30.04 7.64872e-05
30.05 7.73673e-05
30.06 7.79778e-05
30.07 7.83175e-05
30.08 7.83862e-05
30.09 7.81847e-05
30.1 7.77148e-05
30.11 7.69791e-05
30.12 7.5981e-05
30.13 7.47248e-05
30.14 7.32158e-05
30.15 7.14599e-05
30.16 6.94639e-05
30.17 6.72351e-05
30.18 6.47819e-05
30.19 6.2113e-05
30.2 5.9238e-05
30.21 5.61669e-05
30.22 5.29107e-05
30.23 4.94805e-05
30.24 4.58881e-05
30.25 4.2146e-05
30.26 3.82669e-05
30.27 3.4264e-05
30.28 3.0151e-05
30.29 2.5942e-05
30.3 2.16512e-05
30.31 1.72934e-05
30.32 1.28833e-05
30.33 8.43614e-06
30.34 3.96711e-06
30.35 -5.08424e-07
30.36 -4.97504e-06
30.37 -9.41733e-06
30.38 -1.38199e-05
30.39 -1.81675e-05
30.4 -2.24451e-05
30.41 -2.66378e-05
30.42 -3.07311e-05
30.43 -3.47107e-05
30.44 -3.85629e-05
30.45 -4.22744e-05
30.46 -4.58325e-05
30.47 -4.9225e-05
30.48 -5.24403e-05
30.49 -5.54678e-05
30.5 -5.82973e-05
30.51 -6.09195e-05
30.52 -6.33261e-05
30.53 -6.55094e-05
30.54 -6.74625e-05
30.55 -6.91798e-05
30.56 -7.06562e-05
30.57 -7.18877e-05
30.58 -7.2871e-05
30.59 -7.36039e-05
30.6 -7.4085e-05
30.61 -7.43139e-05
30.62 -7.42907e-05
30.63 -7.40168e-05
30.64 -7.3494e-05
30.65 -7.27253e-05
30.66 -7.17142e-05
30.67 -7.04649e-05
30.68 -6.89826e-05
30.69 -6.7273e-05
30.7 -6.53425e-05
30.71 -6.31982e-05
30.72 -6.08478e-05
30.73 -5.82996e-05
30.74 -5.55626e-05
30.75 -5.26461e-05
30.76 -4.95602e-05
30.77 -4.63154e-05
30.78 -4.29226e-05
30.79 -3.93933e-05
30.8 -3.57393e-05
30.81 -3.19728e-05
30.82 -2.81067e-05
30.83 -2.41538e-05
30.84 -2.01275e-05
30.85 -1.60413e-05
30.86 -1.19091e-05
30.87 -7.74485e-06
30.88 -3.56273e-06
30.89 6.2297e-07
30.9 4.7979e-06
30.91 8.94771e-06
30.92 1.30581e-05
30.93 1.71148e-05
30.94 2.11037e-05
30.95 2.50111e-05
30.96 2.88232e-05
30.97 3.25269e-05
30.98 3.61093e-05
30.99 3.95578e-05
31 4.28606e-05
31.01 4.60062e-05
31.02 4.89839e-05
31.03 5.17835e-05
31.04 5.43956e-05
31.05 5.68114e-05
31.06 5.9023e-05
31.07 6.10232e-05
31.08 6.28056e-05
31.09 6.43648e-05
31.1 6.56961e-05
31.11 6.67956e-05
31.12 6.76603e-05
31.13 6.82883e-05
31.14 6.86783e-05
31.15 6.88297e-05
31.16 6.87432e-05
31.17 6.84199e-05
31.18 6.78619e-05
31.19 6.7072e-05
31.2 6.60538e-05
31.21 6.48116e-05
31.22 6.33505e-05
31.23 6.16763e-05
31.24 5.97952e-05
31.25 5.77144e-05
31.26 5.54415e-05
31.27 5.29846e-05
31.28 5.03527e-05
31.29 4.7555e-05
31.3 4.46014e-05
31.31 4.15021e-05
31.32 3.82678e-05
31.33 3.49097e-05
31.34 3.14393e-05
31.35 2.78686e-05
31.36 2.42096e-05
31.37 2.04749e-05
31.38 1.66771e-05
31.39 1.28292e-05
31.4 8.94433e-06
31.41 5.03563e-06
31.42 1.11643e-06
31.43 -2.79992e-06
31.44 -6.70007e-06
31.45 -1.05707e-05
31.46 -1.43986e-05
31.47 -1.81708e-05
31.48 -2.18743e-05
31.49 -2.54966e-05
31.5 -2.90252e-05
31.51 -3.24482e-05
31.52 -3.5754e-05
31.53 -3.89313e-05
31.54 -4.19695e-05
31.55 -4.48583e-05
31.56 -4.75882e-05
31.57 -5.015e-05
31.58 -5.25353e-05
31.59 -5.47364e-05
31.6 -5.67462e-05
31.61 -5.85582e-05
31.62 -6.01669e-05
31.63 -6.15672e-05
31.64 -6.27551e-05
31.65 -6.3727e-05
31.66 -6.44803e-05
31.67 -6.50132e-05
31.68 -6.53244e-05
31.69 -6.54137e-05
31.7 -6.52813e-05
31.71 -6.49284e-05
31.72 -6.43568e-05
31.73 -6.35692e-05
31.74 -6.25687e-05
31.75 -6.13593e-05
31.76 -5.99457e-05
31.77 -5.83331e-05
31.78 -5.65275e-05
31.79 -5.45353e-05
31.8 -5.23639e-05
31.81 -5.00207e-05
31.82 -4.75142e-05
31.83 -4.4853e-05
31.84 -4.20464e-05
31.85 -3.91043e-05
31.86 -3.60367e-05
31.87 -3.28543e-05
31.88 -2.95681e-05
31.89 -2.61894e-05
31.9 -2.27298e-05
31.91 -1.92014e-05
31.92 -1.56161e-05
31.93 -1.19864e-05
31.94 -8.32494e-06
31.95 -4.64421e-06
31.96 -9.56983e-07
31.97 2.72399e-06
31.98 6.38599e-06
31.99 1.00163e-05
32 1.36025e-05
32.01 1.71321e-05
32.02 2.05929e-05
32.03 2.39731e-05
32.04 2.7261e-05
32.05 3.04454e-05
32.06 3.35155e-05
32.07 3.64607e-05
32.08 3.92712e-05
32.09 4.19376e-05
32.1 4.44509e-05
32.11 4.6803e-05
32.12 4.89862e-05
32.13 5.09934e-05
32.14 5.28184e-05
32.15 5.44554e-05
32.16 5.58994e-05
32.17 5.71462e-05
32.18 5.81922e-05
32.19 5.90346e-05
32.2 5.96712e-05
32.21 6.01006e-05
32.22 6.03221e-05
32.23 6.03358e-05
32.24 6.01423e-05
32.25 5.9743e-05
32.26 5.91399e-05
32.27 5.83358e-05
32.28 5.73341e-05
32.29 5.61388e-05
32.3 5.47543e-05
32.31 5.3186e-05
32.32 5.14397e-05
32.33 4.95215e-05
32.34 4.74385e-05
32.35 4.51979e-05
32.36 4.28077e-05
32.37 4.02761e-05
32.38 3.7612e-05
32.39 3.48244e-05
32.4 3.1923e-05
32.41 2.89177e-05
32.42 2.58188e-05
32.43 2.26369e-05
32.44 1.93828e-05
32.45 1.60676e-05
32.46 1.27026e-05
32.47 9.29934e-06
32.48 5.86937e-06
32.49 2.42441e-06
32.5 -1.02375e-06
32.51 -4.46332e-06
32.52 -7.88252e-06
32.53 -1.12696e-05
32.54 -1.46131e-05
32.55 -1.79014e-05
32.56 -2.11232e-05
32.57 -2.42677e-05
32.58 -2.73239e-05
32.59 -3.02815e-05
32.6 -3.31304e-05
32.61 -3.58609e-05
32.62 -3.84637e-05
32.63 -4.09301e-05
32.64 -4.32518e-05
32.65 -4.54211e-05
32.66 -4.74307e-05
32.67 -4.92743e-05
32.68 -5.09457e-05
32.69 -5.24396e-05
32.7 -5.37513e-05
32.71 -5.48769e-05
32.72 -5.58129e-05
32.73 -5.65567e-05
32.74 -5.71064e-05
32.75 -5.74605e-05
32.76 -5.76184e-05
32.77 -5.75804e-05
32.78 -5.7347e-05
32.79 -5.69196e-05
32.8 -5.63004e-05
32.81 -5.5492e-05
32.82 -5.44978e-05
32.83 -5.33217e-05
32.84 -5.19683e-05
32.85 -5.04426e-05
32.86 -4.87504e-05
32.87 -4.68979e-05
32.88 -4.48918e-05
32.89 -4.27393e-05
32.9 -4.04481e-05
32.91 -3.80265e-05
32.92 -3.54828e-05
32.93 -3.2826e-05
32.94 -3.00655e-05
32.95 -2.72108e-05
32.96 -2.42719e-05
32.97 -2.12589e-05
32.98 -1.81822e-05
32.99 -1.50525e-05
33 -1.18804e-05
33.01 -8.67699e-06
33.02 -5.45311e-06
33.03 -2.21983e-06
33.04 1.01177e-06
33.05 4.23066e-06
33.06 7.42588e-06
33.07 1.05865e-05
33.08 1.37019e-05
33.09 1.67614e-05
33.1 1.97546e-05
33.11 2.26715e-05
33.12 2.55023e-05
33.13 2.82373e-05
33.14 3.08676e-05
33.15 3.33842e-05
33.16 3.57789e-05
33.17 3.80437e-05
33.18 4.01712e-05
33.19 4.21546e-05
33.2 4.39872e-05
33.21 4.56633e-05
33.22 4.71776e-05
33.23 4.85253e-05
33.24 4.97023e-05
33.25 5.07049e-05
33.26 5.15303e-05
33.27 5.21761e-05
33.28 5.26406e-05
33.29 5.29227e-05
33.3 5.30219e-05
33.31 5.29384e-05
33.32 5.26729e-05
33.33 5.22268e-05
33.34 5.16021e-05
33.35 5.08013e-05
33.36 4.98276e-05
33.37 4.86846e-05
33.38 4.73767e-05
33.39 4.59086e-05
33.4 4.42858e-05
33.41 4.25139e-05
33.42 4.05994e-05
33.43 3.8549e-05
33.44 3.63699e-05
33.45 3.40699e-05
33.46 3.16569e-05
33.47 2.91394e-05
33.48 2.65261e-05
33.49 2.38262e-05
33.5 2.10489e-05
33.51 1.82039e-05
33.52 1.5301e-05
33.53 1.23503e-05
33.54 9.36202e-06
33.55 6.34639e-06
33.56 3.31385e-06
33.57 2.74846e-07
33.58 -2.76014e-06
33.59 -5.78065e-06
33.6 -8.77631e-06
33.61 -1.17368e-05
33.62 -1.4652e-05
33.63 -1.7512e-05
33.64 -2.03068e-05
33.65 -2.30271e-05
33.66 -2.56636e-05
33.67 -2.82073e-05
33.68 -3.06496e-05
33.69 -3.29824e-05
33.7 -3.51979e-05
33.71 -3.72886e-05
33.72 -3.92478e-05
33.73 -4.1069e-05
33.74 -4.27463e-05
33.75 -4.42744e-05
33.76 -4.56484e-05
33.77 -4.6864e-05
33.78 -4.79176e-05
33.79 -4.8806e-05
33.8 -4.95268e-05
33.81 -5.00779e-05
33.82 -5.0458e-05
33.83 -5.06663e-05
33.84 -5.07028e-05
33.85 -5.05677e-05
33.86 -5.02622e-05
33.87 -4.97877e-05
33.88 -4.91464e-05
33.89 -4.8341e-05
33.9 -4.73748e-05
33.91 -4.62514e-05
33.92 -4.49751e-05
33.93 -4.35507e-05
33.94 -4.19833e-05
33.95 -4.02788e-05
33.96 -3.84431e-05
33.97 -3.64828e-05
33.98 -3.44049e-05
33.99 -3.22167e-05
34 -2.99257e-05
34.01 -2.754e-05
34.02 -2.50678e-05
34.03 -2.25177e-05
34.04 -1.98984e-05
34.05 -1.72189e-05
34.06 -1.44885e-05
34.07 -1.17165e-05
34.08 -8.9123e-06
34.09 -6.08556e-06
34.1 -3.24589e-06
34.11 -4.02975e-07
34.12 2.4335e-06
34.13 5.25387e-06
34.14 8.04856e-06
34.15 1.08081e-05
34.16 1.3523e-05
34.17 1.61842e-05
34.18 1.87825e-05
34.19 2.13093e-05
34.2 2.3756e-05
34.21 2.61143e-05
34.22 2.83763e-05
34.23 3.05344e-05
34.24 3.25814e-05
34.25 3.45105e-05
34.26 3.63152e-05
34.27 3.79896e-05
34.28 3.95283e-05
34.29 4.09263e-05
34.3 4.2179e-05
34.31 4.32825e-05
34.32 4.42333e-05
34.33 4.50286e-05
34.34 4.56659e-05
34.35 4.61435e-05
34.36 4.64602e-05
34.37 4.66152e-05
34.38 4.66086e-05
34.39 4.64406e-05
34.4 4.61123e-05
34.41 4.56253e-05
34.42 4.49817e-05
34.43 4.4184e-05
34.44 4.32354e-05
34.45 4.21396e-05
34.46 4.09008e-05
34.47 3.95234e-05
34.48 3.80126e-05
34.49 3.63739e-05
34.5 3.46132e-05
34.51 3.27369e-05
34.52 3.07516e-05
34.53 2.86644e-05
34.54 2.64826e-05
34.55 2.4214e-05
34.56 2.18665e-05
34.57 1.94483e-05
34.58 1.69677e-05
34.59 1.44335e-05
34.6 1.18543e-05
34.61 9.23919e-06
34.62 6.59704e-06
34.63 3.93697e-06
34.64 1.26811e-06
34.65 -1.40041e-06
34.66 -4.05947e-06
34.67 -6.7e-06
34.68 -9.31302e-06
34.69 -1.18897e-05
34.7 -1.44212e-05
34.71 -1.6899e-05
34.72 -1.93149e-05
34.73 -2.16606e-05
34.74 -2.39283e-05
34.75 -2.61104e-05
34.76 -2.81996e-05
34.77 -3.01892e-05
34.78 -3.20723e-05
34.79 -3.3843e-05
34.8 -3.54954e-05
34.81 -3.70241e-05
34.82 -3.84242e-05
34.83 -3.96914e-05
34.84 -4.08215e-05
34.85 -4.18112e-05
34.86 -4.26573e-05
34.87 -4.33573e-05
34.88 -4.39093e-05
34.89 -4.43118e-05
34.9 -4.45637e-05
34.91 -4.46646e-05
34.92 -4.46146e-05
34.93 -4.44142e-05
34.94 -4.40644e-05
34.95 -4.3567e-05
34.96 -4.29238e-05
34.97 -4.21375e-05
34.98 -4.1211e-05
34.99 -4.01479e-05
35 -3.89522e-05
35.01 -3.76281e-05
35.02 -3.61805e-05
35.03 -3.46145e-05
35.04 -3.29358e-05
35.05 -3.11503e-05
35.06 -2.92643e-05
35.07 -2.72844e-05
35.08 -2.52175e-05
35.09 -2.30709e-05
35.1 -2.08521e-05
35.11 -1.85686e-05
35.12 -1.62285e-05
35.13 -1.38397e-05
35.14 -1.14107e-05
35.15 -8.94964e-06
35.16 -6.4651e-06
35.17 -3.96561e-06
35.18 -1.45973e-06
35.19 1.04392e-06
35.2 3.53678e-06
35.21 6.01031e-06
35.22 8.45605e-06
35.23 1.08657e-05
35.24 1.32309e-05
35.25 1.55438e-05
35.26 1.77964e-05
35.27 1.99811e-05
35.28 2.20905e-05
35.29 2.41176e-05
35.3 2.60555e-05
35.31 2.78978e-05
35.32 2.96382e-05
35.33 3.12711e-05
35.34 3.27911e-05
35.35 3.41933e-05
35.36 3.5473e-05
35.37 3.66263e-05
35.38 3.76494e-05
35.39 3.85392e-05
35.4 3.92931e-05
35.41 3.99087e-05
35.42 4.03844e-05
35.43 4.07189e-05
35.44 4.09116e-05
35.45 4.09621e-05
35.46 4.08707e-05
35.47 4.06381e-05
35.48 4.02655e-05
35.49 3.97547e-05
35.5 3.91077e-05
35.51 3.83271e-05
35.52 3.74161e-05
35.53 3.63781e-05
35.54 3.52169e-05
35.55 3.39369e-05
35.56 3.25427e-05
35.57 3.10393e-05
35.58 2.94323e-05
35.59 2.77272e-05
35.6 2.59302e-05
35.61 2.40475e-05
35.62 2.20858e-05
35.63 2.00518e-05
35.64 1.79527e-05
35.65 1.57957e-05
35.66 1.35882e-05
35.67 1.13379e-05
35.68 9.05244e-06
35.69 6.73968e-06
35.7 4.40754e-06
35.71 2.06396e-06
35.72 -2.83069e-07
35.73 -2.62556e-06
35.74 -4.95555e-06
35.75 -7.26513e-06
35.76 -9.54648e-06
35.77 -1.17919e-05
35.78 -1.39937e-05
35.79 -1.61446e-05
35.8 -1.82372e-05
35.81 -2.02645e-05
35.82 -2.22197e-05
35.83 -2.40963e-05
35.84 -2.5888e-05
35.85 -2.75889e-05
35.86 -2.91931e-05
35.87 -3.06956e-05
35.88 -3.20913e-05
35.89 -3.33756e-05
35.9 -3.45444e-05
35.91 -3.5594e-05
35.92 -3.6521e-05
35.93 -3.73224e-05
35.94 -3.79959e-05
35.95 -3.85394e-05
35.96 -3.89514e-05
35.97 -3.92308e-05
35.98 -3.93768e-05
35.99 -3.93895e-05
36 -3.9269e-05
36.01 -3.9016e-05
36.02 -3.86319e-05
36.03 -3.81182e-05
36.04 -3.74771e-05
36.05 -3.6711e-05
36.06 -3.58229e-05
36.07 -3.48161e-05
36.08 -3.36945e-05
36.09 -3.24621e-05
36.1 -3.11233e-05
36.11 -2.96831e-05
36.12 -2.81467e-05
36.13 -2.65194e-05
36.14 -2.48072e-05
36.15 -2.30159e-05
36.16 -2.11521e-05
36.17 -1.92221e-05
36.18 -1.72327e-05
36.19 -1.51909e-05
36.2 -1.31038e-05
36.21 -1.09785e-05
36.22 -8.82253e-06
36.23 -6.64317e-06
36.24 -4.44797e-06
36.25 -2.24447e-06
36.26 -4.02205e-08
36.27 2.15725e-06
36.28 4.34044e-06
36.29 6.50192e-06
36.3 8.63434e-06
36.31 1.07305e-05
36.32 1.27832e-05
36.33 1.47857e-05
36.34 1.67311e-05
36.35 1.86129e-05
36.36 2.04249e-05
36.37 2.21609e-05
36.38 2.38153e-05
36.39 2.53825e-05
36.4 2.68575e-05
36.41 2.82353e-05
36.42 2.95115e-05
36.43 3.0682e-05
36.44 3.17431e-05
36.45 3.26914e-05
36.46 3.35239e-05
36.47 3.42381e-05
36.48 3.48319e-05
36.49 3.53036e-05
36.5 3.56518e-05
36.51 3.58757e-05
36.52 3.59749e-05
36.53 3.59493e-05
36.54 3.57994e-05
36.55 3.5526e-05
36.56 3.51304e-05
36.57 3.46141e-05
36.58 3.39794e-05
36.59 3.32286e-05
36.6 3.23646e-05
36.61 3.13906e-05
36.62 3.03102e-05
36.63 2.91272e-05
36.64 2.78461e-05
36.65 2.64713e-05
36.66 2.50077e-05
36.67 2.34605e-05
36.68 2.18352e-05
36.69 2.01374e-05
36.7 1.83731e-05
36.71 1.65484e-05
36.72 1.46696e-05
36.73 1.27433e-05
36.74 1.0776e-05
36.75 8.77463e-06
36.76 6.74601e-06
36.77 4.69714e-06
36.78 2.63503e-06
36.79 5.66758e-07
36.8 -1.50059e-06
36.81 -3.55995e-06
36.82 -5.60428e-06
36.83 -7.62661e-06
36.84 -9.62005e-06
36.85 -1.15778e-05
36.86 -1.34933e-05
36.87 -1.53599e-05
36.88 -1.71714e-05
36.89 -1.89216e-05
36.9 -2.06047e-05
36.91 -2.2215e-05
36.92 -2.37472e-05
36.93 -2.5196e-05
36.94 -2.65568e-05
36.95 -2.7825e-05
36.96 -2.89965e-05
36.97 -3.00675e-05
36.98 -3.10346e-05
36.99 -3.18946e-05
37 -3.26449e-05
37.01 -3.32832e-05
37.02 -3.38077e-05
37.03 -3.42167e-05
37.04 -3.45092e-05
37.05 -3.46846e-05
37.06 -3.47425e-05
37.07 -3.46831e-05
37.08 -3.45069e-05
37.09 -3.42148e-05
37.1 -3.38082e-05
37.11 -3.32887e-05
37.12 -3.26586e-05
37.13 -3.19202e-05
37.14 -3.10763e-05
37.15 -3.01301e-05
37.16 -2.90852e-05
37.17 -2.79453e-05
37.18 -2.67147e-05
37.19 -2.53976e-05
37.2 -2.39989e-05
37.21 -2.25234e-05
37.22 -2.09765e-05
37.23 -1.93635e-05
37.24 -1.76901e-05
37.25 -1.59621e-05
37.26 -1.41854e-05
37.27 -1.23664e-05
37.28 -1.05112e-05
37.29 -8.62617e-06
37.3 -6.71785e-06
37.31 -4.79276e-06
37.32 -2.85748e-06
37.33 -9.18612e-07
37.34 1.01724e-06
37.35 2.9435e-06
37.36 4.85361e-06
37.37 6.74111e-06
37.38 8.5996e-06
37.39 1.04228e-05
37.4 1.22046e-05
37.41 1.3939e-05
37.42 1.56201e-05
37.43 1.72423e-05
37.44 1.88002e-05
37.45 2.02886e-05
37.46 2.17025e-05
37.47 2.30373e-05
37.48 2.42886e-05
37.49 2.54522e-05
37.5 2.65244e-05
37.51 2.75017e-05
37.52 2.8381e-05
37.53 2.91594e-05
37.54 2.98346e-05
37.55 3.04045e-05
37.56 3.08673e-05
37.57 3.12217e-05
37.58 3.14668e-05
37.59 3.16021e-05
37.6 3.16272e-05
37.61 3.15423e-05
37.62 3.13482e-05
37.63 3.10456e-05
37.64 3.06358e-05
37.65 3.01206e-05
37.66 2.9502e-05
37.67 2.87823e-05
37.68 2.79642e-05
37.69 2.70508e-05
37.7 2.60453e-05
37.71 2.49516e-05
37.72 2.37735e-05
37.73 2.25152e-05
37.74 2.11812e-05
37.75 1.97763e-05
37.76 1.83054e-05
37.77 1.67738e-05
37.78 1.51867e-05
37.79 1.35497e-05
37.8 1.18685e-05
37.81 1.0149e-05
37.82 8.39711e-06
37.83 6.61892e-06
37.84 4.82055e-06
37.85 3.0082e-06
37.86 1.1881e-06
37.87 -6.33502e-07
37.88 -2.45037e-06
37.89 -4.25629e-06
37.9 -6.04512e-06
37.91 -7.81074e-06
37.92 -9.54718e-06
37.93 -1.12485e-05
37.94 -1.29091e-05
37.95 -1.45232e-05
37.96 -1.60855e-05
37.97 -1.75906e-05
37.98 -1.90337e-05
37.99 -2.04099e-05
38 -2.17146e-05
38.01 -2.29435e-05
38.02 -2.40927e-05
38.03 -2.51583e-05
38.04 -2.6137e-05
38.05 -2.70255e-05
38.06 -2.78212e-05
38.07 -2.85215e-05
38.08 -2.91243e-05
38.09 -2.96277e-05
38.1 -3.00303e-05
38.11 -3.03311e-05
38.12 -3.05291e-05
38.13 -3.06242e-05
38.14 -3.06161e-05
38.15 -3.05052e-05
38.16 -3.02921e-05
38.17 -2.99779e-05
38.18 -2.95638e-05
38.19 -2.90516e-05
38.2 -2.84432e-05
38.21 -2.7741e-05
38.22 -2.69475e-05
38.23 -2.60657e-05
38.24 -2.50989e-05
38.25 -2.40504e-05
38.26 -2.29241e-05
38.27 -2.1724e-05
38.28 -2.04543e-05
38.29 -1.91195e-05
38.3 -1.77243e-05
38.31 -1.62735e-05
38.32 -1.47722e-05
38.33 -1.32256e-05
38.34 -1.16391e-05
38.35 -1.00182e-05
38.36 -8.36838e-06
38.37 -6.69542e-06
38.38 -5.00503e-06
38.39 -3.30302e-06
38.4 -1.59522e-06
38.41 1.12529e-07
38.42 1.81439e-06
38.43 3.50456e-06
38.44 5.17728e-06
38.45 6.82686e-06
38.46 8.44769e-06
38.47 1.00343e-05
38.48 1.15813e-05
38.49 1.30834e-05
38.5 1.45356e-05
38.51 1.59331e-05
38.52 1.72711e-05
38.53 1.85452e-05
38.54 1.97511e-05
38.55 2.08848e-05
38.56 2.19427e-05
38.57 2.29212e-05
38.58 2.38171e-05
38.59 2.46277e-05
38.6 2.53503e-05
38.61 2.59826e-05
38.62 2.65228e-05
38.63 2.69691e-05
38.64 2.73202e-05
38.65 2.75753e-05
38.66 2.77337e-05
38.67 2.77951e-05
38.68 2.77596e-05
38.69 2.76275e-05
38.7 2.73995e-05
38.71 2.70766e-05
38.72 2.66603e-05
38.73 2.61522e-05
38.74 2.55543e-05
38.75 2.48689e-05
38.76 2.40984e-05
38.77 2.32459e-05
38.78 2.23143e-05
38.79 2.13071e-05
38.8 2.0228e-05
38.81 1.90807e-05
38.82 1.78693e-05
38.83 1.65982e-05
38.84 1.52719e-05
38.85 1.38949e-05
38.86 1.2472e-05
38.87 1.10083e-05
38.88 9.50886e-06
38.89 7.97879e-06
38.9 6.42342e-06
38.91 4.84809e-06
38.92 3.25823e-06
38.93 1.65928e-06
38.94 5.67185e-08
38.95 -1.54399e-06
38.96 -3.13739e-06
38.97 -4.71806e-06
38.98 -6.28063e-06
38.99 -7.81981e-06
39 -9.3304e-06
39.01 -1.08073e-05
39.02 -1.22456e-05
39.03 -1.36403e-05
39.04 -1.49869e-05
39.05 -1.62809e-05
39.06 -1.75178e-05
39.07 -1.86938e-05
39.08 -1.98048e-05
39.09 -2.08472e-05
39.1 -2.18175e-05
39.11 -2.27128e-05
39.12 -2.353e-05
39.13 -2.42665e-05
39.14 -2.492e-05
39.15 -2.54886e-05
39.16 -2.59703e-05
39.17 -2.63639e-05
39.18 -2.66681e-05
39.19 -2.68821e-05
39.2 -2.70055e-05
39.21 -2.70379e-05
39.22 -2.69796e-05
39.23 -2.6831e-05
39.24 -2.65927e-05
39.25 -2.62657e-05
39.26 -2.58516e-05
39.27 -2.53517e-05
39.28 -2.47682e-05
39.29 -2.4103e-05
39.3 -2.33588e-05
39.31 -2.25382e-05
39.32 -2.16443e-05
39.33 -2.06802e-05
39.34 -1.96493e-05
39.35 -1.85555e-05
39.36 -1.74024e-05
39.37 -1.61943e-05
39.38 -1.49354e-05
39.39 -1.363e-05
39.4 -1.22828e-05
39.41 -1.08984e-05
39.42 -9.48165e-06
39.43 -8.03747e-06
39.44 -6.57086e-06
39.45 -5.08687e-06
39.46 -3.59062e-06
39.47 -2.08727e-06
39.48 -5.8197e-07
39.49 9.20118e-07
39.5 2.41386e-06
39.51 3.89415e-06
39.52 5.35595e-06
39.53 6.79429e-06
39.54 8.2043e-06
39.55 9.5812e-06
39.56 1.09204e-05
39.57 1.22173e-05
39.58 1.34676e-05
39.59 1.46671e-05
39.6 1.58118e-05
39.61 1.6898e-05
39.62 1.79221e-05
39.63 1.88807e-05
39.64 1.97706e-05
39.65 2.05891e-05
39.66 2.13334e-05
39.67 2.20013e-05
39.68 2.25906e-05
39.69 2.30995e-05
39.7 2.35265e-05
39.71 2.38703e-05
39.72 2.41301e-05
39.73 2.4305e-05
39.74 2.43948e-05
39.75 2.43994e-05
39.76 2.43189e-05
39.77 2.41538e-05
39.78 2.3905e-05
39.79 2.35735e-05
39.8 2.31607e-05
39.81 2.26681e-05
39.82 2.20976e-05
39.83 2.14515e-05
39.84 2.07319e-05
39.85 1.99417e-05
39.86 1.90836e-05
39.87 1.81608e-05
39.88 1.71765e-05
39.89 1.61342e-05
39.9 1.50376e-05
39.91 1.38905e-05
39.92 1.2697e-05
39.93 1.14613e-05
39.94 1.01876e-05
39.95 8.88036e-06
39.96 7.54411e-06
39.97 6.18346e-06
39.98 4.80311e-06
39.99 3.4078e-06
40 2.00232e-06
40.01 5.91492e-07
40.02 -8.19857e-07
40.03 -2.2269e-06
40.04 -3.62485e-06
40.05 -5.00894e-06
40.06 -6.37447e-06
40.07 -7.7168e-06
40.08 -9.03138e-06
40.09 -1.03138e-05
40.1 -1.15597e-05
40.11 -1.27649e-05
40.12 -1.39253e-05
40.13 -1.50372e-05
40.14 -1.60967e-05
40.15 -1.71004e-05
40.16 -1.80449e-05
40.17 -1.89272e-05
40.18 -1.97443e-05
40.19 -2.04936e-05
40.2 -2.11727e-05
40.21 -2.17795e-05
40.22 -2.23119e-05
40.23 -2.27685e-05
40.24 -2.31477e-05
40.25 -2.34485e-05
40.26 -2.36701e-05
40.27 -2.38119e-05
40.28 -2.38735e-05
40.29 -2.38551e-05
40.3 -2.37568e-05
40.31 -2.35791e-05
40.32 -2.3323e-05
40.33 -2.29895e-05
40.34 -2.25799e-05
40.35 -2.20957e-05
40.36 -2.15389e-05
40.37 -2.09116e-05
40.38 -2.0216e-05
40.39 -1.94547e-05
40.4 -1.86304e-05
40.41 -1.77462e-05
40.42 -1.68052e-05
40.43 -1.58107e-05
40.44 -1.47663e-05
40.45 -1.36757e-05
40.46 -1.25427e-05
40.47 -1.13712e-05
40.48 -1.01654e-05
40.49 -8.92943e-06
40.5 -7.66761e-06
40.51 -6.38429e-06
40.52 -5.0839e-06
40.53 -3.77093e-06
40.54 -2.44989e-06
40.55 -1.12529e-06
40.56 1.98313e-07
40.57 1.51642e-06
40.58 2.82454e-06
40.59 4.11822e-06
40.6 5.39309e-06
40.61 6.64482e-06
40.62 7.8692e-06
40.63 9.06211e-06
40.64 1.02195e-05
40.65 1.13376e-05
40.66 1.24126e-05
40.67 1.3441e-05
40.68 1.44193e-05
40.69 1.53443e-05
40.7 1.6213e-05
40.71 1.70226e-05
40.72 1.77703e-05
40.73 1.84539e-05
40.74 1.90711e-05
40.75 1.962e-05
40.76 2.00989e-05
40.77 2.05062e-05
40.78 2.08409e-05
40.79 2.11018e-05
40.8 2.12884e-05
40.81 2.14e-05
40.82 2.14367e-05
40.83 2.13983e-05
40.84 2.12851e-05
40.85 2.10979e-05
40.86 2.08373e-05
40.87 2.05045e-05
40.88 2.01007e-05
40.89 1.96275e-05
40.9 1.90866e-05
40.91 1.84802e-05
40.92 1.78103e-05
40.93 1.70794e-05
40.94 1.62902e-05
40.95 1.54455e-05
40.96 1.45482e-05
40.97 1.36016e-05
40.98 1.26091e-05
40.99 1.1574e-05
41 1.05001e-05
41.01 9.39106e-06
41.02 8.2508e-06
41.03 7.08327e-06
41.04 5.89251e-06
41.05 4.68266e-06
41.06 3.4579e-06
41.07 2.22244e-06
41.08 9.80545e-07
41.09 -2.63525e-07
41.1 -1.5055e-06
41.11 -2.74114e-06
41.12 -3.96623e-06
41.13 -5.17658e-06
41.14 -6.36808e-06
41.15 -7.53671e-06
41.16 -8.67849e-06
41.17 -9.78959e-06
41.18 -1.08663e-05
41.19 -1.19049e-05
41.2 -1.2902e-05
41.21 -1.38543e-05
41.22 -1.47587e-05
41.23 -1.5612e-05
41.24 -1.64117e-05
41.25 -1.71549e-05
41.26 -1.78393e-05
41.27 -1.84628e-05
41.28 -1.90234e-05
41.29 -1.95192e-05
41.3 -1.99487e-05
41.31 -2.03108e-05
41.32 -2.06041e-05
41.33 -2.08281e-05
41.34 -2.0982e-05
41.35 -2.10655e-05
41.36 -2.10786e-05
41.37 -2.10213e-05
41.38 -2.0894e-05
41.39 -2.06973e-05
41.4 -2.04322e-05
41.41 -2.00996e-05
41.42 -1.97008e-05
41.43 -1.92375e-05
41.44 -1.87113e-05
41.45 -1.81242e-05
41.46 -1.74783e-05
41.47 -1.67759e-05
41.48 -1.60197e-05
41.49 -1.52123e-05
41.5 -1.43566e-05
41.51 -1.34556e-05
41.52 -1.25125e-05
41.53 -1.15306e-05
41.54 -1.05133e-05
41.55 -9.46423e-06
41.56 -8.38699e-06
41.57 -7.28531e-06
41.58 -6.16301e-06
41.59 -5.02397e-06
41.6 -3.87211e-06
41.61 -2.71138e-06
41.62 -1.54576e-06
41.63 -3.7925e-07
41.64 7.84175e-07
41.65 1.94055e-06
41.66 3.08593e-06
41.67 4.21644e-06
41.68 5.32824e-06
41.69 6.41757e-06
41.7 7.48076e-06
41.71 8.51423e-06
41.72 9.51451e-06
41.73 1.04783e-05
41.74 1.14022e-05
41.75 1.22834e-05
41.76 1.31188e-05
41.77 1.39057e-05
41.78 1.46416e-05
41.79 1.53239e-05
41.8 1.59506e-05
41.81 1.65195e-05
41.82 1.70289e-05
41.83 1.74771e-05
41.84 1.78628e-05
41.85 1.81848e-05
41.86 1.84422e-05
41.87 1.86342e-05
41.88 1.87603e-05
41.89 1.88202e-05
41.9 1.8814e-05
41.91 1.87417e-05
41.92 1.86038e-05
41.93 1.84009e-05
41.94 1.81339e-05
41.95 1.78038e-05
41.96 1.7412e-05
41.97 1.69598e-05
41.98 1.64491e-05
41.99 1.58816e-05
42 1.52595e-05
42.01 1.4585e-05
42.02 1.38606e-05
42.03 1.30888e-05
42.04 1.22725e-05
42.05 1.14144e-05
42.06 1.05177e-05
42.07 9.58542e-06
42.08 8.62094e-06
42.09 7.62759e-06
42.1 6.60883e-06
42.11 5.56821e-06
42.12 4.50933e-06
42.13 3.43586e-06
42.14 2.3515e-06
42.15 1.25998e-06
42.16 1.65044e-07
42.17 -9.29554e-07
42.18 -2.02008e-06
42.19 -3.1028e-06
42.2 -4.17405e-06
42.21 -5.23019e-06
42.22 -6.26765e-06
42.23 -7.28292e-06
42.24 -8.27259e-06
42.25 -9.23333e-06
42.26 -1.01619e-05
42.27 -1.10553e-05
42.28 -1.19104e-05
42.29 -1.27246e-05
42.3 -1.3495e-05
42.31 -1.42191e-05
42.32 -1.48946e-05
42.33 -1.55194e-05
42.34 -1.60913e-05
42.35 -1.66086e-05
42.36 -1.70696e-05
42.37 -1.74728e-05
42.38 -1.78172e-05
42.39 -1.81015e-05
42.4 -1.8325e-05
42.41 -1.84871e-05
42.42 -1.85873e-05
42.43 -1.86255e-05
42.44 -1.86017e-05
42.45 -1.85161e-05
42.46 -1.83692e-05
42.47 -1.81616e-05
42.48 -1.78941e-05
42.49 -1.75678e-05
42.5 -1.7184e-05
42.51 -1.67441e-05
42.52 -1.62497e-05
42.53 -1.57027e-05
42.54 -1.5105e-05
42.55 -1.44588e-05
42.56 -1.37664e-05
42.57 -1.30303e-05
42.58 -1.22531e-05
42.59 -1.14375e-05
42.6 -1.05865e-05
42.61 -9.70289e-06
42.62 -8.78992e-06
42.63 -7.85071e-06
42.64 -6.88855e-06
42.65 -5.90676e-06
42.66 -4.90876e-06
42.67 -3.89799e-06
42.68 -2.87793e-06
42.69 -1.8521e-06
42.7 -8.24006e-07
42.71 2.02817e-07
42.72 1.22486e-06
42.73 2.23864e-06
42.74 3.2407e-06
42.75 4.22764e-06
42.76 5.19612e-06
42.77 6.14286e-06
42.78 7.06467e-06
42.79 7.95844e-06
42.8 8.82119e-06
42.81 9.65003e-06
42.82 1.04422e-05
42.83 1.11951e-05
42.84 1.19062e-05
42.85 1.25732e-05
42.86 1.31939e-05
42.87 1.37662e-05
42.88 1.42885e-05
42.89 1.47589e-05
42.9 1.5176e-05
42.91 1.55385e-05
42.92 1.58454e-05
42.93 1.60956e-05
42.94 1.62884e-05
42.95 1.64235e-05
42.96 1.65003e-05
42.97 1.65189e-05
42.98 1.64793e-05
42.99 1.63818e-05
43 1.62268e-05
43.01 1.6015e-05
43.02 1.57474e-05
43.03 1.54249e-05
43.04 1.50487e-05
43.05 1.46204e-05
43.06 1.41415e-05
43.07 1.36137e-05
43.08 1.30389e-05
43.09 1.24194e-05
43.1 1.17571e-05
43.11 1.10546e-05
43.12 1.03144e-05
43.13 9.53895e-06
43.14 8.73108e-06
43.15 7.89361e-06
43.16 7.02946e-06
43.17 6.14164e-06
43.18 5.23324e-06
43.19 4.3074e-06
43.2 3.36733e-06
43.21 2.41626e-06
43.22 1.45746e-06
43.23 4.94229e-07
43.24 -4.70143e-07
43.25 -1.43236e-06
43.26 -2.38914e-06
43.27 -3.33722e-06
43.28 -4.2734e-06
43.29 -5.1945e-06
43.3 -6.0974e-06
43.31 -6.97907e-06
43.32 -7.83654e-06
43.33 -8.66693e-06
43.34 -9.46746e-06
43.35 -1.02355e-05
43.36 -1.09684e-05
43.37 -1.16639e-05
43.38 -1.23195e-05
43.39 -1.29332e-05
43.4 -1.35029e-05
43.41 -1.40269e-05
43.42 -1.45034e-05
43.43 -1.49309e-05
43.44 -1.5308e-05
43.45 -1.56336e-05
43.46 -1.59067e-05
43.47 -1.61264e-05
43.48 -1.62922e-05
43.49 -1.64037e-05
43.5 -1.64604e-05
43.51 -1.64625e-05
43.52 -1.64099e-05
43.53 -1.63031e-05
43.54 -1.61425e-05
43.55 -1.59288e-05
43.56 -1.56628e-05
43.57 -1.53456e-05
43.58 -1.49784e-05
43.59 -1.45626e-05
43.6 -1.40996e-05
43.61 -1.35913e-05
43.62 -1.30394e-05
43.63 -1.24459e-05
43.64 -1.1813e-05
43.65 -1.11429e-05
43.66 -1.0438e-05
43.67 -9.7008e-06
43.68 -8.93387e-06
43.69 -8.13992e-06
43.7 -7.32173e-06
43.71 -6.48214e-06
43.72 -5.62409e-06
43.73 -4.75055e-06
43.74 -3.86453e-06
43.75 -2.96911e-06
43.76 -2.06735e-06
43.77 -1.16237e-06
43.78 -2.57261e-07
43.79 6.44884e-07
43.8 1.54099e-06
43.81 2.428e-06
43.82 3.3029e-06
43.83 4.16275e-06
43.84 5.00462e-06
43.85 5.82569e-06
43.86 6.6232e-06
43.87 7.39447e-06
43.88 8.13695e-06
43.89 8.84815e-06
43.9 9.52572e-06
43.91 1.01674e-05
43.92 1.07712e-05
43.93 1.13349e-05
43.94 1.1857e-05
43.95 1.23355e-05
43.96 1.27691e-05
43.97 1.31563e-05
43.98 1.34959e-05
