0.01 -4.99099e-07
0.02 -5.08456e-07
0.03 -5.13641e-07
0.04 -4.54219e-07
0.05 -2.22187e-07
0.06 2.72932e-07
0.07 1.01913e-06
0.08 1.88047e-06
0.09 2.68307e-06
0.1 3.35946e-06
0.11 4.03019e-06
0.12 4.93318e-06
0.13 6.24493e-06
0.14 7.95363e-06
0.15 9.90887e-06
0.16 1.20018e-05
0.17 1.42946e-05
0.18 1.69682e-05
0.19 2.01392e-05
0.2 2.37365e-05
0.21 2.75823e-05
0.22 3.16289e-05
0.23 3.61148e-05
0.24 4.14247e-05
0.25 4.7722e-05
0.26 5.46829e-05
0.27 6.16156e-05
0.28 6.79466e-05
0.29 7.37613e-05
0.3 7.99746e-05
0.31 8.78694e-05
0.32 9.81915e-05
0.33 0.0001104
0.34 0.000122639
0.35 0.000132537
0.36 0.000138401
0.37 0.000140098
0.38 0.000139132
0.39 0.000137925
0.4 0.000138717
0.41 0.000142516
0.42 0.000148523
0.43 0.000154509
0.44 0.000158132
0.45 0.00015836
0.46 0.000155883
0.47 0.000152125
0.48 0.000147636
0.49 0.000141326
0.5 0.000131281
0.51 0.00011637
0.52 9.72235e-05
0.53 7.58896e-05
0.54 5.44659e-05
0.55 3.37454e-05
0.56 1.30706e-05
0.57 -8.364e-06
0.58 -3.01345e-05
0.59 -5.08564e-05
0.6 -6.99323e-05
0.61 -8.86698e-05
0.62 -0.00010932
0.63 -0.000132998
0.64 -0.000158447
0.65 -0.000182257
0.66 -0.000199774
0.67 -0.000206375
0.68 -0.000199724
0.69 -0.000182773
0.7 -0.000164707
0.71 -0.000156899
0.72 -0.000165059
0.73 -0.000183615
0.74 -0.000198007
0.75 -0.000194081
0.76 -0.000167247
0.77 -0.000124338
0.78 -7.76989e-05
0.79 -3.70769e-05
0.8 -4.80382e-06
0.81 2.43338e-05
0.82 6.02353e-05
0.83 0.000113234
0.84 0.00018909
0.85 0.000284632
0.86 0.000387091
0.87 0.000479394
0.88 0.000549561
0.89 0.000598113
0.9 0.000637785
0.91 0.000685284
0.92 0.000750659
0.93 0.000831181
0.94 0.00091319
0.95 0.000979864
0.96 0.0010194
0.97 0.00102883
0.98 0.00101282
0.99 0.000980286
1 0.000941566
1.01 0.000906436
1.02 0.00088187
1.03 0.000869611
1.04 0.000864983
1.05 0.000858593
1.06 0.000841426
1.07 0.000811208
1.08 0.00077547
1.09 0.000747903
1.1 0.000739567
1.11 0.000750724
1.12 0.000768984
1.13 0.000775434
1.14 0.000755456
1.15 0.000707724
1.16 0.000645747
1.17 0.000590649
1.18 0.000558613
1.19 0.000549506
1.2 0.000544421
1.21 0.000516723
1.22 0.000451513
1.23 0.000358531
1.24 0.000266092
1.25 0.000199962
1.26 0.000164929
1.27 0.000143486
1.28 0.000110448
1.29 5.05277e-05
1.3 -3.3793e-05
1.31 -0.000127445
1.32 -0.000214527
1.33 -0.000286736
1.34 -0.000343381
1.35 -0.000385969
1.36 -0.000414292
1.37 -0.000427873
1.38 -0.000430257
1.39 -0.000430586
1.4 -0.000439696
1.41 -0.000463129
1.42 -0.000496317
1.43 -0.000525903
1.44 -0.000536832
1.45 -0.000520748
1.46 -0.000480341
1.47 -0.000427286
1.48 -0.000375312
1.49 -0.000332374
1.5 -0.000296424
1.51 -0.000257607
1.52 -0.000205769
1.53 -0.000138351
1.54 -6.32548e-05
1.55 5.21292e-06
1.56 5.44255e-05
1.57 8.01025e-05
1.58 8.77841e-05
1.59 8.93872e-05
1.6 9.78498e-05
1.61 0.00012245
1.62 0.000165372
1.63 0.00021935
1.64 0.000267688
1.65 0.000289077
1.66 0.000267214
1.67 0.000200248
1.68 0.000102806
1.69 -2.17977e-06
1.7 -9.64141e-05
1.71 -0.000174378
1.72 -0.000241205
1.73 -0.000303579
1.74 -0.000362318
1.75 -0.000412919
1.76 -0.000452715
1.77 -0.000487083
1.78 -0.00052791
1.79 -0.000585015
1.8 -0.000658352
1.81 -0.000737992
1.82 -0.000811156
1.83 -0.000869401
1.84 -0.000910542
1.85 -0.000935852
1.86 -0.000947053
1.87 -0.000946385
1.88 -0.000939043
1.89 -0.00093428
1.9 -0.00094222
1.91 -0.000967662
1.92 -0.0010062
1.93 -0.00104717
1.94 -0.00108204
1.95 -0.00111143
1.96 -0.00114468
1.97 -0.00119209
1.98 -0.00125636
1.99 -0.00132995
2 -0.00139971
2.01 -0.00145459
2.02 -0.00149104
2.03 -0.00151393
2.04 -0.00153429
2.05 -0.00156582
2.06 -0.00162084
2.07 -0.00170584
2.08 -0.00181802
2.09 -0.00194533
2.1 -0.00207077
2.11 -0.00217875
2.12 -0.00226018
2.13 -0.00231507
2.14 -0.00235292
2.15 -0.00239044
2.16 -0.00244483
2.17 -0.00252339
2.18 -0.00261608
2.19 -0.00269898
2.2 -0.00274851
2.21 -0.00275696
2.22 -0.00273805
2.23 -0.00271983
2.24 -0.00273094
2.25 -0.00278825
2.26 -0.00289101
2.27 -0.00302269
2.28 -0.00315839
2.29 -0.00327373
2.3 -0.003352
2.31 -0.0033884
2.32 -0.00339135
2.33 -0.00338018
2.34 -0.00337851
2.35 -0.00340494
2.36 -0.00346548
2.37 -0.00355183
2.38 -0.00364593
2.39 -0.00372839
2.4 -0.00378635
2.41 -0.00381782
2.42 -0.0038312
2.43 -0.00384083
2.44 -0.00386049
2.45 -0.00389652
2.46 -0.00394193
2.47 -0.0039737
2.48 -0.0039565
2.49 -0.00385537
2.5 -0.00365426
2.51 -0.00336986
2.52 -0.00304994
2.53 -0.00275443
2.54 -0.00253039
2.55 -0.00239503
2.56 -0.00233364
2.57 -0.00230938
2.58 -0.00227799
2.59 -0.00220178
2.6 -0.00205949
2.61 -0.00185023
2.62 -0.00159091
2.63 -0.00130912
2.64 -0.00103364
2.65 -0.000780132
2.66 -0.000527629
2.67 -0.000197308
2.68 0.000331013
2.69 0.00115027
2.7 0.00225667
2.71 0.00353504
2.72 0.00477693
2.73 0.00570785
2.74 0.00608272
2.75 0.00585095
2.76 0.00522297
2.77 0.00452788
2.78 0.00400876
2.79 0.0037496
2.8 0.0037264
2.81 0.00386701
2.82 0.00407747
2.83 0.00426041
2.84 0.0043458
2.85 0.00432487
2.86 0.00425645
2.87 0.00422853
2.88 0.00429955
2.89 0.00445967
2.9 0.00463078
2.91 0.00470295
2.92 0.00459378
2.93 0.00430128
2.94 0.00391442
2.95 0.00357035
2.96 0.0033865
2.97 0.0034108
2.98 0.00361265
2.99 0.00390484
3 0.00417414
3.01 0.00431059
3.02 0.00423718
3.03 0.00393815
3.04 0.00347385
3.05 0.00296869
3.06 0.00256968
3.07 0.00238898
3.08 0.00245678
3.09 0.0027103
3.1 0.00302526
3.11 0.00327052
3.12 0.00335616
3.13 0.0032561
3.14 0.00300396
3.15 0.00267136
3.16 0.00233943
3.17 0.00207299
3.18 0.00190489
3.19 0.00183311
3.2 0.00182854
3.21 0.00184876
3.22 0.0018539
3.23 0.00182026
3.24 0.00174632
3.25 0.00164783
3.26 0.00154438
3.27 0.0014458
3.28 0.00134692
3.29 0.00123289
3.3 0.00109087
3.31 0.000920403
3.32 0.00073649
3.33 0.000563299
3.34 0.000421462
3.35 0.000315458
3.36 0.000228279
3.37 0.000127181
3.38 -2.20371e-05
3.39 -0.000240607
3.4 -0.000531476
3.41 -0.000886122
3.42 -0.00129585
3.43 -0.00175426
3.44 -0.00224588
3.45 -0.0027315
3.46 -0.00314731
3.47 -0.00342594
3.48 -0.00352926
3.49 -0.00346854
3.5 -0.00329388
3.51 -0.00306437
3.52 -0.00282676
3.53 -0.0026129
3.54 -0.00244297
3.55 -0.00232473
3.56 -0.00225309
3.57 -0.00221578
3.58 -0.00220159
3.59 -0.00220282
3.6 -0.00221051
3.61 -0.0022095
3.62 -0.00217901
3.63 -0.00209853
3.64 -0.00195511
3.65 -0.00174986
3.66 -0.00150089
3.67 -0.00124012
3.68 -0.0010042
3.69 -0.000823516
3.7 -0.000713366
3.71 -0.000668402
3.72 -0.000659292
3.73 -0.000632785
3.74 -0.000521313
3.75 -0.000268136
3.76 0.000138731
3.77 0.000648476
3.78 0.00116739
3.79 0.00160622
3.8 0.00191849
3.81 0.00210862
3.82 0.00221629
3.83 0.00228714
3.84 0.00234124
3.85 0.00236471
3.86 0.00233585
3.87 0.00225615
3.88 0.00215384
3.89 0.00206502
3.9 0.00201444
3.91 0.00200476
3.92 0.00201488
3.93 0.00201031
3.94 0.00196289
3.95 0.00186715
3.96 0.00174127
3.97 0.00161442
3.98 0.00151263
3.99 0.00145187
4 0.00143686
4.01 0.00146122
4.02 0.00150955
4.03 0.00156301
4.04 0.00160675
4.05 0.00163501
4.06 0.00165221
4.07 0.00167095
4.08 0.00170719
4.09 0.00177355
4.1 0.00187317
4.11 0.00199802
4.12 0.0021323
4.13 0.00225608
4.14 0.00234579
4.15 0.00237456
4.16 0.00231859
4.17 0.00216884
4.18 0.00193861
4.19 0.00166012
4.2 0.00137355
4.21 0.00111728
4.22 0.000923106
4.23 0.00081276
4.24 0.00079182
4.25 0.000842749
4.26 0.000923065
4.27 0.000973932
4.28 0.000939033
4.29 0.000787018
4.3 0.000527226
4.31 0.000209982
4.32 -9.06841e-05
4.33 -0.000304928
4.34 -0.000392119
4.35 -0.000351311
4.36 -0.000215311
4.37 -3.55652e-05
4.38 0.000134222
4.39 0.000253166
4.4 0.000307231
4.41 0.000318027
4.42 0.000336417
4.43 0.000416099
4.44 0.000580171
4.45 0.000805451
4.46 0.00103665
4.47 0.00121806
4.48 0.00132199
4.49 0.00136082
4.5 0.00137564
4.51 0.00140349
4.52 0.00144563
4.53 0.00146628
4.54 0.00142401
4.55 0.00130665
4.56 0.00114082
4.57 0.000973337
4.58 0.000842436
4.59 0.000758944
4.6 0.000706343
4.61 0.000655142
4.62 0.000579523
4.63 0.00046685
4.64 0.000318695
4.65 0.000147458
4.66 -2.79177e-05
4.67 -0.000187206
4.68 -0.000316372
4.69 -0.000415544
4.7 -0.000502078
4.71 -0.000604329
4.72 -0.000748093
4.73 -0.00094373
4.74 -0.00118083
4.75 -0.00143037
4.76 -0.00165072
4.77 -0.0017978
4.78 -0.00184167
4.79 -0.00178453
4.8 -0.00166689
4.81 -0.00155307
4.82 -0.00150269
4.83 -0.00154502
4.84 -0.00166903
4.85 -0.00183124
4.86 -0.00197573
4.87 -0.00205767
4.88 -0.00206082
4.89 -0.00200195
4.9 -0.00192084
4.91 -0.0018624
4.92 -0.00185968
4.93 -0.00192353
4.94 -0.00204053
4.95 -0.00217828
4.96 -0.0022971
4.97 -0.00236504
4.98 -0.00237061
4.99 -0.00232734
5 -0.0022679
5.01 -0.00223019
5.02 -0.00224149
5.03 -0.0023062
5.04 -0.00240207
5.05 -0.00248666
5.06 -0.00251327
5.07 -0.0024509
5.08 -0.00229983
5.09 -0.00209416
5.1 -0.00188843
5.11 -0.00173412
5.12 -0.00165759
5.13 -0.00165098
5.14 -0.00167967
5.15 -0.00170124
5.16 -0.00168561
5.17 -0.00162643
5.18 -0.00153896
5.19 -0.00144733
5.2 -0.00136949
5.21 -0.00130892
5.22 -0.00125639
5.23 -0.0011983
5.24 -0.00112495
5.25 -0.00103471
5.26 -0.000933532
5.27 -0.000831647
5.28 -0.000738289
5.29 -0.000655802
5.3 -0.000575651
5.31 -0.000479917
5.32 -0.000349626
5.33 -0.000176522
5.34 2.89715e-05
5.35 0.00024011
5.36 0.000426775
5.37 0.000571264
5.38 0.000676195
5.39 0.000759869
5.4 0.000844434
5.41 0.000945829
5.42 0.00106876
5.43 0.0012039
5.44 0.00132664
5.45 0.0014029
5.46 0.00140454
5.47 0.00132675
5.48 0.00119461
5.49 0.00105334
5.5 0.00094851
5.51 0.000906843
5.52 0.000925875
5.53 0.000976203
5.54 0.00101556
5.55 0.00100876
5.56 0.000944064
5.57 0.000837815
5.58 0.000725597
5.59 0.000645225
5.6 0.000620196
5.61 0.000650891
5.62 0.000716554
5.63 0.000786217
5.64 0.000833252
5.65 0.000847169
5.66 0.000838072
5.67 0.000832534
5.68 0.00086304
5.69 0.0009553
5.7 0.00111802
5.71 0.00133824
5.72 0.0015831
5.73 0.00180785
5.74 0.00196864
5.75 0.00203784
5.76 0.00201614
5.77 0.00193382
5.78 0.00183784
5.79 0.00177049
5.8 0.00175237
5.81 0.00177917
5.82 0.00183071
5.83 0.0018831
5.84 0.00191651
5.85 0.00191827
5.86 0.00188456
5.87 0.00182172
5.88 0.00174477
5.89 0.00167176
5.9 0.00161583
5.91 0.00157938
5.92 0.00155355
5.93 0.00152312
5.94 0.00147399
5.95 0.00139958
5.96 0.00130333
5.97 0.00119708
5.98 0.00109632
5.99 0.00101437
6 0.000957117
6.01 0.000919547
6.02 0.000886129
6.03 0.000835764
6.04 0.000750066
6.05 0.000620862
6.06 0.000452067
6.07 0.00025408
6.08 3.4157e-05
6.09 -0.000210237
6.1 -0.000490505
6.11 -0.000821203
6.12 -0.00121634
6.13 -0.00168772
6.14 -0.00223629
6.15 -0.00283346
6.16 -0.00340878
6.17 -0.0038666
6.18 -0.00413197
6.19 -0.00419155
6.2 -0.00409187
6.21 -0.00389958
6.22 -0.00366575
6.23 -0.00341966
6.24 -0.00317989
6.25 -0.00296286
6.26 -0.00278532
6.27 -0.00266426
6.28 -0.00261462
6.29 -0.00264362
6.3 -0.00274344
6.31 -0.00288753
6.32 -0.00303418
6.33 -0.00313639
6.34 -0.00315445
6.35 -0.0030687
6.36 -0.00288827
6.37 -0.0026505
6.38 -0.00240913
6.39 -0.00221707
6.4 -0.00211102
6.41 -0.00210248
6.42 -0.00217605
6.43 -0.00229533
6.44 -0.00241541
6.45 -0.00249826
6.46 -0.00252427
6.47 -0.00249457
6.48 -0.0024239
6.49 -0.00232992
6.5 -0.00222634
6.51 -0.00212308
6.52 -0.00203015
6.53 -0.00195965
6.54 -0.0019232
6.55 -0.00192653
6.56 -0.00196603
6.57 -0.00202974
6.58 -0.00210202
6.59 -0.00216807
6.6 -0.00221515
6.61 -0.00223044
6.62 -0.00219972
6.63 -0.00211114
6.64 -0.00196387
6.65 -0.00177492
6.66 -0.00157684
6.67 -0.00140596
6.68 -0.00128802
6.69 -0.00122964
6.7 -0.00121857
6.71 -0.00123017
6.72 -0.00123579
6.73 -0.00120946
6.74 -0.00113127
6.75 -0.000986795
6.76 -0.000763537
6.77 -0.000448754
6.78 -3.47878e-05
6.79 0.000467557
6.8 0.00102108
6.81 0.00157604
6.82 0.00209736
6.83 0.00257187
6.84 0.00298141
6.85 0.00327632
6.86 0.00339177
6.87 0.00330083
6.88 0.00305061
6.89 0.00273984
6.9 0.0024598
6.91 0.00225838
6.92 0.00214873
6.93 0.00212901
6.94 0.00218437
6.95 0.00228145
6.96 0.00237674
6.97 0.00243762
6.98 0.00245669
6.99 0.00244826
7 0.00243372
7.01 0.00242889
7.02 0.00243698
7.03 0.00244654
7.04 0.00243746
7.05 0.00239448
7.06 0.0023183
7.07 0.00222448
7.08 0.00213362
7.09 0.0020636
7.1 0.00202779
7.11 0.00203413
7.12 0.00208064
7.13 0.0021512
7.14 0.00221841
7.15 0.0022544
7.16 0.00224394
7.17 0.00219172
7.18 0.00211984
7.19 0.00205725
7.2 0.00202766
7.21 0.00204186
7.22 0.00209635
7.23 0.00217573
7.24 0.00225607
7.25 0.00230913
7.26 0.00230938
7.27 0.00224344
7.28 0.00211729
7.29 0.00195662
7.3 0.00179968
7.31 0.0016862
7.32 0.00164579
7.33 0.00168771
7.34 0.00179536
7.35 0.00193013
7.36 0.00204516
7.37 0.00210267
7.38 0.00208574
7.39 0.00199985
7.4 0.00186655
7.41 0.0017139
7.42 0.00156757
7.43 0.00144465
7.44 0.0013512
7.45 0.00128344
7.46 0.00123177
7.47 0.0011866
7.48 0.00114408
7.49 0.00110775
7.5 0.00108347
7.51 0.0010705
7.52 0.00105644
7.53 0.00102152
7.54 0.000949479
7.55 0.000836599
7.56 0.000692814
7.57 0.00053605
7.58 0.000384875
7.59 0.000252931
7.6 0.000145353
7.61 5.66824e-05
7.62 -2.89974e-05
7.63 -0.000134726
7.64 -0.00028462
7.65 -0.000497424
7.66 -0.000781845
7.67 -0.0011334
7.68 -0.00153133
7.69 -0.00193712
7.7 -0.00229855
7.71 -0.00256121
7.72 -0.00268495
7.73 -0.00266038
7.74 -0.00251687
7.75 -0.002314
7.76 -0.00211897
7.77 -0.00198324
7.78 -0.0019293
7.79 -0.00194915
7.8 -0.00201265
7.81 -0.00208352
7.82 -0.00213669
7.83 -0.00216734
7.84 -0.00218605
7.85 -0.00220464
7.86 -0.00222398
7.87 -0.00223172
7.88 -0.00220972
7.89 -0.00214474
7.9 -0.0020368
7.91 -0.00190168
7.92 -0.00176697
7.93 -0.00166351
7.94 -0.00161548
7.95 -0.00163257
7.96 -0.00170591
7.97 -0.00180907
7.98 -0.00190452
7.99 -0.00195494
8 -0.00193567
8.01 -0.00184285
8.02 -0.00169355
8.03 -0.00151803
8.04 -0.00134844
8.05 -0.00120907
8.06 -0.00111133
8.07 -0.00105378
8.08 -0.00102554
8.09 -0.00101123
8.1 -0.000995605
8.11 -0.000966471
8.12 -0.000915407
8.13 -0.00083688
8.14 -0.000727501
8.15 -0.000587009
8.16 -0.000421201
8.17 -0.000244741
8.18 -8.03692e-05
8.19 4.74965e-05
8.2 0.000122759
8.21 0.000145823
8.22 0.00013482
8.23 0.000118626
8.24 0.000125242
8.25 0.000171488
8.26 0.000258637
8.27 0.000374914
8.28 0.000502166
8.29 0.000622535
8.3 0.000722192
8.31 0.00079196
8.32 0.00082676
8.33 0.000825758
8.34 0.000793346
8.35 0.000739502
8.36 0.000678023
8.37 0.000622696
8.38 0.000583273
8.39 0.000563392
8.4 0.000561153
8.41 0.000571245
8.42 0.000586947
8.43 0.000601194
8.44 0.0006072
8.45 0.000599546
8.46 0.000575821
8.47 0.000537716
8.48 0.000490403
8.49 0.000440291
8.5 0.000392568
8.51 0.000349915
8.52 0.000312613
8.53 0.000279203
8.54 0.000246868
8.55 0.000211605
8.56 0.000168932
8.57 0.000115472
8.58 5.05701e-05
8.59 -2.36572e-05
8.6 -0.000104727
8.61 -0.000193508
8.62 -0.000296391
8.63 -0.000423577
8.64 -0.000583875
8.65 -0.000779273
8.66 -0.00100292
8.67 -0.00124158
8.68 -0.0014802
8.69 -0.00170555
8.7 -0.00190747
8.71 -0.00207908
8.72 -0.00221685
8.73 -0.00231985
8.74 -0.0023878
8.75 -0.00241942
8.76 -0.00241339
8.77 -0.00237205
8.78 -0.00230457
8.79 -0.0022258
8.8 -0.00215098
8.81 -0.00208984
8.82 -0.00204397
8.83 -0.00200808
8.84 -0.00197338
8.85 -0.00193134
8.86 -0.00187678
8.87 -0.00180966
8.88 -0.00173432
8.89 -0.00165629
8.9 -0.00157841
8.91 -0.00149878
8.92 -0.00141176
8.93 -0.00131129
8.94 -0.00119459
8.95 -0.00106428
8.96 -0.000927676
8.97 -0.000793112
8.98 -0.000663945
8.99 -0.000531972
9 -0.000374039
9.01 -0.00015827
9.02 0.000136784
9.03 0.000499873
9.04 0.000882425
9.05 0.00122114
9.06 0.00147066
9.07 0.00162196
9.08 0.00170097
9.09 0.00175334
9.1 0.00181739
9.11 0.0018974
9.12 0.00196297
9.13 0.0019793
9.14 0.00193808
9.15 0.001862
9.16 0.00178689
9.17 0.00174078
9.18 0.00173186
9.19 0.00174901
9.2 0.00177301
9.21 0.00178985
9.22 0.00179609
9.23 0.00179371
9.24 0.00178214
9.25 0.00175635
9.26 0.00171238
9.27 0.00165391
9.28 0.00159359
9.29 0.00154859
9.3 0.00153334
9.31 0.00155339
9.32 0.00160361
9.33 0.00167175
9.34 0.00174547
9.35 0.00181844
9.36 0.00189213
9.37 0.0019729
9.38 0.00206652
9.39 0.00217264
9.4 0.00228068
9.41 0.00236947
9.42 0.00241319
9.43 0.00239334
9.44 0.00231002
9.45 0.00218402
9.46 0.00204742
9.47 0.00192899
9.48 0.00184373
9.49 0.0017909
9.5 0.00175819
9.51 0.00172841
9.52 0.00168622
9.53 0.00162358
9.54 0.00154221
9.55 0.00145218
9.56 0.00136701
9.57 0.00129726
9.58 0.00124544
9.59 0.0012051
9.6 0.00116459
9.61 0.00111371
9.62 0.00104939
9.63 0.00097729
9.64 0.000908546
9.65 0.000853984
9.66 0.000818842
9.67 0.000800548
9.68 0.00079006
9.69 0.000775605
9.7 0.00074701
9.71 0.00069915
9.72 0.000633669
9.73 0.00055851
9.74 0.000485303
9.75 0.000425351
9.76 0.00038566
9.77 0.00036667
9.78 0.000362696
9.79 0.000364857
9.8 0.000364911
9.81 0.000357853
9.82 0.000342091
9.83 0.00031795
9.84 0.00028631
9.85 0.000248368
9.86 0.000206001
9.87 0.000161658
9.88 0.000117512
9.89 7.4618e-05
9.9 3.287e-05
9.91 -8.27507e-06
9.92 -4.90394e-05
9.93 -8.90641e-05
9.94 -0.000127486
9.95 -0.00016312
9.96 -0.000195067
9.97 -0.000223924
9.98 -0.00025277
9.99 -0.000286569
10 -0.000329735
10.01 -0.000383294
10.02 -0.00044372
10.03 -0.000504515
10.04 -0.000559729
10.05 -0.000607195
10.06 -0.000649463
10.07 -0.00069207
10.08 -0.000740384
10.09 -0.000796709
10.1 -0.000858729
10.11 -0.000919852
10.12 -0.000971625
10.13 -0.00100744
10.14 -0.00102569
10.15 -0.00103038
10.16 -0.00102878
10.17 -0.00102746
10.18 -0.00102899
10.19 -0.00103114
10.2 -0.00102885
10.21 -0.00101771
10.22 -0.000996918
10.23 -0.000969948
10.24 -0.000942658
10.25 -0.000920058
10.26 -0.00090366
10.27 -0.000890748
10.28 -0.000875705
10.29 -0.000852488
10.3 -0.000817094
10.31 -0.000769104
10.32 -0.000711976
10.33 -0.000652047
10.34 -0.00059637
10.35 -0.000550068
10.36 -0.000514425
10.37 -0.000486808
10.38 -0.000462442
10.39 -0.000437065
10.4 -0.000409076
10.41 -0.000380174
10.42 -0.000354356
10.43 -0.000336011
10.44 -0.000328219
10.45 -0.000332139
10.46 -0.000347619
10.47 -0.000374437
10.48 -0.000413243
10.49 -0.000465502
10.5 -0.000532478
10.51 -0.000613941
10.52 -0.000707483
10.53 -0.000808762
10.54 -0.000912329
10.55 -0.00101262
10.56 -0.00110506
10.57 -0.00118726
10.58 -0.00125948
10.59 -0.00132359
10.6 -0.00138103
10.61 -0.00143124
10.62 -0.00147165
10.63 -0.00149862
10.64 -0.00150824
10.65 -0.00149716
10.66 -0.00146382
10.67 -0.00141054
10.68 -0.00134499
10.69 -0.00127956
10.7 -0.00122798
10.71 -0.00120044
10.72 -0.0011994
10.73 -0.00121861
10.74 -0.00124573
10.75 -0.00126754
10.76 -0.00127508
10.77 -0.00126658
10.78 -0.00124729
10.79 -0.00122687
10.8 -0.0012156
10.81 -0.00122092
10.82 -0.00124502
10.83 -0.00128403
10.84 -0.00132897
10.85 -0.00136812
10.86 -0.00139087
10.87 -0.00139162
10.88 -0.00137228
10.89 -0.0013414
10.9 -0.00131009
10.91 -0.00128646
10.92 -0.00127175
10.93 -0.0012603
10.94 -0.00124288
10.95 -0.00121134
10.96 -0.00116195
10.97 -0.00109636
10.98 -0.00102029
10.99 -0.000941032
11 -0.000864983
11.01 -0.000795744
11.02 -0.000733385
11.03 -0.000674846
11.04 -0.000615122
11.05 -0.000548661
11.06 -0.000470698
11.07 -0.000378552
11.08 -0.000272813
11.09 -0.000157882
11.1 -4.1098e-05
11.11 6.97582e-05
11.12 0.000169842
11.13 0.000259953
11.14 0.000347081
11.15 0.000442113
11.16 0.00055544
11.17 0.00069237
11.18 0.000850555
11.19 0.00102047
11.2 0.00118828
11.21 0.00133933
11.22 0.00146126
11.23 0.00154679
11.24 0.00159596
11.25 0.00161679
11.26 0.00162287
11.27 0.00162834
11.28 0.0016427
11.29 0.00166796
11.3 0.00169946
11.31 0.00172966
11.32 0.00175256
11.33 0.00176662
11.34 0.0017746
11.35 0.0017809
11.36 0.00178823
11.37 0.00179556
11.38 0.00179807
11.39 0.00178889
11.4 0.00176166
11.41 0.00171293
11.42 0.00164357
11.43 0.00155879
11.44 0.00146676
11.45 0.00137633
11.46 0.0012945
11.47 0.00122422
11.48 0.00116351
11.49 0.00110622
11.5 0.0010445
11.51 0.000971814
11.52 0.000885125
11.53 0.000785081
11.54 0.00067396
11.55 0.00055297
11.56 0.000421326
11.57 0.000278481
11.58 0.000128058
11.59 -2.02432e-05
11.6 -0.000153503
11.61 -0.000262072
11.62 -0.000345339
11.63 -0.000412777
11.64 -0.000479603
11.65 -0.000559818
11.66 -0.000660511
11.67 -0.000779764
11.68 -0.000907552
11.69 -0.00102759
11.7 -0.00111974
11.71 -0.00116483
11.72 -0.00115259
11.73 -0.00108884
11.74 -0.000996095
11.75 -0.000904889
11.76 -0.000840434
11.77 -0.000812278
11.78 -0.000812633
11.79 -0.000823156
11.8 -0.000825516
11.81 -0.000809946
11.82 -0.000778104
11.83 -0.000740062
11.84 -0.000708048
11.85 -0.000690471
11.86 -0.000688638
11.87 -0.000696833
11.88 -0.000704998
11.89 -0.000702739
11.9 -0.000683356
11.91 -0.000646664
11.92 -0.000599462
11.93 -0.000553109
11.94 -0.000518859
11.95 -0.000502903
11.96 -0.000503502
11.97 -0.000511653
11.98 -0.00051496
11.99 -0.000502778
12 -0.000470195
12.01 -0.00041919
12.02 -0.000356815
12.03 -0.000291616
12.04 -0.000230104
12.05 -0.00017466
12.06 -0.000123365
12.07 -7.13105e-05
12.08 -1.26492e-05
12.09 5.72937e-05
12.1 0.000140318
12.11 0.000234522
12.12 0.000334873
12.13 0.000435348
12.14 0.000531837
12.15 0.000624115
12.16 0.000715401
12.17 0.000809505
12.18 0.000907283
12.19 0.00100458
12.2 0.00109278
12.21 0.00116158
12.22 0.00120285
12.23 0.00121416
12.24 0.00120075
12.25 0.00117468
12.26 0.00115107
12.27 0.00114259
12.28 0.00115463
12.29 0.00118335
12.3 0.00121754
12.31 0.00124325
12.32 0.00124932
12.33 0.00123149
12.34 0.00119364
12.35 0.00114593
12.36 0.00110063
12.37 0.00106746
12.38 0.00105005
12.39 0.00104492
12.4 0.00104343
12.41 0.0010357
12.42 0.0010148
12.43 0.000979273
12.44 0.00093313
12.45 0.000883534
12.46 0.000837518
12.47 0.00079918
12.48 0.000768365
12.49 0.000741134
12.5 0.000711646
12.51 0.000674667
12.52 0.000627722
12.53 0.000572005
12.54 0.000511607
12.55 0.000451348
12.56 0.000394269
12.57 0.00034
12.58 0.00028486
12.59 0.000223551
12.6 0.00015158
12.61 6.72294e-05
12.62 -2.76227e-05
12.63 -0.000127967
12.64 -0.000227183
12.65 -0.000319253
12.66 -0.000400981
12.67 -0.000473214
12.68 -0.000540225
12.69 -0.000607354
12.7 -0.000677997
12.71 -0.000751389
12.72 -0.000822105
12.73 -0.000881427
12.74 -0.000920215
12.75 -0.000932483
12.76 -0.000918373
12.77 -0.000885032
12.78 -0.000844524
12.79 -0.000809373
12.8 -0.000787691
12.81 -0.000780291
12.82 -0.000781119
12.83 -0.000780543
12.84 -0.000769649
12.85 -0.000743562
12.86 -0.000702757
12.87 -0.000652366
12.88 -0.00059999
12.89 -0.000552735
12.9 -0.000514388
12.91 -0.00048378
12.92 -0.000455156
12.93 -0.00042057
12.94 -0.000373385
12.95 -0.000311314
12.96 -0.000237539
12.97 -0.000159284
12.98 -8.44672e-05
12.99 -1.80271e-05
13 4.03049e-05
13.01 9.56724e-05
13.02 0.000155344
13.03 0.000224927
13.04 0.000305528
13.05 0.000393342
13.06 0.000481708
13.07 0.000564272
13.08 0.000637415
13.09 0.000700856
13.1 0.000756575
13.11 0.000807072
13.12 0.000854116
13.13 0.000898457
13.14 0.000940298
13.15 0.000979885
13.16 0.00101781
13.17 0.00105503
13.18 0.00109272
13.19 0.00113193
13.2 0.00117282
13.21 0.00121375
13.22 0.00125104
13.23 0.00128
13.24 0.00129709
13.25 0.00130177
13.26 0.0012968
13.27 0.00128697
13.28 0.00127712
13.29 0.00127079
13.3 0.00126969
13.31 0.00127367
13.32 0.00128083
13.33 0.00128786
13.34 0.00129105
13.35 0.00128766
13.36 0.00127711
13.37 0.00126101
13.38 0.0012421
13.39 0.0012225
13.4 0.00120252
13.41 0.0011805
13.42 0.00115378
13.43 0.00112001
13.44 0.00107821
13.45 0.00102906
13.46 0.000974591
13.47 0.000917521
13.48 0.000860614
13.49 0.000806346
13.5 0.000756717
13.51 0.000712782
13.52 0.000673741
13.53 0.000636212
13.54 0.000594649
13.55 0.00054323
13.56 0.000478383
13.57 0.000400541
13.58 0.000314063
13.59 0.000225261
13.6 0.000139482
13.61 5.86694e-05
13.62 -1.94647e-05
13.63 -0.000100394
13.64 -0.000190543
13.65 -0.000294998
13.66 -0.0004161
13.67 -0.000553167
13.68 -0.000703045
13.69 -0.000860975
13.7 -0.00102142
13.71 -0.00117868
13.72 -0.00132727
13.73 -0.00146208
13.74 -0.00157873
13.75 -0.00167456
13.76 -0.00174997
13.77 -0.00180891
13.78 -0.00185782
13.79 -0.00190301
13.8 -0.00194795
13.81 -0.00199147
13.82 -0.00202793
13.83 -0.00204947
13.84 -0.00204971
13.85 -0.0020273
13.86 -0.00198735
13.87 -0.00193994
13.88 -0.00189612
13.89 -0.00186348
13.9 -0.00184329
13.91 -0.00183034
13.92 -0.00181566
13.93 -0.00179044
13.94 -0.0017496
13.95 -0.00169356
13.96 -0.00162766
13.97 -0.00155994
13.98 -0.00149794
13.99 -0.00144594
14 -0.00140339
14.01 -0.00136531
14.02 -0.00132481
14.03 -0.00127659
14.04 -0.00121974
14.05 -0.00115828
14.06 -0.0010992
14.07 -0.00104878
14.08 -0.00100928
14.09 -0.000977446
14.1 -0.000945641
14.11 -0.000904838
14.12 -0.000848325
14.13 -0.000774537
14.14 -0.000687798
14.15 -0.000596599
14.16 -0.000510137
14.17 -0.000434594
14.18 -0.000370694
14.19 -0.000313525
14.2 -0.00025478
14.21 -0.000186509
14.22 -0.0001047
14.23 -1.09403e-05
14.24 8.86821e-05
14.25 0.000186846
14.26 0.000278625
14.27 0.000363487
14.28 0.000444726
14.29 0.000526863
14.3 0.000612621
14.31 0.000701019
14.32 0.000787207
14.33 0.000863792
14.34 0.000923124
14.35 0.000959992
14.36 0.000973926
14.37 0.000969945
14.38 0.000956988
14.39 0.000944513
14.4 0.000938953
14.41 0.000941752
14.42 0.000949707
14.43 0.000957154
14.44 0.000958824
14.45 0.00095208
14.46 0.000937711
14.47 0.00091916
14.48 0.000900836
14.49 0.000886363
14.5 0.000877432
14.51 0.000873467
14.52 0.000872019
14.53 0.000869622
14.54 0.000862769
14.55 0.000848676
14.56 0.000825677
14.57 0.000793368
14.58 0.000752622
14.59 0.000705426
14.6 0.000654396
14.61 0.000602003
14.62 0.000549781
14.63 0.000497892
14.64 0.000445224
14.65 0.000389975
14.66 0.000330481
14.67 0.000265915
14.68 0.000196647
14.69 0.00012418
14.7 5.07622e-05
14.71 -2.12557e-05
14.72 -9.01847e-05
14.73 -0.000155672
14.74 -0.000218933
14.75 -0.000282288
14.76 -0.000348062
14.77 -0.00041728
14.78 -0.000488715
14.79 -0.000558729
14.8 -0.000622069
14.81 -0.000673307
14.82 -0.000708391
14.83 -0.000725725
14.84 -0.000726472
14.85 -0.000714026
14.86 -0.000692764
14.87 -0.000666461
14.88 -0.000636985
14.89 -0.000603917
14.9 -0.000565239
14.91 -0.000518647
14.92 -0.000462741
14.93 -0.000397558
14.94 -0.000324426
14.95 -0.000245552
14.96 -0.000163644
14.97 -8.13406e-05
14.98 -1.20356e-07
14.99 8.09208e-05
15 0.000165282
15.01 0.000257468
15.02 0.000360125
15.03 0.000471611
15.04 0.000585703
15.05 0.000693885
15.06 0.000788891
15.07 0.000867182
15.08 0.000928803
15.09 0.000975112
15.1 0.0010066
15.11 0.00102271
15.12 0.00102358
15.13 0.0010116
15.14 0.000991448
15.15 0.000968465
15.16 0.000946991
15.17 0.000929729
15.18 0.000917957
15.19 0.000911734
15.2 0.000909733
15.21 0.000909152
15.22 0.00090633
15.23 0.000897996
15.24 0.000882472
15.25 0.000860157
15.26 0.000833245
15.27 0.000805003
15.28 0.000778846
15.29 0.0007572
15.3 0.000740318
15.31 0.000725625
15.32 0.000708277
15.33 0.000683082
15.34 0.000647014
15.35 0.000600897
15.36 0.000549094
15.37 0.00049726
15.38 0.00044945
15.39 0.000406295
15.4 0.000365186
15.41 0.00032202
15.42 0.00027324
15.43 0.000217026
15.44 0.000153348
15.45 8.32692e-05
15.46 8.0946e-06
15.47 -7.12432e-05
15.48 -0.000154453
15.49 -0.000241805
15.5 -0.000333697
15.51 -0.000429962
15.52 -0.000529238
15.53 -0.000628838
15.54 -0.000725199
15.55 -0.000814657
15.56 -0.000894109
15.57 -0.000961347
15.58 -0.00101515
15.59 -0.00105545
15.6 -0.0010836
15.61 -0.00110256
15.62 -0.00111625
15.63 -0.00112816
15.64 -0.00113999
15.65 -0.00115144
15.66 -0.00116112
15.67 -0.00116789
15.68 -0.00117158
15.69 -0.00117295
15.7 -0.00117306
15.71 -0.00117285
15.72 -0.00117287
15.73 -0.00117298
15.74 -0.00117195
15.75 -0.00116723
15.76 -0.00115552
15.77 -0.00113412
15.78 -0.00110234
15.79 -0.00106183
15.8 -0.00101553
15.81 -0.000966139
15.82 -0.000915106
15.83 -0.000862668
15.84 -0.000808481
15.85 -0.000752173
15.86 -0.000693501
15.87 -0.000632275
15.88 -0.00056821
15.89 -0.000500716
15.9 -0.000428661
15.91 -0.0003504
15.92 -0.000264405
15.93 -0.000170402
15.94 -7.04028e-05
15.95 3.11843e-05
15.96 0.000128833
15.97 0.000218273
15.98 0.000298877
15.99 0.00037467
16 0.000453078
16.01 0.000541698
16.02 0.000644469
16.03 0.000759113
16.04 0.000877087
16.05 0.000986
16.06 0.00107352
16.07 0.00113149
16.08 0.00115868
16.09 0.00116104
16.1 0.00114901
16.11 0.00113332
16.12 0.00112155
16.13 0.00111659
16.14 0.00111708
16.15 0.00111877
16.16 0.00111643
16.17 0.00110585
16.18 0.00108558
16.19 0.00105744
16.2 0.00102562
16.21 0.000994548
16.22 0.000966637
16.23 0.000941115
16.24 0.000914534
16.25 0.000882673
16.26 0.000842743
16.27 0.0007947
16.28 0.00074104
16.29 0.000685477
16.3 0.00063147
16.31 0.000581274
16.32 0.000535456
16.33 0.000492573
16.34 0.000449128
16.35 0.00040038
16.36 0.000342221
16.37 0.000273358
16.38 0.000196396
16.39 0.0001169
16.4 4.08282e-05
16.41 -2.82026e-05
16.42 -9.02734e-05
16.43 -0.000148566
16.44 -0.000207429
16.45 -0.000270314
16.46 -0.000338522
16.47 -0.000410994
16.48 -0.000484854
16.49 -0.000556236
16.5 -0.000621057
16.51 -0.00067567
16.52 -0.000717481
16.53 -0.000745557
16.54 -0.00076106
16.55 -0.000767209
16.56 -0.000768564
16.57 -0.000769735
16.58 -0.000773995
16.59 -0.000782437
16.6 -0.000794052
16.61 -0.00080661
16.62 -0.000817705
16.63 -0.000825415
16.64 -0.000828541
16.65 -0.000826768
16.66 -0.000820888
16.67 -0.00081271
16.68 -0.000804308
16.69 -0.000796847
16.7 -0.000789725
16.71 -0.000780678
16.72 -0.000766916
16.73 -0.0007466
16.74 -0.000719808
16.75 -0.000688423
16.76 -0.000655055
16.77 -0.000621637
16.78 -0.000588432
16.79 -0.000553936
16.8 -0.000515683
16.81 -0.000471469
16.82 -0.000420458
16.83 -0.000363708
16.84 -0.000303924
16.85 -0.000244381
16.86 -0.000187389
16.87 -0.000133154
16.88 -7.98391e-05
16.89 -2.49599e-05
16.9 3.27726e-05
16.91 9.23999e-05
16.92 0.000151153
16.93 0.00020609
16.94 0.000255936
16.95 0.000302056
16.96 0.000347852
16.97 0.000396677
16.98 0.000449329
16.99 0.000502755
17 0.000551015
17.01 0.000588046
17.02 0.000610578
17.03 0.000619517
17.04 0.000619274
17.05 0.00061575
17.06 0.000614247
17.07 0.000618198
17.08 0.000628849
17.09 0.000645566
17.1 0.000666436
17.11 0.000689055
17.12 0.000711429
17.13 0.000732695
17.14 0.000753214
17.15 0.000773905
17.16 0.000795202
17.17 0.000816263
17.18 0.000834998
17.19 0.000848944
17.2 0.000856523
17.21 0.00085787
17.22 0.000854696
17.23 0.000849238
17.24 0.000842937
17.25 0.00083564
17.26 0.000825732
17.27 0.000811009
17.28 0.000789764
17.29 0.000761509
17.3 0.000727074
17.31 0.000688143
17.32 0.000646515
17.33 0.000603448
17.34 0.000559294
17.35 0.000513513
17.36 0.000465013
17.37 0.000412658
17.38 0.000355663
17.39 0.000293695
17.4 0.000226643
17.41 0.000154264
17.42 7.6026e-05
17.43 -8.71947e-06
17.44 -0.000100301
17.45 -0.000198336
17.46 -0.000301699
17.47 -0.000408933
17.48 -0.000518887
17.49 -0.000631128
17.5 -0.000745715
17.51 -0.000862322
17.52 -0.000979137
17.53 -0.00109214
17.54 -0.00119523
17.55 -0.00128137
17.56 -0.00134475
17.57 -0.0013832
17.58 -0.00139954
17.59 -0.0014009
17.6 -0.0013961
17.61 -0.00139236
17.62 -0.00139298
17.63 -0.00139685
17.64 -0.00139979
17.65 -0.00139716
17.66 -0.0013863
17.67 -0.00136782
17.68 -0.0013451
17.69 -0.00132241
17.7 -0.00130309
17.71 -0.00128828
17.72 -0.00127689
17.73 -0.00126629
17.74 -0.00125333
17.75 -0.00123546
17.76 -0.00121161
17.77 -0.00118261
17.78 -0.00115101
17.79 -0.00112011
17.8 -0.00109268
17.81 -0.00106953
17.82 -0.00104889
17.83 -0.00102684
17.84 -0.000999001
17.85 -0.000962446
17.86 -0.000917086
17.87 -0.000865548
17.88 -0.000811798
17.89 -0.000759256
17.9 -0.000709429
17.91 -0.000661653
17.92 -0.000613834
17.93 -0.000563583
17.94 -0.00050916
17.95 -0.000449947
17.96 -0.000386501
17.97 -0.000320328
17.98 -0.000253422
17.99 -0.000187578
18 -0.000123604
18.01 -6.07447e-05
18.02 3.29407e-06
18.03 7.15097e-05
18.04 0.000146259
18.05 0.000228103
18.06 0.000315485
18.07 0.00040532
18.08 0.000494004
18.09 0.000578217
18.1 0.000655205
18.11 0.00072272
18.12 0.000778981
18.13 0.000822831
18.14 0.000853969
18.15 0.000873042
18.16 0.000881506
18.17 0.000881351
18.18 0.000874778
18.19 0.000863887
18.2 0.000850332
18.21 0.000834961
18.22 0.000817577
18.23 0.000797093
18.24 0.000772143
18.25 0.000741927
18.26 0.000706796
18.27 0.000668193
18.28 0.000627997
18.29 0.000587671
18.3 0.000547757
18.31 0.000507989
18.32 0.000467898
18.33 0.000427433
18.34 0.000387143
18.35 0.000347804
18.36 0.000309793
18.37 0.000272668
18.38 0.000235248
18.39 0.000196084
18.4 0.000154024
18.41 0.000108661
18.42 6.05808e-05
18.43 1.13843e-05
18.44 -3.66369e-05
18.45 -8.11683e-05
18.46 -0.000120666
18.47 -0.0001549
18.48 -0.00018493
18.49 -0.000212472
18.5 -0.000238923
18.51 -0.000264516
18.52 -0.000288004
18.53 -0.000307031
18.54 -0.000318964
18.55 -0.000321801
18.56 -0.000314809
18.57 -0.000298726
18.58 -0.000275533
18.59 -0.00024789
18.6 -0.000218397
18.61 -0.000188926
18.62 -0.000160214
18.63 -0.000131866
18.64 -0.000102729
18.65 -7.14469e-05
18.66 -3.70043e-05
18.67 9.02553e-07
18.68 4.17517e-05
18.69 8.43754e-05
18.7 0.000127395
18.71 0.000169733
18.72 0.00021092
18.73 0.000250995
18.74 0.000290056
18.75 0.000327746
18.76 0.000363031
18.77 0.000394444
18.78 0.000420663
18.79 0.000441102
18.8 0.000456202
18.81 0.000467289
18.82 0.000476084
18.83 0.000484104
18.84 0.000492184
18.85 0.000500324
18.86 0.000507883
18.87 0.000514048
18.88 0.000518357
18.89 0.000521018
18.9 0.000522877
18.91 0.000525031
18.92 0.000528315
18.93 0.000532963
18.94 0.000538603
18.95 0.00054454
18.96 0.000550099
18.97 0.000554859
18.98 0.000558778
18.99 0.000562289
19 0.000566339
19.01 0.00057214
19.02 0.000580571
19.03 0.000591465
19.04 0.000603267
19.05 0.000613364
19.06 0.000619054
19.07 0.000618723
19.08 0.000612611
19.09 0.000602687
19.1 0.000591644
19.11 0.000581565
19.12 0.000572997
19.13 0.00056485
19.14 0.000555054
19.15 0.000541516
19.16 0.000522952
19.17 0.000499348
19.18 0.000471953
19.19 0.00044283
19.2 0.000414089
19.21 0.000387087
19.22 0.000361935
19.23 0.000337529
19.24 0.000312087
19.25 0.000283932
19.26 0.000252157
19.27 0.000216898
19.28 0.00017914
19.29 0.000140218
19.3 0.000101286
19.31 6.29733e-05
19.32 2.52767e-05
19.33 -1.23084e-05
19.34 -5.05078e-05
19.35 -8.99109e-05
19.36 -0.00013064
19.37 -0.000172167
19.38 -0.000213381
19.39 -0.000252899
19.4 -0.000289516
19.41 -0.000322573
19.42 -0.00035206
19.43 -0.000378428
19.44 -0.000402217
19.45 -0.000423714
19.46 -0.000442816
19.47 -0.000459121
19.48 -0.000472177
19.49 -0.00048173
19.5 -0.000487878
19.51 -0.000491069
19.52 -0.00049198
19.53 -0.00049132
19.54 -0.000489633
19.55 -0.000487185
19.56 -0.000483954
19.57 -0.000479744
19.58 -0.000474358
19.59 -0.000467736
19.6 -0.000460016
19.61 -0.000451482
19.62 -0.000442459
19.63 -0.000433191
19.64 -0.000423773
19.65 -0.000414148
19.66 -0.000404158
19.67 -0.000393634
19.68 -0.000382479
19.69 -0.000370715
19.7 -0.000358482
19.71 -0.000345985
19.72 -0.000333415
19.73 -0.000320871
19.74 -0.000308331
19.75 -0.000295666
19.76 -0.000282704
19.77 -0.000269303
19.78 -0.000255408
19.79 -0.000241059
19.8 -0.000226367
19.81 -0.000211459
19.82 -0.000196425
19.83 -0.000181292
19.84 -0.000166023
19.85 -0.000150541
19.86 -0.00013477
19.87 -0.000118672
19.88 -0.000102261
19.89 -8.56006e-05
19.9 -6.8788e-05
19.91 -5.1921e-05
19.92 -3.50352e-05
19.93 -1.80213e-05
19.94 -6.36171e-07
19.95 1.73385e-05
19.96 3.58908e-05
19.97 5.47053e-05
19.98 7.32986e-05
19.99 9.127e-05
20 0.000108488
20.01 0.000125094
20.02 0.000141357
20.03 0.00015748
20.04 0.000173487
20.05 0.000189219
20.06 0.000204409
20.07 0.000218774
20.08 0.000232076
20.09 0.000244154
20.1 0.000254944
20.11 0.000264479
20.12 0.000272868
20.13 0.000280239
20.14 0.000286667
20.15 0.000292135
20.16 0.000296547
20.17 0.000299789
20.18 0.000301791
20.19 0.00030257
20.2 0.000302212
20.21 0.000300832
20.22 0.000298518
20.23 0.000295306
20.24 0.000291184
20.25 0.000286113
20.26 0.000280058
20.27 0.000273016
20.28 0.00026503
20.29 0.000256182
20.3 0.000246579
20.31 0.000236326
20.32 0.000225496
20.33 0.000214116
20.34 0.000202171
20.35 0.000189621
20.36 0.00017644
20.37 0.000162634
20.38 0.000148253
20.39 0.000133381
20.4 0.000118116
20.41 0.000102546
20.42 8.67376e-05
20.43 7.07323e-05
20.44 5.45535e-05
20.45 3.82205e-05
20.46 2.17607e-05
20.47 5.21732e-06
20.48 -1.13504e-05
20.49 -2.78732e-05
20.5 -4.42808e-05
20.51 -6.051e-05
20.52 -7.65074e-05
20.53 -9.22256e-05
20.54 -0.000107616
20.55 -0.000122623
20.56 -0.000137178
20.57 -0.000151203
20.58 -0.000164623
20.59 -0.000177367
20.6 -0.000189383
20.61 -0.000200635
20.62 -0.000211103
20.63 -0.000220773
20.64 -0.000229633
20.65 -0.000237662
20.66 -0.000244833
20.67 -0.000251116
20.68 -0.000256481
20.69 -0.000260907
20.7 -0.000264385
20.71 -0.000266918
20.72 -0.000268523
20.73 -0.000269221
20.74 -0.000269032
20.75 -0.000267977
20.76 -0.00026607
20.77 -0.000263325
20.78 -0.000259755
20.79 -0.000255374
20.8 -0.000250198
20.81 -0.000244248
20.82 -0.000237544
20.83 -0.000230104
20.84 -0.000221948
20.85 -0.000213095
20.86 -0.000203566
20.87 -0.000193386
20.88 -0.000182586
20.89 -0.000171197
20.9 -0.000159258
20.91 -0.000146806
20.92 -0.000133876
20.93 -0.000120502
20.94 -0.000106715
20.95 -9.25449e-05
20.96 -7.80257e-05
20.97 -6.31941e-05
20.98 -4.80934e-05
20.99 -3.27732e-05
21 -1.72882e-05
21.01 -1.69686e-06
21.02 1.39404e-05
21.03 2.95629e-05
21.04 4.51099e-05
21.05 6.05209e-05
21.06 7.57348e-05
21.07 9.06897e-05
21.08 0.000105323
21.09 0.00011957
21.1 0.000133367
21.11 0.000146652
21.12 0.000159363
21.13 0.000171441
21.14 0.00018283
21.15 0.00019348
21.16 0.000203344
21.17 0.00021238
21.18 0.000220555
21.19 0.000227844
21.2 0.000234227
21.21 0.000239694
21.22 0.000244243
21.23 0.000247875
21.24 0.000250598
21.25 0.000252421
21.26 0.000253356
21.27 0.000253417
21.28 0.000252618
21.29 0.000250977
21.3 0.000248514
21.31 0.000245249
21.32 0.000241207
21.33 0.000236414
21.34 0.000230896
21.35 0.000224683
21.36 0.000217802
21.37 0.00021028
21.38 0.000202146
21.39 0.000193427
21.4 0.00018415
21.41 0.000174343
21.42 0.000164034
21.43 0.00015325
21.44 0.000142021
21.45 0.000130376
21.46 0.000118346
21.47 0.000105965
21.48 9.32651e-05
21.49 8.02829e-05
21.5 6.70546e-05
21.51 5.36177e-05
21.52 4.00104e-05
21.53 2.62717e-05
21.54 1.24412e-05
21.55 -1.44032e-06
21.56 -1.53308e-05
21.57 -2.91867e-05
21.58 -4.29624e-05
21.59 -5.66106e-05
21.6 -7.00822e-05
21.61 -8.33267e-05
21.62 -9.62928e-05
21.63 -0.000108929
21.64 -0.000121184
21.65 -0.000133007
21.66 -0.00014435
21.67 -0.000155165
21.68 -0.000165407
21.69 -0.000175034
21.7 -0.000184007
21.71 -0.000192288
21.72 -0.000199847
21.73 -0.000206654
21.74 -0.000212685
21.75 -0.000217921
21.76 -0.000222346
21.77 -0.00022595
21.78 -0.000228725
21.79 -0.000230671
21.8 -0.000231789
21.81 -0.000232085
21.82 -0.00023157
21.83 -0.000230253
21.84 -0.000228151
21.85 -0.000225279
21.86 -0.000221655
21.87 -0.000217299
21.88 -0.000212231
21.89 -0.000206474
21.9 -0.000200049
21.91 -0.000192982
21.92 -0.000185299
21.93 -0.000177026
21.94 -0.000168193
21.95 -0.000158828
21.96 -0.000148962
21.97 -0.000138628
21.98 -0.000127857
21.99 -0.000116682
22 -0.000105139
22.01 -9.32613e-05
22.02 -8.10865e-05
22.03 -6.86515e-05
22.04 -5.59951e-05
22.05 -4.31571e-05
22.06 -3.01787e-05
22.07 -1.71024e-05
22.08 -3.97204e-06
22.09 9.16767e-06
22.1 2.2271e-05
22.11 3.52915e-05
22.12 4.81824e-05
22.13 6.08965e-05
22.14 7.33868e-05
22.15 8.56062e-05
22.16 9.75084e-05
22.17 0.000109048
22.18 0.000120179
22.19 0.00013086
22.2 0.000141049
22.21 0.000150706
22.22 0.000159794
22.23 0.00016828
22.24 0.000176133
22.25 0.000183326
22.26 0.000189837
22.27 0.000195646
22.28 0.000200737
22.29 0.0002051
22.3 0.000208726
22.31 0.000211611
22.32 0.000213753
22.33 0.000215156
22.34 0.000215822
22.35 0.000215759
22.36 0.000214975
22.37 0.000213482
22.38 0.000211293
22.39 0.000208421
22.4 0.000204883
22.41 0.000200695
22.42 0.000195877
22.43 0.000190447
22.44 0.000184426
22.45 0.000177835
22.46 0.000170696
22.47 0.000163033
22.48 0.000154869
22.49 0.000146228
22.5 0.000137137
22.51 0.000127623
22.52 0.000117711
22.53 0.000107432
22.54 9.68159e-05
22.55 8.58925e-05
22.56 7.46944e-05
22.57 6.32551e-05
22.58 5.16091e-05
22.59 3.9792e-05
22.6 2.78408e-05
22.61 1.57937e-05
22.62 3.68982e-06
22.63 -8.4304e-06
22.64 -2.05255e-05
22.65 -3.25532e-05
22.66 -4.44702e-05
22.67 -5.62327e-05
22.68 -6.77962e-05
22.69 -7.91164e-05
22.7 -9.0149e-05
22.71 -0.00010085
22.72 -0.000111176
22.73 -0.000121086
22.74 -0.00013054
22.75 -0.000139499
22.76 -0.000147927
22.77 -0.000155791
22.78 -0.000163062
22.79 -0.000169712
22.8 -0.000175719
22.81 -0.000181061
22.82 -0.000185725
22.83 -0.000189696
22.84 -0.000192967
22.85 -0.000195532
22.86 -0.00019739
22.87 -0.000198542
22.88 -0.000198993
22.89 -0.000198749
22.9 -0.000197819
22.91 -0.000196216
22.92 -0.000193953
22.93 -0.000191044
22.94 -0.000187506
22.95 -0.000183357
22.96 -0.000178616
22.97 -0.000173303
22.98 -0.00016744
22.99 -0.000161048
23 -0.00015415
23.01 -0.000146772
23.02 -0.000138936
23.03 -0.00013067
23.04 -0.000121998
23.05 -0.000112948
23.06 -0.000103549
23.07 -9.38281e-05
23.08 -8.38152e-05
23.09 -7.35405e-05
23.1 -6.3035e-05
23.11 -5.23305e-05
23.12 -4.14597e-05
23.13 -3.04562e-05
23.14 -1.93544e-05
23.15 -8.18954e-06
23.16 3.00233e-06
23.17 1.41845e-05
23.18 2.53195e-05
23.19 3.63695e-05
23.2 4.72961e-05
23.21 5.80606e-05
23.22 6.86244e-05
23.23 7.89488e-05
23.24 8.89955e-05
23.25 9.87265e-05
23.26 0.000108105
23.27 0.000117095
23.28 0.000125661
23.29 0.000133772
23.3 0.000141395
23.31 0.000148503
23.32 0.000155068
23.33 0.000161068
23.34 0.00016648
23.35 0.000171289
23.36 0.000175478
23.37 0.000179036
23.38 0.000181954
23.39 0.000184226
23.4 0.00018585
23.41 0.000186825
23.42 0.000187154
23.43 0.000186841
23.44 0.000185893
23.45 0.000184319
23.46 0.000182129
23.47 0.000179337
23.48 0.000175956
23.49 0.000172002
23.5 0.000167493
23.51 0.000162445
23.52 0.000156879
23.53 0.000150815
23.54 0.000144275
23.55 0.000137282
23.56 0.000129858
23.57 0.000122029
23.58 0.00011382
23.59 0.000105257
23.6 9.63677e-05
23.61 8.71805e-05
23.62 7.77242e-05
23.63 6.80288e-05
23.64 5.81249e-05
23.65 4.80443e-05
23.66 3.78191e-05
23.67 2.74826e-05
23.68 1.70686e-05
23.69 6.61158e-06
23.7 -3.85344e-06
23.71 -1.42909e-05
23.72 -2.46648e-05
23.73 -3.49389e-05
23.74 -4.50769e-05
23.75 -5.50425e-05
23.76 -6.47996e-05
23.77 -7.43123e-05
23.78 -8.35457e-05
23.79 -9.24654e-05
23.8 -0.000101038
23.81 -0.000109232
23.82 -0.000117017
23.83 -0.000124365
23.84 -0.000131247
23.85 -0.000137642
23.86 -0.000143525
23.87 -0.000148878
23.88 -0.000153683
23.89 -0.000157926
23.9 -0.000161596
23.91 -0.000164683
23.92 -0.000167181
23.93 -0.000169085
23.94 -0.000170395
23.95 -0.00017111
23.96 -0.000171234
23.97 -0.000170772
23.98 -0.00016973
23.99 -0.000168117
24 -0.000165942
24.01 -0.000163218
24.02 -0.000159957
24.03 -0.000156172
24.04 -0.000151881
24.05 -0.000147098
24.06 -0.000141841
24.07 -0.000136129
24.08 -0.000129982
24.09 -0.000123419
24.1 -0.000116462
24.11 -0.000109133
24.12 -0.000101454
24.13 -9.34513e-05
24.14 -8.51479e-05
24.15 -7.657e-05
24.16 -6.7744e-05
24.17 -5.86973e-05
24.18 -4.94582e-05
24.19 -4.00557e-05
24.2 -3.05198e-05
24.21 -2.08811e-05
24.22 -1.11711e-05
24.23 -1.42207e-06
24.24 8.33328e-06
24.25 1.80616e-05
24.26 2.7729e-05
24.27 3.73013e-05
24.28 4.67443e-05
24.29 5.60235e-05
24.3 6.51047e-05
24.31 7.39539e-05
24.32 8.25378e-05
24.33 9.08238e-05
24.34 9.87801e-05
24.35 0.000106376
24.36 0.000113584
24.37 0.000120375
24.38 0.000126724
24.39 0.000132608
24.4 0.000138007
24.41 0.000142901
24.42 0.000147274
24.43 0.000151113
24.44 0.000154406
24.45 0.000157146
24.46 0.000159326
24.47 0.000160943
24.48 0.000161996
24.49 0.000162486
24.5 0.000162416
24.51 0.000161792
24.52 0.000160621
24.53 0.000158912
24.54 0.000156675
24.55 0.000153922
24.56 0.000150667
24.57 0.000146924
24.58 0.000142709
24.59 0.000138038
24.6 0.000132931
24.61 0.000127405
24.62 0.000121481
24.63 0.000115178
24.64 0.000108519
24.65 0.000101526
24.66 9.4221e-05
24.67 8.66284e-05
24.68 7.87723e-05
24.69 7.06778e-05
24.7 6.23705e-05
24.71 5.38767e-05
24.72 4.52233e-05
24.73 3.64377e-05
24.74 2.75481e-05
24.75 1.8583e-05
24.76 9.57141e-06
24.77 5.42754e-07
24.78 -8.47314e-06
24.79 -1.74462e-05
24.8 -2.63461e-05
24.81 -3.51425e-05
24.82 -4.3805e-05
24.83 -5.23033e-05
24.84 -6.06074e-05
24.85 -6.86878e-05
24.86 -7.65155e-05
24.87 -8.40622e-05
24.88 -9.13005e-05
24.89 -9.82041e-05
24.9 -0.000104748
24.91 -0.000110909
24.92 -0.000116664
24.93 -0.000121994
24.94 -0.000126879
24.95 -0.000131305
24.96 -0.000135255
24.97 -0.000138717
24.98 -0.000141682
24.99 -0.000144141
25 -0.000146088
25.01 -0.000147519
25.02 -0.000148433
25.03 -0.000148828
25.04 -0.000148708
25.05 -0.000148076
25.06 -0.000146937
25.07 -0.000145298
25.08 -0.000143167
25.09 -0.000140555
25.1 -0.000137473
25.11 -0.000133934
25.12 -0.000129951
25.13 -0.000125539
25.14 -0.000120714
25.15 -0.000115494
25.16 -0.000109897
25.17 -0.000103941
25.18 -9.76466e-05
25.19 -9.10349e-05
25.2 -8.41276e-05
25.21 -7.69473e-05
25.22 -6.95174e-05
25.23 -6.18621e-05
25.24 -5.40063e-05
25.25 -4.59758e-05
25.26 -3.77968e-05
25.27 -2.94964e-05
25.28 -2.1102e-05
25.29 -1.26419e-05
25.3 -4.14456e-06
25.31 4.36104e-06
25.32 1.28456e-05
25.33 2.12797e-05
25.34 2.96337e-05
25.35 3.7878e-05
25.36 4.59832e-05
25.37 5.39201e-05
25.38 6.166e-05
25.39 6.91747e-05
25.4 7.64367e-05
25.41 8.34197e-05
25.42 9.00981e-05
25.43 9.64478e-05
25.44 0.000102446
25.45 0.000108071
25.46 0.000113304
25.47 0.000118127
25.48 0.000122523
25.49 0.000126479
25.5 0.000129983
25.51 0.000133024
25.52 0.000135595
25.53 0.000137689
25.54 0.000139303
25.55 0.000140434
25.56 0.000141082
25.57 0.000141249
25.58 0.000140937
25.59 0.000140151
25.6 0.000138898
25.61 0.000137184
25.62 0.00013502
25.63 0.000132414
25.64 0.000129378
25.65 0.000125926
25.66 0.000122069
25.67 0.000117824
25.68 0.000113204
25.69 0.000108227
25.7 0.000102909
25.71 9.7269e-05
25.72 9.13251e-05
25.73 8.50969e-05
25.74 7.86046e-05
25.75 7.18691e-05
25.76 6.49119e-05
25.77 5.77552e-05
25.78 5.0422e-05
25.79 4.29356e-05
25.8 3.53201e-05
25.81 2.76001e-05
25.82 1.98005e-05
25.83 1.19471e-05
25.84 4.06559e-06
25.85 -3.81762e-06
25.86 -1.1676e-05
25.87 -1.94828e-05
25.88 -2.72111e-05
25.89 -3.48342e-05
25.9 -4.23252e-05
25.91 -4.96575e-05
25.92 -5.68051e-05
25.93 -6.37421e-05
25.94 -7.04435e-05
25.95 -7.6885e-05
25.96 -8.30432e-05
25.97 -8.88956e-05
25.98 -9.44212e-05
25.99 -9.96002e-05
26 -0.000104414
26.01 -0.000108846
26.02 -0.000112881
26.03 -0.000116506
26.04 -0.000119709
26.05 -0.000122479
26.06 -0.00012481
26.07 -0.000126695
26.08 -0.000128129
26.09 -0.000129111
26.1 -0.000129638
26.11 -0.000129713
26.12 -0.000129337
26.13 -0.000128516
26.14 -0.000127253
26.15 -0.000125556
26.16 -0.000123434
26.17 -0.000120897
26.18 -0.000117953
26.19 -0.000114617
26.2 -0.000110901
26.21 -0.000106818
26.22 -0.000102384
26.23 -9.76151e-05
26.24 -9.25274e-05
26.25 -8.71389e-05
26.26 -8.14679e-05
26.27 -7.55335e-05
26.28 -6.93556e-05
26.29 -6.29546e-05
26.3 -5.63517e-05
26.31 -4.95688e-05
26.32 -4.26282e-05
26.33 -3.55527e-05
26.34 -2.83658e-05
26.35 -2.10912e-05
26.36 -1.3753e-05
26.37 -6.37587e-06
26.38 1.01551e-06
26.39 8.3961e-06
26.4 1.57408e-05
26.41 2.30243e-05
26.42 3.02216e-05
26.43 3.73076e-05
26.44 4.42577e-05
26.45 5.10473e-05
26.46 5.76526e-05
26.47 6.40502e-05
26.48 7.02173e-05
26.49 7.61322e-05
26.5 8.17739e-05
26.51 8.71226e-05
26.52 9.21596e-05
26.53 9.68674e-05
26.54 0.00010123
26.55 0.000105233
26.56 0.000108863
26.57 0.000112109
26.58 0.00011496
26.59 0.000117408
26.6 0.000119447
26.61 0.000121072
26.62 0.000122279
26.63 0.000123065
26.64 0.000123431
26.65 0.000123378
26.66 0.000122909
26.67 0.000122026
26.68 0.000120736
26.69 0.000119045
26.7 0.000116961
26.71 0.000114493
26.72 0.00011165
26.73 0.000108444
26.74 0.000104887
26.75 0.000100992
26.76 9.6772e-05
26.77 9.2243e-05
26.78 8.74203e-05
26.79 8.23203e-05
26.8 7.69602e-05
26.81 7.13579e-05
26.82 6.55321e-05
26.83 5.9502e-05
26.84 5.32876e-05
26.85 4.69093e-05
26.86 4.03883e-05
26.87 3.3746e-05
26.88 2.70045e-05
26.89 2.01862e-05
26.9 1.3314e-05
26.91 6.411e-06
26.92 -4.99449e-07
26.93 -7.39379e-06
26.94 -1.42484e-05
26.95 -2.10395e-05
26.96 -2.77436e-05
26.97 -3.43373e-05
26.98 -4.07973e-05
26.99 -4.71009e-05
27 -5.32258e-05
27.01 -5.91502e-05
27.02 -6.48531e-05
27.03 -7.03144e-05
27.04 -7.55148e-05
27.05 -8.0436e-05
27.06 -8.50608e-05
27.07 -8.93735e-05
27.08 -9.33593e-05
27.09 -9.70051e-05
27.1 -0.000100299
27.11 -0.00010323
27.12 -0.000105791
27.13 -0.000107973
27.14 -0.00010977
27.15 -0.000111179
27.16 -0.000112196
27.17 -0.00011282
27.18 -0.000113052
27.19 -0.000112891
27.2 -0.000112342
27.21 -0.000111408
27.22 -0.000110094
27.23 -0.000108407
27.24 -0.000106354
27.25 -0.000103945
27.26 -0.000101188
27.27 -9.80942e-05
27.28 -9.46754e-05
27.29 -9.09439e-05
27.3 -8.6913e-05
27.31 -8.25969e-05
27.32 -7.80105e-05
27.33 -7.31693e-05
27.34 -6.80896e-05
27.35 -6.27885e-05
27.36 -5.72836e-05
27.37 -5.1593e-05
27.38 -4.57356e-05
27.39 -3.97307e-05
27.4 -3.35982e-05
27.41 -2.73582e-05
27.42 -2.10315e-05
27.43 -1.46391e-05
27.44 -8.2024e-06
27.45 -1.74309e-06
27.46 4.71703e-06
27.47 1.1156e-05
27.48 1.75516e-05
27.49 2.38821e-05
27.5 3.01252e-05
27.51 3.62594e-05
27.52 4.22631e-05
27.53 4.81151e-05
27.54 5.37949e-05
27.55 5.92823e-05
27.56 6.45578e-05
27.57 6.96029e-05
27.58 7.43998e-05
27.59 7.89315e-05
27.6 8.31824e-05
27.61 8.71379e-05
27.62 9.07843e-05
27.63 9.41097e-05
27.64 9.71031e-05
27.65 9.9755e-05
27.66 0.000102057
27.67 0.000104003
27.68 0.000105588
27.69 0.000106806
27.7 0.000107657
27.71 0.000108139
27.72 0.000108251
27.73 0.000107996
27.74 0.000107376
27.75 0.000106396
27.76 0.00010506
27.77 0.000103375
27.78 0.000101348
27.79 9.89874e-05
27.8 9.63031e-05
27.81 9.33053e-05
27.82 9.00052e-05
27.83 8.6415e-05
27.84 8.25476e-05
27.85 7.84169e-05
27.86 7.40371e-05
27.87 6.94236e-05
27.88 6.4592e-05
27.89 5.95589e-05
27.9 5.43412e-05
27.91 4.89564e-05
27.92 4.34226e-05
27.93 3.77584e-05
27.94 3.19826e-05
27.95 2.61145e-05
27.96 2.01738e-05
27.97 1.41803e-05
27.98 8.15427e-06
27.99 2.11593e-06
28 -3.91427e-06
28.01 -9.91587e-06
28.02 -1.58684e-05
28.03 -2.17515e-05
28.04 -2.7545e-05
28.05 -3.3229e-05
28.06 -3.87837e-05
28.07 -4.419e-05
28.08 -4.94292e-05
28.09 -5.44831e-05
28.1 -5.93342e-05
28.11 -6.39657e-05
28.12 -6.83619e-05
28.13 -7.25075e-05
28.14 -7.63886e-05
28.15 -7.99922e-05
28.16 -8.33063e-05
28.17 -8.63201e-05
28.18 -8.90241e-05
28.19 -9.14097e-05
28.2 -9.34698e-05
28.21 -9.51984e-05
28.22 -9.65909e-05
28.23 -9.76438e-05
28.24 -9.83549e-05
28.25 -9.87232e-05
28.26 -9.87489e-05
28.27 -9.84334e-05
28.28 -9.77793e-05
28.29 -9.679e-05
28.3 -9.54705e-05
28.31 -9.38264e-05
28.32 -9.18645e-05
28.33 -8.95926e-05
28.34 -8.70193e-05
28.35 -8.41541e-05
28.36 -8.10076e-05
28.37 -7.75909e-05
28.38 -7.39161e-05
28.39 -6.99959e-05
28.4 -6.5844e-05
28.41 -6.14744e-05
28.42 -5.69021e-05
28.43 -5.21424e-05
28.44 -4.72116e-05
28.45 -4.2126e-05
28.46 -3.69029e-05
28.47 -3.15598e-05
28.48 -2.61147e-05
28.49 -2.05859e-05
28.5 -1.49923e-05
28.51 -9.35264e-06
28.52 -3.68629e-06
28.53 1.98741e-06
28.54 7.64898e-06
28.55 1.32789e-05
28.56 1.88577e-05
28.57 2.43659e-05
28.58 2.97844e-05
28.59 3.50942e-05
28.6 4.02768e-05
28.61 4.53139e-05
28.62 5.01879e-05
28.63 5.48817e-05
28.64 5.9379e-05
28.65 6.3664e-05
28.66 6.7722e-05
28.67 7.15391e-05
28.68 7.51022e-05
28.69 7.83995e-05
28.7 8.14202e-05
28.71 8.41543e-05
28.72 8.65934e-05
28.73 8.873e-05
28.74 9.05578e-05
28.75 9.20718e-05
28.76 9.32681e-05
28.77 9.41441e-05
28.78 9.46981e-05
28.79 9.493e-05
28.8 9.48404e-05
28.81 9.44313e-05
28.82 9.37057e-05
28.83 9.26674e-05
28.84 9.13216e-05
28.85 8.96742e-05
28.86 8.77321e-05
28.87 8.55031e-05
28.88 8.29959e-05
28.89 8.02198e-05
28.9 7.71851e-05
28.91 7.39029e-05
28.92 7.03846e-05
28.93 6.66428e-05
28.94 6.26903e-05
28.95 5.85408e-05
28.96 5.42083e-05
28.97 4.97075e-05
28.98 4.50535e-05
28.99 4.0262e-05
29 3.53491e-05
29.01 3.0331e-05
29.02 2.52247e-05
29.03 2.00472e-05
29.04 1.48158e-05
29.05 9.54804e-06
29.06 4.26166e-06
29.07 -1.02551e-06
29.08 -6.29558e-06
29.09 -1.15306e-05
29.1 -1.67129e-05
29.11 -2.18246e-05
29.12 -2.68482e-05
29.13 -3.17665e-05
29.14 -3.65625e-05
29.15 -4.12197e-05
29.16 -4.5722e-05
29.17 -5.00538e-05
29.18 -5.42002e-05
29.19 -5.81469e-05
29.2 -6.18805e-05
29.21 -6.53881e-05
29.22 -6.86579e-05
29.23 -7.1679e-05
29.24 -7.44413e-05
29.25 -7.69359e-05
29.26 -7.91548e-05
29.27 -8.10909e-05
29.28 -8.27385e-05
29.29 -8.40927e-05
29.3 -8.51499e-05
29.31 -8.59075e-05
29.32 -8.63639e-05
29.33 -8.65187e-05
29.34 -8.63724e-05
29.35 -8.59268e-05
29.36 -8.51845e-05
29.37 -8.41491e-05
29.38 -8.28253e-05
29.39 -8.12186e-05
29.4 -7.93355e-05
29.41 -7.71832e-05
29.42 -7.477e-05
29.43 -7.21047e-05
29.44 -6.91971e-05
29.45 -6.60577e-05
29.46 -6.26977e-05
29.47 -5.91288e-05
29.48 -5.53634e-05
29.49 -5.14148e-05
29.5 -4.72964e-05
29.51 -4.30224e-05
29.52 -3.86074e-05
29.53 -3.40666e-05
29.54 -2.94152e-05
29.55 -2.46693e-05
29.56 -1.98448e-05
29.57 -1.49583e-05
29.58 -1.00264e-05
29.59 -5.06597e-06
29.6 -9.38688e-08
29.61 4.87284e-06
29.62 9.81711e-06
29.63 1.4722e-05
29.64 1.95706e-05
29.65 2.43461e-05
29.66 2.90322e-05
29.67 3.36127e-05
29.68 3.80718e-05
29.69 4.2394e-05
29.7 4.65646e-05
29.71 5.05691e-05
29.72 5.43941e-05
29.73 5.80263e-05
29.74 6.14536e-05
29.75 6.46644e-05
29.76 6.76482e-05
29.77 7.03951e-05
29.78 7.28964e-05
29.79 7.5144e-05
29.8 7.71311e-05
29.81 7.88516e-05
29.82 8.03006e-05
29.83 8.14742e-05
29.84 8.23693e-05
29.85 8.2984e-05
29.86 8.33173e-05
29.87 8.33693e-05
29.88 8.31409e-05
29.89 8.2634e-05
29.9 8.18515e-05
29.91 8.07971e-05
29.92 7.94753e-05
29.93 7.78917e-05
29.94 7.60525e-05
29.95 7.39648e-05
29.96 7.16364e-05
29.97 6.90758e-05
29.98 6.62923e-05
29.99 6.32957e-05
30 6.00966e-05
30.01 5.67061e-05
30.02 5.31361e-05
30.03 4.93986e-05
30.04 4.55065e-05
30.05 4.1473e-05
30.06 3.73119e-05
30.07 3.30371e-05
30.08 2.86631e-05
30.09 2.42048e-05
30.1 1.96772e-05
30.11 1.50957e-05
30.12 1.04757e-05
30.13 5.83292e-06
30.14 1.1832e-06
30.15 -3.45764e-06
30.16 -8.07374e-06
30.17 -1.26493e-05
30.18 -1.71686e-05
30.19 -2.16161e-05
30.2 -2.59765e-05
30.21 -3.02348e-05
30.22 -3.43764e-05
30.23 -3.83868e-05
30.24 -4.22524e-05
30.25 -4.59599e-05
30.26 -4.94965e-05
30.27 -5.28502e-05
30.28 -5.60097e-05
30.29 -5.89643e-05
30.3 -6.17041e-05
30.31 -6.42202e-05
30.32 -6.65043e-05
30.33 -6.85492e-05
30.34 -7.03484e-05
30.35 -7.18965e-05
30.36 -7.3189e-05
30.37 -7.42222e-05
30.38 -7.49935e-05
30.39 -7.55012e-05
30.4 -7.57446e-05
30.41 -7.57237e-05
30.42 -7.54396e-05
30.43 -7.48944e-05
30.44 -7.40909e-05
30.45 -7.30327e-05
30.46 -7.17243e-05
30.47 -7.01712e-05
30.48 -6.83793e-05
30.49 -6.63556e-05
30.5 -6.41076e-05
30.51 -6.16436e-05
30.52 -5.89725e-05
30.53 -5.61038e-05
30.54 -5.30477e-05
30.55 -4.9815e-05
30.56 -4.64167e-05
30.57 -4.28648e-05
30.58 -3.91714e-05
30.59 -3.53492e-05
30.6 -3.14112e-05
30.61 -2.73709e-05
30.62 -2.3242e-05
30.63 -1.90386e-05
30.64 -1.47749e-05
30.65 -1.04654e-05
30.66 -6.12474e-06
30.67 -1.76776e-06
30.68 2.59074e-06
30.69 6.93587e-06
30.7 1.12528e-05
30.71 1.55268e-05
30.72 1.97431e-05
30.73 2.38875e-05
30.74 2.79455e-05
30.75 3.19034e-05
30.76 3.57476e-05
30.77 3.94648e-05
30.78 4.30425e-05
30.79 4.64683e-05
30.8 4.97307e-05
30.81 5.28186e-05
30.82 5.57216e-05
30.83 5.84301e-05
30.84 6.09351e-05
30.85 6.32284e-05
30.86 6.53025e-05
30.87 6.7151e-05
30.88 6.87681e-05
30.89 7.01489e-05
30.9 7.12893e-05
30.91 7.21863e-05
30.92 7.28376e-05
30.93 7.32417e-05
30.94 7.33982e-05
30.95 7.33074e-05
30.96 7.29704e-05
30.97 7.23894e-05
30.98 7.15671e-05
30.99 7.05071e-05
31 6.9214e-05
31.01 6.76928e-05
31.02 6.59495e-05
31.03 6.39906e-05
31.04 6.18234e-05
31.05 5.94559e-05
31.06 5.68966e-05
31.07 5.41546e-05
31.08 5.12397e-05
31.09 4.81621e-05
31.1 4.49324e-05
31.11 4.1562e-05
31.12 3.80624e-05
31.13 3.44457e-05
31.14 3.07243e-05
31.15 2.69109e-05
31.16 2.30186e-05
31.17 1.90606e-05
31.18 1.50504e-05
31.19 1.10017e-05
31.2 6.9284e-06
31.21 2.84427e-06
31.22 -1.23671e-06
31.23 -5.30062e-06
31.24 -9.33357e-06
31.25 -1.33218e-05
31.26 -1.72516e-05
31.27 -2.11097e-05
31.28 -2.48827e-05
31.29 -2.85579e-05
31.3 -3.21228e-05
31.31 -3.55651e-05
31.32 -3.88732e-05
31.33 -4.20359e-05
31.34 -4.50425e-05
31.35 -4.78831e-05
31.36 -5.05481e-05
31.37 -5.30286e-05
31.38 -5.53167e-05
31.39 -5.7405e-05
31.4 -5.92866e-05
31.41 -6.09558e-05
31.42 -6.24075e-05
31.43 -6.36372e-05
31.44 -6.46415e-05
31.45 -6.54177e-05
31.46 -6.59638e-05
31.47 -6.62787e-05
31.48 -6.63621e-05
31.49 -6.62145e-05
31.5 -6.58372e-05
31.51 -6.52323e-05
31.52 -6.44024e-05
31.53 -6.33511e-05
31.54 -6.20827e-05
31.55 -6.06021e-05
31.56 -5.8915e-05
31.57 -5.70276e-05
31.58 -5.49469e-05
31.59 -5.26803e-05
31.6 -5.02359e-05
31.61 -4.76224e-05
31.62 -4.4849e-05
31.63 -4.19253e-05
31.64 -3.88615e-05
31.65 -3.56681e-05
31.66 -3.23562e-05
31.67 -2.89371e-05
31.68 -2.54225e-05
31.69 -2.18245e-05
31.7 -1.81553e-05
31.71 -1.44275e-05
31.72 -1.06538e-05
31.73 -6.84713e-06
31.74 -3.02048e-06
31.75 8.13041e-07
31.76 4.64031e-06
31.77 8.44821e-06
31.78 1.22237e-05
31.79 1.59537e-05
31.8 1.96256e-05
31.81 2.32267e-05
31.82 2.67446e-05
31.83 3.01672e-05
31.84 3.34829e-05
31.85 3.66803e-05
31.86 3.97485e-05
31.87 4.26771e-05
31.88 4.54561e-05
31.89 4.80763e-05
31.9 5.05288e-05
31.91 5.28055e-05
31.92 5.48991e-05
31.93 5.68026e-05
31.94 5.85101e-05
31.95 6.00161e-05
31.96 6.13162e-05
31.97 6.24063e-05
31.98 6.32835e-05
31.99 6.39455e-05
32 6.43906e-05
32.01 6.46182e-05
32.02 6.46281e-05
32.03 6.44212e-05
32.04 6.39989e-05
32.05 6.33634e-05
32.06 6.25176e-05
32.07 6.14651e-05
32.08 6.02102e-05
32.09 5.87578e-05
32.1 5.71136e-05
32.11 5.52836e-05
32.12 5.32746e-05
32.13 5.1094e-05
32.14 4.87496e-05
32.15 4.62497e-05
32.16 4.36032e-05
32.17 4.08194e-05
32.18 3.7908e-05
32.19 3.4879e-05
32.2 3.1743e-05
32.21 2.85107e-05
32.22 2.51932e-05
32.23 2.18019e-05
32.24 1.83483e-05
32.25 1.48443e-05
32.26 1.13016e-05
32.27 7.73249e-06
32.28 4.14899e-06
32.29 5.63322e-07
32.3 -3.01233e-06
32.31 -6.56581e-06
32.32 -1.0085e-05
32.33 -1.35581e-05
32.34 -1.69731e-05
32.35 -2.03184e-05
32.36 -2.35828e-05
32.37 -2.67552e-05
32.38 -2.98247e-05
32.39 -3.27811e-05
32.4 -3.56144e-05
32.41 -3.8315e-05
32.42 -4.08739e-05
32.43 -4.32826e-05
32.44 -4.55331e-05
32.45 -4.76179e-05
32.46 -4.95303e-05
32.47 -5.12642e-05
32.48 -5.28139e-05
32.49 -5.41747e-05
32.5 -5.53423e-05
32.51 -5.63132e-05
32.52 -5.70847e-05
32.53 -5.76547e-05
32.54 -5.80217e-05
32.55 -5.81851e-05
32.56 -5.81451e-05
32.57 -5.79021e-05
32.58 -5.74578e-05
32.59 -5.68141e-05
32.6 -5.59739e-05
32.61 -5.49405e-05
32.62 -5.37181e-05
32.63 -5.23112e-05
32.64 -5.07251e-05
32.65 -4.89658e-05
32.66 -4.70395e-05
32.67 -4.49533e-05
32.68 -4.27146e-05
32.69 -4.03313e-05
32.7 -3.78119e-05
32.71 -3.51651e-05
32.72 -3.24002e-05
32.73 -2.95268e-05
32.74 -2.65549e-05
32.75 -2.34948e-05
32.76 -2.0357e-05
32.77 -1.71524e-05
32.78 -1.38919e-05
32.79 -1.05868e-05
32.8 -7.24842e-06
32.81 -3.88826e-06
32.82 -5.17835e-07
32.83 2.85128e-06
32.84 6.20752e-06
32.85 9.53939e-06
32.86 1.28355e-05
32.87 1.60844e-05
32.88 1.92752e-05
32.89 2.23969e-05
32.9 2.54388e-05
32.91 2.83906e-05
32.92 3.12422e-05
32.93 3.3984e-05
32.94 3.66068e-05
32.95 3.91017e-05
32.96 4.14604e-05
32.97 4.36751e-05
32.98 4.57385e-05
32.99 4.76438e-05
33 4.9385e-05
33.01 5.09564e-05
33.02 5.23532e-05
33.03 5.3571e-05
33.04 5.46063e-05
33.05 5.54559e-05
33.06 5.61177e-05
33.07 5.65899e-05
33.08 5.68716e-05
33.09 5.69623e-05
33.1 5.68625e-05
33.11 5.65731e-05
33.12 5.60956e-05
33.13 5.54324e-05
33.14 5.45862e-05
33.15 5.35605e-05
33.16 5.23594e-05
33.17 5.09874e-05
33.18 4.94498e-05
33.19 4.7752e-05
33.2 4.59004e-05
33.21 4.39016e-05
33.22 4.17626e-05
33.23 3.94912e-05
33.24 3.70952e-05
33.25 3.4583e-05
33.26 3.19634e-05
33.27 2.92454e-05
33.28 2.64383e-05
33.29 2.35519e-05
33.3 2.0596e-05
33.31 1.75807e-05
33.32 1.45164e-05
33.33 1.14136e-05
33.34 8.28267e-06
33.35 5.13447e-06
33.36 1.97969e-06
33.37 -1.17093e-06
33.38 -4.30664e-06
33.39 -7.41677e-06
33.4 -1.04907e-05
33.41 -1.3518e-05
33.42 -1.64884e-05
33.43 -1.93917e-05
33.44 -2.22181e-05
33.45 -2.4958e-05
33.46 -2.76021e-05
33.47 -3.01415e-05
33.48 -3.25676e-05
33.49 -3.48724e-05
33.5 -3.7048e-05
33.51 -3.90873e-05
33.52 -4.09835e-05
33.53 -4.27303e-05
33.54 -4.43223e-05
33.55 -4.57541e-05
33.56 -4.70213e-05
33.57 -4.812e-05
33.58 -4.90468e-05
33.59 -4.97989e-05
33.6 -5.03743e-05
33.61 -5.07716e-05
33.62 -5.09897e-05
33.63 -5.10286e-05
33.64 -5.08886e-05
33.65 -5.05707e-05
33.66 -5.00765e-05
33.67 -4.94082e-05
33.68 -4.85685e-05
33.69 -4.75609e-05
33.7 -4.63892e-05
33.71 -4.50579e-05
33.72 -4.3572e-05
33.73 -4.19369e-05
33.74 -4.01586e-05
33.75 -3.82434e-05
33.76 -3.61982e-05
33.77 -3.40304e-05
33.78 -3.17474e-05
33.79 -2.93574e-05
33.8 -2.68687e-05
33.81 -2.429e-05
33.82 -2.16301e-05
33.83 -1.88984e-05
33.84 -1.61042e-05
33.85 -1.32572e-05
33.86 -1.03672e-05
33.87 -7.44405e-06
33.88 -4.49781e-06
33.89 -1.53858e-06
33.9 1.42352e-06
33.91 4.37835e-06
33.92 7.31582e-06
33.93 1.02259e-05
33.94 1.30987e-05
33.95 1.59244e-05
33.96 1.86934e-05
33.97 2.13963e-05
33.98 2.40239e-05
33.99 2.65674e-05
34 2.90182e-05
34.01 3.1368e-05
34.02 3.36089e-05
34.03 3.57336e-05
34.04 3.77349e-05
34.05 3.96063e-05
34.06 4.13416e-05
34.07 4.29353e-05
34.08 4.4382e-05
34.09 4.56774e-05
34.1 4.68174e-05
34.11 4.77983e-05
34.12 4.86175e-05
34.13 4.92723e-05
34.14 4.97612e-05
34.15 5.00829e-05
34.16 5.02368e-05
34.17 5.02229e-05
34.18 5.00417e-05
34.19 4.96942e-05
34.2 4.91822e-05
34.21 4.85079e-05
34.22 4.76741e-05
34.23 4.6684e-05
34.24 4.55413e-05
34.25 4.42506e-05
34.26 4.28164e-05
34.27 4.1244e-05
34.28 3.95392e-05
34.29 3.7708e-05
34.3 3.5757e-05
34.31 3.3693e-05
34.32 3.15234e-05
34.33 2.92556e-05
34.34 2.68977e-05
34.35 2.44577e-05
34.36 2.19442e-05
34.37 1.93658e-05
34.38 1.67315e-05
34.39 1.40502e-05
34.4 1.13312e-05
34.41 8.58384e-06
34.42 5.81751e-06
34.43 3.04168e-06
34.44 2.65845e-07
34.45 -2.50051e-06
34.46 -5.24793e-06
34.47 -7.96706e-06
34.48 -1.06486e-05
34.49 -1.32835e-05
34.5 -1.58628e-05
34.51 -1.83777e-05
34.52 -2.08197e-05
34.53 -2.31805e-05
34.54 -2.54522e-05
34.55 -2.76273e-05
34.56 -2.96983e-05
34.57 -3.16584e-05
34.58 -3.35012e-05
34.59 -3.52205e-05
34.6 -3.68107e-05
34.61 -3.82668e-05
34.62 -3.95839e-05
34.63 -4.0758e-05
34.64 -4.17854e-05
34.65 -4.2663e-05
34.66 -4.33881e-05
34.67 -4.39588e-05
34.68 -4.43734e-05
34.69 -4.46309e-05
34.7 -4.47311e-05
34.71 -4.46739e-05
34.72 -4.446e-05
34.73 -4.40906e-05
34.74 -4.35673e-05
34.75 -4.28925e-05
34.76 -4.20687e-05
34.77 -4.10993e-05
34.78 -3.99878e-05
34.79 -3.87385e-05
34.8 -3.7356e-05
34.81 -3.58452e-05
34.82 -3.42117e-05
34.83 -3.24613e-05
34.84 -3.06002e-05
34.85 -2.86349e-05
34.86 -2.65724e-05
34.87 -2.44198e-05
34.88 -2.21847e-05
34.89 -1.98749e-05
34.9 -1.74983e-05
34.91 -1.50631e-05
34.92 -1.25778e-05
34.93 -1.00508e-05
34.94 -7.49093e-06
34.95 -4.90689e-06
34.96 -2.30756e-06
34.97 2.98161e-07
34.98 2.90136e-06
34.99 5.49314e-06
35 8.06466e-06
35.01 1.06071e-05
35.02 1.31119e-05
35.03 1.55704e-05
35.04 1.79744e-05
35.05 2.03156e-05
35.06 2.25861e-05
35.07 2.47783e-05
35.08 2.68848e-05
35.09 2.88985e-05
35.1 3.08127e-05
35.11 3.26209e-05
35.12 3.43173e-05
35.13 3.58962e-05
35.14 3.73524e-05
35.15 3.86813e-05
35.16 3.98786e-05
35.17 4.09406e-05
35.18 4.18638e-05
35.19 4.26456e-05
35.2 4.32835e-05
35.21 4.37759e-05
35.22 4.41214e-05
35.23 4.43193e-05
35.24 4.43693e-05
35.25 4.42716e-05
35.26 4.4027e-05
35.27 4.36368e-05
35.28 4.31028e-05
35.29 4.2427e-05
35.3 4.16123e-05
35.31 4.06619e-05
35.32 3.95793e-05
35.33 3.83686e-05
35.34 3.70342e-05
35.35 3.5581e-05
35.36 3.40144e-05
35.37 3.23398e-05
35.38 3.05633e-05
35.39 2.86911e-05
35.4 2.67298e-05
35.41 2.46864e-05
35.42 2.25679e-05
35.43 2.03817e-05
35.44 1.81354e-05
35.45 1.58368e-05
35.46 1.34937e-05
35.47 1.11143e-05
35.48 8.70669e-06
35.49 6.27916e-06
35.5 3.84e-06
35.51 1.39756e-06
35.52 -1.03984e-06
35.53 -3.46388e-06
35.54 -5.86633e-06
35.55 -8.23902e-06
35.56 -1.05739e-05
35.57 -1.28631e-05
35.58 -1.50988e-05
35.59 -1.72735e-05
35.6 -1.93799e-05
35.61 -2.14109e-05
35.62 -2.33597e-05
35.63 -2.52199e-05
35.64 -2.69852e-05
35.65 -2.86498e-05
35.66 -3.02082e-05
35.67 -3.16553e-05
35.68 -3.29865e-05
35.69 -3.41975e-05
35.7 -3.52843e-05
35.71 -3.62436e-05
35.72 -3.70724e-05
35.73 -3.77682e-05
35.74 -3.83289e-05
35.75 -3.87531e-05
35.76 -3.90395e-05
35.77 -3.91876e-05
35.78 -3.91972e-05
35.79 -3.90687e-05
35.8 -3.88028e-05
35.81 -3.84008e-05
35.82 -3.78644e-05
35.83 -3.71958e-05
35.84 -3.63977e-05
35.85 -3.54729e-05
35.86 -3.44251e-05
35.87 -3.32581e-05
35.88 -3.19761e-05
35.89 -3.05838e-05
35.9 -2.90861e-05
35.91 -2.74885e-05
35.92 -2.57965e-05
35.93 -2.40161e-05
35.94 -2.21536e-05
35.95 -2.02155e-05
35.96 -1.82086e-05
35.97 -1.61398e-05
35.98 -1.40163e-05
35.99 -1.18454e-05
36 -9.63478e-06
36.01 -7.39191e-06
36.02 -5.12457e-06
36.03 -2.84055e-06
36.04 -5.47694e-07
36.05 1.74612e-06
36.06 4.03304e-06
36.07 6.30524e-06
36.08 8.55496e-06
36.09 1.07745e-05
36.1 1.29563e-05
36.11 1.5093e-05
36.12 1.71773e-05
36.13 1.92021e-05
36.14 2.11607e-05
36.15 2.30463e-05
36.16 2.48528e-05
36.17 2.6574e-05
36.18 2.82042e-05
36.19 2.97381e-05
36.2 3.11705e-05
36.21 3.24969e-05
36.22 3.37129e-05
36.23 3.48146e-05
36.24 3.57986e-05
36.25 3.66617e-05
36.26 3.74013e-05
36.27 3.80154e-05
36.28 3.85019e-05
36.29 3.88598e-05
36.3 3.90881e-05
36.31 3.91863e-05
36.32 3.91546e-05
36.33 3.89934e-05
36.34 3.87037e-05
36.35 3.82867e-05
36.36 3.77443e-05
36.37 3.70786e-05
36.38 3.62924e-05
36.39 3.53885e-05
36.4 3.43704e-05
36.41 3.32419e-05
36.42 3.2007e-05
36.43 3.06703e-05
36.44 2.92365e-05
36.45 2.77108e-05
36.46 2.60986e-05
36.47 2.44056e-05
36.48 2.26376e-05
36.49 2.08009e-05
36.5 1.89018e-05
36.51 1.6947e-05
36.52 1.49432e-05
36.53 1.28974e-05
36.54 1.08165e-05
36.55 8.70768e-06
36.56 6.57823e-06
36.57 4.43541e-06
36.58 2.28654e-06
36.59 1.38956e-07
36.6 -2.00003e-06
36.61 -4.12313e-06
36.62 -6.22314e-06
36.63 -8.29293e-06
36.64 -1.03255e-05
36.65 -1.23139e-05
36.66 -1.42516e-05
36.67 -1.61319e-05
36.68 -1.79485e-05
36.69 -1.96953e-05
36.7 -2.13666e-05
36.71 -2.29567e-05
36.72 -2.44604e-05
36.73 -2.58726e-05
36.74 -2.71888e-05
36.75 -2.84047e-05
36.76 -2.95163e-05
36.77 -3.052e-05
36.78 -3.14127e-05
36.79 -3.21916e-05
36.8 -3.28542e-05
36.81 -3.33986e-05
36.82 -3.38232e-05
36.83 -3.41269e-05
36.84 -3.43089e-05
36.85 -3.43689e-05
36.86 -3.43069e-05
36.87 -3.41236e-05
36.88 -3.38199e-05
36.89 -3.33971e-05
36.9 -3.28569e-05
36.91 -3.22014e-05
36.92 -3.14333e-05
36.93 -3.05555e-05
36.94 -2.95711e-05
36.95 -2.84838e-05
36.96 -2.72975e-05
36.97 -2.60167e-05
36.98 -2.46457e-05
36.99 -2.31896e-05
37 -2.16535e-05
37.01 -2.00428e-05
37.02 -1.83632e-05
37.03 -1.66206e-05
37.04 -1.4821e-05
37.05 -1.29707e-05
37.06 -1.10762e-05
37.07 -9.14398e-06
37.08 -7.18075e-06
37.09 -5.19328e-06
37.1 -3.18842e-06
37.11 -1.17305e-06
37.12 8.45908e-07
37.13 2.86154e-06
37.14 4.86694e-06
37.15 6.85529e-06
37.16 8.81979e-06
37.17 1.07538e-05
37.18 1.26507e-05
37.19 1.45041e-05
37.2 1.63077e-05
37.21 1.80555e-05
37.22 1.97416e-05
37.23 2.13603e-05
37.24 2.29063e-05
37.25 2.43744e-05
37.26 2.57598e-05
37.27 2.70579e-05
37.28 2.82645e-05
37.29 2.93756e-05
37.3 3.03878e-05
37.31 3.12977e-05
37.32 3.21025e-05
37.33 3.27998e-05
37.34 3.33874e-05
37.35 3.38637e-05
37.36 3.42272e-05
37.37 3.4477e-05
37.38 3.46127e-05
37.39 3.4634e-05
37.4 3.45411e-05
37.41 3.43348e-05
37.42 3.40159e-05
37.43 3.35859e-05
37.44 3.30465e-05
37.45 3.23999e-05
37.46 3.16486e-05
37.47 3.07953e-05
37.48 2.98432e-05
37.49 2.87959e-05
37.5 2.76571e-05
37.51 2.64309e-05
37.52 2.51217e-05
37.53 2.37341e-05
37.54 2.22731e-05
37.55 2.07438e-05
37.56 1.91515e-05
37.57 1.75018e-05
37.58 1.58005e-05
37.59 1.40534e-05
37.6 1.22666e-05
37.61 1.04463e-05
37.62 8.59874e-06
37.63 6.73025e-06
37.64 4.84727e-06
37.65 2.95625e-06
37.66 1.06366e-06
37.67 -8.24036e-07
37.68 -2.70039e-06
37.69 -4.55902e-06
37.7 -6.39361e-06
37.71 -8.19792e-06
37.72 -9.96584e-06
37.73 -1.16914e-05
37.74 -1.33688e-05
37.75 -1.49923e-05
37.76 -1.65566e-05
37.77 -1.80563e-05
37.78 -1.94866e-05
37.79 -2.08425e-05
37.8 -2.21198e-05
37.81 -2.33141e-05
37.82 -2.44215e-05
37.83 -2.54385e-05
37.84 -2.63618e-05
37.85 -2.71885e-05
37.86 -2.79159e-05
37.87 -2.85418e-05
37.88 -2.90643e-05
37.89 -2.94819e-05
37.9 -2.97934e-05
37.91 -2.99981e-05
37.92 -3.00954e-05
37.93 -3.00854e-05
37.94 -2.99683e-05
37.95 -2.97449e-05
37.96 -2.94161e-05
37.97 -2.89834e-05
37.98 -2.84485e-05
37.99 -2.78135e-05
38 -2.70808e-05
38.01 -2.62531e-05
38.02 -2.53336e-05
38.03 -2.43255e-05
38.04 -2.32325e-05
38.05 -2.20586e-05
38.06 -2.0808e-05
38.07 -1.9485e-05
38.08 -1.80945e-05
38.09 -1.66412e-05
38.1 -1.51302e-05
38.11 -1.3567e-05
38.12 -1.19568e-05
38.13 -1.03053e-05
38.14 -8.61816e-06
38.15 -6.9013e-06
38.16 -5.16061e-06
38.17 -3.40207e-06
38.18 -1.63172e-06
38.19 1.44354e-07
38.2 1.92008e-06
38.21 3.68939e-06
38.22 5.44625e-06
38.23 7.18467e-06
38.24 8.89876e-06
38.25 1.05827e-05
38.26 1.22307e-05
38.27 1.38374e-05
38.28 1.53972e-05
38.29 1.69049e-05
38.3 1.83555e-05
38.31 1.97441e-05
38.32 2.10662e-05
38.33 2.23172e-05
38.34 2.34932e-05
38.35 2.45902e-05
38.36 2.56047e-05
38.37 2.65334e-05
38.38 2.73733e-05
38.39 2.81217e-05
38.4 2.87764e-05
38.41 2.93353e-05
38.42 2.97967e-05
38.43 3.01593e-05
38.44 3.04222e-05
38.45 3.05846e-05
38.46 3.06462e-05
38.47 3.06072e-05
38.48 3.04679e-05
38.49 3.02291e-05
38.5 2.98917e-05
38.51 2.94573e-05
38.52 2.89275e-05
38.53 2.83045e-05
38.54 2.75905e-05
38.55 2.67882e-05
38.56 2.59007e-05
38.57 2.4931e-05
38.58 2.38828e-05
38.59 2.27598e-05
38.6 2.1566e-05
38.61 2.03057e-05
38.62 1.89833e-05
38.63 1.76034e-05
38.64 1.6171e-05
38.65 1.46909e-05
38.66 1.31684e-05
38.67 1.16087e-05
38.68 1.00173e-05
38.69 8.39964e-06
38.7 6.7613e-06
38.71 5.10791e-06
38.72 3.44517e-06
38.73 1.77875e-06
38.74 1.14375e-07
38.75 -1.54229e-06
38.76 -3.1856e-06
38.77 -4.80996e-06
38.78 -6.40987e-06
38.79 -7.97991e-06
38.8 -9.51477e-06
38.81 -1.10093e-05
38.82 -1.24584e-05
38.83 -1.38574e-05
38.84 -1.52014e-05
38.85 -1.6486e-05
38.86 -1.7707e-05
38.87 -1.88604e-05
38.88 -1.99423e-05
38.89 -2.09492e-05
38.9 -2.18778e-05
38.91 -2.27252e-05
38.92 -2.34886e-05
38.93 -2.41657e-05
38.94 -2.47543e-05
38.95 -2.52527e-05
38.96 -2.56593e-05
38.97 -2.5973e-05
38.98 -2.6193e-05
38.99 -2.63187e-05
39 -2.63499e-05
39.01 -2.62869e-05
39.02 -2.61299e-05
39.03 -2.58798e-05
39.04 -2.55377e-05
39.05 -2.5105e-05
39.06 -2.45833e-05
39.07 -2.39747e-05
39.08 -2.32814e-05
39.09 -2.25061e-05
39.1 -2.16514e-05
39.11 -2.07207e-05
39.12 -1.97172e-05
39.13 -1.86444e-05
39.14 -1.75063e-05
39.15 -1.63068e-05
39.16 -1.50501e-05
39.17 -1.37408e-05
39.18 -1.23833e-05
39.19 -1.09824e-05
39.2 -9.54301e-06
39.21 -8.07008e-06
39.22 -6.56873e-06
39.23 -5.04414e-06
39.24 -3.50158e-06
39.25 -1.94635e-06
39.26 -3.83791e-07
39.27 1.18073e-06
39.28 2.74186e-06
39.29 4.29426e-06
39.3 5.83264e-06
39.31 7.35176e-06
39.32 8.84645e-06
39.33 1.03117e-05
39.34 1.17424e-05
39.35 1.31339e-05
39.36 1.44814e-05
39.37 1.57805e-05
39.38 1.70267e-05
39.39 1.82159e-05
39.4 1.93442e-05
39.41 2.04078e-05
39.42 2.14033e-05
39.43 2.23274e-05
39.44 2.31771e-05
39.45 2.39496e-05
39.46 2.46426e-05
39.47 2.52538e-05
39.48 2.57813e-05
39.49 2.62236e-05
39.5 2.65793e-05
39.51 2.68475e-05
39.52 2.70275e-05
39.53 2.71188e-05
39.54 2.71214e-05
39.55 2.70355e-05
39.56 2.68617e-05
39.57 2.66007e-05
39.58 2.62537e-05
39.59 2.58221e-05
39.6 2.53075e-05
39.61 2.47121e-05
39.62 2.40379e-05
39.63 2.32874e-05
39.64 2.24636e-05
39.65 2.15692e-05
39.66 2.06076e-05
39.67 1.95823e-05
39.68 1.84967e-05
39.69 1.73549e-05
39.7 1.61608e-05
39.71 1.49186e-05
39.72 1.36327e-05
39.73 1.23075e-05
39.74 1.09477e-05
39.75 9.55795e-06
39.76 8.14307e-06
39.77 6.70795e-06
39.78 5.25751e-06
39.79 3.79674e-06
39.8 2.33065e-06
39.81 8.64242e-07
39.82 -5.97474e-07
39.83 -2.04952e-06
39.84 -3.48696e-06
39.85 -4.90493e-06
39.86 -6.29861e-06
39.87 -7.66332e-06
39.88 -8.99443e-06
39.89 -1.02875e-05
39.9 -1.15382e-05
39.91 -1.27423e-05
