0.01 -1.3593e-07
0.02 -1.7933e-07
0.03 -3.13798e-07
0.04 -5.83209e-07
0.05 -9.84819e-07
0.06 -1.47534e-06
0.07 -2.01349e-06
0.08 -2.59528e-06
0.09 -3.2508e-06
0.1 -4.01209e-06
0.11 -4.88624e-06
0.12 -5.8559e-06
0.13 -6.90022e-06
0.14 -8.01357e-06
0.15 -9.2065e-06
0.16 -1.04918e-05
0.17 -1.18697e-05
0.18 -1.33255e-05
0.19 -1.48394e-05
0.2 -1.63985e-05
0.21 -1.80016e-05
0.22 -1.96524e-05
0.23 -2.13503e-05
0.24 -2.30872e-05
0.25 -2.48515e-05
0.26 -2.66344e-05
0.27 -2.84313e-05
0.28 -3.02375e-05
0.29 -3.20452e-05
0.3 -3.38467e-05
0.31 -3.56377e-05
0.32 -3.74145e-05
0.33 -3.91691e-05
0.34 -4.08895e-05
0.35 -4.25606e-05
0.36 -4.41616e-05
0.37 -4.56685e-05
0.38 -4.70744e-05
0.39 -4.84104e-05
0.4 -4.97401e-05
0.41 -5.11237e-05
0.42 -5.25767e-05
0.43 -5.40497e-05
0.44 -5.54523e-05
0.45 -5.67059e-05
0.46 -5.77773e-05
0.47 -5.86663e-05
0.48 -5.93824e-05
0.49 -5.9952e-05
0.5 -6.04339e-05
0.51 -6.08994e-05
0.52 -6.13799e-05
0.53 -6.18409e-05
0.54 -6.22224e-05
0.55 -6.25078e-05
0.56 -6.27385e-05
0.57 -6.29402e-05
0.58 -6.30357e-05
0.59 -6.28638e-05
0.6 -6.23077e-05
0.61 -6.14128e-05
0.62 -6.03784e-05
0.63 -5.94364e-05
0.64 -5.87262e-05
0.65 -5.82567e-05
0.66 -5.79521e-05
0.67 -5.77264e-05
0.68 -5.75251e-05
0.69 -5.72895e-05
0.7 -5.6885e-05
0.71 -5.61202e-05
0.72 -5.48891e-05
0.73 -5.32926e-05
0.74 -5.15953e-05
0.75 -5.00479e-05
0.76 -4.87341e-05
0.77 -4.75582e-05
0.78 -4.63603e-05
0.79 -4.50458e-05
0.8 -4.36083e-05
0.81 -4.2026e-05
0.82 -4.01643e-05
0.83 -3.78542e-05
0.84 -3.50997e-05
0.85 -3.21645e-05
0.86 -2.94007e-05
0.87 -2.70038e-05
0.88 -2.49593e-05
0.89 -2.31899e-05
0.9 -2.16619e-05
0.91 -2.03159e-05
0.92 -1.89769e-05
0.93 -1.74337e-05
0.94 -1.5635e-05
0.95 -1.37671e-05
0.96 -1.20999e-05
0.97 -1.07612e-05
0.98 -9.66536e-06
0.99 -8.61634e-06
1 -7.42918e-06
1.01 -5.99586e-06
1.02 -4.3556e-06
1.03 -2.73845e-06
1.04 -1.44745e-06
1.05 -6.12835e-07
1.06 -5.27986e-08
1.07 6.09959e-07
1.08 1.65166e-06
1.09 2.99734e-06
1.1 4.26258e-06
1.11 5.11414e-06
1.12 5.63519e-06
1.13 6.31042e-06
1.14 7.59976e-06
1.15 9.49572e-06
1.16 1.14873e-05
1.17 1.29695e-05
1.18 1.37276e-05
1.19 1.40623e-05
1.2 1.4485e-05
1.21 1.5336e-05
1.22 1.66648e-05
1.23 1.83379e-05
1.24 2.01434e-05
1.25 2.18579e-05
1.26 2.33809e-05
1.27 2.4864e-05
1.28 2.66024e-05
1.29 2.86973e-05
1.3 3.08255e-05
1.31 3.24099e-05
1.32 3.30958e-05
1.33 3.3096e-05
1.34 3.30724e-05
1.35 3.36605e-05
1.36 3.50407e-05
1.37 3.68436e-05
1.38 3.84181e-05
1.39 3.93132e-05
1.4 3.96706e-05
1.41 4.01688e-05
1.42 4.1466e-05
1.43 4.35836e-05
1.44 4.57958e-05
1.45 4.71307e-05
1.46 4.70462e-05
1.47 4.57782e-05
1.48 4.42027e-05
1.49 4.337e-05
1.5 4.39628e-05
1.51 4.59233e-05
1.52 4.84875e-05
1.53 5.06846e-05
1.54 5.19889e-05
1.55 5.26032e-05
1.56 5.31449e-05
1.57 5.40379e-05
1.58 5.51254e-05
1.59 5.57737e-05
1.6 5.53558e-05
1.61 5.37509e-05
1.62 5.14832e-05
1.63 4.94032e-05
1.64 4.81451e-05
1.65 4.77506e-05
1.66 4.77255e-05
1.67 4.74559e-05
1.68 4.65934e-05
1.69 4.51101e-05
1.7 4.31225e-05
1.71 4.07487e-05
1.72 3.80847e-05
1.73 3.52256e-05
1.74 3.22697e-05
1.75 2.93038e-05
1.76 2.64032e-05
1.77 2.36625e-05
1.78 2.11885e-05
1.79 1.89752e-05
1.8 1.6801e-05
1.81 1.43923e-05
1.82 1.17507e-05
1.83 9.22502e-06
1.84 7.19123e-06
1.85 5.67223e-06
1.86 4.28979e-06
1.87 2.61257e-06
1.88 5.61876e-07
1.89 -1.54958e-06
1.9 -3.38449e-06
1.91 -4.94791e-06
1.92 -6.57979e-06
1.93 -8.62199e-06
1.94 -1.11097e-05
1.95 -1.37713e-05
1.96 -1.63038e-05
1.97 -1.86144e-05
1.98 -2.07825e-05
1.99 -2.28383e-05
2 -2.46965e-05
2.01 -2.64235e-05
2.02 -2.85427e-05
2.03 -3.18454e-05
2.04 -3.66617e-05
2.05 -4.22779e-05
2.06 -4.7203e-05
2.07 -5.01912e-05
2.08 -5.11752e-05
2.09 -5.13123e-05
2.1 -5.21219e-05
2.11 -5.44409e-05
2.12 -5.80357e-05
2.13 -6.21272e-05
2.14 -6.62197e-05
2.15 -7.0371e-05
2.16 -7.47634e-05
2.17 -7.91981e-05
2.18 -8.30717e-05
2.19 -8.58125e-05
2.2 -8.73332e-05
2.21 -8.80972e-05
2.22 -8.87633e-05
2.23 -8.97137e-05
2.24 -9.07947e-05
2.25 -9.1413e-05
2.26 -9.09117e-05
2.27 -8.90086e-05
2.28 -8.60366e-05
2.29 -8.27763e-05
2.3 -7.99082e-05
2.31 -7.75032e-05
2.32 -7.50391e-05
2.33 -7.19249e-05
2.34 -6.79777e-05
2.35 -6.3398e-05
2.36 -5.83658e-05
2.37 -5.27395e-05
2.38 -4.61483e-05
2.39 -3.83399e-05
2.4 -2.94072e-05
2.41 -1.97033e-05
2.42 -9.58606e-06
2.43 7.61817e-07
2.44 1.13284e-05
2.45 2.21282e-05
2.46 3.305e-05
2.47 4.38087e-05
2.48 5.40147e-05
2.49 6.33326e-05
2.5 7.1669e-05
2.51 7.92591e-05
2.52 8.65342e-05
2.53 9.38146e-05
2.54 0.000101059
2.55 0.000107878
2.56 0.000113782
2.57 0.000118471
2.58 0.000122026
2.59 0.000124932
2.6 0.000127854
2.61 0.00013123
2.62 0.000134886
2.63 0.000137962
2.64 0.00013936
2.65 0.000138516
2.66 0.000135892
2.67 0.000132686
2.68 0.000130008
2.69 0.000128263
2.7 0.000127134
2.71 0.00012599
2.72 0.000124269
2.73 0.000121661
2.74 0.000118095
2.75 0.000113634
2.76 0.000108344
2.77 0.000102255
2.78 9.55038e-05
2.79 8.85748e-05
2.8 8.22865e-05
2.81 7.73324e-05
2.82 7.37509e-05
2.83 7.09164e-05
2.84 6.80788e-05
2.85 6.49068e-05
2.86 6.15672e-05
2.87 5.84134e-05
2.88 5.56819e-05
2.89 5.34156e-05
2.9 5.14859e-05
2.91 4.96055e-05
2.92 4.74347e-05
2.93 4.4806e-05
2.94 4.18859e-05
2.95 3.91678e-05
2.96 3.73097e-05
2.97 3.68192e-05
2.98 3.76602e-05
2.99 3.90734e-05
3 3.99151e-05
3.01 3.93969e-05
3.02 3.76298e-05
3.03 3.5458e-05
3.04 3.37551e-05
3.05 3.28642e-05
3.06 3.25989e-05
3.07 3.25909e-05
3.08 3.2556e-05
3.09 3.23042e-05
3.1 3.15908e-05
3.11 3.00256e-05
3.12 2.72198e-05
3.13 2.30906e-05
3.14 1.79949e-05
3.15 1.25095e-05
3.16 7.08118e-06
3.17 1.86975e-06
3.18 -3.17093e-06
3.19 -8.14916e-06
3.2 -1.31827e-05
3.21 -1.84487e-05
3.22 -2.42008e-05
3.23 -3.0652e-05
3.24 -3.7829e-05
3.25 -4.55729e-05
3.26 -5.36724e-05
3.27 -6.19882e-05
3.28 -7.04868e-05
3.29 -7.91704e-05
3.3 -8.7924e-05
3.31 -9.63724e-05
3.32 -0.00010391
3.33 -0.000110007
3.34 -0.000114649
3.35 -0.000118531
3.36 -0.000122689
3.37 -0.000127794
3.38 -0.000133718
3.39 -0.000139721
3.4 -0.000145041
3.41 -0.000149301
3.42 -0.000152473
3.43 -0.000154613
3.44 -0.000155714
3.45 -0.000155865
3.46 -0.000155463
3.47 -0.000155127
3.48 -0.000155297
3.49 -0.000155881
3.5 -0.000156258
3.51 -0.000155544
3.52 -0.000152878
3.53 -0.00014767
3.54 -0.000139834
3.55 -0.000129902
3.56 -0.000118844
3.57 -0.000107599
3.58 -9.65681e-05
3.59 -8.54474e-05
3.6 -7.3544e-05
3.61 -6.03149e-05
3.62 -4.56866e-05
3.63 -2.99689e-05
3.64 -1.355e-05
3.65 3.33688e-06
3.66 2.06348e-05
3.67 3.82951e-05
3.68 5.60696e-05
3.69 7.34759e-05
3.7 9.00347e-05
3.71 0.000105636
3.72 0.000120757
3.73 0.000136361
3.74 0.000153461
3.75 0.000172525
3.76 0.000193067
3.77 0.000213764
3.78 0.000233091
3.79 0.00025006
3.8 0.000264558
3.81 0.00027709
3.82 0.000288179
3.83 0.000297962
3.84 0.000306316
3.85 0.000313294
3.86 0.000319321
3.87 0.000324877
3.88 0.000329993
3.89 0.000334114
3.9 0.000336467
3.91 0.000336591
3.92 0.00033461
3.93 0.000331169
3.94 0.000327091
3.95 0.000322984
3.96 0.000319014
3.97 0.000314904
3.98 0.000310183
3.99 0.000304626
4 0.000298692
4.01 0.000293501
4.02 0.000290161
4.03 0.000288874
4.04 0.000288639
4.05 0.000287894
4.06 0.000285616
4.07 0.000282012
4.08 0.000278228
4.09 0.00027545
4.1 0.000274355
4.11 0.000275475
4.12 0.000279899
4.13 0.000289216
4.14 0.000304505
4.15 0.000325315
4.16 0.000349556
4.17 0.000374373
4.18 0.000397426
4.19 0.000417741
4.2 0.000435486
4.21 0.000450767
4.22 0.000462385
4.23 0.000467648
4.24 0.000463539
4.25 0.000448437
4.26 0.000423051
4.27 0.000389857
4.28 0.000351619
4.29 0.000310311
4.3 0.000267129
4.31 0.000223143
4.32 0.000179729
4.33 0.00013844
4.34 0.000100651
4.35 6.72295e-05
4.36 3.8346e-05
4.37 1.3437e-05
4.38 -8.58712e-06
4.39 -2.89294e-05
4.4 -4.85068e-05
4.41 -6.77711e-05
4.42 -8.67625e-05
4.43 -0.000105308
4.44 -0.000123299
4.45 -0.000140966
4.46 -0.000159178
4.47 -0.000179836
4.48 -0.000205984
4.49 -0.000240739
4.5 -0.000285141
4.51 -0.000336674
4.52 -0.000390204
4.53 -0.000441101
4.54 -0.000488331
4.55 -0.000534994
4.56 -0.000585908
4.57 -0.000644299
4.58 -0.000710188
4.59 -0.000781223
4.6 -0.000854621
4.61 -0.000928383
4.62 -0.00100099
4.63 -0.00107021
4.64 -0.00113229
4.65 -0.00118259
4.66 -0.00121702
4.67 -0.00123335
4.68 -0.00123148
4.69 -0.00121267
4.7 -0.00117854
4.71 -0.00113056
4.72 -0.00107049
4.73 -0.00100104
4.74 -0.000926131
4.75 -0.000849965
4.76 -0.000775599
4.77 -0.000704056
4.78 -0.000634626
4.79 -0.000566065
4.8 -0.000497704
4.81 -0.000429581
4.82 -0.000361534
4.83 -0.000292229
4.84 -0.000219475
4.85 -0.000142099
4.86 -6.18397e-05
4.87 1.66754e-05
4.88 8.82195e-05
4.89 0.000149909
4.9 0.000202522
4.91 0.000249235
4.92 0.00029298
4.93 0.000334757
4.94 0.000374176
4.95 0.00041136
4.96 0.000448087
4.97 0.000486981
4.98 0.000529665
4.99 0.000575673
5 0.000622977
5.01 0.000669562
5.02 0.000714695
5.03 0.000759036
5.04 0.000803686
5.05 0.000848881
5.06 0.000893149
5.07 0.000933499
5.08 0.000966699
5.09 0.000990784
5.1 0.00100565
5.11 0.00101237
5.12 0.00101197
5.13 0.00100468
5.14 0.000990045
5.15 0.000967772
5.16 0.000938638
5.17 0.000904667
5.18 0.000868175
5.19 0.000830369
5.2 0.000790721
5.21 0.000747721
5.22 0.000700461
5.23 0.000649799
5.24 0.000598115
5.25 0.000547811
5.26 0.000499705
5.27 0.000452481
5.28 0.000403603
5.29 0.000351065
5.3 0.0002948
5.31 0.000236752
5.32 0.000179629
5.33 0.000125323
5.34 7.40758e-05
5.35 2.47439e-05
5.36 -2.43087e-05
5.37 -7.43194e-05
5.38 -0.000125611
5.39 -0.000177492
5.4 -0.000228483
5.41 -0.000276768
5.42 -0.00032073
5.43 -0.000359291
5.44 -0.000391711
5.45 -0.000417053
5.46 -0.00043399
5.47 -0.000441368
5.48 -0.000438941
5.49 -0.000427432
5.5 -0.000407775
5.51 -0.00038032
5.52 -0.000344845
5.53 -0.000301375
5.54 -0.00025103
5.55 -0.00019618
5.56 -0.000139821
5.57 -8.45766e-05
5.58 -3.18977e-05
5.59 1.79837e-05
5.6 6.50447e-05
5.61 0.000108122
5.62 0.000144814
5.63 0.00017325
5.64 0.000194276
5.65 0.000211927
5.66 0.000231549
5.67 0.000256977
5.68 0.0002889
5.69 0.000325341
5.7 0.000363676
5.71 0.000402778
5.72 0.00044397
5.73 0.000490205
5.74 0.00054397
5.75 0.000605267
5.76 0.00067086
5.77 0.000735046
5.78 0.00079152
5.79 0.000835589
5.8 0.000865432
5.81 0.000881376
5.82 0.000883829
5.83 0.000871754
5.84 0.000842944
5.85 0.000795612
5.86 0.000729651
5.87 0.000646454
5.88 0.000547569
5.89 0.000433535
5.9 0.000303792
5.91 0.000157432
5.92 -6.1345e-06
5.93 -0.000186991
5.94 -0.000384627
5.95 -0.000597405
5.96 -0.000821614
5.97 -0.00105067
5.98 -0.0012749
5.99 -0.00148264
6 -0.00166375
6.01 -0.00181554
6.02 -0.00194593
6.03 -0.00206729
6.04 -0.00218389
6.05 -0.00228543
6.06 -0.00235452
6.07 -0.00238077
6.08 -0.00236853
6.09 -0.00233349
6.1 -0.00229176
6.11 -0.00225008
6.12 -0.00220477
6.13 -0.00215009
6.14 -0.00208689
6.15 -0.00202281
6.16 -0.00196461
6.17 -0.00191104
6.18 -0.00185263
6.19 -0.00177776
6.2 -0.00167929
6.21 -0.00155708
6.22 -0.00141554
6.23 -0.00125966
6.24 -0.00109289
6.25 -0.000917641
6.26 -0.000736457
6.27 -0.000551623
6.28 -0.000363541
6.29 -0.000170014
6.3 3.1952e-05
6.31 0.000242749
6.32 0.00045804
6.33 0.00067008
6.34 0.000871587
6.35 0.00105832
6.36 0.00122758
6.37 0.00137526
6.38 0.00149712
6.39 0.0015947
6.4 0.00167767
6.41 0.0017566
6.42 0.00183314
6.43 0.00189945
6.44 0.001947
6.45 0.00197382
6.46 0.0019843
6.47 0.00198551
6.48 0.00198352
6.49 0.00197988
6.5 0.00196983
6.51 0.00194576
6.52 0.0019037
6.53 0.00184616
6.54 0.00177868
6.55 0.00170459
6.56 0.00162339
6.57 0.00153342
6.58 0.00143509
6.59 0.00133157
6.6 0.0012269
6.61 0.00112349
6.62 0.00102101
6.63 0.000917448
6.64 0.000811108
6.65 0.000701992
6.66 0.000591595
6.67 0.000481705
6.68 0.000373435
6.69 0.000267216
6.7 0.000163393
6.71 6.26462e-05
6.72 -3.42074e-05
6.73 -0.000126822
6.74 -0.000215716
6.75 -0.000302013
6.76 -0.000386641
6.77 -0.000469509
6.78 -0.000549207
6.79 -0.000623484
6.8 -0.000690321
6.81 -0.000748886
6.82 -0.000799701
6.83 -0.000843856
6.84 -0.000881871
6.85 -0.00091322
6.86 -0.000936967
6.87 -0.000952965
6.88 -0.000962451
6.89 -0.00096766
6.9 -0.000971125
6.91 -0.000975312
6.92 -0.000982358
6.93 -0.000993485
6.94 -0.00100828
6.95 -0.00102449
6.96 -0.00103852
6.97 -0.00104649
6.98 -0.00104524
6.99 -0.00103309
7 -0.00101012
7.01 -0.00097787
7.02 -0.00093846
7.03 -0.000893698
7.04 -0.000844726
7.05 -0.000792137
7.06 -0.000736128
7.07 -0.000676458
7.08 -0.000612486
7.09 -0.000543636
7.1 -0.000470123
7.11 -0.000393405
7.12 -0.000315937
7.13 -0.000240374
7.14 -0.000168841
7.15 -0.000102779
7.16 -4.32412e-05
7.17 8.87558e-06
7.18 5.29658e-05
7.19 8.90012e-05
7.2 0.000117627
7.21 0.000139837
7.22 0.000156261
7.23 0.000166394
7.24 0.000168388
7.25 0.000159789
7.26 0.000138939
7.27 0.000106036
7.28 6.3027e-05
7.29 1.25813e-05
7.3 -4.26776e-05
7.31 -9.99674e-05
7.32 -0.000155944
7.33 -0.000207401
7.34 -0.000252999
7.35 -0.000294305
7.36 -0.000334573
7.37 -0.00037581
7.38 -0.000416508
7.39 -0.000452145
7.4 -0.000478129
7.41 -0.00049269
7.42 -0.000497341
7.43 -0.000494911
7.44 -0.000487208
7.45 -0.000474316
7.46 -0.00045559
7.47 -0.000430935
7.48 -0.000401058
7.49 -0.000366701
7.5 -0.000327909
7.51 -0.000284205
7.52 -0.000235534
7.53 -0.00018307
7.54 -0.000129132
7.55 -7.62346e-05
7.56 -2.60673e-05
7.57 2.08049e-05
7.58 6.44453e-05
7.59 0.000105113
7.6 0.000143673
7.61 0.000182364
7.62 0.000224553
7.63 0.000273062
7.64 0.000328168
7.65 0.000386773
7.66 0.000443418
7.67 0.000492782
7.68 0.000532375
7.69 0.000563837
7.7 0.000591992
7.71 0.000622332
7.72 0.000658454
7.73 0.00070094
7.74 0.000748189
7.75 0.000798281
7.76 0.000850128
7.77 0.000902943
7.78 0.000954855
7.79 0.0010025
7.8 0.00104248
7.81 0.00107352
7.82 0.00109731
7.83 0.00111715
7.84 0.00113537
7.85 0.00115166
7.86 0.00116349
7.87 0.00116821
7.88 0.00116505
7.89 0.0011553
7.9 0.00114097
7.91 0.00112345
7.92 0.00110305
7.93 0.00107945
7.94 0.00105213
7.95 0.0010206
7.96 0.000984398
7.97 0.000942999
7.98 0.000895615
7.99 0.000840975
8 0.000777588
8.01 0.000704551
8.02 0.000622206
8.03 0.000531931
8.04 0.000435197
8.05 0.000332763
8.06 0.000224664
8.07 0.000110749
8.08 -8.88999e-06
8.09 -0.000133951
8.1 -0.000264198
8.11 -0.000399628
8.12 -0.000540355
8.13 -0.00068624
8.14 -0.000836279
8.15 -0.000987852
8.16 -0.00113645
8.17 -0.00127665
8.18 -0.00140426
8.19 -0.00151813
8.2 -0.00161984
8.21 -0.00171123
8.22 -0.00179146
8.23 -0.00185596
8.24 -0.00189824
8.25 -0.0019133
8.26 -0.00190048
8.27 -0.00186395
8.28 -0.00181052
8.29 -0.00174692
8.3 -0.00167854
8.31 -0.00160952
8.32 -0.00154282
8.33 -0.00147955
8.34 -0.00141843
8.35 -0.00135643
8.36 -0.00129046
8.37 -0.00121896
8.38 -0.00114263
8.39 -0.00106393
8.4 -0.000985725
8.41 -0.000909975
8.42 -0.000837308
8.43 -0.000767746
8.44 -0.000701658
8.45 -0.000639935
8.46 -0.000583162
8.47 -0.000530537
8.48 -0.000479553
8.49 -0.000426764
8.5 -0.000369118
8.51 -0.000304993
8.52 -0.000234331
8.53 -0.000157866
8.54 -7.61425e-05
8.55 1.07655e-05
8.56 0.000102539
8.57 0.000197585
8.58 0.000292868
8.59 0.000385095
8.6 0.000472361
8.61 0.00055476
8.62 0.000633497
8.63 0.000709531
8.64 0.000783079
8.65 0.000854277
8.66 0.000924041
8.67 0.000994026
8.68 0.0010655
8.69 0.00113803
8.7 0.00120913
8.71 0.00127534
8.72 0.0013338
8.73 0.00138332
8.74 0.00142406
8.75 0.00145663
8.76 0.00148142
8.77 0.00149877
8.78 0.00150953
8.79 0.00151539
8.8 0.00151836
8.81 0.00151994
8.82 0.00152055
8.83 0.00151958
8.84 0.00151607
8.85 0.00150925
8.86 0.00149871
8.87 0.00148384
8.88 0.00146334
8.89 0.00143531
8.9 0.00139813
8.91 0.00135136
8.92 0.00129585
8.93 0.00123311
8.94 0.00116444
8.95 0.00109081
8.96 0.00101327
8.97 0.000933328
8.98 0.000852662
8.99 0.000772119
9 0.000690836
9.01 0.000606572
9.02 0.000517241
9.03 0.000422439
9.04 0.000323681
9.05 0.000223213
9.06 0.000122423
9.07 2.10773e-05
9.08 -8.2156e-05
9.09 -0.000188465
9.1 -0.000297913
9.11 -0.000409285
9.12 -0.000520564
9.13 -0.000629428
9.14 -0.000733305
9.15 -0.000828938
9.16 -0.000911986
9.17 -0.000977641
9.18 -0.00102254
9.19 -0.00104653
9.2 -0.00105244
9.21 -0.00104388
9.22 -0.00102311
9.23 -0.000990686
9.24 -0.000946669
9.25 -0.000891856
9.26 -0.000827961
9.27 -0.000756647
9.28 -0.000678372
9.29 -0.000592113
9.3 -0.000496285
9.31 -0.000390049
9.32 -0.000273854
9.33 -0.000148796
9.34 -1.54907e-05
9.35 0.000126434
9.36 0.000277788
9.37 0.000438633
9.38 0.000607015
9.39 0.000777868
9.4 0.00094249
9.41 0.0010896
9.42 0.00120882
9.43 0.00129563
9.44 0.00135412
9.45 0.00139391
9.46 0.00142207
9.47 0.00143697
9.48 0.00142996
9.49 0.00139267
9.5 0.00132234
9.51 0.00122158
9.52 0.00109511
9.53 0.000947193
9.54 0.000780201
9.55 0.00059412
9.56 0.000387317
9.57 0.000157945
9.58 -9.52326e-05
9.59 -0.000372422
9.6 -0.000671657
9.61 -0.000987377
9.62 -0.00130987
9.63 -0.00162468
9.64 -0.00191216
9.65 -0.0021534
9.66 -0.00234474
9.67 -0.00250548
9.68 -0.00266107
9.69 -0.00281548
9.7 -0.00294594
9.71 -0.00302503
9.72 -0.00304287
9.73 -0.00301102
9.74 -0.00295142
9.75 -0.00287974
9.76 -0.00279522
9.77 -0.00268762
9.78 -0.00255427
9.79 -0.00240785
9.8 -0.00226728
9.81 -0.00214278
9.82 -0.00202967
9.83 -0.00191453
9.84 -0.00178636
9.85 -0.00164246
9.86 -0.00148527
9.87 -0.00131584
9.88 -0.00113106
9.89 -0.000926917
9.9 -0.000703615
9.91 -0.000466796
9.92 -0.000223397
9.93 2.35654e-05
9.94 0.000275883
9.95 0.000535925
9.96 0.000801929
9.97 0.00106754
9.98 0.00132454
9.99 0.00156402
10 0.00177606
10.01 0.00195448
10.02 0.00210609
10.03 0.00224997
10.04 0.00239903
10.05 0.00254196
10.06 0.00264895
10.07 0.00269573
10.08 0.00268075
10.09 0.00262346
10.1 0.00255006
10.11 0.00247818
10.12 0.00241095
10.13 0.00234464
10.14 0.00228075
10.15 0.00222917
10.16 0.00219982
10.17 0.00219255
10.18 0.00219485
10.19 0.00218856
10.2 0.00215937
10.21 0.00210175
10.22 0.00201719
10.23 0.00190959
10.24 0.00178249
10.25 0.00163994
10.26 0.00148867
10.27 0.00133845
10.28 0.00119903
10.29 0.00107562
10.3 0.000965814
10.31 0.000860554
10.32 0.000748417
10.33 0.000620476
10.34 0.000472877
10.35 0.000306484
10.36 0.000125128
10.37 -6.55735e-05
10.38 -0.000258259
10.39 -0.000443848
10.4 -0.000612841
10.41 -0.000757593
10.42 -0.000873773
10.43 -0.00096006
10.44 -0.00101723
10.45 -0.00104861
10.46 -0.00106165
10.47 -0.00106794
10.48 -0.00107916
10.49 -0.00110132
10.5 -0.00113224
10.51 -0.00116441
10.52 -0.00118977
10.53 -0.00120243
10.54 -0.00119878
10.55 -0.00117717
10.56 -0.00113807
10.57 -0.00108388
10.58 -0.00101858
10.59 -0.000947555
10.6 -0.000877203
10.61 -0.000813578
10.62 -0.000760329
10.63 -0.000717103
10.64 -0.000679395
10.65 -0.000639857
10.66 -0.00059037
10.67 -0.00052423
10.68 -0.000437933
10.69 -0.000332053
10.7 -0.000210837
10.71 -8.07469e-05
10.72 5.12124e-05
10.73 0.000178592
10.74 0.000295951
10.75 0.000399215
10.76 0.00048624
10.77 0.000557035
10.78 0.000613101
10.79 0.000656356
10.8 0.000688613
10.81 0.000711807
10.82 0.000728097
10.83 0.000739078
10.84 0.000744372
10.85 0.000740682
10.86 0.000722286
10.87 0.000682861
10.88 0.000617602
10.89 0.000524709
10.9 0.000405969
10.91 0.000266408
10.92 0.000113063
10.93 -4.66357e-05
10.94 -0.0002061
10.95 -0.000360034
10.96 -0.000504576
10.97 -0.000637747
10.98 -0.000759881
10.99 -0.000872946
11 -0.00097856
11.01 -0.00107658
11.02 -0.00116609
11.03 -0.00124758
11.04 -0.00132305
11.05 -0.00139289
11.06 -0.00145371
11.07 -0.00150051
11.08 -0.00153177
11.09 -0.00155154
11.1 -0.00156656
11.11 -0.00158176
11.12 -0.00159871
11.13 -0.00161743
11.14 -0.00163823
11.15 -0.00166172
11.16 -0.00168761
11.17 -0.00171373
11.18 -0.00173619
11.19 -0.00175054
11.2 -0.00175342
11.21 -0.0017434
11.22 -0.00172049
11.23 -0.00168502
11.24 -0.00163712
11.25 -0.00157734
11.26 -0.0015076
11.27 -0.0014316
11.28 -0.00135391
11.29 -0.00127849
11.3 -0.00120716
11.31 -0.00113883
11.32 -0.00106991
11.33 -0.000995736
11.34 -0.000912339
11.35 -0.000817599
11.36 -0.000711471
11.37 -0.000595498
11.38 -0.000472066
11.39 -0.000343685
11.4 -0.000212469
11.41 -7.98211e-05
11.42 5.36489e-05
11.43 0.000188103
11.44 0.000324488
11.45 0.000464602
11.46 0.000610839
11.47 0.000765206
11.48 0.000927727
11.49 0.00109527
11.5 0.00126209
11.51 0.00142228
11.52 0.00157225
11.53 0.00171108
11.54 0.00183835
11.55 0.0019518
11.56 0.00204718
11.57 0.00212023
11.58 0.00216883
11.59 0.00219405
11.6 0.0021997
11.61 0.00219008
11.62 0.00216739
11.63 0.0021313
11.64 0.00208159
11.65 0.00202054
11.66 0.00195234
11.67 0.00188008
11.68 0.00180403
11.69 0.00172278
11.7 0.00163593
11.71 0.00154551
11.72 0.00145504
11.73 0.00136698
11.74 0.00128109
11.75 0.00119505
11.76 0.00110701
11.77 0.0010177
11.78 0.000930316
11.79 0.000848531
11.8 0.00077433
11.81 0.000707429
11.82 0.000646266
11.83 0.0005895
11.84 0.000536856
11.85 0.000488899
11.86 0.000446071
11.87 0.000407762
11.88 0.000372125
11.89 0.00033682
11.9 0.00030016
11.91 0.000261848
11.92 0.000222797
11.93 0.0001843
11.94 0.00014714
11.95 0.000111162
11.96 7.53879e-05
11.97 3.84846e-05
11.98 -7.091e-07
11.99 -4.28585e-05
12 -8.82928e-05
12.01 -0.000137504
12.02 -0.000191359
12.03 -0.000250658
12.04 -0.000315475
12.05 -0.000384976
12.06 -0.000457922
12.07 -0.000533399
12.08 -0.000611248
12.09 -0.000691902
12.1 -0.000775707
12.11 -0.000862182
12.12 -0.000949764
12.13 -0.00103612
12.14 -0.00111858
12.15 -0.0011944
12.16 -0.00126068
12.17 -0.0013145
12.18 -0.0013533
12.19 -0.00137551
12.2 -0.00138097
12.21 -0.0013709
12.22 -0.0013474
12.23 -0.00131288
12.24 -0.00126986
12.25 -0.00122092
12.26 -0.00116848
12.27 -0.00111432
12.28 -0.0010592
12.29 -0.001003
12.3 -0.0009454
12.31 -0.00088654
12.32 -0.000827266
12.33 -0.000768917
12.34 -0.000712999
12.35 -0.000660812
12.36 -0.000612986
12.37 -0.000569155
12.38 -0.00052805
12.39 -0.000488135
12.4 -0.000448521
12.41 -0.000409481
12.42 -0.000371951
12.43 -0.000336274
12.44 -0.000301213
12.45 -0.000264198
12.46 -0.000222692
12.47 -0.000175682
12.48 -0.000124219
12.49 -7.07142e-05
12.5 -1.75402e-05
12.51 3.40754e-05
12.52 8.41686e-05
12.53 0.000133199
12.54 0.000181025
12.55 0.000226581
12.56 0.000268482
12.57 0.000305965
12.58 0.000339377
12.59 0.000369839
12.6 0.000398434
12.61 0.000425579
12.62 0.000450959
12.63 0.000473882
12.64 0.000493657
12.65 0.000509772
12.66 0.000521927
12.67 0.000530101
12.68 0.000534742
12.69 0.000536993
12.7 0.000538701
12.71 0.000541972
12.72 0.000548361
12.73 0.000558145
12.74 0.000570127
12.75 0.000582111
12.76 0.000591799
12.77 0.000597669
12.78 0.000599361
12.79 0.000597327
12.8 0.00059208
12.81 0.000583622
12.82 0.000571391
12.83 0.00055466
12.84 0.000533072
12.85 0.000507071
12.86 0.000477948
12.87 0.00044741
12.88 0.000416889
12.89 0.000387086
12.9 0.000357996
12.91 0.000329381
12.92 0.000301371
12.93 0.000274819
12.94 0.000251141
12.95 0.000231709
12.96 0.000217148
12.97 0.00020706
12.98 0.000200344
12.99 0.00019584
13 0.000192862
13.01 0.00019139
13.02 0.000191897
13.03 0.000194956
13.04 0.000200874
13.05 0.000209496
13.06 0.000220174
13.07 0.000231773
13.08 0.000242702
13.09 0.00025121
13.1 0.000256071
13.11 0.000257262
13.12 0.000255942
13.13 0.000253587
13.14 0.000250898
13.15 0.000247284
13.16 0.000241181
13.17 0.000230841
13.18 0.000215079
13.19 0.000193614
13.2 0.000166925
13.21 0.000135877
13.22 0.000101427
13.23 6.44717e-05
13.24 2.57219e-05
13.25 -1.43756e-05
13.26 -5.55145e-05
13.27 -9.71805e-05
13.28 -0.000138378
13.29 -0.000177812
13.3 -0.000214489
13.31 -0.000248164
13.32 -0.000279237
13.33 -0.000308198
13.34 -0.000335134
13.35 -0.000359581
13.36 -0.000380713
13.37 -0.00039763
13.38 -0.000409655
13.39 -0.000416479
13.4 -0.000418096
13.41 -0.000414582
13.42 -0.000405972
13.43 -0.000392385
13.44 -0.000374295
13.45 -0.00035273
13.46 -0.000329157
13.47 -0.000304961
13.48 -0.000280746
13.49 -0.000255917
13.5 -0.000228899
13.51 -0.000197946
13.52 -0.000162094
13.53 -0.000121644
13.54 -7.79185e-05
13.55 -3.25574e-05
13.56 1.31137e-05
13.57 5.82706e-05
13.58 0.000102371
13.59 0.000144847
13.6 0.000184973
13.61 0.000221917
13.62 0.000254907
13.63 0.000283438
13.64 0.000307416
13.65 0.000327088
13.66 0.000342759
13.67 0.000354534
13.68 0.00036235
13.69 0.000366305
13.7 0.000366948
13.71 0.000365262
13.72 0.000362362
13.73 0.000359169
13.74 0.000356269
13.75 0.000353967
13.76 0.00035241
13.77 0.000351654
13.78 0.000351594
13.79 0.000351821
13.8 0.000351595
13.81 0.000350075
13.82 0.000346695
13.83 0.000341404
13.84 0.000334586
13.85 0.000326771
13.86 0.000318328
13.87 0.000309262
13.88 0.000299115
13.89 0.000287023
13.9 0.000271933
13.91 0.000252949
13.92 0.000229634
13.93 0.00020211
13.94 0.000170966
13.95 0.000137084
13.96 0.000101489
13.97 6.51424e-05
13.98 2.8733e-05
13.99 -7.47381e-06
14 -4.36029e-05
14.01 -7.99897e-05
14.02 -0.000116987
14.03 -0.000154842
14.04 -0.000193594
14.05 -0.000232923
14.06 -0.00027202
14.07 -0.000309608
14.08 -0.000344212
14.09 -0.000374552
14.1 -0.000399856
14.11 -0.000419909
14.12 -0.000434853
14.13 -0.000444951
14.14 -0.000450444
14.15 -0.00045148
14.16 -0.000448024
14.17 -0.000439838
14.18 -0.000426611
14.19 -0.000408176
14.2 -0.000384629
14.21 -0.000356274
14.22 -0.000323528
14.23 -0.000286911
14.24 -0.000247149
14.25 -0.000205255
14.26 -0.0001624
14.27 -0.000119597
14.28 -7.73589e-05
14.29 -3.56046e-05
14.3 6.06423e-06
14.31 4.78763e-05
14.32 8.95571e-05
14.33 0.000130337
14.34 0.000169193
14.35 0.000205142
14.36 0.000237456
14.37 0.000265705
14.38 0.000289647
14.39 0.000309102
14.4 0.000323953
14.41 0.000334275
14.42 0.000340453
14.43 0.000343158
14.44 0.000343203
14.45 0.000341474
14.46 0.00033891
14.47 0.000336385
14.48 0.000334475
14.49 0.000333264
14.5 0.000332366
14.51 0.000331098
14.52 0.000328644
14.53 0.000324137
14.54 0.000316784
14.55 0.000306075
14.56 0.000292009
14.57 0.000275129
14.58 0.000256293
14.59 0.000236277
14.6 0.00021549
14.61 0.000193957
14.62 0.000171493
14.63 0.000147887
14.64 0.000122997
14.65 9.68015e-05
14.66 6.94703e-05
14.67 4.1479e-05
14.68 1.36057e-05
14.69 -1.33267e-05
14.7 -3.88388e-05
14.71 -6.30232e-05
14.72 -8.64676e-05
14.73 -0.000110017
14.74 -0.000134644
14.75 -0.000161488
14.76 -0.000191742
14.77 -0.000226127
14.78 -0.000264332
14.79 -0.000304993
14.8 -0.000346251
14.81 -0.000386356
14.82 -0.000424062
14.83 -0.000458863
14.84 -0.000491107
14.85 -0.000521819
14.86 -0.000552195
14.87 -0.000582967
14.88 -0.000613939
14.89 -0.000643929
14.9 -0.000671094
14.91 -0.00069349
14.92 -0.000709676
14.93 -0.000719153
14.94 -0.000722414
14.95 -0.000720598
14.96 -0.000714984
14.97 -0.000706627
14.98 -0.000696289
14.99 -0.000684588
15 -0.000672138
15.01 -0.000659525
15.02 -0.000647172
15.03 -0.000635242
15.04 -0.000623709
15.05 -0.000612607
15.06 -0.000602248
15.07 -0.000593181
15.08 -0.000585888
15.09 -0.000580516
15.1 -0.000576836
15.11 -0.000574463
15.12 -0.000573105
15.13 -0.000572642
15.14 -0.000573038
15.15 -0.000574172
15.16 -0.00057566
15.17 -0.000576822
15.18 -0.00057688
15.19 -0.000575269
15.2 -0.000571811
15.21 -0.000566611
15.22 -0.000559725
15.23 -0.000550862
15.24 -0.000539368
15.25 -0.000524499
15.26 -0.000505767
15.27 -0.000483135
15.28 -0.000457003
15.29 -0.000427999
15.3 -0.000396654
15.31 -0.000363104
15.32 -0.000327024
15.33 -0.000287836
15.34 -0.000245088
15.35 -0.000198732
15.36 -0.000149165
15.37 -9.7044e-05
15.38 -4.30256e-05
15.39 1.23915e-05
15.4 6.88955e-05
15.41 0.000126297
15.42 0.000184456
15.43 0.000243245
15.44 0.000302517
15.45 0.000362054
15.46 0.00042145
15.47 0.000480009
15.48 0.000536714
15.49 0.000590339
15.5 0.000639639
15.51 0.000683569
15.52 0.000721505
15.53 0.000753377
15.54 0.000779681
15.55 0.000801324
15.56 0.000819345
15.57 0.000834527
15.58 0.000847041
15.59 0.000856335
15.6 0.000861339
15.61 0.00086086
15.62 0.000854023
15.63 0.000840603
15.64 0.000821155
15.65 0.000796881
15.66 0.000769384
15.67 0.000740356
15.68 0.000711195
15.69 0.000682687
15.7 0.000654978
15.71 0.000627842
15.72 0.000601018
15.73 0.000574367
15.74 0.000547822
15.75 0.000521259
15.76 0.000494417
15.77 0.000466927
15.78 0.000438368
15.79 0.00040832
15.8 0.000376426
15.81 0.000342458
15.82 0.000306302
15.83 0.000267858
15.84 0.000226965
15.85 0.000183489
15.86 0.00013754
15.87 8.96113e-05
15.88 4.04909e-05
15.89 -9.05112e-06
15.9 -5.85894e-05
15.91 -0.000108165
15.92 -0.000158135
15.93 -0.000208881
15.94 -0.000260597
15.95 -0.000313254
15.96 -0.000366679
15.97 -0.000420615
15.98 -0.000474705
15.99 -0.000528434
16 -0.000581101
16.01 -0.000631876
16.02 -0.000679933
16.03 -0.00072465
16.04 -0.000765745
16.05 -0.000803267
16.06 -0.000837374
16.07 -0.000868033
16.08 -0.000894838
16.09 -0.000917076
16.1 -0.000934039
16.11 -0.00094538
16.12 -0.000951298
16.13 -0.000952447
16.14 -0.000949634
16.15 -0.000943472
16.16 -0.000934119
16.17 -0.000921247
16.18 -0.000904307
16.19 -0.000882905
16.2 -0.000856999
16.21 -0.000826775
16.22 -0.000792412
16.23 -0.000754039
16.24 -0.000711893
16.25 -0.000666426
16.26 -0.000618188
16.27 -0.000567572
16.28 -0.000514664
16.29 -0.000459362
16.3 -0.000401714
16.31 -0.000342183
16.32 -0.000281583
16.33 -0.000220758
16.34 -0.000160297
16.35 -0.000100477
16.36 -4.13739e-05
16.37 1.70172e-05
16.38 7.47202e-05
16.39 0.000131731
16.4 0.000187908
16.41 0.000242855
16.42 0.000295964
16.43 0.000346635
16.44 0.000394453
16.45 0.000439137
16.46 0.000480397
16.47 0.000517931
16.48 0.000551551
16.49 0.000581304
16.5 0.000607497
16.51 0.000630644
16.52 0.000651389
16.53 0.000670417
16.54 0.000688385
16.55 0.000705905
16.56 0.000723575
16.57 0.000742018
16.58 0.000761829
16.59 0.000783444
16.6 0.000807007
16.61 0.000832342
16.62 0.000859082
16.63 0.000886867
16.64 0.000915414
16.65 0.00094437
16.66 0.000973074
16.67 0.00100047
16.68 0.00102532
16.69 0.00104648
16.7 0.00106323
16.71 0.00107531
16.72 0.00108281
16.73 0.00108618
16.74 0.00108624
16.75 0.00108407
16.76 0.0010808
16.77 0.00107729
16.78 0.00107413
16.79 0.00107162
16.8 0.00106983
16.81 0.0010686
16.82 0.00106769
16.83 0.00106692
16.84 0.00106628
16.85 0.00106586
16.86 0.00106565
16.87 0.00106549
16.88 0.0010651
16.89 0.00106419
16.9 0.0010626
16.91 0.00106011
16.92 0.0010563
16.93 0.00105051
16.94 0.00104193
16.95 0.0010298
16.96 0.00101355
16.97 0.00099288
16.98 0.000967783
16.99 0.000938383
17 0.000904789
17.01 0.000867002
17.02 0.000824892
17.03 0.000778198
17.04 0.000726554
17.05 0.000669561
17.06 0.0006069
17.07 0.000538424
17.08 0.000464208
17.09 0.000384542
17.1 0.000299873
17.11 0.000210696
17.12 0.000117391
17.13 2.01016e-05
17.14 -8.12612e-05
17.15 -0.000186812
17.16 -0.000296333
17.17 -0.000408941
17.18 -0.000522995
17.19 -0.000636235
17.2 -0.000746068
17.21 -0.000849964
17.22 -0.000945927
17.23 -0.00103295
17.24 -0.0011113
17.25 -0.00118233
17.26 -0.00124779
17.27 -0.00130877
17.28 -0.00136501
17.29 -0.00141522
17.3 -0.00145795
17.31 -0.00149265
17.32 -0.00151995
17.33 -0.00154123
17.34 -0.00155789
17.35 -0.00157085
17.36 -0.00158058
17.37 -0.00158742
17.38 -0.00159177
17.39 -0.00159394
17.4 -0.00159402
17.41 -0.00159181
17.42 -0.0015869
17.43 -0.00157876
17.44 -0.00156673
17.45 -0.00155013
17.46 -0.0015285
17.47 -0.00150171
17.48 -0.00147004
17.49 -0.0014339
17.5 -0.00139361
17.51 -0.00134919
17.52 -0.00130061
17.53 -0.00124801
17.54 -0.00119178
17.55 -0.0011323
17.56 -0.00106959
17.57 -0.00100335
17.58 -0.000933279
17.59 -0.000859427
17.6 -0.000782337
17.61 -0.000702878
17.62 -0.000621941
17.63 -0.000540207
17.64 -0.000458046
17.65 -0.000375538
17.66 -0.000292546
17.67 -0.000208779
17.68 -0.000123799
17.69 -3.7019e-05
17.7 5.21799e-05
17.71 0.000144177
17.72 0.00023886
17.73 0.000335559
17.74 0.000433152
17.75 0.000530155
17.76 0.000624772
17.77 0.000714961
17.78 0.000798729
17.79 0.000874662
17.8 0.000942442
17.81 0.00100292
17.82 0.00105757
17.83 0.00110759
17.84 0.00115338
17.85 0.00119445
17.86 0.00122998
17.87 0.00125944
17.88 0.00128293
17.89 0.00130114
17.9 0.00131484
17.91 0.00132453
17.92 0.00133037
17.93 0.00133237
17.94 0.00133053
17.95 0.00132478
17.96 0.0013148
17.97 0.00130001
17.98 0.0012797
17.99 0.00125323
18 0.00122031
18.01 0.00118117
18.02 0.00113665
18.03 0.00108792
18.04 0.0010362
18.05 0.00098259
18.06 0.000928105
18.07 0.000873716
18.08 0.000820219
18.09 0.00076794
18.1 0.000716568
18.11 0.000665336
18.12 0.000613483
18.13 0.000560688
18.14 0.000507193
18.15 0.000453565
18.16 0.000400323
18.17 0.000347727
18.18 0.000295832
18.19 0.000244642
18.2 0.000194179
18.21 0.000144399
18.22 9.50632e-05
18.23 4.56994e-05
18.24 -4.27087e-06
18.25 -5.52852e-05
18.26 -0.000107359
18.27 -0.000159913
18.28 -0.000211889
18.29 -0.000262204
18.3 -0.00031025
18.31 -0.000356095
18.32 -0.000400253
18.33 -0.000443267
18.34 -0.000485446
18.35 -0.00052692
18.36 -0.000567872
18.37 -0.000608639
18.38 -0.000649579
18.39 -0.000690844
18.4 -0.000732293
18.41 -0.000773617
18.42 -0.000814503
18.43 -0.000854632
18.44 -0.000893474
18.45 -0.000930151
18.46 -0.000963598
18.47 -0.00099298
18.48 -0.00101808
18.49 -0.00103936
18.5 -0.00105764
18.51 -0.00107365
18.52 -0.00108767
18.53 -0.00109954
18.54 -0.0011088
18.55 -0.00111503
18.56 -0.00111785
18.57 -0.00111695
18.58 -0.00111187
18.59 -0.00110206
18.6 -0.00108718
18.61 -0.00106724
18.62 -0.00104264
18.63 -0.00101388
18.64 -0.000981356
18.65 -0.00094533
18.66 -0.00090603
18.67 -0.000863785
18.68 -0.000818968
18.69 -0.000771862
18.7 -0.000722573
18.71 -0.000671064
18.72 -0.000617191
18.73 -0.000560662
18.74 -0.000500967
18.75 -0.00043743
18.76 -0.000369482
18.77 -0.00029709
18.78 -0.000220943
18.79 -0.000142164
18.8 -6.17134e-05
18.81 1.99911e-05
18.82 0.000102941
18.83 0.000187067
18.84 0.000271883
18.85 0.000356484
18.86 0.000439799
18.87 0.000520812
18.88 0.00059861
18.89 0.000672354
18.9 0.000741363
18.91 0.000805369
18.92 0.000864707
18.93 0.000920174
18.94 0.000972512
18.95 0.00102182
18.96 0.00106737
18.97 0.00110801
18.98 0.00114279
18.99 0.00117138
19 0.00119404
19.01 0.00121116
19.02 0.00122285
19.03 0.00122889
19.04 0.00122901
19.05 0.0012231
19.06 0.00121133
19.07 0.00119398
19.08 0.00117132
19.09 0.00114357
19.1 0.00111102
19.11 0.00107414
19.12 0.0010336
19.13 0.00099014
19.14 0.000944353
19.15 0.000896523
19.16 0.00084666
19.17 0.000794663
19.18 0.000740442
19.19 0.000683893
19.2 0.00062479
19.21 0.000562776
19.22 0.000497529
19.23 0.000429003
19.24 0.000357589
19.25 0.000284096
19.26 0.000209538
19.27 0.000134818
19.28 6.04622e-05
19.29 -1.34054e-05
19.3 -8.68389e-05
19.31 -0.0001598
19.32 -0.000232035
19.33 -0.0003031
19.34 -0.000372431
19.35 -0.000439409
19.36 -0.000503424
19.37 -0.000563908
19.38 -0.000620361
19.39 -0.000672402
19.4 -0.000719919
19.41 -0.000763235
19.42 -0.000803156
19.43 -0.000840753
19.44 -0.000876983
19.45 -0.000912402
19.46 -0.000947132
19.47 -0.000981068
19.48 -0.00101412
19.49 -0.00104625
19.5 -0.00107735
19.51 -0.00110714
19.52 -0.0011352
19.53 -0.00116111
19.54 -0.00118453
19.55 -0.00120505
19.56 -0.00122215
19.57 -0.00123506
19.58 -0.00124282
19.59 -0.00124456
19.6 -0.0012399
19.61 -0.00122913
19.62 -0.00121312
19.63 -0.00119281
19.64 -0.00116887
19.65 -0.00114148
19.66 -0.00111047
19.67 -0.0010755
19.68 -0.00103624
19.69 -0.000992545
19.7 -0.000944403
19.71 -0.000891804
19.72 -0.000834746
19.73 -0.000773447
19.74 -0.000708585
19.75 -0.000641217
19.76 -0.000572382
19.77 -0.000502738
19.78 -0.000432493
19.79 -0.000361615
19.8 -0.000290078
19.81 -0.000217972
19.82 -0.000145469
19.83 -7.27877e-05
19.84 -2.84742e-07
19.85 7.14326e-05
19.86 0.00014152
19.87 0.00020908
19.88 0.000273371
19.89 0.000333871
19.9 0.000390211
19.91 0.000442068
19.92 0.000489091
19.93 0.000530886
19.94 0.00056705
19.95 0.000597274
19.96 0.000621512
19.97 0.000640084
19.98 0.000653522
19.99 0.000662231
20 0.000666316
20.01 0.000665786
20.02 0.000660944
20.03 0.000652562
20.04 0.000641736
20.05 0.000629624
20.06 0.00061724
20.07 0.000605277
20.08 0.000593995
20.09 0.000583253
20.1 0.000572675
20.11 0.000561839
20.12 0.000550408
20.13 0.000538178
20.14 0.000525062
20.15 0.000511057
20.16 0.000496228
20.17 0.000480734
20.18 0.000464836
20.19 0.000448791
20.2 0.000432654
20.21 0.000416113
20.22 0.000398535
20.23 0.000379218
20.24 0.000357653
20.25 0.000333636
20.26 0.000307229
20.27 0.000278744
20.28 0.000248758
20.29 0.000218053
20.3 0.000187364
20.31 0.000157074
20.32 0.000127156
20.33 9.74167e-05
20.34 6.7764e-05
20.35 3.82058e-05
20.36 8.62413e-06
20.37 -2.13791e-05
20.38 -5.23098e-05
20.39 -8.43717e-05
20.4 -0.00011718
20.41 -0.000149855
20.42 -0.000181445
20.43 -0.00021136
20.44 -0.000239513
20.45 -0.000266125
20.46 -0.000291367
20.47 -0.000315056
20.48 -0.000336623
20.49 -0.000355374
20.5 -0.000370823
20.51 -0.000382781
20.52 -0.000391135
20.53 -0.00039558
20.54 -0.000395641
20.55 -0.000390993
20.56 -0.000381742
20.57 -0.000368357
20.58 -0.000351329
20.59 -0.000330895
20.6 -0.000307035
20.61 -0.000279655
20.62 -0.000248708
20.63 -0.000214217
20.64 -0.000176336
20.65 -0.000135435
20.66 -9.20718e-05
20.67 -4.68011e-05
20.68 2.85138e-08
20.69 4.8349e-05
20.7 9.82578e-05
20.71 0.000149769
20.72 0.000202594
20.73 0.000256091
20.74 0.000309353
20.75 0.000361386
20.76 0.000411286
20.77 0.000458373
20.78 0.000502207
20.79 0.00054249
20.8 0.000578984
20.81 0.000611555
20.82 0.000640296
20.83 0.000665527
20.84 0.000687618
20.85 0.000706782
20.86 0.000723039
20.87 0.000736306
20.88 0.000746436
20.89 0.000753163
20.9 0.00075612
20.91 0.000754991
20.92 0.000749692
20.93 0.000740443
20.94 0.000727682
20.95 0.000711856
20.96 0.000693228
20.97 0.000671882
20.98 0.000647929
20.99 0.000621738
21 0.000593954
21.01 0.000565212
21.02 0.000535763
21.03 0.000505359
21.04 0.000473547
21.05 0.00044012
21.06 0.000405349
21.07 0.000369828
21.08 0.000334108
21.09 0.000298438
21.1 0.000262738
21.11 0.000226707
21.12 0.000189978
21.13 0.000152321
21.14 0.000113798
21.15 7.47225e-05
21.16 3.54818e-05
21.17 -3.58824e-06
21.18 -4.22105e-05
21.19 -8.0186e-05
21.2 -0.000117484
21.21 -0.000154286
21.22 -0.000190886
21.23 -0.000227544
21.24 -0.00026438
21.25 -0.000301325
21.26 -0.000338036
21.27 -0.000373863
21.28 -0.000408038
21.29 -0.00043997
21.3 -0.000469376
21.31 -0.0004962
21.32 -0.000520479
21.33 -0.000542247
21.34 -0.00056141
21.35 -0.000577632
21.36 -0.000590348
21.37 -0.000598999
21.38 -0.000603314
21.39 -0.000603449
21.4 -0.00059994
21.41 -0.000593517
21.42 -0.00058487
21.43 -0.000574411
21.44 -0.000562124
21.45 -0.000547611
21.46 -0.000530327
21.47 -0.00050984
21.48 -0.000485931
21.49 -0.000458525
21.5 -0.000427676
21.51 -0.000393689
21.52 -0.000357206
21.53 -0.000319064
21.54 -0.000280003
21.55 -0.000240462
21.56 -0.00020057
21.57 -0.000160313
21.58 -0.000119762
21.59 -7.92365e-05
21.6 -3.92968e-05
21.61 -5.92486e-07
21.62 3.63108e-05
21.63 7.10626e-05
21.64 0.000103549
21.65 0.00013377
21.66 0.000161683
21.67 0.000187182
21.68 0.000210161
21.69 0.000230525
21.7 0.000248191
21.71 0.000263161
21.72 0.000275613
21.73 0.000285817
21.74 0.000293913
21.75 0.000299832
21.76 0.000303425
21.77 0.000304669
21.78 0.000303699
21.79 0.000300636
21.8 0.000295417
21.81 0.000287857
21.82 0.000277889
21.83 0.000265698
21.84 0.000251608
21.85 0.000235852
21.86 0.000218449
21.87 0.000199275
21.88 0.000178249
21.89 0.000155484
21.9 0.000131324
21.91 0.000106232
21.92 8.05556e-05
21.93 5.43552e-05
21.94 2.74868e-05
21.95 -1.20222e-07
21.96 -2.82317e-05
21.97 -5.63345e-05
21.98 -8.3929e-05
21.99 -0.000110849
22 -0.0001373
22.01 -0.000163562
22.02 -0.000189626
22.03 -0.000215138
22.04 -0.000239685
22.05 -0.000263128
22.06 -0.000285624
22.07 -0.000307338
22.08 -0.000328155
22.09 -0.000347642
22.1 -0.000365246
22.11 -0.000380571
22.12 -0.000393551
22.13 -0.000404385
22.14 -0.000413303
22.15 -0.000420417
22.16 -0.000425792
22.17 -0.000429622
22.18 -0.000432296
22.19 -0.000434291
22.2 -0.000435944
22.21 -0.000437281
22.22 -0.000438
22.23 -0.000437631
22.24 -0.000435746
22.25 -0.00043211
22.26 -0.000426683
22.27 -0.000419474
22.28 -0.000410391
22.29 -0.000399208
22.3 -0.000385682
22.31 -0.000369733
22.32 -0.000351494
22.33 -0.000331209
22.34 -0.000309061
22.35 -0.000285104
22.36 -0.000259291
22.37 -0.000231505
22.38 -0.000201576
22.39 -0.000169321
22.4 -0.000134673
22.41 -9.78313e-05
22.42 -5.92924e-05
22.43 -1.97119e-05
22.44 2.02897e-05
22.45 6.02623e-05
22.46 9.99488e-05
22.47 0.000139204
22.48 0.000177845
22.49 0.000215504
22.5 0.000251605
22.51 0.000285495
22.52 0.000316611
22.53 0.000344556
22.54 0.000369088
22.55 0.000390141
22.56 0.00040787
22.57 0.000422666
22.58 0.000435022
22.59 0.000445338
22.6 0.000453768
22.61 0.000460169
22.62 0.000464162
22.63 0.000465251
22.64 0.000462965
22.65 0.000457021
22.66 0.000447481
22.67 0.000434767
22.68 0.000419473
22.69 0.000402093
22.7 0.000382923
22.71 0.00036216
22.72 0.000340023
22.73 0.000316773
22.74 0.000292639
22.75 0.0002677
22.76 0.000241823
22.77 0.000214741
22.78 0.000186231
22.79 0.000156294
22.8 0.00012521
22.81 9.34395e-05
22.82 6.14652e-05
22.83 2.96532e-05
22.84 -1.77846e-06
22.85 -3.26667e-05
22.86 -6.27382e-05
22.87 -9.14912e-05
22.88 -0.000118213
22.89 -0.000142133
22.9 -0.000162628
22.91 -0.000179358
22.92 -0.000192307
22.93 -0.000201702
22.94 -0.000207892
22.95 -0.000211239
22.96 -0.000212076
22.97 -0.000210715
22.98 -0.000207465
22.99 -0.000202579
23 -0.000196177
23.01 -0.000188207
23.02 -0.000178506
23.03 -0.000166891
23.04 -0.000153247
23.05 -0.000137644
23.06 -0.000120415
23.07 -0.000102108
23.08 -8.33268e-05
23.09 -6.4629e-05
23.1 -4.65402e-05
23.11 -2.94843e-05
23.12 -1.35831e-05
23.13 1.38287e-06
23.14 1.56805e-05
23.15 2.92814e-05
23.16 4.18353e-05
23.17 5.29591e-05
23.18 6.25539e-05
23.19 7.09009e-05
23.2 7.84815e-05
23.21 8.56656e-05
23.22 9.2504e-05
23.23 9.87915e-05
23.24 0.00010435
23.25 0.000109273
23.26 0.0001139
23.27 0.000118573
23.28 0.000123405
23.29 0.000128267
23.3 0.000132997
23.31 0.000137644
23.32 0.000142521
23.33 0.000147999
23.34 0.000154237
23.35 0.000161112
23.36 0.000168352
23.37 0.000175713
23.38 0.000183062
23.39 0.000190344
23.4 0.000197506
23.41 0.00020443
23.42 0.000210884
23.43 0.000216574
23.44 0.000221317
23.45 0.000225178
23.46 0.000228407
23.47 0.000231215
23.48 0.000233608
23.49 0.000235414
23.5 0.000236428
23.51 0.000236533
23.52 0.000235728
23.53 0.000234103
23.54 0.000231775
23.55 0.000228843
23.56 0.00022537
23.57 0.000221428
23.58 0.000217176
23.59 0.000212922
23.6 0.000209036
23.61 0.000205793
23.62 0.000203313
23.63 0.000201645
23.64 0.000200887
23.65 0.000201256
23.66 0.000203051
23.67 0.000206486
23.68 0.000211487
23.69 0.000217689
23.7 0.000224727
23.71 0.000232546
23.72 0.000241446
23.73 0.000251807
23.74 0.000263788
23.75 0.000277307
23.76 0.000292259
23.77 0.000308699
23.78 0.000326775
23.79 0.000346481
23.8 0.000367457
23.81 0.00038898
23.82 0.000410152
23.83 0.000430122
23.84 0.000448201
23.85 0.000463862
23.86 0.000476708
23.87 0.000486465
23.88 0.000492957
23.89 0.000496083
23.9 0.000495825
23.91 0.000492284
23.92 0.000485729
23.93 0.000476576
23.94 0.00046526
23.95 0.000452085
23.96 0.000437186
23.97 0.000420575
23.98 0.000402151
23.99 0.000381747
24 0.000359307
24.01 0.000335042
24.02 0.000309354
24.03 0.000282578
24.04 0.000254791
24.05 0.000225838
24.06 0.000195474
24.07 0.000163468
24.08 0.000129654
24.09 9.39372e-05
24.1 5.62914e-05
24.11 1.67873e-05
24.12 -2.43714e-05
24.13 -6.68768e-05
24.14 -0.00011045
24.15 -0.000155001
24.16 -0.000200641
24.17 -0.000247474
24.18 -0.00029535
24.19 -0.000343832
24.2 -0.000392375
24.21 -0.000440519
24.22 -0.000487978
24.23 -0.000534559
24.24 -0.000579993
24.25 -0.000623831
24.26 -0.000665494
24.27 -0.000704392
24.28 -0.000740046
24.29 -0.000772171
24.3 -0.00080066
24.31 -0.000825468
24.32 -0.000846435
24.33 -0.000863236
24.34 -0.000875594
24.35 -0.000883612
24.36 -0.000887876
24.37 -0.00088918
24.38 -0.000888122
24.39 -0.000884906
24.4 -0.000879442
24.41 -0.000871528
24.42 -0.000860973
24.43 -0.000847715
24.44 -0.000831946
24.45 -0.000814124
24.46 -0.000794794
24.47 -0.000774357
24.48 -0.000752995
24.49 -0.000730784
24.5 -0.000707838
24.51 -0.000684326
24.52 -0.000660392
24.53 -0.000636081
24.54 -0.000611362
24.55 -0.000586173
24.56 -0.00056046
24.57 -0.000534188
24.58 -0.000507361
24.59 -0.000480018
24.6 -0.000452236
24.61 -0.000424136
24.62 -0.000395867
24.63 -0.000367579
24.64 -0.000339415
24.65 -0.000311522
24.66 -0.000284012
24.67 -0.000256921
24.68 -0.000230225
24.69 -0.000203903
24.7 -0.000177965
24.71 -0.000152448
24.72 -0.000127434
24.73 -0.000103106
24.74 -7.97616e-05
24.75 -5.76978e-05
24.76 -3.70502e-05
24.77 -1.77283e-05
24.78 4.91439e-07
24.79 1.77805e-05
24.8 3.41219e-05
24.81 4.9331e-05
24.82 6.321e-05
24.83 7.56958e-05
24.84 8.69036e-05
24.85 9.70742e-05
24.86 0.000106466
24.87 0.000115254
24.88 0.00012351
24.89 0.000131242
24.9 0.000138416
24.91 0.000144947
24.92 0.000150658
24.93 0.000155264
24.94 0.000158418
24.95 0.000159807
24.96 0.000159227
24.97 0.000156607
24.98 0.000151997
24.99 0.000145557
25 0.000137511
25.01 0.000128095
25.02 0.000117547
25.03 0.000106072
25.04 9.38022e-05
25.05 8.08055e-05
25.06 6.71446e-05
25.07 5.28622e-05
25.08 3.78741e-05
25.09 2.19558e-05
25.1 4.94188e-06
25.11 -1.30272e-05
25.12 -3.14559e-05
25.13 -4.96879e-05
25.14 -6.71662e-05
25.15 -8.35522e-05
25.16 -9.86502e-05
25.17 -0.000112239
25.18 -0.000123961
25.19 -0.000133378
25.2 -0.000140136
25.21 -0.000144081
25.22 -0.000145215
25.23 -0.000143594
25.24 -0.000139247
25.25 -0.000132167
25.26 -0.000122349
25.27 -0.000109813
25.28 -9.4646e-05
25.29 -7.70425e-05
25.3 -5.72489e-05
25.31 -3.54254e-05
25.32 -1.15705e-05
25.33 1.43869e-05
25.34 4.24119e-05
25.35 7.22761e-05
25.36 0.000103647
25.37 0.000136266
25.38 0.000170033
25.39 0.000204925
25.4 0.000240805
25.41 0.000277309
25.42 0.000313894
25.43 0.000350029
25.44 0.000385374
25.45 0.00041985
25.46 0.000453567
25.47 0.000486641
25.48 0.000519051
25.49 0.000550652
25.5 0.000581293
25.51 0.000610907
25.52 0.000639487
25.53 0.000666975
25.54 0.000693215
25.55 0.000718032
25.56 0.000741328
25.57 0.000763056
25.58 0.000783123
25.59 0.000801365
25.6 0.00081765
25.61 0.000832001
25.62 0.000844593
25.63 0.000855599
25.64 0.000865056
25.65 0.000872873
25.66 0.000878948
25.67 0.000883218
25.68 0.00088559
25.69 0.00088591
25.7 0.00088401
25.71 0.000879784
25.72 0.000873241
25.73 0.000864475
25.74 0.000853578
25.75 0.000840632
25.76 0.000825801
25.77 0.000809359
25.78 0.000791551
25.79 0.000772441
25.8 0.000751891
25.81 0.000729668
25.82 0.00070556
25.83 0.000679458
25.84 0.000651312
25.85 0.00062101
25.86 0.000588291
25.87 0.000552799
25.88 0.000514245
25.89 0.000472515
25.9 0.000427664
25.91 0.000379848
25.92 0.000329267
25.93 0.000276149
25.94 0.000220753
25.95 0.000163365
25.96 0.000104313
25.97 4.39685e-05
25.98 -1.72672e-05
25.99 -7.90179e-05
26 -0.000140992
26.01 -0.000203001
26.02 -0.000264877
26.03 -0.000326328
26.04 -0.000386853
26.05 -0.000445792
26.06 -0.00050249
26.07 -0.00055643
26.08 -0.000607271
26.09 -0.000654812
26.1 -0.000698953
26.11 -0.000739684
26.12 -0.000777112
26.13 -0.000811495
26.14 -0.000843223
26.15 -0.000872692
26.16 -0.0009001
26.17 -0.000925337
26.18 -0.000948077
26.19 -0.000968021
26.2 -0.00098507
26.21 -0.00099933
26.22 -0.00101097
26.23 -0.00102008
26.24 -0.00102657
26.25 -0.00103031
26.26 -0.00103124
26.27 -0.00102939
26.28 -0.00102484
26.29 -0.00101774
26.3 -0.00100834
26.31 -0.000996918
26.32 -0.000983718
26.33 -0.000968883
26.34 -0.000952418
26.35 -0.000934185
26.36 -0.000913999
26.37 -0.000891787
26.38 -0.000867641
26.39 -0.000841718
26.4 -0.000814083
26.41 -0.000784674
26.42 -0.000753429
26.43 -0.000720427
26.44 -0.000685884
26.45 -0.000650014
26.46 -0.000612909
26.47 -0.000574531
26.48 -0.000534801
26.49 -0.000493668
26.5 -0.000451139
26.51 -0.000407262
26.52 -0.000362074
26.53 -0.000315527
26.54 -0.000267495
26.55 -0.000217844
26.56 -0.000166518
26.57 -0.000113567
26.58 -5.9139e-05
26.59 -3.44104e-06
26.6 5.33106e-05
26.61 0.000110938
26.62 0.000169292
26.63 0.000228196
26.64 0.000287381
26.65 0.000346471
26.66 0.000405016
26.67 0.000462521
26.68 0.00051846
26.69 0.000572303
26.7 0.000623594
26.71 0.000671986
26.72 0.000717179
26.73 0.000758818
26.74 0.000796511
26.75 0.000829977
26.76 0.000859131
26.77 0.000884027
26.78 0.000904714
26.79 0.000921174
26.8 0.000933348
26.81 0.000941218
26.82 0.00094488
26.83 0.000944556
26.84 0.000940526
26.85 0.000932971
26.86 0.000921866
26.87 0.000907028
26.88 0.000888293
26.89 0.000865708
26.9 0.000839549
26.91 0.000810183
26.92 0.000777873
26.93 0.000742726
26.94 0.000704802
26.95 0.000664243
26.96 0.00062126
26.97 0.000575971
26.98 0.000528271
26.99 0.000477901
27 0.000424645
27.01 0.000368468
27.02 0.000309539
27.03 0.00024819
27.04 0.000184873
27.05 0.000120085
27.06 5.42417e-05
27.07 -1.23802e-05
27.08 -7.956e-05
27.09 -0.000146965
27.1 -0.000214063
27.11 -0.000280214
27.12 -0.000344811
27.13 -0.000407293
27.14 -0.000467021
27.15 -0.000523245
27.16 -0.000575221
27.17 -0.000622351
27.18 -0.000664266
27.19 -0.000700846
27.2 -0.000732149
27.21 -0.00075829
27.22 -0.000779395
27.23 -0.000795623
27.24 -0.000807138
27.25 -0.000814006
27.26 -0.000816172
27.27 -0.000813616
27.28 -0.000806591
27.29 -0.000795673
27.3 -0.000781524
27.31 -0.000764561
27.32 -0.000744814
27.33 -0.00072209
27.34 -0.000696284
27.35 -0.000667583
27.36 -0.000636413
27.37 -0.000603203
27.38 -0.000568184
27.39 -0.000531364
27.4 -0.000492634
27.41 -0.00045194
27.42 -0.000409437
27.43 -0.000365525
27.44 -0.0003207
27.45 -0.000275358
27.46 -0.000229685
27.47 -0.000183717
27.48 -0.000137463
27.49 -9.10039e-05
27.5 -4.45123e-05
27.51 1.77752e-06
27.52 4.76019e-05
27.53 9.26878e-05
27.54 0.000136768
27.55 0.000179625
27.56 0.000221143
27.57 0.000261296
27.58 0.000300036
27.59 0.000337206
27.6 0.000372595
27.61 0.000406064
27.62 0.000437589
27.63 0.000467188
27.64 0.000494843
27.65 0.000520488
27.66 0.000544019
27.67 0.000565273
27.68 0.000583987
27.69 0.00059983
27.7 0.000612519
27.71 0.000621898
27.72 0.000627933
27.73 0.000630656
27.74 0.000630151
27.75 0.000626567
27.76 0.000620118
27.77 0.000611018
27.78 0.000599437
27.79 0.000585528
27.8 0.000569461
27.81 0.000551454
27.82 0.000531743
27.83 0.000510503
27.84 0.00048778
27.85 0.000463524
27.86 0.000437689
27.87 0.000410283
27.88 0.000381342
27.89 0.000350931
27.9 0.000319214
27.91 0.000286506
27.92 0.000253214
27.93 0.000219686
27.94 0.000186073
27.95 0.000152317
27.96 0.000118283
27.97 8.39154e-05
27.98 4.93116e-05
27.99 1.46525e-05
28 -1.99092e-05
28.01 -5.42902e-05
28.02 -8.84246e-05
28.03 -0.000122179
28.04 -0.00015532
28.05 -0.000187579
28.06 -0.000218763
28.07 -0.000248831
28.08 -0.000277888
28.09 -0.00030611
28.1 -0.000333609
28.11 -0.00036032
28.12 -0.000386011
28.13 -0.000410399
28.14 -0.000433245
28.15 -0.000454378
28.16 -0.000473691
28.17 -0.000491138
28.18 -0.000506687
28.19 -0.000520294
28.2 -0.000531936
28.21 -0.000541662
28.22 -0.0005496
28.23 -0.000555884
28.24 -0.000560547
28.25 -0.000563474
28.26 -0.000564465
28.27 -0.000563349
28.28 -0.000560084
28.29 -0.000554763
28.3 -0.000547517
28.31 -0.00053842
28.32 -0.000527458
28.33 -0.000514596
28.34 -0.000499867
28.35 -0.000483409
28.36 -0.000465397
28.37 -0.000445956
28.38 -0.000425113
28.39 -0.000402804
28.4 -0.000378942
28.41 -0.000353491
28.42 -0.000326482
28.43 -0.000297957
28.44 -0.000267905
28.45 -0.000236277
28.46 -0.000203057
28.47 -0.000168315
28.48 -0.000132202
28.49 -9.49076e-05
28.5 -5.665e-05
28.51 -1.76671e-05
28.52 2.17972e-05
28.53 6.15285e-05
28.54 0.000101357
28.55 0.000141137
28.56 0.000180721
28.57 0.000219952
28.58 0.000258629
28.59 0.000296472
28.6 0.000333134
28.61 0.000368274
28.62 0.000401601
28.63 0.000432855
28.64 0.000461788
28.65 0.000488183
28.66 0.000511913
28.67 0.000532977
28.68 0.000551472
28.69 0.000567512
28.7 0.000581153
28.71 0.000592386
28.72 0.000601196
28.73 0.000607596
28.74 0.000611626
28.75 0.000613327
28.76 0.000612736
28.77 0.00060991
28.78 0.000604933
28.79 0.000597904
28.8 0.000588905
28.81 0.000577994
28.82 0.000565214
28.83 0.00055062
28.84 0.000534284
28.85 0.000516276
28.86 0.00049665
28.87 0.000475452
28.88 0.000452738
28.89 0.000428567
28.9 0.000402996
28.91 0.000376099
28.92 0.00034799
28.93 0.000318823
28.94 0.000288755
28.95 0.000257886
28.96 0.000226254
28.97 0.000193869
28.98 0.000160773
28.99 0.000127046
29 9.27964e-05
29.01 5.81304e-05
29.02 2.31533e-05
29.03 -1.20264e-05
29.04 -4.72887e-05
29.05 -8.24991e-05
29.06 -0.000117508
29.07 -0.000152153
29.08 -0.000186272
29.09 -0.000219706
29.1 -0.000252302
29.11 -0.00028392
29.12 -0.000314423
29.13 -0.000343687
29.14 -0.000371601
29.15 -0.000398067
29.16 -0.000422996
29.17 -0.000446306
29.18 -0.000467921
29.19 -0.000487771
29.2 -0.000505796
29.21 -0.00052195
29.22 -0.0005362
29.23 -0.000548521
29.24 -0.00055889
29.25 -0.000567292
29.26 -0.000573721
29.27 -0.000578184
29.28 -0.00058069
29.29 -0.000581252
29.3 -0.000579881
29.31 -0.000576588
29.32 -0.00057139
29.33 -0.000564308
29.34 -0.000555369
29.35 -0.000544608
29.36 -0.000532066
29.37 -0.000517788
29.38 -0.000501824
29.39 -0.000484226
29.4 -0.000465053
29.41 -0.000444373
29.42 -0.000422255
29.43 -0.000398772
29.44 -0.000373992
29.45 -0.000347983
29.46 -0.000320815
29.47 -0.000292561
29.48 -0.000263299
29.49 -0.000233113
29.5 -0.000202087
29.51 -0.000170308
29.52 -0.000137867
29.53 -0.000104869
29.54 -7.14237e-05
29.55 -3.76533e-05
29.56 -3.68445e-06
29.57 3.03517e-05
29.58 6.43201e-05
29.59 9.80798e-05
29.6 0.000131483
29.61 0.000164378
29.62 0.000196611
29.63 0.000228031
29.64 0.000258495
29.65 0.000287867
29.66 0.000316026
29.67 0.00034286
29.68 0.000368277
29.69 0.000392199
29.7 0.000414564
29.71 0.000435324
29.72 0.00045444
29.73 0.000471879
29.74 0.000487614
29.75 0.000501618
29.76 0.00051387
29.77 0.000524348
29.78 0.000533036
29.79 0.00053992
29.8 0.00054499
29.81 0.000548241
29.82 0.000549673
29.83 0.000549293
29.84 0.000547113
29.85 0.000543154
29.86 0.000537438
29.87 0.000529998
29.88 0.000520867
29.89 0.000510085
29.9 0.000497694
29.91 0.00048374
29.92 0.000468271
29.93 0.000451339
29.94 0.000432996
29.95 0.000413298
29.96 0.000392305
29.97 0.000370078
29.98 0.000346684
29.99 0.000322197
30 0.0002967
30.01 0.000270277
30.02 0.000243005
30.03 0.000214959
30.04 0.000186215
30.05 0.000156856
30.06 0.000126979
30.07 9.66839e-05
30.08 6.60707e-05
30.09 3.5241e-05
30.1 4.30079e-06
30.11 -2.66351e-05
30.12 -5.74428e-05
30.13 -8.79927e-05
30.14 -0.000118153
30.15 -0.000147792
30.16 -0.000176781
30.17 -0.000204991
30.18 -0.000232297
30.19 -0.000258584
30.2 -0.000283744
30.21 -0.000307686
30.22 -0.000330333
30.23 -0.000351619
30.24 -0.00037149
30.25 -0.000389903
30.26 -0.000406821
30.27 -0.000422218
30.28 -0.00043607
30.29 -0.000448359
30.3 -0.000459067
30.31 -0.000468181
30.32 -0.000475688
30.33 -0.000481578
30.34 -0.000485847
30.35 -0.000488493
30.36 -0.000489517
30.37 -0.000488926
30.38 -0.000486732
30.39 -0.000482951
30.4 -0.000477603
30.41 -0.000470714
30.42 -0.000462313
30.43 -0.000452433
30.44 -0.000441112
30.45 -0.000428388
30.46 -0.000414306
30.47 -0.000398913
30.48 -0.000382258
30.49 -0.000364395
30.5 -0.00034538
30.51 -0.000325271
30.52 -0.000304131
30.53 -0.000282024
30.54 -0.000259019
30.55 -0.000235185
30.56 -0.000210595
30.57 -0.000185324
30.58 -0.000159452
30.59 -0.000133059
30.6 -0.00010623
30.61 -7.90547e-05
30.62 -5.16257e-05
30.63 -2.40401e-05
30.64 3.6008e-06
30.65 3.11915e-05
30.66 5.8623e-05
30.67 8.57838e-05
30.68 0.000112561
30.69 0.00013884
30.7 0.000164511
30.71 0.000189465
30.72 0.000213599
30.73 0.000236819
30.74 0.000259038
30.75 0.000280177
30.76 0.000300171
30.77 0.000318961
30.78 0.000336499
30.79 0.000352745
30.8 0.000367666
30.81 0.000381232
30.82 0.000393421
30.83 0.000404214
30.84 0.000413592
30.85 0.000421542
30.86 0.000428051
30.87 0.000433112
30.88 0.000436718
30.89 0.000438866
30.9 0.000439559
30.91 0.0004388
30.92 0.0004366
30.93 0.00043297
30.94 0.000427929
30.95 0.000421498
30.96 0.000413702
30.97 0.000404569
30.98 0.000394132
30.99 0.000382426
31 0.000369492
31.01 0.00035537
31.02 0.000340108
31.03 0.000323754
31.04 0.00030636
31.05 0.000287981
31.06 0.000268675
31.07 0.000248502
31.08 0.000227525
31.09 0.000205811
31.1 0.000183428
31.11 0.000160446
31.12 0.000136941
31.13 0.000112988
31.14 8.86691e-05
31.15 6.40667e-05
31.16 3.92678e-05
31.17 1.43624e-05
31.18 -1.05563e-05
31.19 -3.53925e-05
31.2 -6.00484e-05
31.21 -8.44249e-05
31.22 -0.000108423
31.23 -0.000131944
31.24 -0.000154893
31.25 -0.000177177
31.26 -0.000198709
31.27 -0.00021941
31.28 -0.000239205
31.29 -0.000258029
31.3 -0.000275823
31.31 -0.000292537
31.32 -0.000308128
31.33 -0.000322559
31.34 -0.000335798
31.35 -0.000347819
31.36 -0.000358599
31.37 -0.000368118
31.38 -0.00037636
31.39 -0.00038331
31.4 -0.000388958
31.41 -0.000393294
31.42 -0.000396314
31.43 -0.000398013
31.44 -0.000398393
31.45 -0.000397458
31.46 -0.000395215
31.47 -0.000391676
31.48 -0.000386856
31.49 -0.000380772
31.5 -0.000373449
31.51 -0.00036491
31.52 -0.000355185
31.53 -0.000344307
31.54 -0.000332312
31.55 -0.000319239
31.56 -0.00030513
31.57 -0.000290031
31.58 -0.000273991
31.59 -0.00025706
31.6 -0.000239293
31.61 -0.000220747
31.62 -0.000201481
31.63 -0.000181557
31.64 -0.00016104
31.65 -0.000139998
31.66 -0.000118499
31.67 -9.66177e-05
31.68 -7.44282e-05
31.69 -5.20091e-05
31.7 -2.94411e-05
31.71 -6.8075e-06
31.72 1.58064e-05
31.73 3.83135e-05
31.74 6.06258e-05
31.75 8.26551e-05
31.76 0.000104314
31.77 0.000125516
31.78 0.000146178
31.79 0.000166222
31.8 0.000185571
31.81 0.000204157
31.82 0.000221915
31.83 0.00023879
31.84 0.00025473
31.85 0.00026969
31.86 0.000283632
31.87 0.000296521
31.88 0.000308328
31.89 0.000319028
31.9 0.000328599
31.91 0.000337023
31.92 0.000344283
31.93 0.000350367
31.94 0.000355263
31.95 0.000358963
31.96 0.000361462
31.97 0.000362757
31.98 0.000362848
31.99 0.000361739
32 0.000359437
32.01 0.000355951
32.02 0.000351295
32.03 0.000345487
32.04 0.000338545
32.05 0.000330494
32.06 0.000321361
32.07 0.000311175
32.08 0.000299971
32.09 0.000287784
32.1 0.000274655
32.11 0.000260625
32.12 0.000245741
32.13 0.000230051
32.14 0.000213606
32.15 0.000196459
32.16 0.000178667
32.17 0.000160289
32.18 0.000141385
32.19 0.00012202
32.2 0.000102259
32.21 8.21704e-05
32.22 6.18255e-05
32.23 4.1297e-05
32.24 2.06601e-05
32.25 -8.49192e-09
32.26 -2.06305e-05
32.27 -4.1127e-05
32.28 -6.14186e-05
32.29 -8.14265e-05
32.3 -0.000101073
32.31 -0.000120282
32.32 -0.000138982
32.33 -0.000157102
32.34 -0.000174577
32.35 -0.000191348
32.36 -0.000207359
32.37 -0.000222559
32.38 -0.000236905
32.39 -0.000250355
32.4 -0.000262874
32.41 -0.000274432
32.42 -0.000285002
32.43 -0.000294559
32.44 -0.000303083
32.45 -0.000310557
32.46 -0.000316966
32.47 -0.000322296
32.48 -0.000326537
32.49 -0.000329682
32.5 -0.000331725
32.51 -0.000332664
32.52 -0.000332499
32.53 -0.000331233
32.54 -0.000328873
32.55 -0.000325427
32.56 -0.000320909
32.57 -0.000315333
32.58 -0.000308719
32.59 -0.000301088
32.6 -0.000292465
32.61 -0.00028288
32.62 -0.000272362
32.63 -0.000260947
32.64 -0.000248671
32.65 -0.000235576
32.66 -0.000221704
32.67 -0.0002071
32.68 -0.000191814
32.69 -0.000175895
32.7 -0.000159397
32.71 -0.000142376
32.72 -0.000124889
32.73 -0.000106997
32.74 -8.87614e-05
32.75 -7.0247e-05
32.76 -5.15201e-05
32.77 -3.26487e-05
32.78 -1.37024e-05
32.79 5.24792e-06
32.8 2.41307e-05
32.81 4.28739e-05
32.82 6.14061e-05
32.83 7.96564e-05
32.84 9.75555e-05
32.85 0.000115036
32.86 0.000132034
32.87 0.000148488
32.88 0.000164342
32.89 0.00017954
32.9 0.000194036
32.91 0.000207784
32.92 0.000220744
32.93 0.00023288
32.94 0.000244161
32.95 0.000254557
32.96 0.000264045
32.97 0.000272601
32.98 0.000280207
32.99 0.000286846
33 0.000292504
33.01 0.000297168
33.02 0.00030083
33.03 0.000303482
33.04 0.000305118
33.05 0.000305738
33.06 0.000305341
33.07 0.000303931
33.08 0.000301513
33.09 0.000298096
33.1 0.000293692
33.11 0.000288315
33.12 0.000281984
33.13 0.000274718
33.14 0.000266543
33.15 0.000257484
33.16 0.000247571
33.17 0.000236838
33.18 0.000225318
33.19 0.000213051
33.2 0.000200077
33.21 0.000186439
33.22 0.000172184
33.23 0.000157359
33.24 0.000142014
33.25 0.000126204
33.26 0.000109981
33.27 9.34027e-05
33.28 7.65281e-05
33.29 5.94172e-05
33.3 4.21322e-05
33.31 2.47363e-05
33.32 7.29391e-06
33.33 -1.01298e-05
33.34 -2.74693e-05
33.35 -4.46592e-05
33.36 -6.16348e-05
33.37 -7.83325e-05
33.38 -9.46901e-05
33.39 -0.000110648
33.4 -0.000126149
33.41 -0.000141138
33.42 -0.000155566
33.43 -0.000169384
33.44 -0.000182549
33.45 -0.000195022
33.46 -0.000206766
33.47 -0.000217749
33.48 -0.000227942
33.49 -0.000237318
33.5 -0.000245855
33.51 -0.000253531
33.52 -0.00026033
33.53 -0.000266235
33.54 -0.000271232
33.55 -0.000275312
33.56 -0.000278464
33.57 -0.000280682
33.58 -0.000281962
33.59 -0.000282303
33.6 -0.000281703
33.61 -0.000280168
33.62 -0.000277701
33.63 -0.000274313
33.64 -0.000270013
33.65 -0.000264817
33.66 -0.000258741
33.67 -0.000251805
33.68 -0.000244032
33.69 -0.000235447
33.7 -0.000226078
33.71 -0.000215957
33.72 -0.000205117
33.73 -0.000193595
33.74 -0.000181429
33.75 -0.00016866
33.76 -0.000155332
33.77 -0.000141491
33.78 -0.000127183
33.79 -0.000112461
33.8 -9.73734e-05
33.81 -8.19756e-05
33.82 -6.63222e-05
33.83 -5.04698e-05
33.84 -3.44763e-05
33.85 -1.84004e-05
33.86 -2.30182e-06
33.87 1.37596e-05
33.88 2.97238e-05
33.89 4.55314e-05
33.9 6.11236e-05
33.91 7.64431e-05
33.92 9.14339e-05
33.93 0.000106043
33.94 0.000120218
33.95 0.000133912
33.96 0.000147078
33.97 0.000159675
33.98 0.000171664
33.99 0.000183009
34 0.000193676
34.01 0.000203637
34.02 0.000212865
34.03 0.000221336
34.04 0.000229028
34.05 0.000235922
34.06 0.000242002
34.07 0.000247253
34.08 0.000251663
34.09 0.00025522
34.1 0.000257918
34.11 0.00025975
34.12 0.000260712
34.13 0.000260803
34.14 0.000260023
34.15 0.000258376
34.16 0.000255868
34.17 0.000252506
34.18 0.000248303
34.19 0.000243271
34.2 0.000237427
34.21 0.00023079
34.22 0.000223382
34.23 0.000215227
34.24 0.000206353
34.25 0.000196789
34.26 0.000186567
34.27 0.000175722
34.28 0.000164291
34.29 0.000152313
34.3 0.000139829
34.31 0.000126883
34.32 0.000113519
34.33 9.97856e-05
34.34 8.57309e-05
34.35 7.14053e-05
34.36 5.68605e-05
34.37 4.21493e-05
34.38 2.73257e-05
34.39 1.24442e-05
34.4 -2.44021e-06
34.41 -1.72725e-05
34.42 -3.19978e-05
34.43 -4.65619e-05
34.44 -6.09115e-05
34.45 -7.49947e-05
34.46 -8.87614e-05
34.47 -0.000102163
34.48 -0.000115154
34.49 -0.000127691
34.5 -0.000139732
34.51 -0.000151241
34.52 -0.00016218
34.53 -0.00017252
34.54 -0.000182228
34.55 -0.000191279
34.56 -0.000199647
34.57 -0.000207312
34.58 -0.000214252
34.59 -0.00022045
34.6 -0.00022589
34.61 -0.00023056
34.62 -0.000234447
34.63 -0.000237541
34.64 -0.000239837
34.65 -0.000241327
34.66 -0.000242009
34.67 -0.000241881
34.68 -0.000240946
34.69 -0.000239205
34.7 -0.000236665
34.71 -0.000233335
34.72 -0.000229225
34.73 -0.000224349
34.74 -0.000218722
34.75 -0.000212363
34.76 -0.000205293
34.77 -0.000197535
34.78 -0.000189116
34.79 -0.000180065
34.8 -0.000170411
34.81 -0.000160187
34.82 -0.00014943
34.83 -0.000138176
34.84 -0.000126465
34.85 -0.000114337
34.86 -0.000101836
34.87 -8.90062e-05
34.88 -7.58933e-05
34.89 -6.25447e-05
34.9 -4.90089e-05
34.91 -3.53353e-05
34.92 -2.15738e-05
34.93 -7.77517e-06
34.94 6.00998e-06
34.95 1.9731e-05
34.96 3.33377e-05
34.97 4.67806e-05
34.98 6.00113e-05
34.99 7.29826e-05
35 8.56492e-05
35.01 9.79673e-05
35.02 0.000109896
35.03 0.000121395
35.04 0.000132428
35.05 0.00014296
35.06 0.00015296
35.07 0.000162398
35.08 0.000171247
35.09 0.000179481
35.1 0.000187079
35.11 0.000194019
35.12 0.000200284
35.13 0.000205857
35.14 0.000210723
35.15 0.00021487
35.16 0.000218288
35.17 0.000220968
35.18 0.000222902
35.19 0.000224086
35.2 0.000224518
35.21 0.000224197
35.22 0.000223124
35.23 0.000221302
35.24 0.000218739
35.25 0.000215442
35.26 0.000211423
35.27 0.000206693
35.28 0.00020127
35.29 0.00019517
35.3 0.000188415
35.31 0.000181026
35.32 0.00017303
35.33 0.000164453
35.34 0.000155324
35.35 0.000145676
35.36 0.000135542
35.37 0.000124957
35.38 0.000113959
35.39 0.000102587
35.4 9.08806e-05
35.41 7.88826e-05
35.42 6.66359e-05
35.43 5.41851e-05
35.44 4.15753e-05
35.45 2.88525e-05
35.46 1.60633e-05
35.47 3.25443e-06
35.48 -9.52741e-06
35.49 -2.22357e-05
35.5 -3.48244e-05
35.51 -4.72484e-05
35.52 -5.94636e-05
35.53 -7.14272e-05
35.54 -8.3098e-05
35.55 -9.44363e-05
35.56 -0.000105405
35.57 -0.000115967
35.58 -0.000126091
35.59 -0.000135743
35.6 -0.000144896
35.61 -0.000153522
35.62 -0.000161597
35.63 -0.000169097
35.64 -0.000176001
35.65 -0.00018229
35.66 -0.000187948
35.67 -0.00019296
35.68 -0.000197311
35.69 -0.00020099
35.7 -0.000203988
35.71 -0.000206297
35.72 -0.00020791
35.73 -0.000208823
35.74 -0.000209035
35.75 -0.000208545
35.76 -0.000207354
35.77 -0.000205468
35.78 -0.000202892
35.79 -0.000199634
35.8 -0.000195706
35.81 -0.00019112
35.82 -0.000185891
35.83 -0.000180038
35.84 -0.000173579
35.85 -0.000166538
35.86 -0.000158937
35.87 -0.000150803
35.88 -0.000142164
35.89 -0.000133051
35.9 -0.000123495
35.91 -0.000113531
35.92 -0.000103193
35.93 -9.25193e-05
35.94 -8.15471e-05
35.95 -7.03162e-05
35.96 -5.88673e-05
35.97 -4.7242e-05
35.98 -3.54825e-05
35.99 -2.36317e-05
36 -1.17327e-05
36.01 1.71338e-07
36.02 1.20372e-05
36.03 2.38221e-05
36.04 3.54839e-05
36.05 4.69813e-05
36.06 5.82741e-05
36.07 6.93231e-05
36.08 8.00909e-05
36.09 9.05413e-05
36.1 0.00010064
36.11 0.000110355
36.12 0.000119655
36.13 0.000128512
36.14 0.000136899
36.15 0.000144791
36.16 0.000152164
36.17 0.000158999
36.18 0.000165276
36.19 0.000170976
36.2 0.000176085
36.21 0.000180588
36.22 0.000184474
36.23 0.00018773
36.24 0.000190349
36.25 0.000192324
36.26 0.000193648
36.27 0.000194318
36.28 0.000194334
36.29 0.000193695
36.3 0.000192403
36.31 0.000190463
36.32 0.000187882
36.33 0.000184667
36.34 0.00018083
36.35 0.000176383
36.36 0.000171341
36.37 0.000165722
36.38 0.000159544
36.39 0.000152829
36.4 0.0001456
36.41 0.000137882
36.42 0.000129702
36.43 0.00012109
36.44 0.000112075
36.45 0.000102689
36.46 9.2967e-05
36.47 8.29427e-05
36.48 7.26526e-05
36.49 6.21337e-05
36.5 5.14242e-05
36.51 4.0563e-05
36.52 2.95894e-05
36.53 1.85432e-05
36.54 7.46449e-06
36.55 -3.60685e-06
36.56 -1.4631e-05
36.57 -2.55687e-05
36.58 -3.63813e-05
36.59 -4.70308e-05
36.6 -5.74805e-05
36.61 -6.76946e-05
36.62 -7.76389e-05
36.63 -8.72805e-05
36.64 -9.6588e-05
36.65 -0.000105532
36.66 -0.000114084
36.67 -0.000122217
36.68 -0.000129908
36.69 -0.000137134
36.7 -0.000143872
36.71 -0.000150104
36.72 -0.000155812
36.73 -0.000160979
36.74 -0.000165591
36.75 -0.000169636
36.76 -0.000173101
36.77 -0.000175976
36.78 -0.000178255
36.79 -0.00017993
36.8 -0.000180997
36.81 -0.000181453
36.82 -0.000181296
36.83 -0.000180529
36.84 -0.000179152
36.85 -0.000177172
36.86 -0.000174595
36.87 -0.000171429
36.88 -0.000167684
36.89 -0.000163375
36.9 -0.000158515
36.91 -0.00015312
36.92 -0.000147211
36.93 -0.000140806
36.94 -0.000133929
36.95 -0.000126603
36.96 -0.000118855
36.97 -0.000110712
36.98 -0.000102203
36.99 -9.33586e-05
37 -8.42101e-05
37.01 -7.47907e-05
37.02 -6.51344e-05
37.03 -5.52762e-05
37.04 -4.52516e-05
37.05 -3.5097e-05
37.06 -2.48492e-05
37.07 -1.4545e-05
37.08 -4.22161e-06
37.09 6.08407e-06
37.1 1.63353e-05
37.11 2.6496e-05
37.12 3.65305e-05
37.13 4.6404e-05
37.14 5.60828e-05
37.15 6.55342e-05
37.16 7.47267e-05
37.17 8.36301e-05
37.18 9.22157e-05
37.19 0.000100456
37.2 0.000108326
37.21 0.000115801
37.22 0.000122858
37.23 0.000129476
37.24 0.000135635
37.25 0.000141318
37.26 0.000146508
37.27 0.00015119
37.28 0.00015535
37.29 0.000158977
37.3 0.00016206
37.31 0.00016459
37.32 0.000166561
37.33 0.000167966
37.34 0.000168801
37.35 0.000169065
37.36 0.000168757
37.37 0.000167877
37.38 0.00016643
37.39 0.00016442
37.4 0.000161854
37.41 0.00015874
37.42 0.00015509
37.43 0.000150916
37.44 0.000146232
37.45 0.000141054
37.46 0.000135401
37.47 0.000129292
37.48 0.000122748
37.49 0.000115794
37.5 0.000108454
37.51 0.000100753
37.52 9.27195e-05
37.53 8.43824e-05
37.54 7.57716e-05
37.55 6.69181e-05
37.56 5.78539e-05
37.57 4.86116e-05
37.58 3.92248e-05
37.59 2.97271e-05
37.6 2.01529e-05
37.61 1.05364e-05
37.62 9.12088e-07
37.63 -8.68598e-06
37.64 -1.82239e-05
37.65 -2.76683e-05
37.66 -3.69865e-05
37.67 -4.61464e-05
37.68 -5.51171e-05
37.69 -6.38684e-05
37.7 -7.23715e-05
37.71 -8.05987e-05
37.72 -8.85235e-05
37.73 -9.61208e-05
37.74 -0.000103367
37.75 -0.000110239
37.76 -0.000116717
37.77 -0.000122781
37.78 -0.000128412
37.79 -0.000133595
37.8 -0.000138313
37.81 -0.000142553
37.82 -0.000146303
37.83 -0.000149551
37.84 -0.000152288
37.85 -0.000154507
37.86 -0.0001562
37.87 -0.000157363
37.88 -0.000157993
37.89 -0.000158087
37.9 -0.000157646
37.91 -0.000156672
37.92 -0.000155168
37.93 -0.000153139
37.94 -0.000150592
37.95 -0.000147537
37.96 -0.000143983
37.97 -0.000139943
37.98 -0.000135431
37.99 -0.000130463
38 -0.000125056
38.01 -0.00011923
38.02 -0.000113004
38.03 -0.000106402
38.04 -9.94468e-05
38.05 -9.2163e-05
38.06 -8.45771e-05
38.07 -7.67164e-05
38.08 -6.86091e-05
38.09 -6.02845e-05
38.1 -5.17727e-05
38.11 -4.31042e-05
38.12 -3.43104e-05
38.13 -2.54227e-05
38.14 -1.6473e-05
38.15 -7.4932e-06
38.16 1.48486e-06
38.17 1.04295e-05
38.18 1.93095e-05
38.19 2.8094e-05
38.2 3.67528e-05
38.21 4.52565e-05
38.22 5.35763e-05
38.23 6.16848e-05
38.24 6.95551e-05
38.25 7.71619e-05
38.26 8.44806e-05
38.27 9.14881e-05
38.28 9.81624e-05
38.29 0.000104483
38.3 0.00011043
38.31 0.000115986
38.32 0.000121134
38.33 0.000125859
38.34 0.000130146
38.35 0.000133982
38.36 0.000137357
38.37 0.00014026
38.38 0.000142683
38.39 0.000144618
38.4 0.00014606
38.41 0.000147005
38.42 0.00014745
38.43 0.000147394
38.44 0.000146838
38.45 0.000145783
38.46 0.000144233
38.47 0.000142195
38.48 0.000139674
38.49 0.00013668
38.5 0.000133224
38.51 0.000129317
38.52 0.000124973
38.53 0.000120208
38.54 0.000115038
38.55 0.000109482
38.56 0.00010356
38.57 9.72923e-05
38.58 9.0702e-05
38.59 8.38126e-05
38.6 7.66489e-05
38.61 6.92367e-05
38.62 6.16027e-05
38.63 5.37744e-05
38.64 4.57799e-05
38.65 3.7648e-05
38.66 2.94078e-05
38.67 2.10887e-05
38.68 1.27203e-05
38.69 4.33233e-06
38.7 -4.04574e-06
38.71 -1.23846e-05
38.72 -2.06553e-05
38.73 -2.88293e-05
38.74 -3.68788e-05
38.75 -4.47766e-05
38.76 -5.24962e-05
38.77 -6.00121e-05
38.78 -6.72997e-05
38.79 -7.43355e-05
38.8 -8.10967e-05
38.81 -8.75622e-05
38.82 -9.37114e-05
38.83 -9.95253e-05
38.84 -0.000104986
38.85 -0.000110077
38.86 -0.000114782
38.87 -0.000119087
38.88 -0.00012298
38.89 -0.000126448
38.9 -0.000129482
38.91 -0.000132071
38.92 -0.000134209
38.93 -0.000135888
38.94 -0.000137105
38.95 -0.000137854
38.96 -0.000138136
38.97 -0.000137948
38.98 -0.000137292
38.99 -0.000136171
39 -0.000134588
39.01 -0.000132549
39.02 -0.000130061
39.03 -0.000127134
39.04 -0.000123777
39.05 -0.000120002
39.06 -0.000115823
39.07 -0.000111255
39.08 -0.000106314
39.09 -0.000101017
39.1 -9.53838e-05
39.11 -8.94344e-05
39.12 -8.31902e-05
39.13 -7.66735e-05
39.14 -6.99079e-05
39.15 -6.29177e-05
39.16 -5.5728e-05
39.17 -4.83647e-05
39.18 -4.08541e-05
39.19 -3.32231e-05
39.2 -2.5499e-05
39.21 -1.77092e-05
39.22 -9.88132e-06
39.23 -2.04281e-06
39.24 5.77887e-06
39.25 1.35565e-05
39.26 2.12633e-05
39.27 2.88729e-05
39.28 3.63595e-05
39.29 4.36979e-05
39.3 5.08637e-05
39.31 5.78332e-05
39.32 6.45837e-05
39.33 7.10933e-05
39.34 7.73412e-05
39.35 8.33076e-05
39.36 8.89735e-05
39.37 9.43214e-05
39.38 9.93346e-05
39.39 0.000103998
39.4 0.000108296
39.41 0.000112217
39.42 0.000115748
39.43 0.000118879
39.44 0.0001216
39.45 0.000123903
39.46 0.000125781
39.47 0.000127229
39.48 0.000128241
39.49 0.000128816
39.5 0.000128952
39.51 0.000128648
39.52 0.000127907
39.53 0.000126731
39.54 0.000125124
39.55 0.000123092
39.56 0.000120642
39.57 0.000117784
39.58 0.000114528
39.59 0.000110884
39.6 0.000106866
39.61 0.000102489
39.62 9.77681e-05
39.63 9.27202e-05
39.64 8.73635e-05
39.65 8.17172e-05
39.66 7.58017e-05
39.67 6.96382e-05
39.68 6.32489e-05
39.69 5.66567e-05
39.7 4.98853e-05
39.71 4.2959e-05
39.72 3.59024e-05
39.73 2.87408e-05
39.74 2.14995e-05
39.75 1.42041e-05
39.76 6.88029e-06
39.77 -4.46279e-07
39.78 -7.75016e-06
39.79 -1.50061e-05
39.8 -2.21893e-05
39.81 -2.92752e-05
39.82 -3.624e-05
39.83 -4.30603e-05
39.84 -4.97135e-05
39.85 -5.61777e-05
39.86 -6.24318e-05
39.87 -6.84556e-05
39.88 -7.42297e-05
39.89 -7.97357e-05
39.9 -8.49563e-05
39.91 -8.9875e-05
39.92 -9.44765e-05
39.93 -9.87464e-05
39.94 -0.000102671
39.95 -0.00010624
39.96 -0.00010944
39.97 -0.000112263
39.98 -0.000114699
39.99 -0.000116742
40 -0.000118385
40.01 -0.000119623
40.02 -0.000120453
40.03 -0.000120872
40.04 -0.000120879
40.05 -0.000120475
40.06 -0.000119662
40.07 -0.000118443
40.08 -0.000116822
40.09 -0.000114804
40.1 -0.000112399
40.11 -0.000109613
40.12 -0.000106458
40.13 -0.000102944
40.14 -9.90848e-05
40.15 -9.48932e-05
40.16 -9.03847e-05
40.17 -8.55754e-05
40.18 -8.04827e-05
40.19 -7.5125e-05
40.2 -6.95214e-05
40.21 -6.3692e-05
40.22 -5.7658e-05
40.23 -5.14407e-05
40.24 -4.50626e-05
40.25 -3.85463e-05
40.26 -3.1915e-05
40.27 -2.51923e-05
40.28 -1.8402e-05
40.29 -1.15678e-05
40.3 -4.71365e-06
40.31 2.1365e-06
40.32 8.959e-06
40.33 1.57304e-05
40.34 2.24276e-05
40.35 2.90279e-05
40.36 3.55091e-05
40.37 4.18495e-05
40.38 4.80283e-05
40.39 5.40249e-05
40.4 5.982e-05
40.41 6.53946e-05
40.42 7.0731e-05
40.43 7.5812e-05
40.44 8.06215e-05
40.45 8.51443e-05
40.46 8.93662e-05
40.47 9.3274e-05
40.48 9.68555e-05
40.49 0.0001001
40.5 0.000102996
40.51 0.000105537
40.52 0.000107713
40.53 0.000109518
40.54 0.000110947
40.55 0.000111996
40.56 0.000112661
40.57 0.000112941
40.58 0.000112835
40.59 0.000112344
40.6 0.000111471
40.61 0.000110218
40.62 0.000108591
40.63 0.000106594
40.64 0.000104237
40.65 0.000101526
40.66 9.84728e-05
40.67 9.50873e-05
40.68 9.1382e-05
40.69 8.73703e-05
40.7 8.30666e-05
40.71 7.84864e-05
40.72 7.36461e-05
40.73 6.85633e-05
40.74 6.32562e-05
40.75 5.77437e-05
40.76 5.20456e-05
40.77 4.61824e-05
40.78 4.01748e-05
40.79 3.40443e-05
40.8 2.78126e-05
40.81 2.15016e-05
40.82 1.51336e-05
40.83 8.73088e-06
40.84 2.31569e-06
40.85 -4.08974e-06
40.86 -1.04633e-05
40.87 -1.67833e-05
40.88 -2.30282e-05
40.89 -2.91768e-05
40.9 -3.52087e-05
40.91 -4.11036e-05
40.92 -4.6842e-05
40.93 -5.24052e-05
40.94 -5.77749e-05
40.95 -6.29338e-05
40.96 -6.78652e-05
40.97 -7.25532e-05
40.98 -7.6983e-05
40.99 -8.11406e-05
41 -8.50126e-05
41.01 -8.85871e-05
41.02 -9.18527e-05
41.03 -9.47994e-05
41.04 -9.74179e-05
41.05 -9.97001e-05
41.06 -0.000101639
41.07 -0.000103229
41.08 -0.000104465
41.09 -0.000105343
41.1 -0.000105861
41.11 -0.000106018
41.12 -0.000105813
41.13 -0.000105249
41.14 -0.000104326
41.15 -0.00010305
41.16 -0.000101424
41.17 -9.94541e-05
41.18 -9.71486e-05
41.19 -9.45153e-05
41.2 -9.15639e-05
41.21 -8.83051e-05
41.22 -8.47505e-05
41.23 -8.09132e-05
41.24 -7.68068e-05
41.25 -7.24462e-05
41.26 -6.78471e-05
41.27 -6.3026e-05
41.28 -5.80002e-05
41.29 -5.27877e-05
41.3 -4.7407e-05
41.31 -4.18775e-05
41.32 -3.62186e-05
41.33 -3.04505e-05
41.34 -2.45935e-05
41.35 -1.86682e-05
41.36 -1.26953e-05
41.37 -6.69577e-06
41.38 -6.90272e-07
41.39 5.30043e-06
41.4 1.12558e-05
41.41 1.71555e-05
41.42 2.29796e-05
41.43 2.87083e-05
41.44 3.43227e-05
41.45 3.98038e-05
41.46 4.51337e-05
41.47 5.02948e-05
41.48 5.52703e-05
41.49 6.00439e-05
41.5 6.46003e-05
41.51 6.89248e-05
41.52 7.30035e-05
41.53 7.68235e-05
41.54 8.03727e-05
41.55 8.36399e-05
41.56 8.66147e-05
41.57 8.92878e-05
41.58 9.1651e-05
41.59 9.36969e-05
41.6 9.54192e-05
41.61 9.68127e-05
41.62 9.78732e-05
41.63 9.85977e-05
41.64 9.89843e-05
41.65 9.90321e-05
41.66 9.87415e-05
41.67 9.81139e-05
41.68 9.71519e-05
41.69 9.58594e-05
41.7 9.42411e-05
41.71 9.23032e-05
41.72 9.00527e-05
41.73 8.7498e-05
41.74 8.46482e-05
41.75 8.15139e-05
41.76 7.81063e-05
41.77 7.44377e-05
41.78 7.05214e-05
41.79 6.63715e-05
41.8 6.20029e-05
41.81 5.74312e-05
41.82 5.26727e-05
41.83 4.77446e-05
41.84 4.26643e-05
41.85 3.74499e-05
41.86 3.21199e-05
41.87 2.6693e-05
41.88 2.11883e-05
41.89 1.56251e-05
41.9 1.00229e-05
41.91 4.40101e-06
41.92 -1.22107e-06
41.93 -6.82403e-06
41.94 -1.23887e-05
41.95 -1.78962e-05
41.96 -2.33279e-05
41.97 -2.86654e-05
41.98 -3.3891e-05
41.99 -3.89873e-05
42 -4.39374e-05
42.01 -4.8725e-05
42.02 -5.33345e-05
42.03 -5.77508e-05
42.04 -6.19597e-05
42.05 -6.59476e-05
42.06 -6.97017e-05
42.07 -7.321e-05
42.08 -7.64614e-05
42.09 -7.94454e-05
42.1 -8.21528e-05
42.11 -8.4575e-05
42.12 -8.67045e-05
42.13 -8.85346e-05
42.14 -9.00598e-05
42.15 -9.12755e-05
42.16 -9.2178e-05
42.17 -9.27648e-05
42.18 -9.30345e-05
42.19 -9.29866e-05
42.2 -9.26218e-05
42.21 -9.19419e-05
42.22 -9.09495e-05
42.23 -8.96486e-05
42.24 -8.80441e-05
42.25 -8.61421e-05
42.26 -8.39496e-05
42.27 -8.14745e-05
42.28 -7.8726e-05
42.29 -7.5714e-05
42.3 -7.24495e-05
42.31 -6.89441e-05
42.32 -6.52107e-05
42.33 -6.12625e-05
42.34 -5.71138e-05
42.35 -5.27794e-05
42.36 -4.82748e-05
42.37 -4.36159e-05
42.38 -3.88195e-05
42.39 -3.39024e-05
42.4 -2.88819e-05
42.41 -2.37759e-05
42.42 -1.8602e-05
42.43 -1.33785e-05
42.44 -8.12347e-06
42.45 -2.85507e-06
42.46 2.40854e-06
42.47 7.6493e-06
42.48 1.28493e-05
42.49 1.7991e-05
42.5 2.30569e-05
42.51 2.80301e-05
42.52 3.28938e-05
42.53 3.76321e-05
42.54 4.2229e-05
42.55 4.66697e-05
42.56 5.09394e-05
42.57 5.50243e-05
42.58 5.89111e-05
42.59 6.25872e-05
42.6 6.60409e-05
42.61 6.9261e-05
42.62 7.22374e-05
42.63 7.49604e-05
42.64 7.74216e-05
42.65 7.96132e-05
42.66 8.15284e-05
42.67 8.31612e-05
42.68 8.45067e-05
42.69 8.55608e-05
42.7 8.63205e-05
42.71 8.67837e-05
42.72 8.69494e-05
42.73 8.68175e-05
42.74 8.63888e-05
42.75 8.56655e-05
42.76 8.46504e-05
42.77 8.33474e-05
42.78 8.17616e-05
42.79 7.98989e-05
42.8 7.77662e-05
42.81 7.53712e-05
42.82 7.27229e-05
42.83 6.98307e-05
42.84 6.67051e-05
42.85 6.33575e-05
42.86 5.97999e-05
42.87 5.6045e-05
42.88 5.21064e-05
42.89 4.7998e-05
42.9 4.37345e-05
42.91 3.93311e-05
42.92 3.48032e-05
42.93 3.0167e-05
42.94 2.54388e-05
42.95 2.0635e-05
42.96 1.57725e-05
42.97 1.08682e-05
42.98 5.93911e-06
42.99 1.00223e-06
43 -3.92548e-06
43.01 -8.82715e-06
43.02 -1.36861e-05
43.03 -1.84859e-05
43.04 -2.32102e-05
43.05 -2.78434e-05
43.06 -3.23698e-05
43.07 -3.67745e-05
43.08 -4.10428e-05
43.09 -4.51607e-05
43.1 -4.91148e-05
43.11 -5.28919e-05
43.12 -5.648e-05
43.13 -5.98674e-05
43.14 -6.30432e-05
43.15 -6.59971e-05
43.16 -6.87197e-05
43.17 -7.12025e-05
43.18 -7.34374e-05
43.19 -7.54176e-05
43.2 -7.71368e-05
43.21 -7.85897e-05
43.22 -7.9772e-05
43.23 -8.06802e-05
43.24 -8.13116e-05
43.25 -8.16646e-05
43.26 -8.17385e-05
43.27 -8.15335e-05
43.28 -8.10509e-05
43.29 -8.02927e-05
43.3 -7.92621e-05
43.31 -7.7963e-05
43.32 -7.64003e-05
43.33 -7.458e-05
43.34 -7.25088e-05
43.35 -7.01943e-05
43.36 -6.76448e-05
43.37 -6.48698e-05
43.38 -6.18791e-05
43.39 -5.86837e-05
43.4 -5.5295e-05
43.41 -5.17251e-05
43.42 -4.79868e-05
43.43 -4.40935e-05
43.44 -4.00588e-05
43.45 -3.58972e-05
43.46 -3.16233e-05
43.47 -2.72522e-05
43.48 -2.27993e-05
43.49 -1.828e-05
43.5 -1.37101e-05
43.51 -9.10551e-06
43.52 -4.48214e-06
43.53 1.44087e-07
43.54 4.75732e-06
43.55 9.34181e-06
43.56 1.3882e-05
43.57 1.83624e-05
43.58 2.2768e-05
43.59 2.70841e-05
43.6 3.12961e-05
43.61 3.53902e-05
43.62 3.93526e-05
43.63 4.31705e-05
43.64 4.68311e-05
43.65 5.03227e-05
43.66 5.36337e-05
43.67 5.67535e-05
43.68 5.9672e-05
43.69 6.23798e-05
43.7 6.48683e-05
43.71 6.71295e-05
43.72 6.91564e-05
43.73 7.09424e-05
43.74 7.24822e-05
43.75 7.3771e-05
43.76 7.48048e-05
43.77 7.55808e-05
43.78 7.60967e-05
43.79 7.63512e-05
43.8 7.6344e-05
43.81 7.60756e-05
43.82 7.55474e-05
43.83 7.47617e-05
43.84 7.37216e-05
43.85 7.24311e-05
43.86 7.08953e-05
43.87 6.91197e-05
43.88 6.7111e-05
43.89 6.48765e-05
43.9 6.24244e-05
43.91 5.97636e-05
43.92 5.69038e-05
43.93 5.38551e-05
43.94 5.06286e-05
43.95 4.72357e-05
43.96 4.36887e-05
43.97 4e-05
43.98 3.61828e-05
43.99 3.22506e-05
44 2.82171e-05
44.01 2.40966e-05
44.02 1.99035e-05
44.03 1.56524e-05
44.04 1.13581e-05
44.05 7.03547e-06
44.06 2.69939e-06
44.07 -1.63522e-06
44.08 -5.95352e-06
44.09 -1.02408e-05
44.1 -1.44825e-05
44.11 -1.86642e-05
44.12 -2.27719e-05
44.13 -2.67918e-05
44.14 -3.07105e-05
44.15 -3.4515e-05
44.16 -3.81926e-05
44.17 -4.17312e-05
44.18 -4.51192e-05
44.19 -4.83455e-05
44.2 -5.13995e-05
44.21 -5.42715e-05
44.22 -5.69521e-05
44.23 -5.94326e-05
44.24 -6.17052e-05
44.25 -6.37626e-05
44.26 -6.55984e-05
44.27 -6.72067e-05
44.28 -6.85826e-05
44.29 -6.9722e-05
44.3 -7.06214e-05
44.31 -7.12782e-05
44.32 -7.16907e-05
44.33 -7.18579e-05
44.34 -7.17798e-05
44.35 -7.1457e-05
44.36 -7.08912e-05
44.37 -7.00847e-05
44.38 -6.90407e-05
44.39 -6.77634e-05
44.4 -6.62575e-05
44.41 -6.45286e-05
44.42 -6.25832e-05
44.43 -6.04283e-05
44.44 -5.80719e-05
44.45 -5.55224e-05
44.46 -5.27891e-05
44.47 -4.98818e-05
44.48 -4.68108e-05
44.49 -4.35873e-05
44.5 -4.02225e-05
44.51 -3.67285e-05
44.52 -3.31176e-05
44.53 -2.94026e-05
44.54 -2.55965e-05
44.55 -2.17127e-05
44.56 -1.77646e-05
44.57 -1.37661e-05
44.58 -9.73098e-06
44.59 -5.67325e-06
44.6 -1.60685e-06
44.61 2.45425e-06
44.62 6.49617e-06
44.63 1.05052e-05
44.64 1.44676e-05
44.65 1.83701e-05
44.66 2.21995e-05
44.67 2.59431e-05
44.68 2.95882e-05
44.69 3.31228e-05
44.7 3.65351e-05
44.71 3.98139e-05
44.72 4.29485e-05
44.73 4.59285e-05
44.74 4.87442e-05
44.75 5.13865e-05
44.76 5.38469e-05
44.77 5.61175e-05
44.78 5.81909e-05
44.79 6.00606e-05
44.8 6.17208e-05
44.81 6.31662e-05
44.82 6.43923e-05
44.83 6.53956e-05
44.84 6.61729e-05
44.85 6.67222e-05
44.86 6.7042e-05
44.87 6.71317e-05
44.88 6.69914e-05
44.89 6.66221e-05
44.9 6.60254e-05
44.91 6.5204e-05
44.92 6.41609e-05
44.93 6.29003e-05
44.94 6.14268e-05
44.95 5.97461e-05
44.96 5.78642e-05
44.97 5.57881e-05
44.98 5.35253e-05
44.99 5.10841e-05
45 4.84731e-05
45.01 4.57019e-05
45.02 4.27802e-05
45.03 3.97185e-05
45.04 3.65277e-05
45.05 3.3219e-05
45.06 2.98041e-05
45.07 2.62951e-05
45.08 2.27043e-05
45.09 1.90442e-05
45.1 1.53275e-05
45.11 1.15672e-05
45.12 7.77634e-06
45.13 3.96793e-06
45.14 1.55101e-07
45.15 -3.64909e-06
45.16 -7.43166e-06
45.17 -1.11797e-05
45.18 -1.48806e-05
45.19 -1.85218e-05
45.2 -2.2091e-05
45.21 -2.55763e-05
45.22 -2.89661e-05
45.23 -3.2249e-05
45.24 -3.54143e-05
45.25 -3.84514e-05
45.26 -4.13504e-05
45.27 -4.41017e-05
45.28 -4.66964e-05
45.29 -4.91261e-05
45.3 -5.1383e-05
45.31 -5.34597e-05
45.32 -5.53496e-05
45.33 -5.70468e-05
45.34 -5.85459e-05
45.35 -5.98423e-05
45.36 -6.09319e-05
45.37 -6.18115e-05
45.38 -6.24786e-05
45.39 -6.29313e-05
45.4 -6.31685e-05
45.41 -6.31899e-05
45.42 -6.29958e-05
45.43 -6.25872e-05
45.44 -6.19661e-05
45.45 -6.1135e-05
45.46 -6.00971e-05
45.47 -5.88565e-05
45.48 -5.74177e-05
45.49 -5.57862e-05
45.5 -5.3968e-05
45.51 -5.19697e-05
45.52 -4.97985e-05
45.53 -4.74623e-05
45.54 -4.49695e-05
45.55 -4.23291e-05
45.56 -3.95504e-05
45.57 -3.66434e-05
45.58 -3.36182e-05
45.59 -3.04858e-05
45.6 -2.72569e-05
45.61 -2.39431e-05
45.62 -2.05559e-05
45.63 -1.71071e-05
45.64 -1.36087e-05
45.65 -1.00729e-05
45.66 -6.51185e-06
45.67 -2.93786e-06
45.68 6.36801e-07
45.69 4.1999e-06
45.7 7.7393e-06
45.71 1.12429e-05
45.72 1.4699e-05
45.73 1.80958e-05
45.74 2.14218e-05
45.75 2.46661e-05
45.76 2.78176e-05
45.77 3.0866e-05
45.78 3.38012e-05
45.79 3.66134e-05
45.8 3.92934e-05
45.81 4.18324e-05
45.82 4.42222e-05
45.83 4.6455e-05
45.84 4.85236e-05
45.85 5.04213e-05
45.86 5.21422e-05
45.87 5.36806e-05
45.88 5.50319e-05
45.89 5.61919e-05
45.9 5.71569e-05
45.91 5.79242e-05
45.92 5.84915e-05
45.93 5.88573e-05
45.94 5.90209e-05
45.95 5.8982e-05
45.96 5.87412e-05
45.97 5.82998e-05
45.98 5.76597e-05
45.99 5.68234e-05
46 5.57943e-05
46.01 5.45763e-05
46.02 5.31739e-05
46.03 5.15923e-05
46.04 4.98374e-05
46.05 4.79156e-05
46.06 4.58338e-05
46.07 4.35995e-05
46.08 4.12208e-05
46.09 3.87061e-05
46.1 3.60645e-05
46.11 3.33052e-05
46.12 3.04381e-05
46.13 2.74733e-05
46.14 2.44212e-05
46.15 2.12924e-05
46.16 1.8098e-05
46.17 1.48491e-05
46.18 1.15569e-05
46.19 8.2328e-06
46.2 4.88837e-06
46.21 1.53506e-06
46.22 -1.81562e-06
46.23 -5.15221e-06
46.24 -8.46334e-06
46.25 -1.17378e-05
46.26 -1.49644e-05
46.27 -1.81324e-05
46.28 -2.12311e-05
46.29 -2.42501e-05
46.3 -2.71793e-05
46.31 -3.00091e-05
46.32 -3.27299e-05
46.33 -3.53329e-05
46.34 -3.78094e-05
46.35 -4.01515e-05
46.36 -4.23513e-05
46.37 -4.44019e-05
46.38 -4.62965e-05
46.39 -4.80292e-05
46.4 -4.95943e-05
46.41 -5.0987e-05
46.42 -5.22029e-05
46.43 -5.32382e-05
46.44 -5.40899e-05
46.45 -5.47554e-05
46.46 -5.52328e-05
46.47 -5.55209e-05
46.48 -5.56192e-05
46.49 -5.55276e-05
46.5 -5.5247e-05
46.51 -5.47786e-05
46.52 -5.41245e-05
46.53 -5.32872e-05
46.54 -5.22701e-05
46.55 -5.1077e-05
46.56 -4.97124e-05
46.57 -4.81813e-05
46.58 -4.64893e-05
46.59 -4.46426e-05
46.6 -4.26478e-05
46.61 -4.05122e-05
46.62 -3.82434e-05
46.63 -3.58496e-05
46.64 -3.33391e-05
46.65 -3.07209e-05
46.66 -2.80044e-05
46.67 -2.51989e-05
46.68 -2.23144e-05
46.69 -1.9361e-05
46.7 -1.6349e-05
46.71 -1.32888e-05
46.72 -1.01912e-05
46.73 -7.06669e-06
46.74 -3.92617e-06
46.75 -7.80405e-07
46.76 2.35982e-06
46.77 5.48379e-06
46.78 8.58087e-06
46.79 1.16405e-05
46.8 1.46524e-05
46.81 1.76065e-05
46.82 2.04926e-05
46.83 2.33013e-05
46.84 2.60231e-05
46.85 2.8649e-05
46.86 3.11703e-05
46.87 3.35787e-05
46.88 3.58662e-05
46.89 3.80254e-05
46.9 4.00492e-05
46.91 4.19311e-05
46.92 4.3665e-05
46.93 4.52454e-05
46.94 4.66671e-05
46.95 4.79259e-05
46.96 4.90177e-05
46.97 4.99391e-05
46.98 5.06875e-05
46.99 5.12606e-05
47 5.16569e-05
47.01 5.18755e-05
47.02 5.19158e-05
47.03 5.17783e-05
47.04 5.14636e-05
47.05 5.09734e-05
47.06 5.03096e-05
47.07 4.94749e-05
47.08 4.84724e-05
47.09 4.73061e-05
47.1 4.59802e-05
47.11 4.44996e-05
47.12 4.28698e-05
47.13 4.10967e-05
47.14 3.91866e-05
47.15 3.71465e-05
47.16 3.49837e-05
47.17 3.27058e-05
47.18 3.03209e-05
47.19 2.78375e-05
47.2 2.52644e-05
47.21 2.26105e-05
47.22 1.98853e-05
47.23 1.70981e-05
47.24 1.42588e-05
47.25 1.13772e-05
47.26 8.46324e-06
47.27 5.52703e-06
47.28 2.57868e-06
47.29 -3.71705e-07
47.3 -3.31402e-06
47.31 -6.23822e-06
47.32 -9.13437e-06
47.33 -1.19926e-05
47.34 -1.48034e-05
47.35 -1.75571e-05
47.36 -2.02446e-05
47.37 -2.28568e-05
47.38 -2.53851e-05
47.39 -2.7821e-05
47.4 -3.01565e-05
47.41 -3.23839e-05
47.42 -3.44958e-05
47.43 -3.64854e-05
47.44 -3.83461e-05
47.45 -4.0072e-05
47.46 -4.16575e-05
47.47 -4.30975e-05
47.48 -4.43875e-05
47.49 -4.55233e-05
47.5 -4.65015e-05
47.51 -4.73192e-05
47.52 -4.79738e-05
47.53 -4.84635e-05
47.54 -4.87869e-05
47.55 -4.89434e-05
47.56 -4.89328e-05
47.57 -4.87555e-05
47.58 -4.84123e-05
47.59 -4.7905e-05
47.6 -4.72354e-05
47.61 -4.64064e-05
47.62 -4.5421e-05
47.63 -4.4283e-05
47.64 -4.29967e-05
47.65 -4.15666e-05
47.66 -3.99982e-05
47.67 -3.8297e-05
47.68 -3.64692e-05
47.69 -3.45214e-05
47.7 -3.24605e-05
47.71 -3.02938e-05
47.72 -2.80291e-05
47.73 -2.56743e-05
47.74 -2.32377e-05
47.75 -2.07279e-05
47.76 -1.81537e-05
47.77 -1.5524e-05
47.78 -1.2848e-05
47.79 -1.01351e-05
47.8 -7.39447e-06
47.81 -4.63571e-06
47.82 -1.86827e-06
47.83 8.98358e-07
47.84 3.65471e-06
47.85 6.39139e-06
47.86 9.0991e-06
47.87 1.17687e-05
47.88 1.43911e-05
47.89 1.69575e-05
47.9 1.94593e-05
47.91 2.18881e-05
47.92 2.42359e-05
47.93 2.64948e-05
47.94 2.86573e-05
47.95 3.07164e-05
47.96 3.26652e-05
47.97 3.44975e-05
47.98 3.62072e-05
47.99 3.77888e-05
48 3.92372e-05
48.01 4.05478e-05
48.02 4.17165e-05
48.03 4.27395e-05
48.04 4.36138e-05
48.05 4.43367e-05
48.06 4.49061e-05
48.07 4.53203e-05
48.08 4.55783e-05
48.09 4.56796e-05
48.1 4.56241e-05
48.11 4.54124e-05
48.12 4.50456e-05
48.13 4.45251e-05
48.14 4.38533e-05
48.15 4.30326e-05
48.16 4.20662e-05
48.17 4.09578e-05
48.18 3.97114e-05
48.19 3.83316e-05
48.2 3.68236e-05
48.21 3.51926e-05
48.22 3.34446e-05
48.23 3.15859e-05
48.24 2.96231e-05
48.25 2.75631e-05
48.26 2.54133e-05
48.27 2.31812e-05
48.28 2.08747e-05
48.29 1.85018e-05
48.3 1.6071e-05
48.31 1.35906e-05
48.32 1.10693e-05
48.33 8.51572e-06
48.34 5.93882e-06
48.35 3.34742e-06
48.36 7.50443e-07
48.37 -1.84322e-06
48.38 -4.42472e-06
48.39 -6.98525e-06
48.4 -9.51612e-06
48.41 -1.20088e-05
48.42 -1.44548e-05
48.43 -1.68459e-05
48.44 -1.91742e-05
48.45 -2.14317e-05
48.46 -2.36111e-05
48.47 -2.5705e-05
48.48 -2.77066e-05
48.49 -2.96093e-05
48.5 -3.14067e-05
48.51 -3.30931e-05
48.52 -3.4663e-05
48.53 -3.61112e-05
48.54 -3.74332e-05
48.55 -3.86247e-05
48.56 -3.96819e-05
48.57 -4.06016e-05
48.58 -4.1381e-05
48.59 -4.20177e-05
48.6 -4.25098e-05
48.61 -4.2856e-05
48.62 -4.30555e-05
48.63 -4.31078e-05
48.64 -4.30132e-05
48.65 -4.27722e-05
48.66 -4.2386e-05
48.67 -4.18563e-05
48.68 -4.11852e-05
48.69 -4.03752e-05
48.7 -3.94295e-05
48.71 -3.83517e-05
48.72 -3.71456e-05
48.73 -3.58157e-05
48.74 -3.43669e-05
48.75 -3.28043e-05
48.76 -3.11337e-05
48.77 -2.93609e-05
48.78 -2.74923e-05
48.79 -2.55346e-05
48.8 -2.34946e-05
48.81 -2.13795e-05
48.82 -1.91967e-05
48.83 -1.6954e-05
48.84 -1.46591e-05
48.85 -1.23201e-05
48.86 -9.94495e-06
48.87 -7.542e-06
48.88 -5.11952e-06
48.89 -2.68584e-06
48.9 -2.49325e-07
48.91 2.18169e-06
48.92 4.59892e-06
48.93 6.99412e-06
48.94 9.35917e-06
48.95 1.16861e-05
48.96 1.3967e-05
48.97 1.61942e-05
48.98 1.83603e-05
48.99 2.0458e-05
49 2.24804e-05
49.01 2.44207e-05
49.02 2.62725e-05
49.03 2.80298e-05
49.04 2.96867e-05
49.05 3.12378e-05
49.06 3.26782e-05
49.07 3.40032e-05
49.08 3.52085e-05
49.09 3.62902e-05
49.1 3.72451e-05
49.11 3.80701e-05
49.12 3.87628e-05
49.13 3.93209e-05
49.14 3.9743e-05
49.15 4.0028e-05
49.16 4.0175e-05
49.17 4.0184e-05
49.18 4.00553e-05
49.19 3.97895e-05
49.2 3.93878e-05
49.21 3.88521e-05
49.22 3.81843e-05
49.23 3.73871e-05
49.24 3.64634e-05
49.25 3.54168e-05
49.26 3.42511e-05
49.27 3.29705e-05
49.28 3.15797e-05
49.29 3.00837e-05
49.3 2.84879e-05
49.31 2.6798e-05
49.32 2.502e-05
49.33 2.31602e-05
49.34 2.12251e-05
49.35 1.92216e-05
49.36 1.71567e-05
49.37 1.50376e-05
49.38 1.28717e-05
49.39 1.06665e-05
49.4 8.42978e-06
49.41 6.16915e-06
49.42 3.89244e-06
49.43 1.60748e-06
49.44 -6.77895e-07
49.45 -2.95587e-06
49.46 -5.21868e-06
49.47 -7.45863e-06
49.48 -9.66812e-06
49.49 -1.18397e-05
49.5 -1.3966e-05
49.51 -1.60399e-05
49.52 -1.80545e-05
49.53 -2.0003e-05
49.54 -2.1879e-05
49.55 -2.36762e-05
49.56 -2.53887e-05
49.57 -2.70109e-05
49.58 -2.85374e-05
49.59 -2.99632e-05
49.6 -3.12839e-05
49.61 -3.2495e-05
49.62 -3.35927e-05
49.63 -3.45736e-05
49.64 -3.54345e-05
49.65 -3.61729e-05
49.66 -3.67864e-05
49.67 -3.72733e-05
49.68 -3.76321e-05
49.69 -3.7862e-05
49.7 -3.79624e-05
49.71 -3.79333e-05
49.72 -3.77751e-05
49.73 -3.74886e-05
49.74 -3.70751e-05
49.75 -3.65362e-05
49.76 -3.58742e-05
49.77 -3.50914e-05
49.78 -3.4191e-05
49.79 -3.31762e-05
49.8 -3.20507e-05
49.81 -3.08187e-05
49.82 -2.94847e-05
49.83 -2.80534e-05
49.84 -2.65299e-05
49.85 -2.49198e-05
49.86 -2.32287e-05
49.87 -2.14626e-05
49.88 -1.96277e-05
49.89 -1.77305e-05
49.9 -1.57776e-05
49.91 -1.37758e-05
49.92 -1.17322e-05
49.93 -9.65387e-06
49.94 -7.54791e-06
49.95 -5.42166e-06
49.96 -3.28243e-06
49.97 -1.13757e-06
49.98 1.00556e-06
49.99 3.13965e-06
