0.01 -1.27462e-07
0.02 -1.15732e-07
0.03 -7.94123e-08
0.04 -6.70388e-09
0.05 1.01579e-07
0.06 2.33777e-07
0.07 3.79154e-07
0.08 5.37684e-07
0.09 7.18879e-07
0.1 9.32103e-07
0.11 1.17814e-06
0.12 1.44902e-06
0.13 1.73535e-06
0.14 2.0344e-06
0.15 2.35235e-06
0.16 2.69886e-06
0.17 3.07951e-06
0.18 3.49264e-06
0.19 3.93218e-06
0.2 4.39284e-06
0.21 4.87413e-06
0.22 5.38147e-06
0.23 5.92368e-06
0.24 6.50645e-06
0.25 7.12439e-06
0.26 7.75857e-06
0.27 8.38507e-06
0.28 8.98846e-06
0.29 9.56716e-06
0.3 1.01275e-05
0.31 1.06752e-05
0.32 1.12133e-05
0.33 1.17453e-05
0.34 1.22734e-05
0.35 1.27883e-05
0.36 1.32654e-05
0.37 1.36747e-05
0.38 1.39969e-05
0.39 1.42384e-05
0.4 1.44389e-05
0.41 1.46645e-05
0.42 1.49798e-05
0.43 1.54109e-05
0.44 1.59239e-05
0.45 1.64334e-05
0.46 1.68365e-05
0.47 1.70539e-05
0.48 1.7053e-05
0.49 1.68401e-05
0.5 1.64439e-05
0.51 1.59149e-05
0.52 1.53297e-05
0.53 1.4778e-05
0.54 1.43522e-05
0.55 1.41636e-05
0.56 1.43601e-05
0.57 1.50972e-05
0.58 1.64611e-05
0.59 1.84032e-05
0.6 2.07431e-05
0.61 2.32471e-05
0.62 2.57436e-05
0.63 2.81964e-05
0.64 3.06749e-05
0.65 3.32374e-05
0.66 3.58238e-05
0.67 3.82338e-05
0.68 4.01838e-05
0.69 4.13799e-05
0.7 4.15878e-05
0.71 4.07089e-05
0.72 3.88344e-05
0.73 3.62378e-05
0.74 3.33152e-05
0.75 3.04958e-05
0.76 2.81073e-05
0.77 2.6231e-05
0.78 2.46781e-05
0.79 2.3152e-05
0.8 2.148e-05
0.81 1.97394e-05
0.82 1.82172e-05
0.83 1.72572e-05
0.84 1.70923e-05
0.85 1.77573e-05
0.86 1.91124e-05
0.87 2.09179e-05
0.88 2.28765e-05
0.89 2.46391e-05
0.9 2.58305e-05
0.91 2.61202e-05
0.92 2.53027e-05
0.93 2.33397e-05
0.94 2.03431e-05
0.95 1.65446e-05
0.96 1.23343e-05
0.97 8.35276e-06
0.98 5.43672e-06
0.99 4.22145e-06
1 4.5941e-06
1.01 5.55847e-06
1.02 5.82625e-06
1.03 4.76418e-06
1.04 2.92667e-06
1.05 1.68782e-06
1.06 2.24095e-06
1.07 4.79112e-06
1.08 8.58118e-06
1.09 1.26334e-05
1.1 1.65097e-05
1.11 2.05048e-05
1.12 2.52483e-05
1.13 3.11296e-05
1.14 3.80032e-05
1.15 4.53416e-05
1.16 5.26012e-05
1.17 5.93918e-05
1.18 6.52994e-05
1.19 6.96307e-05
1.2 7.14584e-05
1.21 7.00597e-05
1.22 6.53886e-05
1.23 5.8067e-05
1.24 4.88389e-05
1.25 3.8041e-05
1.26 2.56267e-05
1.27 1.16833e-05
1.28 -3.10008e-06
1.29 -1.75035e-05
1.3 -3.03732e-05
1.31 -4.12426e-05
1.32 -5.04291e-05
1.33 -5.85227e-05
1.34 -6.57077e-05
1.35 -7.14775e-05
1.36 -7.49326e-05
1.37 -7.53418e-05
1.38 -7.24892e-05
1.39 -6.66487e-05
1.4 -5.84542e-05
1.41 -4.89758e-05
1.42 -3.98619e-05
1.43 -3.2986e-05
1.44 -2.94467e-05
1.45 -2.87213e-05
1.46 -2.89364e-05
1.47 -2.81704e-05
1.48 -2.56248e-05
1.49 -2.16472e-05
1.5 -1.6789e-05
1.51 -1.09985e-05
1.52 -3.74542e-06
1.53 5.20336e-06
1.54 1.52519e-05
1.55 2.5193e-05
1.56 3.3932e-05
1.57 4.10936e-05
1.58 4.70012e-05
1.59 5.20265e-05
1.6 5.59276e-05
1.61 5.78505e-05
1.62 5.70121e-05
1.63 5.34495e-05
1.64 4.81833e-05
1.65 4.26316e-05
1.66 3.77626e-05
1.67 3.37042e-05
1.68 3.00541e-05
1.69 2.6463e-05
1.7 2.29076e-05
1.71 1.94973e-05
1.72 1.61386e-05
1.73 1.24524e-05
1.74 8.04058e-06
1.75 2.83882e-06
1.76 -2.76382e-06
1.77 -8.08602e-06
1.78 -1.24198e-05
1.79 -1.52598e-05
1.8 -1.64437e-05
1.81 -1.61611e-05
1.82 -1.47937e-05
1.83 -1.26193e-05
1.84 -9.5464e-06
1.85 -5.12849e-06
1.86 1.08318e-06
1.87 9.14613e-06
1.88 1.86863e-05
1.89 2.92747e-05
1.9 4.08145e-05
1.91 5.34514e-05
1.92 6.70035e-05
1.93 8.04584e-05
1.94 9.2104e-05
1.95 0.000100313
1.96 0.000104406
1.97 0.000104913
1.98 0.000103048
1.99 9.98302e-05
2 9.55357e-05
2.01 8.98602e-05
2.02 8.25657e-05
2.03 7.40307e-05
2.04 6.52678e-05
2.05 5.73844e-05
2.06 5.08801e-05
2.07 4.53057e-05
2.08 3.95492e-05
2.09 3.26196e-05
2.1 2.44137e-05
2.11 1.58196e-05
2.12 8.02266e-06
2.13 1.65386e-06
2.14 -3.44339e-06
2.15 -7.70934e-06
2.16 -1.12013e-05
2.17 -1.33961e-05
2.18 -1.36043e-05
2.19 -1.16386e-05
2.2 -8.11554e-06
2.21 -3.9448e-06
2.22 6.62034e-07
2.23 6.67323e-06
2.24 1.56116e-05
2.25 2.83179e-05
2.26 4.42174e-05
2.27 6.17243e-05
2.28 7.93541e-05
2.29 9.65483e-05
2.3 0.00011362
2.31 0.000131066
2.32 0.000148932
2.33 0.000166703
2.34 0.000183648
2.35 0.000199186
2.36 0.000212952
2.37 0.000224555
2.38 0.000233289
2.39 0.000238157
2.4 0.000238291
2.41 0.00023347
2.42 0.000224321
2.43 0.000212057
2.44 0.000198001
2.45 0.000183167
2.46 0.000168115
2.47 0.000153114
2.48 0.000138421
2.49 0.000124416
2.5 0.000111516
2.51 9.9996e-05
2.52 8.98955e-05
2.53 8.1104e-05
2.54 7.36153e-05
2.55 6.78277e-05
2.56 6.46128e-05
2.57 6.48927e-05
2.58 6.89093e-05
2.59 7.5823e-05
2.6 8.40546e-05
2.61 9.21254e-05
2.62 9.93893e-05
2.63 0.000106183
2.64 0.000113395
2.65 0.000121883
2.66 0.000132199
2.67 0.000144701
2.68 0.000159725
2.69 0.000177447
2.7 0.000197506
2.71 0.00021882
2.72 0.000239935
2.73 0.00025976
2.74 0.000278207
2.75 0.00029629
2.76 0.000315571
2.77 0.000337289
2.78 0.000361758
2.79 0.000388396
2.8 0.000416278
2.81 0.000444716
2.82 0.00047345
2.83 0.000502335
2.84 0.000530724
2.85 0.000556983
2.86 0.000578528
2.87 0.000592358
2.88 0.000595862
2.89 0.0005877
2.9 0.000568222
2.91 0.000538879
2.92 0.000500851
2.93 0.000453998
2.94 0.000396939
2.95 0.000327961
2.96 0.000245842
2.97 0.000149935
2.98 3.97482e-05
2.99 -8.53539e-05
3 -0.000225909
3.01 -0.00038163
3.02 -0.000550338
3.03 -0.000726873
3.04 -0.000903042
3.05 -0.00106964
3.06 -0.0012196
3.07 -0.00135041
3.08 -0.00146507
3.09 -0.00157199
3.1 -0.00168327
3.11 -0.00181008
3.12 -0.00195698
3.13 -0.0021192
3.14 -0.0022855
3.15 -0.00244381
3.16 -0.00258578
3.17 -0.00270749
3.18 -0.0028059
3.19 -0.00287515
3.2 -0.00290766
3.21 -0.00290062
3.22 -0.002861
3.23 -0.00280269
3.24 -0.002738
3.25 -0.00267106
3.26 -0.00259821
3.27 -0.00251403
3.28 -0.00241735
3.29 -0.00231204
3.3 -0.00220251
3.31 -0.00208858
3.32 -0.00196489
3.33 -0.00182576
3.34 -0.00167224
3.35 -0.00151581
3.36 -0.00137511
3.37 -0.00126645
3.38 -0.00119508
3.39 -0.00115413
3.4 -0.00113094
3.41 -0.00111348
3.42 -0.00109235
3.43 -0.00105998
3.44 -0.00101067
3.45 -0.00094229
3.46 -0.000857464
3.47 -0.00076199
3.48 -0.000661244
3.49 -0.000557106
3.5 -0.000447652
3.51 -0.000330275
3.52 -0.000206632
3.53 -8.52851e-05
3.54 2.14371e-05
3.55 0.000104852
3.56 0.000165731
3.57 0.000214129
3.58 0.000264299
3.59 0.000329032
3.6 0.000415997
3.61 0.00052569
3.62 0.000651444
3.63 0.00078375
3.64 0.000917498
3.65 0.00105565
3.66 0.00120573
3.67 0.00137344
3.68 0.00155981
3.69 0.00176307
3.7 0.00198129
3.71 0.0022122
3.72 0.00245095
3.73 0.00268892
3.74 0.00291454
3.75 0.00311455
3.76 0.00327491
3.77 0.00338274
3.78 0.00342988
3.79 0.00341619
3.8 0.00335044
3.81 0.00324867
3.82 0.00313082
3.83 0.0030165
3.84 0.00292112
3.85 0.00285332
3.86 0.00281441
3.87 0.00279917
3.88 0.00279705
3.89 0.00279375
3.9 0.00277396
3.91 0.00272506
3.92 0.00264039
3.93 0.0025206
3.94 0.00237271
3.95 0.00220781
3.96 0.00203822
3.97 0.00187491
3.98 0.0017255
3.99 0.00159313
4 0.00147611
4.01 0.00136903
4.02 0.00126535
4.03 0.00116009
4.04 0.00105048
4.05 0.000933869
4.06 0.000805578
4.07 0.000660508
4.08 0.000498447
4.09 0.000327694
4.1 0.000162302
4.11 1.44252e-05
4.12 -0.000112138
4.13 -0.000222029
4.14 -0.000322299
4.15 -0.000415968
4.16 -0.000501053
4.17 -0.00057503
4.18 -0.000639283
4.19 -0.000698734
4.2 -0.000757177
4.21 -0.000813012
4.22 -0.000859325
4.23 -0.000887636
4.24 -0.00089154
4.25 -0.000867905
4.26 -0.000816497
4.27 -0.000739466
4.28 -0.000640761
4.29 -0.000525338
4.3 -0.000398732
4.31 -0.000267141
4.32 -0.000137159
4.33 -1.44544e-05
4.34 9.79451e-05
4.35 0.000200362
4.36 0.000295493
4.37 0.000386391
4.38 0.000474626
4.39 0.000559556
4.4 0.000638664
4.41 0.000708226
4.42 0.000763824
4.43 0.000800871
4.44 0.000815334
4.45 0.00080415
4.46 0.000765127
4.47 0.000697044
4.48 0.00060061
4.49 0.000479562
4.5 0.000340572
4.51 0.000191772
4.52 4.0669e-05
4.53 -0.000107566
4.54 -0.00025021
4.55 -0.000385061
4.56 -0.0005084
4.57 -0.000614961
4.58 -0.00069934
4.59 -0.000757317
4.6 -0.000787066
4.61 -0.000790415
4.62 -0.000773027
4.63 -0.000742615
4.64 -0.000705976
4.65 -0.000666806
4.66 -0.000625947
4.67 -0.0005838
4.68 -0.000542411
4.69 -0.000505206
4.7 -0.000475327
4.71 -0.000454907
4.72 -0.00044639
4.73 -0.000454522
4.74 -0.000486124
4.75 -0.000546277
4.76 -0.000633773
4.77 -0.000740717
4.78 -0.000857761
4.79 -0.000980891
4.8 -0.00111348
4.81 -0.00126129
4.82 -0.00142469
4.83 -0.0015952
4.84 -0.00175933
4.85 -0.00190653
4.86 -0.00203533
4.87 -0.00215291
4.88 -0.0022685
4.89 -0.00238559
4.9 -0.00249949
4.91 -0.00260207
4.92 -0.0026889
4.93 -0.00276182
4.94 -0.0028253
4.95 -0.0028804
4.96 -0.00292226
4.97 -0.0029435
4.98 -0.0029408
4.99 -0.0029185
5 -0.00288553
5.01 -0.00284873
5.02 -0.00280855
5.03 -0.00276055
5.04 -0.00270074
5.05 -0.00262958
5.06 -0.0025516
5.07 -0.00247161
5.08 -0.00239042
5.09 -0.00230329
5.1 -0.00220236
5.11 -0.00208118
5.12 -0.00193801
5.13 -0.00177556
5.14 -0.0015982
5.15 -0.00140904
5.16 -0.00120918
5.17 -0.000998916
5.18 -0.00077924
5.19 -0.000551563
5.2 -0.000315004
5.21 -6.35779e-05
5.22 0.00021285
5.23 0.000522253
5.24 0.000862593
5.25 0.00121927
5.26 0.00156992
5.27 0.00189137
5.28 0.00216563
5.29 0.00238908
5.3 0.0025809
5.31 0.00277287
5.32 0.00297869
5.33 0.00317493
5.34 0.00331997
5.35 0.0033917
5.36 0.00340384
5.37 0.00338808
5.38 0.00336415
5.39 0.00332765
5.4 0.00326473
5.41 0.00317468
5.42 0.00307681
5.43 0.00299688
5.44 0.00294775
5.45 0.00292097
5.46 0.00289531
5.47 0.00285329
5.48 0.002791
5.49 0.00271408
5.5 0.00262675
5.51 0.00252568
5.52 0.00240366
5.53 0.00225796
5.54 0.00209467
5.55 0.00192552
5.56 0.00176053
5.57 0.00160258
5.58 0.00144754
5.59 0.00128863
5.6 0.00112083
5.61 0.000942442
5.62 0.000753586
5.63 0.000553813
5.64 0.000341034
5.65 0.000113045
5.66 -0.000128898
5.67 -0.000376856
5.68 -0.000616787
5.69 -0.000834409
5.7 -0.00102225
5.71 -0.00118121
5.72 -0.00131569
5.73 -0.0014294
5.74 -0.00152719
5.75 -0.00161904
5.76 -0.00171767
5.77 -0.00182931
5.78 -0.00194755
5.79 -0.00205794
5.8 -0.00214735
5.81 -0.00220858
5.82 -0.00223908
5.83 -0.0022392
5.84 -0.00221109
5.85 -0.00215717
5.86 -0.00207992
5.87 -0.00198498
5.88 -0.00188366
5.89 -0.00178998
5.9 -0.00171435
5.91 -0.00165992
5.92 -0.00162345
5.93 -0.00159821
5.94 -0.00157612
5.95 -0.00154908
5.96 -0.00151014
5.97 -0.00145449
5.98 -0.00138002
5.99 -0.00128737
6 -0.00117983
6.01 -0.0010627
6.02 -0.000941668
6.03 -0.000820646
6.04 -0.000700606
6.05 -0.00057995
6.06 -0.000455215
6.07 -0.00032122
6.08 -0.000171624
6.09 -1.24685e-06
6.1 0.000190891
6.11 0.000400637
6.12 0.000620796
6.13 0.000843892
6.14 0.00106291
6.15 0.00127008
6.16 0.00145659
6.17 0.00161677
6.18 0.00175478
6.19 0.0018861
6.2 0.00202833
6.21 0.0021884
6.22 0.0023591
6.23 0.00252697
6.24 0.00268195
6.25 0.00282084
6.26 0.00294477
6.27 0.00305412
6.28 0.00314436
6.29 0.00320733
6.3 0.00323777
6.31 0.00323864
6.32 0.00321967
6.33 0.00319075
6.34 0.00315678
6.35 0.00311737
6.36 0.00307004
6.37 0.00301285
6.38 0.00294435
6.39 0.00286146
6.4 0.0027583
6.41 0.0026283
6.42 0.0024687
6.43 0.00228291
6.44 0.00207827
6.45 0.00186094
6.46 0.00163261
6.47 0.00139171
6.48 0.00113718
6.49 0.000870358
6.5 0.000591948
6.51 0.000296574
6.52 -2.89987e-05
6.53 -0.000399159
6.54 -0.000815728
6.55 -0.00125772
6.56 -0.00168606
6.57 -0.00206047
6.58 -0.00235514
6.59 -0.00257012
6.6 -0.00273759
6.61 -0.00290573
6.62 -0.00309758
6.63 -0.00328703
6.64 -0.00342537
6.65 -0.00348819
6.66 -0.00349165
6.67 -0.00347041
6.68 -0.00344442
6.69 -0.00340423
6.7 -0.00332656
6.71 -0.00320321
6.72 -0.0030529
6.73 -0.00290668
6.74 -0.00278443
6.75 -0.00268404
6.76 -0.00258928
6.77 -0.00248597
6.78 -0.00237092
6.79 -0.0022475
6.8 -0.00211565
6.81 -0.00196739
6.82 -0.00179158
6.83 -0.00158247
6.84 -0.00134415
6.85 -0.00108758
6.86 -0.000823313
6.87 -0.000555274
6.88 -0.000279504
6.89 1.24638e-05
6.9 0.000327674
6.91 0.000666101
6.92 0.00101787
6.93 0.00136497
6.94 0.00168594
6.95 0.00196052
6.96 0.00217624
6.97 0.00233939
6.98 0.00247755
6.99 0.00261756
7 0.0027556
7.01 0.00285791
7.02 0.00289465
7.03 0.00286835
7.04 0.00281132
7.05 0.00276091
7.06 0.00273429
7.07 0.00272108
7.08 0.00269845
7.09 0.00265334
7.1 0.00259095
7.11 0.00252527
7.12 0.00246376
7.13 0.00240029
7.14 0.00232135
7.15 0.00221828
7.16 0.00209384
7.17 0.00195841
7.18 0.00182117
7.19 0.00168446
7.2 0.00154475
7.21 0.00139764
7.22 0.0012413
7.23 0.00107607
7.24 0.000901517
7.25 0.00071439
7.26 0.000509372
7.27 0.000282074
7.28 3.24291e-05
7.29 -0.000233428
7.3 -0.000503429
7.31 -0.000761802
7.32 -0.000993081
7.33 -0.00118614
7.34 -0.00133494
7.35 -0.0014364
7.36 -0.00149097
7.37 -0.00150709
7.38 -0.00150069
7.39 -0.00148487
7.4 -0.00146111
7.41 -0.00142514
7.42 -0.00138102
7.43 -0.00134402
7.44 -0.00132806
7.45 -0.00133297
7.46 -0.0013454
7.47 -0.00135085
7.48 -0.00134493
7.49 -0.00133578
7.5 -0.00133741
7.51 -0.00135995
7.52 -0.00140424
7.53 -0.00146422
7.54 -0.00153321
7.55 -0.0016078
7.56 -0.00168688
7.57 -0.00176832
7.58 -0.00184676
7.59 -0.00191435
7.6 -0.00196366
7.61 -0.00199116
7.62 -0.00199907
7.63 -0.00199429
7.64 -0.00198498
7.65 -0.00197716
7.66 -0.0019734
7.67 -0.00197373
7.68 -0.00197713
7.69 -0.00198186
7.7 -0.00198482
7.71 -0.00198119
7.72 -0.00196521
7.73 -0.00193205
7.74 -0.00187932
7.75 -0.00180761
7.76 -0.00171948
7.77 -0.00161786
7.78 -0.001505
7.79 -0.00138302
7.8 -0.00125449
7.81 -0.00112184
7.82 -0.000985679
7.83 -0.000843643
7.84 -0.000690919
7.85 -0.000522032
7.86 -0.000332216
7.87 -0.000117542
7.88 0.000125161
7.89 0.000397198
7.9 0.000695973
7.91 0.00101391
7.92 0.0013391
7.93 0.0016561
7.94 0.00194706
7.95 0.00219723
7.96 0.0024055
7.97 0.00258709
7.98 0.00275695
7.99 0.00290748
8 0.00300801
8.01 0.00302941
8.02 0.00296778
8.03 0.00284471
8.04 0.00268764
8.05 0.00251048
8.06 0.00231109
8.07 0.00208431
8.08 0.00183526
8.09 0.00158078
8.1 0.0013389
8.11 0.00111474
8.12 0.000893494
8.13 0.000646603
8.14 0.000345183
8.15 -3.14018e-05
8.16 -0.000494406
8.17 -0.00104265
8.18 -0.00165263
8.19 -0.00227099
8.2 -0.00282423
8.21 -0.00325355
8.22 -0.00355976
8.23 -0.00380847
8.24 -0.00406305
8.25 -0.00430593
8.26 -0.00444902
8.27 -0.0044298
8.28 -0.00428077
8.29 -0.00409854
8.3 -0.00395925
8.31 -0.00387219
8.32 -0.00380352
8.33 -0.00372759
8.34 -0.00365317
8.35 -0.00361029
8.36 -0.00361757
8.37 -0.00366004
8.38 -0.00369627
8.39 -0.00368802
8.4 -0.00362498
8.41 -0.00352387
8.42 -0.00340796
8.43 -0.00328953
8.44 -0.0031691
8.45 -0.00304606
8.46 -0.00292717
8.47 -0.00282492
8.48 -0.00274853
8.49 -0.00269581
8.5 -0.00265231
8.51 -0.00259816
8.52 -0.00251676
8.53 -0.00239969
8.54 -0.00224609
8.55 -0.00205935
8.56 -0.00184445
8.57 -0.00160718
8.58 -0.0013542
8.59 -0.00109259
8.6 -0.000827924
8.61 -0.000561114
8.62 -0.000285086
8.63 1.65857e-05
8.64 0.000366179
8.65 0.000781732
8.66 0.00126401
8.67 0.00178898
8.68 0.00231108
8.69 0.00277838
8.7 0.00316175
8.71 0.00348361
8.72 0.00380274
8.73 0.0041441
8.74 0.00444922
8.75 0.0046227
8.76 0.0046293
8.77 0.00452648
8.78 0.00440315
8.79 0.00430634
8.8 0.00423016
8.81 0.00415549
8.82 0.00408583
8.83 0.00404893
8.84 0.00407251
8.85 0.0041578
8.86 0.00427229
8.87 0.00436832
8.88 0.0044122
8.89 0.00439916
8.9 0.00434434
8.91 0.00426373
8.92 0.00416451
8.93 0.00404998
8.94 0.0039291
8.95 0.00381895
8.96 0.00373801
8.97 0.00369607
8.98 0.00368871
8.99 0.00370009
9 0.00371167
9.01 0.00371021
9.02 0.00368996
9.03 0.00364985
9.04 0.00359012
9.05 0.00351208
9.06 0.00342017
9.07 0.00332313
9.08 0.00323204
9.09 0.00315626
9.1 0.00309961
9.11 0.00305941
9.12 0.00302818
9.13 0.00299683
9.14 0.00295699
9.15 0.00290148
9.16 0.00282364
9.17 0.00271785
9.18 0.00258215
9.19 0.00242088
9.2 0.00224385
9.21 0.00206128
9.22 0.00187767
9.23 0.00168972
9.24 0.00149179
9.25 0.00128443
9.26 0.00107484
9.27 0.00086526
9.28 0.000641917
9.29 0.000379204
9.3 5.66086e-05
9.31 -0.000327297
9.32 -0.000753814
9.33 -0.00119428
9.34 -0.00162307
9.35 -0.00202285
9.36 -0.00237871
9.37 -0.00267609
9.38 -0.00291653
9.39 -0.00313085
9.4 -0.00335639
9.41 -0.00359467
9.42 -0.00380378
9.43 -0.00393869
9.44 -0.00399278
9.45 -0.00399787
9.46 -0.00398922
9.47 -0.00397547
9.48 -0.00394204
9.49 -0.00387767
9.5 -0.00379261
9.51 -0.00371339
9.52 -0.00366332
9.53 -0.00364612
9.54 -0.00364474
9.55 -0.00363502
9.56 -0.00360149
9.57 -0.00354251
9.58 -0.00346361
9.59 -0.0033685
9.6 -0.00325647
9.61 -0.00312647
9.62 -0.00298202
9.63 -0.00283208
9.64 -0.00268719
9.65 -0.00255403
9.66 -0.00243217
9.67 -0.00231523
9.68 -0.00219493
9.69 -0.00206457
9.7 -0.00191978
9.71 -0.00175717
9.72 -0.00157356
9.73 -0.00136683
9.74 -0.0011376
9.75 -0.000889605
9.76 -0.000627935
9.77 -0.000355879
9.78 -7.25953e-05
9.79 0.000225929
9.8 0.000542032
9.81 0.000871226
9.82 0.00120215
9.83 0.00152147
9.84 0.00181693
9.85 0.00207697
9.86 0.00229632
9.87 0.00248786
9.88 0.00267984
9.89 0.00288878
9.9 0.00309648
9.91 0.00326185
9.92 0.00335469
9.93 0.00337611
9.94 0.00335137
9.95 0.00330648
9.96 0.00324995
9.97 0.00317503
9.98 0.00307758
9.99 0.00296874
10 0.00287005
10.01 0.00279778
10.02 0.00275094
10.03 0.00271182
10.04 0.002658
10.05 0.00257606
10.06 0.00246583
10.07 0.00233385
10.08 0.0021846
10.09 0.00201773
10.1 0.00183217
10.11 0.0016314
10.12 0.00142426
10.13 0.00122063
10.14 0.00102616
10.15 0.000839799
10.16 0.000654881
10.17 0.000461804
10.18 0.000250519
10.19 1.28904e-05
10.2 -0.000254194
10.21 -0.000545767
10.22 -0.000848734
10.23 -0.0011459
10.24 -0.00142009
10.25 -0.00165455
10.26 -0.0018341
10.27 -0.00195367
10.28 -0.00202778
10.29 -0.00208409
10.3 -0.00214164
10.31 -0.00219732
10.32 -0.00223565
10.33 -0.00224681
10.34 -0.00223333
10.35 -0.00220498
10.36 -0.0021705
10.37 -0.00213059
10.38 -0.00207662
10.39 -0.00199869
10.4 -0.00189612
10.41 -0.00177915
10.42 -0.00166007
10.43 -0.001544
10.44 -0.00142757
10.45 -0.00130486
10.46 -0.00117325
10.47 -0.00103395
10.48 -0.00088858
10.49 -0.000736048
10.5 -0.000572817
10.51 -0.000395423
10.52 -0.000202889
10.53 2.19684e-06
10.54 0.000213778
10.55 0.000423467
10.56 0.000622585
10.57 0.000804163
10.58 0.000963426
10.59 0.00109635
10.6 0.00119818
10.61 0.00126487
10.62 0.001297
10.63 0.00130149
10.64 0.00128726
10.65 0.00125825
10.66 0.00121158
10.67 0.00114261
10.68 0.00105037
10.69 0.000938266
10.7 0.00081129
10.71 0.000673398
10.72 0.000526484
10.73 0.000370253
10.74 0.000203301
10.75 2.59407e-05
10.76 -0.000157059
10.77 -0.000336897
10.78 -0.00050485
10.79 -0.000656735
10.8 -0.00079383
10.81 -0.000919648
10.82 -0.00103567
10.83 -0.00114002
10.84 -0.00123037
10.85 -0.0013079
10.86 -0.00137722
10.87 -0.00144088
10.88 -0.00149472
10.89 -0.00152997
10.9 -0.00154039
10.91 -0.00152616
10.92 -0.00149121
10.93 -0.00143861
10.94 -0.0013696
10.95 -0.00128594
10.96 -0.00119147
10.97 -0.0010911
10.98 -0.000988912
10.99 -0.000886775
11 -0.000783942
11.01 -0.000677559
11.02 -0.00056409
11.03 -0.000440955
11.04 -0.000307364
11.05 -0.00016421
11.06 -1.39038e-05
11.07 0.000139371
11.08 0.000289871
11.09 0.000431867
11.1 0.000561688
11.11 0.000678294
11.12 0.000781803
11.13 0.000871489
11.14 0.000945442
11.15 0.00100254
11.16 0.00104482
11.17 0.00107729
11.18 0.00110476
11.19 0.00112866
11.2 0.00114678
11.21 0.0011559
11.22 0.00115379
11.23 0.00113911
11.24 0.00111039
11.25 0.00106603
11.26 0.00100535
11.27 0.000929156
11.28 0.000839329
11.29 0.000738155
11.3 0.000627854
11.31 0.000510184
11.32 0.000385958
11.33 0.000254754
11.34 0.000115158
11.35 -3.46155e-05
11.36 -0.000196111
11.37 -0.000370211
11.38 -0.000556942
11.39 -0.000755227
11.4 -0.000962133
11.41 -0.00117161
11.42 -0.00137412
11.43 -0.00155915
11.44 -0.00172048
11.45 -0.00185986
11.46 -0.00198416
11.47 -0.00209795
11.48 -0.00219929
11.49 -0.00228214
11.5 -0.00234098
11.51 -0.00237328
11.52 -0.00238079
11.53 -0.00236937
11.54 -0.0023455
11.55 -0.00231148
11.56 -0.00226572
11.57 -0.00220778
11.58 -0.00214166
11.59 -0.00207323
11.6 -0.00200532
11.61 -0.001936
11.62 -0.00186071
11.63 -0.00177572
11.64 -0.00167976
11.65 -0.00157324
11.66 -0.00145639
11.67 -0.00132827
11.68 -0.00118737
11.69 -0.00103306
11.7 -0.000866292
11.71 -0.000688671
11.72 -0.000500685
11.73 -0.000300486
11.74 -8.4515e-05
11.75 0.000150265
11.76 0.000404056
11.77 0.000673588
11.78 0.000953702
11.79 0.00123917
11.8 0.00152361
11.81 0.0017964
11.82 0.00204506
11.83 0.00226651
11.84 0.00247504
11.85 0.00269094
11.86 0.00291747
11.87 0.00313263
11.88 0.00330533
11.89 0.00341791
11.9 0.00347545
11.91 0.00349781
11.92 0.00350221
11.93 0.00349163
11.94 0.00346005
11.95 0.00340756
11.96 0.00334751
11.97 0.00329879
11.98 0.00327222
11.99 0.00326383
12 0.00325943
12.01 0.00324521
12.02 0.00321491
12.03 0.00316907
12.04 0.00310954
12.05 0.00303569
12.06 0.00294542
12.07 0.00283884
12.08 0.00272035
12.09 0.00259715
12.1 0.00247563
12.11 0.00235872
12.12 0.00224552
12.13 0.00213282
12.14 0.00201691
12.15 0.00189438
12.16 0.00176193
12.17 0.00161617
12.18 0.00145396
12.19 0.00127344
12.2 0.00107475
12.21 0.000859746
12.22 0.000630677
12.23 0.000388835
12.24 0.000134233
12.25 -0.000133056
12.26 -0.000410557
12.27 -0.00069223
12.28 -0.000970544
12.29 -0.00124022
12.3 -0.00149838
12.31 -0.00173974
12.32 -0.0019553
12.33 -0.00214227
12.34 -0.00231482
12.35 -0.00249569
12.36 -0.00269189
12.37 -0.00288314
12.38 -0.00303717
12.39 -0.00313339
12.4 -0.00317338
12.41 -0.00317474
12.42 -0.00315591
12.43 -0.00312358
12.44 -0.00307396
12.45 -0.00300594
12.46 -0.0029305
12.47 -0.00286579
12.48 -0.00282396
12.49 -0.00280273
12.5 -0.00278843
12.51 -0.00276632
12.52 -0.00272865
12.53 -0.0026751
12.54 -0.00260766
12.55 -0.00252643
12.56 -0.00242996
12.57 -0.0023187
12.58 -0.00219747
12.59 -0.00207415
12.6 -0.0019557
12.61 -0.00184459
12.62 -0.00173837
12.63 -0.00163193
12.64 -0.0015201
12.65 -0.00139887
12.66 -0.00126494
12.67 -0.00111514
12.68 -0.00094672
12.69 -0.000758404
12.7 -0.000551447
12.71 -0.000329699
12.72 -9.84996e-05
12.73 0.000136771
12.74 0.000371173
12.75 0.000599831
12.76 0.000818338
12.77 0.00102416
12.78 0.00121659
12.79 0.00139417
12.8 0.00155311
12.81 0.00169171
12.82 0.00181678
12.83 0.00194157
12.84 0.00207326
12.85 0.00220335
12.86 0.00231285
12.87 0.00238575
12.88 0.00241716
12.89 0.00241261
12.9 0.00238314
12.91 0.00233903
12.92 0.00228509
12.93 0.00222213
12.94 0.00215345
12.95 0.00208792
12.96 0.00203522
12.97 0.00199835
12.98 0.00197122
12.99 0.00194297
13 0.00190442
13.01 0.0018516
13.02 0.00178497
13.03 0.00170668
13.04 0.00161872
13.05 0.00152321
13.06 0.00142353
13.07 0.00132467
13.08 0.00123183
13.09 0.00114803
13.1 0.00107276
13.11 0.00100238
13.12 0.000931727
13.13 0.000855833
13.14 0.000770824
13.15 0.000674192
13.16 0.000564785
13.17 0.00044288
13.18 0.000310244
13.19 0.000169904
13.2 2.54546e-05
13.21 -0.000119859
13.22 -0.000263938
13.23 -0.000406253
13.24 -0.000547833
13.25 -0.000690773
13.26 -0.000837124
13.27 -0.000987478
13.28 -0.00114018
13.29 -0.00129234
13.3 -0.00144235
13.31 -0.00159162
13.32 -0.00174281
13.33 -0.00189567
13.34 -0.00204444
13.35 -0.00217964
13.36 -0.00229255
13.37 -0.00237899
13.38 -0.00244044
13.39 -0.00248231
13.4 -0.00251032
13.41 -0.00252745
13.42 -0.00253444
13.43 -0.00253283
13.44 -0.0025265
13.45 -0.00251974
13.46 -0.00251416
13.47 -0.00250767
13.48 -0.0024962
13.49 -0.00247626
13.5 -0.00244638
13.51 -0.00240696
13.52 -0.00235923
13.53 -0.00230448
13.54 -0.00224406
13.55 -0.00217984
13.56 -0.00211437
13.57 -0.0020502
13.58 -0.00198888
13.59 -0.00193033
13.6 -0.00187301
13.61 -0.00181472
13.62 -0.00175334
13.63 -0.00168711
13.64 -0.00161473
13.65 -0.00153532
13.66 -0.00144853
13.67 -0.00135462
13.68 -0.00125442
13.69 -0.00114899
13.7 -0.00103909
13.71 -0.000924773
13.72 -0.000805302
13.73 -0.00067921
13.74 -0.00054451
13.75 -0.000398979
13.76 -0.000240583
13.77 -6.8041e-05
13.78 0.00011856
13.79 0.00031739
13.8 0.000525069
13.81 0.000737387
13.82 0.000949894
13.83 0.00115749
13.84 0.00135332
13.85 0.00152959
13.86 0.00168214
13.87 0.00181599
13.88 0.0019439
13.89 0.00207609
13.9 0.00221035
13.91 0.00233332
13.92 0.00243105
13.93 0.00249797
13.94 0.00253837
13.95 0.00256144
13.96 0.00257401
13.97 0.00257647
13.98 0.00256574
13.99 0.00254227
14 0.00251311
14.01 0.00248751
14.02 0.00247013
14.03 0.00245847
14.04 0.00244609
14.05 0.00242782
14.06 0.00240244
14.07 0.00237147
14.08 0.00233639
14.09 0.00229711
14.1 0.00225282
14.11 0.00220385
14.12 0.00215259
14.13 0.00210251
14.14 0.00205606
14.15 0.00201341
14.16 0.00197263
14.17 0.00193116
14.18 0.00188713
14.19 0.00183979
14.2 0.00178905
14.21 0.00173486
14.22 0.00167701
14.23 0.00161555
14.24 0.00155116
14.25 0.00148522
14.26 0.00141934
14.27 0.00135482
14.28 0.00129217
14.29 0.00123113
14.3 0.0011708
14.31 0.00110999
14.32 0.00104743
14.33 0.000982021
14.34 0.000912857
14.35 0.000839305
14.36 0.000761071
14.37 0.000678246
14.38 0.000591169
14.39 0.000500193
14.4 0.000405494
14.41 0.000307028
14.42 0.000204603
14.43 9.79234e-05
14.44 -1.34347e-05
14.45 -0.000130011
14.46 -0.000252328
14.47 -0.000380666
14.48 -0.000514786
14.49 -0.000653597
14.5 -0.000794807
14.51 -0.000934814
14.52 -0.00106935
14.53 -0.00119505
14.54 -0.00131129
14.55 -0.00142063
14.56 -0.00152709
14.57 -0.0016331
14.58 -0.00173768
14.59 -0.00183726
14.6 -0.0019283
14.61 -0.00200966
14.62 -0.00208296
14.63 -0.00215076
14.64 -0.00221388
14.65 -0.00227026
14.66 -0.00231641
14.67 -0.00234996
14.68 -0.00237089
14.69 -0.00238038
14.7 -0.00237913
14.71 -0.00236665
14.72 -0.00234208
14.73 -0.0023055
14.74 -0.00225848
14.75 -0.00220351
14.76 -0.00214274
14.77 -0.00207722
14.78 -0.00200699
14.79 -0.0019319
14.8 -0.00185228
14.81 -0.001769
14.82 -0.0016831
14.83 -0.00159545
14.84 -0.00150648
14.85 -0.00141626
14.86 -0.00132458
14.87 -0.00123128
14.88 -0.00113637
14.89 -0.00104004
14.9 -0.000942544
14.91 -0.000844035
14.92 -0.000744472
14.93 -0.000643718
14.94 -0.000541731
14.95 -0.000438705
14.96 -0.000335023
14.97 -0.000231078
14.98 -0.000127098
14.99 -2.30829e-05
15 8.11439e-05
15.01 0.000185873
15.02 0.000291453
15.03 0.000398135
15.04 0.00050579
15.05 0.000613561
15.06 0.00071958
15.07 0.000821003
15.08 0.000914655
15.09 0.000998205
15.1 0.00107118
15.11 0.00113489
15.12 0.00119105
15.13 0.00124021
15.14 0.00128127
15.15 0.00131241
15.16 0.00133242
15.17 0.00134165
15.18 0.00134206
15.19 0.00133631
15.2 0.00132654
15.21 0.00131356
15.22 0.00129709
15.23 0.00127681
15.24 0.00125291
15.25 0.00122577
15.26 0.00119523
15.27 0.00116029
15.28 0.00111962
15.29 0.00107233
15.3 0.00101841
15.31 0.00095862
15.32 0.00089401
15.33 0.000825534
15.34 0.000753903
15.35 0.000679691
15.36 0.000603497
15.37 0.000525957
15.38 0.000447594
15.39 0.000368701
15.4 0.000289414
15.41 0.000209868
15.42 0.000130321
15.43 5.12526e-05
15.44 -2.65461e-05
15.45 -0.000101985
15.46 -0.000173857
15.47 -0.000241001
15.48 -0.000302246
15.49 -0.000356201
15.5 -0.00040125
15.51 -0.000435879
15.52 -0.000459152
15.53 -0.000471035
15.54 -0.00047235
15.55 -0.000464404
15.56 -0.000448533
15.57 -0.000425832
15.58 -0.000397123
15.59 -0.000363049
15.6 -0.000324196
15.61 -0.000281245
15.62 -0.000235114
15.63 -0.000186955
15.64 -0.000137911
15.65 -8.87852e-05
15.66 -3.9862e-05
15.67 8.99504e-06
15.68 5.81336e-05
15.69 0.000107988
15.7 0.00015898
15.71 0.000211267
15.72 0.000264395
15.73 0.000317112
15.74 0.000367575
15.75 0.000413855
15.76 0.000454439
15.77 0.000488442
15.78 0.000515531
15.79 0.000535764
15.8 0.000549459
15.81 0.000557098
15.82 0.000559223
15.83 0.000556326
15.84 0.000548772
15.85 0.000536746
15.86 0.000520233
15.87 0.000499091
15.88 0.000473191
15.89 0.000442521
15.9 0.000407213
15.91 0.000367508
15.92 0.00032372
15.93 0.000276222
15.94 0.000225472
15.95 0.000172076
15.96 0.000116817
15.97 6.06386e-05
15.98 4.55271e-06
15.99 -5.04903e-05
16 -0.000103732
16.01 -0.000154631
16.02 -0.000202727
16.03 -0.000247418
16.04 -0.000287889
16.05 -0.00032328
16.06 -0.000352939
16.07 -0.000376523
16.08 -0.000393937
16.09 -0.000405297
16.1 -0.000410974
16.11 -0.000411623
16.12 -0.000408089
16.13 -0.000401226
16.14 -0.000391754
16.15 -0.000380233
16.16 -0.000367135
16.17 -0.000352917
16.18 -0.000338037
16.19 -0.000322918
16.2 -0.000307871
16.21 -0.000293026
16.22 -0.000278358
16.23 -0.000263887
16.24 -0.000249958
16.25 -0.000237332
16.26 -0.000226925
16.27 -0.000219378
16.28 -0.000214862
16.29 -0.000213236
16.3 -0.000214394
16.31 -0.000218469
16.32 -0.000225736
16.33 -0.000236326
16.34 -0.000250036
16.35 -0.000266368
16.36 -0.000284745
16.37 -0.000304682
16.38 -0.000325781
16.39 -0.000347578
16.4 -0.000369448
16.41 -0.00039065
16.42 -0.000410446
16.43 -0.000428192
16.44 -0.000443356
16.45 -0.000455471
16.46 -0.00046403
16.47 -0.000468399
16.48 -0.000467795
16.49 -0.000461385
16.5 -0.000448434
16.51 -0.000428484
16.52 -0.000401497
16.53 -0.000367887
16.54 -0.000328435
16.55 -0.000284132
16.56 -0.000235967
16.57 -0.00018476
16.58 -0.000131088
16.59 -7.53521e-05
16.6 -1.78991e-05
16.61 4.09094e-05
16.62 0.00010067
16.63 0.000160881
16.64 0.000220803
16.65 0.000279302
16.66 0.000334857
16.67 0.000385776
16.68 0.000430505
16.69 0.000467877
16.7 0.000497234
16.71 0.000518402
16.72 0.000531549
16.73 0.000537043
16.74 0.000535423
16.75 0.000527416
16.76 0.000513915
16.77 0.000495826
16.78 0.000473832
16.79 0.000448141
16.8 0.000418348
16.81 0.000383526
16.82 0.000342557
16.83 0.000294616
16.84 0.000239544
16.85 0.000177896
16.86 0.000110638
16.87 3.87568e-05
16.88 -3.6941e-05
16.89 -0.000115763
16.9 -0.000197028
16.91 -0.000280097
16.92 -0.00036439
16.93 -0.000449203
16.94 -0.000533408
16.95 -0.000615305
16.96 -0.000692774
16.97 -0.000763773
16.98 -0.000826916
16.99 -0.000881763
17 -0.000928562
17.01 -0.000967767
17.02 -0.000999762
17.03 -0.00102495
17.04 -0.00104385
17.05 -0.00105682
17.06 -0.00106378
17.07 -0.00106427
17.08 -0.00105797
17.09 -0.00104531
17.1 -0.00102734
17.11 -0.00100513
17.12 -0.000979091
17.13 -0.000948947
17.14 -0.000914155
17.15 -0.000874334
17.16 -0.000829321
17.17 -0.000778923
17.18 -0.000722743
17.19 -0.000660289
17.2 -0.000591277
17.21 -0.000515804
17.22 -0.000434233
17.23 -0.000346893
17.24 -0.000253936
17.25 -0.000155488
17.26 -5.1887e-05
17.27 5.62641e-05
17.28 0.000168198
17.29 0.000283119
17.3 0.000400276
17.31 0.000518907
17.32 0.000637969
17.33 0.00075578
17.34 0.00086997
17.35 0.00097805
17.36 0.00107842
17.37 0.00117108
17.38 0.00125731
17.39 0.00133848
17.4 0.0014148
17.41 0.00148497
17.42 0.00154671
17.43 0.00159782
17.44 0.0016372
17.45 0.00166542
17.46 0.00168445
17.47 0.0016966
17.48 0.00170342
17.49 0.00170541
17.5 0.00170276
17.51 0.00169614
17.52 0.00168652
17.53 0.00167444
17.54 0.00165946
17.55 0.0016404
17.56 0.00161615
17.57 0.00158632
17.58 0.00155129
17.59 0.00151185
17.6 0.00146874
17.61 0.00142253
17.62 0.00137366
17.63 0.00132263
17.64 0.00126994
17.65 0.00121604
17.66 0.00116118
17.67 0.00110529
17.68 0.00104817
17.69 0.00098973
17.7 0.000930112
17.71 0.000869569
17.72 0.000808177
17.73 0.000745715
17.74 0.000681796
17.75 0.000616132
17.76 0.000548722
17.77 0.000479881
17.78 0.000410093
17.79 0.000339763
17.8 0.000269007
17.81 0.000197625
17.82 0.000125254
17.83 5.15755e-05
17.84 -2.356e-05
17.85 -0.000100117
17.86 -0.000177899
17.87 -0.000256534
17.88 -0.000335441
17.89 -0.000413816
17.9 -0.000490621
17.91 -0.000564665
17.92 -0.000634862
17.93 -0.000700645
17.94 -0.000762234
17.95 -0.000820523
17.96 -0.000876556
17.97 -0.000930922
17.98 -0.000983466
17.99 -0.00103342
18 -0.00107977
18.01 -0.00112159
18.02 -0.00115829
18.03 -0.0011896
18.04 -0.00121544
18.05 -0.00123576
18.06 -0.00125053
18.07 -0.00125996
18.08 -0.0012645
18.09 -0.00126475
18.1 -0.00126115
18.11 -0.00125385
18.12 -0.0012427
18.13 -0.00122752
18.14 -0.00120823
18.15 -0.00118506
18.16 -0.00115855
18.17 -0.00112946
18.18 -0.00109868
18.19 -0.00106708
18.2 -0.0010354
18.21 -0.00100416
18.22 -0.000973635
18.23 -0.000943981
18.24 -0.000915312
18.25 -0.000887759
18.26 -0.000861406
18.27 -0.000836198
18.28 -0.000811866
18.29 -0.000787961
18.3 -0.000763946
18.31 -0.000739285
18.32 -0.000713447
18.33 -0.000685915
18.34 -0.000656229
18.35 -0.000624009
18.36 -0.000588874
18.37 -0.000550285
18.38 -0.000507549
18.39 -0.000460032
18.4 -0.000407419
18.41 -0.000349758
18.42 -0.000287288
18.43 -0.000220254
18.44 -0.000148867
18.45 -7.34097e-05
18.46 5.61788e-06
18.47 8.74704e-05
18.48 0.000171311
18.49 0.000256426
18.5 0.000342254
18.51 0.000428206
18.52 0.000513483
18.53 0.000597082
18.54 0.000677904
18.55 0.000754843
18.56 0.000826831
18.57 0.000892995
18.58 0.000952862
18.59 0.00100645
18.6 0.00105409
18.61 0.00109611
18.62 0.00113259
18.63 0.00116335
18.64 0.00118814
18.65 0.00120691
18.66 0.00121983
18.67 0.0012272
18.68 0.00122923
18.69 0.00122595
18.7 0.00121724
18.71 0.00120292
18.72 0.00118273
18.73 0.0011563
18.74 0.00112322
18.75 0.00108306
18.76 0.00103551
18.77 0.000980282
18.78 0.000917193
18.79 0.000846094
18.8 0.0007669
18.81 0.000679597
18.82 0.000584244
18.83 0.000480997
18.84 0.000370146
18.85 0.000252126
18.86 0.00012749
18.87 -3.14327e-06
18.88 -0.000139121
18.89 -0.000279716
18.9 -0.000423983
18.91 -0.000570527
18.92 -0.000717293
18.93 -0.000861384
18.94 -0.000999043
18.95 -0.00112619
18.96 -0.00123992
18.97 -0.00134023
18.98 -0.00143032
18.99 -0.00151425
19 -0.00159353
19.01 -0.00166555
19.02 -0.00172528
19.03 -0.00176855
19.04 -0.00179445
19.05 -0.0018054
19.06 -0.00180524
19.07 -0.00179681
19.08 -0.00178075
19.09 -0.00175675
19.1 -0.00172549
19.11 -0.00168924
19.12 -0.0016503
19.13 -0.0016093
19.14 -0.00156475
19.15 -0.00151426
19.16 -0.00145599
19.17 -0.00138935
19.18 -0.00131459
19.19 -0.00123215
19.2 -0.00114232
19.21 -0.00104547
19.22 -0.000942446
19.23 -0.000834706
19.24 -0.000723973
19.25 -0.000611665
19.26 -0.00049844
19.27 -0.000384148
19.28 -0.000268198
19.29 -0.000150108
19.3 -2.99354e-05
19.31 9.17089e-05
19.32 0.000214007
19.33 0.000336336
19.34 0.000458336
19.35 0.000579547
19.36 0.000698841
19.37 0.000813994
19.38 0.000921859
19.39 0.00101952
19.4 0.00110593
19.41 0.0011828
19.42 0.00125332
19.43 0.00131977
19.44 0.00138179
19.45 0.00143695
19.46 0.00148251
19.47 0.00151668
19.48 0.00153904
19.49 0.00155046
19.5 0.0015527
19.51 0.0015475
19.52 0.00153573
19.53 0.0015177
19.54 0.00149398
19.55 0.00146589
19.56 0.00143478
19.57 0.00140106
19.58 0.001364
19.59 0.00132242
19.6 0.00127554
19.61 0.0012234
19.62 0.00116661
19.63 0.00110587
19.64 0.00104172
19.65 0.000974541
19.66 0.000904797
19.67 0.000833096
19.68 0.000759913
19.69 0.000685307
19.7 0.000608912
19.71 0.000530174
19.72 0.000448636
19.73 0.000364076
19.74 0.00027652
19.75 0.000186242
19.76 9.37244e-05
19.77 -4.49893e-07
19.78 -9.57133e-05
19.79 -0.000191518
19.8 -0.000287237
19.81 -0.000382061
19.82 -0.000474953
19.83 -0.000564654
19.84 -0.000649751
19.85 -0.000728861
19.86 -0.000800975
19.87 -0.000865808
19.88 -0.000923899
19.89 -0.000976277
19.9 -0.00102382
19.91 -0.00106671
19.92 -0.00110438
19.93 -0.00113587
19.94 -0.0011604
19.95 -0.00117778
19.96 -0.00118859
19.97 -0.00119385
19.98 -0.0011946
19.99 -0.00119157
20 -0.00118516
20.01 -0.00117568
20.02 -0.00116354
20.03 -0.00114921
20.04 -0.00113298
20.05 -0.00111491
20.06 -0.00109486
20.07 -0.00107264
20.08 -0.00104824
20.09 -0.00102189
20.1 -0.000993919
20.11 -0.000964583
20.12 -0.000934003
20.13 -0.000902323
20.14 -0.000869844
20.15 -0.000836962
20.16 -0.000803946
20.17 -0.000770729
20.18 -0.000736893
20.19 -0.000701831
20.2 -0.000664964
20.21 -0.000625906
20.22 -0.000584506
20.23 -0.000540808
20.24 -0.000494919
20.25 -0.000446901
20.26 -0.000396749
20.27 -0.000344449
20.28 -0.000289985
20.29 -0.000233268
20.3 -0.000174062
20.31 -0.000112006
20.32 -4.67258e-05
20.33 2.20295e-05
20.34 9.43126e-05
20.35 0.000170017
20.36 0.000248937
20.37 0.00033074
20.38 0.000414891
20.39 0.000500679
20.4 0.000587373
20.41 0.000674382
20.42 0.000761307
20.43 0.00084788
20.44 0.000933853
20.45 0.00101896
20.46 0.00110296
20.47 0.00118558
20.48 0.00126643
20.49 0.00134489
20.5 0.00142021
20.51 0.00149177
20.52 0.00155919
20.53 0.00162229
20.54 0.00168089
20.55 0.00173483
20.56 0.00178394
20.57 0.00182816
20.58 0.00186746
20.59 0.00190175
20.6 0.00193091
20.61 0.00195477
20.62 0.00197314
20.63 0.00198577
20.64 0.00199226
20.65 0.00199225
20.66 0.0019855
20.67 0.00197199
20.68 0.00195187
20.69 0.00192548
20.7 0.00189327
20.71 0.00185581
20.72 0.00181356
20.73 0.00176688
20.74 0.001716
20.75 0.00166116
20.76 0.00160263
20.77 0.00154063
20.78 0.0014752
20.79 0.00140621
20.8 0.00133354
20.81 0.00125714
20.82 0.00117715
20.83 0.00109378
20.84 0.00100724
20.85 0.000917619
20.86 0.000824886
20.87 0.000728838
20.88 0.000629205
20.89 0.000525738
20.9 0.000418196
20.91 0.000306301
20.92 0.000189781
20.93 6.85047e-05
20.94 -5.74369e-05
20.95 -0.000187789
20.96 -0.000322263
20.97 -0.000460561
20.98 -0.000602175
20.99 -0.000746017
21 -0.000890028
21.01 -0.00103109
21.02 -0.00116574
21.03 -0.00129184
21.04 -0.00141017
21.05 -0.0015241
21.06 -0.00163683
21.07 -0.00174806
21.08 -0.00185321
21.09 -0.00194592
21.1 -0.0020219
21.11 -0.00208112
21.12 -0.00212699
21.13 -0.00216316
21.14 -0.0021909
21.15 -0.00220915
21.16 -0.00221701
21.17 -0.00221576
21.18 -0.00220844
21.19 -0.00219753
21.2 -0.00218327
21.21 -0.00216394
21.22 -0.00213752
21.23 -0.0021031
21.24 -0.00206113
21.25 -0.00201271
21.26 -0.0019587
21.27 -0.00189948
21.28 -0.0018353
21.29 -0.00176682
21.3 -0.00169523
21.31 -0.00162177
21.32 -0.00154718
21.33 -0.00147155
21.34 -0.00139455
21.35 -0.00131583
21.36 -0.00123526
21.37 -0.0011528
21.38 -0.00106829
21.39 -0.000981397
21.4 -0.000891767
21.41 -0.00079933
21.42 -0.000704421
21.43 -0.000607622
21.44 -0.000509457
21.45 -0.000410253
21.46 -0.000310241
21.47 -0.000209734
21.48 -0.000109138
21.49 -8.74301e-06
21.5 9.15156e-05
21.51 0.000192065
21.52 0.000293421
21.53 0.000395794
21.54 0.000498732
21.55 0.000600907
21.56 0.000700076
21.57 0.000793377
21.58 0.000878058
21.59 0.000952491
21.6 0.00101685
21.61 0.00107274
21.62 0.0011219
21.63 0.00116495
21.64 0.00120126
21.65 0.00122976
21.66 0.00124976
21.67 0.00126149
21.68 0.00126595
21.69 0.0012646
21.7 0.00125861
21.71 0.00124845
21.72 0.0012339
21.73 0.00121461
21.74 0.00119044
21.75 0.0011615
21.76 0.00112779
21.77 0.00108919
21.78 0.0010456
21.79 0.000997193
21.8 0.000944364
21.81 0.0008877
21.82 0.000827872
21.83 0.000765546
21.84 0.000701295
21.85 0.000635555
21.86 0.00056862
21.87 0.000500671
21.88 0.000431803
21.89 0.000362115
21.9 0.000291797
21.91 0.000221162
21.92 0.000150607
21.93 8.05726e-05
21.94 1.15109e-05
21.95 -5.61502e-05
21.96 -0.000122056
21.97 -0.000185939
21.98 -0.000247566
21.99 -0.000306604
22 -0.000362531
22.01 -0.000414678
22.02 -0.000462385
22.03 -0.000505215
22.04 -0.000543157
22.05 -0.000576673
22.06 -0.000606471
22.07 -0.000633196
22.08 -0.000657246
22.09 -0.000678755
22.1 -0.000697677
22.11 -0.000713969
22.12 -0.000727785
22.13 -0.000739533
22.14 -0.00074972
22.15 -0.000758752
22.16 -0.000766824
22.17 -0.0007739
22.18 -0.000779741
22.19 -0.000784001
22.2 -0.000786336
22.21 -0.000786426
22.22 -0.000783952
22.23 -0.000778588
22.24 -0.000770073
22.25 -0.000758259
22.26 -0.000743109
22.27 -0.000724668
22.28 -0.000703005
22.29 -0.000678124
22.3 -0.000649919
22.31 -0.000618223
22.32 -0.000582924
22.33 -0.000544021
22.34 -0.00050159
22.35 -0.000455702
22.36 -0.000406341
22.37 -0.0003534
22.38 -0.000296734
22.39 -0.000236244
22.4 -0.000171943
22.41 -0.000103951
22.42 -3.23937e-05
22.43 4.26376e-05
22.44 0.00012101
22.45 0.000202393
22.46 0.00028618
22.47 0.000371569
22.48 0.00045773
22.49 0.000543865
22.5 0.000629132
22.51 0.000712566
22.52 0.000793124
22.53 0.000869812
22.54 0.000941861
22.55 0.00100881
22.56 0.00107043
22.57 0.00112656
22.58 0.00117701
22.59 0.0012214
22.6 0.00125922
22.61 0.00128989
22.62 0.00131302
22.63 0.00132863
22.64 0.00133706
22.65 0.0013387
22.66 0.00133368
22.67 0.00132191
22.68 0.00130321
22.69 0.00127757
22.7 0.00124532
22.71 0.00120688
22.72 0.0011626
22.73 0.0011126
22.74 0.00105694
22.75 0.000995764
22.76 0.000929468
22.77 0.00085865
22.78 0.000783917
22.79 0.000705693
22.8 0.000624217
22.81 0.000539738
22.82 0.000452754
22.83 0.000364053
22.84 0.000274503
22.85 0.0001848
22.86 9.54625e-05
22.87 7.02462e-06
22.88 -7.98578e-05
22.89 -0.000164533
22.9 -0.000246495
22.91 -0.000325325
22.92 -0.000400442
22.93 -0.000470888
22.94 -0.000535289
22.95 -0.000592072
22.96 -0.000639903
22.97 -0.000678145
22.98 -0.00070706
22.99 -0.000727571
23 -0.000740707
23.01 -0.000747108
23.02 -0.000746885
23.03 -0.000739848
23.04 -0.000725913
23.05 -0.000705464
23.06 -0.000679494
23.07 -0.000649384
23.08 -0.000616424
23.09 -0.000581425
23.1 -0.00054475
23.11 -0.000506661
23.12 -0.000467524
23.13 -0.000427677
23.14 -0.000387199
23.15 -0.000345886
23.16 -0.000303437
23.17 -0.00025966
23.18 -0.000214609
23.19 -0.000168603
23.2 -0.000122162
23.21 -7.59101e-05
23.22 -3.04745e-05
23.23 1.35468e-05
23.24 5.55516e-05
23.25 9.48982e-05
23.26 0.000130935
23.27 0.000163108
23.28 0.000191081
23.29 0.000214786
23.3 0.000234364
23.31 0.00025004
23.32 0.000262057
23.33 0.000270701
23.34 0.000276343
23.35 0.000279383
23.36 0.00028009
23.37 0.000278492
23.38 0.000274413
23.39 0.000267633
23.4 0.000258056
23.41 0.000245799
23.42 0.000231209
23.43 0.000214809
23.44 0.000197207
23.45 0.000178974
23.46 0.000160554
23.47 0.000142261
23.48 0.000124339
23.49 0.000106992
23.5 9.03602e-05
23.51 7.45267e-05
23.52 5.95973e-05
23.53 4.57626e-05
23.54 3.32838e-05
23.55 2.24184e-05
23.56 1.33447e-05
23.57 6.1189e-06
23.58 6.91851e-07
23.59 -3.02855e-06
23.6 -5.13454e-06
23.61 -5.75365e-06
23.62 -5.13447e-06
23.63 -3.68133e-06
23.64 -1.85739e-06
23.65 -2.61457e-09
23.66 1.77273e-06
23.67 3.50783e-06
23.68 5.19658e-06
23.69 6.66153e-06
23.7 7.59539e-06
23.71 7.69244e-06
23.72 6.72624e-06
23.73 4.51947e-06
23.74 8.71057e-07
23.75 -4.45723e-06
23.76 -1.16827e-05
23.77 -2.09542e-05
23.78 -3.23382e-05
23.79 -4.57902e-05
23.8 -6.11195e-05
23.81 -7.80044e-05
23.82 -9.6072e-05
23.83 -0.000115002
23.84 -0.000134599
23.85 -0.000154785
23.86 -0.000175527
23.87 -0.000196748
23.88 -0.00021827
23.89 -0.00023982
23.9 -0.000261081
23.91 -0.000281775
23.92 -0.000301732
23.93 -0.000320904
23.94 -0.00033932
23.95 -0.000357048
23.96 -0.000374184
23.97 -0.00039083
23.98 -0.00040711
23.99 -0.000423198
24 -0.00043928
24.01 -0.000455451
24.02 -0.000471668
24.03 -0.000487852
24.04 -0.000504031
24.05 -0.00052035
24.06 -0.000536947
24.07 -0.000553796
24.08 -0.000570668
24.09 -0.000587189
24.1 -0.000602959
24.11 -0.000617631
24.12 -0.000630929
24.13 -0.000642624
24.14 -0.000652478
24.15 -0.000660197
24.16 -0.000665426
24.17 -0.000667798
24.18 -0.000666993
24.19 -0.000662791
24.2 -0.000655076
24.21 -0.000643799
24.22 -0.000628904
24.23 -0.000610289
24.24 -0.000587892
24.25 -0.000561832
24.26 -0.000532433
24.27 -0.000500091
24.28 -0.000465084
24.29 -0.00042753
24.3 -0.000387496
24.31 -0.000345119
24.32 -0.000300592
24.33 -0.000254082
24.34 -0.000205707
24.35 -0.000155582
24.36 -0.000103854
24.37 -5.07093e-05
24.38 3.65843e-06
24.39 5.90855e-05
24.4 0.000115449
24.41 0.000172637
24.42 0.000230472
24.43 0.000288626
24.44 0.000346612
24.45 0.000403855
24.46 0.000459775
24.47 0.000513843
24.48 0.000565649
24.49 0.000614974
24.5 0.00066178
24.51 0.000706094
24.52 0.000747888
24.53 0.000787049
24.54 0.000823386
24.55 0.000856634
24.56 0.000886439
24.57 0.000912411
24.58 0.00093423
24.59 0.000951724
24.6 0.000964879
24.61 0.000973794
24.62 0.000978652
24.63 0.000979715
24.64 0.000977294
24.65 0.000971678
24.66 0.000963047
24.67 0.000951476
24.68 0.000937012
24.69 0.000919722
24.7 0.000899651
24.71 0.000876783
24.72 0.000851087
24.73 0.000822614
24.74 0.00079149
24.75 0.000757804
24.76 0.000721534
24.77 0.000682585
24.78 0.0006409
24.79 0.000596534
24.8 0.000549608
24.81 0.000500209
24.82 0.000448355
24.83 0.000394049
24.84 0.000337339
24.85 0.000278345
24.86 0.000217248
24.87 0.000154301
24.88 8.98307e-05
24.89 2.42308e-05
24.9 -4.20921e-05
24.91 -0.000108761
24.92 -0.000175414
24.93 -0.000241658
24.94 -0.000307034
24.95 -0.000371049
24.96 -0.000433207
24.97 -0.000493011
24.98 -0.000549936
24.99 -0.00060344
25 -0.000653022
25.01 -0.000698323
25.02 -0.00073918
25.03 -0.000775589
25.04 -0.000807607
25.05 -0.000835266
25.06 -0.000858556
25.07 -0.000877464
25.08 -0.00089204
25.09 -0.000902472
25.1 -0.000909064
25.11 -0.000912132
25.12 -0.000911911
25.13 -0.000908581
25.14 -0.000902349
25.15 -0.000893491
25.16 -0.000882297
25.17 -0.000868989
25.18 -0.000853705
25.19 -0.000836546
25.2 -0.000817651
25.21 -0.000797216
25.22 -0.000775408
25.23 -0.000752235
25.24 -0.000727539
25.25 -0.000701141
25.26 -0.000672975
25.27 -0.00064306
25.28 -0.000611423
25.29 -0.000578072
25.3 -0.000543038
25.31 -0.000506431
25.32 -0.000468436
25.33 -0.000429246
25.34 -0.000388976
25.35 -0.00034766
25.36 -0.000305364
25.37 -0.000262288
25.38 -0.000218745
25.39 -0.000175047
25.4 -0.000131403
25.41 -8.79114e-05
25.42 -4.46648e-05
25.43 -1.81124e-06
25.44 4.05235e-05
25.45 8.23738e-05
25.46 0.000123947
25.47 0.000165466
25.48 0.000206984
25.49 0.000248345
25.5 0.000289293
25.51 0.00032959
25.52 0.000369049
25.53 0.000407513
25.54 0.000444832
25.55 0.00048088
25.56 0.000515614
25.57 0.000549113
25.58 0.000581529
25.59 0.000612987
25.6 0.000643491
25.61 0.000672928
25.62 0.000701181
25.63 0.000728186
25.64 0.000753894
25.65 0.000778183
25.66 0.000800812
25.67 0.000821425
25.68 0.000839594
25.69 0.000854907
25.7 0.000867041
25.71 0.000875805
25.72 0.000881127
25.73 0.000883019
25.74 0.00088156
25.75 0.000876935
25.76 0.000869417
25.77 0.000859272
25.78 0.000846634
25.79 0.000831479
25.8 0.000813738
25.81 0.000793482
25.82 0.000770961
25.83 0.000746459
25.84 0.000720093
25.85 0.000691776
25.86 0.000661363
25.87 0.000628812
25.88 0.000594197
25.89 0.000557654
25.9 0.000519329
25.91 0.000479352
25.92 0.000437803
25.93 0.000394695
25.94 0.000349985
25.95 0.000303596
25.96 0.000255449
25.97 0.00020547
25.98 0.000153595
25.99 9.97719e-05
26 4.40079e-05
26.01 -1.3572e-05
26.02 -7.27274e-05
26.03 -0.000133204
26.04 -0.000194842
26.05 -0.000257548
26.06 -0.000321151
26.07 -0.000385279
26.08 -0.000449384
26.09 -0.000512823
26.1 -0.000574937
26.11 -0.000635109
26.12 -0.000692817
26.13 -0.000747629
26.14 -0.000799166
26.15 -0.000847058
26.16 -0.000890939
26.17 -0.000930499
26.18 -0.000965569
26.19 -0.000996139
26.2 -0.00102231
26.21 -0.00104421
26.22 -0.00106204
26.23 -0.00107606
26.24 -0.00108655
26.25 -0.00109373
26.26 -0.00109761
26.27 -0.00109814
26.28 -0.00109531
26.29 -0.00108926
26.3 -0.0010802
26.31 -0.00106817
26.32 -0.00105302
26.33 -0.00103447
26.34 -0.00101239
26.35 -0.000986893
26.36 -0.000958194
26.37 -0.000926406
26.38 -0.00089145
26.39 -0.000853175
26.4 -0.000811518
26.41 -0.000766579
26.42 -0.00071856
26.43 -0.000667666
26.44 -0.000614016
26.45 -0.000557591
26.46 -0.000498245
26.47 -0.000435821
26.48 -0.000370349
26.49 -0.000302141
26.5 -0.000231655
26.51 -0.000159218
26.52 -8.49258e-05
26.53 -8.81336e-06
26.54 6.89226e-05
26.55 0.00014789
26.56 0.0002276
26.57 0.000307534
26.58 0.000387114
26.59 0.000465646
26.6 0.000542305
26.61 0.000616186
26.62 0.000686413
26.63 0.000752271
26.64 0.000813346
26.65 0.000869594
26.66 0.000921263
26.67 0.000968587
26.68 0.00101145
26.69 0.00104929
26.7 0.0010814
26.71 0.00110741
26.72 0.00112747
26.73 0.00114215
26.74 0.00115201
26.75 0.00115743
26.76 0.00115862
26.77 0.00115583
26.78 0.0011494
26.79 0.00113965
26.8 0.00112674
26.81 0.00111069
26.82 0.00109139
26.83 0.00106873
26.84 0.00104266
26.85 0.00101329
26.86 0.000980952
26.87 0.00094604
26.88 0.000908811
26.89 0.000869247
26.9 0.000827159
26.91 0.00078242
26.92 0.000735075
26.93 0.000685229
26.94 0.000632868
26.95 0.000577793
26.96 0.000519729
26.97 0.000458543
26.98 0.000394396
26.99 0.000327699
27 0.000258886
27.01 0.000188211
27.02 0.00011577
27.03 4.17221e-05
27.04 -3.35383e-05
27.05 -0.00010947
27.06 -0.000185578
27.07 -0.000261477
27.08 -0.000336768
27.09 -0.000410868
27.1 -0.000482918
27.11 -0.000551829
27.12 -0.000616476
27.13 -0.000675962
27.14 -0.000729809
27.15 -0.00077798
27.16 -0.000820679
27.17 -0.000858096
27.18 -0.000890277
27.19 -0.000917161
27.2 -0.000938704
27.21 -0.000954976
27.22 -0.000966201
27.23 -0.000972778
27.24 -0.000975274
27.25 -0.00097431
27.26 -0.000970386
27.27 -0.00096376
27.28 -0.000954494
27.29 -0.000942624
27.3 -0.000928287
27.31 -0.000911652
27.32 -0.000892738
27.33 -0.000871361
27.34 -0.000847297
27.35 -0.000820509
27.36 -0.0007912
27.37 -0.000759651
27.38 -0.000725974
27.39 -0.000690042
27.4 -0.000651655
27.41 -0.000610741
27.42 -0.000567402
27.43 -0.000521784
27.44 -0.00047394
27.45 -0.000423846
27.46 -0.000371553
27.47 -0.000317294
27.48 -0.000261448
27.49 -0.000204422
27.5 -0.00014658
27.51 -8.82106e-05
27.52 -2.95776e-05
27.53 2.89998e-05
27.54 8.71055e-05
27.55 0.000144265
27.56 0.000200009
27.57 0.000253929
27.58 0.000305692
27.59 0.00035502
27.6 0.000401647
27.61 0.000445319
27.62 0.000485855
27.63 0.000523194
27.64 0.000557409
27.65 0.000588664
27.66 0.000617134
27.67 0.000642948
27.68 0.000666212
27.69 0.000687067
27.7 0.000705698
27.71 0.000722267
27.72 0.00073683
27.73 0.00074934
27.74 0.000759712
27.75 0.00076791
27.76 0.000773988
27.77 0.000778072
27.78 0.000780299
27.79 0.000780766
27.8 0.00077949
27.81 0.000776396
27.82 0.000771335
27.83 0.00076413
27.84 0.000754643
27.85 0.000742818
27.86 0.000728653
27.87 0.000712145
27.88 0.000693261
27.89 0.00067195
27.9 0.000648182
27.91 0.000622015
27.92 0.000593626
27.93 0.000563287
27.94 0.000531262
27.95 0.000497736
27.96 0.000462824
27.97 0.000426637
27.98 0.000389344
27.99 0.000351174
28 0.000312328
28.01 0.000272875
28.02 0.000232756
28.03 0.000191894
28.04 0.000150282
28.05 0.000107983
28.06 6.50692e-05
28.07 2.15879e-05
28.08 -2.24237e-05
28.09 -6.68916e-05
28.1 -0.000111658
28.11 -0.000156468
28.12 -0.000200994
28.13 -0.000244886
28.14 -0.000287787
28.15 -0.000329327
28.16 -0.000369139
28.17 -0.000406912
28.18 -0.000442432
28.19 -0.000475564
28.2 -0.000506203
28.21 -0.000534255
28.22 -0.00055967
28.23 -0.00058245
28.24 -0.000602602
28.25 -0.000620074
28.26 -0.00063478
28.27 -0.000646702
28.28 -0.000655943
28.29 -0.000662644
28.3 -0.00066685
28.31 -0.000668455
28.32 -0.000667282
28.33 -0.000663237
28.34 -0.000656412
28.35 -0.000647042
28.36 -0.000635361
28.37 -0.000621506
28.38 -0.000605555
28.39 -0.000587643
28.4 -0.000568034
28.41 -0.000547048
28.42 -0.000524923
28.43 -0.000501773
28.44 -0.000477668
28.45 -0.000452748
28.46 -0.000427243
28.47 -0.000401421
28.48 -0.000375497
28.49 -0.000349574
28.5 -0.000323655
28.51 -0.00029772
28.52 -0.000271806
28.53 -0.000246017
28.54 -0.000220484
28.55 -0.000195293
28.56 -0.000170468
28.57 -0.000146004
28.58 -0.000121919
28.59 -9.82837e-05
28.6 -7.52215e-05
28.61 -5.28842e-05
28.62 -3.13825e-05
28.63 -1.07079e-05
28.64 9.26201e-06
28.65 2.86582e-05
28.66 4.75274e-05
28.67 6.58527e-05
28.68 8.36449e-05
28.69 0.000100991
28.7 0.000118018
28.71 0.000134828
28.72 0.000151461
28.73 0.000167913
28.74 0.000184149
28.75 0.000200125
28.76 0.000215803
28.77 0.000231164
28.78 0.000246179
28.79 0.000260774
28.8 0.000274815
28.81 0.000288145
28.82 0.000300637
28.83 0.000312196
28.84 0.000322731
28.85 0.000332133
28.86 0.000340292
28.87 0.000347135
28.88 0.000352653
28.89 0.000356887
28.9 0.000359898
28.91 0.000361753
28.92 0.000362525
28.93 0.000362269
28.94 0.000361023
28.95 0.000358815
28.96 0.000355696
28.97 0.000351737
28.98 0.00034701
28.99 0.000341582
29 0.000335512
29.01 0.000328859
29.02 0.000321674
29.03 0.000313992
29.04 0.000305848
29.05 0.000297279
29.06 0.000288323
29.07 0.000279009
29.08 0.000269341
29.09 0.000259299
29.1 0.000248844
29.11 0.000237948
29.12 0.00022661
29.13 0.000214857
29.14 0.000202721
29.15 0.000190209
29.16 0.000177309
29.17 0.000164005
29.18 0.000150291
29.19 0.000136177
29.2 0.000121679
29.21 0.000106798
29.22 9.15214e-05
29.23 7.58347e-05
29.24 5.97435e-05
29.25 4.32762e-05
29.26 2.64766e-05
29.27 9.39279e-06
29.28 -7.92834e-06
29.29 -2.54414e-05
29.3 -4.30992e-05
29.31 -6.08483e-05
29.32 -7.86271e-05
29.33 -9.63694e-05
29.34 -0.000114012
29.35 -0.000131495
29.36 -0.000148756
29.37 -0.000165719
29.38 -0.000182295
29.39 -0.000198385
29.4 -0.000213891
29.41 -0.000228718
29.42 -0.000242774
29.43 -0.000255974
29.44 -0.000268241
29.45 -0.00027951
29.46 -0.000289737
29.47 -0.000298887
29.48 -0.000306941
29.49 -0.000313884
29.5 -0.00031971
29.51 -0.000324416
29.52 -0.000328006
29.53 -0.000330486
29.54 -0.000331866
29.55 -0.000332159
29.56 -0.000331378
29.57 -0.000329542
29.58 -0.000326676
29.59 -0.000322803
29.6 -0.000317954
29.61 -0.000312156
29.62 -0.000305441
29.63 -0.000297837
29.64 -0.000289375
29.65 -0.000280082
29.66 -0.000269986
29.67 -0.000259113
29.68 -0.00024749
29.69 -0.000235145
29.7 -0.000222109
29.71 -0.000208414
29.72 -0.000194096
29.73 -0.000179193
29.74 -0.000163745
29.75 -0.000147797
29.76 -0.000131392
29.77 -0.000114579
29.78 -9.74053e-05
29.79 -7.99196e-05
29.8 -6.21728e-05
29.81 -4.42172e-05
29.82 -2.61077e-05
29.83 -7.90158e-06
29.84 1.03406e-05
29.85 2.85554e-05
29.86 4.66764e-05
29.87 6.46349e-05
29.88 8.23607e-05
29.89 9.97825e-05
29.9 0.00011683
29.91 0.000133433
29.92 0.000149527
29.93 0.000165046
29.94 0.000179931
29.95 0.000194127
29.96 0.000207583
29.97 0.000220254
29.98 0.000232096
29.99 0.000243065
30 0.000253114
30.01 0.000262205
30.02 0.000270315
30.03 0.000277438
30.04 0.000283576
30.05 0.000288721
30.06 0.000292862
30.07 0.000295989
30.08 0.000298103
30.09 0.000299212
30.1 0.00029933
30.11 0.000298465
30.12 0.000296626
30.13 0.000293819
30.14 0.000290058
30.15 0.000285359
30.16 0.000279745
30.17 0.000273237
30.18 0.000265856
30.19 0.000257624
30.2 0.000248566
30.21 0.00023871
30.22 0.000228089
30.23 0.000216735
30.24 0.000204682
30.25 0.000191965
30.26 0.000178621
30.27 0.00016469
30.28 0.000150216
30.29 0.000135245
30.3 0.000119824
30.31 0.000104001
30.32 8.78283e-05
30.33 7.13592e-05
30.34 5.46502e-05
30.35 3.77595e-05
30.36 2.0747e-05
30.37 3.67391e-06
30.38 -1.33974e-05
30.39 -3.04031e-05
30.4 -4.72779e-05
30.41 -6.39563e-05
30.42 -8.03728e-05
30.43 -9.64629e-05
30.44 -0.000112163
30.45 -0.000127412
30.46 -0.00014215
30.47 -0.000156322
30.48 -0.000169874
30.49 -0.000182758
30.5 -0.000194932
30.51 -0.000206355
30.52 -0.000216995
30.53 -0.000226821
30.54 -0.000235808
30.55 -0.000243935
30.56 -0.000251184
30.57 -0.000257543
30.58 -0.000262999
30.59 -0.000267545
30.6 -0.000271175
30.61 -0.000273886
30.62 -0.000275676
30.63 -0.000276546
30.64 -0.000276499
30.65 -0.000275541
30.66 -0.000273678
30.67 -0.000270919
30.68 -0.000267275
30.69 -0.00026276
30.7 -0.000257389
30.71 -0.00025118
30.72 -0.000244152
30.73 -0.000236327
30.74 -0.00022773
30.75 -0.000218388
30.76 -0.000208329
30.77 -0.000197586
30.78 -0.000186192
30.79 -0.000174184
30.8 -0.0001616
30.81 -0.000148482
30.82 -0.000134873
30.83 -0.000120819
30.84 -0.000106367
30.85 -9.15662e-05
30.86 -7.64682e-05
30.87 -6.11257e-05
30.88 -4.55932e-05
30.89 -2.99266e-05
30.9 -1.41829e-05
30.91 1.57993e-06
30.92 1.73031e-05
30.93 3.29277e-05
30.94 4.83948e-05
30.95 6.3646e-05
30.96 7.86241e-05
30.97 9.3273e-05
30.98 0.000107539
30.99 0.00012137
31 0.000134718
31.01 0.000147536
31.02 0.000159782
31.03 0.000171417
31.04 0.000182404
31.05 0.000192711
31.06 0.00020231
31.07 0.000211174
31.08 0.00021928
31.09 0.000226608
31.1 0.000233142
31.11 0.000238865
31.12 0.000243767
31.13 0.000247837
31.14 0.000251066
31.15 0.00025345
31.16 0.000254985
31.17 0.000255669
31.18 0.000255502
31.19 0.000254487
31.2 0.000252629
31.21 0.000249934
31.22 0.000246412
31.23 0.000242075
31.24 0.000236935
31.25 0.00023101
31.26 0.000224318
31.27 0.00021688
31.28 0.00020872
31.29 0.000199865
31.3 0.000190342
31.31 0.000180183
31.32 0.000169421
31.33 0.000158093
31.34 0.000146235
31.35 0.000133889
31.36 0.000121096
31.37 0.000107901
31.38 9.43498e-05
31.39 8.04907e-05
31.4 6.63731e-05
31.41 5.20483e-05
31.42 3.75686e-05
31.43 2.29876e-05
31.44 8.35944e-06
31.45 -6.26099e-06
31.46 -2.08188e-05
31.47 -3.52591e-05
31.48 -4.95279e-05
31.49 -6.35719e-05
31.5 -7.73393e-05
31.51 -9.07801e-05
31.52 -0.000103846
31.53 -0.000116492
31.54 -0.000128676
31.55 -0.000140356
31.56 -0.000151497
31.57 -0.000162064
31.58 -0.000172027
31.59 -0.000181357
31.6 -0.00019003
31.61 -0.000198023
31.62 -0.000205316
31.63 -0.000211892
31.64 -0.000217734
31.65 -0.00022283
31.66 -0.000227167
31.67 -0.000230737
31.68 -0.000233531
31.69 -0.000235544
31.7 -0.000236771
31.71 -0.00023721
31.72 -0.000236862
31.73 -0.000235727
31.74 -0.00023381
31.75 -0.000231118
31.76 -0.000227659
31.77 -0.000223443
31.78 -0.000218483
31.79 -0.000212797
31.8 -0.0002064
31.81 -0.000199314
31.82 -0.000191563
31.83 -0.00018317
31.84 -0.000174164
31.85 -0.000164574
31.86 -0.000154434
31.87 -0.000143777
31.88 -0.00013264
31.89 -0.000121061
31.9 -0.000109081
31.91 -9.67425e-05
31.92 -8.40882e-05
31.93 -7.11638e-05
31.94 -5.80159e-05
31.95 -4.46923e-05
31.96 -3.12417e-05
31.97 -1.77137e-05
31.98 -4.15831e-06
31.99 9.37429e-06
32 2.28339e-05
32.01 3.61708e-05
32.02 4.93359e-05
32.03 6.22812e-05
32.04 7.49602e-05
32.05 8.73279e-05
32.06 9.93413e-05
32.07 0.000110959
32.08 0.000122144
32.09 0.000132858
32.1 0.000143069
32.11 0.000152745
32.12 0.000161859
32.13 0.000170383
32.14 0.000178294
32.15 0.000185572
32.16 0.000192196
32.17 0.00019815
32.18 0.00020342
32.19 0.000207991
32.2 0.000211853
32.21 0.000214997
32.22 0.000217415
32.23 0.000219101
32.24 0.000220052
32.25 0.000220266
32.26 0.000219743
32.27 0.000218485
32.28 0.000216498
32.29 0.000213786
32.3 0.000210359
32.31 0.000206228
32.32 0.000201406
32.33 0.000195909
32.34 0.000189755
32.35 0.000182963
32.36 0.000175557
32.37 0.000167561
32.38 0.000159003
32.39 0.000149911
32.4 0.000140318
32.41 0.000130255
32.42 0.00011976
32.43 0.000108867
32.44 9.76172e-05
32.45 8.60495e-05
32.46 7.42059e-05
32.47 6.21291e-05
32.48 4.98631e-05
32.49 3.74527e-05
32.5 2.49433e-05
32.51 1.23809e-05
32.52 -1.88404e-07
32.53 -1.27187e-05
32.54 -2.51642e-05
32.55 -3.74799e-05
32.56 -4.96217e-05
32.57 -6.15465e-05
32.58 -7.32126e-05
32.59 -8.458e-05
32.6 -9.56105e-05
32.61 -0.000106268
32.62 -0.000116517
32.63 -0.000126327
32.64 -0.000135667
32.65 -0.00014451
32.66 -0.000152829
32.67 -0.0001606
32.68 -0.000167803
32.69 -0.000174417
32.7 -0.000180424
32.71 -0.000185808
32.72 -0.000190555
32.73 -0.000194653
32.74 -0.000198089
32.75 -0.000200856
32.76 -0.000202946
32.77 -0.000204353
32.78 -0.000205074
32.79 -0.000205107
32.8 -0.000204452
32.81 -0.000203111
32.82 -0.000201089
32.83 -0.000198392
32.84 -0.000195028
32.85 -0.000191009
32.86 -0.000186347
32.87 -0.000181058
32.88 -0.000175159
32.89 -0.00016867
32.9 -0.000161613
32.91 -0.000154012
32.92 -0.000145894
32.93 -0.000137285
32.94 -0.000128218
32.95 -0.000118722
32.96 -0.000108833
32.97 -9.85855e-05
32.98 -8.80158e-05
32.99 -7.71624e-05
33 -6.60647e-05
33.01 -5.47629e-05
33.02 -4.32984e-05
33.03 -3.17133e-05
33.04 -2.00498e-05
33.05 -8.35083e-06
33.06 3.34092e-06
33.07 1.49829e-05
33.08 2.6533e-05
33.09 3.79498e-05
33.1 4.91927e-05
33.11 6.02225e-05
33.12 7.10011e-05
33.13 8.14919e-05
33.14 9.16601e-05
33.15 0.000101473
33.16 0.000110898
33.17 0.000119907
33.18 0.000128473
33.19 0.000136569
33.2 0.000144172
33.21 0.000151261
33.22 0.000157816
33.23 0.000163818
33.24 0.000169251
33.25 0.000174099
33.26 0.000178352
33.27 0.000181995
33.28 0.00018502
33.29 0.000187419
33.3 0.000189185
33.31 0.000190313
33.32 0.000190801
33.33 0.000190646
33.34 0.00018985
33.35 0.000188416
33.36 0.000186348
33.37 0.000183652
33.38 0.000180338
33.39 0.000176416
33.4 0.000171899
33.41 0.000166803
33.42 0.000161144
33.43 0.000154941
33.44 0.000148217
33.45 0.000140993
33.46 0.000133296
33.47 0.000125152
33.48 0.00011659
33.49 0.000107641
33.5 9.83351e-05
33.51 8.87072e-05
33.52 7.87914e-05
33.53 6.86235e-05
33.54 5.82404e-05
33.55 4.76798e-05
33.56 3.69799e-05
33.57 2.61797e-05
33.58 1.53185e-05
33.59 4.43549e-06
33.6 -6.43001e-06
33.61 -1.7239e-05
33.62 -2.7953e-05
33.63 -3.85342e-05
33.64 -4.89456e-05
33.65 -5.91514e-05
33.66 -6.91168e-05
33.67 -7.88085e-05
33.68 -8.81945e-05
33.69 -9.72446e-05
33.7 -0.00010593
33.71 -0.000114224
33.72 -0.0001221
33.73 -0.000129535
33.74 -0.000136507
33.75 -0.000142996
33.76 -0.000148983
33.77 -0.00015445
33.78 -0.000159383
33.79 -0.000163767
33.8 -0.000167589
33.81 -0.00017084
33.82 -0.00017351
33.83 -0.000175591
33.84 -0.000177078
33.85 -0.000177966
33.86 -0.000178254
33.87 -0.00017794
33.88 -0.000177026
33.89 -0.000175515
33.9 -0.000173412
33.91 -0.000170723
33.92 -0.000167459
33.93 -0.00016363
33.94 -0.000159248
33.95 -0.00015433
33.96 -0.000148891
33.97 -0.000142951
33.98 -0.00013653
33.99 -0.000129651
34 -0.000122338
34.01 -0.000114617
34.02 -0.000106516
34.03 -9.80627e-05
34.04 -8.92887e-05
34.05 -8.02252e-05
34.06 -7.0905e-05
34.07 -6.13619e-05
34.08 -5.16304e-05
34.09 -4.17458e-05
34.1 -3.1744e-05
34.11 -2.16611e-05
34.12 -1.15336e-05
34.13 -1.39774e-06
34.14 8.71021e-06
34.15 1.87544e-05
34.16 2.86996e-05
34.17 3.85111e-05
34.18 4.81551e-05
34.19 5.75991e-05
34.2 6.68112e-05
34.21 7.57611e-05
34.22 8.44198e-05
34.23 9.27595e-05
34.24 0.000100754
34.25 0.000108379
34.26 0.00011561
34.27 0.000122426
34.28 0.000128807
34.29 0.000134733
34.3 0.000140189
34.31 0.000145156
34.32 0.000149622
34.33 0.000153574
34.34 0.000156999
34.35 0.000159888
34.36 0.000162233
34.37 0.000164026
34.38 0.000165263
34.39 0.00016594
34.4 0.000166055
34.41 0.000165607
34.42 0.0001646
34.43 0.000163035
34.44 0.000160918
34.45 0.000158256
34.46 0.000155059
34.47 0.000151336
34.48 0.000147102
34.49 0.00014237
34.5 0.000137157
34.51 0.000131481
34.52 0.000125362
34.53 0.000118821
34.54 0.000111883
34.55 0.000104572
34.56 9.69127e-05
34.57 8.89343e-05
34.58 8.06649e-05
34.59 7.21346e-05
34.6 6.33741e-05
34.61 5.44152e-05
34.62 4.52902e-05
34.63 3.60322e-05
34.64 2.66746e-05
34.65 1.72512e-05
34.66 7.7957e-06
34.67 -1.65812e-06
34.68 -1.10767e-05
34.69 -2.0427e-05
34.7 -2.96762e-05
34.71 -3.87924e-05
34.72 -4.77445e-05
34.73 -5.65023e-05
34.74 -6.50366e-05
34.75 -7.33194e-05
34.76 -8.13237e-05
34.77 -8.9024e-05
34.78 -9.63961e-05
34.79 -0.000103417
34.8 -0.000110065
34.81 -0.00011632
34.82 -0.000122164
34.83 -0.000127579
34.84 -0.000132548
34.85 -0.000137058
34.86 -0.000141094
34.87 -0.000144646
34.88 -0.000147703
34.89 -0.000150256
34.9 -0.000152298
34.91 -0.000153822
34.92 -0.000154824
34.93 -0.000155302
34.94 -0.000155253
34.95 -0.00015468
34.96 -0.000153583
34.97 -0.000151966
34.98 -0.000149836
34.99 -0.000147199
35 -0.000144065
35.01 -0.000140444
35.02 -0.000136349
35.03 -0.000131794
35.04 -0.000126796
35.05 -0.000121371
35.06 -0.000115539
35.07 -0.000109322
35.08 -0.00010274
35.09 -9.58174e-05
35.1 -8.85794e-05
35.11 -8.10518e-05
35.12 -7.32617e-05
35.13 -6.52372e-05
35.14 -5.70073e-05
35.15 -4.86015e-05
35.16 -4.00501e-05
35.17 -3.1384e-05
35.18 -2.2634e-05
35.19 -1.38316e-05
35.2 -5.00792e-06
35.21 3.80581e-06
35.22 1.25787e-05
35.23 2.128e-05
35.24 2.98799e-05
35.25 3.83489e-05
35.26 4.66583e-05
35.27 5.47802e-05
35.28 6.26878e-05
35.29 7.03552e-05
35.3 7.77577e-05
35.31 8.48714e-05
35.32 9.1674e-05
35.33 9.81441e-05
35.34 0.000104262
35.35 0.000110008
35.36 0.000115366
35.37 0.000120318
35.38 0.000124851
35.39 0.00012895
35.4 0.000132604
35.41 0.0001358
35.42 0.000138531
35.43 0.000140787
35.44 0.000142561
35.45 0.00014385
35.46 0.000144648
35.47 0.000144955
35.48 0.000144768
35.49 0.000144089
35.5 0.000142921
35.51 0.000141267
35.52 0.000139134
35.53 0.000136529
35.54 0.000133462
35.55 0.000129942
35.56 0.000125983
35.57 0.000121598
35.58 0.000116804
35.59 0.000111616
35.6 0.000106054
35.61 0.000100137
35.62 9.38877e-05
35.63 8.73273e-05
35.64 8.04797e-05
35.65 7.33697e-05
35.66 6.60229e-05
35.67 5.84659e-05
35.68 5.07257e-05
35.69 4.28303e-05
35.7 3.4808e-05
35.71 2.66875e-05
35.72 1.84978e-05
35.73 1.0268e-05
35.74 2.02701e-06
35.75 -6.19613e-06
35.76 -1.43728e-05
35.77 -2.24748e-05
35.78 -3.04744e-05
35.79 -3.83443e-05
35.8 -4.60582e-05
35.81 -5.35904e-05
35.82 -6.09161e-05
35.83 -6.80114e-05
35.84 -7.48536e-05
35.85 -8.14208e-05
35.86 -8.76922e-05
35.87 -9.36483e-05
35.88 -9.92705e-05
35.89 -0.000104542
35.9 -0.000109445
35.91 -0.000113967
35.92 -0.000118092
35.93 -0.000121809
35.94 -0.000125106
35.95 -0.000127973
35.96 -0.000130402
35.97 -0.000132385
35.98 -0.000133917
35.99 -0.000134992
36 -0.000135609
36.01 -0.000135764
36.02 -0.000135458
36.03 -0.000134692
36.04 -0.000133469
36.05 -0.000131794
36.06 -0.000129672
36.07 -0.000127111
36.08 -0.00012412
36.09 -0.00012071
36.1 -0.000116892
36.11 -0.000112681
36.12 -0.00010809
36.13 -0.000103138
36.14 -9.78411e-05
36.15 -9.22186e-05
36.16 -8.62907e-05
36.17 -8.00788e-05
36.18 -7.36053e-05
36.19 -6.68934e-05
36.2 -5.99673e-05
36.21 -5.28519e-05
36.22 -4.55729e-05
36.23 -3.81562e-05
36.24 -3.06283e-05
36.25 -2.30162e-05
36.26 -1.53468e-05
36.27 -7.64716e-06
36.28 5.56384e-08
36.29 7.73473e-06
36.3 1.53635e-05
36.31 2.29157e-05
36.32 3.03656e-05
36.33 3.76879e-05
36.34 4.48582e-05
36.35 5.18526e-05
36.36 5.86481e-05
36.37 6.52226e-05
36.38 7.15548e-05
36.39 7.76244e-05
36.4 8.34123e-05
36.41 8.89001e-05
36.42 9.40708e-05
36.43 9.89082e-05
36.44 0.000103397
36.45 0.000107525
36.46 0.000111277
36.47 0.000114644
36.48 0.000117614
36.49 0.000120179
36.5 0.000122331
36.51 0.000124063
36.52 0.000125371
36.53 0.00012625
36.54 0.000126698
36.55 0.000126714
36.56 0.000126299
36.57 0.000125454
36.58 0.000124182
36.59 0.000122488
36.6 0.000120378
36.61 0.000117861
36.62 0.000114944
36.63 0.000111638
36.64 0.000107956
36.65 0.00010391
36.66 9.95142e-05
36.67 9.47855e-05
36.68 8.97405e-05
36.69 8.43971e-05
36.7 7.87747e-05
36.71 7.28935e-05
36.72 6.67745e-05
36.73 6.04398e-05
36.74 5.39122e-05
36.75 4.72149e-05
36.76 4.03719e-05
36.77 3.34076e-05
36.78 2.63468e-05
36.79 1.92144e-05
36.8 1.20356e-05
36.81 4.83548e-06
36.82 -2.3608e-06
36.83 -9.52834e-06
36.84 -1.66425e-05
36.85 -2.36789e-05
36.86 -3.06138e-05
36.87 -3.74238e-05
36.88 -4.40861e-05
36.89 -5.05788e-05
36.9 -5.68805e-05
36.91 -6.29707e-05
36.92 -6.88297e-05
36.93 -7.44387e-05
36.94 -7.97797e-05
36.95 -8.4836e-05
36.96 -8.95916e-05
36.97 -9.40316e-05
36.98 -9.8142e-05
36.99 -0.00010191
37 -0.000105325
37.01 -0.000108374
37.02 -0.00011105
37.03 -0.000113344
37.04 -0.000115249
37.05 -0.000116759
37.06 -0.00011787
37.07 -0.000118578
37.08 -0.000118882
37.09 -0.000118781
37.1 -0.000118275
37.11 -0.000117368
37.12 -0.000116061
37.13 -0.000114361
37.14 -0.000112274
37.15 -0.000109806
37.16 -0.000106967
37.17 -0.000103768
37.18 -0.000100219
37.19 -9.63341e-05
37.2 -9.21266e-05
37.21 -8.76117e-05
37.22 -8.28059e-05
37.23 -7.77263e-05
37.24 -7.23913e-05
37.25 -6.682e-05
37.26 -6.10326e-05
37.27 -5.50497e-05
37.28 -4.88929e-05
37.29 -4.25841e-05
37.3 -3.61457e-05
37.31 -2.96008e-05
37.32 -2.29724e-05
37.33 -1.62839e-05
37.34 -9.55874e-06
37.35 -2.82045e-06
37.36 3.90762e-06
37.37 1.06023e-05
37.38 1.72406e-05
37.39 2.37999e-05
37.4 3.02582e-05
37.41 3.65937e-05
37.42 4.27853e-05
37.43 4.88127e-05
37.44 5.4656e-05
37.45 6.02962e-05
37.46 6.57151e-05
37.47 7.08954e-05
37.48 7.58204e-05
37.49 8.04745e-05
37.5 8.48431e-05
37.51 8.89124e-05
37.52 9.26697e-05
37.53 9.61032e-05
37.54 9.92023e-05
37.55 0.000101957
37.56 0.00010436
37.57 0.000106403
37.58 0.000108079
37.59 0.000109385
37.6 0.000110315
37.61 0.000110868
37.62 0.000111042
37.63 0.000110837
37.64 0.000110253
37.65 0.000109295
37.66 0.000107964
37.67 0.000106266
37.68 0.000104208
37.69 0.000101796
37.7 9.90399e-05
37.71 9.59494e-05
37.72 9.25357e-05
37.73 8.8811e-05
37.74 8.47887e-05
37.75 8.04835e-05
37.76 7.59107e-05
37.77 7.10868e-05
37.78 6.60291e-05
37.79 6.07559e-05
37.8 5.52859e-05
37.81 4.96388e-05
37.82 4.38347e-05
37.83 3.78943e-05
37.84 3.18386e-05
37.85 2.56891e-05
37.86 1.94674e-05
37.87 1.31954e-05
37.88 6.89501e-06
37.89 5.88075e-07
37.9 -5.70359e-06
37.91 -1.19584e-05
37.92 -1.81549e-05
37.93 -2.42721e-05
37.94 -3.02894e-05
37.95 -3.61866e-05
37.96 -4.19441e-05
37.97 -4.75428e-05
37.98 -5.29645e-05
37.99 -5.81913e-05
38 -6.32063e-05
38.01 -6.79934e-05
38.02 -7.25371e-05
38.03 -7.68231e-05
38.04 -8.08376e-05
38.05 -8.4568e-05
38.06 -8.80026e-05
38.07 -9.11306e-05
38.08 -9.39422e-05
38.09 -9.64287e-05
38.1 -9.85823e-05
38.11 -0.000100397
38.12 -0.000101866
38.13 -0.000102986
38.14 -0.000103754
38.15 -0.000104167
38.16 -0.000104224
38.17 -0.000103927
38.18 -0.000103275
38.19 -0.000102273
38.2 -0.000100924
38.21 -9.92325e-05
38.22 -9.72055e-05
38.23 -9.48502e-05
38.24 -9.21752e-05
38.25 -8.91904e-05
38.26 -8.59064e-05
38.27 -8.23352e-05
38.28 -7.84898e-05
38.29 -7.43838e-05
38.3 -7.00322e-05
38.31 -6.54506e-05
38.32 -6.06554e-05
38.33 -5.56638e-05
38.34 -5.04936e-05
38.35 -4.51632e-05
38.36 -3.96917e-05
38.37 -3.40984e-05
38.38 -2.8403e-05
38.39 -2.26257e-05
38.4 -1.67866e-05
38.41 -1.09063e-05
38.42 -5.005e-06
38.43 8.96752e-07
38.44 6.77869e-06
38.45 1.26207e-05
38.46 1.84029e-05
38.47 2.41057e-05
38.48 2.97099e-05
38.49 3.51969e-05
38.5 4.05483e-05
38.51 4.57466e-05
38.52 5.07746e-05
38.53 5.56159e-05
38.54 6.02548e-05
38.55 6.46763e-05
38.56 6.88661e-05
38.57 7.28109e-05
38.58 7.64981e-05
38.59 7.99159e-05
38.6 8.30535e-05
38.61 8.59011e-05
38.62 8.84497e-05
38.63 9.06914e-05
38.64 9.26192e-05
38.65 9.42272e-05
38.66 9.55105e-05
38.67 9.64654e-05
38.68 9.7089e-05
38.69 9.73799e-05
38.7 9.73375e-05
38.71 9.69625e-05
38.72 9.62565e-05
38.73 9.52226e-05
38.74 9.38646e-05
38.75 9.21878e-05
38.76 9.01984e-05
38.77 8.79037e-05
38.78 8.53122e-05
38.79 8.24332e-05
38.8 7.92773e-05
38.81 7.58559e-05
38.82 7.21813e-05
38.83 6.82668e-05
38.84 6.41265e-05
38.85 5.97753e-05
38.86 5.52287e-05
38.87 5.0503e-05
38.88 4.56151e-05
38.89 4.05824e-05
38.9 3.54227e-05
38.91 3.01543e-05
38.92 2.47956e-05
38.93 1.93657e-05
38.94 1.38833e-05
38.95 8.36767e-06
38.96 2.83786e-06
38.97 -2.68704e-06
38.98 -8.18808e-06
38.99 -1.36465e-05
39 -1.90437e-05
39.01 -2.43615e-05
39.02 -2.95821e-05
39.03 -3.46879e-05
39.04 -3.96622e-05
39.05 -4.44883e-05
39.06 -4.91505e-05
39.07 -5.36335e-05
39.08 -5.79228e-05
39.09 -6.20044e-05
39.1 -6.58653e-05
39.11 -6.9493e-05
39.12 -7.28759e-05
39.13 -7.60034e-05
39.14 -7.88654e-05
39.15 -8.1453e-05
39.16 -8.37581e-05
39.17 -8.57734e-05
39.18 -8.74928e-05
39.19 -8.8911e-05
39.2 -9.00238e-05
39.21 -9.08279e-05
39.22 -9.13211e-05
39.23 -9.15023e-05
39.24 -9.13713e-05
39.25 -9.0929e-05
39.26 -9.01775e-05
39.27 -8.91198e-05
39.28 -8.776e-05
39.29 -8.61033e-05
39.3 -8.41558e-05
39.31 -8.19246e-05
39.32 -7.9418e-05
39.33 -7.66452e-05
39.34 -7.36161e-05
39.35 -7.03418e-05
39.36 -6.68339e-05
39.37 -6.31053e-05
39.38 -5.91692e-05
39.39 -5.50398e-05
39.4 -5.07318e-05
39.41 -4.62606e-05
39.42 -4.1642e-05
39.43 -3.68924e-05
39.44 -3.20287e-05
39.45 -2.7068e-05
39.46 -2.20276e-05
39.47 -1.69252e-05
39.48 -1.17786e-05
39.49 -6.60565e-06
39.5 -1.42424e-06
39.51 3.74781e-06
39.52 8.89279e-06
39.53 1.39932e-05
39.54 1.90317e-05
39.55 2.39912e-05
39.56 2.88553e-05
39.57 3.36075e-05
39.58 3.82321e-05
39.59 4.27138e-05
39.6 4.70379e-05
39.61 5.11902e-05
39.62 5.51571e-05
39.63 5.89257e-05
39.64 6.24839e-05
39.65 6.58203e-05
39.66 6.8924e-05
39.67 7.17854e-05
39.68 7.43951e-05
39.69 7.67451e-05
39.7 7.88279e-05
39.71 8.06371e-05
39.72 8.21671e-05
39.73 8.34132e-05
39.74 8.43718e-05
39.75 8.50401e-05
39.76 8.54164e-05
39.77 8.55e-05
39.78 8.52909e-05
39.79 8.47905e-05
39.8 8.40009e-05
39.81 8.29254e-05
39.82 8.15681e-05
39.83 7.99342e-05
39.84 7.80298e-05
39.85 7.58618e-05
39.86 7.34384e-05
39.87 7.07683e-05
39.88 6.78612e-05
39.89 6.47277e-05
39.9 6.1379e-05
39.91 5.78272e-05
39.92 5.40851e-05
39.93 5.0166e-05
39.94 4.60838e-05
39.95 4.18532e-05
39.96 3.7489e-05
39.97 3.30068e-05
39.98 2.84223e-05
39.99 2.37516e-05
40 1.90111e-05
40.01 1.42173e-05
40.02 9.38688e-06
40.03 4.53648e-06
40.04 -3.17154e-07
40.05 -5.15738e-06
40.06 -9.96767e-06
40.07 -1.47317e-05
40.08 -1.94333e-05
40.09 -2.40566e-05
40.1 -2.85862e-05
40.11 -3.30069e-05
40.12 -3.73041e-05
40.13 -4.14635e-05
40.14 -4.54715e-05
40.15 -4.93149e-05
40.16 -5.29812e-05
40.17 -5.64584e-05
40.18 -5.97353e-05
40.19 -6.28013e-05
40.2 -6.56467e-05
40.21 -6.82622e-05
40.22 -7.06396e-05
40.23 -7.27714e-05
40.24 -7.46509e-05
40.25 -7.62723e-05
40.26 -7.76304e-05
40.27 -7.87214e-05
40.28 -7.95419e-05
40.29 -8.00897e-05
40.3 -8.03634e-05
40.31 -8.03625e-05
40.32 -8.00876e-05
40.33 -7.954e-05
40.34 -7.87221e-05
40.35 -7.76372e-05
40.36 -7.62894e-05
40.37 -7.4684e-05
40.38 -7.28268e-05
40.39 -7.07247e-05
40.4 -6.83855e-05
40.41 -6.58177e-05
40.42 -6.30305e-05
40.43 -6.00341e-05
40.44 -5.68393e-05
40.45 -5.34575e-05
40.46 -4.99008e-05
40.47 -4.6182e-05
40.48 -4.23142e-05
40.49 -3.83113e-05
40.5 -3.41873e-05
40.51 -2.99569e-05
40.52 -2.56348e-05
40.53 -2.12363e-05
40.54 -1.67767e-05
40.55 -1.22715e-05
40.56 -7.73643e-06
40.57 -3.18704e-06
40.58 1.36098e-06
40.59 5.89205e-06
40.6 1.03907e-05
40.61 1.48417e-05
40.62 1.92299e-05
40.63 2.35406e-05
40.64 2.77594e-05
40.65 3.18721e-05
40.66 3.58651e-05
40.67 3.97251e-05
40.68 4.34396e-05
40.69 4.69962e-05
40.7 5.03833e-05
40.71 5.35901e-05
40.72 5.66059e-05
40.73 5.94212e-05
40.74 6.2027e-05
40.75 6.44148e-05
40.76 6.65771e-05
40.77 6.85071e-05
40.78 7.01988e-05
40.79 7.16469e-05
40.8 7.28471e-05
40.81 7.37957e-05
40.82 7.449e-05
40.83 7.49281e-05
40.84 7.51091e-05
40.85 7.50327e-05
40.86 7.46998e-05
40.87 7.4112e-05
40.88 7.32717e-05
40.89 7.21822e-05
40.9 7.08478e-05
40.91 6.92736e-05
40.92 6.74653e-05
40.93 6.54297e-05
40.94 6.31742e-05
40.95 6.0707e-05
40.96 5.8037e-05
40.97 5.5174e-05
40.98 5.21281e-05
40.99 4.89103e-05
41 4.55321e-05
41.01 4.20054e-05
41.02 3.83429e-05
41.03 3.45575e-05
41.04 3.06625e-05
41.05 2.66717e-05
41.06 2.25989e-05
41.07 1.84585e-05
41.08 1.42649e-05
41.09 1.00327e-05
41.1 5.7764e-06
41.11 1.51076e-06
41.12 -2.74959e-06
41.13 -6.99008e-06
41.14 -1.11963e-05
41.15 -1.53539e-05
41.16 -1.94489e-05
41.17 -2.34674e-05
41.18 -2.73961e-05
41.19 -3.12218e-05
41.2 -3.49317e-05
41.21 -3.85137e-05
41.22 -4.19558e-05
41.23 -4.52469e-05
41.24 -4.8376e-05
41.25 -5.1333e-05
41.26 -5.41084e-05
41.27 -5.66931e-05
41.28 -5.90788e-05
41.29 -6.1258e-05
41.3 -6.32237e-05
41.31 -6.49697e-05
41.32 -6.64906e-05
41.33 -6.77817e-05
41.34 -6.8839e-05
41.35 -6.96595e-05
41.36 -7.02409e-05
41.37 -7.05815e-05
41.38 -7.06808e-05
41.39 -7.05389e-05
41.4 -7.01566e-05
41.41 -6.95359e-05
41.42 -6.86792e-05
41.43 -6.759e-05
41.44 -6.62725e-05
41.45 -6.47316e-05
41.46 -6.2973e-05
41.47 -6.10033e-05
41.48 -5.88297e-05
41.49 -5.64601e-05
41.5 -5.3903e-05
41.51 -5.11677e-05
41.52 -4.82639e-05
41.53 -4.52022e-05
41.54 -4.19934e-05
41.55 -3.86489e-05
41.56 -3.51805e-05
41.57 -3.16005e-05
41.58 -2.79216e-05
41.59 -2.41566e-05
41.6 -2.03187e-05
41.61 -1.64213e-05
41.62 -1.24779e-05
41.63 -8.50221e-06
41.64 -4.50795e-06
41.65 -5.0884e-07
41.66 3.4814e-06
41.67 7.44916e-06
41.68 1.13809e-05
41.69 1.52634e-05
41.7 1.90835e-05
41.71 2.28283e-05
41.72 2.64853e-05
41.73 3.00423e-05
41.74 3.34875e-05
41.75 3.68095e-05
41.76 3.99973e-05
41.77 4.30404e-05
41.78 4.5929e-05
41.79 4.86536e-05
41.8 5.12053e-05
41.81 5.35759e-05
41.82 5.57579e-05
41.83 5.77442e-05
41.84 5.95285e-05
41.85 6.11053e-05
41.86 6.24695e-05
41.87 6.36172e-05
41.88 6.45447e-05
41.89 6.52494e-05
41.9 6.57293e-05
41.91 6.59833e-05
41.92 6.60109e-05
41.93 6.58125e-05
41.94 6.53892e-05
41.95 6.47429e-05
41.96 6.38762e-05
41.97 6.27925e-05
41.98 6.1496e-05
41.99 5.99916e-05
42 5.82849e-05
42.01 5.6382e-05
42.02 5.42901e-05
42.03 5.20166e-05
42.04 4.95699e-05
42.05 4.69586e-05
42.06 4.41922e-05
42.07 4.12805e-05
42.08 3.82339e-05
42.09 3.50632e-05
42.1 3.17797e-05
42.11 2.83948e-05
42.12 2.49206e-05
42.13 2.13691e-05
42.14 1.77528e-05
42.15 1.40842e-05
42.16 1.03762e-05
42.17 6.64154e-06
42.18 2.89308e-06
42.19 -8.56292e-07
42.2 -4.59373e-06
42.21 -8.30648e-06
42.22 -1.19819e-05
42.23 -1.56076e-05
42.24 -1.91713e-05
42.25 -2.2661e-05
42.26 -2.60651e-05
42.27 -2.93721e-05
42.28 -3.25712e-05
42.29 -3.56516e-05
42.3 -3.86033e-05
42.31 -4.14165e-05
42.32 -4.4082e-05
42.33 -4.65912e-05
42.34 -4.8936e-05
42.35 -5.11087e-05
42.36 -5.31023e-05
42.37 -5.49107e-05
42.38 -5.65279e-05
42.39 -5.7949e-05
42.4 -5.91696e-05
42.41 -6.01859e-05
42.42 -6.09949e-05
42.43 -6.15943e-05
42.44 -6.19825e-05
42.45 -6.21586e-05
42.46 -6.21224e-05
42.47 -6.18745e-05
42.48 -6.14162e-05
42.49 -6.07495e-05
42.5 -5.9877e-05
42.51 -5.88022e-05
42.52 -5.75291e-05
42.53 -5.60627e-05
42.54 -5.44081e-05
42.55 -5.25717e-05
42.56 -5.056e-05
42.57 -4.83803e-05
42.58 -4.60405e-05
42.59 -4.35491e-05
42.6 -4.09148e-05
42.61 -3.81472e-05
42.62 -3.5256e-05
42.63 -3.22514e-05
42.64 -2.91441e-05
42.65 -2.5945e-05
42.66 -2.26653e-05
42.67 -1.93165e-05
42.68 -1.59102e-05
42.69 -1.24584e-05
42.7 -8.97288e-06
42.71 -5.46576e-06
42.72 -1.9491e-06
42.73 1.56502e-06
42.74 5.0646e-06
42.75 8.53772e-06
42.76 1.19726e-05
42.77 1.53575e-05
42.78 1.86812e-05
42.79 2.19323e-05
42.8 2.51002e-05
42.81 2.8174e-05
42.82 3.11438e-05
42.83 3.39995e-05
42.84 3.67318e-05
42.85 3.93318e-05
42.86 4.17908e-05
42.87 4.4101e-05
42.88 4.62547e-05
42.89 4.8245e-05
42.9 5.00657e-05
42.91 5.17108e-05
42.92 5.31751e-05
42.93 5.44542e-05
42.94 5.5544e-05
42.95 5.64412e-05
42.96 5.71433e-05
42.97 5.76481e-05
42.98 5.79545e-05
42.99 5.80618e-05
43 5.797e-05
43.01 5.76799e-05
43.02 5.71929e-05
43.03 5.6511e-05
43.04 5.56369e-05
43.05 5.45742e-05
43.06 5.33267e-05
43.07 5.18993e-05
43.08 5.02971e-05
43.09 4.85261e-05
43.1 4.65926e-05
43.11 4.45038e-05
43.12 4.2267e-05
43.13 3.98904e-05
43.14 3.73825e-05
43.15 3.47521e-05
43.16 3.20086e-05
43.17 2.91616e-05
43.18 2.62213e-05
43.19 2.3198e-05
43.2 2.01021e-05
43.21 1.69446e-05
43.22 1.37365e-05
43.23 1.04888e-05
43.24 7.21286e-06
43.25 3.91989e-06
43.26 6.21245e-07
43.27 -2.67178e-06
43.28 -5.94793e-06
43.29 -9.19606e-06
43.3 -1.24052e-05
43.31 -1.55644e-05
43.32 -1.8663e-05
43.33 -2.16908e-05
43.34 -2.46374e-05
43.35 -2.74932e-05
43.36 -3.02486e-05
43.37 -3.28945e-05
43.38 -3.54222e-05
43.39 -3.78234e-05
43.4 -4.00902e-05
43.41 -4.22152e-05
43.42 -4.41916e-05
43.43 -4.6013e-05
43.44 -4.76736e-05
43.45 -4.9168e-05
43.46 -5.04917e-05
43.47 -5.16404e-05
43.48 -5.26106e-05
43.49 -5.33994e-05
43.5 -5.40046e-05
43.51 -5.44243e-05
43.52 -5.46578e-05
43.53 -5.47044e-05
43.54 -5.45644e-05
43.55 -5.42387e-05
43.56 -5.37289e-05
43.57 -5.30369e-05
43.58 -5.21657e-05
43.59 -5.11185e-05
43.6 -4.98993e-05
43.61 -4.85126e-05
43.62 -4.69636e-05
43.63 -4.52579e-05
43.64 -4.34018e-05
43.65 -4.14018e-05
43.66 -3.92653e-05
43.67 -3.69999e-05
43.68 -3.46136e-05
43.69 -3.21149e-05
43.7 -2.95127e-05
43.71 -2.68161e-05
43.72 -2.40347e-05
43.73 -2.11782e-05
43.74 -1.82566e-05
43.75 -1.528e-05
43.76 -1.22589e-05
43.77 -9.20369e-06
43.78 -6.12493e-06
43.79 -3.03323e-06
43.8 6.07788e-08
43.81 3.14651e-06
43.82 6.21343e-06
43.83 9.25111e-06
43.84 1.22492e-05
43.85 1.51977e-05
43.86 1.80865e-05
43.87 2.0906e-05
43.88 2.36468e-05
43.89 2.62997e-05
43.9 2.88559e-05
43.91 3.1307e-05
43.92 3.36448e-05
43.93 3.58617e-05
43.94 3.79504e-05
43.95 3.99042e-05
43.96 4.17167e-05
43.97 4.33821e-05
43.98 4.48951e-05
43.99 4.62508e-05
44 4.74451e-05
44.01 4.84741e-05
44.02 4.93349e-05
44.03 5.00248e-05
44.04 5.05418e-05
44.05 5.08846e-05
44.06 5.10523e-05
44.07 5.10448e-05
44.08 5.08625e-05
44.09 5.05063e-05
44.1 4.99779e-05
44.11 4.92795e-05
44.12 4.84137e-05
44.13 4.73839e-05
44.14 4.6194e-05
44.15 4.48485e-05
44.16 4.33522e-05
44.17 4.17106e-05
44.18 3.99298e-05
44.19 3.8016e-05
44.2 3.59763e-05
44.21 3.38178e-05
44.22 3.15482e-05
44.23 2.91756e-05
44.24 2.67085e-05
44.25 2.41554e-05
44.26 2.15253e-05
44.27 1.88275e-05
44.28 1.60714e-05
44.29 1.32665e-05
44.3 1.04226e-05
44.31 7.54959e-06
44.32 4.65732e-06
44.33 1.75575e-06
44.34 -1.14517e-06
44.35 -4.03552e-06
44.36 -6.90544e-06
44.37 -9.74518e-06
44.38 -1.25451e-05
44.39 -1.52958e-05
44.4 -1.7988e-05
44.41 -2.06126e-05
44.42 -2.31609e-05
44.43 -2.56244e-05
44.44 -2.79948e-05
44.45 -3.02645e-05
44.46 -3.24258e-05
44.47 -3.44717e-05
44.48 -3.63955e-05
44.49 -3.8191e-05
44.5 -3.98522e-05
44.51 -4.1374e-05
44.52 -4.27514e-05
44.53 -4.398e-05
44.54 -4.50561e-05
44.55 -4.59763e-05
44.56 -4.67378e-05
44.57 -4.73383e-05
44.58 -4.77763e-05
44.59 -4.80504e-05
44.6 -4.81602e-05
44.61 -4.81056e-05
44.62 -4.78872e-05
44.63 -4.75061e-05
44.64 -4.69639e-05
44.65 -4.62628e-05
44.66 -4.54056e-05
44.67 -4.43955e-05
44.68 -4.32364e-05
44.69 -4.19325e-05
44.7 -4.04886e-05
44.71 -3.891e-05
44.72 -3.72025e-05
44.73 -3.53721e-05
44.74 -3.34254e-05
44.75 -3.13694e-05
44.76 -2.92114e-05
44.77 -2.6959e-05
44.78 -2.46202e-05
44.79 -2.22032e-05
44.8 -1.97164e-05
44.81 -1.71687e-05
44.82 -1.45689e-05
44.83 -1.19259e-05
44.84 -9.24907e-06
44.85 -6.54755e-06
44.86 -3.83067e-06
44.87 -1.10778e-06
44.88 1.6118e-06
44.89 4.31878e-06
44.9 7.00393e-06
44.91 9.65815e-06
44.92 1.22724e-05
44.93 1.4838e-05
44.94 1.73461e-05
44.95 1.97885e-05
44.96 2.2157e-05
44.97 2.44436e-05
44.98 2.66408e-05
44.99 2.87413e-05
45 3.07382e-05
45.01 3.26249e-05
45.02 3.43954e-05
45.03 3.60438e-05
45.04 3.75648e-05
45.05 3.89536e-05
45.06 4.02057e-05
45.07 4.13171e-05
45.08 4.22845e-05
45.09 4.31048e-05
45.1 4.37755e-05
45.11 4.42947e-05
45.12 4.46611e-05
45.13 4.48735e-05
45.14 4.49318e-05
45.15 4.48359e-05
45.16 4.45866e-05
45.17 4.41851e-05
45.18 4.3633e-05
45.19 4.29326e-05
45.2 4.20866e-05
45.21 4.10982e-05
45.22 3.99711e-05
45.23 3.87094e-05
45.24 3.73179e-05
45.25 3.58015e-05
45.26 3.41657e-05
45.27 3.24165e-05
45.28 3.056e-05
45.29 2.86029e-05
45.3 2.65521e-05
45.31 2.44149e-05
45.32 2.21989e-05
45.33 1.99117e-05
45.34 1.75615e-05
45.35 1.51564e-05
45.36 1.27048e-05
45.37 1.02152e-05
45.38 7.69625e-06
45.39 5.15665e-06
45.4 2.60514e-06
45.41 5.04698e-08
45.42 -2.4986e-06
45.43 -5.03338e-06
45.44 -7.54523e-06
45.45 -1.00256e-05
45.46 -1.24662e-05
45.47 -1.48587e-05
45.48 -1.71951e-05
45.49 -1.94675e-05
45.5 -2.16684e-05
45.51 -2.37904e-05
45.52 -2.58265e-05
45.53 -2.777e-05
45.54 -2.96144e-05
45.55 -3.13538e-05
45.56 -3.29824e-05
45.57 -3.4495e-05
45.58 -3.58866e-05
45.59 -3.71529e-05
45.6 -3.82898e-05
45.61 -3.92937e-05
45.62 -4.01615e-05
45.63 -4.08906e-05
45.64 -4.14788e-05
45.65 -4.19244e-05
45.66 -4.22261e-05
45.67 -4.23833e-05
45.68 -4.23958e-05
45.69 -4.22639e-05
45.7 -4.19882e-05
45.71 -4.15702e-05
45.72 -4.10114e-05
45.73 -4.03142e-05
45.74 -3.94812e-05
45.75 -3.85156e-05
45.76 -3.7421e-05
45.77 -3.62014e-05
45.78 -3.48613e-05
45.79 -3.34056e-05
45.8 -3.18394e-05
45.81 -3.01685e-05
45.82 -2.83987e-05
45.83 -2.65365e-05
45.84 -2.45883e-05
45.85 -2.25611e-05
45.86 -2.0462e-05
45.87 -1.82984e-05
45.88 -1.60778e-05
45.89 -1.3808e-05
45.9 -1.14969e-05
45.91 -9.15248e-06
45.92 -6.78286e-06
45.93 -4.39622e-06
45.94 -2.00076e-06
45.95 3.95297e-07
45.96 2.78376e-06
45.97 5.15648e-06
45.98 7.5054e-06
45.99 9.82255e-06
46 1.21001e-05
46.01 1.43304e-05
46.02 1.65059e-05
46.03 1.86193e-05
46.04 2.06636e-05
46.05 2.2632e-05
46.06 2.4518e-05
46.07 2.63153e-05
46.08 2.8018e-05
46.09 2.96206e-05
46.1 3.11177e-05
46.11 3.25047e-05
46.12 3.37769e-05
46.13 3.49304e-05
46.14 3.59614e-05
46.15 3.68668e-05
46.16 3.76436e-05
46.17 3.82897e-05
46.18 3.8803e-05
46.19 3.91821e-05
46.2 3.94261e-05
46.21 3.95343e-05
46.22 3.95067e-05
46.23 3.93438e-05
46.24 3.90463e-05
46.25 3.86156e-05
46.26 3.80534e-05
46.27 3.7362e-05
46.28 3.65441e-05
46.29 3.56026e-05
46.3 3.45411e-05
46.31 3.33636e-05
46.32 3.20742e-05
46.33 3.06777e-05
46.34 2.91792e-05
46.35 2.75839e-05
46.36 2.58976e-05
46.37 2.41262e-05
46.38 2.22761e-05
46.39 2.03538e-05
46.4 1.8366e-05
46.41 1.63196e-05
46.42 1.4222e-05
46.43 1.20802e-05
46.44 9.90193e-06
46.45 7.69455e-06
46.46 5.46575e-06
46.47 3.2232e-06
46.48 9.74606e-07
46.49 -1.27232e-06
46.5 -3.5099e-06
46.51 -5.73052e-06
46.52 -7.92662e-06
46.53 -1.00908e-05
46.54 -1.22157e-05
46.55 -1.42941e-05
46.56 -1.63192e-05
46.57 -1.82841e-05
46.58 -2.01823e-05
46.59 -2.20074e-05
46.6 -2.37535e-05
46.61 -2.54147e-05
46.62 -2.69856e-05
46.63 -2.84611e-05
46.64 -2.98363e-05
46.65 -3.11068e-05
46.66 -3.22686e-05
46.67 -3.33178e-05
46.68 -3.42513e-05
46.69 -3.5066e-05
46.7 -3.57595e-05
46.71 -3.63297e-05
46.72 -3.67749e-05
46.73 -3.70939e-05
46.74 -3.72859e-05
46.75 -3.73505e-05
46.76 -3.72877e-05
46.77 -3.70981e-05
46.78 -3.67826e-05
46.79 -3.63425e-05
46.8 -3.57797e-05
46.81 -3.50963e-05
46.82 -3.4295e-05
46.83 -3.33787e-05
46.84 -3.23509e-05
46.85 -3.12153e-05
46.86 -2.9976e-05
46.87 -2.86376e-05
46.88 -2.72048e-05
46.89 -2.56828e-05
46.9 -2.4077e-05
46.91 -2.23931e-05
46.92 -2.0637e-05
46.93 -1.88149e-05
46.94 -1.69333e-05
46.95 -1.49987e-05
46.96 -1.30178e-05
46.97 -1.09977e-05
46.98 -8.94516e-06
46.99 -6.86743e-06
47 -4.77165e-06
47.01 -2.66504e-06
47.02 -5.54822e-07
47.03 1.55177e-06
47.04 3.64754e-06
47.05 5.72536e-06
47.06 7.77817e-06
47.07 9.79903e-06
47.08 1.17811e-05
47.09 1.37177e-05
47.1 1.56024e-05
47.11 1.74288e-05
47.12 1.91908e-05
47.13 2.08827e-05
47.14 2.24987e-05
47.15 2.40336e-05
47.16 2.54823e-05
47.17 2.68401e-05
47.18 2.81026e-05
47.19 2.92657e-05
47.2 3.03256e-05
47.21 3.1279e-05
47.22 3.21229e-05
47.23 3.28547e-05
47.24 3.3472e-05
47.25 3.39731e-05
47.26 3.43566e-05
47.27 3.46213e-05
47.28 3.47667e-05
47.29 3.47925e-05
47.3 3.46989e-05
47.31 3.44864e-05
47.32 3.41562e-05
47.33 3.37095e-05
47.34 3.31483e-05
47.35 3.24745e-05
47.36 3.16909e-05
47.37 3.08003e-05
47.38 2.98061e-05
47.39 2.87118e-05
47.4 2.75215e-05
47.41 2.62394e-05
47.42 2.48702e-05
47.43 2.34187e-05
47.44 2.18901e-05
47.45 2.02899e-05
47.46 1.86236e-05
47.47 1.68971e-05
47.48 1.51166e-05
47.49 1.32882e-05
47.5 1.14182e-05
47.51 9.51324e-06
47.52 7.57988e-06
47.53 5.6248e-06
47.54 3.65473e-06
47.55 1.67646e-06
47.56 -3.0323e-07
47.57 -2.27757e-06
47.58 -4.23983e-06
47.59 -6.18333e-06
47.6 -8.10147e-06
47.61 -9.98777e-06
47.62 -1.18359e-05
47.63 -1.36396e-05
47.64 -1.53928e-05
47.65 -1.70896e-05
47.66 -1.87246e-05
47.67 -2.0292e-05
47.68 -2.17869e-05
47.69 -2.32043e-05
47.7 -2.45395e-05
47.71 -2.57882e-05
47.72 -2.69463e-05
47.73 -2.801e-05
47.74 -2.89761e-05
47.75 -2.98413e-05
47.76 -3.0603e-05
47.77 -3.12588e-05
47.78 -3.18068e-05
47.79 -3.22452e-05
47.8 -3.25729e-05
47.81 -3.2789e-05
47.82 -3.2893e-05
47.83 -3.28847e-05
47.84 -3.27646e-05
47.85 -3.25332e-05
47.86 -3.21915e-05
47.87 -3.17411e-05
47.88 -3.11837e-05
47.89 -3.05213e-05
47.9 -2.97567e-05
47.91 -2.88925e-05
47.92 -2.7932e-05
47.93 -2.68786e-05
47.94 -2.57363e-05
47.95 -2.45091e-05
47.96 -2.32014e-05
47.97 -2.18179e-05
47.98 -2.03635e-05
47.99 -1.88434e-05
48 -1.72628e-05
48.01 -1.56274e-05
48.02 -1.3943e-05
48.03 -1.22152e-05
48.04 -1.04503e-05
48.05 -8.65436e-06
48.06 -6.83353e-06
48.07 -4.99414e-06
48.08 -3.14253e-06
48.09 -1.28506e-06
48.1 5.719e-07
48.11 2.42201e-06
48.12 4.25896e-06
48.13 6.0765e-06
48.14 7.86848e-06
48.15 9.62883e-06
48.16 1.13516e-05
48.17 1.30311e-05
48.18 1.46615e-05
48.19 1.62376e-05
48.2 1.77539e-05
48.21 1.92056e-05
48.22 2.05878e-05
48.23 2.18959e-05
48.24 2.31257e-05
48.25 2.42731e-05
48.26 2.53345e-05
48.27 2.63064e-05
48.28 2.71857e-05
48.29 2.79696e-05
48.3 2.86557e-05
48.31 2.92418e-05
48.32 2.97263e-05
48.33 3.01076e-05
48.34 3.03847e-05
48.35 3.05569e-05
48.36 3.06239e-05
48.37 3.05856e-05
48.38 3.04424e-05
48.39 3.01951e-05
48.4 2.98448e-05
48.41 2.93927e-05
48.42 2.88409e-05
48.43 2.81913e-05
48.44 2.74464e-05
48.45 2.6609e-05
48.46 2.56821e-05
48.47 2.46691e-05
48.48 2.35738e-05
48.49 2.23999e-05
48.5 2.11518e-05
48.51 1.98339e-05
48.52 1.84509e-05
48.53 1.70075e-05
48.54 1.5509e-05
48.55 1.39606e-05
48.56 1.23677e-05
48.57 1.07359e-05
48.58 9.07075e-06
48.59 7.37816e-06
48.6 5.66393e-06
48.61 3.93399e-06
48.62 2.19429e-06
48.63 4.50808e-07
48.64 -1.29049e-06
48.65 -3.02366e-06
48.66 -4.74279e-06
48.67 -6.44205e-06
48.68 -8.11567e-06
48.69 -9.75801e-06
48.7 -1.13635e-05
48.71 -1.29268e-05
48.72 -1.44427e-05
48.73 -1.5906e-05
48.74 -1.7312e-05
48.75 -1.86559e-05
48.76 -1.99333e-05
48.77 -2.11401e-05
48.78 -2.22722e-05
48.79 -2.3326e-05
48.8 -2.42981e-05
48.81 -2.51853e-05
48.82 -2.59849e-05
48.83 -2.66942e-05
48.84 -2.73111e-05
48.85 -2.78337e-05
48.86 -2.82604e-05
48.87 -2.859e-05
48.88 -2.88215e-05
48.89 -2.89545e-05
48.9 -2.89886e-05
48.91 -2.89241e-05
48.92 -2.87613e-05
48.93 -2.8501e-05
48.94 -2.81443e-05
48.95 -2.76927e-05
48.96 -2.7148e-05
48.97 -2.65121e-05
48.98 -2.57876e-05
48.99 -2.4977e-05
49 -2.40834e-05
49.01 -2.311e-05
49.02 -2.20604e-05
49.03 -2.09382e-05
49.04 -1.97475e-05
49.05 -1.84925e-05
49.06 -1.71778e-05
49.07 -1.58078e-05
49.08 -1.43875e-05
49.09 -1.29219e-05
49.1 -1.14159e-05
49.11 -9.875e-06
49.12 -8.30443e-06
49.13 -6.70965e-06
49.14 -5.09618e-06
49.15 -3.46959e-06
49.16 -1.83546e-06
49.17 -1.99403e-07
49.18 1.43298e-06
49.19 3.05613e-06
49.2 4.66452e-06
49.21 6.25268e-06
49.22 7.81525e-06
49.23 9.34694e-06
49.24 1.08426e-05
49.25 1.22972e-05
49.26 1.37059e-05
49.27 1.5064e-05
49.28 1.63669e-05
49.29 1.76105e-05
49.3 1.87904e-05
49.31 1.99029e-05
49.32 2.09444e-05
49.33 2.19114e-05
49.34 2.28009e-05
49.35 2.36099e-05
49.36 2.43359e-05
49.37 2.49766e-05
49.38 2.55301e-05
49.39 2.59946e-05
49.4 2.63687e-05
49.41 2.66514e-05
49.42 2.6842e-05
49.43 2.69399e-05
49.44 2.69451e-05
49.45 2.68578e-05
49.46 2.66784e-05
49.47 2.64078e-05
49.48 2.60472e-05
49.49 2.55979e-05
49.5 2.50618e-05
49.51 2.44407e-05
49.52 2.37372e-05
49.53 2.29537e-05
49.54 2.20931e-05
49.55 2.11585e-05
49.56 2.01534e-05
49.57 1.90813e-05
49.58 1.79461e-05
49.59 1.67517e-05
49.6 1.55024e-05
49.61 1.42027e-05
49.62 1.2857e-05
49.63 1.14701e-05
49.64 1.00469e-05
49.65 8.5922e-06
49.66 7.11119e-06
49.67 5.60896e-06
49.68 4.09069e-06
49.69 2.56161e-06
49.7 1.02698e-06
49.71 -5.07938e-07
49.72 -2.0379e-06
49.73 -3.55769e-06
49.74 -5.06213e-06
49.75 -6.54613e-06
49.76 -8.00466e-06
49.77 -9.43281e-06
49.78 -1.08258e-05
49.79 -1.21789e-05
49.8 -1.34876e-05
49.81 -1.47475e-05
49.82 -1.59545e-05
49.83 -1.71046e-05
49.84 -1.8194e-05
49.85 -1.9219e-05
49.86 -2.01765e-05
49.87 -2.10631e-05
49.88 -2.18762e-05
49.89 -2.26131e-05
49.9 -2.32714e-05
49.91 -2.3849e-05
49.92 -2.43443e-05
49.93 -2.47557e-05
49.94 -2.5082e-05
49.95 -2.53223e-05
49.96 -2.54759e-05
49.97 -2.55425e-05
49.98 -2.55221e-05
49.99 -2.5415e-05
