0.01 1.40235e-07
0.02 1.32524e-07
0.03 1.19153e-07
0.04 1.02687e-07
0.05 8.46013e-08
0.06 6.51475e-08
0.07 4.4197e-08
0.08 2.09048e-08
0.09 -6.93326e-09
0.1 -4.12207e-08
0.11 -8.10087e-08
0.12 -1.20739e-07
0.13 -1.52442e-07
0.14 -1.72975e-07
0.15 -1.86979e-07
0.16 -2.02121e-07
0.17 -2.21664e-07
0.18 -2.39336e-07
0.19 -2.46314e-07
0.2 -2.44871e-07
0.21 -2.45251e-07
0.22 -2.50338e-07
0.23 -2.50123e-07
0.24 -2.30735e-07
0.25 -1.94716e-07
0.26 -1.64723e-07
0.27 -1.56582e-07
0.28 -1.68903e-07
0.29 -2.04017e-07
0.3 -2.71752e-07
0.31 -3.71919e-07
0.32 -4.86262e-07
0.33 -5.81406e-07
0.34 -6.31454e-07
0.35 -6.45421e-07
0.36 -6.53441e-07
0.37 -6.71076e-07
0.38 -6.90335e-07
0.39 -6.93518e-07
0.4 -6.65821e-07
0.41 -5.99766e-07
0.42 -4.99632e-07
0.43 -3.86087e-07
0.44 -2.70293e-07
0.45 -1.32358e-07
0.46 3.93041e-08
0.47 2.23086e-07
0.48 3.96999e-07
0.49 5.62601e-07
0.5 7.35367e-07
0.51 9.26588e-07
0.52 1.13484e-06
0.53 1.34963e-06
0.54 1.55912e-06
0.55 1.75698e-06
0.56 1.96631e-06
0.57 2.26979e-06
0.58 2.75484e-06
0.59 3.37976e-06
0.6 3.96691e-06
0.61 4.37558e-06
0.62 4.60041e-06
0.63 4.70393e-06
0.64 4.74686e-06
0.65 4.78021e-06
0.66 4.84424e-06
0.67 4.92948e-06
0.68 4.96425e-06
0.69 4.89112e-06
0.7 4.72658e-06
0.71 4.49018e-06
0.72 4.14365e-06
0.73 3.65913e-06
0.74 3.08146e-06
0.75 2.53493e-06
0.76 2.1671e-06
0.77 2.04285e-06
0.78 2.11082e-06
0.79 2.21202e-06
0.8 2.12146e-06
0.81 1.74485e-06
0.82 1.27597e-06
0.83 1.07164e-06
0.84 1.36555e-06
0.85 2.08697e-06
0.86 2.92325e-06
0.87 3.54061e-06
0.88 3.80951e-06
0.89 3.83182e-06
0.9 3.74618e-06
0.91 3.63021e-06
0.92 3.51816e-06
0.93 3.36611e-06
0.94 3.10687e-06
0.95 2.72246e-06
0.96 2.17254e-06
0.97 1.35198e-06
0.98 1.72846e-07
0.99 -1.33608e-06
1 -2.97205e-06
1.01 -4.42902e-06
1.02 -5.49062e-06
1.03 -6.12118e-06
1.04 -6.41469e-06
1.05 -6.51081e-06
1.06 -6.45758e-06
1.07 -6.19901e-06
1.08 -5.75759e-06
1.09 -5.27936e-06
1.1 -4.92869e-06
1.11 -4.76566e-06
1.12 -4.69444e-06
1.13 -4.62631e-06
1.14 -4.64599e-06
1.15 -4.94425e-06
1.16 -5.5907e-06
1.17 -6.39078e-06
1.18 -7.0447e-06
1.19 -7.38157e-06
1.2 -7.42486e-06
1.21 -7.37372e-06
1.22 -7.39564e-06
1.23 -7.40612e-06
1.24 -7.22489e-06
1.25 -6.88204e-06
1.26 -6.61273e-06
1.27 -6.55534e-06
1.28 -6.62409e-06
1.29 -6.64143e-06
1.3 -6.38327e-06
1.31 -5.65893e-06
1.32 -4.53335e-06
1.33 -3.26244e-06
1.34 -1.9784e-06
1.35 -6.47693e-07
1.36 7.31173e-07
1.37 2.16577e-06
1.38 3.76242e-06
1.39 5.5225e-06
1.4 7.31546e-06
1.41 9.0853e-06
1.42 1.07808e-05
1.43 1.21897e-05
1.44 1.30908e-05
1.45 1.35011e-05
1.46 1.36767e-05
1.47 1.38906e-05
1.48 1.4196e-05
1.49 1.45007e-05
1.5 1.48736e-05
1.51 1.5519e-05
1.52 1.63821e-05
1.53 1.70899e-05
1.54 1.7365e-05
1.55 1.72875e-05
1.56 1.71818e-05
1.57 1.73278e-05
1.58 1.77583e-05
1.59 1.82972e-05
1.6 1.87221e-05
1.61 1.89218e-05
1.62 1.90217e-05
1.63 1.93059e-05
1.64 1.9904e-05
1.65 2.07065e-05
1.66 2.16382e-05
1.67 2.2779e-05
1.68 2.4117e-05
1.69 2.53865e-05
1.7 2.63369e-05
1.71 2.69776e-05
1.72 2.74273e-05
1.73 2.77175e-05
1.74 2.78317e-05
1.75 2.78423e-05
1.76 2.79067e-05
1.77 2.81933e-05
1.78 2.88941e-05
1.79 3.01666e-05
1.8 3.20344e-05
1.81 3.43432e-05
1.82 3.67219e-05
1.83 3.87167e-05
1.84 4.00092e-05
1.85 4.05268e-05
1.86 4.04303e-05
1.87 4.00231e-05
1.88 3.96611e-05
1.89 3.95567e-05
1.9 3.95742e-05
1.91 3.92979e-05
1.92 3.83629e-05
1.93 3.66666e-05
1.94 3.42273e-05
1.95 3.1115e-05
1.96 2.76201e-05
1.97 2.4201e-05
1.98 2.12483e-05
1.99 1.89108e-05
2 1.69454e-05
2.01 1.4851e-05
2.02 1.23681e-05
2.03 9.79202e-06
2.04 7.56716e-06
2.05 5.6692e-06
2.06 3.73756e-06
2.07 1.62851e-06
2.08 -4.80104e-07
2.09 -2.39237e-06
2.1 -4.04609e-06
2.11 -5.36861e-06
2.12 -6.26819e-06
2.13 -6.91982e-06
2.14 -7.7518e-06
2.15 -8.97774e-06
2.16 -1.04871e-05
2.17 -1.22381e-05
2.18 -1.44247e-05
2.19 -1.72378e-05
2.2 -2.05875e-05
2.21 -2.40062e-05
2.22 -2.68747e-05
2.23 -2.89581e-05
2.24 -3.05898e-05
2.25 -3.21544e-05
2.26 -3.35779e-05
2.27 -3.44656e-05
2.28 -3.47408e-05
2.29 -3.48508e-05
2.3 -3.51925e-05
2.31 -3.57147e-05
2.32 -3.61191e-05
2.33 -3.61829e-05
2.34 -3.59602e-05
2.35 -3.57115e-05
2.36 -3.55051e-05
2.37 -3.50142e-05
2.38 -3.38143e-05
2.39 -3.1821e-05
2.4 -2.93517e-05
2.41 -2.66677e-05
2.42 -2.36403e-05
2.43 -2.00958e-05
2.44 -1.63159e-05
2.45 -1.29284e-05
2.46 -1.03797e-05
2.47 -8.66706e-06
2.48 -7.40527e-06
2.49 -6.11759e-06
2.5 -4.6755e-06
2.51 -3.34762e-06
2.52 -2.45145e-06
2.53 -2.12637e-06
2.54 -2.25166e-06
2.55 -2.48761e-06
2.56 -2.46854e-06
2.57 -2.01398e-06
2.58 -1.17753e-06
2.59 -1.9986e-08
2.6 1.64213e-06
2.61 4.15628e-06
2.62 7.69445e-06
2.63 1.20064e-05
2.64 1.65379e-05
2.65 2.09128e-05
2.66 2.51868e-05
2.67 2.95936e-05
2.68 3.43122e-05
2.69 3.93923e-05
2.7 4.47054e-05
2.71 5.00346e-05
2.72 5.52504e-05
2.73 6.02447e-05
2.74 6.46906e-05
2.75 6.81438e-05
2.76 7.03676e-05
2.77 7.14643e-05
2.78 7.17581e-05
2.79 7.1473e-05
2.8 7.04868e-05
2.81 6.84391e-05
2.82 6.51255e-05
2.83 6.08699e-05
2.84 5.64282e-05
2.85 5.24039e-05
2.86 4.88514e-05
2.87 4.54923e-05
2.88 4.21811e-05
2.89 3.912e-05
2.9 3.66966e-05
2.91 3.51866e-05
2.92 3.45149e-05
2.93 3.42607e-05
2.94 3.39904e-05
2.95 3.34869e-05
2.96 3.28361e-05
2.97 3.24817e-05
2.98 3.28618e-05
2.99 3.39852e-05
3 3.55249e-05
3.01 3.706e-05
3.02 3.81572e-05
3.03 3.84469e-05
3.04 3.77358e-05
3.05 3.60382e-05
3.06 3.35576e-05
3.07 3.06711e-05
3.08 2.77967e-05
3.09 2.52149e-05
3.1 2.29871e-05
3.11 2.09289e-05
3.12 1.86647e-05
3.13 1.58149e-05
3.14 1.22496e-05
3.15 8.21054e-06
3.16 4.04307e-06
3.17 -1.94919e-07
3.18 -4.63728e-06
3.19 -9.2175e-06
3.2 -1.35911e-05
3.21 -1.73831e-05
3.22 -2.04374e-05
3.23 -2.28763e-05
3.24 -2.4951e-05
3.25 -2.6914e-05
3.26 -2.90146e-05
3.27 -3.14245e-05
3.28 -3.41354e-05
3.29 -3.7051e-05
3.3 -4.01732e-05
3.31 -4.35665e-05
3.32 -4.71995e-05
3.33 -5.08885e-05
3.34 -5.43338e-05
3.35 -5.7315e-05
3.36 -5.98442e-05
3.37 -6.19509e-05
3.38 -6.34909e-05
3.39 -6.42744e-05
3.4 -6.41513e-05
3.41 -6.30683e-05
3.42 -6.11583e-05
3.43 -5.86694e-05
3.44 -5.57993e-05
3.45 -5.26141e-05
3.46 -4.90778e-05
3.47 -4.51186e-05
3.48 -4.06756e-05
3.49 -3.57579e-05
3.5 -3.0515e-05
3.51 -2.51009e-05
3.52 -1.94984e-05
3.53 -1.38584e-05
3.54 -8.81428e-06
3.55 -4.88755e-06
3.56 -1.84248e-06
3.57 9.72204e-07
3.58 4.00039e-06
3.59 7.35784e-06
3.6 1.10215e-05
3.61 1.49552e-05
3.62 1.90797e-05
3.63 2.32809e-05
3.64 2.749e-05
3.65 3.1625e-05
3.66 3.54516e-05
3.67 3.86038e-05
3.68 4.08025e-05
3.69 4.21465e-05
3.7 4.30849e-05
3.71 4.39688e-05
3.72 4.48276e-05
3.73 4.55053e-05
3.74 4.58037e-05
3.75 4.5639e-05
3.76 4.50466e-05
3.77 4.39663e-05
3.78 4.22947e-05
3.79 4.02098e-05
3.8 3.81548e-05
3.81 3.63777e-05
3.82 3.47454e-05
3.83 3.31169e-05
3.84 3.14661e-05
3.85 2.96855e-05
3.86 2.7703e-05
3.87 2.56727e-05
3.88 2.39051e-05
3.89 2.27397e-05
3.9 2.24059e-05
3.91 2.28558e-05
3.92 2.38462e-05
3.93 2.51286e-05
3.94 2.64516e-05
3.95 2.75271e-05
3.96 2.80925e-05
3.97 2.81116e-05
3.98 2.78796e-05
3.99 2.77419e-05
4 2.77545e-05
4.01 2.76872e-05
4.02 2.72769e-05
4.03 2.6349e-05
4.04 2.47635e-05
4.05 2.24053e-05
4.06 1.91187e-05
4.07 1.47706e-05
4.08 9.54516e-06
4.09 3.91995e-06
4.1 -1.675e-06
4.11 -7.07264e-06
4.12 -1.23672e-05
4.13 -1.78241e-05
4.14 -2.38076e-05
4.15 -3.06176e-05
4.16 -3.81895e-05
4.17 -4.60075e-05
4.18 -5.35143e-05
4.19 -6.05796e-05
4.2 -6.74004e-05
4.21 -7.41232e-05
4.22 -8.07251e-05
4.23 -8.70203e-05
4.24 -9.27962e-05
4.25 -9.81378e-05
4.26 -0.000103385
4.27 -0.000108632
4.28 -0.000113566
4.29 -0.00011776
4.3 -0.000120949
4.31 -0.000123232
4.32 -0.000125041
4.33 -0.000126762
4.34 -0.000128546
4.35 -0.000130445
4.36 -0.000132512
4.37 -0.000134752
4.38 -0.000137028
4.39 -0.000139019
4.4 -0.000140298
4.41 -0.000140627
4.42 -0.000140121
4.43 -0.000139025
4.44 -0.000137424
4.45 -0.000135248
4.46 -0.000132557
4.47 -0.000129499
4.48 -0.000126071
4.49 -0.000122131
4.5 -0.000117519
4.51 -0.000112179
4.52 -0.000106335
4.53 -0.000100415
4.54 -9.4758e-05
4.55 -8.9476e-05
4.56 -8.45015e-05
4.57 -7.95837e-05
4.58 -7.43424e-05
4.59 -6.86852e-05
4.6 -6.30126e-05
4.61 -5.77833e-05
4.62 -5.31495e-05
4.63 -4.90697e-05
4.64 -4.56248e-05
4.65 -4.30579e-05
4.66 -4.13698e-05
4.67 -4.00776e-05
4.68 -3.85545e-05
4.69 -3.65847e-05
4.7 -3.44821e-05
4.71 -3.26759e-05
4.72 -3.13314e-05
4.73 -3.03208e-05
4.74 -2.94278e-05
4.75 -2.84814e-05
4.76 -2.72557e-05
4.77 -2.54945e-05
4.78 -2.31215e-05
4.79 -2.02498e-05
4.8 -1.704e-05
4.81 -1.36288e-05
4.82 -1.00931e-05
4.83 -6.41688e-06
4.84 -2.50784e-06
4.85 1.73358e-06
4.86 6.30086e-06
4.87 1.10741e-05
4.88 1.59756e-05
4.89 2.0942e-05
4.9 2.58369e-05
4.91 3.06556e-05
4.92 3.55271e-05
4.93 4.03078e-05
4.94 4.46207e-05
4.95 4.83666e-05
4.96 5.17569e-05
4.97 5.49095e-05
4.98 5.76903e-05
4.99 5.98556e-05
5 6.12086e-05
5.01 6.16518e-05
5.02 6.11585e-05
5.03 5.97284e-05
5.04 5.73775e-05
5.05 5.41584e-05
5.06 5.02565e-05
5.07 4.60768e-05
5.08 4.19645e-05
5.09 3.78347e-05
5.1 3.33544e-05
5.11 2.83496e-05
5.12 2.28946e-05
5.13 1.71899e-05
5.14 1.14442e-05
5.15 5.7826e-06
5.16 1.32873e-07
5.17 -5.73411e-06
5.18 -1.18581e-05
5.19 -1.79375e-05
5.2 -2.36783e-05
5.21 -2.91036e-05
5.22 -3.43818e-05
5.23 -3.95013e-05
5.24 -4.43354e-05
5.25 -4.88373e-05
5.26 -5.29695e-05
5.27 -5.6634e-05
5.28 -5.97294e-05
5.29 -6.2214e-05
5.3 -6.40851e-05
5.31 -6.53924e-05
5.32 -6.63187e-05
5.33 -6.7021e-05
5.34 -6.74551e-05
5.35 -6.7493e-05
5.36 -6.70698e-05
5.37 -6.61736e-05
5.38 -6.47775e-05
5.39 -6.29404e-05
5.4 -6.09248e-05
5.41 -5.89894e-05
5.42 -5.72142e-05
5.43 -5.56458e-05
5.44 -5.43264e-05
5.45 -5.30817e-05
5.46 -5.16361e-05
5.47 -5.00461e-05
5.48 -4.87126e-05
5.49 -4.79859e-05
5.5 -4.79807e-05
5.51 -4.86645e-05
5.52 -4.99995e-05
5.53 -5.20052e-05
5.54 -5.46266e-05
5.55 -5.7544e-05
5.56 -6.02206e-05
5.57 -6.22852e-05
5.58 -6.36676e-05
5.59 -6.43157e-05
5.6 -6.41286e-05
5.61 -6.30378e-05
5.62 -6.09649e-05
5.63 -5.77737e-05
5.64 -5.32755e-05
5.65 -4.72347e-05
5.66 -3.94614e-05
5.67 -3.00182e-05
5.68 -1.9224e-05
5.69 -7.48249e-06
5.7 4.81818e-06
5.71 1.74001e-05
5.72 3.01363e-05
5.73 4.29233e-05
5.74 5.55834e-05
5.75 6.7918e-05
5.76 7.96133e-05
5.77 9.00651e-05
5.78 9.86304e-05
5.79 0.000105089
5.8 0.000109583
5.81 0.000112315
5.82 0.000113572
5.83 0.000113766
5.84 0.000113193
5.85 0.000111785
5.86 0.000109287
5.87 0.000105601
5.88 0.00010085
5.89 9.52861e-05
5.9 8.92686e-05
5.91 8.33156e-05
5.92 7.80101e-05
5.93 7.37602e-05
5.94 7.07038e-05
5.95 6.87403e-05
5.96 6.7482e-05
5.97 6.64484e-05
5.98 6.55671e-05
5.99 6.5197e-05
6 6.56718e-05
6.01 6.71602e-05
6.02 6.97508e-05
6.03 7.33497e-05
6.04 7.75565e-05
6.05 8.16964e-05
6.06 8.50287e-05
6.07 8.70619e-05
6.08 8.76915e-05
6.09 8.70493e-05
6.1 8.53396e-05
6.11 8.28117e-05
6.12 7.97431e-05
6.13 7.63712e-05
6.14 7.2773e-05
6.15 6.87892e-05
6.16 6.41958e-05
6.17 5.90699e-05
6.18 5.38036e-05
6.19 4.87472e-05
6.2 4.41634e-05
6.21 4.03993e-05
6.22 3.77999e-05
6.23 3.64574e-05
6.24 3.60675e-05
6.25 3.60555e-05
6.26 3.58433e-05
6.27 3.51253e-05
6.28 3.3964e-05
6.29 3.25642e-05
6.3 3.11793e-05
6.31 3.01875e-05
6.32 2.99294e-05
6.33 3.04335e-05
6.34 3.12369e-05
6.35 3.15157e-05
6.36 3.05753e-05
6.37 2.82972e-05
6.38 2.51145e-05
6.39 2.1616e-05
6.4 1.83407e-05
6.41 1.59134e-05
6.42 1.50538e-05
6.43 1.60933e-05
6.44 1.84816e-05
6.45 2.11099e-05
6.46 2.31864e-05
6.47 2.4719e-05
6.48 2.64287e-05
6.49 2.93247e-05
6.5 3.39566e-05
6.51 3.99283e-05
6.52 4.62675e-05
6.53 5.21138e-05
6.54 5.70347e-05
6.55 6.09522e-05
6.56 6.40355e-05
6.57 6.66306e-05
6.58 6.89374e-05
6.59 7.07889e-05
6.6 7.19553e-05
6.61 7.2423e-05
6.62 7.22248e-05
6.63 7.11601e-05
6.64 6.88306e-05
6.65 6.50186e-05
6.66 5.99387e-05
6.67 5.40557e-05
6.68 4.77382e-05
6.69 4.11974e-05
6.7 3.47634e-05
6.71 2.89238e-05
6.72 2.39378e-05
6.73 1.96337e-05
6.74 1.55077e-05
6.75 1.07086e-05
6.76 4.24316e-06
6.77 -4.32818e-06
6.78 -1.45053e-05
6.79 -2.52162e-05
6.8 -3.55098e-05
6.81 -4.50329e-05
6.82 -5.40326e-05
6.83 -6.29456e-05
6.84 -7.2029e-05
6.85 -8.13992e-05
6.86 -9.09741e-05
6.87 -0.000100262
6.88 -0.000108585
6.89 -0.000115427
6.9 -0.000120502
6.91 -0.000123848
6.92 -0.000125896
6.93 -0.000127343
6.94 -0.000128869
6.95 -0.000130776
6.96 -0.000132768
6.97 -0.000134195
6.98 -0.000134623
6.99 -0.000134012
7 -0.000132533
7.01 -0.000130376
7.02 -0.000127548
7.03 -0.00012394
7.04 -0.000119698
7.05 -0.000115487
7.06 -0.000112263
7.07 -0.000110513
7.08 -0.000109815
7.09 -0.000109407
7.1 -0.000108909
7.11 -0.000108391
7.12 -0.000107842
7.13 -0.000106751
7.14 -0.00010451
7.15 -0.00010102
7.16 -9.6717e-05
7.17 -9.22269e-05
7.18 -8.78929e-05
7.19 -8.35447e-05
7.2 -7.87788e-05
7.21 -7.34143e-05
7.22 -6.76517e-05
7.23 -6.18943e-05
7.24 -5.66062e-05
7.25 -5.23825e-05
7.26 -4.98718e-05
7.27 -4.93664e-05
7.28 -5.05768e-05
7.29 -5.27687e-05
7.3 -5.49131e-05
7.31 -5.59998e-05
7.32 -5.54278e-05
7.33 -5.29182e-05
7.34 -4.84546e-05
7.35 -4.27518e-05
7.36 -3.72222e-05
7.37 -3.3012e-05
7.38 -3.01563e-05
7.39 -2.76288e-05
7.4 -2.41607e-05
7.41 -1.90656e-05
7.42 -1.23784e-05
7.43 -4.49411e-06
7.44 4.05594e-06
7.45 1.26634e-05
7.46 2.08115e-05
7.47 2.82807e-05
7.48 3.52718e-05
7.49 4.23884e-05
7.5 5.04788e-05
7.51 6.0341e-05
7.52 7.22757e-05
7.53 8.5798e-05
7.54 9.98275e-05
7.55 0.000113178
7.56 0.000125108
7.57 0.000135601
7.58 0.000145062
7.59 0.000153801
7.6 0.000161848
7.61 0.000169096
7.62 0.000175427
7.63 0.00018067
7.64 0.0001845
7.65 0.000186411
7.66 0.000185905
7.67 0.000182806
7.68 0.000177418
7.69 0.000170398
7.7 0.00016251
7.71 0.000154477
7.72 0.000146784
7.73 0.000139459
7.74 0.000132112
7.75 0.000124172
7.76 0.000115189
7.77 0.000104946
7.78 9.32953e-05
7.79 8.01987e-05
7.8 6.60523e-05
7.81 5.17215e-05
7.82 3.82106e-05
7.83 2.61943e-05
7.84 1.56953e-05
7.85 6.2085e-06
7.86 -2.87692e-06
7.87 -1.18742e-05
7.88 -2.06133e-05
7.89 -2.87128e-05
7.9 -3.5872e-05
7.91 -4.17901e-05
7.92 -4.62395e-05
7.93 -4.92147e-05
7.94 -5.09525e-05
7.95 -5.21173e-05
7.96 -5.38041e-05
7.97 -5.70335e-05
7.98 -6.22204e-05
7.99 -6.90993e-05
8 -7.69376e-05
8.01 -8.4993e-05
8.02 -9.29742e-05
8.03 -0.000100907
8.04 -0.000108902
8.05 -0.000117277
8.06 -0.000126413
8.07 -0.000136371
8.08 -0.000146953
8.09 -0.000157932
8.1 -0.000169059
8.11 -0.00018
8.12 -0.000190397
8.13 -0.000199956
8.14 -0.000208481
8.15 -0.000215906
8.16 -0.000222399
8.17 -0.000228377
8.18 -0.000234205
8.19 -0.000239815
8.2 -0.000244827
8.21 -0.000248926
8.22 -0.000251766
8.23 -0.000252563
8.24 -0.000250108
8.25 -0.000243397
8.26 -0.000232437
8.27 -0.000218446
8.28 -0.000203218
8.29 -0.000188297
8.3 -0.000174763
8.31 -0.000163172
8.32 -0.000153118
8.33 -0.000143343
8.34 -0.000132449
8.35 -0.00011942
8.36 -0.000104238
8.37 -8.82702e-05
8.38 -7.34541e-05
8.39 -6.09008e-05
8.4 -5.01239e-05
8.41 -3.93117e-05
8.42 -2.64116e-05
8.43 -1.03056e-05
8.44 8.86329e-06
8.45 3.00534e-05
8.46 5.16928e-05
8.47 7.21322e-05
8.48 9.02121e-05
8.49 0.000105622
8.5 0.000118971
8.51 0.000131545
8.52 0.000144678
8.53 0.000158976
8.54 0.000173952
8.55 0.000188427
8.56 0.000201445
8.57 0.000212983
8.58 0.000223904
8.59 0.000235135
8.6 0.000246989
8.61 0.00025937
8.62 0.000272152
8.63 0.000285183
8.64 0.000298177
8.65 0.000310639
8.66 0.000321943
8.67 0.000331664
8.68 0.000339793
8.69 0.000346697
8.7 0.000352888
8.71 0.000358631
8.72 0.00036374
8.73 0.000367783
8.74 0.000370423
8.75 0.000371521
8.76 0.000370973
8.77 0.00036856
8.78 0.000363832
8.79 0.000356187
8.8 0.000345241
8.81 0.000331391
8.82 0.000315989
8.83 0.000300556
8.84 0.000285608
8.85 0.000270269
8.86 0.000253164
8.87 0.000233675
8.88 0.000212263
8.89 0.000189973
8.9 0.000167957
8.91 0.000147156
8.92 0.000128045
8.93 0.000110595
8.94 9.44589e-05
8.95 7.89788e-05
8.96 6.33361e-05
8.97 4.71685e-05
8.98 3.07812e-05
8.99 1.4578e-05
9 -1.56563e-06
9.01 -1.84644e-05
9.02 -3.72377e-05
9.03 -5.8302e-05
9.04 -8.0593e-05
9.05 -0.000102327
9.06 -0.000122269
9.07 -0.000139944
9.08 -0.000155401
9.09 -0.000169021
9.1 -0.000181117
9.11 -0.000191725
9.12 -0.000200803
9.13 -0.000208345
9.14 -0.000214238
9.15 -0.000218329
9.16 -0.000220795
9.17 -0.000222171
9.18 -0.000222808
9.19 -0.00022234
9.2 -0.000219806
9.21 -0.000214305
9.22 -0.000205436
9.23 -0.000193282
9.24 -0.000178406
9.25 -0.000162093
9.26 -0.000146108
9.27 -0.000131739
9.28 -0.000119155
9.29 -0.00010775
9.3 -9.71118e-05
9.31 -8.75496e-05
9.32 -7.98329e-05
9.33 -7.46355e-05
9.34 -7.22022e-05
9.35 -7.24266e-05
9.36 -7.51246e-05
9.37 -8.00436e-05
9.38 -8.65881e-05
9.39 -9.3827e-05
9.4 -0.000100795
9.41 -0.000106662
9.42 -0.000110821
9.43 -0.000112951
9.44 -0.000113023
9.45 -0.000111277
9.46 -0.000108016
9.47 -0.000103469
9.48 -9.76882e-05
9.49 -9.03553e-05
9.5 -8.09905e-05
9.51 -6.94075e-05
9.52 -5.572e-05
9.53 -4.02674e-05
9.54 -2.36543e-05
9.55 -6.51398e-06
9.56 1.06503e-05
9.57 2.75286e-05
9.58 4.41613e-05
9.59 6.07119e-05
9.6 7.69345e-05
9.61 9.20241e-05
9.62 0.000104998
9.63 0.000115132
9.64 0.000121908
9.65 0.000124779
9.66 0.00012338
9.67 0.000117994
9.68 0.000110059
9.69 0.00010234
9.7 9.77114e-05
9.71 9.72994e-05
9.72 0.000100124
9.73 0.000104404
9.74 0.000108845
9.75 0.000113023
9.76 0.000117047
9.77 0.000121013
9.78 0.000124746
9.79 0.000127894
9.8 0.000130116
9.81 0.00013111
9.82 0.000130355
9.83 0.000127023
9.84 0.000120437
9.85 0.000110467
9.86 9.76305e-05
9.87 8.31068e-05
9.88 6.83751e-05
9.89 5.44479e-05
9.9 4.13936e-05
9.91 2.85905e-05
9.92 1.53092e-05
9.93 1.20657e-06
9.94 -1.34756e-05
9.95 -2.81945e-05
9.96 -4.261e-05
9.97 -5.68953e-05
9.98 -7.16263e-05
9.99 -8.73832e-05
10 -0.000104527
10.01 -0.00012329
10.02 -0.000143802
10.03 -0.000165773
10.04 -0.000188211
10.05 -0.00020966
10.06 -0.000228775
10.07 -0.000244914
10.08 -0.000258193
10.09 -0.000268871
10.1 -0.000276615
10.11 -0.000280183
10.12 -0.00027788
10.13 -0.000268503
10.14 -0.000251903
10.15 -0.000228888
10.16 -0.000200951
10.17 -0.000170073
10.18 -0.000138541
10.19 -0.000108527
10.2 -8.1313e-05
10.21 -5.68464e-05
10.22 -3.42821e-05
10.23 -1.3127e-05
10.24 6.08417e-06
10.25 2.19832e-05
10.26 3.33058e-05
10.27 4.00418e-05
10.28 4.34927e-05
10.29 4.498e-05
10.3 4.50011e-05
10.31 4.37223e-05
10.32 4.14229e-05
10.33 3.82516e-05
10.34 3.39821e-05
10.35 2.80562e-05
10.36 1.98773e-05
10.37 9.25117e-06
10.38 -3.4104e-06
10.39 -1.71777e-05
10.4 -3.07927e-05
10.41 -4.31904e-05
10.42 -5.40046e-05
10.43 -6.33208e-05
10.44 -7.10071e-05
10.45 -7.63314e-05
10.46 -7.81673e-05
10.47 -7.57075e-05
10.48 -6.89859e-05
10.49 -5.87236e-05
10.5 -4.58288e-05
10.51 -3.09564e-05
10.52 -1.43206e-05
10.53 4.16984e-06
10.54 2.45066e-05
10.55 4.6205e-05
10.56 6.85009e-05
10.57 9.11275e-05
10.58 0.000114786
10.59 0.00014044
10.6 0.000168025
10.61 0.000196143
10.62 0.000222936
10.63 0.00024699
10.64 0.000267652
10.65 0.000285074
10.66 0.000300024
10.67 0.000313362
10.68 0.000325352
10.69 0.000335378
10.7 0.00034247
10.71 0.000345877
10.72 0.000344915
10.73 0.000338693
10.74 0.000326541
10.75 0.000308572
10.76 0.000285549
10.77 0.000258315
10.78 0.000227357
10.79 0.000192757
10.8 0.000154419
10.81 0.000112295
10.82 6.67688e-05
10.83 1.92078e-05
10.84 -2.81834e-05
10.85 -7.32722e-05
10.86 -0.000114307
10.87 -0.00014956
10.88 -0.000177686
10.89 -0.000198733
10.9 -0.000214242
10.91 -0.000226135
10.92 -0.000235773
10.93 -0.000243792
10.94 -0.000250132
10.95 -0.000254167
10.96 -0.000255082
10.97 -0.000252453
10.98 -0.000246722
10.99 -0.000239078
11 -0.000230725
11.01 -0.000222215
11.02 -0.000213267
11.03 -0.000202983
11.04 -0.000190284
11.05 -0.000174395
11.06 -0.000155169
11.07 -0.00013312
11.08 -0.000109214
11.09 -8.45837e-05
11.1 -6.01842e-05
11.11 -3.65155e-05
11.12 -1.36012e-05
11.13 8.87241e-06
11.14 3.13412e-05
11.15 5.40581e-05
11.16 7.68651e-05
11.17 9.90958e-05
11.18 0.000119715
11.19 0.000137956
11.2 0.000154043
11.21 0.000169273
11.22 0.000185358
11.23 0.00020354
11.24 0.000223959
11.25 0.000245666
11.26 0.00026719
11.27 0.000287288
11.28 0.000305557
11.29 0.000322333
11.3 0.000338053
11.31 0.000352978
11.32 0.000367276
11.33 0.000381083
11.34 0.000394604
11.35 0.000408204
11.36 0.000422297
11.37 0.00043731
11.38 0.000453635
11.39 0.000471437
11.4 0.000490511
11.41 0.000510215
11.42 0.000529447
11.43 0.000546814
11.44 0.000561105
11.45 0.000571764
11.46 0.00057904
11.47 0.000583761
11.48 0.000586711
11.49 0.000587837
11.5 0.000585828
11.51 0.000578703
11.52 0.000565086
11.53 0.00054505
11.54 0.000519885
11.55 0.000491015
11.56 0.000459153
11.57 0.000424378
11.58 0.000386794
11.59 0.000347052
11.6 0.000306302
11.61 0.000265857
11.62 0.000226581
11.63 0.000188427
11.64 0.000150982
11.65 0.000114394
11.66 7.96011e-05
11.67 4.78063e-05
11.68 1.97432e-05
11.69 -4.57502e-06
11.7 -2.56221e-05
11.71 -4.41582e-05
11.72 -6.13393e-05
11.73 -7.88854e-05
11.74 -9.8854e-05
11.75 -0.000122959
11.76 -0.00015189
11.77 -0.000185264
11.78 -0.000222244
11.79 -0.00026218
11.8 -0.000304607
11.81 -0.000349118
11.82 -0.000395758
11.83 -0.000445081
11.84 -0.000497306
11.85 -0.000551461
11.86 -0.000605404
11.87 -0.000656523
11.88 -0.000702653
11.89 -0.000742878
11.9 -0.000777612
11.91 -0.000807946
11.92 -0.000834893
11.93 -0.000859188
11.94 -0.000881585
11.95 -0.000902636
11.96 -0.000922017
11.97 -0.000938362
11.98 -0.000949707
11.99 -0.000954212
12 -0.000950787
12.01 -0.000939489
12.02 -0.00092162
12.03 -0.000899136
12.04 -0.000873689
12.05 -0.000846289
12.06 -0.000817606
12.07 -0.000788258
12.08 -0.000758782
12.09 -0.00072935
12.1 -0.000699366
12.11 -0.000667629
12.12 -0.000633334
12.13 -0.000596964
12.14 -0.000560118
12.15 -0.000524499
12.16 -0.000490714
12.17 -0.000457813
12.18 -0.000424103
12.19 -0.000388443
12.2 -0.000350963
12.21 -0.000312799
12.22 -0.000275206
12.23 -0.000238867
12.24 -0.000203818
12.25 -0.000169637
12.26 -0.00013548
12.27 -9.99108e-05
12.28 -6.09565e-05
12.29 -1.66942e-05
12.3 3.40094e-05
12.31 9.08155e-05
12.32 0.000151748
12.33 0.000213923
12.34 0.000274513
12.35 0.000331295
12.36 0.000382807
12.37 0.000428394
12.38 0.000468103
12.39 0.000502292
12.4 0.000531088
12.41 0.000554122
12.42 0.00057077
12.43 0.000580691
12.44 0.000584051
12.45 0.000581468
12.46 0.000574117
12.47 0.00056367
12.48 0.000551828
12.49 0.000539821
12.5 0.00052806
12.51 0.000516133
12.52 0.000503244
12.53 0.000488722
12.54 0.000472472
12.55 0.000455185
12.56 0.000437998
12.57 0.000422079
12.58 0.000408482
12.59 0.000397739
12.6 0.000389284
12.61 0.000381592
12.62 0.00037299
12.63 0.000362373
12.64 0.000349621
12.65 0.00033562
12.66 0.000321477
12.67 0.000307482
12.68 0.00029295
12.69 0.000276892
12.7 0.000258539
12.71 0.000237378
12.72 0.000213193
12.73 0.000186473
12.74 0.000158592
12.75 0.000131287
12.76 0.000105963
12.77 8.30824e-05
12.78 6.21345e-05
12.79 4.23303e-05
12.8 2.31372e-05
12.81 4.647e-06
12.82 -1.19002e-05
12.83 -2.43974e-05
12.84 -3.13335e-05
12.85 -3.29115e-05
12.86 -3.06005e-05
12.87 -2.6022e-05
12.88 -2.05966e-05
12.89 -1.56907e-05
12.9 -1.23337e-05
12.91 -1.07147e-05
12.92 -1.01186e-05
12.93 -9.3433e-06
12.94 -7.35655e-06
12.95 -4.17945e-06
12.96 -1.33568e-06
12.97 -9.07913e-07
12.98 -3.82853e-06
12.99 -9.1397e-06
13 -1.47692e-05
13.01 -1.88085e-05
13.02 -2.03637e-05
13.03 -1.98817e-05
13.04 -1.90215e-05
13.05 -1.99121e-05
13.06 -2.41317e-05
13.07 -3.20662e-05
13.08 -4.29982e-05
13.09 -5.57457e-05
13.1 -6.90598e-05
13.11 -8.16654e-05
13.12 -9.25479e-05
13.13 -0.000101565
13.14 -0.000109674
13.15 -0.000118142
13.16 -0.000127332
13.17 -0.000136148
13.18 -0.000142461
13.19 -0.00014429
13.2 -0.000141143
13.21 -0.000134429
13.22 -0.000126626
13.23 -0.000120016
13.24 -0.000115726
13.25 -0.000113585
13.26 -0.000112849
13.27 -0.000112983
13.28 -0.00011384
13.29 -0.000115659
13.3 -0.000119175
13.31 -0.00012534
13.32 -0.000134734
13.33 -0.000147341
13.34 -0.000162622
13.35 -0.000179643
13.36 -0.000197213
13.37 -0.000213992
13.38 -0.000228775
13.39 -0.000240752
13.4 -0.000249461
13.41 -0.000254699
13.42 -0.000256467
13.43 -0.000254795
13.44 -0.000249661
13.45 -0.00024103
13.46 -0.000228823
13.47 -0.000212992
13.48 -0.000193622
13.49 -0.000170771
13.5 -0.000144505
13.51 -0.0001153
13.52 -8.42443e-05
13.53 -5.29153e-05
13.54 -2.29401e-05
13.55 4.59363e-06
13.56 2.92414e-05
13.57 5.0857e-05
13.58 6.93759e-05
13.59 8.46935e-05
13.6 9.64096e-05
13.61 0.000103711
13.62 0.000105693
13.63 0.000101842
13.64 9.22833e-05
13.65 7.77101e-05
13.66 5.92019e-05
13.67 3.80991e-05
13.68 1.58444e-05
13.69 -6.24708e-06
13.7 -2.71803e-05
13.71 -4.64792e-05
13.72 -6.40587e-05
13.73 -7.94384e-05
13.74 -9.12966e-05
13.75 -9.80574e-05
13.76 -9.86404e-05
13.77 -9.28092e-05
13.78 -8.12001e-05
13.79 -6.498e-05
13.8 -4.53399e-05
13.81 -2.31342e-05
13.82 1.21601e-06
13.83 2.74547e-05
13.84 5.50495e-05
13.85 8.31289e-05
13.86 0.000110861
13.87 0.000137603
13.88 0.000162778
13.89 0.000185944
13.9 0.000206743
13.91 0.00022476
13.92 0.000239855
13.93 0.000252363
13.94 0.000262772
13.95 0.000271612
13.96 0.000279717
13.97 0.000288154
13.98 0.000297591
13.99 0.000307895
14 0.0003185
14.01 0.000329028
14.02 0.000339228
14.03 0.000348381
14.04 0.00035518
14.05 0.000358238
14.06 0.000356588
14.07 0.000349944
14.08 0.000338723
14.09 0.000323484
14.1 0.000304112
14.11 0.000279768
14.12 0.000249516
14.13 0.000212969
14.14 0.000170607
14.15 0.000123551
14.16 7.30002e-05
14.17 1.99125e-05
14.18 -3.48697e-05
14.19 -9.03914e-05
14.2 -0.000145557
14.21 -0.000199193
14.22 -0.000250179
14.23 -0.000297593
14.24 -0.000340717
14.25 -0.00037899
14.26 -0.00041197
14.27 -0.000439354
14.28 -0.000461092
14.29 -0.000477509
14.3 -0.000489195
14.31 -0.000496601
14.32 -0.000499775
14.33 -0.000498426
14.34 -0.000492096
14.35 -0.000480342
14.36 -0.000462915
14.37 -0.000439778
14.38 -0.000411204
14.39 -0.000378046
14.4 -0.000341743
14.41 -0.000303897
14.42 -0.000265836
14.43 -0.000228263
14.44 -0.000190842
14.45 -0.000152335
14.46 -0.000111622
14.47 -6.86292e-05
14.48 -2.44228e-05
14.49 1.92769e-05
14.5 6.05227e-05
14.51 9.72424e-05
14.52 0.000127421
14.53 0.000149594
14.54 0.000163161
14.55 0.00016837
14.56 0.000166276
14.57 0.000158375
14.58 0.000145976
14.59 0.000129981
14.6 0.000111211
14.61 9.09365e-05
14.62 7.08136e-05
14.63 5.22383e-05
14.64 3.60923e-05
14.65 2.28975e-05
14.66 1.30402e-05
14.67 7.0757e-06
14.68 5.6721e-06
14.69 9.13282e-06
14.7 1.72412e-05
14.71 2.95606e-05
14.72 4.55221e-05
14.73 6.41683e-05
14.74 8.40309e-05
14.75 0.000103363
14.76 0.000120703
14.77 0.000135483
14.78 0.000147979
14.79 0.00015857
14.8 0.000167271
14.81 0.000173857
14.82 0.000178077
14.83 0.00017976
14.84 0.000178942
14.85 0.000175866
14.86 0.000170835
14.87 0.00016418
14.88 0.000156309
14.89 0.000147594
14.9 0.00013821
14.91 0.000128248
14.92 0.000117823
14.93 0.000107115
14.94 9.65256e-05
14.95 8.65251e-05
14.96 7.72646e-05
14.97 6.87256e-05
14.98 6.12575e-05
14.99 5.5635e-05
15 5.26291e-05
15.01 5.28081e-05
15.02 5.67042e-05
15.03 6.49409e-05
15.04 7.79158e-05
15.05 9.5313e-05
15.06 0.000116223
15.07 0.000139459
15.08 0.000163371
15.09 0.000185517
15.1 0.000202897
15.11 0.000212814
15.12 0.000213549
15.13 0.000204393
15.14 0.000185271
15.15 0.000156398
15.16 0.000118448
15.17 7.30749e-05
15.18 2.27352e-05
15.19 -3.04296e-05
15.2 -8.52556e-05
15.21 -0.000140713
15.22 -0.000194807
15.23 -0.000244684
15.24 -0.000287528
15.25 -0.000321351
15.26 -0.000345398
15.27 -0.000360057
15.28 -0.000366444
15.29 -0.000365971
15.3 -0.000359817
15.31 -0.000348467
15.32 -0.000331814
15.33 -0.000309693
15.34 -0.00028223
15.35 -0.00024968
15.36 -0.000212205
15.37 -0.000170109
15.38 -0.00012434
15.39 -7.66802e-05
15.4 -2.93301e-05
15.41 1.5816e-05
15.42 5.76443e-05
15.43 9.57123e-05
15.44 0.000129484
15.45 0.000157624
15.46 0.000178296
15.47 0.000190232
15.48 0.000193485
15.49 0.000189435
15.5 0.000180309
15.51 0.000168491
15.52 0.000155927
15.53 0.000144092
15.54 0.000134376
15.55 0.000128001
15.56 0.000125487
15.57 0.000126408
15.58 0.00012971
15.59 0.000134494
15.6 0.000140499
15.61 0.000147737
15.62 0.000155801
15.63 0.000163571
15.64 0.000169553
15.65 0.000172552
15.66 0.000172112
15.67 0.000168492
15.68 0.000162264
15.69 0.000153924
15.7 0.000143913
15.71 0.000132761
15.72 0.000121164
15.73 0.000109981
15.74 9.97729e-05
15.75 9.03424e-05
15.76 8.09881e-05
15.77 7.11826e-05
15.78 6.11643e-05
15.79 5.17833e-05
15.8 4.37174e-05
15.81 3.70653e-05
15.82 3.14131e-05
15.83 2.59802e-05
15.84 1.97964e-05
15.85 1.19964e-05
15.86 2.17992e-06
15.87 -9.50564e-06
15.88 -2.24737e-05
15.89 -3.5779e-05
15.9 -4.84047e-05
15.91 -5.9692e-05
15.92 -6.96221e-05
15.93 -7.87293e-05
15.94 -8.76016e-05
15.95 -9.63921e-05
15.96 -0.000104819
15.97 -0.00011261
15.98 -0.000119843
15.99 -0.000126867
16 -0.000133896
16.01 -0.000140707
16.02 -0.000146834
16.03 -0.000151978
16.04 -0.000156052
16.05 -0.000158921
16.06 -0.00016033
16.07 -0.000160105
16.08 -0.000158312
16.09 -0.000155184
16.1 -0.000151145
16.11 -0.000147107
16.12 -0.000144388
16.13 -0.000144112
16.14 -0.000146759
16.15 -0.000152198
16.16 -0.000160081
16.17 -0.000170197
16.18 -0.000182384
16.19 -0.000196294
16.2 -0.000211395
16.21 -0.000227102
16.22 -0.0002428
16.23 -0.000257818
16.24 -0.000271647
16.25 -0.000284085
16.26 -0.000295076
16.27 -0.000304578
16.28 -0.000312617
16.29 -0.000319382
16.3 -0.000325183
16.31 -0.00033031
16.32 -0.000335035
16.33 -0.000339578
16.34 -0.000343966
16.35 -0.000348044
16.36 -0.000351588
16.37 -0.000354411
16.38 -0.000356281
16.39 -0.000356799
16.4 -0.000355511
16.41 -0.000352063
16.42 -0.0003463
16.43 -0.00033825
16.44 -0.000327848
16.45 -0.000314785
16.46 -0.000298685
16.47 -0.000279346
16.48 -0.000256883
16.49 -0.000231704
16.5 -0.000204317
16.51 -0.000175021
16.52 -0.000143727
16.53 -0.000110155
16.54 -7.4115e-05
16.55 -3.56869e-05
16.56 4.55736e-06
16.57 4.55338e-05
16.58 8.60827e-05
16.59 0.000125329
16.6 0.000162636
16.61 0.000197507
16.62 0.000229549
16.63 0.000258356
16.64 0.000283454
16.65 0.000304437
16.66 0.000320981
16.67 0.000332755
16.68 0.000339604
16.69 0.000341829
16.7 0.000340165
16.71 0.000335683
16.72 0.000329542
16.73 0.000322556
16.74 0.000314972
16.75 0.000306727
16.76 0.000297891
16.77 0.000289003
16.78 0.000281174
16.79 0.00027572
16.8 0.000273649
16.81 0.000275528
16.82 0.000281343
16.83 0.000290228
16.84 0.00030079
16.85 0.000311931
16.86 0.000323323
16.87 0.000335351
16.88 0.000348775
16.89 0.000364243
16.9 0.000381939
16.91 0.000401456
16.92 0.000421726
16.93 0.000441275
16.94 0.000458878
16.95 0.000474098
16.96 0.000487298
16.97 0.000499358
16.98 0.000511349
16.99 0.000524038
17 0.000537366
17.01 0.000550266
17.02 0.000560979
17.03 0.000567823
17.04 0.000569843
17.05 0.000566958
17.06 0.000559813
17.07 0.00054944
17.08 0.000536616
17.09 0.000521346
17.1 0.000502998
17.11 0.000480819
17.12 0.00045431
17.13 0.00042335
17.14 0.000388373
17.15 0.000350415
17.16 0.000310632
17.17 0.00026988
17.18 0.000228849
17.19 0.000188193
17.2 0.000148431
17.21 0.000109875
17.22 7.26622e-05
17.23 3.68827e-05
17.24 2.79747e-06
17.25 -2.92436e-05
17.26 -5.90355e-05
17.27 -8.64173e-05
17.28 -0.000111131
17.29 -0.000132905
17.3 -0.000151683
17.31 -0.000167797
17.32 -0.000181885
17.33 -0.000194619
17.34 -0.000206526
17.35 -0.000218124
17.36 -0.000229974
17.37 -0.000242389
17.38 -0.000255357
17.39 -0.000268891
17.4 -0.000283353
17.41 -0.000299415
17.42 -0.000317794
17.43 -0.000338904
17.44 -0.000362494
17.45 -0.000387691
17.46 -0.000413399
17.47 -0.000438566
17.48 -0.000462294
17.49 -0.000483919
17.5 -0.000503099
17.51 -0.000519739
17.52 -0.000533773
17.53 -0.000545084
17.54 -0.000553548
17.55 -0.000559085
17.56 -0.000561761
17.57 -0.000561781
17.58 -0.000559248
17.59 -0.000554126
17.6 -0.000546486
17.61 -0.000536584
17.62 -0.000524716
17.63 -0.000511164
17.64 -0.000496323
17.65 -0.0004808
17.66 -0.000465294
17.67 -0.000450324
17.68 -0.000436213
17.69 -0.000423172
17.7 -0.00041127
17.71 -0.000400654
17.72 -0.000391716
17.73 -0.000384794
17.74 -0.000379874
17.75 -0.000376549
17.76 -0.000373896
17.77 -0.000370512
17.78 -0.000365079
17.79 -0.000356933
17.8 -0.000346071
17.81 -0.00033286
17.82 -0.000317743
17.83 -0.000301166
17.84 -0.00028374
17.85 -0.00026626
17.86 -0.00024931
17.87 -0.000232972
17.88 -0.000217032
17.89 -0.000201506
17.9 -0.000186866
17.91 -0.000173654
17.92 -0.000162031
17.93 -0.000151818
17.94 -0.000142736
17.95 -0.00013437
17.96 -0.000126201
17.97 -0.000117737
17.98 -0.000108571
17.99 -9.84348e-05
18 -8.7127e-05
18.01 -7.44287e-05
18.02 -6.01974e-05
18.03 -4.43219e-05
18.04 -2.66077e-05
18.05 -6.88185e-06
18.06 1.49876e-05
18.07 3.91811e-05
18.08 6.57192e-05
18.09 9.42379e-05
18.1 0.00012408
18.11 0.00015451
18.12 0.000185021
18.13 0.000215627
18.14 0.000246784
18.15 0.000278967
18.16 0.000312304
18.17 0.000346456
18.18 0.000380806
18.19 0.000414956
18.2 0.000449008
18.21 0.000483058
18.22 0.000516736
18.23 0.000549431
18.24 0.000580418
18.25 0.000608796
18.26 0.000633743
18.27 0.000654855
18.28 0.00067219
18.29 0.000686023
18.3 0.000696693
18.31 0.000704667
18.32 0.000710446
18.33 0.000714368
18.34 0.000716443
18.35 0.000716206
18.36 0.000713027
18.37 0.000706752
18.38 0.000697804
18.39 0.000686684
18.4 0.000673597
18.41 0.000658486
18.42 0.000641284
18.43 0.000622142
18.44 0.000601319
18.45 0.000578842
18.46 0.00055455
18.47 0.000528419
18.48 0.000500661
18.49 0.000471484
18.5 0.000440801
18.51 0.000408263
18.52 0.00037359
18.53 0.000336831
18.54 0.000298227
18.55 0.000257834
18.56 0.000215473
18.57 0.00017107
18.58 0.000124853
18.59 7.71336e-05
18.6 2.81295e-05
18.61 -2.18258e-05
18.62 -7.20222e-05
18.63 -0.000121355
18.64 -0.00016862
18.65 -0.000212973
18.66 -0.000254077
18.67 -0.000291909
18.68 -0.000326716
18.69 -0.00035892
18.7 -0.000388783
18.71 -0.000416302
18.72 -0.000441449
18.73 -0.000464322
18.74 -0.000485065
18.75 -0.000503837
18.76 -0.000520911
18.77 -0.000536745
18.78 -0.000551771
18.79 -0.000566032
18.8 -0.000579074
18.81 -0.000590047
18.82 -0.000597864
18.83 -0.000601575
18.84 -0.000600713
18.85 -0.000595391
18.86 -0.000586256
18.87 -0.00057432
18.88 -0.000560594
18.89 -0.000545689
18.9 -0.000529643
18.91 -0.000512095
18.92 -0.000492722
18.93 -0.000471618
18.94 -0.000449187
18.95 -0.000425854
18.96 -0.000401958
18.97 -0.000377706
18.98 -0.000353227
18.99 -0.000328533
19 -0.000303363
19.01 -0.000277268
19.02 -0.00024981
19.03 -0.000220803
19.04 -0.000190502
19.05 -0.000159422
19.06 -0.000128057
19.07 -9.68523e-05
19.08 -6.61966e-05
19.09 -3.62806e-05
19.1 -7.06883e-06
19.11 2.15651e-05
19.12 4.97105e-05
19.13 7.72812e-05
19.14 0.000103944
19.15 0.000129392
19.16 0.0001537
19.17 0.000177149
19.18 0.00019985
19.19 0.000221853
19.2 0.000243393
19.21 0.000264879
19.22 0.00028677
19.23 0.000309389
19.24 0.000332777
19.25 0.000356801
19.26 0.000381311
19.27 0.000406234
19.28 0.000431554
19.29 0.000457212
19.3 0.000483004
19.31 0.000508467
19.32 0.000532894
19.33 0.000555544
19.34 0.000575827
19.35 0.000593299
19.36 0.000607603
19.37 0.000618504
19.38 0.000625895
19.39 0.000629768
19.4 0.000630211
19.41 0.000627263
19.42 0.000620872
19.43 0.000610952
19.44 0.000597313
19.45 0.000579736
19.46 0.000558277
19.47 0.000533352
19.48 0.000505445
19.49 0.000474804
19.5 0.00044154
19.51 0.000405896
19.52 0.000368092
19.53 0.000327971
19.54 0.000285125
19.55 0.000239344
19.56 0.000190717
19.57 0.000139373
19.58 8.54884e-05
19.59 2.958e-05
19.6 -2.76644e-05
19.61 -8.57905e-05
19.62 -0.000144499
19.63 -0.000203402
19.64 -0.000261979
19.65 -0.000319656
19.66 -0.000376146
19.67 -0.000431581
19.68 -0.000486154
19.69 -0.000539827
19.7 -0.000592366
19.71 -0.000643392
19.72 -0.000692401
19.73 -0.000738865
19.74 -0.000782349
19.75 -0.000822471
19.76 -0.000858932
19.77 -0.000891716
19.78 -0.000921142
19.79 -0.000947534
19.8 -0.000970838
19.81 -0.000990448
19.82 -0.00100525
19.83 -0.0010141
19.84 -0.00101631
19.85 -0.00101184
19.86 -0.0010012
19.87 -0.000985444
19.88 -0.000965788
19.89 -0.000943105
19.9 -0.000917733
19.91 -0.000889608
19.92 -0.000858377
19.93 -0.000823535
19.94 -0.000784945
19.95 -0.000743189
19.96 -0.000699177
19.97 -0.000653713
19.98 -0.000607418
19.99 -0.000560672
20 -0.000513586
20.01 -0.000466019
20.02 -0.000417514
20.03 -0.000367532
20.04 -0.000315944
20.05 -0.000263203
20.06 -0.000210078
20.07 -0.000157326
20.08 -0.000105487
20.09 -5.48004e-05
20.1 -5.21899e-06
20.11 4.34489e-05
20.12 9.12743e-05
20.13 0.000138025
20.14 0.000183239
20.15 0.000226473
20.16 0.000267493
20.17 0.000306296
20.18 0.00034324
20.19 0.000378994
20.2 0.000414139
20.21 0.000449008
20.22 0.000483767
20.23 0.000518371
20.24 0.000552516
20.25 0.00058573
20.26 0.000617736
20.27 0.000648812
20.28 0.000679595
20.29 0.00071048
20.3 0.000741251
20.31 0.000771048
20.32 0.000798538
20.33 0.000822245
20.34 0.000840929
20.35 0.000854027
20.36 0.000861905
20.37 0.000865597
20.38 0.000866282
20.39 0.000864757
20.4 0.000861056
20.41 0.000854623
20.42 0.000844899
20.43 0.000831603
20.44 0.000814594
20.45 0.000793853
20.46 0.000769648
20.47 0.000742565
20.48 0.000713243
20.49 0.000681985
20.5 0.000648637
20.51 0.000612789
20.52 0.000573973
20.53 0.000531853
20.54 0.00048653
20.55 0.000438698
20.56 0.000389445
20.57 0.000339732
20.58 0.000290085
20.59 0.000240679
20.6 0.000191578
20.61 0.000142957
20.62 9.51463e-05
20.63 4.85286e-05
20.64 3.56233e-06
20.65 -3.91616e-05
20.66 -7.90401e-05
20.67 -0.000115673
20.68 -0.00014901
20.69 -0.000179346
20.7 -0.000207197
20.71 -0.000233153
20.72 -0.000257727
20.73 -0.000281195
20.74 -0.000303542
20.75 -0.000324594
20.76 -0.000344315
20.77 -0.000363092
20.78 -0.000381642
20.79 -0.000400605
20.8 -0.000420428
20.81 -0.000441554
20.82 -0.000464278
20.83 -0.000488526
20.84 -0.000513896
20.85 -0.000539684
20.86 -0.00056498
20.87 -0.000589103
20.88 -0.000611926
20.89 -0.00063356
20.9 -0.000653885
20.91 -0.000672446
20.92 -0.000688653
20.93 -0.000701942
20.94 -0.000711705
20.95 -0.000717219
20.96 -0.000717876
20.97 -0.000713436
20.98 -0.000704005
20.99 -0.000689943
21 -0.000671693
21.01 -0.000649611
21.02 -0.000624068
21.03 -0.000595445
21.04 -0.000563884
21.05 -0.000529338
21.06 -0.000491918
21.07 -0.000451905
21.08 -0.000409637
21.09 -0.000365483
21.1 -0.000319748
21.11 -0.000272706
21.12 -0.000224708
21.13 -0.000176101
21.14 -0.000127153
21.15 -7.81535e-05
21.16 -2.96734e-05
21.17 1.74433e-05
21.18 6.24962e-05
21.19 0.000105172
21.2 0.000145396
21.21 0.000183151
21.22 0.000218461
21.23 0.00025153
21.24 0.000282704
21.25 0.000312189
21.26 0.000340083
21.27 0.000366645
21.28 0.000392121
21.29 0.000416451
21.3 0.000439507
21.31 0.000461435
21.32 0.00048249
21.33 0.000502827
21.34 0.000522659
21.35 0.00054221
21.36 0.000561442
21.37 0.000580047
21.38 0.000597533
21.39 0.000613226
21.4 0.00062638
21.41 0.000636418
21.42 0.000643269
21.43 0.000647338
21.44 0.000648991
21.45 0.000648458
21.46 0.000646023
21.47 0.000641801
21.48 0.000635703
21.49 0.000627718
21.5 0.000617866
21.51 0.000605992
21.52 0.000591874
21.53 0.000575494
21.54 0.000557198
21.55 0.000537479
21.56 0.000516509
21.57 0.00049401
21.58 0.000469649
21.59 0.000443345
21.6 0.000415212
21.61 0.000385444
21.62 0.000354273
21.63 0.000321969
21.64 0.000288886
21.65 0.000255475
21.66 0.000222092
21.67 0.000188866
21.68 0.00015589
21.69 0.000123444
21.7 9.19363e-05
21.71 6.17648e-05
21.72 3.33345e-05
21.73 7.1235e-06
21.74 -1.63789e-05
21.75 -3.68414e-05
21.76 -5.41464e-05
21.77 -6.83839e-05
21.78 -7.97164e-05
21.79 -8.81293e-05
21.8 -9.36609e-05
21.81 -9.67591e-05
21.82 -9.806e-05
21.83 -9.81094e-05
21.84 -9.7377e-05
21.85 -9.63395e-05
21.86 -9.55122e-05
21.87 -9.53118e-05
21.88 -9.59987e-05
21.89 -9.78563e-05
21.9 -0.000101211
21.91 -0.000106308
21.92 -0.000113273
21.93 -0.000121999
21.94 -0.000132062
21.95 -0.00014283
21.96 -0.000153701
21.97 -0.00016429
21.98 -0.000174398
21.99 -0.000183928
22 -0.000192813
22.01 -0.000200851
22.02 -0.000207796
22.03 -0.000213573
22.04 -0.000218176
22.05 -0.000221517
22.06 -0.000223525
22.07 -0.000224342
22.08 -0.000224355
22.09 -0.000223911
22.1 -0.000223169
22.11 -0.000222359
22.12 -0.000221782
22.13 -0.000221516
22.14 -0.000221413
22.15 -0.000221234
22.16 -0.000220669
22.17 -0.000219517
22.18 -0.000217811
22.19 -0.000215649
22.2 -0.000212999
22.21 -0.000209725
22.22 -0.000205757
22.23 -0.000200947
22.24 -0.000194855
22.25 -0.000186993
22.26 -0.000177227
22.27 -0.000165861
22.28 -0.000153421
22.29 -0.000140473
22.3 -0.000127447
22.31 -0.000114453
22.32 -0.000101468
22.33 -8.86491e-05
22.34 -7.62986e-05
22.35 -6.46702e-05
22.36 -5.39405e-05
22.37 -4.43383e-05
22.38 -3.61985e-05
22.39 -2.99455e-05
22.4 -2.6006e-05
22.41 -2.44286e-05
22.42 -2.4623e-05
22.43 -2.57652e-05
22.44 -2.73796e-05
22.45 -2.94049e-05
22.46 -3.19912e-05
22.47 -3.53008e-05
22.48 -3.92472e-05
22.49 -4.34653e-05
22.5 -4.75717e-05
22.51 -5.13312e-05
22.52 -5.45469e-05
22.53 -5.69845e-05
22.54 -5.85854e-05
22.55 -5.95976e-05
22.56 -6.03161e-05
22.57 -6.09651e-05
22.58 -6.18007e-05
22.59 -6.28577e-05
22.6 -6.37779e-05
22.61 -6.41609e-05
22.62 -6.38785e-05
22.63 -6.30074e-05
22.64 -6.14666e-05
22.65 -5.87486e-05
22.66 -5.41763e-05
22.67 -4.73958e-05
22.68 -3.84487e-05
22.69 -2.73586e-05
22.7 -1.38325e-05
22.71 2.51852e-06
22.72 2.17664e-05
22.73 4.36324e-05
22.74 6.76412e-05
22.75 9.31895e-05
22.76 0.000119706
22.77 0.000146755
22.78 0.000173914
22.79 0.000200655
22.8 0.000226402
22.81 0.000250657
22.82 0.000273245
22.83 0.000294409
22.84 0.000314415
22.85 0.00033328
22.86 0.000350888
22.87 0.000367157
22.88 0.000382252
22.89 0.000396591
22.9 0.000410377
22.91 0.000423314
22.92 0.000434837
22.93 0.000444392
22.94 0.000451591
22.95 0.000456216
22.96 0.000458173
22.97 0.000457476
22.98 0.000454183
22.99 0.000448441
23 0.000440538
23.01 0.000430728
23.02 0.000419199
23.03 0.000406265
23.04 0.000392333
23.05 0.000377683
23.06 0.000362432
23.07 0.000346786
23.08 0.000331099
23.09 0.00031569
23.1 0.000300857
23.11 0.000286768
23.12 0.000273356
23.13 0.000260556
23.14 0.000248341
23.15 0.000236479
23.16 0.000224546
23.17 0.000212108
23.18 0.000198782
23.19 0.000184144
23.2 0.000167734
23.21 0.000149259
23.22 0.000128603
23.23 0.000105752
23.24 8.08195e-05
23.25 5.4044e-05
23.26 2.58285e-05
23.27 -3.40663e-06
23.28 -3.35704e-05
23.29 -6.48748e-05
23.3 -9.7444e-05
23.31 -0.000131248
23.32 -0.000166339
23.33 -0.000202833
23.34 -0.000240714
23.35 -0.000279827
23.36 -0.000319979
23.37 -0.000361151
23.38 -0.000403432
23.39 -0.000446663
23.4 -0.000490491
23.41 -0.000534515
23.42 -0.000578135
23.43 -0.000620566
23.44 -0.000660948
23.45 -0.000698361
23.46 -0.000731993
23.47 -0.000761388
23.48 -0.000786489
23.49 -0.000807389
23.5 -0.000824131
23.51 -0.000836742
23.52 -0.000845206
23.53 -0.000849413
23.54 -0.000849301
23.55 -0.000845095
23.56 -0.00083739
23.57 -0.000826891
23.58 -0.000814115
23.59 -0.000799301
23.6 -0.000782472
23.61 -0.000763517
23.62 -0.000742243
23.63 -0.000718408
23.64 -0.000691762
23.65 -0.000662145
23.66 -0.000629581
23.67 -0.000594228
23.68 -0.000556227
23.69 -0.000515804
23.7 -0.000473429
23.71 -0.000429597
23.72 -0.00038455
23.73 -0.000338429
23.74 -0.000291492
23.75 -0.000244031
23.76 -0.000196371
23.77 -0.000149091
23.78 -0.000102964
23.79 -5.85843e-05
23.8 -1.6139e-05
23.81 2.45209e-05
23.82 6.35042e-05
23.83 0.000100736
23.84 0.000136246
23.85 0.000170131
23.86 0.000202292
23.87 0.000232536
23.88 0.000260716
23.89 0.000286815
23.9 0.000311146
23.91 0.000334229
23.92 0.000356416
23.93 0.000377784
23.94 0.000398204
23.95 0.000417496
23.96 0.000435765
23.97 0.000453494
23.98 0.000471157
23.99 0.00048882
24 0.000506251
24.01 0.000523287
24.02 0.000539784
24.03 0.000555282
24.04 0.000569097
24.05 0.000580848
24.06 0.000590783
24.07 0.000599533
24.08 0.000607572
24.09 0.000614868
24.1 0.000620972
24.11 0.000625409
24.12 0.000627853
24.13 0.000627991
24.14 0.000625594
24.15 0.000620817
24.16 0.000614054
24.17 0.000605464
24.18 0.000595051
24.19 0.000582968
24.2 0.000569275
24.21 0.000553755
24.22 0.000536206
24.23 0.000516626
24.24 0.000495187
24.25 0.000472144
24.26 0.000447643
24.27 0.000421597
24.28 0.000393917
24.29 0.000364774
24.3 0.000334446
24.31 0.00030299
24.32 0.000270185
24.33 0.000235924
24.34 0.000200641
24.35 0.00016499
24.36 0.000129091
24.37 9.26386e-05
24.38 5.55961e-05
24.39 1.828e-05
24.4 -1.89844e-05
24.41 -5.59846e-05
24.42 -9.2435e-05
24.43 -0.000127813
24.44 -0.000161528
24.45 -0.000193221
24.46 -0.000222929
24.47 -0.00025102
24.48 -0.000277958
24.49 -0.000303934
24.5 -0.000328715
24.51 -0.000351999
24.52 -0.000373733
24.53 -0.000394088
24.54 -0.000413323
24.55 -0.000431829
24.56 -0.000450052
24.57 -0.000468162
24.58 -0.000485944
24.59 -0.000503084
24.6 -0.000519431
24.61 -0.000534878
24.62 -0.000549152
24.63 -0.000562009
24.64 -0.000573517
24.65 -0.000583984
24.66 -0.000593635
24.67 -0.000602387
24.68 -0.000609881
24.69 -0.000615734
24.7 -0.000619762
24.71 -0.000621975
24.72 -0.000622484
24.73 -0.00062142
24.74 -0.00061893
24.75 -0.000615239
24.76 -0.000610562
24.77 -0.000604842
24.78 -0.000597758
24.79 -0.000589089
24.8 -0.000578864
24.81 -0.000567066
24.82 -0.000553584
24.83 -0.000538427
24.84 -0.000521625
24.85 -0.000503234
24.86 -0.000483569
24.87 -0.000463056
24.88 -0.0004418
24.89 -0.000419468
24.9 -0.000395606
24.91 -0.00037005
24.92 -0.000343012
24.93 -0.00031479
24.94 -0.000285594
24.95 -0.000255489
24.96 -0.000224282
24.97 -0.000191693
24.98 -0.000157568
24.99 -0.000121911
25 -8.48917e-05
25.01 -4.67644e-05
25.02 -7.78203e-06
25.03 3.17657e-05
25.04 7.15368e-05
25.05 0.00011121
25.06 0.000150465
25.07 0.00018892
25.08 0.000226265
25.09 0.0002623
25.1 0.000296759
25.11 0.000329214
25.12 0.000359161
25.13 0.000386256
25.14 0.000410526
25.15 0.000432223
25.16 0.000451367
25.17 0.000467684
25.18 0.000481172
25.19 0.000492383
25.2 0.000501936
25.21 0.000510029
25.22 0.00051667
25.23 0.000521968
25.24 0.000525958
25.25 0.000528488
25.26 0.000529525
25.27 0.00052929
25.28 0.000527935
25.29 0.000525366
25.3 0.000521609
25.31 0.000516985
25.32 0.000511582
25.33 0.000504907
25.34 0.00049643
25.35 0.000486132
25.36 0.000474169
25.37 0.000460457
25.38 0.000444958
25.39 0.00042794
25.4 0.00040983
25.41 0.000390909
25.42 0.000371079
25.43 0.000350032
25.44 0.000327648
25.45 0.000304118
25.46 0.000279761
25.47 0.000254702
25.48 0.000228838
25.49 0.000202207
25.5 0.000174991
25.51 0.000147088
25.52 0.000118215
25.53 8.83452e-05
25.54 5.76746e-05
25.55 2.64402e-05
25.56 -4.98516e-06
25.57 -3.61292e-05
25.58 -6.6756e-05
25.59 -9.68933e-05
25.6 -0.000126405
25.61 -0.000154931
25.62 -0.000182318
25.63 -0.000208594
25.64 -0.000233535
25.65 -0.00025672
25.66 -0.000277881
25.67 -0.000296823
25.68 -0.000313254
25.69 -0.000326955
25.7 -0.000338003
25.71 -0.000346691
25.72 -0.000353226
25.73 -0.00035763
25.74 -0.000359968
25.75 -0.000360408
25.76 -0.000358943
25.77 -0.000355373
25.78 -0.000349585
25.79 -0.000341684
25.8 -0.000331902
25.81 -0.000320531
25.82 -0.000307822
25.83 -0.000293727
25.84 -0.000277924
25.85 -0.000260224
25.86 -0.000240721
25.87 -0.000219595
25.88 -0.000196994
25.89 -0.000173058
25.9 -0.000147967
25.91 -0.000122023
25.92 -9.56917e-05
25.93 -6.92555e-05
25.94 -4.2595e-05
25.95 -1.56611e-05
25.96 1.11259e-05
25.97 3.71518e-05
25.98 6.201e-05
25.99 8.54998e-05
26 0.000107381
26.01 0.000127478
26.02 0.000145801
26.03 0.00016226
26.04 0.000176661
26.05 0.000188942
26.06 0.000199077
26.07 0.000207094
26.08 0.00021322
26.09 0.000217712
26.1 0.000220689
26.11 0.00022222
26.12 0.000222491
26.13 0.000221851
26.14 0.00022054
26.15 0.000218477
26.16 0.000215564
26.17 0.000211946
26.18 0.000207759
26.19 0.000202963
26.2 0.000197611
26.21 0.000192
26.22 0.000186468
26.23 0.00018122
26.24 0.000176243
26.25 0.000171267
26.26 0.000166015
26.27 0.00016046
26.28 0.000154872
26.29 0.000149614
26.3 0.000144777
26.31 0.000140127
26.32 0.000135374
26.33 0.000130247
26.34 0.000124418
26.35 0.000117683
26.36 0.000110102
26.37 0.000101851
26.38 9.32074e-05
26.39 8.44711e-05
26.4 7.57216e-05
26.41 6.6903e-05
26.42 5.79401e-05
26.43 4.86265e-05
26.44 3.87931e-05
26.45 2.85232e-05
26.46 1.79775e-05
26.47 7.22951e-06
26.48 -3.565e-06
26.49 -1.41156e-05
26.5 -2.42529e-05
26.51 -3.405e-05
26.52 -4.36831e-05
26.53 -5.33751e-05
26.54 -6.34281e-05
26.55 -7.40647e-05
26.56 -8.52107e-05
26.57 -9.6469e-05
26.58 -0.000107376
26.59 -0.000117727
26.6 -0.00012762
26.61 -0.000137249
26.62 -0.000146697
26.63 -0.000155761
26.64 -0.000163989
26.65 -0.000171025
26.66 -0.000176767
26.67 -0.000181143
26.68 -0.000184026
26.69 -0.000185523
26.7 -0.000186099
26.71 -0.000186276
26.72 -0.000186303
26.73 -0.000186201
26.74 -0.000186044
26.75 -0.000185865
26.76 -0.000185485
26.77 -0.000184642
26.78 -0.000183213
26.79 -0.000181365
26.8 -0.000179306
26.81 -0.000176939
26.82 -0.000173982
26.83 -0.000170221
26.84 -0.0001657
26.85 -0.000160818
26.86 -0.000155963
26.87 -0.000151108
26.88 -0.000146006
26.89 -0.000140611
26.9 -0.000135124
26.91 -0.000129636
26.92 -0.000123978
26.93 -0.000117999
26.94 -0.000111642
26.95 -0.000104753
26.96 -9.71512e-05
26.97 -8.88467e-05
26.98 -8.00207e-05
26.99 -7.07708e-05
27 -6.09927e-05
27.01 -5.05403e-05
27.02 -3.94747e-05
27.03 -2.81505e-05
27.04 -1.69298e-05
27.05 -5.82567e-06
27.06 5.38111e-06
27.07 1.67693e-05
27.08 2.81818e-05
27.09 3.93955e-05
27.1 5.02865e-05
27.11 6.08594e-05
27.12 7.10772e-05
27.13 8.06849e-05
27.14 8.94709e-05
27.15 9.76198e-05
27.16 0.00010558
27.17 0.00011388
27.18 0.000123057
27.19 0.000133409
27.2 0.000144932
27.21 0.000157502
27.22 0.000170963
27.23 0.00018523
27.24 0.000200378
27.25 0.000216463
27.26 0.000233265
27.27 0.000250372
27.28 0.000267417
27.29 0.000284095
27.3 0.000300043
27.31 0.000314864
27.32 0.000328296
27.33 0.000340153
27.34 0.000350121
27.35 0.000357828
27.36 0.000363195
27.37 0.000366402
27.38 0.000367521
27.39 0.000366431
27.4 0.000362914
27.41 0.000356685
27.42 0.000347578
27.43 0.000335821
27.44 0.00032186
27.45 0.000305976
27.46 0.000288255
27.47 0.000268794
27.48 0.000247899
27.49 0.000225953
27.5 0.000203055
27.51 0.000179006
27.52 0.000153708
27.53 0.00012743
27.54 0.000100694
27.55 7.39088e-05
27.56 4.72274e-05
27.57 2.06773e-05
27.58 -5.87198e-06
27.59 -3.26169e-05
27.6 -5.94776e-05
27.61 -8.60686e-05
27.62 -0.000111934
27.63 -0.000136706
27.64 -0.000160159
27.65 -0.000182165
27.66 -0.000202669
27.67 -0.000221758
27.68 -0.000239623
27.69 -0.00025636
27.7 -0.000271884
27.71 -0.000285999
27.72 -0.000298532
27.73 -0.000309443
27.74 -0.000318815
27.75 -0.000326701
27.76 -0.000333077
27.77 -0.000337967
27.78 -0.000341508
27.79 -0.000343792
27.8 -0.000344613
27.81 -0.000343571
27.82 -0.000340451
27.83 -0.000335368
27.84 -0.000328637
27.85 -0.000320474
27.86 -0.00031096
27.87 -0.000300301
27.88 -0.000288814
27.89 -0.000276651
27.9 -0.000263717
27.91 -0.000249896
27.92 -0.00023529
27.93 -0.000220217
27.94 -0.000205055
27.95 -0.00019006
27.96 -0.000175283
27.97 -0.000160614
27.98 -0.000145977
27.99 -0.000131487
28 -0.000117351
28.01 -0.000103595
28.02 -9.00663e-05
28.03 -7.66789e-05
28.04 -6.34687e-05
28.05 -5.04436e-05
28.06 -3.75516e-05
28.07 -2.47333e-05
28.08 -1.18846e-05
28.09 1.041e-06
28.1 1.38964e-05
28.11 2.65618e-05
28.12 3.9157e-05
28.13 5.18848e-05
28.14 6.48773e-05
28.15 7.82928e-05
28.16 9.23685e-05
28.17 0.0001072
28.18 0.000122555
28.19 0.000138087
28.2 0.000153626
28.21 0.000169125
28.22 0.000184491
28.23 0.000199622
28.24 0.000214416
28.25 0.000228685
28.26 0.000242202
28.27 0.000254733
28.28 0.000265976
28.29 0.000275628
28.3 0.000283551
28.31 0.000289775
28.32 0.000294331
28.33 0.0002971
28.34 0.000297904
28.35 0.000296704
28.36 0.000293663
28.37 0.000288987
28.38 0.000282728
28.39 0.000274795
28.4 0.000265186
28.41 0.000254153
28.42 0.000242109
28.43 0.000229345
28.44 0.000215876
28.45 0.000201537
28.46 0.000186188
28.47 0.000169902
28.48 0.000152858
28.49 0.000135129
28.5 0.00011675
28.51 9.78531e-05
28.52 7.86297e-05
28.53 5.92955e-05
28.54 4.01062e-05
28.55 2.12463e-05
28.56 2.75593e-06
28.57 -1.53028e-05
28.58 -3.27672e-05
28.59 -4.94963e-05
28.6 -6.54004e-05
28.61 -8.03858e-05
28.62 -9.43376e-05
28.63 -0.000107161
28.64 -0.000118838
28.65 -0.000129443
28.66 -0.000139126
28.67 -0.000148008
28.68 -0.000156079
28.69 -0.000163266
28.7 -0.000169536
28.71 -0.00017487
28.72 -0.000179261
28.73 -0.000182812
28.74 -0.00018573
28.75 -0.000188165
28.76 -0.000190114
28.77 -0.000191511
28.78 -0.000192362
28.79 -0.000192699
28.8 -0.000192495
28.81 -0.000191687
28.82 -0.000190252
28.83 -0.000188234
28.84 -0.000185735
28.85 -0.000182897
28.86 -0.000179829
28.87 -0.000176507
28.88 -0.000172817
28.89 -0.000168729
28.9 -0.000164332
28.91 -0.000159689
28.92 -0.000154753
28.93 -0.000149431
28.94 -0.000143661
28.95 -0.000137441
28.96 -0.000130802
28.97 -0.00012376
28.98 -0.000116287
28.99 -0.000108322
29 -9.98263e-05
29.01 -9.08036e-05
29.02 -8.13101e-05
29.03 -7.14219e-05
29.04 -6.1171e-05
29.05 -5.05376e-05
29.06 -3.95137e-05
29.07 -2.81264e-05
29.08 -1.64054e-05
29.09 -4.37064e-06
29.1 7.96326e-06
29.11 2.05796e-05
29.12 3.34157e-05
29.13 4.63631e-05
29.14 5.93304e-05
29.15 7.22592e-05
29.16 8.50923e-05
29.17 9.7766e-05
29.18 0.000110215
29.19 0.00012237
29.2 0.000134149
29.21 0.000145475
29.22 0.000156275
29.23 0.000166464
29.24 0.000175932
29.25 0.000184576
29.26 0.000192321
29.27 0.000199103
29.28 0.000204859
29.29 0.000209543
29.3 0.000213136
29.31 0.000215625
29.32 0.000216993
29.33 0.000217232
29.34 0.000216341
29.35 0.00021433
29.36 0.000211229
29.37 0.000207089
29.38 0.000201972
29.39 0.000195937
29.4 0.000189038
29.41 0.00018133
29.42 0.000172865
29.43 0.000163705
29.44 0.000153924
29.45 0.000143604
29.46 0.000132835
29.47 0.000121709
29.48 0.000110317
29.49 9.87397e-05
29.5 8.70447e-05
29.51 7.52891e-05
29.52 6.35234e-05
29.53 5.17965e-05
29.54 4.01602e-05
29.55 2.86683e-05
29.56 1.73734e-05
29.57 6.32266e-06
29.58 -4.44518e-06
29.59 -1.49013e-05
29.6 -2.50258e-05
29.61 -3.48065e-05
29.62 -4.42367e-05
29.63 -5.33139e-05
29.64 -6.20382e-05
29.65 -7.04133e-05
29.66 -7.8448e-05
29.67 -8.61565e-05
29.68 -9.35561e-05
29.69 -0.000100666
29.7 -0.000107507
29.71 -0.000114097
29.72 -0.000120451
29.73 -0.000126578
29.74 -0.000132482
29.75 -0.000138163
29.76 -0.000143615
29.77 -0.000148832
29.78 -0.000153802
29.79 -0.000158512
29.8 -0.000162942
29.81 -0.000167065
29.82 -0.000170851
29.83 -0.000174264
29.84 -0.000177267
29.85 -0.000179818
29.86 -0.00018188
29.87 -0.000183415
29.88 -0.000184387
29.89 -0.000184767
29.9 -0.000184524
29.91 -0.000183637
29.92 -0.000182082
29.93 -0.000179845
29.94 -0.000176911
29.95 -0.000173273
29.96 -0.000168929
29.97 -0.000163881
29.98 -0.000158133
29.99 -0.000151697
30 -0.000144588
30.01 -0.000136828
30.02 -0.000128442
30.03 -0.000119461
30.04 -0.000109919
30.05 -9.9859e-05
30.06 -8.93259e-05
30.07 -7.83706e-05
30.08 -6.70471e-05
30.09 -5.54115e-05
30.1 -4.3522e-05
30.11 -3.1438e-05
30.12 -1.92201e-05
30.13 -6.92955e-06
30.14 5.37185e-06
30.15 1.76217e-05
30.16 2.97575e-05
30.17 4.17169e-05
30.18 5.34388e-05
30.19 6.4864e-05
30.2 7.5936e-05
30.21 8.66021e-05
30.22 9.68132e-05
30.23 0.000106525
30.24 0.000115696
30.25 0.000124292
30.26 0.000132282
30.27 0.000139639
30.28 0.000146344
30.29 0.000152382
30.3 0.00015774
30.31 0.000162414
30.32 0.000166403
30.33 0.000169708
30.34 0.000172336
30.35 0.000174299
30.36 0.00017561
30.37 0.000176284
30.38 0.000176342
30.39 0.000175805
30.4 0.000174694
30.41 0.000173035
30.42 0.000170851
30.43 0.000168166
30.44 0.000165003
30.45 0.000161387
30.46 0.000157339
30.47 0.000152883
30.48 0.00014804
30.49 0.000142832
30.5 0.00013728
30.51 0.000131405
30.52 0.000125225
30.53 0.000118762
30.54 0.000112032
30.55 0.000105052
30.56 9.78396e-05
30.57 9.04092e-05
30.58 8.27751e-05
30.59 7.49509e-05
30.6 6.69492e-05
30.61 5.87823e-05
30.62 5.04619e-05
30.63 4.19996e-05
30.64 3.34074e-05
30.65 2.46974e-05
30.66 1.58826e-05
30.67 6.97661e-06
30.68 -2.00554e-06
30.69 -1.10477e-05
30.7 -2.01319e-05
30.71 -2.92388e-05
30.72 -3.83466e-05
30.73 -4.74314e-05
30.74 -5.64669e-05
30.75 -6.54242e-05
30.76 -7.42715e-05
30.77 -8.29749e-05
30.78 -9.14978e-05
30.79 -9.98017e-05
30.8 -0.000107846
30.81 -0.00011559
30.82 -0.000122992
30.83 -0.000130008
30.84 -0.000136597
30.85 -0.000142719
30.86 -0.000148335
30.87 -0.000153406
30.88 -0.0001579
30.89 -0.000161785
30.9 -0.000165033
30.91 -0.000167622
30.92 -0.000169533
30.93 -0.00017075
30.94 -0.000171264
30.95 -0.000171071
30.96 -0.00017017
30.97 -0.000168566
30.98 -0.000166269
30.99 -0.000163293
31 -0.000159656
31.01 -0.000155382
31.02 -0.000150496
31.03 -0.000145027
31.04 -0.00013901
31.05 -0.000132478
31.06 -0.00012547
31.07 -0.000118026
31.08 -0.000110187
31.09 -0.000101995
31.1 -9.34947e-05
31.11 -8.4729e-05
31.12 -7.57424e-05
31.13 -6.65786e-05
31.14 -5.72806e-05
31.15 -4.78907e-05
31.16 -3.84496e-05
31.17 -2.89963e-05
31.18 -1.95683e-05
31.19 -1.02007e-05
31.2 -9.26626e-07
31.21 8.22324e-06
31.22 1.72205e-05
31.23 2.60391e-05
31.24 3.46555e-05
31.25 4.30484e-05
31.26 5.11987e-05
31.27 5.90894e-05
31.28 6.67059e-05
31.29 7.4035e-05
31.3 8.10654e-05
31.31 8.77875e-05
31.32 9.41924e-05
31.33 0.000100273
31.34 0.000106022
31.35 0.000111432
31.36 0.000116499
31.37 0.000121214
31.38 0.000125572
31.39 0.000129565
31.4 0.000133186
31.41 0.000136425
31.42 0.000139276
31.43 0.000141728
31.44 0.000143772
31.45 0.0001454
31.46 0.000146601
31.47 0.000147368
31.48 0.000147693
31.49 0.000147567
31.5 0.000146985
31.51 0.000145941
31.52 0.000144431
31.53 0.000142453
31.54 0.000140006
31.55 0.000137091
31.56 0.000133709
31.57 0.000129867
31.58 0.000125569
31.59 0.000120826
31.6 0.000115648
31.61 0.000110046
31.62 0.000104037
31.63 9.76378e-05
31.64 9.08665e-05
31.65 8.37445e-05
31.66 7.62949e-05
31.67 6.85426e-05
31.68 6.05146e-05
31.69 5.22394e-05
31.7 4.37474e-05
31.71 3.50707e-05
31.72 2.62426e-05
31.73 1.72978e-05
31.74 8.27209e-06
31.75 -7.97674e-07
31.76 -9.87406e-06
31.77 -1.89191e-05
31.78 -2.78946e-05
31.79 -3.67622e-05
31.8 -4.5484e-05
31.81 -5.40223e-05
31.82 -6.23402e-05
31.83 -7.0402e-05
31.84 -7.8173e-05
31.85 -8.562e-05
31.86 -9.27117e-05
31.87 -9.94187e-05
31.88 -0.000105714
31.89 -0.000111573
31.9 -0.000116973
31.91 -0.000121896
31.92 -0.000126324
31.93 -0.000130245
31.94 -0.000133648
31.95 -0.000136525
31.96 -0.000138872
31.97 -0.000140687
31.98 -0.000141971
31.99 -0.000142728
32 -0.000142963
32.01 -0.000142684
32.02 -0.000141903
32.03 -0.00014063
32.04 -0.000138881
32.05 -0.00013667
32.06 -0.000134014
32.07 -0.000130932
32.08 -0.000127441
32.09 -0.000123563
32.1 -0.000119315
32.11 -0.000114721
32.12 -0.000109799
32.13 -0.000104572
32.14 -9.90591e-05
32.15 -9.32828e-05
32.16 -8.72631e-05
32.17 -8.10205e-05
32.18 -7.45752e-05
32.19 -6.79469e-05
32.2 -6.11549e-05
32.21 -5.42182e-05
32.22 -4.71552e-05
32.23 -3.99839e-05
32.24 -3.27223e-05
32.25 -2.53876e-05
32.26 -1.7997e-05
32.27 -1.05677e-05
32.28 -3.11671e-06
32.29 4.33895e-06
32.3 1.1782e-05
32.31 1.91948e-05
32.32 2.65596e-05
32.33 3.38578e-05
32.34 4.10705e-05
32.35 4.81781e-05
32.36 5.51603e-05
32.37 6.19962e-05
32.38 6.86641e-05
32.39 7.51417e-05
32.4 8.14062e-05
32.41 8.74344e-05
32.42 9.32024e-05
32.43 9.86867e-05
32.44 0.000103863
32.45 0.000108709
32.46 0.0001132
32.47 0.000117315
32.48 0.000121033
32.49 0.000124333
32.5 0.000127198
32.51 0.00012961
32.52 0.000131556
32.53 0.000133022
32.54 0.000133998
32.55 0.000134478
32.56 0.000134456
32.57 0.00013393
32.58 0.0001329
32.59 0.000131369
32.6 0.000129343
32.61 0.000126829
32.62 0.00012384
32.63 0.000120388
32.64 0.000116489
32.65 0.000112161
32.66 0.000107424
32.67 0.0001023
32.68 9.68127e-05
32.69 9.09869e-05
32.7 8.48493e-05
32.71 7.84277e-05
32.72 7.17508e-05
32.73 6.48481e-05
32.74 5.77496e-05
32.75 5.04856e-05
32.76 4.30868e-05
32.77 3.55835e-05
32.78 2.80062e-05
32.79 2.03847e-05
32.8 1.27485e-05
32.81 5.12629e-06
32.82 -2.45392e-06
32.83 -9.96515e-06
32.84 -1.73814e-05
32.85 -2.46778e-05
32.86 -3.18305e-05
32.87 -3.88172e-05
32.88 -4.56166e-05
32.89 -5.22087e-05
32.9 -5.8575e-05
32.91 -6.4698e-05
32.92 -7.05619e-05
32.93 -7.61516e-05
32.94 -8.14538e-05
32.95 -8.6456e-05
32.96 -9.11469e-05
32.97 -9.55162e-05
32.98 -9.95548e-05
32.99 -0.000103254
33 -0.000106607
33.01 -0.000109607
33.02 -0.000112248
33.03 -0.000114525
33.04 -0.000116433
33.05 -0.000117969
33.06 -0.00011913
33.07 -0.000119913
33.08 -0.000120318
33.09 -0.000120343
33.1 -0.000119989
33.11 -0.000119256
33.12 -0.000118147
33.13 -0.000116663
33.14 -0.000114808
33.15 -0.000112588
33.16 -0.000110006
33.17 -0.00010707
33.18 -0.000103787
33.19 -0.000100165
33.2 -9.62138e-05
33.21 -9.1944e-05
33.22 -8.73672e-05
33.23 -8.24959e-05
33.24 -7.73439e-05
33.25 -7.1926e-05
33.26 -6.6258e-05
33.27 -6.03569e-05
33.28 -5.42407e-05
33.29 -4.79284e-05
33.3 -4.14401e-05
33.31 -3.47967e-05
33.32 -2.80203e-05
33.33 -2.11336e-05
33.34 -1.41604e-05
33.35 -7.12515e-06
33.36 -5.29185e-08
33.37 7.03054e-06
33.38 1.4099e-05
33.39 2.11258e-05
33.4 2.80842e-05
33.41 3.49471e-05
33.42 4.16876e-05
33.43 4.8279e-05
33.44 5.46947e-05
33.45 6.09089e-05
33.46 6.68963e-05
33.47 7.26326e-05
33.48 7.80945e-05
33.49 8.32596e-05
33.5 8.81074e-05
33.51 9.26185e-05
33.52 9.67753e-05
33.53 0.000100562
33.54 0.000103964
33.55 0.000106971
33.56 0.000109571
33.57 0.000111757
33.58 0.000113524
33.59 0.000114867
33.6 0.000115784
33.61 0.000116277
33.62 0.000116347
33.63 0.000115999
33.64 0.000115238
33.65 0.000114072
33.66 0.000112511
33.67 0.000110565
33.68 0.000108247
33.69 0.000105569
33.7 0.000102546
33.71 9.91928e-05
33.72 9.55265e-05
33.73 9.15635e-05
33.74 8.73212e-05
33.75 8.28175e-05
33.76 7.80708e-05
33.77 7.30994e-05
33.78 6.79221e-05
33.79 6.25578e-05
33.8 5.7025e-05
33.81 5.13426e-05
33.82 4.55293e-05
33.83 3.96034e-05
33.84 3.35833e-05
33.85 2.74871e-05
33.86 2.13328e-05
33.87 1.5138e-05
33.88 8.92029e-06
33.89 2.69689e-06
33.9 -3.51502e-06
33.91 -9.69844e-06
33.92 -1.58365e-05
33.93 -2.19124e-05
33.94 -2.79096e-05
33.95 -3.38112e-05
33.96 -3.96008e-05
33.97 -4.52618e-05
33.98 -5.07775e-05
33.99 -5.61316e-05
34 -6.13074e-05
34.01 -6.62888e-05
34.02 -7.10593e-05
34.03 -7.56029e-05
34.04 -7.99038e-05
34.05 -8.39465e-05
34.06 -8.77159e-05
34.07 -9.11974e-05
34.08 -9.43772e-05
34.09 -9.72422e-05
34.1 -9.97799e-05
34.11 -0.000101979
34.12 -0.000103829
34.13 -0.000105322
34.14 -0.000106449
34.15 -0.000107205
34.16 -0.000107583
34.17 -0.000107582
34.18 -0.000107198
34.19 -0.000106433
34.2 -0.000105288
34.21 -0.000103765
34.22 -0.00010187
34.23 -9.96095e-05
34.24 -9.69913e-05
34.25 -9.40254e-05
34.26 -9.0723e-05
34.27 -8.7097e-05
34.28 -8.31615e-05
34.29 -7.89321e-05
34.3 -7.44255e-05
34.31 -6.96599e-05
34.32 -6.4654e-05
34.33 -5.9428e-05
34.34 -5.40026e-05
34.35 -4.83993e-05
34.36 -4.26404e-05
34.37 -3.67484e-05
34.38 -3.07463e-05
34.39 -2.46576e-05
34.4 -1.85055e-05
34.41 -1.23136e-05
34.42 -6.10518e-06
34.43 9.64658e-08
34.44 6.2685e-06
34.45 1.23884e-05
34.46 1.84343e-05
34.47 2.43846e-05
34.48 3.02187e-05
34.49 3.59166e-05
34.5 4.14591e-05
34.51 4.6828e-05
34.52 5.20058e-05
34.53 5.69764e-05
34.54 6.17243e-05
34.55 6.62353e-05
34.56 7.04962e-05
34.57 7.4495e-05
34.58 7.82206e-05
34.59 8.16633e-05
34.6 8.48142e-05
34.61 8.76656e-05
34.62 9.0211e-05
34.63 9.24447e-05
34.64 9.43621e-05
34.65 9.59598e-05
34.66 9.72351e-05
34.67 9.81864e-05
34.68 9.88129e-05
34.69 9.91148e-05
34.7 9.90932e-05
34.71 9.875e-05
34.72 9.80877e-05
34.73 9.711e-05
34.74 9.58212e-05
34.75 9.42262e-05
34.76 9.23308e-05
34.77 9.01416e-05
34.78 8.76658e-05
34.79 8.49113e-05
34.8 8.18868e-05
34.81 7.86016e-05
34.82 7.50657e-05
34.83 7.12898e-05
34.84 6.72852e-05
34.85 6.30639e-05
34.86 5.86384e-05
34.87 5.40222e-05
34.88 4.92291e-05
34.89 4.42737e-05
34.9 3.9171e-05
34.91 3.3937e-05
34.92 2.85878e-05
34.93 2.31404e-05
34.94 1.76123e-05
34.95 1.20214e-05
34.96 6.3861e-06
34.97 7.25245e-07
34.98 -4.94194e-06
34.99 -1.05959e-05
35 -1.62169e-05
35.01 -2.17849e-05
35.02 -2.72799e-05
35.03 -3.26817e-05
35.04 -3.79705e-05
35.05 -4.31263e-05
35.06 -4.81297e-05
35.07 -5.29615e-05
35.08 -5.76031e-05
35.09 -6.20365e-05
35.1 -6.62446e-05
35.11 -7.02108e-05
35.12 -7.39198e-05
35.13 -7.73571e-05
35.14 -8.05096e-05
35.15 -8.33653e-05
35.16 -8.59135e-05
35.17 -8.81449e-05
35.18 -9.00518e-05
35.19 -9.16278e-05
35.2 -9.28679e-05
35.21 -9.3769e-05
35.22 -9.43292e-05
35.23 -9.45482e-05
35.24 -9.44271e-05
35.25 -9.39687e-05
35.26 -9.3177e-05
35.27 -9.20574e-05
35.28 -9.06167e-05
35.29 -8.88626e-05
35.3 -8.68043e-05
35.31 -8.4452e-05
35.32 -8.18168e-05
35.33 -7.89107e-05
35.34 -7.57466e-05
35.35 -7.2338e-05
35.36 -6.86991e-05
35.37 -6.48449e-05
35.38 -6.07904e-05
35.39 -5.65515e-05
35.4 -5.2144e-05
35.41 -4.75842e-05
35.42 -4.28885e-05
35.43 -3.80735e-05
35.44 -3.31558e-05
35.45 -2.8152e-05
35.46 -2.30788e-05
35.47 -1.79527e-05
35.48 -1.279e-05
35.49 -7.60717e-06
35.5 -2.42029e-06
35.51 2.75468e-06
35.52 7.90198e-06
35.53 1.30061e-05
35.54 1.80517e-05
35.55 2.30238e-05
35.56 2.79075e-05
35.57 3.26884e-05
35.58 3.73521e-05
35.59 4.18848e-05
35.6 4.62729e-05
35.61 5.05029e-05
35.62 5.45621e-05
35.63 5.84378e-05
35.64 6.21179e-05
35.65 6.55907e-05
35.66 6.8845e-05
35.67 7.187e-05
35.68 7.46556e-05
35.69 7.71922e-05
35.7 7.9471e-05
35.71 8.14839e-05
35.72 8.32234e-05
35.73 8.46828e-05
35.74 8.58565e-05
35.75 8.67397e-05
35.76 8.73284e-05
35.77 8.76197e-05
35.78 8.76119e-05
35.79 8.7304e-05
35.8 8.66963e-05
35.81 8.57903e-05
35.82 8.45884e-05
35.83 8.30942e-05
35.84 8.13125e-05
35.85 7.9249e-05
35.86 7.69108e-05
35.87 7.43059e-05
35.88 7.14434e-05
35.89 6.83334e-05
35.9 6.4987e-05
35.91 6.14164e-05
35.92 5.76345e-05
35.93 5.36552e-05
35.94 4.9493e-05
35.95 4.51635e-05
35.96 4.06825e-05
35.97 3.60669e-05
35.98 3.13336e-05
35.99 2.65005e-05
36 2.15853e-05
36.01 1.66066e-05
36.02 1.15826e-05
36.03 6.53219e-06
36.04 1.47389e-06
36.05 -3.57365e-06
36.06 -8.59191e-06
36.07 -1.35626e-05
36.08 -1.84677e-05
36.09 -2.32897e-05
36.1 -2.80112e-05
36.11 -3.26157e-05
36.12 -3.70871e-05
36.13 -4.141e-05
36.14 -4.55697e-05
36.15 -4.95523e-05
36.16 -5.33447e-05
36.17 -5.69347e-05
36.18 -6.03109e-05
36.19 -6.3463e-05
36.2 -6.63815e-05
36.21 -6.9058e-05
36.22 -7.14851e-05
36.23 -7.36562e-05
36.24 -7.55658e-05
36.25 -7.72095e-05
36.26 -7.85836e-05
36.27 -7.96856e-05
36.28 -8.05138e-05
36.29 -8.10675e-05
36.3 -8.13468e-05
36.31 -8.13526e-05
36.32 -8.10868e-05
36.33 -8.05521e-05
36.34 -7.97518e-05
36.35 -7.86899e-05
36.36 -7.73715e-05
36.37 -7.5802e-05
36.38 -7.39875e-05
36.39 -7.19349e-05
36.4 -6.96516e-05
36.41 -6.71457e-05
36.42 -6.44255e-05
36.43 -6.15004e-05
36.44 -5.83797e-05
36.45 -5.50737e-05
36.46 -5.15929e-05
36.47 -4.79484e-05
36.48 -4.41517e-05
36.49 -4.02146e-05
36.5 -3.61496e-05
36.51 -3.19693e-05
36.52 -2.76869e-05
36.53 -2.33159e-05
36.54 -1.88701e-05
36.55 -1.43635e-05
36.56 -9.81079e-06
36.57 -5.22651e-06
36.58 -6.25639e-07
36.59 3.97669e-06
36.6 8.56518e-06
36.61 1.31244e-05
36.62 1.76389e-05
36.63 2.20931e-05
36.64 2.64717e-05
36.65 3.07591e-05
36.66 3.49403e-05
36.67 3.90003e-05
36.68 4.29243e-05
36.69 4.66981e-05
36.7 5.03078e-05
36.71 5.37401e-05
36.72 5.69823e-05
36.73 6.00222e-05
36.74 6.28486e-05
36.75 6.54508e-05
36.76 6.78192e-05
36.77 6.9945e-05
36.78 7.18204e-05
36.79 7.34387e-05
36.8 7.4794e-05
36.81 7.58819e-05
36.82 7.66987e-05
36.83 7.7242e-05
36.84 7.75107e-05
36.85 7.75044e-05
36.86 7.72243e-05
36.87 7.66724e-05
36.88 7.58519e-05
36.89 7.47671e-05
36.9 7.34231e-05
36.91 7.18262e-05
36.92 6.99837e-05
36.93 6.79035e-05
36.94 6.55946e-05
36.95 6.30666e-05
36.96 6.03301e-05
36.97 5.73959e-05
36.98 5.42759e-05
36.99 5.09822e-05
37 4.75275e-05
37.01 4.3925e-05
37.02 4.01881e-05
37.03 3.63305e-05
37.04 3.23664e-05
37.05 2.83099e-05
37.06 2.41752e-05
37.07 1.9977e-05
37.08 1.57295e-05
37.09 1.14473e-05
37.1 7.14475e-06
37.11 2.83607e-06
37.12 -1.46456e-06
37.13 -5.74315e-06
37.14 -9.98594e-06
37.15 -1.41794e-05
37.16 -1.83103e-05
37.17 -2.23655e-05
37.18 -2.63326e-05
37.19 -3.01991e-05
37.2 -3.39531e-05
37.21 -3.75831e-05
37.22 -4.10779e-05
37.23 -4.44268e-05
37.24 -4.76196e-05
37.25 -5.06464e-05
37.26 -5.34979e-05
37.27 -5.61655e-05
37.28 -5.86407e-05
37.29 -6.0916e-05
37.3 -6.29843e-05
37.31 -6.48389e-05
37.32 -6.64741e-05
37.33 -6.78846e-05
37.34 -6.90659e-05
37.35 -7.0014e-05
37.36 -7.07257e-05
37.37 -7.11986e-05
37.38 -7.1431e-05
37.39 -7.1422e-05
37.4 -7.11713e-05
37.41 -7.06797e-05
37.42 -6.99484e-05
37.43 -6.89799e-05
37.44 -6.7777e-05
37.45 -6.63436e-05
37.46 -6.46843e-05
37.47 -6.28047e-05
37.48 -6.07108e-05
37.49 -5.84098e-05
37.5 -5.59094e-05
37.51 -5.32181e-05
37.52 -5.03451e-05
37.53 -4.73005e-05
37.54 -4.40948e-05
37.55 -4.07392e-05
37.56 -3.72455e-05
37.57 -3.36261e-05
37.58 -2.98939e-05
37.59 -2.60621e-05
37.6 -2.21446e-05
37.61 -1.81554e-05
37.62 -1.41089e-05
37.63 -1.00197e-05
37.64 -5.90269e-06
37.65 -1.77268e-06
37.66 2.35531e-06
37.67 6.46633e-06
37.68 1.05455e-05
37.69 1.45781e-05
37.7 1.85496e-05
37.71 2.24457e-05
37.72 2.62525e-05
37.73 2.99566e-05
37.74 3.35448e-05
37.75 3.70046e-05
37.76 4.03241e-05
37.77 4.34919e-05
37.78 4.64972e-05
37.79 4.93301e-05
37.8 5.19814e-05
37.81 5.44424e-05
37.82 5.67056e-05
37.83 5.87641e-05
37.84 6.06117e-05
37.85 6.22433e-05
37.86 6.36544e-05
37.87 6.48415e-05
37.88 6.5802e-05
37.89 6.6534e-05
37.9 6.70363e-05
37.91 6.73089e-05
37.92 6.73521e-05
37.93 6.71673e-05
37.94 6.67566e-05
37.95 6.61226e-05
37.96 6.52689e-05
37.97 6.41995e-05
37.98 6.29192e-05
37.99 6.14334e-05
38 5.97479e-05
38.01 5.78693e-05
38.02 5.58046e-05
38.03 5.35612e-05
38.04 5.11472e-05
38.05 4.85709e-05
38.06 4.58412e-05
38.07 4.29673e-05
38.08 3.99589e-05
38.09 3.68259e-05
38.1 3.35785e-05
38.11 3.02274e-05
38.12 2.67835e-05
38.13 2.32578e-05
38.14 1.96617e-05
38.15 1.60069e-05
38.16 1.2305e-05
38.17 8.56806e-06
38.18 4.80815e-06
38.19 1.03744e-06
38.2 -2.73177e-06
38.21 -6.48716e-06
38.22 -1.02163e-05
38.23 -1.3907e-05
38.24 -1.75468e-05
38.25 -2.11236e-05
38.26 -2.46252e-05
38.27 -2.80398e-05
38.28 -3.13556e-05
38.29 -3.45611e-05
38.3 -3.76454e-05
38.31 -4.05974e-05
38.32 -4.34069e-05
38.33 -4.6064e-05
38.34 -4.8559e-05
38.35 -5.08832e-05
38.36 -5.30283e-05
38.37 -5.49864e-05
38.38 -5.67506e-05
38.39 -5.83145e-05
38.4 -5.96726e-05
38.41 -6.082e-05
38.42 -6.17527e-05
38.43 -6.24676e-05
38.44 -6.29622e-05
38.45 -6.3235e-05
38.46 -6.32854e-05
38.47 -6.31136e-05
38.48 -6.27206e-05
38.49 -6.21084e-05
38.5 -6.12796e-05
38.51 -6.0238e-05
38.52 -5.89878e-05
38.53 -5.75342e-05
38.54 -5.58832e-05
38.55 -5.40413e-05
38.56 -5.2016e-05
38.57 -4.98151e-05
38.58 -4.74472e-05
38.59 -4.49216e-05
38.6 -4.22478e-05
38.61 -3.9436e-05
38.62 -3.64968e-05
38.63 -3.34412e-05
38.64 -3.02804e-05
38.65 -2.7026e-05
38.66 -2.36898e-05
38.67 -2.02839e-05
38.68 -1.68204e-05
38.69 -1.33116e-05
38.7 -9.76969e-06
38.71 -6.20703e-06
38.72 -2.6359e-06
38.73 9.31534e-07
38.74 4.4832e-06
38.75 8.00718e-06
38.76 1.14918e-05
38.77 1.49254e-05
38.78 1.8297e-05
38.79 2.15956e-05
38.8 2.48104e-05
38.81 2.79313e-05
38.82 3.09485e-05
38.83 3.38522e-05
38.84 3.66336e-05
38.85 3.9284e-05
38.86 4.17951e-05
38.87 4.41593e-05
38.88 4.63694e-05
38.89 4.84187e-05
38.9 5.03009e-05
38.91 5.20105e-05
38.92 5.35422e-05
38.93 5.48917e-05
38.94 5.60548e-05
38.95 5.70282e-05
38.96 5.78091e-05
38.97 5.83952e-05
38.98 5.87849e-05
38.99 5.89772e-05
39 5.89717e-05
39.01 5.87686e-05
39.02 5.83687e-05
39.03 5.77734e-05
39.04 5.69849e-05
39.05 5.60057e-05
39.06 5.48393e-05
39.07 5.34895e-05
39.08 5.19608e-05
39.09 5.02584e-05
39.1 4.83879e-05
39.11 4.63557e-05
39.12 4.41686e-05
39.13 4.18339e-05
39.14 3.93596e-05
39.15 3.67541e-05
39.16 3.40262e-05
39.17 3.11855e-05
39.18 2.82415e-05
39.19 2.52046e-05
39.2 2.20852e-05
39.21 1.88942e-05
39.22 1.56428e-05
39.23 1.23425e-05
39.24 9.0047e-06
39.25 5.64134e-06
39.26 2.26429e-06
39.27 -1.11446e-06
39.28 -4.48292e-06
39.29 -7.8291e-06
39.3 -1.11411e-05
39.31 -1.44071e-05
39.32 -1.76156e-05
39.33 -2.07551e-05
39.34 -2.38145e-05
39.35 -2.6783e-05
39.36 -2.96503e-05
39.37 -3.24062e-05
39.38 -3.50412e-05
39.39 -3.75463e-05
39.4 -3.99129e-05
39.41 -4.2133e-05
39.42 -4.41993e-05
39.43 -4.61049e-05
39.44 -4.78438e-05
39.45 -4.94104e-05
39.46 -5.08001e-05
39.47 -5.20086e-05
39.48 -5.30327e-05
39.49 -5.38695e-05
39.5 -5.45172e-05
39.51 -5.49744e-05
39.52 -5.52404e-05
39.53 -5.53154e-05
39.54 -5.52002e-05
39.55 -5.48961e-05
39.56 -5.44051e-05
39.57 -5.373e-05
39.58 -5.2874e-05
39.59 -5.18409e-05
39.6 -5.06352e-05
39.61 -4.92617e-05
39.62 -4.77258e-05
39.63 -4.60336e-05
39.64 -4.41913e-05
39.65 -4.22058e-05
39.66 -4.00842e-05
39.67 -3.78341e-05
39.68 -3.54634e-05
39.69 -3.29804e-05
39.7 -3.03936e-05
39.71 -2.77118e-05
39.72 -2.49441e-05
39.73 -2.20998e-05
39.74 -1.91882e-05
39.75 -1.62191e-05
39.76 -1.32024e-05
39.77 -1.01478e-05
39.78 -7.06543e-06
39.79 -3.96539e-06
39.8 -8.57818e-07
39.81 2.24712e-06
39.82 5.33927e-06
39.83 8.40848e-06
39.84 1.14447e-05
39.85 1.44379e-05
39.86 1.73782e-05
39.87 2.02559e-05
39.88 2.30615e-05
39.89 2.57855e-05
39.9 2.84189e-05
39.91 3.09528e-05
39.92 3.33786e-05
39.93 3.56882e-05
39.94 3.78736e-05
39.95 3.99274e-05
39.96 4.18425e-05
39.97 4.36124e-05
39.98 4.52309e-05
39.99 4.66925e-05
40 4.7992e-05
40.01 4.91251e-05
40.02 5.00877e-05
40.03 5.08765e-05
40.04 5.14889e-05
40.05 5.19229e-05
40.06 5.21769e-05
40.07 5.22503e-05
40.08 5.2143e-05
40.09 5.18555e-05
40.1 5.13891e-05
40.11 5.07457e-05
40.12 4.99279e-05
40.13 4.89387e-05
40.14 4.77822e-05
40.15 4.64627e-05
40.16 4.49853e-05
40.17 4.33556e-05
40.18 4.15797e-05
40.19 3.96644e-05
40.2 3.76168e-05
40.21 3.54446e-05
40.22 3.31558e-05
40.23 3.07589e-05
40.24 2.82627e-05
40.25 2.56764e-05
40.26 2.30094e-05
40.27 2.02714e-05
40.28 1.74723e-05
40.29 1.4622e-05
40.3 1.17308e-05
40.31 8.80887e-06
40.32 5.86656e-06
40.33 2.91415e-06
40.34 -3.80828e-08
40.35 -2.97995e-06
40.36 -5.90136e-06
40.37 -8.79235e-06
40.38 -1.16431e-05
40.39 -1.44442e-05
40.4 -1.71861e-05
40.41 -1.98599e-05
40.42 -2.24568e-05
40.43 -2.49682e-05
40.44 -2.73862e-05
40.45 -2.97029e-05
40.46 -3.19111e-05
40.47 -3.40037e-05
40.48 -3.59743e-05
40.49 -3.78167e-05
40.5 -3.95254e-05
40.51 -4.10951e-05
40.52 -4.25211e-05
40.53 -4.37993e-05
40.54 -4.49259e-05
40.55 -4.58977e-05
40.56 -4.6712e-05
40.57 -4.73665e-05
40.58 -4.78595e-05
40.59 -4.81899e-05
40.6 -4.8357e-05
40.61 -4.83606e-05
40.62 -4.82011e-05
40.63 -4.78792e-05
40.64 -4.73965e-05
40.65 -4.67547e-05
40.66 -4.59562e-05
40.67 -4.50039e-05
40.68 -4.39012e-05
40.69 -4.26518e-05
40.7 -4.12601e-05
40.71 -3.97309e-05
40.72 -3.80693e-05
40.73 -3.6281e-05
40.74 -3.4372e-05
40.75 -3.23489e-05
40.76 -3.02184e-05
40.77 -2.79879e-05
40.78 -2.56649e-05
40.79 -2.32573e-05
40.8 -2.07733e-05
40.81 -1.82215e-05
40.82 -1.56105e-05
40.83 -1.29493e-05
40.84 -1.02471e-05
40.85 -7.51325e-06
40.86 -4.75721e-06
40.87 -1.98854e-06
40.88 7.83117e-07
40.89 3.54811e-06
40.9 6.29678e-06
40.91 9.01951e-06
40.92 1.17068e-05
40.93 1.43492e-05
40.94 1.69374e-05
40.95 1.94625e-05
40.96 2.19155e-05
40.97 2.42879e-05
40.98 2.65714e-05
40.99 2.87582e-05
41 3.08406e-05
41.01 3.28115e-05
41.02 3.46642e-05
41.03 3.63924e-05
41.04 3.79903e-05
41.05 3.94526e-05
41.06 4.07746e-05
41.07 4.1952e-05
41.08 4.29811e-05
41.09 4.38589e-05
41.1 4.45828e-05
41.11 4.51508e-05
41.12 4.55616e-05
41.13 4.58143e-05
41.14 4.59086e-05
41.15 4.58451e-05
41.16 4.56244e-05
41.17 4.52481e-05
41.18 4.47182e-05
41.19 4.40372e-05
41.2 4.32081e-05
41.21 4.22344e-05
41.22 4.11201e-05
41.23 3.98697e-05
41.24 3.84879e-05
41.25 3.69801e-05
41.26 3.53519e-05
41.27 3.36094e-05
41.28 3.17589e-05
41.29 2.9807e-05
41.3 2.77608e-05
41.31 2.56274e-05
41.32 2.34144e-05
41.33 2.11292e-05
41.34 1.878e-05
41.35 1.63745e-05
41.36 1.39211e-05
41.37 1.14279e-05
41.38 8.90341e-06
41.39 6.35598e-06
41.4 3.7941e-06
41.41 1.22628e-06
41.42 -1.33901e-06
41.43 -3.89329e-06
41.44 -6.42817e-06
41.45 -8.93529e-06
41.46 -1.14064e-05
41.47 -1.38335e-05
41.48 -1.62085e-05
41.49 -1.85236e-05
41.5 -2.07712e-05
41.51 -2.2944e-05
41.52 -2.50347e-05
41.53 -2.70364e-05
41.54 -2.89426e-05
41.55 -3.0747e-05
41.56 -3.24434e-05
41.57 -3.40264e-05
41.58 -3.54906e-05
41.59 -3.68312e-05
41.6 -3.80436e-05
41.61 -3.91238e-05
41.62 -4.00683e-05
41.63 -4.08738e-05
41.64 -4.15378e-05
41.65 -4.20579e-05
41.66 -4.24325e-05
41.67 -4.26605e-05
41.68 -4.2741e-05
41.69 -4.26741e-05
41.7 -4.24599e-05
41.71 -4.20995e-05
41.72 -4.15942e-05
41.73 -4.0946e-05
41.74 -4.01572e-05
41.75 -3.92308e-05
41.76 -3.81702e-05
41.77 -3.69794e-05
41.78 -3.56627e-05
41.79 -3.42249e-05
41.8 -3.26714e-05
41.81 -3.10077e-05
41.82 -2.92401e-05
41.83 -2.73748e-05
41.84 -2.54186e-05
41.85 -2.33788e-05
41.86 -2.12625e-05
41.87 -1.90775e-05
41.88 -1.68316e-05
41.89 -1.45329e-05
41.9 -1.21896e-05
41.91 -9.80997e-06
41.92 -7.40252e-06
41.93 -4.97575e-06
41.94 -2.5382e-06
41.95 -9.8412e-08
41.96 2.33511e-06
41.97 4.75391e-06
41.98 7.14965e-06
41.99 9.5141e-06
42 1.18392e-05
42.01 1.4117e-05
42.02 1.63399e-05
42.03 1.85005e-05
42.04 2.05915e-05
42.05 2.26061e-05
42.06 2.45376e-05
42.07 2.63798e-05
42.08 2.81268e-05
42.09 2.9773e-05
42.1 3.13133e-05
42.11 3.27427e-05
42.12 3.4057e-05
42.13 3.52521e-05
42.14 3.63245e-05
42.15 3.72709e-05
42.16 3.80888e-05
42.17 3.87758e-05
42.18 3.933e-05
42.19 3.97501e-05
42.2 4.00352e-05
42.21 4.01846e-05
42.22 4.01984e-05
42.23 4.00769e-05
42.24 3.98208e-05
42.25 3.94315e-05
42.26 3.89105e-05
42.27 3.82599e-05
42.28 3.74821e-05
42.29 3.65801e-05
42.3 3.55571e-05
42.31 3.44167e-05
42.32 3.3163e-05
42.33 3.18003e-05
42.34 3.03333e-05
42.35 2.87671e-05
42.36 2.71071e-05
42.37 2.53588e-05
42.38 2.35284e-05
42.39 2.1622e-05
42.4 1.9646e-05
42.41 1.76073e-05
42.42 1.55127e-05
42.43 1.33694e-05
42.44 1.11847e-05
42.45 8.96598e-06
42.46 6.72083e-06
42.47 4.45694e-06
42.48 2.18204e-06
42.49 -9.60565e-08
42.5 -2.36954e-06
42.51 -4.6306e-06
42.52 -6.87145e-06
42.53 -9.08437e-06
42.54 -1.12617e-05
42.55 -1.3396e-05
42.56 -1.54799e-05
42.57 -1.75061e-05
42.58 -1.94676e-05
42.59 -2.13578e-05
42.6 -2.317e-05
42.61 -2.48981e-05
42.62 -2.65362e-05
42.63 -2.80786e-05
42.64 -2.95201e-05
42.65 -3.08558e-05
42.66 -3.20813e-05
42.67 -3.31926e-05
42.68 -3.41858e-05
42.69 -3.5058e-05
42.7 -3.58062e-05
42.71 -3.64283e-05
42.72 -3.69224e-05
42.73 -3.7287e-05
42.74 -3.75215e-05
42.75 -3.76252e-05
42.76 -3.75983e-05
42.77 -3.74414e-05
42.78 -3.71554e-05
42.79 -3.67417e-05
42.8 -3.62023e-05
42.81 -3.55395e-05
42.82 -3.4756e-05
42.83 -3.38551e-05
42.84 -3.28402e-05
42.85 -3.17154e-05
42.86 -3.04848e-05
42.87 -2.91532e-05
42.88 -2.77254e-05
42.89 -2.62069e-05
42.9 -2.46029e-05
42.91 -2.29195e-05
42.92 -2.11625e-05
42.93 -1.93383e-05
42.94 -1.74533e-05
42.95 -1.55139e-05
42.96 -1.35271e-05
42.97 -1.14996e-05
42.98 -9.43844e-06
42.99 -7.3506e-06
43 -5.24321e-06
43.01 -3.12336e-06
43.02 -9.9821e-07
43.03 1.12513e-06
43.04 3.23959e-06
43.05 5.33811e-06
43.06 7.41375e-06
43.07 9.45964e-06
43.08 1.1469e-05
43.09 1.34353e-05
43.1 1.53521e-05
43.11 1.72129e-05
43.12 1.90119e-05
43.13 2.0743e-05
43.14 2.24007e-05
43.15 2.39795e-05
43.16 2.54742e-05
43.17 2.68801e-05
43.18 2.81925e-05
43.19 2.94071e-05
43.2 3.05201e-05
43.21 3.15278e-05
43.22 3.24269e-05
43.23 3.32146e-05
43.24 3.38882e-05
43.25 3.44458e-05
43.26 3.48855e-05
43.27 3.52059e-05
43.28 3.54061e-05
43.29 3.54855e-05
43.3 3.5444e-05
43.31 3.52819e-05
43.32 3.49999e-05
43.33 3.4599e-05
43.34 3.40807e-05
43.35 3.34471e-05
43.36 3.27004e-05
43.37 3.18433e-05
43.38 3.08789e-05
43.39 2.98107e-05
43.4 2.86426e-05
43.41 2.73788e-05
43.42 2.60237e-05
43.43 2.45823e-05
43.44 2.30596e-05
43.45 2.14612e-05
43.46 1.97927e-05
43.47 1.80601e-05
43.48 1.62696e-05
43.49 1.44275e-05
43.5 1.25403e-05
43.51 1.06147e-05
43.52 8.65764e-06
43.53 6.6759e-06
43.54 4.67649e-06
43.55 2.66643e-06
43.56 6.52757e-07
43.57 -1.35749e-06
43.58 -3.35732e-06
43.59 -5.3398e-06
43.6 -7.29808e-06
43.61 -9.22543e-06
43.62 -1.11153e-05
43.63 -1.29611e-05
43.64 -1.47567e-05
43.65 -1.64961e-05
43.66 -1.81734e-05
43.67 -1.9783e-05
43.68 -2.13196e-05
43.69 -2.27782e-05
43.7 -2.4154e-05
43.71 -2.54427e-05
43.72 -2.66401e-05
43.73 -2.77424e-05
43.74 -2.87463e-05
43.75 -2.96486e-05
43.76 -3.04467e-05
43.77 -3.11383e-05
43.78 -3.17213e-05
43.79 -3.21942e-05
43.8 -3.25557e-05
43.81 -3.28051e-05
43.82 -3.29419e-05
43.83 -3.29659e-05
43.84 -3.28775e-05
43.85 -3.26774e-05
43.86 -3.23665e-05
43.87 -3.19463e-05
43.88 -3.14185e-05
43.89 -3.07852e-05
43.9 -3.00487e-05
43.91 -2.92118e-05
43.92 -2.82777e-05
43.93 -2.72496e-05
43.94 -2.61312e-05
43.95 -2.49264e-05
43.96 -2.36396e-05
43.97 -2.22751e-05
43.98 -2.08377e-05
43.99 -1.93323e-05
44 -1.77641e-05
44.01 -1.61385e-05
44.02 -1.44609e-05
44.03 -1.27372e-05
44.04 -1.09732e-05
44.05 -9.17485e-06
44.06 -7.3483e-06
44.07 -5.49975e-06
44.08 -3.63547e-06
44.09 -1.7618e-06
44.1 1.14907e-07
44.11 1.98826e-06
44.12 3.85189e-06
44.13 5.69947e-06
44.14 7.52468e-06
44.15 9.32132e-06
44.16 1.10833e-05
44.17 1.28045e-05
44.18 1.44792e-05
44.19 1.61015e-05
44.2 1.76661e-05
44.21 1.91675e-05
44.22 2.06006e-05
44.23 2.19606e-05
44.24 2.32428e-05
44.25 2.4443e-05
44.26 2.55571e-05
44.27 2.65813e-05
44.28 2.75122e-05
44.29 2.83469e-05
44.3 2.90825e-05
44.31 2.97166e-05
44.32 3.02474e-05
44.33 3.06731e-05
44.34 3.09925e-05
44.35 3.12048e-05
44.36 3.13094e-05
44.37 3.13064e-05
44.38 3.11959e-05
44.39 3.09787e-05
44.4 3.06559e-05
44.41 3.02288e-05
44.42 2.96992e-05
44.43 2.90694e-05
44.44 2.83417e-05
44.45 2.75191e-05
44.46 2.66046e-05
44.47 2.56019e-05
44.48 2.45145e-05
44.49 2.33466e-05
44.5 2.21024e-05
44.51 2.07866e-05
44.52 1.94038e-05
44.53 1.7959e-05
44.54 1.64574e-05
44.55 1.49044e-05
44.56 1.33053e-05
44.57 1.16659e-05
44.58 9.99188e-06
44.59 8.28901e-06
44.6 6.56318e-06
44.61 4.82033e-06
44.62 3.06643e-06
44.63 1.30744e-06
44.64 -4.50676e-07
44.65 -2.20198e-06
44.66 -3.94059e-06
44.67 -5.66068e-06
44.68 -7.35652e-06
44.69 -9.02248e-06
44.7 -1.0653e-05
44.71 -1.22428e-05
44.72 -1.37865e-05
44.73 -1.52792e-05
44.74 -1.6716e-05
44.75 -1.8092e-05
44.76 -1.9403e-05
44.77 -2.06447e-05
44.78 -2.18129e-05
44.79 -2.29041e-05
44.8 -2.39146e-05
44.81 -2.48412e-05
44.82 -2.56811e-05
44.83 -2.64314e-05
44.84 -2.709e-05
44.85 -2.76547e-05
44.86 -2.81237e-05
44.87 -2.84957e-05
44.88 -2.87696e-05
44.89 -2.89445e-05
44.9 -2.90201e-05
44.91 -2.89963e-05
44.92 -2.88732e-05
44.93 -2.86514e-05
44.94 -2.83319e-05
44.95 -2.79158e-05
44.96 -2.74047e-05
44.97 -2.68005e-05
44.98 -2.61053e-05
44.99 -2.53218e-05
45 -2.44526e-05
45.01 -2.35008e-05
45.02 -2.247e-05
45.03 -2.13637e-05
45.04 -2.01858e-05
45.05 -1.89405e-05
45.06 -1.76322e-05
45.07 -1.62656e-05
45.08 -1.48454e-05
45.09 -1.33766e-05
45.1 -1.18644e-05
45.11 -1.03142e-05
45.12 -8.73129e-06
45.13 -7.12131e-06
45.14 -5.48989e-06
45.15 -3.84274e-06
45.16 -2.1856e-06
45.17 -5.24252e-07
45.18 1.13551e-06
45.19 2.78793e-06
45.2 4.42728e-06
45.21 6.04789e-06
45.22 7.64418e-06
45.23 9.21067e-06
45.24 1.0742e-05
45.25 1.22329e-05
45.26 1.36784e-05
45.27 1.50736e-05
45.28 1.64138e-05
45.29 1.76944e-05
45.3 1.89114e-05
45.31 2.00605e-05
45.32 2.11382e-05
45.33 2.21409e-05
45.34 2.30654e-05
45.35 2.39088e-05
45.36 2.46684e-05
45.37 2.53419e-05
45.38 2.59273e-05
45.39 2.64229e-05
45.4 2.68273e-05
45.41 2.71395e-05
45.42 2.73586e-05
45.43 2.74842e-05
45.44 2.75163e-05
45.45 2.7455e-05
45.46 2.73008e-05
45.47 2.70546e-05
45.48 2.67175e-05
45.49 2.6291e-05
45.5 2.57767e-05
45.51 2.51766e-05
45.52 2.44931e-05
45.53 2.37287e-05
45.54 2.28861e-05
45.55 2.19686e-05
45.56 2.09792e-05
45.57 1.99217e-05
45.58 1.87996e-05
45.59 1.76169e-05
45.6 1.63778e-05
45.61 1.50865e-05
45.62 1.37475e-05
45.63 1.23654e-05
45.64 1.0945e-05
45.65 9.49103e-06
45.66 8.00851e-06
45.67 6.50248e-06
45.68 4.97805e-06
45.69 3.44041e-06
45.7 1.89475e-06
45.71 3.46311e-07
45.72 -1.19967e-06
45.73 -2.73796e-06
45.74 -4.26337e-06
45.75 -5.77074e-06
45.76 -7.25498e-06
45.77 -8.71107e-06
45.78 -1.01341e-05
45.79 -1.15193e-05
45.8 -1.28619e-05
45.81 -1.41574e-05
45.82 -1.54015e-05
45.83 -1.659e-05
45.84 -1.77189e-05
45.85 -1.87843e-05
45.86 -1.97828e-05
45.87 -2.07109e-05
45.88 -2.15657e-05
45.89 -2.23442e-05
45.9 -2.30439e-05
45.91 -2.36625e-05
45.92 -2.4198e-05
45.93 -2.46487e-05
45.94 -2.50133e-05
45.95 -2.52906e-05
45.96 -2.54798e-05
45.97 -2.55804e-05
45.98 -2.55923e-05
45.99 -2.55157e-05
46 -2.5351e-05
46.01 -2.50989e-05
46.02 -2.47607e-05
46.03 -2.43375e-05
46.04 -2.38313e-05
46.05 -2.32438e-05
46.06 -2.25773e-05
46.07 -2.18344e-05
46.08 -2.10179e-05
46.09 -2.01308e-05
46.1 -1.91763e-05
46.11 -1.8158e-05
46.12 -1.70795e-05
46.13 -1.59448e-05
46.14 -1.47579e-05
46.15 -1.35231e-05
46.16 -1.22448e-05
46.17 -1.09276e-05
46.18 -9.57593e-06
46.19 -8.19472e-06
46.2 -6.78874e-06
46.21 -5.3629e-06
46.22 -3.92212e-06
46.23 -2.47139e-06
46.24 -1.01568e-06
46.25 4.40018e-07
46.26 1.89075e-06
46.27 3.33159e-06
46.28 4.75768e-06
46.29 6.16421e-06
46.3 7.54647e-06
46.31 8.89985e-06
46.32 1.02198e-05
46.33 1.15021e-05
46.34 1.27423e-05
46.35 1.39365e-05
46.36 1.50807e-05
46.37 1.61713e-05
46.38 1.72046e-05
46.39 1.81774e-05
46.4 1.90864e-05
46.41 1.99289e-05
46.42 2.07021e-05
46.43 2.14037e-05
46.44 2.20313e-05
46.45 2.25831e-05
46.46 2.30574e-05
46.47 2.34527e-05
46.48 2.37679e-05
46.49 2.40021e-05
46.5 2.41547e-05
46.51 2.42253e-05
46.52 2.42138e-05
46.53 2.41204e-05
46.54 2.39457e-05
46.55 2.36903e-05
46.56 2.33553e-05
46.57 2.29418e-05
46.58 2.24516e-05
46.59 2.18863e-05
46.6 2.1248e-05
46.61 2.0539e-05
46.62 1.97618e-05
46.63 1.89192e-05
46.64 1.80142e-05
46.65 1.70499e-05
46.66 1.60298e-05
46.67 1.49574e-05
46.68 1.38364e-05
46.69 1.26709e-05
46.7 1.14649e-05
46.71 1.02225e-05
46.72 8.94822e-06
46.73 7.64635e-06
46.74 6.32148e-06
46.75 4.9782e-06
46.76 3.62119e-06
46.77 2.25516e-06
46.78 8.84834e-07
46.79 -4.85034e-07
46.8 -1.84971e-06
46.81 -3.20449e-06
46.82 -4.5447e-06
46.83 -5.86573e-06
46.84 -7.16305e-06
46.85 -8.43222e-06
46.86 -9.66892e-06
46.87 -1.08689e-05
46.88 -1.20282e-05
46.89 -1.31428e-05
46.9 -1.4209e-05
46.91 -1.52232e-05
46.92 -1.61821e-05
46.93 -1.70825e-05
46.94 -1.79214e-05
46.95 -1.86962e-05
46.96 -1.94043e-05
46.97 -2.00435e-05
46.98 -2.06117e-05
46.99 -2.11073e-05
47 -2.15288e-05
47.01 -2.18749e-05
47.02 -2.21447e-05
47.03 -2.23374e-05
47.04 -2.24528e-05
47.05 -2.24905e-05
47.06 -2.24508e-05
47.07 -2.2334e-05
47.08 -2.21408e-05
47.09 -2.1872e-05
47.1 -2.15288e-05
47.11 -2.11126e-05
47.12 -2.06251e-05
47.13 -2.00681e-05
47.14 -1.94437e-05
47.15 -1.87542e-05
47.16 -1.80023e-05
47.17 -1.71905e-05
47.18 -1.63218e-05
47.19 -1.53993e-05
47.2 -1.44264e-05
47.21 -1.34063e-05
47.22 -1.23427e-05
47.23 -1.12393e-05
47.24 -1.00999e-05
47.25 -8.92839e-06
47.26 -7.72888e-06
47.27 -6.50546e-06
47.28 -5.2623e-06
47.29 -4.00365e-06
47.3 -2.73379e-06
47.31 -1.45702e-06
47.32 -1.77678e-07
47.33 1.09991e-06
47.34 2.37144e-06
47.35 3.63261e-06
47.36 4.87917e-06
47.37 6.10694e-06
47.38 7.31179e-06
47.39 8.48966e-06
47.4 9.63662e-06
47.41 1.07488e-05
47.42 1.18225e-05
47.43 1.28542e-05
47.44 1.38403e-05
47.45 1.47776e-05
47.46 1.5663e-05
47.47 1.64935e-05
47.48 1.72664e-05
47.49 1.79792e-05
47.5 1.86295e-05
47.51 1.92151e-05
47.52 1.97343e-05
47.53 2.01852e-05
47.54 2.05666e-05
47.55 2.08771e-05
47.56 2.11159e-05
47.57 2.12822e-05
47.58 2.13757e-05
47.59 2.13961e-05
47.6 2.13435e-05
47.61 2.12183e-05
47.62 2.1021e-05
47.63 2.07525e-05
47.64 2.04138e-05
47.65 2.00063e-05
47.66 1.95315e-05
47.67 1.89912e-05
47.68 1.83875e-05
47.69 1.77225e-05
47.7 1.69987e-05
47.71 1.62189e-05
47.72 1.53857e-05
47.73 1.45022e-05
47.74 1.35716e-05
47.75 1.25973e-05
47.76 1.15827e-05
47.77 1.05313e-05
47.78 9.44708e-06
47.79 8.33368e-06
47.8 7.19506e-06
47.81 6.03522e-06
47.82 4.85821e-06
47.83 3.6681e-06
47.84 2.46905e-06
47.85 1.26517e-06
47.86 6.06162e-08
47.87 -1.14048e-06
47.88 -2.33403e-06
47.89 -3.51596e-06
47.9 -4.68228e-06
47.91 -5.82903e-06
47.92 -6.95238e-06
47.93 -8.04855e-06
47.94 -9.11389e-06
47.95 -1.01449e-05
47.96 -1.11381e-05
47.97 -1.20902e-05
47.98 -1.29983e-05
47.99 -1.38592e-05
48 -1.46702e-05
48.01 -1.54286e-05
48.02 -1.61322e-05
48.03 -1.67786e-05
48.04 -1.73657e-05
48.05 -1.78919e-05
48.06 -1.83553e-05
48.07 -1.87547e-05
48.08 -1.90889e-05
48.09 -1.93568e-05
48.1 -1.95577e-05
48.11 -1.96912e-05
48.12 -1.97569e-05
48.13 -1.97547e-05
48.14 -1.96848e-05
48.15 -1.95476e-05
48.16 -1.93438e-05
48.17 -1.90741e-05
48.18 -1.87395e-05
48.19 -1.83415e-05
48.2 -1.78813e-05
48.21 -1.73608e-05
48.22 -1.67817e-05
48.23 -1.61462e-05
48.24 -1.54566e-05
48.25 -1.47152e-05
48.26 -1.39247e-05
48.27 -1.30879e-05
48.28 -1.22077e-05
48.29 -1.12872e-05
48.3 -1.03296e-05
48.31 -9.33814e-06
48.32 -8.3164e-06
48.33 -7.26787e-06
48.34 -6.1962e-06
48.35 -5.10509e-06
48.36 -3.99832e-06
48.37 -2.87971e-06
48.38 -1.75313e-06
48.39 -6.22449e-07
48.4 5.08428e-07
48.41 1.63561e-06
48.42 2.75523e-06
48.43 3.86344e-06
48.44 4.95645e-06
48.45 6.03052e-06
48.46 7.08198e-06
48.47 8.10726e-06
48.48 9.10286e-06
48.49 1.00654e-05
48.5 1.09917e-05
48.51 1.18786e-05
48.52 1.2723e-05
48.53 1.35223e-05
48.54 1.42737e-05
48.55 1.49749e-05
48.56 1.56233e-05
48.57 1.62171e-05
48.58 1.67542e-05
48.59 1.7233e-05
48.6 1.76519e-05
48.61 1.80098e-05
48.62 1.83054e-05
48.63 1.85381e-05
48.64 1.87071e-05
48.65 1.8812e-05
48.66 1.88527e-05
48.67 1.88293e-05
48.68 1.87419e-05
48.69 1.85911e-05
48.7 1.83776e-05
48.71 1.81023e-05
48.72 1.77663e-05
48.73 1.73709e-05
48.74 1.69178e-05
48.75 1.64085e-05
48.76 1.5845e-05
48.77 1.52295e-05
48.78 1.4564e-05
48.79 1.38511e-05
48.8 1.30932e-05
48.81 1.22932e-05
48.82 1.14538e-05
48.83 1.0578e-05
48.84 9.66887e-06
48.85 8.72959e-06
48.86 7.76341e-06
48.87 6.77369e-06
48.88 5.76383e-06
48.89 4.73731e-06
48.9 3.69765e-06
48.91 2.6484e-06
48.92 1.59313e-06
48.93 5.35431e-07
48.94 -5.21115e-07
48.95 -1.57293e-06
48.96 -2.61648e-06
48.97 -3.64823e-06
48.98 -4.66472e-06
48.99 -5.66254e-06
49 -6.63835e-06
49.01 -7.58888e-06
49.02 -8.51097e-06
49.03 -9.40155e-06
49.04 -1.02577e-05
49.05 -1.10764e-05
49.06 -1.18552e-05
49.07 -1.25913e-05
49.08 -1.32825e-05
49.09 -1.39263e-05
49.1 -1.45208e-05
49.11 -1.50639e-05
49.12 -1.55539e-05
49.13 -1.59893e-05
49.14 -1.63686e-05
49.15 -1.66907e-05
49.16 -1.69545e-05
49.17 -1.71593e-05
49.18 -1.73044e-05
49.19 -1.73896e-05
49.2 -1.74145e-05
49.21 -1.73793e-05
49.22 -1.72841e-05
49.23 -1.71295e-05
49.24 -1.6916e-05
49.25 -1.66446e-05
49.26 -1.63161e-05
49.27 -1.59321e-05
49.28 -1.54937e-05
49.29 -1.50027e-05
49.3 -1.44609e-05
49.31 -1.38702e-05
49.32 -1.32329e-05
49.33 -1.25511e-05
49.34 -1.18274e-05
49.35 -1.10643e-05
49.36 -1.02646e-05
49.37 -9.43105e-06
49.38 -8.56669e-06
49.39 -7.67453e-06
49.4 -6.75774e-06
49.41 -5.81952e-06
49.42 -4.86316e-06
49.43 -3.89201e-06
49.44 -2.90944e-06
49.45 -1.91887e-06
49.46 -9.23714e-07
49.47 7.25808e-08
49.48 1.06659e-06
49.49 2.05491e-06
49.5 3.03417e-06
49.51 4.00102e-06
49.52 4.95218e-06
49.53 5.88445e-06
49.54 6.79468e-06
49.55 7.67982e-06
49.56 8.53691e-06
49.57 9.36311e-06
49.58 1.01557e-05
49.59 1.0912e-05
49.6 1.16296e-05
49.61 1.23061e-05
49.62 1.29394e-05
49.63 1.35274e-05
49.64 1.40682e-05
49.65 1.45602e-05
49.66 1.50018e-05
49.67 1.53916e-05
49.68 1.57284e-05
49.69 1.60113e-05
49.7 1.62394e-05
49.71 1.64121e-05
49.72 1.6529e-05
49.73 1.65898e-05
49.74 1.65944e-05
49.75 1.65429e-05
49.76 1.64358e-05
49.77 1.62734e-05
49.78 1.60565e-05
49.79 1.57859e-05
49.8 1.54626e-05
49.81 1.50879e-05
49.82 1.46632e-05
49.83 1.419e-05
49.84 1.367e-05
49.85 1.31051e-05
49.86 1.24973e-05
49.87 1.18488e-05
49.88 1.11618e-05
49.89 1.04387e-05
49.9 9.68208e-06
49.91 8.89459e-06
49.92 8.07896e-06
49.93 7.23802e-06
49.94 6.37467e-06
49.95 5.49191e-06
49.96 4.59278e-06
49.97 3.68038e-06
49.98 2.75786e-06
49.99 1.82838e-06
