0.01 1.52348e-07
0.02 1.89196e-07
0.03 2.52779e-07
0.04 3.30909e-07
0.05 4.17123e-07
0.06 5.12413e-07
0.07 6.21644e-07
0.08 7.48704e-07
0.09 8.94282e-07
0.1 1.05747e-06
0.11 1.23681e-06
0.12 1.42857e-06
0.13 1.62709e-06
0.14 1.82778e-06
0.15 2.02761e-06
0.16 2.2244e-06
0.17 2.41751e-06
0.18 2.6081e-06
0.19 2.79756e-06
0.2 2.98531e-06
0.21 3.16812e-06
0.22 3.34118e-06
0.23 3.50032e-06
0.24 3.64372e-06
0.25 3.77209e-06
0.26 3.89015e-06
0.27 4.0098e-06
0.28 4.13888e-06
0.29 4.26354e-06
0.3 4.3631e-06
0.31 4.43606e-06
0.32 4.49399e-06
0.33 4.54335e-06
0.34 4.58253e-06
0.35 4.60778e-06
0.36 4.61773e-06
0.37 4.61917e-06
0.38 4.63245e-06
0.39 4.66878e-06
0.4 4.70807e-06
0.41 4.72344e-06
0.42 4.70396e-06
0.43 4.65496e-06
0.44 4.59347e-06
0.45 4.53178e-06
0.46 4.46676e-06
0.47 4.39419e-06
0.48 4.32405e-06
0.49 4.25377e-06
0.5 4.14904e-06
0.51 3.98669e-06
0.52 3.77917e-06
0.53 3.54768e-06
0.54 3.30312e-06
0.55 3.04748e-06
0.56 2.77786e-06
0.57 2.48808e-06
0.58 2.1698e-06
0.59 1.81414e-06
0.6 1.41501e-06
0.61 9.72948e-07
0.62 4.96186e-07
0.63 -3.531e-09
0.64 -5.30965e-07
0.65 -1.11135e-06
0.66 -1.7438e-06
0.67 -2.41019e-06
0.68 -3.11756e-06
0.69 -3.85809e-06
0.7 -4.60616e-06
0.71 -5.36394e-06
0.72 -6.1546e-06
0.73 -7.01037e-06
0.74 -7.93411e-06
0.75 -8.83645e-06
0.76 -9.58369e-06
0.77 -1.01248e-05
0.78 -1.05213e-05
0.79 -1.08492e-05
0.8 -1.11208e-05
0.81 -1.13079e-05
0.82 -1.14257e-05
0.83 -1.15582e-05
0.84 -1.17665e-05
0.85 -1.20349e-05
0.86 -1.22935e-05
0.87 -1.24989e-05
0.88 -1.27072e-05
0.89 -1.29791e-05
0.9 -1.3317e-05
0.91 -1.37277e-05
0.92 -1.41797e-05
0.93 -1.45467e-05
0.94 -1.47238e-05
0.95 -1.47272e-05
0.96 -1.4615e-05
0.97 -1.43994e-05
0.98 -1.40583e-05
0.99 -1.3575e-05
1 -1.29521e-05
1.01 -1.22001e-05
1.02 -1.13258e-05
1.03 -1.03639e-05
1.04 -9.36964e-06
1.05 -8.3732e-06
1.06 -7.45275e-06
1.07 -6.77896e-06
1.08 -6.47035e-06
1.09 -6.48459e-06
1.1 -6.71754e-06
1.11 -7.10282e-06
1.12 -7.56473e-06
1.13 -8.04909e-06
1.14 -8.68214e-06
1.15 -9.7159e-06
1.16 -1.12398e-05
1.17 -1.31e-05
1.18 -1.50963e-05
1.19 -1.70546e-05
1.2 -1.87306e-05
1.21 -1.99209e-05
1.22 -2.0686e-05
1.23 -2.12545e-05
1.24 -2.17616e-05
1.25 -2.21808e-05
1.26 -2.24036e-05
1.27 -2.23471e-05
1.28 -2.20508e-05
1.29 -2.16582e-05
1.3 -2.13038e-05
1.31 -2.10426e-05
1.32 -2.08868e-05
1.33 -2.08612e-05
1.34 -2.09426e-05
1.35 -2.10183e-05
1.36 -2.10133e-05
1.37 -2.09336e-05
1.38 -2.07364e-05
1.39 -2.04059e-05
1.4 -2.00492e-05
1.41 -1.96664e-05
1.42 -1.90929e-05
1.43 -1.82405e-05
1.44 -1.70408e-05
1.45 -1.52155e-05
1.46 -1.25233e-05
1.47 -9.14154e-06
1.48 -5.51753e-06
1.49 -1.98274e-06
1.5 1.38544e-06
1.51 4.62963e-06
1.52 7.78861e-06
1.53 1.09551e-05
1.54 1.41315e-05
1.55 1.69603e-05
1.56 1.89947e-05
1.57 2.0059e-05
1.58 2.01974e-05
1.59 1.95841e-05
1.6 1.83909e-05
1.61 1.67511e-05
1.62 1.49563e-05
1.63 1.33204e-05
1.64 1.1866e-05
1.65 1.04517e-05
1.66 8.97208e-06
1.67 7.38721e-06
1.68 5.78899e-06
1.69 4.40366e-06
1.7 3.47646e-06
1.71 3.15904e-06
1.72 3.4697e-06
1.73 4.3179e-06
1.74 5.56016e-06
1.75 6.96715e-06
1.76 8.12842e-06
1.77 8.69803e-06
1.78 8.77618e-06
1.79 8.72526e-06
1.8 8.72805e-06
1.81 8.71083e-06
1.82 8.62664e-06
1.83 8.66823e-06
1.84 8.96933e-06
1.85 9.30193e-06
1.86 9.36564e-06
1.87 9.14929e-06
1.88 8.89825e-06
1.89 8.89769e-06
1.9 9.30853e-06
1.91 1.0118e-05
1.92 1.1183e-05
1.93 1.23097e-05
1.94 1.33266e-05
1.95 1.41302e-05
1.96 1.46591e-05
1.97 1.48102e-05
1.98 1.44473e-05
1.99 1.3513e-05
2 1.20942e-05
2.01 1.03349e-05
2.02 8.24381e-06
2.03 5.65963e-06
2.04 2.55075e-06
2.05 -7.63607e-07
2.06 -3.85318e-06
2.07 -6.43644e-06
2.08 -8.43955e-06
2.09 -1.01045e-05
2.1 -1.18472e-05
2.11 -1.3813e-05
2.12 -1.5911e-05
2.13 -1.81304e-05
2.14 -2.04373e-05
2.15 -2.26653e-05
2.16 -2.45427e-05
2.17 -2.58199e-05
2.18 -2.66087e-05
2.19 -2.73197e-05
2.2 -2.81953e-05
2.21 -2.91295e-05
2.22 -2.98226e-05
2.23 -2.99268e-05
2.24 -2.91815e-05
2.25 -2.76213e-05
2.26 -2.55102e-05
2.27 -2.30537e-05
2.28 -2.03609e-05
2.29 -1.76299e-05
2.3 -1.52295e-05
2.31 -1.34242e-05
2.32 -1.20417e-05
2.33 -1.06494e-05
2.34 -8.92673e-06
2.35 -6.71607e-06
2.36 -4.0675e-06
2.37 -1.30846e-06
2.38 1.20676e-06
2.39 3.29316e-06
2.4 4.85431e-06
2.41 5.87633e-06
2.42 6.47413e-06
2.43 6.86176e-06
2.44 7.34877e-06
2.45 8.22422e-06
2.46 9.56428e-06
2.47 1.12521e-05
2.48 1.30298e-05
2.49 1.44729e-05
2.5 1.51482e-05
2.51 1.4984e-05
2.52 1.4438e-05
2.53 1.412e-05
2.54 1.42966e-05
2.55 1.4818e-05
2.56 1.53511e-05
2.57 1.56958e-05
2.58 1.60107e-05
2.59 1.65605e-05
2.6 1.73185e-05
2.61 1.81636e-05
2.62 1.93092e-05
2.63 2.1227e-05
2.64 2.41068e-05
2.65 2.74955e-05
2.66 3.0651e-05
2.67 3.32312e-05
2.68 3.54044e-05
2.69 3.74235e-05
2.7 3.93804e-05
2.71 4.13105e-05
2.72 4.33533e-05
2.73 4.55996e-05
2.74 4.79081e-05
2.75 5.01721e-05
2.76 5.25282e-05
2.77 5.51961e-05
2.78 5.83678e-05
2.79 6.20404e-05
2.8 6.58694e-05
2.81 6.94939e-05
2.82 7.27405e-05
2.83 7.54639e-05
2.84 7.75843e-05
2.85 7.91802e-05
2.86 8.0424e-05
2.87 8.14868e-05
2.88 8.23796e-05
2.89 8.28524e-05
2.9 8.25786e-05
2.91 8.14059e-05
2.92 7.93964e-05
2.93 7.67389e-05
2.94 7.36636e-05
2.95 7.03786e-05
2.96 6.70172e-05
2.97 6.36093e-05
2.98 6.00683e-05
2.99 5.61586e-05
3 5.16018e-05
3.01 4.63597e-05
3.02 4.06849e-05
3.03 3.48672e-05
3.04 2.90529e-05
3.05 2.32449e-05
3.06 1.73659e-05
3.07 1.13155e-05
3.08 5.03166e-06
3.09 -1.39344e-06
3.1 -7.71781e-06
3.11 -1.37114e-05
3.12 -1.916e-05
3.13 -2.38605e-05
3.14 -2.7732e-05
3.15 -3.07277e-05
3.16 -3.28305e-05
3.17 -3.42844e-05
3.18 -3.54364e-05
3.19 -3.63476e-05
3.2 -3.68405e-05
3.21 -3.68392e-05
3.22 -3.6613e-05
3.23 -3.67279e-05
3.24 -3.76755e-05
3.25 -3.94706e-05
3.26 -4.16768e-05
3.27 -4.38969e-05
3.28 -4.60504e-05
3.29 -4.81239e-05
3.3 -4.99111e-05
3.31 -5.113e-05
3.32 -5.17067e-05
3.33 -5.18249e-05
3.34 -5.17538e-05
3.35 -5.16992e-05
3.36 -5.16016e-05
3.37 -5.10548e-05
3.38 -4.96575e-05
3.39 -4.7376e-05
3.4 -4.45275e-05
3.41 -4.15473e-05
3.42 -3.87224e-05
3.43 -3.61252e-05
3.44 -3.37306e-05
3.45 -3.14636e-05
3.46 -2.92961e-05
3.47 -2.72255e-05
3.48 -2.51165e-05
3.49 -2.29077e-05
3.5 -2.08007e-05
3.51 -1.90303e-05
3.52 -1.76785e-05
3.53 -1.66909e-05
3.54 -1.5909e-05
3.55 -1.50839e-05
3.56 -1.3887e-05
3.57 -1.20528e-05
3.58 -9.62053e-06
3.59 -6.95133e-06
3.6 -4.49082e-06
3.61 -2.52748e-06
3.62 -1.09247e-06
3.63 2.21629e-08
3.64 1.17654e-06
3.65 2.71981e-06
3.66 4.75485e-06
3.67 7.08062e-06
3.68 9.47548e-06
3.69 1.19431e-05
3.7 1.45623e-05
3.71 1.72886e-05
3.72 2.01453e-05
3.73 2.33154e-05
3.74 2.68216e-05
3.75 3.04694e-05
3.76 3.40212e-05
3.77 3.71097e-05
3.78 3.93064e-05
3.79 4.0454e-05
3.8 4.07759e-05
3.81 4.07043e-05
3.82 4.06599e-05
3.83 4.08911e-05
3.84 4.13748e-05
3.85 4.19059e-05
3.86 4.22193e-05
3.87 4.20326e-05
3.88 4.12847e-05
3.89 4.02306e-05
3.9 3.90518e-05
3.91 3.76254e-05
3.92 3.57446e-05
3.93 3.3212e-05
3.94 2.97761e-05
3.95 2.52426e-05
3.96 1.96412e-05
3.97 1.32566e-05
3.98 6.50521e-06
3.99 -2.60846e-07
4 -6.80792e-06
4.01 -1.29196e-05
4.02 -1.84862e-05
4.03 -2.36156e-05
4.04 -2.84088e-05
4.05 -3.2785e-05
4.06 -3.66771e-05
4.07 -4.01469e-05
4.08 -4.3149e-05
4.09 -4.55638e-05
4.1 -4.75775e-05
4.11 -4.95356e-05
4.12 -5.13863e-05
4.13 -5.26911e-05
4.14 -5.31927e-05
4.15 -5.31096e-05
4.16 -5.28768e-05
4.17 -5.27993e-05
4.18 -5.29545e-05
4.19 -5.32699e-05
4.2 -5.36666e-05
4.21 -5.40577e-05
4.22 -5.41832e-05
4.23 -5.36479e-05
4.24 -5.22965e-05
4.25 -5.04436e-05
4.26 -4.84737e-05
4.27 -4.64669e-05
4.28 -4.44529e-05
4.29 -4.25943e-05
4.3 -4.10507e-05
4.31 -3.99771e-05
4.32 -3.9547e-05
4.33 -3.98329e-05
4.34 -4.08479e-05
4.35 -4.27208e-05
4.36 -4.54951e-05
4.37 -4.88412e-05
4.38 -5.22481e-05
4.39 -5.53069e-05
4.4 -5.77848e-05
4.41 -5.96663e-05
4.42 -6.10662e-05
4.43 -6.19992e-05
4.44 -6.23148e-05
4.45 -6.18323e-05
4.46 -6.04393e-05
4.47 -5.80867e-05
4.48 -5.47569e-05
4.49 -5.04927e-05
4.5 -4.54804e-05
4.51 -3.99665e-05
4.52 -3.40328e-05
4.53 -2.75857e-05
4.54 -2.04327e-05
4.55 -1.22919e-05
4.56 -3.0357e-06
4.57 7.07094e-06
4.58 1.7531e-05
4.59 2.79358e-05
4.6 3.81631e-05
4.61 4.82747e-05
4.62 5.82746e-05
4.63 6.80859e-05
4.64 7.76148e-05
4.65 8.67201e-05
4.66 9.51602e-05
4.67 0.00010262
4.68 0.000108794
4.69 0.000113474
4.7 0.000116691
4.71 0.000118711
4.72 0.0001198
4.73 0.000120079
4.74 0.000119515
4.75 0.000117986
4.76 0.000115409
4.77 0.000111865
4.78 0.000107552
4.79 0.000102635
4.8 9.71377e-05
4.81 9.09435e-05
4.82 8.40421e-05
4.83 7.68215e-05
4.84 6.98413e-05
4.85 6.33024e-05
4.86 5.69744e-05
4.87 5.04866e-05
4.88 4.35846e-05
4.89 3.62694e-05
4.9 2.87432e-05
4.91 2.12052e-05
4.92 1.36469e-05
4.93 5.92674e-06
4.94 -1.96808e-06
4.95 -9.83746e-06
4.96 -1.73789e-05
4.97 -2.44369e-05
4.98 -3.11183e-05
4.99 -3.75504e-05
5 -4.36771e-05
5.01 -4.93076e-05
5.02 -5.42795e-05
5.03 -5.86293e-05
5.04 -6.25154e-05
5.05 -6.60235e-05
5.06 -6.92689e-05
5.07 -7.24897e-05
5.08 -7.59091e-05
5.09 -7.97341e-05
5.1 -8.42225e-05
5.11 -8.95168e-05
5.12 -9.53616e-05
5.13 -0.000101145
5.14 -0.000106404
5.15 -0.000111159
5.16 -0.000115762
5.17 -0.000120591
5.18 -0.000125743
5.19 -0.00013095
5.2 -0.000135816
5.21 -0.000140054
5.22 -0.000143503
5.23 -0.000146085
5.24 -0.000147798
5.25 -0.000148815
5.26 -0.000149611
5.27 -0.000150839
5.28 -0.000152907
5.29 -0.000155625
5.3 -0.000158271
5.31 -0.000160186
5.32 -0.00016117
5.33 -0.000161124
5.34 -0.000159744
5.35 -0.000156801
5.36 -0.000152254
5.37 -0.00014606
5.38 -0.000138137
5.39 -0.000128351
5.4 -0.000116538
5.41 -0.000102805
5.42 -8.76534e-05
5.43 -7.1551e-05
5.44 -5.46375e-05
5.45 -3.69516e-05
5.46 -1.86537e-05
5.47 8.71281e-08
5.48 1.9233e-05
5.49 3.88095e-05
5.5 5.87804e-05
5.51 7.90855e-05
5.52 9.96848e-05
5.53 0.000120355
5.54 0.000140573
5.55 0.00015979
5.56 0.000177585
5.57 0.00019339
5.58 0.000206529
5.59 0.000216733
5.6 0.000224306
5.61 0.000229694
5.62 0.000233164
5.63 0.00023489
5.64 0.000235018
5.65 0.00023359
5.66 0.000230627
5.67 0.000226383
5.68 0.000221295
5.69 0.000215716
5.7 0.000209949
5.71 0.000204462
5.72 0.000199811
5.73 0.000196278
5.74 0.000193586
5.75 0.0001911
5.76 0.000188477
5.77 0.000185937
5.78 0.000183847
5.79 0.000182355
5.8 0.000181375
5.81 0.000180673
5.82 0.000179753
5.83 0.00017783
5.84 0.000174274
5.85 0.000168945
5.86 0.0001619
5.87 0.000153159
5.88 0.000143013
5.89 0.000132121
5.9 0.000121037
5.91 0.000109887
5.92 9.84966e-05
5.93 8.65915e-05
5.94 7.40034e-05
5.95 6.09574e-05
5.96 4.80924e-05
5.97 3.60638e-05
5.98 2.50891e-05
5.99 1.48976e-05
6 5.0448e-06
6.01 -4.90037e-06
6.02 -1.52502e-05
6.03 -2.60304e-05
6.04 -3.7052e-05
6.05 -4.8054e-05
6.06 -5.86362e-05
6.07 -6.84036e-05
6.08 -7.73968e-05
6.09 -8.61704e-05
6.1 -9.54055e-05
6.11 -0.000105499
6.12 -0.00011634
6.13 -0.000127484
6.14 -0.000138598
6.15 -0.00014961
6.16 -0.000160611
6.17 -0.000171864
6.18 -0.000183748
6.19 -0.000196601
6.2 -0.000210676
6.21 -0.000226019
6.22 -0.000242192
6.23 -0.000258225
6.24 -0.000272918
6.25 -0.000285344
6.26 -0.000295235
6.27 -0.000302822
6.28 -0.000308326
6.29 -0.000311739
6.3 -0.000312858
6.31 -0.000311322
6.32 -0.000306731
6.33 -0.00029884
6.34 -0.00028766
6.35 -0.000273468
6.36 -0.000256745
6.37 -0.000238071
6.38 -0.000217955
6.39 -0.000196726
6.4 -0.000174585
6.41 -0.000151769
6.42 -0.000128623
6.43 -0.000105639
6.44 -8.33821e-05
6.45 -6.23636e-05
6.46 -4.2938e-05
6.47 -2.51419e-05
6.48 -8.74432e-06
6.49 6.38527e-06
6.5 2.00886e-05
6.51 3.21891e-05
6.52 4.26798e-05
6.53 5.15663e-05
6.54 5.88204e-05
6.55 6.4481e-05
6.56 6.86888e-05
6.57 7.17517e-05
6.58 7.41619e-05
6.59 7.63265e-05
6.6 7.82243e-05
6.61 7.95333e-05
6.62 8.01514e-05
6.63 8.0458e-05
6.64 8.09739e-05
6.65 8.17884e-05
6.66 8.25211e-05
6.67 8.27007e-05
6.68 8.18173e-05
6.69 7.93331e-05
6.7 7.49099e-05
6.71 6.83157e-05
6.72 5.93037e-05
6.73 4.79747e-05
6.74 3.49844e-05
6.75 2.12099e-05
6.76 7.38201e-06
6.77 -5.97169e-06
6.78 -1.8292e-05
6.79 -2.88854e-05
6.8 -3.70787e-05
6.81 -4.20713e-05
6.82 -4.27105e-05
6.83 -3.79563e-05
6.84 -2.74697e-05
6.85 -1.14069e-05
6.86 1.00285e-05
6.87 3.66993e-05
6.88 6.84283e-05
6.89 0.000104722
6.9 0.000144609
6.91 0.000186523
6.92 0.00022829
6.93 0.000267679
6.94 0.000303029
6.95 0.000333282
6.96 0.000357917
6.97 0.000376961
6.98 0.000390588
6.99 0.000398668
7 0.000400884
7.01 0.000396923
7.02 0.000386482
7.03 0.000369302
7.04 0.000345294
7.05 0.000314706
7.06 0.000278244
7.07 0.000236962
7.08 0.000192007
7.09 0.000144375
7.1 9.48204e-05
7.11 4.38759e-05
7.12 -7.91323e-06
7.13 -5.94345e-05
7.14 -0.000108882
7.15 -0.000154407
7.16 -0.000194716
7.17 -0.000229279
7.18 -0.000258241
7.19 -0.000282196
7.2 -0.000301944
7.21 -0.000318073
7.22 -0.000330616
7.23 -0.000338972
7.24 -0.000342209
7.25 -0.000339643
7.26 -0.000330908
7.27 -0.000315807
7.28 -0.000294395
7.29 -0.000266994
7.3 -0.000233936
7.31 -0.00019527
7.32 -0.000150866
7.33 -0.000100864
7.34 -4.60063e-05
7.35 1.23462e-05
7.36 7.21037e-05
7.37 0.000130303
7.38 0.000183679
7.39 0.000229829
7.4 0.000267954
7.41 0.000298629
7.42 0.000323007
7.43 0.000342169
7.44 0.000356738
7.45 0.000366691
7.46 0.000371575
7.47 0.000370925
7.48 0.000364585
7.49 0.000353014
7.5 0.000337271
7.51 0.000318596
7.52 0.000297981
7.53 0.000276112
7.54 0.000253355
7.55 0.000229556
7.56 0.00020422
7.57 0.000177129
7.58 0.0001489
7.59 0.000121237
7.6 9.65324e-05
7.61 7.69096e-05
7.62 6.35562e-05
7.63 5.65993e-05
7.64 5.50152e-05
7.65 5.66063e-05
7.66 5.87488e-05
7.67 5.96184e-05
7.68 5.87908e-05
7.69 5.71132e-05
7.7 5.62476e-05
7.71 5.78235e-05
7.72 6.25709e-05
7.73 6.99181e-05
7.74 7.81022e-05
7.75 8.48431e-05
7.76 8.80373e-05
7.77 8.60968e-05
7.78 7.82782e-05
7.79 6.4758e-05
7.8 4.63384e-05
7.81 2.40902e-05
7.82 -1.28168e-06
7.83 -3.00576e-05
7.84 -6.34071e-05
7.85 -0.000102551
7.86 -0.000147518
7.87 -0.00019656
7.88 -0.000246767
7.89 -0.00029492
7.9 -0.000338244
7.91 -0.000375078
7.92 -0.000404975
7.93 -0.000428315
7.94 -0.000445785
7.95 -0.000458113
7.96 -0.000466178
7.97 -0.000470893
7.98 -0.00047294
7.99 -0.000472735
8 -0.000470514
8.01 -0.000466445
8.02 -0.000460679
8.03 -0.000453392
8.04 -0.00044489
8.05 -0.000435401
8.06 -0.00042489
8.07 -0.000413465
8.08 -0.000401624
8.09 -0.000390049
8.1 -0.000379388
8.11 -0.000369799
8.12 -0.000360788
8.13 -0.000351795
8.14 -0.000342687
8.15 -0.000333542
8.16 -0.000324085
8.17 -0.000313576
8.18 -0.000301458
8.19 -0.000287736
8.2 -0.000272282
8.21 -0.000254192
8.22 -0.000232211
8.23 -0.000205415
8.24 -0.000173537
8.25 -0.000137237
8.26 -9.80197e-05
8.27 -5.76931e-05
8.28 -1.80432e-05
8.29 1.93883e-05
8.3 5.37392e-05
8.31 8.49662e-05
8.32 0.000113404
8.33 0.000139273
8.34 0.000162735
8.35 0.000184088
8.36 0.000203602
8.37 0.000221516
8.38 0.000238395
8.39 0.000255412
8.4 0.000274263
8.41 0.000296705
8.42 0.000323855
8.43 0.00035577
8.44 0.000391466
8.45 0.000429057
8.46 0.000466011
8.47 0.000499581
8.48 0.000527664
8.49 0.000549654
8.5 0.000566076
8.51 0.000577368
8.52 0.000583426
8.53 0.000583817
8.54 0.000578005
8.55 0.000565659
8.56 0.000546744
8.57 0.000521509
8.58 0.000490653
8.59 0.000455127
8.6 0.00041568
8.61 0.000372715
8.62 0.00032639
8.63 0.000276719
8.64 0.000223768
8.65 0.000168013
8.66 0.000110641
8.67 5.34711e-05
8.68 -1.53385e-06
8.69 -5.25859e-05
8.7 -9.80012e-05
8.71 -0.000136347
8.72 -0.000166773
8.73 -0.000189002
8.74 -0.000203169
8.75 -0.000209705
8.76 -0.000209153
8.77 -0.000202186
8.78 -0.000189733
8.79 -0.000173002
8.8 -0.000153431
8.81 -0.000132134
8.82 -0.000109471
8.83 -8.57665e-05
8.84 -6.2141e-05
8.85 -4.03884e-05
8.86 -2.23533e-05
8.87 -9.35804e-06
8.88 -1.81768e-06
8.89 8.02118e-07
8.9 -3.46886e-07
8.91 -4.16327e-06
8.92 -1.01237e-05
8.93 -1.81768e-05
8.94 -2.85155e-05
8.95 -4.15502e-05
8.96 -5.77679e-05
8.97 -7.71934e-05
8.98 -9.88156e-05
8.99 -0.000120779
9 -0.000141104
9.01 -0.000158394
9.02 -0.000172231
9.03 -0.000182982
9.04 -0.000191255
9.05 -0.000197511
9.06 -0.000201901
9.07 -0.000204264
9.08 -0.000204415
9.09 -0.000202356
9.1 -0.0001982
9.11 -0.000192139
9.12 -0.000184312
9.13 -0.000174828
9.14 -0.000164153
9.15 -0.000153199
9.16 -0.000142778
9.17 -0.000133085
9.18 -0.000123915
9.19 -0.000115165
9.2 -0.000107193
9.21 -0.000100723
9.22 -9.60976e-05
9.23 -9.29477e-05
9.24 -9.07161e-05
9.25 -8.90121e-05
9.26 -8.75042e-05
9.27 -8.57159e-05
9.28 -8.30125e-05
9.29 -7.86771e-05
9.3 -7.18522e-05
9.31 -6.15948e-05
9.32 -4.71421e-05
9.33 -2.79143e-05
9.34 -3.32021e-06
9.35 2.71009e-05
9.36 6.33244e-05
9.37 0.000104843
9.38 0.000151109
9.39 0.000201688
9.4 0.000255907
9.41 0.000312614
9.42 0.000370115
9.43 0.000426211
9.44 0.000478377
9.45 0.000523716
9.46 0.000558984
9.47 0.000581301
9.48 0.000589349
9.49 0.000583922
9.5 0.000566949
9.51 0.000540113
9.52 0.00050432
9.53 0.000459784
9.54 0.000406392
9.55 0.000344318
9.56 0.00027455
9.57 0.00019907
9.58 0.000120483
9.59 4.12691e-05
9.6 -3.66433e-05
9.61 -0.000111856
9.62 -0.000183416
9.63 -0.000250675
9.64 -0.000313179
9.65 -0.0003706
9.66 -0.000422502
9.67 -0.000468066
9.68 -0.000506247
9.69 -0.000536146
9.7 -0.000557347
9.71 -0.000570279
9.72 -0.000576261
9.73 -0.000576925
9.74 -0.000573054
9.75 -0.000563874
9.76 -0.00054765
9.77 -0.00052266
9.78 -0.000488066
9.79 -0.000444796
9.8 -0.000395843
9.81 -0.000345687
9.82 -0.000299148
9.83 -0.000259823
9.84 -0.000228694
9.85 -0.000204103
9.86 -0.000183044
9.87 -0.000162683
9.88 -0.000141571
9.89 -0.000120083
9.9 -9.99946e-05
9.91 -8.35517e-05
9.92 -7.23103e-05
9.93 -6.61886e-05
9.94 -6.32534e-05
9.95 -6.05325e-05
9.96 -5.5426e-05
9.97 -4.66996e-05
9.98 -3.47773e-05
9.99 -2.17591e-05
10 -1.06806e-05
10.01 -3.80713e-06
10.02 -1.53013e-06
10.03 -2.62662e-06
10.04 -5.08147e-06
10.05 -6.94907e-06
10.06 -6.97634e-06
10.07 -4.7289e-06
10.08 -4.93242e-07
10.09 4.89588e-06
10.1 1.06013e-05
10.11 1.64597e-05
10.12 2.3241e-05
10.13 3.2386e-05
10.14 4.53261e-05
10.15 6.28227e-05
10.16 8.46837e-05
10.17 0.000109814
10.18 0.000136694
10.19 0.000164067
10.2 0.000191344
10.21 0.000218605
10.22 0.000246412
10.23 0.000275516
10.24 0.000306311
10.25 0.000338435
10.26 0.000370632
10.27 0.000400753
10.28 0.000426326
10.29 0.000445516
10.3 0.000457798
10.31 0.00046401
10.32 0.000465849
10.33 0.000465285
10.34 0.00046398
10.35 0.000462685
10.36 0.000461068
10.37 0.000458189
10.38 0.000453056
10.39 0.000444899
10.4 0.000433293
10.41 0.000418502
10.42 0.000401802
10.43 0.000385088
10.44 0.000369889
10.45 0.000356677
10.46 0.000345039
10.47 0.000334407
10.48 0.000324629
10.49 0.000316159
10.5 0.00030972
10.51 0.000305636
10.52 0.000303595
10.53 0.000302824
10.54 0.000302192
10.55 0.000300214
10.56 0.000295168
10.57 0.000285547
10.58 0.00027044
10.59 0.000249593
10.6 0.000223317
10.61 0.000192256
10.62 0.000157083
10.63 0.000118288
10.64 7.63927e-05
10.65 3.24121e-05
10.66 -1.19244e-05
10.67 -5.46056e-05
10.68 -9.41627e-05
10.69 -0.000129856
10.7 -0.000161023
10.71 -0.000186732
10.72 -0.000206169
10.73 -0.000219209
10.74 -0.000226548
10.75 -0.000229134
10.76 -0.000227611
10.77 -0.000222539
10.78 -0.000214903
10.79 -0.000206061
10.8 -0.000197395
10.81 -0.000190344
10.82 -0.000186615
10.83 -0.000187887
10.84 -0.00019524
10.85 -0.0002091
10.86 -0.000229601
10.87 -0.00025678
10.88 -0.000290466
10.89 -0.000329912
10.9 -0.000373462
10.91 -0.000418701
10.92 -0.000463293
10.93 -0.000505798
10.94 -0.000545438
10.95 -0.000581338
10.96 -0.000612419
10.97 -0.000637746
10.98 -0.000656776
10.99 -0.00066947
11 -0.000676373
11.01 -0.000678404
11.02 -0.000676252
11.03 -0.000670153
11.04 -0.00066012
11.05 -0.000645938
11.06 -0.000627037
11.07 -0.000602517
11.08 -0.000571492
11.09 -0.000533715
11.1 -0.000489838
11.11 -0.00044095
11.12 -0.000388016
11.13 -0.000331912
11.14 -0.000273752
11.15 -0.000214733
11.16 -0.000155722
11.17 -9.73765e-05
11.18 -4.07008e-05
11.19 1.26259e-05
11.2 6.04377e-05
11.21 0.00010064
11.22 0.00013171
11.23 0.000153091
11.24 0.000165305
11.25 0.000169563
11.26 0.000167455
11.27 0.000160766
11.28 0.00015109
11.29 0.000139893
11.3 0.000128995
11.31 0.000120486
11.32 0.000116106
11.33 0.00011691
11.34 0.000123322
11.35 0.000135447
11.36 0.000153318
11.37 0.000176717
11.38 0.00020501
11.39 0.000237077
11.4 0.000271382
11.41 0.000306463
11.42 0.000341185
11.43 0.000374606
11.44 0.000406048
11.45 0.000435363
11.46 0.000463002
11.47 0.000489814
11.48 0.000516685
11.49 0.000544186
11.5 0.000572381
11.51 0.00060083
11.52 0.000628634
11.53 0.000654527
11.54 0.000677057
11.55 0.000694693
11.56 0.000706155
11.57 0.000710755
11.58 0.000708253
11.59 0.000698809
11.6 0.000682888
11.61 0.000660721
11.62 0.000632334
11.63 0.000597964
11.64 0.000558112
11.65 0.000513532
11.66 0.000465002
11.67 0.000412974
11.68 0.000357752
11.69 0.000299895
11.7 0.000240216
11.71 0.000179457
11.72 0.000118047
11.73 5.62832e-05
11.74 -5.34369e-06
11.75 -6.59149e-05
11.76 -0.000123857
11.77 -0.000176985
11.78 -0.000223187
11.79 -0.000261378
11.8 -0.000291708
11.81 -0.000315198
11.82 -0.00033367
11.83 -0.000349739
11.84 -0.000366125
11.85 -0.000384564
11.86 -0.000405112
11.87 -0.00042658
11.88 -0.000448069
11.89 -0.000469945
11.9 -0.000493409
11.91 -0.00051982
11.92 -0.000550409
11.93 -0.000586015
11.94 -0.000626694
11.95 -0.000671397
11.96 -0.000717989
11.97 -0.00076391
11.98 -0.000807215
11.99 -0.000847171
12 -0.000884055
12.01 -0.000918492
12.02 -0.000950542
12.03 -0.000979091
12.04 -0.00100232
12.05 -0.00101872
12.06 -0.0010277
12.07 -0.00102949
12.08 -0.00102501
12.09 -0.0010154
12.1 -0.00100192
12.11 -0.000985934
12.12 -0.000968517
12.13 -0.000949766
12.14 -0.000928623
12.15 -0.000903735
12.16 -0.0008744
12.17 -0.000840824
12.18 -0.000803743
12.19 -0.000763707
12.2 -0.000720585
12.21 -0.000673605
12.22 -0.000621759
12.23 -0.000564364
12.24 -0.000501344
12.25 -0.000432978
12.26 -0.000359463
12.27 -0.000280637
12.28 -0.000195993
12.29 -0.00010521
12.3 -9.11976e-06
12.31 8.98345e-05
12.32 0.000188381
12.33 0.000283862
12.34 0.000375009
12.35 0.00046136
12.36 0.000542406
12.37 0.000617747
12.38 0.000687876
12.39 0.000754411
12.4 0.000819429
12.41 0.000884364
12.42 0.000949019
12.43 0.00101118
12.44 0.00106732
12.45 0.00111464
12.46 0.0011533
12.47 0.00118704
12.48 0.00122112
12.49 0.00125897
12.5 0.00129994
12.51 0.00133933
12.52 0.00137077
12.53 0.00138931
12.54 0.00139335
12.55 0.00138487
12.56 0.00136803
12.57 0.00134731
12.58 0.00132605
12.59 0.00130582
12.6 0.00128625
12.61 0.00126531
12.62 0.00124003
12.63 0.00120811
12.64 0.00116907
12.65 0.00112393
12.66 0.00107344
12.67 0.00101686
12.68 0.000952333
12.69 0.000878801
12.7 0.000796679
12.71 0.000706867
12.72 0.000609976
12.73 0.000506914
12.74 0.000399991
12.75 0.000293581
12.76 0.000193011
12.77 0.000101974
12.78 2.17307e-05
12.79 -4.7179e-05
12.8 -0.00010342
12.81 -0.00014534
12.82 -0.000172597
12.83 -0.000186936
12.84 -0.000191773
12.85 -0.000191424
12.86 -0.000190011
12.87 -0.000190135
12.88 -0.00019228
12.89 -0.00019551
12.9 -0.00019874
12.91 -0.000201369
12.92 -0.000203112
12.93 -0.000204021
12.94 -0.000204971
12.95 -0.000207503
12.96 -0.000212724
12.97 -0.000220611
12.98 -0.000230253
12.99 -0.000240378
13 -0.000250014
13.01 -0.000258932
13.02 -0.000267405
13.03 -0.000275869
13.04 -0.000284793
13.05 -0.000294393
13.06 -0.000304545
13.07 -0.000315279
13.08 -0.000327281
13.09 -0.000341839
13.1 -0.000360265
13.11 -0.000383013
13.12 -0.00040907
13.13 -0.000436143
13.14 -0.000461627
13.15 -0.000483865
13.16 -0.000502741
13.17 -0.000519117
13.18 -0.000533883
13.19 -0.000547561
13.2 -0.000560406
13.21 -0.000572676
13.22 -0.000584773
13.23 -0.000596779
13.24 -0.000608141
13.25 -0.000618327
13.26 -0.000627354
13.27 -0.000635658
13.28 -0.00064386
13.29 -0.000652256
13.3 -0.000660435
13.31 -0.000667711
13.32 -0.000673885
13.33 -0.000679589
13.34 -0.000686059
13.35 -0.000694577
13.36 -0.000705901
13.37 -0.000719979
13.38 -0.000736071
13.39 -0.000753215
13.4 -0.000770776
13.41 -0.000788441
13.42 -0.000805742
13.43 -0.000821956
13.44 -0.00083626
13.45 -0.000847881
13.46 -0.000855982
13.47 -0.000858986
13.48 -0.000854814
13.49 -0.000842697
13.5 -0.00082386
13.51 -0.000800144
13.52 -0.000772694
13.53 -0.00074168
13.54 -0.000706693
13.55 -0.00066729
13.56 -0.000623198
13.57 -0.000574418
13.58 -0.000521517
13.59 -0.000465936
13.6 -0.000409978
13.61 -0.000356167
13.62 -0.000305944
13.63 -0.000258784
13.64 -0.000212888
13.65 -0.000166505
13.66 -0.000118591
13.67 -6.91062e-05
13.68 -1.91081e-05
13.69 2.99314e-05
13.7 7.68867e-05
13.71 0.000121083
13.72 0.000162281
13.73 0.000200894
13.74 0.00023787
13.75 0.000273861
13.76 0.000308537
13.77 0.000340874
13.78 0.000369905
13.79 0.000395362
13.8 0.000417919
13.81 0.000438938
13.82 0.000460256
13.83 0.000484032
13.84 0.000512015
13.85 0.000544661
13.86 0.000581063
13.87 0.000619587
13.88 0.000658564
13.89 0.000696455
13.9 0.00073165
13.91 0.00076249
13.92 0.000787325
13.93 0.000804582
13.94 0.000813145
13.95 0.000812618
13.96 0.000803107
13.97 0.00078489
13.98 0.000758248
13.99 0.000723628
14 0.000681922
14.01 0.000634264
14.02 0.000581432
14.03 0.000523732
14.04 0.000461475
14.05 0.000395333
14.06 0.000326454
14.07 0.000256754
14.08 0.000189392
14.09 0.00012862
14.1 7.83651e-05
14.11 4.09461e-05
14.12 1.71995e-05
14.13 7.14187e-06
14.14 1.06057e-05
14.15 2.77075e-05
14.16 5.86782e-05
14.17 0.00010318
14.18 0.000159663
14.19 0.000225405
14.2 0.000297189
14.21 0.000371552
14.22 0.000444498
14.23 0.000511778
14.24 0.000569746
14.25 0.000616219
14.26 0.000651132
14.27 0.000676444
14.28 0.000695096
14.29 0.000709587
14.3 0.000721083
14.31 0.000729647
14.32 0.000734909
14.33 0.00073619
14.34 0.000732333
14.35 0.000722001
14.36 0.000704318
14.37 0.000679477
14.38 0.000648907
14.39 0.000614522
14.4 0.000577922
14.41 0.000540536
14.42 0.000504036
14.43 0.000470187
14.44 0.000440636
14.45 0.000416746
14.46 0.000399092
14.47 0.000387304
14.48 0.000380463
14.49 0.000377472
14.5 0.000377392
14.51 0.000379855
14.52 0.000385079
14.53 0.00039336
14.54 0.000404626
14.55 0.000418117
14.56 0.000432367
14.57 0.000445654
14.58 0.00045646
14.59 0.000463562
14.6 0.000465975
14.61 0.000463001
14.62 0.000454342
14.63 0.000440013
14.64 0.000420032
14.65 0.000394158
14.66 0.000361974
14.67 0.000323156
14.68 0.000277628
14.69 0.00022561
14.7 0.000167726
14.71 0.000105048
14.72 3.8955e-05
14.73 -2.91588e-05
14.74 -9.80389e-05
14.75 -0.000166597
14.76 -0.000233976
14.77 -0.000299436
14.78 -0.000362147
14.79 -0.000421188
14.8 -0.000475781
14.81 -0.000525589
14.82 -0.000570956
14.83 -0.000612869
14.84 -0.000652389
14.85 -0.000690185
14.86 -0.000726683
14.87 -0.000762238
14.88 -0.000796964
14.89 -0.000830584
14.9 -0.000862552
14.91 -0.000892534
14.92 -0.0009207
14.93 -0.000947441
14.94 -0.000973025
14.95 -0.000997522
14.96 -0.0010208
14.97 -0.00104249
14.98 -0.00106214
14.99 -0.0010794
15 -0.00109411
15.01 -0.00110641
15.02 -0.00111664
15.03 -0.00112519
15.04 -0.00113214
15.05 -0.00113723
15.06 -0.00114011
15.07 -0.00114043
15.08 -0.00113761
15.09 -0.00113081
15.1 -0.00111945
15.11 -0.00110352
15.12 -0.0010834
15.13 -0.00105939
15.14 -0.00103143
15.15 -0.000999258
15.16 -0.000962799
15.17 -0.000922368
15.18 -0.000878689
15.19 -0.000832763
15.2 -0.000785715
15.21 -0.00073868
15.22 -0.000692675
15.23 -0.000648412
15.24 -0.000606169
15.25 -0.000565917
15.26 -0.000527624
15.27 -0.000491308
15.28 -0.000456633
15.29 -0.000422818
15.3 -0.00038908
15.31 -0.000354829
15.32 -0.000319549
15.33 -0.000282783
15.34 -0.000244075
15.35 -0.00020294
15.36 -0.000159025
15.37 -0.000112264
15.38 -6.28708e-05
15.39 -1.12059e-05
15.4 4.24154e-05
15.41 9.77231e-05
15.42 0.000154299
15.43 0.000211422
15.44 0.000267994
15.45 0.000322753
15.46 0.000374712
15.47 0.000423348
15.48 0.000468557
15.49 0.000510588
15.5 0.000549642
15.51 0.000585453
15.52 0.000617512
15.53 0.000645464
15.54 0.000669208
15.55 0.000688928
15.56 0.000705185
15.57 0.000718713
15.58 0.000730131
15.59 0.000740106
15.6 0.000749249
15.61 0.000757404
15.62 0.000763719
15.63 0.000767659
15.64 0.000769571
15.65 0.000770529
15.66 0.000771971
15.67 0.000775174
15.68 0.000780757
15.69 0.000788496
15.7 0.000797554
15.71 0.000806933
15.72 0.000815599
15.73 0.000822322
15.74 0.000825913
15.75 0.000825656
15.76 0.000821249
15.77 0.000812505
15.78 0.000799243
15.79 0.000781194
15.8 0.000758019
15.81 0.000729605
15.82 0.000696359
15.83 0.000659111
15.84 0.000618723
15.85 0.000575919
15.86 0.000531403
15.87 0.000485835
15.88 0.000439928
15.89 0.000394659
15.9 0.000350903
15.91 0.000309086
15.92 0.000269489
15.93 0.000232521
15.94 0.000198657
15.95 0.000168199
15.96 0.000141094
15.97 0.0001169
15.98 9.47337e-05
15.99 7.34586e-05
16 5.21977e-05
16.01 3.06291e-05
16.02 8.66633e-06
16.03 -1.39863e-05
16.04 -3.76188e-05
16.05 -6.1946e-05
16.06 -8.59824e-05
16.07 -0.000108272
16.08 -0.000127299
16.09 -0.000142258
16.1 -0.00015336
16.11 -0.000160995
16.12 -0.000165099
16.13 -0.000165446
16.14 -0.000162186
16.15 -0.000156212
16.16 -0.00014904
16.17 -0.000142079
16.18 -0.00013614
16.19 -0.000131743
16.2 -0.000129435
16.21 -0.000129641
16.22 -0.000132499
16.23 -0.000138076
16.24 -0.000146636
16.25 -0.000158468
16.26 -0.000173658
16.27 -0.000192195
16.28 -0.000214126
16.29 -0.000239472
16.3 -0.000268024
16.31 -0.00029922
16.32 -0.000332183
16.33 -0.00036589
16.34 -0.000399273
16.35 -0.000431147
16.36 -0.000460228
16.37 -0.00048531
16.38 -0.000505484
16.39 -0.000520388
16.4 -0.000530156
16.41 -0.000534966
16.42 -0.000534813
16.43 -0.000529523
16.44 -0.000518716
16.45 -0.000502034
16.46 -0.000479454
16.47 -0.000451186
16.48 -0.000417408
16.49 -0.000378216
16.5 -0.000333789
16.51 -0.000284465
16.52 -0.000230546
16.53 -0.000172141
16.54 -0.000109295
16.55 -4.22303e-05
16.56 2.8322e-05
16.57 0.000100993
16.58 0.000174154
16.59 0.000246297
16.6 0.000316111
16.61 0.000382377
16.62 0.000444072
16.63 0.000500594
16.64 0.00055175
16.65 0.000597716
16.66 0.000638971
16.67 0.000676125
16.68 0.000709672
16.69 0.000739421
16.7 0.000764072
16.71 0.000781724
16.72 0.000790682
16.73 0.00079002
16.74 0.000780128
16.75 0.000763
16.76 0.000741661
16.77 0.000719115
16.78 0.00069743
16.79 0.000676712
16.8 0.000654546
16.81 0.000627011
16.82 0.000590529
16.83 0.000543227
16.84 0.000485498
16.85 0.000419577
16.86 0.00034832
16.87 0.000274054
16.88 0.000197965
16.89 0.000119876
16.9 3.85147e-05
16.91 -4.76185e-05
16.92 -0.000139028
16.93 -0.000234421
16.94 -0.000330899
16.95 -0.000424723
16.96 -0.000512289
16.97 -0.00059129
16.98 -0.000661619
16.99 -0.000725374
17 -0.000785862
17.01 -0.000846234
17.02 -0.000908168
17.03 -0.00097063
17.04 -0.00102957
17.05 -0.00107938
17.06 -0.00111552
17.07 -0.00113731
17.08 -0.00114937
17.09 -0.00115987
17.1 -0.00117647
17.11 -0.00120255
17.12 -0.00123508
17.13 -0.0012656
17.14 -0.00128455
17.15 -0.00128604
17.16 -0.0012701
17.17 -0.00124189
17.18 -0.00120919
17.19 -0.00117929
17.2 -0.00115669
17.21 -0.00114185
17.22 -0.00113135
17.23 -0.00111964
17.24 -0.00110171
17.25 -0.00107517
17.26 -0.00104106
17.27 -0.00100299
17.28 -0.000965317
17.29 -0.000931363
17.3 -0.000902267
17.31 -0.000876591
17.32 -0.000850909
17.33 -0.000821217
17.34 -0.000784825
17.35 -0.000741569
17.36 -0.000693387
17.37 -0.000642965
17.38 -0.000592537
17.39 -0.000543022
17.4 -0.000493783
17.41 -0.000443129
17.42 -0.000389152
17.43 -0.00033039
17.44 -0.000266365
17.45 -0.000198029
17.46 -0.000127568
17.47 -5.74287e-05
17.48 1.07733e-05
17.49 7.67612e-05
17.5 0.000141378
17.51 0.000205984
17.52 0.000271647
17.53 0.000338419
17.54 0.000405315
17.55 0.000470746
17.56 0.000533011
17.57 0.000590966
17.58 0.00064443
17.59 0.00069396
17.6 0.000740337
17.61 0.000784112
17.62 0.000825342
17.63 0.000863864
17.64 0.000899908
17.65 0.000934539
17.66 0.000969664
17.67 0.0010074
17.68 0.00104902
17.69 0.00109405
17.7 0.00114016
17.71 0.0011841
17.72 0.00122347
17.73 0.00125777
17.74 0.00128809
17.75 0.00131623
17.76 0.00134372
17.77 0.00137135
17.78 0.00139906
17.79 0.00142608
17.8 0.00145101
17.81 0.00147216
17.82 0.00148797
17.83 0.00149751
17.84 0.00150081
17.85 0.00149875
17.86 0.00149245
17.87 0.00148272
17.88 0.00146972
17.89 0.00145311
17.9 0.00143262
17.91 0.0014083
17.92 0.00138069
17.93 0.00135056
17.94 0.00131851
17.95 0.00128487
17.96 0.00124969
17.97 0.00121277
17.98 0.00117389
17.99 0.00113266
18 0.0010882
18.01 0.00103961
18.02 0.000986898
18.03 0.000930822
18.04 0.000872057
18.05 0.000810866
18.06 0.000747117
18.07 0.000680354
18.08 0.000609962
18.09 0.000535362
18.1 0.000456042
18.11 0.00037153
18.12 0.000281655
18.13 0.000186825
18.14 8.7774e-05
18.15 -1.46577e-05
18.16 -0.000119405
18.17 -0.000225114
18.18 -0.000330102
18.19 -0.000432494
18.2 -0.00053058
18.21 -0.000623023
18.22 -0.000709019
18.23 -0.000788665
18.24 -0.00086327
18.25 -0.000935152
18.26 -0.00100662
18.27 -0.00107834
18.28 -0.00114807
18.29 -0.00121105
18.3 -0.00126285
18.31 -0.00130305
18.32 -0.00133689
18.33 -0.00137254
18.34 -0.0014154
18.35 -0.00146394
18.36 -0.00151025
18.37 -0.00154437
18.38 -0.00155961
18.39 -0.0015554
18.4 -0.00153647
18.41 -0.0015096
18.42 -0.00148067
18.43 -0.00145318
18.44 -0.00142783
18.45 -0.00140265
18.46 -0.00137364
18.47 -0.00133623
18.48 -0.00128718
18.49 -0.00122619
18.5 -0.00115627
18.51 -0.00108241
18.52 -0.0010091
18.53 -0.000938477
18.54 -0.000869776
18.55 -0.000800168
18.56 -0.000726394
18.57 -0.000646425
18.58 -0.000560094
18.59 -0.000468931
18.6 -0.000375623
18.61 -0.000283196
18.62 -0.000194062
18.63 -0.000109334
18.64 -2.91224e-05
18.65 4.658e-05
18.66 0.000117368
18.67 0.000182175
18.68 0.000239295
18.69 0.000286985
18.7 0.000324067
18.71 0.000350238
18.72 0.000366464
18.73 0.000375082
18.74 0.00037899
18.75 0.000380462
18.76 0.000380567
18.77 0.000379246
18.78 0.000375575
18.79 0.000368088
18.8 0.000355404
18.81 0.000337188
18.82 0.000314842
18.83 0.000291262
18.84 0.000269837
18.85 0.000253475
18.86 0.0002438
18.87 0.000240367
18.88 0.000240805
18.89 0.000242174
18.9 0.000242404
18.91 0.000241003
18.92 0.000238869
18.93 0.00023756
18.94 0.000238545
18.95 0.00024253
18.96 0.000249025
18.97 0.000256601
18.98 0.000263691
18.99 0.00026922
19 0.000272921
19.01 0.000275374
19.02 0.000277604
19.03 0.000280553
19.04 0.000284707
19.05 0.000289706
19.06 0.000294187
19.07 0.000296328
19.08 0.000294584
19.09 0.000287984
19.1 0.000276414
19.11 0.000260658
19.12 0.000241774
19.13 0.000220806
19.14 0.000198813
19.15 0.000176493
19.16 0.000154068
19.17 0.000131626
19.18 0.000109516
19.19 8.84058e-05
19.2 6.91075e-05
19.21 5.26112e-05
19.22 4.01279e-05
19.23 3.26508e-05
19.24 3.0433e-05
19.25 3.30644e-05
19.26 3.98906e-05
19.27 5.02282e-05
19.28 6.34249e-05
19.29 7.90179e-05
19.3 9.68338e-05
19.31 0.000116736
19.32 0.00013836
19.33 0.000161138
19.34 0.000184307
19.35 0.000206947
19.36 0.000228246
19.37 0.000247704
19.38 0.000265214
19.39 0.00028117
19.4 0.0002964
19.41 0.000311835
19.42 0.000328226
19.43 0.000346083
19.44 0.000365568
19.45 0.000386417
19.46 0.000408169
19.47 0.000430461
19.48 0.000453017
19.49 0.000475396
19.5 0.000496827
19.51 0.000516452
19.52 0.000533753
19.53 0.000548486
19.54 0.000560239
19.55 0.00056847
19.56 0.000572948
19.57 0.000573747
19.58 0.00057093
19.59 0.000564486
19.6 0.00055442
19.61 0.000540772
19.62 0.000523599
19.63 0.000502948
19.64 0.000478851
19.65 0.00045134
19.66 0.0004205
19.67 0.000386656
19.68 0.000350607
19.69 0.000313555
19.7 0.000276742
19.71 0.000241218
19.72 0.000207948
19.73 0.000177764
19.74 0.000151146
19.75 0.000128291
19.76 0.000109415
19.77 9.49239e-05
19.78 8.53112e-05
19.79 8.10161e-05
19.8 8.23115e-05
19.81 8.91494e-05
19.82 0.000101089
19.83 0.000117327
19.84 0.000136853
19.85 0.000158661
19.86 0.000181733
19.87 0.000204902
19.88 0.000226966
19.89 0.000246986
19.9 0.000264395
19.91 0.000278789
19.92 0.000289645
19.93 0.000296391
19.94 0.000298699
19.95 0.000296545
19.96 0.000290069
19.97 0.000279428
19.98 0.000264762
19.99 0.000246204
20 0.000223767
20.01 0.000197273
20.02 0.000166358
20.03 0.000130724
20.04 9.04648e-05
20.05 4.60514e-05
20.06 -1.78603e-06
20.07 -5.20284e-05
20.08 -0.000103437
20.09 -0.000154744
20.1 -0.000204728
20.11 -0.000252201
20.12 -0.000296067
20.13 -0.000335424
20.14 -0.000369765
20.15 -0.00039916
20.16 -0.00042416
20.17 -0.000445506
20.18 -0.00046401
20.19 -0.000480603
20.2 -0.000496095
20.21 -0.000510681
20.22 -0.000523902
20.23 -0.000535096
20.24 -0.000543749
20.25 -0.000549539
20.26 -0.000552317
20.27 -0.000552244
20.28 -0.00054999
20.29 -0.000546781
20.3 -0.000544106
20.31 -0.000543252
20.32 -0.000545049
20.33 -0.000549816
20.34 -0.00055737
20.35 -0.000566939
20.36 -0.000577077
20.37 -0.000585928
20.38 -0.000591997
20.39 -0.000594753
20.4 -0.000594566
20.41 -0.000592314
20.42 -0.000588835
20.43 -0.000584496
20.44 -0.000579127
20.45 -0.000572166
20.46 -0.000562902
20.47 -0.000550713
20.48 -0.000535285
20.49 -0.000516817
20.5 -0.000496131
20.51 -0.000474512
20.52 -0.000453227
20.53 -0.00043305
20.54 -0.000414153
20.55 -0.000396425
20.56 -0.000379852
20.57 -0.000364533
20.58 -0.000350584
20.59 -0.000338084
20.6 -0.000327053
20.61 -0.000317325
20.62 -0.000308358
20.63 -0.000299366
20.64 -0.000289637
20.65 -0.00027871
20.66 -0.00026639
20.67 -0.000252737
20.68 -0.000237929
20.69 -0.000222046
20.7 -0.00020507
20.71 -0.000186977
20.72 -0.000167529
20.73 -0.00014626
20.74 -0.000122847
20.75 -9.72638e-05
20.76 -6.96336e-05
20.77 -4.00886e-05
20.78 -8.7222e-06
20.79 2.43927e-05
20.8 5.91335e-05
20.81 9.51911e-05
20.82 0.000132054
20.83 0.000169147
20.84 0.000206015
20.85 0.000242397
20.86 0.000278085
20.87 0.000312708
20.88 0.00034569
20.89 0.00037652
20.9 0.000404995
20.91 0.000430901
20.92 0.000453539
20.93 0.000471892
20.94 0.000485114
20.95 0.000492709
20.96 0.000494446
20.97 0.000490375
20.98 0.000480982
20.99 0.000467066
21 0.000449322
21.01 0.000428148
21.02 0.000403763
21.03 0.000376376
21.04 0.000346224
21.05 0.000313445
21.06 0.000278055
21.07 0.000240131
21.08 0.000199905
21.09 0.000157601
21.1 0.000113311
21.11 6.69761e-05
21.12 1.85563e-05
21.13 -3.17535e-05
21.14 -8.35329e-05
21.15 -0.000136087
21.16 -0.000188346
21.17 -0.000239099
21.18 -0.000287172
21.19 -0.00033145
21.2 -0.000371368
21.21 -0.000407242
21.22 -0.000439709
21.23 -0.000469066
21.24 -0.000495179
21.25 -0.000517778
21.26 -0.000536867
21.27 -0.00055264
21.28 -0.000565087
21.29 -0.000574355
21.3 -0.000581346
21.31 -0.000587674
21.32 -0.000595038
21.33 -0.000604241
21.34 -0.000614741
21.35 -0.000625198
21.36 -0.000634015
21.37 -0.000639526
21.38 -0.000640467
21.39 -0.000636558
21.4 -0.000628555
21.41 -0.000617596
21.42 -0.000604404
21.43 -0.000588878
21.44 -0.000570247
21.45 -0.000547694
21.46 -0.00052078
21.47 -0.000489339
21.48 -0.000453289
21.49 -0.000412754
21.5 -0.000368359
21.51 -0.000321131
21.52 -0.000271951
21.53 -0.000221087
21.54 -0.000168294
21.55 -0.000113409
21.56 -5.66722e-05
21.57 1.32327e-06
21.58 5.95597e-05
21.59 0.000116633
21.6 0.000171181
21.61 0.000222236
21.62 0.000269247
21.63 0.000312013
21.64 0.000350663
21.65 0.00038559
21.66 0.000417081
21.67 0.000445101
21.68 0.000469606
21.69 0.000490758
21.7 0.000508766
21.71 0.000523891
21.72 0.000536764
21.73 0.000548598
21.74 0.000561017
21.75 0.000575576
21.76 0.000593248
21.77 0.000614041
21.78 0.00063684
21.79 0.000659833
21.8 0.000681417
21.81 0.000700792
21.82 0.000717978
21.83 0.000733525
21.84 0.000748116
21.85 0.000762104
21.86 0.000775141
21.87 0.000786381
21.88 0.00079496
21.89 0.000800144
21.9 0.000801448
21.91 0.000798805
21.92 0.000792621
21.93 0.000783778
21.94 0.000773301
21.95 0.000761726
21.96 0.000748838
21.97 0.000733961
21.98 0.000716449
21.99 0.000696056
22 0.000672961
22.01 0.000647417
22.02 0.000619583
22.03 0.000589623
22.04 0.000557563
22.05 0.000523188
22.06 0.000486171
22.07 0.00044626
22.08 0.000403397
22.09 0.000357742
22.1 0.000309733
22.11 0.000259971
22.12 0.000208935
22.13 0.000156992
22.14 0.000104495
22.15 5.15774e-05
22.16 -1.87382e-06
22.17 -5.57698e-05
22.18 -0.000109585
22.19 -0.0001626
22.2 -0.00021409
22.21 -0.000263448
22.22 -0.00031035
22.23 -0.00035466
22.24 -0.000396279
22.25 -0.000435257
22.26 -0.000471689
22.27 -0.000505447
22.28 -0.000536378
22.29 -0.000564618
22.3 -0.000590338
22.31 -0.000613562
22.32 -0.000634507
22.33 -0.000653804
22.34 -0.000672418
22.35 -0.000691239
22.36 -0.000710441
22.37 -0.000729444
22.38 -0.000747375
22.39 -0.000763295
22.4 -0.000776435
22.41 -0.0007865
22.42 -0.000793792
22.43 -0.000799043
22.44 -0.000802911
22.45 -0.000805575
22.46 -0.000806791
22.47 -0.000806107
22.48 -0.00080304
22.49 -0.000797228
22.5 -0.000788571
22.51 -0.000777297
22.52 -0.000763907
22.53 -0.000749008
22.54 -0.000733208
22.55 -0.000717072
22.56 -0.000700809
22.57 -0.000684028
22.58 -0.000666211
22.59 -0.000647386
22.6 -0.000628145
22.61 -0.000609022
22.62 -0.000589986
22.63 -0.000570674
22.64 -0.000550926
22.65 -0.000530689
22.66 -0.000509617
22.67 -0.000487184
22.68 -0.000463056
22.69 -0.0004373
22.7 -0.000410098
22.71 -0.000381353
22.72 -0.000350712
22.73 -0.000317824
22.74 -0.000282519
22.75 -0.000244676
22.76 -0.000204176
22.77 -0.000161158
22.78 -0.000115991
22.79 -6.90865e-05
22.8 -2.10142e-05
22.81 2.74764e-05
22.82 7.57431e-05
22.83 0.000123443
22.84 0.000170271
22.85 0.000215687
22.86 0.000259193
22.87 0.000300579
22.88 0.000339749
22.89 0.000376611
22.9 0.000411146
22.91 0.000443455
22.92 0.00047381
22.93 0.000502694
22.94 0.000530569
22.95 0.000557499
22.96 0.000583233
22.97 0.000607585
22.98 0.00063051
22.99 0.000651819
23 0.000671062
23.01 0.000687878
23.02 0.000702333
23.03 0.000714615
23.04 0.00072458
23.05 0.000731773
23.06 0.000735734
23.07 0.000736278
23.08 0.000733665
23.09 0.000728374
23.1 0.000720637
23.11 0.000710383
23.12 0.000697585
23.13 0.000682395
23.14 0.000665008
23.15 0.000645526
23.16 0.000624006
23.17 0.000600695
23.18 0.000576073
23.19 0.000550494
23.2 0.000523988
23.21 0.00049649
23.22 0.000467972
23.23 0.000438303
23.24 0.000407282
23.25 0.000374989
23.26 0.000341853
23.27 0.000308355
23.28 0.000274933
23.29 0.000241957
23.3 0.000209534
23.31 0.000177645
23.32 0.00014655
23.33 0.000116647
23.34 8.8121e-05
23.35 6.10064e-05
23.36 3.5301e-05
23.37 1.08829e-05
23.38 -1.23372e-05
23.39 -3.42553e-05
23.4 -5.48071e-05
23.41 -7.41407e-05
23.42 -9.23591e-05
23.43 -0.000109243
23.44 -0.000124323
23.45 -0.000137193
23.46 -0.000147693
23.47 -0.000155752
23.48 -0.000161295
23.49 -0.000164417
23.5 -0.000165377
23.51 -0.000164352
23.52 -0.000161383
23.53 -0.000156643
23.54 -0.000150517
23.55 -0.000143313
23.56 -0.000135096
23.57 -0.000125874
23.58 -0.000115732
23.59 -0.000104752
23.6 -9.29492e-05
23.61 -8.03853e-05
23.62 -6.72765e-05
23.63 -5.37509e-05
23.64 -3.97167e-05
23.65 -2.52061e-05
23.66 -1.04571e-05
23.67 4.41537e-06
23.68 1.95461e-05
23.69 3.50217e-05
23.7 5.06302e-05
23.71 6.59887e-05
23.72 8.07596e-05
23.73 9.47824e-05
23.74 0.000107937
23.75 0.000119968
23.76 0.000130621
23.77 0.000139754
23.78 0.000147231
23.79 0.000152823
23.8 0.000156292
23.81 0.000157465
23.82 0.000156153
23.83 0.000152185
23.84 0.000145625
23.85 0.000136742
23.86 0.000125671
23.87 0.000112259
23.88 9.62375e-05
23.89 7.75299e-05
23.9 5.63423e-05
23.91 3.29836e-05
23.92 7.67115e-06
23.93 -1.94699e-05
23.94 -4.82554e-05
23.95 -7.8386e-05
23.96 -0.000109569
23.97 -0.000141645
23.98 -0.000174513
23.99 -0.000207879
24 -0.000241282
24.01 -0.000274351
24.02 -0.000306746
24.03 -0.000338061
24.04 -0.000368014
24.05 -0.000396497
24.06 -0.000423454
24.07 -0.000448795
24.08 -0.000472481
24.09 -0.000494488
24.1 -0.000514678
24.11 -0.000533042
24.12 -0.000550001
24.13 -0.000566083
24.14 -0.000581412
24.15 -0.000595773
24.16 -0.000608935
24.17 -0.000620518
24.18 -0.000629667
24.19 -0.000635351
24.2 -0.000637046
24.21 -0.000634903
24.22 -0.000629299
24.23 -0.000620438
24.24 -0.000608326
24.25 -0.000592895
24.26 -0.000574101
24.27 -0.000551885
24.28 -0.000526096
24.29 -0.000496567
24.3 -0.000463241
24.31 -0.000426089
24.32 -0.000385176
24.33 -0.000340959
24.34 -0.000294095
24.35 -0.000244791
24.36 -0.000192743
24.37 -0.000137837
24.38 -8.04757e-05
24.39 -2.12314e-05
24.4 3.94427e-05
24.41 0.000101149
24.42 0.000163404
24.43 0.000225603
24.44 0.000287114
24.45 0.000347431
24.46 0.000406248
24.47 0.000463355
24.48 0.000518528
24.49 0.000571728
24.5 0.000623153
24.51 0.000672822
24.52 0.000720437
24.53 0.0007657
24.54 0.000808403
24.55 0.000848432
24.56 0.00088607
24.57 0.000922182
24.58 0.000957867
24.59 0.000993694
24.6 0.00102913
24.61 0.00106256
24.62 0.00109188
24.63 0.00111532
24.64 0.00113209
24.65 0.00114244
24.66 0.00114725
24.67 0.00114773
24.68 0.00114514
24.69 0.00113995
24.7 0.00113172
24.71 0.00111972
24.72 0.00110345
24.73 0.0010826
24.74 0.00105718
24.75 0.00102773
24.76 0.000995371
24.77 0.00096123
24.78 0.00092582
24.79 0.000889003
24.8 0.00085044
24.81 0.000809992
24.82 0.000767816
24.83 0.000724257
24.84 0.000679896
24.85 0.000635472
24.86 0.000591548
24.87 0.000548481
24.88 0.000506502
24.89 0.000465456
24.9 0.000424871
24.91 0.000384435
24.92 0.000344194
24.93 0.000304441
24.94 0.000265566
24.95 0.000227841
24.96 0.000191316
24.97 0.000155963
24.98 0.000121731
24.99 8.8461e-05
25 5.59638e-05
25.01 2.42509e-05
25.02 -6.23525e-06
25.03 -3.47232e-05
25.04 -6.05545e-05
25.05 -8.34662e-05
25.06 -0.000103494
25.07 -0.000120857
25.08 -0.00013604
25.09 -0.000149685
25.1 -0.000162293
25.11 -0.000174166
25.12 -0.000185452
25.13 -0.000196298
25.14 -0.000207064
25.15 -0.000218373
25.16 -0.000231132
25.17 -0.000246269
25.18 -0.000264217
25.19 -0.000284976
25.2 -0.000308395
25.21 -0.000334119
25.22 -0.000361598
25.23 -0.000390359
25.24 -0.000420201
25.25 -0.000451128
25.26 -0.0004832
25.27 -0.000516281
25.28 -0.000549854
25.29 -0.000583065
25.3 -0.000614915
25.31 -0.000644668
25.32 -0.000672088
25.33 -0.000697213
25.34 -0.000720122
25.35 -0.000740936
25.36 -0.000759922
25.37 -0.000777551
25.38 -0.00079425
25.39 -0.000810009
25.4 -0.000824451
25.41 -0.000837303
25.42 -0.000848605
25.43 -0.000858449
25.44 -0.000866748
25.45 -0.000873465
25.46 -0.000878649
25.47 -0.000882275
25.48 -0.000884269
25.49 -0.00088448
25.5 -0.000882812
25.51 -0.000879418
25.52 -0.000874391
25.53 -0.000867474
25.54 -0.000858417
25.55 -0.000847413
25.56 -0.000834849
25.57 -0.000820897
25.58 -0.000805495
25.59 -0.000788532
25.6 -0.000769978
25.61 -0.000749925
25.62 -0.000728583
25.63 -0.00070629
25.64 -0.000683351
25.65 -0.000659924
25.66 -0.000636022
25.67 -0.00061145
25.68 -0.000585992
25.69 -0.000559737
25.7 -0.000532894
25.71 -0.000505468
25.72 -0.000477437
25.73 -0.000449047
25.74 -0.000420744
25.75 -0.000392851
25.76 -0.000365365
25.77 -0.00033812
25.78 -0.000311079
25.79 -0.000284415
25.8 -0.000258407
25.81 -0.000233282
25.82 -0.000209011
25.83 -0.000185386
25.84 -0.000162333
25.85 -0.00013986
25.86 -0.000117915
25.87 -9.65355e-05
25.88 -7.59182e-05
25.89 -5.62263e-05
25.9 -3.76224e-05
25.91 -2.03982e-05
25.92 -4.8614e-06
25.93 8.81448e-06
25.94 2.07384e-05
25.95 3.12357e-05
25.96 4.04964e-05
25.97 4.84621e-05
25.98 5.51183e-05
25.99 6.07137e-05
26 6.54967e-05
26.01 6.94246e-05
26.02 7.23324e-05
26.03 7.41615e-05
26.04 7.50468e-05
26.05 7.53124e-05
26.06 7.51847e-05
26.07 7.45741e-05
26.08 7.3231e-05
26.09 7.09505e-05
26.1 6.76165e-05
26.11 6.31706e-05
26.12 5.75867e-05
26.13 5.08542e-05
26.14 4.30056e-05
26.15 3.42406e-05
26.16 2.48929e-05
26.17 1.50728e-05
26.18 4.60229e-06
26.19 -6.55642e-06
26.2 -1.81744e-05
26.21 -2.99536e-05
26.22 -4.15774e-05
26.23 -5.28005e-05
26.24 -6.34109e-05
26.25 -7.31106e-05
26.26 -8.18036e-05
26.27 -8.96914e-05
26.28 -9.68355e-05
26.29 -0.000103052
26.3 -0.000108262
26.31 -0.000112468
26.32 -0.000115472
26.33 -0.000117066
26.34 -0.000117316
26.35 -0.000116435
26.36 -0.000114635
26.37 -0.000112119
26.38 -0.00010902
26.39 -0.000105317
26.4 -0.000100872
26.41 -9.55939e-05
26.42 -8.954e-05
26.43 -8.28652e-05
26.44 -7.5724e-05
26.45 -6.82184e-05
26.46 -6.03743e-05
26.47 -5.21391e-05
26.48 -4.34023e-05
26.49 -3.40222e-05
26.5 -2.38739e-05
26.51 -1.28998e-05
26.52 -1.12077e-06
26.53 1.13839e-05
26.54 2.45187e-05
26.55 3.82232e-05
26.56 5.2473e-05
26.57 6.72033e-05
26.58 8.22876e-05
26.59 9.76305e-05
26.6 0.000113252
26.61 0.00012929
26.62 0.000145972
26.63 0.000163541
26.64 0.000182014
26.65 0.000201099
26.66 0.000220554
26.67 0.000240391
26.68 0.000260692
26.69 0.000281518
26.7 0.000302772
26.71 0.000324095
26.72 0.000345162
26.73 0.000366026
26.74 0.000386946
26.75 0.00040787
26.76 0.000428287
26.77 0.000447657
26.78 0.000465784
26.79 0.000482752
26.8 0.000498607
26.81 0.000513059
26.82 0.000525615
26.83 0.000535982
26.84 0.000544035
26.85 0.000549589
26.86 0.000552524
26.87 0.000552712
26.88 0.000549943
26.89 0.000544237
26.9 0.000535922
26.91 0.00052531
26.92 0.000512512
26.93 0.000497501
26.94 0.000480233
26.95 0.000460728
26.96 0.000439107
26.97 0.000415571
26.98 0.000390421
26.99 0.000364048
27 0.000336769
27.01 0.000308748
27.02 0.00028009
27.03 0.000250934
27.04 0.000221471
27.05 0.000191858
27.06 0.000162207
27.07 0.000132688
27.08 0.000103547
27.09 7.50257e-05
27.1 4.72837e-05
27.11 2.03757e-05
27.12 -5.71097e-06
27.13 -3.09972e-05
27.14 -5.54647e-05
27.15 -7.90356e-05
27.16 -0.000101488
27.17 -0.000122436
27.18 -0.000141652
27.19 -0.000159321
27.2 -0.000175808
27.21 -0.000191323
27.22 -0.000205908
27.23 -0.000219569
27.24 -0.000232416
27.25 -0.000244724
27.26 -0.000256807
27.27 -0.00026885
27.28 -0.000280871
27.29 -0.000292824
27.3 -0.000304755
27.31 -0.000316775
27.32 -0.000328887
27.33 -0.000340899
27.34 -0.000352503
27.35 -0.000363402
27.36 -0.000373378
27.37 -0.000382201
27.38 -0.000389597
27.39 -0.000395358
27.4 -0.000399348
27.41 -0.000401425
27.42 -0.000401541
27.43 -0.000399735
27.44 -0.000395986
27.45 -0.000390197
27.46 -0.000382282
27.47 -0.000372234
27.48 -0.000360133
27.49 -0.000346062
27.5 -0.000330162
27.51 -0.000312683
27.52 -0.000293665
27.53 -0.000272818
27.54 -0.000249981
27.55 -0.000225237
27.56 -0.000198539
27.57 -0.000169791
27.58 -0.000139181
27.59 -0.000107087
27.6 -7.37816e-05
27.61 -3.94014e-05
27.62 -4.0378e-06
27.63 3.2188e-05
27.64 6.9111e-05
27.65 0.000106609
27.66 0.000144653
27.67 0.000183174
27.68 0.000221882
27.69 0.00026031
27.7 0.000298187
27.71 0.000335586
27.72 0.000372616
27.73 0.000409233
27.74 0.00044532
27.75 0.000480752
27.76 0.000515394
27.77 0.000549098
27.78 0.000581707
27.79 0.000613022
27.8 0.000642774
27.81 0.000670753
27.82 0.000697033
27.83 0.000721917
27.84 0.000745535
27.85 0.000767729
27.86 0.000788301
27.87 0.000807021
27.88 0.000823594
27.89 0.000837798
27.9 0.000849494
27.91 0.000858527
27.92 0.000864845
27.93 0.000868646
27.94 0.000870204
27.95 0.000869636
27.96 0.000866823
27.97 0.000861457
27.98 0.000853321
27.99 0.000842518
28 0.000829337
28.01 0.000814078
28.02 0.00079708
28.03 0.000778719
28.04 0.000759348
28.05 0.000739166
28.06 0.000718122
28.07 0.000696141
28.08 0.000673312
28.09 0.000649754
28.1 0.000625513
28.11 0.000600658
28.12 0.000575426
28.13 0.000550132
28.14 0.000524838
28.15 0.000499289
28.16 0.000473269
28.17 0.000446826
28.18 0.000420135
28.19 0.000393369
28.2 0.000366677
28.21 0.0003402
28.22 0.000314076
28.23 0.000288362
28.24 0.000262925
28.25 0.000237511
28.26 0.000211859
28.27 0.000185825
28.28 0.000159401
28.29 0.000132572
28.3 0.000105303
28.31 7.76031e-05
28.32 4.94843e-05
28.33 2.08935e-05
28.34 -8.13246e-06
28.35 -3.73171e-05
28.36 -6.63486e-05
28.37 -9.49706e-05
28.38 -0.000122883
28.39 -0.000149832
28.4 -0.000175664
28.41 -0.000200272
28.42 -0.00022361
28.43 -0.000245686
28.44 -0.000266629
28.45 -0.000286663
28.46 -0.000305833
28.47 -0.00032402
28.48 -0.000341329
28.49 -0.000358041
28.5 -0.00037429
28.51 -0.000390192
28.52 -0.000405942
28.53 -0.000421525
28.54 -0.000436656
28.55 -0.000451067
28.56 -0.00046462
28.57 -0.000477137
28.58 -0.000488229
28.59 -0.000497533
28.6 -0.000505036
28.61 -0.000510946
28.62 -0.000515339
28.63 -0.000518084
28.64 -0.000519029
28.65 -0.000518268
28.66 -0.000516164
28.67 -0.000513058
28.68 -0.00050919
28.69 -0.000504775
28.7 -0.000499882
28.71 -0.000494458
28.72 -0.000488523
28.73 -0.000482202
28.74 -0.000475561
28.75 -0.000468443
28.76 -0.000460514
28.77 -0.000451583
28.78 -0.000441709
28.79 -0.000430972
28.8 -0.000419333
28.81 -0.000406757
28.82 -0.000393305
28.83 -0.000379047
28.84 -0.000364037
28.85 -0.000348429
28.86 -0.000332446
28.87 -0.000316242
28.88 -0.000299957
28.89 -0.00028377
28.9 -0.00026779
28.91 -0.000252087
28.92 -0.00023679
28.93 -0.000222045
28.94 -0.000207949
28.95 -0.000194531
28.96 -0.000181652
28.97 -0.000168989
28.98 -0.000156295
28.99 -0.000143541
29 -0.000130728
29.01 -0.000117773
29.02 -0.000104639
29.03 -9.13956e-05
29.04 -7.80928e-05
29.05 -6.47442e-05
29.06 -5.15336e-05
29.07 -3.88137e-05
29.08 -2.67076e-05
29.09 -1.51365e-05
29.1 -4.3263e-06
29.11 5.22452e-06
29.12 1.32755e-05
29.13 1.99478e-05
29.14 2.5392e-05
29.15 2.96138e-05
29.16 3.25301e-05
29.17 3.40624e-05
29.18 3.42406e-05
29.19 3.32688e-05
29.2 3.13586e-05
29.21 2.85322e-05
29.22 2.48071e-05
29.23 2.03795e-05
29.24 1.542e-05
29.25 9.93921e-06
29.26 3.92693e-06
29.27 -2.56237e-06
29.28 -9.46355e-06
29.29 -1.68074e-05
29.3 -2.48358e-05
29.31 -3.38783e-05
29.32 -4.4002e-05
29.33 -5.4988e-05
29.34 -6.66675e-05
29.35 -7.90882e-05
29.36 -9.23911e-05
29.37 -0.000106658
29.38 -0.000121878
29.39 -0.000137984
29.4 -0.000154911
29.41 -0.000172602
29.42 -0.000190889
29.43 -0.000209472
29.44 -0.00022811
29.45 -0.000246683
29.46 -0.000265145
29.47 -0.000283567
29.48 -0.000302053
29.49 -0.000320528
29.5 -0.000338728
29.51 -0.000356444
29.52 -0.000373565
29.53 -0.000389794
29.54 -0.00040482
29.55 -0.00041876
29.56 -0.000431921
29.57 -0.00044442
29.58 -0.000456403
29.59 -0.00046805
29.6 -0.000479224
29.61 -0.000489543
29.62 -0.000498753
29.63 -0.000506855
29.64 -0.000513984
29.65 -0.000520288
29.66 -0.000525871
29.67 -0.000530776
29.68 -0.000534962
29.69 -0.000538317
29.7 -0.000540684
29.71 -0.000541914
29.72 -0.000541937
29.73 -0.000540904
29.74 -0.000539272
29.75 -0.00053753
29.76 -0.000535774
29.77 -0.000533813
29.78 -0.000531593
29.79 -0.000529213
29.8 -0.000526778
29.81 -0.000524363
29.82 -0.000521881
29.83 -0.00051917
29.84 -0.000516299
29.85 -0.00051343
29.86 -0.000510513
29.87 -0.000507405
29.88 -0.000503976
29.89 -0.000500002
29.9 -0.000495219
29.91 -0.000489515
29.92 -0.000482993
29.93 -0.000475739
29.94 -0.000467521
29.95 -0.000458044
29.96 -0.000447263
29.97 -0.000435153
29.98 -0.000421624
29.99 -0.000406678
30 -0.000390322
30.01 -0.00037252
30.02 -0.000353266
30.03 -0.000332571
30.04 -0.000310422
30.05 -0.000286667
30.06 -0.000261155
30.07 -0.000233927
30.08 -0.000205022
30.09 -0.00017447
30.1 -0.000142506
30.11 -0.000109439
30.12 -7.53213e-05
30.13 -3.98976e-05
30.14 -3.00428e-06
30.15 3.51401e-05
30.16 7.42165e-05
30.17 0.000114061
30.18 0.000154492
30.19 0.000195121
30.2 0.00023548
30.21 0.00027534
30.22 0.000314736
30.23 0.000353762
30.24 0.000392506
30.25 0.000430995
30.26 0.000469108
30.27 0.000506769
30.28 0.000544074
30.29 0.000581134
30.3 0.000618084
30.31 0.000655071
30.32 0.000692193
30.33 0.000729688
30.34 0.000767885
30.35 0.000806769
30.36 0.000845912
30.37 0.000884736
30.38 0.000922703
30.39 0.000959447
30.4 0.000994591
30.41 0.00102748
30.42 0.00105756
30.43 0.00108466
30.44 0.0011087
30.45 0.00112951
30.46 0.00114695
30.47 0.00116104
30.48 0.00117184
30.49 0.00117932
30.5 0.00118341
30.51 0.00118406
30.52 0.00118135
30.53 0.00117543
30.54 0.00116663
30.55 0.00115524
30.56 0.00114147
30.57 0.00112534
30.58 0.00110674
30.59 0.00108555
30.6 0.0010618
30.61 0.00103557
30.62 0.00100701
30.63 0.000976396
30.64 0.000944003
30.65 0.000909886
30.66 0.000873886
30.67 0.000835849
30.68 0.000795764
30.69 0.000753798
30.7 0.000710251
30.71 0.000665345
30.72 0.000619127
30.73 0.000571544
30.74 0.00052259
30.75 0.000472511
30.76 0.000421683
30.77 0.000370244
30.78 0.000318188
30.79 0.000265742
30.8 0.000213388
30.81 0.000161625
30.82 0.000110845
30.83 6.13363e-05
30.84 1.33518e-05
30.85 -3.28223e-05
30.86 -7.68698e-05
30.87 -0.000118527
30.88 -0.000157647
30.89 -0.000194217
30.9 -0.000228384
30.91 -0.000260477
30.92 -0.000290745
30.93 -0.000319169
30.94 -0.000345773
30.95 -0.000370887
30.96 -0.000394902
30.97 -0.000418007
30.98 -0.000440129
30.99 -0.000461125
31 -0.000481159
31.01 -0.000500754
31.02 -0.000520364
31.03 -0.000540055
31.04 -0.000559592
31.05 -0.00057848
31.06 -0.000595959
31.07 -0.00061131
31.08 -0.000624074
31.09 -0.000634016
31.1 -0.000641277
31.11 -0.000646379
31.12 -0.00064974
31.13 -0.000651401
31.14 -0.000651211
31.15 -0.000648955
31.16 -0.000644495
31.17 -0.000637921
31.18 -0.000629474
31.19 -0.000619431
31.2 -0.000608147
31.21 -0.000596078
31.22 -0.000583541
31.23 -0.000570628
31.24 -0.000557374
31.25 -0.00054367
31.26 -0.000529128
31.27 -0.000513398
31.28 -0.000496452
31.29 -0.000478414
31.3 -0.000459368
31.31 -0.000439374
31.32 -0.000418511
31.33 -0.000396862
31.34 -0.000374482
31.35 -0.000351272
31.36 -0.000327072
31.37 -0.000301963
31.38 -0.000276219
31.39 -0.000250052
31.4 -0.000223608
31.41 -0.000197054
31.42 -0.000170566
31.43 -0.000144309
31.44 -0.000118493
31.45 -9.32517e-05
31.46 -6.85131e-05
31.47 -4.42117e-05
31.48 -2.03994e-05
31.49 2.88392e-06
31.5 2.55697e-05
31.51 4.74957e-05
31.52 6.86629e-05
31.53 8.94492e-05
31.54 0.000110276
31.55 0.000131182
31.56 0.000151945
31.57 0.000172322
31.58 0.00019194
31.59 0.000210132
31.6 0.00022612
31.61 0.000239442
31.62 0.000250134
31.63 0.000258514
31.64 0.000264801
31.65 0.000268913
31.66 0.000270621
31.67 0.000269901
31.68 0.000266933
31.69 0.000261884
31.7 0.000255013
31.71 0.000246823
31.72 0.000237847
31.73 0.00022843
31.74 0.000218822
31.75 0.000209198
31.76 0.000199481
31.77 0.000189535
31.78 0.000179579
31.79 0.000170101
31.8 0.00016136
31.81 0.000153289
31.82 0.00014579
31.83 0.000138834
31.84 0.000132373
31.85 0.000126278
31.86 0.000120354
31.87 0.000114422
31.88 0.000108322
31.89 0.000101901
31.9 9.51993e-05
31.91 8.84926e-05
31.92 8.19009e-05
31.93 7.5217e-05
31.94 6.81733e-05
31.95 6.06557e-05
31.96 5.26863e-05
31.97 4.43628e-05
31.98 3.58522e-05
31.99 2.72688e-05
32 1.84755e-05
32.01 9.17849e-06
32.02 -8.32477e-07
32.03 -1.1655e-05
32.04 -2.33148e-05
32.05 -3.58548e-05
32.06 -4.9443e-05
32.07 -6.42332e-05
32.08 -8.01203e-05
32.09 -9.68326e-05
32.1 -0.000114299
32.11 -0.000132734
32.12 -0.000152302
32.13 -0.00017276
32.14 -0.000193581
32.15 -0.000214386
32.16 -0.000235026
32.17 -0.000255371
32.18 -0.000275206
32.19 -0.000294276
32.2 -0.000312365
32.21 -0.000329333
32.22 -0.00034507
32.23 -0.000359392
32.24 -0.000372079
32.25 -0.00038306
32.26 -0.00039234
32.27 -0.000399757
32.28 -0.000405134
32.29 -0.000408568
32.3 -0.000410323
32.31 -0.000410537
32.32 -0.000409109
32.33 -0.000405828
32.34 -0.000400587
32.35 -0.000393523
32.36 -0.000384899
32.37 -0.000374828
32.38 -0.000363296
32.39 -0.000350468
32.4 -0.000336682
32.41 -0.000322104
32.42 -0.000306576
32.43 -0.000289812
32.44 -0.000271676
32.45 -0.000252288
32.46 -0.000231924
32.47 -0.000210821
32.48 -0.000189114
32.49 -0.00016688
32.5 -0.000144191
32.51 -0.000121112
32.52 -9.76985e-05
32.53 -7.40136e-05
32.54 -5.01481e-05
32.55 -2.62384e-05
32.56 -2.45797e-06
32.57 2.102e-05
32.58 4.40726e-05
32.59 6.66667e-05
32.6 8.88507e-05
32.61 0.0001107
32.62 0.000132263
32.63 0.00015354
32.64 0.000174476
32.65 0.00019494
32.66 0.000214802
32.67 0.000234092
32.68 0.000252933
32.69 0.000271367
32.7 0.000289437
32.71 0.000307299
32.72 0.000325113
32.73 0.000342928
32.74 0.00036068
32.75 0.000378232
32.76 0.000395405
32.77 0.000411997
32.78 0.000427807
32.79 0.000442707
32.8 0.000456665
32.81 0.000469652
32.82 0.000481541
32.83 0.000492098
32.84 0.000501097
32.85 0.000508418
32.86 0.000514018
32.87 0.000517913
32.88 0.000520233
32.89 0.000521151
32.9 0.000520667
32.91 0.000518605
32.92 0.000514838
32.93 0.000509386
32.94 0.000502392
32.95 0.000494073
32.96 0.000484548
32.97 0.000473782
32.98 0.000461748
32.99 0.000448505
33 0.000434082
33.01 0.000418414
33.02 0.000401409
33.03 0.000383092
33.04 0.000363584
33.05 0.000342974
33.06 0.000321347
33.07 0.000298839
33.08 0.000275562
33.09 0.000251556
33.1 0.000226839
33.11 0.000201423
33.12 0.000175339
33.13 0.000148741
33.14 0.000121869
33.15 9.49171e-05
33.16 6.7997e-05
33.17 4.12156e-05
33.18 1.47061e-05
33.19 -1.1477e-05
33.2 -3.74085e-05
33.21 -6.31453e-05
33.22 -8.85772e-05
33.23 -0.00011348
33.24 -0.000137672
33.25 -0.000161078
33.26 -0.000183682
33.27 -0.000205444
33.28 -0.000226327
33.29 -0.000246369
33.3 -0.000265601
33.31 -0.000283959
33.32 -0.000301404
33.33 -0.000317993
33.34 -0.000333773
33.35 -0.0003487
33.36 -0.0003627
33.37 -0.000375807
33.38 -0.000388137
33.39 -0.000399732
33.4 -0.000410544
33.41 -0.000420526
33.42 -0.000429593
33.43 -0.000437596
33.44 -0.000444404
33.45 -0.000449941
33.46 -0.000454169
33.47 -0.000457067
33.48 -0.00045862
33.49 -0.000458812
33.5 -0.00045759
33.51 -0.000454851
33.52 -0.000450487
33.53 -0.00044445
33.54 -0.000436776
33.55 -0.000427517
33.56 -0.000416676
33.57 -0.000404252
33.58 -0.000390296
33.59 -0.000374898
33.6 -0.000358119
33.61 -0.000339998
33.62 -0.000320599
33.63 -0.000299989
33.64 -0.000278269
33.65 -0.000255623
33.66 -0.000232247
33.67 -0.000208249
33.68 -0.000183684
33.69 -0.000158625
33.7 -0.000133198
33.71 -0.000107557
33.72 -8.1848e-05
33.73 -5.62106e-05
33.74 -3.07748e-05
33.75 -5.65124e-06
33.76 1.90654e-05
33.77 4.32942e-05
33.78 6.69733e-05
33.79 9.00738e-05
33.8 0.000112595
33.81 0.000134513
33.82 0.000155755
33.83 0.000176247
33.84 0.000195952
33.85 0.000214875
33.86 0.000233039
33.87 0.000250455
33.88 0.0002671
33.89 0.000282941
33.9 0.000297962
33.91 0.000312161
33.92 0.000325513
33.93 0.000337967
33.94 0.00034946
33.95 0.000359935
33.96 0.000369332
33.97 0.000377591
33.98 0.000384638
33.99 0.000390387
34 0.000394744
34.01 0.000397609
34.02 0.000398907
34.03 0.000398619
34.04 0.000396757
34.05 0.000393323
34.06 0.000388309
34.07 0.000381734
34.08 0.000373632
34.09 0.000364039
34.1 0.000352981
34.11 0.000340495
34.12 0.000326647
34.13 0.000311524
34.14 0.000295219
34.15 0.000277824
34.16 0.000259427
34.17 0.000240118
34.18 0.000219986
34.19 0.000199127
34.2 0.000177638
34.21 0.00015562
34.22 0.000133184
34.23 0.000110451
34.24 8.75339e-05
34.25 6.45275e-05
34.26 4.15151e-05
34.27 1.85802e-05
34.28 -4.1942e-06
34.29 -2.67313e-05
34.3 -4.89602e-05
34.31 -7.08146e-05
34.32 -9.22335e-05
34.33 -0.000113165
34.34 -0.000133568
34.35 -0.000153409
34.36 -0.000172658
34.37 -0.000191293
34.38 -0.000209297
34.39 -0.000226649
34.4 -0.000243321
34.41 -0.000259282
34.42 -0.000274499
34.43 -0.000288935
34.44 -0.000302547
34.45 -0.000315285
34.46 -0.000327094
34.47 -0.000337913
34.48 -0.000347678
34.49 -0.000356319
34.5 -0.000363771
34.51 -0.00036997
34.52 -0.000374861
34.53 -0.000378393
34.54 -0.00038053
34.55 -0.000381246
34.56 -0.000380529
34.57 -0.000378372
34.58 -0.000374779
34.59 -0.000369761
34.6 -0.000363337
34.61 -0.000355537
34.62 -0.000346398
34.63 -0.000335966
34.64 -0.000324294
34.65 -0.000311444
34.66 -0.00029748
34.67 -0.000282472
34.68 -0.000266495
34.69 -0.000249624
34.7 -0.000231939
34.71 -0.000213523
34.72 -0.000194464
34.73 -0.000174849
34.74 -0.000154771
34.75 -0.000134322
34.76 -0.000113592
34.77 -9.26706e-05
34.78 -7.16449e-05
34.79 -5.05979e-05
34.8 -2.96087e-05
34.81 -8.75146e-06
34.82 1.19046e-05
34.83 3.22962e-05
34.84 5.23667e-05
34.85 7.20656e-05
34.86 9.13493e-05
34.87 0.00011018
34.88 0.000128525
34.89 0.000146354
34.9 0.000163642
34.91 0.000180362
34.92 0.000196491
34.93 0.000212003
34.94 0.000226872
34.95 0.00024107
34.96 0.000254568
34.97 0.000267331
34.98 0.000279318
34.99 0.000290477
35 0.000300761
35.01 0.000310126
35.02 0.000318519
35.03 0.000325884
35.04 0.000332165
35.05 0.000337311
35.06 0.000341277
35.07 0.000344026
35.08 0.000345531
35.09 0.000345772
35.1 0.000344738
35.11 0.000342427
35.12 0.000338845
35.13 0.000334006
35.14 0.000327928
35.15 0.000320638
35.16 0.000312167
35.17 0.000302558
35.18 0.000291856
35.19 0.000280117
35.2 0.000267398
35.21 0.000253759
35.22 0.000239266
35.23 0.000223986
35.24 0.000207988
35.25 0.000191348
35.26 0.000174143
35.27 0.000156449
35.28 0.000138348
35.29 0.000119919
35.3 0.00010124
35.31 8.23875e-05
35.32 6.3436e-05
35.33 4.44561e-05
35.34 2.55158e-05
35.35 6.6792e-06
35.36 -1.19927e-05
35.37 -3.04432e-05
35.38 -4.86198e-05
35.39 -6.6475e-05
35.4 -8.39659e-05
35.41 -0.000101054
35.42 -0.000117704
35.43 -0.000133885
35.44 -0.000149565
35.45 -0.000164716
35.46 -0.000179308
35.47 -0.000193315
35.48 -0.000206705
35.49 -0.000219451
35.5 -0.00023152
35.51 -0.000242879
35.52 -0.000253494
35.53 -0.000263327
35.54 -0.000272337
35.55 -0.000280482
35.56 -0.000287721
35.57 -0.000294011
35.58 -0.000299311
35.59 -0.000303586
35.6 -0.000306803
35.61 -0.000308936
35.62 -0.000309964
35.63 -0.000309874
35.64 -0.000308659
35.65 -0.000306317
35.66 -0.000302854
35.67 -0.000298283
35.68 -0.000292622
35.69 -0.000285895
35.7 -0.000278134
35.71 -0.000269373
35.72 -0.000259654
35.73 -0.000249022
35.74 -0.000237526
35.75 -0.00022522
35.76 -0.000212161
35.77 -0.000198408
35.78 -0.000184022
35.79 -0.000169069
35.8 -0.000153615
35.81 -0.000137726
35.82 -0.000121471
35.83 -0.000104916
35.84 -8.81283e-05
35.85 -7.11739e-05
35.86 -5.41166e-05
35.87 -3.70185e-05
35.88 -1.99394e-05
35.89 -2.93605e-06
35.9 1.39375e-05
35.91 3.06307e-05
35.92 4.70962e-05
35.93 6.32897e-05
35.94 7.91703e-05
35.95 9.46996e-05
35.96 0.000109841
35.97 0.000124561
35.98 0.000138827
35.99 0.000152606
36 0.000165866
36.01 0.000178578
36.02 0.000190709
36.03 0.000202228
36.04 0.000213104
36.05 0.000223302
36.06 0.000232789
36.07 0.000241531
36.08 0.000249492
36.09 0.000256637
36.1 0.000262932
36.11 0.000268343
36.12 0.00027284
36.13 0.000276395
36.14 0.000278983
36.15 0.000280587
36.16 0.000281192
36.17 0.000280789
36.18 0.000279375
36.19 0.000276953
36.2 0.000273531
36.21 0.000269121
36.22 0.000263743
36.23 0.00025742
36.24 0.000250179
36.25 0.000242055
36.26 0.000233083
36.27 0.000223304
36.28 0.000212763
36.29 0.000201507
36.3 0.000189587
36.31 0.000177054
36.32 0.000163965
36.33 0.000150376
36.34 0.000136344
36.35 0.000121928
36.36 0.000107187
36.37 9.21794e-05
36.38 7.69639e-05
36.39 6.15974e-05
36.4 4.61359e-05
36.41 3.06335e-05
36.42 1.51427e-05
36.43 -2.86406e-07
36.44 -1.56057e-05
36.45 -3.07696e-05
36.46 -4.57349e-05
36.47 -6.04605e-05
36.48 -7.49075e-05
36.49 -8.9039e-05
36.5 -0.00010282
36.51 -0.000116215
36.52 -0.000129193
36.53 -0.000141721
36.54 -0.000153768
36.55 -0.000165301
36.56 -0.000176291
36.57 -0.000186705
36.58 -0.000196512
36.59 -0.000205682
36.6 -0.000214181
36.61 -0.000221979
36.62 -0.000229045
36.63 -0.000235347
36.64 -0.000240858
36.65 -0.000245549
36.66 -0.000249395
36.67 -0.000252376
36.68 -0.000254472
36.69 -0.00025567
36.7 -0.00025596
36.71 -0.000255337
36.72 -0.0002538
36.73 -0.000251354
36.74 -0.000248006
36.75 -0.000243772
36.76 -0.000238668
36.77 -0.000232717
36.78 -0.000225945
36.79 -0.000218382
36.8 -0.000210062
36.81 -0.000201021
36.82 -0.000191299
36.83 -0.000180939
36.84 -0.000169986
36.85 -0.000158487
36.86 -0.000146492
36.87 -0.000134049
36.88 -0.00012121
36.89 -0.000108027
36.9 -9.45527e-05
36.91 -8.08378e-05
36.92 -6.69342e-05
36.93 -5.28927e-05
36.94 -3.87629e-05
36.95 -2.45933e-05
36.96 -1.0431e-05
36.97 3.67866e-06
36.98 1.76919e-05
36.99 3.15666e-05
37 4.52626e-05
37.01 5.87412e-05
37.02 7.19653e-05
37.03 8.48992e-05
37.04 9.75085e-05
37.05 0.00010976
37.06 0.00012162
37.07 0.000133058
37.08 0.000144041
37.09 0.00015454
37.1 0.000164523
37.11 0.000173961
37.12 0.000182823
37.13 0.000191081
37.14 0.000198704
37.15 0.000205665
37.16 0.000211936
37.17 0.000217491
37.18 0.000222306
37.19 0.000226357
37.2 0.000229627
37.21 0.000232096
37.22 0.000233752
37.23 0.000234585
37.24 0.000234589
37.25 0.00023376
37.26 0.000232102
37.27 0.00022962
37.28 0.000226323
37.29 0.000222226
37.3 0.000217346
37.31 0.000211704
37.32 0.000205325
37.33 0.000198236
37.34 0.000190469
37.35 0.000182057
37.36 0.000173036
37.37 0.000163446
37.38 0.000153326
37.39 0.000142718
37.4 0.000131667
37.41 0.000120217
37.42 0.000108414
37.43 9.63031e-05
37.44 8.39315e-05
37.45 7.13451e-05
37.46 5.85895e-05
37.47 4.57102e-05
37.48 3.27515e-05
37.49 1.97569e-05
37.5 6.76899e-06
37.51 -6.17113e-06
37.52 -1.90235e-05
37.53 -3.17492e-05
37.54 -4.43111e-05
37.55 -5.66727e-05
37.56 -6.8799e-05
37.57 -8.0656e-05
37.58 -9.22105e-05
37.59 -0.00010343
37.6 -0.000114284
37.61 -0.00012474
37.62 -0.000134768
37.63 -0.000144339
37.64 -0.000153423
37.65 -0.000161992
37.66 -0.000170017
37.67 -0.000177471
37.68 -0.000184328
37.69 -0.000190561
37.7 -0.000196146
37.71 -0.000201062
37.72 -0.000205286
37.73 -0.0002088
37.74 -0.000211587
37.75 -0.000213636
37.76 -0.000214934
37.77 -0.000215475
37.78 -0.000215255
37.79 -0.000214275
37.8 -0.000212537
37.81 -0.000210047
37.82 -0.000206818
37.83 -0.000202862
37.84 -0.000198196
37.85 -0.00019284
37.86 -0.000186817
37.87 -0.000180154
37.88 -0.000172879
37.89 -0.000165022
37.9 -0.000156618
37.91 -0.0001477
37.92 -0.000138306
37.93 -0.000128473
37.94 -0.000118242
37.95 -0.000107653
37.96 -9.67453e-05
37.97 -8.55618e-05
37.98 -7.41436e-05
37.99 -6.25324e-05
38 -5.07694e-05
38.01 -3.88955e-05
38.02 -2.69511e-05
38.03 -1.49756e-05
38.04 -3.00798e-06
38.05 8.91392e-06
38.06 2.07531e-05
38.07 3.24736e-05
38.08 4.40402e-05
38.09 5.54188e-05
38.1 6.65761e-05
38.11 7.74797e-05
38.12 8.80977e-05
38.13 9.83992e-05
38.14 0.000108354
38.15 0.000117932
38.16 0.000127104
38.17 0.000135843
38.18 0.000144119
38.19 0.000151907
38.2 0.00015918
38.21 0.000165912
38.22 0.00017208
38.23 0.000177661
38.24 0.000182632
38.25 0.000186976
38.26 0.000190673
38.27 0.000193708
38.28 0.000196068
38.29 0.000197742
38.3 0.000198724
38.31 0.000199008
38.32 0.000198592
38.33 0.000197478
38.34 0.00019567
38.35 0.000193176
38.36 0.000190008
38.37 0.000186177
38.38 0.000181702
38.39 0.0001766
38.4 0.000170895
38.41 0.000164609
38.42 0.00015777
38.43 0.000150406
38.44 0.000142548
38.45 0.000134226
38.46 0.000125476
38.47 0.000116331
38.48 0.000106827
38.49 9.70012e-05
38.5 8.68899e-05
38.51 7.65307e-05
38.52 6.59613e-05
38.53 5.52193e-05
38.54 4.43422e-05
38.55 3.3367e-05
38.56 2.23306e-05
38.57 1.12692e-05
38.58 2.18379e-07
38.59 -1.07868e-05
38.6 -2.17122e-05
38.61 -3.25241e-05
38.62 -4.31898e-05
38.63 -5.3677e-05
38.64 -6.39545e-05
38.65 -7.39913e-05
38.66 -8.37574e-05
38.67 -9.32233e-05
38.68 -0.00010236
38.69 -0.00011114
38.7 -0.000119535
38.71 -0.000127518
38.72 -0.000135064
38.73 -0.000142147
38.74 -0.000148744
38.75 -0.00015483
38.76 -0.000160385
38.77 -0.000165387
38.78 -0.000169818
38.79 -0.00017366
38.8 -0.000176899
38.81 -0.000179521
38.82 -0.000181516
38.83 -0.000182875
38.84 -0.000183593
38.85 -0.000183667
38.86 -0.000183096
38.87 -0.000181884
38.88 -0.000180035
38.89 -0.000177557
38.9 -0.000174462
38.91 -0.000170762
38.92 -0.000166474
38.93 -0.000161615
38.94 -0.000156207
38.95 -0.000150271
38.96 -0.000143832
38.97 -0.000136916
38.98 -0.000129552
38.99 -0.000121769
39 -0.000113596
39.01 -0.000105067
39.02 -9.62124e-05
39.03 -8.70668e-05
39.04 -7.76635e-05
39.05 -6.80365e-05
39.06 -5.82203e-05
39.07 -4.82491e-05
39.08 -3.81572e-05
39.09 -2.79787e-05
39.1 -1.77475e-05
39.11 -7.497e-06
39.12 2.73979e-06
39.13 1.29303e-05
39.14 2.30426e-05
39.15 3.30451e-05
39.16 4.29069e-05
39.17 5.25978e-05
39.18 6.20878e-05
39.19 7.13479e-05
39.2 8.03495e-05
39.21 8.90646e-05
39.22 9.74657e-05
39.23 0.000105526
39.24 0.000113221
39.25 0.000120523
39.26 0.00012741
39.27 0.000133858
39.28 0.000139844
39.29 0.000145347
39.3 0.000150349
39.31 0.00015483
39.32 0.000158774
39.33 0.000162167
39.34 0.000164994
39.35 0.000167246
39.36 0.000168914
39.37 0.000169991
39.38 0.000170474
39.39 0.000170361
39.4 0.000169654
39.41 0.000168355
39.42 0.00016647
39.43 0.000164009
39.44 0.000160981
39.45 0.000157401
39.46 0.000153282
39.47 0.000148642
39.48 0.000143502
39.49 0.000137881
39.5 0.000131803
39.51 0.000125291
39.52 0.000118373
39.53 0.000111074
39.54 0.000103423
39.55 9.54487e-05
39.56 8.71811e-05
39.57 7.86505e-05
39.58 6.98877e-05
39.59 6.0924e-05
39.6 5.17908e-05
39.61 4.25195e-05
39.62 3.31418e-05
39.63 2.36889e-05
39.64 1.41921e-05
39.65 4.68236e-06
39.66 -4.80973e-06
39.67 -1.42539e-05
39.68 -2.36202e-05
39.69 -3.28793e-05
39.7 -4.20021e-05
39.71 -5.09601e-05
39.72 -5.97254e-05
39.73 -6.82704e-05
39.74 -7.65683e-05
39.75 -8.45926e-05
39.76 -9.23177e-05
39.77 -9.97186e-05
39.78 -0.000106771
39.79 -0.000113452
39.8 -0.000119738
39.81 -0.000125609
39.82 -0.000131043
39.83 -0.000136022
39.84 -0.000140529
39.85 -0.000144546
39.86 -0.000148059
39.87 -0.000151056
39.88 -0.000153525
39.89 -0.000155457
39.9 -0.000156846
39.91 -0.000157686
39.92 -0.000157975
39.93 -0.000157713
39.94 -0.000156901
39.95 -0.000155543
39.96 -0.000153645
39.97 -0.000151217
39.98 -0.000148269
39.99 -0.000144812
40 -0.000140863
40.01 -0.000136436
40.02 -0.000131551
40.03 -0.000126226
40.04 -0.000120484
40.05 -0.000114347
40.06 -0.000107838
40.07 -0.000100982
40.08 -9.38056e-05
40.09 -8.63354e-05
40.1 -7.85985e-05
40.11 -7.06231e-05
40.12 -6.24375e-05
40.13 -5.40706e-05
40.14 -4.55512e-05
40.15 -3.69085e-05
40.16 -2.81718e-05
40.17 -1.93701e-05
40.18 -1.05324e-05
40.19 -1.68774e-06
40.2 7.13539e-06
40.21 1.59086e-05
40.22 2.46038e-05
40.23 3.31933e-05
40.24 4.16498e-05
40.25 4.99464e-05
40.26 5.80567e-05
40.27 6.59548e-05
40.28 7.36153e-05
40.29 8.10133e-05
40.3 8.81249e-05
40.31 9.49266e-05
40.32 0.000101396
40.33 0.000107511
40.34 0.000113251
40.35 0.000118597
40.36 0.000123529
40.37 0.000128031
40.38 0.000132087
40.39 0.000135683
40.4 0.000138805
40.41 0.000141442
40.42 0.000143586
40.43 0.000145229
40.44 0.000146365
40.45 0.000146991
40.46 0.000147106
40.47 0.000146709
40.48 0.000145804
40.49 0.000144394
40.5 0.000142487
40.51 0.000140092
40.52 0.000137217
40.53 0.000133876
40.54 0.000130083
40.55 0.000125852
40.56 0.000121202
40.57 0.00011615
40.58 0.000110716
40.59 0.000104922
40.6 9.87885e-05
40.61 9.23398e-05
40.62 8.55994e-05
40.63 7.85921e-05
40.64 7.13431e-05
40.65 6.38782e-05
40.66 5.62237e-05
40.67 4.84063e-05
40.68 4.04526e-05
40.69 3.23897e-05
40.7 2.42447e-05
40.71 1.60445e-05
40.72 7.81631e-06
40.73 -4.13089e-07
40.74 -8.61693e-06
40.75 -1.67687e-05
40.76 -2.48421e-05
40.77 -3.28112e-05
40.78 -4.06503e-05
40.79 -4.83343e-05
40.8 -5.58383e-05
40.81 -6.3138e-05
40.82 -7.02096e-05
40.83 -7.703e-05
40.84 -8.35767e-05
40.85 -8.98278e-05
40.86 -9.57626e-05
40.87 -0.000101361
40.88 -0.000106604
40.89 -0.000111473
40.9 -0.000115951
40.91 -0.000120024
40.92 -0.000123677
40.93 -0.000126897
40.94 -0.000129673
40.95 -0.000131995
40.96 -0.000133856
40.97 -0.000135249
40.98 -0.000136169
40.99 -0.000136616
41 -0.000136586
41.01 -0.000136083
41.02 -0.000135109
41.03 -0.000133668
41.04 -0.000131767
41.05 -0.000129415
41.06 -0.000126622
41.07 -0.000123399
41.08 -0.00011976
41.09 -0.000115719
41.1 -0.000111292
41.11 -0.000106497
41.12 -0.000101351
41.13 -9.58752e-05
41.14 -9.00894e-05
41.15 -8.4015e-05
41.16 -7.76744e-05
41.17 -7.10904e-05
41.18 -6.42865e-05
41.19 -5.72868e-05
41.2 -5.01155e-05
41.21 -4.27974e-05
41.22 -3.53575e-05
41.23 -2.78209e-05
41.24 -2.02129e-05
41.25 -1.25589e-05
41.26 -4.88395e-06
41.27 2.78656e-06
41.28 1.04276e-05
41.29 1.80142e-05
41.3 2.55217e-05
41.31 3.29258e-05
41.32 4.02022e-05
41.33 4.73272e-05
41.34 5.42777e-05
41.35 6.10307e-05
41.36 6.7564e-05
41.37 7.38561e-05
41.38 7.98858e-05
41.39 8.5633e-05
41.4 9.10784e-05
41.41 9.62035e-05
41.42 0.000100991
41.43 0.000105424
41.44 0.000109488
41.45 0.000113168
41.46 0.000116453
41.47 0.00011933
41.48 0.00012179
41.49 0.000123825
41.5 0.000125429
41.51 0.000126595
41.52 0.000127321
41.53 0.000127606
41.54 0.000127448
41.55 0.00012685
41.56 0.000125816
41.57 0.00012435
41.58 0.000122459
41.59 0.000120151
41.6 0.000117436
41.61 0.000114325
41.62 0.000110831
41.63 0.000106967
41.64 0.000102749
41.65 9.81931e-05
41.66 9.3316e-05
41.67 8.81364e-05
41.68 8.26733e-05
41.69 7.69468e-05
41.7 7.09775e-05
41.71 6.47867e-05
41.72 5.83962e-05
41.73 5.18284e-05
41.74 4.5106e-05
41.75 3.82521e-05
41.76 3.12898e-05
41.77 2.42426e-05
41.78 1.71342e-05
41.79 9.98821e-06
41.8 2.82823e-06
41.81 -4.32211e-06
41.82 -1.14393e-05
41.83 -1.85e-05
41.84 -2.5481e-05
41.85 -3.23595e-05
41.86 -3.91129e-05
41.87 -4.57189e-05
41.88 -5.21558e-05
41.89 -5.84023e-05
41.9 -6.44375e-05
41.91 -7.02415e-05
41.92 -7.57947e-05
41.93 -8.10785e-05
41.94 -8.60749e-05
41.95 -9.07671e-05
41.96 -9.51391e-05
41.97 -9.9176e-05
41.98 -0.000102864
41.99 -0.000106191
42 -0.000109145
42.01 -0.000111716
42.02 -0.000113896
42.03 -0.000115678
42.04 -0.000117056
42.05 -0.000118026
42.06 -0.000118585
42.07 -0.000118733
42.08 -0.00011847
42.09 -0.000117798
42.1 -0.000116721
42.11 -0.000115243
42.12 -0.000113372
42.13 -0.000111116
42.14 -0.000108483
42.15 -0.000105485
42.16 -0.000102133
42.17 -9.84399e-05
42.18 -9.44209e-05
42.19 -9.00908e-05
42.2 -8.54658e-05
42.21 -8.0563e-05
42.22 -7.54003e-05
42.23 -6.99963e-05
42.24 -6.43705e-05
42.25 -5.85425e-05
42.26 -5.2533e-05
42.27 -4.63627e-05
42.28 -4.00528e-05
42.29 -3.3625e-05
42.3 -2.7101e-05
42.31 -2.05028e-05
42.32 -1.38525e-05
42.33 -7.17237e-06
42.34 -4.84555e-07
42.35 6.18875e-06
42.36 1.28255e-05
42.37 1.94036e-05
42.38 2.59015e-05
42.39 3.22977e-05
42.4 3.85708e-05
42.41 4.47002e-05
42.42 5.06655e-05
42.43 5.64467e-05
42.44 6.20245e-05
42.45 6.73802e-05
42.46 7.24959e-05
42.47 7.73541e-05
42.48 8.19386e-05
42.49 8.62337e-05
42.5 9.0225e-05
42.51 9.38989e-05
42.52 9.7243e-05
42.53 0.000100246
42.54 0.000102898
42.55 0.00010519
42.56 0.000107115
42.57 0.000108667
42.58 0.000109841
42.59 0.000110633
42.6 0.000111042
42.61 0.000111068
42.62 0.000110712
42.63 0.000109975
42.64 0.000108862
42.65 0.000107378
42.66 0.000105529
42.67 0.000103323
42.68 0.00010077
42.69 9.78785e-05
42.7 9.46611e-05
42.71 9.11297e-05
42.72 8.72979e-05
42.73 8.31799e-05
42.74 7.8791e-05
42.75 7.41473e-05
42.76 6.92655e-05
42.77 6.41632e-05
42.78 5.88583e-05
42.79 5.33695e-05
42.8 4.77159e-05
42.81 4.19171e-05
42.82 3.59928e-05
42.83 2.99634e-05
42.84 2.38492e-05
42.85 1.76709e-05
42.86 1.1449e-05
42.87 5.20461e-06
42.88 -1.04163e-06
42.89 -7.26889e-06
42.9 -1.34565e-05
42.91 -1.95838e-05
42.92 -2.56305e-05
42.93 -3.15764e-05
42.94 -3.74018e-05
42.95 -4.30873e-05
42.96 -4.86138e-05
42.97 -5.39628e-05
42.98 -5.91164e-05
42.99 -6.40572e-05
43 -6.87686e-05
43.01 -7.32348e-05
43.02 -7.74405e-05
43.03 -8.13717e-05
43.04 -8.50151e-05
43.05 -8.83584e-05
43.06 -9.13904e-05
43.07 -9.41011e-05
43.08 -9.64815e-05
43.09 -9.8524e-05
43.1 -0.000100222
43.11 -0.00010157
43.12 -0.000102565
43.13 -0.000103203
43.14 -0.000103484
43.15 -0.000103408
43.16 -0.000102975
43.17 -0.000102189
43.18 -0.000101052
43.19 -9.95718e-05
43.2 -9.7753e-05
43.21 -9.56033e-05
43.22 -9.31316e-05
43.23 -9.03475e-05
43.24 -8.72618e-05
43.25 -8.38862e-05
43.26 -8.02334e-05
43.27 -7.63168e-05
43.28 -7.21509e-05
43.29 -6.77507e-05
43.3 -6.3132e-05
43.31 -5.83112e-05
43.32 -5.33053e-05
43.33 -4.81317e-05
43.34 -4.28084e-05
43.35 -3.73537e-05
43.36 -3.17864e-05
43.37 -2.61253e-05
43.38 -2.03897e-05
43.39 -1.4599e-05
43.4 -8.77258e-06
43.41 -2.93009e-06
43.42 2.90893e-06
43.43 8.72491e-06
43.44 1.44984e-05
43.45 2.02102e-05
43.46 2.5841e-05
43.47 3.13722e-05
43.48 3.6785e-05
43.49 4.20615e-05
43.5 4.71839e-05
43.51 5.2135e-05
43.52 5.6898e-05
43.53 6.14571e-05
43.54 6.57967e-05
43.55 6.99023e-05
43.56 7.376e-05
43.57 7.73569e-05
43.58 8.0681e-05
43.59 8.37211e-05
43.6 8.64672e-05
43.61 8.89102e-05
43.62 9.10423e-05
43.63 9.28567e-05
43.64 9.43477e-05
43.65 9.55109e-05
43.66 9.63431e-05
43.67 9.68422e-05
43.68 9.70075e-05
43.69 9.68393e-05
43.7 9.63392e-05
43.71 9.55102e-05
43.72 9.4356e-05
43.73 9.28817e-05
43.74 9.10937e-05
43.75 8.89991e-05
43.76 8.66063e-05
43.77 8.39245e-05
43.78 8.0964e-05
43.79 7.7736e-05
43.8 7.42523e-05
43.81 7.05258e-05
43.82 6.657e-05
43.83 6.23992e-05
43.84 5.80281e-05
43.85 5.34722e-05
43.86 4.87474e-05
43.87 4.38703e-05
43.88 3.88575e-05
43.89 3.37265e-05
43.9 2.84947e-05
43.91 2.318e-05
43.92 1.78003e-05
43.93 1.23739e-05
43.94 6.91911e-06
43.95 1.4542e-06
43.96 -4.00241e-06
43.97 -9.43242e-06
43.98 -1.48176e-05
43.99 -2.01399e-05
44 -2.53814e-05
44.01 -3.05246e-05
44.02 -3.55522e-05
44.03 -4.04472e-05
44.04 -4.51932e-05
44.05 -4.97743e-05
44.06 -5.4175e-05
44.07 -5.83805e-05
44.08 -6.23766e-05
44.09 -6.61499e-05
44.1 -6.96878e-05
44.11 -7.29784e-05
44.12 -7.60108e-05
44.13 -7.87748e-05
44.14 -8.12615e-05
44.15 -8.34628e-05
44.16 -8.53716e-05
44.17 -8.69819e-05
44.18 -8.82889e-05
44.19 -8.92887e-05
44.2 -8.99787e-05
44.21 -9.03573e-05
44.22 -9.04241e-05
44.23 -9.01797e-05
44.24 -8.9626e-05
44.25 -8.87659e-05
44.26 -8.76032e-05
44.27 -8.6143e-05
44.28 -8.43913e-05
44.29 -8.23551e-05
44.3 -8.00423e-05
44.31 -7.74619e-05
44.32 -7.46235e-05
44.33 -7.15377e-05
44.34 -6.82159e-05
44.35 -6.46701e-05
44.36 -6.09132e-05
44.37 -5.69584e-05
44.38 -5.28199e-05
44.39 -4.85123e-05
44.4 -4.40504e-05
44.41 -3.94499e-05
44.42 -3.47265e-05
44.43 -2.98967e-05
44.44 -2.49768e-05
44.45 -1.99837e-05
44.46 -1.49343e-05
44.47 -9.84576e-06
44.48 -4.7353e-06
44.49 3.79828e-07
44.5 5.48236e-06
44.51 1.05551e-05
44.52 1.55809e-05
44.53 2.0543e-05
44.54 2.54245e-05
44.55 3.0209e-05
44.56 3.48805e-05
44.57 3.94231e-05
44.58 4.38215e-05
44.59 4.8061e-05
44.6 5.21273e-05
44.61 5.60067e-05
44.62 5.96861e-05
44.63 6.31533e-05
44.64 6.63966e-05
44.65 6.94053e-05
44.66 7.21694e-05
44.67 7.46798e-05
44.68 7.69284e-05
44.69 7.8908e-05
44.7 8.06123e-05
44.71 8.2036e-05
44.72 8.31751e-05
44.73 8.40261e-05
44.74 8.4587e-05
44.75 8.48567e-05
44.76 8.4835e-05
44.77 8.45229e-05
44.78 8.39224e-05
44.79 8.30364e-05
44.8 8.18689e-05
44.81 8.04248e-05
44.82 7.87099e-05
44.83 7.67311e-05
44.84 7.4496e-05
44.85 7.2013e-05
44.86 6.92914e-05
44.87 6.63413e-05
44.88 6.31734e-05
44.89 5.97993e-05
44.9 5.62308e-05
44.91 5.24809e-05
44.92 4.85626e-05
44.93 4.44897e-05
44.94 4.02764e-05
44.95 3.59373e-05
44.96 3.14873e-05
44.97 2.69418e-05
44.98 2.23163e-05
44.99 1.76266e-05
45 1.28887e-05
45.01 8.11854e-06
45.02 3.33241e-06
45.03 -1.45351e-06
45.04 -6.22306e-06
45.05 -1.09601e-05
45.06 -1.56487e-05
45.07 -2.0273e-05
45.08 -2.48173e-05
45.09 -2.92664e-05
45.1 -3.36053e-05
45.11 -3.78193e-05
45.12 -4.18943e-05
45.13 -4.58164e-05
45.14 -4.95726e-05
45.15 -5.31503e-05
45.16 -5.65373e-05
45.17 -5.97225e-05
45.18 -6.26953e-05
45.19 -6.54457e-05
45.2 -6.79648e-05
45.21 -7.02443e-05
45.22 -7.22769e-05
45.23 -7.40562e-05
45.24 -7.55765e-05
45.25 -7.68333e-05
45.26 -7.78228e-05
45.27 -7.85425e-05
45.28 -7.89904e-05
45.29 -7.91659e-05
45.3 -7.90691e-05
45.31 -7.87011e-05
45.32 -7.8064e-05
45.33 -7.71609e-05
45.34 -7.59955e-05
45.35 -7.45728e-05
45.36 -7.28984e-05
45.37 -7.09788e-05
45.38 -6.88214e-05
45.39 -6.64342e-05
45.4 -6.38262e-05
45.41 -6.10067e-05
45.42 -5.79862e-05
45.43 -5.47753e-05
45.44 -5.13856e-05
45.45 -4.78291e-05
45.46 -4.41183e-05
45.47 -4.02662e-05
45.48 -3.62861e-05
45.49 -3.21919e-05
45.5 -2.79977e-05
45.51 -2.37179e-05
45.52 -1.93672e-05
45.53 -1.49604e-05
45.54 -1.05126e-05
45.55 -6.03891e-06
45.56 -1.55453e-06
45.57 2.92531e-06
45.58 7.38544e-06
45.59 1.18107e-05
45.6 1.61862e-05
45.61 2.04971e-05
45.62 2.47288e-05
45.63 2.88671e-05
45.64 3.28979e-05
45.65 3.68077e-05
45.66 4.05833e-05
45.67 4.42119e-05
45.68 4.76815e-05
45.69 5.09804e-05
45.7 5.40976e-05
45.71 5.70227e-05
45.72 5.9746e-05
45.73 6.22586e-05
45.74 6.45522e-05
45.75 6.66195e-05
45.76 6.84538e-05
45.77 7.00494e-05
45.78 7.14013e-05
45.79 7.25055e-05
45.8 7.33588e-05
45.81 7.3959e-05
45.82 7.43047e-05
45.83 7.43955e-05
45.84 7.42317e-05
45.85 7.38146e-05
45.86 7.31465e-05
45.87 7.22303e-05
45.88 7.107e-05
45.89 6.96703e-05
45.9 6.80366e-05
45.91 6.61754e-05
45.92 6.40935e-05
45.93 6.17988e-05
45.94 5.92997e-05
45.95 5.66053e-05
45.96 5.37254e-05
45.97 5.06702e-05
45.98 4.74506e-05
45.99 4.4078e-05
46 4.05642e-05
46.01 3.69215e-05
46.02 3.31625e-05
46.03 2.93002e-05
46.04 2.53481e-05
46.05 2.13196e-05
46.06 1.72286e-05
46.07 1.3089e-05
46.08 8.91509e-06
46.09 4.72098e-06
46.1 5.20967e-07
46.11 -3.67068e-06
46.12 -7.83975e-06
46.13 -1.19721e-05
46.14 -1.60537e-05
46.15 -2.00708e-05
46.16 -2.40098e-05
46.17 -2.78574e-05
46.18 -3.16006e-05
46.19 -3.52268e-05
46.2 -3.87238e-05
46.21 -4.20798e-05
46.22 -4.52837e-05
46.23 -4.83247e-05
46.24 -5.11926e-05
46.25 -5.38781e-05
46.26 -5.63721e-05
46.27 -5.86667e-05
46.28 -6.07542e-05
46.29 -6.26281e-05
46.3 -6.42823e-05
46.31 -6.57117e-05
46.32 -6.69119e-05
46.33 -6.78793e-05
46.34 -6.86114e-05
46.35 -6.9106e-05
46.36 -6.93623e-05
46.37 -6.938e-05
46.38 -6.91596e-05
46.39 -6.87027e-05
46.4 -6.80114e-05
46.41 -6.70888e-05
46.42 -6.59387e-05
46.43 -6.45658e-05
46.44 -6.29753e-05
46.45 -6.11733e-05
46.46 -5.91666e-05
46.47 -5.69626e-05
46.48 -5.45693e-05
46.49 -5.19955e-05
46.5 -4.92503e-05
46.51 -4.63436e-05
46.52 -4.32857e-05
46.53 -4.00874e-05
46.54 -3.67598e-05
46.55 -3.33145e-05
46.56 -2.97637e-05
46.57 -2.61194e-05
46.58 -2.23944e-05
46.59 -1.86015e-05
46.6 -1.47536e-05
46.61 -1.08639e-05
46.62 -6.94584e-06
46.63 -3.01268e-06
46.64 9.22154e-07
46.65 4.84527e-06
46.66 8.74333e-06
46.67 1.26031e-05
46.68 1.64115e-05
46.69 2.01557e-05
46.7 2.38229e-05
46.71 2.74008e-05
46.72 3.08773e-05
46.73 3.42407e-05
46.74 3.74797e-05
46.75 4.05835e-05
46.76 4.35416e-05
46.77 4.63442e-05
46.78 4.8982e-05
46.79 5.14463e-05
46.8 5.3729e-05
46.81 5.58227e-05
46.82 5.77207e-05
46.83 5.94167e-05
46.84 6.09056e-05
46.85 6.21826e-05
46.86 6.3244e-05
46.87 6.40866e-05
46.88 6.47082e-05
46.89 6.51071e-05
46.9 6.52827e-05
46.91 6.52348e-05
46.92 6.49644e-05
46.93 6.4473e-05
46.94 6.37629e-05
46.95 6.2837e-05
46.96 6.16993e-05
46.97 6.03542e-05
46.98 5.88068e-05
46.99 5.70631e-05
47 5.51294e-05
47.01 5.30131e-05
47.02 5.07216e-05
47.03 4.82634e-05
47.04 4.56472e-05
47.05 4.28823e-05
47.06 3.99785e-05
47.07 3.69461e-05
47.08 3.37956e-05
47.09 3.0538e-05
47.1 2.71847e-05
47.11 2.37472e-05
47.12 2.02375e-05
47.13 1.66676e-05
47.14 1.30498e-05
47.15 9.39637e-06
47.16 5.71996e-06
47.17 2.03305e-06
47.18 -1.65177e-06
47.19 -5.32196e-06
47.2 -8.96506e-06
47.21 -1.25687e-05
47.22 -1.61206e-05
47.23 -1.96089e-05
47.24 -2.30216e-05
47.25 -2.63474e-05
47.26 -2.95749e-05
47.27 -3.26933e-05
47.28 -3.56922e-05
47.29 -3.85616e-05
47.3 -4.12918e-05
47.31 -4.38738e-05
47.32 -4.62991e-05
47.33 -4.85597e-05
47.34 -5.06481e-05
47.35 -5.25577e-05
47.36 -5.42822e-05
47.37 -5.58161e-05
47.38 -5.71548e-05
47.39 -5.8294e-05
47.4 -5.92304e-05
47.41 -5.99612e-05
47.42 -6.04845e-05
47.43 -6.0799e-05
47.44 -6.09042e-05
47.45 -6.08003e-05
47.46 -6.04883e-05
47.47 -5.99697e-05
47.48 -5.92469e-05
47.49 -5.83229e-05
47.5 -5.72015e-05
47.51 -5.58869e-05
47.52 -5.43843e-05
47.53 -5.26993e-05
47.54 -5.0838e-05
47.55 -4.88073e-05
47.56 -4.66146e-05
47.57 -4.42678e-05
47.58 -4.17753e-05
47.59 -3.91458e-05
47.6 -3.63887e-05
47.61 -3.35137e-05
47.62 -3.05309e-05
47.63 -2.74506e-05
47.64 -2.42835e-05
47.65 -2.10407e-05
47.66 -1.77333e-05
47.67 -1.43727e-05
47.68 -1.09705e-05
47.69 -7.53832e-06
47.7 -4.08793e-06
47.71 -6.31119e-07
47.72 2.82031e-06
47.73 6.25461e-06
47.74 9.66008e-06
47.75 1.30252e-05
47.76 1.63385e-05
47.77 1.95888e-05
47.78 2.27651e-05
47.79 2.58566e-05
47.8 2.88531e-05
47.81 3.17444e-05
47.82 3.45208e-05
47.83 3.71731e-05
47.84 3.96924e-05
47.85 4.20704e-05
47.86 4.42992e-05
47.87 4.63716e-05
47.88 4.82808e-05
47.89 5.00206e-05
47.9 5.15854e-05
47.91 5.29703e-05
47.92 5.4171e-05
47.93 5.51838e-05
47.94 5.60058e-05
47.95 5.66345e-05
47.96 5.70684e-05
47.97 5.73065e-05
47.98 5.73485e-05
47.99 5.71947e-05
48 5.68462e-05
48.01 5.63047e-05
48.02 5.55726e-05
48.03 5.4653e-05
48.04 5.35494e-05
48.05 5.22661e-05
48.06 5.0808e-05
48.07 4.91806e-05
48.08 4.73897e-05
48.09 4.5442e-05
48.1 4.33446e-05
48.11 4.11048e-05
48.12 3.87308e-05
48.13 3.62309e-05
48.14 3.36139e-05
48.15 3.08891e-05
48.16 2.8066e-05
48.17 2.51544e-05
48.18 2.21644e-05
48.19 1.91063e-05
48.2 1.59908e-05
48.21 1.28286e-05
48.22 9.63053e-06
48.23 6.40756e-06
48.24 3.17073e-06
48.25 -6.88974e-08
48.26 -3.30027e-06
48.27 -6.51239e-06
48.28 -9.69434e-06
48.29 -1.28353e-05
48.3 -1.59247e-05
48.31 -1.8952e-05
48.32 -2.1907e-05
48.33 -2.47797e-05
48.34 -2.75606e-05
48.35 -3.02402e-05
48.36 -3.28097e-05
48.37 -3.52604e-05
48.38 -3.75843e-05
48.39 -3.97736e-05
48.4 -4.18211e-05
48.41 -4.37201e-05
48.42 -4.54646e-05
48.43 -4.70487e-05
48.44 -4.84676e-05
48.45 -4.97167e-05
48.46 -5.07922e-05
48.47 -5.16907e-05
48.48 -5.24098e-05
48.49 -5.29473e-05
48.5 -5.33019e-05
48.51 -5.34728e-05
48.52 -5.34599e-05
48.53 -5.32638e-05
48.54 -5.28855e-05
48.55 -5.2327e-05
48.56 -5.15905e-05
48.57 -5.0679e-05
48.58 -4.95962e-05
48.59 -4.83461e-05
48.6 -4.69334e-05
48.61 -4.53635e-05
48.62 -4.3642e-05
48.63 -4.17752e-05
48.64 -3.97699e-05
48.65 -3.76332e-05
48.66 -3.53728e-05
48.67 -3.29965e-05
48.68 -3.0513e-05
48.69 -2.79307e-05
48.7 -2.52588e-05
48.71 -2.25066e-05
48.72 -1.96837e-05
48.73 -1.67997e-05
48.74 -1.38647e-05
48.75 -1.08888e-05
48.76 -7.88227e-06
48.77 -4.85534e-06
48.78 -1.81844e-06
48.79 1.21808e-06
48.8 4.24384e-06
48.81 7.24854e-06
48.82 1.0222e-05
48.83 1.3154e-05
48.84 1.60348e-05
48.85 1.88545e-05
48.86 2.16037e-05
48.87 2.42731e-05
48.88 2.68537e-05
48.89 2.93369e-05
48.9 3.17144e-05
48.91 3.39782e-05
48.92 3.6121e-05
48.93 3.81356e-05
48.94 4.00154e-05
48.95 4.17543e-05
48.96 4.33466e-05
48.97 4.47873e-05
48.98 4.60717e-05
48.99 4.71959e-05
49 4.81564e-05
49.01 4.89503e-05
49.02 4.95753e-05
49.03 5.00296e-05
49.04 5.03123e-05
49.05 5.04226e-05
49.06 5.03608e-05
49.07 5.01275e-05
49.08 4.97238e-05
49.09 4.91517e-05
49.1 4.84135e-05
49.11 4.75122e-05
49.12 4.64513e-05
49.13 4.52348e-05
49.14 4.38673e-05
49.15 4.23538e-05
49.16 4.06998e-05
49.17 3.89114e-05
49.18 3.69951e-05
49.19 3.49575e-05
49.2 3.28061e-05
49.21 3.05483e-05
49.22 2.81922e-05
49.23 2.5746e-05
49.24 2.32183e-05
49.25 2.06178e-05
49.26 1.79536e-05
49.27 1.52349e-05
49.28 1.24711e-05
49.29 9.67173e-06
49.3 6.84641e-06
49.31 4.00482e-06
49.32 1.15669e-06
49.33 -1.68825e-06
49.34 -4.52029e-06
49.35 -7.3298e-06
49.36 -1.01072e-05
49.37 -1.28432e-05
49.38 -1.55283e-05
49.39 -1.81537e-05
49.4 -2.07104e-05
49.41 -2.31898e-05
49.42 -2.55836e-05
49.43 -2.78839e-05
49.44 -3.00829e-05
49.45 -3.21734e-05
49.46 -3.41484e-05
49.47 -3.60014e-05
49.48 -3.77264e-05
49.49 -3.93178e-05
49.5 -4.07703e-05
49.51 -4.20795e-05
49.52 -4.32411e-05
49.53 -4.42515e-05
49.54 -4.51076e-05
49.55 -4.58068e-05
49.56 -4.63473e-05
49.57 -4.67274e-05
49.58 -4.69463e-05
49.59 -4.70037e-05
49.6 -4.68997e-05
49.61 -4.66352e-05
49.62 -4.62115e-05
49.63 -4.56303e-05
49.64 -4.48942e-05
49.65 -4.40059e-05
49.66 -4.2969e-05
49.67 -4.17873e-05
49.68 -4.04653e-05
49.69 -3.90078e-05
49.7 -3.74201e-05
49.71 -3.57079e-05
49.72 -3.38775e-05
49.73 -3.19353e-05
49.74 -2.98883e-05
49.75 -2.77436e-05
49.76 -2.55088e-05
49.77 -2.31918e-05
49.78 -2.08007e-05
49.79 -1.83437e-05
49.8 -1.58294e-05
49.81 -1.32665e-05
49.82 -1.06639e-05
49.83 -8.03044e-06
49.84 -5.3753e-06
49.85 -2.70754e-06
49.86 -3.62979e-08
49.87 2.6293e-06
49.88 5.28017e-06
49.89 7.90729e-06
49.9 1.05017e-05
49.91 1.30547e-05
49.92 1.55576e-05
49.93 1.80019e-05
49.94 2.03794e-05
49.95 2.26822e-05
49.96 2.49024e-05
49.97 2.70328e-05
49.98 2.90662e-05
49.99 3.09958e-05
50 3.28154e-05
50.01 3.45188e-05
50.02 3.61007e-05
50.03 3.75557e-05
50.04 3.88793e-05
50.05 4.00673e-05
50.06 4.11158e-05
50.07 4.20216e-05
50.08 4.2782e-05
50.09 4.33948e-05
50.1 4.38581e-05
50.11 4.41708e-05
50.12 4.43323e-05
50.13 4.43422e-05
50.14 4.42011e-05
50.15 4.39096e-05
50.16 4.34693e-05
50.17 4.2882e-05
50.18 4.215e-05
50.19 4.12763e-05
50.2 4.02642e-05
50.21 3.91175e-05
50.22 3.78405e-05
50.23 3.64378e-05
50.24 3.49145e-05
50.25 3.32762e-05
50.26 3.15286e-05
50.27 2.96781e-05
50.28 2.77312e-05
50.29 2.56948e-05
50.3 2.3576e-05
50.31 2.13822e-05
50.32 1.91211e-05
50.33 1.68006e-05
50.34 1.44288e-05
50.35 1.20137e-05
50.36 9.56382e-06
50.37 7.08752e-06
50.38 4.59333e-06
50.39 2.08979e-06
50.4 -4.14524e-07
50.41 -2.91107e-06
50.42 -5.39134e-06
50.43 -7.8469e-06
50.44 -1.02694e-05
50.45 -1.26507e-05
50.46 -1.49827e-05
50.47 -1.72575e-05
50.48 -1.94675e-05
50.49 -2.16053e-05
50.5 -2.36638e-05
50.51 -2.5636e-05
50.52 -2.75154e-05
50.53 -2.92958e-05
50.54 -3.09713e-05
50.55 -3.25365e-05
50.56 -3.39862e-05
50.57 -3.53157e-05
50.58 -3.65208e-05
50.59 -3.75976e-05
50.6 -3.85428e-05
50.61 -3.93535e-05
50.62 -4.00271e-05
50.63 -4.05618e-05
50.64 -4.0956e-05
50.65 -4.12087e-05
50.66 -4.13194e-05
50.67 -4.12881e-05
50.68 -4.11153e-05
50.69 -4.08019e-05
50.7 -4.03492e-05
50.71 -3.97593e-05
50.72 -3.90345e-05
50.73 -3.81775e-05
50.74 -3.71917e-05
50.75 -3.60807e-05
50.76 -3.48486e-05
50.77 -3.35e-05
50.78 -3.20397e-05
50.79 -3.0473e-05
50.8 -2.88055e-05
50.81 -2.70431e-05
50.82 -2.5192e-05
50.83 -2.32589e-05
50.84 -2.12504e-05
50.85 -1.91737e-05
50.86 -1.70359e-05
50.87 -1.48445e-05
50.88 -1.26071e-05
50.89 -1.03314e-05
50.9 -8.02536e-06
50.91 -5.69681e-06
50.92 -3.35379e-06
50.93 -1.00432e-06
50.94 1.34355e-06
50.95 3.6818e-06
50.96 6.00249e-06
50.97 8.2977e-06
50.98 1.05597e-05
50.99 1.27807e-05
51 1.49534e-05
51.01 1.70703e-05
51.02 1.91244e-05
51.03 2.11087e-05
51.04 2.30167e-05
51.05 2.4842e-05
51.06 2.65785e-05
51.07 2.82205e-05
51.08 2.97626e-05
51.09 3.11997e-05
51.1 3.25272e-05
51.11 3.37408e-05
51.12 3.48366e-05
51.13 3.58111e-05
51.14 3.66613e-05
51.15 3.73846e-05
51.16 3.79788e-05
51.17 3.84421e-05
51.18 3.87734e-05
51.19 3.89719e-05
51.2 3.90371e-05
51.21 3.89692e-05
51.22 3.87687e-05
51.23 3.84367e-05
51.24 3.79746e-05
51.25 3.73843e-05
51.26 3.66682e-05
51.27 3.5829e-05
51.28 3.487e-05
51.29 3.37946e-05
51.3 3.26068e-05
51.31 3.1311e-05
51.32 2.99119e-05
51.33 2.84144e-05
51.34 2.6824e-05
51.35 2.51462e-05
51.36 2.33871e-05
51.37 2.15528e-05
51.38 1.96497e-05
51.39 1.76846e-05
51.4 1.56642e-05
51.41 1.35956e-05
51.42 1.14859e-05
51.43 9.34245e-06
51.44 7.17264e-06
51.45 4.98393e-06
51.46 2.78383e-06
51.47 5.79871e-07
51.48 -1.62041e-06
51.49 -3.80951e-06
51.5 -5.97997e-06
51.51 -8.12443e-06
51.52 -1.02356e-05
51.53 -1.23064e-05
51.54 -1.43298e-05
51.55 -1.62989e-05
51.56 -1.82073e-05
51.57 -2.00484e-05
51.58 -2.18162e-05
51.59 -2.35047e-05
51.6 -2.51085e-05
51.61 -2.66221e-05
51.62 -2.80406e-05
51.63 -2.93594e-05
51.64 -3.05742e-05
51.65 -3.1681e-05
51.66 -3.26765e-05
51.67 -3.35573e-05
51.68 -3.43208e-05
51.69 -3.49647e-05
51.7 -3.54869e-05
51.71 -3.58861e-05
51.72 -3.61612e-05
51.73 -3.63115e-05
51.74 -3.63368e-05
51.75 -3.62374e-05
51.76 -3.60138e-05
51.77 -3.56672e-05
51.78 -3.5199e-05
51.79 -3.46112e-05
51.8 -3.39061e-05
51.81 -3.30862e-05
51.82 -3.21549e-05
51.83 -3.11154e-05
51.84 -2.99716e-05
51.85 -2.87276e-05
51.86 -2.7388e-05
51.87 -2.59576e-05
51.88 -2.44414e-05
51.89 -2.28449e-05
51.9 -2.11736e-05
51.91 -1.94335e-05
51.92 -1.76307e-05
51.93 -1.57715e-05
51.94 -1.38623e-05
51.95 -1.19097e-05
51.96 -9.92061e-06
51.97 -7.90182e-06
51.98 -5.86031e-06
51.99 -3.8031e-06
52 -1.73724e-06
52.01 3.30179e-07
52.02 2.39211e-06
52.03 4.44151e-06
52.04 6.47141e-06
52.05 8.47491e-06
52.06 1.04452e-05
52.07 1.23757e-05
52.08 1.42599e-05
52.09 1.60913e-05
52.1 1.78639e-05
52.11 1.95718e-05
52.12 2.12092e-05
52.13 2.27707e-05
52.14 2.42512e-05
52.15 2.56457e-05
52.16 2.69497e-05
52.17 2.81589e-05
52.18 2.92695e-05
52.19 3.02779e-05
52.2 3.11808e-05
52.21 3.19754e-05
52.22 3.26592e-05
52.23 3.32303e-05
52.24 3.36868e-05
52.25 3.40276e-05
52.26 3.42517e-05
52.27 3.43586e-05
52.28 3.43484e-05
52.29 3.42212e-05
52.3 3.39779e-05
52.31 3.36195e-05
52.32 3.31475e-05
52.33 3.25639e-05
52.34 3.18709e-05
52.35 3.10712e-05
52.36 3.01677e-05
52.37 2.91638e-05
52.38 2.80632e-05
52.39 2.68698e-05
52.4 2.5588e-05
52.41 2.42223e-05
52.42 2.27776e-05
52.43 2.12591e-05
52.44 1.9672e-05
52.45 1.8022e-05
52.46 1.63149e-05
52.47 1.45566e-05
52.48 1.27532e-05
52.49 1.0911e-05
52.5 9.03631e-06
52.51 7.13571e-06
52.52 5.21569e-06
52.53 3.28286e-06
52.54 1.34384e-06
52.55 -5.94725e-07
52.56 -2.52622e-06
52.57 -4.44407e-06
52.58 -6.34174e-06
52.59 -8.21281e-06
52.6 -1.00509e-05
52.61 -1.18499e-05
52.62 -1.36037e-05
52.63 -1.53063e-05
52.64 -1.69522e-05
52.65 -1.85358e-05
52.66 -2.00517e-05
52.67 -2.14951e-05
52.68 -2.28611e-05
52.69 -2.41452e-05
52.7 -2.53433e-05
52.71 -2.64514e-05
52.72 -2.74659e-05
52.73 -2.83836e-05
52.74 -2.92017e-05
52.75 -2.99174e-05
52.76 -3.05287e-05
52.77 -3.10336e-05
52.78 -3.14308e-05
52.79 -3.17191e-05
52.8 -3.18978e-05
52.81 -3.19665e-05
52.82 -3.19253e-05
52.83 -3.17746e-05
52.84 -3.15151e-05
52.85 -3.11481e-05
52.86 -3.0675e-05
52.87 -3.00978e-05
52.88 -2.94185e-05
52.89 -2.86399e-05
52.9 -2.77648e-05
52.91 -2.67965e-05
52.92 -2.57384e-05
52.93 -2.45944e-05
52.94 -2.33686e-05
52.95 -2.20655e-05
52.96 -2.06895e-05
52.97 -1.92457e-05
52.98 -1.77391e-05
52.99 -1.61749e-05
53 -1.45587e-05
53.01 -1.28961e-05
53.02 -1.11929e-05
53.03 -9.45503e-06
53.04 -7.68843e-06
53.05 -5.89925e-06
53.06 -4.09363e-06
53.07 -2.27778e-06
53.08 -4.5794e-07
53.09 1.35968e-06
53.1 3.16887e-06
53.11 4.96346e-06
53.12 6.73737e-06
53.13 8.48457e-06
53.14 1.01992e-05
53.15 1.18753e-05
53.16 1.35075e-05
53.17 1.50901e-05
53.18 1.66179e-05
53.19 1.80857e-05
53.2 1.94888e-05
53.21 2.08224e-05
53.22 2.20821e-05
53.23 2.32639e-05
53.24 2.43638e-05
53.25 2.53783e-05
53.26 2.63041e-05
53.27 2.71382e-05
53.28 2.78781e-05
53.29 2.85213e-05
53.3 2.9066e-05
53.31 2.95106e-05
53.32 2.98536e-05
53.33 3.00943e-05
53.34 3.0232e-05
53.35 3.02665e-05
53.36 3.0198e-05
53.37 3.00269e-05
53.38 2.9754e-05
53.39 2.93807e-05
53.4 2.89083e-05
53.41 2.83387e-05
53.42 2.76741e-05
53.43 2.69171e-05
53.44 2.60704e-05
53.45 2.51371e-05
53.46 2.41206e-05
53.47 2.30247e-05
53.48 2.18532e-05
53.49 2.06103e-05
53.5 1.93005e-05
53.51 1.79283e-05
53.52 1.64986e-05
53.53 1.50165e-05
53.54 1.3487e-05
53.55 1.19156e-05
53.56 1.03077e-05
53.57 8.66884e-06
53.58 7.00472e-06
53.59 5.32108e-06
53.6 3.62371e-06
53.61 1.91845e-06
53.62 2.11121e-07
53.63 -1.49243e-06
53.64 -3.18639e-06
53.65 -4.865e-06
53.66 -6.52256e-06
53.67 -8.15345e-06
53.68 -9.75215e-06
53.69 -1.13133e-05
53.7 -1.28316e-05
53.71 -1.4302e-05
53.72 -1.57196e-05
53.73 -1.70796e-05
53.74 -1.83775e-05
53.75 -1.96091e-05
53.76 -2.07702e-05
53.77 -2.18572e-05
53.78 -2.28663e-05
53.79 -2.37944e-05
53.8 -2.46384e-05
53.81 -2.53958e-05
53.82 -2.6064e-05
53.83 -2.6641e-05
53.84 -2.71252e-05
53.85 -2.75149e-05
53.86 -2.78092e-05
53.87 -2.80072e-05
53.88 -2.81086e-05
53.89 -2.81131e-05
53.9 -2.8021e-05
53.91 -2.78329e-05
53.92 -2.75497e-05
53.93 -2.71724e-05
53.94 -2.67028e-05
53.95 -2.61425e-05
53.96 -2.54937e-05
53.97 -2.47589e-05
53.98 -2.39407e-05
53.99 -2.30422e-05
54 -2.20666e-05
54.01 -2.10174e-05
54.02 -1.98985e-05
54.03 -1.87137e-05
54.04 -1.74673e-05
54.05 -1.61637e-05
54.06 -1.48075e-05
54.07 -1.34034e-05
54.08 -1.19564e-05
54.09 -1.04714e-05
54.1 -8.95368e-06
54.11 -7.40846e-06
54.12 -5.84108e-06
54.13 -4.25695e-06
54.14 -2.66151e-06
54.15 -1.06025e-06
54.16 5.41363e-07
54.17 2.13785e-06
54.18 3.72376e-06
54.19 5.2937e-06
54.2 6.84235e-06
54.21 8.36446e-06
54.22 9.85489e-06
54.23 1.13086e-05
54.24 1.27207e-05
54.25 1.40866e-05
54.26 1.54015e-05
54.27 1.66611e-05
54.28 1.78614e-05
54.29 1.89982e-05
54.3 2.00678e-05
54.31 2.10668e-05
54.32 2.19919e-05
54.33 2.28402e-05
54.34 2.36088e-05
54.35 2.42953e-05
54.36 2.48977e-05
54.37 2.54139e-05
54.38 2.58426e-05
54.39 2.61824e-05
54.4 2.64323e-05
54.41 2.65918e-05
54.42 2.66605e-05
54.43 2.66384e-05
54.44 2.65258e-05
54.45 2.63233e-05
54.46 2.60318e-05
54.47 2.56525e-05
54.48 2.51869e-05
54.49 2.46369e-05
54.5 2.40045e-05
54.51 2.3292e-05
54.52 2.25022e-05
54.53 2.16378e-05
54.54 2.07021e-05
54.55 1.96983e-05
54.56 1.86301e-05
54.57 1.75013e-05
54.58 1.63158e-05
54.59 1.50779e-05
54.6 1.3792e-05
54.61 1.24624e-05
54.62 1.10939e-05
54.63 9.69117e-06
54.64 8.25916e-06
54.65 6.8028e-06
54.66 5.32711e-06
54.67 3.83719e-06
54.68 2.33815e-06
54.69 8.35127e-07
54.7 -6.66723e-07
54.71 -2.16228e-06
54.72 -3.64644e-06
54.73 -5.11417e-06
54.74 -6.56049e-06
54.75 -7.9805e-06
54.76 -9.36941e-06
54.77 -1.07225e-05
54.78 -1.20354e-05
54.79 -1.33035e-05
54.8 -1.45226e-05
54.81 -1.56888e-05
54.82 -1.67981e-05
54.83 -1.78469e-05
54.84 -1.88317e-05
54.85 -1.97493e-05
54.86 -2.05968e-05
54.87 -2.13713e-05
54.88 -2.20705e-05
54.89 -2.26921e-05
54.9 -2.32342e-05
54.91 -2.3695e-05
54.92 -2.40733e-05
54.93 -2.43679e-05
54.94 -2.45781e-05
54.95 -2.47032e-05
54.96 -2.47431e-05
54.97 -2.46979e-05
54.98 -2.45678e-05
54.99 -2.43536e-05
