0.01 -4.97037e-07
0.02 -4.97707e-07
0.03 -4.98109e-07
0.04 -4.93984e-07
0.05 -4.77524e-07
0.06 -4.41555e-07
0.07 -3.85118e-07
0.08 -3.15327e-07
0.09 -2.43242e-07
0.1 -1.76604e-07
0.11 -1.14796e-07
0.12 -4.92582e-08
0.13 3.15111e-08
0.14 1.35861e-07
0.15 2.65365e-07
0.16 4.15337e-07
0.17 5.78471e-07
0.18 7.48835e-07
0.19 9.23881e-07
0.2 1.10415e-06
0.21 1.29191e-06
0.22 1.4899e-06
0.23 1.70052e-06
0.24 1.92499e-06
0.25 2.16253e-06
0.26 2.41e-06
0.27 2.66248e-06
0.28 2.9152e-06
0.29 3.16659e-06
0.3 3.42002e-06
0.31 3.68068e-06
0.32 3.94867e-06
0.33 4.21487e-06
0.34 4.46463e-06
0.35 4.68657e-06
0.36 4.87903e-06
0.37 5.04903e-06
0.38 5.20531e-06
0.39 5.35217e-06
0.4 5.48975e-06
0.41 5.61836e-06
0.42 5.73933e-06
0.43 5.84963e-06
0.44 5.93591e-06
0.45 5.97626e-06
0.46 5.95142e-06
0.47 5.85788e-06
0.48 5.71189e-06
0.49 5.54131e-06
0.5 5.37217e-06
0.51 5.21701e-06
0.52 5.0683e-06
0.53 4.89987e-06
0.54 4.67864e-06
0.55 4.38179e-06
0.56 4.0089e-06
0.57 3.58115e-06
0.58 3.12904e-06
0.59 2.67708e-06
0.6 2.23423e-06
0.61 1.7935e-06
0.62 1.33841e-06
0.63 8.51725e-07
0.64 3.22834e-07
0.65 -2.49046e-07
0.66 -8.57788e-07
0.67 -1.49764e-06
0.68 -2.16733e-06
0.69 -2.86755e-06
0.7 -3.59619e-06
0.71 -4.34552e-06
0.72 -5.10282e-06
0.73 -5.85571e-06
0.74 -6.60165e-06
0.75 -7.35734e-06
0.76 -8.15707e-06
0.77 -9.02891e-06
0.78 -9.95835e-06
0.79 -1.08731e-05
0.8 -1.16753e-05
0.81 -1.23045e-05
0.82 -1.27797e-05
0.83 -1.31866e-05
0.84 -1.3624e-05
0.85 -1.4156e-05
0.86 -1.47988e-05
0.87 -1.55314e-05
0.88 -1.63065e-05
0.89 -1.70559e-05
0.9 -1.77038e-05
0.91 -1.81933e-05
0.92 -1.85108e-05
0.93 -1.86959e-05
0.94 -1.88235e-05
0.95 -1.89583e-05
0.96 -1.91101e-05
0.97 -1.9225e-05
0.98 -1.92255e-05
0.99 -1.90637e-05
1 -1.87452e-05
1.01 -1.83093e-05
1.02 -1.77889e-05
1.03 -1.71854e-05
1.04 -1.64733e-05
1.05 -1.56286e-05
1.06 -1.46567e-05
1.07 -1.35971e-05
1.08 -1.25086e-05
1.09 -1.14577e-05
1.1 -1.05135e-05
1.11 -9.73341e-06
1.12 -9.13449e-06
1.13 -8.6677e-06
1.14 -8.21928e-06
1.15 -7.65026e-06
1.16 -6.87484e-06
1.17 -5.94575e-06
1.18 -5.07736e-06
1.19 -4.55964e-06
1.2 -4.60307e-06
1.21 -5.2123e-06
1.22 -6.16228e-06
1.23 -7.09111e-06
1.24 -7.67238e-06
1.25 -7.78601e-06
1.26 -7.58819e-06
1.27 -7.4288e-06
1.28 -7.66047e-06
1.29 -8.46052e-06
1.3 -9.77727e-06
1.31 -1.14183e-05
1.32 -1.31951e-05
1.33 -1.5012e-05
1.34 -1.68564e-05
1.35 -1.87291e-05
1.36 -2.05877e-05
1.37 -2.23426e-05
1.38 -2.3906e-05
1.39 -2.5253e-05
1.4 -2.64408e-05
1.41 -2.75723e-05
1.42 -2.87383e-05
1.43 -2.99686e-05
1.44 -3.12045e-05
1.45 -3.23067e-05
1.46 -3.30896e-05
1.47 -3.33458e-05
1.48 -3.28617e-05
1.49 -3.14728e-05
1.5 -2.91737e-05
1.51 -2.62048e-05
1.52 -2.30076e-05
1.53 -2.00355e-05
1.54 -1.75233e-05
1.55 -1.53535e-05
1.56 -1.31119e-05
1.57 -1.03237e-05
1.58 -6.74167e-06
1.59 -2.49526e-06
1.6 1.99788e-06
1.61 6.28951e-06
1.62 1.01373e-05
1.63 1.35731e-05
1.64 1.68103e-05
1.65 2.00955e-05
1.66 2.35844e-05
1.67 2.72791e-05
1.68 3.10265e-05
1.69 3.45698e-05
1.7 3.76347e-05
1.71 4.00262e-05
1.72 4.17028e-05
1.73 4.27929e-05
1.74 4.35359e-05
1.75 4.41696e-05
1.76 4.48163e-05
1.77 4.54151e-05
1.78 4.57111e-05
1.79 4.53116e-05
1.8 4.38342e-05
1.81 4.11072e-05
1.82 3.73001e-05
1.83 3.28706e-05
1.84 2.83585e-05
1.85 2.41776e-05
1.86 2.05132e-05
1.87 1.73157e-05
1.88 1.43382e-05
1.89 1.12212e-05
1.9 7.63491e-06
1.91 3.44348e-06
1.92 -1.2008e-06
1.93 -5.89947e-06
1.94 -1.01726e-05
1.95 -1.36589e-05
1.96 -1.62467e-05
1.97 -1.8077e-05
1.98 -1.94326e-05
1.99 -2.05981e-05
2 -2.17731e-05
2.01 -2.30547e-05
2.02 -2.44445e-05
2.03 -2.58424e-05
2.04 -2.7052e-05
2.05 -2.7845e-05
2.06 -2.80611e-05
2.07 -2.76605e-05
2.08 -2.66869e-05
2.09 -2.51856e-05
2.1 -2.31714e-05
2.11 -2.0697e-05
2.12 -1.79712e-05
2.13 -1.5389e-05
2.14 -1.34004e-05
2.15 -1.22918e-05
2.16 -1.2028e-05
2.17 -1.2254e-05
2.18 -1.24391e-05
2.19 -1.20822e-05
2.2 -1.09113e-05
2.21 -9.02134e-06
2.22 -6.87953e-06
2.23 -5.15284e-06
2.24 -4.41479e-06
2.25 -4.87367e-06
2.26 -6.27123e-06
2.27 -8.01814e-06
2.28 -9.49185e-06
2.29 -1.03162e-05
2.3 -1.04692e-05
2.31 -1.02064e-05
2.32 -9.91341e-06
2.33 -9.97858e-06
2.34 -1.06889e-05
2.35 -1.2121e-05
2.36 -1.40588e-05
2.37 -1.60093e-05
2.38 -1.73614e-05
2.39 -1.76476e-05
2.4 -1.67774e-05
2.41 -1.50986e-05
2.42 -1.3242e-05
2.43 -1.18324e-05
2.44 -1.12173e-05
2.45 -1.13366e-05
2.46 -1.17623e-05
2.47 -1.18634e-05
2.48 -1.10234e-05
2.49 -8.84475e-06
2.5 -5.2902e-06
2.51 -7.36024e-07
2.52 4.08735e-06
2.53 8.30081e-06
2.54 1.12175e-05
2.55 1.26829e-05
2.56 1.31955e-05
2.57 1.36797e-05
2.58 1.50137e-05
2.59 1.76039e-05
2.6 2.12713e-05
2.61 2.54719e-05
2.62 2.96242e-05
2.63 3.3315e-05
2.64 3.6344e-05
2.65 3.87079e-05
2.66 4.058e-05
2.67 4.22343e-05
2.68 4.38915e-05
2.69 4.55868e-05
2.7 4.71832e-05
2.71 4.85215e-05
2.72 4.95722e-05
2.73 5.04711e-05
2.74 5.14386e-05
2.75 5.26514e-05
2.76 5.41359e-05
2.77 5.57475e-05
2.78 5.72631e-05
2.79 5.85415e-05
2.8 5.96407e-05
2.81 6.07954e-05
2.82 6.22465e-05
2.83 6.40512e-05
2.84 6.60208e-05
2.85 6.78278e-05
2.86 6.92005e-05
2.87 7.00813e-05
2.88 7.06663e-05
2.89 7.13148e-05
2.9 7.23745e-05
2.91 7.39966e-05
2.92 7.60289e-05
2.93 7.80531e-05
2.94 7.95601e-05
2.95 8.01754e-05
2.96 7.98163e-05
2.97 7.87064e-05
2.98 7.72548e-05
2.99 7.58701e-05
3 7.4793e-05
3.01 7.3999e-05
3.02 7.3194e-05
3.03 7.19139e-05
3.04 6.97078e-05
3.05 6.63269e-05
3.06 6.18142e-05
3.07 5.64451e-05
3.08 5.05606e-05
3.09 4.43946e-05
3.1 3.79908e-05
3.11 3.12466e-05
3.12 2.40403e-05
3.13 1.63493e-05
3.14 8.28525e-06
3.15 3.98864e-08
3.16 -8.20808e-06
3.17 -1.6353e-05
3.18 -2.43607e-05
3.19 -3.22486e-05
3.2 -4.00808e-05
3.21 -4.79507e-05
3.22 -5.59092e-05
3.23 -6.38745e-05
3.24 -7.16226e-05
3.25 -7.89121e-05
3.26 -8.56581e-05
3.27 -9.19824e-05
3.28 -9.80559e-05
3.29 -0.000103857
3.3 -0.000109067
3.31 -0.000113206
3.32 -0.000115878
3.33 -0.000116952
3.34 -0.00011658
3.35 -0.000115081
3.36 -0.000112825
3.37 -0.000110148
3.38 -0.00010729
3.39 -0.000104308
3.4 -0.000100987
3.41 -9.68546e-05
3.42 -9.13743e-05
3.43 -8.42468e-05
3.44 -7.56312e-05
3.45 -6.61243e-05
3.46 -5.64996e-05
3.47 -4.73689e-05
3.48 -3.89694e-05
3.49 -3.11682e-05
3.5 -2.36218e-05
3.51 -1.5971e-05
3.52 -7.99075e-06
3.53 3.36281e-07
3.54 8.82903e-06
3.55 1.71787e-05
3.56 2.50491e-05
3.57 3.21767e-05
3.58 3.84521e-05
3.59 4.39535e-05
3.6 4.88914e-05
3.61 5.34567e-05
3.62 5.76474e-05
3.63 6.11964e-05
3.64 6.36765e-05
3.65 6.47379e-05
3.66 6.43438e-05
3.67 6.28545e-05
3.68 6.08872e-05
3.69 5.90128e-05
3.7 5.74712e-05
3.71 5.60938e-05
3.72 5.4465e-05
3.73 5.21857e-05
3.74 4.90705e-05
3.75 4.52026e-05
3.76 4.08537e-05
3.77 3.63408e-05
3.78 3.19035e-05
3.79 2.76403e-05
3.8 2.35045e-05
3.81 1.93572e-05
3.82 1.50763e-05
3.83 1.06859e-05
3.84 6.43488e-06
3.85 2.75426e-06
3.86 8.33007e-08
3.87 -1.35283e-06
3.88 -1.68847e-06
3.89 -1.39699e-06
3.9 -1.09058e-06
3.91 -1.22354e-06
3.92 -1.86936e-06
3.93 -2.718e-06
3.94 -3.28854e-06
3.95 -3.21125e-06
3.96 -2.41397e-06
3.97 -1.13019e-06
3.98 2.46787e-07
3.99 1.36847e-06
4 2.08269e-06
4.01 2.45586e-06
4.02 2.67365e-06
4.03 2.90524e-06
4.04 3.21168e-06
4.05 3.51939e-06
4.06 3.64882e-06
4.07 3.38342e-06
4.08 2.54474e-06
4.09 1.03642e-06
4.1 -1.14179e-06
4.11 -3.89938e-06
4.12 -7.10109e-06
4.13 -1.06508e-05
4.14 -1.45356e-05
4.15 -1.87648e-05
4.16 -2.32632e-05
4.17 -2.78605e-05
4.18 -3.24243e-05
4.19 -3.7023e-05
4.2 -4.19487e-05
4.21 -4.7546e-05
4.22 -5.39634e-05
4.23 -6.09975e-05
4.24 -6.8113e-05
4.25 -7.46032e-05
4.26 -7.98254e-05
4.27 -8.34387e-05
4.28 -8.55423e-05
4.29 -8.66202e-05
4.3 -8.73141e-05
4.31 -8.81591e-05
4.32 -8.94153e-05
4.33 -9.1045e-05
4.34 -9.27982e-05
4.35 -9.43228e-05
4.36 -9.5256e-05
4.37 -9.53033e-05
4.38 -9.43069e-05
4.39 -9.2268e-05
4.4 -8.9303e-05
4.41 -8.55695e-05
4.42 -8.12171e-05
4.43 -7.64012e-05
4.44 -7.13298e-05
4.45 -6.62712e-05
4.46 -6.14718e-05
4.47 -5.7022e-05
4.48 -5.27709e-05
4.49 -4.83648e-05
4.5 -4.34021e-05
4.51 -3.76204e-05
4.52 -3.1025e-05
4.53 -2.39017e-05
4.54 -1.67019e-05
4.55 -9.8513e-06
4.56 -3.56377e-06
4.57 2.25789e-06
4.58 7.98164e-06
4.59 1.40626e-05
4.6 2.07967e-05
4.61 2.81583e-05
4.62 3.58371e-05
4.63 4.34547e-05
4.64 5.08044e-05
4.65 5.79538e-05
4.66 6.51622e-05
4.67 7.26969e-05
4.68 8.06699e-05
4.69 8.89776e-05
4.7 9.73468e-05
4.71 0.00010544
4.72 0.000112974
4.73 0.000119812
4.74 0.000126007
4.75 0.000131751
4.76 0.000137267
4.77 0.000142662
4.78 0.000147841
4.79 0.000152527
4.8 0.000156381
4.81 0.00015914
4.82 0.000160678
4.83 0.000160943
4.84 0.00015987
4.85 0.000157371
4.86 0.000153455
4.87 0.000148323
4.88 0.0001423
4.89 0.000135605
4.9 0.000128129
4.91 0.000119438
4.92 0.000109021
4.93 9.66235e-05
4.94 8.24289e-05
4.95 6.6955e-05
4.96 5.0774e-05
4.97 3.42764e-05
4.98 1.76316e-05
4.99 9.00552e-07
5 -1.5859e-05
5.01 -3.25957e-05
5.02 -4.93269e-05
5.03 -6.61444e-05
5.04 -8.31154e-05
5.05 -0.000100149
5.06 -0.000116939
5.07 -0.000133015
5.08 -0.000147897
5.09 -0.000161243
5.1 -0.000172946
5.11 -0.000183118
5.12 -0.000192008
5.13 -0.000199896
5.14 -0.000206972
5.15 -0.000213204
5.16 -0.000218281
5.17 -0.000221713
5.18 -0.000223101
5.19 -0.00022243
5.2 -0.00022015
5.21 -0.000216968
5.22 -0.000213476
5.23 -0.000209844
5.24 -0.000205799
5.25 -0.000200847
5.26 -0.000194591
5.27 -0.000186949
5.28 -0.000178211
5.29 -0.000168969
5.3 -0.000159971
5.31 -0.0001519
5.32 -0.000145096
5.33 -0.000139371
5.34 -0.00013406
5.35 -0.000128323
5.36 -0.000121499
5.37 -0.000113344
5.38 -0.000104065
5.39 -9.41768e-05
5.4 -8.4283e-05
5.41 -7.48669e-05
5.42 -6.6146e-05
5.43 -5.80464e-05
5.44 -5.03063e-05
5.45 -4.26233e-05
5.46 -3.47347e-05
5.47 -2.64034e-05
5.48 -1.73861e-05
5.49 -7.45591e-06
5.5 3.52775e-06
5.51 1.55661e-05
5.52 2.85305e-05
5.53 4.22396e-05
5.54 5.65671e-05
5.55 7.15025e-05
5.56 8.71088e-05
5.57 0.00010341
5.58 0.000120301
5.59 0.000137534
5.6 0.000154757
5.61 0.000171613
5.62 0.000187878
5.63 0.000203583
5.64 0.000219
5.65 0.000234479
5.66 0.000250197
5.67 0.000265965
5.68 0.000281197
5.69 0.000295081
5.7 0.00030686
5.71 0.000316079
5.72 0.000322676
5.73 0.00032692
5.74 0.000329284
5.75 0.000330302
5.76 0.000330387
5.77 0.000329634
5.78 0.000327711
5.79 0.000324001
5.8 0.000317945
5.81 0.000309375
5.82 0.000298615
5.83 0.000286308
5.84 0.000273065
5.85 0.00025915
5.86 0.000244372
5.87 0.000228267
5.88 0.000210443
5.89 0.000190844
5.9 0.000169803
5.91 0.000147931
5.92 0.000125933
5.93 0.000104418
5.94 8.37256e-05
5.95 6.38071e-05
5.96 4.42285e-05
5.97 2.43671e-05
5.98 3.75873e-06
5.99 -1.75737e-05
6 -3.90312e-05
6.01 -5.96828e-05
6.02 -7.87115e-05
6.03 -9.57887e-05
6.04 -0.000111155
6.05 -0.00012538
6.06 -0.000138979
6.07 -0.00015212
6.08 -0.000164569
6.09 -0.000175832
6.1 -0.000185418
6.11 -0.00019311
6.12 -0.000199122
6.13 -0.000204056
6.14 -0.000208633
6.15 -0.000213332
6.16 -0.00021815
6.17 -0.000222643
6.18 -0.000226218
6.19 -0.000228503
6.2 -0.000229585
6.21 -0.000230007
6.22 -0.000230581
6.23 -0.000232101
6.24 -0.000235095
6.25 -0.000239625
6.26 -0.000245208
6.27 -0.000250897
6.28 -0.000255601
6.29 -0.000258543
6.3 -0.000259633
6.31 -0.000259514
6.32 -0.000259218
6.33 -0.000259628
6.34 -0.000261034
6.35 -0.000263001
6.36 -0.000264602
6.37 -0.00026484
6.38 -0.000263041
6.39 -0.000259027
6.4 -0.000253058
6.41 -0.000245601
6.42 -0.000237087
6.43 -0.000227759
6.44 -0.000217648
6.45 -0.000206645
6.46 -0.000194588
6.47 -0.00018133
6.48 -0.000166751
6.49 -0.000150721
6.5 -0.000133073
6.51 -0.000113618
6.52 -9.2271e-05
6.53 -6.91965e-05
6.54 -4.4853e-05
6.55 -1.98855e-05
6.56 5.08276e-06
6.57 2.96355e-05
6.58 5.3638e-05
6.59 7.71983e-05
6.6 0.000100571
6.61 0.000124038
6.62 0.000147743
6.63 0.000171504
6.64 0.000194713
6.65 0.000216444
6.66 0.000235768
6.67 0.000252043
6.68 0.000264997
6.69 0.000274573
6.7 0.0002807
6.71 0.00028317
6.72 0.000281715
6.73 0.000276188
6.74 0.000266695
6.75 0.000253602
6.76 0.00023745
6.77 0.000218875
6.78 0.000198533
6.79 0.000177016
6.8 0.000154742
6.81 0.000131896
6.82 0.00010846
6.83 8.43623e-05
6.84 5.97169e-05
6.85 3.50339e-05
6.86 1.12144e-05
6.87 -1.0712e-05
6.88 -2.99331e-05
6.89 -4.60279e-05
6.9 -5.88504e-05
6.91 -6.82479e-05
6.92 -7.38602e-05
6.93 -7.51784e-05
6.94 -7.1843e-05
6.95 -6.39541e-05
6.96 -5.21254e-05
6.97 -3.72025e-05
6.98 -1.98212e-05
6.99 -9.41413e-08
7 2.23528e-05
7.01 4.79841e-05
7.02 7.68342e-05
7.03 0.000108186
7.04 0.000140639
7.05 0.00017251
7.06 0.00020233
7.07 0.000229199
7.08 0.000252895
7.09 0.000273755
7.1 0.000292387
7.11 0.000309257
7.12 0.000324249
7.13 0.000336318
7.14 0.000343445
7.15 0.00034307
7.16 0.000332956
7.17 0.000312151
7.18 0.000281513
7.19 0.000243484
7.2 0.000201213
7.21 0.000157461
7.22 0.000113817
7.23 7.05137e-05
7.24 2.68295e-05
7.25 -1.81953e-05
7.26 -6.50937e-05
7.27 -0.000113655
7.28 -0.000163018
7.29 -0.000211995
7.3 -0.000259415
7.31 -0.000304304
7.32 -0.000345865
7.33 -0.000383258
7.34 -0.00041526
7.35 -0.00044003
7.36 -0.000455184
7.37 -0.000458309
7.38 -0.000447759
7.39 -0.000423455
7.4 -0.0003873
7.41 -0.000342908
7.42 -0.000294618
7.43 -0.000246166
7.44 -0.000199597
7.45 -0.000154909
7.46 -0.000110518
7.47 -6.42744e-05
7.48 -1.45351e-05
7.49 3.91307e-05
7.5 9.58314e-05
7.51 0.000153786
7.52 0.000211055
7.53 0.000266226
7.54 0.000318753
7.55 0.000368829
7.56 0.000416845
7.57 0.000462646
7.58 0.000504874
7.59 0.000540789
7.6 0.000566848
7.61 0.000579976
7.62 0.000579005
7.63 0.000565493
7.64 0.000543392
7.65 0.000517706
7.66 0.000492778
7.67 0.00047094
7.68 0.000451964
7.69 0.000433445
7.7 0.000411934
7.71 0.000384426
7.72 0.00034967
7.73 0.000308783
7.74 0.000264893
7.75 0.000221918
7.76 0.000182961
7.77 0.000149039
7.78 0.000118716
7.79 8.87416e-05
7.8 5.53975e-05
7.81 1.59169e-05
7.82 -3.05462e-05
7.83 -8.26829e-05
7.84 -0.000137527
7.85 -0.000191489
7.86 -0.00024158
7.87 -0.000286383
7.88 -0.000326309
7.89 -0.000362981
7.9 -0.000398069
7.91 -0.000432221
7.92 -0.000464698
7.93 -0.000493862
7.94 -0.00051816
7.95 -0.000536991
7.96 -0.000550965
7.97 -0.000561487
7.98 -0.000570034
7.99 -0.000577589
8 -0.000584473
8.01 -0.000590487
8.02 -0.000595136
8.03 -0.000597771
8.04 -0.000597662
8.05 -0.000594122
8.06 -0.000586738
8.07 -0.00057562
8.08 -0.000561482
8.09 -0.000545451
8.1 -0.000528734
8.11 -0.000512292
8.12 -0.000496674
8.13 -0.000481954
8.14 -0.0004677
8.15 -0.000452998
8.16 -0.000436647
8.17 -0.000417576
8.18 -0.000395271
8.19 -0.000369943
8.2 -0.000342392
8.21 -0.000313696
8.22 -0.000284888
8.23 -0.000256637
8.24 -0.000228948
8.25 -0.000201029
8.26 -0.000171473
8.27 -0.000138813
8.28 -0.000102239
8.29 -6.2139e-05
8.3 -2.01391e-05
8.31 2.141e-05
8.32 6.0306e-05
8.33 9.53495e-05
8.34 0.000126782
8.35 0.000156086
8.36 0.000185276
8.37 0.000216053
8.38 0.000249193
8.39 0.000284369
8.4 0.000320379
8.41 0.000355664
8.42 0.000388943
8.43 0.000419725
8.44 0.000448481
8.45 0.000476371
8.46 0.000504618
8.47 0.00053383
8.48 0.000563544
8.49 0.000592184
8.5 0.000617487
8.51 0.000637309
8.52 0.000650508
8.53 0.00065741
8.54 0.000659556
8.55 0.00065883
8.56 0.000656484
8.57 0.000652596
8.58 0.000646198
8.59 0.000635897
8.6 0.000620587
8.61 0.000599916
8.62 0.000574304
8.63 0.000544626
8.64 0.000511776
8.65 0.00047635
8.66 0.000438541
8.67 0.000398222
8.68 0.000355151
8.69 0.00030921
8.7 0.000260592
8.71 0.000209837
8.72 0.000157737
8.73 0.000105175
8.74 5.29432e-05
8.75 1.59196e-06
8.76 -4.86829e-05
8.77 -9.805e-05
8.78 -0.00014691
8.79 -0.000195636
8.8 -0.000244284
8.81 -0.000292407
8.82 -0.000339031
8.83 -0.000382742
8.84 -0.000421764
8.85 -0.000454041
8.86 -0.000477525
8.87 -0.000490764
8.88 -0.000493573
8.89 -0.00048737
8.9 -0.000474853
8.91 -0.000459044
8.92 -0.000442176
8.93 -0.000425001
8.94 -0.000406904
8.95 -0.000386673
8.96 -0.000363397
8.97 -0.000337006
8.98 -0.000308273
8.99 -0.000278417
9 -0.00024857
9.01 -0.00021933
9.02 -0.000190571
9.03 -0.000161612
9.04 -0.000131687
9.05 -0.000100518
9.06 -6.86562e-05
9.07 -3.73992e-05
9.08 -8.30084e-06
9.09 1.74599e-05
9.1 3.94951e-05
9.11 5.81865e-05
9.12 7.4276e-05
9.13 8.83444e-05
9.14 0.000100493
9.15 0.000110358
9.16 0.000117323
9.17 0.0001207
9.18 0.000119824
9.19 0.000114164
9.2 0.000103577
9.21 8.85756e-05
9.22 7.03537e-05
9.23 5.04344e-05
9.24 3.01188e-05
9.25 1.01014e-05
9.26 -9.54717e-06
9.27 -2.91165e-05
9.28 -4.89442e-05
9.29 -6.92162e-05
9.3 -8.98917e-05
9.31 -0.000110671
9.32 -0.000130925
9.33 -0.000149608
9.34 -0.000165267
9.35 -0.000176236
9.36 -0.000180994
9.37 -0.000178511
9.38 -0.000168473
9.39 -0.00015129
9.4 -0.000127884
9.41 -9.92912e-05
9.42 -6.62252e-05
9.43 -2.88215e-05
9.44 1.33013e-05
9.45 6.06789e-05
9.46 0.000113505
9.47 0.000171187
9.48 0.000232073
9.49 0.000293458
9.5 0.000352028
9.51 0.000404743
9.52 0.000449842
9.53 0.000487367
9.54 0.00051877
9.55 0.000545715
9.56 0.000568709
9.57 0.000586374
9.58 0.000595792
9.59 0.00059374
9.6 0.000578106
9.61 0.000548675
9.62 0.000506948
9.63 0.000455324
9.64 0.000396263
9.65 0.000331904
9.66 0.000264076
9.67 0.00019436
9.68 0.000123951
9.69 5.34021e-05
9.7 -1.74725e-05
9.71 -8.93595e-05
9.72 -0.00016294
9.73 -0.000238395
9.74 -0.000315219
9.75 -0.000392418
9.76 -0.000468901
9.77 -0.000543678
9.78 -0.000615561
9.79 -0.000682416
9.8 -0.000740455
9.81 -0.000784409
9.82 -0.00080909
9.83 -0.000811886
9.84 -0.000794763
9.85 -0.000764253
9.86 -0.000729095
9.87 -0.00069675
9.88 -0.000670744
9.89 -0.000650124
9.9 -0.00063089
9.91 -0.000608324
9.92 -0.000579046
9.93 -0.000542088
9.94 -0.000498879
9.95 -0.000452367
9.96 -0.000405665
9.97 -0.000360751
9.98 -0.000317707
9.99 -0.000274835
10 -0.000229636
10.01 -0.000180226
10.02 -0.000126545
10.03 -7.06782e-05
10.04 -1.602e-05
10.05 3.43207e-05
10.06 7.89957e-05
10.07 0.000118953
10.08 0.000156789
10.09 0.000195339
10.1 0.000236253
10.11 0.000279181
10.12 0.000321783
10.13 0.000360497
10.14 0.000391714
10.15 0.000412961
10.16 0.000423681
10.17 0.000425353
10.18 0.000420909
10.19 0.000413717
10.2 0.000406517
10.21 0.000400772
10.22 0.00039662
10.23 0.00039336
10.24 0.00039015
10.25 0.000386566
10.26 0.000382813
10.27 0.000379551
10.28 0.000377475
10.29 0.000376835
10.3 0.000377118
10.31 0.000377079
10.32 0.000375212
10.33 0.000370486
10.34 0.00036302
10.35 0.00035429
10.36 0.000346727
10.37 0.0003428
10.38 0.000343965
10.39 0.000349976
10.4 0.000358871
10.41 0.000367661
10.42 0.000373378
10.43 0.00037406
10.44 0.000369392
10.45 0.000360853
10.46 0.000351307
10.47 0.00034405
10.48 0.00034159
10.49 0.000344633
10.5 0.000351804
10.51 0.000360271
10.52 0.000366952
10.53 0.000369668
10.54 0.000367697
10.55 0.000361594
10.56 0.00035257
10.57 0.000341822
10.58 0.000330107
10.59 0.00031761
10.6 0.000304031
10.61 0.000288774
10.62 0.000271165
10.63 0.000250668
10.64 0.000227025
10.65 0.0002003
10.66 0.000170786
10.67 0.00013889
10.68 0.000105115
10.69 7.01111e-05
10.7 3.46651e-05
10.71 -5.24101e-07
10.72 -3.51352e-05
10.73 -6.93127e-05
10.74 -0.000103427
10.75 -0.0001377
10.76 -0.000172
10.77 -0.00020594
10.78 -0.000239092
10.79 -0.00027111
10.8 -0.000301709
10.81 -0.000330594
10.82 -0.000357451
10.83 -0.000382033
10.84 -0.000404307
10.85 -0.000424574
10.86 -0.000443402
10.87 -0.000461347
10.88 -0.000478639
10.89 -0.000495073
10.9 -0.000510226
10.91 -0.000523824
10.92 -0.000535951
10.93 -0.000546948
10.94 -0.000557135
10.95 -0.000566685
10.96 -0.00057579
10.97 -0.000584875
10.98 -0.000594559
10.99 -0.00060527
11 -0.000616757
11.01 -0.000627919
11.02 -0.000637149
11.03 -0.000643045
11.04 -0.00064506
11.05 -0.000643634
11.06 -0.000639786
11.07 -0.000634428
11.08 -0.000627819
11.09 -0.000619396
11.1 -0.000607971
11.11 -0.000592177
11.12 -0.000571
11.13 -0.000544195
11.14 -0.0005124
11.15 -0.000476892
11.16 -0.000439147
11.17 -0.000400396
11.18 -0.000361302
11.19 -0.000321796
11.2 -0.000281133
11.21 -0.000238258
11.22 -0.000192401
11.23 -0.000143652
11.24 -9.31797e-05
11.25 -4.28965e-05
11.26 5.3031e-06
11.27 5.03703e-05
11.28 9.2562e-05
11.29 0.000133301
11.3 0.000174498
11.31 0.000217681
11.32 0.00026338
11.33 0.000311004
11.34 0.000359143
11.35 0.000405953
11.36 0.000449422
11.37 0.000487548
11.38 0.000518595
11.39 0.000541511
11.4 0.000556336
11.41 0.000564314
11.42 0.000567552
11.43 0.000568352
11.44 0.000568557
11.45 0.000569199
11.46 0.000570508
11.47 0.000572199
11.48 0.000573847
11.49 0.000575215
11.5 0.000576441
11.51 0.000578048
11.52 0.000580794
11.53 0.000585425
11.54 0.000592405
11.55 0.000601707
11.56 0.000612721
11.57 0.000624296
11.58 0.000634909
11.59 0.00064296
11.6 0.000647106
11.61 0.00064656
11.62 0.000641235
11.63 0.000631646
11.64 0.000618585
11.65 0.000602738
11.66 0.000584446
11.67 0.000563722
11.68 0.000540424
11.69 0.000514404
11.7 0.000485507
11.71 0.000453516
11.72 0.000418177
11.73 0.00037933
11.74 0.000337021
11.75 0.000291465
11.76 0.00024289
11.77 0.0001914
11.78 0.000137029
11.79 8.00276e-05
11.8 2.11639e-05
11.81 -3.82793e-05
11.82 -9.6963e-05
11.83 -0.000154193
11.84 -0.000210444
11.85 -0.00026737
11.86 -0.000327248
11.87 -0.000391989
11.88 -0.000462045
11.89 -0.000535634
11.9 -0.000608769
11.91 -0.000676319
11.92 -0.00073372
11.93 -0.000778569
11.94 -0.000811392
11.95 -0.000835296
11.96 -0.000854782
11.97 -0.000874212
11.98 -0.00089648
11.99 -0.00092232
12 -0.00095042
12.01 -0.000978269
12.02 -0.00100333
12.03 -0.00102404
12.04 -0.0010402
12.05 -0.00105263
12.06 -0.00106227
12.07 -0.00106941
12.08 -0.00107346
12.09 -0.00107342
12.1 -0.00106862
12.11 -0.00105922
12.12 -0.00104625
12.13 -0.0010311
12.14 -0.00101509
12.15 -0.000999031
12.16 -0.000982961
12.17 -0.00096608
12.18 -0.000946892
12.19 -0.000923726
12.2 -0.000895468
12.21 -0.00086212
12.22 -0.000824804
12.23 -0.00078516
12.24 -0.000744475
12.25 -0.00070307
12.26 -0.000660301
12.27 -0.000615085
12.28 -0.000566519
12.29 -0.000514105
12.3 -0.000457481
12.31 -0.000395936
12.32 -0.000328266
12.33 -0.000253246
12.34 -0.000170463
12.35 -8.08186e-05
12.36 1.38186e-05
12.37 0.000111663
12.38 0.000212015
12.39 0.000315555
12.4 0.000423822
12.41 0.000538294
12.42 0.000659538
12.43 0.000786645
12.44 0.000916943
12.45 0.0010459
12.46 0.00116716
12.47 0.00127297
12.48 0.00135558
12.49 0.00140986
12.5 0.00143607
12.51 0.0014409
12.52 0.00143539
12.53 0.00143047
12.54 0.00143275
12.55 0.00144255
12.56 0.00145489
12.57 0.00146261
12.58 0.00145988
12.59 0.00144465
12.6 0.001419
12.61 0.00138775
12.62 0.00135619
12.63 0.00132802
12.64 0.00130423
12.65 0.00128313
12.66 0.00126132
12.67 0.00123531
12.68 0.00120282
12.69 0.00116317
12.7 0.00111664
12.71 0.00106365
12.72 0.00100465
12.73 0.000940628
12.74 0.000873655
12.75 0.000806506
12.76 0.000741653
12.77 0.000680354
12.78 0.000622483
12.79 0.000566959
12.8 0.000512221
12.81 0.000456553
12.82 0.0003985
12.83 0.000337501
12.84 0.000274409
12.85 0.000211349
12.86 0.000150704
12.87 9.36222e-05
12.88 3.88896e-05
12.89 -1.69991e-05
12.9 -7.83298e-05
12.91 -0.000147912
12.92 -0.000225375
12.93 -0.000307024
12.94 -0.000387251
12.95 -0.000460604
12.96 -0.000523427
12.97 -0.00057446
12.98 -0.000614383
12.99 -0.000644748
13 -0.000666936
13.01 -0.000681641
13.02 -0.000688967
13.03 -0.000688906
13.04 -0.000681842
13.05 -0.000668827
13.06 -0.00065159
13.07 -0.000632253
13.08 -0.000612824
13.09 -0.000594669
13.1 -0.000578285
13.11 -0.00056353
13.12 -0.000550152
13.13 -0.000538194
13.14 -0.000527906
13.15 -0.000519215
13.16 -0.000511223
13.17 -0.000502284
13.18 -0.000490858
13.19 -0.000476656
13.2 -0.000461251
13.21 -0.000447623
13.22 -0.000438826
13.23 -0.000436603
13.24 -0.00044077
13.25 -0.000449582
13.26 -0.00046064
13.27 -0.000471772
13.28 -0.000481535
13.29 -0.000489396
13.3 -0.000495752
13.31 -0.00050183
13.32 -0.000509352
13.33 -0.000519953
13.34 -0.000534566
13.35 -0.000553124
13.36 -0.000574773
13.37 -0.000598432
13.38 -0.000623313
13.39 -0.000649048
13.4 -0.000675394
13.41 -0.00070185
13.42 -0.000727549
13.43 -0.000751588
13.44 -0.000773496
13.45 -0.000793443
13.46 -0.000811993
13.47 -0.000829565
13.48 -0.000845956
13.49 -0.000860117
13.5 -0.000870202
13.51 -0.000873983
13.52 -0.000869656
13.53 -0.000856745
13.54 -0.00083654
13.55 -0.000811649
13.56 -0.000784834
13.57 -0.000757824
13.58 -0.000730742
13.59 -0.000702399
13.6 -0.000671142
13.61 -0.00063581
13.62 -0.000596387
13.63 -0.000554139
13.64 -0.000511148
13.65 -0.000469357
13.66 -0.000429505
13.67 -0.000390535
13.68 -0.000349861
13.69 -0.000304444
13.7 -0.000252172
13.71 -0.000192847
13.72 -0.000128261
13.73 -6.13597e-05
13.74 5.02077e-06
13.75 6.92468e-05
13.76 0.000131373
13.77 0.000192895
13.78 0.000255911
13.79 0.000322026
13.8 0.000391484
13.81 0.000462888
13.82 0.000533608
13.83 0.000600622
13.84 0.000661402
13.85 0.000714521
13.86 0.000759836
13.87 0.000798229
13.88 0.000831016
13.89 0.000859329
13.9 0.000883774
13.91 0.000904485
13.92 0.000921427
13.93 0.000934657
13.94 0.000944306
13.95 0.000950309
13.96 0.000952121
13.97 0.000948722
13.98 0.000938995
13.99 0.000922268
14 0.000898666
14.01 0.00086907
14.02 0.000834797
14.03 0.000797238
14.04 0.000757596
14.05 0.000716701
14.06 0.000674872
14.07 0.000631867
14.08 0.000587002
14.09 0.000539499
14.1 0.000489038
14.11 0.000436353
14.12 0.000383489
14.13 0.00033336
14.14 0.000288667
14.15 0.000250723
14.16 0.000218905
14.17 0.000191112
14.18 0.000164965
14.19 0.000139048
14.2 0.0001135
14.21 8.97973e-05
14.22 7.01237e-05
14.23 5.68302e-05
14.24 5.20823e-05
14.25 5.74178e-05
14.26 7.30596e-05
14.27 9.73397e-05
14.28 0.000126888
14.29 0.000157876
14.3 0.00018778
14.31 0.000216563
14.32 0.000246439
14.33 0.000280342
14.34 0.000320107
14.35 0.000365488
14.36 0.000414446
14.37 0.00046421
14.38 0.000512276
14.39 0.000556802
14.4 0.000596506
14.41 0.000630439
14.42 0.000657878
14.43 0.000678384
14.44 0.000691929
14.45 0.000699006
14.46 0.000700615
14.47 0.000698076
14.48 0.000692702
14.49 0.000685461
14.5 0.000676773
14.51 0.000666562
14.52 0.000654485
14.53 0.000640287
14.54 0.000624132
14.55 0.000606783
14.56 0.000589509
14.57 0.000573679
14.58 0.000560175
14.59 0.000548902
14.6 0.000538684
14.61 0.000527626
14.62 0.000513771
14.63 0.000495731
14.64 0.00047305
14.65 0.000446203
14.66 0.000416312
14.67 0.000384683
14.68 0.000352339
14.69 0.000319695
14.7 0.000286461
14.71 0.000251789
14.72 0.000214593
14.73 0.000173931
14.74 0.000129317
14.75 8.08391e-05
14.76 2.90159e-05
14.77 -2.55276e-05
14.78 -8.24003e-05
14.79 -0.000141622
14.8 -0.000203528
14.81 -0.000268458
14.82 -0.000336396
14.83 -0.000406795
14.84 -0.000478687
14.85 -0.000551
14.86 -0.000622836
14.87 -0.00069348
14.88 -0.000762164
14.89 -0.000827831
14.9 -0.000889112
14.91 -0.000944533
14.92 -0.000992802
14.93 -0.00103305
14.94 -0.00106498
14.95 -0.00108902
14.96 -0.00110629
14.97 -0.00111847
14.98 -0.0011276
14.99 -0.00113558
15 -0.0011438
15.01 -0.00115282
15.02 -0.00116226
15.03 -0.0011711
15.04 -0.00117821
15.05 -0.0011828
15.06 -0.00118466
15.07 -0.00118412
15.08 -0.00118164
15.09 -0.00117755
15.1 -0.00117188
15.11 -0.00116433
15.12 -0.00115436
15.13 -0.00114137
15.14 -0.00112491
15.15 -0.00110484
15.16 -0.00108138
15.17 -0.00105494
15.18 -0.00102585
15.19 -0.000994307
15.2 -0.000960473
15.21 -0.000924721
15.22 -0.000887788
15.23 -0.000850715
15.24 -0.000814578
15.25 -0.000780135
15.26 -0.000747549
15.27 -0.000716323
15.28 -0.000685476
15.29 -0.000653915
15.3 -0.000620774
15.31 -0.000585562
15.32 -0.000548111
15.33 -0.000508457
15.34 -0.000466758
15.35 -0.000423277
15.36 -0.000378323
15.37 -0.000332111
15.38 -0.000284578
15.39 -0.000235288
15.4 -0.000183524
15.41 -0.000128542
15.42 -6.9849e-05
15.43 -7.34047e-06
15.44 5.87403e-05
15.45 0.000127921
15.46 0.000199567
15.47 0.000272853
15.48 0.000346745
15.49 0.000420095
15.5 0.000491868
15.51 0.000561348
15.52 0.000628138
15.53 0.000691853
15.54 0.000751665
15.55 0.000806043
15.56 0.000852937
15.57 0.00089039
15.58 0.000917297
15.59 0.000933887
15.6 0.00094171
15.61 0.000943191
15.62 0.00094101
15.63 0.000937504
15.64 0.000934181
15.65 0.000931452
15.66 0.000928749
15.67 0.00092504
15.68 0.000919555
15.69 0.00091235
15.7 0.000904397
15.71 0.000897133
15.72 0.000891728
15.73 0.000888512
15.74 0.000886847
15.75 0.000885424
15.76 0.000882741
15.77 0.000877522
15.78 0.000868946
15.79 0.000856708
15.8 0.000840948
15.81 0.000822092
15.82 0.000800636
15.83 0.000776958
15.84 0.00075124
15.85 0.000723542
15.86 0.000693947
15.87 0.000662654
15.88 0.000629942
15.89 0.000596059
15.9 0.000561142
15.91 0.000525257
15.92 0.000488527
15.93 0.000451182
15.94 0.000413479
15.95 0.000375569
15.96 0.000337431
15.97 0.000298944
15.98 0.000260001
15.99 0.000220545
16 0.000180479
16.01 0.000139497
16.02 9.70385e-05
16.03 5.24929e-05
16.04 5.56748e-06
16.05 -4.34458e-05
16.06 -9.37078e-05
16.07 -0.000144105
16.08 -0.000193498
16.09 -0.000240768
16.1 -0.000284701
16.11 -0.00032399
16.12 -0.000357546
16.13 -0.000384929
16.14 -0.000406533
16.15 -0.000423271
16.16 -0.000435963
16.17 -0.000444888
16.18 -0.000449835
16.19 -0.00045055
16.2 -0.00044715
16.21 -0.000440186
16.22 -0.000430383
16.23 -0.000418323
16.24 -0.000404304
16.25 -0.000388475
16.26 -0.000371108
16.27 -0.000352806
16.28 -0.000334458
16.29 -0.000316985
16.3 -0.000301057
16.31 -0.000287
16.32 -0.000274914
16.33 -0.000264856
16.34 -0.000256926
16.35 -0.000251228
16.36 -0.000247781
16.37 -0.000246483
16.38 -0.000247139
16.39 -0.000249515
16.4 -0.000253393
16.41 -0.000258612
16.42 -0.000265113
16.43 -0.000272939
16.44 -0.000282154
16.45 -0.000292669
16.46 -0.000304066
16.47 -0.000315538
16.48 -0.000326045
16.49 -0.000334631
16.5 -0.000340712
16.51 -0.000344139
16.52 -0.000345013
16.53 -0.000343392
16.54 -0.000339049
16.55 -0.000331368
16.56 -0.000319367
16.57 -0.000301816
16.58 -0.000277449
16.59 -0.000245274
16.6 -0.000204859
16.61 -0.000156474
16.62 -0.000100984
16.63 -3.95601e-05
16.64 2.66328e-05
16.65 9.66683e-05
16.66 0.000169949
16.67 0.000246169
16.68 0.000325186
16.69 0.000406845
16.7 0.000490821
16.71 0.000576487
16.72 0.00066273
16.73 0.000747633
16.74 0.000828078
16.75 0.000899538
16.76 0.000956559
16.77 0.000994201
16.78 0.00101006
16.79 0.00100575
16.8 0.000986781
16.81 0.000960607
16.82 0.000933809
16.83 0.000909791
16.84 0.000888034
16.85 0.000865003
16.86 0.000836086
16.87 0.000797679
16.88 0.000748612
16.89 0.000690437
16.9 0.000626581
16.91 0.000560752
16.92 0.000495264
16.93 0.000429934
16.94 0.000362036
16.95 0.000287397
16.96 0.000202191
16.97 0.000104644
16.98 -4.154e-06
16.99 -0.000120728
17 -0.000240805
17.01 -0.000361241
17.02 -0.000481245
17.03 -0.000602212
17.04 -0.000726311
17.05 -0.000854716
17.06 -0.000986242
17.07 -0.00111641
17.08 -0.0012369
17.09 -0.00133625
17.1 -0.00140329
17.11 -0.00143258
17.12 -0.00142851
17.13 -0.00140455
17.14 -0.00137757
17.15 -0.00136073
17.16 -0.00135882
17.17 -0.00136772
17.18 -0.00137761
17.19 -0.00137805
17.2 -0.00136289
17.21 -0.00133273
17.22 -0.00129432
17.23 -0.00125715
17.24 -0.00122918
17.25 -0.0012135
17.26 -0.0012072
17.27 -0.00120305
17.28 -0.00119287
17.29 -0.00117123
17.3 -0.00113762
17.31 -0.00109627
17.32 -0.00105393
17.33 -0.00101694
17.34 -0.00098877
17.35 -0.000968813
17.36 -0.000952866
17.37 -0.000934871
17.38 -0.000909347
17.39 -0.000873513
17.4 -0.000828186
17.41 -0.000777127
17.42 -0.000725187
17.43 -0.000676187
17.44 -0.000631482
17.45 -0.000589711
17.46 -0.000547643
17.47 -0.000501612
17.48 -0.000448917
17.49 -0.0003887
17.5 -0.000321975
17.51 -0.000250886
17.52 -0.000177529
17.53 -0.000102885
17.54 -2.63599e-05
17.55 5.38741e-05
17.56 0.000139932
17.57 0.000233159
17.58 0.000333452
17.59 0.000439219
17.6 0.000547847
17.61 0.000656345
17.62 0.000761805
17.63 0.000861548
17.64 0.000953016
17.65 0.00103365
17.66 0.00110107
17.67 0.00115369
17.68 0.00119169
17.69 0.00121758
17.7 0.00123581
17.71 0.00125154
17.72 0.00126902
17.73 0.00129044
17.74 0.00131558
17.75 0.00134233
17.76 0.00136789
17.77 0.00139006
17.78 0.00140812
17.79 0.00142296
17.8 0.00143642
17.81 0.00145022
17.82 0.00146516
17.83 0.00148071
17.84 0.00149512
17.85 0.00150606
17.86 0.0015113
17.87 0.00150949
17.88 0.00150056
17.89 0.00148572
17.9 0.00146694
17.91 0.00144624
17.92 0.00142499
17.93 0.00140363
17.94 0.00138179
17.95 0.00135888
17.96 0.00133445
17.97 0.0013084
17.98 0.00128085
17.99 0.00125186
18 0.00122134
18.01 0.00118906
18.02 0.00115479
18.03 0.00111834
18.04 0.00107951
18.05 0.00103826
18.06 0.000994881
18.07 0.000950031
18.08 0.000904559
18.09 0.000859052
18.1 0.000813439
18.11 0.000766865
18.12 0.0007179
18.13 0.000664953
18.14 0.000606684
18.15 0.000542255
18.16 0.000471356
18.17 0.000394021
18.18 0.000310351
18.19 0.000220303
18.2 0.000123672
18.21 2.02379e-05
18.22 -9.00315e-05
18.23 -0.000206931
18.24 -0.000330193
18.25 -0.000459794
18.26 -0.000596062
18.27 -0.000739218
18.28 -0.000888326
18.29 -0.00104021
18.3 -0.00118897
18.31 -0.00132626
18.32 -0.00144221
18.33 -0.0015274
18.34 -0.00157632
18.35 -0.0015909
18.36 -0.00158154
18.37 -0.00156374
18.38 -0.00155199
18.39 -0.00155423
18.4 -0.00156934
18.41 -0.00158871
18.42 -0.00160084
18.43 -0.00159687
18.44 -0.00157429
18.45 -0.00153726
18.46 -0.00149387
18.47 -0.001452
18.48 -0.00141611
18.49 -0.00138598
18.5 -0.00135751
18.51 -0.00132502
18.52 -0.00128397
18.53 -0.00123308
18.54 -0.00117493
18.55 -0.00111475
18.56 -0.00105817
18.57 -0.00100883
18.58 -0.000966889
18.59 -0.000929041
18.6 -0.000889978
18.61 -0.000844551
18.62 -0.000789758
18.63 -0.000725699
18.64 -0.000655176
18.65 -0.00058222
18.66 -0.000510304
18.67 -0.000441119
18.68 -0.000374357
18.69 -0.000308432
18.7 -0.000241572
18.71 -0.000172702
18.72 -0.000101739
18.73 -2.93258e-05
18.74 4.37766e-05
18.75 0.000117305
18.76 0.000191816
18.77 0.00026846
18.78 0.000348189
18.79 0.00043073
18.8 0.000513885
18.81 0.000593523
18.82 0.000664294
18.83 0.000720749
18.84 0.000758615
18.85 0.000776027
18.86 0.000774428
18.87 0.000758641
18.88 0.000735712
18.89 0.000712745
18.9 0.000694571
18.91 0.000682337
18.92 0.000673645
18.93 0.000664042
18.94 0.000649085
18.95 0.000626091
18.96 0.000594974
18.97 0.000558004
18.98 0.000518753
18.99 0.000480704
19 0.0004461
19.01 0.000415438
19.02 0.000387718
19.03 0.000361219
19.04 0.000334401
19.05 0.000306516
19.06 0.000277738
19.07 0.000248833
19.08 0.000220591
19.09 0.000193329
19.1 0.000166688
19.11 0.000139828
19.12 0.000111894
19.13 8.25425e-05
19.14 5.22601e-05
19.15 2.23298e-05
19.16 -5.53234e-06
19.17 -2.97098e-05
19.18 -4.91908e-05
19.19 -6.38561e-05
19.2 -7.44321e-05
19.21 -8.2135e-05
19.22 -8.81724e-05
19.23 -9.32985e-05
19.24 -9.75498e-05
19.25 -0.000100235
19.26 -0.000100207
19.27 -9.63427e-05
19.28 -8.8028e-05
19.29 -7.54152e-05
19.3 -5.93407e-05
19.31 -4.09595e-05
19.32 -2.12767e-05
19.33 -7.96697e-07
19.34 2.05569e-05
19.35 4.32439e-05
19.36 6.77574e-05
19.37 9.43045e-05
19.38 0.000122661
19.39 0.000152239
19.4 0.000182317
19.41 0.000212323
19.42 0.000242066
19.43 0.000271835
19.44 0.000302291
19.45 0.000334201
19.46 0.000368096
19.47 0.000403969
19.48 0.000441148
19.49 0.000478396
19.5 0.000514251
19.51 0.000547408
19.52 0.000576992
19.53 0.000602603
19.54 0.000624239
19.55 0.0006422
19.56 0.000656962
19.57 0.000669012
19.58 0.000678637
19.59 0.000685797
19.6 0.000690124
19.61 0.000691042
19.62 0.000687954
19.63 0.000680423
19.64 0.000668309
19.65 0.000651813
19.66 0.000631415
19.67 0.000607743
19.68 0.000581411
19.69 0.000552904
19.7 0.000522576
19.71 0.000490749
19.72 0.000457817
19.73 0.000424254
19.74 0.000390501
19.75 0.000356804
19.76 0.000323122
19.77 0.000289139
19.78 0.000254417
19.79 0.000218644
19.8 0.000181881
19.81 0.000144689
19.82 0.000108067
19.83 7.31996e-05
19.84 4.11323e-05
19.85 1.2495e-05
19.86 -1.25986e-05
19.87 -3.4434e-05
19.88 -5.34272e-05
19.89 -6.98579e-05
19.9 -8.37363e-05
19.91 -9.48124e-05
19.92 -0.000102649
19.93 -0.000106703
19.94 -0.000106444
19.95 -0.000101532
19.96 -9.20015e-05
19.97 -7.83348e-05
19.98 -6.13772e-05
19.99 -4.21275e-05
20 -2.1516e-05
20.01 -2.63926e-07
20.02 2.11348e-05
20.03 4.23206e-05
20.04 6.29213e-05
20.05 8.2443e-05
20.06 0.000100275
20.07 0.000115798
20.08 0.000128494
20.09 0.000137976
20.1 0.000143906
20.11 0.000145853
20.12 0.000143205
20.13 0.000135194
20.14 0.000121081
20.15 0.000100401
20.16 7.31664e-05
20.17 3.98771e-05
20.18 1.35076e-06
20.19 -4.15156e-05
20.2 -8.79147e-05
20.21 -0.000137193
20.22 -0.000188851
20.23 -0.000242513
20.24 -0.000297867
20.25 -0.000354585
20.26 -0.000412275
20.27 -0.000470437
20.28 -0.000528367
20.29 -0.000584998
20.3 -0.000638763
20.31 -0.000687656
20.32 -0.0007296
20.33 -0.00076303
20.34 -0.000787402
20.35 -0.000803364
20.36 -0.000812471
20.37 -0.000816598
20.38 -0.00081734
20.39 -0.000815631
20.4 -0.000811706
20.41 -0.000805364
20.42 -0.000796378
20.43 -0.000784855
20.44 -0.000771383
20.45 -0.00075688
20.46 -0.00074221
20.47 -0.00072775
20.48 -0.000713146
20.49 -0.000697383
20.5 -0.000679148
20.51 -0.000657357
20.52 -0.000631641
20.53 -0.000602607
20.54 -0.000571763
20.55 -0.000541082
20.56 -0.000512334
20.57 -0.000486469
20.58 -0.000463339
20.59 -0.00044188
20.6 -0.000420625
20.61 -0.000398279
20.62 -0.000374114
20.63 -0.000348073
20.64 -0.000320601
20.65 -0.000292343
20.66 -0.000263878
20.67 -0.000235599
20.68 -0.000207743
20.69 -0.000180478
20.7 -0.000153951
20.71 -0.000128253
20.72 -0.000103346
20.73 -7.90373e-05
20.74 -5.50232e-05
20.75 -3.0967e-05
20.76 -6.58674e-06
20.77 1.82597e-05
20.78 4.35101e-05
20.79 6.88933e-05
20.8 9.40145e-05
20.81 0.000118511
20.82 0.000142206
20.83 0.000165176
20.84 0.000187688
20.85 0.000210056
20.86 0.000232528
20.87 0.000255265
20.88 0.000278421
20.89 0.000302186
20.9 0.000326721
20.91 0.000352026
20.92 0.000377852
20.93 0.000403764
20.94 0.000429222
20.95 0.000453609
20.96 0.000476187
20.97 0.00049611
20.98 0.000512536
20.99 0.000524849
21 0.00053286
21.01 0.000536892
21.02 0.000537658
21.03 0.000535925
21.04 0.000532122
21.05 0.000526098
21.06 0.000517168
21.07 0.000504402
21.08 0.00048697
21.09 0.000464386
21.1 0.0004366
21.11 0.000403962
21.12 0.000367081
21.13 0.000326617
21.14 0.000283066
21.15 0.000236617
21.16 0.000187134
21.17 0.000134266
21.18 7.76653e-05
21.19 1.7212e-05
21.2 -4.68373e-05
21.21 -0.000113842
21.22 -0.000182938
21.23 -0.000253333
21.24 -0.000324576
21.25 -0.000396562
21.26 -0.000469176
21.27 -0.000541773
21.28 -0.000612821
21.29 -0.000679966
21.3 -0.00074043
21.31 -0.000791545
21.32 -0.00083132
21.33 -0.000858985
21.34 -0.000875373
21.35 -0.000882845
21.36 -0.000884595
21.37 -0.000883579
21.38 -0.000881579
21.39 -0.000878844
21.4 -0.00087436
21.41 -0.000866575
21.42 -0.000854224
21.43 -0.000836965
21.44 -0.000815516
21.45 -0.000791278
21.46 -0.000765613
21.47 -0.000739209
21.48 -0.000711869
21.49 -0.000682765
21.5 -0.000650914
21.51 -0.000615589
21.52 -0.000576523
21.53 -0.000533945
21.54 -0.000488492
21.55 -0.000440988
21.56 -0.000392099
21.57 -0.000342
21.58 -0.000290246
21.59 -0.000235928
21.6 -0.00017808
21.61 -0.000116151
21.62 -5.03058e-05
21.63 1.86153e-05
21.64 8.94508e-05
21.65 0.000161187
21.66 0.000233283
21.67 0.0003057
21.68 0.000378624
21.69 0.000452008
21.7 0.000525151
21.71 0.000596522
21.72 0.000663891
21.73 0.000724677
21.74 0.000776426
21.75 0.000817353
21.76 0.000846873
21.77 0.000865946
21.78 0.000876988
21.79 0.00088324
21.8 0.000887768
21.81 0.000892524
21.82 0.00089791
21.83 0.000903047
21.84 0.000906563
21.85 0.000907459
21.86 0.000905634
21.87 0.000901871
21.88 0.000897345
21.89 0.000892977
21.9 0.000888988
21.91 0.000884842
21.92 0.000879553
21.93 0.00087212
21.94 0.000861912
21.95 0.000848891
21.96 0.00083364
21.97 0.000817185
21.98 0.000800608
21.99 0.000784558
22 0.000768913
22.01 0.00075279
22.02 0.000734942
22.03 0.000714312
22.04 0.000690438
22.05 0.000663532
22.06 0.000634248
22.07 0.000603308
22.08 0.000571185
22.09 0.000537973
22.1 0.000503447
22.11 0.000467241
22.12 0.000429024
22.13 0.000388606
22.14 0.000345947
22.15 0.000301093
22.16 0.000254101
22.17 0.000204964
22.18 0.000153541
22.19 9.95404e-05
22.2 4.26138e-05
22.21 -1.7457e-05
22.22 -8.05749e-05
22.23 -0.000146275
22.24 -0.000213852
22.25 -0.000282592
22.26 -0.000351943
22.27 -0.000421522
22.28 -0.000490947
22.29 -0.000559565
22.3 -0.000626227
22.31 -0.000689294
22.32 -0.000746866
22.33 -0.000797143
22.34 -0.000838773
22.35 -0.000871138
22.36 -0.000894554
22.37 -0.000910315
22.38 -0.000920451
22.39 -0.000927199
22.4 -0.000932361
22.41 -0.000936845
22.42 -0.000940577
22.43 -0.000942797
22.44 -0.000942598
22.45 -0.000939467
22.46 -0.000933581
22.47 -0.000925716
22.48 -0.000916842
22.49 -0.000907638
22.5 -0.000898204
22.51 -0.000888091
22.52 -0.000876589
22.53 -0.000863091
22.54 -0.000847369
22.55 -0.000829663
22.56 -0.000810586
22.57 -0.000790942
22.58 -0.000771494
22.59 -0.000752714
22.6 -0.000734567
22.61 -0.000716502
22.62 -0.000697731
22.63 -0.000677649
22.64 -0.000656111
22.65 -0.000633376
22.66 -0.000609837
22.67 -0.000585768
22.68 -0.000561226
22.69 -0.000536081
22.7 -0.000510103
22.71 -0.000483071
22.72 -0.000454857
22.73 -0.000425432
22.74 -0.000394763
22.75 -0.000362705
22.76 -0.00032898
22.77 -0.000293262
22.78 -0.000255304
22.79 -0.000215025
22.8 -0.000172536
22.81 -0.000128093
22.82 -8.20219e-05
22.83 -3.46511e-05
22.84 1.37437e-05
22.85 6.30023e-05
22.86 0.00011314
22.87 0.000164331
22.88 0.000216796
22.89 0.000270637
22.9 0.000325716
22.91 0.000381607
22.92 0.000437615
22.93 0.000492841
22.94 0.000546286
22.95 0.000596994
22.96 0.000644182
22.97 0.000687295
22.98 0.000725946
22.99 0.00075983
23 0.000788703
23.01 0.000812459
23.02 0.00083118
23.03 0.000845151
23.04 0.000854829
23.05 0.000860833
23.06 0.000863875
23.07 0.000864595
23.08 0.000863344
23.09 0.000860071
23.1 0.000854437
23.11 0.000846114
23.12 0.000835053
23.13 0.000821541
23.14 0.00080602
23.15 0.000788868
23.16 0.000770277
23.17 0.000750297
23.18 0.000728933
23.19 0.000706243
23.2 0.000682363
23.21 0.000657479
23.22 0.000631727
23.23 0.000605104
23.24 0.000577434
23.25 0.000548428
23.26 0.000517776
23.27 0.000485251
23.28 0.000450812
23.29 0.000414682
23.3 0.000377332
23.31 0.000339352
23.32 0.00030123
23.33 0.000263143
23.34 0.000224902
23.35 0.000186089
23.36 0.000146297
23.37 0.00010531
23.38 6.31483e-05
23.39 1.99984e-05
23.4 -2.38712e-05
23.41 -6.81247e-05
23.42 -0.000112312
23.43 -0.000155857
23.44 -0.000198129
23.45 -0.000238537
23.46 -0.000276557
23.47 -0.00031168
23.48 -0.00034336
23.49 -0.000371025
23.5 -0.000394159
23.51 -0.000412406
23.52 -0.000425646
23.53 -0.00043399
23.54 -0.000437684
23.55 -0.000436991
23.56 -0.00043215
23.57 -0.000423412
23.58 -0.000411077
23.59 -0.000395479
23.6 -0.000376908
23.61 -0.000355563
23.62 -0.00033155
23.63 -0.000304941
23.64 -0.000275869
23.65 -0.000244583
23.66 -0.000211407
23.67 -0.000176643
23.68 -0.0001405
23.69 -0.000103098
23.7 -6.44916e-05
23.71 -2.47036e-05
23.72 1.6228e-05
23.73 5.81588e-05
23.74 0.000100747
23.75 0.000143433
23.76 0.000185507
23.77 0.000226211
23.78 0.000264807
23.79 0.000300605
23.8 0.000332962
23.81 0.000361275
23.82 0.000384983
23.83 0.000403598
23.84 0.000416758
23.85 0.000424282
23.86 0.000426209
23.87 0.000422829
23.88 0.000414657
23.89 0.000402304
23.9 0.000386274
23.91 0.000366792
23.92 0.0003438
23.93 0.000317118
23.94 0.000286627
23.95 0.000252369
23.96 0.000214515
23.97 0.000173273
23.98 0.000128838
23.99 8.13689e-05
24 3.10038e-05
24.01 -2.2124e-05
24.02 -7.7854e-05
24.03 -0.000135977
24.04 -0.000196227
24.05 -0.000258261
24.06 -0.000321619
24.07 -0.000385696
24.08 -0.000449703
24.09 -0.000512645
24.1 -0.000573306
24.11 -0.000630255
24.12 -0.000681922
24.13 -0.000726772
24.14 -0.000763621
24.15 -0.000791988
24.16 -0.000812279
24.17 -0.000825659
24.18 -0.000833663
24.19 -0.00083776
24.2 -0.000838993
24.21 -0.000837808
24.22 -0.000834087
24.23 -0.000827407
24.24 -0.000817394
24.25 -0.000803977
24.26 -0.000787406
24.27 -0.000768082
24.28 -0.000746363
24.29 -0.00072245
24.3 -0.000696391
24.31 -0.000668132
24.32 -0.000637557
24.33 -0.000604509
24.34 -0.000568791
24.35 -0.00053024
24.36 -0.000488852
24.37 -0.000444837
24.38 -0.000398477
24.39 -0.000349867
24.4 -0.000298758
24.41 -0.000244634
24.42 -0.000186949
24.43 -0.000125331
24.44 -5.96338e-05
24.45 1.01179e-05
24.46 8.38251e-05
24.47 0.000161358
24.48 0.000242554
24.49 0.00032717
24.5 0.000414813
24.51 0.000504857
24.52 0.000596376
24.53 0.00068804
24.54 0.00077799
24.55 0.000863787
24.56 0.000942563
24.57 0.00101145
24.58 0.00106824
24.59 0.00111209
24.6 0.00114398
24.61 0.0011665
24.62 0.0011831
24.63 0.00119696
24.64 0.00121003
24.65 0.0012226
24.66 0.00123359
24.67 0.00124126
24.68 0.00124409
24.69 0.00124138
24.7 0.00123357
24.71 0.00122192
24.72 0.00120797
24.73 0.00119283
24.74 0.00117676
24.75 0.00115923
24.76 0.0011393
24.77 0.00111622
24.78 0.00108978
24.79 0.00106053
24.8 0.0010296
24.81 0.000998156
24.82 0.000966948
24.83 0.000936022
24.84 0.000904854
24.85 0.000872734
24.86 0.00083917
24.87 0.000804103
24.88 0.000767876
24.89 0.000731023
24.9 0.00069402
24.91 0.000657092
24.92 0.000620112
24.93 0.000582629
24.94 0.000544012
24.95 0.000503693
24.96 0.000461394
24.97 0.000417217
24.98 0.00037156
24.99 0.00032489
25 0.000277517
25.01 0.00022946
25.02 0.000180454
25.03 0.00013008
25.04 7.79951e-05
25.05 2.41832e-05
25.06 -3.08994e-05
25.07 -8.63919e-05
25.08 -0.000141285
25.09 -0.000194722
25.1 -0.00024619
25.11 -0.000295515
25.12 -0.000342678
25.13 -0.000387529
25.14 -0.000429556
25.15 -0.000467824
25.16 -0.00050115
25.17 -0.000528462
25.18 -0.000549218
25.19 -0.000563679
25.2 -0.000572896
25.21 -0.000578391
25.22 -0.000581703
25.23 -0.000584021
25.24 -0.00058602
25.25 -0.000587924
25.26 -0.000589711
25.27 -0.000591362
25.28 -0.00059305
25.29 -0.000595205
25.3 -0.000598406
25.31 -0.000603177
25.32 -0.00060976
25.33 -0.000618032
25.34 -0.000627611
25.35 -0.000638105
25.36 -0.000649314
25.37 -0.00066128
25.38 -0.000674169
25.39 -0.000688142
25.4 -0.000703286
25.41 -0.00071959
25.42 -0.000736884
25.43 -0.000754767
25.44 -0.000772619
25.45 -0.000789728
25.46 -0.000805474
25.47 -0.000819463
25.48 -0.000831561
25.49 -0.000841829
25.5 -0.000850394
25.51 -0.000857323
25.52 -0.000862551
25.53 -0.00086593
25.54 -0.000867315
25.55 -0.000866612
25.56 -0.000863727
25.57 -0.000858545
25.58 -0.000851006
25.59 -0.000841222
25.6 -0.000829515
25.61 -0.000816301
25.62 -0.000801906
25.63 -0.000786447
25.64 -0.000769856
25.65 -0.000752035
25.66 -0.000733004
25.67 -0.000712952
25.68 -0.000692138
25.69 -0.000670702
25.7 -0.00064854
25.71 -0.000625344
25.72 -0.00060081
25.73 -0.000574833
25.74 -0.000547557
25.75 -0.000519274
25.76 -0.000490314
25.77 -0.000460966
25.78 -0.000431429
25.79 -0.000401759
25.8 -0.000371821
25.81 -0.000341333
25.82 -0.000309996
25.83 -0.000277653
25.84 -0.000244359
25.85 -0.000210325
25.86 -0.000175794
25.87 -0.000140951
25.88 -0.000105907
25.89 -7.07584e-05
25.9 -3.56643e-05
25.91 -8.82344e-07
25.92 3.32628e-05
25.93 6.64344e-05
25.94 9.83097e-05
25.95 0.000128572
25.96 0.000156918
25.97 0.000183114
25.98 0.000207043
25.99 0.000228664
26 0.000247906
26.01 0.000264583
26.02 0.00027841
26.03 0.000289071
26.04 0.000296292
26.05 0.000299874
26.06 0.000299744
26.07 0.00029603
26.08 0.000289106
26.09 0.000279531
26.1 0.00026787
26.11 0.000254484
26.12 0.000239434
26.13 0.000222526
26.14 0.000203486
26.15 0.00018214
26.16 0.000158515
26.17 0.000132849
26.18 0.000105552
26.19 7.71202e-05
26.2 4.8015e-05
26.21 1.8555e-05
26.22 -1.11111e-05
26.23 -4.0927e-05
26.24 -7.08045e-05
26.25 -0.000100535
26.26 -0.000129776
26.27 -0.000158085
26.28 -0.000184994
26.29 -0.00021009
26.3 -0.000233074
26.31 -0.00025373
26.32 -0.000271865
26.33 -0.000287255
26.34 -0.000299658
26.35 -0.000308839
26.36 -0.000314639
26.37 -0.00031705
26.38 -0.000316253
26.39 -0.000312608
26.4 -0.000306549
26.41 -0.000298447
26.42 -0.000288485
26.43 -0.000276617
26.44 -0.000262648
26.45 -0.000246387
26.46 -0.000227803
26.47 -0.000207088
26.48 -0.000184596
26.49 -0.000160711
26.5 -0.000135719
26.51 -0.000109749
26.52 -8.27998e-05
26.53 -5.48174e-05
26.54 -2.57846e-05
26.55 4.21691e-06
26.56 3.49862e-05
26.57 6.62237e-05
26.58 9.75748e-05
26.59 0.00012867
26.6 0.000159148
26.61 0.000188666
26.62 0.000216927
26.63 0.000243731
26.64 0.000269027
26.65 0.000292929
26.66 0.000315639
26.67 0.000337286
26.68 0.000357775
26.69 0.000376787
26.7 0.000393949
26.71 0.00040907
26.72 0.000422271
26.73 0.000433921
26.74 0.000444431
26.75 0.000454114
26.76 0.000463201
26.77 0.000471943
26.78 0.00048061
26.79 0.000489351
26.8 0.00049806
26.81 0.000506408
26.82 0.000514038
26.83 0.000520776
26.84 0.000526663
26.85 0.000531843
26.86 0.000536396
26.87 0.00054026
26.88 0.000543254
26.89 0.000545162
26.9 0.000545785
26.91 0.000544949
26.92 0.00054251
26.93 0.000538383
26.94 0.000532567
26.95 0.000525115
26.96 0.000516056
26.97 0.00050533
26.98 0.000492775
26.99 0.000478209
27 0.000461537
27.01 0.00044284
27.02 0.000422373
27.03 0.000400457
27.04 0.000377329
27.05 0.000353036
27.06 0.000327448
27.07 0.000300352
27.08 0.000271567
27.09 0.000241008
27.1 0.000208704
27.11 0.000174783
27.12 0.000139445
27.13 0.000102922
27.14 6.54243e-05
27.15 2.7096e-05
27.16 -1.19967e-05
27.17 -5.1835e-05
27.18 -9.2363e-05
27.19 -0.000133373
27.2 -0.000174441
27.21 -0.000214992
27.22 -0.000254469
27.23 -0.000292486
27.24 -0.000328819
27.25 -0.000363261
27.26 -0.000395459
27.27 -0.000424886
27.28 -0.000450975
27.29 -0.000473311
27.3 -0.000491735
27.31 -0.00050632
27.32 -0.000517271
27.33 -0.000524867
27.34 -0.00052946
27.35 -0.000531497
27.36 -0.00053147
27.37 -0.000529816
27.38 -0.000526806
27.39 -0.000522503
27.4 -0.000516808
27.41 -0.000509564
27.42 -0.000500675
27.43 -0.000490163
27.44 -0.000478174
27.45 -0.000464933
27.46 -0.00045069
27.47 -0.000435651
27.48 -0.000419926
27.49 -0.000403504
27.5 -0.000386276
27.51 -0.000368095
27.52 -0.000348844
27.53 -0.000328502
27.54 -0.000307142
27.55 -0.000284852
27.56 -0.000261629
27.57 -0.000237354
27.58 -0.000211841
27.59 -0.000184927
27.6 -0.000156542
27.61 -0.000126753
27.62 -9.57495e-05
27.63 -6.37569e-05
27.64 -3.09259e-05
27.65 2.75256e-06
27.66 3.74423e-05
27.67 7.33873e-05
27.68 0.000110828
27.69 0.000149941
27.7 0.000190791
27.71 0.00023326
27.72 0.000277024
27.73 0.00032163
27.74 0.000366639
27.75 0.000411758
27.76 0.000456847
27.77 0.000501813
27.78 0.000546474
27.79 0.000590471
27.8 0.000633274
27.81 0.000674253
27.82 0.000712768
27.83 0.000748235
27.84 0.000780194
27.85 0.00080841
27.86 0.000832954
27.87 0.000854167
27.88 0.00087252
27.89 0.000888419
27.9 0.000902057
27.91 0.000913403
27.92 0.000922293
27.93 0.000928556
27.94 0.000932121
27.95 0.000933061
27.96 0.000931609
27.97 0.000928119
27.98 0.00092296
27.99 0.000916367
28 0.000908321
28.01 0.000898572
28.02 0.000886807
28.03 0.000872866
28.04 0.000856877
28.05 0.000839244
28.06 0.000820512
28.07 0.000801185
28.08 0.000781567
28.09 0.000761678
28.1 0.000741302
28.11 0.000720118
28.12 0.000697842
28.13 0.000674319
28.14 0.000649551
28.15 0.000623714
28.16 0.00059711
28.17 0.000570057
28.18 0.000542728
28.19 0.000515076
28.2 0.000486884
28.21 0.000457918
28.22 0.000428049
28.23 0.000397302
28.24 0.000365816
28.25 0.000333755
28.26 0.000301225
28.27 0.000268217
28.28 0.000234599
28.29 0.000200173
28.3 0.000164778
28.31 0.000128364
28.32 9.10267e-05
28.33 5.29779e-05
28.34 1.44799e-05
28.35 -2.4226e-05
28.36 -6.29601e-05
28.37 -0.000101583
28.38 -0.000139935
28.39 -0.000177785
28.4 -0.000214829
28.41 -0.000250739
28.42 -0.00028521
28.43 -0.000317999
28.44 -0.000348918
28.45 -0.000377802
28.46 -0.000404507
28.47 -0.000428925
28.48 -0.000451001
28.49 -0.000470707
28.5 -0.000488022
28.51 -0.000502946
28.52 -0.00051555
28.53 -0.000526024
28.54 -0.000534688
28.55 -0.00054193
28.56 -0.000548083
28.57 -0.000553309
28.58 -0.000557577
28.59 -0.000560731
28.6 -0.000562601
28.61 -0.000563061
28.62 -0.000562072
28.63 -0.000559714
28.64 -0.000556219
28.65 -0.000551907
28.66 -0.000547064
28.67 -0.000541828
28.68 -0.000536185
28.69 -0.000530073
28.7 -0.00052348
28.71 -0.000516488
28.72 -0.000509211
28.73 -0.000501699
28.74 -0.00049388
28.75 -0.000485614
28.76 -0.000476805
28.77 -0.000467474
28.78 -0.000457706
28.79 -0.000447539
28.8 -0.000436901
28.81 -0.000425664
28.82 -0.000413748
28.83 -0.000401179
28.84 -0.000388074
28.85 -0.000374556
28.86 -0.000360679
28.87 -0.000346408
28.88 -0.000331677
28.89 -0.000316459
28.9 -0.000300808
28.91 -0.000284838
28.92 -0.000268658
28.93 -0.000252322
28.94 -0.00023583
28.95 -0.000219172
28.96 -0.000202388
28.97 -0.000185578
28.98 -0.000168849
28.99 -0.000152219
29 -0.000135557
29.01 -0.000118635
29.02 -0.000101268
29.03 -8.34401e-05
29.04 -6.53331e-05
29.05 -4.72552e-05
29.06 -2.95189e-05
29.07 -1.23403e-05
29.08 4.17922e-06
29.09 1.99874e-05
29.1 3.50185e-05
29.11 4.92035e-05
29.12 6.25091e-05
29.13 7.49203e-05
29.14 8.63754e-05
29.15 9.67365e-05
29.16 0.000105838
29.17 0.000113563
29.18 0.00011987
29.19 0.000124748
29.2 0.00012816
29.21 0.000130035
29.22 0.000130317
29.23 0.000129011
29.24 0.000126181
29.25 0.000121916
29.26 0.000116297
29.27 0.000109367
29.28 0.000101116
29.29 9.15025e-05
29.3 8.04959e-05
29.31 6.81058e-05
29.32 5.43587e-05
29.33 3.92344e-05
29.34 2.26459e-05
29.35 4.52143e-06
29.36 -1.50713e-05
29.37 -3.58775e-05
29.38 -5.75462e-05
29.39 -7.97966e-05
29.4 -0.000102534
29.41 -0.000125837
29.42 -0.000149844
29.43 -0.000174617
29.44 -0.000200062
29.45 -0.000225927
29.46 -0.000251857
29.47 -0.000277486
29.48 -0.000302516
29.49 -0.000326772
29.5 -0.000350227
29.51 -0.000372959
29.52 -0.000395049
29.53 -0.000416484
29.54 -0.000437102
29.55 -0.000456609
29.56 -0.00047464
29.57 -0.000490871
29.58 -0.000505155
29.59 -0.0005176
29.6 -0.000528543
29.61 -0.000538423
29.62 -0.000547607
29.63 -0.000556216
29.64 -0.00056406
29.65 -0.000570722
29.66 -0.000575789
29.67 -0.000579072
29.68 -0.000580707
29.69 -0.000581084
29.7 -0.000580657
29.71 -0.000579759
29.72 -0.000578507
29.73 -0.0005768
29.74 -0.00057441
29.75 -0.00057111
29.76 -0.000566805
29.77 -0.000561636
29.78 -0.000555943
29.79 -0.000550106
29.8 -0.000544361
29.81 -0.000538725
29.82 -0.000533066
29.83 -0.000527252
29.84 -0.000521239
29.85 -0.000515049
29.86 -0.000508711
29.87 -0.00050224
29.88 -0.000495667
29.89 -0.00048906
29.9 -0.000482519
29.91 -0.000476104
29.92 -0.000469756
29.93 -0.000463279
29.94 -0.000456416
29.95 -0.000448993
29.96 -0.000440987
29.97 -0.000432466
29.98 -0.000423474
29.99 -0.000413966
30 -0.000403814
30.01 -0.000392887
30.02 -0.000381112
30.03 -0.000368477
30.04 -0.000354986
30.05 -0.000340594
30.06 -0.000325182
30.07 -0.000308569
30.08 -0.000290546
30.09 -0.000270924
30.1 -0.000249578
30.11 -0.000226458
30.12 -0.000201593
30.13 -0.000175092
30.14 -0.000147094
30.15 -0.000117656
30.16 -8.66389e-05
30.17 -5.37031e-05
30.18 -1.84536e-05
30.19 1.93792e-05
30.2 5.98361e-05
30.21 0.000102734
30.22 0.000147738
30.23 0.00019447
30.24 0.000242625
30.25 0.000292054
30.26 0.000342776
30.27 0.000394878
30.28 0.000448348
30.29 0.000502923
30.3 0.000558032
30.31 0.000612856
30.32 0.000666481
30.33 0.000718048
30.34 0.000766866
30.35 0.000812495
30.36 0.000854802
30.37 0.000893974
30.38 0.000930423
30.39 0.000964588
30.4 0.000996752
30.41 0.00102698
30.42 0.0010552
30.43 0.00108125
30.44 0.00110498
30.45 0.0011262
30.46 0.00114474
30.47 0.00116045
30.48 0.00117326
30.49 0.00118318
30.5 0.0011903
30.51 0.00119476
30.52 0.00119667
30.53 0.00119609
30.54 0.00119297
30.55 0.00118723
30.56 0.00117886
30.57 0.00116805
30.58 0.00115512
30.59 0.00114047
30.6 0.00112438
30.61 0.0011069
30.62 0.00108785
30.63 0.00106696
30.64 0.00104403
30.65 0.00101911
30.66 0.000992466
30.67 0.000964488
30.68 0.000935517
30.69 0.000905674
30.7 0.000874832
30.71 0.000842741
30.72 0.000809214
30.73 0.000774256
30.74 0.000738037
30.75 0.000700727
30.76 0.000662347
30.77 0.000622745
30.78 0.000581728
30.79 0.000539193
30.8 0.000495142
30.81 0.000449586
30.82 0.000402454
30.83 0.000353607
30.84 0.000302913
30.85 0.000250323
30.86 0.000195864
30.87 0.00013959
30.88 8.15267e-05
30.89 2.16741e-05
30.9 -3.99455e-05
30.91 -0.000103232
30.92 -0.000167992
30.93 -0.000233965
30.94 -0.000300839
30.95 -0.000368145
30.96 -0.000435095
30.97 -0.000500478
30.98 -0.000562734
30.99 -0.000620173
31 -0.000671223
31.01 -0.000714622
31.02 -0.000749577
31.03 -0.000775943
31.04 -0.00079436
31.05 -0.000806208
31.06 -0.000813309
31.07 -0.000817446
31.08 -0.000819912
31.09 -0.000821248
31.1 -0.000821299
31.11 -0.000819496
31.12 -0.000815246
31.13 -0.000808276
31.14 -0.000798791
31.15 -0.000787391
31.16 -0.000774802
31.17 -0.000761581
31.18 -0.000747947
31.19 -0.000733812
31.2 -0.000718956
31.21 -0.000703209
31.22 -0.000686548
31.23 -0.0006691
31.24 -0.000651074
31.25 -0.000632677
31.26 -0.000614055
31.27 -0.000595256
31.28 -0.00057619
31.29 -0.000556609
31.3 -0.000536154
31.31 -0.000514494
31.32 -0.000491486
31.33 -0.000467261
31.34 -0.000442169
31.35 -0.000416634
31.36 -0.000390989
31.37 -0.000365349
31.38 -0.000339571
31.39 -0.000313322
31.4 -0.00028624
31.41 -0.000258094
31.42 -0.000228867
31.43 -0.000198725
31.44 -0.00016794
31.45 -0.000136805
31.46 -0.000105591
31.47 -7.45284e-05
31.48 -4.37691e-05
31.49 -1.33361e-05
31.5 1.68846e-05
31.51 4.7089e-05
31.52 7.74358e-05
31.53 0.000107915
31.54 0.000138294
31.55 0.000168205
31.56 0.000197333
31.57 0.000225538
31.58 0.000252804
31.59 0.000279078
31.6 0.000304112
31.61 0.000327415
31.62 0.000348313
31.63 0.000366125
31.64 0.000380391
31.65 0.000391082
31.66 0.000398635
31.67 0.000403748
31.68 0.000407025
31.69 0.000408698
31.7 0.000408568
31.71 0.000406183
31.72 0.000401112
31.73 0.000393173
31.74 0.000382517
31.75 0.000369566
31.76 0.000354849
31.77 0.00033884
31.78 0.00032185
31.79 0.000303983
31.8 0.000285189
31.81 0.0002654
31.82 0.000244652
31.83 0.000223104
31.84 0.000200948
31.85 0.000178314
31.86 0.000155253
31.87 0.000131797
31.88 0.000108031
31.89 8.41204e-05
31.9 6.0278e-05
31.91 3.67044e-05
31.92 1.35725e-05
31.93 -8.91167e-06
31.94 -3.04378e-05
31.95 -5.06135e-05
31.96 -6.90993e-05
31.97 -8.57532e-05
31.98 -0.000100661
31.99 -0.000114014
32 -0.000125922
32.01 -0.000136291
32.02 -0.000144872
32.03 -0.000151454
32.04 -0.000156047
32.05 -0.000158935
32.06 -0.000160545
32.07 -0.000161259
32.08 -0.000161305
32.09 -0.000160807
32.1 -0.00015988
32.11 -0.000158673
32.12 -0.000157355
32.13 -0.000156106
32.14 -0.000155161
32.15 -0.000154826
32.16 -0.000155418
32.17 -0.000157167
32.18 -0.000160169
32.19 -0.000164437
32.2 -0.000169991
32.21 -0.000176906
32.22 -0.000185309
32.23 -0.000195313
32.24 -0.000206976
32.25 -0.000220274
32.26 -0.000235095
32.27 -0.000251277
32.28 -0.000268646
32.29 -0.000287014
32.3 -0.000306148
32.31 -0.000325747
32.32 -0.000345491
32.33 -0.000365102
32.34 -0.000384335
32.35 -0.000402886
32.36 -0.000420277
32.37 -0.000435866
32.38 -0.000448985
32.39 -0.000459116
32.4 -0.000465991
32.41 -0.000469575
32.42 -0.00047
32.43 -0.00046749
32.44 -0.000462266
32.45 -0.000454449
32.46 -0.000444004
32.47 -0.000430791
32.48 -0.000414695
32.49 -0.000395757
32.5 -0.000374209
32.51 -0.000350394
32.52 -0.000324625
32.53 -0.000297075
32.54 -0.000267756
32.55 -0.000236579
32.56 -0.000203448
32.57 -0.000168334
32.58 -0.000131302
32.59 -9.24973e-05
32.6 -5.21215e-05
32.61 -1.04064e-05
32.62 3.24156e-05
32.63 7.61353e-05
32.64 0.000120574
32.65 0.000165561
32.66 0.00021087
32.67 0.000256154
32.68 0.000300887
32.69 0.000344383
32.7 0.000385889
32.71 0.000424695
32.72 0.00046021
32.73 0.000492015
32.74 0.000519872
32.75 0.000543733
32.76 0.000563717
32.77 0.000580068
32.78 0.000593092
32.79 0.000603112
32.8 0.000610432
32.81 0.000615334
32.82 0.000618105
32.83 0.000619057
32.84 0.000618509
32.85 0.000616726
32.86 0.000613842
32.87 0.000609839
32.88 0.000604614
32.89 0.000598087
32.9 0.000590299
32.91 0.000581454
32.92 0.000571851
32.93 0.000561747
32.94 0.000551225
32.95 0.000540166
32.96 0.000528358
32.97 0.000515653
32.98 0.000502071
32.99 0.000487762
33 0.000472886
33.01 0.000457498
33.02 0.000441536
33.03 0.000424876
33.04 0.000407405
33.05 0.000389058
33.06 0.000369825
33.07 0.000349729
33.08 0.000328809
33.09 0.000307114
33.1 0.00028471
33.11 0.00026167
33.12 0.000238037
33.13 0.000213784
33.14 0.000188801
33.15 0.000162939
33.16 0.000136095
33.17 0.000108291
33.18 7.96783e-05
33.19 5.04695e-05
33.2 2.08563e-05
33.21 -9.05518e-06
33.22 -3.92656e-05
33.23 -6.98603e-05
33.24 -0.000100941
33.25 -0.000132527
33.26 -0.000164488
33.27 -0.000196539
33.28 -0.000228315
33.29 -0.000259467
33.3 -0.000289716
33.31 -0.000318872
33.32 -0.000346802
33.33 -0.000373386
33.34 -0.000398479
33.35 -0.000421909
33.36 -0.000443503
33.37 -0.000463111
33.38 -0.000480599
33.39 -0.000495848
33.4 -0.000508781
33.41 -0.000519408
33.42 -0.000527848
33.43 -0.000534307
33.44 -0.000539018
33.45 -0.00054217
33.46 -0.000543857
33.47 -0.00054409
33.48 -0.000542844
33.49 -0.000540116
33.5 -0.000535964
33.51 -0.000530496
33.52 -0.00052383
33.53 -0.000516048
33.54 -0.000507168
33.55 -0.00049715
33.56 -0.000485945
33.57 -0.000473537
33.58 -0.000459961
33.59 -0.000445278
33.6 -0.00042954
33.61 -0.000412767
33.62 -0.000394962
33.63 -0.000376126
33.64 -0.000356266
33.65 -0.000335392
33.66 -0.000313501
33.67 -0.000290592
33.68 -0.000266681
33.69 -0.000241824
33.7 -0.00021609
33.71 -0.000189536
33.72 -0.000162174
33.73 -0.00013399
33.74 -0.000104975
33.75 -7.51691e-05
33.76 -4.46646e-05
33.77 -1.35933e-05
33.78 1.79099e-05
33.79 4.97303e-05
33.8 8.17734e-05
33.81 0.000113949
33.82 0.000146153
33.83 0.000178252
33.84 0.000210075
33.85 0.000241401
33.86 0.000271956
33.87 0.000301436
33.88 0.000329533
33.89 0.000355978
33.9 0.000380554
33.91 0.000403094
33.92 0.000423468
33.93 0.000441578
33.94 0.00045736
33.95 0.000470792
33.96 0.000481895
33.97 0.000490721
33.98 0.000497346
33.99 0.000501857
34 0.000504355
34.01 0.000504948
34.02 0.000503747
34.03 0.000500849
34.04 0.000496329
34.05 0.000490244
34.06 0.000482649
34.07 0.000473615
34.08 0.000463227
34.09 0.000451573
34.1 0.000438722
34.11 0.000424717
34.12 0.000409578
34.13 0.00039331
34.14 0.000375918
34.15 0.00035742
34.16 0.00033785
34.17 0.000317263
34.18 0.000295719
34.19 0.000273277
34.2 0.000249989
34.21 0.000225889
34.22 0.000201004
34.23 0.000175359
34.24 0.000148978
34.25 0.000121901
34.26 9.41866e-05
34.27 6.59074e-05
34.28 3.71497e-05
34.29 8.00408e-06
34.3 -2.14366e-05
34.31 -5.10747e-05
34.32 -8.08025e-05
34.33 -0.000110498
34.34 -0.000140021
34.35 -0.000169219
34.36 -0.000197924
34.37 -0.000225964
34.38 -0.000253158
34.39 -0.000279324
34.4 -0.000304281
34.41 -0.000327859
34.42 -0.000349897
34.43 -0.000370256
34.44 -0.000388819
34.45 -0.000405493
34.46 -0.000420219
34.47 -0.000432967
34.48 -0.000443742
34.49 -0.000452574
34.5 -0.000459518
34.51 -0.000464641
34.52 -0.000468017
34.53 -0.000469722
34.54 -0.000469828
34.55 -0.000468402
34.56 -0.000465507
34.57 -0.000461202
34.58 -0.000455542
34.59 -0.000448582
34.6 -0.000440376
34.61 -0.000430972
34.62 -0.000420417
34.63 -0.000408749
34.64 -0.000396005
34.65 -0.000382217
34.66 -0.000367416
34.67 -0.000351631
34.68 -0.000334895
34.69 -0.000317239
34.7 -0.000298695
34.71 -0.000279292
34.72 -0.000259063
34.73 -0.000238037
34.74 -0.000216248
34.75 -0.00019373
34.76 -0.000170522
34.77 -0.000146669
34.78 -0.000122219
34.79 -9.7228e-05
34.8 -7.17556e-05
34.81 -4.58671e-05
34.82 -1.96336e-05
34.83 6.86707e-06
34.84 3.35492e-05
34.85 6.03179e-05
34.86 8.70681e-05
34.87 0.000113685
34.88 0.000140042
34.89 0.000166006
34.9 0.000191433
34.91 0.000216176
34.92 0.000240084
34.93 0.000263005
34.94 0.000284791
34.95 0.000305301
34.96 0.000324408
34.97 0.000342
34.98 0.000357987
34.99 0.000372304
35 0.000384909
35.01 0.000395784
35.02 0.000404931
35.03 0.000412371
35.04 0.00041814
35.05 0.00042229
35.06 0.000424879
35.07 0.000425966
35.08 0.000425608
35.09 0.000423857
35.1 0.000420766
35.11 0.000416387
35.12 0.000410772
35.13 0.000403974
35.14 0.000396045
35.15 0.00038703
35.16 0.000376971
35.17 0.000365905
35.18 0.000353864
35.19 0.000340879
35.2 0.00032698
35.21 0.000312195
35.22 0.000296558
35.23 0.000280099
35.24 0.000262855
35.25 0.00024486
35.26 0.000226148
35.27 0.000206755
35.28 0.000186715
35.29 0.000166066
35.3 0.000144847
35.31 0.000123104
35.32 0.000100885
35.33 7.8242e-05
35.34 5.52322e-05
35.35 3.19173e-05
35.36 8.36401e-06
35.37 -1.53551e-05
35.38 -3.91611e-05
35.39 -6.29681e-05
35.4 -8.66828e-05
35.41 -0.000110205
35.42 -0.000133429
35.43 -0.000156241
35.44 -0.000178527
35.45 -0.000200168
35.46 -0.000221045
35.47 -0.00024104
35.48 -0.000260037
35.49 -0.000277928
35.5 -0.000294611
35.51 -0.000309997
35.52 -0.000324013
35.53 -0.000336599
35.54 -0.000347716
35.55 -0.000357341
35.56 -0.000365469
35.57 -0.000372106
35.58 -0.000377273
35.59 -0.000381
35.6 -0.000383322
35.61 -0.00038428
35.62 -0.000383916
35.63 -0.000382276
35.64 -0.000379405
35.65 -0.00037535
35.66 -0.000370154
35.67 -0.000363861
35.68 -0.000356513
35.69 -0.000348148
35.7 -0.000338803
35.71 -0.000328515
35.72 -0.000317316
35.73 -0.000305242
35.74 -0.000292324
35.75 -0.000278597
35.76 -0.000264094
35.77 -0.000248847
35.78 -0.000232892
35.79 -0.000216263
35.8 -0.000198994
35.81 -0.000181123
35.82 -0.000162688
35.83 -0.000143728
35.84 -0.000124287
35.85 -0.000104409
35.86 -8.41444e-05
35.87 -6.35435e-05
35.88 -4.26626e-05
35.89 -2.1561e-05
35.9 -3.02752e-07
35.91 2.10438e-05
35.92 4.24056e-05
35.93 6.3705e-05
35.94 8.48596e-05
35.95 0.000105783
35.96 0.000126384
35.97 0.000146571
35.98 0.000166246
35.99 0.000185312
36 0.000203671
36.01 0.000221229
36.02 0.000237891
36.03 0.000253572
36.04 0.000268191
36.05 0.000281678
36.06 0.000293973
36.07 0.000305028
36.08 0.00031481
36.09 0.000323294
36.1 0.00033047
36.11 0.000336339
36.12 0.000340909
36.13 0.000344199
36.14 0.000346232
36.15 0.000347036
36.16 0.000346643
36.17 0.000345088
36.18 0.000342407
36.19 0.000338636
36.2 0.000333813
36.21 0.000327973
36.22 0.000321152
36.23 0.000313386
36.24 0.000304708
36.25 0.000295151
36.26 0.000284748
36.27 0.000273532
36.28 0.000261534
36.29 0.000248787
36.3 0.000235324
36.31 0.000221178
36.32 0.000206384
36.33 0.000190976
36.34 0.000174992
36.35 0.000158467
36.36 0.000141442
36.37 0.000123957
36.38 0.000106054
36.39 8.77789e-05
36.4 6.91793e-05
36.41 5.03059e-05
36.42 3.12124e-05
36.43 1.19561e-05
36.44 -7.40253e-06
36.45 -2.67993e-05
36.46 -4.61664e-05
36.47 -6.54329e-05
36.48 -8.45243e-05
36.49 -0.000103363
36.5 -0.00012187
36.51 -0.000139963
36.52 -0.00015756
36.53 -0.000174577
36.54 -0.000190932
36.55 -0.000206545
36.56 -0.00022134
36.57 -0.000235244
36.58 -0.000248191
36.59 -0.000260124
36.6 -0.000270993
36.61 -0.000280759
36.62 -0.000289389
36.63 -0.000296864
36.64 -0.000303172
36.65 -0.00030831
36.66 -0.000312284
36.67 -0.000315104
36.68 -0.000316789
36.69 -0.000317359
36.7 -0.00031684
36.71 -0.000315259
36.72 -0.000312646
36.73 -0.000309032
36.74 -0.000304447
36.75 -0.000298923
36.76 -0.000292492
36.77 -0.000285185
36.78 -0.000277034
36.79 -0.00026807
36.8 -0.000258323
36.81 -0.000247825
36.82 -0.000236607
36.83 -0.000224702
36.84 -0.000212142
36.85 -0.000198959
36.86 -0.000185188
36.87 -0.000170864
36.88 -0.000156023
36.89 -0.000140701
36.9 -0.000124937
36.91 -0.000108772
36.92 -9.22465e-05
36.93 -7.54056e-05
36.94 -5.82954e-05
36.95 -4.09647e-05
36.96 -2.34648e-05
36.97 -5.84962e-06
36.98 1.18241e-05
36.99 2.94972e-05
37 4.71075e-05
37.01 6.45907e-05
37.02 8.18801e-05
37.03 9.89069e-05
37.04 0.000115601
37.05 0.000131891
37.06 0.000147705
37.07 0.000162972
37.08 0.000177622
37.09 0.000191586
37.1 0.0002048
37.11 0.000217204
37.12 0.000228743
37.13 0.000239366
37.14 0.000249033
37.15 0.000257709
37.16 0.000265367
37.17 0.000271987
37.18 0.000277559
37.19 0.000282077
37.2 0.000285543
37.21 0.000287964
37.22 0.000289354
37.23 0.000289728
37.24 0.000289106
37.25 0.000287509
37.26 0.000284964
37.27 0.000281494
37.28 0.000277128
37.29 0.000271892
37.3 0.000265815
37.31 0.000258925
37.32 0.000251251
37.33 0.000242822
37.34 0.000233667
37.35 0.000223816
37.36 0.000213301
37.37 0.00020215
37.38 0.000190397
37.39 0.000178074
37.4 0.000165214
37.41 0.000151851
37.42 0.00013802
37.43 0.000123759
37.44 0.000109105
37.45 9.4097e-05
37.46 7.87767e-05
37.47 6.31868e-05
37.48 4.73721e-05
37.49 3.13793e-05
37.5 1.52574e-05
37.51 -9.42506e-07
37.52 -1.71673e-05
37.53 -3.33617e-05
37.54 -4.94685e-05
37.55 -6.54287e-05
37.56 -8.11817e-05
37.57 -9.66656e-05
37.58 -0.000111818
37.59 -0.000126575
37.6 -0.000140874
37.61 -0.000154653
37.62 -0.000167851
37.63 -0.00018041
37.64 -0.000192274
37.65 -0.000203391
37.66 -0.000213716
37.67 -0.000223205
37.68 -0.000231823
37.69 -0.000239541
37.7 -0.000246334
37.71 -0.000252186
37.72 -0.000257086
37.73 -0.000261029
37.74 -0.000264015
37.75 -0.00026605
37.76 -0.000267142
37.77 -0.000267304
37.78 -0.000266554
37.79 -0.000264908
37.8 -0.000262389
37.81 -0.000259017
37.82 -0.000254817
37.83 -0.000249813
37.84 -0.000244031
37.85 -0.000237496
37.86 -0.000230235
37.87 -0.000222276
37.88 -0.000213646
37.89 -0.000204373
37.9 -0.000194488
37.91 -0.000184019
37.92 -0.000172998
37.93 -0.000161456
37.94 -0.000149425
37.95 -0.000136939
37.96 -0.000124031
37.97 -0.000110739
37.98 -9.70979e-05
37.99 -8.31465e-05
38 -6.89243e-05
38.01 -5.44726e-05
38.02 -3.98342e-05
38.03 -2.50536e-05
38.04 -1.01771e-05
38.05 4.74741e-06
38.06 1.96703e-05
38.07 3.45403e-05
38.08 4.93048e-05
38.09 6.391e-05
38.1 7.83007e-05
38.11 9.24212e-05
38.12 0.000106215
38.13 0.000119627
38.14 0.000132601
38.15 0.000145081
38.16 0.000157016
38.17 0.000168354
38.18 0.000179047
38.19 0.00018905
38.2 0.000198324
38.21 0.000206832
38.22 0.000214544
38.23 0.000221432
38.24 0.000227477
38.25 0.000232663
38.26 0.000236981
38.27 0.000240424
38.28 0.000242993
38.29 0.000244691
38.3 0.000245524
38.31 0.000245504
38.32 0.000244644
38.33 0.00024296
38.34 0.000240469
38.35 0.000237191
38.36 0.000233146
38.37 0.000228357
38.38 0.000222846
38.39 0.000216638
38.4 0.000209757
38.41 0.000202229
38.42 0.00019408
38.43 0.000185338
38.44 0.000176029
38.45 0.000166183
38.46 0.00015583
38.47 0.000144999
38.48 0.000133722
38.49 0.000122032
38.5 0.000109961
38.51 9.75444e-05
38.52 8.48172e-05
38.53 7.18164e-05
38.54 5.85801e-05
38.55 4.51478e-05
38.56 3.15605e-05
38.57 1.78604e-05
38.58 4.09121e-06
38.59 -9.70189e-06
38.6 -2.34725e-05
38.61 -3.71731e-05
38.62 -5.0755e-05
38.63 -6.41685e-05
38.64 -7.73634e-05
38.65 -9.02892e-05
38.66 -0.000102895
38.67 -0.000115131
38.68 -0.000126946
38.69 -0.000138294
38.7 -0.000149126
38.71 -0.000159398
38.72 -0.000169068
38.73 -0.000178097
38.74 -0.00018645
38.75 -0.000194096
38.76 -0.000201007
38.77 -0.000207161
38.78 -0.00021254
38.79 -0.000217131
38.8 -0.000220923
38.81 -0.000223913
38.82 -0.000226098
38.83 -0.000227482
38.84 -0.000228071
38.85 -0.000227874
38.86 -0.000226902
38.87 -0.000225168
38.88 -0.000222688
38.89 -0.000219481
38.9 -0.000215564
38.91 -0.000210957
38.92 -0.000205682
38.93 -0.000199761
38.94 -0.000193218
38.95 -0.000186076
38.96 -0.00017836
38.97 -0.000170097
38.98 -0.000161312
38.99 -0.000152034
39 -0.000142291
39.01 -0.000132112
39.02 -0.000121527
39.03 -0.000110567
39.04 -9.92654e-05
39.05 -8.76539e-05
39.06 -7.57672e-05
39.07 -6.36406e-05
39.08 -5.13105e-05
39.09 -3.88146e-05
39.1 -2.61916e-05
39.11 -1.34816e-05
39.12 -7.25728e-07
39.13 1.20339e-05
39.14 2.47539e-05
39.15 3.73903e-05
39.16 4.98982e-05
39.17 6.2232e-05
39.18 7.4346e-05
39.19 8.61942e-05
39.2 9.77309e-05
39.21 0.000108911
39.22 0.00011969
39.23 0.000130024
39.24 0.000139873
39.25 0.000149196
39.26 0.000157958
39.27 0.000166123
39.28 0.000173661
39.29 0.000180544
39.3 0.00018675
39.31 0.000192257
39.32 0.00019705
39.33 0.000201116
39.34 0.000204449
39.35 0.000207042
39.36 0.000208894
39.37 0.000210008
39.38 0.000210388
39.39 0.000210043
39.4 0.000208981
39.41 0.000207215
39.42 0.000204759
39.43 0.000201629
39.44 0.00019784
39.45 0.000193413
39.46 0.000188366
39.47 0.000182721
39.48 0.000176498
39.49 0.00016972
39.5 0.000162412
39.51 0.000154598
39.52 0.000146302
39.53 0.000137552
39.54 0.000128375
39.55 0.000118798
39.56 0.000108851
39.57 9.85631e-05
39.58 8.79658e-05
39.59 7.70905e-05
39.6 6.59702e-05
39.61 5.46386e-05
39.62 4.31305e-05
39.63 3.14818e-05
39.64 1.97293e-05
39.65 7.91098e-06
39.66 -3.93452e-06
39.67 -1.57675e-05
39.68 -2.75475e-05
39.69 -3.92335e-05
39.7 -5.07839e-05
39.71 -6.21567e-05
39.72 -7.33099e-05
39.73 -8.42015e-05
39.74 -9.47899e-05
39.75 -0.000105034
39.76 -0.000114894
39.77 -0.000124332
39.78 -0.00013331
39.79 -0.000141792
39.8 -0.000149748
39.81 -0.000157145
39.82 -0.000163958
39.83 -0.000170162
39.84 -0.000175735
39.85 -0.000180662
39.86 -0.000184927
39.87 -0.00018852
39.88 -0.000191433
39.89 -0.000193662
39.9 -0.000195207
39.91 -0.000196069
39.92 -0.000196252
39.93 -0.000195763
39.94 -0.000194611
39.95 -0.000192807
39.96 -0.000190364
39.97 -0.000187295
39.98 -0.000183617
39.99 -0.000179347
40 -0.000174503
40.01 -0.000169104
40.02 -0.000163171
40.03 -0.000156725
40.04 -0.00014979
40.05 -0.000142388
40.06 -0.000134543
40.07 -0.000126281
40.08 -0.000117627
40.09 -0.00010861
40.1 -9.9255e-05
40.11 -8.95923e-05
40.12 -7.96511e-05
40.13 -6.94615e-05
40.14 -5.90551e-05
40.15 -4.84638e-05
40.16 -3.77209e-05
40.17 -2.68603e-05
40.18 -1.59168e-05
40.19 -4.92593e-06
40.2 6.0758e-06
40.21 1.70514e-05
40.22 2.79632e-05
40.23 3.87731e-05
40.24 4.94428e-05
40.25 5.99336e-05
40.26 7.02071e-05
40.27 8.0225e-05
40.28 8.99495e-05
40.29 9.93436e-05
40.3 0.000108371
40.31 0.000116998
40.32 0.00012519
40.33 0.000132917
40.34 0.00014015
40.35 0.000146861
40.36 0.000153026
40.37 0.000158625
40.38 0.000163639
40.39 0.000168052
40.4 0.000171851
40.41 0.000175028
40.42 0.000177576
40.43 0.00017949
40.44 0.00018077
40.45 0.000181417
40.46 0.000181436
40.47 0.000180831
40.48 0.000179612
40.49 0.000177788
40.5 0.00017537
40.51 0.000172373
40.52 0.000168809
40.53 0.000164696
40.54 0.00016005
40.55 0.00015489
40.56 0.000149235
40.57 0.000143105
40.58 0.000136522
40.59 0.000129507
40.6 0.000122084
40.61 0.000114277
40.62 0.000106111
40.63 9.76109e-05
40.64 8.8804e-05
40.65 7.97174e-05
40.66 7.03793e-05
40.67 6.08189e-05
40.68 5.10659e-05
40.69 4.1151e-05
40.7 3.11058e-05
40.71 2.09624e-05
40.72 1.07539e-05
40.73 5.13757e-07
40.74 -9.72368e-06
40.75 -1.99237e-05
40.76 -3.00511e-05
40.77 -4.00705e-05
40.78 -4.99462e-05
40.79 -5.96426e-05
40.8 -6.91243e-05
40.81 -7.83563e-05
40.82 -8.7304e-05
40.83 -9.59339e-05
40.84 -0.000104213
40.85 -0.000112111
40.86 -0.000119597
40.87 -0.000126644
40.88 -0.000133225
40.89 -0.000139317
40.9 -0.000144899
40.91 -0.00014995
40.92 -0.000154456
40.93 -0.000158403
40.94 -0.000161779
40.95 -0.000164575
40.96 -0.000166787
40.97 -0.000168412
40.98 -0.000169447
40.99 -0.000169895
41 -0.000169759
41.01 -0.000169045
41.02 -0.000167761
41.03 -0.000165915
41.04 -0.000163518
41.05 -0.000160583
41.06 -0.000157124
41.07 -0.000153154
41.08 -0.000148691
41.09 -0.000143752
41.1 -0.000138354
41.11 -0.000132518
41.12 -0.000126263
41.13 -0.00011961
41.14 -0.000112582
41.15 -0.000105202
41.16 -9.74925e-05
41.17 -8.94789e-05
41.18 -8.11862e-05
41.19 -7.26408e-05
41.2 -6.38693e-05
41.21 -5.48995e-05
41.22 -4.57597e-05
41.23 -3.64791e-05
41.24 -2.70875e-05
41.25 -1.76153e-05
41.26 -8.09358e-06
41.27 1.44607e-06
41.28 1.09716e-05
41.29 2.04505e-05
41.3 2.985e-05
41.31 3.91373e-05
41.32 4.82794e-05
41.33 5.72434e-05
41.34 6.59969e-05
41.35 7.45078e-05
41.36 8.27446e-05
41.37 9.06767e-05
41.38 9.82747e-05
41.39 0.00010551
41.4 0.000112357
41.41 0.000118789
41.42 0.000124783
41.43 0.000130319
41.44 0.000135376
41.45 0.000139939
41.46 0.000143993
41.47 0.000147525
41.48 0.000150525
41.49 0.000152987
41.5 0.000154906
41.51 0.000156277
41.52 0.000157101
41.53 0.00015738
41.54 0.000157115
41.55 0.000156314
41.56 0.000154982
41.57 0.000153128
41.58 0.000150763
41.59 0.000147898
41.6 0.000144545
41.61 0.000140718
41.62 0.000136434
41.63 0.000131707
41.64 0.000126556
41.65 0.000120999
41.66 0.000115054
41.67 0.000108743
41.68 0.000102085
41.69 9.51039e-05
41.7 8.78209e-05
41.71 8.02598e-05
41.72 7.24448e-05
41.73 6.44007e-05
41.74 5.61532e-05
41.75 4.77287e-05
41.76 3.91542e-05
41.77 3.04573e-05
41.78 2.16663e-05
41.79 1.28099e-05
41.8 3.91762e-06
41.81 -4.9809e-06
41.82 -1.38555e-05
41.83 -2.26759e-05
41.84 -3.14113e-05
41.85 -4.00313e-05
41.86 -4.85053e-05
41.87 -5.68029e-05
41.88 -6.48942e-05
41.89 -7.27497e-05
41.9 -8.03407e-05
41.91 -8.76393e-05
41.92 -9.46187e-05
41.93 -0.000101253
41.94 -0.000107519
41.95 -0.000113393
41.96 -0.000118855
41.97 -0.000123885
41.98 -0.000128467
41.99 -0.000132585
42 -0.000136226
42.01 -0.000139381
42.02 -0.000142039
42.03 -0.000144196
42.04 -0.000145845
42.05 -0.000146985
42.06 -0.000147616
42.07 -0.000147739
42.08 -0.000147357
42.09 -0.000146475
42.1 -0.0001451
42.11 -0.00014324
42.12 -0.000140904
42.13 -0.000138104
42.14 -0.000134851
42.15 -0.000131159
42.16 -0.000127043
42.17 -0.000122516
42.18 -0.000117597
42.19 -0.000112302
42.2 -0.00010665
42.21 -0.00010066
42.22 -9.43519e-05
42.23 -8.77464e-05
42.24 -8.08652e-05
42.25 -7.37306e-05
42.26 -6.63656e-05
42.27 -5.87939e-05
42.28 -5.10399e-05
42.29 -4.31286e-05
42.3 -3.50856e-05
42.31 -2.69371e-05
42.32 -1.87098e-05
42.33 -1.0431e-05
42.34 -2.12804e-06
42.35 6.17098e-06
42.36 1.44379e-05
42.37 2.26444e-05
42.38 3.07619e-05
42.39 3.87621e-05
42.4 4.66167e-05
42.41 5.42976e-05
42.42 6.17775e-05
42.43 6.90291e-05
42.44 7.60263e-05
42.45 8.27437e-05
42.46 8.91568e-05
42.47 9.52426e-05
42.48 0.000100979
42.49 0.000106346
42.5 0.000111324
42.51 0.000115897
42.52 0.00012005
42.53 0.000123768
42.54 0.00012704
42.55 0.000129857
42.56 0.000132211
42.57 0.000134096
42.58 0.000135509
42.59 0.000136447
42.6 0.00013691
42.61 0.000136901
42.62 0.000136421
42.63 0.000135476
42.64 0.000134073
42.65 0.000132217
42.66 0.00012992
42.67 0.00012719
42.68 0.00012404
42.69 0.000120482
42.7 0.00011653
42.71 0.000112198
42.72 0.000107501
42.73 0.000102457
42.74 9.70834e-05
42.75 9.13975e-05
42.76 8.54188e-05
42.77 7.9167e-05
42.78 7.26628e-05
42.79 6.59273e-05
42.8 5.89826e-05
42.81 5.18511e-05
42.82 4.45561e-05
42.83 3.71213e-05
42.84 2.9571e-05
42.85 2.19302e-05
42.86 1.42239e-05
42.87 6.47792e-06
42.88 -1.28178e-06
42.89 -9.02896e-06
42.9 -1.67372e-05
42.91 -2.43799e-05
42.92 -3.19305e-05
42.93 -3.93627e-05
42.94 -4.66501e-05
42.95 -5.3767e-05
42.96 -6.06878e-05
42.97 -6.73878e-05
42.98 -7.38429e-05
42.99 -8.00299e-05
43 -8.59266e-05
43.01 -9.15119e-05
43.02 -9.6766e-05
43.03 -0.000101671
43.04 -0.000106209
43.05 -0.000110365
43.06 -0.000114125
43.07 -0.000117479
43.08 -0.000120414
43.09 -0.000122923
43.1 -0.000124998
43.11 -0.000126636
43.12 -0.000127833
43.13 -0.000128586
43.14 -0.000128897
43.15 -0.000128767
43.16 -0.000128199
43.17 -0.000127197
43.18 -0.000125768
43.19 -0.00012392
43.2 -0.000121659
43.21 -0.000118998
43.22 -0.000115945
43.23 -0.000112514
43.24 -0.000108717
43.25 -0.000104568
43.26 -0.000100083
43.27 -9.52764e-05
43.28 -9.01653e-05
43.29 -8.47671e-05
43.3 -7.90999e-05
43.31 -7.31826e-05
43.32 -6.70348e-05
43.33 -6.06767e-05
43.34 -5.41291e-05
43.35 -4.74135e-05
43.36 -4.05518e-05
43.37 -3.35667e-05
43.38 -2.64811e-05
43.39 -1.93185e-05
43.4 -1.21027e-05
43.41 -4.85779e-06
43.42 2.39174e-06
43.43 9.62132e-06
43.44 1.68062e-05
43.45 2.39217e-05
43.46 3.0943e-05
43.47 3.78457e-05
43.48 4.46055e-05
43.49 5.11984e-05
43.5 5.76012e-05
43.51 6.37909e-05
43.52 6.97456e-05
43.53 7.54441e-05
43.54 8.08661e-05
43.55 8.59925e-05
43.56 9.08054e-05
43.57 9.52881e-05
43.58 9.94252e-05
43.59 0.000103203
43.6 0.000106609
43.61 0.000109633
43.62 0.000112265
43.63 0.000114499
43.64 0.000116327
43.65 0.000117745
43.66 0.000118752
43.67 0.000119345
43.68 0.000119524
43.69 0.000119293
43.7 0.000118653
43.71 0.000117609
43.72 0.000116167
43.73 0.000114334
43.74 0.000112118
43.75 0.000109528
43.76 0.000106575
43.77 0.00010327
43.78 9.96263e-05
43.79 9.5656e-05
43.8 9.13737e-05
43.81 8.67943e-05
43.82 8.19338e-05
43.83 7.68086e-05
43.84 7.1436e-05
43.85 6.58341e-05
43.86 6.00214e-05
43.87 5.40172e-05
43.88 4.78413e-05
43.89 4.15141e-05
43.9 3.50566e-05
43.91 2.849e-05
43.92 2.18363e-05
43.93 1.51175e-05
43.94 8.35613e-06
43.95 1.57499e-06
43.96 -5.20295e-06
43.97 -1.19546e-05
43.98 -1.86568e-05
43.99 -2.52865e-05
44 -3.18206e-05
44.01 -3.82362e-05
44.02 -4.4511e-05
44.03 -5.06228e-05
44.04 -5.65501e-05
44.05 -6.22718e-05
44.06 -6.77677e-05
44.07 -7.30185e-05
44.08 -7.80057e-05
44.09 -8.27118e-05
44.1 -8.71206e-05
44.11 -9.1217e-05
44.12 -9.49872e-05
44.13 -9.84187e-05
44.14 -0.0001015
44.15 -0.000104223
44.16 -0.000106578
44.17 -0.000108558
44.18 -0.00011016
44.19 -0.000111378
44.2 -0.00011221
44.21 -0.000112657
44.22 -0.000112717
44.23 -0.000112393
44.24 -0.000111689
44.25 -0.000110608
44.26 -0.000109156
44.27 -0.00010734
44.28 -0.000105167
44.29 -0.000102648
44.3 -9.97905e-05
44.31 -9.66069e-05
44.32 -9.31085e-05
44.33 -8.93081e-05
44.34 -8.52192e-05
44.35 -8.0856e-05
44.36 -7.62337e-05
44.37 -7.1368e-05
44.38 -6.62753e-05
44.39 -6.09728e-05
44.4 -5.54783e-05
44.41 -4.98098e-05
44.42 -4.39865e-05
44.43 -3.80274e-05
44.44 -3.19525e-05
44.45 -2.5782e-05
44.46 -1.95364e-05
44.47 -1.32367e-05
44.48 -6.90406e-06
44.49 -5.59827e-07
44.5 5.77443e-06
44.51 1.20771e-05
44.52 1.83265e-05
44.53 2.45012e-05
44.54 3.05796e-05
44.55 3.65408e-05
44.56 4.23638e-05
44.57 4.80281e-05
44.58 5.35141e-05
44.59 5.88023e-05
44.6 6.38743e-05
44.61 6.87122e-05
44.62 7.32993e-05
44.63 7.76196e-05
44.64 8.16584e-05
44.65 8.54019e-05
44.66 8.88377e-05
44.67 9.19545e-05
44.68 9.47424e-05
44.69 9.71928e-05
44.7 9.92983e-05
44.71 0.000101053
44.72 0.000102452
44.73 0.000103493
44.74 0.000104173
44.75 0.000104492
44.76 0.00010445
44.77 0.00010405
44.78 0.000103294
44.79 0.000102187
44.8 0.000100735
44.81 9.89428e-05
44.82 9.68192e-05
44.83 9.43724e-05
44.84 9.16119e-05
44.85 8.85481e-05
44.86 8.51922e-05
44.87 8.15564e-05
44.88 7.76535e-05
44.89 7.34972e-05
44.9 6.91018e-05
44.91 6.44823e-05
44.92 5.96544e-05
44.93 5.46345e-05
44.94 4.94394e-05
44.95 4.40864e-05
44.96 3.85934e-05
44.97 3.29789e-05
44.98 2.72615e-05
44.99 2.14605e-05
45 1.55952e-05
45.01 9.68545e-06
45.02 3.7512e-06
45.03 -2.18743e-06
45.04 -8.11022e-06
45.05 -1.39969e-05
45.06 -1.98272e-05
45.07 -2.55811e-05
45.08 -3.12386e-05
45.09 -3.67801e-05
45.1 -4.21862e-05
45.11 -4.74381e-05
45.12 -5.25174e-05
45.13 -5.74064e-05
45.14 -6.20881e-05
45.15 -6.65462e-05
45.16 -7.07654e-05
45.17 -7.4731e-05
45.18 -7.84298e-05
45.19 -8.18492e-05
45.2 -8.49779e-05
45.21 -8.78059e-05
45.22 -9.03241e-05
45.23 -9.25249e-05
45.24 -9.44017e-05
45.25 -9.59494e-05
45.26 -9.71638e-05
45.27 -9.80423e-05
45.28 -9.85833e-05
45.29 -9.87864e-05
45.3 -9.86527e-05
45.31 -9.81841e-05
45.32 -9.73837e-05
45.33 -9.62557e-05
45.34 -9.48055e-05
45.35 -9.30393e-05
45.36 -9.09644e-05
45.37 -8.8589e-05
45.38 -8.59222e-05
45.39 -8.2974e-05
45.4 -7.97551e-05
45.41 -7.6277e-05
45.42 -7.25521e-05
45.43 -6.85934e-05
45.44 -6.44146e-05
45.45 -6.00299e-05
45.46 -5.54543e-05
45.47 -5.07033e-05
45.48 -4.57929e-05
45.49 -4.07395e-05
45.5 -3.55603e-05
45.51 -3.02725e-05
45.52 -2.48939e-05
45.53 -1.94425e-05
45.54 -1.39369e-05
45.55 -8.3954e-06
45.56 -2.83696e-06
45.57 2.71958e-06
45.58 8.25528e-06
45.59 1.37512e-05
45.6 1.91884e-05
45.61 2.45482e-05
45.62 2.98121e-05
45.63 3.49618e-05
45.64 3.99795e-05
45.65 4.48477e-05
45.66 4.95495e-05
45.67 5.40686e-05
45.68 5.83893e-05
45.69 6.24969e-05
45.7 6.63771e-05
45.71 7.00168e-05
45.72 7.34037e-05
45.73 7.65266e-05
45.74 7.93751e-05
45.75 8.19402e-05
45.76 8.42138e-05
45.77 8.61889e-05
45.78 8.78598e-05
45.79 8.92218e-05
45.8 9.02714e-05
45.81 9.10063e-05
45.82 9.14253e-05
45.83 9.15282e-05
45.84 9.13162e-05
45.85 9.07913e-05
45.86 8.99566e-05
45.87 8.88163e-05
45.88 8.73755e-05
45.89 8.56403e-05
45.9 8.36177e-05
45.91 8.13154e-05
45.92 7.87424e-05
45.93 7.5908e-05
45.94 7.28226e-05
45.95 6.94971e-05
45.96 6.59435e-05
45.97 6.21739e-05
45.98 5.82015e-05
45.99 5.404e-05
46 4.97034e-05
46.01 4.52066e-05
46.02 4.05647e-05
46.03 3.57935e-05
46.04 3.0909e-05
46.05 2.59277e-05
46.06 2.08664e-05
46.07 1.57422e-05
46.08 1.05724e-05
46.09 5.3746e-06
46.1 1.66356e-07
46.11 -5.03454e-06
46.12 -1.02103e-05
46.13 -1.53432e-05
46.14 -2.04156e-05
46.15 -2.54101e-05
46.16 -3.03094e-05
46.17 -3.50965e-05
46.18 -3.97549e-05
46.19 -4.42685e-05
46.2 -4.86216e-05
46.21 -5.27993e-05
46.22 -5.67872e-05
46.23 -6.05716e-05
46.24 -6.41396e-05
46.25 -6.74792e-05
46.26 -7.05792e-05
46.27 -7.34293e-05
46.28 -7.60203e-05
46.29 -7.8344e-05
46.3 -8.0393e-05
46.31 -8.21612e-05
46.32 -8.36434e-05
46.33 -8.48356e-05
46.34 -8.57348e-05
46.35 -8.63389e-05
46.36 -8.66472e-05
46.37 -8.66598e-05
46.38 -8.63778e-05
46.39 -8.58035e-05
46.4 -8.49399e-05
46.41 -8.37912e-05
46.42 -8.23624e-05
46.43 -8.06594e-05
46.44 -7.86889e-05
46.45 -7.64585e-05
46.46 -7.39765e-05
46.47 -7.12522e-05
46.48 -6.82953e-05
46.49 -6.51165e-05
46.5 -6.17268e-05
46.51 -5.81382e-05
46.52 -5.43631e-05
46.53 -5.04144e-05
46.54 -4.63057e-05
46.55 -4.20509e-05
46.56 -3.76645e-05
46.57 -3.31613e-05
46.58 -2.85566e-05
46.59 -2.3866e-05
46.6 -1.91054e-05
46.61 -1.42908e-05
46.62 -9.43855e-06
46.63 -4.56518e-06
46.64 3.12751e-07
46.65 5.1786e-06
46.66 1.00157e-05
46.67 1.48076e-05
46.68 1.95378e-05
46.69 2.41899e-05
46.7 2.87481e-05
46.71 3.31965e-05
46.72 3.75199e-05
46.73 4.17034e-05
46.74 4.57326e-05
46.75 4.95935e-05
46.76 5.32732e-05
46.77 5.67589e-05
46.78 6.00389e-05
46.79 6.31023e-05
46.8 6.59388e-05
46.81 6.85391e-05
46.82 7.08948e-05
46.83 7.29984e-05
46.84 7.48435e-05
46.85 7.64244e-05
46.86 7.77366e-05
46.87 7.87766e-05
46.88 7.95416e-05
46.89 8.00302e-05
46.9 8.02417e-05
46.91 8.01764e-05
46.92 7.98357e-05
46.93 7.92218e-05
46.94 7.83377e-05
46.95 7.71876e-05
46.96 7.57763e-05
46.97 7.41094e-05
46.98 7.21936e-05
46.99 7.00361e-05
47 6.76449e-05
47.01 6.50287e-05
47.02 6.21971e-05
47.03 5.916e-05
47.04 5.59281e-05
47.05 5.25128e-05
47.06 4.89259e-05
47.07 4.51797e-05
47.08 4.1287e-05
47.09 3.72613e-05
47.1 3.31161e-05
47.11 2.88656e-05
47.12 2.45242e-05
47.13 2.01066e-05
47.14 1.56279e-05
47.15 1.11033e-05
47.16 6.54803e-06
47.17 1.97775e-06
47.18 -2.59199e-06
47.19 -7.1456e-06
47.2 -1.16675e-05
47.21 -1.61422e-05
47.22 -2.05543e-05
47.23 -2.48887e-05
47.24 -2.91305e-05
47.25 -3.32651e-05
47.26 -3.72783e-05
47.27 -4.11563e-05
47.28 -4.48858e-05
47.29 -4.84541e-05
47.3 -5.18491e-05
47.31 -5.50592e-05
47.32 -5.80736e-05
47.33 -6.08823e-05
47.34 -6.34761e-05
47.35 -6.58464e-05
47.36 -6.79856e-05
47.37 -6.98871e-05
47.38 -7.15449e-05
47.39 -7.2954e-05
47.4 -7.41105e-05
47.41 -7.50112e-05
47.42 -7.5654e-05
47.43 -7.60376e-05
47.44 -7.61616e-05
47.45 -7.60266e-05
47.46 -7.56339e-05
47.47 -7.49859e-05
47.48 -7.40857e-05
47.49 -7.29372e-05
47.5 -7.15453e-05
47.51 -6.99154e-05
47.52 -6.8054e-05
47.53 -6.59679e-05
47.54 -6.36649e-05
47.55 -6.11535e-05
47.56 -5.84425e-05
47.57 -5.55417e-05
47.58 -5.24612e-05
47.59 -4.92118e-05
47.6 -4.58048e-05
47.61 -4.2252e-05
47.62 -3.85655e-05
47.63 -3.47579e-05
47.64 -3.08423e-05
47.65 -2.6832e-05
47.66 -2.27406e-05
47.67 -1.85821e-05
47.68 -1.43706e-05
47.69 -1.01204e-05
47.7 -5.84605e-06
47.71 -1.56205e-06
47.72 2.71696e-06
47.73 6.97637e-06
47.74 1.12016e-05
47.75 1.53782e-05
47.76 1.94919e-05
47.77 2.35286e-05
47.78 2.74744e-05
47.79 3.13157e-05
47.8 3.50396e-05
47.81 3.86331e-05
47.82 4.20841e-05
47.83 4.53808e-05
47.84 4.85121e-05
47.85 5.14673e-05
47.86 5.42367e-05
47.87 5.68111e-05
47.88 5.91819e-05
47.89 6.13414e-05
47.9 6.32828e-05
47.91 6.50001e-05
47.92 6.64878e-05
47.93 6.77416e-05
47.94 6.8758e-05
47.95 6.95342e-05
47.96 7.00683e-05
47.97 7.03594e-05
47.98 7.04074e-05
47.99 7.02129e-05
48 6.97774e-05
48.01 6.91032e-05
48.02 6.81936e-05
48.03 6.70523e-05
48.04 6.5684e-05
48.05 6.4094e-05
48.06 6.22886e-05
48.07 6.02743e-05
48.08 5.80587e-05
48.09 5.56497e-05
48.1 5.30559e-05
48.11 5.02867e-05
48.12 4.73516e-05
48.13 4.42611e-05
48.14 4.10257e-05
48.15 3.76567e-05
48.16 3.41657e-05
48.17 3.05646e-05
48.18 2.68657e-05
48.19 2.30818e-05
48.2 1.92257e-05
48.21 1.53106e-05
48.22 1.13498e-05
48.23 7.35685e-06
48.24 3.34532e-06
48.25 -6.71072e-07
48.26 -4.67861e-06
48.27 -8.6636e-06
48.28 -1.26124e-05
48.29 -1.65115e-05
48.3 -2.03476e-05
48.31 -2.41075e-05
48.32 -2.77784e-05
48.33 -3.13476e-05
48.34 -3.48031e-05
48.35 -3.81331e-05
48.36 -4.13261e-05
48.37 -4.43715e-05
48.38 -4.72589e-05
48.39 -4.99786e-05
48.4 -5.25217e-05
48.41 -5.48796e-05
48.42 -5.70447e-05
48.43 -5.90101e-05
48.44 -6.07694e-05
48.45 -6.23172e-05
48.46 -6.36487e-05
48.47 -6.47601e-05
48.48 -6.56482e-05
48.49 -6.63106e-05
48.5 -6.6746e-05
48.51 -6.69534e-05
48.52 -6.6933e-05
48.53 -6.66857e-05
48.54 -6.6213e-05
48.55 -6.55173e-05
48.56 -6.46017e-05
48.57 -6.34701e-05
48.58 -6.21269e-05
48.59 -6.05775e-05
48.6 -5.88276e-05
48.61 -5.68838e-05
48.62 -5.47532e-05
48.63 -5.24435e-05
48.64 -4.99629e-05
48.65 -4.73203e-05
48.66 -4.4525e-05
48.67 -4.15866e-05
48.68 -3.85154e-05
48.69 -3.53221e-05
48.7 -3.20176e-05
48.71 -2.86133e-05
48.72 -2.51208e-05
48.73 -2.15522e-05
48.74 -1.79195e-05
48.75 -1.42353e-05
48.76 -1.0512e-05
48.77 -6.76248e-06
48.78 -2.99939e-06
48.79 7.6436e-07
48.8 4.51593e-06
48.81 8.24249e-06
48.82 1.19313e-05
48.83 1.55698e-05
48.84 1.91455e-05
48.85 2.26462e-05
48.86 2.606e-05
48.87 2.93752e-05
48.88 3.25805e-05
48.89 3.5665e-05
48.9 3.86184e-05
48.91 4.14306e-05
48.92 4.40921e-05
48.93 4.65942e-05
48.94 4.89284e-05
48.95 5.10872e-05
48.96 5.30635e-05
48.97 5.4851e-05
48.98 5.64439e-05
48.99 5.78374e-05
49 5.90272e-05
49.01 6.00099e-05
49.02 6.07826e-05
49.03 6.13434e-05
49.04 6.16911e-05
49.05 6.18252e-05
49.06 6.17458e-05
49.07 6.1454e-05
49.08 6.09513e-05
49.09 6.02404e-05
49.1 5.93241e-05
49.11 5.82062e-05
49.12 5.68913e-05
49.13 5.53842e-05
49.14 5.36907e-05
49.15 5.18171e-05
49.16 4.97702e-05
49.17 4.75573e-05
49.18 4.51864e-05
49.19 4.26658e-05
49.2 4.00044e-05
49.21 3.72115e-05
49.22 3.42968e-05
49.23 3.12705e-05
49.24 2.81429e-05
49.25 2.49248e-05
49.26 2.16273e-05
49.27 1.82616e-05
49.28 1.48394e-05
49.29 1.13722e-05
49.3 7.87199e-06
49.31 4.35069e-06
49.32 8.20331e-07
49.33 -2.70702e-06
49.34 -6.21931e-06
49.35 -9.70454e-06
49.36 -1.31508e-05
49.37 -1.65463e-05
49.38 -1.98796e-05
49.39 -2.31391e-05
49.4 -2.63138e-05
49.41 -2.93929e-05
49.42 -3.23659e-05
49.43 -3.52228e-05
49.44 -3.79539e-05
49.45 -4.05501e-05
49.46 -4.30026e-05
49.47 -4.53033e-05
49.48 -4.74446e-05
49.49 -4.94195e-05
49.5 -5.12215e-05
49.51 -5.2845e-05
49.52 -5.42848e-05
49.53 -5.55365e-05
49.54 -5.65963e-05
49.55 -5.74611e-05
49.56 -5.81285e-05
49.57 -5.85969e-05
49.58 -5.88652e-05
49.59 -5.89333e-05
49.6 -5.88014e-05
49.61 -5.84707e-05
49.62 -5.79429e-05
49.63 -5.72204e-05
49.64 -5.63063e-05
49.65 -5.52042e-05
49.66 -5.39186e-05
49.67 -5.24542e-05
49.68 -5.08166e-05
49.69 -4.90118e-05
49.7 -4.70463e-05
49.71 -4.49272e-05
49.72 -4.26621e-05
49.73 -4.02589e-05
49.74 -3.77262e-05
49.75 -3.50727e-05
49.76 -3.23077e-05
49.77 -2.94408e-05
49.78 -2.64819e-05
49.79 -2.34412e-05
49.8 -2.03291e-05
49.81 -1.71562e-05
49.82 -1.39336e-05
49.83 -1.06722e-05
49.84 -7.38311e-06
49.85 -4.07765e-06
49.86 -7.67081e-07
49.87 2.53727e-06
49.88 5.82413e-06
49.89 9.08228e-06
49.9 1.23006e-05
49.91 1.54681e-05
49.92 1.8574e-05
49.93 2.16077e-05
49.94 2.45589e-05
49.95 2.74176e-05
49.96 3.01741e-05
49.97 3.28191e-05
49.98 3.53438e-05
49.99 3.77395e-05
50 3.99984e-05
50.01 4.2113e-05
50.02 4.40762e-05
50.03 4.58818e-05
50.04 4.75238e-05
50.05 4.89971e-05
50.06 5.0297e-05
50.07 5.14196e-05
50.08 5.23614e-05
50.09 5.31198e-05
50.1 5.36926e-05
50.11 5.40785e-05
50.12 5.42768e-05
50.13 5.42872e-05
50.14 5.41104e-05
50.15 5.37476e-05
50.16 5.32004e-05
50.17 5.24713e-05
50.18 5.15635e-05
50.19 5.04803e-05
50.2 4.92262e-05
50.21 4.78057e-05
50.22 4.62242e-05
50.23 4.44875e-05
50.24 4.26018e-05
50.25 4.05739e-05
50.26 3.84111e-05
50.27 3.6121e-05
50.28 3.37115e-05
50.29 3.11913e-05
50.3 2.8569e-05
50.31 2.58536e-05
50.32 2.30547e-05
50.33 2.01818e-05
50.34 1.72449e-05
50.35 1.4254e-05
50.36 1.12195e-05
50.37 8.15155e-06
50.38 5.06084e-06
50.39 1.9579e-06
50.4 -1.14666e-06
50.41 -4.24225e-06
50.42 -7.31827e-06
50.43 -1.03642e-05
50.44 -1.33697e-05
50.45 -1.63246e-05
50.46 -1.92186e-05
50.47 -2.20421e-05
50.48 -2.47854e-05
50.49 -2.74393e-05
50.5 -2.99947e-05
50.51 -3.24431e-05
50.52 -3.47762e-05
50.53 -3.69862e-05
50.54 -3.90659e-05
50.55 -4.10082e-05
50.56 -4.2807e-05
50.57 -4.44562e-05
50.58 -4.59507e-05
50.59 -4.72857e-05
50.6 -4.84569e-05
50.61 -4.94609e-05
50.62 -5.02947e-05
50.63 -5.09558e-05
50.64 -5.14425e-05
50.65 -5.17537e-05
50.66 -5.18888e-05
50.67 -5.18478e-05
50.68 -5.16315e-05
50.69 -5.1241e-05
50.7 -5.06783e-05
50.71 -4.99457e-05
50.72 -4.90463e-05
50.73 -4.79836e-05
50.74 -4.67616e-05
50.75 -4.53849e-05
50.76 -4.38587e-05
50.77 -4.21885e-05
50.78 -4.03804e-05
50.79 -3.84408e-05
50.8 -3.63766e-05
50.81 -3.41951e-05
50.82 -3.1904e-05
50.83 -2.95113e-05
50.84 -2.70253e-05
50.85 -2.44547e-05
50.86 -2.18082e-05
50.87 -1.90951e-05
50.88 -1.63247e-05
50.89 -1.35066e-05
50.9 -1.06503e-05
50.91 -7.76569e-06
50.92 -4.86266e-06
50.93 -1.95111e-06
50.94 9.58997e-07
50.95 3.85772e-06
50.96 6.73518e-06
50.97 9.58154e-06
50.98 1.23871e-05
50.99 1.51424e-05
51 1.78379e-05
51.01 2.04646e-05
51.02 2.30136e-05
51.03 2.54762e-05
51.04 2.78442e-05
51.05 3.01096e-05
51.06 3.22647e-05
51.07 3.43025e-05
51.08 3.62162e-05
51.09 3.79994e-05
51.1 3.96464e-05
51.11 4.11518e-05
51.12 4.25108e-05
51.13 4.37191e-05
51.14 4.4773e-05
51.15 4.56691e-05
51.16 4.6405e-05
51.17 4.69785e-05
51.18 4.73881e-05
51.19 4.76328e-05
51.2 4.77124e-05
51.21 4.7627e-05
51.22 4.73774e-05
51.23 4.69648e-05
51.24 4.63913e-05
51.25 4.56591e-05
51.26 4.47712e-05
51.27 4.37312e-05
51.28 4.25428e-05
51.29 4.12107e-05
51.3 3.97396e-05
51.31 3.8135e-05
51.32 3.64026e-05
51.33 3.45486e-05
51.34 3.25796e-05
51.35 3.05025e-05
51.36 2.83247e-05
51.37 2.60537e-05
51.38 2.36975e-05
51.39 2.12642e-05
51.4 1.87623e-05
51.41 1.62004e-05
51.42 1.35873e-05
51.43 1.09321e-05
51.44 8.24373e-06
51.45 5.53155e-06
51.46 2.80482e-06
51.47 7.28595e-08
51.48 -2.65498e-06
51.49 -5.36939e-06
51.5 -8.06109e-06
51.51 -1.07209e-05
51.52 -1.33398e-05
51.53 -1.59089e-05
51.54 -1.84194e-05
51.55 -2.08629e-05
51.56 -2.3231e-05
51.57 -2.55158e-05
51.58 -2.77096e-05
51.59 -2.9805e-05
51.6 -3.17951e-05
51.61 -3.36733e-05
51.62 -3.54332e-05
51.63 -3.70692e-05
51.64 -3.8576e-05
51.65 -3.99486e-05
51.66 -4.11827e-05
51.67 -4.22743e-05
51.68 -4.32203e-05
51.69 -4.40175e-05
51.7 -4.46638e-05
51.71 -4.51574e-05
51.72 -4.54969e-05
51.73 -4.56817e-05
51.74 -4.57115e-05
51.75 -4.55868e-05
51.76 -4.53083e-05
51.77 -4.48774e-05
51.78 -4.4296e-05
51.79 -4.35666e-05
51.8 -4.26921e-05
51.81 -4.16757e-05
51.82 -4.05214e-05
51.83 -3.92334e-05
51.84 -3.78165e-05
51.85 -3.62758e-05
51.86 -3.46169e-05
51.87 -3.28456e-05
51.88 -3.09683e-05
51.89 -2.89916e-05
51.9 -2.69224e-05
51.91 -2.47679e-05
51.92 -2.25357e-05
51.93 -2.02335e-05
51.94 -1.78693e-05
51.95 -1.54512e-05
51.96 -1.29876e-05
51.97 -1.04869e-05
51.98 -7.95773e-06
51.99 -5.40878e-06
52 -2.84876e-06
52.01 -2.86429e-07
52.02 2.26945e-06
52.03 4.81016e-06
52.04 7.32703e-06
52.05 9.8115e-06
52.06 1.22551e-05
52.07 1.46496e-05
52.08 1.69868e-05
52.09 1.92588e-05
52.1 2.1458e-05
52.11 2.35769e-05
52.12 2.56085e-05
52.13 2.75459e-05
52.14 2.93827e-05
52.15 3.11128e-05
52.16 3.27305e-05
52.17 3.42306e-05
52.18 3.56081e-05
52.19 3.68585e-05
52.2 3.7978e-05
52.21 3.89631e-05
52.22 3.98106e-05
52.23 4.05181e-05
52.24 4.10835e-05
52.25 4.15052e-05
52.26 4.17822e-05
52.27 4.19139e-05
52.28 4.19004e-05
52.29 4.17419e-05
52.3 4.14396e-05
52.31 4.09947e-05
52.32 4.04093e-05
52.33 3.96857e-05
52.34 3.88267e-05
52.35 3.78356e-05
52.36 3.67162e-05
52.37 3.54726e-05
52.38 3.41093e-05
52.39 3.26312e-05
52.4 3.10437e-05
52.41 2.93525e-05
52.42 2.75635e-05
52.43 2.5683e-05
52.44 2.37176e-05
52.45 2.16743e-05
52.46 1.956e-05
52.47 1.73822e-05
52.48 1.51484e-05
52.49 1.28664e-05
52.5 1.05439e-05
52.51 8.18896e-06
52.52 5.80972e-06
52.53 3.4143e-06
52.54 1.01091e-06
52.55 -1.39222e-06
52.56 -3.78688e-06
52.57 -6.1649e-06
52.58 -8.51817e-06
52.59 -1.08387e-05
52.6 -1.31186e-05
52.61 -1.53501e-05
52.62 -1.75256e-05
52.63 -1.96379e-05
52.64 -2.16798e-05
52.65 -2.36444e-05
52.66 -2.55252e-05
52.67 -2.73158e-05
52.68 -2.90104e-05
52.69 -3.06033e-05
52.7 -3.20893e-05
52.71 -3.34636e-05
52.72 -3.47216e-05
52.73 -3.58594e-05
52.74 -3.68733e-05
52.75 -3.77603e-05
52.76 -3.85175e-05
52.77 -3.91427e-05
52.78 -3.96342e-05
52.79 -3.99906e-05
52.8 -4.02111e-05
52.81 -4.02952e-05
52.82 -4.0243e-05
52.83 -4.00552e-05
52.84 -3.97327e-05
52.85 -3.9277e-05
52.86 -3.869e-05
52.87 -3.7974e-05
52.88 -3.71318e-05
52.89 -3.61667e-05
52.9 -3.50823e-05
52.91 -3.38825e-05
52.92 -3.25717e-05
52.93 -3.11546e-05
52.94 -2.96364e-05
52.95 -2.80224e-05
52.96 -2.63183e-05
52.97 -2.45302e-05
52.98 -2.26644e-05
52.99 -2.07273e-05
53 -1.87256e-05
53.01 -1.66664e-05
53.02 -1.45568e-05
53.03 -1.2404e-05
53.04 -1.02155e-05
53.05 -7.99875e-06
53.06 -5.76146e-06
53.07 -3.51126e-06
53.08 -1.25587e-06
53.09 9.9702e-07
53.1 3.2397e-06
53.11 5.46453e-06
53.12 7.66394e-06
53.13 9.83044e-06
53.14 1.19567e-05
53.15 1.40354e-05
53.16 1.60597e-05
53.17 1.80227e-05
53.18 1.99177e-05
53.19 2.17385e-05
53.2 2.34789e-05
53.21 2.51331e-05
53.22 2.66957e-05
53.23 2.81615e-05
53.24 2.95257e-05
53.25 3.07838e-05
53.26 3.19318e-05
53.27 3.2966e-05
53.28 3.38833e-05
53.29 3.46806e-05
53.3 3.53556e-05
53.31 3.59062e-05
53.32 3.63311e-05
53.33 3.66289e-05
53.34 3.6799e-05
53.35 3.68412e-05
53.36 3.67557e-05
53.37 3.65431e-05
53.38 3.62045e-05
53.39 3.57414e-05
53.4 3.51556e-05
53.41 3.44496e-05
53.42 3.36259e-05
53.43 3.26878e-05
53.44 3.16387e-05
53.45 3.04825e-05
53.46 2.92233e-05
53.47 2.78658e-05
53.48 2.64147e-05
53.49 2.48753e-05
53.5 2.32529e-05
53.51 2.15533e-05
53.52 1.97825e-05
53.53 1.79466e-05
53.54 1.6052e-05
53.55 1.41053e-05
53.56 1.21132e-05
53.57 1.00827e-05
53.58 8.02074e-06
53.59 5.93437e-06
53.6 3.83078e-06
53.61 1.7172e-06
53.62 -3.99142e-07
53.63 -2.511e-06
53.64 -4.61118e-06
53.65 -6.6925e-06
53.66 -8.74789e-06
53.67 -1.07704e-05
53.68 -1.27531e-05
53.69 -1.46893e-05
53.7 -1.65725e-05
53.71 -1.83963e-05
53.72 -2.01546e-05
53.73 -2.18416e-05
53.74 -2.34515e-05
53.75 -2.4979e-05
53.76 -2.64192e-05
53.77 -2.77671e-05
53.78 -2.90186e-05
53.79 -3.01693e-05
53.8 -3.12158e-05
53.81 -3.21546e-05
53.82 -3.29827e-05
53.83 -3.36977e-05
53.84 -3.42974e-05
53.85 -3.478e-05
53.86 -3.51441e-05
53.87 -3.53888e-05
53.88 -3.55137e-05
53.89 -3.55186e-05
53.9 -3.54037e-05
53.91 -3.51699e-05
53.92 -3.48181e-05
53.93 -3.435e-05
53.94 -3.37675e-05
53.95 -3.30727e-05
53.96 -3.22684e-05
53.97 -3.13577e-05
53.98 -3.03438e-05
53.99 -2.92304e-05
54 -2.80217e-05
54.01 -2.6722e-05
54.02 -2.53358e-05
54.03 -2.38682e-05
54.04 -2.23244e-05
54.05 -2.07096e-05
54.06 -1.90297e-05
54.07 -1.72905e-05
54.08 -1.5498e-05
54.09 -1.36584e-05
54.1 -1.17782e-05
54.11 -9.86379e-06
54.12 -7.92179e-06
54.13 -5.95889e-06
54.14 -3.98182e-06
54.15 -1.99736e-06
54.16 -1.23127e-08
54.17 1.96655e-06
54.18 3.93246e-06
54.19 5.87874e-06
54.2 7.79876e-06
54.21 9.68602e-06
54.22 1.15341e-05
54.23 1.33368e-05
54.24 1.5088e-05
54.25 1.67818e-05
54.26 1.84125e-05
54.27 1.99748e-05
54.28 2.14633e-05
54.29 2.28731e-05
54.3 2.41997e-05
54.31 2.54386e-05
54.32 2.65857e-05
54.33 2.76375e-05
54.34 2.85905e-05
54.35 2.94416e-05
54.36 3.01882e-05
54.37 3.08281e-05
54.38 3.13593e-05
54.39 3.17802e-05
54.4 3.20897e-05
54.41 3.22871e-05
54.42 3.23719e-05
54.43 3.23441e-05
54.44 3.22042e-05
54.45 3.19529e-05
54.46 3.15913e-05
54.47 3.1121e-05
54.48 3.05439e-05
54.49 2.98621e-05
54.5 2.90784e-05
54.51 2.81955e-05
54.52 2.72168e-05
54.53 2.61459e-05
54.54 2.49866e-05
54.55 2.37431e-05
54.56 2.24198e-05
54.57 2.10214e-05
54.58 1.95528e-05
54.59 1.80193e-05
54.6 1.64262e-05
54.61 1.4779e-05
54.62 1.30834e-05
54.63 1.13455e-05
54.64 9.57112e-06
54.65 7.76646e-06
54.66 5.93773e-06
54.67 4.09123e-06
54.68 2.23329e-06
54.69 3.70281e-07
54.7 -1.49142e-06
54.71 -3.34545e-06
54.72 -5.1855e-06
54.73 -7.00529e-06
54.74 -8.79864e-06
54.75 -1.05595e-05
54.76 -1.22818e-05
54.77 -1.39599e-05
54.78 -1.5588e-05
54.79 -1.71606e-05
54.8 -1.86726e-05
54.81 -2.01189e-05
54.82 -2.14946e-05
54.83 -2.27952e-05
54.84 -2.40164e-05
54.85 -2.51542e-05
54.86 -2.6205e-05
54.87 -2.71652e-05
54.88 -2.80319e-05
54.89 -2.88024e-05
54.9 -2.94741e-05
54.91 -3.00451e-05
54.92 -3.05136e-05
54.93 -3.08783e-05
54.94 -3.11383e-05
54.95 -3.12929e-05
54.96 -3.13418e-05
54.97 -3.12852e-05
54.98 -3.11235e-05
54.99 -3.08575e-05
