0.01 -1.31246e-07
0.02 -1.44136e-07
0.03 -1.84008e-07
0.04 -2.63728e-07
0.05 -3.82295e-07
0.06 -5.26794e-07
0.07 -6.8503e-07
0.08 -8.55846e-07
0.09 -1.04796e-06
0.1 -1.27024e-06
0.11 -1.52383e-06
0.12 -1.80289e-06
0.13 -2.10155e-06
0.14 -2.41924e-06
0.15 -2.75957e-06
0.16 -3.12471e-06
0.17 -3.51147e-06
0.18 -3.91288e-06
0.19 -4.32301e-06
0.2 -4.73989e-06
0.21 -5.16444e-06
0.22 -5.59711e-06
0.23 -6.03569e-06
0.24 -6.47602e-06
0.25 -6.91483e-06
0.26 -7.3529e-06
0.27 -7.79597e-06
0.28 -8.25079e-06
0.29 -8.71875e-06
0.3 -9.19354e-06
0.31 -9.66508e-06
0.32 -1.01247e-05
0.33 -1.05675e-05
0.34 -1.09927e-05
0.35 -1.14019e-05
0.36 -1.17955e-05
0.37 -1.21711e-05
0.38 -1.25271e-05
0.39 -1.28676e-05
0.4 -1.32033e-05
0.41 -1.35483e-05
0.42 -1.39148e-05
0.43 -1.43055e-05
0.44 -1.47039e-05
0.45 -1.50747e-05
0.46 -1.53815e-05
0.47 -1.5611e-05
0.48 -1.57805e-05
0.49 -1.59213e-05
0.5 -1.60556e-05
0.51 -1.6183e-05
0.52 -1.62821e-05
0.53 -1.63269e-05
0.54 -1.63119e-05
0.55 -1.62659e-05
0.56 -1.62369e-05
0.57 -1.62576e-05
0.58 -1.632e-05
0.59 -1.63807e-05
0.6 -1.63929e-05
0.61 -1.63336e-05
0.62 -1.62014e-05
0.63 -1.60007e-05
0.64 -1.57323e-05
0.65 -1.53894e-05
0.66 -1.49527e-05
0.67 -1.43999e-05
0.68 -1.37287e-05
0.69 -1.29678e-05
0.7 -1.21635e-05
0.71 -1.13629e-05
0.72 -1.06112e-05
0.73 -9.94772e-06
0.74 -9.38995e-06
0.75 -8.91956e-06
0.76 -8.49268e-06
0.77 -8.07024e-06
0.78 -7.6415e-06
0.79 -7.21952e-06
0.8 -6.81046e-06
0.81 -6.38834e-06
0.82 -5.90682e-06
0.83 -5.33377e-06
0.84 -4.67883e-06
0.85 -4.00731e-06
0.86 -3.42308e-06
0.87 -3.0008e-06
0.88 -2.71261e-06
0.89 -2.42905e-06
0.9 -2.00175e-06
0.91 -1.3526e-06
0.92 -5.04916e-07
0.93 4.50289e-07
0.94 1.427e-06
0.95 2.40453e-06
0.96 3.41795e-06
0.97 4.48465e-06
0.98 5.54623e-06
0.99 6.49248e-06
1 7.24608e-06
1.01 7.81655e-06
1.02 8.27694e-06
1.03 8.70585e-06
1.04 9.14791e-06
1.05 9.61756e-06
1.06 1.01477e-05
1.07 1.08274e-05
1.08 1.1757e-05
1.09 1.29558e-05
1.1 1.43335e-05
1.11 1.57643e-05
1.12 1.71707e-05
1.13 1.85272e-05
1.14 1.98013e-05
1.15 2.0917e-05
1.16 2.17883e-05
1.17 2.23893e-05
1.18 2.27855e-05
1.19 2.30944e-05
1.2 2.34187e-05
1.21 2.38231e-05
1.22 2.43648e-05
1.23 2.5106e-05
1.24 2.6079e-05
1.25 2.72764e-05
1.26 2.86893e-05
1.27 3.03288e-05
1.28 3.2198e-05
1.29 3.42456e-05
1.3 3.63321e-05
1.31 3.8254e-05
1.32 3.98492e-05
1.33 4.11049e-05
1.34 4.21615e-05
1.35 4.31936e-05
1.36 4.42582e-05
1.37 4.52421e-05
1.38 4.59631e-05
1.39 4.63441e-05
1.4 4.64991e-05
1.41 4.66396e-05
1.42 4.68845e-05
1.43 4.71699e-05
1.44 4.73409e-05
1.45 4.73194e-05
1.46 4.71898e-05
1.47 4.71382e-05
1.48 4.72936e-05
1.49 4.7597e-05
1.5 4.78246e-05
1.51 4.77676e-05
1.52 4.7413e-05
1.53 4.69414e-05
1.54 4.65294e-05
1.55 4.61721e-05
1.56 4.57276e-05
1.57 4.51141e-05
1.58 4.44158e-05
1.59 4.37991e-05
1.6 4.33508e-05
1.61 4.29865e-05
1.62 4.25089e-05
1.63 4.17768e-05
1.64 4.08401e-05
1.65 3.99051e-05
1.66 3.91659e-05
1.67 3.86395e-05
1.68 3.81298e-05
1.69 3.73521e-05
1.7 3.61241e-05
1.71 3.44742e-05
1.72 3.25972e-05
1.73 3.07101e-05
1.74 2.89433e-05
1.75 2.73682e-05
1.76 2.60893e-05
1.77 2.52529e-05
1.78 2.49695e-05
1.79 2.52373e-05
1.8 2.59062e-05
1.81 2.66843e-05
1.82 2.72158e-05
1.83 2.72246e-05
1.84 2.66377e-05
1.85 2.55942e-05
1.86 2.43258e-05
1.87 2.29902e-05
1.88 2.15933e-05
1.89 2.00675e-05
1.9 1.8405e-05
1.91 1.66824e-05
1.92 1.49476e-05
1.93 1.31112e-05
1.94 1.0989e-05
1.95 8.49338e-06
1.96 5.78472e-06
1.97 3.20094e-06
1.98 1.00878e-06
1.99 -7.75683e-07
2 -2.32714e-06
2.01 -3.79743e-06
2.02 -5.16904e-06
2.03 -6.29618e-06
2.04 -7.06528e-06
2.05 -7.53563e-06
2.06 -7.97576e-06
2.07 -8.75548e-06
2.08 -1.01175e-05
2.09 -1.20022e-05
2.1 -1.41125e-05
2.11 -1.61728e-05
2.12 -1.81236e-05
2.13 -2.00582e-05
2.14 -2.19924e-05
2.15 -2.37482e-05
2.16 -2.50704e-05
2.17 -2.58217e-05
2.18 -2.6071e-05
2.19 -2.60431e-05
2.2 -2.60064e-05
2.21 -2.61759e-05
2.22 -2.66825e-05
2.23 -2.75926e-05
2.24 -2.8917e-05
2.25 -3.05731e-05
2.26 -3.23499e-05
2.27 -3.39613e-05
2.28 -3.5192e-05
2.29 -3.60263e-05
2.3 -3.66234e-05
2.31 -3.71325e-05
2.32 -3.75226e-05
2.33 -3.76107e-05
2.34 -3.72399e-05
2.35 -3.64108e-05
2.36 -3.52758e-05
2.37 -3.40657e-05
2.38 -3.30028e-05
2.39 -3.21959e-05
2.4 -3.15633e-05
2.41 -3.08847e-05
2.42 -2.9976e-05
2.43 -2.88219e-05
2.44 -2.75525e-05
2.45 -2.63276e-05
2.46 -2.5255e-05
2.47 -2.43693e-05
2.48 -2.36077e-05
2.49 -2.28206e-05
2.5 -2.19086e-05
2.51 -2.09631e-05
2.52 -2.01702e-05
2.53 -1.95432e-05
2.54 -1.88107e-05
2.55 -1.75921e-05
2.56 -1.56692e-05
2.57 -1.31248e-05
2.58 -1.02927e-05
2.59 -7.59036e-06
2.6 -5.33359e-06
2.61 -3.63693e-06
2.62 -2.4668e-06
2.63 -1.79084e-06
2.64 -1.68073e-06
2.65 -2.25959e-06
2.66 -3.51381e-06
2.67 -5.16204e-06
2.68 -6.74051e-06
2.69 -7.8175e-06
2.7 -8.16253e-06
2.71 -7.80576e-06
2.72 -6.98349e-06
2.73 -5.99948e-06
2.74 -5.10382e-06
2.75 -4.45458e-06
2.76 -4.12408e-06
2.77 -4.12651e-06
2.78 -4.46577e-06
2.79 -5.15801e-06
2.8 -6.21391e-06
2.81 -7.6121e-06
2.82 -9.27772e-06
2.83 -1.10912e-05
2.84 -1.29362e-05
2.85 -1.47187e-05
2.86 -1.63228e-05
2.87 -1.75877e-05
2.88 -1.83836e-05
2.89 -1.87154e-05
2.9 -1.87241e-05
2.91 -1.85945e-05
2.92 -1.84888e-05
2.93 -1.85512e-05
2.94 -1.89051e-05
2.95 -1.95909e-05
2.96 -2.05147e-05
2.97 -2.14934e-05
2.98 -2.23492e-05
2.99 -2.29708e-05
3 -2.33615e-05
3.01 -2.36914e-05
3.02 -2.4268e-05
3.03 -2.5358e-05
3.04 -2.69873e-05
3.05 -2.89236e-05
3.06 -3.08637e-05
3.07 -3.26437e-05
3.08 -3.42824e-05
3.09 -3.58373e-05
3.1 -3.72174e-05
3.11 -3.81534e-05
3.12 -3.84217e-05
3.13 -3.81522e-05
3.14 -3.78843e-05
3.15 -3.82601e-05
3.16 -3.96466e-05
3.17 -4.20283e-05
3.18 -4.51797e-05
3.19 -4.88738e-05
3.2 -5.29404e-05
3.21 -5.72089e-05
3.22 -6.14756e-05
3.23 -6.55444e-05
3.24 -6.9271e-05
3.25 -7.25517e-05
3.26 -7.52984e-05
3.27 -7.74527e-05
3.28 -7.89955e-05
3.29 -7.99478e-05
3.3 -8.04105e-05
3.31 -8.06015e-05
3.32 -8.07941e-05
3.33 -8.11669e-05
3.34 -8.16781e-05
3.35 -8.20741e-05
3.36 -8.20702e-05
3.37 -8.15918e-05
3.38 -8.08644e-05
3.39 -8.0248e-05
3.4 -7.99436e-05
3.41 -7.98349e-05
3.42 -7.96226e-05
3.43 -7.91206e-05
3.44 -7.83986e-05
3.45 -7.75975e-05
3.46 -7.66312e-05
3.47 -7.51541e-05
3.48 -7.28586e-05
3.49 -6.97576e-05
3.5 -6.61624e-05
3.51 -6.24408e-05
3.52 -5.88127e-05
3.53 -5.52991e-05
3.54 -5.18018e-05
3.55 -4.82379e-05
3.56 -4.46194e-05
3.57 -4.09867e-05
3.58 -3.72578e-05
3.59 -3.31914e-05
3.6 -2.85503e-05
3.61 -2.32972e-05
3.62 -1.76306e-05
3.63 -1.18732e-05
3.64 -6.34148e-06
3.65 -1.26759e-06
3.66 3.22609e-06
3.67 7.12096e-06
3.68 1.04767e-05
3.69 1.33888e-05
3.7 1.59525e-05
3.71 1.82395e-05
3.72 2.02774e-05
3.73 2.20431e-05
3.74 2.34797e-05
3.75 2.45289e-05
3.76 2.519e-05
3.77 2.55806e-05
3.78 2.59216e-05
3.79 2.64267e-05
3.8 2.71783e-05
3.81 2.81121e-05
3.82 2.91336e-05
3.83 3.02367e-05
3.84 3.14945e-05
3.85 3.29318e-05
3.86 3.44155e-05
3.87 3.56683e-05
3.88 3.64026e-05
3.89 3.64846e-05
3.9 3.60114e-05
3.91 3.52362e-05
3.92 3.44084e-05
3.93 3.36561e-05
3.94 3.29788e-05
3.95 3.23229e-05
3.96 3.16363e-05
3.97 3.08658e-05
3.98 2.99786e-05
3.99 2.90215e-05
4 2.81101e-05
4.01 2.7319e-05
4.02 2.65939e-05
4.03 2.58079e-05
4.04 2.49172e-05
4.05 2.4034e-05
4.06 2.33239e-05
4.07 2.28492e-05
4.08 2.25224e-05
4.09 2.21909e-05
4.1 2.17205e-05
4.11 2.09995e-05
4.12 1.99334e-05
4.13 1.84852e-05
4.14 1.66957e-05
4.15 1.46267e-05
4.16 1.2286e-05
4.17 9.63391e-06
4.18 6.67277e-06
4.19 3.49401e-06
4.2 2.08891e-07
4.21 -3.13107e-06
4.22 -6.51922e-06
4.23 -9.93513e-06
4.24 -1.33162e-05
4.25 -1.65553e-05
4.26 -1.94983e-05
4.27 -2.19375e-05
4.28 -2.36619e-05
4.29 -2.46269e-05
4.3 -2.5116e-05
4.31 -2.56462e-05
4.32 -2.66162e-05
4.33 -2.80204e-05
4.34 -2.94785e-05
4.35 -3.04936e-05
4.36 -3.06904e-05
4.37 -2.98849e-05
4.38 -2.80302e-05
4.39 -2.51714e-05
4.4 -2.14561e-05
4.41 -1.71436e-05
4.42 -1.25717e-05
4.43 -8.0916e-06
4.44 -4.02074e-06
4.45 -6.27491e-07
4.46 1.92813e-06
4.47 3.7095e-06
4.48 5.04806e-06
4.49 6.43965e-06
4.5 8.35094e-06
4.51 1.10125e-05
4.52 1.42572e-05
4.53 1.75175e-05
4.54 2.00831e-05
4.55 2.15203e-05
4.56 2.19478e-05
4.57 2.19228e-05
4.58 2.20173e-05
4.59 2.2447e-05
4.6 2.30395e-05
4.61 2.35027e-05
4.62 2.3731e-05
4.63 2.39197e-05
4.64 2.44247e-05
4.65 2.54858e-05
4.66 2.70308e-05
4.67 2.87462e-05
4.68 3.03935e-05
4.69 3.20863e-05
4.7 3.42438e-05
4.71 3.72619e-05
4.72 4.12227e-05
4.73 4.58899e-05
4.74 5.09217e-05
4.75 5.6049e-05
4.76 6.10876e-05
4.77 6.58802e-05
4.78 7.02992e-05
4.79 7.42888e-05
4.8 7.78661e-05
4.81 8.10653e-05
4.82 8.38751e-05
4.83 8.62159e-05
4.84 8.79722e-05
4.85 8.90626e-05
4.86 8.95162e-05
4.87 8.95235e-05
4.88 8.93904e-05
4.89 8.93744e-05
4.9 8.95289e-05
4.91 8.96983e-05
4.92 8.96693e-05
4.93 8.93327e-05
4.94 8.86795e-05
4.95 8.76347e-05
4.96 8.59614e-05
4.97 8.33787e-05
4.98 7.97597e-05
4.99 7.52168e-05
5 7.00597e-05
5.01 6.47142e-05
5.02 5.96093e-05
5.03 5.50292e-05
5.04 5.10047e-05
5.05 4.73365e-05
5.06 4.37548e-05
5.07 4.01122e-05
5.08 3.6453e-05
5.09 3.28786e-05
5.1 2.93539e-05
5.11 2.56925e-05
5.12 2.176e-05
5.13 1.76762e-05
5.14 1.38207e-05
5.15 1.06311e-05
5.16 8.35122e-06
5.17 6.94489e-06
5.18 6.22396e-06
5.19 5.97983e-06
5.2 5.95987e-06
5.21 5.80477e-06
5.22 5.12904e-06
5.23 3.71098e-06
5.24 1.59643e-06
5.25 -9.84184e-07
5.26 -3.79273e-06
5.27 -6.68837e-06
5.28 -9.57726e-06
5.29 -1.22847e-05
5.3 -1.45111e-05
5.31 -1.59288e-05
5.32 -1.63224e-05
5.33 -1.56705e-05
5.34 -1.41592e-05
5.35 -1.21303e-05
5.36 -9.95577e-06
5.37 -7.90071e-06
5.38 -6.05597e-06
5.39 -4.35418e-06
5.4 -2.65462e-06
5.41 -8.69072e-07
5.42 9.60948e-07
5.43 2.72765e-06
5.44 4.41489e-06
5.45 6.19316e-06
5.46 8.34998e-06
5.47 1.10825e-05
5.48 1.43175e-05
5.49 1.77577e-05
5.5 2.11299e-05
5.51 2.43889e-05
5.52 2.77128e-05
5.53 3.13449e-05
5.54 3.54347e-05
5.55 3.99643e-05
5.56 4.47532e-05
5.57 4.95092e-05
5.58 5.3939e-05
5.59 5.78822e-05
5.6 6.13623e-05
5.61 6.45062e-05
5.62 6.7404e-05
5.63 7.00098e-05
5.64 7.21416e-05
5.65 7.3579e-05
5.66 7.42098e-05
5.67 7.41525e-05
5.68 7.37439e-05
5.69 7.33559e-05
5.7 7.31567e-05
5.71 7.29941e-05
5.72 7.25195e-05
5.73 7.14818e-05
5.74 6.99231e-05
5.75 6.81009e-05
5.76 6.62648e-05
5.77 6.45391e-05
5.78 6.29848e-05
5.79 6.1684e-05
5.8 6.06973e-05
5.81 5.99611e-05
5.82 5.92958e-05
5.83 5.85322e-05
5.84 5.75908e-05
5.85 5.64165e-05
5.86 5.48628e-05
5.87 5.27141e-05
5.88 4.98921e-05
5.89 4.66375e-05
5.9 4.34107e-05
5.91 4.0535e-05
5.92 3.79191e-05
5.93 3.51501e-05
5.94 3.18667e-05
5.95 2.8047e-05
5.96 2.39974e-05
5.97 2.01147e-05
5.98 1.6623e-05
5.99 1.34608e-05
6 1.03793e-05
6.01 7.14909e-06
6.02 3.68814e-06
6.03 1.76884e-08
6.04 -3.8361e-06
6.05 -7.83118e-06
6.06 -1.18113e-05
6.07 -1.54654e-05
6.08 -1.83989e-05
6.09 -2.02557e-05
6.1 -2.08362e-05
6.11 -2.02024e-05
6.12 -1.87261e-05
6.13 -1.69829e-05
6.14 -1.55132e-05
6.15 -1.46258e-05
6.16 -1.43737e-05
6.17 -1.4653e-05
6.18 -1.53084e-05
6.19 -1.61898e-05
6.2 -1.71529e-05
6.21 -1.80538e-05
6.22 -1.87933e-05
6.23 -1.93563e-05
6.24 -1.97688e-05
6.25 -2.00396e-05
6.26 -2.01784e-05
6.27 -2.0244e-05
6.28 -2.03254e-05
6.29 -2.04812e-05
6.3 -2.07536e-05
6.31 -2.12784e-05
6.32 -2.23518e-05
6.33 -2.43216e-05
6.34 -2.73571e-05
6.35 -3.12783e-05
6.36 -3.55966e-05
6.37 -3.97702e-05
6.38 -4.35203e-05
6.39 -4.69769e-05
6.4 -5.05066e-05
6.41 -5.43421e-05
6.42 -5.83591e-05
6.43 -6.21824e-05
6.44 -6.54343e-05
6.45 -6.78596e-05
6.46 -6.93225e-05
6.47 -6.982e-05
6.48 -6.95266e-05
6.49 -6.8735e-05
6.5 -6.76536e-05
6.51 -6.62534e-05
6.52 -6.43477e-05
6.53 -6.18236e-05
6.54 -5.8777e-05
6.55 -5.54329e-05
6.56 -5.19571e-05
6.57 -4.83475e-05
6.58 -4.44915e-05
6.59 -4.03377e-05
6.6 -3.6048e-05
6.61 -3.19811e-05
6.62 -2.85122e-05
6.63 -2.58625e-05
6.64 -2.40661e-05
6.65 -2.30448e-05
6.66 -2.27033e-05
6.67 -2.2977e-05
6.68 -2.38035e-05
6.69 -2.5053e-05
6.7 -2.64935e-05
6.71 -2.78388e-05
6.72 -2.88366e-05
6.73 -2.93441e-05
6.74 -2.93946e-05
6.75 -2.92177e-05
6.76 -2.9123e-05
6.77 -2.92845e-05
6.78 -2.9648e-05
6.79 -3.00667e-05
6.8 -3.04872e-05
6.81 -3.09759e-05
6.82 -3.16156e-05
6.83 -3.24086e-05
6.84 -3.32602e-05
6.85 -3.40479e-05
6.86 -3.47167e-05
6.87 -3.52779e-05
6.88 -3.56668e-05
6.89 -3.5596e-05
6.9 -3.45926e-05
6.91 -3.2242e-05
6.92 -2.84757e-05
6.93 -2.36892e-05
6.94 -1.85762e-05
6.95 -1.37928e-05
6.96 -9.70556e-06
6.97 -6.35897e-06
6.98 -3.62083e-06
6.99 -1.38375e-06
7 3.3538e-07
7.01 1.47688e-06
7.02 2.07689e-06
7.03 2.27841e-06
7.04 2.21617e-06
7.05 1.94261e-06
7.06 1.45918e-06
7.07 7.37431e-07
7.08 -3.1832e-07
7.09 -1.86358e-06
7.1 -4.01073e-06
7.11 -6.7057e-06
7.12 -9.68384e-06
7.13 -1.25666e-05
7.14 -1.50665e-05
7.15 -1.71489e-05
7.16 -1.90139e-05
7.17 -2.09219e-05
7.18 -2.30156e-05
7.19 -2.52546e-05
7.2 -2.74732e-05
7.21 -2.95044e-05
7.22 -3.12867e-05
7.23 -3.28703e-05
7.24 -3.43219e-05
7.25 -3.56224e-05
7.26 -3.66576e-05
7.27 -3.72829e-05
7.28 -3.73608e-05
7.29 -3.67303e-05
7.3 -3.51975e-05
7.31 -3.26038e-05
7.32 -2.89067e-05
7.33 -2.42062e-05
7.34 -1.87332e-05
7.35 -1.28144e-05
7.36 -6.81537e-06
7.37 -1.08872e-06
7.38 4.06796e-06
7.39 8.48077e-06
7.4 1.21637e-05
7.41 1.52824e-05
7.42 1.80242e-05
7.43 2.04979e-05
7.44 2.27293e-05
7.45 2.47168e-05
7.46 2.64875e-05
7.47 2.81276e-05
7.48 2.97703e-05
7.49 3.1514e-05
7.5 3.3299e-05
7.51 3.48476e-05
7.52 3.57757e-05
7.53 3.58661e-05
7.54 3.52885e-05
7.55 3.45049e-05
7.56 3.38911e-05
7.57 3.34121e-05
7.58 3.26542e-05
7.59 3.11733e-05
7.6 2.88349e-05
7.61 2.58595e-05
7.62 2.25751e-05
7.63 1.90954e-05
7.64 1.5181e-05
7.65 1.03939e-05
7.66 4.43022e-06
7.67 -2.62462e-06
7.68 -1.03427e-05
7.69 -1.82891e-05
7.7 -2.63571e-05
7.71 -3.48144e-05
7.72 -4.40533e-05
7.73 -5.42858e-05
7.74 -6.54139e-05
7.75 -7.71199e-05
7.76 -8.90568e-05
7.77 -0.000100976
7.78 -0.000112684
7.79 -0.000123908
7.8 -0.000134266
7.81 -0.000143423
7.82 -0.00015126
7.83 -0.000157908
7.84 -0.000163626
7.85 -0.000168625
7.86 -0.000172908
7.87 -0.0001762
7.88 -0.000178037
7.89 -0.00017796
7.9 -0.000175648
7.91 -0.000170986
7.92 -0.000164083
7.93 -0.000155195
7.94 -0.000144563
7.95 -0.000132278
7.96 -0.0001183
7.97 -0.000102631
7.98 -8.54993e-05
7.99 -6.74119e-05
8 -4.90126e-05
8.01 -3.08203e-05
8.02 -1.30361e-05
8.03 4.46936e-06
8.04 2.20041e-05
8.05 3.98063e-05
8.06 5.78211e-05
8.07 7.56732e-05
8.08 9.28761e-05
8.09 0.000109092
8.1 0.000124243
8.11 0.000138451
8.12 0.000151894
8.13 0.000164649
8.14 0.000176617
8.15 0.00018751
8.16 0.00019691
8.17 0.000204422
8.18 0.000209855
8.19 0.000213289
8.2 0.000214934
8.21 0.000214939
8.22 0.000213331
8.23 0.000210073
8.24 0.000205111
8.25 0.000198376
8.26 0.00018984
8.27 0.000179632
8.28 0.00016808
8.29 0.000155641
8.3 0.00014279
8.31 0.000129947
8.32 0.000117476
8.33 0.000105721
8.34 9.49977e-05
8.35 8.55468e-05
8.36 7.74934e-05
8.37 7.08603e-05
8.38 6.5602e-05
8.39 6.16079e-05
8.4 5.86389e-05
8.41 5.62486e-05
8.42 5.37949e-05
8.43 5.05767e-05
8.44 4.60385e-05
8.45 3.99365e-05
8.46 3.23528e-05
8.47 2.35306e-05
8.48 1.36822e-05
8.49 2.98051e-06
8.5 -8.25443e-06
8.51 -1.94518e-05
8.52 -2.99998e-05
8.53 -3.95663e-05
8.54 -4.81069e-05
8.55 -5.55337e-05
8.56 -6.14737e-05
8.57 -6.54173e-05
8.58 -6.70807e-05
8.59 -6.66081e-05
8.6 -6.44641e-05
8.61 -6.11822e-05
8.62 -5.71893e-05
8.63 -5.2762e-05
8.64 -4.80608e-05
8.65 -4.32036e-05
8.66 -3.83097e-05
8.67 -3.34332e-05
8.68 -2.84752e-05
8.69 -2.32823e-05
8.7 -1.7946e-05
8.71 -1.30405e-05
8.72 -9.53901e-06
8.73 -8.41986e-06
8.74 -1.02449e-05
8.75 -1.50475e-05
8.76 -2.2576e-05
8.77 -3.25672e-05
8.78 -4.47678e-05
8.79 -5.878e-05
8.8 -7.39871e-05
8.81 -8.96862e-05
8.82 -0.000105353
8.83 -0.000120873
8.84 -0.000136561
8.85 -0.000152889
8.86 -0.000170074
8.87 -0.000187833
8.88 -0.000205419
8.89 -0.000221839
8.9 -0.000236108
8.91 -0.000247493
8.92 -0.000255704
8.93 -0.000260912
8.94 -0.000263601
8.95 -0.000264362
8.96 -0.000263768
8.97 -0.000262305
8.98 -0.000260369
8.99 -0.000258267
9 -0.000256162
9.01 -0.000253951
9.02 -0.000251219
9.03 -0.000247467
9.04 -0.000242507
9.05 -0.000236643
9.06 -0.000230366
9.07 -0.000223784
9.08 -0.000216251
9.09 -0.000206479
9.1 -0.000193058
9.11 -0.000175116
9.12 -0.000152699
9.13 -0.000126588
9.14 -9.77355e-05
9.15 -6.68187e-05
9.16 -3.42538e-05
9.17 -4.87683e-07
9.18 3.38026e-05
9.19 6.78042e-05
9.2 0.000100862
9.21 0.000132718
9.22 0.000163523
9.23 0.000193653
9.24 0.00022345
9.25 0.000253058
9.26 0.000282444
9.27 0.000311529
9.28 0.000340253
9.29 0.000368563
9.3 0.000396374
9.31 0.000423536
9.32 0.000449744
9.33 0.000474439
9.34 0.000496857
9.35 0.00051625
9.36 0.000532133
9.37 0.000544347
9.38 0.000552901
9.39 0.000557802
9.4 0.000559048
9.41 0.000556755
9.42 0.000551226
9.43 0.000542819
9.44 0.000531635
9.45 0.000517253
9.46 0.000498803
9.47 0.000475336
9.48 0.000446211
9.49 0.000411292
9.5 0.000370897
9.51 0.00032554
9.52 0.000275588
9.53 0.000221098
9.54 0.00016195
9.55 9.8096e-05
9.56 2.97256e-05
9.57 -4.27062e-05
9.58 -0.000118478
9.59 -0.000196554
9.6 -0.000275536
9.61 -0.000353745
9.62 -0.000429452
9.63 -0.000501119
9.64 -0.000567507
9.65 -0.00062764
9.66 -0.000680727
9.67 -0.000726185
9.68 -0.000763765
9.69 -0.000793664
9.7 -0.000816446
9.71 -0.000832855
9.72 -0.000843709
9.73 -0.000849919
9.74 -0.000852423
9.75 -0.000851906
9.76 -0.000848596
9.77 -0.000842433
9.78 -0.000833504
9.79 -0.000822271
9.8 -0.000809371
9.81 -0.000795205
9.82 -0.000779749
9.83 -0.000762737
9.84 -0.000743945
9.85 -0.00072326
9.86 -0.00070048
9.87 -0.000675007
9.88 -0.000645744
9.89 -0.000611432
9.9 -0.000571252
9.91 -0.000525206
9.92 -0.000473978
9.93 -0.000418405
9.94 -0.000358989
9.95 -0.000295821
9.96 -0.000228893
9.97 -0.000158474
9.98 -8.51984e-05
9.99 -9.91084e-06
10 6.65009e-05
10.01 0.000143126
10.02 0.000218985
10.03 0.000293065
10.04 0.000364389
10.05 0.000432065
10.06 0.000495308
10.07 0.000553501
10.08 0.000606231
10.09 0.000653273
10.1 0.000694581
10.11 0.00073034
10.12 0.000760991
10.13 0.00078713
10.14 0.000809346
10.15 0.000828131
10.16 0.000843934
10.17 0.000857255
10.18 0.000868687
10.19 0.000878876
10.2 0.000888384
10.21 0.000897493
10.22 0.000906032
10.23 0.00091327
10.24 0.000917891
10.25 0.000918149
10.26 0.000912426
10.27 0.000899991
10.28 0.000881386
10.29 0.000858002
10.3 0.000831204
10.31 0.000801764
10.32 0.000770021
10.33 0.000736412
10.34 0.000701726
10.35 0.000666788
10.36 0.000631899
10.37 0.000596555
10.38 0.00055966
10.39 0.000520016
10.4 0.000476711
10.41 0.000429174
10.42 0.00037705
10.43 0.000320147
10.44 0.000258537
10.45 0.000192675
10.46 0.000123415
10.47 5.19224e-05
10.48 -2.04073e-05
10.49 -9.20592e-05
10.5 -0.000161685
10.51 -0.000228455
10.52 -0.000292105
10.53 -0.00035251
10.54 -0.000409135
10.55 -0.00046085
10.56 -0.000506211
10.57 -0.000543926
10.58 -0.000573156
10.59 -0.000593478
10.6 -0.000604724
10.61 -0.000606895
10.62 -0.000600201
10.63 -0.000585094
10.64 -0.000562234
10.65 -0.000532358
10.66 -0.000496193
10.67 -0.00045453
10.68 -0.000408397
10.69 -0.000359128
10.7 -0.00030828
10.71 -0.000257503
10.72 -0.000208408
10.73 -0.000162385
10.74 -0.000120471
10.75 -8.33709e-05
10.76 -5.16426e-05
10.77 -2.58427e-05
10.78 -6.54556e-06
10.79 5.65161e-06
10.8 1.00194e-05
10.81 5.61262e-06
10.82 -8.62237e-06
10.83 -3.36416e-05
10.84 -7.01963e-05
10.85 -0.000118772
10.86 -0.000179381
10.87 -0.000251294
10.88 -0.00033297
10.89 -0.000422276
10.9 -0.000516818
10.91 -0.000614085
10.92 -0.00071129
10.93 -0.000805062
10.94 -0.000891472
10.95 -0.000966682
10.96 -0.00102807
10.97 -0.0010751
10.98 -0.0011091
10.99 -0.0011318
11 -0.00114392
11.01 -0.00114517
11.02 -0.00113575
11.03 -0.00111743
11.04 -0.00109318
11.05 -0.00106537
11.06 -0.00103425
11.07 -0.000997948
11.08 -0.000953879
11.09 -0.000900434
11.1 -0.000837622
11.11 -0.000766517
11.12 -0.000688238
11.13 -0.000603372
11.14 -0.000512148
11.15 -0.0004149
11.16 -0.000312184
11.17 -0.000204455
11.18 -9.16981e-05
11.19 2.65572e-05
11.2 0.000150857
11.21 0.000281316
11.22 0.000417183
11.23 0.000556511
11.24 0.000695954
11.25 0.00083093
11.26 0.000956246
11.27 0.00106719
11.28 0.00116094
11.29 0.00123763
11.3 0.00129983
11.31 0.00135029
11.32 0.00138984
11.33 0.00141713
11.34 0.00143014
11.35 0.00142754
11.36 0.001409
11.37 0.00137535
11.38 0.00132864
11.39 0.00127151
11.4 0.00120607
11.41 0.00113362
11.42 0.00105545
11.43 0.000973635
11.44 0.000890557
11.45 0.00080775
11.46 0.000725501
11.47 0.000643597
11.48 0.000562435
11.49 0.000483514
11.5 0.000408995
11.51 0.000340802
11.52 0.000280049
11.53 0.000227184
11.54 0.0001825
11.55 0.000146314
11.56 0.000118573
11.57 9.83775e-05
11.58 8.4005e-05
11.59 7.34485e-05
11.6 6.50308e-05
11.61 5.77835e-05
11.62 5.14848e-05
11.63 4.63355e-05
11.64 4.23682e-05
11.65 3.88999e-05
11.66 3.443e-05
11.67 2.71309e-05
11.68 1.55743e-05
11.69 -8.78415e-07
11.7 -2.2185e-05
11.71 -4.7907e-05
11.72 -7.73436e-05
11.73 -0.000109489
11.74 -0.000142993
11.75 -0.000176303
11.76 -0.000208007
11.77 -0.00023713
11.78 -0.000263179
11.79 -0.000285966
11.8 -0.000305394
11.81 -0.000321366
11.82 -0.000333882
11.83 -0.000343251
11.84 -0.00035023
11.85 -0.000355901
11.86 -0.000361275
11.87 -0.000366869
11.88 -0.000372565
11.89 -0.000377864
11.9 -0.000382288
11.91 -0.000385615
11.92 -0.000387755
11.93 -0.000388405
11.94 -0.000386844
11.95 -0.000382099
11.96 -0.000373405
11.97 -0.00036055
11.98 -0.000343929
11.99 -0.000324411
12 -0.000303193
12.01 -0.000281677
12.02 -0.000261262
12.03 -0.000243047
12.04 -0.000227599
12.05 -0.000214959
12.06 -0.000204896
12.07 -0.000197247
12.08 -0.000192098
12.09 -0.00018972
12.1 -0.000190351
12.11 -0.000193997
12.12 -0.000200341
12.13 -0.000208692
12.14 -0.000217984
12.15 -0.000226964
12.16 -0.000234619
12.17 -0.000240491
12.18 -0.000244581
12.19 -0.000246937
12.2 -0.000247316
12.21 -0.000245178
12.22 -0.000239986
12.23 -0.000231564
12.24 -0.00022019
12.25 -0.000206349
12.26 -0.000190318
12.27 -0.000171951
12.28 -0.000150801
12.29 -0.000126435
12.3 -9.87231e-05
12.31 -6.794e-05
12.32 -3.46274e-05
12.33 6.5621e-07
12.34 3.7419e-05
12.35 7.50468e-05
12.36 0.00011258
12.37 0.000148754
12.38 0.000182346
12.39 0.000212551
12.4 0.000239123
12.41 0.000262221
12.42 0.000282104
12.43 0.000298864
12.44 0.000312372
12.45 0.000322531
12.46 0.000329677
12.47 0.000334802
12.48 0.000339283
12.49 0.00034426
12.5 0.000350195
12.51 0.000357014
12.52 0.000364633
12.53 0.000373282
12.54 0.000383292
12.55 0.000394601
12.56 0.000406525
12.57 0.000418073
12.58 0.00042854
12.59 0.000437909
12.6 0.000446734
12.61 0.000455637
12.62 0.000464869
12.63 0.000474252
12.64 0.000483405
12.65 0.000491926
12.66 0.000499337
12.67 0.000504916
12.68 0.000507722
12.69 0.000506866
12.7 0.000501769
12.71 0.000492089
12.72 0.000477385
12.73 0.000456942
12.74 0.000430026
12.75 0.000396351
12.76 0.000356222
12.77 0.000310182
12.78 0.000258515
12.79 0.000201158
12.8 0.00013809
12.81 6.98279e-05
12.82 -2.31852e-06
12.83 -7.63293e-05
12.84 -0.000149872
12.85 -0.000220854
12.86 -0.000287817
12.87 -0.000349921
12.88 -0.000406597
12.89 -0.000457184
12.9 -0.000500896
12.91 -0.000537182
12.92 -0.000566227
12.93 -0.00058921
12.94 -0.000607992
12.95 -0.000624287
12.96 -0.000638873
12.97 -0.000651499
12.98 -0.000661577
12.99 -0.000669004
13 -0.000674426
13.01 -0.000678796
13.02 -0.000682665
13.03 -0.000685816
13.04 -0.000687486
13.05 -0.000686928
13.06 -0.000683824
13.07 -0.000678209
13.08 -0.00067011
13.09 -0.00065934
13.1 -0.000645711
13.11 -0.000629457
13.12 -0.000611455
13.13 -0.000592981
13.14 -0.000575143
13.15 -0.000558465
13.16 -0.000542912
13.17 -0.000528248
13.18 -0.000514372
13.19 -0.000501445
13.2 -0.000489808
13.21 -0.000479744
13.22 -0.000471219
13.23 -0.000463783
13.24 -0.000456751
13.25 -0.000449545
13.26 -0.000441894
13.27 -0.000433658
13.28 -0.000424478
13.29 -0.00041367
13.3 -0.000400435
13.31 -0.000384026
13.32 -0.000363658
13.33 -0.000338346
13.34 -0.000307012
13.35 -0.000268789
13.36 -0.000223236
13.37 -0.000170274
13.38 -0.000109943
13.39 -4.21576e-05
13.4 3.34101e-05
13.41 0.000117255
13.42 0.000209817
13.43 0.000311216
13.44 0.000421031
13.45 0.000538078
13.46 0.000660209
13.47 0.000784234
13.48 0.000906122
13.49 0.00102145
13.5 0.00112603
13.51 0.00121674
13.52 0.00129218
13.53 0.0013529
13.54 0.00140053
13.55 0.00143638
13.56 0.00146048
13.57 0.00147195
13.58 0.00147013
13.59 0.00145538
13.6 0.00142912
13.61 0.00139318
13.62 0.00134917
13.63 0.00129814
13.64 0.00124069
13.65 0.00117736
13.66 0.00110902
13.67 0.00103684
13.68 0.000962027
13.69 0.000885573
13.7 0.000808332
13.71 0.000731131
13.72 0.000654805
13.73 0.00058012
13.74 0.000507688
13.75 0.000437958
13.76 0.000371205
13.77 0.00030746
13.78 0.000246384
13.79 0.000187198
13.8 0.000128807
13.81 7.01802e-05
13.82 1.08077e-05
13.83 -4.91672e-05
13.84 -0.00010926
13.85 -0.000169096
13.86 -0.000228593
13.87 -0.000287758
13.88 -0.000346319
13.89 -0.000403554
13.9 -0.000458511
13.91 -0.000510457
13.92 -0.000559112
13.93 -0.000604487
13.94 -0.00064651
13.95 -0.000684787
13.96 -0.000718739
13.97 -0.00074801
13.98 -0.000772836
13.99 -0.000794016
14 -0.000812483
14.01 -0.000828783
14.02 -0.000842828
14.03 -0.000854056
14.04 -0.000861808
14.05 -0.000865654
14.06 -0.000865583
14.07 -0.000862069
14.08 -0.000855967
14.09 -0.000848266
14.1 -0.000839868
14.11 -0.000831521
14.12 -0.000823788
14.13 -0.000816963
14.14 -0.000810987
14.15 -0.000805432
14.16 -0.000799506
14.17 -0.000792088
14.18 -0.000781833
14.19 -0.000767394
14.2 -0.000747704
14.21 -0.000722221
14.22 -0.000691066
14.23 -0.000654912
14.24 -0.000614654
14.25 -0.000571042
14.26 -0.000524506
14.27 -0.000475185
14.28 -0.000423028
14.29 -0.000367827
14.3 -0.000309305
14.31 -0.000247374
14.32 -0.000182425
14.33 -0.000115337
14.34 -4.71677e-05
14.35 2.1158e-05
14.36 8.88979e-05
14.37 0.000155334
14.38 0.000219615
14.39 0.000280756
14.4 0.000337788
14.41 0.000389952
14.42 0.000436801
14.43 0.00047812
14.44 0.000513701
14.45 0.00054314
14.46 0.000565878
14.47 0.000581491
14.48 0.000589979
14.49 0.000591779
14.5 0.000587593
14.51 0.000578336
14.52 0.000565429
14.53 0.000551172
14.54 0.000538683
14.55 0.00053119
14.56 0.000531112
14.57 0.000539441
14.58 0.000555762
14.59 0.000578959
14.6 0.00060818
14.61 0.000643219
14.62 0.000683893
14.63 0.000729026
14.64 0.000776224
14.65 0.000822707
14.66 0.000866217
14.67 0.000905146
14.68 0.000938065
14.69 0.000963483
14.7 0.00098021
14.71 0.000987993
14.72 0.000987771
14.73 0.000981247
14.74 0.000970048
14.75 0.00095511
14.76 0.000936674
14.77 0.000914723
14.78 0.000889347
14.79 0.000860769
14.8 0.000829149
14.81 0.000794422
14.82 0.000756301
14.83 0.000714441
14.84 0.000668679
14.85 0.000619217
14.86 0.000566613
14.87 0.000511595
14.88 0.000454777
14.89 0.000396413
14.9 0.000336353
14.91 0.000274243
14.92 0.000209796
14.93 0.000142891
14.94 7.34683e-05
14.95 1.42856e-06
14.96 -7.33505e-05
14.97 -0.000150941
14.98 -0.000231361
14.99 -0.000314622
15 -0.000400665
15.01 -0.000489147
15.02 -0.00057914
15.03 -0.000668924
15.04 -0.000756083
15.05 -0.000838001
15.06 -0.000912568
15.07 -0.000978623
15.08 -0.0010358
15.09 -0.0010839
15.1 -0.00112232
15.11 -0.00115012
15.12 -0.0011665
15.13 -0.00117124
15.14 -0.00116478
15.15 -0.00114801
15.16 -0.00112203
15.17 -0.00108856
15.18 -0.00105049
15.19 -0.00101189
15.2 -0.000976547
15.21 -0.000946217
15.22 -0.000920223
15.23 -0.000896802
15.24 -0.000874908
15.25 -0.000854908
15.26 -0.000837804
15.27 -0.000823915
15.28 -0.000812146
15.29 -0.000800324
15.3 -0.000786208
15.31 -0.000768329
15.32 -0.000746118
15.33 -0.000719438
15.34 -0.000688051
15.35 -0.000651463
15.36 -0.000609142
15.37 -0.000560808
15.38 -0.00050649
15.39 -0.000446347
15.4 -0.000380482
15.41 -0.000309005
15.42 -0.000232305
15.43 -0.000151231
15.44 -6.6914e-05
15.45 1.96844e-05
15.46 0.000108161
15.47 0.00019863
15.48 0.000291191
15.49 0.000385281
15.5 0.0004794
15.51 0.000571313
15.52 0.000658547
15.53 0.000738936
15.54 0.000811083
15.55 0.000874568
15.56 0.000929777
15.57 0.000977476
15.58 0.00101836
15.59 0.00105276
15.6 0.00108062
15.61 0.00110169
15.62 0.00111576
15.63 0.00112275
15.64 0.00112277
15.65 0.00111595
15.66 0.00110239
15.67 0.00108215
15.68 0.00105534
15.69 0.00102232
15.7 0.000983656
15.71 0.000939738
15.72 0.00089053
15.73 0.000835579
15.74 0.000774332
15.75 0.000706415
15.76 0.000631748
15.77 0.000550531
15.78 0.000463213
15.79 0.000370524
15.8 0.00027358
15.81 0.000173962
15.82 7.36747e-05
15.83 -2.50604e-05
15.84 -0.000120151
15.85 -0.000209939
15.86 -0.0002933
15.87 -0.000369467
15.88 -0.00043772
15.89 -0.000497166
15.9 -0.000546785
15.91 -0.000585713
15.92 -0.000613646
15.93 -0.000631133
15.94 -0.000639567
15.95 -0.00064082
15.96 -0.000636669
15.97 -0.000628344
15.98 -0.000616429
15.99 -0.000601104
16 -0.000582615
16.01 -0.000561821
16.02 -0.000540468
16.03 -0.000520876
16.04 -0.000505085
16.05 -0.000494108
16.06 -0.00048787
16.07 -0.00048572
16.08 -0.000486894
16.09 -0.000490639
16.1 -0.000496168
16.11 -0.000502759
16.12 -0.000510001
16.13 -0.000517956
16.14 -0.000527053
16.15 -0.000537798
16.16 -0.000550496
16.17 -0.000565121
16.18 -0.000581311
16.19 -0.000598408
16.2 -0.000615457
16.21 -0.000631182
16.22 -0.000644127
16.23 -0.00065301
16.24 -0.000657122
16.25 -0.000656518
16.26 -0.000651949
16.27 -0.00064461
16.28 -0.00063581
16.29 -0.000626572
16.3 -0.00061734
16.31 -0.000607971
16.32 -0.000598057
16.33 -0.000587344
16.34 -0.000575909
16.35 -0.00056393
16.36 -0.00055125
16.37 -0.000537073
16.38 -0.000520005
16.39 -0.000498502
16.4 -0.000471551
16.41 -0.000439095
16.42 -0.000401821
16.43 -0.000360524
16.44 -0.000315658
16.45 -0.00026746
16.46 -0.000216405
16.47 -0.000163453
16.48 -0.000109871
16.49 -5.68361e-05
16.5 -5.19138e-06
16.51 4.45232e-05
16.52 9.18729e-05
16.53 0.00013638
16.54 0.000177538
16.55 0.000214976
16.56 0.000248663
16.57 0.00027902
16.58 0.000306862
16.59 0.00033322
16.6 0.000359101
16.61 0.000385288
16.62 0.000412261
16.63 0.00044024
16.64 0.000469268
16.65 0.000499266
16.66 0.000530056
16.67 0.000561303
16.68 0.000592433
16.69 0.000622642
16.7 0.00065108
16.71 0.000677081
16.72 0.000700342
16.73 0.00072098
16.74 0.000739506
16.75 0.000756695
16.76 0.000773325
16.77 0.000789849
16.78 0.000806246
16.79 0.00082217
16.8 0.000837264
16.81 0.000851349
16.82 0.000864355
16.83 0.000876125
16.84 0.000886296
16.85 0.000894345
16.86 0.000899776
16.87 0.000902348
16.88 0.000902176
16.89 0.000899657
16.9 0.000895302
16.91 0.000889585
16.92 0.000882819
16.93 0.000875112
16.94 0.000866419
16.95 0.000856639
16.96 0.000845704
16.97 0.000833601
16.98 0.000820319
16.99 0.00080572
17 0.000789413
17.01 0.000770688
17.02 0.000748566
17.03 0.000722078
17.04 0.000690701
17.05 0.000654567
17.06 0.000614194
17.07 0.000570027
17.08 0.00052237
17.09 0.000471837
17.1 0.000419786
17.11 0.00036814
17.12 0.000318639
17.13 0.000272122
17.14 0.000228346
17.15 0.000186429
17.16 0.000145536
17.17 0.000105274
17.18 6.54893e-05
17.19 2.57822e-05
17.2 -1.46406e-05
17.21 -5.65778e-05
17.22 -0.000100364
17.23 -0.000145811
17.24 -0.000192565
17.25 -0.0002405
17.26 -0.000289758
17.27 -0.000340416
17.28 -0.000392114
17.29 -0.000444037
17.3 -0.000495262
17.31 -0.000545183
17.32 -0.000593674
17.33 -0.000640914
17.34 -0.000686998
17.35 -0.00073167
17.36 -0.000774412
17.37 -0.000814812
17.38 -0.00085279
17.39 -0.000888459
17.4 -0.000921814
17.41 -0.000952617
17.42 -0.000980566
17.43 -0.00100552
17.44 -0.00102752
17.45 -0.00104651
17.46 -0.00106211
17.47 -0.0010736
17.48 -0.00108025
17.49 -0.00108158
17.5 -0.00107763
17.51 -0.00106883
17.52 -0.00105588
17.53 -0.00103947
17.54 -0.00102018
17.55 -0.000998403
17.56 -0.000974497
17.57 -0.000948858
17.58 -0.00092191
17.59 -0.000893967
17.6 -0.000865158
17.61 -0.000835458
17.62 -0.000804806
17.63 -0.000773186
17.64 -0.000740614
17.65 -0.000707022
17.66 -0.000672183
17.67 -0.0006358
17.68 -0.000597751
17.69 -0.000558276
17.7 -0.000517963
17.71 -0.000477561
17.72 -0.000437757
17.73 -0.000399028
17.74 -0.000361626
17.75 -0.000325704
17.76 -0.000291445
17.77 -0.000259103
17.78 -0.000228954
17.79 -0.000201229
17.8 -0.000176036
17.81 -0.000153239
17.82 -0.000132373
17.83 -0.000112703
17.84 -9.34181e-05
17.85 -7.38651e-05
17.86 -5.36819e-05
17.87 -3.27435e-05
17.88 -1.09763e-05
17.89 1.17458e-05
17.9 3.5522e-05
17.91 6.02849e-05
17.92 8.57543e-05
17.93 0.000111551
17.94 0.000137451
17.95 0.000163617
17.96 0.000190584
17.97 0.000218967
17.98 0.000249139
17.99 0.000281123
18 0.000314685
18.01 0.000349448
18.02 0.000384903
18.03 0.000420348
18.04 0.000454871
18.05 0.000487453
18.06 0.00051716
18.07 0.000543289
18.08 0.000565436
18.09 0.000583471
18.1 0.00059741
18.11 0.000607275
18.12 0.000613039
18.13 0.00061466
18.14 0.000612142
18.15 0.000605566
18.16 0.000595063
18.17 0.000580771
18.18 0.000562835
18.19 0.000541457
18.2 0.000516943
18.21 0.000489696
18.22 0.000460149
18.23 0.000428703
18.24 0.000395703
18.25 0.000361403
18.26 0.000325964
18.27 0.000289544
18.28 0.00025243
18.29 0.000215089
18.3 0.000178077
18.31 0.000141919
18.32 0.000107122
18.33 7.43199e-05
18.34 4.43434e-05
18.35 1.80903e-05
18.36 -3.71946e-06
18.37 -2.06789e-05
18.38 -3.26039e-05
18.39 -3.93379e-05
18.4 -4.06354e-05
18.41 -3.61612e-05
18.42 -2.55543e-05
18.43 -8.53331e-06
18.44 1.49684e-05
18.45 4.46573e-05
18.46 7.97831e-05
18.47 0.000119183
18.48 0.000161436
18.49 0.000204972
18.5 0.000248092
18.51 0.000289126
18.52 0.000326794
18.53 0.000360496
18.54 0.000390218
18.55 0.000416083
18.56 0.000437996
18.57 0.000455652
18.58 0.000468825
18.59 0.000477572
18.6 0.00048218
18.61 0.000482949
18.62 0.000480068
18.63 0.000473721
18.64 0.000464308
18.65 0.000452531
18.66 0.000439227
18.67 0.000425059
18.68 0.000410255
18.69 0.000394535
18.7 0.000377273
18.71 0.000357787
18.72 0.00033561
18.73 0.000310641
18.74 0.000283136
18.75 0.000253568
18.76 0.000222472
18.77 0.000190372
18.78 0.000157696
18.79 0.000124659
18.8 9.12343e-05
18.81 5.73246e-05
18.82 2.29623e-05
18.83 -1.16571e-05
18.84 -4.62457e-05
18.85 -8.04172e-05
18.86 -0.000113585
18.87 -0.000144955
18.88 -0.00017372
18.89 -0.000199299
18.9 -0.000221435
18.91 -0.000240125
18.92 -0.000255509
18.93 -0.000267756
18.94 -0.000276995
18.95 -0.00028327
18.96 -0.000286537
18.97 -0.000286686
18.98 -0.000283569
18.99 -0.000276993
19 -0.000266787
19.01 -0.000252937
19.02 -0.000235673
19.03 -0.000215398
19.04 -0.000192521
19.05 -0.000167335
19.06 -0.000140012
19.07 -0.000110699
19.08 -7.96509e-05
19.09 -4.72786e-05
19.1 -1.40947e-05
19.11 1.94028e-05
19.12 5.27934e-05
19.13 8.57044e-05
19.14 0.000117742
19.15 0.000148446
19.16 0.000177271
19.17 0.000203607
19.18 0.000226841
19.19 0.000246409
19.2 0.00026181
19.21 0.00027264
19.22 0.000278635
19.23 0.000279641
19.24 0.000275505
19.25 0.000266004
19.26 0.000250853
19.27 0.000229727
19.28 0.00020224
19.29 0.000167962
19.3 0.000126573
19.31 7.80224e-05
19.32 2.25529e-05
19.33 -3.93743e-05
19.34 -0.00010708
19.35 -0.000179566
19.36 -0.000255483
19.37 -0.000333317
19.38 -0.000411683
19.39 -0.000489492
19.4 -0.000565832
19.41 -0.000639682
19.42 -0.000709804
19.43 -0.000775041
19.44 -0.000834804
19.45 -0.000889337
19.46 -0.000939553
19.47 -0.000986543
19.48 -0.00103107
19.49 -0.00107328
19.5 -0.00111281
19.51 -0.00114889
19.52 -0.00118064
19.53 -0.00120729
19.54 -0.00122862
19.55 -0.00124503
19.56 -0.00125725
19.57 -0.0012658
19.58 -0.00127071
19.59 -0.00127167
19.6 -0.00126828
19.61 -0.0012602
19.62 -0.00124711
19.63 -0.00122865
19.64 -0.00120442
19.65 -0.00117406
19.66 -0.00113729
19.67 -0.00109398
19.68 -0.00104419
19.69 -0.000988097
19.7 -0.00092599
19.71 -0.000858309
19.72 -0.000785625
19.73 -0.000708557
19.74 -0.00062769
19.75 -0.000543555
19.76 -0.000456553
19.77 -0.000366813
19.78 -0.000274144
19.79 -0.000178226
19.8 -7.89101e-05
19.81 2.36112e-05
19.82 0.000128916
19.83 0.000236654
19.84 0.000346684
19.85 0.000458887
19.86 0.000572808
19.87 0.000687343
19.88 0.000800661
19.89 0.000910517
19.9 0.00101494
19.91 0.00111295
19.92 0.00120477
19.93 0.00129129
19.94 0.00137293
19.95 0.00144893
19.96 0.00151736
19.97 0.0015761
19.98 0.00162384
19.99 0.00166075
20 0.00168835
20.01 0.0017086
20.02 0.00172289
20.03 0.00173177
20.04 0.00173551
20.05 0.00173471
20.06 0.00173034
20.07 0.00172317
20.08 0.00171324
20.09 0.00169995
20.1 0.00168249
20.11 0.00166038
20.12 0.00163376
20.13 0.00160335
20.14 0.00157009
20.15 0.0015349
20.16 0.00149854
20.17 0.00146167
20.18 0.00142483
20.19 0.00138835
20.2 0.00135213
20.21 0.00131574
20.22 0.00127847
20.23 0.00123951
20.24 0.00119792
20.25 0.00115276
20.26 0.00110327
20.27 0.00104921
20.28 0.000990892
20.29 0.000928923
20.3 0.000863897
20.31 0.00079621
20.32 0.000726026
20.33 0.000653282
20.34 0.000577718
20.35 0.000499004
20.36 0.000416935
20.37 0.000331535
20.38 0.000243041
20.39 0.000151877
20.4 5.8633e-05
20.41 -3.60062e-05
20.42 -0.000131393
20.43 -0.00022705
20.44 -0.000322723
20.45 -0.000418324
20.46 -0.000513712
20.47 -0.000608455
20.48 -0.000701763
20.49 -0.000792673
20.5 -0.000880442
20.51 -0.000964939
20.52 -0.00104671
20.53 -0.00112651
20.54 -0.00120455
20.55 -0.0012799
20.56 -0.00135047
20.57 -0.00141357
20.58 -0.00146686
20.59 -0.00150917
20.6 -0.00154067
20.61 -0.00156227
20.62 -0.00157485
20.63 -0.00157879
20.64 -0.00157418
20.65 -0.00156131
20.66 -0.00154086
20.67 -0.00151374
20.68 -0.00148069
20.69 -0.00144208
20.7 -0.00139807
20.71 -0.00134902
20.72 -0.00129572
20.73 -0.00123925
20.74 -0.00118062
20.75 -0.00112045
20.76 -0.00105893
20.77 -0.00099609
20.78 -0.000932027
20.79 -0.000867061
20.8 -0.000801717
20.81 -0.000736573
20.82 -0.000672063
20.83 -0.000608426
20.84 -0.000545857
20.85 -0.000484671
20.86 -0.000425299
20.87 -0.000368147
20.88 -0.000313495
20.89 -0.000261528
20.9 -0.000212385
20.91 -0.000166172
20.92 -0.000122962
20.93 -8.2791e-05
20.94 -4.56509e-05
20.95 -1.14916e-05
20.96 1.97248e-05
20.97 4.7907e-05
20.98 7.27252e-05
20.99 9.36264e-05
21 0.000110023
21.01 0.000121589
21.02 0.000128508
21.03 0.00013147
21.04 0.000131441
21.05 0.000129437
21.06 0.000126434
21.07 0.000123361
21.08 0.000121063
21.09 0.000120242
21.1 0.000121435
21.11 0.000125016
21.12 0.000131225
21.13 0.000140244
21.14 0.000152315
21.15 0.000167817
21.16 0.000187241
21.17 0.000211096
21.18 0.000239841
21.19 0.000273883
21.2 0.000313539
21.21 0.0003589
21.22 0.000409656
21.23 0.000465023
21.24 0.000523878
21.25 0.000584975
21.26 0.000647069
21.27 0.000708862
21.28 0.000768858
21.29 0.000825336
21.3 0.000876598
21.31 0.000921495
21.32 0.000959855
21.33 0.000992417
21.34 0.00102024
21.35 0.00104401
21.36 0.00106381
21.37 0.00107933
21.38 0.00109037
21.39 0.00109709
21.4 0.00109965
21.41 0.0010977
21.42 0.00109023
21.43 0.00107588
21.44 0.00105355
21.45 0.00102276
21.46 0.00098364
21.47 0.000936555
21.48 0.000881792
21.49 0.000819603
21.5 0.000750445
21.51 0.000675123
21.52 0.000594643
21.53 0.000509888
21.54 0.000421381
21.55 0.000329282
21.56 0.000233581
21.57 0.000134356
21.58 3.19224e-05
21.59 -7.32479e-05
21.6 -0.000180666
21.61 -0.000289796
21.62 -0.0003998
21.63 -0.000509275
21.64 -0.000616183
21.65 -0.000717989
21.66 -0.000811968
21.67 -0.000895755
21.68 -0.000968115
21.69 -0.0010295
21.7 -0.00108177
21.71 -0.00112707
21.72 -0.00116659
21.73 -0.00120007
21.74 -0.00122631
21.75 -0.00124394
21.76 -0.00125226
21.77 -0.00125146
21.78 -0.00124252
21.79 -0.00122662
21.8 -0.00120462
21.81 -0.00117705
21.82 -0.00114446
21.83 -0.00110766
21.84 -0.00106755
21.85 -0.00102467
21.86 -0.000978966
21.87 -0.000929767
21.88 -0.000876205
21.89 -0.000817645
21.9 -0.000753927
21.91 -0.00068531
21.92 -0.000612244
21.93 -0.000535185
21.94 -0.000454564
21.95 -0.000370835
21.96 -0.000284507
21.97 -0.000196096
21.98 -0.000106075
21.99 -1.48723e-05
22 7.70789e-05
22.01 0.000169315
22.02 0.00026133
22.03 0.00035255
22.04 0.000442227
22.05 0.000529229
22.06 0.000611848
22.07 0.000687895
22.08 0.000755234
22.09 0.000812553
22.1 0.000859846
22.11 0.000898204
22.12 0.000929044
22.13 0.000953383
22.14 0.000971608
22.15 0.000983694
22.16 0.000989618
22.17 0.000989718
22.18 0.000984831
22.19 0.000976092
22.2 0.000964467
22.21 0.000950372
22.22 0.000933726
22.23 0.000914389
22.24 0.00089252
22.25 0.000868564
22.26 0.000842999
22.27 0.000816142
22.28 0.000788124
22.29 0.000758953
22.3 0.000728611
22.31 0.000697149
22.32 0.000664772
22.33 0.000631869
22.34 0.000598977
22.35 0.000566661
22.36 0.000535412
22.37 0.000505605
22.38 0.000477506
22.39 0.000451277
22.4 0.000426944
22.41 0.000404357
22.42 0.000383185
22.43 0.000362997
22.44 0.000343446
22.45 0.000324413
22.46 0.000305994
22.47 0.000288339
22.48 0.000271508
22.49 0.000255437
22.5 0.000240001
22.51 0.000225034
22.52 0.00021031
22.53 0.000195567
22.54 0.000180568
22.55 0.000165184
22.56 0.00014942
22.57 0.000133383
22.58 0.000117232
22.59 0.000101157
22.6 8.53617e-05
22.61 6.99965e-05
22.62 5.50905e-05
22.63 4.05202e-05
22.64 2.60198e-05
22.65 1.12155e-05
22.66 -4.30178e-06
22.67 -2.08839e-05
22.68 -3.87614e-05
22.69 -5.80344e-05
22.7 -7.87072e-05
22.71 -0.000100737
22.72 -0.000124088
22.73 -0.000148795
22.74 -0.000174983
22.75 -0.000202801
22.76 -0.000232339
22.77 -0.000263631
22.78 -0.000296722
22.79 -0.000331677
22.8 -0.000368491
22.81 -0.000407023
22.82 -0.000446975
22.83 -0.000487894
22.84 -0.000529191
22.85 -0.000570229
22.86 -0.000610431
22.87 -0.000649352
22.88 -0.000686686
22.89 -0.000722213
22.9 -0.000755726
22.91 -0.000786979
22.92 -0.000815699
22.93 -0.000841593
22.94 -0.000864304
22.95 -0.000883337
22.96 -0.000898077
22.97 -0.000907924
22.98 -0.000912464
22.99 -0.000911533
23 -0.000905201
23.01 -0.000893798
23.02 -0.000877919
23.03 -0.000858372
23.04 -0.000836059
23.05 -0.000811864
23.06 -0.000786568
23.07 -0.000760823
23.08 -0.000735162
23.09 -0.000710015
23.1 -0.000685702
23.11 -0.000662468
23.12 -0.00064058
23.13 -0.000620381
23.14 -0.000602181
23.15 -0.000586087
23.16 -0.000571907
23.17 -0.000559219
23.18 -0.000547494
23.19 -0.000536184
23.2 -0.000524766
23.21 -0.000512775
23.22 -0.000499836
23.23 -0.000485629
23.24 -0.00046983
23.25 -0.000452094
23.26 -0.000432096
23.27 -0.000409625
23.28 -0.00038468
23.29 -0.000357495
23.3 -0.000328475
23.31 -0.000298103
23.32 -0.000266817
23.33 -0.00023496
23.34 -0.000202783
23.35 -0.000170463
23.36 -0.000138092
23.37 -0.000105694
23.38 -7.32904e-05
23.39 -4.09427e-05
23.4 -8.75029e-06
23.41 2.31573e-05
23.42 5.46092e-05
23.43 8.53826e-05
23.44 0.000115218
23.45 0.000143849
23.46 0.000171015
23.47 0.000196453
23.48 0.000219959
23.49 0.000241468
23.5 0.000261028
23.51 0.000278652
23.52 0.000294207
23.53 0.000307456
23.54 0.000318205
23.55 0.00032639
23.56 0.000332022
23.57 0.000335029
23.58 0.000335118
23.59 0.000331843
23.6 0.000324883
23.61 0.000314281
23.62 0.000300387
23.63 0.000283587
23.64 0.00026411
23.65 0.000242065
23.66 0.000217609
23.67 0.000191075
23.68 0.00016295
23.69 0.000133705
23.7 0.000103626
23.71 7.28186e-05
23.72 4.13601e-05
23.73 9.45681e-06
23.74 -2.24948e-05
23.75 -5.39498e-05
23.76 -8.43249e-05
23.77 -0.000113111
23.78 -0.000139918
23.79 -0.00016447
23.8 -0.000186613
23.81 -0.000206332
23.82 -0.000223743
23.83 -0.000239075
23.84 -0.000252639
23.85 -0.000264731
23.86 -0.000275523
23.87 -0.000285038
23.88 -0.000293237
23.89 -0.00030011
23.9 -0.000305686
23.91 -0.000309992
23.92 -0.00031302
23.93 -0.000314728
23.94 -0.000315067
23.95 -0.000314004
23.96 -0.000311466
23.97 -0.000307281
23.98 -0.000301173
23.99 -0.000292843
24 -0.00028207
24.01 -0.000268729
24.02 -0.000252728
24.03 -0.000233919
24.04 -0.000212114
24.05 -0.000187197
24.06 -0.000159213
24.07 -0.000128319
24.08 -9.46762e-05
24.09 -5.84303e-05
24.1 -1.97795e-05
24.11 2.10137e-05
24.12 6.37114e-05
24.13 0.000108161
24.14 0.000154233
24.15 0.000201723
24.16 0.000250338
24.17 0.000299794
24.18 0.000349915
24.19 0.000400595
24.2 0.000451634
24.21 0.000502607
24.22 0.000552909
24.23 0.000601904
24.24 0.000649048
24.25 0.000693912
24.26 0.000736147
24.27 0.000775497
24.28 0.000811869
24.29 0.000845351
24.3 0.000876099
24.31 0.000904169
24.32 0.000929418
24.33 0.000951578
24.34 0.000970414
24.35 0.00098589
24.36 0.000998265
24.37 0.00100797
24.38 0.00101526
24.39 0.00101994
24.4 0.00102151
24.41 0.0010196
24.42 0.00101422
24.43 0.00100573
24.44 0.000994494
24.45 0.000980644
24.46 0.00096401
24.47 0.00094427
24.48 0.000921106
24.49 0.000894292
24.5 0.000863668
24.51 0.000829059
24.52 0.000790213
24.53 0.000746841
24.54 0.000698755
24.55 0.00064601
24.56 0.000588906
24.57 0.000527837
24.58 0.00046308
24.59 0.000394711
24.6 0.00032268
24.61 0.000246987
24.62 0.000167784
24.63 8.536e-05
24.64 9.40819e-08
24.65 -8.75236e-05
24.66 -0.000176822
24.67 -0.000266924
24.68 -0.000356812
24.69 -0.000445435
24.7 -0.000531759
24.71 -0.000614702
24.72 -0.000693037
24.73 -0.000765493
24.74 -0.000831127
24.75 -0.000889753
24.76 -0.000942034
24.77 -0.000989103
24.78 -0.00103189
24.79 -0.0010706
24.8 -0.00110468
24.81 -0.00113325
24.82 -0.00115569
24.83 -0.00117191
24.84 -0.00118226
24.85 -0.00118721
24.86 -0.0011871
24.87 -0.00118204
24.88 -0.00117195
24.89 -0.00115671
24.9 -0.0011362
24.91 -0.00111022
24.92 -0.00107848
24.93 -0.00104054
24.94 -0.000995995
24.95 -0.000944602
24.96 -0.000886375
24.97 -0.000821622
24.98 -0.000750866
24.99 -0.000674719
25 -0.000593796
25.01 -0.000508741
25.02 -0.00042029
25.03 -0.000329241
25.04 -0.00023631
25.05 -0.000142018
25.06 -4.67384e-05
25.07 4.91097e-05
25.08 0.000144906
25.09 0.000239832
25.1 0.000332971
25.11 0.000423324
25.12 0.000509666
25.13 0.000590396
25.14 0.000663573
25.15 0.000727291
25.16 0.00078033
25.17 0.000822684
25.18 0.000855474
25.19 0.000880184
25.2 0.000897757
25.21 0.000908194
25.22 0.000910865
25.23 0.000905191
25.24 0.000891199
25.25 0.000869677
25.26 0.000841969
25.27 0.000809609
25.28 0.000773904
25.29 0.000735645
25.3 0.000695131
25.31 0.000652494
25.32 0.00060799
25.33 0.000561988
25.34 0.000514715
25.35 0.000466056
25.36 0.000415659
25.37 0.000363237
25.38 0.000308829
25.39 0.000252873
25.4 0.000196075
25.41 0.000139185
25.42 8.28408e-05
25.43 2.75771e-05
25.44 -2.60706e-05
25.45 -7.74893e-05
25.46 -0.000125993
25.47 -0.000170903
25.48 -0.000211638
25.49 -0.000247733
25.5 -0.000278835
25.51 -0.00030478
25.52 -0.000325737
25.53 -0.0003422
25.54 -0.00035477
25.55 -0.000363879
25.56 -0.000369705
25.57 -0.000372292
25.58 -0.000371694
25.59 -0.000368025
25.6 -0.000361435
25.61 -0.000352091
25.62 -0.000340226
25.63 -0.000326223
25.64 -0.000310624
25.65 -0.000294046
25.66 -0.000277034
25.67 -0.000259963
25.68 -0.000243066
25.69 -0.000226585
25.7 -0.000210903
25.71 -0.000196513
25.72 -0.000183876
25.73 -0.000173298
25.74 -0.000164922
25.75 -0.000158805
25.76 -0.000155011
25.77 -0.000153572
25.78 -0.000154358
25.79 -0.000157001
25.8 -0.000160973
25.81 -0.000165725
25.82 -0.000170774
25.83 -0.000175714
25.84 -0.000180185
25.85 -0.000183877
25.86 -0.000186474
25.87 -0.000187543
25.88 -0.000186437
25.89 -0.000182409
25.9 -0.000174905
25.91 -0.000163803
25.92 -0.00014932
25.93 -0.000131706
25.94 -0.000110989
25.95 -8.699e-05
25.96 -5.95109e-05
25.97 -2.8562e-05
25.98 5.51202e-06
25.99 4.21065e-05
26 8.0632e-05
26.01 0.000120787
26.02 0.000162568
26.03 0.000205984
26.04 0.000250737
26.05 0.000296191
26.06 0.000341649
26.07 0.000386668
26.08 0.0004311
26.09 0.000474855
26.1 0.000517645
26.11 0.000558955
26.12 0.000598258
26.13 0.000635202
26.14 0.000669622
26.15 0.000701469
26.16 0.00073076
26.17 0.000757563
26.18 0.000781977
26.19 0.000804139
26.2 0.000824199
26.21 0.000842179
26.22 0.000857763
26.23 0.000870172
26.24 0.000878274
26.25 0.000880874
26.26 0.000877067
26.27 0.000866429
26.28 0.000848988
26.29 0.000825093
26.3 0.000795292
26.31 0.000760209
26.32 0.000720424
26.33 0.000676397
26.34 0.00062846
26.35 0.000576817
26.36 0.000521509
26.37 0.000462402
26.38 0.000399277
26.39 0.000331994
26.4 0.000260628
26.41 0.000185509
26.42 0.000107168
26.43 2.6216e-05
26.44 -5.67585e-05
26.45 -0.000141221
26.46 -0.000226634
26.47 -0.000312394
26.48 -0.000397794
26.49 -0.000482028
26.5 -0.000564192
26.51 -0.000643384
26.52 -0.000718888
26.53 -0.000790373
26.54 -0.000857959
26.55 -0.00092212
26.56 -0.000983446
26.57 -0.00104235
26.58 -0.00109879
26.59 -0.00115225
26.6 -0.00120182
26.61 -0.00124653
26.62 -0.00128573
26.63 -0.00131936
26.64 -0.00134785
26.65 -0.00137176
26.66 -0.00139132
26.67 -0.00140638
26.68 -0.00141657
26.69 -0.00142168
26.7 -0.00142168
26.71 -0.00141663
26.72 -0.00140649
26.73 -0.00139111
26.74 -0.00137036
26.75 -0.00134439
26.76 -0.00131362
26.77 -0.00127865
26.78 -0.00124016
26.79 -0.0011988
26.8 -0.00115508
26.81 -0.00110931
26.82 -0.00106147
26.83 -0.00101129
26.84 -0.00095835
26.85 -0.000902266
26.86 -0.00084276
26.87 -0.000779731
26.88 -0.000713216
26.89 -0.000643309
26.9 -0.000570124
26.91 -0.000493842
26.92 -0.000414736
26.93 -0.000333059
26.94 -0.000248888
26.95 -0.000162065
26.96 -7.22885e-05
26.97 2.07581e-05
26.98 0.000117348
26.99 0.000217656
27 0.000321675
27.01 0.000429118
27.02 0.000539284
27.03 0.000650883
27.04 0.000761983
27.05 0.000870303
27.06 0.000973824
27.07 0.00107144
27.08 0.00116323
27.09 0.00125008
27.1 0.00133275
27.11 0.00141091
27.12 0.00148298
27.13 0.00154669
27.14 0.0016003
27.15 0.00164344
27.16 0.00167712
27.17 0.0017028
27.18 0.00172145
27.19 0.00173327
27.2 0.00173825
27.21 0.00173689
27.22 0.00173025
27.23 0.00171925
27.24 0.00170409
27.25 0.0016842
27.26 0.00165884
27.27 0.00162764
27.28 0.00159064
27.29 0.00154812
27.3 0.00150022
27.31 0.0014469
27.32 0.00138804
27.33 0.00132364
27.34 0.00125383
27.35 0.00117873
27.36 0.00109833
27.37 0.00101248
27.38 0.00092097
27.39 0.000823659
27.4 0.000720476
27.41 0.000611462
27.42 0.000496782
27.43 0.000376743
27.44 0.00025186
27.45 0.000122931
27.46 -8.94949e-06
27.47 -0.000142446
27.48 -0.00027611
27.49 -0.000408593
27.5 -0.000538853
27.51 -0.000666115
27.52 -0.000789353
27.53 -0.000906642
27.54 -0.00101524
27.55 -0.00111293
27.56 -0.00119989
27.57 -0.00127903
27.58 -0.00135396
27.59 -0.00142588
27.6 -0.0014924
27.61 -0.00154919
27.62 -0.00159268
27.63 -0.00162171
27.64 -0.00163772
27.65 -0.00164365
27.66 -0.00164232
27.67 -0.0016351
27.68 -0.00162205
27.69 -0.00160329
27.7 -0.00158003
27.71 -0.00155399
27.72 -0.0015261
27.73 -0.00149582
27.74 -0.00146163
27.75 -0.00142222
27.76 -0.00137722
27.77 -0.00132717
27.78 -0.00127303
27.79 -0.00121568
27.8 -0.00115587
27.81 -0.00109429
27.82 -0.00103167
27.83 -0.000968653
27.84 -0.000905451
27.85 -0.000841716
27.86 -0.000776689
27.87 -0.000709562
27.88 -0.000639784
27.89 -0.000567151
27.9 -0.000491779
27.91 -0.000414065
27.92 -0.000334628
27.93 -0.000254216
27.94 -0.000173615
27.95 -9.35401e-05
27.96 -1.44424e-05
27.97 6.36783e-05
27.98 0.000141261
27.99 0.000218938
28 0.000297193
28.01 0.000376059
28.02 0.000454938
28.03 0.000532633
28.04 0.000607638
28.05 0.000678627
28.06 0.000744885
28.07 0.000806451
28.08 0.000863894
28.09 0.000917891
28.1 0.000968851
28.11 0.0010168
28.12 0.00106147
28.13 0.00110255
28.14 0.00113986
28.15 0.00117366
28.16 0.00120451
28.17 0.0012329
28.18 0.00125878
28.19 0.00128148
28.2 0.00130005
28.21 0.00131364
28.22 0.00132166
28.23 0.00132374
28.24 0.00131968
28.25 0.00130944
28.26 0.00129324
28.27 0.00127156
28.28 0.00124513
28.29 0.00121476
28.3 0.00118119
28.31 0.00114498
28.32 0.00110645
28.33 0.00106574
28.34 0.00102297
28.35 0.000978389
28.36 0.000932294
28.37 0.000884965
28.38 0.000836567
28.39 0.000787178
28.4 0.000736894
28.41 0.000685972
28.42 0.000634857
28.43 0.000584042
28.44 0.00053383
28.45 0.000484172
28.46 0.000434696
28.47 0.000384933
28.48 0.000334537
28.49 0.000283308
28.5 0.000231015
28.51 0.000177207
28.52 0.000121276
28.53 6.27908e-05
28.54 1.8126e-06
28.55 -6.11155e-05
28.56 -0.000125302
28.57 -0.000190238
28.58 -0.000255674
28.59 -0.000321434
28.6 -0.00038715
28.61 -0.000452168
28.62 -0.000515704
28.63 -0.000577082
28.64 -0.000635815
28.65 -0.000691507
28.66 -0.00074371
28.67 -0.000791846
28.68 -0.000835232
28.69 -0.000873156
28.7 -0.000904993
28.71 -0.000930296
28.72 -0.000948861
28.73 -0.000960709
28.74 -0.000965992
28.75 -0.000964926
28.76 -0.000957812
28.77 -0.000945081
28.78 -0.000927249
28.79 -0.00090478
28.8 -0.000877986
28.81 -0.000847075
28.82 -0.000812292
28.83 -0.000773977
28.84 -0.000732482
28.85 -0.000688059
28.86 -0.000640863
28.87 -0.000591038
28.88 -0.000538802
28.89 -0.000484445
28.9 -0.000428293
28.91 -0.000370676
28.92 -0.000311905
28.93 -0.00025225
28.94 -0.000191941
28.95 -0.000131135
28.96 -6.98471e-05
28.97 -7.97847e-06
28.98 5.44821e-05
28.99 0.000117283
29 0.000179952
29.01 0.000241986
29.02 0.000302918
29.03 0.000362186
29.04 0.000418997
29.05 0.000472432
29.06 0.000521807
29.07 0.000567024
29.08 0.000608593
29.09 0.000647281
29.1 0.000683688
29.11 0.000718063
29.12 0.000750372
29.13 0.000780473
29.14 0.000808276
29.15 0.000833809
29.16 0.000857164
29.17 0.000878422
29.18 0.000897609
29.19 0.000914734
29.2 0.000929813
29.21 0.000942849
29.22 0.000953837
29.23 0.000962771
29.24 0.000969601
29.25 0.000974173
29.26 0.000976264
29.27 0.000975723
29.28 0.000972536
29.29 0.00096671
29.3 0.000958114
29.31 0.000946496
29.32 0.000931672
29.33 0.000913672
29.34 0.000892705
29.35 0.000869016
29.36 0.000842751
29.37 0.00081387
29.38 0.000782175
29.39 0.000747454
29.4 0.00070961
29.41 0.000668683
29.42 0.000624793
29.43 0.00057803
29.44 0.000528364
29.45 0.000475671
29.46 0.000419894
29.47 0.000361197
29.48 0.000299946
29.49 0.000236549
29.5 0.000171323
29.51 0.000104514
29.52 3.64021e-05
29.53 -3.26342e-05
29.54 -0.000102152
29.55 -0.000171714
29.56 -0.000240899
29.57 -0.000309233
29.58 -0.000376154
29.59 -0.000441081
29.6 -0.000503491
29.61 -0.000562922
29.62 -0.000618959
29.63 -0.000671321
29.64 -0.000720034
29.65 -0.000765464
29.66 -0.000808092
29.67 -0.000848175
29.68 -0.000885592
29.69 -0.000920034
29.7 -0.000951318
29.71 -0.000979502
29.72 -0.00100474
29.73 -0.00102709
29.74 -0.00104646
29.75 -0.00106269
29.76 -0.0010756
29.77 -0.00108499
29.78 -0.00109066
29.79 -0.00109249
29.8 -0.00109047
29.81 -0.00108462
29.82 -0.00107499
29.83 -0.00106162
29.84 -0.00104468
29.85 -0.00102441
29.86 -0.00100112
29.87 -0.000975131
29.88 -0.000946714
29.89 -0.000916027
29.9 -0.000883131
29.91 -0.000848101
29.92 -0.000811102
29.93 -0.000772366
29.94 -0.000732103
29.95 -0.000690448
29.96 -0.000647513
29.97 -0.000603477
29.98 -0.000558634
29.99 -0.000513327
30 -0.000467879
30.01 -0.000422562
30.02 -0.000377566
30.03 -0.000332954
30.04 -0.000288697
30.05 -0.000244805
30.06 -0.000201452
30.07 -0.000159004
30.08 -0.000117863
30.09 -7.82639e-05
30.1 -4.02263e-05
30.11 -3.72119e-06
30.12 3.11105e-05
30.13 6.3902e-05
30.14 9.41998e-05
30.15 0.000121664
30.16 0.000146168
30.17 0.000167725
30.18 0.000186316
30.19 0.00020181
30.2 0.000214073
30.21 0.00022316
30.22 0.000229406
30.23 0.000233288
30.24 0.000235163
30.25 0.000235143
30.26 0.000233214
30.27 0.000229425
30.28 0.000223932
30.29 0.000216935
30.3 0.000208617
30.31 0.000199105
30.32 0.000188472
30.33 0.000176799
30.34 0.000164257
30.35 0.00015111
30.36 0.000137633
30.37 0.000124053
30.38 0.000110507
30.39 9.70228e-05
30.4 8.35439e-05
30.41 7.0028e-05
30.42 5.65155e-05
30.43 4.30854e-05
30.44 2.97072e-05
30.45 1.61421e-05
30.46 2.05393e-06
30.47 -1.27375e-05
30.48 -2.81367e-05
30.49 -4.39182e-05
30.5 -5.99598e-05
30.51 -7.62947e-05
30.52 -9.29458e-05
30.53 -0.000109748
30.54 -0.000126326
30.55 -0.000142243
30.56 -0.000157195
30.57 -0.000171098
30.58 -0.000183971
30.59 -0.000195756
30.6 -0.000206268
30.61 -0.000215282
30.62 -0.000222629
30.63 -0.000228205
30.64 -0.000231909
30.65 -0.000233616
30.66 -0.000233193
30.67 -0.000230528
30.68 -0.000225534
30.69 -0.000218153
30.7 -0.000208371
30.71 -0.00019626
30.72 -0.000182007
30.73 -0.00016582
30.74 -0.000147781
30.75 -0.000127839
30.76 -0.000105914
30.77 -8.19832e-05
30.78 -5.60876e-05
30.79 -2.82764e-05
30.8 1.44845e-06
30.81 3.31282e-05
30.82 6.67913e-05
30.83 0.000102384
30.84 0.000139722
30.85 0.000178519
30.86 0.000218474
30.87 0.00025934
30.88 0.000300924
30.89 0.00034301
30.9 0.000385258
30.91 0.000427135
30.92 0.000467991
30.93 0.000507294
30.94 0.000544813
30.95 0.000580589
30.96 0.0006147
30.97 0.000647058
30.98 0.000677437
30.99 0.000705663
31 0.000731731
31.01 0.000755748
31.02 0.000777758
31.03 0.000797642
31.04 0.000815151
31.05 0.000830008
31.06 0.000841949
31.07 0.000850727
31.08 0.000856134
31.09 0.000858015
31.1 0.00085619
31.11 0.0008504
31.12 0.000840362
31.13 0.000825925
31.14 0.000807123
31.15 0.000784068
31.16 0.000756796
31.17 0.000725272
31.18 0.000689508
31.19 0.000649627
31.2 0.000605809
31.21 0.000558227
31.22 0.00050704
31.23 0.000452426
31.24 0.000394635
31.25 0.000333963
31.26 0.000270683
31.27 0.000205036
31.28 0.00013731
31.29 6.78843e-05
31.3 -2.84351e-06
31.31 -7.45873e-05
31.32 -0.000147226
31.33 -0.000220688
31.34 -0.000294728
31.35 -0.000368769
31.36 -0.000441962
31.37 -0.000513401
31.38 -0.000582296
31.39 -0.000648
31.4 -0.000710022
31.41 -0.000768098
31.42 -0.000822267
31.43 -0.000872831
31.44 -0.000920144
31.45 -0.000964347
31.46 -0.00100521
31.47 -0.00104222
31.48 -0.00107477
31.49 -0.00110255
31.5 -0.00112564
31.51 -0.00114445
31.52 -0.00115943
31.53 -0.00117084
31.54 -0.00117879
31.55 -0.00118335
31.56 -0.00118469
31.57 -0.00118302
31.58 -0.0011785
31.59 -0.00117115
31.6 -0.00116082
31.61 -0.00114732
31.62 -0.00113057
31.63 -0.00111075
31.64 -0.00108826
31.65 -0.00106345
31.66 -0.00103651
31.67 -0.00100729
31.68 -0.000975506
31.69 -0.000940956
31.7 -0.000903613
31.71 -0.000863597
31.72 -0.000821083
31.73 -0.000776214
31.74 -0.00072906
31.75 -0.000679617
31.76 -0.000627896
31.77 -0.00057402
31.78 -0.000518254
31.79 -0.000460886
31.8 -0.000402092
31.81 -0.00034194
31.82 -0.000280501
31.83 -0.000217909
31.84 -0.000154339
31.85 -8.99883e-05
31.86 -2.50857e-05
31.87 4.01503e-05
31.88 0.000105558
31.89 0.000170988
31.9 0.000236161
31.91 0.000300542
31.92 0.00036334
31.93 0.000423682
31.94 0.000480851
31.95 0.000534459
31.96 0.000584417
31.97 0.000630723
31.98 0.000673267
31.99 0.000711834
32 0.000746303
32.01 0.000776817
32.02 0.00080368
32.03 0.000827083
32.04 0.000846954
32.05 0.000863082
32.06 0.000875382
32.07 0.000884024
32.08 0.000889344
32.09 0.000891628
32.1 0.00089098
32.11 0.000887356
32.12 0.000880668
32.13 0.000870872
32.14 0.000858002
32.15 0.000842196
32.16 0.000823649
32.17 0.000802499
32.18 0.000778786
32.19 0.000752543
32.2 0.000723914
32.21 0.000693132
32.22 0.000660377
32.23 0.000625686
32.24 0.000589033
32.25 0.000550497
32.26 0.000510293
32.27 0.000468651
32.28 0.000425724
32.29 0.000381611
32.3 0.000336404
32.31 0.000290165
32.32 0.000242915
32.33 0.000194693
32.34 0.000145616
32.35 9.58654e-05
32.36 4.56032e-05
32.37 -5.0785e-06
32.38 -5.61013e-05
32.39 -0.000107273
32.4 -0.000158202
32.41 -0.000208332
32.42 -0.000257088
32.43 -0.000304008
32.44 -0.000348754
32.45 -0.00039103
32.46 -0.000430509
32.47 -0.000466856
32.48 -0.000499833
32.49 -0.000529325
32.5 -0.000555243
32.51 -0.000577401
32.52 -0.000595529
32.53 -0.000609368
32.54 -0.000618747
32.55 -0.000623583
32.56 -0.000623848
32.57 -0.000619545
32.58 -0.000610697
32.59 -0.000597341
32.6 -0.000579556
32.61 -0.000557509
32.62 -0.000531452
32.63 -0.000501666
32.64 -0.00046841
32.65 -0.000431936
32.66 -0.000392542
32.67 -0.00035059
32.68 -0.000306462
32.69 -0.000260511
32.7 -0.000213038
32.71 -0.000164312
32.72 -0.000114608
32.73 -6.42304e-05
32.74 -1.34519e-05
32.75 3.75921e-05
32.76 8.89241e-05
32.77 0.000140576
32.78 0.000192367
32.79 0.00024383
32.8 0.000294386
32.81 0.000343603
32.82 0.000391271
32.83 0.00043726
32.84 0.000481352
32.85 0.000523258
32.86 0.000562741
32.87 0.000599677
32.88 0.000634013
32.89 0.000665666
32.9 0.000694447
32.91 0.000720057
32.92 0.000742175
32.93 0.000760568
32.94 0.000775163
32.95 0.000786004
32.96 0.000793167
32.97 0.000796709
32.98 0.00079668
32.99 0.000793121
33 0.000786068
33.01 0.000775577
33.02 0.000761746
33.03 0.000744701
33.04 0.000724579
33.05 0.00070153
33.06 0.000675767
33.07 0.000647543
33.08 0.000617081
33.09 0.000584502
33.1 0.000549856
33.11 0.000513193
33.12 0.000474626
33.13 0.000434319
33.14 0.000392422
33.15 0.000349014
33.16 0.000304158
33.17 0.000257995
33.18 0.000210775
33.19 0.000162783
33.2 0.000114249
33.21 6.53287e-05
33.22 1.61446e-05
33.23 -3.31631e-05
33.24 -8.24091e-05
33.25 -0.000131364
33.26 -0.000179767
33.27 -0.00022734
33.28 -0.0002738
33.29 -0.000318864
33.3 -0.000362254
33.31 -0.000403713
33.32 -0.000443028
33.33 -0.000480045
33.34 -0.000514672
33.35 -0.000546857
33.36 -0.000576568
33.37 -0.000603775
33.38 -0.000628433
33.39 -0.000650477
33.4 -0.000669821
33.41 -0.000686394
33.42 -0.000700181
33.43 -0.000711236
33.44 -0.00071964
33.45 -0.000725443
33.46 -0.000728657
33.47 -0.00072929
33.48 -0.00072738
33.49 -0.000722982
33.5 -0.000716134
33.51 -0.000706841
33.52 -0.000695092
33.53 -0.000680889
33.54 -0.000664274
33.55 -0.000645349
33.56 -0.000624261
33.57 -0.000601161
33.58 -0.000576155
33.59 -0.000549293
33.6 -0.000520609
33.61 -0.000490172
33.62 -0.000458099
33.63 -0.000424524
33.64 -0.000389556
33.65 -0.000353292
33.66 -0.000315834
33.67 -0.000277298
33.68 -0.000237803
33.69 -0.000197482
33.7 -0.000156481
33.71 -0.000114943
33.72 -7.29932e-05
33.73 -3.07509e-05
33.74 1.16551e-05
33.75 5.40722e-05
33.76 9.63272e-05
33.77 0.000138235
33.78 0.000179603
33.79 0.000220227
33.8 0.000259884
33.81 0.000298332
33.82 0.000335321
33.83 0.000370619
33.84 0.000404041
33.85 0.000435454
33.86 0.000464768
33.87 0.000491916
33.88 0.000516867
33.89 0.000539613
33.9 0.00056015
33.91 0.000578469
33.92 0.000594555
33.93 0.000608402
33.94 0.000620018
33.95 0.000629414
33.96 0.000636598
33.97 0.000641578
33.98 0.000644368
33.99 0.000644998
34 0.000643504
34.01 0.000639917
34.02 0.000634263
34.03 0.000626567
34.04 0.000616876
34.05 0.000605258
34.06 0.000591793
34.07 0.000576554
34.08 0.000559597
34.09 0.000540956
34.1 0.000520661
34.11 0.000498752
34.12 0.000475284
34.13 0.000450325
34.14 0.000423945
34.15 0.000396217
34.16 0.000367218
34.17 0.000337034
34.18 0.000305758
34.19 0.000273486
34.2 0.000240312
34.21 0.000206332
34.22 0.000171646
34.23 0.000136359
34.24 0.000100569
34.25 6.43762e-05
34.26 2.7892e-05
34.27 -8.75539e-06
34.28 -4.54219e-05
34.29 -8.19575e-05
34.3 -0.000118211
34.31 -0.00015403
34.32 -0.000189248
34.33 -0.00022369
34.34 -0.000257175
34.35 -0.000289533
34.36 -0.000320618
34.37 -0.000350303
34.38 -0.000378486
34.39 -0.000405076
34.4 -0.000429997
34.41 -0.000453188
34.42 -0.000474606
34.43 -0.00049422
34.44 -0.000512007
34.45 -0.000527946
34.46 -0.000542016
34.47 -0.000554199
34.48 -0.000564483
34.49 -0.00057286
34.5 -0.000579328
34.51 -0.000583888
34.52 -0.000586546
34.53 -0.000587307
34.54 -0.000586186
34.55 -0.000583199
34.56 -0.00057837
34.57 -0.00057173
34.58 -0.000563311
34.59 -0.000553152
34.6 -0.000541293
34.61 -0.000527782
34.62 -0.00051267
34.63 -0.000496011
34.64 -0.000477863
34.65 -0.000458287
34.66 -0.000437345
34.67 -0.0004151
34.68 -0.00039162
34.69 -0.000366971
34.7 -0.000341224
34.71 -0.000314453
34.72 -0.000286734
34.73 -0.000258146
34.74 -0.00022877
34.75 -0.000198692
34.76 -0.000168002
34.77 -0.000136791
34.78 -0.000105159
34.79 -7.3207e-05
34.8 -4.1043e-05
34.81 -8.78047e-06
34.82 2.34612e-05
34.83 5.55567e-05
34.84 8.73747e-05
34.85 0.00011878
34.86 0.000149634
34.87 0.000179797
34.88 0.000209134
34.89 0.000237515
34.9 0.000264816
34.91 0.000290931
34.92 0.000315762
34.93 0.00033923
34.94 0.000361268
34.95 0.000381826
34.96 0.000400861
34.97 0.000418341
34.98 0.000434242
34.99 0.000448547
35 0.000461242
35.01 0.000472317
35.02 0.000481756
35.03 0.000489541
35.04 0.000495659
35.05 0.000500103
35.06 0.000502875
35.07 0.000503982
35.08 0.000503431
35.09 0.000501233
35.1 0.000497403
35.11 0.000491962
35.12 0.000484939
35.13 0.000476366
35.14 0.000466277
35.15 0.000454709
35.16 0.000441701
35.17 0.000427295
35.18 0.00041154
35.19 0.000394488
35.2 0.000376193
35.21 0.000356711
35.22 0.000336103
35.23 0.000314431
35.24 0.000291761
35.25 0.000268164
35.26 0.000243711
35.27 0.000218475
35.28 0.000192533
35.29 0.000165962
35.3 0.000138846
35.31 0.00011127
35.32 8.3325e-05
35.33 5.51051e-05
35.34 2.67097e-05
35.35 -1.75756e-06
35.36 -3.01877e-05
35.37 -5.84677e-05
35.38 -8.64812e-05
35.39 -0.00011411
35.4 -0.000141235
35.41 -0.00016774
35.42 -0.00019351
35.43 -0.000218438
35.44 -0.000242422
35.45 -0.000265372
35.46 -0.000287206
35.47 -0.000307854
35.48 -0.000327257
35.49 -0.000345366
35.5 -0.000362138
35.51 -0.000377541
35.52 -0.000391548
35.53 -0.000404136
35.54 -0.000415285
35.55 -0.00042498
35.56 -0.000433206
35.57 -0.000439953
35.58 -0.000445211
35.59 -0.000448975
35.6 -0.000451242
35.61 -0.000452014
35.62 -0.000451297
35.63 -0.000449098
35.64 -0.000445433
35.65 -0.000440318
35.66 -0.000433777
35.67 -0.000425835
35.68 -0.000416521
35.69 -0.00040587
35.7 -0.000393917
35.71 -0.000380704
35.72 -0.000366274
35.73 -0.000350673
35.74 -0.000333952
35.75 -0.000316164
35.76 -0.000297363
35.77 -0.00027761
35.78 -0.000256965
35.79 -0.000235493
35.8 -0.00021326
35.81 -0.000190336
35.82 -0.000166794
35.83 -0.000142708
35.84 -0.000118157
35.85 -9.32225e-05
35.86 -6.79884e-05
35.87 -4.25436e-05
35.88 -1.69796e-05
35.89 8.60851e-06
35.9 3.41226e-05
35.91 5.94623e-05
35.92 8.45255e-05
35.93 0.00010921
35.94 0.000133413
35.95 0.000157036
35.96 0.000179983
35.97 0.000202162
35.98 0.00022349
35.99 0.00024389
36 0.000263293
36.01 0.000281638
36.02 0.000298873
36.03 0.000314953
36.04 0.00032984
36.05 0.000343501
36.06 0.000355911
36.07 0.000367046
36.08 0.000376885
36.09 0.000385413
36.1 0.000392615
36.11 0.00039848
36.12 0.000402999
36.13 0.000406167
36.14 0.00040798
36.15 0.00040844
36.16 0.00040755
36.17 0.00040532
36.18 0.00040176
36.19 0.000396886
36.2 0.000390718
36.21 0.000383278
36.22 0.000374592
36.23 0.000364691
36.24 0.000353608
36.25 0.000341379
36.26 0.000328045
36.27 0.000313648
36.28 0.000298236
36.29 0.000281856
36.3 0.000264563
36.31 0.00024641
36.32 0.000227456
36.33 0.000207762
36.34 0.000187389
36.35 0.000166404
36.36 0.000144875
36.37 0.000122874
36.38 0.000100474
36.39 7.77511e-05
36.4 5.47858e-05
36.41 3.16603e-05
36.42 8.45955e-06
36.43 -1.4729e-05
36.44 -3.78161e-05
36.45 -6.07111e-05
36.46 -8.33232e-05
36.47 -0.000105562
36.48 -0.000127338
36.49 -0.000148566
36.5 -0.000169163
36.51 -0.000189051
36.52 -0.000208159
36.53 -0.000226421
36.54 -0.000243777
36.55 -0.000260175
36.56 -0.00027557
36.57 -0.00028992
36.58 -0.000303192
36.59 -0.000315356
36.6 -0.000326386
36.61 -0.000336259
36.62 -0.000344958
36.63 -0.000352465
36.64 -0.000358768
36.65 -0.000363854
36.66 -0.000367717
36.67 -0.000370349
36.68 -0.000371749
36.69 -0.000371916
36.7 -0.000370855
36.71 -0.000368572
36.72 -0.000365077
36.73 -0.000360385
36.74 -0.000354511
36.75 -0.000347478
36.76 -0.000339309
36.77 -0.000330031
36.78 -0.000319676
36.79 -0.000308276
36.8 -0.00029587
36.81 -0.000282498
36.82 -0.000268202
36.83 -0.00025303
36.84 -0.00023703
36.85 -0.000220254
36.86 -0.000202757
36.87 -0.000184596
36.88 -0.000165829
36.89 -0.00014652
36.9 -0.000126733
36.91 -0.000106534
36.92 -8.59935e-05
36.93 -6.51832e-05
36.94 -4.41776e-05
36.95 -2.30532e-05
36.96 -1.88854e-06
36.97 1.92364e-05
36.98 4.02404e-05
36.99 6.1042e-05
37 8.15598e-05
37.01 0.000101714
37.02 0.000121425
37.03 0.000140619
37.04 0.000159224
37.05 0.000177171
37.06 0.000194398
37.07 0.000210848
37.08 0.00022647
37.09 0.000241215
37.1 0.000255044
37.11 0.00026792
37.12 0.000279811
37.13 0.00029069
37.14 0.000300533
37.15 0.000309319
37.16 0.00031703
37.17 0.000323651
37.18 0.000329169
37.19 0.000333573
37.2 0.000336856
37.21 0.000339012
37.22 0.000340039
37.23 0.000339937
37.24 0.00033871
37.25 0.000336363
37.26 0.000332906
37.27 0.000328353
37.28 0.000322717
37.29 0.00031602
37.3 0.000308283
37.31 0.000299531
37.32 0.000289794
37.33 0.000279103
37.34 0.000267493
37.35 0.000255002
37.36 0.000241671
37.37 0.000227544
37.38 0.000212666
37.39 0.000197088
37.4 0.000180859
37.41 0.000164036
37.42 0.000146673
37.43 0.000128829
37.44 0.000110566
37.45 9.19466e-05
37.46 7.30363e-05
37.47 5.39025e-05
37.48 3.46146e-05
37.49 1.52436e-05
37.5 -4.13815e-06
37.51 -2.34575e-05
37.52 -4.26407e-05
37.53 -6.16142e-05
37.54 -8.03053e-05
37.55 -9.86425e-05
37.56 -0.000116557
37.57 -0.000133981
37.58 -0.000150854
37.59 -0.000167114
37.6 -0.000182708
37.61 -0.000197584
37.62 -0.000211698
37.63 -0.000225007
37.64 -0.000237475
37.65 -0.000249068
37.66 -0.000259758
37.67 -0.00026952
37.68 -0.00027833
37.69 -0.000286169
37.7 -0.000293021
37.71 -0.000298869
37.72 -0.000303704
37.73 -0.000307513
37.74 -0.000310291
37.75 -0.000312032
37.76 -0.000312734
37.77 -0.000312398
37.78 -0.000311026
37.79 -0.000308624
37.8 -0.000305201
37.81 -0.000300769
37.82 -0.000295343
37.83 -0.000288941
37.84 -0.000281584
37.85 -0.000273296
37.86 -0.000264104
37.87 -0.000254039
37.88 -0.000243133
37.89 -0.000231421
37.9 -0.000218944
37.91 -0.000205742
37.92 -0.000191859
37.93 -0.000177341
37.94 -0.000162238
37.95 -0.0001466
37.96 -0.000130481
37.97 -0.000113936
37.98 -9.70233e-05
37.99 -7.9802e-05
38 -6.23338e-05
38.01 -4.46817e-05
38.02 -2.69104e-05
38.03 -9.08553e-06
38.04 8.72615e-06
38.05 2.64576e-05
38.06 4.40417e-05
38.07 6.1412e-05
38.08 7.8503e-05
38.09 9.52509e-05
38.1 0.000111594
38.11 0.000127473
38.12 0.000142833
38.13 0.00015762
38.14 0.000171786
38.15 0.000185287
38.16 0.000198081
38.17 0.000210132
38.18 0.000221406
38.19 0.000231872
38.2 0.000241505
38.21 0.000250281
38.22 0.000258179
38.23 0.000265181
38.24 0.00027127
38.25 0.000276434
38.26 0.000280661
38.27 0.000283941
38.28 0.000286268
38.29 0.000287638
38.3 0.000288048
38.31 0.000287499
38.32 0.000285995
38.33 0.00028354
38.34 0.000280144
38.35 0.000275817
38.36 0.000270575
38.37 0.000264434
38.38 0.000257414
38.39 0.000249538
38.4 0.000240832
38.41 0.000231325
38.42 0.000221048
38.43 0.000210036
38.44 0.000198324
38.45 0.000185952
38.46 0.000172963
38.47 0.000159399
38.48 0.000145308
38.49 0.000130737
38.5 0.000115738
38.51 0.000100362
38.52 8.46649e-05
38.53 6.87015e-05
38.54 5.25297e-05
38.55 3.62084e-05
38.56 1.97978e-05
38.57 3.35843e-06
38.58 -1.30483e-05
38.59 -2.9361e-05
38.6 -4.55188e-05
38.61 -6.14614e-05
38.62 -7.71297e-05
38.63 -9.24666e-05
38.64 -0.000107417
38.65 -0.000121928
38.66 -0.000135949
38.67 -0.000149435
38.68 -0.000162341
38.69 -0.000174628
38.7 -0.000186258
38.71 -0.000197199
38.72 -0.000207419
38.73 -0.000216892
38.74 -0.000225592
38.75 -0.000233499
38.76 -0.000240592
38.77 -0.000246854
38.78 -0.000252271
38.79 -0.000256831
38.8 -0.000260521
38.81 -0.000263335
38.82 -0.000265265
38.83 -0.000266309
38.84 -0.000266463
38.85 -0.000265729
38.86 -0.000264111
38.87 -0.000261614
38.88 -0.000258245
38.89 -0.000254018
38.9 -0.000248944
38.91 -0.000243041
38.92 -0.000236328
38.93 -0.000228827
38.94 -0.000220562
38.95 -0.000211562
38.96 -0.000201856
38.97 -0.000191476
38.98 -0.000180458
38.99 -0.000168839
39 -0.000156658
39.01 -0.000143958
39.02 -0.000130783
39.03 -0.000117178
39.04 -0.000103192
39.05 -8.88728e-05
39.06 -7.4273e-05
39.07 -5.94447e-05
39.08 -4.4442e-05
39.09 -2.93195e-05
39.1 -1.4133e-05
39.11 1.06127e-06
39.12 1.62071e-05
39.13 3.12482e-05
39.14 4.61291e-05
39.15 6.07952e-05
39.16 7.5193e-05
39.17 8.9271e-05
39.18 0.00010298
39.19 0.000116272
39.2 0.000129102
39.21 0.000141429
39.22 0.000153214
39.23 0.00016442
39.24 0.000175015
39.25 0.000184966
39.26 0.000194248
39.27 0.000202835
39.28 0.000210703
39.29 0.000217834
39.3 0.000224209
39.31 0.000229811
39.32 0.000234628
39.33 0.000238647
39.34 0.000241859
39.35 0.000244256
39.36 0.000245832
39.37 0.000246585
39.38 0.000246512
39.39 0.000245615
39.4 0.000243897
39.41 0.000241365
39.42 0.000238025
39.43 0.000233891
39.44 0.000228974
39.45 0.00022329
39.46 0.00021686
39.47 0.000209703
39.48 0.000201843
39.49 0.000193307
39.5 0.000184124
39.51 0.000174324
39.52 0.000163941
39.53 0.000153012
39.54 0.000141572
39.55 0.000129663
39.56 0.000117326
39.57 0.000104604
39.58 9.15435e-05
39.59 7.819e-05
39.6 6.45919e-05
39.61 5.07986e-05
39.62 3.68603e-05
39.63 2.28281e-05
39.64 8.75347e-06
39.65 -5.31165e-06
39.66 -1.93156e-05
39.67 -3.32069e-05
39.68 -4.69349e-05
39.69 -6.045e-05
39.7 -7.37039e-05
39.71 -8.665e-05
39.72 -9.92434e-05
39.73 -0.000111442
39.74 -0.000123204
39.75 -0.000134493
39.76 -0.000145274
39.77 -0.000155513
39.78 -0.000165179
39.79 -0.000174247
39.8 -0.000182689
39.81 -0.000190482
39.82 -0.000197607
39.83 -0.000204044
39.84 -0.000209776
39.85 -0.000214789
39.86 -0.000219069
39.87 -0.000222607
39.88 -0.000225393
39.89 -0.000227419
39.9 -0.000228682
39.91 -0.000229178
39.92 -0.000228906
39.93 -0.000227868
39.94 -0.000226067
39.95 -0.00022351
39.96 -0.000220205
39.97 -0.000216162
39.98 -0.000211395
39.99 -0.000205919
40 -0.000199753
40.01 -0.000192917
40.02 -0.000185434
40.03 -0.000177329
40.04 -0.00016863
40.05 -0.000159367
40.06 -0.000149571
40.07 -0.000139276
40.08 -0.00012852
40.09 -0.000117338
40.1 -0.000105772
40.11 -9.38614e-05
40.12 -8.16497e-05
40.13 -6.91806e-05
40.14 -5.64992e-05
40.15 -4.36517e-05
40.16 -3.0685e-05
40.17 -1.76464e-05
40.18 -4.58375e-06
40.19 8.45518e-06
40.2 2.14228e-05
40.21 3.42721e-05
40.22 4.69568e-05
40.23 5.94317e-05
40.24 7.16529e-05
40.25 8.3578e-05
40.26 9.51665e-05
40.27 0.00010638
40.28 0.000117181
40.29 0.000127537
40.3 0.000137414
40.31 0.000146782
40.32 0.000155615
40.33 0.000163887
40.34 0.000171574
40.35 0.000178654
40.36 0.000185109
40.37 0.000190921
40.38 0.000196075
40.39 0.000200557
40.4 0.000204355
40.41 0.000207459
40.42 0.000209862
40.43 0.000211556
40.44 0.000212538
40.45 0.000212805
40.46 0.000212356
40.47 0.000211195
40.48 0.000209324
40.49 0.00020675
40.5 0.000203481
40.51 0.000199528
40.52 0.000194905
40.53 0.000189625
40.54 0.000183708
40.55 0.000177172
40.56 0.000170041
40.57 0.000162338
40.58 0.00015409
40.59 0.000145325
40.6 0.000136074
40.61 0.00012637
40.62 0.000116246
40.63 0.000105739
40.64 9.48856e-05
40.65 8.37251e-05
40.66 7.22977e-05
40.67 6.06445e-05
40.68 4.88079e-05
40.69 3.6831e-05
40.7 2.47572e-05
40.71 1.26307e-05
40.72 4.95636e-07
40.73 -1.1604e-05
40.74 -2.36246e-05
40.75 -3.55228e-05
40.76 -4.72566e-05
40.77 -5.87845e-05
40.78 -7.00667e-05
40.79 -8.10646e-05
40.8 -9.17413e-05
40.81 -0.000102062
40.82 -0.000111993
40.83 -0.000121503
40.84 -0.000130563
40.85 -0.000139145
40.86 -0.000147224
40.87 -0.000154777
40.88 -0.000161781
40.89 -0.000168218
40.9 -0.000174069
40.91 -0.000179319
40.92 -0.000183952
40.93 -0.000187957
40.94 -0.000191321
40.95 -0.000194037
40.96 -0.000196097
40.97 -0.000197496
40.98 -0.000198228
40.99 -0.000198294
41 -0.000197693
41.01 -0.000196427
41.02 -0.000194501
41.03 -0.00019192
41.04 -0.000188694
41.05 -0.000184833
41.06 -0.00018035
41.07 -0.00017526
41.08 -0.00016958
41.09 -0.00016333
41.1 -0.000156531
41.11 -0.000149205
41.12 -0.00014138
41.13 -0.000133082
41.14 -0.00012434
41.15 -0.000115186
41.16 -0.000105651
41.17 -9.57697e-05
41.18 -8.55779e-05
41.19 -7.51118e-05
41.2 -6.44095e-05
41.21 -5.35096e-05
41.22 -4.24516e-05
41.23 -3.12758e-05
41.24 -2.00226e-05
41.25 -8.73302e-06
41.26 2.55224e-06
41.27 1.37925e-05
41.28 2.49476e-05
41.29 3.5978e-05
41.3 4.68449e-05
41.31 5.75106e-05
41.32 6.79385e-05
41.33 7.80935e-05
41.34 8.7942e-05
41.35 9.74519e-05
41.36 0.000106593
41.37 0.000115336
41.38 0.000123654
41.39 0.000131523
41.4 0.000138918
41.41 0.000145818
41.42 0.000152204
41.43 0.000158057
41.44 0.00016336
41.45 0.000168099
41.46 0.00017226
41.47 0.000175831
41.48 0.000178804
41.49 0.000181169
41.5 0.00018292
41.51 0.000184051
41.52 0.000184561
41.53 0.000184448
41.54 0.000183712
41.55 0.000182357
41.56 0.000180386
41.57 0.000177807
41.58 0.000174627
41.59 0.000170858
41.6 0.000166512
41.61 0.000161605
41.62 0.000156152
41.63 0.000150172
41.64 0.000143687
41.65 0.000136719
41.66 0.000129292
41.67 0.000121433
41.68 0.000113169
41.69 0.000104529
41.7 9.55454e-05
41.71 8.62493e-05
41.72 7.66744e-05
41.73 6.68553e-05
41.74 5.68274e-05
41.75 4.66271e-05
41.76 3.62913e-05
41.77 2.58573e-05
41.78 1.5363e-05
41.79 4.84616e-06
41.8 -5.65555e-06
41.81 -1.61047e-05
41.82 -2.64641e-05
41.83 -3.66977e-05
41.84 -4.67697e-05
41.85 -5.66456e-05
41.86 -6.6292e-05
41.87 -7.56767e-05
41.88 -8.47689e-05
41.89 -9.35391e-05
41.9 -0.00010196
41.91 -0.000110004
41.92 -0.000117647
41.93 -0.000124866
41.94 -0.00013164
41.95 -0.000137947
41.96 -0.000143771
41.97 -0.000149093
41.98 -0.0001539
41.99 -0.000158176
42 -0.000161909
42.01 -0.00016509
42.02 -0.000167709
42.03 -0.000169758
42.04 -0.000171232
42.05 -0.000172127
42.06 -0.00017244
42.07 -0.00017217
42.08 -0.000171319
42.09 -0.00016989
42.1 -0.000167887
42.11 -0.000165317
42.12 -0.00016219
42.13 -0.000158515
42.14 -0.000154305
42.15 -0.000149575
42.16 -0.000144341
42.17 -0.000138621
42.18 -0.000132436
42.19 -0.000125806
42.2 -0.000118755
42.21 -0.000111309
42.22 -0.000103494
42.23 -9.53378e-05
42.24 -8.68695e-05
42.25 -7.81198e-05
42.26 -6.91201e-05
42.27 -5.99031e-05
42.28 -5.05019e-05
42.29 -4.09506e-05
42.3 -3.12837e-05
42.31 -2.1536e-05
42.32 -1.17425e-05
42.33 -1.93831e-06
42.34 7.84172e-06
42.35 1.7563e-05
42.36 2.71914e-05
42.37 3.66935e-05
42.38 4.60365e-05
42.39 5.51889e-05
42.4 6.41197e-05
42.41 7.27995e-05
42.42 8.12e-05
42.43 8.92941e-05
42.44 9.70561e-05
42.45 0.000104462
42.46 0.000111488
42.47 0.000118114
42.48 0.00012432
42.49 0.000130086
42.5 0.000135397
42.51 0.000140235
42.52 0.000144588
42.53 0.000148443
42.54 0.000151787
42.55 0.000154613
42.56 0.000156911
42.57 0.000158674
42.58 0.000159899
42.59 0.00016058
42.6 0.000160717
42.61 0.000160309
42.62 0.000159359
42.63 0.000157868
42.64 0.000155843
42.65 0.000153291
42.66 0.00015022
42.67 0.00014664
42.68 0.000142565
42.69 0.000138008
42.7 0.000132985
42.71 0.000127514
42.72 0.000121614
42.73 0.000115306
42.74 0.000108613
42.75 0.000101558
42.76 9.41662e-05
42.77 8.64648e-05
42.78 7.84812e-05
42.79 7.02442e-05
42.8 6.17834e-05
42.81 5.31294e-05
42.82 4.43133e-05
42.83 3.5367e-05
42.84 2.63226e-05
42.85 1.72125e-05
42.86 8.06931e-06
42.87 -1.07459e-06
42.88 -1.01869e-05
42.89 -1.92356e-05
42.9 -2.81892e-05
42.91 -3.7017e-05
42.92 -4.56888e-05
42.93 -5.41755e-05
42.94 -6.24486e-05
42.95 -7.04811e-05
42.96 -7.82467e-05
42.97 -8.57207e-05
42.98 -9.28793e-05
42.99 -9.97001e-05
43 -0.000106162
43.01 -0.000112245
43.02 -0.000117931
43.03 -0.000123203
43.04 -0.000128045
43.05 -0.000132443
43.06 -0.000136383
43.07 -0.000139854
43.08 -0.000142845
43.09 -0.000145349
43.1 -0.000147356
43.11 -0.000148863
43.12 -0.000149863
43.13 -0.000150355
43.14 -0.000150338
43.15 -0.00014981
43.16 -0.000148776
43.17 -0.000147238
43.18 -0.000145201
43.19 -0.000142673
43.2 -0.000139663
43.21 -0.000136181
43.22 -0.000132239
43.23 -0.000127852
43.24 -0.000123034
43.25 -0.000117802
43.26 -0.000112176
43.27 -0.000106175
43.28 -9.98205e-05
43.29 -9.31356e-05
43.3 -8.6144e-05
43.31 -7.88711e-05
43.32 -7.13428e-05
43.33 -6.35865e-05
43.34 -5.56299e-05
43.35 -4.75018e-05
43.36 -3.92314e-05
43.37 -3.08483e-05
43.38 -2.23826e-05
43.39 -1.38643e-05
43.4 -5.32388e-06
43.41 3.20871e-06
43.42 1.17035e-05
43.43 2.0131e-05
43.44 2.84621e-05
43.45 3.66682e-05
43.46 4.47217e-05
43.47 5.25956e-05
43.48 6.02637e-05
43.49 6.77009e-05
43.5 7.48832e-05
43.51 8.17875e-05
43.52 8.8392e-05
43.53 9.46759e-05
43.54 0.00010062
43.55 0.000106205
43.56 0.000111415
43.57 0.000116234
43.58 0.000120646
43.59 0.00012464
43.6 0.000128202
43.61 0.000131323
43.62 0.000133992
43.63 0.000136202
43.64 0.000137947
43.65 0.000139221
43.66 0.00014002
43.67 0.000140343
43.68 0.000140188
43.69 0.000139557
43.7 0.000138451
43.71 0.000136876
43.72 0.000134836
43.73 0.000132339
43.74 0.000129394
43.75 0.00012601
43.76 0.000122201
43.77 0.000117979
43.78 0.000113359
43.79 0.000108358
43.8 0.000102994
43.81 9.72859e-05
43.82 9.12541e-05
43.83 8.49202e-05
43.84 7.83072e-05
43.85 7.14388e-05
43.86 6.43396e-05
43.87 5.70353e-05
43.88 4.95522e-05
43.89 4.19169e-05
43.9 3.4157e-05
43.91 2.63001e-05
43.92 1.83742e-05
43.93 1.04074e-05
43.94 2.42768e-06
43.95 -5.53691e-06
43.96 -1.34587e-05
43.97 -2.13102e-05
43.98 -2.90647e-05
43.99 -3.66957e-05
44 -4.41776e-05
44.01 -5.14855e-05
44.02 -5.85952e-05
44.03 -6.54835e-05
44.04 -7.21281e-05
44.05 -7.85077e-05
44.06 -8.46021e-05
44.07 -9.0392e-05
44.08 -9.58595e-05
44.09 -0.000100988
44.1 -0.00010576
44.11 -0.000110163
44.12 -0.000114183
44.13 -0.000117807
44.14 -0.000121024
44.15 -0.000123825
44.16 -0.000126202
44.17 -0.000128146
44.18 -0.000129653
44.19 -0.000130718
44.2 -0.000131337
44.21 -0.00013151
44.22 -0.000131236
44.23 -0.000130516
44.24 -0.000129354
44.25 -0.000127752
44.26 -0.000125718
44.27 -0.000123258
44.28 -0.000120382
44.29 -0.000117099
44.3 -0.000113421
44.31 -0.000109361
44.32 -0.000104934
44.33 -0.000100156
44.34 -9.5043e-05
44.35 -8.96144e-05
44.36 -8.38895e-05
44.37 -7.78887e-05
44.38 -7.16337e-05
44.39 -6.51469e-05
44.4 -5.84517e-05
44.41 -5.1572e-05
44.42 -4.45327e-05
44.43 -3.73588e-05
44.44 -3.00759e-05
44.45 -2.27099e-05
44.46 -1.52869e-05
44.47 -7.83308e-06
44.48 -3.74491e-07
44.49 7.06286e-06
44.5 1.44533e-05
44.51 2.17713e-05
44.52 2.89921e-05
44.53 3.60911e-05
44.54 4.30448e-05
44.55 4.98298e-05
44.56 5.64239e-05
44.57 6.28056e-05
44.58 6.89542e-05
44.59 7.485e-05
44.6 8.04742e-05
44.61 8.58091e-05
44.62 9.08379e-05
44.63 9.5545e-05
44.64 9.99156e-05
44.65 0.000103936
44.66 0.000107595
44.67 0.00011088
44.68 0.000113781
44.69 0.00011629
44.7 0.0001184
44.71 0.000120102
44.72 0.000121394
44.73 0.00012227
44.74 0.000122728
44.75 0.000122768
44.76 0.000122389
44.77 0.000121594
44.78 0.000120384
44.79 0.000118766
44.8 0.000116744
44.81 0.000114327
44.82 0.000111522
44.83 0.00010834
44.84 0.000104792
44.85 0.000100891
44.86 9.66507e-05
44.87 9.20868e-05
44.88 8.72155e-05
44.89 8.20544e-05
44.9 7.66218e-05
44.91 7.09375e-05
44.92 6.50217e-05
44.93 5.88959e-05
44.94 5.25818e-05
44.95 4.61022e-05
44.96 3.94802e-05
44.97 3.27393e-05
44.98 2.59035e-05
44.99 1.8997e-05
45 1.20441e-05
45.01 5.06921e-06
45.02 -1.90347e-06
45.03 -8.84974e-06
45.04 -1.57457e-05
45.05 -2.25678e-05
45.06 -2.92929e-05
45.07 -3.58984e-05
45.08 -4.23621e-05
45.09 -4.86627e-05
45.1 -5.47795e-05
45.11 -6.06925e-05
45.12 -6.63826e-05
45.13 -7.18314e-05
45.14 -7.70216e-05
45.15 -8.19367e-05
45.16 -8.65612e-05
45.17 -9.08806e-05
45.18 -9.48814e-05
45.19 -9.85512e-05
45.2 -0.000101878
45.21 -0.000104853
45.22 -0.000107466
45.23 -0.000109709
45.24 -0.000111575
45.25 -0.000113059
45.26 -0.000114156
45.27 -0.000114863
45.28 -0.000115178
45.29 -0.000115101
45.3 -0.000114633
45.31 -0.000113774
45.32 -0.00011253
45.33 -0.000110903
45.34 -0.000108901
45.35 -0.000106531
45.36 -0.0001038
45.37 -0.00010072
45.38 -9.73009e-05
45.39 -9.35552e-05
45.4 -8.94966e-05
45.41 -8.51395e-05
45.42 -8.04997e-05
45.43 -7.55939e-05
45.44 -7.04396e-05
45.45 -6.50556e-05
45.46 -5.94609e-05
45.47 -5.36758e-05
45.48 -4.77209e-05
45.49 -4.16174e-05
45.5 -3.53871e-05
45.51 -2.90521e-05
45.52 -2.26347e-05
45.53 -1.61576e-05
45.54 -9.6435e-06
45.55 -3.11504e-06
45.56 3.40513e-06
45.57 9.8945e-06
45.58 1.63309e-05
45.59 2.26923e-05
45.6 2.89573e-05
45.61 3.51048e-05
45.62 4.11144e-05
45.63 4.69662e-05
45.64 5.26409e-05
45.65 5.812e-05
45.66 6.33858e-05
45.67 6.84212e-05
45.68 7.32103e-05
45.69 7.77376e-05
45.7 8.19889e-05
45.71 8.59507e-05
45.72 8.96106e-05
45.73 9.29572e-05
45.74 9.598e-05
45.75 9.86697e-05
45.76 0.000101018
45.77 0.000103017
45.78 0.000104662
45.79 0.000105947
45.8 0.000106869
45.81 0.000107424
45.82 0.000107612
45.83 0.000107432
45.84 0.000106886
45.85 0.000105975
45.86 0.000104704
45.87 0.000103077
45.88 0.0001011
45.89 9.87805e-05
45.9 9.61267e-05
45.91 9.31483e-05
45.92 8.98562e-05
45.93 8.62622e-05
45.94 8.23794e-05
45.95 7.82217e-05
45.96 7.3804e-05
45.97 6.91423e-05
45.98 6.42534e-05
45.99 5.91548e-05
46 5.38646e-05
46.01 4.84019e-05
46.02 4.27861e-05
46.03 3.70372e-05
46.04 3.11756e-05
46.05 2.5222e-05
46.06 1.91973e-05
46.07 1.31226e-05
46.08 7.01915e-06
46.09 9.08141e-07
46.1 -5.18934e-06
46.11 -1.12524e-05
46.12 -1.72602e-05
46.13 -2.31926e-05
46.14 -2.90294e-05
46.15 -3.47511e-05
46.16 -4.03387e-05
46.17 -4.57737e-05
46.18 -5.10382e-05
46.19 -5.6115e-05
46.2 -6.09877e-05
46.21 -6.56405e-05
46.22 -7.00585e-05
46.23 -7.42274e-05
46.24 -7.81342e-05
46.25 -8.17664e-05
46.26 -8.51124e-05
46.27 -8.81619e-05
46.28 -9.09053e-05
46.29 -9.3334e-05
46.3 -9.54405e-05
46.31 -9.72183e-05
46.32 -9.86621e-05
46.33 -9.97674e-05
46.34 -0.000100531
46.35 -0.000100951
46.36 -0.000101027
46.37 -0.000100758
46.38 -0.000100146
46.39 -9.91939e-05
46.4 -9.7905e-05
46.41 -9.62842e-05
46.42 -9.43377e-05
46.43 -9.20725e-05
46.44 -8.9497e-05
46.45 -8.66206e-05
46.46 -8.34537e-05
46.47 -8.00077e-05
46.48 -7.62951e-05
46.49 -7.23293e-05
46.5 -6.81246e-05
46.51 -6.3696e-05
46.52 -5.90596e-05
46.53 -5.42318e-05
46.54 -4.92299e-05
46.55 -4.40718e-05
46.56 -3.87758e-05
46.57 -3.33606e-05
46.58 -2.78455e-05
46.59 -2.22497e-05
46.6 -1.6593e-05
46.61 -1.0895e-05
46.62 -5.17555e-06
46.63 5.45527e-07
46.64 6.24857e-06
46.65 1.19141e-05
46.66 1.75227e-05
46.67 2.30555e-05
46.68 2.84939e-05
46.69 3.38197e-05
46.7 3.90151e-05
46.71 4.4063e-05
46.72 4.89468e-05
46.73 5.36504e-05
46.74 5.81587e-05
46.75 6.2457e-05
46.76 6.65314e-05
46.77 7.03689e-05
46.78 7.39573e-05
46.79 7.72851e-05
46.8 8.03417e-05
46.81 8.31177e-05
46.82 8.56041e-05
46.83 8.77934e-05
46.84 8.96787e-05
46.85 9.12542e-05
46.86 9.25151e-05
46.87 9.34579e-05
46.88 9.40796e-05
46.89 9.43789e-05
46.9 9.43551e-05
46.91 9.40088e-05
46.92 9.33417e-05
46.93 9.23565e-05
46.94 9.10572e-05
46.95 8.94486e-05
46.96 8.75367e-05
46.97 8.53286e-05
46.98 8.28324e-05
46.99 8.00573e-05
47 7.70132e-05
47.01 7.37113e-05
47.02 7.01634e-05
47.03 6.63824e-05
47.04 6.23818e-05
47.05 5.8176e-05
47.06 5.37801e-05
47.07 4.92097e-05
47.08 4.44812e-05
47.09 3.96113e-05
47.1 3.46174e-05
47.11 2.9517e-05
47.12 2.43281e-05
47.13 1.90689e-05
47.14 1.37578e-05
47.15 8.41319e-06
47.16 3.05367e-06
47.17 -2.30232e-06
47.18 -7.6364e-06
47.19 -1.29304e-05
47.2 -1.81662e-05
47.21 -2.33263e-05
47.22 -2.83933e-05
47.23 -3.33502e-05
47.24 -3.81806e-05
47.25 -4.28684e-05
47.26 -4.73983e-05
47.27 -5.17555e-05
47.28 -5.59256e-05
47.29 -5.98953e-05
47.3 -6.36516e-05
47.31 -6.71825e-05
47.32 -7.04767e-05
47.33 -7.35237e-05
47.34 -7.63138e-05
47.35 -7.88383e-05
47.36 -8.1089e-05
47.37 -8.30592e-05
47.38 -8.47426e-05
47.39 -8.61341e-05
47.4 -8.72295e-05
47.41 -8.80257e-05
47.42 -8.85205e-05
47.43 -8.87126e-05
47.44 -8.86019e-05
47.45 -8.81894e-05
47.46 -8.74768e-05
47.47 -8.64671e-05
47.48 -8.51643e-05
47.49 -8.35732e-05
47.5 -8.16999e-05
47.51 -7.95513e-05
47.52 -7.71353e-05
47.53 -7.44606e-05
47.54 -7.15371e-05
47.55 -6.83753e-05
47.56 -6.49865e-05
47.57 -6.13832e-05
47.58 -5.7578e-05
47.59 -5.35848e-05
47.6 -4.94178e-05
47.61 -4.50917e-05
47.62 -4.06221e-05
47.63 -3.60246e-05
47.64 -3.13157e-05
47.65 -2.65118e-05
47.66 -2.16298e-05
47.67 -1.66868e-05
47.68 -1.16999e-05
47.69 -6.68659e-06
47.7 -1.66405e-06
47.71 3.35042e-06
47.72 8.33965e-06
47.73 1.32866e-05
47.74 1.81746e-05
47.75 2.29871e-05
47.76 2.77079e-05
47.77 3.23213e-05
47.78 3.6812e-05
47.79 4.1165e-05
47.8 4.5366e-05
47.81 4.94013e-05
47.82 5.32577e-05
47.83 5.69226e-05
47.84 6.03842e-05
47.85 6.36314e-05
47.86 6.66537e-05
47.87 6.94414e-05
47.88 7.19858e-05
47.89 7.42787e-05
47.9 7.6313e-05
47.91 7.80823e-05
47.92 7.95812e-05
47.93 8.08051e-05
47.94 8.17504e-05
47.95 8.24144e-05
47.96 8.27953e-05
47.97 8.28924e-05
47.98 8.27057e-05
47.99 8.22365e-05
48 8.14867e-05
48.01 8.04595e-05
48.02 7.91589e-05
48.03 7.75898e-05
48.04 7.5758e-05
48.05 7.36704e-05
48.06 7.13347e-05
48.07 6.87592e-05
48.08 6.59535e-05
48.09 6.29277e-05
48.1 5.96926e-05
48.11 5.626e-05
48.12 5.2642e-05
48.13 4.88518e-05
48.14 4.49027e-05
48.15 4.08088e-05
48.16 3.65846e-05
48.17 3.2245e-05
48.18 2.78054e-05
48.19 2.32813e-05
48.2 1.86885e-05
48.21 1.40431e-05
48.22 9.3612e-06
48.23 4.65897e-06
48.24 -4.7378e-08
48.25 -4.74169e-06
48.26 -9.40794e-06
48.27 -1.40303e-05
48.28 -1.8593e-05
48.29 -2.30807e-05
48.3 -2.74785e-05
48.31 -3.17715e-05
48.32 -3.59455e-05
48.33 -3.99867e-05
48.34 -4.38818e-05
48.35 -4.7618e-05
48.36 -5.1183e-05
48.37 -5.45653e-05
48.38 -5.7754e-05
48.39 -6.07386e-05
48.4 -6.35097e-05
48.41 -6.60584e-05
48.42 -6.83765e-05
48.43 -7.04568e-05
48.44 -7.22926e-05
48.45 -7.38784e-05
48.46 -7.52093e-05
48.47 -7.62811e-05
48.48 -7.70908e-05
48.49 -7.76362e-05
48.5 -7.79158e-05
48.51 -7.79292e-05
48.52 -7.76768e-05
48.53 -7.716e-05
48.54 -7.6381e-05
48.55 -7.53429e-05
48.56 -7.40498e-05
48.57 -7.25067e-05
48.58 -7.07192e-05
48.59 -6.86939e-05
48.6 -6.64384e-05
48.61 -6.39608e-05
48.62 -6.12701e-05
48.63 -5.83762e-05
48.64 -5.52893e-05
48.65 -5.20205e-05
48.66 -4.85817e-05
48.67 -4.49849e-05
48.68 -4.12431e-05
48.69 -3.73695e-05
48.7 -3.33778e-05
48.71 -2.9282e-05
48.72 -2.50966e-05
48.73 -2.08362e-05
48.74 -1.65157e-05
48.75 -1.21501e-05
48.76 -7.75457e-06
48.77 -3.34422e-06
48.78 1.06576e-06
48.79 5.46025e-06
48.8 9.82428e-06
48.81 1.4143e-05
48.82 1.84018e-05
48.83 2.25864e-05
48.84 2.66827e-05
48.85 3.06771e-05
48.86 3.45561e-05
48.87 3.83071e-05
48.88 4.19177e-05
48.89 4.53758e-05
48.9 4.86704e-05
48.91 5.17906e-05
48.92 5.47262e-05
48.93 5.74679e-05
48.94 6.00068e-05
48.95 6.23348e-05
48.96 6.44445e-05
48.97 6.63292e-05
48.98 6.7983e-05
48.99 6.94008e-05
49 7.05783e-05
49.01 7.15119e-05
49.02 7.2199e-05
49.03 7.26378e-05
49.04 7.28271e-05
49.05 7.27668e-05
49.06 7.24576e-05
49.07 7.1901e-05
49.08 7.10994e-05
49.09 7.0056e-05
49.1 6.87748e-05
49.11 6.72607e-05
49.12 6.55193e-05
49.13 6.35572e-05
49.14 6.13814e-05
49.15 5.89999e-05
49.16 5.64213e-05
49.17 5.3655e-05
49.18 5.07109e-05
49.19 4.75995e-05
49.2 4.4332e-05
49.21 4.09199e-05
49.22 3.73755e-05
49.23 3.37112e-05
49.24 2.99399e-05
49.25 2.6075e-05
49.26 2.213e-05
49.27 1.81186e-05
49.28 1.40548e-05
49.29 9.95276e-06
49.3 5.82663e-06
49.31 1.69063e-06
49.32 -2.44104e-06
49.33 -6.55426e-06
49.34 -1.0635e-05
49.35 -1.46695e-05
49.36 -1.8644e-05
49.37 -2.25451e-05
49.38 -2.63599e-05
49.39 -3.00755e-05
49.4 -3.36796e-05
49.41 -3.71602e-05
49.42 -4.0506e-05
49.43 -4.37057e-05
49.44 -4.67491e-05
49.45 -4.96262e-05
49.46 -5.23276e-05
49.47 -5.48446e-05
49.48 -5.71691e-05
49.49 -5.92937e-05
49.5 -6.12116e-05
49.51 -6.29168e-05
49.52 -6.4404e-05
49.53 -6.56686e-05
49.54 -6.67066e-05
49.55 -6.75152e-05
49.56 -6.80919e-05
49.57 -6.84353e-05
49.58 -6.85447e-05
49.59 -6.84201e-05
49.6 -6.80625e-05
49.61 -6.74735e-05
49.62 -6.66555e-05
49.63 -6.56119e-05
49.64 -6.43466e-05
49.65 -6.28644e-05
49.66 -6.11709e-05
49.67 -5.92722e-05
49.68 -5.71755e-05
49.69 -5.48882e-05
49.7 -5.24187e-05
49.71 -4.97758e-05
49.72 -4.69691e-05
49.73 -4.40086e-05
49.74 -4.09048e-05
49.75 -3.76688e-05
49.76 -3.4312e-05
49.77 -3.08463e-05
49.78 -2.72839e-05
49.79 -2.36373e-05
49.8 -1.99192e-05
49.81 -1.61426e-05
49.82 -1.23207e-05
49.83 -8.46664e-06
49.84 -4.59375e-06
49.85 -7.15367e-07
49.86 3.15522e-06
49.87 7.0048e-06
49.88 1.08203e-05
49.89 1.45887e-05
49.9 1.82973e-05
49.91 2.19337e-05
49.92 2.54856e-05
49.93 2.89412e-05
49.94 3.2289e-05
49.95 3.55179e-05
49.96 3.86173e-05
49.97 4.15769e-05
49.98 4.4387e-05
49.99 4.70386e-05
50 4.9523e-05
50.01 5.18321e-05
50.02 5.39586e-05
50.03 5.58956e-05
50.04 5.7637e-05
50.05 5.91773e-05
50.06 6.05118e-05
50.07 6.16363e-05
50.08 6.25475e-05
50.09 6.32427e-05
50.1 6.37199e-05
50.11 6.3978e-05
50.12 6.40166e-05
50.13 6.3836e-05
50.14 6.34372e-05
50.15 6.2822e-05
50.16 6.19929e-05
50.17 6.09533e-05
50.18 5.97071e-05
50.19 5.82591e-05
50.2 5.66145e-05
50.21 5.47795e-05
50.22 5.27607e-05
50.23 5.05656e-05
50.24 4.8202e-05
50.25 4.56784e-05
50.26 4.30039e-05
50.27 4.01881e-05
50.28 3.72409e-05
50.29 3.41728e-05
50.3 3.09946e-05
50.31 2.77176e-05
50.32 2.43532e-05
50.33 2.09133e-05
50.34 1.74099e-05
50.35 1.38551e-05
50.36 1.02612e-05
50.37 6.64082e-06
50.38 3.0063e-06
50.39 -6.29855e-07
50.4 -4.25519e-06
50.41 -7.85733e-06
50.42 -1.1424e-05
50.43 -1.49432e-05
50.44 -1.8403e-05
50.45 -2.17918e-05
50.46 -2.50981e-05
50.47 -2.83111e-05
50.48 -3.14199e-05
50.49 -3.44143e-05
50.5 -3.72844e-05
50.51 -4.00208e-05
50.52 -4.26145e-05
50.53 -4.5057e-05
50.54 -4.73404e-05
50.55 -4.94574e-05
50.56 -5.14011e-05
50.57 -5.31654e-05
50.58 -5.47446e-05
50.59 -5.61338e-05
50.6 -5.73287e-05
50.61 -5.83256e-05
50.62 -5.91217e-05
50.63 -5.97145e-05
50.64 -6.01024e-05
50.65 -6.02847e-05
50.66 -6.02611e-05
50.67 -6.00321e-05
50.68 -5.95988e-05
50.69 -5.89633e-05
50.7 -5.81281e-05
50.71 -5.70964e-05
50.72 -5.58722e-05
50.73 -5.44601e-05
50.74 -5.28654e-05
50.75 -5.10938e-05
50.76 -4.91519e-05
50.77 -4.70468e-05
50.78 -4.47859e-05
50.79 -4.23775e-05
50.8 -3.983e-05
50.81 -3.71528e-05
50.82 -3.43551e-05
50.83 -3.1447e-05
50.84 -2.84386e-05
50.85 -2.53407e-05
50.86 -2.2164e-05
50.87 -1.89196e-05
50.88 -1.56189e-05
50.89 -1.22733e-05
50.9 -8.89441e-06
50.91 -5.49393e-06
50.92 -2.08355e-06
50.93 1.32504e-06
50.94 4.72018e-06
50.95 8.09029e-06
50.96 1.14239e-05
50.97 1.47098e-05
50.98 1.79369e-05
50.99 2.10942e-05
51 2.41713e-05
51.01 2.71579e-05
51.02 3.00439e-05
51.03 3.282e-05
51.04 3.54769e-05
51.05 3.80058e-05
51.06 4.03985e-05
51.07 4.26472e-05
51.08 4.47446e-05
51.09 4.66839e-05
51.1 4.84589e-05
51.11 5.0064e-05
51.12 5.14941e-05
51.13 5.27446e-05
51.14 5.38118e-05
51.15 5.46924e-05
51.16 5.53838e-05
51.17 5.58841e-05
51.18 5.6192e-05
51.19 5.63067e-05
51.2 5.62284e-05
51.21 5.59577e-05
51.22 5.54959e-05
51.23 5.48451e-05
51.24 5.40077e-05
51.25 5.29872e-05
51.26 5.17873e-05
51.27 5.04126e-05
51.28 4.88681e-05
51.29 4.71596e-05
51.3 4.52932e-05
51.31 4.32757e-05
51.32 4.11144e-05
51.33 3.8817e-05
51.34 3.63917e-05
51.35 3.38471e-05
51.36 3.11923e-05
51.37 2.84367e-05
51.38 2.559e-05
51.39 2.2662e-05
51.4 1.96633e-05
51.41 1.6604e-05
51.42 1.3495e-05
51.43 1.03471e-05
51.44 7.17101e-06
51.45 3.9778e-06
51.46 7.7843e-07
51.47 -2.41614e-06
51.48 -5.595e-06
51.49 -8.74731e-06
51.5 -1.18624e-05
51.51 -1.49297e-05
51.52 -1.79389e-05
51.53 -2.08799e-05
51.54 -2.37427e-05
51.55 -2.6518e-05
51.56 -2.91964e-05
51.57 -3.17691e-05
51.58 -3.42276e-05
51.59 -3.65638e-05
51.6 -3.877e-05
51.61 -4.08391e-05
51.62 -4.27644e-05
51.63 -4.45396e-05
51.64 -4.6159e-05
51.65 -4.76176e-05
51.66 -4.89107e-05
51.67 -5.00343e-05
51.68 -5.0985e-05
51.69 -5.17598e-05
51.7 -5.23565e-05
51.71 -5.27735e-05
51.72 -5.30098e-05
51.73 -5.30648e-05
51.74 -5.29389e-05
51.75 -5.26328e-05
51.76 -5.21479e-05
51.77 -5.14863e-05
51.78 -5.06507e-05
51.79 -4.96442e-05
51.8 -4.84707e-05
51.81 -4.71345e-05
51.82 -4.56406e-05
51.83 -4.39945e-05
51.84 -4.22021e-05
51.85 -4.02699e-05
51.86 -3.82049e-05
51.87 -3.60145e-05
51.88 -3.37064e-05
51.89 -3.12888e-05
51.9 -2.87705e-05
51.91 -2.61601e-05
51.92 -2.34669e-05
51.93 -2.07003e-05
51.94 -1.78701e-05
51.95 -1.4986e-05
51.96 -1.20581e-05
51.97 -9.09661e-06
51.98 -6.11167e-06
51.99 -3.1136e-06
52 -1.12682e-07
52.01 2.8808e-06
52.02 5.85663e-06
52.03 8.80469e-06
52.04 1.1715e-05
52.05 1.45777e-05
52.06 1.73831e-05
52.07 2.01218e-05
52.08 2.27847e-05
52.09 2.53629e-05
52.1 2.78478e-05
52.11 3.02311e-05
52.12 3.25051e-05
52.13 3.46622e-05
52.14 3.66954e-05
52.15 3.85981e-05
52.16 4.0364e-05
52.17 4.19876e-05
52.18 4.34636e-05
52.19 4.47874e-05
52.2 4.59547e-05
52.21 4.6962e-05
52.22 4.78062e-05
52.23 4.84847e-05
52.24 4.89956e-05
52.25 4.93376e-05
52.26 4.95098e-05
52.27 4.95121e-05
52.28 4.93447e-05
52.29 4.90086e-05
52.3 4.85054e-05
52.31 4.7837e-05
52.32 4.70062e-05
52.33 4.60161e-05
52.34 4.48705e-05
52.35 4.35737e-05
52.36 4.21304e-05
52.37 4.05458e-05
52.38 3.88258e-05
52.39 3.69765e-05
52.4 3.50047e-05
52.41 3.29172e-05
52.42 3.07216e-05
52.43 2.84257e-05
52.44 2.60375e-05
52.45 2.35655e-05
52.46 2.10184e-05
52.47 1.8405e-05
52.48 1.57346e-05
52.49 1.30163e-05
52.5 1.02597e-05
52.51 7.47433e-06
52.52 4.6697e-06
52.53 1.85551e-06
52.54 -9.58583e-07
52.55 -3.76296e-06
52.56 -6.54805e-06
52.57 -9.3044e-06
52.58 -1.20227e-05
52.59 -1.46936e-05
52.6 -1.73084e-05
52.61 -1.9858e-05
52.62 -2.23341e-05
52.63 -2.47284e-05
52.64 -2.70329e-05
52.65 -2.924e-05
52.66 -3.13424e-05
52.67 -3.33332e-05
52.68 -3.5206e-05
52.69 -3.69545e-05
52.7 -3.85732e-05
52.71 -4.00568e-05
52.72 -4.14007e-05
52.73 -4.26005e-05
52.74 -4.36525e-05
52.75 -4.45534e-05
52.76 -4.53006e-05
52.77 -4.58917e-05
52.78 -4.63252e-05
52.79 -4.65999e-05
52.8 -4.67152e-05
52.81 -4.66711e-05
52.82 -4.6468e-05
52.83 -4.6107e-05
52.84 -4.55897e-05
52.85 -4.49182e-05
52.86 -4.40951e-05
52.87 -4.31236e-05
52.88 -4.20073e-05
52.89 -4.07504e-05
52.9 -3.93574e-05
52.91 -3.78335e-05
52.92 -3.61842e-05
52.93 -3.44154e-05
52.94 -3.25334e-05
52.95 -3.0545e-05
52.96 -2.84573e-05
52.97 -2.62776e-05
52.98 -2.40137e-05
52.99 -2.16734e-05
53 -1.9265e-05
53.01 -1.6797e-05
53.02 -1.42779e-05
53.03 -1.17165e-05
53.04 -9.12167e-06
53.05 -6.50239e-06
53.06 -3.86768e-06
53.07 -1.2266e-06
53.08 1.41179e-06
53.09 4.03848e-06
53.1 6.64454e-06
53.11 9.22109e-06
53.12 1.17594e-05
53.13 1.4251e-05
53.14 1.66873e-05
53.15 1.90603e-05
53.16 2.13621e-05
53.17 2.35848e-05
53.18 2.57213e-05
53.19 2.77643e-05
53.2 2.97072e-05
53.21 3.15436e-05
53.22 3.32675e-05
53.23 3.48733e-05
53.24 3.63558e-05
53.25 3.77102e-05
53.26 3.89323e-05
53.27 4.00181e-05
53.28 4.09643e-05
53.29 4.17679e-05
53.3 4.24266e-05
53.31 4.29385e-05
53.32 4.3302e-05
53.33 4.35163e-05
53.34 4.3581e-05
53.35 4.34962e-05
53.36 4.32625e-05
53.37 4.28811e-05
53.38 4.23535e-05
53.39 4.16819e-05
53.4 4.08689e-05
53.41 3.99177e-05
53.42 3.88317e-05
53.43 3.76149e-05
53.44 3.62719e-05
53.45 3.48076e-05
53.46 3.32272e-05
53.47 3.15364e-05
53.48 2.97412e-05
53.49 2.78481e-05
53.5 2.58638e-05
53.51 2.37952e-05
53.52 2.16498e-05
53.53 1.9435e-05
53.54 1.71585e-05
53.55 1.48284e-05
53.56 1.24527e-05
53.57 1.00398e-05
53.58 7.59789e-06
53.59 5.13548e-06
53.6 2.66103e-06
53.61 1.83051e-07
53.62 -2.28999e-06
53.63 -4.74963e-06
53.64 -7.18752e-06
53.65 -9.59537e-06
53.66 -1.1965e-05
53.67 -1.42885e-05
53.68 -1.6558e-05
53.69 -1.87659e-05
53.7 -2.09049e-05
53.71 -2.29677e-05
53.72 -2.49476e-05
53.73 -2.6838e-05
53.74 -2.86326e-05
53.75 -3.03257e-05
53.76 -3.19117e-05
53.77 -3.33853e-05
53.78 -3.4742e-05
53.79 -3.59772e-05
53.8 -3.70872e-05
53.81 -3.80683e-05
53.82 -3.89176e-05
53.83 -3.96325e-05
53.84 -4.02107e-05
53.85 -4.06507e-05
53.86 -4.09513e-05
53.87 -4.11117e-05
53.88 -4.11316e-05
53.89 -4.10115e-05
53.9 -4.07519e-05
53.91 -4.0354e-05
53.92 -3.98196e-05
53.93 -3.91508e-05
53.94 -3.835e-05
53.95 -3.74205e-05
53.96 -3.63656e-05
53.97 -3.51892e-05
53.98 -3.38957e-05
53.99 -3.24897e-05
54 -3.09764e-05
54.01 -2.9361e-05
54.02 -2.76495e-05
54.03 -2.58479e-05
54.04 -2.39626e-05
54.05 -2.20003e-05
54.06 -1.99678e-05
54.07 -1.78723e-05
54.08 -1.57211e-05
54.09 -1.35218e-05
54.1 -1.1282e-05
54.11 -9.00937e-06
54.12 -6.71189e-06
54.13 -4.39745e-06
54.14 -2.07401e-06
54.15 2.50461e-07
54.16 2.56801e-06
54.17 4.87073e-06
54.18 7.15079e-06
54.19 9.40046e-06
54.2 1.16121e-05
54.21 1.37783e-05
54.22 1.58918e-05
54.23 1.79455e-05
54.24 1.99325e-05
54.25 2.18462e-05
54.26 2.36802e-05
54.27 2.54286e-05
54.28 2.70855e-05
54.29 2.86456e-05
54.3 3.01037e-05
54.31 3.14551e-05
54.32 3.26954e-05
54.33 3.38208e-05
54.34 3.48275e-05
54.35 3.57125e-05
54.36 3.64731e-05
54.37 3.71068e-05
54.38 3.76119e-05
54.39 3.79868e-05
54.4 3.82307e-05
54.41 3.83429e-05
54.42 3.83235e-05
54.43 3.81726e-05
54.44 3.78913e-05
54.45 3.74806e-05
54.46 3.69423e-05
54.47 3.62785e-05
54.48 3.54918e-05
54.49 3.45852e-05
54.5 3.35619e-05
54.51 3.24259e-05
54.52 3.11811e-05
54.53 2.98322e-05
54.54 2.8384e-05
54.55 2.68417e-05
54.56 2.52108e-05
54.57 2.34971e-05
54.58 2.17066e-05
54.59 1.98457e-05
54.6 1.79209e-05
54.61 1.5939e-05
54.62 1.39068e-05
54.63 1.18316e-05
54.64 9.72038e-06
54.65 7.58058e-06
54.66 5.41957e-06
54.67 3.24479e-06
54.68 1.06372e-06
54.69 -1.11617e-06
54.7 -3.28743e-06
54.71 -5.44266e-06
54.72 -7.57453e-06
54.73 -9.67582e-06
54.74 -1.17394e-05
54.75 -1.37584e-05
54.76 -1.5726e-05
54.77 -1.76355e-05
54.78 -1.94807e-05
54.79 -2.12554e-05
54.8 -2.29537e-05
54.81 -2.457e-05
54.82 -2.60989e-05
54.83 -2.75356e-05
54.84 -2.88752e-05
54.85 -3.01136e-05
54.86 -3.12465e-05
54.87 -3.22706e-05
54.88 -3.31825e-05
54.89 -3.39793e-05
54.9 -3.46587e-05
54.91 -3.52185e-05
54.92 -3.56572e-05
54.93 -3.59734e-05
54.94 -3.61665e-05
54.95 -3.62359e-05
54.96 -3.61819e-05
54.97 -3.60047e-05
54.98 -3.57054e-05
54.99 -3.52851e-05
