0.01 1.26993e-07
0.02 7.05617e-08
0.03 -2.70433e-08
0.04 -1.47507e-07
0.05 -2.81499e-07
0.06 -4.31099e-07
0.07 -6.03547e-07
0.08 -8.03916e-07
0.09 -1.0321e-06
0.1 -1.28485e-06
0.11 -1.56013e-06
0.12 -1.85742e-06
0.13 -2.17401e-06
0.14 -2.50275e-06
0.15 -2.8328e-06
0.16 -3.15602e-06
0.17 -3.47292e-06
0.18 -3.78931e-06
0.19 -4.10925e-06
0.2 -4.4317e-06
0.21 -4.75133e-06
0.22 -5.06115e-06
0.23 -5.35554e-06
0.24 -5.63205e-06
0.25 -5.89453e-06
0.26 -6.15431e-06
0.27 -6.42089e-06
0.28 -6.69353e-06
0.29 -6.96737e-06
0.3 -7.24098e-06
0.31 -7.51093e-06
0.32 -7.76954e-06
0.33 -8.01482e-06
0.34 -8.25213e-06
0.35 -8.48228e-06
0.36 -8.70137e-06
0.37 -8.91432e-06
0.38 -9.1315e-06
0.39 -9.36018e-06
0.4 -9.60662e-06
0.41 -9.88118e-06
0.42 -1.01879e-05
0.43 -1.05003e-05
0.44 -1.0775e-05
0.45 -1.09917e-05
0.46 -1.11654e-05
0.47 -1.13234e-05
0.48 -1.14775e-05
0.49 -1.16283e-05
0.5 -1.17711e-05
0.51 -1.18771e-05
0.52 -1.19113e-05
0.53 -1.18801e-05
0.54 -1.18344e-05
0.55 -1.18207e-05
0.56 -1.18559e-05
0.57 -1.19325e-05
0.58 -1.2019e-05
0.59 -1.20898e-05
0.6 -1.21338e-05
0.61 -1.21162e-05
0.62 -1.20055e-05
0.63 -1.18191e-05
0.64 -1.15813e-05
0.65 -1.12651e-05
0.66 -1.08383e-05
0.67 -1.03198e-05
0.68 -9.73456e-06
0.69 -9.08698e-06
0.7 -8.40508e-06
0.71 -7.766e-06
0.72 -7.23962e-06
0.73 -6.83454e-06
0.74 -6.51223e-06
0.75 -6.23333e-06
0.76 -5.99027e-06
0.77 -5.78993e-06
0.78 -5.64414e-06
0.79 -5.53932e-06
0.8 -5.41051e-06
0.81 -5.21552e-06
0.82 -4.9511e-06
0.83 -4.60004e-06
0.84 -4.20524e-06
0.85 -3.88813e-06
0.86 -3.68076e-06
0.87 -3.46862e-06
0.88 -3.12806e-06
0.89 -2.61385e-06
0.9 -1.92091e-06
0.91 -1.07072e-06
0.92 -1.4168e-07
0.93 7.91013e-07
0.94 1.75016e-06
0.95 2.7757e-06
0.96 3.823e-06
0.97 4.81266e-06
0.98 5.69563e-06
0.99 6.48877e-06
1 7.2047e-06
1.01 7.77751e-06
1.02 8.16672e-06
1.03 8.39921e-06
1.04 8.50802e-06
1.05 8.61172e-06
1.06 8.9294e-06
1.07 9.55873e-06
1.08 1.03912e-05
1.09 1.13016e-05
1.1 1.22827e-05
1.11 1.33625e-05
1.12 1.44831e-05
1.13 1.55202e-05
1.14 1.63716e-05
1.15 1.70087e-05
1.16 1.74827e-05
1.17 1.78628e-05
1.18 1.81743e-05
1.19 1.84006e-05
1.2 1.85585e-05
1.21 1.87891e-05
1.22 1.92324e-05
1.23 1.98638e-05
1.24 2.06642e-05
1.25 2.17629e-05
1.26 2.32423e-05
1.27 2.50496e-05
1.28 2.70965e-05
1.29 2.91875e-05
1.3 3.1036e-05
1.31 3.25243e-05
1.32 3.37455e-05
1.33 3.4836e-05
1.34 3.58662e-05
1.35 3.67585e-05
1.36 3.73398e-05
1.37 3.74986e-05
1.38 3.72792e-05
1.39 3.68664e-05
1.4 3.64056e-05
1.41 3.58814e-05
1.42 3.52539e-05
1.43 3.45928e-05
1.44 3.40217e-05
1.45 3.36243e-05
1.46 3.34512e-05
1.47 3.34723e-05
1.48 3.3515e-05
1.49 3.34157e-05
1.5 3.31924e-05
1.51 3.30444e-05
1.52 3.31508e-05
1.53 3.34313e-05
1.54 3.36359e-05
1.55 3.36916e-05
1.56 3.37616e-05
1.57 3.39544e-05
1.58 3.42083e-05
1.59 3.44225e-05
1.6 3.44963e-05
1.61 3.43262e-05
1.62 3.39746e-05
1.63 3.36605e-05
1.64 3.35007e-05
1.65 3.3459e-05
1.66 3.33983e-05
1.67 3.30864e-05
1.68 3.2322e-05
1.69 3.1078e-05
1.7 2.94584e-05
1.71 2.76368e-05
1.72 2.57959e-05
1.73 2.40389e-05
1.74 2.25406e-05
1.75 2.15492e-05
1.76 2.1092e-05
1.77 2.10304e-05
1.78 2.12885e-05
1.79 2.18006e-05
1.8 2.23796e-05
1.81 2.28123e-05
1.82 2.30354e-05
1.83 2.30918e-05
1.84 2.30405e-05
1.85 2.28899e-05
1.86 2.25046e-05
1.87 2.16658e-05
1.88 2.02892e-05
1.89 1.85055e-05
1.9 1.64528e-05
1.91 1.41367e-05
1.92 1.15067e-05
1.93 8.58072e-06
1.94 5.58319e-06
1.95 2.88052e-06
1.96 6.63185e-07
1.97 -1.21543e-06
1.98 -3.02368e-06
1.99 -4.85443e-06
2 -6.57542e-06
2.01 -7.97333e-06
2.02 -8.88997e-06
2.03 -9.26961e-06
2.04 -9.16454e-06
2.05 -8.83437e-06
2.06 -8.71095e-06
2.07 -9.01517e-06
2.08 -9.6291e-06
2.09 -1.04187e-05
2.1 -1.1401e-05
2.11 -1.26244e-05
2.12 -1.39892e-05
2.13 -1.5188e-05
2.14 -1.59748e-05
2.15 -1.64028e-05
2.16 -1.66087e-05
2.17 -1.66367e-05
2.18 -1.65353e-05
2.19 -1.63934e-05
2.2 -1.63062e-05
2.21 -1.63953e-05
2.22 -1.68176e-05
2.23 -1.76587e-05
2.24 -1.88177e-05
2.25 -2.0053e-05
2.26 -2.11726e-05
2.27 -2.21735e-05
2.28 -2.32204e-05
2.29 -2.44624e-05
2.3 -2.57871e-05
2.31 -2.6841e-05
2.32 -2.73582e-05
2.33 -2.73125e-05
2.34 -2.67342e-05
2.35 -2.56867e-05
2.36 -2.44353e-05
2.37 -2.33779e-05
2.38 -2.27231e-05
2.39 -2.23195e-05
2.4 -2.18958e-05
2.41 -2.13423e-05
2.42 -2.06642e-05
2.43 -1.98766e-05
2.44 -1.90734e-05
2.45 -1.84765e-05
2.46 -1.83119e-05
2.47 -1.85196e-05
2.48 -1.87254e-05
2.49 -1.87674e-05
2.5 -1.88866e-05
2.51 -1.91356e-05
2.52 -1.91487e-05
2.53 -1.86338e-05
2.54 -1.75935e-05
2.55 -1.61024e-05
2.56 -1.42364e-05
2.57 -1.21652e-05
2.58 -1.01305e-05
2.59 -8.29445e-06
2.6 -6.65629e-06
2.61 -5.23554e-06
2.62 -4.17296e-06
2.63 -3.63365e-06
2.64 -3.78293e-06
2.65 -4.56602e-06
2.66 -5.66296e-06
2.67 -6.83629e-06
2.68 -7.88873e-06
2.69 -8.52575e-06
2.7 -8.60605e-06
2.71 -8.23342e-06
2.72 -7.53256e-06
2.73 -6.63292e-06
2.74 -5.76982e-06
2.75 -5.05668e-06
2.76 -4.43787e-06
2.77 -3.97027e-06
2.78 -3.77564e-06
2.79 -3.93145e-06
2.8 -4.57317e-06
2.81 -5.76075e-06
2.82 -7.39022e-06
2.83 -9.36475e-06
2.84 -1.15178e-05
2.85 -1.3473e-05
2.86 -1.48496e-05
2.87 -1.55511e-05
2.88 -1.57664e-05
2.89 -1.56973e-05
2.9 -1.5442e-05
2.91 -1.51455e-05
2.92 -1.50265e-05
2.93 -1.51971e-05
2.94 -1.55266e-05
2.95 -1.57656e-05
2.96 -1.58131e-05
2.97 -1.5713e-05
2.98 -1.54873e-05
2.99 -1.52497e-05
3 -1.53662e-05
3.01 -1.62193e-05
3.02 -1.78118e-05
3.03 -1.97554e-05
3.04 -2.16279e-05
3.05 -2.32296e-05
3.06 -2.45797e-05
3.07 -2.58105e-05
3.08 -2.70348e-05
3.09 -2.81823e-05
3.1 -2.90157e-05
3.11 -2.94504e-05
3.12 -2.97915e-05
3.13 -3.04498e-05
3.14 -3.14914e-05
3.15 -3.27969e-05
3.16 -3.44544e-05
3.17 -3.66919e-05
3.18 -3.96238e-05
3.19 -4.31343e-05
3.2 -4.69668e-05
3.21 -5.0922e-05
3.22 -5.49053e-05
3.23 -5.88138e-05
3.24 -6.23906e-05
3.25 -6.52833e-05
3.26 -6.72958e-05
3.27 -6.8323e-05
3.28 -6.82704e-05
3.29 -6.73438e-05
3.3 -6.60159e-05
3.31 -6.46564e-05
3.32 -6.33976e-05
3.33 -6.21503e-05
3.34 -6.0654e-05
3.35 -5.87248e-05
3.36 -5.6537e-05
3.37 -5.45089e-05
3.38 -5.29726e-05
3.39 -5.19837e-05
3.4 -5.13574e-05
3.41 -5.09196e-05
3.42 -5.0686e-05
3.43 -5.0719e-05
3.44 -5.07942e-05
3.45 -5.03929e-05
3.46 -4.92264e-05
3.47 -4.75555e-05
3.48 -4.58211e-05
3.49 -4.41668e-05
3.5 -4.2506e-05
3.51 -4.07987e-05
3.52 -3.89799e-05
3.53 -3.69158e-05
3.54 -3.45955e-05
3.55 -3.21636e-05
3.56 -2.97051e-05
3.57 -2.70799e-05
3.58 -2.41164e-05
3.59 -2.0885e-05
3.6 -1.75567e-05
3.61 -1.41392e-05
3.62 -1.06075e-05
3.63 -7.09987e-06
3.64 -3.80478e-06
3.65 -8.78154e-07
3.66 1.57201e-06
3.67 3.52556e-06
3.68 4.98333e-06
3.69 5.96195e-06
3.7 6.51482e-06
3.71 6.63131e-06
3.72 6.29237e-06
3.73 5.57195e-06
3.74 4.54619e-06
3.75 3.36703e-06
3.76 2.37397e-06
3.77 1.89362e-06
3.78 2.05006e-06
3.79 2.75527e-06
3.8 3.8404e-06
3.81 5.27903e-06
3.82 7.17467e-06
3.83 9.58218e-06
3.84 1.24361e-05
3.85 1.55721e-05
3.86 1.87837e-05
3.87 2.18481e-05
3.88 2.46156e-05
3.89 2.70736e-05
3.9 2.92185e-05
3.91 3.10195e-05
3.92 3.24912e-05
3.93 3.36515e-05
3.94 3.45342e-05
3.95 3.51324e-05
3.96 3.52834e-05
3.97 3.49386e-05
3.98 3.43613e-05
3.99 3.3792e-05
4 3.32095e-05
4.01 3.24434e-05
4.02 3.13731e-05
4.03 3.0083e-05
4.04 2.87341e-05
4.05 2.73461e-05
4.06 2.58602e-05
4.07 2.42925e-05
4.08 2.27392e-05
4.09 2.12312e-05
4.1 1.9578e-05
4.11 1.75628e-05
4.12 1.52127e-05
4.13 1.26353e-05
4.14 9.8384e-06
4.15 6.76107e-06
4.16 3.37519e-06
4.17 -1.93612e-07
4.18 -3.76987e-06
4.19 -7.36875e-06
4.2 -1.10662e-05
4.21 -1.47287e-05
4.22 -1.8176e-05
4.23 -2.13305e-05
4.24 -2.40715e-05
4.25 -2.62258e-05
4.26 -2.75766e-05
4.27 -2.78814e-05
4.28 -2.72407e-05
4.29 -2.62664e-05
4.3 -2.55287e-05
4.31 -2.50525e-05
4.32 -2.45331e-05
4.33 -2.36889e-05
4.34 -2.22763e-05
4.35 -2.00638e-05
4.36 -1.69146e-05
4.37 -1.2844e-05
4.38 -8.09133e-06
4.39 -3.08804e-06
4.4 1.81728e-06
4.41 6.45946e-06
4.42 1.08086e-05
4.43 1.48763e-05
4.44 1.84591e-05
4.45 2.12797e-05
4.46 2.33165e-05
4.47 2.46758e-05
4.48 2.5457e-05
4.49 2.58599e-05
4.5 2.60907e-05
4.51 2.60516e-05
4.52 2.53325e-05
4.53 2.36349e-05
4.54 2.11274e-05
4.55 1.8374e-05
4.56 1.59393e-05
4.57 1.40086e-05
4.58 1.24003e-05
4.59 1.08314e-05
4.6 9.05858e-06
4.61 7.00815e-06
4.62 4.89502e-06
4.63 3.13959e-06
4.64 2.14363e-06
4.65 2.06949e-06
4.66 2.86455e-06
4.67 4.54007e-06
4.68 7.19998e-06
4.69 1.07855e-05
4.7 1.50174e-05
4.71 1.96386e-05
4.72 2.46246e-05
4.73 3.01014e-05
4.74 3.60768e-05
4.75 4.22737e-05
4.76 4.83145e-05
4.77 5.39986e-05
4.78 5.92599e-05
4.79 6.40013e-05
4.8 6.80842e-05
4.81 7.13661e-05
4.82 7.37101e-05
4.83 7.50544e-05
4.84 7.547e-05
4.85 7.51485e-05
4.86 7.44635e-05
4.87 7.38637e-05
4.88 7.35111e-05
4.89 7.32808e-05
4.9 7.29967e-05
4.91 7.25274e-05
4.92 7.19072e-05
4.93 7.11799e-05
4.94 7.01174e-05
4.95 6.84426e-05
4.96 6.61505e-05
4.97 6.33554e-05
4.98 6.00369e-05
4.99 5.61729e-05
5 5.19812e-05
5.01 4.77803e-05
5.02 4.37088e-05
5.03 3.97242e-05
5.04 3.57307e-05
5.05 3.16696e-05
5.06 2.76537e-05
5.07 2.39312e-05
5.08 2.05773e-05
5.09 1.735e-05
5.1 1.39993e-05
5.11 1.05689e-05
5.12 7.2478e-06
5.13 4.22893e-06
5.14 1.72872e-06
5.15 -1.67897e-07
5.16 -1.43882e-06
5.17 -1.87929e-06
5.18 -1.38888e-06
5.19 -3.42733e-07
5.2 6.71142e-07
5.21 1.32674e-06
5.22 1.66264e-06
5.23 1.83996e-06
5.24 1.93029e-06
5.25 1.90453e-06
5.26 1.68069e-06
5.27 1.25808e-06
5.28 8.40727e-07
5.29 7.11401e-07
5.3 1.0785e-06
5.31 2.12175e-06
5.32 4.02128e-06
5.33 6.75213e-06
5.34 9.98426e-06
5.35 1.33419e-05
5.36 1.65341e-05
5.37 1.93161e-05
5.38 2.16059e-05
5.39 2.34666e-05
5.4 2.48646e-05
5.41 2.55952e-05
5.42 2.55183e-05
5.43 2.47356e-05
5.44 2.34749e-05
5.45 2.20084e-05
5.46 2.05313e-05
5.47 1.89744e-05
5.48 1.72637e-05
5.49 1.55915e-05
5.5 1.41828e-05
5.51 1.31525e-05
5.52 1.26235e-05
5.53 1.27327e-05
5.54 1.35618e-05
5.55 1.5043e-05
5.56 1.68918e-05
5.57 1.8823e-05
5.58 2.08159e-05
5.59 2.30094e-05
5.6 2.5522e-05
5.61 2.84262e-05
5.62 3.16288e-05
5.63 3.48439e-05
5.64 3.77319e-05
5.65 4.00432e-05
5.66 4.18625e-05
5.67 4.35465e-05
5.68 4.53812e-05
5.69 4.74507e-05
5.7 4.95601e-05
5.71 5.13668e-05
5.72 5.27499e-05
5.73 5.37934e-05
5.74 5.44938e-05
5.75 5.48279e-05
5.76 5.49721e-05
5.77 5.52727e-05
5.78 5.59934e-05
5.79 5.70075e-05
5.8 5.78671e-05
5.81 5.8238e-05
5.82 5.81098e-05
5.83 5.75881e-05
5.84 5.66596e-05
5.85 5.51547e-05
5.86 5.29125e-05
5.87 5.00759e-05
5.88 4.70746e-05
5.89 4.41882e-05
5.9 4.12348e-05
5.91 3.77481e-05
5.92 3.34796e-05
5.93 2.86334e-05
5.94 2.35858e-05
5.95 1.86872e-05
5.96 1.42792e-05
5.97 1.05337e-05
5.98 7.33165e-06
5.99 4.4148e-06
6 1.54256e-06
6.01 -1.47623e-06
6.02 -4.82333e-06
6.03 -8.5557e-06
6.04 -1.23344e-05
6.05 -1.55528e-05
6.06 -1.77513e-05
6.07 -1.87322e-05
6.08 -1.84781e-05
6.09 -1.71115e-05
6.1 -1.49762e-05
6.11 -1.26358e-05
6.12 -1.05436e-05
6.13 -8.79424e-06
6.14 -7.27112e-06
6.15 -5.90464e-06
6.16 -4.68195e-06
6.17 -3.6191e-06
6.18 -2.88619e-06
6.19 -2.71067e-06
6.2 -3.19878e-06
6.21 -4.434e-06
6.22 -6.4144e-06
6.23 -8.76314e-06
6.24 -1.09022e-05
6.25 -1.25078e-05
6.26 -1.35549e-05
6.27 -1.41141e-05
6.28 -1.43105e-05
6.29 -1.44365e-05
6.3 -1.50102e-05
6.31 -1.65536e-05
6.32 -1.92486e-05
6.33 -2.2857e-05
6.34 -2.68468e-05
6.35 -3.06083e-05
6.36 -3.37824e-05
6.37 -3.64824e-05
6.38 -3.92258e-05
6.39 -4.25055e-05
6.4 -4.63203e-05
6.41 -5.02972e-05
6.42 -5.40746e-05
6.43 -5.72478e-05
6.44 -5.92168e-05
6.45 -5.9537e-05
6.46 -5.83689e-05
6.47 -5.64256e-05
6.48 -5.44664e-05
6.49 -5.27384e-05
6.5 -5.09732e-05
6.51 -4.88149e-05
6.52 -4.60512e-05
6.53 -4.26097e-05
6.54 -3.85415e-05
6.55 -3.40329e-05
6.56 -2.93887e-05
6.57 -2.49451e-05
6.58 -2.09811e-05
6.59 -1.77449e-05
6.6 -1.53459e-05
6.61 -1.36068e-05
6.62 -1.23496e-05
6.63 -1.16087e-05
6.64 -1.1472e-05
6.65 -1.2048e-05
6.66 -1.34582e-05
6.67 -1.57131e-05
6.68 -1.86263e-05
6.69 -2.18224e-05
6.7 -2.48981e-05
6.71 -2.74864e-05
6.72 -2.92454e-05
6.73 -3.01143e-05
6.74 -3.04398e-05
6.75 -3.06072e-05
6.76 -3.06632e-05
6.77 -3.0493e-05
6.78 -3.01939e-05
6.79 -2.99419e-05
6.8 -2.97065e-05
6.81 -2.94264e-05
6.82 -2.92018e-05
6.83 -2.91359e-05
6.84 -2.93039e-05
6.85 -2.98471e-05
6.86 -3.0788e-05
6.87 -3.17732e-05
6.88 -3.21425e-05
6.89 -3.13191e-05
6.9 -2.90822e-05
6.91 -2.56071e-05
6.92 -2.14563e-05
6.93 -1.72716e-05
6.94 -1.34222e-05
6.95 -1.00544e-05
6.96 -7.14129e-06
6.97 -4.46332e-06
6.98 -1.89822e-06
6.99 4.31771e-07
7 2.39668e-06
7.01 3.90002e-06
7.02 4.73086e-06
7.03 4.64172e-06
7.04 3.68538e-06
7.05 2.33709e-06
7.06 1.04438e-06
7.07 -1.36066e-07
7.08 -1.3148e-06
7.09 -2.58698e-06
7.1 -4.05595e-06
7.11 -5.69965e-06
7.12 -7.35762e-06
7.13 -8.9648e-06
7.14 -1.06008e-05
7.15 -1.23205e-05
7.16 -1.41002e-05
7.17 -1.59038e-05
7.18 -1.77142e-05
7.19 -1.94772e-05
7.2 -2.11361e-05
7.21 -2.27529e-05
7.22 -2.44416e-05
7.23 -2.6229e-05
7.24 -2.80563e-05
7.25 -2.98452e-05
7.26 -3.1502e-05
7.27 -3.27992e-05
7.28 -3.33055e-05
7.29 -3.26177e-05
7.3 -3.06349e-05
7.31 -2.74456e-05
7.32 -2.31773e-05
7.33 -1.81e-05
7.34 -1.25679e-05
7.35 -6.84792e-06
7.36 -1.15818e-06
7.37 4.25352e-06
7.38 9.26047e-06
7.39 1.39521e-05
7.4 1.835e-05
7.41 2.22532e-05
7.42 2.54634e-05
7.43 2.79016e-05
7.44 2.95708e-05
7.45 3.05743e-05
7.46 3.11627e-05
7.47 3.17034e-05
7.48 3.24478e-05
7.49 3.33053e-05
7.5 3.38812e-05
7.51 3.37037e-05
7.52 3.26141e-05
7.53 3.09558e-05
7.54 2.91405e-05
7.55 2.72252e-05
7.56 2.4985e-05
7.57 2.21639e-05
7.58 1.86876e-05
7.59 1.46531e-05
7.6 1.01722e-05
7.61 5.33413e-06
7.62 1.33109e-07
7.63 -5.58326e-06
7.64 -1.19537e-05
7.65 -1.89699e-05
7.66 -2.64086e-05
7.67 -3.39485e-05
7.68 -4.14864e-05
7.69 -4.91405e-05
7.7 -5.70088e-05
7.71 -6.51005e-05
7.72 -7.33602e-05
7.73 -8.16854e-05
7.74 -8.98976e-05
7.75 -9.7737e-05
7.76 -0.000104964
7.77 -0.000111277
7.78 -0.000116248
7.79 -0.000119619
7.8 -0.000121504
7.81 -0.000122173
7.82 -0.000121806
7.83 -0.000120503
7.84 -0.000118357
7.85 -0.000115291
7.86 -0.000110992
7.87 -0.000105231
7.88 -9.79985e-05
7.89 -8.93292e-05
7.9 -7.93913e-05
7.91 -6.86334e-05
7.92 -5.7519e-05
7.93 -4.61578e-05
7.94 -3.43169e-05
7.95 -2.17517e-05
7.96 -8.43613e-06
7.97 5.32729e-06
7.98 1.88536e-05
7.99 3.13128e-05
8 4.21152e-05
8.01 5.1047e-05
8.02 5.82657e-05
8.03 6.42923e-05
8.04 6.9685e-05
8.05 7.45962e-05
8.06 7.88156e-05
8.07 8.21237e-05
8.08 8.43946e-05
8.09 8.55899e-05
8.1 8.5948e-05
8.11 8.5999e-05
8.12 8.62383e-05
8.13 8.6916e-05
8.14 8.79456e-05
8.15 8.88279e-05
8.16 8.89986e-05
8.17 8.83055e-05
8.18 8.69339e-05
8.19 8.50979e-05
8.2 8.29912e-05
8.21 8.08402e-05
8.22 7.87886e-05
8.23 7.66234e-05
8.24 7.38071e-05
8.25 6.99862e-05
8.26 6.52786e-05
8.27 6.00691e-05
8.28 5.48433e-05
8.29 5.017e-05
8.3 4.65185e-05
8.31 4.4164e-05
8.32 4.32845e-05
8.33 4.39002e-05
8.34 4.58995e-05
8.35 4.92317e-05
8.36 5.39537e-05
8.37 6.01509e-05
8.38 6.78027e-05
8.39 7.65496e-05
8.4 8.55848e-05
8.41 9.38742e-05
8.42 0.000100395
8.43 0.000104329
8.44 0.000105294
8.45 0.000103309
8.46 9.84955e-05
8.47 9.09259e-05
8.48 8.08157e-05
8.49 6.87752e-05
8.5 5.55993e-05
8.51 4.17014e-05
8.52 2.70757e-05
8.53 1.20791e-05
8.54 -2.19571e-06
8.55 -1.45534e-05
8.56 -2.43285e-05
8.57 -3.14067e-05
8.58 -3.59791e-05
8.59 -3.83776e-05
8.6 -3.90482e-05
8.61 -3.85465e-05
8.62 -3.73557e-05
8.63 -3.56831e-05
8.64 -3.36124e-05
8.65 -3.12865e-05
8.66 -2.87302e-05
8.67 -2.58353e-05
8.68 -2.28032e-05
8.69 -2.04111e-05
8.7 -1.97065e-05
8.71 -2.15786e-05
8.72 -2.64672e-05
8.73 -3.42103e-05
8.74 -4.4354e-05
8.75 -5.66552e-05
8.76 -7.09804e-05
8.77 -8.6925e-05
8.78 -0.000103904
8.79 -0.000121365
8.8 -0.000138773
8.81 -0.00015559
8.82 -0.000171381
8.83 -0.000185889
8.84 -0.000198796
8.85 -0.000209574
8.86 -0.000217728
8.87 -0.000222932
8.88 -0.000224837
8.89 -0.000223094
8.9 -0.000217675
8.91 -0.000209045
8.92 -0.000197927
8.93 -0.000184979
8.94 -0.000170803
8.95 -0.000155981
8.96 -0.000140986
8.97 -0.000126288
8.98 -0.000112543
8.99 -0.000100485
9 -9.0556e-05
9.01 -8.28139e-05
9.02 -7.73153e-05
9.03 -7.44234e-05
9.04 -7.44529e-05
9.05 -7.70397e-05
9.06 -8.10487e-05
9.07 -8.49491e-05
9.08 -8.70956e-05
9.09 -8.6092e-05
9.1 -8.13801e-05
9.11 -7.33472e-05
9.12 -6.26838e-05
9.13 -4.97498e-05
9.14 -3.46389e-05
9.15 -1.74919e-05
9.16 1.56292e-06
9.17 2.24018e-05
9.18 4.46911e-05
9.19 6.78472e-05
9.2 9.10794e-05
9.21 0.000113557
9.22 0.00013473
9.23 0.000154452
9.24 0.00017294
9.25 0.000190773
9.26 0.000208649
9.27 0.000226975
9.28 0.000245767
9.29 0.000264864
9.3 0.000284028
9.31 0.000302749
9.32 0.000320204
9.33 0.000335641
9.34 0.000348683
9.35 0.000359301
9.36 0.000367586
9.37 0.000373469
9.38 0.000376756
9.39 0.000377351
9.4 0.000375324
9.41 0.000370816
9.42 0.000363924
9.43 0.000354455
9.44 0.000341795
9.45 0.000325331
9.46 0.000304739
9.47 0.000279797
9.48 0.000250406
9.49 0.000216794
9.5 0.000179264
9.51 0.00013776
9.52 9.20162e-05
9.53 4.20199e-05
9.54 -1.19786e-05
9.55 -6.95044e-05
9.56 -0.000129625
9.57 -0.000190834
9.58 -0.000251155
9.59 -0.000308413
9.6 -0.000360758
9.61 -0.000407113
9.62 -0.000447182
9.63 -0.000481191
9.64 -0.000509581
9.65 -0.000532639
9.66 -0.000550327
9.67 -0.000562414
9.68 -0.000568652
9.69 -0.000568952
9.7 -0.000563811
9.71 -0.000554793
9.72 -0.000544462
9.73 -0.000535361
9.74 -0.000528664
9.75 -0.000523931
9.76 -0.000519984
9.77 -0.000515656
9.78 -0.000510083
9.79 -0.000502849
9.8 -0.000494054
9.81 -0.000484352
9.82 -0.000474753
9.83 -0.00046595
9.84 -0.00045771
9.85 -0.000448836
9.86 -0.000437377
9.87 -0.000421104
9.88 -0.000398541
9.89 -0.000369637
9.9 -0.000335316
9.91 -0.000296733
9.92 -0.00025479
9.93 -0.000209756
9.94 -0.000161365
9.95 -0.000109357
9.96 -5.37438e-05
9.97 5.05328e-06
9.98 6.59469e-05
9.99 0.000127078
10 0.000186044
10.01 0.000240594
10.02 0.000289401
10.03 0.000332145
10.04 0.000369142
10.05 0.000401086
10.06 0.000428804
10.07 0.000452838
10.08 0.000473121
10.09 0.000489247
10.1 0.000501053
10.11 0.000508924
10.12 0.000513825
10.13 0.00051727
10.14 0.000521151
10.15 0.000527231
10.16 0.000536491
10.17 0.000548857
10.18 0.000563442
10.19 0.000578989
10.2 0.000594217
10.21 0.000608155
10.22 0.000620198
10.23 0.000629619
10.24 0.000635268
10.25 0.000636235
10.26 0.000632579
10.27 0.000624908
10.28 0.000613457
10.29 0.000597904
10.3 0.000577986
10.31 0.000554133
10.32 0.000527461
10.33 0.00049928
10.34 0.000470528
10.35 0.000441567
10.36 0.000412333
10.37 0.000382418
10.38 0.00035111
10.39 0.000317492
10.4 0.000280486
10.41 0.000239202
10.42 0.000193449
10.43 0.000143707
10.44 9.08307e-05
10.45 3.58146e-05
10.46 -2.03169e-05
10.47 -7.62143e-05
10.48 -0.000130158
10.49 -0.000180716
10.5 -0.00022719
10.51 -0.0002692
10.52 -0.000306034
10.53 -0.000336704
10.54 -0.00036044
10.55 -0.000376836
10.56 -0.000385849
10.57 -0.000387709
10.58 -0.000382588
10.59 -0.000370681
10.6 -0.000352492
10.61 -0.000328672
10.62 -0.000299898
10.63 -0.000266869
10.64 -0.000230118
10.65 -0.000190057
10.66 -0.000147397
10.67 -0.000103289
10.68 -5.91077e-05
10.69 -1.63743e-05
10.7 2.30543e-05
10.71 5.71714e-05
10.72 8.44374e-05
10.73 0.000103932
10.74 0.000115064
10.75 0.000117389
10.76 0.000110591
10.77 9.45736e-05
10.78 6.92142e-05
10.79 3.40091e-05
10.8 -1.15624e-05
10.81 -6.73463e-05
10.82 -0.000132418
10.83 -0.000205493
10.84 -0.000285014
10.85 -0.000368718
10.86 -0.000453696
10.87 -0.000537031
10.88 -0.000616036
10.89 -0.000688408
10.9 -0.000752639
10.91 -0.000808112
10.92 -0.000855058
10.93 -0.000894635
10.94 -0.000928394
10.95 -0.000957137
10.96 -0.000980183
10.97 -0.0009953
10.98 -0.000999232
10.99 -0.000989133
11 -0.000964214
11.01 -0.000926172
11.02 -0.000878443
11.03 -0.000825192
11.04 -0.000770454
11.05 -0.000717376
11.06 -0.000667369
11.07 -0.000619355
11.08 -0.000569745
11.09 -0.000513644
11.1 -0.000447038
11.11 -0.000368568
11.12 -0.000279836
11.13 -0.000184604
11.14 -8.71973e-05
11.15 9.38758e-06
11.16 0.000104362
11.17 0.000198537
11.18 0.000293053
11.19 0.000388271
11.2 0.000483115
11.21 0.000575044
11.22 0.0006605
11.23 0.000736051
11.24 0.00080045
11.25 0.000855641
11.26 0.000905257
11.27 0.000951867
11.28 0.000994996
11.29 0.00103061
11.3 0.00105266
11.31 0.00105654
11.32 0.00104226
11.33 0.00101518
11.34 0.000983665
11.35 0.000954918
11.36 0.000931165
11.37 0.000908496
11.38 0.000878944
11.39 0.0008347
11.4 0.000772054
11.41 0.000692852
11.42 0.000603079
11.43 0.000510092
11.44 0.000420178
11.45 0.000337175
11.46 0.000262103
11.47 0.000193694
11.48 0.000129929
11.49 6.96436e-05
11.5 1.33385e-05
11.51 -3.64449e-05
11.52 -7.54637e-05
11.53 -9.94057e-05
11.54 -0.000106014
11.55 -9.62749e-05
11.56 -7.37829e-05
11.57 -4.29108e-05
11.58 -7.49548e-06
11.59 2.96726e-05
11.6 6.72158e-05
11.61 0.000104902
11.62 0.000142475
11.63 0.000178494
11.64 0.00021005
11.65 0.000233497
11.66 0.000245714
11.67 0.000245073
11.68 0.00023152
11.69 0.000206409
11.7 0.000172417
11.71 0.000132718
11.72 8.97709e-05
11.73 4.47963e-05
11.74 -2.0825e-06
11.75 -5.12734e-05
11.76 -0.000102685
11.77 -0.000154787
11.78 -0.000204614
11.79 -0.000248613
11.8 -0.000283644
11.81 -0.000307953
11.82 -0.000321872
11.83 -0.000327663
11.84 -0.000328567
11.85 -0.000327571
11.86 -0.000326416
11.87 -0.000325438
11.88 -0.000324065
11.89 -0.000321429
11.9 -0.000316961
11.91 -0.000310635
11.92 -0.000302764
11.93 -0.000293758
11.94 -0.000284029
11.95 -0.000273803
11.96 -0.000262782
11.97 -0.000250184
11.98 -0.000235411
11.99 -0.00021866
12 -0.000200932
12.01 -0.000183692
12.02 -0.000168345
12.03 -0.000155859
12.04 -0.000146793
12.05 -0.000141432
12.06 -0.000139899
12.07 -0.000142254
12.08 -0.000148426
12.09 -0.000158163
12.1 -0.000171044
12.11 -0.000186371
12.12 -0.000202948
12.13 -0.000218912
12.14 -0.000232367
12.15 -0.000242333
12.16 -0.000248667
12.17 -0.000251397
12.18 -0.000250449
12.19 -0.000245609
12.2 -0.000236567
12.21 -0.000223089
12.22 -0.000205284
12.23 -0.000183681
12.24 -0.000158957
12.25 -0.000131693
12.26 -0.000102428
12.27 -7.16797e-05
12.28 -3.97839e-05
12.29 -6.93676e-06
12.3 2.64883e-05
12.31 5.99651e-05
12.32 9.30521e-05
12.33 0.000125125
12.34 0.000155051
12.35 0.00018147
12.36 0.000203284
12.37 0.000219922
12.38 0.00023136
12.39 0.000237905
12.4 0.000240103
12.41 0.000238614
12.42 0.000233926
12.43 0.000226346
12.44 0.000216349
12.45 0.000204958
12.46 0.000193743
12.47 0.00018426
12.48 0.00017744
12.49 0.000173649
12.5 0.000173207
12.51 0.000176593
12.52 0.000184099
12.53 0.000195427
12.54 0.00020975
12.55 0.000226132
12.56 0.000243923
12.57 0.000262852
12.58 0.00028283
12.59 0.000303611
12.6 0.000324555
12.61 0.000344859
12.62 0.000363866
12.63 0.000381074
12.64 0.000395986
12.65 0.00040788
12.66 0.000415886
12.67 0.00041946
12.68 0.000418557
12.69 0.000413344
12.7 0.000403633
12.71 0.000388513
12.72 0.000366835
12.73 0.000338033
12.74 0.000302372
12.75 0.000260473
12.76 0.000212691
12.77 0.000159078
12.78 9.99277e-05
12.79 3.60864e-05
12.8 -3.11727e-05
12.81 -0.000100061
12.82 -0.000168029
12.83 -0.00023208
12.84 -0.000289603
12.85 -0.000338803
12.86 -0.000378643
12.87 -0.000408792
12.88 -0.000429509
12.89 -0.000441563
12.9 -0.000446322
12.91 -0.000445653
12.92 -0.000441669
12.93 -0.000436188
12.94 -0.00042991
12.95 -0.000422443
12.96 -0.000413434
12.97 -0.000403453
12.98 -0.00039398
12.99 -0.00038683
13 -0.000383444
13.01 -0.000384356
13.02 -0.000388973
13.03 -0.000395792
13.04 -0.000403014
13.05 -0.000409055
13.06 -0.000412684
13.07 -0.000413275
13.08 -0.000411098
13.09 -0.000407216
13.1 -0.000403023
13.11 -0.000399615
13.12 -0.000397321
13.13 -0.000395599
13.14 -0.000393523
13.15 -0.000390592
13.16 -0.000386972
13.17 -0.000383255
13.18 -0.00038038
13.19 -0.000379422
13.2 -0.000380999
13.21 -0.000384799
13.22 -0.000389623
13.23 -0.000393929
13.24 -0.000396533
13.25 -0.00039686
13.26 -0.000394621
13.27 -0.000389561
13.28 -0.000381696
13.29 -0.00037127
13.3 -0.000357973
13.31 -0.000340445
13.32 -0.000316791
13.33 -0.000285522
13.34 -0.000245978
13.35 -0.000198121
13.36 -0.000142231
13.37 -7.87362e-05
13.38 -7.94965e-06
13.39 7.01629e-05
13.4 0.00015573
13.41 0.000248481
13.42 0.000347376
13.43 0.000450277
13.44 0.00055382
13.45 0.00065365
13.46 0.000745489
13.47 0.000826638
13.48 0.000896604
13.49 0.000956771
13.5 0.00100915
13.51 0.00105463
13.52 0.00109207
13.53 0.0011187
13.54 0.00113167
13.55 0.00113021
13.56 0.00111663
13.57 0.00109557
13.58 0.00107173
13.59 0.00104768
13.6 0.00102291
13.61 0.000994308
13.62 0.000957884
13.63 0.000910803
13.64 0.000852389
13.65 0.000784266
13.66 0.000709833
13.67 0.000633078
13.68 0.000557429
13.69 0.000484874
13.7 0.000415505
13.71 0.00034806
13.72 0.000281172
13.73 0.000214482
13.74 0.000149216
13.75 8.7891e-05
13.76 3.32155e-05
13.77 -1.29954e-05
13.78 -5.05615e-05
13.79 -8.10438e-05
13.8 -0.000106787
13.81 -0.000129784
13.82 -0.00015133
13.83 -0.000172093
13.84 -0.000192152
13.85 -0.000211192
13.86 -0.000229006
13.87 -0.000245823
13.88 -0.000262281
13.89 -0.000279404
13.9 -0.000298246
13.91 -0.000319131
13.92 -0.000341396
13.93 -0.000363797
13.94 -0.000385159
13.95 -0.000405018
13.96 -0.000423981
13.97 -0.000443464
13.98 -0.00046477
13.99 -0.000488119
14 -0.000512389
14.01 -0.000535596
14.02 -0.000555676
14.03 -0.000571157
14.04 -0.000581507
14.05 -0.000587344
14.06 -0.000590378
14.07 -0.000592604
14.08 -0.000595269
14.09 -0.000598641
14.1 -0.000602365
14.11 -0.00060565
14.12 -0.000607547
14.13 -0.000607566
14.14 -0.000605929
14.15 -0.000603087
14.16 -0.000599136
14.17 -0.000593613
14.18 -0.000585501
14.19 -0.000573386
14.2 -0.000555934
14.21 -0.000532508
14.22 -0.000503278
14.23 -0.000468842
14.24 -0.000430015
14.25 -0.000387704
14.26 -0.000342616
14.27 -0.000295015
14.28 -0.000244617
14.29 -0.000190973
14.3 -0.000134318
14.31 -7.58187e-05
14.32 -1.699e-05
14.33 4.083e-05
14.34 9.64578e-05
14.35 0.000148749
14.36 0.000196725
14.37 0.000239633
14.38 0.000276864
14.39 0.000307962
14.4 0.000332741
14.41 0.00035132
14.42 0.000364033
14.43 0.000371225
14.44 0.000373046
14.45 0.000369554
14.46 0.00036106
14.47 0.000348145
14.48 0.000331432
14.49 0.000311714
14.5 0.000290314
14.51 0.000269414
14.52 0.000252132
14.53 0.000241596
14.54 0.000239781
14.55 0.000247592
14.56 0.000265017
14.57 0.000291134
14.58 0.000325295
14.59 0.000367906
14.6 0.000419639
14.61 0.000479799
14.62 0.000545223
14.63 0.000611528
14.64 0.000674667
14.65 0.00073067
14.66 0.000775742
14.67 0.000807422
14.68 0.000825529
14.69 0.000832217
14.7 0.000830914
14.71 0.000824888
14.72 0.000816089
14.73 0.000804643
14.74 0.000789453
14.75 0.000769413
14.76 0.000744118
14.77 0.000713861
14.78 0.000679489
14.79 0.000642312
14.8 0.00060367
14.81 0.000564247
14.82 0.000523773
14.83 0.000481368
14.84 0.000436079
14.85 0.000387314
14.86 0.000335203
14.87 0.00028057
14.88 0.000224483
14.89 0.000167876
14.9 0.000111491
14.91 5.57815e-05
14.92 6.84132e-07
14.93 -5.4304e-05
14.94 -0.000109581
14.95 -0.000165126
14.96 -0.00022063
14.97 -0.000275825
14.98 -0.000330723
14.99 -0.00038547
15 -0.000440166
15.01 -0.000494718
15.02 -0.000548482
15.03 -0.000600195
15.04 -0.000648417
15.05 -0.000691917
15.06 -0.000729746
15.07 -0.000761086
15.08 -0.000785089
15.09 -0.000801308
15.1 -0.000810259
15.11 -0.000813179
15.12 -0.000811123
15.13 -0.000804198
15.14 -0.000791507
15.15 -0.000771861
15.16 -0.000745186
15.17 -0.000714046
15.18 -0.000682704
15.19 -0.000653916
15.2 -0.000627945
15.21 -0.000604455
15.22 -0.000583852
15.23 -0.000567007
15.24 -0.000554532
15.25 -0.000546508
15.26 -0.000542434
15.27 -0.000541164
15.28 -0.000541034
15.29 -0.000540176
15.3 -0.000536706
15.31 -0.000528823
15.32 -0.000515225
15.33 -0.000495466
15.34 -0.00046976
15.35 -0.000438536
15.36 -0.000401959
15.37 -0.000359698
15.38 -0.000311058
15.39 -0.000255409
15.4 -0.000192797
15.41 -0.00012432
15.42 -5.18071e-05
15.43 2.28404e-05
15.44 9.81436e-05
15.45 0.000173248
15.46 0.000247671
15.47 0.000320614
15.48 0.000390655
15.49 0.00045608
15.5 0.000515159
15.51 0.000566412
15.52 0.000609218
15.53 0.000644311
15.54 0.000673418
15.55 0.000698133
15.56 0.000719173
15.57 0.000736496
15.58 0.000749726
15.59 0.000758751
15.6 0.000764232
15.61 0.000767291
15.62 0.000768666
15.63 0.000768275
15.64 0.000765108
15.65 0.000757447
15.66 0.000743587
15.67 0.000722577
15.68 0.000694539
15.69 0.000660381
15.7 0.000620977
15.71 0.000576711
15.72 0.000527682
15.73 0.000473632
15.74 0.00041372
15.75 0.000347051
15.76 0.000273336
15.77 0.000193107
15.78 0.000107854
15.79 2.00467e-05
15.8 -6.72159e-05
15.81 -0.000150604
15.82 -0.000226961
15.83 -0.00029381
15.84 -0.000349593
15.85 -0.000393627
15.86 -0.000425957
15.87 -0.000447122
15.88 -0.000458104
15.89 -0.000460266
15.9 -0.00045494
15.91 -0.000442979
15.92 -0.000424649
15.93 -0.0003999
15.94 -0.000368982
15.95 -0.000332979
15.96 -0.000294018
15.97 -0.000255143
15.98 -0.000219702
15.99 -0.00019055
16 -0.000169476
16.01 -0.000156904
16.02 -0.000151877
16.03 -0.00015252
16.04 -0.000157139
16.05 -0.00016537
16.06 -0.0001782
16.07 -0.000196883
16.08 -0.000222129
16.09 -0.000253866
16.1 -0.000291164
16.11 -0.000332372
16.12 -0.000375339
16.13 -0.000417702
16.14 -0.000457389
16.15 -0.000493057
16.16 -0.000524183
16.17 -0.000550831
16.18 -0.00057329
16.19 -0.000591574
16.2 -0.000605139
16.21 -0.000613204
16.22 -0.000615387
16.23 -0.000611952
16.24 -0.000603696
16.25 -0.000591862
16.26 -0.000578001
16.27 -0.000563532
16.28 -0.000549094
16.29 -0.000534391
16.3 -0.000518765
16.31 -0.000501774
16.32 -0.000483595
16.33 -0.000464979
16.34 -0.000446597
16.35 -0.000428566
16.36 -0.000410266
16.37 -0.000390174
16.38 -0.000366394
16.39 -0.000337781
16.4 -0.000304283
16.41 -0.000266347
16.42 -0.00022449
16.43 -0.000179404
16.44 -0.000132146
16.45 -8.39127e-05
16.46 -3.56769e-05
16.47 1.18227e-05
16.48 5.77764e-05
16.49 0.00010106
16.5 0.00014026
16.51 0.000173959
16.52 0.000201119
16.53 0.000221309
16.54 0.000234797
16.55 0.000242583
16.56 0.000246183
16.57 0.000247338
16.58 0.000247784
16.59 0.000248909
16.6 0.000251523
16.61 0.000256031
16.62 0.000262697
16.63 0.000271793
16.64 0.000283755
16.65 0.000299251
16.66 0.000318856
16.67 0.00034254
16.68 0.000369595
16.69 0.000398821
16.7 0.00042865
16.71 0.000457476
16.72 0.000484199
16.73 0.00050857
16.74 0.000531155
16.75 0.000552816
16.76 0.000574054
16.77 0.000594853
16.78 0.000614961
16.79 0.000634069
16.8 0.000651772
16.81 0.000667623
16.82 0.000681288
16.83 0.000692581
16.84 0.00070137
16.85 0.000707555
16.86 0.000711153
16.87 0.000712301
16.88 0.000711146
16.89 0.000707962
16.9 0.000703199
16.91 0.000697188
16.92 0.000690054
16.93 0.000681882
16.94 0.000672724
16.95 0.000662608
16.96 0.000651627
16.97 0.000639839
16.98 0.000627056
16.99 0.000612801
17 0.000596267
17.01 0.0005763
17.02 0.000551928
17.03 0.000523087
17.04 0.000490371
17.05 0.000454139
17.06 0.000414349
17.07 0.000371224
17.08 0.000325854
17.09 0.000280002
17.1 0.000235241
17.11 0.000192543
17.12 0.000152505
17.13 0.000115416
17.14 8.14051e-05
17.15 5.07739e-05
17.16 2.38552e-05
17.17 3.75538e-07
17.18 -2.07461e-05
17.19 -4.06915e-05
17.2 -6.01834e-05
17.21 -7.98218e-05
17.22 -0.00010051
17.23 -0.000123302
17.24 -0.000149099
17.25 -0.000178373
17.26 -0.000210846
17.27 -0.000245653
17.28 -0.000281903
17.29 -0.000319027
17.3 -0.000356793
17.31 -0.000395157
17.32 -0.000434098
17.33 -0.000473359
17.34 -0.000512269
17.35 -0.000550084
17.36 -0.000586406
17.37 -0.000620954
17.38 -0.000653234
17.39 -0.000682784
17.4 -0.000709522
17.41 -0.000733754
17.42 -0.000755914
17.43 -0.000776132
17.44 -0.000793934
17.45 -0.000808418
17.46 -0.000818701
17.47 -0.000824227
17.48 -0.000824891
17.49 -0.000820988
17.5 -0.000813101
17.51 -0.000802034
17.52 -0.000788483
17.53 -0.000772744
17.54 -0.000754841
17.55 -0.000734815
17.56 -0.000712839
17.57 -0.000689203
17.58 -0.000664274
17.59 -0.000638551
17.6 -0.000612565
17.61 -0.000586643
17.62 -0.000560856
17.63 -0.000534992
17.64 -0.000508519
17.65 -0.000480783
17.66 -0.000451433
17.67 -0.000420694
17.68 -0.000389242
17.69 -0.000357884
17.7 -0.000327409
17.71 -0.000298474
17.72 -0.000271394
17.73 -0.00024617
17.74 -0.000222855
17.75 -0.000201674
17.76 -0.000182924
17.77 -0.000167077
17.78 -0.000154705
17.79 -0.000146131
17.8 -0.000141062
17.81 -0.000138458
17.82 -0.000136896
17.83 -0.000134987
17.84 -0.000131593
17.85 -0.000126091
17.86 -0.000118261
17.87 -0.000107859
17.88 -9.4672e-05
17.89 -7.86693e-05
17.9 -5.98e-05
17.91 -3.79814e-05
17.92 -1.32722e-05
17.93 1.42736e-05
17.94 4.47605e-05
17.95 7.8162e-05
17.96 0.000114074
17.97 0.000151885
17.98 0.00019105
17.99 0.000231091
18 0.00027138
18.01 0.000311073
18.02 0.00034915
18.03 0.000384471
18.04 0.000415998
18.05 0.000442943
18.06 0.000464731
18.07 0.000481135
18.08 0.000492354
18.09 0.00049874
18.1 0.000500616
18.11 0.000498325
18.12 0.000492145
18.13 0.000482216
18.14 0.00046866
18.15 0.000451617
18.16 0.000431236
18.17 0.000407792
18.18 0.000381707
18.19 0.000353466
18.2 0.00032354
18.21 0.00029232
18.22 0.000260178
18.23 0.000227583
18.24 0.000194892
18.25 0.000162345
18.26 0.000130402
18.27 9.9742e-05
18.28 7.10953e-05
18.29 4.50706e-05
18.3 2.20558e-05
18.31 2.50028e-06
18.32 -1.29088e-05
18.33 -2.34792e-05
18.34 -2.87469e-05
18.35 -2.85447e-05
18.36 -2.2903e-05
18.37 -1.18258e-05
18.38 4.69852e-06
18.39 2.64939e-05
18.4 5.32858e-05
18.41 8.48577e-05
18.42 0.000120874
18.43 0.0001607
18.44 0.000203283
18.45 0.000247011
18.46 0.000289975
18.47 0.000330376
18.48 0.000366451
18.49 0.000396439
18.5 0.000419188
18.51 0.000434766
18.52 0.000444234
18.53 0.000448768
18.54 0.000449076
18.55 0.000445463
18.56 0.000438077
18.57 0.000427001
18.58 0.000412232
18.59 0.000393717
18.6 0.000371498
18.61 0.000345874
18.62 0.000317487
18.63 0.000287291
18.64 0.000256291
18.65 0.000225356
18.66 0.000195365
18.67 0.00016722
18.68 0.000141597
18.69 0.000118805
18.7 9.86789e-05
18.71 8.05327e-05
18.72 6.35175e-05
18.73 4.70362e-05
18.74 3.07885e-05
18.75 1.48797e-05
18.76 -1.12819e-07
18.77 -1.35929e-05
18.78 -2.54597e-05
18.79 -3.60035e-05
18.8 -4.54451e-05
18.81 -5.39497e-05
18.82 -6.18909e-05
18.83 -6.96457e-05
18.84 -7.72046e-05
18.85 -8.41022e-05
18.86 -8.97703e-05
18.87 -9.39787e-05
18.88 -9.67818e-05
18.89 -9.82209e-05
18.9 -9.83599e-05
18.91 -9.73225e-05
18.92 -9.51318e-05
18.93 -9.17256e-05
18.94 -8.70642e-05
18.95 -8.11834e-05
18.96 -7.43372e-05
18.97 -6.69189e-05
18.98 -5.9122e-05
18.99 -5.09642e-05
19 -4.24424e-05
19.01 -3.33711e-05
19.02 -2.33318e-05
19.03 -1.19287e-05
19.04 1.00307e-06
19.05 1.53309e-05
19.06 3.06032e-05
19.07 4.61252e-05
19.08 6.11589e-05
19.09 7.51873e-05
19.1 8.80276e-05
19.11 9.97191e-05
19.12 0.000110354
19.13 0.000119985
19.14 0.000128554
19.15 0.000135711
19.16 0.000140803
19.17 0.000143183
19.18 0.000142295
19.19 0.000137652
19.2 0.000129132
19.21 0.000117039
19.22 0.000101746
19.23 8.34567e-05
19.24 6.22595e-05
19.25 3.82028e-05
19.26 1.11757e-05
19.27 -1.92917e-05
19.28 -5.37631e-05
19.29 -9.23825e-05
19.3 -0.000134907
19.31 -0.000180935
19.32 -0.000229868
19.33 -0.000280718
19.34 -0.000332002
19.35 -0.000382109
19.36 -0.000429839
19.37 -0.000474581
19.38 -0.000516284
19.39 -0.000555165
19.4 -0.000591287
19.41 -0.000624538
19.42 -0.000654903
19.43 -0.000682415
19.44 -0.000706847
19.45 -0.000727834
19.46 -0.000745329
19.47 -0.000759796
19.48 -0.000772462
19.49 -0.000785437
19.5 -0.000800938
19.51 -0.000820109
19.52 -0.000842515
19.53 -0.000866361
19.54 -0.000889043
19.55 -0.000907851
19.56 -0.000920797
19.57 -0.000927372
19.58 -0.000928451
19.59 -0.000925456
19.6 -0.000919563
19.61 -0.000911099
19.62 -0.000899402
19.63 -0.00088318
19.64 -0.000860885
19.65 -0.000831285
19.66 -0.000793923
19.67 -0.000749077
19.68 -0.000697539
19.69 -0.000640361
19.7 -0.000578539
19.71 -0.000512682
19.72 -0.000442796
19.73 -0.000368654
19.74 -0.000290391
19.75 -0.000208479
19.76 -0.000123515
19.77 -3.6504e-05
19.78 5.09834e-05
19.79 0.000137119
19.8 0.00022016
19.81 0.000298908
19.82 0.000373115
19.83 0.000443178
19.84 0.00050967
19.85 0.000573438
19.86 0.000635546
19.87 0.000696918
19.88 0.000758178
19.89 0.000819346
19.9 0.000879343
19.91 0.000936033
19.92 0.000987006
19.93 0.00103077
19.94 0.00106792
19.95 0.00110139
19.96 0.0011354
19.97 0.00117311
19.98 0.00121444
19.99 0.00125577
20 0.00129158
20.01 0.00131696
20.02 0.0013299
20.03 0.00133184
20.04 0.00132654
20.05 0.00131828
20.06 0.00131038
20.07 0.00130411
20.08 0.00129846
20.09 0.00129081
20.1 0.00127825
20.11 0.00125888
20.12 0.00123264
20.13 0.00120123
20.14 0.00116733
20.15 0.0011337
20.16 0.00110225
20.17 0.00107325
20.18 0.00104538
20.19 0.00101657
20.2 0.000985126
20.21 0.00095027
20.22 0.000912115
20.23 0.000871193
20.24 0.000828017
20.25 0.000783013
20.26 0.000736316
20.27 0.000687394
20.28 0.000635175
20.29 0.000578675
20.3 0.000517499
20.31 0.000451922
20.32 0.000382619
20.33 0.000310388
20.34 0.000236171
20.35 0.000160974
20.36 8.54867e-05
20.37 1.01198e-05
20.38 -6.45988e-05
20.39 -0.000137829
20.4 -0.000208527
20.41 -0.000275634
20.42 -0.000338177
20.43 -0.000395599
20.44 -0.000448098
20.45 -0.000496498
20.46 -0.00054212
20.47 -0.000586775
20.48 -0.000632238
20.49 -0.000679508
20.5 -0.000728541
20.51 -0.000778317
20.52 -0.000827223
20.53 -0.000874034
20.54 -0.000918712
20.55 -0.000962139
20.56 -0.00100535
20.57 -0.0010487
20.58 -0.00109103
20.59 -0.00112938
20.6 -0.00116001
20.61 -0.00117986
20.62 -0.00118762
20.63 -0.00118408
20.64 -0.00117159
20.65 -0.00115294
20.66 -0.00113027
20.67 -0.00110452
20.68 -0.0010753
20.69 -0.00104146
20.7 -0.00100202
20.71 -0.000956758
20.72 -0.000906228
20.73 -0.000851534
20.74 -0.000794143
20.75 -0.000735557
20.76 -0.00067676
20.77 -0.000617983
20.78 -0.00055901
20.79 -0.000499662
20.8 -0.000440021
20.81 -0.000380451
20.82 -0.000321797
20.83 -0.000265457
20.84 -0.000212924
20.85 -0.000165234
20.86 -0.000122862
20.87 -8.59652e-05
20.88 -5.46169e-05
20.89 -2.87602e-05
20.9 -8.26676e-06
20.91 6.81732e-06
20.92 1.63333e-05
20.93 2.02764e-05
20.94 1.89028e-05
20.95 1.27864e-05
20.96 2.73362e-06
20.97 -1.03865e-05
20.98 -2.57049e-05
20.99 -4.24116e-05
21 -5.97324e-05
21.01 -7.68293e-05
21.02 -9.29047e-05
21.03 -0.000107345
21.04 -0.000119411
21.05 -0.000127962
21.06 -0.000131814
21.07 -0.000130121
21.08 -0.000122346
21.09 -0.000108266
21.1 -8.80756e-05
21.11 -6.22395e-05
21.12 -3.12326e-05
21.13 4.71663e-06
21.14 4.56868e-05
21.15 9.17602e-05
21.16 0.000142862
21.17 0.000198689
21.18 0.000258537
21.19 0.000321216
21.2 0.000384978
21.21 0.000447684
21.22 0.000507315
21.23 0.000562451
21.24 0.000612487
21.25 0.000657556
21.26 0.000698237
21.27 0.000735287
21.28 0.000769334
21.29 0.000800568
21.3 0.000828799
21.31 0.000853499
21.32 0.00087368
21.33 0.000888236
21.34 0.000896525
21.35 0.000898527
21.36 0.000894702
21.37 0.000885947
21.38 0.00087332
21.39 0.000857499
21.4 0.000838702
21.41 0.000816991
21.42 0.000792346
21.43 0.00076445
21.44 0.000732463
21.45 0.000695104
21.46 0.000651008
21.47 0.000599194
21.48 0.000539502
21.49 0.000472675
21.5 0.000399918
21.51 0.000322384
21.52 0.000241009
21.53 0.000156575
21.54 6.98072e-05
21.55 -1.84961e-05
21.56 -0.000107131
21.57 -0.000194391
21.58 -0.000278515
21.59 -0.000357914
21.6 -0.000431125
21.61 -0.000496982
21.62 -0.000554981
21.63 -0.000605666
21.64 -0.000650483
21.65 -0.00069104
21.66 -0.000728403
21.67 -0.000762685
21.68 -0.000792706
21.69 -0.000816182
21.7 -0.000831037
21.71 -0.000836924
21.72 -0.000835982
21.73 -0.000832538
21.74 -0.000831313
21.75 -0.000834811
21.76 -0.000841851
21.77 -0.000848063
21.78 -0.000847879
21.79 -0.00083718
21.8 -0.000814979
21.81 -0.000783248
21.82 -0.00074571
21.83 -0.000706377
21.84 -0.000667996
21.85 -0.000630921
21.86 -0.000593167
21.87 -0.000551552
21.88 -0.000503222
21.89 -0.000446794
21.9 -0.00038272
21.91 -0.000313016
21.92 -0.000240515
21.93 -0.000167784
21.94 -9.63107e-05
21.95 -2.63303e-05
21.96 4.27958e-05
21.97 0.000111756
21.98 0.00018038
21.99 0.000247354
22 0.000310597
22.01 0.000367914
22.02 0.00041782
22.03 0.000460171
22.04 0.000496034
22.05 0.000527078
22.06 0.000554901
22.07 0.000580341
22.08 0.000603031
22.09 0.000621454
22.1 0.00063349
22.11 0.00063747
22.12 0.000633494
22.13 0.000623953
22.14 0.000612762
22.15 0.000603936
22.16 0.000599957
22.17 0.000600612
22.18 0.000603149
22.19 0.00060367
22.2 0.000598927
22.21 0.000587726
22.22 0.000571287
22.23 0.000552368
22.24 0.000533852
22.25 0.000517719
22.26 0.000504478
22.27 0.000492987
22.28 0.000480989
22.29 0.000466241
22.3 0.000447581
22.31 0.000425436
22.32 0.000401669
22.33 0.000378822
22.34 0.000359068
22.35 0.000343476
22.36 0.000331895
22.37 0.000323211
22.38 0.000315927
22.39 0.000308861
22.4 0.000301562
22.41 0.000294325
22.42 0.000287925
22.43 0.000283235
22.44 0.000280758
22.45 0.000280172
22.46 0.000280307
22.47 0.000279687
22.48 0.000277112
22.49 0.000271981
22.5 0.000264283
22.51 0.000254434
22.52 0.000243139
22.53 0.000231069
22.54 0.000218523
22.55 0.000205357
22.56 0.000191085
22.57 0.000175171
22.58 0.000157409
22.59 0.000138089
22.6 0.000117802
22.61 9.72246e-05
22.62 7.70101e-05
22.63 5.74861e-05
22.64 3.84589e-05
22.65 1.9449e-05
22.66 -9.50629e-08
22.67 -2.06459e-05
22.68 -4.2422e-05
22.69 -6.53756e-05
22.7 -8.92469e-05
22.71 -0.000113754
22.72 -0.000138852
22.73 -0.000164745
22.74 -0.000191685
22.75 -0.000219836
22.76 -0.000249359
22.77 -0.000280433
22.78 -0.000312972
22.79 -0.000346529
22.8 -0.000380625
22.81 -0.000414858
22.82 -0.000448683
22.83 -0.000481485
22.84 -0.000512784
22.85 -0.000542173
22.86 -0.000569257
22.87 -0.000593717
22.88 -0.000615269
22.89 -0.000633617
22.9 -0.000648538
22.91 -0.000659992
22.92 -0.000668126
22.93 -0.000673135
22.94 -0.000675155
22.95 -0.00067433
22.96 -0.000670932
22.97 -0.000665201
22.98 -0.000657063
22.99 -0.000646215
23 -0.000632518
23.01 -0.000616095
23.02 -0.0005972
23.03 -0.000576315
23.04 -0.000554191
23.05 -0.000531655
23.06 -0.000509485
23.07 -0.000488381
23.08 -0.000468886
23.09 -0.000451279
23.1 -0.000435708
23.11 -0.000422524
23.12 -0.000412206
23.13 -0.000404951
23.14 -0.000400613
23.15 -0.000398865
23.16 -0.000399224
23.17 -0.000401008
23.18 -0.000403399
23.19 -0.000405542
23.2 -0.000406758
23.21 -0.000406588
23.22 -0.000404543
23.23 -0.000400072
23.24 -0.000392673
23.25 -0.000381858
23.26 -0.000367321
23.27 -0.000349134
23.28 -0.000327619
23.29 -0.000303303
23.3 -0.000276858
23.31 -0.00024886
23.32 -0.000219739
23.33 -0.000189876
23.34 -0.000159534
23.35 -0.000128823
23.36 -9.7949e-05
23.37 -6.7346e-05
23.38 -3.74948e-05
23.39 -8.7804e-06
23.4 1.84815e-05
23.41 4.40479e-05
23.42 6.77935e-05
23.43 8.97043e-05
23.44 0.000109812
23.45 0.000128069
23.46 0.000144279
23.47 0.000158327
23.48 0.00017038
23.49 0.000180614
23.5 0.000189013
23.51 0.000195547
23.52 0.000200331
23.53 0.000203574
23.54 0.000205453
23.55 0.000206012
23.56 0.000205052
23.57 0.000202097
23.58 0.000196619
23.59 0.000188497
23.6 0.000178043
23.61 0.000165479
23.62 0.000150818
23.63 0.000134196
23.64 0.000115902
23.65 9.62325e-05
23.66 7.55272e-05
23.67 5.42179e-05
23.68 3.2632e-05
23.69 1.09722e-05
23.7 -1.04492e-05
23.71 -3.11986e-05
23.72 -5.0902e-05
23.73 -6.92553e-05
23.74 -8.59087e-05
23.75 -0.000100528
23.76 -0.000112923
23.77 -0.000122947
23.78 -0.000130497
23.79 -0.000135696
23.8 -0.000138829
23.81 -0.000140155
23.82 -0.000139989
23.83 -0.000138776
23.84 -0.000136892
23.85 -0.000134551
23.86 -0.000132023
23.87 -0.000129762
23.88 -0.000128249
23.89 -0.000127785
23.9 -0.000128542
23.91 -0.00013057
23.92 -0.000133675
23.93 -0.000137538
23.94 -0.000141806
23.95 -0.000145973
23.96 -0.000149463
23.97 -0.000151826
23.98 -0.000152785
23.99 -0.000152187
24 -0.000149875
24.01 -0.000145543
24.02 -0.000138693
24.03 -0.000128864
24.04 -0.000115833
24.05 -9.95385e-05
24.06 -7.99655e-05
24.07 -5.71395e-05
24.08 -3.13272e-05
24.09 -3.07049e-06
24.1 2.71515e-05
24.11 5.91664e-05
24.12 9.28928e-05
24.13 0.000128035
24.14 0.000164162
24.15 0.000200854
24.16 0.000237752
24.17 0.000274656
24.18 0.00031138
24.19 0.00034755
24.2 0.000382777
24.21 0.000416864
24.22 0.000449738
24.23 0.000481365
24.24 0.000511666
24.25 0.000540506
24.26 0.000567855
24.27 0.000593844
24.28 0.00061863
24.29 0.000642185
24.3 0.000664201
24.31 0.000684293
24.32 0.000702193
24.33 0.00071771
24.34 0.000730846
24.35 0.000741982
24.36 0.000751546
24.37 0.000759388
24.38 0.000764797
24.39 0.000767213
24.4 0.000766599
24.41 0.000763115
24.42 0.000756886
24.43 0.00074809
24.44 0.000736913
24.45 0.000723378
24.46 0.000707286
24.47 0.000688225
24.48 0.000665724
24.49 0.000639404
24.5 0.000608998
24.51 0.000574373
24.52 0.000535542
24.53 0.000492624
24.54 0.000445825
24.55 0.000395352
24.56 0.000341254
24.57 0.000283468
24.58 0.000222012
24.59 0.000157122
24.6 8.93665e-05
24.61 1.96017e-05
24.62 -5.12236e-05
24.63 -0.000122025
24.64 -0.000191482
24.65 -0.000258217
24.66 -0.000321042
24.67 -0.000379121
24.68 -0.000432114
24.69 -0.00048014
24.7 -0.000523578
24.71 -0.000562785
24.72 -0.000598031
24.73 -0.000629639
24.74 -0.000657868
24.75 -0.00068277
24.76 -0.000704431
24.77 -0.000723286
24.78 -0.000740238
24.79 -0.000756556
24.8 -0.000773422
24.81 -0.000791209
24.82 -0.000808985
24.83 -0.000824712
24.84 -0.000836158
24.85 -0.000841754
24.86 -0.000840904
24.87 -0.000833892
24.88 -0.000821574
24.89 -0.000804914
24.9 -0.000784377
24.91 -0.000759618
24.92 -0.000729746
24.93 -0.000693632
24.94 -0.000650211
24.95 -0.000599013
24.96 -0.000540333
24.97 -0.000475022
24.98 -0.000404208
24.99 -0.000328968
25 -0.000250326
25.01 -0.000169318
25.02 -8.68446e-05
25.03 -3.78434e-06
25.04 7.86554e-05
25.05 0.000158805
25.06 0.000234578
25.07 0.00030382
25.08 0.00036496
25.09 0.000417322
25.1 0.000461069
25.11 0.00049702
25.12 0.000526421
25.13 0.000550559
25.14 0.000570241
25.15 0.000585565
25.16 0.000595839
25.17 0.00059966
25.18 0.000595614
25.19 0.00058334
25.2 0.000564296
25.21 0.000541583
25.22 0.000518752
25.23 0.000498251
25.24 0.000480187
25.25 0.000462381
25.26 0.000441894
25.27 0.000416452
25.28 0.000385056
25.29 0.000348466
25.3 0.000309135
25.31 0.000270201
25.32 0.000234134
25.33 0.000201738
25.34 0.000172054
25.35 0.000143196
25.36 0.000113282
25.37 8.11821e-05
25.38 4.71599e-05
25.39 1.27797e-05
25.4 -1.98294e-05
25.41 -4.86721e-05
25.42 -7.24477e-05
25.43 -9.09402e-05
25.44 -0.000104966
25.45 -0.000115817
25.46 -0.000124657
25.47 -0.000132134
25.48 -0.000138061
25.49 -0.000141558
25.5 -0.000141786
25.51 -0.00013853
25.52 -0.00013221
25.53 -0.000123594
25.54 -0.000113659
25.55 -0.00010361
25.56 -9.46609e-05
25.57 -8.76311e-05
25.58 -8.27849e-05
25.59 -7.98643e-05
25.6 -7.81871e-05
25.61 -7.69947e-05
25.62 -7.58178e-05
25.63 -7.46074e-05
25.64 -7.37099e-05
25.65 -7.37211e-05
25.66 -7.52483e-05
25.67 -7.87608e-05
25.68 -8.46102e-05
25.69 -9.29402e-05
25.7 -0.000103518
25.71 -0.000115878
25.72 -0.000129581
25.73 -0.000144285
25.74 -0.000159801
25.75 -0.000176069
25.76 -0.000192887
25.77 -0.00020968
25.78 -0.000225682
25.79 -0.0002402
25.8 -0.000252604
25.81 -0.000262315
25.82 -0.000268916
25.83 -0.000272228
25.84 -0.00027233
25.85 -0.000269328
25.86 -0.000262988
25.87 -0.000252713
25.88 -0.000237932
25.89 -0.00021859
25.9 -0.000195155
25.91 -0.000168166
25.92 -0.000138014
25.93 -0.00010501
25.94 -6.94051e-05
25.95 -3.13259e-05
25.96 9.10558e-06
25.97 5.14552e-05
25.98 9.49551e-05
25.99 0.000138871
26 0.000182654
26.01 0.000225771
26.02 0.000267556
26.03 0.000307261
26.04 0.000344397
26.05 0.000378958
26.06 0.000411279
26.07 0.000441759
26.08 0.000470603
26.09 0.000497782
26.1 0.000523237
26.11 0.000546974
26.12 0.000568825
26.13 0.00058829
26.14 0.000604825
26.15 0.000618124
26.16 0.00062798
26.17 0.000634189
26.18 0.000636814
26.19 0.000636299
26.2 0.00063323
26.21 0.000628189
26.22 0.000621775
26.23 0.000614423
26.24 0.000606108
26.25 0.000596254
26.26 0.000583747
26.27 0.000567163
26.28 0.000545376
26.29 0.000518044
26.3 0.000485522
26.31 0.000448505
26.32 0.000407872
26.33 0.000364479
26.34 0.000318795
26.35 0.000270745
26.36 0.000219918
26.37 0.000165977
26.38 0.000108966
26.39 4.93958e-05
26.4 -1.17751e-05
26.41 -7.33025e-05
26.42 -0.000133952
26.43 -0.000192761
26.44 -0.000249115
26.45 -0.000302649
26.46 -0.000353238
26.47 -0.000401022
26.48 -0.000446239
26.49 -0.000489102
26.5 -0.000529926
26.51 -0.000569149
26.52 -0.000607062
26.53 -0.000643562
26.54 -0.0006783
26.55 -0.000711092
26.56 -0.000742185
26.57 -0.000772399
26.58 -0.000803157
26.59 -0.000835942
26.6 -0.000871371
26.61 -0.000908713
26.62 -0.00094598
26.63 -0.000980484
26.64 -0.00100971
26.65 -0.00103205
26.66 -0.0010473
26.67 -0.00105647
26.68 -0.00106118
26.69 -0.00106277
26.7 -0.00106171
26.71 -0.00105746
26.72 -0.00104897
26.73 -0.00103514
26.74 -0.00101538
26.75 -0.000989815
26.76 -0.000959214
26.77 -0.000924845
26.78 -0.000888161
26.79 -0.000850137
26.8 -0.000810889
26.81 -0.000769796
26.82 -0.000725889
26.83 -0.000678321
26.84 -0.000626679
26.85 -0.000571096
26.86 -0.000512196
26.87 -0.000450771
26.88 -0.000387292
26.89 -0.00032188
26.9 -0.000254573
26.91 -0.000185354
26.92 -0.000114159
26.93 -4.11059e-05
26.94 3.32383e-05
26.95 0.000107841
26.96 0.000181579
26.97 0.000253644
26.98 0.000323555
26.99 0.000391137
27 0.000456684
27.01 0.00052082
27.02 0.000584071
27.03 0.000646741
27.04 0.000709078
27.05 0.000771048
27.06 0.000831944
27.07 0.000890462
27.08 0.000945159
27.09 0.00099507
27.1 0.00104036
27.11 0.00108259
27.12 0.00112408
27.13 0.00116657
27.14 0.0012099
27.15 0.0012515
27.16 0.00128722
27.17 0.00131333
27.18 0.00132823
27.19 0.00133286
27.2 0.00133002
27.21 0.0013229
27.22 0.00131368
27.23 0.00130287
27.24 0.00128969
27.25 0.00127267
27.26 0.00125005
27.27 0.00122027
27.28 0.00118281
27.29 0.00113833
27.3 0.00108819
27.31 0.00103369
27.32 0.000975726
27.33 0.000914111
27.34 0.000847587
27.35 0.000774583
27.36 0.00069394
27.37 0.000605179
27.38 0.00050849
27.39 0.000404658
27.4 0.000294933
27.41 0.000180714
27.42 6.34234e-05
27.43 -5.51922e-05
27.44 -0.000172857
27.45 -0.000286844
27.46 -0.000394084
27.47 -0.000491486
27.48 -0.000576727
27.49 -0.000649153
27.5 -0.000710235
27.51 -0.000763167
27.52 -0.000811895
27.53 -0.000860168
27.54 -0.000910328
27.55 -0.000961931
27.56 -0.00101124
27.57 -0.00105257
27.58 -0.00108156
27.59 -0.0010986
27.6 -0.00110974
27.61 -0.00112338
27.62 -0.00114525
27.63 -0.00117516
27.64 -0.00120707
27.65 -0.00123195
27.66 -0.00124206
27.67 -0.0012345
27.68 -0.00121194
27.69 -0.00118059
27.7 -0.00114737
27.71 -0.00111742
27.72 -0.00109255
27.73 -0.00107089
27.74 -0.00104794
27.75 -0.00101862
27.76 -0.00097927
27.77 -0.000929034
27.78 -0.000870435
27.79 -0.000808106
27.8 -0.000746596
27.81 -0.000688753
27.82 -0.000634741
27.83 -0.000582172
27.84 -0.000527605
27.85 -0.000468305
27.86 -0.000403352
27.87 -0.000333812
27.88 -0.000262119
27.89 -0.000191169
27.9 -0.000123413
27.91 -6.00197e-05
27.92 -6.46481e-07
27.93 5.57804e-05
27.94 0.000110174
27.95 0.000162982
27.96 0.000213955
27.97 0.000262028
27.98 0.000305851
27.99 0.000344605
28 0.000378492
28.01 0.000408711
28.02 0.000437098
28.03 0.00046564
28.04 0.000495799
28.05 0.000527871
28.06 0.000560845
28.07 0.000592977
28.08 0.000622801
28.09 0.000649923
28.1 0.00067548
28.11 0.000701858
28.12 0.000731362
28.13 0.000765097
28.14 0.000802605
28.15 0.000841686
28.16 0.00087889
28.17 0.000910992
28.18 0.00093621
28.19 0.000954415
28.2 0.000966748
28.21 0.000974746
28.22 0.000979438
28.23 0.000981025
28.24 0.000978885
28.25 0.000971794
28.26 0.000958587
28.27 0.000938819
28.28 0.000913001
28.29 0.000882471
28.3 0.000848915
28.31 0.000813783
28.32 0.000777931
28.33 0.000741564
28.34 0.000704384
28.35 0.000665759
28.36 0.000625123
28.37 0.000582401
28.38 0.000538024
28.39 0.000492851
28.4 0.00044804
28.41 0.000404639
28.42 0.000363208
28.43 0.000323709
28.44 0.000285597
28.45 0.000248177
28.46 0.000211077
28.47 0.000174336
28.48 0.00013819
28.49 0.000102782
28.5 6.79e-05
28.51 3.30767e-05
28.52 -2.02912e-06
28.53 -3.75721e-05
28.54 -7.37957e-05
28.55 -0.000111067
28.56 -0.0001496
28.57 -0.000189341
28.58 -0.000230023
28.59 -0.000271158
28.6 -0.00031217
28.61 -0.000352692
28.62 -0.000392511
28.63 -0.000431297
28.64 -0.000468602
28.65 -0.000504024
28.66 -0.000537239
28.67 -0.000567886
28.68 -0.000595524
28.69 -0.00061968
28.7 -0.000639857
28.71 -0.000655619
28.72 -0.000666622
28.73 -0.000672517
28.74 -0.000673057
28.75 -0.000668363
28.76 -0.000658847
28.77 -0.000644922
28.78 -0.000626873
28.79 -0.000604872
28.8 -0.000579135
28.81 -0.000550034
28.82 -0.000517906
28.83 -0.000482903
28.84 -0.000445145
28.85 -0.000404904
28.86 -0.000362591
28.87 -0.000318646
28.88 -0.000273456
28.89 -0.000227427
28.9 -0.000181078
28.91 -0.000134895
28.92 -8.9316e-05
28.93 -4.48501e-05
28.94 -1.88884e-06
28.95 3.95161e-05
28.96 7.93938e-05
28.97 0.000117466
28.98 0.000153283
28.99 0.000186698
29 0.000217968
29.01 0.000247367
29.02 0.000274925
29.03 0.000300521
29.04 0.000324109
29.05 0.000345879
29.06 0.000366322
29.07 0.000385982
29.08 0.000405139
29.09 0.000424009
29.1 0.000443104
29.11 0.000463066
29.12 0.000484369
29.13 0.00050727
29.14 0.000531686
29.15 0.00055706
29.16 0.000582499
29.17 0.000607058
29.18 0.000630043
29.19 0.000651011
29.2 0.000669683
29.21 0.000686097
29.22 0.000700536
29.23 0.00071306
29.24 0.000723341
29.25 0.000730977
29.26 0.000735742
29.27 0.000737523
29.28 0.000736085
29.29 0.000731132
29.3 0.00072269
29.31 0.000711156
29.32 0.000696945
29.33 0.000680239
29.34 0.000661083
29.35 0.000639481
29.36 0.000615181
29.37 0.000587809
29.38 0.000557303
29.39 0.000523812
29.4 0.000487473
29.41 0.000448563
29.42 0.000407375
29.43 0.000363864
29.44 0.000317827
29.45 0.000269287
29.46 0.000218479
29.47 0.000165765
29.48 0.000111586
29.49 5.65227e-05
29.5 1.40403e-06
29.51 -5.285e-05
29.52 -0.000105473
29.53 -0.000155903
29.54 -0.000203747
29.55 -0.000248701
29.56 -0.000290423
29.57 -0.000328679
29.58 -0.00036364
29.59 -0.000395751
29.6 -0.000425402
29.61 -0.000452873
29.62 -0.000478516
29.63 -0.000502879
29.64 -0.000526524
29.65 -0.000549741
29.66 -0.000572602
29.67 -0.000595237
29.68 -0.00061807
29.69 -0.00064167
29.7 -0.000666187
29.71 -0.000691021
29.72 -0.000715094
29.73 -0.000737368
29.74 -0.000756993
29.75 -0.00077323
29.76 -0.000785652
29.77 -0.000794278
29.78 -0.000799441
29.79 -0.00080152
29.8 -0.000800612
29.81 -0.000796507
29.82 -0.000788949
29.83 -0.000777762
29.84 -0.000762875
29.85 -0.000744473
29.86 -0.000723054
29.87 -0.0006992
29.88 -0.000673304
29.89 -0.000645611
29.9 -0.000616356
29.91 -0.000585675
29.92 -0.000553525
29.93 -0.00051986
29.94 -0.000484777
29.95 -0.000448569
29.96 -0.000411753
29.97 -0.000374912
29.98 -0.000338469
29.99 -0.000302755
30 -0.000268142
30.01 -0.000234827
30.02 -0.000202753
30.03 -0.000171916
30.04 -0.000142545
30.05 -0.000115078
30.06 -9.00717e-05
30.07 -6.78925e-05
30.08 -4.84708e-05
30.09 -3.15066e-05
30.1 -1.67709e-05
30.11 -4.14312e-06
30.12 6.47854e-06
30.13 1.52112e-05
30.14 2.21703e-05
30.15 2.75003e-05
30.16 3.13565e-05
30.17 3.3808e-05
30.18 3.49743e-05
30.19 3.52271e-05
30.2 3.51216e-05
30.21 3.52461e-05
30.22 3.60016e-05
30.23 3.73771e-05
30.24 3.91845e-05
30.25 4.14439e-05
30.26 4.42292e-05
30.27 4.73997e-05
30.28 5.0803e-05
30.29 5.44786e-05
30.3 5.84574e-05
30.31 6.26136e-05
30.32 6.68248e-05
30.33 7.10619e-05
30.34 7.51983e-05
30.35 7.89769e-05
30.36 8.22877e-05
30.37 8.51087e-05
30.38 8.72324e-05
30.39 8.84309e-05
30.4 8.86615e-05
30.41 8.79419e-05
30.42 8.62066e-05
30.43 8.31898e-05
30.44 7.84155e-05
30.45 7.15717e-05
30.46 6.27765e-05
30.47 5.2276e-05
30.48 4.01211e-05
30.49 2.62306e-05
30.5 1.06663e-05
30.51 -6.2177e-06
30.52 -2.39476e-05
30.53 -4.20631e-05
30.54 -6.00792e-05
30.55 -7.7612e-05
30.56 -9.44009e-05
30.57 -0.000110047
30.58 -0.000124046
30.59 -0.000136111
30.6 -0.000146194
30.61 -0.000154267
30.62 -0.00016024
30.63 -0.000164016
30.64 -0.000165592
30.65 -0.000165085
30.66 -0.000162565
30.67 -0.000158058
30.68 -0.000151625
30.69 -0.000143257
30.7 -0.000133071
30.71 -0.000121441
30.72 -0.000108523
30.73 -9.41743e-05
30.74 -7.83937e-05
30.75 -6.12935e-05
30.76 -4.28849e-05
30.77 -2.31725e-05
30.78 -2.16105e-06
30.79 2.02006e-05
30.8 4.3942e-05
30.81 6.90701e-05
30.82 9.5593e-05
30.83 0.000123417
30.84 0.000152408
30.85 0.000182517
30.86 0.000213678
30.87 0.000245738
30.88 0.0002785
30.89 0.000311613
30.9 0.000344425
30.91 0.00037622
30.92 0.000406586
30.93 0.000435394
30.94 0.000462529
30.95 0.000487716
30.96 0.000510607
30.97 0.000531012
30.98 0.000548981
30.99 0.00056465
31 0.000578129
31.01 0.000589545
31.02 0.000599115
31.03 0.000607132
31.04 0.000613829
31.05 0.000619149
31.06 0.000622749
31.07 0.000624328
31.08 0.000623658
31.09 0.000620308
31.1 0.000613777
31.11 0.000603802
31.12 0.000590418
31.13 0.000573761
31.14 0.000553748
31.15 0.000530116
31.16 0.00050277
31.17 0.000471805
31.18 0.000437243
31.19 0.000399059
31.2 0.000357362
31.21 0.000312431
31.22 0.000264675
31.23 0.000214608
31.24 0.000162764
31.25 0.0001095
31.26 5.52136e-05
31.27 6.1437e-07
31.28 -5.35044e-05
31.29 -0.000106493
31.3 -0.00015788
31.31 -0.000207379
31.32 -0.000254755
31.33 -0.000299734
31.34 -0.000342053
31.35 -0.000381695
31.36 -0.000419028
31.37 -0.000454496
31.38 -0.000488313
31.39 -0.000520572
31.4 -0.00055134
31.41 -0.000580667
31.42 -0.000608659
31.43 -0.000635523
31.44 -0.000661652
31.45 -0.000687571
31.46 -0.000713642
31.47 -0.000739869
31.48 -0.000765799
31.49 -0.000790508
31.5 -0.000812854
31.51 -0.000831746
31.52 -0.000846514
31.53 -0.000857211
31.54 -0.000864421
31.55 -0.000868863
31.56 -0.000871091
31.57 -0.00087129
31.58 -0.000869241
31.59 -0.000864401
31.6 -0.00085619
31.61 -0.000844386
31.62 -0.000829256
31.63 -0.00081134
31.64 -0.000791185
31.65 -0.000769134
31.66 -0.000745155
31.67 -0.000719008
31.68 -0.000690475
31.69 -0.000659282
31.7 -0.000625243
31.71 -0.000588538
31.72 -0.000549563
31.73 -0.000508667
31.74 -0.000466054
31.75 -0.000421814
31.76 -0.000376087
31.77 -0.000329062
31.78 -0.000280835
31.79 -0.000231528
31.8 -0.000181524
31.81 -0.000131483
31.82 -8.20115e-05
31.83 -3.34807e-05
31.84 1.36871e-05
31.85 5.90094e-05
31.86 0.00010229
31.87 0.000143579
31.88 0.000182878
31.89 0.00022006
31.9 0.000254898
31.91 0.000287162
31.92 0.000316771
31.93 0.000343945
31.94 0.000369195
31.95 0.000393009
31.96 0.00041554
31.97 0.000436642
31.98 0.000456152
31.99 0.00047427
32 0.000491606
32.01 0.000508704
32.02 0.000525725
32.03 0.000542533
32.04 0.000558787
32.05 0.000573941
32.06 0.000587295
32.07 0.000598154
32.08 0.000606041
32.09 0.000610851
32.1 0.000612822
32.11 0.000612314
32.12 0.00060949
32.13 0.000604289
32.14 0.00059665
32.15 0.000586467
32.16 0.000573437
32.17 0.000557322
32.18 0.00053832
32.19 0.000516911
32.2 0.000493509
32.21 0.000468336
32.22 0.000441451
32.23 0.000412969
32.24 0.000383153
32.25 0.000352149
32.26 0.00031989
32.27 0.000286426
32.28 0.00025214
32.29 0.000217433
32.3 0.000182476
32.31 0.000147372
32.32 0.00011232
32.33 7.75502e-05
32.34 4.31882e-05
32.35 9.25065e-06
32.36 -2.428e-05
32.37 -5.73349e-05
32.38 -8.96766e-05
32.39 -0.000120952
32.4 -0.000150802
32.41 -0.00017902
32.42 -0.000205578
32.43 -0.000230462
32.44 -0.000253612
32.45 -0.00027496
32.46 -0.000294481
32.47 -0.00031226
32.48 -0.000328359
32.49 -0.0003426
32.5 -0.000354709
32.51 -0.000364594
32.52 -0.000372286
32.53 -0.000377735
32.54 -0.000380785
32.55 -0.000381201
32.56 -0.000378725
32.57 -0.000373093
32.58 -0.000364013
32.59 -0.000351345
32.6 -0.000335212
32.61 -0.00031585
32.62 -0.000293516
32.63 -0.000268483
32.64 -0.000241099
32.65 -0.00021177
32.66 -0.000180837
32.67 -0.000148603
32.68 -0.000115417
32.69 -8.16746e-05
32.7 -4.78184e-05
32.71 -1.43536e-05
32.72 1.82006e-05
32.73 4.95319e-05
32.74 7.96709e-05
32.75 0.000108868
32.76 0.000137292
32.77 0.000164843
32.78 0.000191347
32.79 0.000216832
32.8 0.000241553
32.81 0.000265748
32.82 0.000289404
32.83 0.000312411
32.84 0.000334842
32.85 0.000356864
32.86 0.000378516
32.87 0.000399763
32.88 0.000420591
32.89 0.000440912
32.9 0.000460532
32.91 0.000479167
32.92 0.000496442
32.93 0.00051191
32.94 0.000525067
32.95 0.000535418
32.96 0.00054271
32.97 0.000546937
32.98 0.000548101
32.99 0.00054621
33 0.000541373
33.01 0.000533698
33.02 0.000523197
33.03 0.000509838
33.04 0.000493675
33.05 0.00047493
33.06 0.000453878
33.07 0.000430672
33.08 0.000405429
33.09 0.000378368
33.1 0.000349715
33.11 0.000319669
33.12 0.000288455
33.13 0.000256201
33.14 0.000222943
33.15 0.000188872
33.16 0.000154369
33.17 0.000119786
33.18 8.53715e-05
33.19 5.13316e-05
33.2 1.78798e-05
33.21 -1.47781e-05
33.22 -4.64946e-05
33.23 -7.71766e-05
33.24 -0.000106743
33.25 -0.00013512
33.26 -0.000162265
33.27 -0.000188175
33.28 -0.000212892
33.29 -0.000236501
33.3 -0.000259119
33.31 -0.000280869
33.32 -0.000301864
33.33 -0.000322184
33.34 -0.000341889
33.35 -0.000361028
33.36 -0.000379639
33.37 -0.000397727
33.38 -0.000415207
33.39 -0.000431901
33.4 -0.000447589
33.41 -0.000462055
33.42 -0.000475093
33.43 -0.000486474
33.44 -0.000495942
33.45 -0.000503327
33.46 -0.000508594
33.47 -0.000511744
33.48 -0.000512739
33.49 -0.000511519
33.5 -0.000508025
33.51 -0.000502218
33.52 -0.000494065
33.53 -0.000483573
33.54 -0.000470847
33.55 -0.000456045
33.56 -0.000439305
33.57 -0.000420731
33.58 -0.000400408
33.59 -0.000378422
33.6 -0.000354916
33.61 -0.00033005
33.62 -0.000303945
33.63 -0.000276729
33.64 -0.000248614
33.65 -0.000219831
33.66 -0.000190528
33.67 -0.000160831
33.68 -0.000130923
33.69 -0.000100987
33.7 -7.11673e-05
33.71 -4.16109e-05
33.72 -1.24732e-05
33.73 1.61e-05
33.74 4.39928e-05
33.75 7.11288e-05
33.76 9.74673e-05
33.77 0.00012299
33.78 0.000147691
33.79 0.000171564
33.8 0.000194595
33.81 0.000216754
33.82 0.000238033
33.83 0.000258456
33.84 0.000278039
33.85 0.00029678
33.86 0.000314698
33.87 0.000331843
33.88 0.000348237
33.89 0.000363839
33.9 0.000378572
33.91 0.000392354
33.92 0.000405097
33.93 0.000416689
33.94 0.000427005
33.95 0.000435924
33.96 0.000443344
33.97 0.000449184
33.98 0.000453383
33.99 0.000455887
34 0.000456632
34.01 0.000455568
34.02 0.000452683
34.03 0.000448001
34.04 0.000441564
34.05 0.000433428
34.06 0.00042364
34.07 0.000412244
34.08 0.000399282
34.09 0.000384799
34.1 0.000368852
34.11 0.000351516
34.12 0.000332875
34.13 0.000313024
34.14 0.000292068
34.15 0.000270121
34.16 0.000247297
34.17 0.000223698
34.18 0.000199429
34.19 0.000174601
34.2 0.000149345
34.21 0.000123809
34.22 9.81267e-05
34.23 7.24115e-05
34.24 4.67731e-05
34.25 2.13226e-05
34.26 -3.83931e-06
34.27 -2.86326e-05
34.28 -5.2994e-05
34.29 -7.68688e-05
34.3 -0.000100206
34.31 -0.000122954
34.32 -0.000145062
34.33 -0.000166499
34.34 -0.000187248
34.35 -0.000207307
34.36 -0.000226674
34.37 -0.000245344
34.38 -0.00026331
34.39 -0.000280556
34.4 -0.000297062
34.41 -0.000312799
34.42 -0.000327727
34.43 -0.000341797
34.44 -0.00035495
34.45 -0.000367124
34.46 -0.000378246
34.47 -0.000388237
34.48 -0.000397014
34.49 -0.000404492
34.5 -0.000410594
34.51 -0.000415256
34.52 -0.000418428
34.53 -0.000420074
34.54 -0.000420176
34.55 -0.000418723
34.56 -0.000415717
34.57 -0.000411166
34.58 -0.000405088
34.59 -0.000397507
34.6 -0.00038846
34.61 -0.000377995
34.62 -0.000366168
34.63 -0.000353044
34.64 -0.000338696
34.65 -0.0003232
34.66 -0.000306633
34.67 -0.000289077
34.68 -0.000270613
34.69 -0.000251329
34.7 -0.000231315
34.71 -0.000210668
34.72 -0.000189486
34.73 -0.000167871
34.74 -0.000145921
34.75 -0.000123737
34.76 -0.000101413
34.77 -7.90403e-05
34.78 -5.67073e-05
34.79 -3.44969e-05
34.8 -1.24869e-05
34.81 9.25075e-06
34.82 3.06516e-05
34.83 5.16593e-05
34.84 7.22261e-05
34.85 9.23129e-05
34.86 0.000111887
34.87 0.000130924
34.88 0.0001494
34.89 0.000167295
34.9 0.000184593
34.91 0.000201273
34.92 0.000217318
34.93 0.000232707
34.94 0.00024742
34.95 0.00026143
34.96 0.000274708
34.97 0.000287216
34.98 0.000298917
34.99 0.000309769
35 0.00031971
35.01 0.000328671
35.02 0.000336581
35.03 0.000343379
35.04 0.000349008
35.05 0.000353419
35.06 0.000356568
35.07 0.000358421
35.08 0.000358952
35.09 0.000358146
35.1 0.000355996
35.11 0.0003525
35.12 0.00034767
35.13 0.000341525
35.14 0.000334093
35.15 0.000325414
35.16 0.000315532
35.17 0.000304499
35.18 0.000292367
35.19 0.000279194
35.2 0.000265042
35.21 0.00024998
35.22 0.000234081
35.23 0.000217422
35.24 0.000200084
35.25 0.000182149
35.26 0.000163702
35.27 0.000144828
35.28 0.000125609
35.29 0.000106128
35.3 8.64659e-05
35.31 6.67023e-05
35.32 4.69142e-05
35.33 2.71762e-05
35.34 7.55908e-06
35.35 -1.18711e-05
35.36 -3.10541e-05
35.37 -4.99355e-05
35.38 -6.84667e-05
35.39 -8.66041e-05
35.4 -0.000104309
35.41 -0.000121545
35.42 -0.00013828
35.43 -0.000154484
35.44 -0.000170129
35.45 -0.000185187
35.46 -0.000199632
35.47 -0.000213437
35.48 -0.000226575
35.49 -0.000239017
35.5 -0.00025073
35.51 -0.000261681
35.52 -0.000271832
35.53 -0.000281143
35.54 -0.00028957
35.55 -0.000297071
35.56 -0.000303601
35.57 -0.000309119
35.58 -0.000313586
35.59 -0.000316966
35.6 -0.000319232
35.61 -0.000320359
35.62 -0.000320333
35.63 -0.000319144
35.64 -0.000316791
35.65 -0.000313279
35.66 -0.000308621
35.67 -0.000302835
35.68 -0.000295947
35.69 -0.000287987
35.7 -0.000278992
35.71 -0.000269004
35.72 -0.000258069
35.73 -0.000246239
35.74 -0.000233569
35.75 -0.000220116
35.76 -0.000205943
35.77 -0.000191115
35.78 -0.000175697
35.79 -0.000159758
35.8 -0.000143367
35.81 -0.000126596
35.82 -0.000109514
35.83 -9.21899e-05
35.84 -7.46931e-05
35.85 -5.70897e-05
35.86 -3.94443e-05
35.87 -2.18185e-05
35.88 -4.2711e-06
35.89 1.31425e-05
35.9 3.03703e-05
35.91 4.73637e-05
35.92 6.40778e-05
35.93 8.04706e-05
35.94 9.65033e-05
35.95 0.00011214
35.96 0.000127345
35.97 0.000142086
35.98 0.000156332
35.99 0.00017005
36 0.00018321
36.01 0.000195779
36.02 0.000207726
36.03 0.000219017
36.04 0.000229619
36.05 0.000239494
36.06 0.000248608
36.07 0.000256923
36.08 0.0002644
36.09 0.000271003
36.1 0.000276696
36.11 0.000281445
36.12 0.00028522
36.13 0.000287995
36.14 0.000289748
36.15 0.000290465
36.16 0.000290135
36.17 0.000288755
36.18 0.000286326
36.19 0.000282857
36.2 0.000278361
36.21 0.000272858
36.22 0.000266371
36.23 0.00025893
36.24 0.00025057
36.25 0.000241328
36.26 0.000231248
36.27 0.000220375
36.28 0.00020876
36.29 0.000196456
36.3 0.000183516
36.31 0.00017
36.32 0.000155967
36.33 0.000141476
36.34 0.000126589
36.35 0.000111369
36.36 9.5876e-05
36.37 8.01715e-05
36.38 6.43152e-05
36.39 4.83654e-05
36.4 3.23786e-05
36.41 1.64092e-05
36.42 5.09144e-07
36.43 -1.52721e-05
36.44 -3.08878e-05
36.45 -4.62937e-05
36.46 -6.14483e-05
36.47 -7.63125e-05
36.48 -9.08493e-05
36.49 -0.000105024
36.5 -0.000118802
36.51 -0.000132151
36.52 -0.000145041
36.53 -0.000157439
36.54 -0.000169315
36.55 -0.000180637
36.56 -0.000191376
36.57 -0.000201498
36.58 -0.000210974
36.59 -0.00021977
36.6 -0.000227853
36.61 -0.000235192
36.62 -0.000241754
36.63 -0.000247509
36.64 -0.000252427
36.65 -0.00025648
36.66 -0.000259646
36.67 -0.000261904
36.68 -0.000263239
36.69 -0.000263638
36.7 -0.000263095
36.71 -0.000261609
36.72 -0.000259184
36.73 -0.000255826
36.74 -0.00025155
36.75 -0.000246373
36.76 -0.000240318
36.77 -0.000233411
36.78 -0.000225683
36.79 -0.000217167
36.8 -0.000207903
36.81 -0.000197932
36.82 -0.000187296
36.83 -0.000176044
36.84 -0.000164224
36.85 -0.000151886
36.86 -0.000139082
36.87 -0.000125867
36.88 -0.000112293
36.89 -9.84157e-05
36.9 -8.42881e-05
36.91 -6.99643e-05
36.92 -5.54972e-05
36.93 -4.09384e-05
36.94 -2.63386e-05
36.95 -1.17465e-05
36.96 2.7906e-06
36.97 1.72275e-05
36.98 3.15207e-05
36.99 4.56287e-05
37 5.9512e-05
37.01 7.31324e-05
37.02 8.64538e-05
37.03 9.94409e-05
37.04 0.00011206
37.05 0.000124278
37.06 0.000136062
37.07 0.000147382
37.08 0.000158205
37.09 0.000168502
37.1 0.000178241
37.11 0.000187392
37.12 0.000195924
37.13 0.000203809
37.14 0.000211017
37.15 0.00021752
37.16 0.000223291
37.17 0.000228303
37.18 0.000232534
37.19 0.000235961
37.2 0.000238568
37.21 0.00024034
37.22 0.000241264
37.23 0.000241336
37.24 0.00024055
37.25 0.00023891
37.26 0.00023642
37.27 0.000233091
37.28 0.000228935
37.29 0.000223972
37.3 0.000218221
37.31 0.000211709
37.32 0.000204464
37.33 0.000196518
37.34 0.000187905
37.35 0.000178662
37.36 0.000168831
37.37 0.000158452
37.38 0.000147568
37.39 0.000136226
37.4 0.000124472
37.41 0.000112352
37.42 9.99146e-05
37.43 8.72072e-05
37.44 7.42776e-05
37.45 6.11734e-05
37.46 4.79411e-05
37.47 3.46268e-05
37.48 2.12751e-05
37.49 7.92986e-06
37.5 -5.36667e-06
37.51 -1.85735e-05
37.52 -3.1651e-05
37.53 -4.45609e-05
37.54 -5.72664e-05
37.55 -6.97319e-05
37.56 -8.19227e-05
37.57 -9.38053e-05
37.58 -0.000105347
37.59 -0.000116516
37.6 -0.000127281
37.61 -0.000137611
37.62 -0.000147475
37.63 -0.000156845
37.64 -0.00016569
37.65 -0.000173982
37.66 -0.000181692
37.67 -0.000188793
37.68 -0.000195258
37.69 -0.000201061
37.7 -0.00020618
37.71 -0.000210591
37.72 -0.000214275
37.73 -0.000217213
37.74 -0.000219393
37.75 -0.000220802
37.76 -0.000221432
37.77 -0.000221279
37.78 -0.000220341
37.79 -0.000218623
37.8 -0.00021613
37.81 -0.000212873
37.82 -0.000208865
37.83 -0.000204124
37.84 -0.00019867
37.85 -0.000192526
37.86 -0.000185721
37.87 -0.000178281
37.88 -0.000170241
37.89 -0.000161634
37.9 -0.000152495
37.91 -0.000142864
37.92 -0.00013278
37.93 -0.000122282
37.94 -0.000111415
37.95 -0.000100218
37.96 -8.87368e-05
37.97 -7.70129e-05
37.98 -6.50897e-05
37.99 -5.30101e-05
38 -4.08162e-05
38.01 -2.85497e-05
38.02 -1.62515e-05
38.03 -3.96145e-06
38.04 8.28142e-06
38.05 2.04392e-05
38.06 3.24751e-05
38.07 4.43532e-05
38.08 5.60387e-05
38.09 6.74978e-05
38.1 7.86976e-05
38.11 8.9606e-05
38.12 0.000100191
38.13 0.000110423
38.14 0.000120272
38.15 0.000129707
38.16 0.0001387
38.17 0.000147223
38.18 0.000155249
38.19 0.00016275
38.2 0.000169702
38.21 0.000176078
38.22 0.000181855
38.23 0.000187012
38.24 0.000191526
38.25 0.000195381
38.26 0.000198558
38.27 0.000201045
38.28 0.000202829
38.29 0.000203903
38.3 0.000204261
38.31 0.0002039
38.32 0.000202821
38.33 0.00020103
38.34 0.000198533
38.35 0.00019534
38.36 0.000191465
38.37 0.000186926
38.38 0.000181741
38.39 0.000175933
38.4 0.000169525
38.41 0.000162547
38.42 0.000155026
38.43 0.000146993
38.44 0.000138483
38.45 0.000129528
38.46 0.000120166
38.47 0.000110432
38.48 0.000100365
38.49 9.00025e-05
38.5 7.93832e-05
38.51 6.8546e-05
38.52 5.75297e-05
38.53 4.6373e-05
38.54 3.51141e-05
38.55 2.3791e-05
38.56 1.2441e-05
38.57 1.10054e-06
38.58 -1.01943e-05
38.59 -2.14085e-05
38.6 -3.25075e-05
38.61 -4.3458e-05
38.62 -5.42269e-05
38.63 -6.47823e-05
38.64 -7.50928e-05
38.65 -8.51277e-05
38.66 -9.4857e-05
38.67 -0.000104251
38.68 -0.000113282
38.69 -0.000121921
38.7 -0.00013014
38.71 -0.000137914
38.72 -0.000145217
38.73 -0.000152023
38.74 -0.000158309
38.75 -0.000164052
38.76 -0.000169231
38.77 -0.000173827
38.78 -0.000177821
38.79 -0.000181197
38.8 -0.000183943
38.81 -0.000186045
38.82 -0.000187496
38.83 -0.000188289
38.84 -0.000188421
38.85 -0.000187892
38.86 -0.000186702
38.87 -0.000184859
38.88 -0.000182369
38.89 -0.000179243
38.9 -0.000175495
38.91 -0.000171142
38.92 -0.0001662
38.93 -0.000160692
38.94 -0.000154641
38.95 -0.000148071
38.96 -0.00014101
38.97 -0.000133487
38.98 -0.000125531
38.99 -0.000117173
39 -0.000108448
39.01 -9.93869e-05
39.02 -9.00255e-05
39.03 -8.0398e-05
39.04 -7.05397e-05
39.05 -6.04857e-05
39.06 -5.02714e-05
39.07 -3.99321e-05
39.08 -2.95028e-05
39.09 -1.90182e-05
39.1 -8.51254e-06
39.11 1.98036e-06
39.12 1.24272e-05
39.13 2.27953e-05
39.14 3.30526e-05
39.15 4.31674e-05
39.16 5.3109e-05
39.17 6.2847e-05
39.18 7.23517e-05
39.19 8.15941e-05
39.2 9.05456e-05
39.21 9.91784e-05
39.22 0.000107465
39.23 0.00011538
39.24 0.000122896
39.25 0.00012999
39.26 0.000136636
39.27 0.000142813
39.28 0.000148499
39.29 0.000153672
39.3 0.000158315
39.31 0.000162409
39.32 0.000165939
39.33 0.000168892
39.34 0.000171256
39.35 0.000173022
39.36 0.000174183
39.37 0.000174734
39.38 0.000174674
39.39 0.000174003
39.4 0.000172725
39.41 0.000170844
39.42 0.000168371
39.43 0.000165315
39.44 0.00016169
39.45 0.00015751
39.46 0.000152795
39.47 0.000147562
39.48 0.000141835
39.49 0.000135637
39.5 0.000128992
39.51 0.000121926
39.52 0.000114469
39.53 0.000106648
39.54 9.8494e-05
39.55 9.00369e-05
39.56 8.13083e-05
39.57 7.23399e-05
39.58 6.31639e-05
39.59 5.38127e-05
39.6 4.43186e-05
39.61 3.4714e-05
39.62 2.50311e-05
39.63 1.5302e-05
39.64 5.55838e-06
39.65 -4.16835e-06
39.66 -1.38472e-05
39.67 -2.34478e-05
39.68 -3.29398e-05
39.69 -4.22939e-05
39.7 -5.14809e-05
39.71 -6.04722e-05
39.72 -6.92399e-05
39.73 -7.77566e-05
39.74 -8.59954e-05
39.75 -9.39301e-05
39.76 -0.000101535
39.77 -0.000108786
39.78 -0.000115659
39.79 -0.00012213
39.8 -0.000128178
39.81 -0.000133782
39.82 -0.000138922
39.83 -0.00014358
39.84 -0.000147739
39.85 -0.000151384
39.86 -0.000154501
39.87 -0.000157078
39.88 -0.000159107
39.89 -0.000160579
39.9 -0.00016149
39.91 -0.000161836
39.92 -0.000161617
39.93 -0.000160834
39.94 -0.000159491
39.95 -0.000157594
39.96 -0.000155152
39.97 -0.000152176
39.98 -0.000148677
39.99 -0.000144671
40 -0.000140175
40.01 -0.000135206
40.02 -0.000129786
40.03 -0.000123935
40.04 -0.000117677
40.05 -0.000111037
40.06 -0.000104039
40.07 -9.67104e-05
40.08 -8.90788e-05
40.09 -8.1172e-05
40.1 -7.30189e-05
40.11 -6.46487e-05
40.12 -5.60908e-05
40.13 -4.73751e-05
40.14 -3.85313e-05
40.15 -2.95895e-05
40.16 -2.05795e-05
40.17 -1.15309e-05
40.18 -2.47344e-06
40.19 6.56371e-06
40.2 1.55515e-05
40.21 2.44613e-05
40.22 3.32648e-05
40.23 4.19341e-05
40.24 5.04418e-05
40.25 5.87609e-05
40.26 6.68649e-05
40.27 7.47279e-05
40.28 8.23246e-05
40.29 8.96304e-05
40.3 9.66213e-05
40.31 0.000103274
40.32 0.000109567
40.33 0.000115478
40.34 0.000120987
40.35 0.000126075
40.36 0.000130724
40.37 0.000134918
40.38 0.000138642
40.39 0.000141883
40.4 0.000144628
40.41 0.000146869
40.42 0.000148596
40.43 0.000149805
40.44 0.000150492
40.45 0.000150654
40.46 0.000150292
40.47 0.000149409
40.48 0.000148008
40.49 0.000146097
40.5 0.000143684
40.51 0.000140778
40.52 0.000137394
40.53 0.000133545
40.54 0.000129246
40.55 0.000124515
40.56 0.000119372
40.57 0.000113836
40.58 0.000107928
40.59 0.000101672
40.6 9.50911e-05
40.61 8.82099e-05
40.62 8.10537e-05
40.63 7.36484e-05
40.64 6.60206e-05
40.65 5.81971e-05
40.66 5.02052e-05
40.67 4.20724e-05
40.68 3.38263e-05
40.69 2.54947e-05
40.7 1.71051e-05
40.71 8.68527e-06
40.72 2.62612e-07
40.73 -8.13554e-06
40.74 -1.64821e-05
40.75 -2.47503e-05
40.76 -3.29137e-05
40.77 -4.0946e-05
40.78 -4.88216e-05
40.79 -5.65152e-05
40.8 -6.4002e-05
40.81 -7.12577e-05
40.82 -7.82586e-05
40.83 -8.49817e-05
40.84 -9.14048e-05
40.85 -9.75064e-05
40.86 -0.000103266
40.87 -0.000108664
40.88 -0.000113681
40.89 -0.000118301
40.9 -0.000122508
40.91 -0.000126286
40.92 -0.000129622
40.93 -0.000132505
40.94 -0.000134925
40.95 -0.000136872
40.96 -0.000138342
40.97 -0.000139328
40.98 -0.000139828
40.99 -0.000139841
41 -0.000139369
41.01 -0.000138413
41.02 -0.000136979
41.03 -0.000135073
41.04 -0.000132704
41.05 -0.000129882
41.06 -0.000126618
41.07 -0.000122926
41.08 -0.000118822
41.09 -0.00011432
41.1 -0.00010944
41.11 -0.000104199
41.12 -9.86188e-05
41.13 -9.27192e-05
41.14 -8.65226e-05
41.15 -8.00517e-05
41.16 -7.333e-05
41.17 -6.63815e-05
41.18 -5.92309e-05
41.19 -5.19032e-05
41.2 -4.44236e-05
41.21 -3.68178e-05
41.22 -2.91115e-05
41.23 -2.13305e-05
41.24 -1.35008e-05
41.25 -5.64821e-06
41.26 2.20153e-06
41.27 1.00228e-05
41.28 1.77901e-05
41.29 2.54782e-05
41.3 3.30622e-05
41.31 4.05175e-05
41.32 4.78199e-05
41.33 5.49456e-05
41.34 6.18712e-05
41.35 6.85742e-05
41.36 7.50322e-05
41.37 8.12239e-05
41.38 8.71286e-05
41.39 9.27263e-05
41.4 9.79983e-05
41.41 0.000102926
41.42 0.000107494
41.43 0.000111685
41.44 0.000115485
41.45 0.000118882
41.46 0.000121863
41.47 0.000124418
41.48 0.000126538
41.49 0.000128218
41.5 0.00012945
41.51 0.000130232
41.52 0.000130562
41.53 0.00013044
41.54 0.000129867
41.55 0.000128846
41.56 0.000127383
41.57 0.000125483
41.58 0.000123157
41.59 0.000120412
41.6 0.000117262
41.61 0.000113717
41.62 0.000109793
41.63 0.000105506
41.64 0.00010087
41.65 9.59053e-05
41.66 9.0629e-05
41.67 8.50612e-05
41.68 7.92224e-05
41.69 7.31335e-05
41.7 6.68165e-05
41.71 6.02936e-05
41.72 5.35878e-05
41.73 4.67222e-05
41.74 3.97203e-05
41.75 3.26061e-05
41.76 2.54034e-05
41.77 1.81364e-05
41.78 1.08292e-05
41.79 3.50597e-06
41.8 -3.80917e-06
41.81 -1.10922e-05
41.82 -1.83193e-05
41.83 -2.54669e-05
41.84 -3.25115e-05
41.85 -3.94301e-05
41.86 -4.61999e-05
41.87 -5.27989e-05
41.88 -5.9205e-05
41.89 -6.53972e-05
41.9 -7.13547e-05
41.91 -7.70577e-05
41.92 -8.2487e-05
41.93 -8.76241e-05
41.94 -9.24518e-05
41.95 -9.69536e-05
41.96 -0.000101114
41.97 -0.000104919
41.98 -0.000108355
41.99 -0.000111411
42 -0.000114077
42.01 -0.000116343
42.02 -0.000118202
42.03 -0.000119648
42.04 -0.000120677
42.05 -0.000121285
42.06 -0.000121473
42.07 -0.00012124
42.08 -0.000120587
42.09 -0.00011952
42.1 -0.000118042
42.11 -0.000116161
42.12 -0.000113884
42.13 -0.000111221
42.14 -0.000108183
42.15 -0.000104782
42.16 -0.000101032
42.17 -9.6946e-05
42.18 -9.25407e-05
42.19 -8.78323e-05
42.2 -8.28383e-05
42.21 -7.75771e-05
42.22 -7.20678e-05
42.23 -6.633e-05
42.24 -6.03843e-05
42.25 -5.42513e-05
42.26 -4.79525e-05
42.27 -4.15095e-05
42.28 -3.49445e-05
42.29 -2.82795e-05
42.3 -2.15372e-05
42.31 -1.47401e-05
42.32 -7.91092e-06
42.33 -1.07223e-06
42.34 5.75328e-06
42.35 1.25431e-05
42.36 1.92748e-05
42.37 2.59262e-05
42.38 3.24753e-05
42.39 3.89006e-05
42.4 4.51807e-05
42.41 5.12949e-05
42.42 5.72227e-05
42.43 6.29445e-05
42.44 6.84409e-05
42.45 7.36937e-05
42.46 7.8685e-05
42.47 8.3398e-05
42.48 8.78167e-05
42.49 9.19261e-05
42.5 9.57124e-05
42.51 9.91625e-05
42.52 0.000102265
42.53 0.000105009
42.54 0.000107387
42.55 0.000109389
42.56 0.00011101
42.57 0.000112244
42.58 0.000113089
42.59 0.000113542
42.6 0.000113602
42.61 0.000113271
42.62 0.000112551
42.63 0.000111445
42.64 0.000109959
42.65 0.000108099
42.66 0.000105874
42.67 0.000103291
42.68 0.000100362
42.69 9.70982e-05
42.7 9.35122e-05
42.71 8.96176e-05
42.72 8.54291e-05
42.73 8.09622e-05
42.74 7.62334e-05
42.75 7.12597e-05
42.76 6.60591e-05
42.77 6.06499e-05
42.78 5.50513e-05
42.79 4.92827e-05
42.8 4.33642e-05
42.81 3.73159e-05
42.82 3.11586e-05
42.83 2.49131e-05
42.84 1.86005e-05
42.85 1.22418e-05
42.86 5.85842e-06
42.87 -5.28445e-07
42.88 -6.89755e-06
42.89 -1.32277e-05
42.9 -1.9498e-05
42.91 -2.56876e-05
42.92 -3.17759e-05
42.93 -3.77427e-05
42.94 -4.35682e-05
42.95 -4.92328e-05
42.96 -5.47177e-05
42.97 -6.00044e-05
42.98 -6.50752e-05
42.99 -6.99131e-05
43 -7.45016e-05
43.01 -7.88254e-05
43.02 -8.28697e-05
43.03 -8.6621e-05
43.04 -9.00666e-05
43.05 -9.31949e-05
43.06 -9.59955e-05
43.07 -9.84591e-05
43.08 -0.000100578
43.09 -0.000102345
43.1 -0.000103754
43.11 -0.000104802
43.12 -0.000105487
43.13 -0.000105805
43.14 -0.000105758
43.15 -0.000105346
43.16 -0.000104572
43.17 -0.00010344
43.18 -0.000101955
43.19 -0.000100124
43.2 -9.79533e-05
43.21 -9.54527e-05
43.22 -9.26318e-05
43.23 -8.95015e-05
43.24 -8.60737e-05
43.25 -8.23614e-05
43.26 -7.83784e-05
43.27 -7.41393e-05
43.28 -6.96594e-05
43.29 -6.49549e-05
43.3 -6.00425e-05
43.31 -5.49396e-05
43.32 -4.96639e-05
43.33 -4.42338e-05
43.34 -3.8668e-05
43.35 -3.29856e-05
43.36 -2.72059e-05
43.37 -2.13485e-05
43.38 -1.54332e-05
43.39 -9.47994e-06
43.4 -3.50857e-06
43.41 2.46086e-06
43.42 8.40842e-06
43.43 1.43143e-05
43.44 2.01586e-05
43.45 2.59221e-05
43.46 3.15853e-05
43.47 3.71293e-05
43.48 4.25356e-05
43.49 4.77861e-05
43.5 5.2863e-05
43.51 5.77494e-05
43.52 6.24287e-05
43.53 6.68852e-05
43.54 7.11039e-05
43.55 7.50705e-05
43.56 7.87717e-05
43.57 8.2195e-05
43.58 8.5329e-05
43.59 8.81633e-05
43.6 9.06885e-05
43.61 9.28964e-05
43.62 9.478e-05
43.63 9.63334e-05
43.64 9.75519e-05
43.65 9.84321e-05
43.66 9.89717e-05
43.67 9.91698e-05
43.68 9.90268e-05
43.69 9.85441e-05
43.7 9.77246e-05
43.71 9.65722e-05
43.72 9.5092e-05
43.73 9.32903e-05
43.74 9.11744e-05
43.75 8.87528e-05
43.76 8.60349e-05
43.77 8.30311e-05
43.78 7.97528e-05
43.79 7.62121e-05
43.8 7.24222e-05
43.81 6.83968e-05
43.82 6.41504e-05
43.83 5.96982e-05
43.84 5.50558e-05
43.85 5.02397e-05
43.86 4.52665e-05
43.87 4.01535e-05
43.88 3.49182e-05
43.89 2.95786e-05
43.9 2.41529e-05
43.91 1.86594e-05
43.92 1.31167e-05
43.93 7.54347e-06
43.94 1.95845e-06
43.95 -3.61961e-06
43.96 -9.17202e-06
43.97 -1.46802e-05
43.98 -2.01256e-05
43.99 -2.549e-05
44 -3.07555e-05
44.01 -3.59044e-05
44.02 -4.09194e-05
44.03 -4.57836e-05
44.04 -5.04808e-05
44.05 -5.4995e-05
44.06 -5.93111e-05
44.07 -6.34145e-05
44.08 -6.72915e-05
44.09 -7.0929e-05
44.1 -7.43148e-05
44.11 -7.74377e-05
44.12 -8.02872e-05
44.13 -8.28541e-05
44.14 -8.51299e-05
44.15 -8.71072e-05
44.16 -8.878e-05
44.17 -9.0143e-05
44.18 -9.11923e-05
44.19 -9.1925e-05
44.2 -9.23394e-05
44.21 -9.24351e-05
44.22 -9.22124e-05
44.23 -9.16733e-05
44.24 -9.08205e-05
44.25 -8.96581e-05
44.26 -8.81909e-05
44.27 -8.64252e-05
44.28 -8.4368e-05
44.29 -8.20274e-05
44.3 -7.94123e-05
44.31 -7.65327e-05
44.32 -7.33993e-05
44.33 -7.00237e-05
44.34 -6.64182e-05
44.35 -6.25957e-05
44.36 -5.857e-05
44.37 -5.43553e-05
44.38 -4.99665e-05
44.39 -4.54189e-05
44.4 -4.07284e-05
44.41 -3.5911e-05
44.42 -3.09835e-05
44.43 -2.59626e-05
44.44 -2.08654e-05
44.45 -1.57094e-05
44.46 -1.05119e-05
44.47 -5.29055e-06
44.48 -6.29607e-08
44.49 5.15325e-06
44.5 1.03405e-05
44.51 1.54813e-05
44.52 2.05585e-05
44.53 2.55548e-05
44.54 3.04535e-05
44.55 3.52381e-05
44.56 3.98924e-05
44.57 4.44008e-05
44.58 4.87481e-05
44.59 5.29197e-05
44.6 5.69015e-05
44.61 6.06801e-05
44.62 6.42429e-05
44.63 6.75779e-05
44.64 7.0674e-05
44.65 7.3521e-05
44.66 7.61095e-05
44.67 7.84311e-05
44.68 8.04783e-05
44.69 8.22445e-05
44.7 8.37244e-05
44.71 8.49135e-05
44.72 8.58085e-05
44.73 8.6407e-05
44.74 8.67079e-05
44.75 8.67108e-05
44.76 8.64168e-05
44.77 8.58277e-05
44.78 8.49464e-05
44.79 8.37771e-05
44.8 8.23246e-05
44.81 8.05948e-05
44.82 7.85946e-05
44.83 7.63318e-05
44.84 7.38149e-05
44.85 7.10535e-05
44.86 6.80576e-05
44.87 6.48384e-05
44.88 6.14073e-05
44.89 5.77768e-05
44.9 5.39598e-05
44.91 4.99697e-05
44.92 4.58205e-05
44.93 4.15268e-05
44.94 3.71033e-05
44.95 3.25653e-05
44.96 2.79284e-05
44.97 2.32085e-05
44.98 1.84216e-05
44.99 1.35841e-05
45 8.7124e-06
45.01 3.82293e-06
45.02 -1.06774e-06
45.03 -5.94309e-06
45.04 -1.07867e-05
45.05 -1.55822e-05
45.06 -2.03134e-05
45.07 -2.49644e-05
45.08 -2.95196e-05
45.09 -3.39634e-05
45.1 -3.8281e-05
45.11 -4.24579e-05
45.12 -4.64799e-05
45.13 -5.03335e-05
45.14 -5.40058e-05
45.15 -5.74844e-05
45.16 -6.07578e-05
45.17 -6.38151e-05
45.18 -6.6646e-05
45.19 -6.92413e-05
45.2 -7.15924e-05
45.21 -7.36919e-05
45.22 -7.55329e-05
45.23 -7.71097e-05
45.24 -7.84175e-05
45.25 -7.94525e-05
45.26 -8.02117e-05
45.27 -8.06934e-05
45.28 -8.08965e-05
45.29 -8.08213e-05
45.3 -8.04687e-05
45.31 -7.98408e-05
45.32 -7.89407e-05
45.33 -7.77722e-05
45.34 -7.63403e-05
45.35 -7.46506e-05
45.36 -7.27097e-05
45.37 -7.05251e-05
45.38 -6.8105e-05
45.39 -6.54584e-05
45.4 -6.25951e-05
45.41 -5.95253e-05
45.42 -5.62602e-05
45.43 -5.28114e-05
45.44 -4.91912e-05
45.45 -4.54122e-05
45.46 -4.14878e-05
45.47 -3.74316e-05
45.48 -3.32576e-05
45.49 -2.89803e-05
45.5 -2.46143e-05
45.51 -2.01747e-05
45.52 -1.56765e-05
45.53 -1.11351e-05
45.54 -6.56605e-06
45.55 -1.98473e-06
45.56 2.59326e-06
45.57 7.15244e-06
45.58 1.16774e-05
45.59 1.61527e-05
45.6 2.05634e-05
45.61 2.48944e-05
45.62 2.91313e-05
45.63 3.32596e-05
45.64 3.72655e-05
45.65 4.11354e-05
45.66 4.48564e-05
45.67 4.8416e-05
45.68 5.18021e-05
45.69 5.50036e-05
45.7 5.80097e-05
45.71 6.08104e-05
45.72 6.33967e-05
45.73 6.57599e-05
45.74 6.78924e-05
45.75 6.97874e-05
45.76 7.14389e-05
45.77 7.28418e-05
45.78 7.3992e-05
45.79 7.4886e-05
45.8 7.55214e-05
45.81 7.58969e-05
45.82 7.60119e-05
45.83 7.58666e-05
45.84 7.54624e-05
45.85 7.48014e-05
45.86 7.38867e-05
45.87 7.27221e-05
45.88 7.13125e-05
45.89 6.96633e-05
45.9 6.7781e-05
45.91 6.56727e-05
45.92 6.33463e-05
45.93 6.08103e-05
45.94 5.8074e-05
45.95 5.51473e-05
45.96 5.20406e-05
45.97 4.87651e-05
45.98 4.53322e-05
45.99 4.17541e-05
46 3.80433e-05
46.01 3.42126e-05
46.02 3.02753e-05
46.03 2.6245e-05
46.04 2.21355e-05
46.05 1.7961e-05
46.06 1.37356e-05
46.07 9.47393e-06
46.08 5.19036e-06
46.09 8.99483e-07
46.1 -3.38412e-06
46.11 -7.64591e-06
46.12 -1.18715e-05
46.13 -1.60465e-05
46.14 -2.01568e-05
46.15 -2.41885e-05
46.16 -2.81281e-05
46.17 -3.19621e-05
46.18 -3.56778e-05
46.19 -3.92625e-05
46.2 -4.27043e-05
46.21 -4.59916e-05
46.22 -4.91134e-05
46.23 -5.20593e-05
46.24 -5.48195e-05
46.25 -5.7385e-05
46.26 -5.97472e-05
46.27 -6.18986e-05
46.28 -6.38322e-05
46.29 -6.55418e-05
46.3 -6.70221e-05
46.31 -6.82686e-05
46.32 -6.92775e-05
46.33 -7.0046e-05
46.34 -7.05721e-05
46.35 -7.08546e-05
46.36 -7.08933e-05
46.37 -7.06887e-05
46.38 -7.02422e-05
46.39 -6.9556e-05
46.4 -6.86332e-05
46.41 -6.74777e-05
46.42 -6.6094e-05
46.43 -6.44876e-05
46.44 -6.26646e-05
46.45 -6.06318e-05
46.46 -5.83968e-05
46.47 -5.59679e-05
46.48 -5.33537e-05
46.49 -5.05637e-05
46.5 -4.76079e-05
46.51 -4.44967e-05
46.52 -4.12411e-05
46.53 -3.78526e-05
46.54 -3.43429e-05
46.55 -3.07243e-05
46.56 -2.70093e-05
46.57 -2.32107e-05
46.58 -1.93416e-05
46.59 -1.54152e-05
46.6 -1.14451e-05
46.61 -7.44469e-06
46.62 -3.42773e-06
46.63 5.92134e-07
46.64 4.60122e-06
46.65 8.58591e-06
46.66 1.25327e-05
46.67 1.64282e-05
46.68 2.02591e-05
46.69 2.40127e-05
46.7 2.76761e-05
46.71 3.1237e-05
46.72 3.46834e-05
46.73 3.80038e-05
46.74 4.11869e-05
46.75 4.42222e-05
46.76 4.70995e-05
46.77 4.98093e-05
46.78 5.23426e-05
46.79 5.46911e-05
46.8 5.6847e-05
46.81 5.88035e-05
46.82 6.05543e-05
46.83 6.20938e-05
46.84 6.34173e-05
46.85 6.45207e-05
46.86 6.54009e-05
46.87 6.60553e-05
46.88 6.64824e-05
46.89 6.66813e-05
46.9 6.6652e-05
46.91 6.63951e-05
46.92 6.59122e-05
46.93 6.52057e-05
46.94 6.42785e-05
46.95 6.31344e-05
46.96 6.17781e-05
46.97 6.02147e-05
46.98 5.84501e-05
46.99 5.6491e-05
47 5.43446e-05
47.01 5.20187e-05
47.02 4.95216e-05
47.03 4.68625e-05
47.04 4.40506e-05
47.05 4.1096e-05
47.06 3.80092e-05
47.07 3.48008e-05
47.08 3.14821e-05
47.09 2.80646e-05
47.1 2.45601e-05
47.11 2.09809e-05
47.12 1.73391e-05
47.13 1.36472e-05
47.14 9.91798e-06
47.15 6.16414e-06
47.16 2.39847e-06
47.17 -1.36616e-06
47.18 -5.11697e-06
47.19 -8.8412e-06
47.2 -1.25262e-05
47.21 -1.61595e-05
47.22 -1.97288e-05
47.23 -2.3222e-05
47.24 -2.66273e-05
47.25 -2.99333e-05
47.26 -3.31289e-05
47.27 -3.62032e-05
47.28 -3.91461e-05
47.29 -4.19476e-05
47.3 -4.45986e-05
47.31 -4.70902e-05
47.32 -4.94142e-05
47.33 -5.1563e-05
47.34 -5.35296e-05
47.35 -5.53076e-05
47.36 -5.68915e-05
47.37 -5.82763e-05
47.38 -5.94576e-05
47.39 -6.0432e-05
47.4 -6.11966e-05
47.41 -6.17494e-05
47.42 -6.20889e-05
47.43 -6.22146e-05
47.44 -6.21267e-05
47.45 -6.18261e-05
47.46 -6.13142e-05
47.47 -6.05936e-05
47.48 -5.96672e-05
47.49 -5.85387e-05
47.5 -5.72126e-05
47.51 -5.56939e-05
47.52 -5.39884e-05
47.53 -5.21023e-05
47.54 -5.00427e-05
47.55 -4.78168e-05
47.56 -4.54329e-05
47.57 -4.28993e-05
47.58 -4.02251e-05
47.59 -3.74198e-05
47.6 -3.44932e-05
47.61 -3.14556e-05
47.62 -2.83175e-05
47.63 -2.50898e-05
47.64 -2.17838e-05
47.65 -1.84108e-05
47.66 -1.49825e-05
47.67 -1.15106e-05
47.68 -8.00713e-06
47.69 -4.48398e-06
47.7 -9.53224e-07
47.71 2.5731e-06
47.72 6.08297e-06
47.73 9.56446e-06
47.74 1.30057e-05
47.75 1.63951e-05
47.76 1.97211e-05
47.77 2.29726e-05
47.78 2.61384e-05
47.79 2.9208e-05
47.8 3.21711e-05
47.81 3.50176e-05
47.82 3.77382e-05
47.83 4.03237e-05
47.84 4.27656e-05
47.85 4.50557e-05
47.86 4.71867e-05
47.87 4.91515e-05
47.88 5.09438e-05
47.89 5.25578e-05
47.9 5.39884e-05
47.91 5.52312e-05
47.92 5.62823e-05
47.93 5.71387e-05
47.94 5.77979e-05
47.95 5.82582e-05
47.96 5.85185e-05
47.97 5.85784e-05
47.98 5.84383e-05
47.99 5.80992e-05
48 5.75628e-05
48.01 5.68315e-05
48.02 5.59083e-05
48.03 5.47969e-05
48.04 5.35016e-05
48.05 5.20273e-05
48.06 5.03795e-05
48.07 4.85643e-05
48.08 4.65883e-05
48.09 4.44587e-05
48.1 4.21832e-05
48.11 3.97698e-05
48.12 3.72271e-05
48.13 3.45642e-05
48.14 3.17902e-05
48.15 2.8915e-05
48.16 2.59486e-05
48.17 2.29012e-05
48.18 1.97835e-05
48.19 1.66061e-05
48.2 1.33801e-05
48.21 1.01165e-05
48.22 6.82651e-06
48.23 3.52138e-06
48.24 2.12407e-07
48.25 -3.08912e-06
48.26 -6.37195e-06
48.27 -9.62494e-06
48.28 -1.2837e-05
48.29 -1.59974e-05
48.3 -1.90952e-05
48.31 -2.21202e-05
48.32 -2.5062e-05
48.33 -2.79108e-05
48.34 -3.0657e-05
48.35 -3.32915e-05
48.36 -3.58055e-05
48.37 -3.81906e-05
48.38 -4.04389e-05
48.39 -4.2543e-05
48.4 -4.4496e-05
48.41 -4.62917e-05
48.42 -4.79241e-05
48.43 -4.93881e-05
48.44 -5.0679e-05
48.45 -5.17929e-05
48.46 -5.27264e-05
48.47 -5.34767e-05
48.48 -5.40417e-05
48.49 -5.442e-05
48.5 -5.46107e-05
48.51 -5.46137e-05
48.52 -5.44294e-05
48.53 -5.4059e-05
48.54 -5.35042e-05
48.55 -5.27675e-05
48.56 -5.18517e-05
48.57 -5.07606e-05
48.58 -4.94983e-05
48.59 -4.80695e-05
48.6 -4.64796e-05
48.61 -4.47344e-05
48.62 -4.28402e-05
48.63 -4.0804e-05
48.64 -3.86329e-05
48.65 -3.63348e-05
48.66 -3.39177e-05
48.67 -3.13902e-05
48.68 -2.87612e-05
48.69 -2.60398e-05
48.7 -2.32356e-05
48.71 -2.03583e-05
48.72 -1.74178e-05
48.73 -1.44243e-05
48.74 -1.13881e-05
48.75 -8.31971e-06
48.76 -5.22961e-06
48.77 -2.12839e-06
48.78 9.73347e-07
48.79 4.06501e-06
48.8 7.13608e-06
48.81 1.01761e-05
48.82 1.31748e-05
48.83 1.61219e-05
48.84 1.90076e-05
48.85 2.1822e-05
48.86 2.45558e-05
48.87 2.71996e-05
48.88 2.97447e-05
48.89 3.21826e-05
48.9 3.45051e-05
48.91 3.67045e-05
48.92 3.87736e-05
48.93 4.07056e-05
48.94 4.24942e-05
48.95 4.41336e-05
48.96 4.56185e-05
48.97 4.69442e-05
48.98 4.81066e-05
48.99 4.9102e-05
49 4.99275e-05
49.01 5.05807e-05
49.02 5.10598e-05
49.03 5.13635e-05
49.04 5.14913e-05
49.05 5.14432e-05
49.06 5.12198e-05
49.07 5.08224e-05
49.08 5.02528e-05
49.09 4.95133e-05
49.1 4.8607e-05
49.11 4.75373e-05
49.12 4.63083e-05
49.13 4.49248e-05
49.14 4.33916e-05
49.15 4.17146e-05
49.16 3.98997e-05
49.17 3.79535e-05
49.18 3.5883e-05
49.19 3.36955e-05
49.2 3.13988e-05
49.21 2.90009e-05
49.22 2.65103e-05
49.23 2.39357e-05
49.24 2.1286e-05
49.25 1.85704e-05
49.26 1.57983e-05
49.27 1.29793e-05
49.28 1.01232e-05
49.29 7.2397e-06
49.3 4.33872e-06
49.31 1.43019e-06
49.32 -1.47595e-06
49.33 -4.36979e-06
49.34 -7.24148e-06
49.35 -1.00812e-05
49.36 -1.28795e-05
49.37 -1.56267e-05
49.38 -1.83136e-05
49.39 -2.09312e-05
49.4 -2.34706e-05
49.41 -2.59233e-05
49.42 -2.82811e-05
49.43 -3.05363e-05
49.44 -3.26811e-05
49.45 -3.47087e-05
49.46 -3.66122e-05
49.47 -3.83855e-05
49.48 -4.00228e-05
49.49 -4.15187e-05
49.5 -4.28686e-05
49.51 -4.4068e-05
49.52 -4.51134e-05
49.53 -4.60014e-05
49.54 -4.67294e-05
49.55 -4.72954e-05
49.56 -4.76977e-05
49.57 -4.79355e-05
49.58 -4.80082e-05
49.59 -4.79162e-05
49.6 -4.76601e-05
49.61 -4.72412e-05
49.62 -4.66614e-05
49.63 -4.5923e-05
49.64 -4.50291e-05
49.65 -4.3983e-05
49.66 -4.27887e-05
49.67 -4.14506e-05
49.68 -3.99738e-05
49.69 -3.83635e-05
49.7 -3.66256e-05
49.71 -3.47664e-05
49.72 -3.27925e-05
49.73 -3.07109e-05
49.74 -2.8529e-05
49.75 -2.62543e-05
49.76 -2.3895e-05
49.77 -2.14593e-05
49.78 -1.89556e-05
49.79 -1.63926e-05
49.8 -1.37792e-05
49.81 -1.11245e-05
49.82 -8.4375e-06
49.83 -5.72753e-06
49.84 -3.00388e-06
49.85 -2.75864e-07
49.86 2.4472e-06
49.87 5.15602e-06
49.88 7.84138e-06
49.89 1.04942e-05
49.9 1.31053e-05
49.91 1.56661e-05
49.92 1.81679e-05
49.93 2.06021e-05
49.94 2.29607e-05
49.95 2.52357e-05
49.96 2.74195e-05
49.97 2.9505e-05
49.98 3.1485e-05
49.99 3.33532e-05
50 3.51033e-05
50.01 3.67297e-05
50.02 3.82271e-05
50.03 3.95906e-05
50.04 4.08158e-05
50.05 4.1899e-05
50.06 4.28368e-05
50.07 4.36263e-05
50.08 4.42651e-05
50.09 4.47515e-05
50.1 4.50842e-05
50.11 4.52624e-05
50.12 4.52859e-05
50.13 4.5155e-05
50.14 4.48705e-05
50.15 4.44339e-05
50.16 4.3847e-05
50.17 4.31121e-05
50.18 4.22322e-05
50.19 4.12107e-05
50.2 4.00513e-05
50.21 3.87585e-05
50.22 3.73369e-05
50.23 3.57917e-05
50.24 3.41285e-05
50.25 3.23532e-05
50.26 3.04723e-05
50.27 2.84923e-05
50.28 2.64202e-05
50.29 2.42635e-05
50.3 2.20295e-05
50.31 1.9726e-05
50.32 1.73612e-05
50.33 1.49433e-05
50.34 1.24804e-05
50.35 9.98131e-06
50.36 7.45447e-06
50.37 4.9086e-06
50.38 2.35243e-06
50.39 -2.05296e-07
50.4 -2.75584e-06
50.41 -5.29051e-06
50.42 -7.8007e-06
50.43 -1.02779e-05
50.44 -1.27136e-05
50.45 -1.50998e-05
50.46 -1.74282e-05
50.47 -1.96912e-05
50.48 -2.1881e-05
50.49 -2.39904e-05
50.5 -2.60123e-05
50.51 -2.794e-05
50.52 -2.97672e-05
50.53 -3.14877e-05
50.54 -3.3096e-05
50.55 -3.45868e-05
50.56 -3.59553e-05
50.57 -3.71971e-05
50.58 -3.83082e-05
50.59 -3.92851e-05
50.6 -4.01249e-05
50.61 -4.0825e-05
50.62 -4.13832e-05
50.63 -4.17982e-05
50.64 -4.20687e-05
50.65 -4.21943e-05
50.66 -4.21748e-05
50.67 -4.20107e-05
50.68 -4.17029e-05
50.69 -4.12528e-05
50.7 -4.06624e-05
50.71 -3.99339e-05
50.72 -3.90703e-05
50.73 -3.80748e-05
50.74 -3.69511e-05
50.75 -3.57034e-05
50.76 -3.43363e-05
50.77 -3.28547e-05
50.78 -3.1264e-05
50.79 -2.95698e-05
50.8 -2.77782e-05
50.81 -2.58955e-05
50.82 -2.39284e-05
50.83 -2.18838e-05
50.84 -1.97689e-05
50.85 -1.75909e-05
50.86 -1.53576e-05
50.87 -1.30766e-05
50.88 -1.07558e-05
50.89 -8.40328e-06
50.9 -6.0271e-06
50.91 -3.63542e-06
50.92 -1.23645e-06
50.93 1.1616e-06
50.94 3.55054e-06
50.95 5.92225e-06
50.96 8.26864e-06
50.97 1.05818e-05
50.98 1.28538e-05
50.99 1.50771e-05
51 1.72441e-05
51.01 1.93475e-05
51.02 2.13803e-05
51.03 2.33358e-05
51.04 2.52073e-05
51.05 2.69887e-05
51.06 2.86741e-05
51.07 3.02579e-05
51.08 3.17349e-05
51.09 3.31004e-05
51.1 3.43499e-05
51.11 3.54795e-05
51.12 3.64855e-05
51.13 3.73647e-05
51.14 3.81146e-05
51.15 3.87329e-05
51.16 3.92176e-05
51.17 3.95676e-05
51.18 3.9782e-05
51.19 3.98603e-05
51.2 3.98026e-05
51.21 3.96095e-05
51.22 3.9282e-05
51.23 3.88215e-05
51.24 3.82299e-05
51.25 3.75096e-05
51.26 3.66634e-05
51.27 3.56944e-05
51.28 3.46063e-05
51.29 3.34031e-05
51.3 3.20892e-05
51.31 3.06694e-05
51.32 2.91487e-05
51.33 2.75325e-05
51.34 2.58267e-05
51.35 2.40373e-05
51.36 2.21706e-05
51.37 2.0233e-05
51.38 1.82315e-05
51.39 1.6173e-05
51.4 1.40646e-05
51.41 1.19136e-05
51.42 9.7275e-06
51.43 7.51384e-06
51.44 5.2802e-06
51.45 3.03428e-06
51.46 7.83753e-07
51.47 -1.46368e-06
51.48 -3.70036e-06
51.49 -5.91866e-06
51.5 -8.11106e-06
51.51 -1.02701e-05
51.52 -1.23885e-05
51.53 -1.44591e-05
51.54 -1.6475e-05
51.55 -1.84293e-05
51.56 -2.03156e-05
51.57 -2.21275e-05
51.58 -2.3859e-05
51.59 -2.55043e-05
51.6 -2.70581e-05
51.61 -2.85152e-05
51.62 -2.98709e-05
51.63 -3.11207e-05
51.64 -3.22607e-05
51.65 -3.32871e-05
51.66 -3.41968e-05
51.67 -3.49869e-05
51.68 -3.5655e-05
51.69 -3.61991e-05
51.7 -3.66177e-05
51.71 -3.69095e-05
51.72 -3.7074e-05
51.73 -3.71109e-05
51.74 -3.70203e-05
51.75 -3.6803e-05
51.76 -3.64598e-05
51.77 -3.59924e-05
51.78 -3.54027e-05
51.79 -3.46928e-05
51.8 -3.38657e-05
51.81 -3.29243e-05
51.82 -3.18722e-05
51.83 -3.07133e-05
51.84 -2.94517e-05
51.85 -2.80921e-05
51.86 -2.66393e-05
51.87 -2.50984e-05
51.88 -2.3475e-05
51.89 -2.17748e-05
51.9 -2.00038e-05
51.91 -1.81681e-05
51.92 -1.62743e-05
51.93 -1.43289e-05
51.94 -1.23386e-05
51.95 -1.03105e-05
51.96 -8.25135e-06
51.97 -6.16842e-06
51.98 -4.06883e-06
51.99 -1.95978e-06
52 1.51489e-07
52.01 2.25777e-06
52.02 4.35188e-06
52.03 6.42669e-06
52.04 8.47515e-06
52.05 1.04903e-05
52.06 1.24654e-05
52.07 1.43937e-05
52.08 1.62688e-05
52.09 1.80843e-05
52.1 1.98342e-05
52.11 2.15127e-05
52.12 2.31141e-05
52.13 2.46332e-05
52.14 2.6065e-05
52.15 2.74047e-05
52.16 2.86481e-05
52.17 2.9791e-05
52.18 3.08298e-05
52.19 3.17612e-05
52.2 3.25822e-05
52.21 3.32903e-05
52.22 3.38835e-05
52.23 3.43598e-05
52.24 3.4718e-05
52.25 3.49571e-05
52.26 3.50767e-05
52.27 3.50765e-05
52.28 3.49569e-05
52.29 3.47186e-05
52.3 3.43627e-05
52.31 3.38907e-05
52.32 3.33046e-05
52.33 3.26065e-05
52.34 3.17991e-05
52.35 3.08856e-05
52.36 2.98692e-05
52.37 2.87537e-05
52.38 2.75431e-05
52.39 2.62419e-05
52.4 2.48546e-05
52.41 2.33862e-05
52.42 2.18419e-05
52.43 2.02272e-05
52.44 1.85477e-05
52.45 1.68093e-05
52.46 1.50182e-05
52.47 1.31804e-05
52.48 1.13025e-05
52.49 9.39094e-06
52.5 7.45226e-06
52.51 5.49318e-06
52.52 3.52043e-06
52.53 1.54078e-06
52.54 -4.38999e-07
52.55 -2.41215e-06
52.56 -4.37194e-06
52.57 -6.31171e-06
52.58 -8.22487e-06
52.59 -1.0105e-05
52.6 -1.19456e-05
52.61 -1.37406e-05
52.62 -1.5484e-05
52.63 -1.71699e-05
52.64 -1.87926e-05
52.65 -2.03467e-05
52.66 -2.18272e-05
52.67 -2.32291e-05
52.68 -2.45477e-05
52.69 -2.57789e-05
52.7 -2.69185e-05
52.71 -2.79628e-05
52.72 -2.89086e-05
52.73 -2.97528e-05
52.74 -3.04928e-05
52.75 -3.11263e-05
52.76 -3.16514e-05
52.77 -3.20665e-05
52.78 -3.23705e-05
52.79 -3.25627e-05
52.8 -3.26426e-05
52.81 -3.26102e-05
52.82 -3.24659e-05
52.83 -3.22106e-05
52.84 -3.18452e-05
52.85 -3.13714e-05
52.86 -3.07911e-05
52.87 -3.01064e-05
52.88 -2.932e-05
52.89 -2.84348e-05
52.9 -2.74541e-05
52.91 -2.63815e-05
52.92 -2.52208e-05
52.93 -2.39762e-05
52.94 -2.26522e-05
52.95 -2.12534e-05
52.96 -1.97849e-05
52.97 -1.82518e-05
52.98 -1.66595e-05
52.99 -1.50136e-05
53 -1.33198e-05
53.01 -1.1584e-05
53.02 -9.81229e-06
53.03 -8.01072e-06
53.04 -6.18554e-06
53.05 -4.34304e-06
53.06 -2.48956e-06
53.07 -6.31432e-07
53.08 1.22497e-06
53.09 3.0733e-06
53.1 4.90728e-06
53.11 6.72067e-06
53.12 8.50732e-06
53.13 1.02612e-05
53.14 1.19763e-05
53.15 1.3647e-05
53.16 1.52676e-05
53.17 1.68326e-05
53.18 1.83369e-05
53.19 1.97755e-05
53.2 2.11435e-05
53.21 2.24366e-05
53.22 2.36503e-05
53.23 2.47808e-05
53.24 2.58243e-05
53.25 2.67776e-05
53.26 2.76375e-05
53.27 2.84014e-05
53.28 2.90668e-05
53.29 2.96318e-05
53.3 3.00946e-05
53.31 3.04539e-05
53.32 3.07087e-05
53.33 3.08584e-05
53.34 3.09028e-05
53.35 3.08419e-05
53.36 3.06762e-05
53.37 3.04065e-05
53.38 3.00341e-05
53.39 2.95604e-05
53.4 2.89873e-05
53.41 2.8317e-05
53.42 2.75521e-05
53.43 2.66953e-05
53.44 2.57499e-05
53.45 2.47192e-05
53.46 2.36071e-05
53.47 2.24174e-05
53.48 2.11545e-05
53.49 1.98227e-05
53.5 1.8427e-05
53.51 1.69721e-05
53.52 1.54631e-05
53.53 1.39054e-05
53.54 1.23043e-05
53.55 1.06655e-05
53.56 8.99464e-06
53.57 7.29746e-06
53.58 5.57983e-06
53.59 3.84766e-06
53.6 2.10691e-06
53.61 3.63542e-07
53.62 -1.37649e-06
53.63 -3.10724e-06
53.64 -4.82282e-06
53.65 -6.51741e-06
53.66 -8.18527e-06
53.67 -9.82075e-06
53.68 -1.14183e-05
53.69 -1.29727e-05
53.7 -1.44785e-05
53.71 -1.59308e-05
53.72 -1.73248e-05
53.73 -1.86558e-05
53.74 -1.99193e-05
53.75 -2.11113e-05
53.76 -2.22279e-05
53.77 -2.32653e-05
53.78 -2.42202e-05
53.79 -2.50896e-05
53.8 -2.58707e-05
53.81 -2.65609e-05
53.82 -2.71583e-05
53.83 -2.76609e-05
53.84 -2.80672e-05
53.85 -2.83761e-05
53.86 -2.85869e-05
53.87 -2.86989e-05
53.88 -2.8712e-05
53.89 -2.86265e-05
53.9 -2.84429e-05
53.91 -2.8162e-05
53.92 -2.7785e-05
53.93 -2.73135e-05
53.94 -2.67494e-05
53.95 -2.60946e-05
53.96 -2.53518e-05
53.97 -2.45236e-05
53.98 -2.36131e-05
53.99 -2.26236e-05
54 -2.15587e-05
54.01 -2.04222e-05
54.02 -1.92181e-05
54.03 -1.79507e-05
54.04 -1.66246e-05
54.05 -1.52442e-05
54.06 -1.38146e-05
54.07 -1.23407e-05
54.08 -1.08276e-05
54.09 -9.28064e-06
54.1 -7.7051e-06
54.11 -6.10646e-06
54.12 -4.49023e-06
54.13 -2.86198e-06
54.14 -1.22729e-06
54.15 4.0823e-07
54.16 2.039e-06
54.17 3.65946e-06
54.18 5.26409e-06
54.19 6.84745e-06
54.2 8.40417e-06
54.21 9.92899e-06
54.22 1.14168e-05
54.23 1.28625e-05
54.24 1.42614e-05
54.25 1.56087e-05
54.26 1.69e-05
54.27 1.81309e-05
54.28 1.92974e-05
54.29 2.03957e-05
54.3 2.14221e-05
54.31 2.23734e-05
54.32 2.32464e-05
54.33 2.40383e-05
54.34 2.47467e-05
54.35 2.53692e-05
54.36 2.59041e-05
54.37 2.63496e-05
54.38 2.67044e-05
54.39 2.69676e-05
54.4 2.71385e-05
54.41 2.72166e-05
54.42 2.72021e-05
54.43 2.70951e-05
54.44 2.68962e-05
54.45 2.66064e-05
54.46 2.62268e-05
54.47 2.5759e-05
54.48 2.52047e-05
54.49 2.45662e-05
54.5 2.38457e-05
54.51 2.30459e-05
54.52 2.21698e-05
54.53 2.12205e-05
54.54 2.02015e-05
54.55 1.91163e-05
54.56 1.79689e-05
54.57 1.67633e-05
54.58 1.55038e-05
54.59 1.41948e-05
54.6 1.28409e-05
54.61 1.14469e-05
54.62 1.00175e-05
54.63 8.55769e-06
54.64 7.07262e-06
54.65 5.56737e-06
54.66 4.04713e-06
54.67 2.51712e-06
54.68 9.8261e-07
54.69 -5.51165e-07
54.7 -2.07896e-06
54.71 -3.59558e-06
54.72 -5.09586e-06
54.73 -6.57471e-06
54.74 -8.02714e-06
54.75 -9.44823e-06
54.76 -1.08332e-05
54.77 -1.21774e-05
54.78 -1.34763e-05
54.79 -1.47256e-05
54.8 -1.59212e-05
54.81 -1.7059e-05
54.82 -1.81354e-05
54.83 -1.91467e-05
54.84 -2.00897e-05
54.85 -2.09613e-05
54.86 -2.17587e-05
54.87 -2.24793e-05
54.88 -2.31209e-05
54.89 -2.36815e-05
54.9 -2.41593e-05
54.91 -2.45529e-05
54.92 -2.48611e-05
54.93 -2.50832e-05
54.94 -2.52184e-05
54.95 -2.52667e-05
54.96 -2.5228e-05
54.97 -2.51027e-05
54.98 -2.48914e-05
54.99 -2.45951e-05
