0.01 1.37396e-07
0.02 1.19227e-07
0.03 8.7929e-08
0.04 5.01708e-08
0.05 1.01607e-08
0.06 -3.23843e-08
0.07 -8.06168e-08
0.08 -1.36649e-07
0.09 -1.99557e-07
0.1 -2.65866e-07
0.11 -3.33725e-07
0.12 -4.08021e-07
0.13 -4.96438e-07
0.14 -6.00389e-07
0.15 -7.10459e-07
0.16 -8.10597e-07
0.17 -8.89514e-07
0.18 -9.43537e-07
0.19 -9.69484e-07
0.2 -9.63992e-07
0.21 -9.27999e-07
0.22 -8.72002e-07
0.23 -8.23693e-07
0.24 -8.20481e-07
0.25 -8.7824e-07
0.26 -9.67329e-07
0.27 -1.03677e-06
0.28 -1.07341e-06
0.29 -1.12379e-06
0.3 -1.25096e-06
0.31 -1.47452e-06
0.32 -1.75632e-06
0.33 -2.04075e-06
0.34 -2.29622e-06
0.35 -2.5321e-06
0.36 -2.80732e-06
0.37 -3.20478e-06
0.38 -3.74293e-06
0.39 -4.34074e-06
0.4 -4.93299e-06
0.41 -5.53297e-06
0.42 -6.09809e-06
0.43 -6.45887e-06
0.44 -6.48347e-06
0.45 -6.2436e-06
0.46 -5.97307e-06
0.47 -5.84649e-06
0.48 -5.75935e-06
0.49 -5.47224e-06
0.5 -5.01367e-06
0.51 -4.68967e-06
0.52 -4.68732e-06
0.53 -4.80899e-06
0.54 -4.56988e-06
0.55 -3.58656e-06
0.56 -1.91833e-06
0.57 6.87886e-08
0.58 2.1263e-06
0.59 4.24398e-06
0.6 6.45096e-06
0.61 8.72305e-06
0.62 1.11063e-05
0.63 1.37322e-05
0.64 1.66589e-05
0.65 1.99769e-05
0.66 2.39197e-05
0.67 2.83201e-05
0.68 3.21647e-05
0.69 3.42874e-05
0.7 3.45358e-05
0.71 3.39381e-05
0.72 3.36363e-05
0.73 3.39662e-05
0.74 3.46789e-05
0.75 3.55024e-05
0.76 3.60266e-05
0.77 3.54981e-05
0.78 3.34133e-05
0.79 3.02237e-05
0.8 2.6958e-05
0.81 2.42556e-05
0.82 2.23248e-05
0.83 2.16136e-05
0.84 2.28256e-05
0.85 2.62221e-05
0.86 3.10935e-05
0.87 3.59158e-05
0.88 3.89973e-05
0.89 3.94999e-05
0.9 3.85598e-05
0.91 3.88312e-05
0.92 4.19396e-05
0.93 4.65407e-05
0.94 4.9178e-05
0.95 4.69334e-05
0.96 3.94994e-05
0.97 2.90467e-05
0.98 1.8213e-05
0.99 8.43777e-06
1 2.64075e-07
1.01 -5.41212e-06
1.02 -7.5046e-06
1.03 -6.67573e-06
1.04 -6.22514e-06
1.05 -9.71618e-06
1.06 -1.77671e-05
1.07 -2.80063e-05
1.08 -3.7834e-05
1.09 -4.66047e-05
1.1 -5.5633e-05
1.11 -6.67556e-05
1.12 -8.10551e-05
1.13 -9.87868e-05
1.14 -0.000119725
1.15 -0.000142646
1.16 -0.000164703
1.17 -0.000182576
1.18 -0.000194611
1.19 -0.00020158
1.2 -0.00020566
1.21 -0.000208592
1.22 -0.000210135
1.23 -0.000208271
1.24 -0.000201323
1.25 -0.000189845
1.26 -0.000176496
1.27 -0.000164384
1.28 -0.000155005
1.29 -0.000147403
1.3 -0.000139936
1.31 -0.000132637
1.32 -0.000127009
1.33 -0.000124061
1.34 -0.000123563
1.35 -0.000124777
1.36 -0.000126863
1.37 -0.000128287
1.38 -0.000126931
1.39 -0.000121717
1.4 -0.000113515
1.41 -0.000104186
1.42 -9.4839e-05
1.43 -8.45174e-05
1.44 -7.05555e-05
1.45 -5.0989e-05
1.46 -2.70883e-05
1.47 -3.06358e-06
1.48 1.74147e-05
1.49 3.39918e-05
1.5 4.83664e-05
1.51 6.10325e-05
1.52 7.01999e-05
1.53 7.38753e-05
1.54 7.22384e-05
1.55 6.74592e-05
1.56 6.14919e-05
1.57 5.41954e-05
1.58 4.36613e-05
1.59 2.87406e-05
1.6 1.07592e-05
1.61 -8.11469e-06
1.62 -2.73641e-05
1.63 -4.75315e-05
1.64 -6.79497e-05
1.65 -8.67743e-05
1.66 -0.000103083
1.67 -0.000117787
1.68 -0.000131988
1.69 -0.000144865
1.7 -0.00015372
1.71 -0.000156264
1.72 -0.000152959
1.73 -0.00014678
1.74 -0.000140052
1.75 -0.000131826
1.76 -0.00011902
1.77 -9.98426e-05
1.78 -7.55082e-05
1.79 -4.89197e-05
1.8 -2.21426e-05
1.81 4.58263e-06
1.82 3.1239e-05
1.83 5.61673e-05
1.84 7.65989e-05
1.85 9.09174e-05
1.86 0.000100088
1.87 0.00010707
1.88 0.000114478
1.89 0.000122021
1.9 0.00012629
1.91 0.000123316
1.92 0.000111266
1.93 9.0895e-05
1.94 6.43073e-05
1.95 3.41383e-05
1.96 4.0213e-06
1.97 -2.17035e-05
1.98 -4.1019e-05
1.99 -5.67368e-05
2 -7.42497e-05
2.01 -9.67429e-05
2.02 -0.000122565
2.03 -0.000146413
2.04 -0.000163005
2.05 -0.000170024
2.06 -0.000168334
2.07 -0.000160535
2.08 -0.000149549
2.09 -0.000137707
2.1 -0.000126105
2.11 -0.000114078
2.12 -9.938e-05
2.13 -7.94407e-05
2.14 -5.24617e-05
2.15 -1.79461e-05
2.16 2.24425e-05
2.17 6.41732e-05
2.18 0.00010076
2.19 0.00012714
2.2 0.00014313
2.21 0.000152698
2.22 0.000159847
2.23 0.000165756
2.24 0.000169264
2.25 0.000169188
2.26 0.000165441
2.27 0.000158311
2.28 0.000147766
2.29 0.000134044
2.3 0.000118673
2.31 0.000104672
2.32 9.55833e-05
2.33 9.36151e-05
2.34 9.8067e-05
2.35 0.000105857
2.36 0.000113964
2.37 0.000121087
2.38 0.000127337
2.39 0.000133612
2.4 0.000141409
2.41 0.000151877
2.42 0.000164284
2.43 0.000176259
2.44 0.00018555
2.45 0.000190655
2.46 0.000190317
2.47 0.000183813
2.48 0.000172028
2.49 0.000157532
2.5 0.000143073
2.51 0.000129918
2.52 0.000117437
2.53 0.000103737
2.54 8.66388e-05
2.55 6.48194e-05
2.56 3.86195e-05
2.57 9.91997e-06
2.58 -1.89611e-05
2.59 -4.64551e-05
2.6 -7.2096e-05
2.61 -9.61199e-05
2.62 -0.000118823
2.63 -0.000139945
2.64 -0.000158291
2.65 -0.000171983
2.66 -0.000179033
2.67 -0.00017777
2.68 -0.000167631
2.69 -0.000149901
2.7 -0.00012726
2.71 -0.000102421
2.72 -7.71452e-05
2.73 -5.19782e-05
2.74 -2.65175e-05
2.75 8.81683e-08
2.76 2.87633e-05
2.77 5.98716e-05
2.78 9.22071e-05
2.79 0.000122984
2.8 0.000149451
2.81 0.000170511
2.82 0.0001867
2.83 0.000198983
2.84 0.000207851
2.85 0.000213152
2.86 0.000214136
2.87 0.000209641
2.88 0.000198425
2.89 0.000179994
2.9 0.000155717
2.91 0.00012816
2.92 9.88318e-05
2.93 6.7371e-05
2.94 3.31263e-05
2.95 -3.13867e-06
2.96 -3.97013e-05
2.97 -7.58707e-05
2.98 -0.000112584
2.99 -0.000150412
3 -0.000187563
3.01 -0.000220299
3.02 -0.00024492
3.03 -0.000259464
3.04 -0.000264263
3.05 -0.000261264
3.06 -0.000252605
3.07 -0.000239148
3.08 -0.000220228
3.09 -0.000195435
3.1 -0.000166138
3.11 -0.00013444
3.12 -0.000101232
3.13 -6.60788e-05
3.14 -2.88246e-05
3.15 9.11656e-06
3.16 4.51177e-05
3.17 7.70521e-05
3.18 0.000104771
3.19 0.000129848
3.2 0.000153736
3.21 0.000176275
3.22 0.000195992
3.23 0.000211404
3.24 0.000221793
3.25 0.000227194
3.26 0.000228231
3.27 0.000226244
3.28 0.00022353
3.29 0.000222812
3.3 0.000225742
3.31 0.000231894
3.32 0.000239321
3.33 0.000245863
3.34 0.000250454
3.35 0.000253504
3.36 0.000255115
3.37 0.000253549
3.38 0.000246829
3.39 0.000234889
3.4 0.000219374
3.41 0.000202048
3.42 0.000183579
3.43 0.000163482
3.44 0.000140867
3.45 0.000115184
3.46 8.66497e-05
3.47 5.61868e-05
3.48 2.49099e-05
3.49 -6.38744e-06
3.5 -3.71529e-05
3.51 -6.66477e-05
3.52 -9.39133e-05
3.53 -0.000118155
3.54 -0.000139302
3.55 -0.00015775
3.56 -0.000172791
3.57 -0.000182627
3.58 -0.000186227
3.59 -0.000183279
3.6 -0.000173001
3.61 -0.000154777
3.62 -0.00012978
3.63 -0.000100974
3.64 -7.03592e-05
3.65 -3.66121e-05
3.66 3.12004e-06
3.67 4.95815e-05
3.68 0.000100634
3.69 0.000153434
3.7 0.00020638
3.71 0.000258982
3.72 0.000310047
3.73 0.000356473
3.74 0.000394672
3.75 0.000423105
3.76 0.00044314
3.77 0.000458014
3.78 0.000471007
3.79 0.000483964
3.8 0.00049715
3.81 0.000509899
3.82 0.000520786
3.83 0.000527578
3.84 0.000528
3.85 0.000520975
3.86 0.000507164
3.87 0.000488658
3.88 0.000468241
3.89 0.000448583
3.9 0.000432203
3.91 0.000421669
3.92 0.000418675
3.93 0.000423121
3.94 0.000433753
3.95 0.000449552
3.96 0.000470808
3.97 0.000498998
3.98 0.000534867
3.99 0.000576916
4 0.000622385
4.01 0.000668932
4.02 0.000714709
4.03 0.000757259
4.04 0.000793063
4.05 0.000819141
4.06 0.000835148
4.07 0.000842924
4.08 0.000844138
4.09 0.000839063
4.1 0.000826754
4.11 0.000805776
4.12 0.00077482
4.13 0.000733147
4.14 0.000681512
4.15 0.000621288
4.16 0.000552487
4.17 0.000475165
4.18 0.000391537
4.19 0.000304842
4.2 0.00021729
4.21 0.000129726
4.22 4.27618e-05
4.23 -4.21819e-05
4.24 -0.000122589
4.25 -0.000194833
4.26 -0.000254851
4.27 -0.000299864
4.28 -0.000329396
4.29 -0.000344781
4.3 -0.000348533
4.31 -0.000343789
4.32 -0.000333569
4.33 -0.000320455
4.34 -0.000307214
4.35 -0.000297765
4.36 -0.000297306
4.37 -0.000311748
4.38 -0.000345876
4.39 -0.000400565
4.4 -0.000473135
4.41 -0.000561637
4.42 -0.000667756
4.43 -0.000795362
4.44 -0.000946411
4.45 -0.00111687
4.46 -0.00129603
4.47 -0.00147041
4.48 -0.00162829
4.49 -0.00176142
4.5 -0.0018651
4.51 -0.0019382
4.52 -0.00198269
4.53 -0.00200218
4.54 -0.00199808
4.55 -0.00196691
4.56 -0.00190528
4.57 -0.00181675
4.58 -0.00170901
4.59 -0.00158526
4.6 -0.00144296
4.61 -0.00128178
4.62 -0.00110873
4.63 -0.000934354
4.64 -0.000765681
4.65 -0.00060031
4.66 -0.00042662
4.67 -0.000232577
4.68 -1.57054e-05
4.69 0.00021414
4.7 0.000438883
4.71 0.000638482
4.72 0.000796608
4.73 0.000904793
4.74 0.000964408
4.75 0.000986205
4.76 0.000987146
4.77 0.000985232
4.78 0.000993419
4.79 0.00101348
4.8 0.00103367
4.81 0.00103512
4.82 0.00100517
4.83 0.000947773
4.84 0.00088193
4.85 0.000829697
4.86 0.000802949
4.87 0.000798058
4.88 0.000800429
4.89 0.000792403
4.9 0.000759949
4.91 0.000697202
4.92 0.000607444
4.93 0.000501776
4.94 0.00039617
4.95 0.000306127
4.96 0.00024029
4.97 0.000195848
4.98 0.000159351
4.99 0.000113648
5 4.60741e-05
5.01 -4.69299e-05
5.02 -0.000159679
5.03 -0.000280321
5.04 -0.000395293
5.05 -0.000493706
5.06 -0.0005707
5.07 -0.000628363
5.08 -0.000673655
5.09 -0.000714651
5.1 -0.000757251
5.11 -0.000803798
5.12 -0.000853383
5.13 -0.000902952
5.14 -0.000949058
5.15 -0.000989922
5.16 -0.00102689
5.17 -0.00106479
5.18 -0.00111071
5.19 -0.00117111
5.2 -0.00124804
5.21 -0.0013368
5.22 -0.00142647
5.23 -0.0015032
5.24 -0.00155447
5.25 -0.00157304
5.26 -0.00155925
5.27 -0.0015205
5.28 -0.00146781
5.29 -0.00141098
5.3 -0.00135495
5.31 -0.00129915
5.32 -0.00124051
5.33 -0.00117699
5.34 -0.00110736
5.35 -0.00102923
5.36 -0.000940671
5.37 -0.000843432
5.38 -0.000742892
5.39 -0.00064445
5.4 -0.000550651
5.41 -0.00046138
5.42 -0.00037443
5.43 -0.000285425
5.44 -0.000188752
5.45 -8.06608e-05
5.46 3.73204e-05
5.47 0.000159682
5.48 0.000281507
5.49 0.000399975
5.5 0.000512912
5.51 0.000617937
5.52 0.000712203
5.53 0.000792524
5.54 0.000858219
5.55 0.000913691
5.56 0.000965298
5.57 0.00101568
5.58 0.00106132
5.59 0.00109406
5.6 0.0011058
5.61 0.00109446
5.62 0.00106747
5.63 0.00103939
5.64 0.00102512
5.65 0.00103373
5.66 0.00106582
5.67 0.00111395
5.68 0.0011656
5.69 0.00120846
5.7 0.00123541
5.71 0.00124667
5.72 0.00124819
5.73 0.00124804
5.74 0.00125281
5.75 0.00126524
5.76 0.00128336
5.77 0.00130147
5.78 0.00131218
5.79 0.0013096
5.8 0.00129207
5.81 0.00126233
5.82 0.00122533
5.83 0.00118611
5.84 0.00114904
5.85 0.00111707
5.86 0.00108975
5.87 0.00106314
5.88 0.00103332
5.89 0.000999109
5.9 0.000960467
5.91 0.000916381
5.92 0.00086545
5.93 0.000807148
5.94 0.000741661
5.95 0.000668191
5.96 0.000583718
5.97 0.000484503
5.98 0.000368713
5.99 0.000237472
6 9.46376e-05
6.01 -5.41876e-05
6.02 -0.000203017
6.03 -0.000345838
6.04 -0.00047561
6.05 -0.000583866
6.06 -0.000663276
6.07 -0.000712048
6.08 -0.000735835
6.09 -0.000744893
6.1 -0.000748952
6.11 -0.000753296
6.12 -0.000757669
6.13 -0.000758235
6.14 -0.000750899
6.15 -0.00073292
6.16 -0.000703154
6.17 -0.000663326
6.18 -0.000619202
6.19 -0.000579382
6.2 -0.000551099
6.21 -0.000534798
6.22 -0.000521825
6.23 -0.000498735
6.24 -0.00045597
6.25 -0.000393317
6.26 -0.000318264
6.27 -0.000241239
6.28 -0.000171373
6.29 -0.000113321
6.3 -6.72505e-05
6.31 -3.22801e-05
6.32 -8.93984e-06
6.33 1.72952e-06
6.34 -8.19291e-07
6.35 -1.78498e-05
6.36 -5.18556e-05
6.37 -0.000104527
6.38 -0.000174593
6.39 -0.000256906
6.4 -0.000343035
6.41 -0.000423787
6.42 -0.000491616
6.43 -0.00054063
6.44 -0.000565788
6.45 -0.000564216
6.46 -0.000537587
6.47 -0.00049201
6.48 -0.000434731
6.49 -0.000370374
6.5 -0.000299901
6.51 -0.000222637
6.52 -0.000138507
6.53 -4.83946e-05
6.54 4.65673e-05
6.55 0.000145041
6.56 0.000243994
6.57 0.000337407
6.58 0.000418068
6.59 0.000481384
6.6 0.000527256
6.61 0.000558866
6.62 0.000580832
6.63 0.000598538
6.64 0.000617826
6.65 0.00064353
6.66 0.000677454
6.67 0.000717444
6.68 0.000758402
6.69 0.000794808
6.7 0.000823308
6.71 0.000844277
6.72 0.000860605
6.73 0.00087364
6.74 0.000880943
6.75 0.000878724
6.76 0.000865178
6.77 0.000840352
6.78 0.000804157
6.79 0.000756136
6.8 0.000696964
6.81 0.000629366
6.82 0.000557334
6.83 0.000485212
6.84 0.000417349
6.85 0.000356384
6.86 0.000301455
6.87 0.000250111
6.88 0.000202154
6.89 0.000160684
6.9 0.000130084
6.91 0.000113594
6.92 0.000111951
6.93 0.000122945
6.94 0.000141482
6.95 0.000160886
6.96 0.000175494
6.97 0.000182313
6.98 0.000180601
6.99 0.000170736
7 0.000153365
7.01 0.0001284
7.02 9.41691e-05
7.03 4.77106e-05
7.04 -1.39296e-05
7.05 -9.23499e-05
7.06 -0.000186798
7.07 -0.000293273
7.08 -0.000404654
7.09 -0.000513605
7.1 -0.000616334
7.11 -0.00071305
7.12 -0.000805268
7.13 -0.000893673
7.14 -0.000978081
7.15 -0.00105829
7.16 -0.00113442
7.17 -0.00120656
7.18 -0.00127423
7.19 -0.00133634
7.2 -0.00139162
7.21 -0.0014386
7.22 -0.00147583
7.23 -0.00150203
7.24 -0.00151577
7.25 -0.00151495
7.26 -0.00149725
7.27 -0.00146144
7.28 -0.00140775
7.29 -0.00133754
7.3 -0.00125347
7.31 -0.00115973
7.32 -0.00106162
7.33 -0.000964208
7.34 -0.000870257
7.35 -0.000779357
7.36 -0.000689405
7.37 -0.000599086
7.38 -0.0005091
7.39 -0.000421946
7.4 -0.000341509
7.41 -0.000272078
7.42 -0.00021663
7.43 -0.000175394
7.44 -0.00014538
7.45 -0.000121397
7.46 -9.85788e-05
7.47 -7.49001e-05
7.48 -5.19061e-05
7.49 -3.30608e-05
7.5 -2.08307e-05
7.51 -1.47179e-05
7.52 -1.15067e-05
7.53 -6.61054e-06
7.54 4.64591e-06
7.55 2.5631e-05
7.56 5.75318e-05
7.57 9.95921e-05
7.58 0.000149817
7.59 0.000206126
7.6 0.000267602
7.61 0.000334159
7.62 0.000404202
7.63 0.000472621
7.64 0.000532541
7.65 0.000579892
7.66 0.00061542
7.67 0.000642464
7.68 0.000664219
7.69 0.000683443
7.7 0.000703374
7.71 0.000726356
7.72 0.000751161
7.73 0.000773572
7.74 0.000789862
7.75 0.000798781
7.76 0.000801008
7.77 0.000798473
7.78 0.00079391
7.79 0.000789434
7.8 0.00078494
7.81 0.000777563
7.82 0.000762237
7.83 0.000733561
7.84 0.000688737
7.85 0.000629633
7.86 0.000562667
7.87 0.000496802
7.88 0.000439507
7.89 0.000392749
7.9 0.000353253
7.91 0.000316523
7.92 0.000280282
7.93 0.000244414
7.94 0.000208633
7.95 0.000172883
7.96 0.000139213
7.97 0.00010905
7.98 7.98872e-05
7.99 4.67958e-05
8 5.0674e-06
8.01 -4.8832e-05
8.02 -0.000116559
8.03 -0.00019703
8.04 -0.000286092
8.05 -0.000376623
8.06 -0.000459856
8.07 -0.000528368
8.08 -0.000577873
8.09 -0.000606365
8.1 -0.000613515
8.11 -0.000600888
8.12 -0.000570646
8.13 -0.000523937
8.14 -0.00046137
8.15 -0.000384946
8.16 -0.000299262
8.17 -0.000210323
8.18 -0.000123226
8.19 -4.23901e-05
8.2 2.62143e-05
8.21 7.50618e-05
8.22 9.79245e-05
8.23 9.24568e-05
8.24 6.12946e-05
8.25 1.18722e-05
8.26 -4.75956e-05
8.27 -0.000113445
8.28 -0.000185119
8.29 -0.000260003
8.3 -0.000333758
8.31 -0.000402747
8.32 -0.000461763
8.33 -0.000501287
8.34 -0.000510912
8.35 -0.000486284
8.36 -0.000431391
8.37 -0.000355229
8.38 -0.000268835
8.39 -0.000183447
8.4 -0.000106841
8.41 -4.05646e-05
8.42 1.77415e-05
8.43 6.94288e-05
8.44 0.000112235
8.45 0.00014094
8.46 0.000149696
8.47 0.000134073
8.48 9.31718e-05
8.49 3.22947e-05
8.5 -3.79142e-05
8.51 -0.000107072
8.52 -0.000169459
8.53 -0.000224088
8.54 -0.000272283
8.55 -0.000314944
8.56 -0.000350634
8.57 -0.000375593
8.58 -0.000386921
8.59 -0.000386961
8.6 -0.000383791
8.61 -0.000385796
8.62 -0.000395993
8.63 -0.000412523
8.64 -0.000432259
8.65 -0.000451602
8.66 -0.000465419
8.67 -0.000468172
8.68 -0.000456718
8.69 -0.000430733
8.7 -0.000391092
8.71 -0.000339095
8.72 -0.000275622
8.73 -0.000199605
8.74 -0.000108581
8.75 -2.19752e-06
8.76 0.000115375
8.77 0.000236702
8.78 0.000352217
8.79 0.000449937
8.8 0.000517705
8.81 0.000547449
8.82 0.000537597
8.83 0.000494149
8.84 0.000431484
8.85 0.000367974
8.86 0.0003155
8.87 0.000274336
8.88 0.00023846
8.89 0.000202055
8.9 0.000162942
8.91 0.00012535
8.92 9.86283e-05
8.93 9.04603e-05
8.94 0.00010297
8.95 0.000135106
8.96 0.000183916
8.97 0.00024225
8.98 0.000299785
8.99 0.000348037
9 0.000382372
9.01 0.000401225
9.02 0.000406515
9.03 0.000403996
9.04 0.000401242
9.05 0.000403628
9.06 0.000411749
9.07 0.000424091
9.08 0.000442091
9.09 0.00047055
9.1 0.000513781
9.11 0.000572737
9.12 0.000643873
9.13 0.000718845
9.14 0.000786315
9.15 0.00083661
9.16 0.000865199
9.17 0.000870582
9.18 0.000851809
9.19 0.000809703
9.2 0.000747533
9.21 0.000670325
9.22 0.000584797
9.23 0.000498792
9.24 0.000418944
9.25 0.000348157
9.26 0.00028639
9.27 0.000234725
9.28 0.000197601
9.29 0.000181178
9.3 0.000190755
9.31 0.000228532
9.32 0.00029136
9.33 0.000369686
9.34 0.000450428
9.35 0.000522981
9.36 0.000581358
9.37 0.000620848
9.38 0.000636347
9.39 0.00062515
9.4 0.000589683
9.41 0.000536998
9.42 0.000476354
9.43 0.000417271
9.44 0.00036646
9.45 0.000323357
9.46 0.000282524
9.47 0.000242825
9.48 0.000210421
9.49 0.000192991
9.5 0.000194707
9.51 0.000215653
9.52 0.000252732
9.53 0.00030102
9.54 0.000355084
9.55 0.000408731
9.56 0.000452566
9.57 0.000472618
9.58 0.000455758
9.59 0.000398523
9.6 0.000307177
9.61 0.000188415
9.62 4.42777e-05
9.63 -0.000123229
9.64 -0.000309467
9.65 -0.000514096
9.66 -0.0007441
9.67 -0.00100159
9.68 -0.00127165
9.69 -0.0015292
9.7 -0.00175758
9.71 -0.00195848
9.72 -0.00214419
9.73 -0.00231797
9.74 -0.00246197
9.75 -0.00255188
9.76 -0.00258926
9.77 -0.00261061
9.78 -0.00265237
9.79 -0.00270756
9.8 -0.00272537
9.81 -0.00265548
9.82 -0.00248778
9.83 -0.00225218
9.84 -0.00199419
9.85 -0.00175564
9.86 -0.00156303
9.87 -0.00141924
9.88 -0.00130686
9.89 -0.00120345
9.9 -0.00109056
9.91 -0.000949838
9.92 -0.00076381
9.93 -0.000529442
9.94 -0.000267124
9.95 -1.2965e-05
9.96 0.000197211
9.97 0.000342087
9.98 0.000424147
9.99 0.000468188
10 0.000503464
10.01 0.000543663
10.02 0.00058886
10.03 0.000640692
10.04 0.000704972
10.05 0.000785293
10.06 0.000882238
10.07 0.000996635
10.08 0.00113027
10.09 0.0012831
10.1 0.0014493
10.11 0.00161546
10.12 0.00176327
10.13 0.00187556
10.14 0.00194276
10.15 0.00196689
10.16 0.00195931
10.17 0.00193311
10.18 0.00189503
10.19 0.00184288
10.2 0.00177016
10.21 0.00167336
10.22 0.00155603
10.23 0.00142874
10.24 0.00130531
10.25 0.00119608
10.26 0.00110214
10.27 0.00101522
10.28 0.000923221
10.29 0.000816443
10.3 0.000690657
10.31 0.000547288
10.32 0.00039334
10.33 0.000241527
10.34 0.000108363
10.35 8.78883e-06
10.36 -4.99081e-05
10.37 -6.97894e-05
10.38 -5.9152e-05
10.39 -2.82064e-05
10.4 1.44686e-05
10.41 6.45398e-05
10.42 0.000122092
10.43 0.000188149
10.44 0.000261613
10.45 0.000339923
10.46 0.00041977
10.47 0.000495804
10.48 0.000560533
10.49 0.000606322
10.5 0.00062745
10.51 0.000621822
10.52 0.000591871
10.53 0.000543321
10.54 0.000481995
10.55 0.000411676
10.56 0.000335022
10.57 0.000253929
10.58 0.000167674
10.59 7.38133e-05
10.6 -2.70277e-05
10.61 -0.000127864
10.62 -0.000216656
10.63 -0.000280504
10.64 -0.000309643
10.65 -0.000299711
10.66 -0.000252792
10.67 -0.000177381
10.68 -8.60769e-05
10.69 8.92153e-06
10.7 9.98889e-05
10.71 0.000184758
10.72 0.000265091
10.73 0.000342123
10.74 0.000413261
10.75 0.000471574
10.76 0.000508213
10.77 0.000516209
10.78 0.000493974
10.79 0.000446259
10.8 0.000381483
10.81 0.000307323
10.82 0.000228103
10.83 0.000144553
10.84 5.4486e-05
10.85 -4.54449e-05
10.86 -0.000157133
10.87 -0.000278855
10.88 -0.000404144
10.89 -0.000522248
10.9 -0.000621235
10.91 -0.000693144
10.92 -0.000737799
10.93 -0.000762345
10.94 -0.000777283
10.95 -0.000791865
10.96 -0.000811019
10.97 -0.000834382
10.98 -0.000856909
10.99 -0.000870642
11 -0.000867836
11.01 -0.000844937
11.02 -0.000805238
11.03 -0.000757889
11.04 -0.000713486
11.05 -0.000679829
11.06 -0.00066045
11.07 -0.000654955
11.08 -0.000659538
11.09 -0.000668073
11.1 -0.000674814
11.11 -0.000677287
11.12 -0.000676881
11.13 -0.000676937
11.14 -0.000680185
11.15 -0.000687138
11.16 -0.000695791
11.17 -0.000702273
11.18 -0.000702107
11.19 -0.000691709
11.2 -0.000669659
11.21 -0.000637214
11.22 -0.000597682
11.23 -0.000554815
11.24 -0.00051109
11.25 -0.000466841
11.26 -0.000420756
11.27 -0.000371634
11.28 -0.000320199
11.29 -0.00026915
11.3 -0.000221897
11.31 -0.000182102
11.32 -0.000153784
11.33 -0.000140398
11.34 -0.000143485
11.35 -0.000162537
11.36 -0.000196032
11.37 -0.00024223
11.38 -0.000299022
11.39 -0.000363059
11.4 -0.000429593
11.41 -0.0004938
11.42 -0.000551655
11.43 -0.000599381
11.44 -0.00063282
11.45 -0.000648226
11.46 -0.000644078
11.47 -0.000621746
11.48 -0.000584022
11.49 -0.000532983
11.5 -0.000468966
11.51 -0.000390963
11.52 -0.000297603
11.53 -0.000188157
11.54 -6.37594e-05
11.55 7.13589e-05
11.56 0.000210178
11.57 0.000344645
11.58 0.000466575
11.59 0.000567373
11.6 0.000638662
11.61 0.000675532
11.62 0.000680029
11.63 0.000660534
11.64 0.000627339
11.65 0.000588403
11.66 0.000547489
11.67 0.000504567
11.68 0.000457393
11.69 0.000403317
11.7 0.000341621
11.71 0.000275392
11.72 0.000211218
11.73 0.000157094
11.74 0.000120036
11.75 0.000104348
11.76 0.000110562
11.77 0.000134954
11.78 0.000170718
11.79 0.000210917
11.8 0.000251088
11.81 0.000290252
11.82 0.000330501
11.83 0.000374963
11.84 0.000424878
11.85 0.000477985
11.86 0.000529332
11.87 0.000573507
11.88 0.000606799
11.89 0.000628307
11.9 0.000639696
11.91 0.000643933
11.92 0.000643926
11.93 0.000641622
11.94 0.000637487
11.95 0.000630263
11.96 0.000617207
11.97 0.000595287
11.98 0.000562912
11.99 0.000520932
12 0.000472492
12.01 0.000421854
12.02 0.00037227
12.03 0.000324263
12.04 0.000276221
12.05 0.000226694
12.06 0.000175872
12.07 0.00012534
12.08 7.7269e-05
12.09 3.37962e-05
12.1 -3.44962e-06
12.11 -3.35832e-05
12.12 -5.65222e-05
12.13 -7.31835e-05
12.14 -8.53475e-05
12.15 -9.48551e-05
12.16 -0.000102879
12.17 -0.000109653
12.18 -0.000114562
12.19 -0.000116764
12.2 -0.000115968
12.21 -0.000112629
12.22 -0.000107497
12.23 -0.000101029
12.24 -9.31616e-05
12.25 -8.35019e-05
12.26 -7.16546e-05
12.27 -5.77008e-05
12.28 -4.26704e-05
12.29 -2.86697e-05
12.3 -1.85407e-05
12.31 -1.5076e-05
12.32 -2.03854e-05
12.33 -3.57588e-05
12.34 -6.15633e-05
12.35 -9.7331e-05
12.36 -0.000142376
12.37 -0.000196246
12.38 -0.000258247
12.39 -0.000326509
12.4 -0.000397968
12.41 -0.00046917
12.42 -0.000536506
12.43 -0.000596006
12.44 -0.000643703
12.45 -0.000676701
12.46 -0.000694345
12.47 -0.000698442
12.48 -0.000692139
12.49 -0.000678342
12.5 -0.000658559
12.51 -0.000632736
12.52 -0.0006002
12.53 -0.000561007
12.54 -0.000516589
12.55 -0.000469077
12.56 -0.000420209
12.57 -0.000371322
12.58 -0.00032399
12.59 -0.000279933
12.6 -0.000240337
12.61 -0.000205257
12.62 -0.000173403
12.63 -0.000142626
12.64 -0.000111101
12.65 -7.81409e-05
12.66 -4.39874e-05
12.67 -9.29418e-06
12.68 2.5371e-05
12.69 6.00914e-05
12.7 9.56628e-05
12.71 0.000133228
12.72 0.000174158
12.73 0.000219963
12.74 0.000271793
12.75 0.00032984
12.76 0.000393351
12.77 0.000461174
12.78 0.000532264
12.79 0.000605897
12.8 0.000681396
12.81 0.000757467
12.82 0.000831754
12.83 0.000901121
12.84 0.000962567
12.85 0.00101399
12.86 0.00105423
12.87 0.00108283
12.88 0.00110013
12.89 0.00110718
12.9 0.00110527
12.91 0.00109506
12.92 0.00107641
12.93 0.00104903
12.94 0.00101325
12.95 0.00097018
12.96 0.000921445
12.97 0.000868898
12.98 0.00081425
12.99 0.000758936
13 0.000704098
13.01 0.000650413
13.02 0.000598075
13.03 0.000546985
13.04 0.000497029
13.05 0.000448417
13.06 0.000401815
13.07 0.000358138
13.08 0.000318337
13.09 0.000283407
13.1 0.000254279
13.11 0.000231452
13.12 0.000214722
13.13 0.000203136
13.14 0.000195173
13.15 0.000189244
13.16 0.000184185
13.17 0.000179212
13.18 0.000173508
13.19 0.000166198
13.2 0.000156583
13.21 0.000144133
13.22 0.000128333
13.23 0.000108659
13.24 8.47903e-05
13.25 5.68067e-05
13.26 2.49685e-05
13.27 -1.07746e-05
13.28 -5.09832e-05
13.29 -9.65832e-05
13.3 -0.000148595
13.31 -0.000207696
13.32 -0.000273862
13.33 -0.00034641
13.34 -0.00042419
13.35 -0.000505543
13.36 -0.000588288
13.37 -0.00066993
13.38 -0.000748029
13.39 -0.000820651
13.4 -0.000886431
13.41 -0.000944313
13.42 -0.000993595
13.43 -0.00103436
13.44 -0.00106763
13.45 -0.00109482
13.46 -0.00111721
13.47 -0.00113594
13.48 -0.00115212
13.49 -0.00116661
13.5 -0.00117918
13.51 -0.00118844
13.52 -0.00119279
13.53 -0.00119153
13.54 -0.00118523
13.55 -0.00117529
13.56 -0.00116308
13.57 -0.00114911
13.58 -0.00113249
13.59 -0.0011111
13.6 -0.00108235
13.61 -0.00104409
13.62 -0.00099538
13.63 -0.000936496
13.64 -0.000868589
13.65 -0.000793321
13.66 -0.000712482
13.67 -0.000627464
13.68 -0.000538809
13.69 -0.000446456
13.7 -0.000350644
13.71 -0.000252593
13.72 -0.000154689
13.73 -6.0262e-05
13.74 2.71939e-05
13.75 0.000104792
13.76 0.0001705
13.77 0.000223412
13.78 0.000264173
13.79 0.000294741
13.8 0.000317417
13.81 0.000334115
13.82 0.00034638
13.83 0.000355597
13.84 0.000362945
13.85 0.000369411
13.86 0.000376055
13.87 0.000383995
13.88 0.00039395
13.89 0.000405951
13.9 0.000419535
13.91 0.000434163
13.92 0.000449344
13.93 0.000464537
13.94 0.000479125
13.95 0.000492298
13.96 0.000502773
13.97 0.000508869
13.98 0.000509198
13.99 0.000503447
14 0.000492617
14.01 0.000478685
14.02 0.000464039
14.03 0.000450799
14.04 0.000440138
14.05 0.000432062
14.06 0.000425676
14.07 0.00041977
14.08 0.000413488
14.09 0.000406652
14.1 0.000399588
14.11 0.000392865
14.12 0.000387178
14.13 0.000383069
14.14 0.000380497
14.15 0.000378682
14.16 0.000376371
14.17 0.000372367
14.18 0.000366008
14.19 0.000357351
14.2 0.000347022
14.21 0.00033568
14.22 0.000323411
14.23 0.000309577
14.24 0.000293202
14.25 0.000273436
14.26 0.00024971
14.27 0.000221766
14.28 0.000189708
14.29 0.000153855
14.3 0.000114446
14.31 7.14206e-05
14.32 2.43987e-05
14.33 -2.70239e-05
14.34 -8.26959e-05
14.35 -0.000141417
14.36 -0.000201094
14.37 -0.000259631
14.38 -0.000315678
14.39 -0.000368486
14.4 -0.000417425
14.41 -0.000461997
14.42 -0.000502187
14.43 -0.000538489
14.44 -0.000571503
14.45 -0.000601431
14.46 -0.000627926
14.47 -0.000650367
14.48 -0.000668146
14.49 -0.000680818
14.5 -0.000688147
14.51 -0.000689997
14.52 -0.000686215
14.53 -0.000676759
14.54 -0.000661931
14.55 -0.000642367
14.56 -0.00061884
14.57 -0.000592014
14.58 -0.00056223
14.59 -0.000529567
14.6 -0.000494135
14.61 -0.000456304
14.62 -0.000416801
14.63 -0.000376564
14.64 -0.000336387
14.65 -0.000296624
14.66 -0.000257225
14.67 -0.000217942
14.68 -0.000178401
14.69 -0.000138211
14.7 -9.72206e-05
14.71 -5.56692e-05
14.72 -1.41236e-05
14.73 2.66591e-05
14.74 6.59695e-05
14.75 0.000103487
14.76 0.000139441
14.77 0.000174436
14.78 0.000208973
14.79 0.000243038
14.8 0.000276117
14.81 0.000307464
14.82 0.000336426
14.83 0.000362632
14.84 0.000385892
14.85 0.000406032
14.86 0.000423028
14.87 0.000437336
14.88 0.000449876
14.89 0.000461584
14.9 0.000472963
14.91 0.000484037
14.92 0.00049468
14.93 0.000504906
14.94 0.000514824
14.95 0.000524496
14.96 0.000533935
14.97 0.000543243
14.98 0.00055279
14.99 0.000563218
15 0.00057509
15.01 0.00058848
15.02 0.000602795
15.03 0.000616854
15.04 0.000629159
15.05 0.000638158
15.06 0.000642621
15.07 0.0006419
15.08 0.000635675
15.09 0.000623726
15.1 0.000606046
15.11 0.000582906
15.12 0.000554815
15.13 0.00052263
15.14 0.000487686
15.15 0.000451553
15.16 0.000415398
15.17 0.000379817
15.18 0.000345431
15.19 0.000313206
15.2 0.000284003
15.21 0.000258061
15.22 0.000235002
15.23 0.000214207
15.24 0.000195073
15.25 0.000176874
15.26 0.00015855
15.27 0.00013871
15.28 0.000116011
15.29 8.97552e-05
15.3 6.00457e-05
15.31 2.72148e-05
15.32 -8.65992e-06
15.33 -4.77145e-05
15.34 -9.00837e-05
15.35 -0.000135782
15.36 -0.000184651
15.37 -0.000236296
15.38 -0.000289955
15.39 -0.000344431
15.4 -0.000398337
15.41 -0.000450459
15.42 -0.00049992
15.43 -0.000546319
15.44 -0.000589753
15.45 -0.000630643
15.46 -0.000669445
15.47 -0.000706426
15.48 -0.000741468
15.49 -0.000773932
15.5 -0.000802769
15.51 -0.000826776
15.52 -0.00084489
15.53 -0.000856488
15.54 -0.000861392
15.55 -0.00085962
15.56 -0.000851214
15.57 -0.000836221
15.58 -0.000814706
15.59 -0.00078662
15.6 -0.000751694
15.61 -0.000709563
15.62 -0.000660049
15.63 -0.000603519
15.64 -0.000541148
15.65 -0.000474757
15.66 -0.000406398
15.67 -0.000338021
15.68 -0.000271216
15.69 -0.000207096
15.7 -0.000146494
15.71 -9.02246e-05
15.72 -3.92196e-05
15.73 5.39937e-06
15.74 4.23977e-05
15.75 7.08437e-05
15.76 9.06363e-05
15.77 0.000102708
15.78 0.000108871
15.79 0.000111511
15.8 0.000113049
15.81 0.000115204
15.82 0.000118648
15.83 0.000123319
15.84 0.000128975
15.85 0.000135575
15.86 0.000143392
15.87 0.000152872
15.88 0.000164385
15.89 0.000178118
15.9 0.000194062
15.91 0.000211969
15.92 0.000231439
15.93 0.00025208
15.94 0.000273609
15.95 0.000295996
15.96 0.000319448
15.97 0.000344052
15.98 0.000369501
15.99 0.000395305
16 0.000421231
16.01 0.000447286
16.02 0.000473372
16.03 0.000499154
16.04 0.000524108
16.05 0.000547486
16.06 0.000568294
16.07 0.000585317
16.08 0.00059728
16.09 0.000603373
16.1 0.000603677
16.11 0.000598974
16.12 0.000590204
16.13 0.000578034
16.14 0.000562786
16.15 0.000544627
16.16 0.000523747
16.17 0.000500542
16.18 0.000475819
16.19 0.000450788
16.2 0.000426849
16.21 0.000405336
16.22 0.000387161
16.23 0.000372537
16.24 0.000361066
16.25 0.000352076
16.26 0.00034483
16.27 0.00033865
16.28 0.000333158
16.29 0.000328297
16.3 0.000323918
16.31 0.000319446
16.32 0.00031404
16.33 0.0003069
16.34 0.000297307
16.35 0.000284499
16.36 0.000267755
16.37 0.000246557
16.38 0.000220685
16.39 0.00019025
16.4 0.000155528
16.41 0.000116726
16.42 7.39467e-05
16.43 2.73577e-05
16.44 -2.26337e-05
16.45 -7.52916e-05
16.46 -0.000129588
16.47 -0.000184297
16.48 -0.00023809
16.49 -0.000289642
16.5 -0.000337673
16.51 -0.000381073
16.52 -0.00041905
16.53 -0.000451017
16.54 -0.000476389
16.55 -0.000494665
16.56 -0.000505645
16.57 -0.00050949
16.58 -0.000506611
16.59 -0.000497566
16.6 -0.000483007
16.61 -0.000463755
16.62 -0.000440973
16.63 -0.00041612
16.64 -0.000390692
16.65 -0.000366088
16.66 -0.000343723
16.67 -0.000324852
16.68 -0.000310119
16.69 -0.000299511
16.7 -0.000292759
16.71 -0.000289703
16.72 -0.000290285
16.73 -0.000294329
16.74 -0.000301446
16.75 -0.000311093
16.76 -0.000322633
16.77 -0.000335307
16.78 -0.00034808
16.79 -0.000359573
16.8 -0.000368431
16.81 -0.000373958
16.82 -0.00037627
16.83 -0.000375833
16.84 -0.000372934
16.85 -0.000367387
16.86 -0.000358596
16.87 -0.000345942
16.88 -0.000329146
16.89 -0.0003084
16.9 -0.000284354
16.91 -0.000257898
16.92 -0.000229793
16.93 -0.000200433
16.94 -0.000169956
16.95 -0.000138597
16.96 -0.000106868
16.97 -7.54203e-05
16.98 -4.48368e-05
16.99 -1.55647e-05
17 1.20092e-05
17.01 3.76736e-05
17.02 6.17295e-05
17.03 8.49557e-05
17.04 0.000108242
17.05 0.000132424
17.06 0.000158156
17.07 0.000185579
17.08 0.000214163
17.09 0.000242849
17.1 0.000270308
17.11 0.00029538
17.12 0.000317407
17.13 0.000335983
17.14 0.00035046
17.15 0.000360002
17.16 0.000363948
17.17 0.000362023
17.18 0.000354505
17.19 0.000342263
17.2 0.000326625
17.21 0.000309191
17.22 0.000291411
17.23 0.000274282
17.24 0.000258496
17.25 0.000244577
17.26 0.000232713
17.27 0.000222624
17.28 0.00021372
17.29 0.0002054
17.3 0.000197195
17.31 0.000188793
17.32 0.000180086
17.33 0.000171094
17.34 0.000161708
17.35 0.000151526
17.36 0.000140024
17.37 0.000126905
17.38 0.000112289
17.39 9.65953e-05
17.4 8.03148e-05
17.41 6.38628e-05
17.42 4.74214e-05
17.43 3.08209e-05
17.44 1.3587e-05
17.45 -5.0284e-06
17.46 -2.5962e-05
17.47 -4.99298e-05
17.48 -7.70596e-05
17.49 -0.000106917
17.5 -0.000138775
17.51 -0.000171957
17.52 -0.000205952
17.53 -0.000240228
17.54 -0.000274093
17.55 -0.000306749
17.56 -0.000337518
17.57 -0.000366042
17.58 -0.000392068
17.59 -0.000415052
17.6 -0.000434208
17.61 -0.000448892
17.62 -0.000458893
17.63 -0.000464508
17.64 -0.000466357
17.65 -0.000465176
17.66 -0.000461861
17.67 -0.000457531
17.68 -0.000453246
17.69 -0.000449542
17.7 -0.000446333
17.71 -0.000443249
17.72 -0.000440114
17.73 -0.000437228
17.74 -0.000435291
17.75 -0.000435053
17.76 -0.000436902
17.77 -0.000440649
17.78 -0.000445577
17.79 -0.000450619
17.8 -0.000454624
17.81 -0.000456669
17.82 -0.000456239
17.83 -0.00045319
17.84 -0.000447624
17.85 -0.000439732
17.86 -0.00042956
17.87 -0.000416748
17.88 -0.000400465
17.89 -0.000379796
17.9 -0.000354211
17.91 -0.000323611
17.92 -0.000288164
17.93 -0.00024821
17.94 -0.000204158
17.95 -0.000156422
17.96 -0.000105424
17.97 -5.15589e-05
17.98 4.77197e-06
17.99 6.28734e-05
18 0.000121572
18.01 0.000179418
18.02 0.000234995
18.03 0.000287069
18.04 0.000334697
18.05 0.000377399
18.06 0.00041521
18.07 0.0004485
18.08 0.000477772
18.09 0.000503513
18.1 0.000526022
18.11 0.000545363
18.12 0.000561594
18.13 0.000574982
18.14 0.000585929
18.15 0.000594799
18.16 0.000601953
18.17 0.000607876
18.18 0.000613073
18.19 0.000617639
18.2 0.00062092
18.21 0.000621724
18.22 0.000618958
18.23 0.000612065
18.24 0.000600998
18.25 0.000586039
18.26 0.00056763
18.27 0.000546144
18.28 0.000521995
18.29 0.000495974
18.3 0.000469187
18.31 0.000442554
18.32 0.00041652
18.33 0.000391269
18.34 0.000367037
18.35 0.000344106
18.36 0.000322621
18.37 0.000302471
18.38 0.000283292
18.39 0.000264572
18.4 0.00024586
18.41 0.000226822
18.42 0.000207025
18.43 0.000185765
18.44 0.000162248
18.45 0.000135915
18.46 0.000106623
18.47 7.46488e-05
18.48 4.05466e-05
18.49 5.06489e-06
18.5 -3.08967e-05
18.51 -6.64409e-05
18.52 -0.000100731
18.53 -0.000132916
18.54 -0.000162194
18.55 -0.000188044
18.56 -0.000210347
18.57 -0.000229217
18.58 -0.000244958
18.59 -0.000258442
18.6 -0.000271146
18.61 -0.000284412
18.62 -0.000298956
18.63 -0.000315197
18.64 -0.000333688
18.65 -0.000355119
18.66 -0.000380126
18.67 -0.000409042
18.68 -0.000441529
18.69 -0.000476394
18.7 -0.000511853
18.71 -0.000545903
18.72 -0.000576616
18.73 -0.000602361
18.74 -0.000621945
18.75 -0.000634577
18.76 -0.000639688
18.77 -0.000637018
18.78 -0.000626765
18.79 -0.000609378
18.8 -0.000585349
18.81 -0.000555368
18.82 -0.000520407
18.83 -0.000481492
18.84 -0.000439659
18.85 -0.000396223
18.86 -0.000352833
18.87 -0.000311142
18.88 -0.000272346
18.89 -0.000236983
18.9 -0.000205202
18.91 -0.00017702
18.92 -0.000152293
18.93 -0.000130616
18.94 -0.000111337
18.95 -9.37117e-05
18.96 -7.72493e-05
18.97 -6.18735e-05
18.98 -4.76217e-05
18.99 -3.42928e-05
19 -2.15476e-05
19.01 -9.26707e-06
19.02 2.49086e-06
19.03 1.38521e-05
19.04 2.51868e-05
19.05 3.68031e-05
19.06 4.86008e-05
19.07 6.01217e-05
19.08 7.10988e-05
19.09 8.18394e-05
19.1 9.31066e-05
19.11 0.000105846
19.12 0.000120896
19.13 0.00013876
19.14 0.000159583
19.15 0.000183147
19.16 0.00020878
19.17 0.00023538
19.18 0.000261706
19.19 0.000286738
19.2 0.000309811
19.21 0.000330422
19.22 0.000347885
19.23 0.00036144
19.24 0.000370742
19.25 0.0003761
19.26 0.000378429
19.27 0.000378929
19.28 0.000378626
19.29 0.000378353
19.3 0.000378918
19.31 0.000380783
19.32 0.000383647
19.33 0.000386564
19.34 0.000388296
19.35 0.000387553
19.36 0.000383264
19.37 0.000374796
19.38 0.000361815
19.39 0.000343973
19.4 0.00032085
19.41 0.000292154
19.42 0.000257903
19.43 0.000218502
19.44 0.000174849
19.45 0.000128383
19.46 8.09182e-05
19.47 3.42538e-05
19.48 -1.02732e-05
19.49 -5.1883e-05
19.5 -9.01639e-05
19.51 -0.000124868
19.52 -0.000155763
19.53 -0.000182581
19.54 -0.000205068
19.55 -0.000223057
19.56 -0.000236498
19.57 -0.000245547
19.58 -0.000250724
19.59 -0.000252969
19.6 -0.000253397
19.61 -0.000252798
19.62 -0.000251346
19.63 -0.000248896
19.64 -0.000245465
19.65 -0.000241317
19.66 -0.000236913
19.67 -0.00023287
19.68 -0.000229776
19.69 -0.000227926
19.7 -0.000227219
19.71 -0.000227186
19.72 -0.000227017
19.73 -0.000225743
19.74 -0.000222512
19.75 -0.000216827
19.76 -0.000208632
19.77 -0.00019818
19.78 -0.000185736
19.79 -0.00017129
19.8 -0.000154617
19.81 -0.00013555
19.82 -0.000114188
19.83 -9.0917e-05
19.84 -6.63246e-05
19.85 -4.11078e-05
19.86 -1.5927e-05
19.87 8.74075e-06
19.88 3.24897e-05
19.89 5.4875e-05
19.9 7.55249e-05
19.91 9.42599e-05
19.92 0.000111209
19.93 0.000126713
19.94 0.000140987
19.95 0.000154119
19.96 0.000166334
19.97 0.000178152
19.98 0.000190368
19.99 0.000203823
20 0.000219042
20.01 0.000236142
20.02 0.000255136
20.03 0.000276134
20.04 0.000299196
20.05 0.000324149
20.06 0.000350666
20.07 0.000378417
20.08 0.000407126
20.09 0.000436478
20.1 0.000466003
20.11 0.000495164
20.12 0.000523542
20.13 0.000550811
20.14 0.000576608
20.15 0.000600571
20.16 0.000622433
20.17 0.000641926
20.18 0.000658627
20.19 0.000672004
20.2 0.000681597
20.21 0.000687091
20.22 0.000688266
20.23 0.000685034
20.24 0.00067744
20.25 0.000665524
20.26 0.000649289
20.27 0.000628781
20.28 0.000604173
20.29 0.000575792
20.3 0.000544042
20.31 0.000509271
20.32 0.00047177
20.33 0.000431978
20.34 0.000390626
20.35 0.000348507
20.36 0.000306235
20.37 0.000264453
20.38 0.000223984
20.39 0.000185672
20.4 0.000150231
20.41 0.000118166
20.42 8.97074e-05
20.43 6.48394e-05
20.44 4.34277e-05
20.45 2.52718e-05
20.46 1.01121e-05
20.47 -2.36107e-06
20.48 -1.25569e-05
20.49 -2.10591e-05
20.5 -2.86165e-05
20.51 -3.60893e-05
20.52 -4.43856e-05
20.53 -5.42887e-05
20.54 -6.62644e-05
20.55 -8.04084e-05
20.56 -9.66295e-05
20.57 -0.000114957
20.58 -0.000135602
20.59 -0.000158796
20.6 -0.000184692
20.61 -0.000213348
20.62 -0.000244639
20.63 -0.000278074
20.64 -0.000312788
20.65 -0.000347765
20.66 -0.000382051
20.67 -0.000414981
20.68 -0.000446175
20.69 -0.000475301
20.7 -0.000502055
20.71 -0.000526255
20.72 -0.000547813
20.73 -0.000566629
20.74 -0.00058247
20.75 -0.00059505
20.76 -0.00060421
20.77 -0.000609987
20.78 -0.000612537
20.79 -0.000611979
20.8 -0.000608465
20.81 -0.000602388
20.82 -0.000594335
20.83 -0.000584841
20.84 -0.000574256
20.85 -0.000562827
20.86 -0.000550829
20.87 -0.000538556
20.88 -0.000526318
20.89 -0.000514474
20.9 -0.000503298
20.91 -0.000492765
20.92 -0.000482525
20.93 -0.00047193
20.94 -0.000460037
20.95 -0.000445783
20.96 -0.000428345
20.97 -0.000407459
20.98 -0.000383497
20.99 -0.000357115
21 -0.000328808
21.01 -0.000298812
21.02 -0.000267211
21.03 -0.000234055
21.04 -0.000199501
21.05 -0.000163894
21.06 -0.000127854
21.07 -9.22882e-05
21.08 -5.81242e-05
21.09 -2.60554e-05
21.1 3.4749e-06
21.11 3.03136e-05
21.12 5.46981e-05
21.13 7.71557e-05
21.14 9.82386e-05
21.15 0.000118411
21.16 0.000138098
21.17 0.000157718
21.18 0.00017774
21.19 0.000198774
21.2 0.000221481
21.21 0.000246406
21.22 0.000273879
21.23 0.000303982
21.24 0.000336539
21.25 0.000370983
21.26 0.000406327
21.27 0.00044133
21.28 0.000474816
21.29 0.000505953
21.3 0.000534132
21.31 0.000558726
21.32 0.000579053
21.33 0.000594492
21.34 0.000604746
21.35 0.000609984
21.36 0.000610712
21.37 0.000607549
21.38 0.000601019
21.39 0.000591451
21.4 0.000579077
21.41 0.000564256
21.42 0.000547592
21.43 0.000529787
21.44 0.000511432
21.45 0.000492903
21.46 0.000474332
21.47 0.000455591
21.48 0.000436321
21.49 0.000416079
21.5 0.000394514
21.51 0.000371499
21.52 0.000347082
21.53 0.000321281
21.54 0.000294009
21.55 0.000265069
21.56 0.000234193
21.57 0.000201187
21.58 0.000165963
21.59 0.000128568
21.6 8.93839e-05
21.61 4.91239e-05
21.62 8.56683e-06
21.63 -3.16656e-05
21.64 -7.12037e-05
21.65 -0.000109854
21.66 -0.000147404
21.67 -0.000183446
21.68 -0.000217253
21.69 -0.000247884
21.7 -0.000274607
21.71 -0.000297241
21.72 -0.000316048
21.73 -0.000331472
21.74 -0.000344074
21.75 -0.000354571
21.76 -0.00036383
21.77 -0.000372704
21.78 -0.000381767
21.79 -0.000391195
21.8 -0.000401018
21.81 -0.000411477
21.82 -0.00042308
21.83 -0.000436375
21.84 -0.000451653
21.85 -0.000468858
21.86 -0.000487651
21.87 -0.000507374
21.88 -0.000527051
21.89 -0.000545657
21.9 -0.000562447
21.91 -0.000576931
21.92 -0.000588536
21.93 -0.00059646
21.94 -0.000599923
21.95 -0.000598459
21.96 -0.000592005
21.97 -0.000580693
21.98 -0.000564512
21.99 -0.000543372
22 -0.000517437
22.01 -0.00048723
22.02 -0.000453468
22.03 -0.000416901
22.04 -0.000378234
22.05 -0.000338046
22.06 -0.000296795
22.07 -0.000254872
22.08 -0.000212576
22.09 -0.000170226
22.1 -0.000128229
22.11 -8.70675e-05
22.12 -4.74285e-05
22.13 -1.01974e-05
22.14 2.39266e-05
22.15 5.47468e-05
22.16 8.24813e-05
22.17 0.000107541
22.18 0.000130462
22.19 0.000151913
22.2 0.000172496
22.21 0.000192474
22.22 0.000211792
22.23 0.000230324
22.24 0.000248145
22.25 0.000265673
22.26 0.000283483
22.27 0.000301979
22.28 0.000321289
22.29 0.000341404
22.3 0.000362237
22.31 0.000383507
22.32 0.000404758
22.33 0.000425586
22.34 0.000445831
22.35 0.000465554
22.36 0.000484843
22.37 0.000503605
22.38 0.000521554
22.39 0.000538394
22.4 0.00055388
22.41 0.000567787
22.42 0.000580002
22.43 0.000590497
22.44 0.000599241
22.45 0.000606202
22.46 0.000611261
22.47 0.00061408
22.48 0.000614035
22.49 0.000610374
22.5 0.000602484
22.51 0.000590084
22.52 0.000573297
22.53 0.000552456
22.54 0.000527856
22.55 0.000499743
22.56 0.000468407
22.57 0.000434249
22.58 0.000397765
22.59 0.000359507
22.6 0.000320156
22.61 0.000280531
22.62 0.000241407
22.63 0.000203379
22.64 0.000166954
22.65 0.000132668
22.66 0.000100969
22.67 7.18993e-05
22.68 4.51554e-05
22.69 2.04975e-05
22.7 -2.21172e-06
22.71 -2.32547e-05
22.72 -4.29994e-05
22.73 -6.17076e-05
22.74 -7.95705e-05
22.75 -9.6806e-05
22.76 -0.000113733
22.77 -0.000130942
22.78 -0.000149253
22.79 -0.000169244
22.8 -0.000191015
22.81 -0.000214502
22.82 -0.000239633
22.83 -0.000266233
22.84 -0.00029413
22.85 -0.000323298
22.86 -0.000353808
22.87 -0.000385691
22.88 -0.000418819
22.89 -0.000452708
22.9 -0.000486416
22.91 -0.000518789
22.92 -0.000548888
22.93 -0.000576139
22.94 -0.000600243
22.95 -0.000621052
22.96 -0.000638485
22.97 -0.000652583
22.98 -0.000663482
22.99 -0.000671207
23 -0.000675601
23.01 -0.000676484
23.02 -0.000673835
23.03 -0.00066788
23.04 -0.000659093
23.05 -0.000648076
23.06 -0.000635302
23.07 -0.000620945
23.08 -0.000604992
23.09 -0.000587421
23.1 -0.000568226
23.11 -0.000547358
23.12 -0.000524839
23.13 -0.000500933
23.14 -0.000476071
23.15 -0.000450618
23.16 -0.00042484
23.17 -0.000399078
23.18 -0.00037373
23.19 -0.000349069
23.2 -0.000325209
23.21 -0.000302263
23.22 -0.00028045
23.23 -0.000260093
23.24 -0.000241465
23.25 -0.000224602
23.26 -0.000209275
23.27 -0.000195145
23.28 -0.000181884
23.29 -0.000169186
23.3 -0.000156714
23.31 -0.000144184
23.32 -0.000131454
23.33 -0.000118466
23.34 -0.000105256
23.35 -9.19848e-05
23.36 -7.88029e-05
23.37 -6.57072e-05
23.38 -5.2533e-05
23.39 -3.91014e-05
23.4 -2.53337e-05
23.41 -1.12439e-05
23.42 3.12598e-06
23.43 1.77938e-05
23.44 3.29203e-05
23.45 4.87874e-05
23.46 6.56279e-05
23.47 8.34957e-05
23.48 0.00010232
23.49 0.000121984
23.5 0.000142323
23.51 0.000163071
23.52 0.000183794
23.53 0.000203981
23.54 0.000223249
23.55 0.000241413
23.56 0.00025837
23.57 0.000273926
23.58 0.000287709
23.59 0.000299345
23.6 0.00030865
23.61 0.000315633
23.62 0.000320424
23.63 0.000323259
23.64 0.000324472
23.65 0.00032444
23.66 0.000323468
23.67 0.00032168
23.68 0.000319081
23.69 0.000315707
23.7 0.000311631
23.71 0.000306931
23.72 0.000301723
23.73 0.000296147
23.74 0.000290313
23.75 0.0002843
23.76 0.000278141
23.77 0.000271782
23.78 0.000265087
23.79 0.000257998
23.8 0.000250677
23.81 0.000243409
23.82 0.000236439
23.83 0.000229925
23.84 0.000223925
23.85 0.000218369
23.86 0.000213059
23.87 0.000207748
23.88 0.000202255
23.89 0.000196473
23.9 0.000190406
23.91 0.000184199
23.92 0.000178003
23.93 0.000171831
23.94 0.000165569
23.95 0.000159069
23.96 0.0001522
23.97 0.000144873
23.98 0.000137045
23.99 0.000128742
24 0.000120071
24.01 0.000111162
24.02 0.000102087
24.03 9.28249e-05
24.04 8.32956e-05
24.05 7.34046e-05
24.06 6.30775e-05
24.07 5.23268e-05
24.08 4.12856e-05
24.09 3.01435e-05
24.1 1.90773e-05
24.11 8.23368e-06
24.12 -2.28187e-06
24.13 -1.24247e-05
24.14 -2.22065e-05
24.15 -3.16541e-05
24.16 -4.0773e-05
24.17 -4.9528e-05
24.18 -5.78296e-05
24.19 -6.55565e-05
24.2 -7.26074e-05
24.21 -7.89426e-05
24.22 -8.45928e-05
24.23 -8.96357e-05
24.24 -9.41644e-05
24.25 -9.82594e-05
24.26 -0.000101963
24.27 -0.000105275
24.28 -0.000108161
24.29 -0.000110553
24.3 -0.000112376
24.31 -0.000113605
24.32 -0.000114284
24.33 -0.000114483
24.34 -0.000114252
24.35 -0.000113599
24.36 -0.000112516
24.37 -0.000110985
24.38 -0.000108983
24.39 -0.000106484
24.4 -0.000103479
24.41 -9.99928e-05
24.42 -9.60732e-05
24.43 -9.17751e-05
24.44 -8.71414e-05
24.45 -8.21911e-05
24.46 -7.69162e-05
24.47 -7.12967e-05
24.48 -6.53251e-05
24.49 -5.90179e-05
24.5 -5.24164e-05
24.51 -4.55825e-05
24.52 -3.85874e-05
24.53 -3.14984e-05
24.54 -2.43703e-05
24.55 -1.72415e-05
24.56 -1.01357e-05
24.57 -3.06886e-06
24.58 3.94089e-06
24.59 1.08689e-05
24.6 1.76839e-05
24.61 2.43515e-05
24.62 3.08387e-05
24.63 3.71197e-05
24.64 4.31781e-05
24.65 4.9008e-05
24.66 5.46088e-05
24.67 5.99784e-05
24.68 6.51108e-05
24.69 6.99966e-05
24.7 7.46246e-05
24.71 7.89849e-05
24.72 8.30718e-05
24.73 8.68845e-05
24.74 9.04262e-05
24.75 9.37013e-05
24.76 9.67116e-05
24.77 9.9453e-05
24.78 0.000101914
24.79 0.000104078
24.8 0.000105922
24.81 0.000107424
24.82 0.000108565
24.83 0.000109329
24.84 0.000109705
24.85 0.000109682
24.86 0.00010925
24.87 0.000108398
24.88 0.000107114
24.89 0.000105385
24.9 0.000103201
24.91 0.000100554
24.92 9.74433e-05
24.93 9.38713e-05
24.94 8.98466e-05
24.95 8.53814e-05
24.96 8.04912e-05
24.97 7.51947e-05
24.98 6.95544e-05
24.99 6.36649e-05
25 5.75569e-05
25.01 5.12157e-05
25.02 4.46524e-05
25.03 3.791e-05
25.04 3.10474e-05
25.05 2.41178e-05
25.06 1.71609e-05
25.07 1.0208e-05
25.08 3.28945e-06
25.09 -3.56514e-06
25.1 -1.03316e-05
25.11 -1.69934e-05
25.12 -2.35368e-05
25.13 -2.99429e-05
25.14 -3.61836e-05
25.15 -4.22255e-05
25.16 -4.80391e-05
25.17 -5.36077e-05
25.18 -5.89291e-05
25.19 -6.40092e-05
25.2 -6.88539e-05
25.21 -7.3462e-05
25.22 -7.78251e-05
25.23 -8.19307e-05
25.24 -8.57662e-05
25.25 -8.93214e-05
25.26 -9.25897e-05
25.27 -9.55674e-05
25.28 -9.82533e-05
25.29 -0.000100648
25.3 -0.00010275
25.31 -0.000104555
25.32 -0.000106056
25.33 -0.00010724
25.34 -0.000108093
25.35 -0.000108603
25.36 -0.000108762
25.37 -0.000108565
25.38 -0.000108009
25.39 -0.000107093
25.4 -0.000105813
25.41 -0.000104165
25.42 -0.000102144
25.43 -9.9751e-05
25.44 -9.69866e-05
25.45 -9.38575e-05
25.46 -9.03743e-05
25.47 -8.65507e-05
25.48 -8.24031e-05
25.49 -7.79488e-05
25.5 -7.32057e-05
25.51 -6.81918e-05
25.52 -6.29264e-05
25.53 -5.74307e-05
25.54 -5.17286e-05
25.55 -4.58467e-05
25.56 -3.9814e-05
25.57 -3.366e-05
25.58 -2.74141e-05
25.59 -2.11043e-05
25.6 -1.47572e-05
25.61 -8.39807e-06
25.62 -2.05103e-06
25.63 4.2603e-06
25.64 1.05129e-05
25.65 1.66844e-05
25.66 2.27534e-05
25.67 2.87003e-05
25.68 3.45072e-05
25.69 4.01582e-05
25.7 4.5639e-05
25.71 5.09368e-05
25.72 5.60393e-05
25.73 6.09347e-05
25.74 6.56116e-05
25.75 7.00589e-05
25.76 7.4266e-05
25.77 7.82233e-05
25.78 8.19218e-05
25.79 8.53528e-05
25.8 8.85082e-05
25.81 9.13792e-05
25.82 9.39571e-05
25.83 9.62325e-05
25.84 9.81961e-05
25.85 9.98386e-05
25.86 0.000101151
25.87 0.000102127
25.88 0.000102759
25.89 0.000103041
25.9 0.00010297
25.91 0.000102543
25.92 0.000101757
25.93 0.000100613
25.94 9.91117e-05
25.95 9.72561e-05
25.96 9.50513e-05
25.97 9.25047e-05
25.98 8.96256e-05
25.99 8.64251e-05
26 8.29165e-05
26.01 7.91144e-05
26.02 7.50352e-05
26.03 7.06967e-05
26.04 6.61181e-05
26.05 6.13199e-05
26.06 5.63235e-05
26.07 5.11512e-05
26.08 4.58257e-05
26.09 4.03699e-05
26.1 3.48065e-05
26.11 2.9158e-05
26.12 2.34464e-05
26.13 1.76934e-05
26.14 1.19197e-05
26.15 6.14567e-06
26.16 3.90692e-07
26.17 -5.32663e-06
26.18 -1.09887e-05
26.19 -1.65789e-05
26.2 -2.20818e-05
26.21 -2.74827e-05
26.22 -3.27679e-05
26.23 -3.79245e-05
26.24 -4.294e-05
26.25 -4.78025e-05
26.26 -5.25003e-05
26.27 -5.70219e-05
26.28 -6.13562e-05
26.29 -6.54918e-05
26.3 -6.94176e-05
26.31 -7.31224e-05
26.32 -7.65948e-05
26.33 -7.98236e-05
26.34 -8.27974e-05
26.35 -8.5505e-05
26.36 -8.79354e-05
26.37 -9.00778e-05
26.38 -9.19221e-05
26.39 -9.34586e-05
26.4 -9.46785e-05
26.41 -9.5574e-05
26.42 -9.6138e-05
26.43 -9.6365e-05
26.44 -9.62507e-05
26.45 -9.57924e-05
26.46 -9.4989e-05
26.47 -9.38413e-05
26.48 -9.23521e-05
26.49 -9.05258e-05
26.5 -8.83691e-05
26.51 -8.58902e-05
26.52 -8.30993e-05
26.53 -8.00085e-05
26.54 -7.66311e-05
26.55 -7.29821e-05
26.56 -6.90779e-05
26.57 -6.4936e-05
26.58 -6.05749e-05
26.59 -5.6014e-05
26.6 -5.12733e-05
26.61 -4.63733e-05
26.62 -4.13349e-05
26.63 -3.61789e-05
26.64 -3.09263e-05
26.65 -2.55976e-05
26.66 -2.02133e-05
26.67 -1.47931e-05
26.68 -9.35628e-06
26.69 -3.9215e-06
26.7 1.49337e-06
26.71 6.87116e-06
26.72 1.21954e-05
26.73 1.74505e-05
26.74 2.26212e-05
26.75 2.76933e-05
26.76 3.26527e-05
26.77 3.74861e-05
26.78 4.21806e-05
26.79 4.67236e-05
26.8 5.11028e-05
26.81 5.53063e-05
26.82 5.93224e-05
26.83 6.31397e-05
26.84 6.67468e-05
26.85 7.01328e-05
26.86 7.32868e-05
26.87 7.61984e-05
26.88 7.88574e-05
26.89 8.1254e-05
26.9 8.33791e-05
26.91 8.52239e-05
26.92 8.67807e-05
26.93 8.80422e-05
26.94 8.90026e-05
26.95 8.96566e-05
26.96 9.00004e-05
26.97 9.00314e-05
26.98 8.97483e-05
26.99 8.91514e-05
27 8.8242e-05
27.01 8.70234e-05
27.02 8.54999e-05
27.03 8.36776e-05
27.04 8.15639e-05
27.05 7.91673e-05
27.06 7.6498e-05
27.07 7.35672e-05
27.08 7.03872e-05
27.09 6.69714e-05
27.1 6.33339e-05
27.11 5.94898e-05
27.12 5.54547e-05
27.13 5.12446e-05
27.14 4.68762e-05
27.15 4.23661e-05
27.16 3.77313e-05
27.17 3.29887e-05
27.18 2.81553e-05
27.19 2.32479e-05
27.2 1.82832e-05
27.21 1.32776e-05
27.22 8.24723e-06
27.23 3.20815e-06
27.24 -1.82402e-06
27.25 -6.83388e-06
27.26 -1.18063e-05
27.27 -1.67263e-05
27.28 -2.15793e-05
27.29 -2.63508e-05
27.3 -3.10265e-05
27.31 -3.55922e-05
27.32 -4.0034e-05
27.33 -4.43379e-05
27.34 -4.84903e-05
27.35 -5.24777e-05
27.36 -5.62868e-05
27.37 -5.99044e-05
27.38 -6.33177e-05
27.39 -6.65145e-05
27.4 -6.94827e-05
27.41 -7.22109e-05
27.42 -7.46884e-05
27.43 -7.69052e-05
27.44 -7.88521e-05
27.45 -8.05211e-05
27.46 -8.19048e-05
27.47 -8.29973e-05
27.48 -8.37939e-05
27.49 -8.42911e-05
27.5 -8.44868e-05
27.51 -8.43801e-05
27.52 -8.3972e-05
27.53 -8.32644e-05
27.54 -8.22609e-05
27.55 -8.09664e-05
27.56 -7.93873e-05
27.57 -7.75311e-05
27.58 -7.54065e-05
27.59 -7.30235e-05
27.6 -7.0393e-05
27.61 -6.75268e-05
27.62 -6.44376e-05
27.63 -6.11388e-05
27.64 -5.76442e-05
27.65 -5.39682e-05
27.66 -5.01257e-05
27.67 -4.61317e-05
27.68 -4.20013e-05
27.69 -3.77499e-05
27.7 -3.33926e-05
27.71 -2.89448e-05
27.72 -2.44216e-05
27.73 -1.98378e-05
27.74 -1.52083e-05
27.75 -1.05476e-05
27.76 -5.87008e-06
27.77 -1.18984e-06
27.78 3.47916e-06
27.79 8.12315e-06
27.8 1.27285e-05
27.81 1.72818e-05
27.82 2.17697e-05
27.83 2.61789e-05
27.84 3.04962e-05
27.85 3.47087e-05
27.86 3.88034e-05
27.87 4.27673e-05
27.88 4.65877e-05
27.89 5.02521e-05
27.9 5.37481e-05
27.91 5.70636e-05
27.92 6.01868e-05
27.93 6.31062e-05
27.94 6.58111e-05
27.95 6.8291e-05
27.96 7.05362e-05
27.97 7.25379e-05
27.98 7.42878e-05
27.99 7.57788e-05
28 7.70047e-05
28.01 7.79602e-05
28.02 7.86415e-05
28.03 7.90456e-05
28.04 7.9171e-05
28.05 7.90172e-05
28.06 7.85851e-05
28.07 7.78768e-05
28.08 7.68957e-05
28.09 7.56463e-05
28.1 7.41341e-05
28.11 7.23661e-05
28.12 7.035e-05
28.13 6.80944e-05
28.14 6.56092e-05
28.15 6.29046e-05
28.16 5.99919e-05
28.17 5.68829e-05
28.18 5.35898e-05
28.19 5.01255e-05
28.2 4.65033e-05
28.21 4.27366e-05
28.22 3.88393e-05
28.23 3.48253e-05
28.24 3.07087e-05
28.25 2.65038e-05
28.26 2.22248e-05
28.27 1.78861e-05
28.28 1.35019e-05
28.29 9.08655e-06
28.3 4.65424e-06
28.31 2.19191e-07
28.32 -4.20446e-06
28.33 -8.60264e-06
28.34 -1.29614e-05
28.35 -1.72667e-05
28.36 -2.15049e-05
28.37 -2.56623e-05
28.38 -2.97253e-05
28.39 -3.36806e-05
28.4 -3.75151e-05
28.41 -4.12159e-05
28.42 -4.47705e-05
28.43 -4.81666e-05
28.44 -5.13925e-05
28.45 -5.44369e-05
28.46 -5.72889e-05
28.47 -5.99386e-05
28.48 -6.23763e-05
28.49 -6.45933e-05
28.5 -6.65818e-05
28.51 -6.83348e-05
28.52 -6.9846e-05
28.53 -7.11104e-05
28.54 -7.21238e-05
28.55 -7.28831e-05
28.56 -7.33863e-05
28.57 -7.36323e-05
28.58 -7.36212e-05
28.59 -7.33541e-05
28.6 -7.28332e-05
28.61 -7.20615e-05
28.62 -7.10434e-05
28.63 -6.97836e-05
28.64 -6.82881e-05
28.65 -6.65637e-05
28.66 -6.46177e-05
28.67 -6.24583e-05
28.68 -6.00942e-05
28.69 -5.75347e-05
28.7 -5.47898e-05
28.71 -5.18696e-05
28.72 -4.87848e-05
28.73 -4.55465e-05
28.74 -4.2166e-05
28.75 -3.86549e-05
28.76 -3.5025e-05
28.77 -3.12883e-05
28.78 -2.7457e-05
28.79 -2.35436e-05
28.8 -1.95605e-05
28.81 -1.55203e-05
28.82 -1.1436e-05
28.83 -7.32026e-06
28.84 -3.18623e-06
28.85 9.53018e-07
28.86 5.08428e-06
28.87 9.19429e-06
28.88 1.32697e-05
28.89 1.72972e-05
28.9 2.12634e-05
28.91 2.51549e-05
28.92 2.89586e-05
28.93 3.26613e-05
28.94 3.625e-05
28.95 3.97121e-05
28.96 4.30351e-05
28.97 4.6207e-05
28.98 4.92162e-05
28.99 5.20516e-05
29 5.47028e-05
29.01 5.71599e-05
29.02 5.94137e-05
29.03 6.1456e-05
29.04 6.32793e-05
29.05 6.4877e-05
29.06 6.62436e-05
29.07 6.73743e-05
29.08 6.82655e-05
29.09 6.89148e-05
29.1 6.93204e-05
29.11 6.94818e-05
29.12 6.93997e-05
29.13 6.90754e-05
29.14 6.85115e-05
29.15 6.77113e-05
29.16 6.66792e-05
29.17 6.54202e-05
29.18 6.39404e-05
29.19 6.22465e-05
29.2 6.03457e-05
29.21 5.82462e-05
29.22 5.59564e-05
29.23 5.34855e-05
29.24 5.0843e-05
29.25 4.80389e-05
29.26 4.50835e-05
29.27 4.19875e-05
29.28 3.87618e-05
29.29 3.54177e-05
29.3 3.19664e-05
29.31 2.84197e-05
29.32 2.47894e-05
29.33 2.10873e-05
29.34 1.73255e-05
29.35 1.35162e-05
29.36 9.67168e-06
29.37 5.80431e-06
29.38 1.92653e-06
29.39 -1.94919e-06
29.4 -5.81033e-06
29.41 -9.64436e-06
29.42 -1.34388e-05
29.43 -1.71811e-05
29.44 -2.08591e-05
29.45 -2.44603e-05
29.46 -2.79727e-05
29.47 -3.13844e-05
29.48 -3.46838e-05
29.49 -3.78595e-05
29.5 -4.09006e-05
29.51 -4.37965e-05
29.52 -4.65371e-05
29.53 -4.91128e-05
29.54 -5.15146e-05
29.55 -5.37342e-05
29.56 -5.57639e-05
29.57 -5.75966e-05
29.58 -5.92261e-05
29.59 -6.06471e-05
29.6 -6.18549e-05
29.61 -6.28456e-05
29.62 -6.36164e-05
29.63 -6.41651e-05
29.64 -6.44906e-05
29.65 -6.45924e-05
29.66 -6.4471e-05
29.67 -6.41278e-05
29.68 -6.35647e-05
29.69 -6.27846e-05
29.7 -6.17912e-05
29.71 -6.05888e-05
29.72 -5.91824e-05
29.73 -5.75776e-05
29.74 -5.57807e-05
29.75 -5.37986e-05
29.76 -5.16386e-05
29.77 -4.93086e-05
29.78 -4.68171e-05
29.79 -4.41728e-05
29.8 -4.1385e-05
29.81 -3.84634e-05
29.82 -3.5418e-05
29.83 -3.22591e-05
29.84 -2.89973e-05
29.85 -2.56438e-05
29.86 -2.22096e-05
29.87 -1.87064e-05
29.88 -1.51459e-05
29.89 -1.15399e-05
29.9 -7.90067e-06
29.91 -4.24039e-06
29.92 -5.71471e-07
29.93 3.09363e-06
29.94 6.74239e-06
29.95 1.03623e-05
29.96 1.39409e-05
29.97 1.74657e-05
29.98 2.09246e-05
29.99 2.43054e-05
30 2.75962e-05
30.01 3.07856e-05
30.02 3.38623e-05
30.03 3.68155e-05
30.04 3.96349e-05
30.05 4.23106e-05
30.06 4.48334e-05
30.07 4.71946e-05
30.08 4.93861e-05
30.09 5.14007e-05
30.1 5.32316e-05
30.11 5.48732e-05
30.12 5.63201e-05
30.13 5.75682e-05
30.14 5.86138e-05
30.15 5.94543e-05
30.16 6.00878e-05
30.17 6.0513e-05
30.18 6.07296e-05
30.19 6.0738e-05
30.2 6.05392e-05
30.21 6.01352e-05
30.22 5.95285e-05
30.23 5.87221e-05
30.24 5.77199e-05
30.25 5.65262e-05
30.26 5.51461e-05
30.27 5.35849e-05
30.28 5.18488e-05
30.29 4.99441e-05
30.3 4.78778e-05
30.31 4.56571e-05
30.32 4.329e-05
30.33 4.07844e-05
30.34 3.81489e-05
30.35 3.53924e-05
30.36 3.2524e-05
30.37 2.95531e-05
30.38 2.64896e-05
30.39 2.33436e-05
30.4 2.01252e-05
30.41 1.68452e-05
30.42 1.35142e-05
30.43 1.01433e-05
30.44 6.74368e-06
30.45 3.32657e-06
30.46 -9.65591e-08
30.47 -3.51417e-06
30.48 -6.9147e-06
30.49 -1.02865e-05
30.5 -1.36181e-05
30.51 -1.6898e-05
30.52 -2.01147e-05
30.53 -2.32571e-05
30.54 -2.63142e-05
30.55 -2.92752e-05
30.56 -3.21298e-05
30.57 -3.4868e-05
30.58 -3.748e-05
30.59 -3.99567e-05
30.6 -4.22896e-05
30.61 -4.44705e-05
30.62 -4.64919e-05
30.63 -4.8347e-05
30.64 -5.00296e-05
30.65 -5.15341e-05
30.66 -5.28557e-05
30.67 -5.39902e-05
30.68 -5.49344e-05
30.69 -5.56855e-05
30.7 -5.62417e-05
30.71 -5.66017e-05
30.72 -5.67651e-05
30.73 -5.67322e-05
30.74 -5.65038e-05
30.75 -5.60816e-05
30.76 -5.54679e-05
30.77 -5.46656e-05
30.78 -5.36783e-05
30.79 -5.251e-05
30.8 -5.11655e-05
30.81 -4.96501e-05
30.82 -4.79694e-05
30.83 -4.61298e-05
30.84 -4.41379e-05
30.85 -4.20011e-05
30.86 -3.97268e-05
30.87 -3.73231e-05
30.88 -3.47985e-05
30.89 -3.21616e-05
30.9 -2.94216e-05
30.91 -2.65878e-05
30.92 -2.36701e-05
30.93 -2.06782e-05
30.94 -1.76224e-05
30.95 -1.45131e-05
30.96 -1.1361e-05
30.97 -8.17664e-06
30.98 -4.97097e-06
30.99 -1.75491e-06
31 1.46055e-06
31.01 4.66444e-06
31.02 7.84579e-06
31.03 1.09937e-05
31.04 1.40974e-05
31.05 1.71463e-05
31.06 2.01299e-05
31.07 2.3038e-05
31.08 2.58608e-05
31.09 2.85885e-05
31.1 3.12121e-05
31.11 3.37225e-05
31.12 3.61115e-05
31.13 3.83711e-05
31.14 4.04937e-05
31.15 4.24726e-05
31.16 4.43013e-05
31.17 4.59739e-05
31.18 4.74854e-05
31.19 4.88309e-05
31.2 5.00066e-05
31.21 5.10089e-05
31.22 5.18351e-05
31.23 5.2483e-05
31.24 5.29511e-05
31.25 5.32383e-05
31.26 5.33443e-05
31.27 5.32695e-05
31.28 5.30145e-05
31.29 5.25809e-05
31.3 5.19707e-05
31.31 5.11863e-05
31.32 5.02309e-05
31.33 4.9108e-05
31.34 4.78218e-05
31.35 4.6377e-05
31.36 4.47786e-05
31.37 4.30322e-05
31.38 4.1144e-05
31.39 3.91203e-05
31.4 3.69683e-05
31.41 3.46951e-05
31.42 3.23087e-05
31.43 2.9817e-05
31.44 2.72286e-05
31.45 2.45524e-05
31.46 2.17975e-05
31.47 1.89733e-05
31.48 1.60896e-05
31.49 1.31562e-05
31.5 1.01834e-05
31.51 7.18139e-06
31.52 4.16065e-06
31.53 1.13169e-06
31.54 -1.8949e-06
31.55 -4.90855e-06
31.56 -7.89868e-06
31.57 -1.08548e-05
31.58 -1.37666e-05
31.59 -1.66239e-05
31.6 -1.94167e-05
31.61 -2.21352e-05
31.62 -2.47701e-05
31.63 -2.73122e-05
31.64 -2.97528e-05
31.65 -3.20836e-05
31.66 -3.42967e-05
31.67 -3.63848e-05
31.68 -3.83409e-05
31.69 -4.01587e-05
31.7 -4.18323e-05
31.71 -4.33565e-05
31.72 -4.47266e-05
31.73 -4.59385e-05
31.74 -4.69886e-05
31.75 -4.78741e-05
31.76 -4.85926e-05
31.77 -4.91424e-05
31.78 -4.95222e-05
31.79 -4.97317e-05
31.8 -4.97706e-05
31.81 -4.96397e-05
31.82 -4.934e-05
31.83 -4.88732e-05
31.84 -4.82415e-05
31.85 -4.74475e-05
31.86 -4.64945e-05
31.87 -4.53862e-05
31.88 -4.41267e-05
31.89 -4.27207e-05
31.9 -4.11732e-05
31.91 -3.94898e-05
31.92 -3.76763e-05
31.93 -3.57391e-05
31.94 -3.36849e-05
31.95 -3.15207e-05
31.96 -2.92541e-05
31.97 -2.68926e-05
31.98 -2.44444e-05
31.99 -2.19179e-05
32 -1.93215e-05
32.01 -1.66643e-05
32.02 -1.39552e-05
32.03 -1.12035e-05
32.04 -8.4186e-06
32.05 -5.61e-06
32.06 -2.78732e-06
32.07 3.9747e-08
32.08 2.86152e-06
32.09 5.66831e-06
32.1 8.45048e-06
32.11 1.11985e-05
32.12 1.39029e-05
32.13 1.65545e-05
32.14 1.91441e-05
32.15 2.16629e-05
32.16 2.41025e-05
32.17 2.64543e-05
32.18 2.87106e-05
32.19 3.08637e-05
32.2 3.29065e-05
32.21 3.48321e-05
32.22 3.66342e-05
32.23 3.83068e-05
32.24 3.98446e-05
32.25 4.12427e-05
32.26 4.24965e-05
32.27 4.36022e-05
32.28 4.45565e-05
32.29 4.53564e-05
32.3 4.59996e-05
32.31 4.64844e-05
32.32 4.68096e-05
32.33 4.69744e-05
32.34 4.69788e-05
32.35 4.6823e-05
32.36 4.65082e-05
32.37 4.60357e-05
32.38 4.54075e-05
32.39 4.46261e-05
32.4 4.36945e-05
32.41 4.26163e-05
32.42 4.13954e-05
32.43 4.00363e-05
32.44 3.85439e-05
32.45 3.69235e-05
32.46 3.5181e-05
32.47 3.33225e-05
32.48 3.13547e-05
32.49 2.92845e-05
32.5 2.71192e-05
32.51 2.48664e-05
32.52 2.25341e-05
32.53 2.01304e-05
32.54 1.76638e-05
32.55 1.51429e-05
32.56 1.25766e-05
32.57 9.97384e-06
32.58 7.34369e-06
32.59 4.69533e-06
32.6 2.03798e-06
32.61 -6.19142e-07
32.62 -3.26683e-06
32.63 -5.89594e-06
32.64 -8.49745e-06
32.65 -1.10624e-05
32.66 -1.35821e-05
32.67 -1.6048e-05
32.68 -1.84517e-05
32.69 -2.07852e-05
32.7 -2.30407e-05
32.71 -2.52107e-05
32.72 -2.7288e-05
32.73 -2.9266e-05
32.74 -3.11381e-05
32.75 -3.28984e-05
32.76 -3.45413e-05
32.77 -3.60616e-05
32.78 -3.74546e-05
32.79 -3.8716e-05
32.8 -3.98419e-05
32.81 -4.0829e-05
32.82 -4.16745e-05
32.83 -4.23759e-05
32.84 -4.29313e-05
32.85 -4.33392e-05
32.86 -4.35986e-05
32.87 -4.37091e-05
32.88 -4.36706e-05
32.89 -4.34837e-05
32.9 -4.31492e-05
32.91 -4.26686e-05
32.92 -4.20438e-05
32.93 -4.12771e-05
32.94 -4.03714e-05
32.95 -3.93299e-05
32.96 -3.81563e-05
32.97 -3.68548e-05
32.98 -3.54299e-05
32.99 -3.38867e-05
33 -3.22305e-05
33.01 -3.0467e-05
33.02 -2.86024e-05
33.03 -2.66432e-05
33.04 -2.45962e-05
33.05 -2.24686e-05
33.06 -2.02676e-05
33.07 -1.8001e-05
33.08 -1.56768e-05
33.09 -1.33029e-05
33.1 -1.08876e-05
33.11 -8.43948e-06
33.12 -5.96697e-06
33.13 -3.47872e-06
33.14 -9.83397e-07
33.15 1.51031e-06
33.16 3.99373e-06
33.17 6.45825e-06
33.18 8.89533e-06
33.19 1.12966e-05
33.2 1.36537e-05
33.21 1.59586e-05
33.22 1.82035e-05
33.23 2.03806e-05
33.24 2.24827e-05
33.25 2.45027e-05
33.26 2.64338e-05
33.27 2.82696e-05
33.28 3.00041e-05
33.29 3.16315e-05
33.3 3.31467e-05
33.31 3.45448e-05
33.32 3.58214e-05
33.33 3.69723e-05
33.34 3.79942e-05
33.35 3.88839e-05
33.36 3.96388e-05
33.37 4.02568e-05
33.38 4.0736e-05
33.39 4.10754e-05
33.4 4.12742e-05
33.41 4.13321e-05
33.42 4.12493e-05
33.43 4.10265e-05
33.44 4.06648e-05
33.45 4.01659e-05
33.46 3.95317e-05
33.47 3.87649e-05
33.48 3.78683e-05
33.49 3.68453e-05
33.5 3.56996e-05
33.51 3.44356e-05
33.52 3.30576e-05
33.53 3.15708e-05
33.54 2.99804e-05
33.55 2.82921e-05
33.56 2.65118e-05
33.57 2.46458e-05
33.58 2.27007e-05
33.59 2.06832e-05
33.6 1.86005e-05
33.61 1.64598e-05
33.62 1.42686e-05
33.63 1.20343e-05
33.64 9.76485e-06
33.65 7.46797e-06
33.66 5.15159e-06
33.67 2.82368e-06
33.68 4.92194e-07
33.69 -1.83489e-06
33.7 -4.14964e-06
33.71 -6.44421e-06
33.72 -8.71081e-06
33.73 -1.09418e-05
33.74 -1.31297e-05
33.75 -1.5267e-05
33.76 -1.73468e-05
33.77 -1.9362e-05
33.78 -2.1306e-05
33.79 -2.31723e-05
33.8 -2.49548e-05
33.81 -2.66476e-05
33.82 -2.82452e-05
33.83 -2.97423e-05
33.84 -3.11342e-05
33.85 -3.24163e-05
33.86 -3.35846e-05
33.87 -3.46352e-05
33.88 -3.55649e-05
33.89 -3.63707e-05
33.9 -3.70502e-05
33.91 -3.76013e-05
33.92 -3.80223e-05
33.93 -3.83121e-05
33.94 -3.84699e-05
33.95 -3.84954e-05
33.96 -3.83887e-05
33.97 -3.81505e-05
33.98 -3.77818e-05
33.99 -3.7284e-05
34 -3.66592e-05
34.01 -3.59096e-05
34.02 -3.50381e-05
34.03 -3.40478e-05
34.04 -3.29425e-05
34.05 -3.17261e-05
34.06 -3.0403e-05
34.07 -2.8978e-05
34.08 -2.74563e-05
34.09 -2.58432e-05
34.1 -2.41446e-05
34.11 -2.23666e-05
34.12 -2.05155e-05
34.13 -1.85978e-05
34.14 -1.66204e-05
34.15 -1.45903e-05
34.16 -1.25146e-05
34.17 -1.04007e-05
34.18 -8.25589e-06
34.19 -6.08777e-06
34.2 -3.90387e-06
34.21 -1.71179e-06
34.22 4.80904e-07
34.23 2.66664e-06
34.24 4.83791e-06
34.25 6.98731e-06
34.26 9.10752e-06
34.27 1.11914e-05
34.28 1.32318e-05
34.29 1.5222e-05
34.3 1.71554e-05
34.31 1.90255e-05
34.32 2.08261e-05
34.33 2.25513e-05
34.34 2.41956e-05
34.35 2.57535e-05
34.36 2.72201e-05
34.37 2.85907e-05
34.38 2.98608e-05
34.39 3.10265e-05
34.4 3.20842e-05
34.41 3.30305e-05
34.42 3.38626e-05
34.43 3.45779e-05
34.44 3.51743e-05
34.45 3.56501e-05
34.46 3.6004e-05
34.47 3.62351e-05
34.48 3.63428e-05
34.49 3.63271e-05
34.5 3.61882e-05
34.51 3.5927e-05
34.52 3.55445e-05
34.53 3.50423e-05
34.54 3.44223e-05
34.55 3.36868e-05
34.56 3.28386e-05
34.57 3.18808e-05
34.58 3.08168e-05
34.59 2.96505e-05
34.6 2.83861e-05
34.61 2.70279e-05
34.62 2.55809e-05
34.63 2.40502e-05
34.64 2.24411e-05
34.65 2.07594e-05
34.66 1.90108e-05
34.67 1.72016e-05
34.68 1.53381e-05
34.69 1.34268e-05
34.7 1.14742e-05
34.71 9.4873e-06
34.72 7.47287e-06
34.73 5.4379e-06
34.74 3.38942e-06
34.75 1.3345e-06
34.76 -7.19799e-07
34.77 -2.76644e-06
34.78 -4.7984e-06
34.79 -6.80877e-06
34.8 -8.79068e-06
34.81 -1.07374e-05
34.82 -1.26424e-05
34.83 -1.44991e-05
34.84 -1.63014e-05
34.85 -1.80432e-05
34.86 -1.97187e-05
34.87 -2.13222e-05
34.88 -2.28485e-05
34.89 -2.42926e-05
34.9 -2.56496e-05
34.91 -2.69151e-05
34.92 -2.80849e-05
34.93 -2.91554e-05
34.94 -3.01231e-05
34.95 -3.09849e-05
34.96 -3.1738e-05
34.97 -3.23802e-05
34.98 -3.29095e-05
34.99 -3.33244e-05
35 -3.36237e-05
35.01 -3.38067e-05
35.02 -3.38729e-05
35.03 -3.38225e-05
35.04 -3.3656e-05
35.05 -3.33741e-05
35.06 -3.29781e-05
35.07 -3.24697e-05
35.08 -3.18508e-05
35.09 -3.1124e-05
35.1 -3.0292e-05
35.11 -2.93578e-05
35.12 -2.83251e-05
35.13 -2.71975e-05
35.14 -2.59792e-05
35.15 -2.46747e-05
35.16 -2.32886e-05
35.17 -2.18259e-05
35.18 -2.02919e-05
35.19 -1.86919e-05
35.2 -1.70317e-05
35.21 -1.53171e-05
35.22 -1.35541e-05
35.23 -1.17489e-05
35.24 -9.90769e-06
35.25 -8.03688e-06
35.26 -6.14294e-06
35.27 -4.23237e-06
35.28 -2.3117e-06
35.29 -3.87499e-07
35.3 1.5337e-06
35.31 3.4454e-06
35.32 5.34112e-06
35.33 7.21451e-06
35.34 9.05925e-06
35.35 1.08692e-05
35.36 1.26383e-05
35.37 1.43607e-05
35.38 1.60306e-05
35.39 1.76425e-05
35.4 1.91911e-05
35.41 2.06714e-05
35.42 2.20783e-05
35.43 2.34074e-05
35.44 2.46543e-05
35.45 2.58148e-05
35.46 2.68854e-05
35.47 2.78624e-05
35.48 2.87427e-05
35.49 2.95236e-05
35.5 3.02025e-05
35.51 3.07773e-05
35.52 3.12463e-05
35.53 3.1608e-05
35.54 3.18614e-05
35.55 3.20058e-05
35.56 3.2041e-05
35.57 3.19669e-05
35.58 3.1784e-05
35.59 3.14933e-05
35.6 3.10958e-05
35.61 3.05931e-05
35.62 2.99872e-05
35.63 2.92804e-05
35.64 2.84753e-05
35.65 2.75749e-05
35.66 2.65824e-05
35.67 2.55016e-05
35.68 2.43363e-05
35.69 2.30907e-05
35.7 2.17693e-05
35.71 2.03769e-05
35.72 1.89185e-05
35.73 1.73991e-05
35.74 1.58242e-05
35.75 1.41994e-05
35.76 1.25304e-05
35.77 1.08231e-05
35.78 9.08335e-06
35.79 7.3173e-06
35.8 5.53109e-06
35.81 3.73088e-06
35.82 1.9229e-06
35.83 1.13371e-07
35.84 -1.69151e-06
35.85 -3.48556e-06
35.86 -5.26268e-06
35.87 -7.01684e-06
35.88 -8.7421e-06
35.89 -1.04326e-05
35.9 -1.20828e-05
35.91 -1.3687e-05
35.92 -1.524e-05
35.93 -1.67366e-05
35.94 -1.81717e-05
35.95 -1.95408e-05
35.96 -2.08392e-05
35.97 -2.20628e-05
35.98 -2.32076e-05
35.99 -2.42699e-05
36 -2.52462e-05
36.01 -2.61335e-05
36.02 -2.69289e-05
36.03 -2.763e-05
36.04 -2.82346e-05
36.05 -2.87409e-05
36.06 -2.91474e-05
36.07 -2.9453e-05
36.08 -2.96568e-05
36.09 -2.97584e-05
36.1 -2.97577e-05
36.11 -2.9655e-05
36.12 -2.94509e-05
36.13 -2.91462e-05
36.14 -2.87423e-05
36.15 -2.82407e-05
36.16 -2.76435e-05
36.17 -2.69529e-05
36.18 -2.61715e-05
36.19 -2.53021e-05
36.2 -2.43479e-05
36.21 -2.33124e-05
36.22 -2.21994e-05
36.23 -2.10127e-05
36.24 -1.97566e-05
36.25 -1.84355e-05
36.26 -1.70542e-05
36.27 -1.56174e-05
36.28 -1.41301e-05
36.29 -1.25977e-05
36.3 -1.10253e-05
36.31 -9.41837e-06
36.32 -7.78255e-06
36.33 -6.12345e-06
36.34 -4.44674e-06
36.35 -2.75819e-06
36.36 -1.06356e-06
36.37 6.31346e-07
36.38 2.32077e-06
36.39 3.99895e-06
36.4 5.6602e-06
36.41 7.2989e-06
36.42 8.90949e-06
36.43 1.04865e-05
36.44 1.20247e-05
36.45 1.35189e-05
36.46 1.4964e-05
36.47 1.63552e-05
36.48 1.76878e-05
36.49 1.89575e-05
36.5 2.01599e-05
36.51 2.12911e-05
36.52 2.23474e-05
36.53 2.33252e-05
36.54 2.42214e-05
36.55 2.50331e-05
36.56 2.57577e-05
36.57 2.63928e-05
36.58 2.69365e-05
36.59 2.7387e-05
36.6 2.77431e-05
36.61 2.80038e-05
36.62 2.81683e-05
36.63 2.82363e-05
36.64 2.82078e-05
36.65 2.80832e-05
36.66 2.78631e-05
36.67 2.75485e-05
36.68 2.71408e-05
36.69 2.66416e-05
36.7 2.60528e-05
36.71 2.53768e-05
36.72 2.4616e-05
36.73 2.37734e-05
36.74 2.2852e-05
36.75 2.18553e-05
36.76 2.07868e-05
36.77 1.96504e-05
36.78 1.84503e-05
36.79 1.71907e-05
36.8 1.5876e-05
36.81 1.4511e-05
36.82 1.31004e-05
36.83 1.16492e-05
36.84 1.01624e-05
36.85 8.64514e-06
36.86 7.10275e-06
36.87 5.5405e-06
36.88 3.96375e-06
36.89 2.37791e-06
36.9 7.88384e-07
36.91 -7.99431e-07
36.92 -2.38015e-06
36.93 -3.94843e-06
36.94 -5.49898e-06
36.95 -7.02659e-06
36.96 -8.52613e-06
36.97 -9.99258e-06
36.98 -1.1421e-05
36.99 -1.28068e-05
37 -1.41451e-05
37.01 -1.54317e-05
37.02 -1.66622e-05
37.03 -1.78327e-05
37.04 -1.89391e-05
37.05 -1.9978e-05
37.06 -2.09459e-05
37.07 -2.18397e-05
37.08 -2.26565e-05
37.09 -2.33936e-05
37.1 -2.40487e-05
37.11 -2.46197e-05
37.12 -2.51049e-05
37.13 -2.55028e-05
37.14 -2.58121e-05
37.15 -2.60321e-05
37.16 -2.61621e-05
37.17 -2.62019e-05
37.18 -2.61515e-05
37.19 -2.60113e-05
37.2 -2.5782e-05
37.21 -2.54646e-05
37.22 -2.50602e-05
37.23 -2.45706e-05
37.24 -2.39975e-05
37.25 -2.33431e-05
37.26 -2.26099e-05
37.27 -2.18006e-05
37.28 -2.09179e-05
37.29 -1.99653e-05
37.3 -1.89461e-05
37.31 -1.78639e-05
37.32 -1.67227e-05
37.33 -1.55264e-05
37.34 -1.42793e-05
37.35 -1.29857e-05
37.36 -1.16503e-05
37.37 -1.02777e-05
37.38 -8.87263e-06
37.39 -7.44006e-06
37.4 -5.98494e-06
37.41 -4.5123e-06
37.42 -3.02722e-06
37.43 -1.53481e-06
37.44 -4.02197e-08
37.45 1.45145e-06
37.46 2.93508e-06
37.47 4.40563e-06
37.48 5.85808e-06
37.49 7.28751e-06
37.5 8.68908e-06
37.51 1.0058e-05
37.52 1.13898e-05
37.53 1.26799e-05
37.54 1.3924e-05
37.55 1.51179e-05
37.56 1.62577e-05
37.57 1.73396e-05
37.58 1.83601e-05
37.59 1.93157e-05
37.6 2.02034e-05
37.61 2.10204e-05
37.62 2.17639e-05
37.63 2.24317e-05
37.64 2.30215e-05
37.65 2.35317e-05
37.66 2.39607e-05
37.67 2.43072e-05
37.68 2.45702e-05
37.69 2.47491e-05
37.7 2.48434e-05
37.71 2.48531e-05
37.72 2.47784e-05
37.73 2.46197e-05
37.74 2.43778e-05
37.75 2.40537e-05
37.76 2.36488e-05
37.77 2.31647e-05
37.78 2.26032e-05
37.79 2.19664e-05
37.8 2.12568e-05
37.81 2.04769e-05
37.82 1.96295e-05
37.83 1.87177e-05
37.84 1.77448e-05
37.85 1.67142e-05
37.86 1.56295e-05
37.87 1.44947e-05
37.88 1.33136e-05
37.89 1.20904e-05
37.9 1.08294e-05
37.91 9.53483e-06
37.92 8.21127e-06
37.93 6.86325e-06
37.94 5.49541e-06
37.95 4.11243e-06
37.96 2.71905e-06
37.97 1.32002e-06
37.98 -7.98762e-08
37.99 -1.47588e-06
38 -2.86325e-06
38.01 -4.23727e-06
38.02 -5.59329e-06
38.03 -6.92672e-06
38.04 -8.23306e-06
38.05 -9.5079e-06
38.06 -1.07469e-05
38.07 -1.1946e-05
38.08 -1.31011e-05
38.09 -1.42084e-05
38.1 -1.52641e-05
38.11 -1.62647e-05
38.12 -1.7207e-05
38.13 -1.80877e-05
38.14 -1.89041e-05
38.15 -1.96534e-05
38.16 -2.03332e-05
38.17 -2.09413e-05
38.18 -2.14758e-05
38.19 -2.1935e-05
38.2 -2.23175e-05
38.21 -2.26222e-05
38.22 -2.28481e-05
38.23 -2.29947e-05
38.24 -2.30618e-05
38.25 -2.30491e-05
38.26 -2.29571e-05
38.27 -2.27861e-05
38.28 -2.2537e-05
38.29 -2.22109e-05
38.3 -2.1809e-05
38.31 -2.13329e-05
38.32 -2.07845e-05
38.33 -2.01658e-05
38.34 -1.94791e-05
38.35 -1.8727e-05
38.36 -1.79122e-05
38.37 -1.70377e-05
38.38 -1.61066e-05
38.39 -1.51223e-05
38.4 -1.40882e-05
38.41 -1.3008e-05
38.42 -1.18856e-05
38.43 -1.07249e-05
38.44 -9.52992e-06
38.45 -8.30485e-06
38.46 -7.05395e-06
38.47 -5.78155e-06
38.48 -4.49204e-06
38.49 -3.18986e-06
38.5 -1.87949e-06
38.51 -5.65404e-07
38.52 7.47911e-07
38.53 2.05598e-06
38.54 3.35436e-06
38.55 4.63866e-06
38.56 5.90452e-06
38.57 7.14769e-06
38.58 8.36398e-06
38.59 9.54931e-06
38.6 1.06997e-05
38.61 1.18114e-05
38.62 1.28805e-05
38.63 1.39037e-05
38.64 1.48775e-05
38.65 1.57987e-05
38.66 1.66642e-05
38.67 1.74713e-05
38.68 1.82174e-05
38.69 1.89e-05
38.7 1.95169e-05
38.71 2.00663e-05
38.72 2.05463e-05
38.73 2.09555e-05
38.74 2.12927e-05
38.75 2.15569e-05
38.76 2.17473e-05
38.77 2.18635e-05
38.78 2.19052e-05
38.79 2.18726e-05
38.8 2.17657e-05
38.81 2.15853e-05
38.82 2.1332e-05
38.83 2.1007e-05
38.84 2.06114e-05
38.85 2.01468e-05
38.86 1.9615e-05
38.87 1.90178e-05
38.88 1.83576e-05
38.89 1.76367e-05
38.9 1.68576e-05
38.91 1.60232e-05
38.92 1.51365e-05
38.93 1.42006e-05
38.94 1.32187e-05
38.95 1.21945e-05
38.96 1.11313e-05
38.97 1.00331e-05
38.98 8.90354e-06
38.99 7.74663e-06
39 6.56636e-06
39.01 5.36682e-06
39.02 4.15217e-06
39.03 2.92659e-06
39.04 1.69431e-06
39.05 4.59546e-07
39.06 -7.7345e-07
39.07 -2.00046e-06
39.08 -3.2173e-06
39.09 -4.41981e-06
39.1 -5.6039e-06
39.11 -6.76556e-06
39.12 -7.90084e-06
39.13 -9.00592e-06
39.14 -1.00771e-05
39.15 -1.11107e-05
39.16 -1.21033e-05
39.17 -1.30517e-05
39.18 -1.39526e-05
39.19 -1.48031e-05
39.2 -1.56003e-05
39.21 -1.63418e-05
39.22 -1.7025e-05
39.23 -1.76478e-05
39.24 -1.82082e-05
39.25 -1.87044e-05
39.26 -1.91349e-05
39.27 -1.94985e-05
39.28 -1.97939e-05
39.29 -2.00205e-05
39.3 -2.01775e-05
39.31 -2.02647e-05
39.32 -2.0282e-05
39.33 -2.02294e-05
39.34 -2.01073e-05
39.35 -1.99164e-05
39.36 -1.96574e-05
39.37 -1.93315e-05
39.38 -1.89399e-05
39.39 -1.84841e-05
39.4 -1.79658e-05
39.41 -1.7387e-05
39.42 -1.67499e-05
39.43 -1.60566e-05
39.44 -1.53098e-05
39.45 -1.4512e-05
39.46 -1.36662e-05
39.47 -1.27753e-05
39.48 -1.18425e-05
39.49 -1.0871e-05
39.5 -9.86425e-06
39.51 -8.82574e-06
39.52 -7.75907e-06
39.53 -6.66793e-06
39.54 -5.5561e-06
39.55 -4.4274e-06
39.56 -3.28571e-06
39.57 -2.13495e-06
39.58 -9.79045e-07
39.59 1.78044e-07
39.6 1.33238e-06
39.61 2.48002e-06
39.62 3.61708e-06
39.63 4.7397e-06
39.64 5.84407e-06
39.65 6.92647e-06
39.66 7.98325e-06
39.67 9.01084e-06
39.68 1.00058e-05
39.69 1.09648e-05
39.7 1.18846e-05
39.71 1.27622e-05
39.72 1.35946e-05
39.73 1.43792e-05
39.74 1.51132e-05
39.75 1.57944e-05
39.76 1.64204e-05
39.77 1.69893e-05
39.78 1.74993e-05
39.79 1.79487e-05
39.8 1.83361e-05
39.81 1.86604e-05
39.82 1.89205e-05
39.83 1.91158e-05
39.84 1.92456e-05
39.85 1.93098e-05
39.86 1.93083e-05
39.87 1.92412e-05
39.88 1.91088e-05
39.89 1.89119e-05
39.9 1.86513e-05
39.91 1.83279e-05
39.92 1.79431e-05
39.93 1.74983e-05
39.94 1.69952e-05
39.95 1.64356e-05
39.96 1.58217e-05
39.97 1.51556e-05
39.98 1.44397e-05
39.99 1.36767e-05
40 1.28692e-05
40.01 1.20202e-05
40.02 1.11326e-05
40.03 1.02095e-05
40.04 9.25427e-06
40.05 8.27017e-06
40.06 7.26066e-06
40.07 6.22924e-06
40.08 5.17951e-06
40.09 4.11509e-06
40.1 3.03966e-06
40.11 1.95692e-06
40.12 8.70595e-07
40.13 -2.156e-07
40.14 -1.29795e-06
40.15 -2.37277e-06
40.16 -3.4364e-06
40.17 -4.48523e-06
40.18 -5.51572e-06
40.19 -6.52439e-06
40.2 -7.50785e-06
40.21 -8.46281e-06
40.22 -9.38606e-06
40.23 -1.02745e-05
40.24 -1.11253e-05
40.25 -1.19355e-05
40.26 -1.27025e-05
40.27 -1.34238e-05
40.28 -1.40971e-05
40.29 -1.47201e-05
40.3 -1.52908e-05
40.31 -1.58075e-05
40.32 -1.62685e-05
40.33 -1.66724e-05
40.34 -1.70179e-05
40.35 -1.7304e-05
40.36 -1.75299e-05
40.37 -1.76949e-05
40.38 -1.77986e-05
40.39 -1.78408e-05
40.4 -1.78216e-05
40.41 -1.77411e-05
40.42 -1.75997e-05
40.43 -1.73981e-05
40.44 -1.71371e-05
40.45 -1.68177e-05
40.46 -1.64411e-05
40.47 -1.60088e-05
40.48 -1.55224e-05
40.49 -1.49836e-05
40.5 -1.43943e-05
40.51 -1.37568e-05
40.52 -1.30733e-05
40.53 -1.23462e-05
40.54 -1.15781e-05
40.55 -1.07717e-05
40.56 -9.92988e-06
40.57 -9.05553e-06
40.58 -8.15173e-06
40.59 -7.22164e-06
40.6 -6.26849e-06
40.61 -5.29559e-06
40.62 -4.30632e-06
40.63 -3.30408e-06
40.64 -2.29234e-06
40.65 -1.27459e-06
40.66 -2.54326e-07
40.67 7.64957e-07
40.68 1.77976e-06
40.69 2.78663e-06
40.7 3.78211e-06
40.71 4.76283e-06
40.72 5.72545e-06
40.73 6.66671e-06
40.74 7.58344e-06
40.75 8.47254e-06
40.76 9.33103e-06
40.77 1.0156e-05
40.78 1.09448e-05
40.79 1.16947e-05
40.8 1.24033e-05
40.81 1.30682e-05
40.82 1.36873e-05
40.83 1.42585e-05
40.84 1.47801e-05
40.85 1.52503e-05
40.86 1.56677e-05
40.87 1.60309e-05
40.88 1.63389e-05
40.89 1.65908e-05
40.9 1.67858e-05
40.91 1.69234e-05
40.92 1.70033e-05
40.93 1.70254e-05
40.94 1.69897e-05
40.95 1.68965e-05
40.96 1.67463e-05
40.97 1.65397e-05
40.98 1.62777e-05
40.99 1.59611e-05
41 1.55913e-05
41.01 1.51696e-05
41.02 1.46976e-05
41.03 1.41771e-05
41.04 1.36099e-05
41.05 1.29981e-05
41.06 1.23439e-05
41.07 1.16496e-05
41.08 1.09176e-05
41.09 1.01507e-05
41.1 9.35139e-06
41.11 8.52257e-06
41.12 7.66712e-06
41.13 6.788e-06
41.14 5.88829e-06
41.15 4.97107e-06
41.16 4.03954e-06
41.17 3.09689e-06
41.18 2.14636e-06
41.19 1.19122e-06
41.2 2.3472e-07
41.21 -7.1986e-07
41.22 -1.66927e-06
41.23 -2.61029e-06
41.24 -3.53973e-06
41.25 -4.45444e-06
41.26 -5.35132e-06
41.27 -6.22737e-06
41.28 -7.07963e-06
41.29 -7.90525e-06
41.3 -8.70147e-06
41.31 -9.46564e-06
41.32 -1.01952e-05
41.33 -1.08878e-05
41.34 -1.15411e-05
41.35 -1.21529e-05
41.36 -1.27213e-05
41.37 -1.32445e-05
41.38 -1.37207e-05
41.39 -1.41484e-05
41.4 -1.45262e-05
41.41 -1.48531e-05
41.42 -1.51279e-05
41.43 -1.53499e-05
41.44 -1.55184e-05
41.45 -1.56329e-05
41.46 -1.56933e-05
41.47 -1.56994e-05
41.48 -1.56513e-05
41.49 -1.55493e-05
41.5 -1.53938e-05
41.51 -1.51856e-05
41.52 -1.49255e-05
41.53 -1.46145e-05
41.54 -1.42536e-05
41.55 -1.38445e-05
41.56 -1.33884e-05
41.57 -1.28871e-05
41.58 -1.23424e-05
41.59 -1.17563e-05
41.6 -1.11309e-05
41.61 -1.04683e-05
41.62 -9.7711e-06
41.63 -9.04159e-06
41.64 -8.28239e-06
41.65 -7.49617e-06
41.66 -6.68569e-06
41.67 -5.85379e-06
41.68 -5.00335e-06
41.69 -4.13735e-06
41.7 -3.25877e-06
41.71 -2.37067e-06
41.72 -1.4761e-06
41.73 -5.78149e-07
41.74 3.20108e-07
41.75 1.21559e-06
41.76 2.10525e-06
41.77 2.98605e-06
41.78 3.855e-06
41.79 4.70915e-06
41.8 5.54562e-06
41.81 6.3616e-06
41.82 7.15434e-06
41.83 7.92119e-06
41.84 8.6596e-06
41.85 9.36712e-06
41.86 1.00414e-05
41.87 1.06802e-05
41.88 1.12815e-05
41.89 1.18433e-05
41.9 1.23637e-05
41.91 1.28412e-05
41.92 1.32741e-05
41.93 1.36612e-05
41.94 1.40011e-05
41.95 1.42929e-05
41.96 1.45358e-05
41.97 1.47288e-05
41.98 1.48717e-05
41.99 1.49638e-05
42 1.50052e-05
42.01 1.49958e-05
42.02 1.49356e-05
42.03 1.48251e-05
42.04 1.46648e-05
42.05 1.44552e-05
42.06 1.41973e-05
42.07 1.3892e-05
42.08 1.35404e-05
42.09 1.3144e-05
42.1 1.2704e-05
42.11 1.22222e-05
42.12 1.17003e-05
42.13 1.11401e-05
42.14 1.05436e-05
42.15 9.91296e-06
42.16 9.2504e-06
42.17 8.55826e-06
42.18 7.83895e-06
42.19 7.095e-06
42.2 6.32899e-06
42.21 5.54361e-06
42.22 4.74156e-06
42.23 3.92564e-06
42.24 3.09867e-06
42.25 2.26348e-06
42.26 1.42297e-06
42.27 5.80013e-07
42.28 -2.62496e-07
42.29 -1.10168e-06
42.3 -1.93466e-06
42.31 -2.75861e-06
42.32 -3.57073e-06
42.33 -4.36826e-06
42.34 -5.14851e-06
42.35 -5.90884e-06
42.36 -6.6467e-06
42.37 -7.3596e-06
42.38 -8.04517e-06
42.39 -8.70112e-06
42.4 -9.32527e-06
42.41 -9.91556e-06
42.42 -1.047e-05
42.43 -1.09869e-05
42.44 -1.14645e-05
42.45 -1.19012e-05
42.46 -1.22957e-05
42.47 -1.26468e-05
42.48 -1.29532e-05
42.49 -1.32141e-05
42.5 -1.34287e-05
42.51 -1.35964e-05
42.52 -1.37167e-05
42.53 -1.37894e-05
42.54 -1.38142e-05
42.55 -1.37912e-05
42.56 -1.37206e-05
42.57 -1.36029e-05
42.58 -1.34384e-05
42.59 -1.32279e-05
42.6 -1.29722e-05
42.61 -1.26723e-05
42.62 -1.23293e-05
42.63 -1.19445e-05
42.64 -1.15193e-05
42.65 -1.10554e-05
42.66 -1.05542e-05
42.67 -1.00177e-05
42.68 -9.44784e-06
42.69 -8.84654e-06
42.7 -8.21598e-06
42.71 -7.55837e-06
42.72 -6.87603e-06
42.73 -6.17136e-06
42.74 -5.4468e-06
42.75 -4.70488e-06
42.76 -3.94818e-06
42.77 -3.17931e-06
42.78 -2.40093e-06
42.79 -1.61571e-06
42.8 -8.26355e-07
42.81 -3.55653e-08
42.82 7.53958e-07
42.83 1.53952e-06
42.84 2.31846e-06
42.85 3.08812e-06
42.86 3.84592e-06
42.87 4.58927e-06
42.88 5.3157e-06
42.89 6.02274e-06
42.9 6.70805e-06
42.91 7.36933e-06
42.92 8.00437e-06
42.93 8.61109e-06
42.94 9.18745e-06
42.95 9.73159e-06
42.96 1.02417e-05
42.97 1.07161e-05
42.98 1.11533e-05
42.99 1.15519e-05
43 1.19106e-05
43.01 1.22282e-05
43.02 1.25038e-05
43.03 1.27365e-05
43.04 1.29256e-05
43.05 1.30707e-05
43.06 1.31712e-05
43.07 1.32269e-05
43.08 1.32378e-05
43.09 1.32039e-05
43.1 1.31255e-05
43.11 1.30028e-05
43.12 1.28365e-05
43.13 1.26271e-05
43.14 1.23755e-05
43.15 1.20827e-05
43.16 1.17498e-05
43.17 1.13779e-05
43.18 1.09685e-05
43.19 1.0523e-05
43.2 1.0043e-05
43.21 9.53029e-06
43.22 8.98668e-06
43.23 8.41408e-06
43.24 7.81454e-06
43.25 7.19017e-06
43.26 6.54316e-06
43.27 5.87579e-06
43.28 5.19038e-06
43.29 4.48933e-06
43.3 3.77507e-06
43.31 3.05008e-06
43.32 2.31687e-06
43.33 1.57797e-06
43.34 8.3592e-07
43.35 9.3273e-08
43.36 -6.4743e-07
43.37 -1.38366e-06
43.38 -2.1129e-06
43.39 -2.83269e-06
43.4 -3.54057e-06
43.41 -4.23416e-06
43.42 -4.91112e-06
43.43 -5.56918e-06
43.44 -6.20613e-06
43.45 -6.81984e-06
43.46 -7.40828e-06
43.47 -7.9695e-06
43.48 -8.50165e-06
43.49 -9.00298e-06
43.5 -9.47185e-06
43.51 -9.90675e-06
43.52 -1.03063e-05
43.53 -1.06691e-05
43.54 -1.09942e-05
43.55 -1.12804e-05
43.56 -1.1527e-05
43.57 -1.1733e-05
43.58 -1.18981e-05
43.59 -1.20216e-05
43.6 -1.21033e-05
43.61 -1.21429e-05
43.62 -1.21405e-05
43.63 -1.20962e-05
43.64 -1.20102e-05
43.65 -1.18829e-05
43.66 -1.17148e-05
43.67 -1.15066e-05
43.68 -1.12591e-05
43.69 -1.09733e-05
43.7 -1.06502e-05
43.71 -1.0291e-05
43.72 -9.89699e-06
43.73 -9.46962e-06
43.74 -9.01042e-06
43.75 -8.52103e-06
43.76 -8.0032e-06
43.77 -7.45874e-06
43.78 -6.88959e-06
43.79 -6.29774e-06
43.8 -5.68527e-06
43.81 -5.05431e-06
43.82 -4.40706e-06
43.83 -3.74577e-06
43.84 -3.07272e-06
43.85 -2.39026e-06
43.86 -1.70072e-06
43.87 -1.00648e-06
43.88 -3.09919e-07
43.89 3.86568e-07
43.9 1.08061e-06
43.91 1.76983e-06
43.92 2.45188e-06
43.93 3.12446e-06
43.94 3.78529e-06
43.95 4.43212e-06
43.96 5.06278e-06
43.97 5.67516e-06
43.98 6.26719e-06
43.99 6.83689e-06
44 7.38238e-06
44.01 7.90183e-06
44.02 8.39354e-06
44.03 8.85587e-06
44.04 9.28733e-06
44.05 9.6865e-06
44.06 1.00521e-05
44.07 1.03829e-05
44.08 1.0678e-05
44.09 1.09363e-05
44.1 1.11571e-05
44.11 1.13397e-05
44.12 1.14835e-05
44.13 1.15883e-05
44.14 1.16536e-05
44.15 1.16794e-05
44.16 1.16658e-05
44.17 1.16127e-05
44.18 1.15205e-05
44.19 1.13897e-05
44.2 1.12207e-05
44.21 1.10142e-05
44.22 1.0771e-05
44.23 1.04921e-05
44.24 1.01785e-05
44.25 9.83132e-06
44.26 9.45185e-06
44.27 9.04146e-06
44.28 8.60163e-06
44.29 8.13395e-06
44.3 7.64008e-06
44.31 7.12177e-06
44.32 6.58085e-06
44.33 6.01923e-06
44.34 5.43887e-06
44.35 4.84181e-06
44.36 4.23013e-06
44.37 3.60594e-06
44.38 2.97142e-06
44.39 2.32875e-06
44.4 1.68015e-06
44.41 1.02785e-06
44.42 3.74085e-07
44.43 -2.78916e-07
44.44 -9.28922e-07
44.45 -1.57372e-06
44.46 -2.21113e-06
44.47 -2.83899e-06
44.48 -3.45517e-06
44.49 -4.05761e-06
44.5 -4.64428e-06
44.51 -5.21322e-06
44.52 -5.76253e-06
44.53 -6.29038e-06
44.54 -6.79502e-06
44.55 -7.27478e-06
44.56 -7.72809e-06
44.57 -8.15345e-06
44.58 -8.54948e-06
44.59 -8.9149e-06
44.6 -9.24853e-06
44.61 -9.54931e-06
44.62 -9.81628e-06
44.63 -1.00486e-05
44.64 -1.02456e-05
44.65 -1.04066e-05
44.66 -1.05312e-05
44.67 -1.06191e-05
44.68 -1.06699e-05
44.69 -1.06837e-05
44.7 -1.06605e-05
44.71 -1.06004e-05
44.72 -1.05038e-05
44.73 -1.03709e-05
44.74 -1.02025e-05
44.75 -9.99907e-06
44.76 -9.76146e-06
44.77 -9.49054e-06
44.78 -9.18732e-06
44.79 -8.8529e-06
44.8 -8.48851e-06
44.81 -8.09546e-06
44.82 -7.67516e-06
44.83 -7.22911e-06
44.84 -6.75889e-06
44.85 -6.26618e-06
44.86 -5.7527e-06
44.87 -5.22027e-06
44.88 -4.67075e-06
44.89 -4.10606e-06
44.9 -3.52818e-06
44.91 -2.9391e-06
44.92 -2.34087e-06
44.93 -1.73556e-06
44.94 -1.12526e-06
44.95 -5.12063e-07
44.96 1.01915e-07
44.97 7.14577e-07
44.98 1.32383e-06
44.99 1.92759e-06
