0.01 -1.29901e-07
0.02 -1.34048e-07
0.03 -1.46865e-07
0.04 -1.72351e-07
0.05 -2.09691e-07
0.06 -2.53867e-07
0.07 -3.00191e-07
0.08 -3.48179e-07
0.09 -4.01062e-07
0.1 -4.61719e-07
0.11 -5.29392e-07
0.12 -6.01024e-07
0.13 -6.76268e-07
0.14 -7.60435e-07
0.15 -8.60825e-07
0.16 -9.78641e-07
0.17 -1.10421e-06
0.18 -1.22077e-06
0.19 -1.31319e-06
0.2 -1.37363e-06
0.21 -1.40133e-06
0.22 -1.40008e-06
0.23 -1.37919e-06
0.24 -1.35846e-06
0.25 -1.36844e-06
0.26 -1.43627e-06
0.27 -1.56299e-06
0.28 -1.71702e-06
0.29 -1.8598e-06
0.3 -1.98454e-06
0.31 -2.12698e-06
0.32 -2.33189e-06
0.33 -2.60623e-06
0.34 -2.90644e-06
0.35 -3.17417e-06
0.36 -3.39134e-06
0.37 -3.61097e-06
0.38 -3.93279e-06
0.39 -4.42927e-06
0.4 -5.08268e-06
0.41 -5.8006e-06
0.42 -6.48796e-06
0.43 -7.08231e-06
0.44 -7.52499e-06
0.45 -7.74621e-06
0.46 -7.72153e-06
0.47 -7.53831e-06
0.48 -7.35661e-06
0.49 -7.26602e-06
0.5 -7.21062e-06
0.51 -7.10585e-06
0.52 -7.00948e-06
0.53 -7.10022e-06
0.54 -7.43507e-06
0.55 -7.73975e-06
0.56 -7.50337e-06
0.57 -6.34364e-06
0.58 -4.29823e-06
0.59 -1.7612e-06
0.6 8.42177e-07
0.61 3.31871e-06
0.62 5.72718e-06
0.63 8.23411e-06
0.64 1.09651e-05
0.65 1.39606e-05
0.66 1.72721e-05
0.67 2.10544e-05
0.68 2.54085e-05
0.69 3.00258e-05
0.7 3.41101e-05
0.71 3.68826e-05
0.72 3.82633e-05
0.73 3.89859e-05
0.74 3.99874e-05
0.75 4.17075e-05
0.76 4.39111e-05
0.77 4.59895e-05
0.78 4.73463e-05
0.79 4.7686e-05
0.8 4.71713e-05
0.81 4.63085e-05
0.82 4.55544e-05
0.83 4.50446e-05
0.84 4.48051e-05
0.85 4.51917e-05
0.86 4.69273e-05
0.87 5.05053e-05
0.88 5.54451e-05
0.89 6.01593e-05
0.9 6.281e-05
0.91 6.27116e-05
0.92 6.10594e-05
0.93 5.99976e-05
0.94 6.05525e-05
0.95 6.13137e-05
0.96 5.93083e-05
0.97 5.24891e-05
0.98 4.16118e-05
0.99 2.97481e-05
1 1.99397e-05
1.01 1.32652e-05
1.02 8.97121e-06
1.03 5.98658e-06
1.04 3.80365e-06
1.05 1.91089e-06
1.06 -9.76719e-07
1.07 -6.50096e-06
1.08 -1.54548e-05
1.09 -2.73016e-05
1.1 -4.10123e-05
1.11 -5.62412e-05
1.12 -7.35637e-05
1.13 -9.36452e-05
1.14 -0.000116349
1.15 -0.000140612
1.16 -0.000164889
1.17 -0.000187568
1.18 -0.000207288
1.19 -0.000223386
1.2 -0.000236279
1.21 -0.000247255
1.22 -0.000257475
1.23 -0.000266764
1.24 -0.000273321
1.25 -0.00027494
1.26 -0.000271017
1.27 -0.000263648
1.28 -0.00025666
1.29 -0.000253044
1.3 -0.000252831
1.31 -0.000253352
1.32 -0.000251779
1.33 -0.000247585
1.34 -0.000242681
1.35 -0.000239379
1.36 -0.000238237
1.37 -0.000237508
1.38 -0.000234192
1.39 -0.000225761
1.4 -0.000211568
1.41 -0.000193209
1.42 -0.000173515
1.43 -0.000154611
1.44 -0.00013626
1.45 -0.000115841
1.46 -9.0377e-05
1.47 -5.9365e-05
1.48 -2.59921e-05
1.49 4.75121e-06
1.5 2.97027e-05
1.51 4.95515e-05
1.52 6.72742e-05
1.53 8.46194e-05
1.54 0.000100235
1.55 0.000111193
1.56 0.000116117
1.57 0.000116655
1.58 0.000115922
1.59 0.000115673
1.6 0.000115062
1.61 0.000111911
1.62 0.000104684
1.63 9.32301e-05
1.64 7.82717e-05
1.65 6.08327e-05
1.66 4.20112e-05
1.67 2.26495e-05
1.68 2.90649e-06
1.69 -1.75446e-05
1.7 -3.84688e-05
1.71 -5.82221e-05
1.72 -7.44061e-05
1.73 -8.58661e-05
1.74 -9.40932e-05
1.75 -0.000102183
1.76 -0.000111904
1.77 -0.000121673
1.78 -0.000127618
1.79 -0.000126822
1.8 -0.000119671
1.81 -0.000109173
1.82 -9.82195e-05
1.83 -8.76708e-05
1.84 -7.69427e-05
1.85 -6.59501e-05
1.86 -5.59891e-05
1.87 -4.85582e-05
1.88 -4.34397e-05
1.89 -3.82544e-05
1.9 -3.03056e-05
1.91 -1.91699e-05
1.92 -7.58404e-06
1.93 2.32131e-07
1.94 1.28816e-06
1.95 -4.65017e-06
1.96 -1.54281e-05
1.97 -2.77493e-05
1.98 -3.83427e-05
1.99 -4.51455e-05
2 -4.84662e-05
2.01 -5.10304e-05
2.02 -5.61111e-05
2.03 -6.48409e-05
2.04 -7.50575e-05
2.05 -8.29085e-05
2.06 -8.58778e-05
2.07 -8.45498e-05
2.08 -8.16949e-05
2.09 -7.97165e-05
2.1 -7.87304e-05
2.11 -7.66546e-05
2.12 -7.08523e-05
2.13 -5.98354e-05
2.14 -4.38166e-05
2.15 -2.39151e-05
2.16 -9.0646e-07
2.17 2.51461e-05
2.18 5.3841e-05
2.19 8.30499e-05
2.2 0.000109073
2.21 0.000128795
2.22 0.000141883
2.23 0.000150695
2.24 0.000157927
2.25 0.00016442
2.26 0.000169191
2.27 0.00017124
2.28 0.000170967
2.29 0.000169839
2.3 0.000168964
2.31 0.000168251
2.32 0.000166949
2.33 0.0001649
2.34 0.000163093
2.35 0.000162907
2.36 0.000164857
2.37 0.000168205
2.38 0.000171721
2.39 0.000174718
2.4 0.000177466
2.41 0.000180833
2.42 0.000185452
2.43 0.00019092
2.44 0.000195751
2.45 0.000198253
2.46 0.000197563
2.47 0.000193874
2.48 0.000187859
2.49 0.000180164
2.5 0.000171453
2.51 0.000162615
2.52 0.000154568
2.53 0.000147673
2.54 0.000141299
2.55 0.00013394
2.56 0.000123897
2.57 0.000110124
2.58 9.26657e-05
2.59 7.23883e-05
2.6 5.02087e-05
2.61 2.64894e-05
2.62 1.11376e-06
2.63 -2.58534e-05
2.64 -5.35035e-05
2.65 -7.99855e-05
2.66 -0.000103085
2.67 -0.000121054
2.68 -0.00013316
2.69 -0.00013977
2.7 -0.000142146
2.71 -0.000142019
2.72 -0.000140988
2.73 -0.00013994
2.74 -0.000138782
2.75 -0.00013659
2.76 -0.000132013
2.77 -0.00012363
2.78 -0.000110305
2.79 -9.166e-05
2.8 -6.84755e-05
2.81 -4.24824e-05
2.82 -1.55141e-05
2.83 1.12856e-05
2.84 3.74857e-05
2.85 6.27308e-05
2.86 8.61746e-05
2.87 0.000106518
2.88 0.000122542
2.89 0.000133654
2.9 0.000140202
2.91 0.000143456
2.92 0.000145023
2.93 0.00014567
2.94 0.000144417
2.95 0.00013902
2.96 0.000127707
2.97 0.000110547
2.98 8.90083e-05
2.99 6.42811e-05
3 3.6384e-05
3.01 5.10213e-06
3.02 -2.83447e-05
3.03 -6.07999e-05
3.04 -8.85055e-05
3.05 -0.000109194
3.06 -0.00012321
3.07 -0.000132757
3.08 -0.000139864
3.09 -0.000144801
3.1 -0.00014637
3.11 -0.000143706
3.12 -0.000137577
3.13 -0.000129753
3.14 -0.000121194
3.15 -0.000111087
3.16 -9.77766e-05
3.17 -8.05833e-05
3.18 -6.06202e-05
3.19 -3.98489e-05
3.2 -1.94457e-05
3.21 8.39491e-07
3.22 2.18335e-05
3.23 4.36601e-05
3.24 6.53527e-05
3.25 8.56067e-05
3.26 0.000103832
3.27 0.00012059
3.28 0.000137252
3.29 0.00015534
3.3 0.000175962
3.31 0.000199381
3.32 0.000224767
3.33 0.000250387
3.34 0.000274322
3.35 0.000295399
3.36 0.000313579
3.37 0.000329191
3.38 0.00034164
3.39 0.000349172
3.4 0.00035025
3.41 0.000345253
3.42 0.000336687
3.43 0.000327541
3.44 0.000319142
3.45 0.000310259
3.46 0.000298038
3.47 0.000279927
3.48 0.000255148
3.49 0.000224792
3.5 0.000190764
3.51 0.000154637
3.52 0.000117321
3.53 7.9541e-05
3.54 4.23143e-05
3.55 6.78493e-06
3.56 -2.63041e-05
3.57 -5.67422e-05
3.58 -8.45446e-05
3.59 -0.00010968
3.6 -0.000131858
3.61 -0.000150237
3.62 -0.000163479
3.63 -0.000170533
3.64 -0.000171517
3.65 -0.000167401
3.66 -0.000158493
3.67 -0.000143513
3.68 -0.000120647
3.69 -8.95293e-05
3.7 -5.18876e-05
3.71 -1.00748e-05
3.72 3.48627e-05
3.73 8.34034e-05
3.74 0.00013584
3.75 0.000190593
3.76 0.000244428
3.77 0.000294409
3.78 0.000339786
3.79 0.000382174
3.8 0.000423997
3.81 0.000466592
3.82 0.000509381
3.83 0.000550356
3.84 0.00058711
3.85 0.000617671
3.86 0.000640908
3.87 0.000656634
3.88 0.000665607
3.89 0.000669502
3.9 0.000670831
3.91 0.00067276
3.92 0.000678614
3.93 0.000690823
3.94 0.000709744
3.95 0.000733364
3.96 0.000758554
3.97 0.000783217
3.98 0.000807662
3.99 0.000833963
4 0.000863888
4.01 0.000897381
4.02 0.000932833
4.03 0.000968399
4.04 0.00100268
4.05 0.00103423
4.06 0.00106093
4.07 0.00108033
4.08 0.00109068
4.09 0.00109143
4.1 0.00108287
4.11 0.00106531
4.12 0.00103868
4.13 0.00100263
4.14 0.000957046
4.15 0.00090249
4.16 0.000839922
4.17 0.000769878
4.18 0.000692252
4.19 0.000607258
4.2 0.000516523
4.21 0.000422958
4.22 0.000329451
4.23 0.000237643
4.24 0.000147847
4.25 6.00418e-05
4.26 -2.49492e-05
4.27 -0.000105104
4.28 -0.000177987
4.29 -0.000242006
4.3 -0.000297069
4.31 -0.000344192
4.32 -0.000384516
4.33 -0.000418623
4.34 -0.000446798
4.35 -0.000470255
4.36 -0.000492524
4.37 -0.000519849
4.38 -0.0005599
4.39 -0.000618926
4.4 -0.00069869
4.41 -0.00079556
4.42 -0.000903288
4.43 -0.00101801
4.44 -0.00114167
4.45 -0.00128087
4.46 -0.00144166
4.47 -0.00162401
4.48 -0.00181984
4.49 -0.00201555
4.5 -0.00219683
4.51 -0.00235255
4.52 -0.00247609
4.53 -0.0025636
4.54 -0.00261088
4.55 -0.00261155
4.56 -0.0025591
4.57 -0.00245255
4.58 -0.00230165
4.59 -0.0021258
4.6 -0.00194535
4.61 -0.00177136
4.62 -0.00160263
4.63 -0.00143254
4.64 -0.00125854
4.65 -0.00108491
4.66 -0.000916546
4.67 -0.000750662
4.68 -0.000575422
4.69 -0.000377356
4.7 -0.000151315
4.71 9.46543e-05
4.72 0.000342293
4.73 0.000571355
4.74 0.00076773
4.75 0.00092647
4.76 0.00104832
4.77 0.00113401
4.78 0.00118313
4.79 0.00119963
4.8 0.00119712
4.81 0.00119548
4.82 0.0012094
4.83 0.00123981
4.84 0.00127608
4.85 0.00130556
4.86 0.00132018
4.87 0.00131638
4.88 0.00129234
4.89 0.00124712
4.9 0.00118181
4.91 0.00110047
4.92 0.00101004
4.93 0.00091881
4.94 0.000833827
4.95 0.000758763
4.96 0.000693578
4.97 0.000635687
4.98 0.000580931
4.99 0.000523566
5 0.000456468
5.01 0.000372752
5.02 0.000268315
5.03 0.00014358
5.04 3.31832e-06
5.05 -0.000145081
5.06 -0.000293771
5.07 -0.000436134
5.08 -0.000567612
5.09 -0.000685619
5.1 -0.000788917
5.11 -0.000877204
5.12 -0.000951651
5.13 -0.00101616
5.14 -0.00107791
5.15 -0.00114578
5.16 -0.00122673
5.17 -0.00132257
5.18 -0.00142946
5.19 -0.00154015
5.2 -0.00164713
5.21 -0.00174455
5.22 -0.00182886
5.23 -0.00189852
5.24 -0.00195285
5.25 -0.00199067
5.26 -0.00200965
5.27 -0.00200745
5.28 -0.00198358
5.29 -0.0019402
5.3 -0.00188113
5.31 -0.00180982
5.32 -0.00172844
5.33 -0.00163883
5.34 -0.0015444
5.35 -0.00145018
5.36 -0.00136034
5.37 -0.00127538
5.38 -0.00119208
5.39 -0.00110635
5.4 -0.00101614
5.41 -0.000922175
5.42 -0.000826541
5.43 -0.000730663
5.44 -0.00063385
5.45 -0.000533124
5.46 -0.000424705
5.47 -0.000306409
5.48 -0.000178835
5.49 -4.39717e-05
5.5 9.72836e-05
5.51 0.000245951
5.52 0.000403189
5.53 0.000567382
5.54 0.000732599
5.55 0.000889883
5.56 0.00103047
5.57 0.00114855
5.58 0.00124236
5.59 0.00131401
5.6 0.00136809
5.61 0.00140904
5.62 0.00143924
5.63 0.00145973
5.64 0.00147244
5.65 0.00148101
5.66 0.00148948
5.67 0.00150125
5.68 0.00151907
5.69 0.00154442
5.7 0.00157619
5.71 0.0016105
5.72 0.00164257
5.73 0.00166884
5.74 0.00168774
5.75 0.00169896
5.76 0.00170288
5.77 0.00170055
5.78 0.0016935
5.79 0.0016832
5.8 0.00167027
5.81 0.00165435
5.82 0.00163439
5.83 0.00160909
5.84 0.00157735
5.85 0.00153896
5.86 0.00149522
5.87 0.00144865
5.88 0.00140188
5.89 0.00135673
5.9 0.00131421
5.91 0.00127423
5.92 0.00123492
5.93 0.0011922
5.94 0.00114086
5.95 0.00107645
5.96 0.000996576
5.97 0.0009006
5.98 0.000788782
5.99 0.000662091
6 0.000522796
6.01 0.000374766
6.02 0.000222613
6.03 7.00267e-05
6.04 -8.1223e-05
6.05 -0.000230367
6.06 -0.000375367
6.07 -0.000511624
6.08 -0.000633325
6.09 -0.000736327
6.1 -0.000819695
6.11 -0.000884645
6.12 -0.000932637
6.13 -0.000965085
6.14 -0.000984801
6.15 -0.000996782
6.16 -0.00100644
6.17 -0.00101638
6.18 -0.00102462
6.19 -0.00102604
6.2 -0.00101601
6.21 -0.000993581
6.22 -0.000961573
6.23 -0.000923278
6.24 -0.000878836
6.25 -0.000825242
6.26 -0.000760231
6.27 -0.000686051
6.28 -0.000609305
6.29 -0.000536966
6.3 -0.000472143
6.31 -0.000413349
6.32 -0.000357907
6.33 -0.000306326
6.34 -0.000263563
6.35 -0.000236229
6.36 -0.000228452
6.37 -0.000239722
6.38 -0.000265671
6.39 -0.000300442
6.4 -0.000338734
6.41 -0.000376668
6.42 -0.000411783
6.43 -0.000442503
6.44 -0.000466944
6.45 -0.000481637
6.46 -0.000481735
6.47 -0.000463397
6.48 -0.000426558
6.49 -0.000375271
6.5 -0.000315036
6.51 -0.000249529
6.52 -0.000179644
6.53 -0.000105197
6.54 -2.70592e-05
6.55 5.25659e-05
6.56 0.000131711
6.57 0.00021001
6.58 0.000288226
6.59 0.000366571
6.6 0.00044371
6.61 0.000517277
6.62 0.000585109
6.63 0.000646087
6.64 0.000700389
6.65 0.000749486
6.66 0.000795936
6.67 0.000842716
6.68 0.00089206
6.69 0.000944374
6.7 0.000997927
6.71 0.00104966
6.72 0.00109663
6.73 0.00113684
6.74 0.00116857
6.75 0.00118902
6.76 0.00119437
6.77 0.00118186
6.78 0.00115183
6.79 0.00110763
6.8 0.00105339
6.81 0.00099196
6.82 0.000924619
6.83 0.000852477
6.84 0.000778018
6.85 0.000705385
6.86 0.000638822
6.87 0.000580261
6.88 0.000528338
6.89 0.000480124
6.9 0.000434198
6.91 0.000392282
6.92 0.000358016
6.93 0.000334014
6.94 0.000319524
6.95 0.000310189
6.96 0.000299888
6.97 0.000283404
6.98 0.000258239
6.99 0.00022451
7 0.000183337
7.01 0.000135191
7.02 7.93799e-05
7.03 1.46731e-05
7.04 -5.97423e-05
7.05 -0.000143774
7.06 -0.000236607
7.07 -0.000337114
7.08 -0.000443827
7.09 -0.00055458
7.1 -0.000666712
7.11 -0.000778296
7.12 -0.000889235
7.13 -0.00100078
7.14 -0.0011136
7.15 -0.00122626
7.16 -0.00133554
7.17 -0.00143837
7.18 -0.00153358
7.19 -0.00162192
7.2 -0.00170443
7.21 -0.00178044
7.22 -0.00184676
7.23 -0.00189882
7.24 -0.0019328
7.25 -0.00194705
7.26 -0.00194185
7.27 -0.00191791
7.28 -0.00187523
7.29 -0.00181319
7.3 -0.00173168
7.31 -0.00163243
7.32 -0.00151985
7.33 -0.00140067
7.34 -0.00128246
7.35 -0.00117138
7.36 -0.00107033
7.37 -0.000978693
7.38 -0.000893939
7.39 -0.000813808
7.4 -0.000737492
7.41 -0.000665473
7.42 -0.000598636
7.43 -0.000537478
7.44 -0.000481752
7.45 -0.000430464
7.46 -0.00038213
7.47 -0.00033533
7.48 -0.000289423
7.49 -0.000244907
7.5 -0.000202893
7.51 -0.000163779
7.52 -0.000126079
7.53 -8.64776e-05
7.54 -4.11922e-05
7.55 1.233e-05
7.56 7.44987e-05
7.57 0.000143899
7.58 0.000218427
7.59 0.000296391
7.6 0.000377016
7.61 0.000460266
7.62 0.000545982
7.63 0.000632499
7.64 0.000715553
7.65 0.000788981
7.66 0.000847631
7.67 0.000890447
7.68 0.000920984
7.69 0.000944905
7.7 0.00096692
7.71 0.000989573
7.72 0.00101366
7.73 0.00103868
7.74 0.0010628
7.75 0.00108321
7.76 0.00109712
7.77 0.00110282
7.78 0.00110024
7.79 0.00109087
7.8 0.00107709
7.81 0.00106104
7.82 0.00104325
7.83 0.0010218
7.84 0.000992698
7.85 0.000951685
7.86 0.00089677
7.87 0.000830011
7.88 0.000757404
7.89 0.000686501
7.9 0.000622917
7.91 0.000568153
7.92 0.000520417
7.93 0.000477407
7.94 0.000438094
7.95 0.000401863
7.96 0.000366704
7.97 0.000328857
7.98 0.000284018
7.99 0.000228774
8 0.00016151
8.01 8.2629e-05
8.02 -6.02436e-06
8.03 -0.000102291
8.04 -0.000204564
8.05 -0.000311591
8.06 -0.000421234
8.07 -0.000529317
8.08 -0.000629809
8.09 -0.000716214
8.1 -0.00078298
8.11 -0.000826267
8.12 -0.000844293
8.13 -0.000837354
8.14 -0.000807474
8.15 -0.000757945
8.16 -0.000693165
8.17 -0.000618636
8.18 -0.000540415
8.19 -0.000463833
8.2 -0.000392668
8.21 -0.000329904
8.22 -0.000279291
8.23 -0.000245706
8.24 -0.000233326
8.25 -0.000242723
8.26 -0.000269255
8.27 -0.000304774
8.28 -0.000341861
8.29 -0.000376845
8.3 -0.000409147
8.31 -0.000438586
8.32 -0.000463594
8.33 -0.00048087
8.34 -0.000485546
8.35 -0.00047206
8.36 -0.000436439
8.37 -0.000378848
8.38 -0.000304285
8.39 -0.000220894
8.4 -0.000137247
8.41 -6.00274e-05
8.42 7.09483e-06
8.43 6.29644e-05
8.44 0.000107115
8.45 0.000138004
8.46 0.000152857
8.47 0.000149318
8.48 0.000127516
8.49 9.10697e-05
8.5 4.66295e-05
8.51 1.97596e-06
8.52 -3.69779e-05
8.53 -6.88363e-05
8.54 -9.69657e-05
8.55 -0.000126664
8.56 -0.000160979
8.57 -0.000198081
8.58 -0.000232129
8.59 -0.00025741
8.6 -0.000273227
8.61 -0.000285822
8.62 -0.000305109
8.63 -0.000338184
8.64 -0.000384844
8.65 -0.000438553
8.66 -0.000491145
8.67 -0.000536725
8.68 -0.000572238
8.69 -0.000595681
8.7 -0.000604381
8.71 -0.000594918
8.72 -0.000564669
8.73 -0.000513471
8.74 -0.000443794
8.75 -0.000359373
8.76 -0.000263764
8.77 -0.000159879
8.78 -5.04234e-05
8.79 6.11055e-05
8.8 0.000169154
8.81 0.0002656
8.82 0.000341005
8.83 0.000387506
8.84 0.000402241
8.85 0.000389758
8.86 0.000361355
8.87 0.000330452
8.88 0.00030666
8.89 0.000293014
8.9 0.000288005
8.91 0.000290092
8.92 0.000300895
8.93 0.000324387
8.94 0.000362624
8.95 0.000412084
8.96 0.000464571
8.97 0.000511883
8.98 0.000549869
8.99 0.000578925
9 0.00060157
9.01 0.000619388
9.02 0.000631443
9.03 0.000635299
9.04 0.000629885
9.05 0.000617752
9.06 0.000604453
9.07 0.000595509
9.08 0.000594131
9.09 0.000601986
9.1 0.000621563
9.11 0.000656826
9.12 0.000710861
9.13 0.000782366
9.14 0.000863846
9.15 0.000943255
9.16 0.00100837
9.17 0.00105088
9.18 0.00106724
9.19 0.00105664
9.2 0.00101909
9.21 0.000955669
9.22 0.00087024
9.23 0.000770837
9.24 0.000669073
9.25 0.000577084
9.26 0.000503336
9.27 0.000450148
9.28 0.00041503
9.29 0.00039476
9.3 0.000388683
9.31 0.000398692
9.32 0.000426304
9.33 0.000469307
9.34 0.000520596
9.35 0.000570527
9.36 0.000611578
9.37 0.00064147
9.38 0.000661527
9.39 0.000671758
9.4 0.000667802
9.41 0.000643164
9.42 0.000594935
9.43 0.000528103
9.44 0.000454917
9.45 0.000389243
9.46 0.000339404
9.47 0.000305076
9.48 0.000281132
9.49 0.000264739
9.5 0.00025872
9.51 0.000268334
9.52 0.000295197
9.53 0.000334273
9.54 0.000376491
9.55 0.000414314
9.56 0.00044503
9.57 0.000468522
9.58 0.000481584
9.59 0.000474963
9.6 0.000436994
9.61 0.000360545
9.62 0.000246496
9.63 0.000101571
9.64 -6.60079e-05
9.65 -0.000250293
9.66 -0.000451448
9.67 -0.000678386
9.68 -0.000945071
9.69 -0.00125907
9.7 -0.00161009
9.71 -0.00196901
9.72 -0.00230142
9.73 -0.00258844
9.74 -0.00283841
9.75 -0.00307326
9.76 -0.00329681
9.77 -0.00347804
9.78 -0.00357245
9.79 -0.00356076
9.8 -0.00346285
9.81 -0.00331487
9.82 -0.00313868
9.83 -0.00293545
9.84 -0.00270325
9.85 -0.00245456
9.86 -0.00221591
9.87 -0.00201214
9.88 -0.00184967
9.89 -0.0017126
9.9 -0.00157559
9.91 -0.00142193
9.92 -0.00125019
9.93 -0.00106565
9.94 -0.000869369
9.95 -0.00065809
9.96 -0.000433755
9.97 -0.000211027
9.98 -1.41359e-05
9.99 0.000135837
10 0.00023396
10.01 0.000293939
10.02 0.00033781
10.03 0.000383302
10.04 0.00044083
10.05 0.00051986
10.06 0.000634058
10.07 0.000797709
10.08 0.00101636
10.09 0.0012805
10.1 0.00156757
10.11 0.00185024
10.12 0.00210488
10.13 0.00231596
10.14 0.00247573
10.15 0.00258092
10.16 0.00262934
10.17 0.00261962
10.18 0.00255538
10.19 0.00244939
10.2 0.00232134
10.21 0.00218936
10.22 0.00206292
10.23 0.00194319
10.24 0.00182877
10.25 0.00172003
10.26 0.00161853
10.27 0.0015231
10.28 0.00142735
10.29 0.00132175
10.3 0.00119921
10.31 0.00105971
10.32 0.000910321
10.33 0.00076136
10.34 0.000622581
10.35 0.000501932
10.36 0.000405989
10.37 0.000339768
10.38 0.000305294
10.39 0.000300261
10.4 0.000318136
10.41 0.000349907
10.42 0.000386738
10.43 0.000422115
10.44 0.000452277
10.45 0.000475384
10.46 0.000491089
10.47 0.000501083
10.48 0.0005093
10.49 0.000520423
10.5 0.000536925
10.51 0.000556501
10.52 0.000571937
10.53 0.000573855
10.54 0.000554529
10.55 0.000510303
10.56 0.000441915
10.57 0.000353815
10.58 0.000253092
10.59 0.000147711
10.6 4.45811e-05
10.61 -5.11092e-05
10.62 -0.000134899
10.63 -0.000201899
10.64 -0.000247099
10.65 -0.000267007
10.66 -0.000261178
10.67 -0.000232516
10.68 -0.000186499
10.69 -0.000129872
10.7 -6.90583e-05
10.71 -8.54162e-06
10.72 5.01585e-05
10.73 0.00010814
10.74 0.000167174
10.75 0.000227077
10.76 0.000284128
10.77 0.000331847
10.78 0.000363787
10.79 0.000376465
10.8 0.000370376
10.81 0.000348463
10.82 0.000313443
10.83 0.000266262
10.84 0.000206677
10.85 0.000134992
10.86 5.31213e-05
10.87 -3.59405e-05
10.88 -0.000129566
10.89 -0.000226277
10.9 -0.000324986
10.91 -0.000423632
10.92 -0.000518957
10.93 -0.000607859
10.94 -0.000688839
10.95 -0.000761925
10.96 -0.000827193
10.97 -0.000883601
10.98 -0.000929424
10.99 -0.000963713
11 -0.000987011
11.01 -0.00100058
11.02 -0.00100536
11.03 -0.00100217
11.04 -0.000993031
11.05 -0.000981706
11.06 -0.000972512
11.07 -0.000968417
11.08 -0.000969984
11.09 -0.000975715
11.1 -0.000983194
11.11 -0.00099031
11.12 -0.00099606
11.13 -0.00100057
11.14 -0.00100431
11.15 -0.00100706
11.16 -0.00100748
11.17 -0.00100362
11.18 -0.000993876
11.19 -0.00097758
11.2 -0.000954882
11.21 -0.000926155
11.22 -0.000891593
11.23 -0.000851245
11.24 -0.000805321
11.25 -0.000754351
11.26 -0.000699073
11.27 -0.000640298
11.28 -0.000579127
11.29 -0.000517438
11.3 -0.000458025
11.31 -0.000403977
11.32 -0.000357839
11.33 -0.000321292
11.34 -0.00029539
11.35 -0.000280823
11.36 -0.000277923
11.37 -0.000286601
11.38 -0.000306332
11.39 -0.00033604
11.4 -0.00037377
11.41 -0.000416565
11.42 -0.000461026
11.43 -0.000504183
11.44 -0.000543707
11.45 -0.00057717
11.46 -0.000601302
11.47 -0.000612373
11.48 -0.000607514
11.49 -0.000585673
11.5 -0.000547305
11.51 -0.000493233
11.52 -0.000423832
11.53 -0.00033919
11.54 -0.000240013
11.55 -0.000128551
11.56 -8.88197e-06
11.57 0.000113907
11.58 0.000235245
11.59 0.000351931
11.6 0.000461187
11.61 0.000558704
11.62 0.000638087
11.63 0.000692964
11.64 0.000720149
11.65 0.000721248
11.66 0.000701823
11.67 0.000669272
11.68 0.000630708
11.69 0.000591396
11.7 0.000554097
11.71 0.000519703
11.72 0.000488778
11.73 0.000462649
11.74 0.000443138
11.75 0.000431479
11.76 0.000427698
11.77 0.000430923
11.78 0.000440026
11.79 0.000453975
11.8 0.000471876
11.81 0.000492937
11.82 0.000516486
11.83 0.000542031
11.84 0.000569171
11.85 0.000597235
11.86 0.000624893
11.87 0.000650253
11.88 0.000671613
11.89 0.000688388
11.9 0.000701438
11.91 0.00071242
11.92 0.000722566
11.93 0.000731755
11.94 0.000738537
11.95 0.000740944
11.96 0.000737327
11.97 0.000726594
11.98 0.000707978
11.99 0.000680918
12 0.000645435
12.01 0.000602726
12.02 0.000555311
12.03 0.000506207
12.04 0.000457501
12.05 0.000409507
12.06 0.000361344
12.07 0.000312402
12.08 0.000263312
12.09 0.000215614
12.1 0.000170581
12.11 0.000128366
12.12 8.81667e-05
12.13 4.91441e-05
12.14 1.11755e-05
12.15 -2.51548e-05
12.16 -5.91705e-05
12.17 -9.07031e-05
12.18 -0.000120176
12.19 -0.00014816
12.2 -0.000174831
12.21 -0.000199811
12.22 -0.000222391
12.23 -0.000241829
12.24 -0.000257422
12.25 -0.000268413
12.26 -0.000273997
12.27 -0.000273601
12.28 -0.000267351
12.29 -0.000256495
12.3 -0.000243476
12.31 -0.000231512
12.32 -0.000223809
12.33 -0.000222791
12.34 -0.000229739
12.35 -0.000244895
12.36 -0.000267833
12.37 -0.000297893
12.38 -0.000334468
12.39 -0.000376932
12.4 -0.000424286
12.41 -0.000474984
12.42 -0.000527261
12.43 -0.000579584
12.44 -0.000630614
12.45 -0.000678644
12.46 -0.000721166
12.47 -0.000755211
12.48 -0.000778323
12.49 -0.000789374
12.5 -0.000788609
12.51 -0.00077704
12.52 -0.000755815
12.53 -0.000726148
12.54 -0.000689789
12.55 -0.000649403
12.56 -0.000608147
12.57 -0.000568508
12.58 -0.000531353
12.59 -0.000496044
12.6 -0.000461478
12.61 -0.000427069
12.62 -0.000392836
12.63 -0.000358681
12.64 -0.000323682
12.65 -0.000286205
12.66 -0.000244786
12.67 -0.000198997
12.68 -0.000149582
12.69 -9.77701e-05
12.7 -4.4305e-05
12.71 1.1115e-05
12.72 6.96517e-05
12.73 0.000132715
12.74 0.000201449
12.75 0.000276524
12.76 0.000358124
12.77 0.000445983
12.78 0.000539446
12.79 0.000637586
12.8 0.00073931
12.81 0.000843351
12.82 0.000948078
12.83 0.00105127
12.84 0.00115009
12.85 0.00124146
12.86 0.0013225
12.87 0.0013908
12.88 0.00144431
12.89 0.00148129
12.9 0.00150051
12.91 0.0015018
12.92 0.00148624
12.93 0.00145608
12.94 0.0014143
12.95 0.00136424
12.96 0.0013092
12.97 0.00125205
12.98 0.00119481
12.99 0.00113839
13 0.00108279
13.01 0.00102751
13.02 0.000972061
13.03 0.000916201
13.04 0.000859988
13.05 0.000803705
13.06 0.000747832
13.07 0.000693065
13.08 0.000640279
13.09 0.000590393
13.1 0.000544219
13.11 0.000502333
13.12 0.000464941
13.13 0.000431727
13.14 0.000401754
13.15 0.000373552
13.16 0.000345452
13.17 0.00031606
13.18 0.000284545
13.19 0.000250586
13.2 0.000214133
13.21 0.000175269
13.22 0.000134229
13.23 9.14274e-05
13.24 4.73654e-05
13.25 2.47832e-06
13.26 -4.29925e-05
13.27 -8.91096e-05
13.28 -0.000136371
13.29 -0.000185782
13.3 -0.00023873
13.31 -0.000296636
13.32 -0.000360504
13.33 -0.000430599
13.34 -0.000506449
13.35 -0.000587132
13.36 -0.000671597
13.37 -0.000758775
13.38 -0.000847474
13.39 -0.000936229
13.4 -0.00102327
13.41 -0.00110654
13.42 -0.00118383
13.43 -0.00125296
13.44 -0.00131234
13.45 -0.0013615
13.46 -0.00140122
13.47 -0.00143302
13.48 -0.0014585
13.49 -0.00147886
13.5 -0.00149496
13.51 -0.00150732
13.52 -0.00151602
13.53 -0.00152074
13.54 -0.00152095
13.55 -0.00151643
13.56 -0.00150747
13.57 -0.00149468
13.58 -0.00147839
13.59 -0.00145807
13.6 -0.00143223
13.61 -0.00139886
13.62 -0.00135615
13.63 -0.00130308
13.64 -0.0012396
13.65 -0.00116642
13.66 -0.00108465
13.67 -0.000995735
13.68 -0.00090142
13.69 -0.000803667
13.7 -0.000704369
13.71 -0.000605081
13.72 -0.000506934
13.73 -0.000410723
13.74 -0.000317037
13.75 -0.000226331
13.76 -0.000138968
13.77 -5.53347e-05
13.78 2.40932e-05
13.79 9.88859e-05
13.8 0.000168919
13.81 0.000234465
13.82 0.00029604
13.83 0.000354199
13.84 0.000409431
13.85 0.000462135
13.86 0.00051262
13.87 0.000561181
13.88 0.000608191
13.89 0.000654008
13.9 0.000698604
13.91 0.000741161
13.92 0.00077997
13.93 0.000812798
13.94 0.000837573
13.95 0.000853113
13.96 0.000859526
13.97 0.000858052
13.98 0.000850411
13.99 0.000838109
14 0.000822164
14.01 0.000803302
14.02 0.000782317
14.03 0.000760209
14.04 0.000738
14.05 0.000716378
14.06 0.000695474
14.07 0.00067495
14.08 0.000654339
14.09 0.000633426
14.1 0.000612383
14.11 0.000591587
14.12 0.00057131
14.13 0.000551595
14.14 0.000532373
14.15 0.000513614
14.16 0.000495312
14.17 0.000477336
14.18 0.000459334
14.19 0.00044082
14.2 0.000421405
14.21 0.00040098
14.22 0.000379661
14.23 0.000357511
14.24 0.000334271
14.25 0.000309371
14.26 0.000282217
14.27 0.000252465
14.28 0.000220067
14.29 0.000185068
14.3 0.000147366
14.31 0.000106572
14.32 6.20656e-05
14.33 1.31892e-05
14.34 -4.04693e-05
14.35 -9.87609e-05
14.36 -0.000160761
14.37 -0.000224877
14.38 -0.000289385
14.39 -0.000353087
14.4 -0.000415564
14.41 -0.000476812
14.42 -0.000536667
14.43 -0.000594571
14.44 -0.000649814
14.45 -0.000701854
14.46 -0.000750356
14.47 -0.000794932
14.48 -0.000834915
14.49 -0.000869385
14.5 -0.000897428
14.51 -0.000918387
14.52 -0.000931918
14.53 -0.000937878
14.54 -0.000936222
14.55 -0.000927086
14.56 -0.000910968
14.57 -0.000888807
14.58 -0.000861805
14.59 -0.000831051
14.6 -0.000797209
14.61 -0.000760499
14.62 -0.00072097
14.63 -0.000678842
14.64 -0.000634629
14.65 -0.000588952
14.66 -0.000542194
14.67 -0.000494297
14.68 -0.000444866
14.69 -0.000393442
14.7 -0.000339725
14.71 -0.000283659
14.72 -0.00022538
14.73 -0.000165148
14.74 -0.000103304
14.75 -4.02528e-05
14.76 2.36085e-05
14.77 8.80069e-05
14.78 0.000152849
14.79 0.000218082
14.8 0.00028341
14.81 0.00034807
14.82 0.000410875
14.83 0.000470523
14.84 0.000525946
14.85 0.000576467
14.86 0.000621713
14.87 0.000661501
14.88 0.000695869
14.89 0.000725192
14.9 0.000750106
14.91 0.00077121
14.92 0.000788774
14.93 0.000802776
14.94 0.000813259
14.95 0.000820663
14.96 0.000825813
14.97 0.0008296
14.98 0.00083266
14.99 0.000835343
15 0.000837929
15.01 0.000840815
15.02 0.000844418
15.03 0.000848856
15.04 0.00085364
15.05 0.000857632
15.06 0.000859307
15.07 0.000857187
15.08 0.000850198
15.09 0.000837742
15.1 0.000819528
15.11 0.000795437
15.12 0.000765577
15.13 0.000730473
15.14 0.000691241
15.15 0.000649556
15.16 0.000607309
15.17 0.000566025
15.18 0.000526424
15.19 0.000488514
15.2 0.000452117
15.21 0.00041726
15.22 0.000384086
15.23 0.00035246
15.24 0.000321757
15.25 0.000291048
15.26 0.000259436
15.27 0.000226211
15.28 0.000190741
15.29 0.000152369
15.3 0.000110541
15.31 6.5078e-05
15.32 1.62514e-05
15.33 -3.54517e-05
15.34 -8.96463e-05
15.35 -0.000146184
15.36 -0.00020505
15.37 -0.000266173
15.38 -0.000329299
15.39 -0.000393956
15.4 -0.000459468
15.41 -0.00052502
15.42 -0.00058976
15.43 -0.000652896
15.44 -0.000713781
15.45 -0.000771977
15.46 -0.000827281
15.47 -0.000879689
15.48 -0.000929284
15.49 -0.000976051
15.5 -0.00101966
15.51 -0.00105933
15.52 -0.00109382
15.53 -0.00112169
15.54 -0.00114156
15.55 -0.00115249
15.56 -0.00115403
15.57 -0.0011462
15.58 -0.00112939
15.59 -0.00110422
15.6 -0.00107145
15.61 -0.00103173
15.62 -0.000985466
15.63 -0.000932765
15.64 -0.000873708
15.65 -0.000808738
15.66 -0.000738958
15.67 -0.000666097
15.68 -0.00059217
15.69 -0.000519024
15.7 -0.000448008
15.71 -0.000379896
15.72 -0.000315044
15.73 -0.000253604
15.74 -0.000195686
15.75 -0.00014141
15.76 -9.08175e-05
15.77 -4.37226e-05
15.78 4.02562e-07
15.79 4.24078e-05
15.8 8.33168e-05
15.81 0.000124077
15.82 0.000165247
15.83 0.000206765
15.84 0.000247981
15.85 0.00028799
15.86 0.000326065
15.87 0.000361881
15.88 0.000395423
15.89 0.000426677
15.9 0.000455407
15.91 0.000481192
15.92 0.00050367
15.93 0.0005228
15.94 0.000538976
15.95 0.000552967
15.96 0.000565744
15.97 0.000578257
15.98 0.000591187
15.99 0.000604737
16 0.000618666
16.01 0.000632592
16.02 0.000646316
16.03 0.000659904
16.04 0.000673504
16.05 0.000687102
16.06 0.000700399
16.07 0.000712812
16.08 0.000723516
16.09 0.000731521
16.1 0.00073585
16.11 0.000735823
16.12 0.000731254
16.13 0.000722384
16.14 0.000709635
16.15 0.000693391
16.16 0.000673999
16.17 0.000651926
16.18 0.000627905
16.19 0.000602935
16.2 0.00057814
16.21 0.000554554
16.22 0.000532952
16.23 0.000513747
16.24 0.000496973
16.25 0.000482345
16.26 0.000469383
16.27 0.000457535
16.28 0.000446249
16.29 0.000435054
16.3 0.000423612
16.31 0.000411685
16.32 0.000398998
16.33 0.000385186
16.34 0.000369852
16.35 0.000352663
16.36 0.000333303
16.37 0.000311344
16.38 0.000286177
16.39 0.000257133
16.4 0.000223726
16.41 0.000185831
16.42 0.000143657
16.43 9.75944e-05
16.44 4.80616e-05
16.45 -4.51387e-06
16.46 -5.96411e-05
16.47 -0.000116731
16.48 -0.000175138
16.49 -0.000234245
16.5 -0.000293494
16.51 -0.000352308
16.52 -0.000409968
16.53 -0.000465515
16.54 -0.00051772
16.55 -0.000565105
16.56 -0.000606099
16.57 -0.00063933
16.58 -0.000663959
16.59 -0.000679869
16.6 -0.000687608
16.61 -0.000688159
16.62 -0.000682693
16.63 -0.00067245
16.64 -0.000658697
16.65 -0.000642675
16.66 -0.000625526
16.67 -0.000608256
16.68 -0.000591717
16.69 -0.000576501
16.7 -0.000562828
16.71 -0.000550602
16.72 -0.00053963
16.73 -0.000529831
16.74 -0.000521227
16.75 -0.000513777
16.76 -0.000507243
16.77 -0.000501228
16.78 -0.0004953
16.79 -0.000489031
16.8 -0.00048191
16.81 -0.000473334
16.82 -0.000462804
16.83 -0.000450219
16.84 -0.000435935
16.85 -0.000420472
16.86 -0.000404071
16.87 -0.000386452
16.88 -0.000366976
16.89 -0.000345081
16.9 -0.000320646
16.91 -0.000294056
16.92 -0.000265936
16.93 -0.000236775
16.94 -0.0002067
16.95 -0.000175596
16.96 -0.000143471
16.97 -0.000110772
16.98 -7.83172e-05
16.99 -4.68935e-05
17 -1.68316e-05
17.01 1.20974e-05
17.02 4.04783e-05
17.03 6.89925e-05
17.04 9.82777e-05
17.05 0.000128899
17.06 0.000161359
17.07 0.000196044
17.08 0.000233045
17.09 0.000271904
17.1 0.000311486
17.11 0.000350119
17.12 0.000386027
17.13 0.000417827
17.14 0.000444716
17.15 0.000466267
17.16 0.000482106
17.17 0.00049185
17.18 0.00049536
17.19 0.000493062
17.2 0.000486059
17.21 0.000475905
17.22 0.000464171
17.23 0.000452018
17.24 0.000440008
17.25 0.000428245
17.26 0.000416696
17.27 0.000405353
17.28 0.000394116
17.29 0.000382575
17.3 0.000369987
17.31 0.000355529
17.32 0.000338667
17.33 0.000319399
17.34 0.00029821
17.35 0.00027573
17.36 0.000252343
17.37 0.000228004
17.38 0.000202429
17.39 0.000175465
17.4 0.00014732
17.41 0.000118469
17.42 8.93696e-05
17.43 6.01948e-05
17.44 3.07775e-05
17.45 7.28362e-07
17.46 -3.0422e-05
17.47 -6.31571e-05
17.48 -9.79262e-05
17.49 -0.000135036
17.5 -0.000174514
17.51 -0.000216064
17.52 -0.000259141
17.53 -0.000303081
17.54 -0.000347136
17.55 -0.000390445
17.56 -0.000432062
17.57 -0.000471153
17.58 -0.000507249
17.59 -0.000540297
17.6 -0.000570376
17.61 -0.000597307
17.62 -0.00062051
17.63 -0.000639234
17.64 -0.000652953
17.65 -0.000661628
17.66 -0.00066569
17.67 -0.000665915
17.68 -0.000663313
17.69 -0.000659024
17.7 -0.000654094
17.71 -0.000649195
17.72 -0.000644495
17.73 -0.000639805
17.74 -0.000634916
17.75 -0.000629865
17.76 -0.000624933
17.77 -0.000620419
17.78 -0.00061638
17.79 -0.000612544
17.8 -0.000608424
17.81 -0.000603514
17.82 -0.000597419
17.83 -0.000589853
17.84 -0.000580549
17.85 -0.000569189
17.86 -0.00055543
17.87 -0.000538985
17.88 -0.000519628
17.89 -0.000497103
17.9 -0.000471081
17.91 -0.000441221
17.92 -0.000407275
17.93 -0.000369116
17.94 -0.000326697
17.95 -0.000280001
17.96 -0.000229085
17.97 -0.000174163
17.98 -0.000115637
17.99 -5.40694e-05
18 9.87371e-06
18.01 7.54377e-05
18.02 0.000141829
18.03 0.000208308
18.04 0.00027426
18.05 0.000339179
18.06 0.000402602
18.07 0.000464039
18.08 0.000522925
18.09 0.000578616
18.1 0.000630438
18.11 0.000677778
18.12 0.000720211
18.13 0.000757644
18.14 0.000790379
18.15 0.000818984
18.16 0.000843989
18.17 0.000865627
18.18 0.000883807
18.19 0.000898285
18.2 0.000908788
18.21 0.000914979
18.22 0.000916377
18.23 0.00091248
18.24 0.000903025
18.25 0.000888185
18.26 0.000868501
18.27 0.000844627
18.28 0.000817086
18.29 0.000786291
18.3 0.000752825
18.31 0.00071768
18.32 0.000682121
18.33 0.000647222
18.34 0.00061346
18.35 0.000580705
18.36 0.000548527
18.37 0.000516519
18.38 0.000484385
18.39 0.000451833
18.4 0.00041847
18.41 0.000383854
18.42 0.000347655
18.43 0.000309713
18.44 0.000269927
18.45 0.000228096
18.46 0.000183905
18.47 0.000137107
18.48 8.77359e-05
18.49 3.6222e-05
18.5 -1.665e-05
18.51 -6.9874e-05
18.52 -0.00012237
18.53 -0.000173083
18.54 -0.000221016
18.55 -0.000265283
18.56 -0.00030525
18.57 -0.000340707
18.58 -0.000371922
18.59 -0.000399567
18.6 -0.000424629
18.61 -0.000448306
18.62 -0.000471737
18.63 -0.000495642
18.64 -0.000520195
18.65 -0.000545285
18.66 -0.000570948
18.67 -0.000597578
18.68 -0.000625735
18.69 -0.000655677
18.7 -0.000686955
18.71 -0.000718373
18.72 -0.000748325
18.73 -0.000775238
18.74 -0.000797846
18.75 -0.000815167
18.76 -0.000826322
18.77 -0.000830412
18.78 -0.00082665
18.79 -0.000814695
18.8 -0.000794884
18.81 -0.000768155
18.82 -0.000735755
18.83 -0.000698929
18.84 -0.000658723
18.85 -0.000615994
18.86 -0.000571621
18.87 -0.000526715
18.88 -0.000482593
18.89 -0.00044042
18.9 -0.000400789
18.91 -0.000363588
18.92 -0.000328254
18.93 -0.000294147
18.94 -0.000260727
18.95 -0.000227485
18.96 -0.000193852
18.97 -0.000159302
18.98 -0.000123633
18.99 -8.71296e-05
19 -5.04376e-05
19.01 -1.42899e-05
19.02 2.06808e-05
19.03 5.40148e-05
19.04 8.54915e-05
19.05 0.000115185
19.06 0.000143377
19.07 0.000170285
19.08 0.000195831
19.09 0.000219713
19.1 0.000241739
19.11 0.000262129
19.12 0.000281511
19.13 0.000300651
19.14 0.00032012
19.15 0.000340168
19.16 0.000360775
19.17 0.000381752
19.18 0.000402728
19.19 0.000423115
19.2 0.000442148
19.21 0.000459029
19.22 0.000473057
19.23 0.000483652
19.24 0.000490388
19.25 0.000493163
19.26 0.000492446
19.27 0.000489353
19.28 0.000485395
19.29 0.000481973
19.3 0.000479992
19.31 0.000479784
19.32 0.000481224
19.33 0.000483779
19.34 0.000486483
19.35 0.000487973
19.36 0.000486687
19.37 0.000481206
19.38 0.000470588
19.39 0.000454488
19.4 0.000432996
19.41 0.000406347
19.42 0.000374752
19.43 0.00033844
19.44 0.000297824
19.45 0.000253639
19.46 0.000206947
19.47 0.000159
19.48 0.000110978
19.49 6.3728e-05
19.5 1.76462e-05
19.51 -2.71989e-05
19.52 -7.08113e-05
19.53 -0.000113062
19.54 -0.000153657
19.55 -0.000192248
19.56 -0.000228533
19.57 -0.000262251
19.58 -0.000293113
19.59 -0.000320812
19.6 -0.000345154
19.61 -0.000366198
19.62 -0.000384224
19.63 -0.000399531
19.64 -0.000412308
19.65 -0.000422687
19.66 -0.000430888
19.67 -0.000437264
19.68 -0.000442191
19.69 -0.000445877
19.7 -0.000448218
19.71 -0.000448814
19.72 -0.00044712
19.73 -0.000442625
19.74 -0.000434956
19.75 -0.000423905
19.76 -0.000409417
19.77 -0.000391578
19.78 -0.000370594
19.79 -0.000346709
19.8 -0.000320079
19.81 -0.000290717
19.82 -0.000258599
19.83 -0.000223855
19.84 -0.000186883
19.85 -0.000148302
19.86 -0.00010878
19.87 -6.88597e-05
19.88 -2.89115e-05
19.89 1.07673e-05
19.9 4.97893e-05
19.91 8.763e-05
19.92 0.000123784
19.93 0.000158019
19.94 0.000190496
19.95 0.000221606
19.96 0.000251686
19.97 0.000280878
19.98 0.000309244
19.99 0.00033698
20 0.00036447
20.01 0.000392082
20.02 0.000419903
20.03 0.000447698
20.04 0.000475138
20.05 0.000502059
20.06 0.000528528
20.07 0.000554722
20.08 0.000580778
20.09 0.000606736
20.1 0.000632541
20.11 0.000658072
20.12 0.000683164
20.13 0.000707659
20.14 0.000731418
20.15 0.00075427
20.16 0.00077597
20.17 0.000796211
20.18 0.000814657
20.19 0.000830929
20.2 0.00084458
20.21 0.000855103
20.22 0.000861999
20.23 0.000864843
20.24 0.000863326
20.25 0.000857261
20.26 0.00084655
20.27 0.000831144
20.28 0.000811063
20.29 0.000786449
20.3 0.00075762
20.31 0.000725037
20.32 0.000689178
20.33 0.000650431
20.34 0.000609124
20.35 0.000565676
20.36 0.000520657
20.37 0.000474719
20.38 0.000428474
20.39 0.000382476
20.4 0.000337247
20.41 0.000293269
20.42 0.00025091
20.43 0.000210333
20.44 0.000171459
20.45 0.000134038
20.46 9.77771e-05
20.47 6.24585e-05
20.48 2.79801e-05
20.49 -5.67962e-06
20.5 -3.85482e-05
20.51 -7.07273e-05
20.52 -0.000102405
20.53 -0.000133812
20.54 -0.000165147
20.55 -0.000196482
20.56 -0.000227728
20.57 -0.000258699
20.58 -0.000289279
20.59 -0.000319545
20.6 -0.000349728
20.61 -0.000380061
20.62 -0.000410646
20.63 -0.000441417
20.64 -0.000472174
20.65 -0.000502624
20.66 -0.000532428
20.67 -0.000561279
20.68 -0.000588967
20.69 -0.000615386
20.7 -0.000640451
20.71 -0.000664018
20.72 -0.000685897
20.73 -0.000705929
20.74 -0.000724011
20.75 -0.000740028
20.76 -0.000753745
20.77 -0.000764811
20.78 -0.000772854
20.79 -0.000777604
20.8 -0.000778932
20.81 -0.000776879
20.82 -0.000771705
20.83 -0.000763923
20.84 -0.000754216
20.85 -0.000743252
20.86 -0.000731526
20.87 -0.000719331
20.88 -0.000706827
20.89 -0.000694133
20.9 -0.000681375
20.91 -0.000668636
20.92 -0.000655849
20.93 -0.0006427
20.94 -0.000628606
20.95 -0.000612777
20.96 -0.000594344
20.97 -0.000572559
20.98 -0.000547028
20.99 -0.000517859
21 -0.000485581
21.01 -0.000450862
21.02 -0.000414226
21.03 -0.000375959
21.04 -0.000336218
21.05 -0.000295193
21.06 -0.000253172
21.07 -0.000210512
21.08 -0.000167583
21.09 -0.000124708
21.1 -8.2158e-05
21.11 -4.01937e-05
21.12 9.04123e-07
21.13 4.08901e-05
21.14 7.9674e-05
21.15 0.000117397
21.16 0.000154407
21.17 0.000191165
21.18 0.000228133
21.19 0.000265715
21.2 0.000304231
21.21 0.000343896
21.22 0.00038478
21.23 0.00042676
21.24 0.000469532
21.25 0.000512661
21.26 0.000555608
21.27 0.000597713
21.28 0.000638197
21.29 0.000676252
21.3 0.000711199
21.31 0.00074256
21.32 0.000769951
21.33 0.000792918
21.34 0.000810896
21.35 0.000823394
21.36 0.000830274
21.37 0.000831877
21.38 0.000828891
21.39 0.000822026
21.4 0.000811755
21.41 0.000798293
21.42 0.000781833
21.43 0.00076282
21.44 0.000742005
21.45 0.000720205
21.46 0.00069796
21.47 0.000675336
21.48 0.000651974
21.49 0.000627322
21.5 0.000600875
21.51 0.000572325
21.52 0.000541571
21.53 0.000508633
21.54 0.000473523
21.55 0.000436174
21.56 0.000396463
21.57 0.000354297
21.58 0.000309674
21.59 0.000262676
21.6 0.000213411
21.61 0.000162024
21.62 0.000108776
21.63 5.40822e-05
21.64 -1.54285e-06
21.65 -5.76045e-05
21.66 -0.0001137
21.67 -0.00016947
21.68 -0.000224441
21.69 -0.000277891
21.7 -0.000328849
21.71 -0.000376327
21.72 -0.000419644
21.73 -0.000458597
21.74 -0.000493349
21.75 -0.000524196
21.76 -0.000551444
21.77 -0.000575477
21.78 -0.000596834
21.79 -0.000616134
21.8 -0.000633845
21.81 -0.000650136
21.82 -0.000664992
21.83 -0.000678488
21.84 -0.000690972
21.85 -0.000702997
21.86 -0.000715075
21.87 -0.000727463
21.88 -0.000740053
21.89 -0.000752407
21.9 -0.000763897
21.91 -0.0007739
21.92 -0.000781888
21.93 -0.000787317
21.94 -0.000789471
21.95 -0.000787484
21.96 -0.000780635
21.97 -0.000768672
21.98 -0.000751867
21.99 -0.000730705
22 -0.000705509
22.01 -0.000676337
22.02 -0.000643203
22.03 -0.000606359
22.04 -0.000566382
22.05 -0.000524027
22.06 -0.000479968
22.07 -0.000434626
22.08 -0.000388175
22.09 -0.000340676
22.1 -0.000292217
22.11 -0.000242985
22.12 -0.000193254
22.13 -0.000143369
22.14 -9.37612e-05
22.15 -4.48929e-05
22.16 2.87671e-06
22.17 4.94063e-05
22.18 9.4772e-05
22.19 0.000139189
22.2 0.000182936
22.21 0.000226264
22.22 0.000269263
22.23 0.000311739
22.24 0.000353224
22.25 0.000393164
22.26 0.000431172
22.27 0.000467139
22.28 0.000501128
22.29 0.000533196
22.3 0.000563323
22.31 0.000591475
22.32 0.000617662
22.33 0.000641924
22.34 0.000664283
22.35 0.000684755
22.36 0.0007034
22.37 0.000720326
22.38 0.000735627
22.39 0.000749327
22.4 0.000761401
22.41 0.000771845
22.42 0.000780711
22.43 0.000788095
22.44 0.000794067
22.45 0.000798616
22.46 0.000801622
22.47 0.000802868
22.48 0.000802019
22.49 0.000798588
22.5 0.000791938
22.51 0.000781393
22.52 0.000766435
22.53 0.00074687
22.54 0.000722836
22.55 0.00069466
22.56 0.000662698
22.57 0.000627312
22.58 0.000588945
22.59 0.000548193
22.6 0.000505761
22.61 0.000462347
22.62 0.000418523
22.63 0.000374666
22.64 0.000330957
22.65 0.000287492
22.66 0.000244428
22.67 0.000202026
22.68 0.0001605
22.69 0.000119835
22.7 7.97918e-05
22.71 4.00743e-05
22.72 4.70282e-07
22.73 -3.9103e-05
22.74 -7.8606e-05
22.75 -0.000117898
22.76 -0.000156776
22.77 -0.000195057
22.78 -0.000232701
22.79 -0.000269874
22.8 -0.000306826
22.81 -0.000343685
22.82 -0.000380385
22.83 -0.000416757
22.84 -0.000452661
22.85 -0.000488048
22.86 -0.000522949
22.87 -0.000557427
22.88 -0.00059152
22.89 -0.00062521
22.9 -0.000658353
22.91 -0.000690629
22.92 -0.000721552
22.93 -0.000750593
22.94 -0.000777323
22.95 -0.000801443
22.96 -0.000822701
22.97 -0.000840813
22.98 -0.000855495
22.99 -0.000866586
23 -0.0008741
23.01 -0.000878167
23.02 -0.000878907
23.03 -0.000876385
23.04 -0.000870665
23.05 -0.000861912
23.06 -0.000850432
23.07 -0.000836584
23.08 -0.000820638
23.09 -0.000802692
23.1 -0.000782743
23.11 -0.000760796
23.12 -0.000736913
23.13 -0.000711202
23.14 -0.000683803
23.15 -0.000654896
23.16 -0.000624685
23.17 -0.000593407
23.18 -0.000561371
23.19 -0.000528997
23.2 -0.000496745
23.21 -0.00046497
23.22 -0.000433837
23.23 -0.000403368
23.24 -0.000373565
23.25 -0.000344475
23.26 -0.000316128
23.27 -0.000288436
23.28 -0.000261183
23.29 -0.000234129
23.3 -0.000207116
23.31 -0.000180108
23.32 -0.000153145
23.33 -0.0001263
23.34 -9.96587e-05
23.35 -7.33503e-05
23.36 -4.75984e-05
23.37 -2.27064e-05
23.38 1.04616e-06
23.39 2.35288e-05
23.4 4.47959e-05
23.41 6.50057e-05
23.42 8.43018e-05
23.43 0.000102764
23.44 0.000120461
23.45 0.000137554
23.46 0.000154333
23.47 0.000171124
23.48 0.000188132
23.49 0.000205355
23.5 0.00022264
23.51 0.00023982
23.52 0.000256789
23.53 0.000273462
23.54 0.000289694
23.55 0.000305281
23.56 0.000320044
23.57 0.000333897
23.58 0.000346802
23.59 0.000358648
23.6 0.000369209
23.61 0.00037822
23.62 0.000385517
23.63 0.000391104
23.64 0.000395135
23.65 0.000397836
23.66 0.000399445
23.67 0.00040016
23.68 0.0004001
23.69 0.000399307
23.7 0.000397789
23.71 0.000395551
23.72 0.0003926
23.73 0.000388923
23.74 0.000384494
23.75 0.000379293
23.76 0.000373352
23.77 0.000366766
23.78 0.000359649
23.79 0.000352084
23.8 0.000344115
23.81 0.000335808
23.82 0.000327302
23.83 0.000318784
23.84 0.000310404
23.85 0.000302214
23.86 0.000294156
23.87 0.00028609
23.88 0.000277854
23.89 0.000269314
23.9 0.000260396
23.91 0.000251093
23.92 0.000241463
23.93 0.000231606
23.94 0.000221601
23.95 0.00021147
23.96 0.000201174
23.97 0.000190651
23.98 0.000179845
23.99 0.000168699
24 0.000157152
24.01 0.000145145
24.02 0.000132657
24.03 0.000119707
24.04 0.000106347
24.05 9.26331e-05
24.06 7.86085e-05
24.07 6.4299e-05
24.08 4.97288e-05
24.09 3.49457e-05
24.1 2.00315e-05
24.11 5.08882e-06
24.12 -9.77582e-06
24.13 -2.44571e-05
24.14 -3.88483e-05
24.15 -5.28419e-05
24.16 -6.6338e-05
24.17 -7.92531e-05
24.18 -9.15209e-05
24.19 -0.000103081
24.2 -0.000113868
24.21 -0.000123803
24.22 -0.000132815
24.23 -0.000140852
24.24 -0.000147893
24.25 -0.000153942
24.26 -0.000159024
24.27 -0.000163168
24.28 -0.000166413
24.29 -0.000168795
24.3 -0.000170338
24.31 -0.000171052
24.32 -0.000170938
24.33 -0.000170011
24.34 -0.000168308
24.35 -0.000165886
24.36 -0.000162796
24.37 -0.000159087
24.38 -0.000154811
24.39 -0.000150035
24.4 -0.000144828
24.41 -0.000139249
24.42 -0.000133334
24.43 -0.000127103
24.44 -0.000120564
24.45 -0.000113725
24.46 -0.000106596
24.47 -9.91856e-05
24.48 -9.14997e-05
24.49 -8.35437e-05
24.5 -7.53276e-05
24.51 -6.68689e-05
24.52 -5.81917e-05
24.53 -4.93205e-05
24.54 -4.0276e-05
24.55 -3.10732e-05
24.56 -2.17246e-05
24.57 -1.2243e-05
24.58 -2.64413e-06
24.59 7.05291e-06
24.6 1.68262e-05
24.61 2.6651e-05
24.62 3.64985e-05
24.63 4.63331e-05
24.64 5.61098e-05
24.65 6.5775e-05
24.66 7.52685e-05
24.67 8.45278e-05
24.68 9.34909e-05
24.69 0.000102098
24.7 0.000110292
24.71 0.00011802
24.72 0.000125234
24.73 0.000131893
24.74 0.000137958
24.75 0.000143398
24.76 0.000148185
24.77 0.000152295
24.78 0.000155709
24.79 0.000158413
24.8 0.000160399
24.81 0.000161669
24.82 0.000162227
24.83 0.000162088
24.84 0.00016127
24.85 0.000159798
24.86 0.0001577
24.87 0.000155007
24.88 0.000151749
24.89 0.000147958
24.9 0.000143661
24.91 0.000138887
24.92 0.000133659
24.93 0.000128002
24.94 0.000121937
24.95 0.000115488
24.96 0.000108674
24.97 0.000101518
24.98 9.40461e-05
24.99 8.6302e-05
25 7.83487e-05
25.01 7.02392e-05
25.02 6.1988e-05
25.03 5.35754e-05
25.04 4.49813e-05
25.05 3.62145e-05
25.06 2.73111e-05
25.07 1.83108e-05
25.08 9.23597e-06
25.09 9.26242e-08
25.1 -9.11246e-06
25.11 -1.83566e-05
25.12 -2.76004e-05
25.13 -3.67988e-05
25.14 -4.59134e-05
25.15 -5.49156e-05
25.16 -6.37796e-05
25.17 -7.24727e-05
25.18 -8.09523e-05
25.19 -8.91712e-05
25.2 -9.70848e-05
25.21 -0.000104654
25.22 -0.000111844
25.23 -0.000118617
25.24 -0.000124934
25.25 -0.000130757
25.26 -0.000136051
25.27 -0.000140793
25.28 -0.000144964
25.29 -0.000148553
25.3 -0.000151551
25.31 -0.000153952
25.32 -0.000155755
25.33 -0.000156963
25.34 -0.000157586
25.35 -0.000157634
25.36 -0.000157122
25.37 -0.00015606
25.38 -0.000154466
25.39 -0.000152355
25.4 -0.000149748
25.41 -0.000146665
25.42 -0.000143127
25.43 -0.000139156
25.44 -0.000134773
25.45 -0.000129999
25.46 -0.000124855
25.47 -0.000119362
25.48 -0.000113538
25.49 -0.0001074
25.5 -0.000100964
25.51 -9.42462e-05
25.52 -8.72603e-05
25.53 -8.00217e-05
25.54 -7.25456e-05
25.55 -6.48478e-05
25.56 -5.69449e-05
25.57 -4.88544e-05
25.58 -4.05956e-05
25.59 -3.21889e-05
25.6 -2.36559e-05
25.61 -1.50198e-05
25.62 -6.30482e-06
25.63 2.46307e-06
25.64 1.12562e-05
25.65 2.0045e-05
25.66 2.87981e-05
25.67 3.74825e-05
25.68 4.60632e-05
25.69 5.45043e-05
25.7 6.27685e-05
25.71 7.08181e-05
25.72 7.86153e-05
25.73 8.61231e-05
25.74 9.33058e-05
25.75 0.00010013
25.76 0.000106563
25.77 0.000112577
25.78 0.000118146
25.79 0.000123249
25.8 0.000127865
25.81 0.00013198
25.82 0.000135581
25.83 0.000138661
25.84 0.000141214
25.85 0.000143238
25.86 0.000144735
25.87 0.000145707
25.88 0.000146163
25.89 0.000146109
25.9 0.000145557
25.91 0.000144519
25.92 0.000143006
25.93 0.000141034
25.94 0.000138616
25.95 0.000135767
25.96 0.000132501
25.97 0.000128832
25.98 0.000124776
25.99 0.000120346
26 0.000115557
26.01 0.000110422
26.02 0.000104957
26.03 9.91754e-05
26.04 9.30924e-05
26.05 8.67231e-05
26.06 8.0083e-05
26.07 7.31885e-05
26.08 6.60564e-05
26.09 5.87046e-05
26.1 5.1152e-05
26.11 4.34189e-05
26.12 3.55266e-05
26.13 2.74984e-05
26.14 1.93587e-05
26.15 1.11337e-05
26.16 2.85132e-06
26.17 -5.45936e-06
26.18 -1.37677e-05
26.19 -2.20422e-05
26.2 -3.02501e-05
26.21 -3.83582e-05
26.22 -4.63332e-05
26.23 -5.41414e-05
26.24 -6.17497e-05
26.25 -6.91255e-05
26.26 -7.62371e-05
26.27 -8.30544e-05
26.28 -8.95488e-05
26.29 -9.56937e-05
26.3 -0.000101465
26.31 -0.00010684
26.32 -0.0001118
26.33 -0.00011633
26.34 -0.000120415
26.35 -0.000124045
26.36 -0.000127212
26.37 -0.000129912
26.38 -0.000132141
26.39 -0.000133899
26.4 -0.000135187
26.41 -0.000136008
26.42 -0.000136368
26.43 -0.000136271
26.44 -0.000135725
26.45 -0.000134736
26.46 -0.000133315
26.47 -0.000131469
26.48 -0.000129209
26.49 -0.000126543
26.5 -0.000123483
26.51 -0.00012004
26.52 -0.000116224
26.53 -0.000112047
26.54 -0.000107521
26.55 -0.000102658
26.56 -9.74699e-05
26.57 -9.19714e-05
26.58 -8.61764e-05
26.59 -8.01e-05
26.6 -7.37585e-05
26.61 -6.71691e-05
26.62 -6.03505e-05
26.63 -5.33228e-05
26.64 -4.61072e-05
26.65 -3.87264e-05
26.66 -3.12046e-05
26.67 -2.35669e-05
26.68 -1.58401e-05
26.69 -8.0517e-06
26.7 -2.30502e-07
26.71 7.59399e-06
26.72 1.53916e-05
26.73 2.31315e-05
26.74 3.07829e-05
26.75 3.83148e-05
26.76 4.56965e-05
26.77 5.2898e-05
26.78 5.98899e-05
26.79 6.66443e-05
26.8 7.31345e-05
26.81 7.93355e-05
26.82 8.52243e-05
26.83 9.07798e-05
26.84 9.59832e-05
26.85 0.000100818
26.86 0.00010527
26.87 0.000109326
26.88 0.000112978
26.89 0.000116217
26.9 0.000119037
26.91 0.000121435
26.92 0.000123407
26.93 0.000124953
26.94 0.000126073
26.95 0.000126769
26.96 0.000127043
26.97 0.000126899
26.98 0.000126342
26.99 0.000125375
27 0.000124006
27.01 0.00012224
27.02 0.000120083
27.03 0.000117545
27.04 0.000114631
27.05 0.000111351
27.06 0.000107715
27.07 0.000103731
27.08 9.94109e-05
27.09 9.47661e-05
27.1 8.98093e-05
27.11 8.45542e-05
27.12 7.90157e-05
27.13 7.32098e-05
27.14 6.71538e-05
27.15 6.08663e-05
27.16 5.43671e-05
27.17 4.76774e-05
27.18 4.08195e-05
27.19 3.3817e-05
27.2 2.66946e-05
27.21 1.9478e-05
27.22 1.21938e-05
27.23 4.86934e-06
27.24 -2.46734e-06
27.25 -9.78787e-06
27.26 -1.70637e-05
27.27 -2.42661e-05
27.28 -3.13669e-05
27.29 -3.83381e-05
27.3 -4.51526e-05
27.31 -5.17842e-05
27.32 -5.82076e-05
27.33 -6.43991e-05
27.34 -7.03364e-05
27.35 -7.59988e-05
27.36 -8.13672e-05
27.37 -8.64244e-05
27.38 -9.1155e-05
27.39 -9.55453e-05
27.4 -9.95836e-05
27.41 -0.00010326
27.42 -0.000106565
27.43 -0.000109493
27.44 -0.000112038
27.45 -0.000114196
27.46 -0.000115964
27.47 -0.000117339
27.48 -0.000118323
27.49 -0.000118913
27.5 -0.000119112
27.51 -0.000118921
27.52 -0.000118342
27.53 -0.000117379
27.54 -0.000116035
27.55 -0.000114315
27.56 -0.000112225
27.57 -0.00010977
27.58 -0.000106958
27.59 -0.000103796
27.6 -0.000100293
27.61 -9.64581e-05
27.62 -9.23034e-05
27.63 -8.78402e-05
27.64 -8.30819e-05
27.65 -7.80426e-05
27.66 -7.27381e-05
27.67 -6.71852e-05
27.68 -6.1402e-05
27.69 -5.54079e-05
27.7 -4.92234e-05
27.71 -4.28702e-05
27.72 -3.63708e-05
27.73 -2.9749e-05
27.74 -2.30293e-05
27.75 -1.62367e-05
27.76 -9.39688e-06
27.77 -2.53603e-06
27.78 4.3196e-06
27.79 1.11437e-05
27.8 1.79101e-05
27.81 2.45929e-05
27.82 3.11669e-05
27.83 3.76075e-05
27.84 4.38909e-05
27.85 4.99944e-05
27.86 5.58965e-05
27.87 6.15769e-05
27.88 6.70167e-05
27.89 7.21984e-05
27.9 7.7106e-05
27.91 8.17249e-05
27.92 8.6042e-05
27.93 9.00456e-05
27.94 9.37253e-05
27.95 9.70721e-05
27.96 0.000100078
27.97 0.000102737
27.98 0.000105043
27.99 0.000106991
28 0.000108578
28.01 0.000109801
28.02 0.000110659
28.03 0.00011115
28.04 0.000111273
28.05 0.00011103
28.06 0.000110422
28.07 0.00010945
28.08 0.000108117
28.09 0.000106428
28.1 0.000104387
28.11 0.000101999
28.12 9.92715e-05
28.13 9.62119e-05
28.14 9.2829e-05
28.15 8.91328e-05
28.16 8.51345e-05
28.17 8.08465e-05
28.18 7.62825e-05
28.19 7.14573e-05
28.2 6.63871e-05
28.21 6.10891e-05
28.22 5.55818e-05
28.23 4.98847e-05
28.24 4.40183e-05
28.25 3.8004e-05
28.26 3.18641e-05
28.27 2.56215e-05
28.28 1.92996e-05
28.29 1.29225e-05
28.3 6.51422e-06
28.31 9.90958e-08
28.32 -6.2986e-06
28.33 -1.26548e-05
28.34 -1.89459e-05
28.35 -2.51486e-05
28.36 -3.12404e-05
28.37 -3.71995e-05
28.38 -4.30051e-05
28.39 -4.86374e-05
28.4 -5.40774e-05
28.41 -5.93076e-05
28.42 -6.43115e-05
28.43 -6.90737e-05
28.44 -7.35802e-05
28.45 -7.78181e-05
28.46 -8.17755e-05
28.47 -8.54418e-05
28.48 -8.88076e-05
28.49 -9.18641e-05
28.5 -9.46039e-05
28.51 -9.70203e-05
28.52 -9.91076e-05
28.53 -0.000100861
28.54 -0.000102276
28.55 -0.00010335
28.56 -0.00010408
28.57 -0.000104464
28.58 -0.000104502
28.59 -0.000104194
28.6 -0.000103539
28.61 -0.000102541
28.62 -0.000101202
28.63 -9.9525e-05
28.64 -9.75151e-05
28.65 -9.51778e-05
28.66 -9.25202e-05
28.67 -8.95502e-05
28.68 -8.62769e-05
28.69 -8.27108e-05
28.7 -7.88634e-05
28.71 -7.47475e-05
28.72 -7.03769e-05
28.73 -6.57669e-05
28.74 -6.09336e-05
28.75 -5.58942e-05
28.76 -5.0667e-05
28.77 -4.5271e-05
28.78 -3.97262e-05
28.79 -3.40531e-05
28.8 -2.8273e-05
28.81 -2.24075e-05
28.82 -1.64787e-05
28.83 -1.05086e-05
28.84 -4.51965e-06
28.85 1.46599e-06
28.86 7.42629e-06
28.87 1.33396e-05
28.88 1.91845e-05
28.89 2.49405e-05
28.9 3.05873e-05
28.91 3.61058e-05
28.92 4.14774e-05
28.93 4.66845e-05
28.94 5.17103e-05
28.95 5.65391e-05
28.96 6.11561e-05
28.97 6.55475e-05
28.98 6.97004e-05
28.99 7.36029e-05
29 7.7244e-05
29.01 8.06135e-05
29.02 8.37023e-05
29.03 8.65019e-05
29.04 8.90049e-05
29.05 9.12045e-05
29.06 9.30947e-05
29.07 9.46704e-05
29.08 9.59271e-05
29.09 9.68614e-05
29.1 9.74704e-05
29.11 9.77523e-05
29.12 9.7706e-05
29.13 9.73314e-05
29.14 9.66292e-05
29.15 9.56013e-05
29.16 9.42505e-05
29.17 9.25806e-05
29.18 9.05966e-05
29.19 8.83046e-05
29.2 8.57119e-05
29.21 8.28269e-05
29.22 7.9659e-05
29.23 7.6219e-05
29.24 7.25189e-05
29.25 6.85714e-05
29.26 6.43907e-05
29.27 5.99919e-05
29.28 5.53908e-05
29.29 5.06044e-05
29.3 4.56504e-05
29.31 4.05472e-05
29.32 3.53138e-05
29.33 2.99696e-05
29.34 2.45347e-05
29.35 1.90292e-05
29.36 1.34735e-05
29.37 7.88805e-06
29.38 2.29321e-06
29.39 -3.29079e-06
29.4 -8.84399e-06
29.41 -1.43468e-05
29.42 -1.97802e-05
29.43 -2.51254e-05
29.44 -3.03646e-05
29.45 -3.54803e-05
29.46 -4.04561e-05
29.47 -4.52759e-05
29.48 -4.99247e-05
29.49 -5.43883e-05
29.5 -5.86529e-05
29.51 -6.2706e-05
29.52 -6.65356e-05
29.53 -7.01305e-05
29.54 -7.34802e-05
29.55 -7.65752e-05
29.56 -7.94065e-05
29.57 -8.1966e-05
29.58 -8.42462e-05
29.59 -8.62405e-05
29.6 -8.7943e-05
29.61 -8.93484e-05
29.62 -9.04526e-05
29.63 -9.12518e-05
29.64 -9.17434e-05
29.65 -9.19256e-05
29.66 -9.17975e-05
29.67 -9.13592e-05
29.68 -9.06116e-05
29.69 -8.95569e-05
29.7 -8.81981e-05
29.71 -8.65395e-05
29.72 -8.45864e-05
29.73 -8.23451e-05
29.74 -7.98233e-05
29.75 -7.70295e-05
29.76 -7.39735e-05
29.77 -7.06661e-05
29.78 -6.71192e-05
29.79 -6.33455e-05
29.8 -5.93588e-05
29.81 -5.51739e-05
29.82 -5.08061e-05
29.83 -4.62717e-05
29.84 -4.15875e-05
29.85 -3.67709e-05
29.86 -3.18398e-05
29.87 -2.68125e-05
29.88 -2.17073e-05
29.89 -1.65431e-05
29.9 -1.13387e-05
29.91 -6.11261e-06
29.92 -8.83648e-07
29.93 4.32979e-06
29.94 9.50954e-06
29.95 1.46378e-05
29.96 1.96972e-05
29.97 2.46707e-05
29.98 2.95421e-05
29.99 3.42954e-05
30 3.89155e-05
30.01 4.33877e-05
30.02 4.7698e-05
30.03 5.18333e-05
30.04 5.57807e-05
30.05 5.95284e-05
30.06 6.3065e-05
30.07 6.638e-05
30.08 6.94633e-05
30.09 7.23056e-05
30.1 7.48985e-05
30.11 7.7234e-05
30.12 7.9305e-05
30.13 8.1105e-05
30.14 8.26285e-05
30.15 8.38704e-05
30.16 8.48267e-05
30.17 8.54943e-05
30.18 8.58708e-05
30.19 8.59546e-05
30.2 8.57455e-05
30.21 8.52437e-05
30.22 8.44508e-05
30.23 8.33693e-05
30.24 8.20028e-05
30.25 8.03559e-05
30.26 7.84342e-05
30.27 7.62443e-05
30.28 7.37942e-05
30.29 7.10926e-05
30.3 6.81491e-05
30.31 6.49747e-05
30.32 6.15809e-05
30.33 5.79801e-05
30.34 5.41859e-05
30.35 5.02121e-05
30.36 4.60736e-05
30.37 4.17856e-05
30.38 3.7364e-05
30.39 3.2825e-05
30.4 2.81853e-05
30.41 2.34618e-05
30.42 1.86716e-05
30.43 1.38317e-05
30.44 8.95951e-06
30.45 4.07208e-06
30.46 -8.13542e-07
30.47 -5.68053e-06
30.48 -1.05123e-05
30.49 -1.52926e-05
30.5 -2.00055e-05
30.51 -2.46354e-05
30.52 -2.91674e-05
30.53 -3.35868e-05
30.54 -3.78796e-05
30.55 -4.2032e-05
30.56 -4.60312e-05
30.57 -4.98645e-05
30.58 -5.35201e-05
30.59 -5.69866e-05
30.6 -6.02533e-05
30.61 -6.33101e-05
30.62 -6.61474e-05
30.63 -6.87563e-05
30.64 -7.11286e-05
30.65 -7.32569e-05
30.66 -7.51342e-05
30.67 -7.67546e-05
30.68 -7.81126e-05
30.69 -7.92039e-05
30.7 -8.00247e-05
30.71 -8.05722e-05
30.72 -8.08444e-05
30.73 -8.08405e-05
30.74 -8.05602e-05
30.75 -8.00046e-05
30.76 -7.91756e-05
30.77 -7.80759e-05
30.78 -7.67096e-05
30.79 -7.50816e-05
30.8 -7.31976e-05
30.81 -7.10647e-05
30.82 -6.86906e-05
30.83 -6.60841e-05
30.84 -6.32548e-05
30.85 -6.02133e-05
30.86 -5.69708e-05
30.87 -5.35395e-05
30.88 -4.99319e-05
30.89 -4.61616e-05
30.9 -4.22424e-05
30.91 -3.81887e-05
30.92 -3.40154e-05
30.93 -2.97377e-05
30.94 -2.53709e-05
30.95 -2.09308e-05
30.96 -1.64331e-05
30.97 -1.18936e-05
30.98 -7.32839e-06
30.99 -2.75307e-06
31 1.81663e-06
31.01 6.36522e-06
31.02 1.08774e-05
31.03 1.53382e-05
31.04 1.97328e-05
31.05 2.40469e-05
31.06 2.82665e-05
31.07 3.23781e-05
31.08 3.63683e-05
31.09 4.02246e-05
31.1 4.39346e-05
31.11 4.74867e-05
31.12 5.08695e-05
31.13 5.40724e-05
31.14 5.70852e-05
31.15 5.98983e-05
31.16 6.25028e-05
31.17 6.48903e-05
31.18 6.70531e-05
31.19 6.89841e-05
31.2 7.06772e-05
31.21 7.21267e-05
31.22 7.33278e-05
31.23 7.42765e-05
31.24 7.49697e-05
31.25 7.5405e-05
31.26 7.5581e-05
31.27 7.54973e-05
31.28 7.51541e-05
31.29 7.45528e-05
31.3 7.36957e-05
31.31 7.2586e-05
31.32 7.12278e-05
31.33 6.96262e-05
31.34 6.77871e-05
31.35 6.57176e-05
31.36 6.34251e-05
31.37 6.09185e-05
31.38 5.82069e-05
31.39 5.53005e-05
31.4 5.22101e-05
31.41 4.89471e-05
31.42 4.55236e-05
31.43 4.19521e-05
31.44 3.82457e-05
31.45 3.44178e-05
31.46 3.04823e-05
31.47 2.64532e-05
31.48 2.23448e-05
31.49 1.81717e-05
31.5 1.39485e-05
31.51 9.68978e-06
31.52 5.41031e-06
31.53 1.12468e-06
31.54 -3.15259e-06
31.55 -7.40709e-06
31.56 -1.16246e-05
31.57 -1.57912e-05
31.58 -1.98931e-05
31.59 -2.39168e-05
31.6 -2.78493e-05
31.61 -3.16778e-05
31.62 -3.53898e-05
31.63 -3.89734e-05
31.64 -4.2417e-05
31.65 -4.57096e-05
31.66 -4.88404e-05
31.67 -5.17994e-05
31.68 -5.45769e-05
31.69 -5.71641e-05
31.7 -5.95525e-05
31.71 -6.17342e-05
31.72 -6.37022e-05
31.73 -6.54499e-05
31.74 -6.69717e-05
31.75 -6.82626e-05
31.76 -6.93182e-05
31.77 -7.01352e-05
31.78 -7.0711e-05
31.79 -7.10437e-05
31.8 -7.11325e-05
31.81 -7.09772e-05
31.82 -7.05787e-05
31.83 -6.99388e-05
31.84 -6.90599e-05
31.85 -6.79455e-05
31.86 -6.65999e-05
31.87 -6.50284e-05
31.88 -6.32369e-05
31.89 -6.12321e-05
31.9 -5.90217e-05
31.91 -5.66139e-05
31.92 -5.40177e-05
31.93 -5.12428e-05
31.94 -4.82995e-05
31.95 -4.51985e-05
31.96 -4.19511e-05
31.97 -3.85692e-05
31.98 -3.50649e-05
31.99 -3.14509e-05
32 -2.77399e-05
32.01 -2.3945e-05
32.02 -2.00796e-05
32.03 -1.61572e-05
32.04 -1.21913e-05
32.05 -8.19546e-06
32.06 -4.1834e-06
32.07 -1.68675e-07
32.08 3.83519e-06
32.09 7.81478e-06
32.1 1.17568e-05
32.11 1.56483e-05
32.12 1.94763e-05
32.13 2.32283e-05
32.14 2.68919e-05
32.15 3.04551e-05
32.16 3.39063e-05
32.17 3.72342e-05
32.18 4.04279e-05
32.19 4.34769e-05
32.2 4.63714e-05
32.21 4.91018e-05
32.22 5.16591e-05
32.23 5.4035e-05
32.24 5.62217e-05
32.25 5.82119e-05
32.26 5.99991e-05
32.27 6.15774e-05
32.28 6.29416e-05
32.29 6.40874e-05
32.3 6.5011e-05
32.31 6.57095e-05
32.32 6.61807e-05
32.33 6.64233e-05
32.34 6.64369e-05
32.35 6.62217e-05
32.36 6.57788e-05
32.37 6.51103e-05
32.38 6.42188e-05
32.39 6.3108e-05
32.4 6.17823e-05
32.41 6.02466e-05
32.42 5.85071e-05
32.43 5.65702e-05
32.44 5.44432e-05
32.45 5.21342e-05
32.46 4.96517e-05
32.47 4.70048e-05
32.48 4.42032e-05
32.49 4.12572e-05
32.5 3.81773e-05
32.51 3.49747e-05
32.52 3.16608e-05
32.53 2.82473e-05
32.54 2.47463e-05
32.55 2.11699e-05
32.56 1.75306e-05
32.57 1.38411e-05
32.58 1.01139e-05
32.59 6.36175e-06
32.6 2.59749e-06
32.61 -1.16619e-06
32.62 -4.91662e-06
32.63 -8.64124e-06
32.64 -1.23276e-05
32.65 -1.59634e-05
32.66 -1.95366e-05
32.67 -2.30354e-05
32.68 -2.64481e-05
32.69 -2.97635e-05
32.7 -3.29707e-05
32.71 -3.6059e-05
32.72 -3.90183e-05
32.73 -4.18388e-05
32.74 -4.45112e-05
32.75 -4.70267e-05
32.76 -4.9377e-05
32.77 -5.15543e-05
32.78 -5.35516e-05
32.79 -5.53622e-05
32.8 -5.69802e-05
32.81 -5.84003e-05
32.82 -5.9618e-05
32.83 -6.06294e-05
32.84 -6.14313e-05
32.85 -6.20214e-05
32.86 -6.23978e-05
32.87 -6.25598e-05
32.88 -6.25072e-05
32.89 -6.22405e-05
32.9 -6.17613e-05
32.91 -6.10715e-05
32.92 -6.01742e-05
32.93 -5.90728e-05
32.94 -5.77718e-05
32.95 -5.62762e-05
32.96 -5.45916e-05
32.97 -5.27245e-05
32.98 -5.06818e-05
32.99 -4.84712e-05
33 -4.61006e-05
33.01 -4.35787e-05
33.02 -4.09148e-05
33.03 -3.81183e-05
33.04 -3.51993e-05
33.05 -3.21682e-05
33.06 -2.90355e-05
33.07 -2.58124e-05
33.08 -2.25101e-05
33.09 -1.914e-05
33.1 -1.57137e-05
33.11 -1.22431e-05
33.12 -8.74008e-06
33.13 -5.21648e-06
33.14 -1.68432e-06
33.15 1.84447e-06
33.16 5.35796e-06
33.17 8.84434e-06
33.18 1.22919e-05
33.19 1.56891e-05
33.2 1.90246e-05
33.21 2.22872e-05
33.22 2.54661e-05
33.23 2.85506e-05
33.24 3.15305e-05
33.25 3.43958e-05
33.26 3.71371e-05
33.27 3.97452e-05
33.28 4.22116e-05
33.29 4.45279e-05
33.3 4.66865e-05
33.31 4.86805e-05
33.32 5.05031e-05
33.33 5.21484e-05
33.34 5.36112e-05
33.35 5.48866e-05
33.36 5.59707e-05
33.37 5.68602e-05
33.38 5.75522e-05
33.39 5.80449e-05
33.4 5.8337e-05
33.41 5.84279e-05
33.42 5.83178e-05
33.43 5.80075e-05
33.44 5.74985e-05
33.45 5.67933e-05
33.46 5.58946e-05
33.47 5.48061e-05
33.48 5.35321e-05
33.49 5.20775e-05
33.5 5.04478e-05
33.51 4.86491e-05
33.52 4.6688e-05
33.53 4.45719e-05
33.54 4.23083e-05
33.55 3.99055e-05
33.56 3.7372e-05
33.57 3.4717e-05
33.58 3.19498e-05
33.59 2.90802e-05
33.6 2.61182e-05
33.61 2.30742e-05
33.62 1.99587e-05
33.63 1.67825e-05
33.64 1.35565e-05
33.65 1.02918e-05
33.66 6.99953e-06
33.67 3.69093e-06
33.68 3.77244e-07
33.69 -2.93031e-06
33.7 -6.22054e-06
33.71 -9.48234e-06
33.72 -1.27047e-05
33.73 -1.58768e-05
33.74 -1.8988e-05
33.75 -2.20279e-05
33.76 -2.49862e-05
33.77 -2.7853e-05
33.78 -3.06188e-05
33.79 -3.32744e-05
33.8 -3.58108e-05
33.81 -3.82196e-05
33.82 -4.04929e-05
33.83 -4.26232e-05
33.84 -4.46033e-05
33.85 -4.64268e-05
33.86 -4.80878e-05
33.87 -4.95809e-05
33.88 -5.09013e-05
33.89 -5.20447e-05
33.9 -5.30077e-05
33.91 -5.37874e-05
33.92 -5.43814e-05
33.93 -5.47882e-05
33.94 -5.50067e-05
33.95 -5.50368e-05
33.96 -5.48786e-05
33.97 -5.45334e-05
33.98 -5.40027e-05
33.99 -5.32888e-05
34 -5.23947e-05
34.01 -5.13239e-05
34.02 -5.00806e-05
34.03 -4.86695e-05
34.04 -4.70959e-05
34.05 -4.53656e-05
34.06 -4.3485e-05
34.07 -4.1461e-05
34.08 -3.93007e-05
34.09 -3.70121e-05
34.1 -3.46032e-05
34.11 -3.20825e-05
34.12 -2.94589e-05
34.13 -2.67417e-05
34.14 -2.39404e-05
34.15 -2.10646e-05
34.16 -1.81243e-05
34.17 -1.51297e-05
34.18 -1.20911e-05
34.19 -9.01897e-06
34.2 -5.92376e-06
34.21 -2.81609e-06
34.22 2.93455e-07
34.23 3.3943e-06
34.24 6.4759e-06
34.25 9.52783e-06
34.26 1.25397e-05
34.27 1.55014e-05
34.28 1.8403e-05
34.29 2.12345e-05
34.3 2.39866e-05
34.31 2.66499e-05
34.32 2.92157e-05
34.33 3.16751e-05
34.34 3.40202e-05
34.35 3.62431e-05
34.36 3.83365e-05
34.37 4.02934e-05
34.38 4.21074e-05
34.39 4.37727e-05
34.4 4.52838e-05
34.41 4.6636e-05
34.42 4.78249e-05
34.43 4.88469e-05
34.44 4.96988e-05
34.45 5.03782e-05
34.46 5.08831e-05
34.47 5.12123e-05
34.48 5.1365e-05
34.49 5.13412e-05
34.5 5.11414e-05
34.51 5.07668e-05
34.52 5.0219e-05
34.53 4.95005e-05
34.54 4.86142e-05
34.55 4.75634e-05
34.56 4.63522e-05
34.57 4.49853e-05
34.58 4.34675e-05
34.59 4.18046e-05
34.6 4.00025e-05
34.61 3.80678e-05
34.62 3.60074e-05
34.63 3.38286e-05
34.64 3.15391e-05
34.65 2.9147e-05
34.66 2.66607e-05
34.67 2.40888e-05
34.68 2.14404e-05
34.69 1.87246e-05
34.7 1.59507e-05
34.71 1.31285e-05
34.72 1.02676e-05
34.73 7.37786e-06
34.74 4.46915e-06
34.75 1.55147e-06
34.76 -1.36522e-06
34.77 -4.27098e-06
34.78 -7.15589e-06
34.79 -1.00101e-05
34.8 -1.28241e-05
34.81 -1.55881e-05
34.82 -1.82929e-05
34.83 -2.09293e-05
34.84 -2.34885e-05
34.85 -2.59619e-05
34.86 -2.83411e-05
34.87 -3.06183e-05
34.88 -3.27858e-05
34.89 -3.48365e-05
34.9 -3.67636e-05
34.91 -3.85608e-05
34.92 -4.02222e-05
34.93 -4.17424e-05
34.94 -4.31166e-05
34.95 -4.43405e-05
34.96 -4.54101e-05
34.97 -4.63223e-05
34.98 -4.70742e-05
34.99 -4.76638e-05
35 -4.80894e-05
35.01 -4.835e-05
35.02 -4.84451e-05
35.03 -4.83747e-05
35.04 -4.81397e-05
35.05 -4.77412e-05
35.06 -4.7181e-05
35.07 -4.64614e-05
35.08 -4.55853e-05
35.09 -4.4556e-05
35.1 -4.33776e-05
35.11 -4.20542e-05
35.12 -4.05909e-05
35.13 -3.8993e-05
35.14 -3.72662e-05
35.15 -3.54167e-05
35.16 -3.34512e-05
35.17 -3.13765e-05
35.18 -2.92001e-05
35.19 -2.69295e-05
35.2 -2.45727e-05
35.21 -2.2138e-05
35.22 -1.96338e-05
35.23 -1.70688e-05
35.24 -1.4452e-05
35.25 -1.17923e-05
35.26 -9.09892e-06
35.27 -6.38117e-06
35.28 -3.64835e-06
35.29 -9.09862e-07
35.3 1.82493e-06
35.31 4.54669e-06
35.32 7.24611e-06
35.33 9.91402e-06
35.34 1.25413e-05
35.35 1.51192e-05
35.36 1.76388e-05
35.37 2.00917e-05
35.38 2.24697e-05
35.39 2.47647e-05
35.4 2.69691e-05
35.41 2.90756e-05
35.42 3.10772e-05
35.43 3.29672e-05
35.44 3.47395e-05
35.45 3.63884e-05
35.46 3.79083e-05
35.47 3.92946e-05
35.48 4.05427e-05
35.49 4.16488e-05
35.5 4.26094e-05
35.51 4.34216e-05
35.52 4.4083e-05
35.53 4.45917e-05
35.54 4.49465e-05
35.55 4.51464e-05
35.56 4.51911e-05
35.57 4.5081e-05
35.58 4.48167e-05
35.59 4.43996e-05
35.6 4.38314e-05
35.61 4.31145e-05
35.62 4.22516e-05
35.63 4.12461e-05
35.64 4.01017e-05
35.65 3.88225e-05
35.66 3.74134e-05
35.67 3.58794e-05
35.68 3.42259e-05
35.69 3.2459e-05
35.7 3.05849e-05
35.71 2.86102e-05
35.72 2.65419e-05
35.73 2.43873e-05
35.74 2.21539e-05
35.75 1.98494e-05
35.76 1.7482e-05
35.77 1.50599e-05
35.78 1.25915e-05
35.79 1.00852e-05
35.8 7.54989e-06
35.81 4.99419e-06
35.82 2.42693e-06
35.83 -1.43068e-07
35.84 -2.70699e-06
35.85 -5.25606e-06
35.86 -7.78156e-06
35.87 -1.02749e-05
35.88 -1.27276e-05
35.89 -1.51313e-05
35.9 -1.7478e-05
35.91 -1.97597e-05
35.92 -2.19687e-05
35.93 -2.40977e-05
35.94 -2.61395e-05
35.95 -2.80874e-05
35.96 -2.9935e-05
35.97 -3.16762e-05
35.98 -3.33053e-05
35.99 -3.4817e-05
36 -3.62064e-05
36.01 -3.74692e-05
36.02 -3.86013e-05
36.03 -3.95993e-05
36.04 -4.046e-05
36.05 -4.11808e-05
36.06 -4.17598e-05
36.07 -4.21951e-05
36.08 -4.24858e-05
36.09 -4.26313e-05
36.1 -4.26312e-05
36.11 -4.24861e-05
36.12 -4.21968e-05
36.13 -4.17645e-05
36.14 -4.11912e-05
36.15 -4.0479e-05
36.16 -3.96308e-05
36.17 -3.86497e-05
36.18 -3.75394e-05
36.19 -3.63039e-05
36.2 -3.49478e-05
36.21 -3.34759e-05
36.22 -3.18935e-05
36.23 -3.02062e-05
36.24 -2.842e-05
36.25 -2.65413e-05
36.26 -2.45767e-05
36.27 -2.2533e-05
36.28 -2.04174e-05
36.29 -1.82373e-05
36.3 -1.60003e-05
36.31 -1.37142e-05
36.32 -1.13869e-05
36.33 -9.02653e-06
36.34 -6.64122e-06
36.35 -4.2392e-06
36.36 -1.82875e-06
36.37 5.81839e-07
36.38 2.9843e-06
36.39 5.37042e-06
36.4 7.73204e-06
36.41 1.00611e-05
36.42 1.23498e-05
36.43 1.45902e-05
36.44 1.67749e-05
36.45 1.88965e-05
36.46 2.09479e-05
36.47 2.29222e-05
36.48 2.48129e-05
36.49 2.66138e-05
36.5 2.83188e-05
36.51 2.99224e-05
36.52 3.14195e-05
36.53 3.28051e-05
36.54 3.40748e-05
36.55 3.52245e-05
36.56 3.62508e-05
36.57 3.71503e-05
36.58 3.79203e-05
36.59 3.85586e-05
36.6 3.90632e-05
36.61 3.94328e-05
36.62 3.96665e-05
36.63 3.97638e-05
36.64 3.97247e-05
36.65 3.95496e-05
36.66 3.92394e-05
36.67 3.87956e-05
36.68 3.82199e-05
36.69 3.75146e-05
36.7 3.66824e-05
36.71 3.57264e-05
36.72 3.46501e-05
36.73 3.34575e-05
36.74 3.21529e-05
36.75 3.0741e-05
36.76 2.92269e-05
36.77 2.76159e-05
36.78 2.59137e-05
36.79 2.41265e-05
36.8 2.22604e-05
36.81 2.03221e-05
36.82 1.83183e-05
36.83 1.62561e-05
36.84 1.41426e-05
36.85 1.19852e-05
36.86 9.79149e-06
36.87 7.56898e-06
36.88 5.32537e-06
36.89 3.06842e-06
36.9 8.05912e-07
36.91 -1.45439e-06
36.92 -3.70475e-06
36.93 -5.93745e-06
36.94 -8.1449e-06
36.95 -1.03196e-05
36.96 -1.24541e-05
36.97 -1.45414e-05
36.98 -1.65742e-05
36.99 -1.85459e-05
37 -2.04498e-05
37.01 -2.22796e-05
37.02 -2.40292e-05
37.03 -2.5693e-05
37.04 -2.72653e-05
37.05 -2.87411e-05
37.06 -3.01156e-05
37.07 -3.13844e-05
37.08 -3.25434e-05
37.09 -3.3589e-05
37.1 -3.45178e-05
37.11 -3.5327e-05
37.12 -3.60141e-05
37.13 -3.65771e-05
37.14 -3.70144e-05
37.15 -3.73248e-05
37.16 -3.75075e-05
37.17 -3.75622e-05
37.18 -3.7489e-05
37.19 -3.72884e-05
37.2 -3.69614e-05
37.21 -3.65094e-05
37.22 -3.59342e-05
37.23 -3.52381e-05
37.24 -3.44236e-05
37.25 -3.34938e-05
37.26 -3.24521e-05
37.27 -3.13024e-05
37.28 -3.00487e-05
37.29 -2.86957e-05
37.3 -2.7248e-05
37.31 -2.5711e-05
37.32 -2.40899e-05
37.33 -2.23907e-05
37.34 -2.06192e-05
37.35 -1.87817e-05
37.36 -1.68847e-05
37.37 -1.49347e-05
37.38 -1.29387e-05
37.39 -1.09035e-05
37.4 -8.8362e-06
37.41 -6.74403e-06
37.42 -4.63421e-06
37.43 -2.51402e-06
37.44 -3.90749e-07
37.45 1.7283e-06
37.46 3.83588e-06
37.47 5.92479e-06
37.48 7.98791e-06
37.49 1.00183e-05
37.5 1.20089e-05
37.51 1.39532e-05
37.52 1.58447e-05
37.53 1.76768e-05
37.54 1.94437e-05
37.55 2.11393e-05
37.56 2.27582e-05
37.57 2.42949e-05
37.58 2.57444e-05
37.59 2.71021e-05
37.6 2.83634e-05
37.61 2.95245e-05
37.62 3.05815e-05
37.63 3.15311e-05
37.64 3.23704e-05
37.65 3.30968e-05
37.66 3.3708e-05
37.67 3.42023e-05
37.68 3.45783e-05
37.69 3.48349e-05
37.7 3.49715e-05
37.71 3.4988e-05
37.72 3.48846e-05
37.73 3.46619e-05
37.74 3.43208e-05
37.75 3.3863e-05
37.76 3.329e-05
37.77 3.26042e-05
37.78 3.18082e-05
37.79 3.09048e-05
37.8 2.98974e-05
37.81 2.87897e-05
37.82 2.75857e-05
37.83 2.62897e-05
37.84 2.49064e-05
37.85 2.34406e-05
37.86 2.18976e-05
37.87 2.02828e-05
37.88 1.86019e-05
37.89 1.68609e-05
37.9 1.50659e-05
37.91 1.3223e-05
37.92 1.13389e-05
37.93 9.41995e-06
37.94 7.4729e-06
37.95 5.50449e-06
37.96 3.52152e-06
37.97 1.53082e-06
37.98 -4.60766e-07
37.99 -2.44641e-06
38 -4.41932e-06
38.01 -6.37277e-06
38.02 -8.30014e-06
38.03 -1.01949e-05
38.04 -1.20506e-05
38.05 -1.38611e-05
38.06 -1.56202e-05
38.07 -1.73222e-05
38.08 -1.89612e-05
38.09 -2.0532e-05
38.1 -2.20293e-05
38.11 -2.34482e-05
38.12 -2.4784e-05
38.13 -2.60324e-05
38.14 -2.71894e-05
38.15 -2.82513e-05
38.16 -2.92146e-05
38.17 -3.00764e-05
38.18 -3.08339e-05
38.19 -3.14848e-05
38.2 -3.20271e-05
38.21 -3.24593e-05
38.22 -3.27801e-05
38.23 -3.29886e-05
38.24 -3.30845e-05
38.25 -3.30675e-05
38.26 -3.29381e-05
38.27 -3.2697e-05
38.28 -3.23451e-05
38.29 -3.18839e-05
38.3 -3.13153e-05
38.31 -3.06414e-05
38.32 -2.98648e-05
38.33 -2.89883e-05
38.34 -2.80151e-05
38.35 -2.69488e-05
38.36 -2.57932e-05
38.37 -2.45525e-05
38.38 -2.32312e-05
38.39 -2.18339e-05
38.4 -2.03656e-05
38.41 -1.88315e-05
38.42 -1.7237e-05
38.43 -1.55877e-05
38.44 -1.38895e-05
38.45 -1.21482e-05
38.46 -1.03699e-05
38.47 -8.56092e-06
38.48 -6.72738e-06
38.49 -4.87569e-06
38.5 -3.01224e-06
38.51 -1.14344e-06
38.52 7.24294e-07
38.53 2.58457e-06
38.54 4.43104e-06
38.55 6.25743e-06
38.56 8.05753e-06
38.57 9.82528e-06
38.58 1.15547e-05
38.59 1.324e-05
38.6 1.48755e-05
38.61 1.64558e-05
38.62 1.79757e-05
38.63 1.943e-05
38.64 2.0814e-05
38.65 2.21233e-05
38.66 2.33534e-05
38.67 2.45004e-05
38.68 2.55606e-05
38.69 2.65306e-05
38.7 2.74073e-05
38.71 2.81879e-05
38.72 2.887e-05
38.73 2.94516e-05
38.74 2.99308e-05
38.75 3.03063e-05
38.76 3.05769e-05
38.77 3.07421e-05
38.78 3.08015e-05
38.79 3.0755e-05
38.8 3.06032e-05
38.81 3.03467e-05
38.82 2.99867e-05
38.83 2.95246e-05
38.84 2.89622e-05
38.85 2.83016e-05
38.86 2.75453e-05
38.87 2.66962e-05
38.88 2.57573e-05
38.89 2.4732e-05
38.9 2.36241e-05
38.91 2.24374e-05
38.92 2.11764e-05
38.93 1.98454e-05
38.94 1.84491e-05
38.95 1.69926e-05
38.96 1.5481e-05
38.97 1.39195e-05
38.98 1.23137e-05
38.99 1.06691e-05
39 8.99154e-06
39.01 7.28678e-06
39.02 5.56075e-06
39.03 3.81941e-06
39.04 2.06877e-06
39.05 3.14841e-07
39.06 -1.43636e-06
39.07 -3.17885e-06
39.08 -4.90668e-06
39.09 -6.614e-06
39.1 -8.29502e-06
39.11 -9.94406e-06
39.12 -1.15556e-05
39.13 -1.31242e-05
39.14 -1.46446e-05
39.15 -1.61117e-05
39.16 -1.75208e-05
39.17 -1.8867e-05
39.18 -2.01461e-05
39.19 -2.13538e-05
39.2 -2.24861e-05
39.21 -2.35394e-05
39.22 -2.45102e-05
39.23 -2.53956e-05
39.24 -2.61925e-05
39.25 -2.68987e-05
39.26 -2.75117e-05
39.27 -2.80298e-05
39.28 -2.84514e-05
39.29 -2.87753e-05
39.3 -2.90007e-05
39.31 -2.91268e-05
39.32 -2.91536e-05
39.33 -2.90812e-05
39.34 -2.891e-05
39.35 -2.86408e-05
39.36 -2.82748e-05
39.37 -2.78135e-05
39.38 -2.72586e-05
39.39 -2.66122e-05
39.4 -2.58767e-05
39.41 -2.50549e-05
39.42 -2.41498e-05
39.43 -2.31646e-05
39.44 -2.2103e-05
39.45 -2.09686e-05
39.46 -1.97657e-05
39.47 -1.84984e-05
39.48 -1.71713e-05
39.49 -1.57891e-05
39.5 -1.43566e-05
39.51 -1.28788e-05
39.52 -1.13609e-05
39.53 -9.80828e-06
39.54 -8.22626e-06
39.55 -6.62036e-06
39.56 -4.99613e-06
39.57 -3.35917e-06
39.58 -1.71511e-06
39.59 -6.96074e-08
39.6 1.57172e-06
39.61 3.20328e-06
39.62 4.81951e-06
39.63 6.41493e-06
39.64 7.98415e-06
39.65 9.52188e-06
39.66 1.10229e-05
39.67 1.24823e-05
39.68 1.38951e-05
39.69 1.52567e-05
39.7 1.65624e-05
39.71 1.78081e-05
39.72 1.89895e-05
39.73 2.01028e-05
39.74 2.11445e-05
39.75 2.2111e-05
39.76 2.29994e-05
39.77 2.38066e-05
39.78 2.45303e-05
39.79 2.5168e-05
39.8 2.57179e-05
39.81 2.61781e-05
39.82 2.65475e-05
39.83 2.68248e-05
39.84 2.70094e-05
39.85 2.71008e-05
39.86 2.7099e-05
39.87 2.70041e-05
39.88 2.68167e-05
39.89 2.65376e-05
39.9 2.6168e-05
39.91 2.57093e-05
39.92 2.51633e-05
39.93 2.45322e-05
39.94 2.38181e-05
39.95 2.30238e-05
39.96 2.21522e-05
39.97 2.12064e-05
39.98 2.01898e-05
39.99 1.91062e-05
40 1.79593e-05
40.01 1.67532e-05
40.02 1.54923e-05
40.03 1.4181e-05
40.04 1.28238e-05
40.05 1.14256e-05
40.06 9.99119e-06
40.07 8.52564e-06
40.08 7.03402e-06
40.09 5.5215e-06
40.1 3.99331e-06
40.11 2.4547e-06
40.12 9.10976e-07
40.13 -6.32582e-07
40.14 -2.1707e-06
40.15 -3.69813e-06
40.16 -5.20969e-06
40.17 -6.70025e-06
40.18 -8.16479e-06
40.19 -9.59836e-06
40.2 -1.09962e-05
40.21 -1.23535e-05
40.22 -1.36658e-05
40.23 -1.49288e-05
40.24 -1.61383e-05
40.25 -1.72902e-05
40.26 -1.83808e-05
40.27 -1.94064e-05
40.28 -2.03639e-05
40.29 -2.125e-05
40.3 -2.20618e-05
40.31 -2.27969e-05
40.32 -2.34528e-05
40.33 -2.40275e-05
40.34 -2.45193e-05
40.35 -2.49266e-05
40.36 -2.52482e-05
40.37 -2.54833e-05
40.38 -2.56311e-05
40.39 -2.56915e-05
40.4 -2.56644e-05
40.41 -2.555e-05
40.42 -2.53491e-05
40.43 -2.50623e-05
40.44 -2.4691e-05
40.45 -2.42366e-05
40.46 -2.37009e-05
40.47 -2.30858e-05
40.48 -2.23936e-05
40.49 -2.16269e-05
40.5 -2.07885e-05
40.51 -1.98814e-05
40.52 -1.89088e-05
40.53 -1.78744e-05
40.54 -1.67817e-05
40.55 -1.56347e-05
40.56 -1.44374e-05
40.57 -1.3194e-05
40.58 -1.19088e-05
40.59 -1.05865e-05
40.6 -9.23158e-06
40.61 -7.84877e-06
40.62 -6.44288e-06
40.63 -5.01877e-06
40.64 -3.58137e-06
40.65 -2.13561e-06
40.66 -6.86457e-07
40.67 7.61128e-07
40.68 2.2022e-06
40.69 3.63186e-06
40.7 5.04525e-06
40.71 6.43758e-06
40.72 7.80416e-06
40.73 9.14038e-06
40.74 1.04417e-05
40.75 1.17039e-05
40.76 1.29227e-05
40.77 1.40939e-05
40.78 1.52139e-05
40.79 1.62788e-05
40.8 1.72851e-05
40.81 1.82295e-05
40.82 1.91091e-05
40.83 1.99208e-05
40.84 2.06622e-05
40.85 2.13307e-05
40.86 2.19244e-05
40.87 2.24414e-05
40.88 2.288e-05
40.89 2.3239e-05
40.9 2.35173e-05
40.91 2.37141e-05
40.92 2.3829e-05
40.93 2.38617e-05
40.94 2.38123e-05
40.95 2.36812e-05
40.96 2.3469e-05
40.97 2.31766e-05
40.98 2.28053e-05
40.99 2.23563e-05
41 2.18316e-05
41.01 2.1233e-05
41.02 2.05628e-05
41.03 1.98233e-05
41.04 1.90175e-05
41.05 1.8148e-05
41.06 1.72181e-05
41.07 1.62311e-05
41.08 1.51906e-05
41.09 1.41001e-05
41.1 1.29635e-05
41.11 1.1785e-05
41.12 1.05685e-05
41.13 9.31829e-06
41.14 8.03881e-06
41.15 6.73448e-06
41.16 5.40981e-06
41.17 4.06938e-06
41.18 2.7178e-06
41.19 1.35972e-06
41.2 -1.96936e-10
41.21 -1.35731e-06
41.22 -2.70699e-06
41.23 -4.04465e-06
41.24 -5.36574e-06
41.25 -6.66581e-06
41.26 -7.94046e-06
41.27 -9.1854e-06
41.28 -1.03965e-05
41.29 -1.15696e-05
41.3 -1.27009e-05
41.31 -1.37865e-05
41.32 -1.4823e-05
41.33 -1.58068e-05
41.34 -1.67348e-05
41.35 -1.76038e-05
41.36 -1.84111e-05
41.37 -1.91541e-05
41.38 -1.98303e-05
41.39 -2.04377e-05
41.4 -2.09742e-05
41.41 -2.14383e-05
41.42 -2.18284e-05
41.43 -2.21435e-05
41.44 -2.23826e-05
41.45 -2.25451e-05
41.46 -2.26305e-05
41.47 -2.26389e-05
41.48 -2.25703e-05
41.49 -2.24251e-05
41.5 -2.22041e-05
41.51 -2.19081e-05
41.52 -2.15383e-05
41.53 -2.10962e-05
41.54 -2.05835e-05
41.55 -2.0002e-05
41.56 -1.9354e-05
41.57 -1.86417e-05
41.58 -1.78678e-05
41.59 -1.70351e-05
41.6 -1.61466e-05
41.61 -1.52054e-05
41.62 -1.42149e-05
41.63 -1.31786e-05
41.64 -1.21002e-05
41.65 -1.09834e-05
41.66 -9.83217e-06
41.67 -8.6505e-06
41.68 -7.44253e-06
41.69 -6.21245e-06
41.7 -4.96451e-06
41.71 -3.70302e-06
41.72 -2.43232e-06
41.73 -1.15679e-06
41.74 1.19215e-07
41.75 1.39133e-06
41.76 2.65523e-06
41.77 3.9066e-06
41.78 5.14121e-06
41.79 6.35488e-06
41.8 7.54352e-06
41.81 8.70312e-06
41.82 9.82981e-06
41.83 1.09198e-05
41.84 1.19695e-05
41.85 1.29753e-05
41.86 1.39341e-05
41.87 1.48425e-05
41.88 1.56976e-05
41.89 1.64966e-05
41.9 1.7237e-05
41.91 1.79163e-05
41.92 1.85323e-05
41.93 1.90831e-05
41.94 1.9567e-05
41.95 1.99824e-05
41.96 2.03281e-05
41.97 2.06031e-05
41.98 2.08066e-05
41.99 2.09381e-05
42 2.09973e-05
42.01 2.09841e-05
42.02 2.08987e-05
42.03 2.07417e-05
42.04 2.05137e-05
42.05 2.02157e-05
42.06 1.98488e-05
42.07 1.94145e-05
42.08 1.89144e-05
42.09 1.83504e-05
42.1 1.77246e-05
42.11 1.70392e-05
42.12 1.62967e-05
42.13 1.54999e-05
42.14 1.46514e-05
42.15 1.37545e-05
42.16 1.28123e-05
42.17 1.1828e-05
42.18 1.08052e-05
42.19 9.74748e-06
42.2 8.65849e-06
42.21 7.54205e-06
42.22 6.40205e-06
42.23 5.24243e-06
42.24 4.0672e-06
42.25 2.88042e-06
42.26 1.68618e-06
42.27 4.88557e-07
42.28 -7.08335e-07
42.29 -1.90041e-06
42.3 -3.08361e-06
42.31 -4.25392e-06
42.32 -5.40737e-06
42.33 -6.54005e-06
42.34 -7.64815e-06
42.35 -8.72795e-06
42.36 -9.77582e-06
42.37 -1.07883e-05
42.38 -1.17619e-05
42.39 -1.26935e-05
42.4 -1.35799e-05
42.41 -1.44184e-05
42.42 -1.5206e-05
42.43 -1.59402e-05
42.44 -1.66187e-05
42.45 -1.72392e-05
42.46 -1.77999e-05
42.47 -1.82988e-05
42.48 -1.87344e-05
42.49 -1.91054e-05
42.5 -1.94107e-05
42.51 -1.96494e-05
42.52 -1.98208e-05
42.53 -1.99245e-05
42.54 -1.99602e-05
42.55 -1.99281e-05
42.56 -1.98284e-05
42.57 -1.96616e-05
42.58 -1.94285e-05
42.59 -1.91299e-05
42.6 -1.8767e-05
42.61 -1.83413e-05
42.62 -1.78544e-05
42.63 -1.7308e-05
42.64 -1.67041e-05
42.65 -1.60451e-05
42.66 -1.53332e-05
42.67 -1.4571e-05
42.68 -1.37613e-05
42.69 -1.29069e-05
42.7 -1.20108e-05
42.71 -1.10763e-05
42.72 -1.01066e-05
42.73 -9.10501e-06
42.74 -8.07518e-06
42.75 -7.02063e-06
42.76 -5.94503e-06
42.77 -4.85211e-06
42.78 -3.74564e-06
42.79 -2.62944e-06
42.8 -1.50734e-06
42.81 -3.83184e-07
42.82 7.39174e-07
42.83 1.85591e-06
42.84 2.96322e-06
42.85 4.05734e-06
42.86 5.13457e-06
42.87 6.19127e-06
42.88 7.22388e-06
42.89 8.22893e-06
42.9 9.20305e-06
42.91 1.0143e-05
42.92 1.10456e-05
42.93 1.19079e-05
42.94 1.27271e-05
42.95 1.35003e-05
42.96 1.42252e-05
42.97 1.48994e-05
42.98 1.55206e-05
42.99 1.60868e-05
43 1.65963e-05
43.01 1.70475e-05
43.02 1.74388e-05
43.03 1.77693e-05
43.04 1.80377e-05
43.05 1.82435e-05
43.06 1.8386e-05
43.07 1.84648e-05
43.08 1.84799e-05
43.09 1.84314e-05
43.1 1.83195e-05
43.11 1.81449e-05
43.12 1.79082e-05
43.13 1.76104e-05
43.14 1.72526e-05
43.15 1.68363e-05
43.16 1.6363e-05
43.17 1.58344e-05
43.18 1.52526e-05
43.19 1.46195e-05
43.2 1.39374e-05
43.21 1.3209e-05
43.22 1.24366e-05
43.23 1.16231e-05
43.24 1.07714e-05
43.25 9.88447e-06
43.26 8.96538e-06
43.27 8.01738e-06
43.28 7.04378e-06
43.29 6.04797e-06
43.3 5.03341e-06
43.31 4.0036e-06
43.32 2.9621e-06
43.33 1.9125e-06
43.34 8.58414e-07
43.35 -1.96558e-07
43.36 -1.24881e-06
43.37 -2.29474e-06
43.38 -3.3308e-06
43.39 -4.35346e-06
43.4 -5.35928e-06
43.41 -6.34484e-06
43.42 -7.30684e-06
43.43 -8.24204e-06
43.44 -9.1473e-06
43.45 -1.00196e-05
43.46 -1.08561e-05
43.47 -1.16539e-05
43.48 -1.24104e-05
43.49 -1.31232e-05
43.5 -1.37899e-05
43.51 -1.44084e-05
43.52 -1.49766e-05
43.53 -1.54927e-05
43.54 -1.59551e-05
43.55 -1.63623e-05
43.56 -1.67131e-05
43.57 -1.70064e-05
43.58 -1.72413e-05
43.59 -1.74172e-05
43.6 -1.75335e-05
43.61 -1.75902e-05
43.62 -1.7587e-05
43.63 -1.75241e-05
43.64 -1.7402e-05
43.65 -1.72211e-05
43.66 -1.69822e-05
43.67 -1.66863e-05
43.68 -1.63345e-05
43.69 -1.59281e-05
43.7 -1.54687e-05
43.71 -1.4958e-05
43.72 -1.43978e-05
43.73 -1.37901e-05
43.74 -1.31372e-05
43.75 -1.24413e-05
43.76 -1.17051e-05
43.77 -1.0931e-05
43.78 -1.01218e-05
43.79 -9.28037e-06
43.8 -8.40966e-06
43.81 -7.5127e-06
43.82 -6.59262e-06
43.83 -5.65263e-06
43.84 -4.69598e-06
43.85 -3.72598e-06
43.86 -2.74598e-06
43.87 -1.75934e-06
43.88 -7.69468e-07
43.89 2.20258e-07
43.9 1.20645e-06
43.91 2.18576e-06
43.92 3.15484e-06
43.93 4.11041e-06
43.94 5.04924e-06
43.95 5.96815e-06
43.96 6.86406e-06
43.97 7.73395e-06
43.98 8.57492e-06
43.99 9.38416e-06
44 1.0159e-05
44.01 1.08968e-05
44.02 1.15952e-05
44.03 1.22519e-05
44.04 1.28647e-05
44.05 1.34317e-05
44.06 1.3951e-05
44.07 1.44209e-05
44.08 1.484e-05
44.09 1.5207e-05
44.1 1.55207e-05
44.11 1.57801e-05
44.12 1.59846e-05
44.13 1.61335e-05
44.14 1.62265e-05
44.15 1.62633e-05
44.16 1.62441e-05
44.17 1.61689e-05
44.18 1.60382e-05
44.19 1.58526e-05
44.2 1.56127e-05
44.21 1.53197e-05
44.22 1.49745e-05
44.23 1.45785e-05
44.24 1.41332e-05
44.25 1.36402e-05
44.26 1.31013e-05
44.27 1.25184e-05
44.28 1.18937e-05
44.29 1.12294e-05
44.3 1.05278e-05
44.31 9.7915e-06
44.32 9.02299e-06
44.33 8.22501e-06
44.34 7.40037e-06
44.35 6.55194e-06
44.36 5.68268e-06
44.37 4.79561e-06
44.38 3.8938e-06
44.39 2.98038e-06
44.4 2.05849e-06
44.41 1.13129e-06
44.42 2.01983e-07
44.43 -7.26264e-07
44.44 -1.65028e-06
44.45 -2.56691e-06
44.46 -3.47304e-06
44.47 -4.36561e-06
44.48 -5.24159e-06
44.49 -6.09803e-06
44.5 -6.93205e-06
44.51 -7.74085e-06
44.52 -8.52173e-06
44.53 -9.27208e-06
44.54 -9.98942e-06
44.55 -1.06714e-05
44.56 -1.13157e-05
44.57 -1.19202e-05
44.58 -1.24831e-05
44.59 -1.30024e-05
44.6 -1.34765e-05
44.61 -1.39038e-05
44.62 -1.42831e-05
44.63 -1.46131e-05
44.64 -1.48928e-05
44.65 -1.51214e-05
44.66 -1.52983e-05
44.67 -1.54228e-05
44.68 -1.54949e-05
44.69 -1.55142e-05
44.7 -1.54809e-05
44.71 -1.53953e-05
44.72 -1.52576e-05
44.73 -1.50686e-05
44.74 -1.4829e-05
44.75 -1.45397e-05
44.76 -1.42018e-05
44.77 -1.38167e-05
44.78 -1.33856e-05
44.79 -1.29103e-05
44.8 -1.23924e-05
44.81 -1.18338e-05
44.82 -1.12365e-05
44.83 -1.06027e-05
44.84 -9.93454e-06
44.85 -9.23446e-06
44.86 -8.50491e-06
44.87 -7.74845e-06
44.88 -6.96773e-06
44.89 -6.16548e-06
44.9 -5.34449e-06
44.91 -4.50761e-06
44.92 -3.65774e-06
44.93 -2.79782e-06
44.94 -1.9308e-06
44.95 -1.05967e-06
44.96 -1.87426e-07
44.97 6.8296e-07
44.98 1.54851e-06
44.99 2.40629e-06
