0.01 -4.97611e-07
0.02 -4.9943e-07
0.03 -4.94588e-07
0.04 -4.65537e-07
0.05 -4.13938e-07
0.06 -4.10133e-07
0.07 -6.07232e-07
0.08 -1.17624e-06
0.09 -2.18549e-06
0.1 -3.50679e-06
0.11 -4.82656e-06
0.12 -5.77403e-06
0.13 -6.11391e-06
0.14 -5.91236e-06
0.15 -5.57415e-06
0.16 -5.69498e-06
0.17 -6.76578e-06
0.18 -8.86817e-06
0.19 -1.15547e-05
0.2 -1.40272e-05
0.21 -1.55316e-05
0.22 -1.57366e-05
0.23 -1.48817e-05
0.24 -1.36403e-05
0.25 -1.28026e-05
0.26 -1.29439e-05
0.27 -1.42084e-05
0.28 -1.62645e-05
0.29 -1.8438e-05
0.3 -1.9987e-05
0.31 -2.04255e-05
0.32 -1.97554e-05
0.33 -1.84748e-05
0.34 -1.73289e-05
0.35 -1.69165e-05
0.36 -1.73719e-05
0.37 -1.83265e-05
0.38 -1.91899e-05
0.39 -1.95514e-05
0.4 -1.94091e-05
0.41 -1.90969e-05
0.42 -1.90283e-05
0.43 -1.9466e-05
0.44 -2.04366e-05
0.45 -2.17732e-05
0.46 -2.32122e-05
0.47 -2.44853e-05
0.48 -2.53873e-05
0.49 -2.58294e-05
0.5 -2.58838e-05
0.51 -2.58145e-05
0.52 -2.60636e-05
0.53 -2.71326e-05
0.54 -2.93487e-05
0.55 -3.26224e-05
0.56 -3.63762e-05
0.57 -3.97437e-05
0.58 -4.19636e-05
0.59 -4.27632e-05
0.6 -4.25297e-05
0.61 -4.21481e-05
0.62 -4.25542e-05
0.63 -4.42449e-05
0.64 -4.70433e-05
0.65 -5.02466e-05
0.66 -5.30204e-05
0.67 -5.47751e-05
0.68 -5.53362e-05
0.69 -5.491e-05
0.7 -5.39536e-05
0.71 -5.30045e-05
0.72 -5.24637e-05
0.73 -5.23877e-05
0.74 -5.2427e-05
0.75 -5.1991e-05
0.76 -5.05636e-05
0.77 -4.7983e-05
0.78 -4.45312e-05
0.79 -4.07869e-05
0.8 -3.73272e-05
0.81 -3.44257e-05
0.82 -3.1894e-05
0.83 -2.9167e-05
0.84 -2.56202e-05
0.85 -2.09575e-05
0.86 -1.54432e-05
0.87 -9.83462e-06
0.88 -5.05343e-06
0.89 -1.77403e-06
0.9 -1.35134e-07
0.91 3.06498e-07
0.92 3.85819e-07
0.93 1.00467e-06
0.94 2.80567e-06
0.95 5.9389e-06
0.96 9.97087e-06
0.97 1.39752e-05
0.98 1.68246e-05
0.99 1.76451e-05
1 1.6276e-05
1.01 1.34618e-05
1.02 1.05733e-05
1.03 8.93109e-06
1.04 9.10006e-06
1.05 1.05993e-05
1.06 1.22299e-05
1.07 1.28212e-05
1.08 1.19324e-05
1.09 1.00804e-05
1.1 8.38171e-06
1.11 7.86349e-06
1.12 8.87708e-06
1.13 1.09443e-05
1.14 1.30769e-05
1.15 1.43353e-05
1.16 1.43061e-05
1.17 1.32874e-05
1.18 1.21581e-05
1.19 1.20289e-05
1.2 1.38101e-05
1.21 1.7847e-05
1.22 2.37645e-05
1.23 3.05965e-05
1.24 3.71619e-05
1.25 4.25314e-05
1.26 4.63835e-05
1.27 4.9111e-05
1.28 5.1657e-05
1.29 5.51429e-05
1.3 6.04095e-05
1.31 6.76365e-05
1.32 7.62026e-05
1.33 8.48764e-05
1.34 9.22774e-05
1.35 9.74e-05
1.36 9.99534e-05
1.37 0.000100396
1.38 9.97143e-05
1.39 9.90862e-05
1.4 9.95582e-05
1.41 0.000101761
1.42 0.000105678
1.43 0.000110531
1.44 0.000114911
1.45 0.00011723
1.46 0.000116384
1.47 0.000112307
1.48 0.000106079
1.49 9.94529e-05
1.5 9.39948e-05
1.51 9.03429e-05
1.52 8.7993e-05
1.53 8.56947e-05
1.54 8.21514e-05
1.55 7.66074e-05
1.56 6.90816e-05
1.57 6.02629e-05
1.58 5.12224e-05
1.59 4.30513e-05
1.6 3.64709e-05
1.61 3.15245e-05
1.62 2.75291e-05
1.63 2.3393e-05
1.64 1.81918e-05
1.65 1.16855e-05
1.66 4.45843e-06
1.67 -2.40931e-06
1.68 -7.93338e-06
1.69 -1.17059e-05
1.7 -1.3986e-05
1.71 -1.54061e-05
1.72 -1.65478e-05
1.73 -1.76755e-05
1.74 -1.87451e-05
1.75 -1.95881e-05
1.76 -2.00836e-05
1.77 -2.01892e-05
1.78 -1.98486e-05
1.79 -1.89217e-05
1.8 -1.72655e-05
1.81 -1.49352e-05
1.82 -1.23278e-05
1.83 -1.00895e-05
1.84 -8.78653e-06
1.85 -8.55792e-06
1.86 -9.01882e-06
1.87 -9.49106e-06
1.88 -9.38999e-06
1.89 -8.50601e-06
1.9 -7.03696e-06
1.91 -5.43388e-06
1.92 -4.22297e-06
1.93 -3.88781e-06
1.94 -4.77487e-06
1.95 -6.96646e-06
1.96 -1.01577e-05
1.97 -1.36773e-05
1.98 -1.67453e-05
1.99 -1.88617e-05
2 -2.00634e-05
2.01 -2.08639e-05
2.02 -2.1923e-05
2.03 -2.36669e-05
2.04 -2.6084e-05
2.05 -2.87865e-05
2.06 -3.1271e-05
2.07 -3.32127e-05
2.08 -3.46255e-05
2.09 -3.57895e-05
2.1 -3.69678e-05
2.11 -3.80907e-05
2.12 -3.86311e-05
2.13 -3.78141e-05
2.14 -3.50919e-05
2.15 -3.05743e-05
2.16 -2.50807e-05
2.17 -1.97378e-05
2.18 -1.53779e-05
2.19 -1.21456e-05
2.2 -9.5535e-06
2.21 -6.87323e-06
2.22 -3.53162e-06
2.23 7.43162e-07
2.24 6.01681e-06
2.25 1.22613e-05
2.26 1.92963e-05
2.27 2.66243e-05
2.28 3.34012e-05
2.29 3.87035e-05
2.3 4.1981e-05
2.31 4.33973e-05
2.32 4.38111e-05
2.33 4.43772e-05
2.34 4.59771e-05
2.35 4.87731e-05
2.36 5.20982e-05
2.37 5.47375e-05
2.38 5.54839e-05
2.39 5.37026e-05
2.4 4.96186e-05
2.41 4.41905e-05
2.42 3.86516e-05
2.43 3.39538e-05
2.44 3.03676e-05
2.45 2.74122e-05
2.46 2.4141e-05
2.47 1.96275e-05
2.48 1.34024e-05
2.49 5.63557e-06
2.5 -2.98413e-06
2.51 -1.15387e-05
2.52 -1.91586e-05
2.53 -2.52147e-05
2.54 -2.94638e-05
2.55 -3.21888e-05
2.56 -3.42711e-05
2.57 -3.70105e-05
2.58 -4.15995e-05
2.59 -4.84549e-05
2.6 -5.68374e-05
2.61 -6.5101e-05
2.62 -7.15125e-05
2.63 -7.51467e-05
2.64 -7.62824e-05
2.65 -7.6095e-05
2.66 -7.59311e-05
2.67 -7.66777e-05
2.68 -7.85643e-05
2.69 -8.13525e-05
2.7 -8.46183e-05
2.71 -8.78864e-05
2.72 -9.0608e-05
2.73 -9.21845e-05
2.74 -9.21929e-05
2.75 -9.07197e-05
2.76 -8.85116e-05
2.77 -8.67005e-05
2.78 -8.61654e-05
2.79 -8.69578e-05
2.8 -8.82438e-05
2.81 -8.88464e-05
2.82 -8.8005e-05
2.83 -8.57977e-05
2.84 -8.29425e-05
2.85 -8.02025e-05
2.86 -7.78908e-05
2.87 -7.57962e-05
2.88 -7.34523e-05
2.89 -7.04424e-05
2.9 -6.65146e-05
2.91 -6.15542e-05
2.92 -5.55954e-05
2.93 -4.89205e-05
2.94 -4.20976e-05
2.95 -3.57878e-05
2.96 -3.03506e-05
2.97 -2.55212e-05
2.98 -2.04522e-05
2.99 -1.41766e-05
3 -6.22751e-06
3.01 3.00369e-06
3.02 1.24324e-05
3.03 2.08662e-05
3.04 2.76271e-05
3.05 3.28306e-05
3.06 3.7202e-05
3.07 4.16172e-05
3.08 4.66752e-05
3.09 5.25174e-05
3.1 5.89064e-05
3.11 6.54497e-05
3.12 7.18266e-05
3.13 7.79049e-05
3.14 8.36977e-05
3.15 8.92046e-05
3.16 9.4254e-05
3.17 9.84979e-05
3.18 0.000101619
3.19 0.000103645
3.2 0.000105128
3.21 0.00010701
3.22 0.000110147
3.23 0.000114765
3.24 0.000120206
3.25 0.000125164
3.26 0.000128314
3.27 0.000128984
3.28 0.000127496
3.29 0.000125005
3.3 0.000122936
3.31 0.000122325
3.32 0.000123406
3.33 0.000125588
3.34 0.000127784
3.35 0.000128869
3.36 0.000128087
3.37 0.000125295
3.38 0.000121013
3.39 0.000116283
3.4 0.000112288
3.41 0.000109863
3.42 0.000109092
3.43 0.000109237
3.44 0.000109089
3.45 0.000107576
3.46 0.000104261
3.47 9.94855e-05
3.48 9.40871e-05
3.49 8.89353e-05
3.5 8.45848e-05
3.51 8.11871e-05
3.52 7.85906e-05
3.53 7.6463e-05
3.54 7.43564e-05
3.55 7.17828e-05
3.56 6.83984e-05
3.57 6.42354e-05
3.58 5.97837e-05
3.59 5.57657e-05
3.6 5.2685e-05
3.61 5.0468e-05
3.62 4.8506e-05
3.63 4.6093e-05
3.64 4.29366e-05
3.65 3.9386e-05
3.66 3.62591e-05
3.67 3.44054e-05
3.68 3.42518e-05
3.69 3.55448e-05
3.7 3.73883e-05
3.71 3.85728e-05
3.72 3.80795e-05
3.73 3.55384e-05
3.74 3.14101e-05
3.75 2.67929e-05
3.76 2.29558e-05
3.77 2.08374e-05
3.78 2.07373e-05
3.79 2.2281e-05
3.8 2.45879e-05
3.81 2.65253e-05
3.82 2.69782e-05
3.83 2.51427e-05
3.84 2.08391e-05
3.85 1.47213e-05
3.86 8.19434e-06
3.87 2.92831e-06
3.88 1.06506e-07
3.89 -2.10025e-07
3.9 8.00809e-07
3.91 1.26811e-06
3.92 -4.17316e-07
3.93 -4.7797e-06
3.94 -1.10455e-05
3.95 -1.76429e-05
3.96 -2.30841e-05
3.97 -2.67001e-05
3.98 -2.88476e-05
3.99 -3.05534e-05
4 -3.28783e-05
4.01 -3.63954e-05
4.02 -4.10436e-05
4.03 -4.63202e-05
4.04 -5.15818e-05
4.05 -5.62695e-05
4.06 -6.00414e-05
4.07 -6.28948e-05
4.08 -6.52766e-05
4.09 -6.80166e-05
4.1 -7.19308e-05
4.11 -7.72501e-05
4.12 -8.32888e-05
4.13 -8.86938e-05
4.14 -9.22128e-05
4.15 -9.35082e-05
4.16 -9.34692e-05
4.17 -9.37801e-05
4.18 -9.59798e-05
4.19 -0.000100573
4.2 -0.000106714
4.21 -0.000112657
4.22 -0.000116707
4.23 -0.000118131
4.24 -0.000117499
4.25 -0.000116329
4.26 -0.000116279
4.27 -0.000118372
4.28 -0.00012261
4.29 -0.000128102
4.3 -0.000133577
4.31 -0.000138016
4.32 -0.000141121
4.33 -0.000143431
4.34 -0.000146028
4.35 -0.000149991
4.36 -0.000155842
4.37 -0.000163324
4.38 -0.000171663
4.39 -0.000180123
4.4 -0.000188462
4.41 -0.000196954
4.42 -0.000206056
4.43 -0.00021604
4.44 -0.000226898
4.45 -0.0002385
4.46 -0.000250721
4.47 -0.000263393
4.48 -0.000276195
4.49 -0.000288673
4.5 -0.000300445
4.51 -0.000311413
4.52 -0.000321815
4.53 -0.000332069
4.54 -0.000342511
4.55 -0.000353178
4.56 -0.00036369
4.57 -0.00037326
4.58 -0.00038086
4.59 -0.000385536
4.6 -0.000386792
4.61 -0.000384867
4.62 -0.000380694
4.63 -0.000375493
4.64 -0.00037012
4.65 -0.00036455
4.66 -0.000357786
4.67 -0.000348302
4.68 -0.000334785
4.69 -0.000316753
4.7 -0.000294694
4.71 -0.000269708
4.72 -0.000242933
4.73 -0.000215112
4.74 -0.000186472
4.75 -0.000156873
4.76 -0.00012607
4.77 -9.38959e-05
4.78 -6.03166e-05
4.79 -2.53548e-05
4.8 1.10105e-05
4.81 4.88627e-05
4.82 8.82293e-05
4.83 0.000128893
4.84 0.000170268
4.85 0.00021145
4.86 0.000251399
4.87 0.000289191
4.88 0.000324205
4.89 0.000356189
4.9 0.000385186
4.91 0.000411303
4.92 0.000434397
4.93 0.000453835
4.94 0.000468518
4.95 0.000477278
4.96 0.000479514
4.97 0.000475704
4.98 0.000467454
4.99 0.000456972
5 0.000446205
5.01 0.000436083
5.02 0.00042623
5.03 0.000415239
5.04 0.000401342
5.05 0.000383175
5.06 0.000360357
5.07 0.000333717
5.08 0.000305092
5.09 0.000276767
5.1 0.0002507
5.11 0.000227846
5.12 0.000207857
5.13 0.000189298
5.14 0.000170274
5.15 0.000149184
5.16 0.000125291
5.17 9.89221e-05
5.18 7.12843e-05
5.19 4.40473e-05
5.2 1.89064e-05
5.21 -2.80144e-06
5.22 -2.04397e-05
5.23 -3.43229e-05
5.24 -4.57088e-05
5.25 -5.63956e-05
5.26 -6.80092e-05
5.27 -8.13197e-05
5.28 -9.59657e-05
5.29 -0.000110718
5.3 -0.000124092
5.31 -0.000135006
5.32 -0.000143214
5.33 -0.0001494
5.34 -0.000154896
5.35 -0.000161112
5.36 -0.000168898
5.37 -0.000178136
5.38 -0.0001878
5.39 -0.000196489
5.4 -0.000203158
5.41 -0.000207667
5.42 -0.000210856
5.43 -0.000214156
5.44 -0.000218942
5.45 -0.00022592
5.46 -0.000234731
5.47 -0.000243942
5.48 -0.000251517
5.49 -0.000255658
5.5 -0.000255668
5.51 -0.00025238
5.52 -0.000247839
5.53 -0.000244347
5.54 -0.000243324
5.55 -0.000244546
5.56 -0.000246128
5.57 -0.000245244
5.58 -0.000239239
5.59 -0.000226654
5.6 -0.00020775
5.61 -0.000184334
5.62 -0.000159001
5.63 -0.000134095
5.64 -0.000110807
5.65 -8.87779e-05
5.66 -6.63553e-05
5.67 -4.1365e-05
5.68 -1.20618e-05
5.69 2.21302e-05
5.7 6.03508e-05
5.71 0.000100588
5.72 0.0001404
5.73 0.000177823
5.74 0.000212145
5.75 0.000244161
5.76 0.000275741
5.77 0.000308816
5.78 0.000344269
5.79 0.000381281
5.8 0.000417494
5.81 0.000449902
5.82 0.000476067
5.83 0.000495103
5.84 0.000508029
5.85 0.000517303
5.86 0.000525678
5.87 0.00053487
5.88 0.000544668
5.89 0.000553034
5.9 0.000557211
5.91 0.000555288
5.92 0.000547335
5.93 0.000535447
5.94 0.000522638
5.95 0.000511247
5.96 0.000501743
5.97 0.00049258
5.98 0.000481077
5.99 0.00046479
6 0.000442673
6.01 0.000415534
6.02 0.000385705
6.03 0.000356152
6.04 0.000329432
6.05 0.000306845
6.06 0.000288033
6.07 0.000271116
6.08 0.000253328
6.09 0.000232018
6.1 0.000205709
6.11 0.000174878
6.12 0.000142106
6.13 0.000111333
6.14 8.63397e-05
6.15 6.90571e-05
6.16 5.85509e-05
6.17 5.12958e-05
6.18 4.26529e-05
6.19 2.88568e-05
6.2 8.5947e-06
6.21 -1.65284e-05
6.22 -4.28002e-05
6.23 -6.60365e-05
6.24 -8.32281e-05
6.25 -9.34468e-05
6.26 -9.77243e-05
6.27 -9.8257e-05
6.28 -9.75673e-05
6.29 -9.79678e-05
6.3 -0.000101239
6.31 -0.000108307
6.32 -0.00011894
6.33 -0.00013171
6.34 -0.000144428
6.35 -0.000154992
6.36 -0.000162288
6.37 -0.000166677
6.38 -0.000169798
6.39 -0.000173703
6.4 -0.000179734
6.41 -0.000187755
6.42 -0.000196216
6.43 -0.000203179
6.44 -0.000207822
6.45 -0.00021144
6.46 -0.000217051
6.47 -0.000227649
6.48 -0.000244141
6.49 -0.000264399
6.5 -0.000284173
6.51 -0.000299283
6.52 -0.000307665
6.53 -0.000310069
6.54 -0.000309221
6.55 -0.000308162
6.56 -0.000308791
6.57 -0.000311294
6.58 -0.000314564
6.59 -0.000317133
6.6 -0.000318003
6.61 -0.00031688
6.62 -0.0003138
6.63 -0.000308551
6.64 -0.000300448
6.65 -0.000288682
6.66 -0.000273004
6.67 -0.000254227
6.68 -0.000234111
6.69 -0.000214668
6.7 -0.0001973
6.71 -0.000182294
6.72 -0.000168921
6.73 -0.000155912
6.74 -0.000141879
6.75 -0.000125521
6.76 -0.00010578
6.77 -8.21472e-05
6.78 -5.5046e-05
6.79 -2.59005e-05
6.8 3.36723e-06
6.81 3.12362e-05
6.82 5.73174e-05
6.83 8.23863e-05
6.84 0.000107649
6.85 0.000133683
6.86 0.000159737
6.87 0.000183925
6.88 0.000204355
6.89 0.000220487
6.9 0.00023374
6.91 0.000246872
6.92 0.000262488
6.93 0.00028161
6.94 0.00030313
6.95 0.000324333
6.96 0.000342139
6.97 0.000354371
6.98 0.000360536
6.99 0.000361878
7 0.000360783
7.01 0.000359827
7.02 0.000360797
7.03 0.000364058
7.04 0.000368484
7.05 0.000372022
7.06 0.000372685
7.07 0.000369422
7.08 0.000362372
7.09 0.000352416
7.1 0.000340462
7.11 0.000327007
7.12 0.00031218
7.13 0.000296033
7.14 0.000278683
7.15 0.000260132
7.16 0.000239946
7.17 0.000217154
7.18 0.000190553
7.19 0.000159296
7.2 0.0001234
7.21 8.38122e-05
7.22 4.19451e-05
7.23 -1.10237e-06
7.24 -4.52116e-05
7.25 -9.13488e-05
7.26 -0.000140925
7.27 -0.000194742
7.28 -0.000252205
7.29 -0.000311381
7.3 -0.000369936
7.31 -0.000426278
7.32 -0.000480093
7.33 -0.000531922
7.34 -0.000582216
7.35 -0.000630634
7.36 -0.000676016
7.37 -0.000716899
7.38 -0.00075204
7.39 -0.000780614
7.4 -0.000802176
7.41 -0.000816655
7.42 -0.000824433
7.43 -0.000826311
7.44 -0.000823146
7.45 -0.00081531
7.46 -0.0008025
7.47 -0.000784181
7.48 -0.000760423
7.49 -0.000732487
7.5 -0.000702611
7.51 -0.000673037
7.52 -0.00064486
7.53 -0.000617464
7.54 -0.000588899
7.55 -0.000557016
7.56 -0.000520736
7.57 -0.000480743
7.58 -0.00043928
7.59 -0.000399165
7.6 -0.000362581
7.61 -0.000330184
7.62 -0.00030093
7.63 -0.000272621
7.64 -0.000242939
7.65 -0.000210561
7.66 -0.000175943
7.67 -0.000141443
7.68 -0.000110686
7.69 -8.72936e-05
7.7 -7.34014e-05
7.71 -6.86487e-05
7.72 -7.02461e-05
7.73 -7.42433e-05
7.74 -7.74444e-05
7.75 -7.89475e-05
7.76 -8.04486e-05
7.77 -8.52055e-05
7.78 -9.63422e-05
7.79 -0.000115427
7.8 -0.000141924
7.81 -0.000173517
7.82 -0.000206934
7.83 -0.000238871
7.84 -0.000266793
7.85 -0.000289483
7.86 -0.000307184
7.87 -0.000321246
7.88 -0.000333351
7.89 -0.000344623
7.9 -0.000354993
7.91 -0.000363033
7.92 -0.000366249
7.93 -0.000361657
7.94 -0.000346496
7.95 -0.00031892
7.96 -0.000278553
7.97 -0.000226673
7.98 -0.000165904
7.99 -9.94323e-05
8 -3.00482e-05
8.01 4.06266e-05
8.02 0.000112428
8.03 0.000186366
8.04 0.000263902
8.05 0.0003461
8.06 0.000432999
8.07 0.000523499
8.08 0.000615704
8.09 0.000707395
8.1 0.000796179
8.11 0.000879186
8.12 0.000952747
8.13 0.0010127
8.14 0.00105562
8.15 0.00108041
8.16 0.00108927
8.17 0.00108708
8.18 0.00107952
8.19 0.00107093
8.2 0.00106295
8.21 0.00105452
8.22 0.00104293
8.23 0.0010256
8.24 0.00100156
8.25 0.000972213
8.26 0.000940728
8.27 0.000910614
8.28 0.000884046
8.29 0.0008609
8.3 0.000838856
8.31 0.000814437
8.32 0.000784418
8.33 0.000747005
8.34 0.000702402
8.35 0.000652669
8.36 0.000600988
8.37 0.000550567
8.38 0.000503495
8.39 0.00045991
8.4 0.000417876
8.41 0.00037406
8.42 0.000324953
8.43 0.000268096
8.44 0.000202861
8.45 0.000130493
8.46 5.34778e-05
8.47 -2.54376e-05
8.48 -0.000104111
8.49 -0.000181428
8.5 -0.000257196
8.51 -0.00033164
8.52 -0.00040475
8.53 -0.000475684
8.54 -0.000542484
8.55 -0.000602187
8.56 -0.000651372
8.57 -0.000686943
8.58 -0.000706947
8.59 -0.000711151
8.6 -0.000701177
8.61 -0.000680009
8.62 -0.000650943
8.63 -0.000616422
8.64 -0.000577438
8.65 -0.000533826
8.66 -0.000485153
8.67 -0.00043156
8.68 -0.000374041
8.69 -0.00031412
8.7 -0.000253245
8.71 -0.000192282
8.72 -0.00013133
8.73 -6.98624e-05
8.74 -7.02639e-06
8.75 5.80126e-05
8.76 0.000125759
8.77 0.000196111
8.78 0.000268194
8.79 0.000340419
8.8 0.00041083
8.81 0.000477495
8.82 0.000538585
8.83 0.00059203
8.84 0.000635175
8.85 0.000665054
8.86 0.000679542
8.87 0.000678808
8.88 0.000666023
8.89 0.000646584
8.9 0.000626111
8.91 0.000608286
8.92 0.000593723
8.93 0.000580302
8.94 0.000564596
8.95 0.000543479
8.96 0.000515137
8.97 0.000479286
8.98 0.00043692
8.99 0.000389972
9 0.000341022
9.01 0.000292869
9.02 0.000247837
9.03 0.000206969
9.04 0.00016952
9.05 0.000133168
9.06 9.4974e-05
9.07 5.26799e-05
9.08 5.72076e-06
9.09 -4.45826e-05
9.1 -9.57204e-05
9.11 -0.00014517
9.12 -0.000191402
9.13 -0.000234231
9.14 -0.000274421
9.15 -0.000312898
9.16 -0.000350062
9.17 -0.000385558
9.18 -0.000418584
9.19 -0.000448463
9.2 -0.000475135
9.21 -0.00049927
9.22 -0.000521997
9.23 -0.000544468
9.24 -0.000567529
9.25 -0.000591633
9.26 -0.000616899
9.27 -0.000643163
9.28 -0.000669919
9.29 -0.000696289
9.3 -0.000721186
9.31 -0.000743672
9.32 -0.000763304
9.33 -0.000780223
9.34 -0.000794913
9.35 -0.000807785
9.36 -0.000818821
9.37 -0.00082744
9.38 -0.000832616
9.39 -0.000833167
9.4 -0.000828114
9.41 -0.00081703
9.42 -0.00080032
9.43 -0.000779294
9.44 -0.000755943
9.45 -0.00073238
9.46 -0.000710103
9.47 -0.000689423
9.48 -0.000669358
9.49 -0.000648078
9.5 -0.000623724
9.51 -0.000595199
9.52 -0.000562603
9.53 -0.000527173
9.54 -0.000490797
9.55 -0.00045534
9.56 -0.000421978
9.57 -0.000390768
9.58 -0.000360571
9.59 -0.00032944
9.6 -0.0002954
9.61 -0.000257358
9.62 -0.000215687
9.63 -0.000172114
9.64 -0.000128895
9.65 -8.76835e-05
9.66 -4.8767e-05
9.67 -1.1109e-05
9.68 2.68635e-05
9.69 6.62459e-05
9.7 0.000107024
9.71 0.00014811
9.72 0.00018789
9.73 0.000224899
9.74 0.000258264
9.75 0.000287804
9.76 0.000313838
9.77 0.000336862
9.78 0.000357271
9.79 0.000375202
9.8 0.00039054
9.81 0.000403033
9.82 0.000412467
9.83 0.000418845
9.84 0.000422531
9.85 0.000424312
9.86 0.000425306
9.87 0.000426707
9.88 0.000429403
9.89 0.000433612
9.9 0.000438692
9.91 0.00044325
9.92 0.000445571
9.93 0.000444252
9.94 0.000438804
9.95 0.000429942
9.96 0.000419379
9.97 0.000409174
9.98 0.000400919
9.99 0.000395161
10 0.000391302
10.01 0.000387958
10.02 0.000383532
10.03 0.000376708
10.04 0.000366747
10.05 0.000353586
10.06 0.000337827
10.07 0.000320618
10.08 0.00030339
10.09 0.000287434
10.1 0.000273462
10.11 0.000261361
10.12 0.000250317
10.13 0.000239244
10.14 0.000227337
10.15 0.000214442
10.16 0.000201089
10.17 0.000188213
10.18 0.000176734
10.19 0.000167224
10.2 0.000159771
10.21 0.000154085
10.22 0.000149753
10.23 0.000146514
10.24 0.000144421
10.25 0.000143788
10.26 0.000144915
10.27 0.000147771
10.28 0.000151892
10.29 0.000156622
10.3 0.000161587
10.31 0.000167081
10.32 0.00017409
10.33 0.000183911
10.34 0.000197583
10.35 0.00021546
10.36 0.000237121
10.37 0.000261626
10.38 0.000287902
10.39 0.000315076
10.4 0.000342612
10.41 0.000370301
10.42 0.000398195
10.43 0.000426518
10.44 0.000455494
10.45 0.000485032
10.46 0.000514337
10.47 0.000541683
10.48 0.000564603
10.49 0.000580584
10.5 0.000588031
10.51 0.000586988
10.52 0.000579171
10.53 0.000567216
10.54 0.000553524
10.55 0.000539309
10.56 0.000524268
10.57 0.000506968
10.58 0.000485631
10.59 0.000458941
10.6 0.000426535
10.61 0.000389089
10.62 0.000348049
10.63 0.000305167
10.64 0.000261979
10.65 0.0002194
10.66 0.000177548
10.67 0.000135857
10.68 9.34075e-05
10.69 4.93228e-05
10.7 3.02391e-06
10.71 -4.56885e-05
10.72 -9.66561e-05
10.73 -0.000149378
10.74 -0.000202996
10.75 -0.000256287
10.76 -0.000307731
10.77 -0.000355651
10.78 -0.000398406
10.79 -0.000434575
10.8 -0.000463135
10.81 -0.000483577
10.82 -0.000495955
10.83 -0.00050087
10.84 -0.000499411
10.85 -0.000493041
10.86 -0.000483388
10.87 -0.000471964
10.88 -0.000459863
10.89 -0.000447569
10.9 -0.00043494
10.91 -0.000421384
10.92 -0.000406166
10.93 -0.000388775
10.94 -0.000369253
10.95 -0.000348368
10.96 -0.000327512
10.97 -0.000308271
10.98 -0.000291839
10.99 -0.000278542
11 -0.000267788
11.01 -0.000258458
11.02 -0.00024953
11.03 -0.000240563
11.04 -0.00023181
11.05 -0.000223972
11.06 -0.000217803
11.07 -0.000213793
11.08 -0.000212082
11.09 -0.00021261
11.1 -0.000215391
11.11 -0.000220712
11.12 -0.000229069
11.13 -0.00024084
11.14 -0.000255934
11.15 -0.000273673
11.16 -0.00029305
11.17 -0.000313189
11.18 -0.000333728
11.19 -0.000354896
11.2 -0.000377292
11.21 -0.000401481
11.22 -0.000427588
11.23 -0.000455033
11.24 -0.000482546
11.25 -0.000508475
11.26 -0.000531324
11.27 -0.00055024
11.28 -0.000565198
11.29 -0.000576764
11.3 -0.000585586
11.31 -0.000591965
11.32 -0.000595797
11.33 -0.00059685
11.34 -0.000595131
11.35 -0.000591025
11.36 -0.000585129
11.37 -0.000577945
11.38 -0.000569639
11.39 -0.00056002
11.4 -0.000548683
11.41 -0.000535208
11.42 -0.000519328
11.43 -0.000500988
11.44 -0.000480306
11.45 -0.000457491
11.46 -0.000432786
11.47 -0.000406449
11.48 -0.000378702
11.49 -0.000349606
11.5 -0.000318917
11.51 -0.000286071
11.52 -0.00025039
11.53 -0.000211456
11.54 -0.000169446
11.55 -0.000125207
11.56 -7.99554e-05
11.57 -3.47349e-05
11.58 1.00993e-05
11.59 5.50801e-05
11.6 0.000101368
11.61 0.000150145
11.62 0.000201963
11.63 0.000256351
11.64 0.000311823
11.65 0.00036629
11.66 0.00041771
11.67 0.000464738
11.68 0.000507088
11.69 0.000545405
11.7 0.000580676
11.71 0.000613501
11.72 0.000643647
11.73 0.000670124
11.74 0.000691702
11.75 0.000707544
11.76 0.000717598
11.77 0.000722636
11.78 0.000723978
11.79 0.000723103
11.8 0.00072125
11.81 0.000719118
11.82 0.000716735
11.83 0.00071353
11.84 0.000708605
11.85 0.000701104
11.86 0.000690525
11.87 0.000676872
11.88 0.000660623
11.89 0.000642561
11.9 0.000623498
11.91 0.000603973
11.92 0.000584036
11.93 0.000563225
11.94 0.000540771
11.95 0.000515952
11.96 0.00048839
11.97 0.000458136
11.98 0.000425508
11.99 0.000390816
12 0.000354145
12.01 0.000315303
12.02 0.00027393
12.03 0.000229708
12.04 0.000182592
12.05 0.00013298
12.06 8.17126e-05
12.07 2.98477e-05
12.08 -2.17217e-05
12.09 -7.26316e-05
12.1 -0.000123174
12.11 -0.00017407
12.12 -0.000225961
12.13 -0.000278868
12.14 -0.000331904
12.15 -0.000383398
12.16 -0.000431317
12.17 -0.000473748
12.18 -0.000509172
12.19 -0.000536517
12.2 -0.00055511
12.21 -0.000564702
12.22 -0.000565565
12.23 -0.000558531
12.24 -0.000544863
12.25 -0.000525922
12.26 -0.000502775
12.27 -0.000475929
12.28 -0.000445337
12.29 -0.000410674
12.3 -0.000371754
12.31 -0.000328849
12.32 -0.000282752
12.33 -0.000234547
12.34 -0.000185222
12.35 -0.000135323
12.36 -8.48068e-05
12.37 -3.31465e-05
12.38 2.03569e-05
12.39 7.61824e-05
12.4 0.000134254
12.41 0.000193799
12.42 0.000253461
12.43 0.000311627
12.44 0.000366794
12.45 0.000417778
12.46 0.000463658
12.47 0.000503546
12.48 0.000536407
12.49 0.000561143
12.5 0.000576993
12.51 0.000583987
12.52 0.000583145
12.53 0.000576246
12.54 0.00056529
12.55 0.000551958
12.56 0.000537302
12.57 0.000521704
12.58 0.000505015
12.59 0.000486736
12.6 0.000466226
12.61 0.000442922
12.62 0.000416558
12.63 0.000387291
12.64 0.000355694
12.65 0.000322557
12.66 0.000288565
12.67 0.000254012
12.68 0.000218738
12.69 0.000182339
12.7 0.000144543
12.71 0.000105503
12.72 6.58145e-05
12.73 2.62613e-05
12.74 -1.25373e-05
12.75 -5.03721e-05
12.76 -8.74765e-05
12.77 -0.000124346
12.78 -0.000161422
12.79 -0.000198768
12.8 -0.000235858
12.81 -0.000271609
12.82 -0.000304683
12.83 -0.000333945
12.84 -0.000358911
12.85 -0.000379938
12.86 -0.000398042
12.87 -0.000414428
12.88 -0.000429965
12.89 -0.000444911
12.9 -0.000459005
12.91 -0.00047182
12.92 -0.000483122
12.93 -0.000493025
12.94 -0.000501909
12.95 -0.00051024
12.96 -0.000518407
12.97 -0.000526651
12.98 -0.000535061
12.99 -0.000543575
13 -0.000552003
13.01 -0.00056006
13.02 -0.00056745
13.03 -0.000573956
13.04 -0.000579491
13.05 -0.000584061
13.06 -0.000587682
13.07 -0.000590299
13.08 -0.000591754
13.09 -0.0005918
13.1 -0.000590103
13.11 -0.000586244
13.12 -0.000579751
13.13 -0.000570221
13.14 -0.000557504
13.15 -0.000541846
13.16 -0.000523853
13.17 -0.000504261
13.18 -0.000483642
13.19 -0.000462195
13.2 -0.00043971
13.21 -0.000415684
13.22 -0.000389536
13.23 -0.000360842
13.24 -0.000329529
13.25 -0.00029595
13.26 -0.000260759
13.27 -0.000224654
13.28 -0.000188115
13.29 -0.000151316
13.3 -0.000114247
13.31 -7.69401e-05
13.32 -3.95929e-05
13.33 -2.51732e-06
13.34 3.40189e-05
13.35 6.9892e-05
13.36 0.000105053
13.37 0.000139343
13.38 0.00017235
13.39 0.000203429
13.4 0.000231871
13.41 0.000257079
13.42 0.000278622
13.43 0.000296142
13.44 0.000309252
13.45 0.000317573
13.46 0.000320965
13.47 0.000319821
13.48 0.000315172
13.49 0.000308446
13.5 0.00030093
13.51 0.00029321
13.52 0.000284911
13.53 0.000274925
13.54 0.000262066
13.55 0.000245812
13.56 0.000226754
13.57 0.000206487
13.58 0.000186984
13.59 0.000169794
13.6 0.000155486
13.61 0.000143601
13.62 0.000133084
13.63 0.000122904
13.64 0.000112546
13.65 0.000102166
13.66 9.24383e-05
13.67 8.42547e-05
13.68 7.84497e-05
13.69 7.56315e-05
13.7 7.61046e-05
13.71 7.98347e-05
13.72 8.64388e-05
13.73 9.52252e-05
13.74 0.00010532
13.75 0.000115898
13.76 0.000126475
13.77 0.000137106
13.78 0.000148342
13.79 0.000160857
13.8 0.000174916
13.81 0.000189984
13.82 0.000204783
13.83 0.000217805
13.84 0.000227999
13.85 0.000235207
13.86 0.000240042
13.87 0.000243305
13.88 0.000245296
13.89 0.000245463
13.9 0.000242592
13.91 0.000235422
13.92 0.000223335
13.93 0.000206756
13.94 0.000187061
13.95 0.000166065
13.96 0.000145326
13.97 0.000125614
13.98 0.000106746
13.99 8.78329e-05
14 6.77642e-05
14.01 4.56879e-05
14.02 2.13042e-05
14.03 -5.0971e-06
14.04 -3.28009e-05
14.05 -6.09129e-05
14.06 -8.85681e-05
14.07 -0.000115029
14.08 -0.000139676
14.09 -0.000161949
14.1 -0.000181334
14.11 -0.000197399
14.12 -0.000209871
14.13 -0.000218686
14.14 -0.000223978
14.15 -0.000226032
14.16 -0.000225217
14.17 -0.000221909
14.18 -0.00021641
14.19 -0.000208871
14.2 -0.000199233
14.21 -0.000187243
14.22 -0.000172543
14.23 -0.000154821
14.24 -0.000133959
14.25 -0.000110126
14.26 -8.37925e-05
14.27 -5.56696e-05
14.28 -2.65626e-05
14.29 2.83297e-06
14.3 3.21718e-05
14.31 6.1627e-05
14.32 9.18586e-05
14.33 0.000123712
14.34 0.00015774
14.35 0.000193778
14.36 0.000230832
14.37 0.000267341
14.38 0.000301682
14.39 0.000332649
14.4 0.000359715
14.41 0.000383026
14.42 0.000403211
14.43 0.000421086
14.44 0.000437345
14.45 0.000452301
14.46 0.000465749
14.47 0.000477037
14.48 0.000485339
14.49 0.000490027
14.5 0.000490976
14.51 0.00048861
14.52 0.000483682
14.53 0.000476904
14.54 0.000468664
14.55 0.000458972
14.56 0.000447631
14.57 0.00043449
14.58 0.000419638
14.59 0.000403429
14.6 0.00038636
14.61 0.000368872
14.62 0.000351153
14.63 0.000333055
14.64 0.000314139
14.65 0.000293862
14.66 0.000271797
14.67 0.000247827
14.68 0.000222199
14.69 0.000195459
14.7 0.000168257
14.71 0.000141119
14.72 0.000114255
14.73 8.74937e-05
14.74 6.03622e-05
14.75 3.2315e-05
14.76 3.02654e-06
14.77 -2.73788e-05
14.78 -5.8289e-05
14.79 -8.88116e-05
14.8 -0.000118147
14.81 -0.000145956
14.82 -0.000172531
14.83 -0.000198664
14.84 -0.00022525
14.85 -0.000252795
14.86 -0.000281079
14.87 -0.000309165
14.88 -0.000335784
14.89 -0.000359903
14.9 -0.000381162
14.91 -0.000399978
14.92 -0.000417282
14.93 -0.000434072
14.94 -0.000450983
14.95 -0.000468024
14.96 -0.000484565
14.97 -0.000499552
14.98 -0.000511892
14.99 -0.0005209
15 -0.000526629
15.01 -0.000529908
15.02 -0.000532003
15.03 -0.000534033
15.04 -0.000536423
15.05 -0.000538718
15.06 -0.000539851
15.07 -0.0005387
15.08 -0.000534639
15.09 -0.00052777
15.1 -0.00051876
15.11 -0.000508409
15.12 -0.000497226
15.13 -0.00048524
15.14 -0.000472109
15.15 -0.000457418
15.16 -0.000440932
15.17 -0.000422708
15.18 -0.000403074
15.19 -0.000382548
15.2 -0.000361719
15.21 -0.000341087
15.22 -0.000320856
15.23 -0.000300773
15.24 -0.000280129
15.25 -0.000257972
15.26 -0.000233526
15.27 -0.000206601
15.28 -0.000177779
15.29 -0.00014822
15.3 -0.000119122
15.31 -9.11232e-05
15.32 -6.39563e-05
15.33 -3.65746e-05
15.34 -7.68122e-06
15.35 2.36017e-05
15.36 5.72536e-05
15.37 9.22959e-05
15.38 0.000127176
15.39 0.000160397
15.4 0.0001911
15.41 0.000219315
15.42 0.00024583
15.43 0.000271742
15.44 0.00029793
15.45 0.000324663
15.46 0.000351483
15.47 0.000377371
15.48 0.000401081
15.49 0.000421515
15.5 0.000438025
15.51 0.000450625
15.52 0.000460084
15.53 0.000467799
15.54 0.000475405
15.55 0.000484183
15.56 0.000494549
15.57 0.000505899
15.58 0.000516896
15.59 0.00052606
15.6 0.000532362
15.61 0.000535574
15.62 0.000536276
15.63 0.000535552
15.64 0.000534527
15.65 0.000533926
15.66 0.000533833
15.67 0.000533705
15.68 0.000532621
15.69 0.000529615
15.7 0.000524016
15.71 0.000515673
15.72 0.000505019
15.73 0.000492921
15.74 0.000480347
15.75 0.000467985
15.76 0.000455961
15.77 0.000443795
15.78 0.000430571
15.79 0.00041524
15.8 0.000396923
15.81 0.00037515
15.82 0.000350021
15.83 0.000322234
15.84 0.000292916
15.85 0.000263253
15.86 0.000234029
15.87 0.000205298
15.88 0.000176417
15.89 0.000146416
15.9 0.000114501
15.91 8.03843e-05
15.92 4.43066e-05
15.93 6.81641e-06
15.94 -3.14943e-05
15.95 -7.01508e-05
15.96 -0.000108826
15.97 -0.000147284
15.98 -0.000185305
15.99 -0.00022263
16 -0.00025898
16.01 -0.000294141
16.02 -0.00032805
16.03 -0.000360801
16.04 -0.000392543
16.05 -0.000423296
16.06 -0.000452777
16.07 -0.000480342
16.08 -0.000505069
16.09 -0.000526008
16.1 -0.000542555
16.11 -0.000554786
16.12 -0.000563566
16.13 -0.000570301
16.14 -0.000576415
16.15 -0.000582786
16.16 -0.000589428
16.17 -0.00059557
16.18 -0.000600109
16.19 -0.000602174
16.2 -0.000601516
16.21 -0.000598524
16.22 -0.000593931
16.23 -0.000588433
16.24 -0.000582495
16.25 -0.000576374
16.26 -0.000570238
16.27 -0.000564218
16.28 -0.000558357
16.29 -0.000552558
16.3 -0.000546606
16.31 -0.000540259
16.32 -0.0005333
16.33 -0.00052552
16.34 -0.000516686
16.35 -0.000506586
16.36 -0.000495155
16.37 -0.00048257
16.38 -0.000469187
16.39 -0.000455313
16.4 -0.000440962
16.41 -0.000425776
16.42 -0.000409167
16.43 -0.000390618
16.44 -0.000369931
16.45 -0.000347295
16.46 -0.000323138
16.47 -0.000297872
16.48 -0.000271703
16.49 -0.00024459
16.5 -0.000216369
16.51 -0.000186897
16.52 -0.000156128
16.53 -0.000124054
16.54 -9.06226e-05
16.55 -5.57165e-05
16.56 -1.92624e-05
16.57 1.86275e-05
16.58 5.76176e-05
16.59 9.72742e-05
16.6 0.000137267
16.61 0.000177485
16.62 0.000217969
16.63 0.000258706
16.64 0.00029946
16.65 0.000339743
16.66 0.000378958
16.67 0.00041659
16.68 0.000452311
16.69 0.000485941
16.7 0.000517312
16.71 0.000546163
16.72 0.00057216
16.73 0.000595042
16.74 0.000614777
16.75 0.000631604
16.76 0.000645952
16.77 0.000658275
16.78 0.000668928
16.79 0.000678088
16.8 0.000685745
16.81 0.000691694
16.82 0.000695564
16.83 0.000696878
16.84 0.000695207
16.85 0.000690352
16.86 0.000682514
16.87 0.000672292
16.88 0.000660482
16.89 0.000647746
16.9 0.000634315
16.91 0.00061992
16.92 0.000603966
16.93 0.000585822
16.94 0.000565064
16.95 0.000541565
16.96 0.000515491
16.97 0.000487275
16.98 0.000457598
16.99 0.000427314
17 0.000397246
17.01 0.000367874
17.02 0.000339086
17.03 0.000310131
17.04 0.000279852
17.05 0.00024712
17.06 0.000211291
17.07 0.000172496
17.08 0.000131617
17.09 8.9948e-05
17.1 4.8693e-05
17.11 8.53059e-06
17.12 -3.05547e-05
17.13 -6.91293e-05
17.14 -0.000107968
17.15 -0.00014769
17.16 -0.000188502
17.17 -0.000230119
17.18 -0.000271826
17.19 -0.000312644
17.2 -0.000351532
17.21 -0.000387571
17.22 -0.000420115
17.23 -0.00044886
17.24 -0.000473834
17.25 -0.000495306
17.26 -0.000513626
17.27 -0.00052909
17.28 -0.00054188
17.29 -0.000552105
17.3 -0.00055985
17.31 -0.000565196
17.32 -0.000568193
17.33 -0.000568845
17.34 -0.000567146
17.35 -0.000563143
17.36 -0.000556962
17.37 -0.000548774
17.38 -0.000538725
17.39 -0.000526895
17.4 -0.000513304
17.41 -0.000497961
17.42 -0.00048094
17.43 -0.000462424
17.44 -0.00044269
17.45 -0.000422027
17.46 -0.000400604
17.47 -0.000378364
17.48 -0.00035501
17.49 -0.000330129
17.5 -0.000303406
17.51 -0.000274855
17.52 -0.000244924
17.53 -0.000214394
17.54 -0.00018407
17.55 -0.000154402
17.56 -0.00012524
17.57 -9.58871e-05
17.58 -6.54451e-05
17.59 -3.32898e-05
17.6 5.77467e-07
17.61 3.54777e-05
17.62 7.03184e-05
17.63 0.000104024
17.64 0.000135916
17.65 0.000165873
17.66 0.000194229
17.67 0.0002215
17.68 0.000248082
17.69 0.000274073
17.7 0.000299268
17.71 0.000323268
17.72 0.000345608
17.73 0.000365837
17.74 0.000383567
17.75 0.000398564
17.76 0.000410855
17.77 0.000420767
17.78 0.000428785
17.79 0.000435279
17.8 0.000440271
17.81 0.000443432
17.82 0.000444316
17.83 0.000442672
17.84 0.000438595
17.85 0.000432438
17.86 0.00042455
17.87 0.000415065
17.88 0.000403864
17.89 0.000390719
17.9 0.000375487
17.91 0.000358228
17.92 0.000339206
17.93 0.000318795
17.94 0.000297363
17.95 0.000275174
17.96 0.000252351
17.97 0.000228893
17.98 0.000204754
17.99 0.00017992
18 0.000154447
18.01 0.000128437
18.02 0.000101982
18.03 7.51368e-05
18.04 4.79639e-05
18.05 2.06159e-05
18.06 -6.60966e-06
18.07 -3.33108e-05
18.08 -5.912e-05
18.09 -8.38554e-05
18.1 -0.000107568
18.11 -0.000130418
18.12 -0.000152423
18.13 -0.000173239
18.14 -0.000192134
18.15 -0.000208203
18.16 -0.000220763
18.17 -0.000229691
18.18 -0.000235524
18.19 -0.00023926
18.2 -0.000241951
18.21 -0.000244294
18.22 -0.00024641
18.23 -0.000247859
18.24 -0.000247875
18.25 -0.000245717
18.26 -0.000241004
18.27 -0.00023395
18.28 -0.000225385
18.29 -0.000216544
18.3 -0.000208663
18.31 -0.000202531
18.32 -0.00019822
18.33 -0.000195142
18.34 -0.000192408
18.35 -0.000189298
18.36 -0.000185572
18.37 -0.000181484
18.38 -0.000177519
18.39 -0.000174072
18.4 -0.000171259
18.41 -0.000168973
18.42 -0.000167104
18.43 -0.000165719
18.44 -0.000165044
18.45 -0.000165253
18.46 -0.000166224
18.47 -0.000167469
18.48 -0.000168293
18.49 -0.000168072
18.5 -0.000166466
18.51 -0.000163435
18.52 -0.000159111
18.53 -0.000153633
18.54 -0.000147031
18.55 -0.000139192
18.56 -0.000129891
18.57 -0.00011884
18.58 -0.000105759
18.59 -9.04494e-05
18.6 -7.28501e-05
18.61 -5.30704e-05
18.62 -3.13834e-05
18.63 -8.18836e-06
18.64 1.60424e-05
18.65 4.0836e-05
18.66 6.58215e-05
18.67 9.08503e-05
18.68 0.000116078
18.69 0.00014191
18.7 0.000168747
18.71 0.000196631
18.72 0.000224968
18.73 0.000252534
18.74 0.000277809
18.75 0.000299482
18.76 0.000316889
18.77 0.000330155
18.78 0.00034
18.79 0.00034731
18.8 0.000352719
18.81 0.000356334
18.82 0.000357731
18.83 0.000356187
18.84 0.000351086
18.85 0.00034232
18.86 0.000330474
18.87 0.000316667
18.88 0.000302127
18.89 0.000287729
18.9 0.000273732
18.91 0.000259822
18.92 0.000245386
18.93 0.000229838
18.94 0.000212885
18.95 0.000194629
18.96 0.000175506
18.97 0.000156098
18.98 0.000136884
18.99 0.000118075
19 9.95974e-05
19.01 8.12634e-05
19.02 6.30095e-05
19.03 4.5058e-05
19.04 2.78678e-05
19.05 1.18909e-05
19.06 -2.71184e-06
19.07 -1.61979e-05
19.08 -2.91107e-05
19.09 -4.19637e-05
19.1 -5.49426e-05
19.11 -6.78211e-05
19.12 -8.01475e-05
19.13 -9.157e-05
19.14 -0.000102081
19.15 -0.000112037
19.16 -0.000121971
19.17 -0.000132353
19.18 -0.000143448
19.19 -0.00015533
19.2 -0.000168
19.21 -0.00018148
19.22 -0.000195838
19.23 -0.000211123
19.24 -0.000227325
19.25 -0.000244399
19.26 -0.00026233
19.27 -0.000281174
19.28 -0.000301016
19.29 -0.000321861
19.3 -0.000343558
19.31 -0.00036579
19.32 -0.000388137
19.33 -0.000410148
19.34 -0.000431407
19.35 -0.000451571
19.36 -0.000470372
19.37 -0.000487586
19.38 -0.000502958
19.39 -0.000516126
19.4 -0.000526609
19.41 -0.000533884
19.42 -0.000537537
19.43 -0.000537416
19.44 -0.00053368
19.45 -0.000526725
19.46 -0.000517037
19.47 -0.000505032
19.48 -0.000490954
19.49 -0.000474852
19.5 -0.000456642
19.51 -0.000436212
19.52 -0.00041352
19.53 -0.000388616
19.54 -0.000361595
19.55 -0.000332543
19.56 -0.000301552
19.57 -0.000268818
19.58 -0.000234718
19.59 -0.000199768
19.6 -0.000164475
19.61 -0.000129144
19.62 -9.37624e-05
19.63 -5.8004e-05
19.64 -2.1358e-05
19.65 1.66767e-05
19.66 5.638e-05
19.67 9.76345e-05
19.68 0.000139839
19.69 0.000181967
19.7 0.000222782
19.71 0.00026117
19.72 0.000296459
19.73 0.000328566
19.74 0.000357911
19.75 0.000385133
19.76 0.000410781
19.77 0.000435121
19.78 0.000458102
19.79 0.000479439
19.8 0.000498733
19.81 0.000515601
19.82 0.000529791
19.83 0.000541288
19.84 0.000550382
19.85 0.000557662
19.86 0.000563893
19.87 0.000569812
19.88 0.000575895
19.89 0.000582217
19.9 0.000588449
19.91 0.000594007
19.92 0.00059826
19.93 0.000600708
19.94 0.000601088
19.95 0.000599384
19.96 0.000595774
19.97 0.000590535
19.98 0.000583941
19.99 0.000576181
20 0.000567343
20.01 0.00055744
20.02 0.000546445
20.03 0.000534296
20.04 0.000520884
20.05 0.000506044
20.06 0.000489583
20.07 0.000471332
20.08 0.000451201
20.09 0.000429233
20.1 0.000405646
20.11 0.000380846
20.12 0.000355354
20.13 0.000329643
20.14 0.000303942
20.15 0.000278106
20.16 0.000251637
20.17 0.000223865
20.18 0.000194215
20.19 0.000162443
20.2 0.000128731
20.21 9.36149e-05
20.22 5.7779e-05
20.23 2.18305e-05
20.24 -1.38684e-05
20.25 -4.92545e-05
20.26 -8.45087e-05
20.27 -0.000119923
20.28 -0.000155735
20.29 -0.000191992
20.3 -0.000228477
20.31 -0.00026475
20.32 -0.000300264
20.33 -0.000334505
20.34 -0.000367087
20.35 -0.000397763
20.36 -0.000426386
20.37 -0.00045286
20.38 -0.000477138
20.39 -0.000499242
20.4 -0.000519273
20.41 -0.000537384
20.42 -0.000553717
20.43 -0.000568339
20.44 -0.000581217
20.45 -0.000592271
20.46 -0.000601472
20.47 -0.000608903
20.48 -0.000614739
20.49 -0.000619136
20.5 -0.00062209
20.51 -0.000623385
20.52 -0.000622695
20.53 -0.000619802
20.54 -0.000614797
20.55 -0.000608124
20.56 -0.000600394
20.57 -0.000592075
20.58 -0.000583216
20.59 -0.000573388
20.6 -0.000561856
20.61 -0.000547931
20.62 -0.000531295
20.63 -0.000512162
20.64 -0.000491175
20.65 -0.00046909
20.66 -0.0004464
20.67 -0.000423097
20.68 -0.000398697
20.69 -0.000372518
20.7 -0.000344042
20.71 -0.000313178
20.72 -0.000280259
20.73 -0.000245826
20.74 -0.000210346
20.75 -0.000174019
20.76 -0.000136741
20.77 -9.82146e-05
20.78 -5.81307e-05
20.79 -1.63526e-05
20.8 2.69793e-05
20.81 7.14866e-05
20.82 0.000116735
20.83 0.000162447
20.84 0.000208595
20.85 0.000255283
20.86 0.000302499
20.87 0.0003499
20.88 0.000396774
20.89 0.000442198
20.9 0.000485293
20.91 0.000525412
20.92 0.000562187
20.93 0.000595439
20.94 0.000625057
20.95 0.000650924
20.96 0.000672929
20.97 0.000691022
20.98 0.000705271
20.99 0.000715874
21 0.000723113
21.01 0.000727268
21.02 0.000728573
21.03 0.000727182
21.04 0.000723177
21.05 0.000716572
21.06 0.000707354
21.07 0.000695559
21.08 0.000681356
21.09 0.000665069
21.1 0.000647098
21.11 0.000627764
21.12 0.000607189
21.13 0.000585273
21.14 0.000561777
21.15 0.000536451
21.16 0.000509164
21.17 0.000479959
21.18 0.000449002
21.19 0.000416436
21.2 0.000382237
21.21 0.000346193
21.22 0.000308031
21.23 0.000267611
21.24 0.000225067
21.25 0.0001808
21.26 0.00013534
21.27 8.91305e-05
21.28 4.23402e-05
21.29 -5.2135e-06
21.3 -5.39929e-05
21.31 -0.000104519
21.32 -0.000157079
21.33 -0.000211468
21.34 -0.00026689
21.35 -0.000322066
21.36 -0.000375556
21.37 -0.000426149
21.38 -0.000473149
21.39 -0.000516437
21.4 -0.000556262
21.41 -0.000592904
21.42 -0.000626375
21.43 -0.0006563
21.44 -0.00068203
21.45 -0.000702913
21.46 -0.000718579
21.47 -0.000729146
21.48 -0.000735249
21.49 -0.000737916
21.5 -0.000738298
21.51 -0.000737362
21.52 -0.00073562
21.53 -0.00073303
21.54 -0.000729079
21.55 -0.000723031
21.56 -0.000714227
21.57 -0.000702323
21.58 -0.000687404
21.59 -0.000669949
21.6 -0.000650668
21.61 -0.000630271
21.62 -0.000609246
21.63 -0.000587709
21.64 -0.000565391
21.65 -0.000541766
21.66 -0.000516261
21.67 -0.000488457
21.68 -0.000458223
21.69 -0.000425736
21.7 -0.000391422
21.71 -0.000355841
21.72 -0.000319524
21.73 -0.000282808
21.74 -0.000245712
21.75 -0.000207934
21.76 -0.000169002
21.77 -0.000128511
21.78 -8.63299e-05
21.79 -4.26846e-05
21.8 1.91916e-06
21.81 4.68827e-05
21.82 9.17069e-05
21.83 0.000136104
21.84 0.000179986
21.85 0.000223362
21.86 0.000266187
21.87 0.000308226
21.88 0.000348954
21.89 0.000387532
21.9 0.000422923
21.91 0.000454127
21.92 0.000480484
21.93 0.000501905
21.94 0.000518892
21.95 0.000532319
21.96 0.00054306
21.97 0.00055163
21.98 0.000558019
21.99 0.00056179
22 0.000562417
22.01 0.000559675
22.02 0.000553902
22.03 0.000545976
22.04 0.000537044
22.05 0.00052813
22.06 0.000519793
22.07 0.000511994
22.08 0.000504187
22.09 0.0004956
22.1 0.000485561
22.11 0.000473772
22.12 0.000460418
22.13 0.000446093
22.14 0.000431571
22.15 0.00041751
22.16 0.000404205
22.17 0.000391488
22.18 0.00037881
22.19 0.000365471
22.2 0.000350888
22.21 0.000334811
22.22 0.000317404
22.23 0.000299179
22.24 0.00028081
22.25 0.000262895
22.26 0.000245731
22.27 0.000229187
22.28 0.000212725
22.29 0.000195595
22.3 0.000177143
22.31 0.000157089
22.32 0.000135642
22.33 0.000113371
22.34 9.09312e-05
22.35 6.87951e-05
22.36 4.71062e-05
22.37 2.56862e-05
22.38 4.14955e-06
22.39 -1.79395e-05
22.4 -4.09163e-05
22.41 -6.49036e-05
22.42 -8.97662e-05
22.43 -0.000115146
22.44 -0.000140564
22.45 -0.000165557
22.46 -0.000189806
22.47 -0.000213204
22.48 -0.000235832
22.49 -0.000257865
22.5 -0.000279441
22.51 -0.000300542
22.52 -0.00032093
22.53 -0.000340163
22.54 -0.000357697
22.55 -0.000373063
22.56 -0.00038604
22.57 -0.000396732
22.58 -0.000405474
22.59 -0.00041262
22.6 -0.000418349
22.61 -0.000422609
22.62 -0.000425231
22.63 -0.000426107
22.64 -0.000425333
22.65 -0.000423227
22.66 -0.000420226
22.67 -0.000416697
22.68 -0.000412766
22.69 -0.000408228
22.7 -0.000402625
22.71 -0.00039545
22.72 -0.000386393
22.73 -0.00037549
22.74 -0.000363127
22.75 -0.00034989
22.76 -0.000336348
22.77 -0.000322848
22.78 -0.000309403
22.79 -0.000295709
22.8 -0.000281289
22.81 -0.000265738
22.82 -0.00024894
22.83 -0.000231161
22.84 -0.000212935
22.85 -0.000194783
22.86 -0.000176939
22.87 -0.000159246
22.88 -0.000141291
22.89 -0.000122671
22.9 -0.000103229
22.91 -8.31232e-05
22.92 -6.27382e-05
22.93 -4.25276e-05
22.94 -2.28724e-05
22.95 -3.98959e-06
22.96 1.41145e-05
22.97 3.16372e-05
22.98 4.88945e-05
22.99 6.61542e-05
23 8.34421e-05
23.01 0.000100437
23.02 0.000116548
23.03 0.000131149
23.04 0.000143851
23.05 0.000154643
23.06 0.000163847
23.07 0.000171931
23.08 0.000179293
23.09 0.00018613
23.1 0.000192404
23.11 0.0001979
23.12 0.000202323
23.13 0.000205411
23.14 0.000207023
23.15 0.000207182
23.16 0.000206082
23.17 0.000204024
23.18 0.000201309
23.19 0.000198122
23.2 0.00019447
23.21 0.000190228
23.22 0.00018528
23.23 0.000179652
23.24 0.000173574
23.25 0.000167393
23.26 0.000161415
23.27 0.000155746
23.28 0.000150239
23.29 0.000144569
23.3 0.000138398
23.31 0.000131548
23.32 0.000124128
23.33 0.000116533
23.34 0.000109309
23.35 0.00010293
23.36 9.7585e-05
23.37 9.3104e-05
23.38 8.9024e-05
23.39 8.47579e-05
23.4 7.97713e-05
23.41 7.37138e-05
23.42 6.64966e-05
23.43 5.83175e-05
23.44 4.96231e-05
23.45 4.09902e-05
23.46 3.2939e-05
23.47 2.5735e-05
23.48 1.92653e-05
23.49 1.30652e-05
23.5 6.49882e-06
23.51 -9.90088e-07
23.52 -9.68454e-06
23.53 -1.95302e-05
23.54 -3.01842e-05
23.55 -4.1125e-05
23.56 -5.17912e-05
23.57 -6.17391e-05
23.58 -7.07934e-05
23.59 -7.91156e-05
23.6 -8.71141e-05
23.61 -9.51986e-05
23.62 -0.000103488
23.63 -0.000111648
23.64 -0.000118964
23.65 -0.000124637
23.66 -0.000128109
23.67 -0.000129259
23.68 -0.000128367
23.69 -0.000125905
23.7 -0.000122292
23.71 -0.000117729
23.72 -0.000112152
23.73 -0.000105305
23.74 -9.68735e-05
23.75 -8.6616e-05
23.76 -7.44506e-05
23.77 -6.04679e-05
23.78 -4.49062e-05
23.79 -2.81145e-05
23.8 -1.05115e-05
23.81 7.48294e-06
23.82 2.55502e-05
23.83 4.35648e-05
23.84 6.1605e-05
23.85 7.98503e-05
23.86 9.84161e-05
23.87 0.000117216
23.88 0.000135927
23.89 0.000154065
23.9 0.000171127
23.91 0.000186717
23.92 0.000200601
23.93 0.000212693
23.94 0.000222974
23.95 0.000231428
23.96 0.000238017
23.97 0.000242693
23.98 0.00024543
23.99 0.000246236
24 0.000245163
24.01 0.000242335
24.02 0.000237983
24.03 0.000232461
24.04 0.000226184
24.05 0.000219488
24.06 0.00021248
24.07 0.000204965
24.08 0.000196543
24.09 0.000186834
24.1 0.000175714
24.11 0.000163432
24.12 0.000150555
24.13 0.000137773
24.14 0.000125674
24.15 0.000114571
24.16 0.000104439
24.17 9.49684e-05
24.18 8.57269e-05
24.19 7.63616e-05
24.2 6.67688e-05
24.21 5.71693e-05
24.22 4.80555e-05
24.23 4.00197e-05
24.24 3.35114e-05
24.25 2.86227e-05
24.26 2.50102e-05
24.27 2.20168e-05
24.28 1.89639e-05
24.29 1.54811e-05
24.3 1.17052e-05
24.31 8.2231e-06
24.32 5.75935e-06
24.33 4.75313e-06
24.34 5.04631e-06
24.35 5.86307e-06
24.36 6.10823e-06
24.37 4.83222e-06
24.38 1.61975e-06
24.39 -3.2896e-06
24.4 -9.18796e-06
24.41 -1.52799e-05
24.42 -2.10678e-05
24.43 -2.65718e-05
24.44 -3.23013e-05
24.45 -3.90097e-05
24.46 -4.73462e-05
24.47 -5.75631e-05
24.48 -6.94015e-05
24.49 -8.2204e-05
24.5 -9.51966e-05
24.51 -0.000107809
24.52 -0.000119882
24.53 -0.00013168
24.54 -0.000143693
24.55 -0.000156352
24.56 -0.000169774
24.57 -0.000183661
24.58 -0.000197409
24.59 -0.000210345
24.6 -0.000221985
24.61 -0.000232164
24.62 -0.00024099
24.63 -0.000248688
24.64 -0.00025543
24.65 -0.000261233
24.66 -0.00026593
24.67 -0.000269183
24.68 -0.000270547
24.69 -0.00026959
24.7 -0.000266043
24.71 -0.000259923
24.72 -0.000251547
24.73 -0.000241428
24.74 -0.000230097
24.75 -0.00021795
24.76 -0.000205173
24.77 -0.000191747
24.78 -0.000177525
24.79 -0.000162322
24.8 -0.000146008
24.81 -0.000128577
24.82 -0.000110195
24.83 -9.1221e-05
24.84 -7.21596e-05
24.85 -5.3554e-05
24.86 -3.58273e-05
24.87 -1.91576e-05
24.88 -3.46682e-06
24.89 1.14591e-05
24.9 2.57865e-05
24.91 3.94951e-05
24.92 5.23597e-05
24.93 6.40402e-05
24.94 7.42089e-05
24.95 8.26418e-05
24.96 8.92507e-05
24.97 9.40746e-05
24.98 9.7254e-05
24.99 9.89987e-05
25 9.95423e-05
25.01 9.90804e-05
25.02 9.77058e-05
25.03 9.53787e-05
25.04 9.19648e-05
25.05 8.73392e-05
25.06 8.15041e-05
25.07 7.46579e-05
25.08 6.71748e-05
25.09 5.94998e-05
25.1 5.20012e-05
25.11 4.48631e-05
25.12 3.80814e-05
25.13 3.15672e-05
25.14 2.52871e-05
25.15 1.935e-05
25.16 1.39921e-05
25.17 9.48457e-06
25.18 6.03002e-06
25.19 3.70673e-06
25.2 2.47973e-06
25.21 2.26231e-06
25.22 2.9913e-06
25.23 4.66712e-06
25.24 7.32559e-06
25.25 1.09585e-05
25.26 1.54407e-05
25.27 2.05168e-05
25.28 2.58536e-05
25.29 3.11196e-05
25.3 3.6043e-05
25.31 4.04344e-05
25.32 4.41922e-05
25.33 4.73075e-05
25.34 4.98638e-05
25.35 5.19916e-05
25.36 5.37613e-05
25.37 5.50578e-05
25.38 5.55312e-05
25.39 5.46865e-05
25.4 5.20872e-05
25.41 4.75643e-05
25.42 4.13108e-05
25.43 3.38045e-05
25.44 2.55892e-05
25.45 1.70349e-05
25.46 8.20216e-06
25.47 -1.12294e-06
25.48 -1.12566e-05
25.49 -2.24058e-05
25.5 -3.45188e-05
25.51 -4.72628e-05
25.52 -6.01328e-05
25.53 -7.26336e-05
25.54 -8.44386e-05
25.55 -9.54464e-05
25.56 -0.000105712
25.57 -0.000115291
25.58 -0.000124086
25.59 -0.000131781
25.6 -0.000137911
25.61 -0.000142048
25.62 -0.00014399
25.63 -0.000143839
25.64 -0.000141901
25.65 -0.000138481
25.66 -0.00013372
25.67 -0.000127555
25.68 -0.000119806
25.69 -0.000110292
25.7 -9.89101e-05
25.71 -8.56703e-05
25.72 -7.07197e-05
25.73 -5.4355e-05
25.74 -3.7e-05
25.75 -1.91165e-05
25.76 -1.06858e-06
25.77 1.69884e-05
25.78 3.5118e-05
25.79 5.34879e-05
25.8 7.21874e-05
25.81 9.10769e-05
25.82 0.000109754
25.83 0.000127654
25.84 0.000144214
25.85 0.00015904
25.86 0.000171981
25.87 0.000183107
25.88 0.0001926
25.89 0.00020061
25.9 0.000207139
25.91 0.00021201
25.92 0.000214948
25.93 0.000215741
25.94 0.000214366
25.95 0.000211022
25.96 0.000206038
25.97 0.000199731
25.98 0.000192272
25.99 0.000183644
26 0.000173702
26.01 0.00016232
26.02 0.000149543
26.03 0.000135665
26.04 0.000121182
26.05 0.000106636
26.06 9.24254e-05
26.07 7.86829e-05
26.08 6.52741e-05
26.09 5.19264e-05
26.1 3.84151e-05
26.11 2.47275e-05
26.12 1.11379e-05
26.13 -1.83279e-06
26.14 -1.35583e-05
26.15 -2.34949e-05
26.16 -3.13416e-05
26.17 -3.71099e-05
26.18 -4.10793e-05
26.19 -4.36631e-05
26.2 -4.5243e-05
26.21 -4.6029e-05
26.22 -4.59877e-05
26.23 -4.48721e-05
26.24 -4.23556e-05
26.25 -3.82179e-05
26.26 -3.24871e-05
26.27 -2.54643e-05
26.28 -1.76295e-05
26.29 -9.48296e-06
26.3 -1.39804e-06
26.31 6.45889e-06
26.32 1.4118e-05
26.33 2.17146e-05
26.34 2.93557e-05
26.35 3.7e-05
26.36 4.44021e-05
26.37 5.11436e-05
26.38 5.67368e-05
26.39 6.07573e-05
26.4 6.2957e-05
26.41 6.33142e-05
26.42 6.20047e-05
26.43 5.93047e-05
26.44 5.54613e-05
26.45 5.05853e-05
26.46 4.46135e-05
26.47 3.73583e-05
26.48 2.86225e-05
26.49 1.83295e-05
26.5 6.61394e-06
26.51 -6.17758e-06
26.52 -1.95896e-05
26.53 -3.32242e-05
26.54 -4.68817e-05
26.55 -6.0588e-05
26.56 -7.44818e-05
26.57 -8.86267e-05
26.58 -0.000102865
26.59 -0.000116795
26.6 -0.000129886
26.61 -0.000141643
26.62 -0.000151756
26.63 -0.000160144
26.64 -0.000166907
26.65 -0.000172214
26.66 -0.000176182
26.67 -0.000178798
26.68 -0.000179894
26.69 -0.000179221
26.7 -0.000176576
26.71 -0.000171956
26.72 -0.000165636
26.73 -0.000158103
26.74 -0.000149858
26.75 -0.000141193
26.76 -0.000132063
26.77 -0.00012214
26.78 -0.000110995
26.79 -9.8339e-05
26.8 -8.41888e-05
26.81 -6.89112e-05
26.82 -5.31085e-05
26.83 -3.74102e-05
26.84 -2.22638e-05
26.85 -7.82604e-06
26.86 6.00166e-06
26.87 1.9427e-05
26.88 3.25991e-05
26.89 4.54981e-05
26.9 5.79144e-05
26.91 6.95051e-05
26.92 7.98949e-05
26.93 8.87889e-05
26.94 9.6062e-05
26.95 0.000101796
26.96 0.000106239
26.97 0.00010971
26.98 0.000112476
26.99 0.000114661
27 0.000116227
27.01 0.000117011
27.02 0.000116805
27.03 0.000115445
27.04 0.000112887
27.05 0.000109242
27.06 0.000104777
27.07 9.98621e-05
27.08 9.48674e-05
27.09 9.00541e-05
27.1 8.55104e-05
27.11 8.1167e-05
27.12 7.6881e-05
27.13 7.25415e-05
27.14 6.81457e-05
27.15 6.382e-05
27.16 5.97837e-05
27.17 5.62729e-05
27.18 5.34526e-05
27.19 5.13516e-05
27.2 4.98563e-05
27.21 4.87731e-05
27.22 4.79344e-05
27.23 4.72979e-05
27.24 4.69875e-05
27.25 4.72351e-05
27.26 4.82322e-05
27.27 4.99693e-05
27.28 5.21712e-05
27.29 5.43892e-05
27.3 5.6208e-05
27.31 5.74382e-05
27.32 5.81721e-05
27.33 5.86734e-05
27.34 5.918e-05
27.35 5.97452e-05
27.36 6.02018e-05
27.37 6.02477e-05
27.38 5.95816e-05
27.39 5.8007e-05
27.4 5.54605e-05
27.41 5.1975e-05
27.42 4.76231e-05
27.43 4.24746e-05
27.44 3.65755e-05
27.45 2.99362e-05
27.46 2.25172e-05
27.47 1.42291e-05
27.48 4.96762e-06
27.49 -5.31694e-06
27.5 -1.65541e-05
27.51 -2.85371e-05
27.52 -4.09746e-05
27.53 -5.35855e-05
27.54 -6.61872e-05
27.55 -7.87288e-05
27.56 -9.12499e-05
27.57 -0.000103791
27.58 -0.000116303
27.59 -0.000128606
27.6 -0.000140413
27.61 -0.000151393
27.62 -0.000161263
27.63 -0.000169857
27.64 -0.000177157
27.65 -0.000183267
27.66 -0.000188362
27.67 -0.000192613
27.68 -0.000196121
27.69 -0.000198876
27.7 -0.000200743
27.71 -0.000201487
27.72 -0.000200859
27.73 -0.000198695
27.74 -0.000195015
27.75 -0.000190047
27.76 -0.000184155
27.77 -0.000177701
27.78 -0.000170885
27.79 -0.000163655
27.8 -0.000155764
27.81 -0.000146945
27.82 -0.000137112
27.83 -0.000126459
27.84 -0.000115402
27.85 -0.000104398
27.86 -9.37617e-05
27.87 -8.35781e-05
27.88 -7.37595e-05
27.89 -6.41757e-05
27.9 -5.47657e-05
27.91 -4.55635e-05
27.92 -3.66514e-05
27.93 -2.81097e-05
27.94 -2.00204e-05
27.95 -1.25015e-05
27.96 -5.70334e-06
27.97 2.59254e-07
27.98 5.38593e-06
27.99 9.79932e-06
28 1.366e-05
28.01 1.70565e-05
28.02 1.99661e-05
28.03 2.2315e-05
28.04 2.40731e-05
28.05 2.53039e-05
28.06 2.61432e-05
28.07 2.67386e-05
28.08 2.72003e-05
28.09 2.75883e-05
28.1 2.79318e-05
28.11 2.827e-05
28.12 2.86995e-05
28.13 2.94049e-05
28.14 3.0634e-05
28.15 3.26178e-05
28.16 3.54719e-05
28.17 3.91422e-05
28.18 4.34321e-05
28.19 4.81107e-05
28.2 5.30568e-05
28.21 5.8364e-05
28.22 6.43426e-05
28.23 7.1396e-05
28.24 7.98195e-05
28.25 8.96323e-05
28.26 0.000100545
28.27 0.000112079
28.28 0.000123747
28.29 0.000135202
28.3 0.000146282
28.31 0.000156992
28.32 0.00016745
28.33 0.000177819
28.34 0.00018822
28.35 0.000198623
28.36 0.000208749
28.37 0.000218081
28.38 0.000226
28.39 0.00023201
28.4 0.000235916
28.41 0.000237859
28.42 0.000238179
28.43 0.000237212
28.44 0.000235126
28.45 0.000231886
28.46 0.000227323
28.47 0.000221252
28.48 0.000213566
28.49 0.000204301
28.5 0.000193633
28.51 0.000181832
28.52 0.00016917
28.53 0.000155834
28.54 0.000141884
28.55 0.000127273
28.56 0.000111919
28.57 9.57857e-05
28.58 7.89524e-05
28.59 6.16283e-05
28.6 4.41042e-05
28.61 2.66539e-05
28.62 9.43795e-06
28.63 -7.53105e-06
28.64 -2.43362e-05
28.65 -4.1045e-05
28.66 -5.7602e-05
28.67 -7.37864e-05
28.68 -8.92586e-05
28.69 -0.000103676
28.7 -0.000116827
28.71 -0.000128717
28.72 -0.000139561
28.73 -0.000149687
28.74 -0.000159406
28.75 -0.000168906
28.76 -0.000178218
28.77 -0.00018725
28.78 -0.000195839
28.79 -0.000203824
28.8 -0.000211103
28.81 -0.000217695
28.82 -0.000223772
28.83 -0.000229607
28.84 -0.00023546
28.85 -0.000241452
28.86 -0.000247504
28.87 -0.000253396
28.88 -0.000258918
28.89 -0.000263989
28.9 -0.000268658
28.91 -0.000272991
28.92 -0.000276948
28.93 -0.000280356
28.94 -0.000282984
28.95 -0.000284656
28.96 -0.000285301
28.97 -0.000284937
28.98 -0.000283608
28.99 -0.000281318
29 -0.000277993
29.01 -0.000273475
29.02 -0.000267568
29.03 -0.00026011
29.04 -0.00025102
29.05 -0.000240297
29.06 -0.000227991
29.07 -0.00021416
29.08 -0.000198851
29.09 -0.000182086
29.1 -0.000163897
29.11 -0.000144379
29.12 -0.00012372
29.13 -0.000102173
29.14 -7.99638e-05
29.15 -5.71882e-05
29.16 -3.37859e-05
29.17 -9.60272e-06
29.18 1.54845e-05
29.19 4.14523e-05
29.2 6.80834e-05
29.21 9.5005e-05
29.22 0.000121784
29.23 0.000148028
29.24 0.000173451
29.25 0.000197877
29.26 0.00022121
29.27 0.000243377
29.28 0.000264275
29.29 0.000283739
29.3 0.000301536
29.31 0.000317381
29.32 0.000330986
29.33 0.000342125
29.34 0.000350709
29.35 0.000356835
29.36 0.000360788
29.37 0.000362973
29.38 0.000363792
29.39 0.000363518
29.4 0.000362221
29.41 0.000359784
29.42 0.000356035
29.43 0.000350902
29.44 0.000344516
29.45 0.000337185
29.46 0.000329266
29.47 0.00032102
29.48 0.000312521
29.49 0.000303674
29.5 0.000294294
29.51 0.000284201
29.52 0.000273306
29.53 0.000261648
29.54 0.000249401
29.55 0.000236808
29.56 0.000224077
29.57 0.000211293
29.58 0.00019838
29.59 0.000185159
29.6 0.000171444
29.61 0.000157128
29.62 0.000142212
29.63 0.000126786
29.64 0.00011097
29.65 9.48402e-05
29.66 7.83845e-05
29.67 6.14994e-05
29.68 4.40313e-05
29.69 2.58491e-05
29.7 6.91458e-06
29.71 -1.2685e-05
29.72 -3.27692e-05
29.73 -5.31502e-05
29.74 -7.37206e-05
29.75 -9.44951e-05
29.76 -0.000115586
29.77 -0.000137131
29.78 -0.000159214
29.79 -0.000181794
29.8 -0.000204672
29.81 -0.000227503
29.82 -0.000249867
29.83 -0.000271377
29.84 -0.000291768
29.85 -0.000310931
29.86 -0.000328873
29.87 -0.000345631
29.88 -0.000361177
29.89 -0.000375355
29.9 -0.000387892
29.91 -0.000398467
29.92 -0.000406826
29.93 -0.000412856
29.94 -0.00041661
29.95 -0.000418252
29.96 -0.000417987
29.97 -0.000415975
29.98 -0.000412284
29.99 -0.000406899
30 -0.00039976
30.01 -0.000390835
30.02 -0.000380175
30.03 -0.000367943
30.04 -0.000354381
30.05 -0.000339741
30.06 -0.000324188
30.07 -0.000307743
30.08 -0.000290288
30.09 -0.000271659
30.1 -0.000251761
30.11 -0.000230644
30.12 -0.000208501
30.13 -0.0001856
30.14 -0.000162201
30.15 -0.000138493
30.16 -0.000114579
30.17 -9.04893e-05
30.18 -6.62184e-05
30.19 -4.1761e-05
30.2 -1.71367e-05
30.21 7.59752e-06
30.22 3.23424e-05
30.23 5.69551e-05
30.24 8.12556e-05
30.25 0.000105046
30.26 0.000128138
30.27 0.000150379
30.28 0.000171662
30.29 0.000191925
30.3 0.000211128
30.31 0.00022924
30.32 0.000246229
30.33 0.00026207
30.34 0.000276751
30.35 0.000290269
30.36 0.000302612
30.37 0.000313756
30.38 0.000323662
30.39 0.000332301
30.4 0.000339671
30.41 0.000345805
30.42 0.000350761
30.43 0.00035461
30.44 0.000357426
30.45 0.000359271
30.46 0.000360184
30.47 0.000360173
30.48 0.000359219
30.49 0.000357297
30.5 0.000354388
30.51 0.000350495
30.52 0.000345642
30.53 0.000339865
30.54 0.000333198
30.55 0.000325663
30.56 0.000317267
30.57 0.000308003
30.58 0.000297854
30.59 0.000286797
30.6 0.000274826
30.61 0.00026196
30.62 0.000248243
30.63 0.000233736
30.64 0.000218492
30.65 0.000202546
30.66 0.000185905
30.67 0.000168557
30.68 0.00015049
30.69 0.000131702
30.7 0.000112217
30.71 9.20865e-05
30.72 7.13902e-05
30.73 5.02253e-05
30.74 2.86933e-05
30.75 6.8852e-06
30.76 -1.51268e-05
30.77 -3.72861e-05
30.78 -5.95393e-05
30.79 -8.18195e-05
30.8 -0.000104033
30.81 -0.000126056
30.82 -0.000147735
30.83 -0.000168904
30.84 -0.000189398
30.85 -0.000209065
30.86 -0.000227776
30.87 -0.000245422
30.88 -0.000261909
30.89 -0.000277147
30.9 -0.000291048
30.91 -0.000303527
30.92 -0.000314518
30.93 -0.000323981
30.94 -0.000331907
30.95 -0.000338321
30.96 -0.000343265
30.97 -0.000346787
30.98 -0.000348929
30.99 -0.000349733
31 -0.000349238
31.01 -0.000347492
31.02 -0.000344551
31.03 -0.000340477
31.04 -0.00033533
31.05 -0.00032917
31.06 -0.000322054
31.07 -0.000314038
31.08 -0.000305169
31.09 -0.000295492
31.1 -0.000285045
31.11 -0.00027386
31.12 -0.00026197
31.13 -0.000249409
31.14 -0.000236222
31.15 -0.000222453
31.16 -0.000208151
31.17 -0.000193355
31.18 -0.000178097
31.19 -0.000162405
31.2 -0.000146303
31.21 -0.000129823
31.22 -0.000113003
31.23 -9.58856e-05
31.24 -7.85181e-05
31.25 -6.0944e-05
31.26 -4.32017e-05
31.27 -2.53259e-05
31.28 -7.34997e-06
31.29 1.06893e-05
31.3 2.87482e-05
31.31 4.67749e-05
31.32 6.47105e-05
31.33 8.24918e-05
31.34 0.000100055
31.35 0.000117339
31.36 0.000134285
31.37 0.000150835
31.38 0.00016693
31.39 0.000182509
31.4 0.000197503
31.41 0.000211842
31.42 0.000225451
31.43 0.00023826
31.44 0.0002502
31.45 0.000261212
31.46 0.000271247
31.47 0.00028026
31.48 0.000288218
31.49 0.000295091
31.5 0.000300856
31.51 0.000305496
31.52 0.000309001
31.53 0.000311368
31.54 0.000312603
31.55 0.000312717
31.56 0.000311727
31.57 0.000309655
31.58 0.000306524
31.59 0.00030236
31.6 0.000297187
31.61 0.000291033
31.62 0.000283924
31.63 0.000275893
31.64 0.000266971
31.65 0.000257194
31.66 0.000246596
31.67 0.000235215
31.68 0.000223086
31.69 0.000210245
31.7 0.000196728
31.71 0.000182575
31.72 0.000167825
31.73 0.000152521
31.74 0.00013671
31.75 0.000120439
31.76 0.000103758
31.77 8.672e-05
31.78 6.93784e-05
31.79 5.17891e-05
31.8 3.40099e-05
31.81 1.61013e-05
31.82 -1.87338e-06
31.83 -1.98482e-05
31.84 -3.77549e-05
31.85 -5.55231e-05
31.86 -7.30814e-05
31.87 -9.03576e-05
31.88 -0.000107279
31.89 -0.000123774
31.9 -0.000139771
31.91 -0.0001552
31.92 -0.000169993
31.93 -0.000184086
31.94 -0.00019742
31.95 -0.00020994
31.96 -0.000221598
31.97 -0.000232353
31.98 -0.000242172
31.99 -0.000251027
32 -0.000258898
32.01 -0.000265772
32.02 -0.000271639
32.03 -0.000276496
32.04 -0.000280348
32.05 -0.000283205
32.06 -0.000285084
32.07 -0.000286003
32.08 -0.000285981
32.09 -0.000285036
32.1 -0.000283188
32.11 -0.000280458
32.12 -0.000276868
32.13 -0.000272443
32.14 -0.000267208
32.15 -0.000261188
32.16 -0.000254409
32.17 -0.000246894
32.18 -0.000238668
32.19 -0.000229752
32.2 -0.000220172
32.21 -0.000209949
32.22 -0.000199109
32.23 -0.000187678
32.24 -0.000175685
32.25 -0.000163157
32.26 -0.000150124
32.27 -0.000136618
32.28 -0.000122668
32.29 -0.000108307
32.3 -9.35701e-05
32.31 -7.84939e-05
32.32 -6.31183e-05
32.33 -4.74856e-05
32.34 -3.16407e-05
32.35 -1.56313e-05
32.36 4.92643e-07
32.37 1.66784e-05
32.38 3.28705e-05
32.39 4.90108e-05
32.4 6.50381e-05
32.41 8.08885e-05
32.42 9.64958e-05
32.43 0.000111792
32.44 0.000126708
32.45 0.000141175
32.46 0.000155125
32.47 0.000168489
32.48 0.000181205
32.49 0.000193208
32.5 0.000204443
32.51 0.000214857
32.52 0.000224401
32.53 0.000233038
32.54 0.000240733
32.55 0.000247461
32.56 0.000253206
32.57 0.000257957
32.58 0.000261711
32.59 0.000264471
32.6 0.000266245
32.61 0.000267046
32.62 0.000266891
32.63 0.000265799
32.64 0.000263795
32.65 0.000260904
32.66 0.000257151
32.67 0.000252566
32.68 0.000247176
32.69 0.000241012
32.7 0.000234103
32.71 0.00022648
32.72 0.000218174
32.73 0.000209216
32.74 0.000199638
32.75 0.000189472
32.76 0.000178753
32.77 0.000167512
32.78 0.000155784
32.79 0.000143603
32.8 0.000131004
32.81 0.000118022
32.82 0.000104695
32.83 9.1058e-05
32.84 7.71506e-05
32.85 6.30118e-05
32.86 4.8682e-05
32.87 3.42029e-05
32.88 1.96172e-05
32.89 4.96889e-06
32.9 -9.69672e-06
32.91 -2.43332e-05
32.92 -3.8893e-05
32.93 -5.33274e-05
32.94 -6.75867e-05
32.95 -8.16207e-05
32.96 -9.53782e-05
32.97 -0.000108808
32.98 -0.000121859
32.99 -0.00013448
33 -0.000146621
33.01 -0.000158233
33.02 -0.000169269
33.03 -0.000179684
33.04 -0.000189436
33.05 -0.000198487
33.06 -0.000206802
33.07 -0.00021435
33.08 -0.000221104
33.09 -0.000227044
33.1 -0.000232153
33.11 -0.000236418
33.12 -0.00023983
33.13 -0.000242388
33.14 -0.00024409
33.15 -0.00024494
33.16 -0.000244947
33.17 -0.000244119
33.18 -0.000242471
33.19 -0.000240015
33.2 -0.00023677
33.21 -0.000232753
33.22 -0.000227985
33.23 -0.000222487
33.24 -0.000216281
33.25 -0.00020939
33.26 -0.000201841
33.27 -0.000193657
33.28 -0.000184866
33.29 -0.000175496
33.3 -0.000165575
33.31 -0.000155135
33.32 -0.000144205
33.33 -0.000132819
33.34 -0.000121011
33.35 -0.000108814
33.36 -9.62667e-05
33.37 -8.34057e-05
33.38 -7.02704e-05
33.39 -5.69014e-05
33.4 -4.33409e-05
33.41 -2.96326e-05
33.42 -1.58216e-05
33.43 -1.95437e-06
33.44 1.19211e-05
33.45 2.57556e-05
33.46 3.9499e-05
33.47 5.31002e-05
33.48 6.65074e-05
33.49 7.96686e-05
33.5 9.25319e-05
33.51 0.000105045
33.52 0.000117159
33.53 0.000128822
33.54 0.000139987
33.55 0.00015061
33.56 0.000160646
33.57 0.000170057
33.58 0.000178806
33.59 0.000186862
33.6 0.000194197
33.61 0.000200788
33.62 0.000206616
33.63 0.000211667
33.64 0.000215932
33.65 0.000219404
33.66 0.000222083
33.67 0.000223971
33.68 0.000225072
33.69 0.000225396
33.7 0.000224953
33.71 0.000223755
33.72 0.000221819
33.73 0.00021916
33.74 0.000215797
33.75 0.000211747
33.76 0.000207032
33.77 0.000201672
33.78 0.000195688
33.79 0.000189104
33.8 0.000181941
33.81 0.000174225
33.82 0.00016598
33.83 0.00015723
33.84 0.000148002
33.85 0.000138323
33.86 0.00012822
33.87 0.000117721
33.88 0.000106856
33.89 9.56555e-05
33.9 8.41504e-05
33.91 7.23732e-05
33.92 6.03576e-05
33.93 4.81385e-05
33.94 3.5752e-05
33.95 2.32358e-05
33.96 1.06286e-05
33.97 -2.02945e-06
33.98 -1.46969e-05
33.99 -2.73311e-05
34 -3.98883e-05
34.01 -5.23238e-05
34.02 -6.45919e-05
34.03 -7.66465e-05
34.04 -8.84411e-05
34.05 -9.9929e-05
34.06 -0.000111064
34.07 -0.000121801
34.08 -0.000132094
34.09 -0.000141902
34.1 -0.000151183
34.11 -0.000159899
34.12 -0.000168014
34.13 -0.000175496
34.14 -0.000182316
34.15 -0.00018845
34.16 -0.000193876
34.17 -0.000198578
34.18 -0.000202544
34.19 -0.000205764
34.2 -0.000208235
34.21 -0.000209955
34.22 -0.000210927
34.23 -0.000211156
34.24 -0.000210651
34.25 -0.000209423
34.26 -0.000207485
34.27 -0.000204851
34.28 -0.00020154
34.29 -0.000197569
34.3 -0.000192958
34.31 -0.000187729
34.32 -0.000181904
34.33 -0.000175505
34.34 -0.000168558
34.35 -0.000161087
34.36 -0.000153119
34.37 -0.00014468
34.38 -0.000135798
34.39 -0.000126503
34.4 -0.000116822
34.41 -0.000106787
34.42 -9.64276e-05
34.43 -8.57764e-05
34.44 -7.48658e-05
34.45 -6.37291e-05
34.46 -5.24006e-05
34.47 -4.09153e-05
34.48 -2.93091e-05
34.49 -1.76187e-05
34.5 -5.88156e-06
34.51 5.86407e-06
34.52 1.75794e-05
34.53 2.92249e-05
34.54 4.07608e-05
34.55 5.2147e-05
34.56 6.3343e-05
34.57 7.43086e-05
34.58 8.50037e-05
34.59 9.53887e-05
34.6 0.000105425
34.61 0.000115074
34.62 0.0001243
34.63 0.000133068
34.64 0.000141344
34.65 0.000149099
34.66 0.000156302
34.67 0.00016293
34.68 0.000168958
34.69 0.000174367
34.7 0.000179141
34.71 0.000183265
34.72 0.000186729
34.73 0.000189526
34.74 0.000191652
34.75 0.000193105
34.76 0.000193886
34.77 0.000193998
34.78 0.000193448
34.79 0.000192243
34.8 0.000190393
34.81 0.00018791
34.82 0.000184808
34.83 0.0001811
34.84 0.000176803
34.85 0.000171934
34.86 0.000166512
34.87 0.000160557
34.88 0.000154088
34.89 0.000147129
34.9 0.000139702
34.91 0.000131831
34.92 0.000123541
34.93 0.000114858
34.94 0.000105808
34.95 9.64193e-05
34.96 8.67214e-05
34.97 7.67437e-05
34.98 6.65174e-05
34.99 5.60743e-05
35 4.54474e-05
35.01 3.46706e-05
35.02 2.3779e-05
35.03 1.28083e-05
35.04 1.7953e-06
35.05 -9.22251e-06
35.06 -2.02069e-05
35.07 -3.11192e-05
35.08 -4.19202e-05
35.09 -5.25704e-05
35.1 -6.30303e-05
35.11 -7.32607e-05
35.12 -8.32225e-05
35.13 -9.28775e-05
35.14 -0.000102188
35.15 -0.000111119
35.16 -0.000119635
35.17 -0.000127703
35.18 -0.000135293
35.19 -0.000142376
35.2 -0.000148927
35.21 -0.000154923
35.22 -0.000160343
35.23 -0.000165172
35.24 -0.000169394
35.25 -0.000173
35.26 -0.00017598
35.27 -0.000178331
35.28 -0.00018005
35.29 -0.000181139
35.3 -0.000181598
35.31 -0.000181435
35.32 -0.000180656
35.33 -0.000179271
35.34 -0.00017729
35.35 -0.000174726
35.36 -0.000171593
35.37 -0.000167906
35.38 -0.000163681
35.39 -0.000158937
35.4 -0.000153691
35.41 -0.000147963
35.42 -0.000141774
35.43 -0.000135143
35.44 -0.000128095
35.45 -0.000120651
35.46 -0.000112834
35.47 -0.00010467
35.48 -9.61841e-05
35.49 -8.7401e-05
35.5 -7.83481e-05
35.51 -6.90528e-05
35.52 -5.95434e-05
35.53 -4.98489e-05
35.54 -3.99992e-05
35.55 -3.0025e-05
35.56 -1.99576e-05
35.57 -9.82932e-06
35.58 3.2714e-07
35.59 1.04782e-05
35.6 2.05899e-05
35.61 3.06277e-05
35.62 4.05567e-05
35.63 5.03417e-05
35.64 5.99477e-05
35.65 6.93395e-05
35.66 7.84823e-05
35.67 8.73418e-05
35.68 9.58846e-05
35.69 0.000104078
35.7 0.000111891
35.71 0.000119292
35.72 0.000126256
35.73 0.000132754
35.74 0.000138763
35.75 0.000144262
35.76 0.00014923
35.77 0.000153652
35.78 0.000157513
35.79 0.000160803
35.8 0.000163512
35.81 0.000165634
35.82 0.000167167
35.83 0.000168109
35.84 0.000168463
35.85 0.00016823
35.86 0.000167418
35.87 0.000166034
35.88 0.000164087
35.89 0.000161588
35.9 0.000158551
35.91 0.000154989
35.92 0.000150918
35.93 0.000146354
35.94 0.000141315
35.95 0.00013582
35.96 0.00012989
35.97 0.000123544
35.98 0.000116805
35.99 0.000109696
36 0.000102241
36.01 9.44624e-05
36.02 8.63872e-05
36.03 7.80409e-05
36.04 6.94503e-05
36.05 6.0643e-05
36.06 5.1647e-05
36.07 4.24913e-05
36.08 3.32055e-05
36.09 2.38197e-05
36.1 1.43646e-05
36.11 4.87141e-06
36.12 -4.62818e-06
36.13 -1.41021e-05
36.14 -2.35181e-05
36.15 -3.28437e-05
36.16 -4.20464e-05
36.17 -5.10937e-05
36.18 -5.99535e-05
36.19 -6.85938e-05
36.2 -7.69835e-05
36.21 -8.50921e-05
36.22 -9.289e-05
36.23 -0.000100349
36.24 -0.000107441
36.25 -0.000114141
36.26 -0.000120426
36.27 -0.000126272
36.28 -0.00013166
36.29 -0.000136572
36.3 -0.000140991
36.31 -0.000144905
36.32 -0.000148302
36.33 -0.000151172
36.34 -0.000153509
36.35 -0.000155309
36.36 -0.000156568
36.37 -0.000157287
36.38 -0.000157467
36.39 -0.000157111
36.4 -0.000156225
36.41 -0.000154815
36.42 -0.00015289
36.43 -0.00015046
36.44 -0.000147536
36.45 -0.000144129
36.46 -0.000140255
36.47 -0.000135928
36.48 -0.000131164
36.49 -0.00012598
36.5 -0.000120393
36.51 -0.000114423
36.52 -0.000108089
36.53 -0.000101413
36.54 -9.4415e-05
36.55 -8.71186e-05
36.56 -7.95467e-05
36.57 -7.17233e-05
36.58 -6.36735e-05
36.59 -5.54227e-05
36.6 -4.69975e-05
36.61 -3.8425e-05
36.62 -2.97329e-05
36.63 -2.09498e-05
36.64 -1.21047e-05
36.65 -3.22721e-06
36.66 5.65257e-06
36.67 1.45042e-05
36.68 2.32969e-05
36.69 3.19999e-05
36.7 4.05821e-05
36.71 4.90126e-05
36.72 5.72609e-05
36.73 6.52968e-05
36.74 7.30905e-05
36.75 8.06133e-05
36.76 8.78372e-05
36.77 9.47353e-05
36.78 0.000101282
36.79 0.000107454
36.8 0.000113229
36.81 0.000118585
36.82 0.000123505
36.83 0.000127971
36.84 0.000131971
36.85 0.00013549
36.86 0.000138519
36.87 0.000141051
36.88 0.000143079
36.89 0.000144601
36.9 0.000145613
36.91 0.000146118
36.92 0.000146116
36.93 0.000145612
36.94 0.000144612
36.95 0.000143123
36.96 0.000141154
36.97 0.000138715
36.98 0.000135817
36.99 0.000132473
37 0.000128696
37.01 0.000124501
37.02 0.000119905
37.03 0.000114923
37.04 0.000109574
37.05 0.000103875
37.06 9.78471e-05
37.07 9.15088e-05
37.08 8.48813e-05
37.09 7.79862e-05
37.1 7.08456e-05
37.11 6.34823e-05
37.12 5.59199e-05
37.13 4.81825e-05
37.14 4.02948e-05
37.15 3.2282e-05
37.16 2.41701e-05
37.17 1.59854e-05
37.18 7.75464e-06
37.19 -4.95014e-07
37.2 -8.73602e-06
37.21 -1.69406e-05
37.22 -2.50808e-05
37.23 -3.31286e-05
37.24 -4.1056e-05
37.25 -4.88351e-05
37.26 -5.64383e-05
37.27 -6.38383e-05
37.28 -7.10086e-05
37.29 -7.79232e-05
37.3 -8.45568e-05
37.31 -9.08855e-05
37.32 -9.68863e-05
37.33 -0.000102537
37.34 -0.000107819
37.35 -0.000112712
37.36 -0.000117199
37.37 -0.000121266
37.38 -0.000124899
37.39 -0.000128087
37.4 -0.000130819
37.41 -0.000133089
37.42 -0.000134891
37.43 -0.000136221
37.44 -0.000137076
37.45 -0.000137458
37.46 -0.000137367
37.47 -0.000136807
37.48 -0.000135782
37.49 -0.000134299
37.5 -0.000132367
37.51 -0.000129993
37.52 -0.000127188
37.53 -0.000123964
37.54 -0.000120335
37.55 -0.000116313
37.56 -0.000111914
37.57 -0.000107154
37.58 -0.000102049
37.59 -9.66176e-05
37.6 -9.08783e-05
37.61 -8.48504e-05
37.62 -7.85542e-05
37.63 -7.20105e-05
37.64 -6.52409e-05
37.65 -5.82678e-05
37.66 -5.11141e-05
37.67 -4.38033e-05
37.68 -3.63595e-05
37.69 -2.88073e-05
37.7 -2.11717e-05
37.71 -1.34781e-05
37.72 -5.75238e-06
37.73 1.97941e-06
37.74 9.69099e-06
37.75 1.7356e-05
37.76 2.49479e-05
37.77 3.24403e-05
37.78 3.98072e-05
37.79 4.70224e-05
37.8 5.40607e-05
37.81 6.08968e-05
37.82 6.75066e-05
37.83 7.38665e-05
37.84 7.99539e-05
37.85 8.57472e-05
37.86 9.1226e-05
37.87 9.63713e-05
37.88 0.000101165
37.89 0.000105592
37.9 0.000109636
37.91 0.000113286
37.92 0.000116529
37.93 0.000119355
37.94 0.000121758
37.95 0.00012373
37.96 0.000125268
37.97 0.000126368
37.98 0.00012703
37.99 0.000127253
38 0.000127039
38.01 0.000126392
38.02 0.000125317
38.03 0.00012382
38.04 0.000121907
38.05 0.000119588
38.06 0.000116873
38.07 0.000113771
38.08 0.000110296
38.09 0.00010646
38.1 0.000102276
38.11 9.77593e-05
38.12 9.29259e-05
38.13 8.77919e-05
38.14 8.23745e-05
38.15 7.66918e-05
38.16 7.07624e-05
38.17 6.46058e-05
38.18 5.8242e-05
38.19 5.1692e-05
38.2 4.4977e-05
38.21 3.8119e-05
38.22 3.11405e-05
38.23 2.40645e-05
38.24 1.69145e-05
38.25 9.71443e-06
38.26 2.48841e-06
38.27 -4.73901e-06
38.28 -1.19431e-05
38.29 -1.90991e-05
38.3 -2.61821e-05
38.31 -3.31673e-05
38.32 -4.003e-05
38.33 -4.67459e-05
38.34 -5.3291e-05
38.35 -5.96418e-05
38.36 -6.57755e-05
38.37 -7.16701e-05
38.38 -7.73043e-05
38.39 -8.2658e-05
38.4 -8.77122e-05
38.41 -9.24491e-05
38.42 -9.68521e-05
38.43 -0.000100906
38.44 -0.000104598
38.45 -0.000107916
38.46 -0.000110848
38.47 -0.000113387
38.48 -0.000115526
38.49 -0.000117258
38.5 -0.000118579
38.51 -0.000119489
38.52 -0.000119985
38.53 -0.000120069
38.54 -0.000119743
38.55 -0.00011901
38.56 -0.000117875
38.57 -0.000116346
38.58 -0.000114428
38.59 -0.000112131
38.6 -0.000109464
38.61 -0.000106439
38.62 -0.000103066
38.63 -9.93596e-05
38.64 -9.53321e-05
38.65 -9.09984e-05
38.66 -8.63735e-05
38.67 -8.14736e-05
38.68 -7.63153e-05
38.69 -7.09161e-05
38.7 -6.5294e-05
38.71 -5.94676e-05
38.72 -5.34562e-05
38.73 -4.72796e-05
38.74 -4.09581e-05
38.75 -3.45124e-05
38.76 -2.79639e-05
38.77 -2.13341e-05
38.78 -1.46449e-05
38.79 -7.91868e-06
38.8 -1.17784e-06
38.81 5.55494e-06
38.82 1.22569e-05
38.83 1.89051e-05
38.84 2.54769e-05
38.85 3.19496e-05
38.86 3.83008e-05
38.87 4.45083e-05
38.88 5.05504e-05
38.89 5.64059e-05
38.9 6.20542e-05
38.91 6.74754e-05
38.92 7.26504e-05
38.93 7.75612e-05
38.94 8.21905e-05
38.95 8.65224e-05
38.96 9.0542e-05
38.97 9.42358e-05
38.98 9.75914e-05
38.99 0.000100598
39 0.000103246
39.01 0.000105528
39.02 0.000107437
39.03 0.000108968
39.04 0.000110116
39.05 0.000110881
39.06 0.000111261
39.07 0.000111256
39.08 0.000110869
39.09 0.000110102
39.1 0.000108961
39.11 0.00010745
39.12 0.000105577
39.13 0.00010335
39.14 0.000100777
39.15 9.78684e-05
39.16 9.46354e-05
39.17 9.10898e-05
39.18 8.72444e-05
39.19 8.3113e-05
39.2 7.87099e-05
39.21 7.40503e-05
39.22 6.91504e-05
39.23 6.40266e-05
39.24 5.86964e-05
39.25 5.31776e-05
39.26 4.74888e-05
39.27 4.16491e-05
39.28 3.56779e-05
39.29 2.95953e-05
39.3 2.34217e-05
39.31 1.71778e-05
39.32 1.08848e-05
39.33 4.564e-06
39.34 -1.76315e-06
39.35 -8.075e-06
39.36 -1.43499e-05
39.37 -2.05661e-05
39.38 -2.67022e-05
39.39 -3.27368e-05
39.4 -3.86488e-05
39.41 -4.44176e-05
39.42 -5.0023e-05
39.43 -5.54454e-05
39.44 -6.06656e-05
39.45 -6.56656e-05
39.46 -7.0428e-05
39.47 -7.49362e-05
39.48 -7.91748e-05
39.49 -8.31295e-05
39.5 -8.67871e-05
39.51 -9.01355e-05
39.52 -9.3164e-05
39.53 -9.58631e-05
39.54 -9.82247e-05
39.55 -0.000100242
39.56 -0.000101909
39.57 -0.000103223
39.58 -0.000104179
39.59 -0.000104778
39.6 -0.000105017
39.61 -0.000104899
39.62 -0.000104426
39.63 -0.0001036
39.64 -0.000102428
39.65 -0.000100913
39.66 -9.90627e-05
39.67 -9.68851e-05
39.68 -9.43884e-05
39.69 -9.15824e-05
39.7 -8.84774e-05
39.71 -8.50846e-05
39.72 -8.14162e-05
39.73 -7.7485e-05
39.74 -7.33047e-05
39.75 -6.88894e-05
39.76 -6.42541e-05
39.77 -5.94145e-05
39.78 -5.43867e-05
39.79 -4.91875e-05
39.8 -4.38342e-05
39.81 -3.83446e-05
39.82 -3.27369e-05
39.83 -2.70298e-05
39.84 -2.12423e-05
39.85 -1.53939e-05
39.86 -9.50408e-06
39.87 -3.59289e-06
39.88 2.31969e-06
39.89 8.21347e-06
39.9 1.40683e-05
39.91 1.98639e-05
39.92 2.55804e-05
39.93 3.11977e-05
39.94 3.66964e-05
39.95 4.20571e-05
39.96 4.7261e-05
39.97 5.229e-05
39.98 5.71262e-05
39.99 6.17528e-05
40 6.61537e-05
40.01 7.03134e-05
40.02 7.42177e-05
40.03 7.78532e-05
40.04 8.12077e-05
40.05 8.42699e-05
40.06 8.70301e-05
40.07 8.94793e-05
40.08 9.16102e-05
40.09 9.34163e-05
40.1 9.48927e-05
40.11 9.60357e-05
40.12 9.68428e-05
40.13 9.73126e-05
40.14 9.74452e-05
40.15 9.72417e-05
40.16 9.67043e-05
40.17 9.58366e-05
40.18 9.4643e-05
40.19 9.31291e-05
40.2 9.13015e-05
40.21 8.91676e-05
40.22 8.6736e-05
40.23 8.4016e-05
40.24 8.10178e-05
40.25 7.77525e-05
40.26 7.42317e-05
40.27 7.0468e-05
40.28 6.64746e-05
40.29 6.22653e-05
40.3 5.78546e-05
40.31 5.32575e-05
40.32 4.84896e-05
40.33 4.35671e-05
40.34 3.85064e-05
40.35 3.33246e-05
40.36 2.80391e-05
40.37 2.26676e-05
40.38 1.72281e-05
40.39 1.17389e-05
40.4 6.21859e-06
40.41 6.85742e-07
40.42 -4.84088e-06
40.43 -1.03425e-05
40.44 -1.58003e-05
40.45 -2.11957e-05
40.46 -2.65101e-05
40.47 -3.17253e-05
40.48 -3.68232e-05
40.49 -4.17863e-05
40.5 -4.65974e-05
40.51 -5.12399e-05
40.52 -5.56977e-05
40.53 -5.99556e-05
40.54 -6.39988e-05
40.55 -6.78137e-05
40.56 -7.13872e-05
40.57 -7.47074e-05
40.58 -7.77633e-05
40.59 -8.05449e-05
40.6 -8.30432e-05
40.61 -8.52504e-05
40.62 -8.71597e-05
40.63 -8.87657e-05
40.64 -9.00637e-05
40.65 -9.10506e-05
40.66 -9.1724e-05
40.67 -9.2083e-05
40.68 -9.21275e-05
40.69 -9.18587e-05
40.7 -9.12788e-05
40.71 -9.03909e-05
40.72 -8.91994e-05
40.73 -8.77094e-05
40.74 -8.59271e-05
40.75 -8.38595e-05
40.76 -8.15146e-05
40.77 -7.89012e-05
40.78 -7.60289e-05
40.79 -7.2908e-05
40.8 -6.95497e-05
40.81 -6.59657e-05
40.82 -6.21687e-05
40.83 -5.81716e-05
40.84 -5.39883e-05
40.85 -4.9633e-05
40.86 -4.51205e-05
40.87 -4.04663e-05
40.88 -3.56859e-05
40.89 -3.07958e-05
40.9 -2.58123e-05
40.91 -2.07523e-05
40.92 -1.56332e-05
40.93 -1.04722e-05
40.94 -5.28684e-06
40.95 -9.49568e-08
40.96 5.08574e-06
40.97 1.02375e-05
40.98 1.53425e-05
40.99 2.03832e-05
41 2.53422e-05
41.01 3.02024e-05
41.02 3.49469e-05
41.03 3.95592e-05
41.04 4.40234e-05
41.05 4.83241e-05
41.06 5.24465e-05
41.07 5.63764e-05
41.08 6.01004e-05
41.09 6.36059e-05
41.1 6.68811e-05
41.11 6.99152e-05
41.12 7.26982e-05
41.13 7.52212e-05
41.14 7.74762e-05
41.15 7.94562e-05
41.16 8.11555e-05
41.17 8.25693e-05
41.18 8.36936e-05
41.19 8.4526e-05
41.2 8.50646e-05
41.21 8.53089e-05
41.22 8.52594e-05
41.23 8.49173e-05
41.24 8.42852e-05
41.25 8.33664e-05
41.26 8.21652e-05
41.27 8.06866e-05
41.28 7.89369e-05
41.29 7.69228e-05
41.3 7.4652e-05
41.31 7.2133e-05
41.32 6.9375e-05
41.33 6.63879e-05
41.34 6.31822e-05
41.35 5.97693e-05
41.36 5.61608e-05
41.37 5.23693e-05
41.38 4.84076e-05
41.39 4.42893e-05
41.4 4.00284e-05
41.41 3.56391e-05
41.42 3.11364e-05
41.43 2.65353e-05
41.44 2.18515e-05
41.45 1.71006e-05
41.46 1.22989e-05
41.47 7.46238e-06
41.48 2.60762e-06
41.49 -2.24894e-06
41.5 -7.09072e-06
41.51 -1.19012e-05
41.52 -1.66638e-05
41.53 -2.13623e-05
41.54 -2.59804e-05
41.55 -3.05022e-05
41.56 -3.49121e-05
41.57 -3.91948e-05
41.58 -4.33356e-05
41.59 -4.73202e-05
41.6 -5.11347e-05
41.61 -5.47662e-05
41.62 -5.82021e-05
41.63 -6.14309e-05
41.64 -6.44417e-05
41.65 -6.72243e-05
41.66 -6.97697e-05
41.67 -7.20695e-05
41.68 -7.41165e-05
41.69 -7.59043e-05
41.7 -7.74275e-05
41.71 -7.86817e-05
41.72 -7.96635e-05
41.73 -8.03705e-05
41.74 -8.08014e-05
41.75 -8.09556e-05
41.76 -8.08338e-05
41.77 -8.04375e-05
41.78 -7.9769e-05
41.79 -7.88317e-05
41.8 -7.76299e-05
41.81 -7.61686e-05
41.82 -7.44537e-05
41.83 -7.2492e-05
41.84 -7.0291e-05
41.85 -6.78588e-05
41.86 -6.52044e-05
41.87 -6.23373e-05
41.88 -5.92679e-05
41.89 -5.6007e-05
41.9 -5.25659e-05
41.91 -4.89568e-05
41.92 -4.51919e-05
41.93 -4.12843e-05
41.94 -3.72474e-05
41.95 -3.30949e-05
41.96 -2.8841e-05
41.97 -2.45e-05
41.98 -2.00869e-05
41.99 -1.56164e-05
42 -1.11039e-05
42.01 -6.56456e-06
42.02 -2.01392e-06
42.03 2.53256e-06
42.04 7.05939e-06
42.05 1.15511e-05
42.06 1.59925e-05
42.07 2.03682e-05
42.08 2.46633e-05
42.09 2.88632e-05
42.1 3.29534e-05
42.11 3.69199e-05
42.12 4.07493e-05
42.13 4.44285e-05
42.14 4.79449e-05
42.15 5.12866e-05
42.16 5.44425e-05
42.17 5.74019e-05
42.18 6.0155e-05
42.19 6.26929e-05
42.2 6.50071e-05
42.21 6.70904e-05
42.22 6.89362e-05
42.23 7.05389e-05
42.24 7.18936e-05
42.25 7.29965e-05
42.26 7.38447e-05
42.27 7.4436e-05
42.28 7.47695e-05
42.29 7.48447e-05
42.3 7.46624e-05
42.31 7.4224e-05
42.32 7.35321e-05
42.33 7.25896e-05
42.34 7.14008e-05
42.35 6.99704e-05
42.36 6.8304e-05
42.37 6.6408e-05
42.38 6.42895e-05
42.39 6.19562e-05
42.4 5.94165e-05
42.41 5.66795e-05
42.42 5.3755e-05
42.43 5.0653e-05
42.44 4.73845e-05
42.45 4.39608e-05
42.46 4.03937e-05
42.47 3.66954e-05
42.48 3.28785e-05
42.49 2.89563e-05
42.5 2.49419e-05
42.51 2.08492e-05
42.52 1.66921e-05
42.53 1.24848e-05
42.54 8.24162e-06
42.55 3.97712e-06
42.56 -2.94132e-07
42.57 -4.5575e-06
42.58 -8.79837e-06
42.59 -1.30022e-05
42.6 -1.71545e-05
42.61 -2.1241e-05
42.62 -2.52476e-05
42.63 -2.91607e-05
42.64 -3.29667e-05
42.65 -3.66525e-05
42.66 -4.02056e-05
42.67 -4.36138e-05
42.68 -4.68656e-05
42.69 -4.99498e-05
42.7 -5.28562e-05
42.71 -5.55751e-05
42.72 -5.80974e-05
42.73 -6.0415e-05
42.74 -6.25203e-05
42.75 -6.44067e-05
42.76 -6.60683e-05
42.77 -6.75001e-05
42.78 -6.86979e-05
42.79 -6.96585e-05
42.8 -7.03793e-05
42.81 -7.08588e-05
42.82 -7.10962e-05
42.83 -7.10915e-05
42.84 -7.08458e-05
42.85 -7.03606e-05
42.86 -6.96386e-05
42.87 -6.86831e-05
42.88 -6.74981e-05
42.89 -6.60884e-05
42.9 -6.44595e-05
42.91 -6.26177e-05
42.92 -6.05698e-05
42.93 -5.83234e-05
42.94 -5.58865e-05
42.95 -5.32679e-05
42.96 -5.04768e-05
42.97 -4.7523e-05
42.98 -4.44168e-05
42.99 -4.11689e-05
43 -3.77905e-05
43.01 -3.42932e-05
43.02 -3.06888e-05
43.03 -2.69898e-05
43.04 -2.32087e-05
43.05 -1.93584e-05
43.06 -1.54519e-05
43.07 -1.15025e-05
43.08 -7.52363e-06
43.09 -3.52886e-06
43.1 4.68252e-07
43.11 4.45407e-06
43.12 8.41501e-06
43.13 1.23375e-05
43.14 1.62083e-05
43.15 2.0014e-05
43.16 2.37416e-05
43.17 2.73784e-05
43.18 3.0912e-05
43.19 3.43302e-05
43.2 3.76215e-05
43.21 4.07746e-05
43.22 4.37789e-05
43.23 4.66241e-05
43.24 4.93007e-05
43.25 5.17998e-05
43.26 5.41131e-05
43.27 5.6233e-05
43.28 5.81527e-05
43.29 5.9866e-05
43.3 6.13676e-05
43.31 6.26528e-05
43.32 6.37179e-05
43.33 6.45599e-05
43.34 6.51765e-05
43.35 6.55665e-05
43.36 6.5729e-05
43.37 6.56645e-05
43.38 6.53738e-05
43.39 6.48586e-05
43.4 6.41216e-05
43.41 6.31658e-05
43.42 6.19953e-05
43.43 6.06148e-05
43.44 5.90296e-05
43.45 5.72457e-05
43.46 5.52697e-05
43.47 5.31088e-05
43.48 5.0771e-05
43.49 4.82646e-05
43.5 4.55984e-05
43.51 4.27818e-05
43.52 3.98249e-05
43.53 3.67377e-05
43.54 3.35311e-05
43.55 3.02162e-05
43.56 2.68043e-05
43.57 2.33071e-05
43.58 1.97368e-05
43.59 1.61054e-05
43.6 1.24254e-05
43.61 8.70936e-06
43.62 4.97003e-06
43.63 1.22016e-06
43.64 -2.52745e-06
43.65 -6.26001e-06
43.66 -9.96476e-06
43.67 -1.36291e-05
43.68 -1.72404e-05
43.69 -2.07865e-05
43.7 -2.42551e-05
43.71 -2.76347e-05
43.72 -3.09135e-05
43.73 -3.40805e-05
43.74 -3.71251e-05
43.75 -4.00368e-05
43.76 -4.2806e-05
43.77 -4.54234e-05
43.78 -4.78802e-05
43.79 -5.01685e-05
43.8 -5.22806e-05
43.81 -5.42098e-05
43.82 -5.595e-05
43.83 -5.74956e-05
43.84 -5.88419e-05
43.85 -5.99848e-05
43.86 -6.09211e-05
43.87 -6.16481e-05
43.88 -6.21641e-05
43.89 -6.24678e-05
43.9 -6.2559e-05
43.91 -6.24381e-05
43.92 -6.2106e-05
43.93 -6.15646e-05
43.94 -6.08164e-05
43.95 -5.98646e-05
43.96 -5.8713e-05
43.97 -5.73661e-05
43.98 -5.58289e-05
43.99 -5.41074e-05
44 -5.22077e-05
44.01 -5.01367e-05
44.02 -4.79019e-05
44.03 -4.55112e-05
44.04 -4.2973e-05
44.05 -4.02963e-05
44.06 -3.74903e-05
44.07 -3.45648e-05
44.08 -3.15298e-05
44.09 -2.8396e-05
44.1 -2.51739e-05
44.11 -2.18748e-05
44.12 -1.85098e-05
44.13 -1.50906e-05
44.14 -1.16288e-05
44.15 -8.13623e-06
44.16 -4.62492e-06
44.17 -1.10685e-06
44.18 2.40593e-06
44.19 5.9014e-06
44.2 9.3676e-06
44.21 1.27927e-05
44.22 1.61648e-05
44.23 1.94726e-05
44.24 2.27047e-05
44.25 2.58501e-05
44.26 2.88979e-05
44.27 3.1838e-05
44.28 3.46602e-05
44.29 3.73551e-05
44.3 3.99136e-05
44.31 4.23272e-05
44.32 4.45877e-05
44.33 4.66878e-05
44.34 4.86206e-05
44.35 5.03798e-05
44.36 5.19599e-05
44.37 5.33559e-05
44.38 5.45635e-05
44.39 5.55791e-05
44.4 5.63998e-05
44.41 5.70235e-05
44.42 5.74485e-05
44.43 5.76741e-05
44.44 5.77002e-05
44.45 5.75272e-05
44.46 5.71566e-05
44.47 5.65901e-05
44.48 5.58303e-05
44.49 5.48804e-05
44.5 5.37443e-05
44.51 5.24264e-05
44.52 5.09316e-05
44.53 4.92656e-05
44.54 4.74346e-05
44.55 4.5445e-05
44.56 4.33042e-05
44.57 4.10196e-05
44.58 3.85995e-05
44.59 3.60522e-05
44.6 3.33866e-05
44.61 3.06121e-05
44.62 2.77381e-05
44.63 2.47747e-05
44.64 2.17319e-05
44.65 1.86203e-05
44.66 1.54504e-05
44.67 1.22332e-05
44.68 8.9796e-06
44.69 5.70069e-06
44.7 2.40768e-06
44.71 -8.88193e-07
44.72 -4.1757e-06
44.73 -7.44363e-06
44.74 -1.06808e-05
44.75 -1.38763e-05
44.76 -1.70192e-05
44.77 -2.00987e-05
44.78 -2.31044e-05
44.79 -2.60261e-05
44.8 -2.88538e-05
44.81 -3.15781e-05
44.82 -3.41897e-05
44.83 -3.66798e-05
44.84 -3.904e-05
44.85 -4.12626e-05
44.86 -4.334e-05
44.87 -4.52656e-05
44.88 -4.7033e-05
44.89 -4.86364e-05
44.9 -5.00708e-05
44.91 -5.13317e-05
44.92 -5.24152e-05
44.93 -5.3318e-05
44.94 -5.40375e-05
44.95 -5.45719e-05
44.96 -5.49197e-05
44.97 -5.50804e-05
44.98 -5.50539e-05
44.99 -5.48409e-05
45 -5.44427e-05
45.01 -5.38612e-05
45.02 -5.30989e-05
45.03 -5.21589e-05
45.04 -5.1045e-05
45.05 -4.97614e-05
45.06 -4.8313e-05
45.07 -4.67052e-05
45.08 -4.49438e-05
45.09 -4.30352e-05
45.1 -4.09863e-05
45.11 -3.88044e-05
45.12 -3.64972e-05
45.13 -3.40728e-05
45.14 -3.15398e-05
45.15 -2.89069e-05
45.16 -2.61832e-05
45.17 -2.33783e-05
45.18 -2.05018e-05
45.19 -1.75636e-05
45.2 -1.45739e-05
45.21 -1.15428e-05
45.22 -8.48086e-06
45.23 -5.39849e-06
45.24 -2.30626e-06
45.25 7.85253e-07
45.26 3.86548e-06
45.27 6.92391e-06
45.28 9.9501e-06
45.29 1.29337e-05
45.3 1.58647e-05
45.31 1.87329e-05
45.32 2.15288e-05
45.33 2.42428e-05
45.34 2.68657e-05
45.35 2.93888e-05
45.36 3.18035e-05
45.37 3.41018e-05
45.38 3.6276e-05
45.39 3.83189e-05
45.4 4.02238e-05
45.41 4.19846e-05
45.42 4.35954e-05
45.43 4.50512e-05
45.44 4.63474e-05
45.45 4.74799e-05
45.46 4.84454e-05
45.47 4.92409e-05
45.48 4.98643e-05
45.49 5.03139e-05
45.5 5.05887e-05
45.51 5.06882e-05
45.52 5.06127e-05
45.53 5.03629e-05
45.54 4.99401e-05
45.55 4.93463e-05
45.56 4.8584e-05
45.57 4.76563e-05
45.58 4.65668e-05
45.59 4.53196e-05
45.6 4.39194e-05
45.61 4.23713e-05
45.62 4.0681e-05
45.63 3.88544e-05
45.64 3.68982e-05
45.65 3.48192e-05
45.66 3.26248e-05
45.67 3.03227e-05
45.68 2.79208e-05
45.69 2.54275e-05
45.7 2.28515e-05
45.71 2.02017e-05
45.72 1.74871e-05
45.73 1.47172e-05
45.74 1.19014e-05
45.75 9.04944e-06
45.76 6.17106e-06
45.77 3.27612e-06
45.78 3.74556e-07
45.79 -2.52372e-06
45.8 -5.40879e-06
45.81 -8.27079e-06
45.82 -1.10999e-05
45.83 -1.38866e-05
45.84 -1.66213e-05
45.85 -1.92946e-05
45.86 -2.18976e-05
45.87 -2.44213e-05
45.88 -2.68572e-05
45.89 -2.91971e-05
45.9 -3.14332e-05
45.91 -3.35579e-05
45.92 -3.55641e-05
45.93 -3.74452e-05
45.94 -3.9195e-05
45.95 -4.08078e-05
45.96 -4.22784e-05
45.97 -4.36021e-05
45.98 -4.47746e-05
45.99 -4.57925e-05
46 -4.66525e-05
46.01 -4.73522e-05
46.02 -4.78897e-05
46.03 -4.82635e-05
46.04 -4.84729e-05
46.05 -4.85177e-05
46.06 -4.83982e-05
46.07 -4.81152e-05
46.08 -4.76703e-05
46.09 -4.70655e-05
46.1 -4.63032e-05
46.11 -4.53865e-05
46.12 -4.43191e-05
46.13 -4.31049e-05
46.14 -4.17485e-05
46.15 -4.02549e-05
46.16 -3.86295e-05
46.17 -3.68783e-05
46.18 -3.50073e-05
46.19 -3.30234e-05
46.2 -3.09335e-05
46.21 -2.87449e-05
46.22 -2.64652e-05
46.23 -2.41025e-05
46.24 -2.16648e-05
46.25 -1.91607e-05
46.26 -1.65987e-05
46.27 -1.39876e-05
46.28 -1.13365e-05
46.29 -8.65441e-06
46.3 -5.95049e-06
46.31 -3.23401e-06
46.32 -5.14237e-07
46.33 2.19955e-06
46.34 4.8981e-06
46.35 7.57223e-06
46.36 1.02128e-05
46.37 1.2811e-05
46.38 1.53578e-05
46.39 1.78447e-05
46.4 2.02632e-05
46.41 2.26052e-05
46.42 2.48628e-05
46.43 2.70285e-05
46.44 2.90949e-05
46.45 3.10552e-05
46.46 3.29029e-05
46.47 3.46318e-05
46.48 3.62363e-05
46.49 3.77112e-05
46.5 3.90518e-05
46.51 4.02536e-05
46.52 4.1313e-05
46.53 4.22267e-05
46.54 4.29919e-05
46.55 4.36064e-05
46.56 4.40684e-05
46.57 4.43769e-05
46.58 4.45311e-05
46.59 4.45309e-05
46.6 4.43768e-05
46.61 4.40697e-05
46.62 4.36111e-05
46.63 4.3003e-05
46.64 4.22478e-05
46.65 4.13485e-05
46.66 4.03085e-05
46.67 3.91318e-05
46.68 3.78228e-05
46.69 3.63861e-05
46.7 3.4827e-05
46.71 3.31512e-05
46.72 3.13646e-05
46.73 2.94735e-05
46.74 2.74846e-05
46.75 2.54049e-05
46.76 2.32416e-05
46.77 2.10024e-05
46.78 1.8695e-05
46.79 1.63274e-05
46.8 1.39078e-05
46.81 1.14445e-05
46.82 8.94604e-06
46.83 6.42099e-06
46.84 3.87803e-06
46.85 1.32588e-06
46.86 -1.22672e-06
46.87 -3.77103e-06
46.88 -6.29837e-06
46.89 -8.8001e-06
46.9 -1.12677e-05
46.91 -1.36928e-05
46.92 -1.60671e-05
46.93 -1.83827e-05
46.94 -2.06316e-05
46.95 -2.28063e-05
46.96 -2.48995e-05
46.97 -2.69042e-05
46.98 -2.88136e-05
46.99 -3.06215e-05
47 -3.23218e-05
47.01 -3.3909e-05
47.02 -3.53779e-05
47.03 -3.67238e-05
47.04 -3.79423e-05
47.05 -3.90296e-05
47.06 -3.99824e-05
47.07 -4.07977e-05
47.08 -4.1473e-05
47.09 -4.20066e-05
47.1 -4.23968e-05
47.11 -4.26429e-05
47.12 -4.27443e-05
47.13 -4.27012e-05
47.14 -4.2514e-05
47.15 -4.21838e-05
47.16 -4.17122e-05
47.17 -4.11011e-05
47.18 -4.0353e-05
47.19 -3.94708e-05
47.2 -3.84579e-05
47.21 -3.7318e-05
47.22 -3.60554e-05
47.23 -3.46746e-05
47.24 -3.31807e-05
47.25 -3.15789e-05
47.26 -2.98749e-05
47.27 -2.80748e-05
47.28 -2.6185e-05
47.29 -2.42119e-05
47.3 -2.21626e-05
47.31 -2.00441e-05
47.32 -1.78637e-05
47.33 -1.5629e-05
47.34 -1.33478e-05
47.35 -1.10278e-05
47.36 -8.67701e-06
47.37 -6.30354e-06
47.38 -3.91551e-06
47.39 -1.5211e-06
47.4 8.71518e-07
47.41 3.25416e-06
47.42 5.61868e-06
47.43 7.95704e-06
47.44 1.02613e-05
47.45 1.25235e-05
47.46 1.47362e-05
47.47 1.68917e-05
47.48 1.89827e-05
47.49 2.10023e-05
47.5 2.29436e-05
47.51 2.48001e-05
47.52 2.65656e-05
47.53 2.82343e-05
47.54 2.98006e-05
47.55 3.12594e-05
47.56 3.26058e-05
47.57 3.38356e-05
47.58 3.49449e-05
47.59 3.593e-05
47.6 3.6788e-05
47.61 3.75161e-05
47.62 3.81123e-05
47.63 3.85749e-05
47.64 3.89026e-05
47.65 3.90947e-05
47.66 3.91509e-05
47.67 3.90714e-05
47.68 3.88568e-05
47.69 3.85083e-05
47.7 3.80273e-05
47.71 3.74159e-05
47.72 3.66766e-05
47.73 3.58121e-05
47.74 3.48259e-05
47.75 3.37215e-05
47.76 3.25031e-05
47.77 3.11751e-05
47.78 2.97422e-05
47.79 2.82097e-05
47.8 2.65829e-05
47.81 2.48677e-05
47.82 2.30701e-05
47.83 2.11963e-05
47.84 1.9253e-05
47.85 1.72469e-05
47.86 1.51849e-05
47.87 1.30742e-05
47.88 1.09221e-05
47.89 8.73606e-06
47.9 6.52349e-06
47.91 4.29203e-06
47.92 2.04932e-06
47.93 -1.9696e-07
47.94 -2.43915e-06
47.95 -4.66959e-06
47.96 -6.88069e-06
47.97 -9.06493e-06
47.98 -1.12149e-05
47.99 -1.33233e-05
48 -1.5383e-05
48.01 -1.73871e-05
48.02 -1.93288e-05
48.03 -2.12016e-05
48.04 -2.29991e-05
48.05 -2.47155e-05
48.06 -2.6345e-05
48.07 -2.78822e-05
48.08 -2.93221e-05
48.09 -3.06599e-05
48.1 -3.18913e-05
48.11 -3.30123e-05
48.12 -3.40194e-05
48.13 -3.49094e-05
48.14 -3.56794e-05
48.15 -3.63273e-05
48.16 -3.6851e-05
48.17 -3.72491e-05
48.18 -3.75206e-05
48.19 -3.76648e-05
48.2 -3.76817e-05
48.21 -3.75714e-05
48.22 -3.73347e-05
48.23 -3.69727e-05
48.24 -3.6487e-05
48.25 -3.58795e-05
48.26 -3.51527e-05
48.27 -3.43093e-05
48.28 -3.33525e-05
48.29 -3.22859e-05
48.3 -3.11133e-05
48.31 -2.98389e-05
48.32 -2.84675e-05
48.33 -2.70039e-05
48.34 -2.54532e-05
48.35 -2.3821e-05
48.36 -2.2113e-05
48.37 -2.03352e-05
48.38 -1.84938e-05
48.39 -1.65952e-05
48.4 -1.4646e-05
48.41 -1.2653e-05
48.42 -1.06231e-05
48.43 -8.56318e-06
48.44 -6.48045e-06
48.45 -4.38205e-06
48.46 -2.27515e-06
48.47 -1.67e-07
48.48 1.9352e-06
48.49 4.02428e-06
48.5 6.09309e-06
48.51 8.13461e-06
48.52 1.01419e-05
48.53 1.21081e-05
48.54 1.40267e-05
48.55 1.5891e-05
48.56 1.7695e-05
48.57 1.94324e-05
48.58 2.10974e-05
48.59 2.26847e-05
48.6 2.41888e-05
48.61 2.56047e-05
48.62 2.6928e-05
48.63 2.81541e-05
48.64 2.92793e-05
48.65 3.02997e-05
48.66 3.12124e-05
48.67 3.20143e-05
48.68 3.2703e-05
48.69 3.32765e-05
48.7 3.3733e-05
48.71 3.40714e-05
48.72 3.42908e-05
48.73 3.43908e-05
48.74 3.43713e-05
48.75 3.42328e-05
48.76 3.39759e-05
48.77 3.3602e-05
48.78 3.31126e-05
48.79 3.25096e-05
48.8 3.17955e-05
48.81 3.09729e-05
48.82 3.0045e-05
48.83 2.90151e-05
48.84 2.78869e-05
48.85 2.66647e-05
48.86 2.53527e-05
48.87 2.39557e-05
48.88 2.24785e-05
48.89 2.09265e-05
48.9 1.9305e-05
48.91 1.76197e-05
48.92 1.58765e-05
48.93 1.40815e-05
48.94 1.22408e-05
48.95 1.03609e-05
48.96 8.44814e-06
48.97 6.50922e-06
48.98 4.55078e-06
48.99 2.57952e-06
49 6.02211e-07
49.01 -1.37439e-06
49.02 -3.34354e-06
49.03 -5.29851e-06
49.04 -7.23264e-06
49.05 -9.13936e-06
49.06 -1.10122e-05
49.07 -1.28448e-05
49.08 -1.4631e-05
49.09 -1.63647e-05
49.1 -1.80401e-05
49.11 -1.96517e-05
49.12 -2.11939e-05
49.13 -2.26617e-05
49.14 -2.40501e-05
49.15 -2.53547e-05
49.16 -2.65711e-05
49.17 -2.76953e-05
49.18 -2.87238e-05
49.19 -2.96531e-05
49.2 -3.04804e-05
49.21 -3.12031e-05
49.22 -3.18189e-05
49.23 -3.23261e-05
49.24 -3.27231e-05
49.25 -3.30089e-05
49.26 -3.31827e-05
49.27 -3.32444e-05
49.28 -3.31939e-05
49.29 -3.30318e-05
49.3 -3.27588e-05
49.31 -3.23763e-05
49.32 -3.18857e-05
49.33 -3.12891e-05
49.34 -3.05888e-05
49.35 -2.97874e-05
49.36 -2.88879e-05
49.37 -2.78937e-05
49.38 -2.68083e-05
49.39 -2.56358e-05
49.4 -2.43802e-05
49.41 -2.30461e-05
49.42 -2.16383e-05
49.43 -2.01616e-05
49.44 -1.86214e-05
49.45 -1.70229e-05
49.46 -1.53718e-05
49.47 -1.36738e-05
49.48 -1.19348e-05
49.49 -1.01608e-05
49.5 -8.35791e-06
49.51 -6.53242e-06
49.52 -4.69056e-06
49.53 -2.83864e-06
49.54 -9.83016e-07
49.55 8.69974e-07
49.56 2.71401e-06
49.57 4.54281e-06
49.58 6.35016e-06
49.59 8.12992e-06
49.6 9.87607e-06
49.61 1.15827e-05
49.62 1.32441e-05
49.63 1.48546e-05
49.64 1.64089e-05
49.65 1.79017e-05
49.66 1.93281e-05
49.67 2.06833e-05
49.68 2.19629e-05
49.69 2.31627e-05
49.7 2.42787e-05
49.71 2.53073e-05
49.72 2.62452e-05
49.73 2.70894e-05
49.74 2.78373e-05
49.75 2.84865e-05
49.76 2.9035e-05
49.77 2.94812e-05
49.78 2.98239e-05
49.79 3.00621e-05
49.8 3.01953e-05
49.81 3.02233e-05
49.82 3.01462e-05
49.83 2.99646e-05
49.84 2.96794e-05
49.85 2.92918e-05
49.86 2.88034e-05
49.87 2.8216e-05
49.88 2.7532e-05
49.89 2.6754e-05
49.9 2.58847e-05
49.91 2.49274e-05
49.92 2.38856e-05
49.93 2.2763e-05
49.94 2.15636e-05
49.95 2.02917e-05
49.96 1.89518e-05
49.97 1.75486e-05
49.98 1.6087e-05
49.99 1.45722e-05
50 1.30095e-05
50.01 1.14042e-05
50.02 9.76201e-06
50.03 8.08853e-06
50.04 6.38957e-06
50.05 4.67099e-06
50.06 2.9387e-06
50.07 1.19864e-06
50.08 -5.43209e-07
50.09 -2.28089e-06
50.1 -4.00847e-06
50.11 -5.72006e-06
50.12 -7.40983e-06
50.13 -9.07203e-06
50.14 -1.0701e-05
50.15 -1.22914e-05
50.16 -1.38376e-05
50.17 -1.53346e-05
50.18 -1.67772e-05
50.19 -1.81608e-05
50.2 -1.94806e-05
50.21 -2.07324e-05
50.22 -2.19119e-05
50.23 -2.30153e-05
50.24 -2.4039e-05
50.25 -2.49796e-05
50.26 -2.58343e-05
50.27 -2.66002e-05
50.28 -2.72749e-05
50.29 -2.78564e-05
50.3 -2.83429e-05
50.31 -2.8733e-05
50.32 -2.90256e-05
50.33 -2.92199e-05
50.34 -2.93156e-05
50.35 -2.93126e-05
50.36 -2.92111e-05
50.37 -2.90118e-05
50.38 -2.87155e-05
50.39 -2.83236e-05
50.4 -2.78376e-05
50.41 -2.72595e-05
50.42 -2.65913e-05
50.43 -2.58357e-05
50.44 -2.49955e-05
50.45 -2.40736e-05
50.46 -2.30735e-05
50.47 -2.19987e-05
50.48 -2.0853e-05
50.49 -1.96407e-05
50.5 -1.83659e-05
50.51 -1.7033e-05
50.52 -1.56469e-05
50.53 -1.42123e-05
50.54 -1.27343e-05
50.55 -1.12179e-05
50.56 -9.66841e-06
50.57 -8.0912e-06
50.58 -6.4917e-06
50.59 -4.8754e-06
50.6 -3.24786e-06
50.61 -1.61466e-06
50.62 1.86173e-08
50.63 1.64639e-06
50.64 3.26311e-06
50.65 4.86328e-06
50.66 6.44146e-06
50.67 7.9923e-06
50.68 9.51055e-06
50.69 1.09911e-05
50.7 1.24289e-05
50.71 1.38192e-05
50.72 1.51574e-05
50.73 1.64388e-05
50.74 1.76594e-05
50.75 1.8815e-05
50.76 1.99018e-05
50.77 2.09163e-05
50.78 2.18551e-05
50.79 2.27152e-05
50.8 2.34939e-05
50.81 2.41886e-05
50.82 2.47973e-05
50.83 2.5318e-05
50.84 2.57491e-05
50.85 2.60894e-05
50.86 2.6338e-05
50.87 2.64942e-05
50.88 2.65577e-05
50.89 2.65286e-05
50.9 2.64072e-05
50.91 2.61941e-05
50.92 2.58903e-05
50.93 2.5497e-05
50.94 2.50158e-05
50.95 2.44487e-05
50.96 2.37976e-05
50.97 2.30651e-05
50.98 2.22539e-05
50.99 2.13669e-05
51 2.04074e-05
51.01 1.93787e-05
51.02 1.82846e-05
51.03 1.7129e-05
51.04 1.59159e-05
51.05 1.46496e-05
51.06 1.33346e-05
51.07 1.19754e-05
51.08 1.05769e-05
51.09 9.14375e-06
51.1 7.68107e-06
51.11 6.19388e-06
51.12 4.68732e-06
51.13 3.16656e-06
51.14 1.63683e-06
51.15 1.03387e-07
51.16 -1.42853e-06
51.17 -2.95369e-06
51.18 -4.4669e-06
51.19 -5.963e-06
51.2 -7.43692e-06
51.21 -8.88367e-06
51.22 -1.02984e-05
51.23 -1.16762e-05
51.24 -1.30126e-05
51.25 -1.43031e-05
51.26 -1.55433e-05
51.27 -1.67292e-05
51.28 -1.78567e-05
51.29 -1.89222e-05
51.3 -1.99222e-05
51.31 -2.08533e-05
51.32 -2.17127e-05
51.33 -2.24974e-05
51.34 -2.32051e-05
51.35 -2.38334e-05
51.36 -2.43804e-05
51.37 -2.48445e-05
51.38 -2.52243e-05
51.39 -2.55186e-05
51.4 -2.57267e-05
51.41 -2.5848e-05
51.42 -2.58825e-05
51.43 -2.58301e-05
51.44 -2.56913e-05
51.45 -2.54667e-05
51.46 -2.51574e-05
51.47 -2.47646e-05
51.48 -2.42898e-05
51.49 -2.37349e-05
51.5 -2.3102e-05
51.51 -2.23934e-05
51.52 -2.16117e-05
51.53 -2.07597e-05
51.54 -1.98405e-05
51.55 -1.88575e-05
51.56 -1.78141e-05
51.57 -1.67139e-05
51.58 -1.5561e-05
51.59 -1.43593e-05
51.6 -1.31131e-05
51.61 -1.18266e-05
51.62 -1.05045e-05
51.63 -9.15123e-06
51.64 -7.77153e-06
51.65 -6.37018e-06
51.66 -4.95199e-06
51.67 -3.52186e-06
51.68 -2.08469e-06
51.69 -6.45413e-07
51.7 7.91044e-07
51.71 2.21978e-06
51.72 3.63591e-06
51.73 5.03464e-06
51.74 6.4112e-06
51.75 7.76094e-06
51.76 9.0793e-06
51.77 1.03618e-05
51.78 1.16042e-05
51.79 1.28023e-05
51.8 1.3952e-05
51.81 1.50497e-05
51.82 1.60915e-05
51.83 1.70742e-05
51.84 1.79944e-05
51.85 1.88491e-05
51.86 1.96357e-05
51.87 2.03514e-05
51.88 2.09942e-05
51.89 2.15619e-05
51.9 2.20528e-05
51.91 2.24655e-05
51.92 2.27986e-05
51.93 2.30512e-05
51.94 2.32228e-05
51.95 2.33128e-05
51.96 2.33213e-05
51.97 2.32483e-05
51.98 2.30943e-05
51.99 2.28602e-05
