0.01 -1.05029e-07
0.02 -1.1071e-06
0.03 -3.0852e-06
0.04 -5.9195e-06
0.05 -9.44692e-06
0.06 -1.35379e-05
0.07 -1.80874e-05
0.08 -2.29336e-05
0.09 -2.78319e-05
0.1 -3.24703e-05
0.11 -3.66161e-05
0.12 -4.01957e-05
0.13 -4.31566e-05
0.14 -4.53734e-05
0.15 -4.66583e-05
0.16 -4.68542e-05
0.17 -4.59078e-05
0.18 -4.38874e-05
0.19 -4.10342e-05
0.2 -3.77582e-05
0.21 -3.45417e-05
0.22 -3.18793e-05
0.23 -3.001e-05
0.24 -2.87604e-05
0.25 -2.78122e-05
0.26 -2.68975e-05
0.27 -2.60133e-05
0.28 -2.54883e-05
0.29 -2.55526e-05
0.3 -2.60469e-05
0.31 -2.66288e-05
0.32 -2.6982e-05
0.33 -2.68502e-05
0.34 -2.60146e-05
0.35 -2.42651e-05
0.36 -2.14624e-05
0.37 -1.77223e-05
0.38 -1.34913e-05
0.39 -9.28438e-06
0.4 -5.43688e-06
0.41 -1.99084e-06
0.42 1.26341e-06
0.43 4.52098e-06
0.44 7.79799e-06
0.45 1.09152e-05
0.46 1.35843e-05
0.47 1.55827e-05
0.48 1.68487e-05
0.49 1.74741e-05
0.5 1.76649e-05
0.51 1.76026e-05
0.52 1.73407e-05
0.53 1.70121e-05
0.54 1.69604e-05
0.55 1.7535e-05
0.56 1.89596e-05
0.57 2.11515e-05
0.58 2.36918e-05
0.59 2.62738e-05
0.6 2.89357e-05
0.61 3.18159e-05
0.62 3.48764e-05
0.63 3.79346e-05
0.64 4.08094e-05
0.65 4.33603e-05
0.66 4.54764e-05
0.67 4.71538e-05
0.68 4.85858e-05
0.69 4.99336e-05
0.7 5.11901e-05
0.71 5.22681e-05
0.72 5.30341e-05
0.73 5.35837e-05
0.74 5.43531e-05
0.75 5.56339e-05
0.76 5.72769e-05
0.77 5.90314e-05
0.78 6.0875e-05
0.79 6.29802e-05
0.8 6.55529e-05
0.81 6.84538e-05
0.82 7.10284e-05
0.83 7.26356e-05
0.84 7.30131e-05
0.85 7.22964e-05
0.86 7.08799e-05
0.87 6.91176e-05
0.88 6.72679e-05
0.89 6.55055e-05
0.9 6.39869e-05
0.91 6.27075e-05
0.92 6.13348e-05
0.93 5.96305e-05
0.94 5.77512e-05
0.95 5.60185e-05
0.96 5.46342e-05
0.97 5.35247e-05
0.98 5.22991e-05
0.99 5.07313e-05
1 4.91484e-05
1.01 4.76771e-05
1.02 4.57332e-05
1.03 4.24484e-05
1.04 3.70623e-05
1.05 2.98405e-05
1.06 2.24288e-05
1.07 1.65508e-05
1.08 1.31551e-05
1.09 1.20534e-05
1.1 1.20313e-05
1.11 1.2208e-05
1.12 1.2746e-05
1.13 1.42267e-05
1.14 1.70385e-05
1.15 2.0949e-05
1.16 2.50174e-05
1.17 2.86296e-05
1.18 3.20165e-05
1.19 3.54497e-05
1.2 3.8749e-05
1.21 4.11072e-05
1.22 4.13992e-05
1.23 3.90575e-05
1.24 3.42917e-05
1.25 2.767e-05
1.26 1.96365e-05
1.27 1.05096e-05
1.28 8.26363e-07
1.29 -8.86189e-06
1.3 -1.82292e-05
1.31 -2.71737e-05
1.32 -3.57821e-05
1.33 -4.40356e-05
1.34 -5.15839e-05
1.35 -5.78634e-05
1.36 -6.23469e-05
1.37 -6.48816e-05
1.38 -6.59331e-05
1.39 -6.63137e-05
1.4 -6.6843e-05
1.41 -6.80861e-05
1.42 -7.01714e-05
1.43 -7.30009e-05
1.44 -7.64485e-05
1.45 -8.04303e-05
1.46 -8.49647e-05
1.47 -9.02307e-05
1.48 -9.65947e-05
1.49 -0.000104211
1.5 -0.000112683
1.51 -0.000121308
1.52 -0.000129323
1.53 -0.000136034
1.54 -0.000140875
1.55 -0.000143746
1.56 -0.000145261
1.57 -0.000146442
1.58 -0.000148474
1.59 -0.000151853
1.6 -0.000155945
1.61 -0.000159535
1.62 -0.000161265
1.63 -0.00016051
1.64 -0.000157692
1.65 -0.000153906
1.66 -0.000150567
1.67 -0.0001487
1.68 -0.000148648
1.69 -0.000150118
1.7 -0.000152384
1.71 -0.000154454
1.72 -0.000155198
1.73 -0.000153973
1.74 -0.000150849
1.75 -0.000146641
1.76 -0.000142617
1.77 -0.000139397
1.78 -0.000136415
1.79 -0.000132339
1.8 -0.000125783
1.81 -0.000115955
1.82 -0.000102889
1.83 -8.74352e-05
1.84 -7.10465e-05
1.85 -5.51688e-05
1.86 -4.07859e-05
1.87 -2.81904e-05
1.88 -1.70008e-05
1.89 -6.60938e-06
1.9 3.34366e-06
1.91 1.29261e-05
1.92 2.20046e-05
1.93 3.00585e-05
1.94 3.62716e-05
1.95 4.01083e-05
1.96 4.17736e-05
1.97 4.20844e-05
1.98 4.20481e-05
1.99 4.25541e-05
2 4.41519e-05
2.01 4.7122e-05
2.02 5.16497e-05
2.03 5.75768e-05
2.04 6.42995e-05
2.05 7.13096e-05
2.06 7.85801e-05
2.07 8.66868e-05
2.08 9.66778e-05
2.09 0.000109102
2.1 0.000123404
2.11 0.000138259
2.12 0.000151981
2.13 0.000163209
2.14 0.000171211
2.15 0.000175775
2.16 0.000177097
2.17 0.00017588
2.18 0.000173432
2.19 0.000170885
2.2 0.000168673
2.21 0.000166367
2.22 0.000162858
2.23 0.000157518
2.24 0.000150837
2.25 0.000144189
2.26 0.000139283
2.27 0.00013717
2.28 0.000137742
2.29 0.000139923
2.3 0.000142023
2.31 0.000142454
2.32 0.000140196
2.33 0.000135091
2.34 0.000127966
2.35 0.000120022
2.36 0.000112295
2.37 0.000105473
2.38 9.99125e-05
2.39 9.54419e-05
2.4 9.1435e-05
2.41 8.72623e-05
2.42 8.25903e-05
2.43 7.75573e-05
2.44 7.24843e-05
2.45 6.75123e-05
2.46 6.22959e-05
2.47 5.62918e-05
2.48 4.92313e-05
2.49 4.11537e-05
2.5 3.25337e-05
2.51 2.36747e-05
2.52 1.43443e-05
2.53 4.60586e-06
2.54 -4.70044e-06
2.55 -1.22762e-05
2.56 -1.68722e-05
2.57 -1.83288e-05
2.58 -1.80579e-05
2.59 -1.75987e-05
2.6 -1.75557e-05
2.61 -1.79578e-05
2.62 -1.88127e-05
2.63 -2.05226e-05
2.64 -2.38626e-05
2.65 -2.91758e-05
2.66 -3.59329e-05
2.67 -4.32687e-05
2.68 -5.04261e-05
2.69 -5.717e-05
2.7 -6.3707e-05
2.71 -6.99545e-05
2.72 -7.52326e-05
2.73 -7.92388e-05
2.74 -8.29995e-05
2.75 -8.7723e-05
2.76 -9.37511e-05
2.77 -0.00010013
2.78 -0.000104613
2.79 -0.000105725
2.8 -0.000103926
2.81 -0.000100524
2.82 -9.65301e-05
2.83 -9.21519e-05
2.84 -8.69494e-05
2.85 -8.04362e-05
2.86 -7.24401e-05
2.87 -6.30421e-05
2.88 -5.25436e-05
2.89 -4.15578e-05
2.9 -3.11523e-05
2.91 -2.25141e-05
2.92 -1.64115e-05
2.93 -1.29741e-05
2.94 -1.16179e-05
2.95 -1.1602e-05
2.96 -1.26261e-05
2.97 -1.47674e-05
2.98 -1.82861e-05
2.99 -2.30637e-05
3 -2.81406e-05
3.01 -3.2333e-05
3.02 -3.47289e-05
3.03 -3.47798e-05
3.04 -3.23444e-05
3.05 -2.75976e-05
3.06 -2.11098e-05
3.07 -1.37875e-05
3.08 -6.79365e-06
3.09 -8.72026e-07
3.1 4.12376e-06
3.11 8.73634e-06
3.12 1.34981e-05
3.13 1.87138e-05
3.14 2.45941e-05
3.15 3.08483e-05
3.16 3.64138e-05
3.17 4.04329e-05
3.18 4.28177e-05
3.19 4.43416e-05
3.2 4.63822e-05
3.21 4.99384e-05
3.22 5.50929e-05
3.23 6.12587e-05
3.24 6.75914e-05
3.25 7.34629e-05
3.26 7.87498e-05
3.27 8.34504e-05
3.28 8.73846e-05
3.29 9.05853e-05
3.3 9.34336e-05
3.31 9.64885e-05
3.32 0.000100225
3.33 0.000104316
3.34 0.000107489
3.35 0.000108409
3.36 0.000106372
3.37 0.000101535
3.38 9.46805e-05
3.39 8.66377e-05
3.4 7.79609e-05
3.41 6.89836e-05
3.42 5.9995e-05
3.43 5.11249e-05
3.44 4.2248e-05
3.45 3.31279e-05
3.46 2.3624e-05
3.47 1.45122e-05
3.48 7.8723e-06
3.49 5.46099e-06
3.5 7.40055e-06
3.51 1.25099e-05
3.52 1.89379e-05
3.53 2.51332e-05
3.54 3.03005e-05
3.55 3.41212e-05
3.56 3.64909e-05
3.57 3.74587e-05
3.58 3.72635e-05
3.59 3.60108e-05
3.6 3.34187e-05
3.61 2.86765e-05
3.62 2.05997e-05
3.63 8.4229e-06
3.64 -7.68813e-06
3.65 -2.65968e-05
3.66 -4.65375e-05
3.67 -6.58881e-05
3.68 -8.36116e-05
3.69 -9.93152e-05
3.7 -0.000113021
3.71 -0.00012527
3.72 -0.000137235
3.73 -0.000149922
3.74 -0.000163739
3.75 -0.00017786
3.76 -0.000190079
3.77 -0.00019828
3.78 -0.000201337
3.79 -0.000199966
3.8 -0.000196799
3.81 -0.000194451
3.82 -0.000194263
3.83 -0.000196094
3.84 -0.000198682
3.85 -0.000200667
3.86 -0.000201232
3.87 -0.000200239
3.88 -0.000198179
3.89 -0.000195802
3.9 -0.0001936
3.91 -0.000191575
3.92 -0.000188957
3.93 -0.000184768
3.94 -0.000178606
3.95 -0.000170347
3.96 -0.000160122
3.97 -0.000147869
3.98 -0.000132851
3.99 -0.000114917
4 -9.51109e-05
4.01 -7.4944e-05
4.02 -5.58667e-05
4.03 -3.83633e-05
4.04 -2.17736e-05
4.05 -5.62065e-06
4.06 9.58673e-06
4.07 2.33258e-05
4.08 3.6001e-05
4.09 4.85446e-05
4.1 6.18665e-05
4.11 7.57461e-05
4.12 8.84944e-05
4.13 9.88798e-05
4.14 0.000107328
4.15 0.000115301
4.16 0.000124201
4.17 0.000134426
4.18 0.000145232
4.19 0.000155686
4.2 0.000165437
4.21 0.000174507
4.22 0.000182944
4.23 0.000190675
4.24 0.000197612
4.25 0.000204522
4.26 0.000213368
4.27 0.000225656
4.28 0.000241166
4.29 0.000258056
4.3 0.0002735
4.31 0.00028563
4.32 0.000294536
4.33 0.000301119
4.34 0.000305984
4.35 0.000309011
4.36 0.000309499
4.37 0.000307045
4.38 0.000302059
4.39 0.000295235
4.4 0.000287238
4.41 0.000277998
4.42 0.000266419
4.43 0.000251731
4.44 0.000234029
4.45 0.000214497
4.46 0.000195278
4.47 0.000177965
4.48 0.000163053
4.49 0.000150191
4.5 0.000138523
4.51 0.000127209
4.52 0.000115442
4.53 0.00010269
4.54 8.8891e-05
4.55 7.4709e-05
4.56 6.15471e-05
4.57 5.05388e-05
4.58 4.18234e-05
4.59 3.43221e-05
4.6 2.61231e-05
4.61 1.53774e-05
4.62 8.47759e-07
4.63 -1.73194e-05
4.64 -3.75698e-05
4.65 -5.80118e-05
4.66 -7.72441e-05
4.67 -9.46367e-05
4.68 -0.000110063
4.69 -0.000123703
4.7 -0.000135772
4.71 -0.00014633
4.72 -0.00015521
4.73 -0.000162002
4.74 -0.000166384
4.75 -0.000168384
4.76 -0.000168773
4.77 -0.000168567
4.78 -0.00016841
4.79 -0.000168963
4.8 -0.00017095
4.81 -0.000175106
4.82 -0.000182053
4.83 -0.000191513
4.84 -0.000202029
4.85 -0.000211659
4.86 -0.000218546
4.87 -0.000221914
4.88 -0.000222493
4.89 -0.000221228
4.9 -0.000218421
4.91 -0.000213617
4.92 -0.000205803
4.93 -0.000194332
4.94 -0.000179397
4.95 -0.00016171
4.96 -0.000142315
4.97 -0.000121985
4.98 -0.000100871
4.99 -7.91259e-05
5 -5.70948e-05
5.01 -3.5702e-05
5.02 -1.67078e-05
5.03 -1.20988e-06
5.04 1.11256e-05
5.05 2.16709e-05
5.06 3.25381e-05
5.07 4.50166e-05
5.08 5.88882e-05
5.09 7.30043e-05
5.1 8.56056e-05
5.11 9.54542e-05
5.12 0.000102322
5.13 0.000106889
5.14 0.000110714
5.15 0.000115046
5.16 0.000119997
5.17 0.000124954
5.18 0.000129027
5.19 0.000131475
5.2 0.000132134
5.21 0.000130999
5.22 0.000127864
5.23 0.000123214
5.24 0.000118488
5.25 0.00011478
5.26 0.000111859
5.27 0.000108292
5.28 0.000102211
5.29 9.27755e-05
5.3 8.0908e-05
5.31 6.81859e-05
5.32 5.57465e-05
5.33 4.4019e-05
5.34 3.28543e-05
5.35 2.18064e-05
5.36 1.01801e-05
5.37 -2.72254e-06
5.38 -1.736e-05
5.39 -3.36536e-05
5.4 -5.07327e-05
5.41 -6.73298e-05
5.42 -8.22383e-05
5.43 -9.50095e-05
5.44 -0.000106309
5.45 -0.000117074
5.46 -0.000127744
5.47 -0.000138233
5.48 -0.000148175
5.49 -0.000157232
5.5 -0.000165344
5.51 -0.000172499
5.52 -0.000178552
5.53 -0.00018371
5.54 -0.00018877
5.55 -0.000194656
5.56 -0.000201941
5.57 -0.00021037
5.58 -0.000218824
5.59 -0.000225833
5.6 -0.000229999
5.61 -0.000230767
5.62 -0.000228728
5.63 -0.000224903
5.64 -0.000220192
5.65 -0.000214702
5.66 -0.000207509
5.67 -0.000197329
5.68 -0.00018303
5.69 -0.000164542
5.7 -0.000143386
5.71 -0.000121549
5.72 -0.000100607
5.73 -8.14271e-05
5.74 -6.40467e-05
5.75 -4.83539e-05
5.76 -3.45042e-05
5.77 -2.23055e-05
5.78 -1.08716e-05
5.79 3.78692e-07
5.8 1.10571e-05
5.81 1.99761e-05
5.82 2.5681e-05
5.83 2.78186e-05
5.84 2.76337e-05
5.85 2.73716e-05
5.86 2.9576e-05
5.87 3.56885e-05
5.88 4.55507e-05
5.89 5.80586e-05
5.9 7.17649e-05
5.91 8.60202e-05
5.92 0.00010147
5.93 0.000119009
5.94 0.000138964
5.95 0.000160812
5.96 0.000183028
5.97 0.000204173
5.98 0.000223567
5.99 0.0002406
6 0.000254515
6.01 0.000264507
6.02 0.000269987
6.03 0.000271137
6.04 0.000268789
6.05 0.000263668
6.06 0.000255942
6.07 0.000245025
6.08 0.000229811
6.09 0.000209424
6.1 0.000183477
6.11 0.000152527
6.12 0.000118235
6.13 8.21806e-05
6.14 4.52202e-05
6.15 7.73637e-06
6.16 -3.00429e-05
6.17 -6.72064e-05
6.18 -0.000101779
6.19 -0.000131952
6.2 -0.00015686
6.21 -0.000176453
6.22 -0.000191326
6.23 -0.000202169
6.24 -0.000209758
6.25 -0.000214726
6.26 -0.000217218
6.27 -0.000217213
6.28 -0.000214623
6.29 -0.000209743
6.3 -0.00020365
6.31 -0.000197702
6.32 -0.000193115
6.33 -0.000190389
6.34 -0.000188929
6.35 -0.000187928
6.36 -0.000187082
6.37 -0.000186684
6.38 -0.000187582
6.39 -0.000190474
6.4 -0.000195428
6.41 -0.000202283
6.42 -0.00021095
6.43 -0.000221288
6.44 -0.000233028
6.45 -0.000245631
6.46 -0.000258329
6.47 -0.000270923
6.48 -0.000284104
6.49 -0.000299027
6.5 -0.000316846
6.51 -0.000337101
6.52 -0.000356973
6.53 -0.000373654
6.54 -0.000386087
6.55 -0.00039455
6.56 -0.000399809
6.57 -0.000402042
6.58 -0.000400519
6.59 -0.000394395
6.6 -0.00038318
6.61 -0.000366578
6.62 -0.000344238
6.63 -0.000315816
6.64 -0.000281371
6.65 -0.000241582
6.66 -0.000197639
6.67 -0.00015117
6.68 -0.000104065
6.69 -5.71768e-05
6.7 -9.76577e-06
6.71 3.92304e-05
6.72 9.02113e-05
6.73 0.000142372
6.74 0.000193952
6.75 0.000243396
6.76 0.000290016
6.77 0.000333755
6.78 0.000374752
6.79 0.00041312
6.8 0.000448873
6.81 0.000482598
6.82 0.000515707
6.83 0.000549524
6.84 0.000584726
6.85 0.000620643
6.86 0.000655293
6.87 0.000686599
6.88 0.00071305
6.89 0.00073434
6.9 0.000751365
6.91 0.000764977
6.92 0.000775214
6.93 0.000781486
6.94 0.000782833
6.95 0.000778554
6.96 0.000768562
6.97 0.000752491
6.98 0.000729419
6.99 0.000698323
7 0.000658485
7.01 0.000610512
7.02 0.000556474
7.03 0.00049899
7.04 0.000440698
7.05 0.000383093
7.06 0.000326249
7.07 0.000269381
7.08 0.000211113
7.09 0.000150344
7.1 8.64867e-05
7.11 2.05689e-05
7.12 -4.41224e-05
7.13 -0.00010422
7.14 -0.000157886
7.15 -0.000205388
7.16 -0.00024886
7.17 -0.000290492
7.18 -0.000331233
7.19 -0.000371164
7.2 -0.000410167
7.21 -0.00044725
7.22 -0.000480192
7.23 -0.000506612
7.24 -0.000524814
7.25 -0.000534837
7.26 -0.000538555
7.27 -0.000538472
7.28 -0.000537006
7.29 -0.000535846
7.3 -0.000535993
7.31 -0.000537115
7.32 -0.00053688
7.33 -0.000532912
7.34 -0.000524223
7.35 -0.000511594
7.36 -0.000497646
7.37 -0.000484645
7.38 -0.000472955
7.39 -0.000461862
7.4 -0.000450308
7.41 -0.000437353
7.42 -0.00042241
7.43 -0.000405276
7.44 -0.000386382
7.45 -0.000366951
7.46 -0.000348731
7.47 -0.000332723
7.48 -0.000318209
7.49 -0.000302977
7.5 -0.000284078
7.51 -0.000259449
7.52 -0.000228805
7.53 -0.000193012
7.54 -0.000153215
7.55 -0.000110206
7.56 -6.43093e-05
7.57 -1.52281e-05
7.58 3.78601e-05
7.59 9.51158e-05
7.6 0.000155113
7.61 0.000215501
7.62 0.000273705
7.63 0.000328001
7.64 0.000378342
7.65 0.000424991
7.66 0.00046766
7.67 0.000505703
7.68 0.000538229
7.69 0.000564733
7.7 0.000585189
7.71 0.000600028
7.72 0.000610305
7.73 0.000617355
7.74 0.000622582
7.75 0.000626938
7.76 0.000630436
7.77 0.000632305
7.78 0.000631334
7.79 0.000626589
7.8 0.000617922
7.81 0.000605352
7.82 0.000588294
7.83 0.000566109
7.84 0.0005385
7.85 0.000505153
7.86 0.000465529
7.87 0.000419275
7.88 0.000366818
7.89 0.000309791
7.9 0.000251174
7.91 0.000194024
7.92 0.000140572
7.93 9.24108e-05
7.94 5.08063e-05
7.95 1.65662e-05
7.96 -1.03874e-05
7.97 -3.07101e-05
7.98 -4.54354e-05
7.99 -5.49578e-05
8 -5.84339e-05
8.01 -5.47552e-05
8.02 -4.32264e-05
8.03 -2.52579e-05
8.04 -5.03643e-06
8.05 1.3046e-05
8.06 2.62155e-05
8.07 3.43522e-05
8.08 4.00281e-05
8.09 4.55769e-05
8.1 5.13058e-05
8.11 5.5754e-05
8.12 5.63036e-05
8.13 5.07905e-05
8.14 3.84029e-05
8.15 1.91191e-05
8.16 -6.63737e-06
8.17 -3.73183e-05
8.18 -7.00453e-05
8.19 -0.000101673
8.2 -0.000129946
8.21 -0.000155158
8.22 -0.000180334
8.23 -0.000208406
8.24 -0.000240041
8.25 -0.000273186
8.26 -0.000303924
8.27 -0.000329191
8.28 -0.000348466
8.29 -0.000363261
8.3 -0.000376229
8.31 -0.000389448
8.32 -0.000403409
8.33 -0.00041797
8.34 -0.000432928
8.35 -0.0004478
8.36 -0.00046173
8.37 -0.000473637
8.38 -0.000482778
8.39 -0.000489168
8.4 -0.000493307
8.41 -0.000495846
8.42 -0.000497146
8.43 -0.000496576
8.44 -0.000492597
8.45 -0.000483514
8.46 -0.000468109
8.47 -0.000446019
8.48 -0.000417566
8.49 -0.000383588
8.5 -0.000345353
8.51 -0.000304511
8.52 -0.000263149
8.53 -0.000222394
8.54 -0.000181539
8.55 -0.000139249
8.56 -9.46945e-05
8.57 -4.83969e-05
8.58 -2.33091e-06
8.59 4.14005e-05
8.6 8.16006e-05
8.61 0.000118189
8.62 0.000152109
8.63 0.000184493
8.64 0.00021607
8.65 0.00024718
8.66 0.000277717
8.67 0.000307459
8.68 0.000336352
8.69 0.000364713
8.7 0.000393522
8.71 0.000424048
8.72 0.000457384
8.73 0.000493754
8.74 0.000531962
8.75 0.000569889
8.76 0.000605098
8.77 0.000635974
8.78 0.000662426
8.79 0.000685613
8.8 0.000707426
8.81 0.000728765
8.82 0.00074842
8.83 0.000763467
8.84 0.000769992
8.85 0.000765204
8.86 0.000748849
8.87 0.000722896
8.88 0.000690898
8.89 0.000656003
8.9 0.000619596
8.91 0.000581395
8.92 0.000539869
8.93 0.000493986
8.94 0.000444539
8.95 0.000393397
8.96 0.000342738
8.97 0.000294093
8.98 0.000247509
8.99 0.000202258
9 0.00015724
9.01 0.000111278
9.02 6.36375e-05
9.03 1.38247e-05
9.04 -3.83652e-05
9.05 -9.22714e-05
9.06 -0.000146319
9.07 -0.000198391
9.08 -0.000246138
9.09 -0.000287983
9.1 -0.000323343
9.11 -0.000352337
9.12 -0.00037561
9.13 -0.000393573
9.14 -0.000406211
9.15 -0.000413275
9.16 -0.000414486
9.17 -0.000409962
9.18 -0.000400613
9.19 -0.000387607
9.2 -0.000371906
9.21 -0.000354684
9.22 -0.000337154
9.23 -0.000320642
9.24 -0.00030648
9.25 -0.000294997
9.26 -0.000285575
9.27 -0.000277097
9.28 -0.000268502
9.29 -0.000259752
9.3 -0.000251802
9.31 -0.000245939
9.32 -0.000243135
9.33 -0.000243478
9.34 -0.000246137
9.35 -0.000249967
9.36 -0.000254012
9.37 -0.000257765
9.38 -0.00026136
9.39 -0.00026571
9.4 -0.000272584
9.41 -0.000284189
9.42 -0.000302588
9.43 -0.000328903
9.44 -0.000362883
9.45 -0.000403456
9.46 -0.000449398
9.47 -0.000499834
9.48 -0.000554336
9.49 -0.000612668
9.5 -0.000674466
9.51 -0.000738396
9.52 -0.000801735
9.53 -0.000861347
9.54 -0.000914539
9.55 -0.000959914
9.56 -0.000997617
9.57 -0.00102841
9.58 -0.00105295
9.59 -0.00107141
9.6 -0.00108375
9.61 -0.00109029
9.62 -0.00109202
9.63 -0.00109074
9.64 -0.00108869
9.65 -0.00108822
9.66 -0.00109119
9.67 -0.00109828
9.68 -0.00110854
9.69 -0.00111939
9.7 -0.00112759
9.71 -0.00112985
9.72 -0.00112363
9.73 -0.00110774
9.74 -0.00108222
9.75 -0.00104795
9.76 -0.00100605
9.77 -0.000956664
9.78 -0.000898487
9.79 -0.000829693
9.8 -0.000749064
9.81 -0.000656013
9.82 -0.000550408
9.83 -0.00043224
9.84 -0.000301547
9.85 -0.000158957
9.86 -6.16104e-06
9.87 0.000154096
9.88 0.000317975
9.89 0.000480381
9.9 0.000635315
9.91 0.000777121
9.92 0.000902538
9.93 0.00101262
9.94 0.00111334
9.95 0.00121392
9.96 0.00132318
9.97 0.00144455
9.98 0.00157207
9.99 0.00169166
10 0.00178946
10.01 0.00186261
10.02 0.00192316
10.03 0.00198989
10.04 0.00207346
10.05 0.00216708
10.06 0.00225002
10.07 0.00230035
10.08 0.00230685
10.09 0.00227202
10.1 0.00220745
10.11 0.00212774
10.12 0.00204632
10.13 0.00197266
10.14 0.00191017
10.15 0.001855
10.16 0.00179762
10.17 0.00172686
10.18 0.00163445
10.19 0.00151866
10.2 0.00138496
10.21 0.00124293
10.22 0.00110142
10.23 0.000963762
10.24 0.000826067
10.25 0.000680474
10.26 0.000519597
10.27 0.000340122
10.28 0.000144475
10.29 -6.01554e-05
10.3 -0.000263467
10.31 -0.000453626
10.32 -0.000619928
10.33 -0.000756068
10.34 -0.000862721
10.35 -0.000947593
10.36 -0.00102244
10.37 -0.00109911
10.38 -0.00118631
10.39 -0.0012873
10.4 -0.00139805
10.41 -0.00150605
10.42 -0.0015927
10.43 -0.00164218
10.44 -0.00165283
10.45 -0.00164147
10.46 -0.00163569
10.47 -0.00165822
10.48 -0.00171426
10.49 -0.00178868
10.5 -0.00185449
10.51 -0.00188719
10.52 -0.00187625
10.53 -0.00182768
10.54 -0.00175845
10.55 -0.0016885
10.56 -0.00163403
10.57 -0.00160291
10.58 -0.00159244
10.59 -0.00159083
10.6 -0.00158247
10.61 -0.00155442
10.62 -0.00150151
10.63 -0.00142781
10.64 -0.00134413
10.65 -0.00126298
10.66 -0.00119293
10.67 -0.00113505
10.68 -0.00108316
10.69 -0.00102733
10.7 -0.000958593
10.71 -0.000872093
10.72 -0.000767965
10.73 -0.000650354
10.74 -0.000525118
10.75 -0.000396769
10.76 -0.000266361
10.77 -0.000131219
10.78 1.35536e-05
10.79 0.000171526
10.8 0.000341853
10.81 0.000518547
10.82 0.000691798
10.83 0.000850727
10.84 0.000986951
10.85 0.00109795
10.86 0.00118839
10.87 0.00126973
10.88 0.00135606
10.89 0.0014561
10.9 0.00156579
10.91 0.00166758
10.92 0.00174147
10.93 0.00178124
10.94 0.00180118
10.95 0.00182633
10.96 0.00187356
10.97 0.00193965
10.98 0.00200469
10.99 0.00204631
11 0.00205276
11.01 0.00202642
11.02 0.00197871
11.03 0.00192362
11.04 0.00187344
11.05 0.00183651
11.06 0.0018152
11.07 0.00180501
11.08 0.00179606
11.09 0.00177662
11.1 0.0017378
11.11 0.00167724
11.12 0.00160013
11.13 0.00151663
11.14 0.00143692
11.15 0.00136714
11.16 0.00130797
11.17 0.00125572
11.18 0.00120545
11.19 0.00115256
11.2 0.0010934
11.21 0.00102689
11.22 0.000954571
11.23 0.000879293
11.24 0.00080335
11.25 0.000726922
11.26 0.000647753
11.27 0.000562213
11.28 0.000466952
11.29 0.000359953
11.3 0.000241098
11.31 0.000112151
11.32 -2.38942e-05
11.33 -0.00016348
11.34 -0.000303241
11.35 -0.000440577
11.36 -0.000573687
11.37 -0.000701259
11.38 -0.000822208
11.39 -0.000936116
11.4 -0.00104395
11.41 -0.00114869
11.42 -0.00125497
11.43 -0.00136609
11.44 -0.00147965
11.45 -0.00158544
11.46 -0.00166915
11.47 -0.00172263
11.48 -0.00175301
11.49 -0.00178066
11.5 -0.00182617
11.51 -0.0018957
11.52 -0.00197617
11.53 -0.00204398
11.54 -0.00207951
11.55 -0.00207684
11.56 -0.00204377
11.57 -0.00199518
11.58 -0.00194614
11.59 -0.00190799
11.6 -0.00188609
11.61 -0.00187899
11.62 -0.00187949
11.63 -0.00187693
11.64 -0.0018612
11.65 -0.00182717
11.66 -0.00177696
11.67 -0.00171858
11.68 -0.00166163
11.69 -0.00161268
11.7 -0.00157246
11.71 -0.0015364
11.72 -0.00149787
11.73 -0.00145118
11.74 -0.00139342
11.75 -0.00132504
11.76 -0.00124889
11.77 -0.00116836
11.78 -0.00108536
11.79 -0.000999524
11.8 -0.000908241
11.81 -0.000807181
11.82 -0.000691627
11.83 -0.000557894
11.84 -0.000404489
11.85 -0.000232701
11.86 -4.63173e-05
11.87 0.000149236
11.88 0.000347492
11.89 0.000540765
11.9 0.000720189
11.91 0.00087731
11.92 0.00100675
11.93 0.00110915
11.94 0.00119222
11.95 0.00126883
11.96 0.00135248
11.97 0.00144996
11.98 0.00155468
11.99 0.0016469
12 0.00170546
12.01 0.00172511
12.02 0.00172381
12.03 0.00173152
12.04 0.00176937
12.05 0.00183635
12.06 0.00191177
12.07 0.00196952
12.08 0.00199267
12.09 0.00197949
12.1 0.00194009
12.11 0.00188972
12.12 0.00184341
12.13 0.00181216
12.14 0.00179997
12.15 0.00180206
12.16 0.00180609
12.17 0.00179707
12.18 0.00176354
12.19 0.00170216
12.2 0.00161868
12.21 0.00152501
12.22 0.00143353
12.23 0.00135144
12.24 0.00127815
12.25 0.0012067
12.26 0.00112783
12.27 0.00103486
12.28 0.000926472
12.29 0.000805963
12.3 0.000679003
12.31 0.00055064
12.32 0.000422955
12.33 0.000295481
12.34 0.000166309
12.35 3.33825e-05
12.36 -0.000103888
12.37 -0.000243437
12.38 -0.000380279
12.39 -0.000507386
12.4 -0.000617951
12.41 -0.000708447
12.42 -0.000780348
12.43 -0.000839837
12.44 -0.000895783
12.45 -0.000956668
12.46 -0.00102792
12.47 -0.0011099
12.48 -0.00119678
12.49 -0.00127763
12.5 -0.00134054
12.51 -0.00137863
12.52 -0.0013947
12.53 -0.00140061
12.54 -0.00141072
12.55 -0.00143391
12.56 -0.00146868
12.57 -0.00150352
12.58 -0.00152297
12.59 -0.00151576
12.6 -0.00147984
12.61 -0.00142226
12.62 -0.00135487
12.63 -0.00128915
12.64 -0.00123221
12.65 -0.00118469
12.66 -0.00114081
12.67 -0.00109084
12.68 -0.00102508
12.69 -0.000937724
12.7 -0.000829133
12.71 -0.00070512
12.72 -0.000574242
12.73 -0.000444496
12.74 -0.00032052
12.75 -0.000202299
12.76 -8.63675e-05
12.77 3.1416e-05
12.78 0.000152937
12.79 0.000275911
12.8 0.000394293
12.81 0.000500754
12.82 0.000589762
12.83 0.000660092
12.84 0.000715554
12.85 0.000763318
12.86 0.00081133
12.87 0.000865524
12.88 0.000927632
12.89 0.000994866
12.9 0.00106053
12.91 0.00111595
12.92 0.00115412
12.93 0.00117344
12.94 0.00117929
12.95 0.00118249
12.96 0.00119435
12.97 0.00122085
12.98 0.00125933
12.99 0.00129938
13 0.00132765
13.01 0.00133384
13.02 0.00131475
13.03 0.00127468
13.04 0.0012224
13.05 0.00116718
13.06 0.00111552
13.07 0.001069
13.08 0.00102412
13.09 0.000973947
13.1 0.000911036
13.11 0.000830669
13.12 0.000732697
13.13 0.000621457
13.14 0.000504032
13.15 0.000386765
13.16 0.00027259
13.17 0.000160845
13.18 4.87177e-05
13.19 -6.63005e-05
13.2 -0.000184378
13.21 -0.000302475
13.22 -0.000414918
13.23 -0.000515457
13.24 -0.00059959
13.25 -0.000666307
13.26 -0.000718617
13.27 -0.000762495
13.28 -0.000804885
13.29 -0.000851409
13.3 -0.000904349
13.31 -0.000961365
13.32 -0.0010158
13.33 -0.00105934
13.34 -0.00108632
13.35 -0.00109749
13.36 -0.00110063
13.37 -0.00110725
13.38 -0.00112708
13.39 -0.00116336
13.4 -0.00121122
13.41 -0.00126006
13.42 -0.00129854
13.43 -0.00131948
13.44 -0.00132237
13.45 -0.00131226
13.46 -0.00129643
13.47 -0.00128152
13.48 -0.00127126
13.49 -0.00126524
13.5 -0.00125942
13.51 -0.00124767
13.52 -0.00122432
13.53 -0.00118688
13.54 -0.00113713
13.55 -0.00107998
13.56 -0.00102108
13.57 -0.000964339
13.58 -0.000910425
13.59 -0.000856977
13.6 -0.000799996
13.61 -0.00073563
13.62 -0.000661666
13.63 -0.000577956
13.64 -0.000486051
13.65 -0.000388622
13.66 -0.000288488
13.67 -0.000187632
13.68 -8.67586e-05
13.69 1.44431e-05
13.7 0.00011636
13.71 0.000218471
13.72 0.000318855
13.73 0.000414517
13.74 0.00050242
13.75 0.000580285
13.76 0.000647221
13.77 0.000704467
13.78 0.000755316
13.79 0.000803965
13.8 0.000853919
13.81 0.000906326
13.82 0.00095897
13.83 0.00100689
13.84 0.00104482
13.85 0.00107034
13.86 0.00108592
13.87 0.00109834
13.88 0.00111515
13.89 0.00114052
13.9 0.00117284
13.91 0.00120572
13.92 0.00123167
13.93 0.00124552
13.94 0.00124642
13.95 0.00123746
13.96 0.00122348
13.97 0.00120921
13.98 0.00119768
13.99 0.00118912
14 0.00118095
14.01 0.00116889
14.02 0.00114879
14.03 0.00111844
14.04 0.00107855
14.05 0.00103191
14.06 0.00098187
14.07 0.00093091
14.08 0.000879521
14.09 0.0008263
14.1 0.000768705
14.11 0.000703974
14.12 0.000630078
14.13 0.000546241
14.14 0.000452951
14.15 0.000351849
14.16 0.000245251
14.17 0.000135459
14.18 2.45135e-05
14.19 -8.62744e-05
14.2 -0.000196172
14.21 -0.000303953
14.22 -0.000407473
14.23 -0.000503737
14.24 -0.000589665
14.25 -0.000663549
14.26 -0.000725842
14.27 -0.000779089
14.28 -0.00082714
14.29 -0.000873739
14.3 -0.000920839
14.31 -0.000967331
14.32 -0.00100894
14.33 -0.0010399
14.34 -0.00105635
14.35 -0.00105979
14.36 -0.00105747
14.37 -0.00105865
14.38 -0.00106959
14.39 -0.00109004
14.4 -0.00111359
14.41 -0.00113178
14.42 -0.00113893
14.43 -0.00113446
14.44 -0.00112232
14.45 -0.00110847
14.46 -0.00109802
14.47 -0.00109378
14.48 -0.00109562
14.49 -0.0011006
14.5 -0.00110409
14.51 -0.0011012
14.52 -0.00108848
14.53 -0.00106536
14.54 -0.00103425
14.55 -0.000999106
14.56 -0.0009634
14.57 -0.000928565
14.58 -0.000893577
14.59 -0.000855823
14.6 -0.000812595
14.61 -0.000762025
14.62 -0.000703501
14.63 -0.000637522
14.64 -0.000565144
14.65 -0.000487523
14.66 -0.000405402
14.67 -0.000318898
14.68 -0.000227632
14.69 -0.000130974
14.7 -2.86171e-05
14.71 7.87307e-05
14.72 0.000188993
14.73 0.00029897
14.74 0.000405031
14.75 0.000504261
14.76 0.000595375
14.77 0.000678626
14.78 0.000755443
14.79 0.000827982
14.8 0.000898468
14.81 0.000968897
14.82 0.00104018
14.83 0.00111053
14.84 0.00117534
14.85 0.0012289
14.86 0.00126795
14.87 0.00129495
14.88 0.00131735
14.89 0.00134298
14.9 0.00137475
14.91 0.00140831
14.92 0.00143438
14.93 0.0014441
14.94 0.00143349
14.95 0.00140458
14.96 0.00136333
14.97 0.0013167
14.98 0.00127029
14.99 0.00122703
15 0.00118665
15.01 0.00114603
15.02 0.0011003
15.03 0.001045
15.04 0.000978024
15.05 0.000900428
15.06 0.000815929
15.07 0.000729214
15.08 0.000643865
15.09 0.000561053
15.1 0.000479511
15.11 0.000396753
15.12 0.000310813
15.13 0.000221326
15.14 0.000129839
15.15 3.936e-05
15.16 -4.66323e-05
15.17 -0.000125194
15.18 -0.000194761
15.19 -0.00025543
15.2 -0.000308689
15.21 -0.000356514
15.22 -0.000400374
15.23 -0.000441001
15.24 -0.000478509
15.25 -0.000512886
15.26 -0.000544603
15.27 -0.000574556
15.28 -0.000603792
15.29 -0.000633223
15.3 -0.000663192
15.31 -0.000693166
15.32 -0.000721995
15.33 -0.000748873
15.34 -0.000774171
15.35 -0.000799684
15.36 -0.000827894
15.37 -0.000860287
15.38 -0.000896132
15.39 -0.000932505
15.4 -0.000965469
15.41 -0.000991604
15.42 -0.00100915
15.43 -0.00101845
15.44 -0.00102135
15.45 -0.00102018
15.46 -0.00101677
15.47 -0.00101154
15.48 -0.00100329
15.49 -0.000989869
15.5 -0.000969224
15.51 -0.000940404
15.52 -0.000904137
15.53 -0.000862297
15.54 -0.000817126
15.55 -0.000770434
15.56 -0.00072302
15.57 -0.000674436
15.58 -0.000623139
15.59 -0.000567206
15.6 -0.000505083
15.61 -0.000436301
15.62 -0.000361685
15.63 -0.000282931
15.64 -0.000202014
15.65 -0.00012044
15.66 -3.89607e-05
15.67 4.22887e-05
15.68 0.0001234
15.69 0.000203834
15.7 0.000281999
15.71 0.000355736
15.72 0.000423028
15.73 0.000482514
15.74 0.000533799
15.75 0.000577532
15.76 0.000615184
15.77 0.000648774
15.78 0.000680258
15.79 0.000710469
15.8 0.000738636
15.81 0.000762849
15.82 0.000781468
15.83 0.000794803
15.84 0.000805756
15.85 0.000818709
15.86 0.00083734
15.87 0.000862667
15.88 0.000892386
15.89 0.00092195
15.9 0.000946589
15.91 0.000963282
15.92 0.000971669
15.93 0.000973539
15.94 0.000971599
15.95 0.000968057
15.96 0.000963638
15.97 0.000957501
15.98 0.000947708
15.99 0.00093193
16 0.000908308
16.01 0.00087628
16.02 0.000836903
16.03 0.000792425
16.04 0.000745403
16.05 0.000697523
16.06 0.000648889
16.07 0.000598382
16.08 0.000544484
16.09 0.00048599
16.1 0.000422475
16.11 0.000354183
16.12 0.000281644
16.13 0.000205769
16.14 0.000127733
16.15 4.84282e-05
16.16 -3.18459e-05
16.17 -0.000113189
16.18 -0.000195603
16.19 -0.000278431
16.2 -0.00036012
16.21 -0.000438512
16.22 -0.000511353
16.23 -0.000577113
16.24 -0.000635497
16.25 -0.000687338
16.26 -0.000734136
16.27 -0.000777166
16.28 -0.000816589
16.29 -0.000851134
16.3 -0.000878599
16.31 -0.000897118
16.32 -0.000906725
16.33 -0.000910028
16.34 -0.000911264
16.35 -0.000914321
16.36 -0.000920775
16.37 -0.000928959
16.38 -0.000935021
16.39 -0.000934886
16.4 -0.000926055
16.41 -0.000908851
16.42 -0.000885997
16.43 -0.000861079
16.44 -0.000836988
16.45 -0.000814948
16.46 -0.000794413
16.47 -0.000773562
16.48 -0.000750199
16.49 -0.000722634
16.5 -0.000690379
16.51 -0.000654328
16.52 -0.000616387
16.53 -0.000578713
16.54 -0.000542727
16.55 -0.000508644
16.56 -0.000475503
16.57 -0.000441586
16.58 -0.00040519
16.59 -0.000365156
16.6 -0.000321101
16.61 -0.000273443
16.62 -0.00022305
16.63 -0.000170997
16.64 -0.000118355
16.65 -6.58503e-05
16.66 -1.38769e-05
16.67 3.74665e-05
16.68 8.81792e-05
16.69 0.00013774
16.7 0.00018484
16.71 0.000227878
16.72 0.000265542
16.73 0.000297218
16.74 0.00032313
16.75 0.000344025
16.76 0.00036082
16.77 0.000374447
16.78 0.000385711
16.79 0.000395177
16.8 0.000403228
16.81 0.000410134
16.82 0.00041629
16.83 0.00042263
16.84 0.000430641
16.85 0.000442016
16.86 0.000458126
16.87 0.000479333
16.88 0.000504877
16.89 0.000533377
16.9 0.000563468
16.91 0.000594318
16.92 0.000625699
16.93 0.000657583
16.94 0.000689687
16.95 0.000721116
16.96 0.000750236
16.97 0.000775237
16.98 0.000794678
16.99 0.000807525
17 0.000813202
17.01 0.000811719
17.02 0.000803705
17.03 0.000790417
17.04 0.000773526
17.05 0.000754444
17.06 0.000733973
17.07 0.000712185
17.08 0.000688635
17.09 0.000663127
17.1 0.000636119
17.11 0.000608588
17.12 0.000581693
17.13 0.000556296
17.14 0.000532692
17.15 0.000510719
17.16 0.00048986
17.17 0.000469687
17.18 0.00045019
17.19 0.000431696
17.2 0.000414839
17.21 0.000400035
17.22 0.000387066
17.23 0.00037539
17.24 0.000364355
17.25 0.000353125
17.26 0.000340655
17.27 0.000326049
17.28 0.000308882
17.29 0.000289041
17.3 0.000266439
17.31 0.000240836
17.32 0.000211818
17.33 0.000178967
17.34 0.000142113
17.35 0.000101077
17.36 5.54786e-05
17.37 5.18602e-06
17.38 -4.93756e-05
17.39 -0.000107519
17.4 -0.000168604
17.41 -0.000232078
17.42 -0.000297377
17.43 -0.000363801
17.44 -0.00043049
17.45 -0.000496522
17.46 -0.000561047
17.47 -0.000623365
17.48 -0.000682971
17.49 -0.000739542
17.5 -0.000792903
17.51 -0.000842979
17.52 -0.000889691
17.53 -0.000933072
17.54 -0.000973375
17.55 -0.00101094
17.56 -0.00104617
17.57 -0.00107934
17.58 -0.00111043
17.59 -0.00113913
17.6 -0.00116483
17.61 -0.00118671
17.62 -0.00120399
17.63 -0.00121619
17.64 -0.00122343
17.65 -0.00122624
17.66 -0.00122538
17.67 -0.0012213
17.68 -0.00121388
17.69 -0.0012027
17.7 -0.00118748
17.71 -0.00116789
17.72 -0.00114355
17.73 -0.00111403
17.74 -0.00107904
17.75 -0.00103857
17.76 -0.00099296
17.77 -0.000942466
17.78 -0.000887062
17.79 -0.000826429
17.8 -0.000760118
17.81 -0.000687882
17.82 -0.000609847
17.83 -0.000526245
17.84 -0.00043719
17.85 -0.000342749
17.86 -0.000243104
17.87 -0.00013885
17.88 -3.11959e-05
17.89 7.81591e-05
17.9 0.000187107
17.91 0.000293005
17.92 0.000392723
17.93 0.000483446
17.94 0.000563541
17.95 0.000632968
17.96 0.000693341
17.97 0.000747414
17.98 0.000798326
17.99 0.000848545
18 0.000898743
18.01 0.000947377
18.02 0.000991103
18.03 0.00102644
18.04 0.00105232
18.05 0.001072
18.06 0.00109238
18.07 0.00112005
18.08 0.00115717
18.09 0.00119989
18.1 0.00124011
18.11 0.00126998
18.12 0.00128571
18.13 0.00128834
18.14 0.00128216
18.15 0.00127243
18.16 0.00126347
18.17 0.00125718
18.18 0.00125261
18.19 0.00124663
18.2 0.00123539
18.21 0.0012158
18.22 0.00118672
18.23 0.00114953
18.24 0.00110749
18.25 0.00106444
18.26 0.00102322
18.27 0.000984549
18.28 0.000946968
18.29 0.000907761
18.3 0.000864292
18.31 0.000815068
18.32 0.000760105
18.33 0.00070073
18.34 0.000638938
18.35 0.000576372
18.36 0.00051363
18.37 0.00045018
18.38 0.000384725
18.39 0.000315961
18.4 0.000243247
18.41 0.000167013
18.42 8.87582e-05
18.43 1.05613e-05
18.44 -6.55563e-05
18.45 -0.00013823
18.46 -0.000207034
18.47 -0.00027232
18.48 -0.000334798
18.49 -0.000395041
18.5 -0.000453173
18.51 -0.000508816
18.52 -0.000561316
18.53 -0.000610174
18.54 -0.000655312
18.55 -0.000697106
18.56 -0.000736069
18.57 -0.000772334
18.58 -0.000805564
18.59 -0.000835465
18.6 -0.000862609
18.61 -0.000888886
18.62 -0.000916983
18.63 -0.000948941
18.64 -0.00098478
18.65 -0.00102226
18.66 -0.00105786
18.67 -0.00108831
18.68 -0.00111186
18.69 -0.00112876
18.7 -0.00114069
18.71 -0.00114958
18.72 -0.00115651
18.73 -0.00116142
18.74 -0.00116328
18.75 -0.00116049
18.76 -0.00115152
18.77 -0.00113523
18.78 -0.00111111
18.79 -0.00107957
18.8 -0.00104183
18.81 -0.000999464
18.82 -0.000953803
18.83 -0.000905337
18.84 -0.000853616
18.85 -0.000797754
18.86 -0.000737031
18.87 -0.000671555
18.88 -0.000602471
18.89 -0.000531318
18.9 -0.000459414
18.91 -0.000387687
18.92 -0.000316682
18.93 -0.000246824
18.94 -0.000178598
18.95 -0.000112626
18.96 -4.97438e-05
18.97 9.03583e-06
18.98 6.26421e-05
18.99 0.000110364
19 0.000152272
19.01 0.000188989
19.02 0.000221351
19.03 0.000250283
19.04 0.000276607
19.05 0.000301199
19.06 0.000325104
19.07 0.000349156
19.08 0.000373768
19.09 0.000398978
19.1 0.000424537
19.11 0.000450098
19.12 0.000475357
19.13 0.000500098
19.14 0.000524269
19.15 0.000548114
19.16 0.000571991
19.17 0.000596157
19.18 0.000620465
19.19 0.00064382
19.2 0.00066429
19.21 0.000679962
19.22 0.000689845
19.23 0.000694233
19.24 0.000694477
19.25 0.000692095
19.26 0.000687979
19.27 0.00068248
19.28 0.00067567
19.29 0.000667405
19.3 0.000657415
19.31 0.000645309
19.32 0.000630656
19.33 0.000613366
19.34 0.000593775
19.35 0.000572326
19.36 0.000549174
19.37 0.000524079
19.38 0.000496592
19.39 0.000466348
19.4 0.000433386
19.41 0.000398025
19.42 0.000360705
19.43 0.000321911
19.44 0.000282095
19.45 0.000241728
19.46 0.000201244
19.47 0.000160957
19.48 0.000121002
19.49 8.14777e-05
19.5 4.26184e-05
19.51 4.78096e-06
19.52 -3.15974e-05
19.53 -6.62091e-05
19.54 -9.90137e-05
19.55 -0.000129902
19.56 -0.000158449
19.57 -0.000184191
19.58 -0.000206875
19.59 -0.000226589
19.6 -0.000243747
19.61 -0.000258829
19.62 -0.000272238
19.63 -0.000284283
19.64 -0.000295207
19.65 -0.000305173
19.66 -0.00031419
19.67 -0.000322203
19.68 -0.000329146
19.69 -0.000335171
19.7 -0.000340774
19.71 -0.000346402
19.72 -0.000352213
19.73 -0.000357994
19.74 -0.00036328
19.75 -0.000367741
19.76 -0.000371405
19.77 -0.000374418
19.78 -0.000376753
19.79 -0.000378386
19.8 -0.000379441
19.81 -0.000379905
19.82 -0.000379397
19.83 -0.000377063
19.84 -0.000371669
19.85 -0.000362282
19.86 -0.000348718
19.87 -0.000331314
19.88 -0.000310607
19.89 -0.000286948
19.9 -0.000260362
19.91 -0.00023087
19.92 -0.000198762
19.93 -0.000164535
19.94 -0.000128823
19.95 -9.21581e-05
19.96 -5.48471e-05
19.97 -1.72874e-05
19.98 1.99487e-05
19.99 5.62454e-05
20 9.11416e-05
20.01 0.000124518
20.02 0.000156564
20.03 0.000187441
20.04 0.000217049
20.05 0.000245058
20.06 0.000271021
20.07 0.00029471
20.08 0.000316249
20.09 0.000335819
20.1 0.000353441
20.11 0.000369056
20.12 0.000382695
20.13 0.000394458
20.14 0.000404423
20.15 0.00041242
20.16 0.000417921
20.17 0.000420379
20.18 0.000419487
20.19 0.000415319
20.2 0.000408299
20.21 0.000398862
20.22 0.000387284
20.23 0.00037373
20.24 0.000358394
20.25 0.000341546
20.26 0.00032351
20.27 0.000304534
20.28 0.000284693
20.29 0.000264046
20.3 0.000242715
20.31 0.000220859
20.32 0.000198589
20.33 0.00017606
20.34 0.000153621
20.35 0.000131564
20.36 0.000109981
20.37 8.89623e-05
20.38 6.8745e-05
20.39 4.95927e-05
20.4 3.16285e-05
20.41 1.47192e-05
20.42 -1.56178e-06
20.43 -1.76687e-05
20.44 -3.39291e-05
20.45 -5.06541e-05
20.46 -6.82461e-05
20.47 -8.70604e-05
20.48 -0.000107223
20.49 -0.000128588
20.5 -0.000150755
20.51 -0.000173252
20.52 -0.000195626
20.53 -0.000217514
20.54 -0.000238623
20.55 -0.000258612
20.56 -0.000277034
20.57 -0.000293482
20.58 -0.000307747
20.59 -0.000319795
20.6 -0.000329761
20.61 -0.000337934
20.62 -0.0003448
20.63 -0.00035092
20.64 -0.000356825
20.65 -0.000362981
20.66 -0.000369749
20.67 -0.000377399
20.68 -0.000386088
20.69 -0.000395762
20.7 -0.000406062
20.71 -0.000416347
20.72 -0.0004257
20.73 -0.000433179
20.74 -0.000437978
20.75 -0.000439567
20.76 -0.000437807
20.77 -0.000432731
20.78 -0.000424441
20.79 -0.000413064
20.8 -0.000398775
20.81 -0.000381709
20.82 -0.000361885
20.83 -0.000339328
20.84 -0.000314137
20.85 -0.000286717
20.86 -0.00025784
20.87 -0.000228212
20.88 -0.000198172
20.89 -0.000167813
20.9 -0.000137225
20.91 -0.000106589
20.92 -7.6201e-05
20.93 -4.64443e-05
20.94 -1.77622e-05
20.95 9.19019e-06
20.96 3.34924e-05
20.97 5.44119e-05
20.98 7.1745e-05
20.99 8.58122e-05
21 9.73085e-05
21.01 0.000106942
21.02 0.000115243
21.03 0.000122446
21.04 0.000128497
21.05 0.000133463
21.06 0.000137804
21.07 0.000142281
21.08 0.000147808
21.09 0.00015527
21.1 0.000165406
21.11 0.000178565
21.12 0.000194534
21.13 0.000212687
21.14 0.00023216
21.15 0.000252309
21.16 0.000272982
21.17 0.000294296
21.18 0.000316394
21.19 0.000339069
21.2 0.000361606
21.21 0.000383079
21.22 0.000402648
21.23 0.000419802
21.24 0.000434486
21.25 0.000446942
21.26 0.00045755
21.27 0.000466798
21.28 0.000475218
21.29 0.000483086
21.3 0.000490244
21.31 0.000496217
21.32 0.000500432
21.33 0.000502428
21.34 0.000501904
21.35 0.0004987
21.36 0.000492678
21.37 0.000483704
21.38 0.000471675
21.39 0.000456468
21.4 0.00043799
21.41 0.000416216
21.42 0.000391281
21.43 0.000363543
21.44 0.000333596
21.45 0.000302184
21.46 0.000270088
21.47 0.000237924
21.48 0.000205999
21.49 0.000174395
21.5 0.000143044
21.51 0.000112013
21.52 8.16602e-05
21.53 5.24724e-05
21.54 2.49112e-05
21.55 -7.50522e-07
21.56 -2.44981e-05
21.57 -4.64975e-05
21.58 -6.70223e-05
21.59 -8.64848e-05
21.6 -0.00010544
21.61 -0.000124378
21.62 -0.000143585
21.63 -0.000162952
21.64 -0.00018193
21.65 -0.000200022
21.66 -0.000217079
21.67 -0.000233271
21.68 -0.000248939
21.69 -0.000264254
21.7 -0.00027909
21.71 -0.000293272
21.72 -0.000306814
21.73 -0.000319829
21.74 -0.000332419
21.75 -0.00034477
21.76 -0.000357271
21.77 -0.000370357
21.78 -0.000384307
21.79 -0.000399074
21.8 -0.000414207
21.81 -0.000429248
21.82 -0.000444067
21.83 -0.000458752
21.84 -0.000473456
21.85 -0.000488306
21.86 -0.00050337
21.87 -0.000518599
21.88 -0.000533767
21.89 -0.000548438
21.9 -0.000561982
21.91 -0.000573677
21.92 -0.000582796
21.93 -0.000588866
21.94 -0.000591781
21.95 -0.000591541
21.96 -0.00058805
21.97 -0.000580951
21.98 -0.000569627
21.99 -0.000553729
22 -0.00053353
22.01 -0.00050979
22.02 -0.000483582
22.03 -0.000455724
22.04 -0.000426483
22.05 -0.000395764
22.06 -0.000363248
22.07 -0.000328814
22.08 -0.000292729
22.09 -0.000255323
22.1 -0.00021674
22.11 -0.000177012
22.12 -0.000136102
22.13 -9.41031e-05
22.14 -5.13077e-05
22.15 -7.90026e-06
22.16 3.61131e-05
22.17 8.05559e-05
22.18 0.000124771
22.19 0.000167759
22.2 0.000208474
22.21 0.00024624
22.22 0.00028094
22.23 0.000312654
22.24 0.000341341
22.25 0.000366786
22.26 0.000388692
22.27 0.000407023
22.28 0.000422192
22.29 0.000434833
22.3 0.000445633
22.31 0.000455231
22.32 0.000464231
22.33 0.000473445
22.34 0.000483923
22.35 0.000496467
22.36 0.000511223
22.37 0.000527763
22.38 0.00054532
22.39 0.000563097
22.4 0.000580427
22.41 0.000596832
22.42 0.000612037
22.43 0.000625816
22.44 0.000637901
22.45 0.000647912
22.46 0.000655304
22.47 0.000659543
22.48 0.000660255
22.49 0.0006572
22.5 0.000650265
22.51 0.000639501
22.52 0.00062512
22.53 0.000607372
22.54 0.000586428
22.55 0.000562376
22.56 0.000535303
22.57 0.000505362
22.58 0.000472837
22.59 0.000438129
22.6 0.000401702
22.61 0.000363969
22.62 0.000325214
22.63 0.000285646
22.64 0.00024546
22.65 0.000204847
22.66 0.000163982
22.67 0.000123091
22.68 8.25009e-05
22.69 4.24983e-05
22.7 3.20637e-06
22.71 -3.54e-05
22.72 -7.34627e-05
22.73 -0.000111182
22.74 -0.000148787
22.75 -0.000186435
22.76 -0.00022414
22.77 -0.000261711
22.78 -0.000298725
22.79 -0.000334799
22.8 -0.000369759
22.81 -0.000403554
22.82 -0.000436137
22.83 -0.000467425
22.84 -0.000497344
22.85 -0.000525789
22.86 -0.00055263
22.87 -0.000577745
22.88 -0.00060105
22.89 -0.000622511
22.9 -0.000642114
22.91 -0.000659789
22.92 -0.000675357
22.93 -0.000688452
22.94 -0.000698529
22.95 -0.000705124
22.96 -0.000708062
22.97 -0.0007074
22.98 -0.000703319
22.99 -0.000696008
23 -0.000685606
23.01 -0.000672297
23.02 -0.000656381
23.03 -0.00063811
23.04 -0.000617585
23.05 -0.000594842
23.06 -0.00056996
23.07 -0.000543109
23.08 -0.000514501
23.09 -0.000484363
23.1 -0.00045289
23.11 -0.000420151
23.12 -0.000386054
23.13 -0.000350419
23.14 -0.000313038
23.15 -0.000273878
23.16 -0.000233207
23.17 -0.000191432
23.18 -0.000148997
23.19 -0.000106302
23.2 -6.37057e-05
23.21 -2.14986e-05
23.22 2.0121e-05
23.23 6.10317e-05
23.24 0.000101172
23.25 0.00014047
23.26 0.000178841
23.27 0.000216215
23.28 0.000252614
23.29 0.000288264
23.3 0.000323621
23.31 0.000359192
23.32 0.000395341
23.33 0.000432293
23.34 0.000470169
23.35 0.000508932
23.36 0.000548348
23.37 0.000588076
23.38 0.000627729
23.39 0.000666916
23.4 0.000705215
23.41 0.000741969
23.42 0.000776189
23.43 0.000806777
23.44 0.0008328
23.45 0.000853595
23.46 0.000868817
23.47 0.000878443
23.48 0.000882733
23.49 0.000882101
23.5 0.000876972
23.51 0.000867708
23.52 0.000854585
23.53 0.000837796
23.54 0.000817492
23.55 0.000793962
23.56 0.000767729
23.57 0.000739305
23.58 0.000708945
23.59 0.000676615
23.6 0.000642008
23.61 0.000604848
23.62 0.000565081
23.63 0.000522906
23.64 0.000478778
23.65 0.00043316
23.66 0.000386399
23.67 0.000338688
23.68 0.000290062
23.69 0.000240582
23.7 0.00019045
23.71 0.000140026
23.72 8.98143e-05
23.73 4.04188e-05
23.74 -7.52424e-06
23.75 -5.36251e-05
23.76 -9.79484e-05
23.77 -0.000140809
23.78 -0.00018255
23.79 -0.000223414
23.8 -0.000263499
23.81 -0.000302836
23.82 -0.000341464
23.83 -0.000379504
23.84 -0.000417176
23.85 -0.000454694
23.86 -0.000492157
23.87 -0.000529519
23.88 -0.000566605
23.89 -0.000603156
23.9 -0.000638893
23.91 -0.000673585
23.92 -0.000707037
23.93 -0.000739069
23.94 -0.00076947
23.95 -0.000797776
23.96 -0.000823273
23.97 -0.000845133
23.98 -0.000862636
23.99 -0.000875376
24 -0.000883254
24.01 -0.00088638
24.02 -0.000884883
24.03 -0.000878796
24.04 -0.000868023
24.05 -0.000852441
24.06 -0.000832042
24.07 -0.000806892
24.08 -0.000777132
24.09 -0.000743156
24.1 -0.000705727
24.11 -0.000665682
24.12 -0.000623648
24.13 -0.000579996
24.14 -0.000534879
24.15 -0.000488535
24.16 -0.000441498
24.17 -0.000394332
24.18 -0.000347408
24.19 -0.00030107
24.2 -0.000255787
24.21 -0.000212092
24.22 -0.000170453
24.23 -0.000131111
24.24 -9.4052e-05
24.25 -5.92407e-05
24.26 -2.68098e-05
24.27 3.07855e-06
24.28 3.04044e-05
24.29 5.53863e-05
24.3 7.84805e-05
24.31 0.000100252
24.32 0.000121284
24.33 0.000142115
24.34 0.000163211
24.35 0.000184968
24.36 0.000207683
24.37 0.000231514
24.38 0.000256466
24.39 0.000282522
24.4 0.000309739
24.41 0.000338346
24.42 0.00036873
24.43 0.000401142
24.44 0.000435475
24.45 0.00047112
24.46 0.000506972
24.47 0.000541727
24.48 0.000574146
24.49 0.000603205
24.5 0.000628162
24.51 0.000648686
24.52 0.000664897
24.53 0.000677109
24.54 0.000685615
24.55 0.000690531
24.56 0.000691792
24.57 0.000689397
24.58 0.000683602
24.59 0.000674899
24.6 0.000663899
24.61 0.000651099
24.62 0.000636694
24.63 0.000620696
24.64 0.000603045
24.65 0.000583618
24.66 0.000562252
24.67 0.000538879
24.68 0.000513667
24.69 0.000487003
24.7 0.000459413
24.71 0.000431264
24.72 0.000402572
24.73 0.000373219
24.74 0.000343185
24.75 0.000312454
24.76 0.000280903
24.77 0.000248424
24.78 0.000215026
24.79 0.000180889
24.8 0.000146332
24.81 0.000111629
24.82 7.69133e-05
24.83 4.22292e-05
24.84 7.62729e-06
24.85 -2.68168e-05
24.86 -6.10408e-05
24.87 -9.49616e-05
24.88 -0.00012848
24.89 -0.000161428
24.9 -0.000193551
24.91 -0.000224646
24.92 -0.000254633
24.93 -0.00028356
24.94 -0.000311542
24.95 -0.000338645
24.96 -0.000364825
24.97 -0.000389954
24.98 -0.000413895
24.99 -0.000436482
25 -0.000457511
25.01 -0.000476946
25.02 -0.000495027
25.03 -0.000512205
25.04 -0.000529029
25.05 -0.000545838
25.06 -0.000562611
25.07 -0.000579072
25.08 -0.000594832
25.09 -0.000609635
25.1 -0.000623459
25.11 -0.000636333
25.12 -0.000648146
25.13 -0.000658595
25.14 -0.000667159
25.15 -0.000673234
25.16 -0.000676219
25.17 -0.00067557
25.18 -0.00067087
25.19 -0.000661972
25.2 -0.000649081
25.21 -0.0006326
25.22 -0.00061295
25.23 -0.000590431
25.24 -0.0005652
25.25 -0.000537365
25.26 -0.000507104
25.27 -0.000474777
25.28 -0.000440941
25.29 -0.000406199
25.3 -0.000371035
25.31 -0.000335731
25.32 -0.000300312
25.33 -0.00026478
25.34 -0.000229276
25.35 -0.000194063
25.36 -0.000159519
25.37 -0.000125918
25.38 -9.33224e-05
25.39 -6.16798e-05
25.4 -3.08881e-05
25.41 -8.42614e-07
25.42 2.85543e-05
25.43 5.74196e-05
25.44 8.58716e-05
25.45 0.000113941
25.46 0.000141532
25.47 0.000168533
25.48 0.0001949
25.49 0.00022073
25.5 0.000246246
25.51 0.000271559
25.52 0.000296533
25.53 0.000320945
25.54 0.000344671
25.55 0.000367761
25.56 0.000390423
25.57 0.000412871
25.58 0.000435214
25.59 0.0004574
25.6 0.000479193
25.61 0.000500228
25.62 0.000520049
25.63 0.000538203
25.64 0.000554336
25.65 0.000568226
25.66 0.000579795
25.67 0.000589085
25.68 0.000596218
25.69 0.000601246
25.7 0.000604072
25.71 0.000604537
25.72 0.000602522
25.73 0.000598063
25.74 0.000591381
25.75 0.000582615
25.76 0.000571616
25.77 0.000558024
25.78 0.000541367
25.79 0.000521328
25.8 0.000497897
25.81 0.000471225
25.82 0.000441527
25.83 0.00040911
25.84 0.000374441
25.85 0.000337998
25.86 0.000300143
25.87 0.000261171
25.88 0.000221406
25.89 0.00018128
25.9 0.000141338
25.91 0.000102164
25.92 6.42415e-05
25.93 2.79175e-05
25.94 -6.63499e-06
25.95 -3.93351e-05
25.96 -7.01146e-05
25.97 -9.88987e-05
25.98 -0.000125583
25.99 -0.000150107
26 -0.000172503
26.01 -0.00019289
26.02 -0.000211474
26.03 -0.000228482
26.04 -0.000244122
26.05 -0.000258552
26.06 -0.000271868
26.07 -0.000284199
26.08 -0.000295798
26.09 -0.000306957
26.1 -0.000317946
26.11 -0.000328982
26.12 -0.000340206
26.13 -0.000351617
26.14 -0.000363012
26.15 -0.000374068
26.16 -0.000384433
26.17 -0.000393807
26.18 -0.00040198
26.19 -0.000408804
26.2 -0.000414151
26.21 -0.000417832
26.22 -0.000419569
26.23 -0.00041905
26.24 -0.000416013
26.25 -0.000410293
26.26 -0.000401856
26.27 -0.000390697
26.28 -0.000376748
26.29 -0.000360067
26.3 -0.000340949
26.31 -0.00031983
26.32 -0.000297186
26.33 -0.000273333
26.34 -0.000248365
26.35 -0.000222225
26.36 -0.000194755
26.37 -0.000165943
26.38 -0.000136036
26.39 -0.000105453
26.4 -7.47107e-05
26.41 -4.41891e-05
26.42 -1.4009e-05
26.43 1.58828e-05
26.44 4.56324e-05
26.45 7.53366e-05
26.46 0.000104956
26.47 0.000134295
26.48 0.000163011
26.49 0.000190796
26.5 0.00021754
26.51 0.000243259
26.52 0.000267996
26.53 0.000291833
26.54 0.00031486
26.55 0.000337097
26.56 0.000358446
26.57 0.000378729
26.58 0.000397791
26.59 0.000415582
26.6 0.000432201
26.61 0.000447759
26.62 0.000462228
26.63 0.000475507
26.64 0.000487471
26.65 0.000497966
26.66 0.000506807
26.67 0.00051371
26.68 0.000518287
26.69 0.000520133
26.7 0.000518883
26.71 0.000514314
26.72 0.000506377
26.73 0.00049512
26.74 0.000480642
26.75 0.00046311
26.76 0.000442795
26.77 0.000419909
26.78 0.00039449
26.79 0.00036647
26.8 0.000335746
26.81 0.000302453
26.82 0.000267085
26.83 0.000230297
26.84 0.00019272
26.85 0.000154659
26.86 0.000115971
26.87 7.64274e-05
26.88 3.59821e-05
26.89 -5.11433e-06
26.9 -4.63232e-05
26.91 -8.70455e-05
26.92 -0.000126761
26.93 -0.000165095
26.94 -0.000201853
26.95 -0.000236955
26.96 -0.000270354
26.97 -0.000302022
26.98 -0.000331877
26.99 -0.000359748
27 -0.000385391
27.01 -0.00040863
27.02 -0.000429531
27.03 -0.000448468
27.04 -0.000466114
27.05 -0.000483176
27.06 -0.000500169
27.07 -0.000517471
27.08 -0.00053539
27.09 -0.000553965
27.1 -0.000572815
27.11 -0.000591328
27.12 -0.000608869
27.13 -0.000624998
27.14 -0.000639553
27.15 -0.000652419
27.16 -0.000663333
27.17 -0.000671787
27.18 -0.000677017
27.19 -0.00067832
27.2 -0.000675283
27.21 -0.000667844
27.22 -0.000656312
27.23 -0.000641184
27.24 -0.000623033
27.25 -0.000602373
27.26 -0.000579564
27.27 -0.000554711
27.28 -0.000527633
27.29 -0.000498222
27.3 -0.000466712
27.31 -0.000433562
27.32 -0.000399255
27.33 -0.000364107
27.34 -0.000328166
27.35 -0.000291322
27.36 -0.000253448
27.37 -0.000214354
27.38 -0.000173768
27.39 -0.000131711
27.4 -8.87425e-05
27.41 -4.56899e-05
27.42 -3.34684e-06
27.43 3.77995e-05
27.44 7.76473e-05
27.45 0.00011622
27.46 0.00015345
27.47 0.000189278
27.48 0.00022379
27.49 0.000257055
27.5 0.000289022
27.51 0.000319633
27.52 0.000348975
27.53 0.000377252
27.54 0.000404671
27.55 0.000431452
27.56 0.000457794
27.57 0.000483856
27.58 0.000509758
27.59 0.000535624
27.6 0.000561639
27.61 0.00058783
27.62 0.000613923
27.63 0.000639343
27.64 0.000663272
27.65 0.000684967
27.66 0.000703951
27.67 0.000719998
27.68 0.000733064
27.69 0.000743174
27.7 0.000750375
27.71 0.000754682
27.72 0.000756062
27.73 0.000754431
27.74 0.000749687
27.75 0.000741803
27.76 0.000730881
27.77 0.000717144
27.78 0.000700854
27.79 0.000682203
27.8 0.000661241
27.81 0.000638012
27.82 0.000612698
27.83 0.000585518
27.84 0.000556649
27.85 0.000526201
27.86 0.000494213
27.87 0.000460675
27.88 0.000425486
27.89 0.000388575
27.9 0.000349973
27.91 0.000309872
27.92 0.00026868
27.93 0.000226825
27.94 0.000184654
27.95 0.000142381
27.96 0.0001001
27.97 5.79584e-05
27.98 1.62491e-05
27.99 -2.45979e-05
28 -6.40828e-05
28.01 -0.000101775
28.02 -0.000137423
28.03 -0.00017098
28.04 -0.000202604
28.05 -0.000232594
28.06 -0.000261304
28.07 -0.000289037
28.08 -0.000315967
28.09 -0.000342173
28.1 -0.00036772
28.11 -0.000392689
28.12 -0.000417195
28.13 -0.000441448
28.14 -0.000465739
28.15 -0.000490324
28.16 -0.000515273
28.17 -0.00054037
28.18 -0.000565074
28.19 -0.000588758
28.2 -0.000610945
28.21 -0.000631185
28.22 -0.000648967
28.23 -0.000663914
28.24 -0.000675908
28.25 -0.000685066
28.26 -0.00069162
28.27 -0.000695621
28.28 -0.000696804
28.29 -0.000694774
28.3 -0.000689208
28.31 -0.000680013
28.32 -0.000667359
28.33 -0.000651562
28.34 -0.000632995
28.35 -0.000612036
28.36 -0.000589066
28.37 -0.000564387
28.38 -0.000538191
28.39 -0.000510512
28.4 -0.000481262
28.41 -0.000450391
28.42 -0.000417983
28.43 -0.00038429
28.44 -0.000349665
28.45 -0.0003144
28.46 -0.000278645
28.47 -0.000242427
28.48 -0.000205745
28.49 -0.000168627
28.5 -0.000131152
28.51 -9.34415e-05
28.52 -5.56162e-05
28.53 -1.79093e-05
28.54 1.92912e-05
28.55 5.55748e-05
28.56 9.06206e-05
28.57 0.000124252
28.58 0.000156397
28.59 0.000187027
28.6 0.000216103
28.61 0.000243565
28.62 0.000269354
28.63 0.000293357
28.64 0.000315387
28.65 0.000335295
28.66 0.000353053
28.67 0.000368876
28.68 0.000383243
28.69 0.000396635
28.7 0.00040932
28.71 0.000421272
28.72 0.000432179
28.73 0.000441741
28.74 0.000449888
28.75 0.000456607
28.76 0.000461806
28.77 0.000465364
28.78 0.000467192
28.79 0.000467299
28.8 0.000465756
28.81 0.000462459
28.82 0.000457003
28.83 0.000449035
28.84 0.000438552
28.85 0.00042579
28.86 0.000411039
28.87 0.000394436
28.88 0.000375886
28.89 0.000355265
28.9 0.000332575
28.91 0.000308018
28.92 0.000281995
28.93 0.000254934
28.94 0.000227209
28.95 0.000199141
28.96 0.000171013
28.97 0.000143081
28.98 0.00011556
28.99 8.85851e-05
29 6.22107e-05
29.01 3.65357e-05
29.02 1.17676e-05
29.03 -1.18406e-05
29.04 -3.40904e-05
29.05 -5.48576e-05
29.06 -7.40449e-05
29.07 -9.1612e-05
29.08 -0.000107568
29.09 -0.000121921
29.1 -0.000134653
29.11 -0.000145763
29.12 -0.000155323
29.13 -0.000163481
29.14 -0.000170469
29.15 -0.000176564
29.16 -0.00018207
29.17 -0.000187246
29.18 -0.000192248
29.19 -0.000197119
29.2 -0.000201778
29.21 -0.000206108
29.22 -0.000210009
29.23 -0.000213372
29.24 -0.00021605
29.25 -0.000217924
29.26 -0.000218957
29.27 -0.00021913
29.28 -0.000218397
29.29 -0.000216642
29.3 -0.000213695
29.31 -0.000209393
29.32 -0.000203627
29.33 -0.000196336
29.34 -0.000187477
29.35 -0.000177132
29.36 -0.000165588
29.37 -0.000153196
29.38 -0.000140271
29.39 -0.000126994
29.4 -0.000113394
29.41 -9.94516e-05
29.42 -8.51687e-05
29.43 -7.06332e-05
29.44 -5.60248e-05
29.45 -4.15629e-05
29.46 -2.74621e-05
29.47 -1.3858e-05
29.48 -7.7585e-07
29.49 1.18023e-05
29.5 2.38575e-05
29.51 3.534e-05
29.52 4.61736e-05
29.53 5.62594e-05
29.54 6.55028e-05
29.55 7.38111e-05
29.56 8.11278e-05
29.57 8.74412e-05
29.58 9.27679e-05
29.59 9.72209e-05
29.6 0.00010102
29.61 0.000104371
29.62 0.000107382
29.63 0.000110067
29.64 0.000112386
29.65 0.000114304
29.66 0.000115803
29.67 0.000116898
29.68 0.000117631
29.69 0.000118045
29.7 0.000118154
29.71 0.00011792
29.72 0.000117241
29.73 0.000116019
29.74 0.000114231
29.75 0.000111859
29.76 0.000108855
29.77 0.000105168
29.78 0.000100774
29.79 9.56741e-05
29.8 8.98648e-05
29.81 8.33565e-05
29.82 7.61984e-05
29.83 6.84847e-05
29.84 6.03583e-05
29.85 5.19648e-05
29.86 4.34164e-05
29.87 3.47919e-05
29.88 2.61468e-05
29.89 1.75225e-05
29.9 8.94915e-06
29.91 4.7563e-07
29.92 -7.81837e-06
29.93 -1.58139e-05
29.94 -2.33535e-05
29.95 -3.0333e-05
29.96 -3.67512e-05
29.97 -4.26572e-05
29.98 -4.80958e-05
29.99 -5.3078e-05
30 -5.75856e-05
30.01 -6.16217e-05
30.02 -6.52476e-05
30.03 -6.85047e-05
30.04 -7.13574e-05
30.05 -7.37402e-05
30.06 -7.55957e-05
30.07 -7.69327e-05
30.08 -7.7828e-05
30.09 -7.83462e-05
30.1 -7.84938e-05
30.11 -7.82348e-05
30.12 -7.75369e-05
30.13 -7.63989e-05
30.14 -7.48566e-05
30.15 -7.29463e-05
30.16 -7.06771e-05
30.17 -6.80762e-05
30.18 -6.5216e-05
30.19 -6.21883e-05
30.2 -5.90645e-05
30.21 -5.58643e-05
30.22 -5.25567e-05
30.23 -4.91025e-05
30.24 -4.54939e-05
30.25 -4.17624e-05
30.26 -3.79671e-05
30.27 -3.41724e-05
30.28 -3.04325e-05
30.29 -2.67843e-05
30.3 -2.32458e-05
30.31 -1.98119e-05
30.32 -1.64531e-05
30.33 -1.31428e-05
30.34 -9.88027e-06
30.35 -6.7073e-06
30.36 -3.71024e-06
30.37 -9.59547e-07
30.38 1.53512e-06
30.39 3.81736e-06
30.4 5.96617e-06
30.41 8.04571e-06
30.42 1.00768e-05
30.43 1.20482e-05
30.44 1.39297e-05
30.45 1.56998e-05
30.46 1.73609e-05
30.47 1.89244e-05
30.48 2.03981e-05
30.49 2.17903e-05
30.5 2.31073e-05
30.51 2.43461e-05
30.52 2.54858e-05
30.53 2.65013e-05
30.54 2.73867e-05
30.55 2.81522e-05
30.56 2.88203e-05
30.57 2.94228e-05
30.58 2.99921e-05
30.59 3.05466e-05
30.6 3.10808e-05
30.61 3.15815e-05
30.62 3.20451e-05
30.63 3.24803e-05
30.64 3.29063e-05
30.65 3.33274e-05
30.66 3.37168e-05
30.67 3.40392e-05
30.68 3.42688e-05
30.69 3.43844e-05
30.7 3.43609e-05
30.71 3.41785e-05
30.72 3.38334e-05
30.73 3.33253e-05
30.74 3.26447e-05
30.75 3.1779e-05
30.76 3.07198e-05
30.77 2.94608e-05
30.78 2.79961e-05
30.79 2.63209e-05
30.8 2.44317e-05
30.81 2.23388e-05
30.82 2.00708e-05
30.83 1.76631e-05
30.84 1.51485e-05
30.85 1.25425e-05
30.86 9.83907e-06
30.87 7.02878e-06
30.88 4.11168e-06
30.89 1.10252e-06
30.9 -1.97151e-06
30.91 -5.07648e-06
30.92 -8.17488e-06
30.93 -1.12294e-05
30.94 -1.42053e-05
30.95 -1.70752e-05
30.96 -1.98194e-05
30.97 -2.24167e-05
30.98 -2.48343e-05
30.99 -2.7033e-05
31 -2.89762e-05
31.01 -3.06325e-05
31.02 -3.19798e-05
31.03 -3.30088e-05
31.04 -3.37247e-05
31.05 -3.41423e-05
31.06 -3.42795e-05
31.07 -3.41536e-05
31.08 -3.37788e-05
31.09 -3.31693e-05
31.1 -3.23428e-05
31.11 -3.13233e-05
31.12 -3.01425e-05
31.13 -2.88359e-05
31.14 -2.74379e-05
31.15 -2.59819e-05
31.16 -2.44987e-05
31.17 -2.30142e-05
31.18 -2.15478e-05
31.19 -2.01138e-05
31.2 -1.87247e-05
31.21 -1.73919e-05
31.22 -1.61263e-05
31.23 -1.49362e-05
31.24 -1.38264e-05
31.25 -1.27986e-05
31.26 -1.18521e-05
31.27 -1.09826e-05
31.28 -1.01809e-05
31.29 -9.43701e-06
31.3 -8.74292e-06
31.31 -8.09177e-06
31.32 -7.47599e-06
31.33 -6.8853e-06
31.34 -6.30606e-06
31.35 -5.72308e-06
31.36 -5.12127e-06
31.37 -4.48669e-06
31.38 -3.80708e-06
31.39 -3.07206e-06
31.4 -2.27322e-06
31.41 -1.40457e-06
31.42 -4.6225e-07
31.43 5.56197e-07
31.44 1.65243e-06
31.45 2.82785e-06
31.46 4.08317e-06
31.47 5.41717e-06
31.48 6.82582e-06
31.49 8.30223e-06
31.5 9.83726e-06
31.51 1.14202e-05
31.52 1.3039e-05
31.53 1.46808e-05
31.54 1.6332e-05
31.55 1.79786e-05
31.56 1.96061e-05
31.57 2.11998e-05
31.58 2.27446e-05
31.59 2.4225e-05
31.6 2.56261e-05
31.61 2.69337e-05
31.62 2.81346e-05
31.63 2.92169e-05
31.64 3.01698e-05
31.65 3.09828e-05
31.66 3.1646e-05
31.67 3.215e-05
31.68 3.24859e-05
31.69 3.26462e-05
31.7 3.26248e-05
31.71 3.24175e-05
31.72 3.20224e-05
31.73 3.14396e-05
31.74 3.06716e-05
31.75 2.97223e-05
31.76 2.85972e-05
31.77 2.73036e-05
31.78 2.58498e-05
31.79 2.42458e-05
31.8 2.25032e-05
31.81 2.06352e-05
31.82 1.86565e-05
31.83 1.65832e-05
31.84 1.44326e-05
31.85 1.22228e-05
31.86 9.97283e-06
31.87 7.70206e-06
31.88 5.43014e-06
31.89 3.17673e-06
31.9 9.61196e-07
31.91 -1.19772e-06
31.92 -3.28227e-06
31.93 -5.27604e-06
31.94 -7.16426e-06
31.95 -8.93405e-06
31.96 -1.05745e-05
31.97 -1.20769e-05
31.98 -1.34359e-05
31.99 -1.4649e-05
32 -1.5714e-05
32.01 -1.66296e-05
32.02 -1.73974e-05
32.03 -1.8022e-05
32.04 -1.85112e-05
32.05 -1.88744e-05
32.06 -1.9123e-05
32.07 -1.92693e-05
32.08 -1.93273e-05
32.09 -1.93115e-05
32.1 -1.92368e-05
32.11 -1.9118e-05
32.12 -1.89697e-05
32.13 -1.88058e-05
32.14 -1.86398e-05
32.15 -1.84843e-05
32.16 -1.83501e-05
32.17 -1.82462e-05
32.18 -1.81793e-05
32.19 -1.81536e-05
32.2 -1.81712e-05
32.21 -1.82323e-05
32.22 -1.83349e-05
32.23 -1.84748e-05
32.24 -1.86458e-05
32.25 -1.88395e-05
32.26 -1.90455e-05
32.27 -1.92517e-05
32.28 -1.94444e-05
32.29 -1.96091e-05
32.3 -1.97305e-05
32.31 -1.97932e-05
32.32 -1.97823e-05
32.33 -1.96833e-05
32.34 -1.94829e-05
32.35 -1.9169e-05
32.36 -1.87307e-05
32.37 -1.81589e-05
32.38 -1.74464e-05
32.39 -1.65883e-05
32.4 -1.55818e-05
32.41 -1.44269e-05
32.42 -1.31261e-05
32.43 -1.16843e-05
32.44 -1.0109e-05
32.45 -8.40992e-06
32.46 -6.59896e-06
32.47 -4.69002e-06
32.48 -2.69877e-06
32.49 -6.42366e-07
32.5 1.46079e-06
32.51 3.59143e-06
32.52 5.72973e-06
32.53 7.85573e-06
32.54 9.94967e-06
32.55 1.19923e-05
32.56 1.39652e-05
32.57 1.58509e-05
32.58 1.76334e-05
32.59 1.92978e-05
32.6 2.08312e-05
32.61 2.22222e-05
32.62 2.34614e-05
32.63 2.45415e-05
32.64 2.54573e-05
32.65 2.62056e-05
32.66 2.67853e-05
32.67 2.71974e-05
32.68 2.74446e-05
32.69 2.75312e-05
32.7 2.74634e-05
32.71 2.72483e-05
32.72 2.68946e-05
32.73 2.64118e-05
32.74 2.58103e-05
32.75 2.5101e-05
32.76 2.42955e-05
32.77 2.34055e-05
32.78 2.24427e-05
32.79 2.1419e-05
32.8 2.03457e-05
32.81 1.9234e-05
32.82 1.80946e-05
32.83 1.69375e-05
32.84 1.5772e-05
32.85 1.46066e-05
32.86 1.34488e-05
32.87 1.23053e-05
32.88 1.11818e-05
32.89 1.00829e-05
32.9 9.01232e-06
32.91 7.97286e-06
32.92 6.96634e-06
32.93 5.99374e-06
32.94 5.05516e-06
32.95 4.14991e-06
32.96 3.27653e-06
32.97 2.43284e-06
32.98 1.61602e-06
32.99 8.22663e-07
33 4.88911e-08
33.01 -7.09578e-07
33.02 -1.45731e-06
33.03 -2.19903e-06
33.04 -2.93953e-06
33.05 -3.68352e-06
33.06 -4.43552e-06
33.07 -5.19975e-06
33.08 -5.97998e-06
33.09 -6.77941e-06
33.1 -7.60062e-06
33.11 -8.44537e-06
33.12 -9.31459e-06
33.13 -1.02083e-05
33.14 -1.11254e-05
33.15 -1.20639e-05
33.16 -1.30207e-05
33.17 -1.39913e-05
33.18 -1.49705e-05
33.19 -1.59517e-05
33.2 -1.69275e-05
33.21 -1.78893e-05
33.22 -1.88278e-05
33.23 -1.9733e-05
33.24 -2.05942e-05
33.25 -2.14003e-05
33.26 -2.21401e-05
33.27 -2.28023e-05
33.28 -2.33756e-05
33.29 -2.38493e-05
33.3 -2.42131e-05
33.31 -2.44577e-05
33.32 -2.45746e-05
33.33 -2.45565e-05
33.34 -2.43976e-05
33.35 -2.40934e-05
33.36 -2.36413e-05
33.37 -2.30402e-05
33.38 -2.22911e-05
33.39 -2.13966e-05
33.4 -2.03614e-05
33.41 -1.91918e-05
33.42 -1.78962e-05
33.43 -1.64845e-05
33.44 -1.4968e-05
33.45 -1.33596e-05
33.46 -1.16733e-05
33.47 -9.92406e-06
33.48 -8.12749e-06
33.49 -6.29976e-06
33.5 -4.45725e-06
33.51 -2.61628e-06
33.52 -7.92908e-07
33.53 9.97396e-07
33.54 2.73994e-06
33.55 4.42107e-06
33.56 6.02835e-06
33.57 7.55077e-06
33.58 8.97887e-06
33.59 1.03049e-05
33.6 1.15229e-05
33.61 1.26285e-05
33.62 1.36196e-05
33.63 1.44953e-05
33.64 1.5257e-05
33.65 1.59072e-05
33.66 1.64502e-05
33.67 1.68915e-05
33.68 1.72378e-05
33.69 1.74967e-05
33.7 1.76766e-05
33.71 1.77863e-05
33.72 1.7835e-05
33.73 1.78319e-05
33.74 1.77861e-05
33.75 1.77064e-05
33.76 1.76009e-05
33.77 1.74771e-05
33.78 1.73416e-05
33.79 1.72e-05
33.8 1.70567e-05
33.81 1.69151e-05
33.82 1.67773e-05
33.83 1.66442e-05
33.84 1.65155e-05
33.85 1.63898e-05
33.86 1.62645e-05
33.87 1.61362e-05
33.88 1.60005e-05
33.89 1.58524e-05
33.9 1.56861e-05
33.91 1.54956e-05
33.92 1.52745e-05
33.93 1.50163e-05
33.94 1.47148e-05
33.95 1.43635e-05
33.96 1.39569e-05
33.97 1.34894e-05
33.98 1.29566e-05
33.99 1.23544e-05
34 1.16798e-05
34.01 1.09307e-05
34.02 1.01059e-05
34.03 9.20526e-06
34.04 8.22985e-06
34.05 7.18166e-06
34.06 6.06382e-06
34.07 4.88044e-06
34.08 3.63668e-06
34.09 2.33859e-06
34.1 9.931e-07
34.11 -3.92063e-07
34.12 -1.80849e-06
34.13 -3.24719e-06
34.14 -4.69865e-06
34.15 -6.15301e-06
34.16 -7.60014e-06
34.17 -9.02976e-06
34.18 -1.04316e-05
34.19 -1.17954e-05
34.2 -1.31111e-05
34.21 -1.43691e-05
34.22 -1.556e-05
34.23 -1.6675e-05
34.24 -1.7706e-05
34.25 -1.86454e-05
34.26 -1.94867e-05
34.27 -2.02237e-05
34.28 -2.08517e-05
34.29 -2.13666e-05
34.3 -2.17653e-05
34.31 -2.2046e-05
34.32 -2.22077e-05
34.33 -2.22506e-05
34.34 -2.21758e-05
34.35 -2.19857e-05
34.36 -2.16836e-05
34.37 -2.12737e-05
34.38 -2.07612e-05
34.39 -2.01523e-05
34.4 -1.94537e-05
34.41 -1.8673e-05
34.42 -1.78182e-05
34.43 -1.68982e-05
34.44 -1.59217e-05
34.45 -1.4898e-05
34.46 -1.38364e-05
34.47 -1.27463e-05
34.48 -1.16367e-05
34.49 -1.05167e-05
34.5 -9.39454e-06
34.51 -8.27831e-06
34.52 -7.17533e-06
34.53 -6.09219e-06
34.54 -5.0347e-06
34.55 -4.00777e-06
34.56 -3.01538e-06
34.57 -2.06057e-06
34.58 -1.14534e-06
34.59 -2.70771e-07
34.6 5.63063e-07
34.61 1.35698e-06
34.62 2.11265e-06
34.63 2.83254e-06
34.64 3.51975e-06
34.65 4.17799e-06
34.66 4.81136e-06
34.67 5.42429e-06
34.68 6.02137e-06
34.69 6.6072e-06
34.7 7.18624e-06
34.71 7.76267e-06
34.72 8.34027e-06
34.73 8.92225e-06
34.74 9.51118e-06
34.75 1.01088e-05
34.76 1.07162e-05
34.77 1.13332e-05
34.78 1.1959e-05
34.79 1.25916e-05
34.8 1.32282e-05
34.81 1.3865e-05
34.82 1.44971e-05
34.83 1.51191e-05
34.84 1.57246e-05
34.85 1.63067e-05
34.86 1.68579e-05
34.87 1.73706e-05
34.88 1.78366e-05
34.89 1.8248e-05
34.9 1.85967e-05
34.91 1.88751e-05
34.92 1.9076e-05
34.93 1.91927e-05
34.94 1.92193e-05
34.95 1.91506e-05
34.96 1.89826e-05
34.97 1.87122e-05
34.98 1.83376e-05
34.99 1.78581e-05
35 1.72741e-05
35.01 1.65876e-05
35.02 1.58014e-05
35.03 1.49198e-05
35.04 1.39482e-05
35.05 1.2893e-05
35.06 1.17616e-05
35.07 1.05622e-05
35.08 9.30379e-06
35.09 7.99601e-06
35.1 6.64892e-06
35.11 5.27289e-06
35.12 3.87847e-06
35.13 2.47621e-06
35.14 1.07656e-06
35.15 -3.10316e-07
35.16 -1.67466e-06
35.17 -3.00723e-06
35.18 -4.29939e-06
35.19 -5.54327e-06
35.2 -6.73177e-06
35.21 -7.85867e-06
35.22 -8.91863e-06
35.23 -9.90729e-06
35.24 -1.08212e-05
35.25 -1.16579e-05
35.26 -1.24158e-05
35.27 -1.30943e-05
35.28 -1.36934e-05
35.29 -1.42143e-05
35.3 -1.46586e-05
35.31 -1.50286e-05
35.32 -1.53272e-05
35.33 -1.55577e-05
35.34 -1.57241e-05
35.35 -1.58302e-05
35.36 -1.58804e-05
35.37 -1.58791e-05
35.38 -1.58306e-05
35.39 -1.57394e-05
35.4 -1.56097e-05
35.41 -1.54454e-05
35.42 -1.52505e-05
35.43 -1.50283e-05
35.44 -1.4782e-05
35.45 -1.45144e-05
35.46 -1.42277e-05
35.47 -1.39238e-05
35.48 -1.3604e-05
35.49 -1.32695e-05
35.5 -1.29207e-05
35.51 -1.25576e-05
35.52 -1.218e-05
35.53 -1.17872e-05
35.54 -1.13782e-05
35.55 -1.09516e-05
35.56 -1.05058e-05
35.57 -1.00391e-05
35.58 -9.54945e-06
35.59 -9.03497e-06
35.6 -8.49359e-06
35.61 -7.92332e-06
35.62 -7.32228e-06
35.63 -6.68876e-06
35.64 -6.0213e-06
35.65 -5.31875e-06
35.66 -4.58029e-06
35.67 -3.80556e-06
35.68 -2.99463e-06
35.69 -2.14812e-06
35.7 -1.26717e-06
35.71 -3.53524e-07
35.72 5.90483e-07
35.73 1.5619e-06
35.74 2.55715e-06
35.75 3.57206e-06
35.76 4.60188e-06
35.77 5.6413e-06
35.78 6.68449e-06
35.79 7.72518e-06
35.8 8.7567e-06
35.81 9.77207e-06
35.82 1.07641e-05
35.83 1.17253e-05
35.84 1.26484e-05
35.85 1.35259e-05
35.86 1.43507e-05
35.87 1.51158e-05
35.88 1.58145e-05
35.89 1.64407e-05
35.9 1.69889e-05
35.91 1.7454e-05
35.92 1.78318e-05
35.93 1.81189e-05
35.94 1.83128e-05
35.95 1.84117e-05
35.96 1.84149e-05
35.97 1.83225e-05
35.98 1.81358e-05
35.99 1.78569e-05
36 1.74887e-05
36.01 1.70351e-05
36.02 1.65007e-05
36.03 1.5891e-05
36.04 1.5212e-05
36.05 1.44703e-05
36.06 1.36729e-05
36.07 1.28272e-05
36.08 1.19407e-05
36.09 1.10213e-05
36.1 1.00765e-05
36.11 9.11399e-06
36.12 8.14102e-06
36.13 7.16462e-06
36.14 6.19132e-06
36.15 5.22718e-06
36.16 4.27765e-06
36.17 3.34752e-06
36.18 2.44091e-06
36.19 1.56122e-06
36.2 7.11107e-07
36.21 -1.07491e-07
36.22 -8.93358e-07
36.23 -1.64595e-06
36.24 -2.36538e-06
36.25 -3.05231e-06
36.26 -3.70793e-06
36.27 -4.33387e-06
36.28 -4.93209e-06
36.29 -5.50482e-06
36.3 -6.05446e-06
36.31 -6.58348e-06
36.32 -7.09433e-06
36.33 -7.58935e-06
36.34 -8.0707e-06
36.35 -8.54026e-06
36.36 -8.99957e-06
36.37 -9.44978e-06
36.38 -9.89159e-06
36.39 -1.03252e-05
36.4 -1.07504e-05
36.41 -1.11662e-05
36.42 -1.15715e-05
36.43 -1.19644e-05
36.44 -1.23425e-05
36.45 -1.27032e-05
36.46 -1.30433e-05
36.47 -1.33594e-05
36.48 -1.36478e-05
36.49 -1.39045e-05
36.5 -1.41254e-05
36.51 -1.43065e-05
36.52 -1.44438e-05
36.53 -1.45332e-05
36.54 -1.45711e-05
36.55 -1.45539e-05
36.56 -1.44786e-05
36.57 -1.43423e-05
36.58 -1.41428e-05
36.59 -1.38784e-05
36.6 -1.35478e-05
36.61 -1.31505e-05
36.62 -1.26863e-05
36.63 -1.21561e-05
36.64 -1.1561e-05
36.65 -1.0903e-05
36.66 -1.01845e-05
36.67 -9.4089e-06
36.68 -8.57974e-06
36.69 -7.70132e-06
36.7 -6.7784e-06
36.71 -5.81617e-06
36.72 -4.82023e-06
36.73 -3.7965e-06
36.74 -2.75118e-06
36.75 -1.69065e-06
36.76 -6.21437e-07
36.77 4.49863e-07
36.78 1.51666e-06
36.79 2.57245e-06
36.8 3.61084e-06
36.81 4.62567e-06
36.82 5.61101e-06
36.83 6.56127e-06
36.84 7.47125e-06
36.85 8.33613e-06
36.86 9.15158e-06
36.87 9.91376e-06
36.88 1.06194e-05
36.89 1.12656e-05
36.9 1.18504e-05
36.91 1.2372e-05
36.92 1.28294e-05
36.93 1.32222e-05
36.94 1.35504e-05
36.95 1.38147e-05
36.96 1.40161e-05
36.97 1.41564e-05
36.98 1.42375e-05
36.99 1.42619e-05
37 1.42323e-05
37.01 1.41517e-05
37.02 1.40236e-05
37.03 1.38513e-05
37.04 1.36383e-05
37.05 1.33883e-05
37.06 1.31048e-05
37.07 1.27914e-05
37.08 1.24513e-05
37.09 1.20879e-05
37.1 1.17039e-05
37.11 1.13022e-05
37.12 1.08851e-05
37.13 1.04546e-05
37.14 1.00124e-05
37.15 9.55977e-06
37.16 9.0977e-06
37.17 8.62675e-06
37.18 8.14714e-06
37.19 7.65877e-06
37.2 7.16123e-06
37.21 6.65387e-06
37.22 6.13582e-06
37.23 5.60603e-06
37.24 5.06337e-06
37.25 4.50664e-06
37.26 3.93468e-06
37.27 3.34637e-06
37.28 2.74076e-06
37.29 2.11709e-06
37.3 1.47486e-06
37.31 8.1387e-07
37.32 1.34295e-07
37.33 -5.63302e-07
37.34 -1.27792e-06
37.35 -2.00812e-06
37.36 -2.75197e-06
37.37 -3.50707e-06
37.38 -4.27057e-06
37.39 -5.03914e-06
37.4 -5.80905e-06
37.41 -6.57616e-06
37.42 -7.33599e-06
37.43 -8.08377e-06
37.44 -8.81451e-06
37.45 -9.52302e-06
37.46 -1.02041e-05
37.47 -1.08524e-05
37.48 -1.14627e-05
37.49 -1.203e-05
37.5 -1.25493e-05
37.51 -1.30162e-05
37.52 -1.34264e-05
37.53 -1.37761e-05
37.54 -1.4062e-05
37.55 -1.42813e-05
37.56 -1.44319e-05
37.57 -1.45122e-05
37.58 -1.45212e-05
37.59 -1.44587e-05
37.6 -1.4325e-05
37.61 -1.41212e-05
37.62 -1.38488e-05
37.63 -1.35101e-05
37.64 -1.3108e-05
37.65 -1.26457e-05
37.66 -1.21271e-05
37.67 -1.15564e-05
37.68 -1.09381e-05
37.69 -1.02771e-05
37.7 -9.57847e-06
37.71 -8.84746e-06
37.72 -8.08933e-06
37.73 -7.30939e-06
37.74 -6.51288e-06
37.75 -5.70493e-06
37.76 -4.8905e-06
37.77 -4.07429e-06
37.78 -3.26075e-06
37.79 -2.454e-06
37.8 -1.65781e-06
37.81 -8.75592e-07
37.82 -1.10346e-07
37.83 6.3532e-07
37.84 1.3592e-06
37.85 2.0595e-06
37.86 2.73479e-06
37.87 3.38403e-06
37.88 4.00652e-06
37.89 4.60188e-06
37.9 5.17001e-06
37.91 5.71107e-06
37.92 6.22542e-06
37.93 6.7136e-06
37.94 7.17627e-06
37.95 7.61418e-06
37.96 8.02813e-06
37.97 8.41893e-06
37.98 8.78735e-06
37.99 9.13411e-06
38 9.4598e-06
38.01 9.76492e-06
38.02 1.00498e-05
38.03 1.03146e-05
38.04 1.05593e-05
38.05 1.07837e-05
38.06 1.09874e-05
38.07 1.11698e-05
38.08 1.133e-05
38.09 1.14672e-05
38.1 1.158e-05
38.11 1.16672e-05
38.12 1.17273e-05
38.13 1.17589e-05
38.14 1.17602e-05
38.15 1.17296e-05
38.16 1.16655e-05
38.17 1.15661e-05
38.18 1.143e-05
38.19 1.12555e-05
38.2 1.10414e-05
38.21 1.07865e-05
38.22 1.04898e-05
38.23 1.01507e-05
38.24 9.76866e-06
38.25 9.3436e-06
38.26 8.87573e-06
38.27 8.36561e-06
38.28 7.81417e-06
38.29 7.22274e-06
38.3 6.59303e-06
38.31 5.92712e-06
38.32 5.22752e-06
38.33 4.49707e-06
38.34 3.73902e-06
38.35 2.95692e-06
38.36 2.15465e-06
38.37 1.33636e-06
38.38 5.06469e-07
38.39 -3.30437e-07
38.4 -1.1696e-06
38.41 -2.00615e-06
38.42 -2.83518e-06
38.43 -3.65176e-06
38.44 -4.45104e-06
38.45 -5.22825e-06
38.46 -5.97879e-06
38.47 -6.69829e-06
38.48 -7.38262e-06
38.49 -8.02796e-06
38.5 -8.63087e-06
38.51 -9.18825e-06
38.52 -9.69746e-06
38.53 -1.01563e-05
38.54 -1.0563e-05
38.55 -1.09163e-05
38.56 -1.12153e-05
38.57 -1.14599e-05
38.58 -1.165e-05
38.59 -1.17864e-05
38.6 -1.187e-05
38.61 -1.19023e-05
38.62 -1.18849e-05
38.63 -1.18201e-05
38.64 -1.17102e-05
38.65 -1.15578e-05
38.66 -1.13656e-05
38.67 -1.11366e-05
38.68 -1.08737e-05
38.69 -1.058e-05
38.7 -1.02584e-05
38.71 -9.91188e-06
38.72 -9.54318e-06
38.73 -9.15498e-06
38.74 -8.74974e-06
38.75 -8.3297e-06
38.76 -7.89688e-06
38.77 -7.45305e-06
38.78 -6.99972e-06
38.79 -6.53813e-06
38.8 -6.06928e-06
38.81 -5.59391e-06
38.82 -5.11253e-06
38.83 -4.62546e-06
38.84 -4.13281e-06
38.85 -3.63458e-06
38.86 -3.13063e-06
38.87 -2.62074e-06
38.88 -2.10466e-06
38.89 -1.58215e-06
38.9 -1.05299e-06
38.91 -5.17051e-07
38.92 2.56761e-08
38.93 5.7506e-07
38.94 1.13078e-06
38.95 1.69233e-06
38.96 2.25894e-06
38.97 2.82964e-06
38.98 3.40316e-06
38.99 3.978e-06
39 4.55238e-06
39.01 5.1243e-06
39.02 5.69148e-06
39.03 6.25144e-06
39.04 6.80148e-06
39.05 7.33876e-06
39.06 7.86026e-06
39.07 8.36287e-06
39.08 8.84344e-06
39.09 9.29874e-06
39.1 9.72559e-06
39.11 1.01209e-05
39.12 1.04815e-05
39.13 1.08047e-05
39.14 1.10876e-05
39.15 1.13279e-05
39.16 1.15231e-05
39.17 1.16715e-05
39.18 1.17714e-05
39.19 1.18214e-05
39.2 1.18207e-05
39.21 1.17687e-05
39.22 1.16651e-05
39.23 1.15102e-05
39.24 1.13046e-05
39.25 1.10493e-05
39.26 1.07456e-05
39.27 1.03952e-05
39.28 1.00002e-05
39.29 9.56286e-06
39.3 9.08594e-06
39.31 8.57234e-06
39.32 8.02518e-06
39.33 7.44782e-06
39.34 6.84376e-06
39.35 6.21662e-06
39.36 5.57011e-06
39.37 4.908e-06
39.38 4.23404e-06
39.39 3.55198e-06
39.4 2.86549e-06
39.41 2.17815e-06
39.42 1.49342e-06
39.43 8.14591e-07
39.44 1.44778e-07
39.45 -5.13111e-07
39.46 -1.15639e-06
39.47 -1.78262e-06
39.48 -2.38961e-06
39.49 -2.97542e-06
39.5 -3.53838e-06
39.51 -4.0771e-06
39.52 -4.59043e-06
39.53 -5.07749e-06
39.54 -5.53762e-06
39.55 -5.9704e-06
39.56 -6.37563e-06
39.57 -6.75329e-06
39.58 -7.10352e-06
39.59 -7.42664e-06
39.6 -7.72304e-06
39.61 -7.99323e-06
39.62 -8.23779e-06
39.63 -8.45733e-06
39.64 -8.65247e-06
39.65 -8.82381e-06
39.66 -8.97193e-06
39.67 -9.09735e-06
39.68 -9.2005e-06
39.69 -9.28172e-06
39.7 -9.34126e-06
39.71 -9.37923e-06
39.72 -9.39563e-06
39.73 -9.39033e-06
39.74 -9.3631e-06
39.75 -9.31357e-06
39.76 -9.24127e-06
39.77 -9.14565e-06
39.78 -9.02608e-06
39.79 -8.88185e-06
39.8 -8.71227e-06
39.81 -8.51659e-06
39.82 -8.29413e-06
39.83 -8.04422e-06
39.84 -7.76629e-06
39.85 -7.45988e-06
39.86 -7.12466e-06
39.87 -6.76046e-06
39.88 -6.36731e-06
39.89 -5.94545e-06
39.9 -5.49536e-06
39.91 -5.01776e-06
39.92 -4.51365e-06
39.93 -3.98429e-06
39.94 -3.43124e-06
39.95 -2.85632e-06
39.96 -2.26163e-06
39.97 -1.64953e-06
39.98 -1.02264e-06
39.99 -3.83807e-07
40 2.63915e-07
40.01 9.17293e-07
40.02 1.57294e-06
40.03 2.22736e-06
40.04 2.87698e-06
40.05 3.51817e-06
40.06 4.14731e-06
40.07 4.76082e-06
40.08 5.35519e-06
40.09 5.92705e-06
40.1 6.47316e-06
40.11 6.99047e-06
40.12 7.47617e-06
40.13 7.92769e-06
40.14 8.34275e-06
40.15 8.71936e-06
40.16 9.05584e-06
40.17 9.35086e-06
40.18 9.6034e-06
40.19 9.81281e-06
40.2 9.97874e-06
40.21 1.01012e-05
40.22 1.01805e-05
40.23 1.02173e-05
40.24 1.02125e-05
40.25 1.01672e-05
40.26 1.00829e-05
40.27 9.9611e-06
40.28 9.80369e-06
40.29 9.61258e-06
40.3 9.38981e-06
40.31 9.13753e-06
40.32 8.85793e-06
40.33 8.55322e-06
40.34 8.22561e-06
40.35 7.87729e-06
40.36 7.51036e-06
40.37 7.12689e-06
40.38 6.7288e-06
40.39 6.31795e-06
40.4 5.89604e-06
40.41 5.46466e-06
40.42 5.02525e-06
40.43 4.57912e-06
40.44 4.12745e-06
40.45 3.67127e-06
40.46 3.21152e-06
40.47 2.74898e-06
40.48 2.28438e-06
40.49 1.81833e-06
40.5 1.35138e-06
40.51 8.84031e-07
40.52 4.16755e-07
40.53 -5.00011e-08
40.54 -5.15783e-07
40.55 -9.80117e-07
40.56 -1.44249e-06
40.57 -1.90234e-06
40.58 -2.35902e-06
40.59 -2.81183e-06
40.6 -3.25995e-06
40.61 -3.70249e-06
40.62 -4.13842e-06
40.63 -4.56663e-06
40.64 -4.98589e-06
40.65 -5.39485e-06
40.66 -5.79209e-06
40.67 -6.17606e-06
40.68 -6.54515e-06
40.69 -6.89766e-06
40.7 -7.23184e-06
40.71 -7.54589e-06
40.72 -7.83801e-06
40.73 -8.10637e-06
40.74 -8.34918e-06
40.75 -8.56467e-06
40.76 -8.75115e-06
40.77 -8.907e-06
40.78 -9.03073e-06
40.79 -9.12097e-06
40.8 -9.17649e-06
40.81 -9.19625e-06
40.82 -9.1794e-06
40.83 -9.1253e-06
40.84 -9.03353e-06
40.85 -8.9039e-06
40.86 -8.73647e-06
40.87 -8.53158e-06
40.88 -8.28978e-06
40.89 -8.01191e-06
40.9 -7.69908e-06
40.91 -7.35261e-06
40.92 -6.9741e-06
40.93 -6.56537e-06
40.94 -6.12846e-06
40.95 -5.6656e-06
40.96 -5.1792e-06
40.97 -4.67186e-06
40.98 -4.14628e-06
40.99 -3.60528e-06
41 -3.05176e-06
41.01 -2.48868e-06
41.02 -1.91902e-06
41.03 -1.34576e-06
41.04 -7.7184e-07
41.05 -2.00145e-07
41.06 3.66525e-07
41.07 9.25482e-07
41.08 1.47417e-06
41.09 2.0102e-06
41.1 2.53133e-06
41.11 3.03553e-06
41.12 3.52096e-06
41.13 3.98598e-06
41.14 4.42918e-06
41.15 4.84936e-06
41.16 5.24553e-06
41.17 5.61691e-06
41.18 5.96293e-06
41.19 6.28322e-06
41.2 6.57757e-06
41.21 6.84594e-06
41.22 7.08845e-06
41.23 7.30534e-06
41.24 7.49695e-06
41.25 7.66373e-06
41.26 7.80617e-06
41.27 7.92483e-06
41.28 8.02028e-06
41.29 8.09311e-06
41.3 8.14388e-06
41.31 8.17314e-06
41.32 8.1814e-06
41.33 8.1691e-06
41.34 8.13664e-06
41.35 8.08434e-06
41.36 8.01245e-06
41.37 7.92116e-06
41.38 7.81056e-06
41.39 7.68073e-06
41.4 7.53164e-06
41.41 7.36324e-06
41.42 7.17545e-06
41.43 6.96817e-06
41.44 6.74128e-06
41.45 6.49469e-06
41.46 6.22833e-06
41.47 5.94221e-06
41.48 5.63636e-06
41.49 5.31093e-06
41.5 4.96617e-06
41.51 4.60242e-06
41.52 4.2202e-06
41.53 3.82012e-06
41.54 3.40299e-06
41.55 2.96975e-06
41.56 2.52152e-06
41.57 2.05958e-06
41.58 1.58539e-06
41.59 1.10057e-06
41.6 6.06871e-07
41.61 1.06229e-07
41.62 -3.99307e-07
41.63 -9.07563e-07
41.64 -1.41626e-06
41.65 -1.92304e-06
41.66 -2.42546e-06
41.67 -2.92107e-06
41.68 -3.40737e-06
41.69 -3.88189e-06
41.7 -4.34215e-06
41.71 -4.78576e-06
41.72 -5.2104e-06
41.73 -5.61382e-06
41.74 -5.99393e-06
41.75 -6.34875e-06
41.76 -6.67647e-06
41.77 -6.97546e-06
41.78 -7.24427e-06
41.79 -7.48166e-06
41.8 -7.6866e-06
41.81 -7.85827e-06
41.82 -7.99607e-06
41.83 -8.09966e-06
41.84 -8.16887e-06
41.85 -8.20379e-06
41.86 -8.20472e-06
41.87 -8.17214e-06
41.88 -8.10675e-06
41.89 -8.00943e-06
41.9 -7.88123e-06
41.91 -7.72335e-06
41.92 -7.53711e-06
41.93 -7.32399e-06
41.94 -7.08555e-06
41.95 -6.82341e-06
41.96 -6.53929e-06
41.97 -6.23495e-06
41.98 -5.91215e-06
41.99 -5.57269e-06
42 -5.21834e-06
42.01 -4.85087e-06
42.02 -4.472e-06
42.03 -4.08339e-06
42.04 -3.68665e-06
42.05 -3.28333e-06
42.06 -2.87489e-06
42.07 -2.4627e-06
42.08 -2.04806e-06
42.09 -1.63218e-06
42.1 -1.21616e-06
42.11 -8.01037e-07
42.12 -3.87754e-07
42.13 2.28207e-08
42.14 4.29892e-07
42.15 8.32726e-07
42.16 1.23065e-06
42.17 1.62302e-06
42.18 2.00924e-06
42.19 2.38874e-06
42.2 2.76096e-06
42.21 3.12534e-06
42.22 3.4813e-06
42.23 3.82827e-06
42.24 4.16563e-06
42.25 4.49274e-06
42.26 4.80891e-06
42.27 5.11343e-06
42.28 5.4055e-06
42.29 5.68431e-06
42.3 5.94898e-06
42.31 6.19858e-06
42.32 6.43216e-06
42.33 6.64872e-06
42.34 6.84721e-06
42.35 7.0266e-06
42.36 7.18582e-06
42.37 7.32383e-06
42.38 7.43958e-06
42.39 7.53207e-06
42.4 7.60035e-06
42.41 7.64352e-06
42.42 7.66077e-06
42.43 7.65137e-06
42.44 7.61473e-06
42.45 7.55036e-06
42.46 7.4579e-06
42.47 7.33718e-06
42.48 7.18816e-06
42.49 7.01097e-06
42.5 6.80593e-06
42.51 6.57356e-06
42.52 6.31451e-06
42.53 6.02969e-06
42.54 5.72012e-06
42.55 5.38705e-06
42.56 5.03189e-06
42.57 4.65619e-06
42.58 4.26169e-06
42.59 3.85022e-06
42.6 3.42378e-06
42.61 2.98443e-06
42.62 2.53436e-06
42.63 2.07578e-06
42.64 1.61098e-06
42.65 1.14226e-06
42.66 6.71938e-07
42.67 2.02296e-07
42.68 -2.64408e-07
42.69 -7.25977e-07
42.7 -1.18029e-06
42.71 -1.62531e-06
42.72 -2.05911e-06
42.73 -2.4799e-06
42.74 -2.886e-06
42.75 -3.27589e-06
42.76 -3.6482e-06
42.77 -4.00169e-06
42.78 -4.3353e-06
42.79 -4.64814e-06
42.8 -4.93945e-06
42.81 -5.20864e-06
42.82 -5.45526e-06
42.83 -5.67901e-06
42.84 -5.87972e-06
42.85 -6.05734e-06
42.86 -6.21192e-06
42.87 -6.34364e-06
42.88 -6.45273e-06
42.89 -6.53951e-06
42.9 -6.60438e-06
42.91 -6.64775e-06
42.92 -6.67009e-06
42.93 -6.6719e-06
42.94 -6.65367e-06
42.95 -6.61593e-06
42.96 -6.55916e-06
42.97 -6.48387e-06
42.98 -6.39053e-06
42.99 -6.27961e-06
43 -6.15153e-06
43.01 -6.00672e-06
43.02 -5.84555e-06
43.03 -5.66841e-06
43.04 -5.47564e-06
43.05 -5.26759e-06
43.06 -5.04458e-06
43.07 -4.80696e-06
43.08 -4.55506e-06
43.09 -4.28925e-06
43.1 -4.00991e-06
43.11 -3.71745e-06
43.12 -3.41233e-06
43.13 -3.09506e-06
43.14 -2.7662e-06
43.15 -2.42638e-06
43.16 -2.0763e-06
43.17 -1.71675e-06
43.18 -1.34858e-06
43.19 -9.72734e-07
43.2 -5.90248e-07
43.21 -2.02237e-07
43.22 1.90095e-07
43.23 5.8546e-07
43.24 9.82493e-07
43.25 1.37975e-06
43.26 1.77573e-06
43.27 2.16887e-06
43.28 2.55755e-06
43.29 2.94011e-06
43.3 3.31489e-06
43.31 3.68018e-06
43.32 4.0343e-06
43.33 4.37557e-06
43.34 4.70233e-06
43.35 5.01299e-06
43.36 5.30598e-06
43.37 5.57983e-06
43.38 5.83314e-06
43.39 6.06462e-06
43.4 6.27308e-06
43.41 6.45746e-06
43.42 6.61683e-06
43.43 6.7504e-06
43.44 6.85752e-06
43.45 6.9377e-06
43.46 6.99063e-06
43.47 7.01613e-06
43.48 7.0142e-06
43.49 6.98499e-06
43.5 6.92883e-06
43.51 6.84618e-06
43.52 6.73767e-06
43.53 6.60405e-06
43.54 6.44623e-06
43.55 6.26523e-06
43.56 6.06216e-06
43.57 5.83827e-06
43.58 5.59486e-06
43.59 5.33333e-06
43.6 5.05513e-06
43.61 4.76174e-06
43.62 4.45469e-06
43.63 4.13551e-06
43.64 3.80576e-06
43.65 3.46696e-06
43.66 3.12062e-06
43.67 2.76822e-06
43.68 2.4112e-06
43.69 2.05093e-06
43.7 1.68875e-06
43.71 1.32592e-06
43.72 9.6363e-07
43.73 6.02995e-07
43.74 2.45065e-07
43.75 -1.09186e-07
43.76 -4.58857e-07
43.77 -8.03114e-07
43.78 -1.14119e-06
43.79 -1.47238e-06
43.8 -1.79604e-06
43.81 -2.11155e-06
43.82 -2.41836e-06
43.83 -2.71594e-06
43.84 -3.00378e-06
43.85 -3.28141e-06
43.86 -3.54836e-06
43.87 -3.80415e-06
43.88 -4.04833e-06
43.89 -4.28042e-06
43.9 -4.49994e-06
43.91 -4.70639e-06
43.92 -4.89927e-06
43.93 -5.07804e-06
43.94 -5.24215e-06
43.95 -5.39106e-06
43.96 -5.52418e-06
43.97 -5.64094e-06
43.98 -5.74076e-06
43.99 -5.82306e-06
44 -5.88727e-06
44.01 -5.93285e-06
44.02 -5.95927e-06
44.03 -5.96606e-06
44.04 -5.95279e-06
44.05 -5.91908e-06
44.06 -5.86463e-06
44.07 -5.78919e-06
44.08 -5.69264e-06
44.09 -5.57492e-06
44.1 -5.43607e-06
44.11 -5.27627e-06
44.12 -5.09579e-06
44.13 -4.89501e-06
44.14 -4.67447e-06
44.15 -4.43478e-06
44.16 -4.17672e-06
44.17 -3.90117e-06
44.18 -3.60913e-06
44.19 -3.3017e-06
44.2 -2.98012e-06
44.21 -2.64571e-06
44.22 -2.29988e-06
44.23 -1.94412e-06
44.24 -1.58e-06
44.25 -1.20915e-06
44.26 -8.3324e-07
44.27 -4.53975e-07
44.28 -7.30813e-08
44.29 3.07709e-07
44.3 6.86672e-07
44.31 1.0621e-06
44.32 1.43232e-06
44.33 1.79572e-06
44.34 2.15071e-06
44.35 2.49581e-06
44.36 2.82959e-06
44.37 3.15073e-06
44.38 3.45797e-06
44.39 3.7502e-06
44.4 4.02637e-06
44.41 4.28558e-06
44.42 4.52702e-06
44.43 4.75e-06
44.44 4.95396e-06
44.45 5.13842e-06
44.46 5.30304e-06
44.47 5.44759e-06
44.48 5.57192e-06
44.49 5.67599e-06
44.5 5.75985e-06
44.51 5.82364e-06
44.52 5.86758e-06
44.53 5.89195e-06
44.54 5.89709e-06
44.55 5.8834e-06
44.56 5.85133e-06
44.57 5.80136e-06
44.58 5.73402e-06
44.59 5.64982e-06
44.6 5.54935e-06
44.61 5.43316e-06
44.62 5.30184e-06
44.63 5.15596e-06
44.64 4.9961e-06
44.65 4.82285e-06
44.66 4.63677e-06
44.67 4.43843e-06
44.68 4.22839e-06
44.69 4.00722e-06
44.7 3.77546e-06
44.71 3.53367e-06
44.72 3.2824e-06
44.73 3.02221e-06
44.74 2.75367e-06
44.75 2.47737e-06
44.76 2.19389e-06
44.77 1.90387e-06
44.78 1.60795e-06
44.79 1.3068e-06
44.8 1.00113e-06
44.81 6.917e-07
44.82 3.7928e-07
44.83 6.47036e-08
44.84 -2.5116e-07
44.85 -5.67397e-07
44.86 -8.8305e-07
44.87 -1.19712e-06
44.88 -1.50857e-06
44.89 -1.81632e-06
44.9 -2.11927e-06
44.91 -2.41628e-06
44.92 -2.70619e-06
44.93 -2.98783e-06
44.94 -3.26003e-06
44.95 -3.52161e-06
44.96 -3.7714e-06
44.97 -4.00825e-06
44.98 -4.23104e-06
44.99 -4.43871e-06
45 -4.63022e-06
45.01 -4.80459e-06
45.02 -4.96094e-06
45.03 -5.09843e-06
45.04 -5.21632e-06
45.05 -5.31398e-06
45.06 -5.39086e-06
45.07 -5.44652e-06
45.08 -5.48065e-06
45.09 -5.49304e-06
45.1 -5.4836e-06
45.11 -5.45237e-06
45.12 -5.39951e-06
45.13 -5.32529e-06
45.14 -5.23011e-06
45.15 -5.11447e-06
45.16 -4.97901e-06
45.17 -4.82445e-06
45.18 -4.6516e-06
45.19 -4.46137e-06
45.2 -4.25478e-06
45.21 -4.03287e-06
45.22 -3.79677e-06
45.23 -3.54767e-06
45.24 -3.28679e-06
45.25 -3.01538e-06
45.26 -2.73471e-06
45.27 -2.44606e-06
45.28 -2.15073e-06
45.29 -1.84999e-06
45.3 -1.54509e-06
45.31 -1.23727e-06
45.32 -9.27734e-07
45.33 -6.17638e-07
45.34 -3.081e-07
45.35 -1.88704e-10
45.36 3.0508e-07
45.37 6.06744e-07
45.38 9.039e-07
45.39 1.1957e-06
45.4 1.48135e-06
45.41 1.76011e-06
45.42 2.03131e-06
45.43 2.2943e-06
45.44 2.54851e-06
45.45 2.79339e-06
45.46 3.02844e-06
45.47 3.25319e-06
45.48 3.46721e-06
45.49 3.6701e-06
45.5 3.86147e-06
45.51 4.04095e-06
45.52 4.20821e-06
45.53 4.3629e-06
45.54 4.50471e-06
45.55 4.63332e-06
45.56 4.74843e-06
45.57 4.84974e-06
45.58 4.93697e-06
45.59 5.00983e-06
45.6 5.06805e-06
45.61 5.11137e-06
45.62 5.13956e-06
45.63 5.15239e-06
45.64 5.14965e-06
45.65 5.13119e-06
45.66 5.09684e-06
45.67 5.04652e-06
45.68 4.98014e-06
45.69 4.8977e-06
45.7 4.79924e-06
45.71 4.68483e-06
45.72 4.55463e-06
45.73 4.40887e-06
45.74 4.24781e-06
45.75 4.07183e-06
45.76 3.88134e-06
45.77 3.67687e-06
45.78 3.45898e-06
45.79 3.22836e-06
45.8 2.98572e-06
45.81 2.73189e-06
45.82 2.46774e-06
45.83 2.19425e-06
45.84 1.91242e-06
45.85 1.62333e-06
45.86 1.32812e-06
45.87 1.02797e-06
45.88 7.24113e-07
45.89 4.17792e-07
45.9 1.10294e-07
45.91 -1.97083e-07
45.92 -5.03035e-07
45.93 -8.06255e-07
45.94 -1.10545e-06
45.95 -1.39935e-06
45.96 -1.68669e-06
45.97 -1.96629e-06
45.98 -2.23696e-06
45.99 -2.49759e-06
46 -2.74714e-06
46.01 -2.98462e-06
46.02 -3.20912e-06
46.03 -3.41979e-06
46.04 -3.61589e-06
46.05 -3.79675e-06
46.06 -3.96178e-06
46.07 -4.11051e-06
46.08 -4.24252e-06
46.09 -4.3575e-06
46.1 -4.45524e-06
46.11 -4.5356e-06
46.12 -4.59853e-06
46.13 -4.64406e-06
46.14 -4.6723e-06
46.15 -4.68344e-06
46.16 -4.67772e-06
46.17 -4.65545e-06
46.18 -4.617e-06
46.19 -4.56279e-06
46.2 -4.49329e-06
46.21 -4.40899e-06
46.22 -4.31043e-06
46.23 -4.19818e-06
46.24 -4.07281e-06
46.25 -3.93493e-06
46.26 -3.78515e-06
46.27 -3.6241e-06
46.28 -3.45239e-06
46.29 -3.27066e-06
46.3 -3.07953e-06
46.31 -2.87963e-06
46.32 -2.67158e-06
46.33 -2.456e-06
46.34 -2.23349e-06
46.35 -2.00468e-06
46.36 -1.77017e-06
46.37 -1.53056e-06
46.38 -1.28646e-06
46.39 -1.03849e-06
46.4 -7.87251e-07
46.41 -5.33373e-07
46.42 -2.77487e-07
46.43 -2.02362e-08
46.44 2.37722e-07
46.45 4.95714e-07
46.46 7.53049e-07
46.47 1.00902e-06
46.48 1.2629e-06
46.49 1.51395e-06
46.5 1.76139e-06
46.51 2.00446e-06
46.52 2.24235e-06
46.53 2.47426e-06
46.54 2.69937e-06
46.55 2.91686e-06
46.56 3.1259e-06
46.57 3.32568e-06
46.58 3.51538e-06
46.59 3.6942e-06
46.6 3.86137e-06
46.61 4.01613e-06
46.62 4.15777e-06
46.63 4.2856e-06
46.64 4.399e-06
46.65 4.49738e-06
46.66 4.58021e-06
46.67 4.64704e-06
46.68 4.69747e-06
46.69 4.73119e-06
46.7 4.74795e-06
46.71 4.7476e-06
46.72 4.73006e-06
46.73 4.69534e-06
46.74 4.64353e-06
46.75 4.57483e-06
46.76 4.48951e-06
46.77 4.38791e-06
46.78 4.27049e-06
46.79 4.13777e-06
46.8 3.99033e-06
46.81 3.82886e-06
46.82 3.65409e-06
46.83 3.46683e-06
46.84 3.26792e-06
46.85 3.05827e-06
46.86 2.83884e-06
46.87 2.6106e-06
46.88 2.37456e-06
46.89 2.13177e-06
46.9 1.88325e-06
46.91 1.63007e-06
46.92 1.37328e-06
46.93 1.11392e-06
46.94 8.53026e-07
46.95 5.91606e-07
46.96 3.3065e-07
46.97 7.11174e-08
46.98 -1.86066e-07
46.99 -4.4001e-07
47 -6.89867e-07
47.01 -9.3483e-07
47.02 -1.17414e-06
47.03 -1.40707e-06
47.04 -1.63296e-06
47.05 -1.85117e-06
47.06 -2.06114e-06
47.07 -2.26233e-06
47.08 -2.45423e-06
47.09 -2.63642e-06
47.1 -2.80847e-06
47.11 -2.97002e-06
47.12 -3.12073e-06
47.13 -3.2603e-06
47.14 -3.38845e-06
47.15 -3.50496e-06
47.16 -3.60959e-06
47.17 -3.70217e-06
47.18 -3.78253e-06
47.19 -3.85051e-06
47.2 -3.90601e-06
47.21 -3.9489e-06
47.22 -3.97911e-06
47.23 -3.99656e-06
47.24 -4.00122e-06
47.25 -3.99304e-06
47.26 -3.97203e-06
47.27 -3.93819e-06
47.28 -3.89156e-06
47.29 -3.83221e-06
47.3 -3.76022e-06
47.31 -3.67571e-06
47.32 -3.57883e-06
47.33 -3.46977e-06
47.34 -3.34875e-06
47.35 -3.21602e-06
47.36 -3.07189e-06
47.37 -2.91671e-06
47.38 -2.75086e-06
47.39 -2.57477e-06
47.4 -2.38894e-06
47.41 -2.19389e-06
47.42 -1.9902e-06
47.43 -1.7785e-06
47.44 -1.55947e-06
47.45 -1.33383e-06
47.46 -1.10234e-06
47.47 -8.65816e-07
47.48 -6.25103e-07
47.49 -3.81083e-07
47.5 -1.3467e-07
47.51 1.13194e-07
47.52 3.61547e-07
47.53 6.0941e-07
47.54 8.55793e-07
47.55 1.0997e-06
47.56 1.34015e-06
47.57 1.57614e-06
47.58 1.80671e-06
47.59 2.03091e-06
47.6 2.24782e-06
47.61 2.45654e-06
47.62 2.65623e-06
47.63 2.84609e-06
47.64 3.02536e-06
47.65 3.19333e-06
47.66 3.34937e-06
47.67 3.4929e-06
47.68 3.62341e-06
47.69 3.74044e-06
47.7 3.84364e-06
47.71 3.93268e-06
47.72 4.00735e-06
47.73 4.06747e-06
47.74 4.11297e-06
47.75 4.14382e-06
47.76 4.16006e-06
47.77 4.16181e-06
47.78 4.14924e-06
47.79 4.12258e-06
47.8 4.08212e-06
47.81 4.02819e-06
47.82 3.96118e-06
47.83 3.8815e-06
47.84 3.78963e-06
47.85 3.68604e-06
47.86 3.57128e-06
47.87 3.44587e-06
47.88 3.31039e-06
47.89 3.16542e-06
47.9 3.01155e-06
47.91 2.84939e-06
47.92 2.67954e-06
47.93 2.50261e-06
47.94 2.31922e-06
47.95 2.12998e-06
47.96 1.93549e-06
47.97 1.73637e-06
47.98 1.53322e-06
47.99 1.32664e-06
48 1.11722e-06
48.01 9.05555e-07
48.02 6.9223e-07
48.03 4.77829e-07
48.04 2.62936e-07
48.05 4.81325e-08
48.06 -1.66002e-07
48.07 -3.78887e-07
48.08 -5.89939e-07
48.09 -7.98576e-07
48.1 -1.00421e-06
48.11 -1.20626e-06
48.12 -1.40414e-06
48.13 -1.59725e-06
48.14 -1.785e-06
48.15 -1.96681e-06
48.16 -2.14208e-06
48.17 -2.31024e-06
48.18 -2.47071e-06
48.19 -2.62291e-06
48.2 -2.76629e-06
48.21 -2.9003e-06
48.22 -3.02442e-06
48.23 -3.13815e-06
48.24 -3.241e-06
48.25 -3.33252e-06
48.26 -3.41229e-06
48.27 -3.47993e-06
48.28 -3.5351e-06
48.29 -3.57749e-06
48.3 -3.60684e-06
48.31 -3.62297e-06
48.32 -3.6257e-06
48.33 -3.61496e-06
48.34 -3.59069e-06
48.35 -3.55293e-06
48.36 -3.50175e-06
48.37 -3.43729e-06
48.38 -3.35977e-06
48.39 -3.26945e-06
48.4 -3.16666e-06
48.41 -3.05178e-06
48.42 -2.92527e-06
48.43 -2.78762e-06
48.44 -2.6394e-06
48.45 -2.48121e-06
48.46 -2.31371e-06
48.47 -2.13758e-06
48.48 -1.95356e-06
48.49 -1.76242e-06
48.5 -1.56496e-06
48.51 -1.36199e-06
48.52 -1.15435e-06
48.53 -9.42901e-07
48.54 -7.28496e-07
48.55 -5.11999e-07
48.56 -2.94271e-07
48.57 -7.6164e-08
48.58 1.41479e-07
48.59 3.57833e-07
48.6 5.72093e-07
48.61 7.83478e-07
48.62 9.91236e-07
48.63 1.19464e-06
48.64 1.39302e-06
48.65 1.5857e-06
48.66 1.77208e-06
48.67 1.95157e-06
48.68 2.12366e-06
48.69 2.28783e-06
48.7 2.44364e-06
48.71 2.59067e-06
48.72 2.72855e-06
48.73 2.85694e-06
48.74 2.97556e-06
48.75 3.08414e-06
48.76 3.18246e-06
48.77 3.27033e-06
48.78 3.34761e-06
48.79 3.41415e-06
48.8 3.46987e-06
48.81 3.5147e-06
48.82 3.5486e-06
48.83 3.57155e-06
48.84 3.58355e-06
48.85 3.58465e-06
48.86 3.57487e-06
48.87 3.5543e-06
48.88 3.52303e-06
48.89 3.48117e-06
48.9 3.42885e-06
48.91 3.36621e-06
48.92 3.29344e-06
48.93 3.21073e-06
48.94 3.11829e-06
48.95 3.01636e-06
48.96 2.90521e-06
48.97 2.78512e-06
48.98 2.6564e-06
48.99 2.5194e-06
49 2.37449e-06
49.01 2.22205e-06
49.02 2.06253e-06
49.03 1.89638e-06
49.04 1.72408e-06
49.05 1.54614e-06
49.06 1.36313e-06
49.07 1.17561e-06
49.08 9.84187e-07
49.09 7.89493e-07
49.1 5.92184e-07
49.11 3.92938e-07
49.12 1.92456e-07
49.13 -8.54608e-09
49.14 -2.09335e-07
49.15 -4.09167e-07
49.16 -6.07292e-07
49.17 -8.02955e-07
49.18 -9.95401e-07
49.19 -1.18388e-06
49.2 -1.36765e-06
49.21 -1.54599e-06
49.22 -1.71819e-06
49.23 -1.88356e-06
49.24 -2.04144e-06
49.25 -2.19121e-06
49.26 -2.33226e-06
49.27 -2.46405e-06
49.28 -2.58606e-06
49.29 -2.69783e-06
49.3 -2.79892e-06
49.31 -2.88899e-06
49.32 -2.9677e-06
49.33 -3.0348e-06
49.34 -3.09007e-06
49.35 -3.13336e-06
49.36 -3.16458e-06
49.37 -3.18369e-06
49.38 -3.19068e-06
49.39 -3.18564e-06
49.4 -3.16868e-06
49.41 -3.13996e-06
49.42 -3.09971e-06
49.43 -3.04818e-06
49.44 -2.98567e-06
49.45 -2.91253e-06
49.46 -2.82913e-06
49.47 -2.7359e-06
49.48 -2.63326e-06
49.49 -2.5217e-06
49.5 -2.4017e-06
49.51 -2.27377e-06
49.52 -2.13844e-06
49.53 -1.99626e-06
49.54 -1.84777e-06
49.55 -1.69354e-06
49.56 -1.53413e-06
49.57 -1.37012e-06
49.58 -1.20207e-06
49.59 -1.03055e-06
49.6 -8.56137e-07
49.61 -6.79386e-07
49.62 -5.00857e-07
49.63 -3.21105e-07
49.64 -1.40675e-07
49.65 3.98929e-08
49.66 2.20067e-07
49.67 3.99324e-07
49.68 5.77146e-07
49.69 7.53026e-07
49.7 9.26462e-07
49.71 1.09696e-06
49.72 1.26404e-06
49.73 1.42723e-06
49.74 1.58604e-06
49.75 1.74003e-06
49.76 1.88875e-06
49.77 2.03174e-06
49.78 2.16858e-06
49.79 2.29884e-06
49.8 2.42212e-06
49.81 2.53802e-06
49.82 2.64614e-06
49.83 2.74613e-06
49.84 2.83762e-06
49.85 2.9203e-06
49.86 2.99383e-06
49.87 3.05793e-06
49.88 3.11234e-06
49.89 3.15682e-06
49.9 3.19115e-06
49.91 3.21516e-06
49.92 3.22869e-06
49.93 3.23164e-06
49.94 3.22393e-06
49.95 3.20553e-06
49.96 3.17643e-06
49.97 3.13669e-06
49.98 3.08639e-06
49.99 3.02567e-06
50 2.9547e-06
50.01 2.8737e-06
50.02 2.78294e-06
50.03 2.68272e-06
50.04 2.5734e-06
50.05 2.45537e-06
50.06 2.32906e-06
50.07 2.19496e-06
50.08 2.05356e-06
50.09 1.90542e-06
50.1 1.7511e-06
50.11 1.59121e-06
50.12 1.42639e-06
50.13 1.25727e-06
50.14 1.08454e-06
50.15 9.08865e-07
50.16 7.30946e-07
50.17 5.51481e-07
50.18 3.7117e-07
50.19 1.90716e-07
50.2 1.08116e-08
50.21 -1.67856e-07
50.22 -3.44614e-07
50.23 -5.18806e-07
50.24 -6.89793e-07
50.25 -8.5696e-07
50.26 -1.01972e-06
50.27 -1.1775e-06
50.28 -1.32978e-06
50.29 -1.47604e-06
50.3 -1.61583e-06
50.31 -1.7487e-06
50.32 -1.87425e-06
50.33 -1.99213e-06
50.34 -2.10199e-06
50.35 -2.20355e-06
50.36 -2.29655e-06
50.37 -2.38076e-06
50.38 -2.456e-06
50.39 -2.52211e-06
50.4 -2.57897e-06
50.41 -2.62648e-06
50.42 -2.66459e-06
50.43 -2.69325e-06
50.44 -2.71248e-06
50.45 -2.72228e-06
50.46 -2.7227e-06
50.47 -2.71382e-06
50.48 -2.69572e-06
50.49 -2.66852e-06
50.5 -2.63236e-06
50.51 -2.58738e-06
50.52 -2.53377e-06
50.53 -2.47171e-06
50.54 -2.40141e-06
50.55 -2.32311e-06
50.56 -2.23705e-06
50.57 -2.14349e-06
50.58 -2.04272e-06
50.59 -1.93503e-06
50.6 -1.82073e-06
50.61 -1.70017e-06
50.62 -1.5737e-06
50.63 -1.44168e-06
50.64 -1.30451e-06
50.65 -1.16259e-06
50.66 -1.01634e-06
50.67 -8.66213e-07
50.68 -7.12663e-07
50.69 -5.56168e-07
50.7 -3.9722e-07
50.71 -2.36329e-07
50.72 -7.40161e-08
50.73 8.9183e-08
50.74 2.52722e-07
50.75 4.16044e-07
50.76 5.78585e-07
50.77 7.39776e-07
50.78 8.99043e-07
50.79 1.05581e-06
50.8 1.20952e-06
50.81 1.35958e-06
50.82 1.50545e-06
50.83 1.64658e-06
50.84 1.78242e-06
50.85 1.91246e-06
50.86 2.03621e-06
50.87 2.15317e-06
50.88 2.26289e-06
50.89 2.36496e-06
50.9 2.45898e-06
50.91 2.54457e-06
50.92 2.62143e-06
50.93 2.68924e-06
50.94 2.74777e-06
50.95 2.7968e-06
50.96 2.83616e-06
50.97 2.86573e-06
50.98 2.8854e-06
50.99 2.89515e-06
51 2.89498e-06
51.01 2.88491e-06
51.02 2.86505e-06
51.03 2.83552e-06
51.04 2.79647e-06
51.05 2.74812e-06
51.06 2.69071e-06
51.07 2.62452e-06
51.08 2.54984e-06
51.09 2.46703e-06
51.1 2.37644e-06
51.11 2.27848e-06
51.12 2.17356e-06
51.13 2.06211e-06
51.14 1.9446e-06
51.15 1.82148e-06
51.16 1.69325e-06
51.17 1.56039e-06
51.18 1.42342e-06
51.19 1.28283e-06
51.2 1.13913e-06
51.21 9.92835e-07
51.22 8.44457e-07
51.23 6.94502e-07
51.24 5.43472e-07
51.25 3.91865e-07
51.26 2.40173e-07
51.27 8.88772e-08
51.28 -6.15477e-08
51.29 -2.10638e-07
51.3 -3.5794e-07
51.31 -5.0301e-07
51.32 -6.45419e-07
51.33 -7.84747e-07
51.34 -9.20587e-07
51.35 -1.05254e-06
51.36 -1.18024e-06
51.37 -1.30329e-06
51.38 -1.42136e-06
51.39 -1.5341e-06
51.4 -1.64118e-06
51.41 -1.74228e-06
51.42 -1.8371e-06
51.43 -1.92537e-06
51.44 -2.0068e-06
51.45 -2.08114e-06
51.46 -2.14816e-06
51.47 -2.20763e-06
51.48 -2.25936e-06
51.49 -2.30316e-06
51.5 -2.33887e-06
51.51 -2.36635e-06
51.52 -2.38548e-06
51.53 -2.39617e-06
51.54 -2.39835e-06
51.55 -2.39198e-06
51.56 -2.37704e-06
51.57 -2.35354e-06
51.58 -2.32153e-06
51.59 -2.28107e-06
51.6 -2.23228e-06
51.61 -2.17527e-06
51.62 -2.11023e-06
51.63 -2.03735e-06
51.64 -1.95685e-06
51.65 -1.869e-06
51.66 -1.77409e-06
51.67 -1.67244e-06
51.68 -1.5644e-06
51.69 -1.45036e-06
51.7 -1.33073e-06
51.71 -1.20593e-06
51.72 -1.07644e-06
51.73 -9.42715e-07
51.74 -8.05272e-07
51.75 -6.64622e-07
51.76 -5.21298e-07
51.77 -3.75844e-07
51.78 -2.28812e-07
51.79 -8.07629e-08
51.8 6.77411e-08
51.81 2.16136e-07
51.82 3.6386e-07
51.83 5.10356e-07
51.84 6.55077e-07
51.85 7.97484e-07
51.86 9.37054e-07
51.87 1.07328e-06
51.88 1.20567e-06
51.89 1.33375e-06
51.9 1.45708e-06
51.91 1.57523e-06
51.92 1.68781e-06
51.93 1.79444e-06
51.94 1.89479e-06
51.95 1.98855e-06
51.96 2.07542e-06
51.97 2.15516e-06
51.98 2.22754e-06
51.99 2.29237e-06
