0.01 -1.31095e-07
0.02 -1.43017e-07
0.03 -1.79977e-07
0.04 -2.54164e-07
0.05 -3.65152e-07
0.06 -5.01363e-07
0.07 -6.51193e-07
0.08 -8.12306e-07
0.09 -9.91067e-07
0.1 -1.19467e-06
0.11 -1.42427e-06
0.12 -1.67423e-06
0.13 -1.9361e-06
0.14 -2.20361e-06
0.15 -2.47601e-06
0.16 -2.75816e-06
0.17 -3.05699e-06
0.18 -3.3771e-06
0.19 -3.71948e-06
0.2 -4.08384e-06
0.21 -4.4711e-06
0.22 -4.88474e-06
0.23 -5.33086e-06
0.24 -5.81329e-06
0.25 -6.32286e-06
0.26 -6.83157e-06
0.27 -7.30223e-06
0.28 -7.70838e-06
0.29 -8.04601e-06
0.3 -8.32467e-06
0.31 -8.545e-06
0.32 -8.68516e-06
0.33 -8.71289e-06
0.34 -8.6158e-06
0.35 -8.42064e-06
0.36 -8.18314e-06
0.37 -7.9683e-06
0.38 -7.84656e-06
0.39 -7.8882e-06
0.4 -8.12667e-06
0.41 -8.51652e-06
0.42 -8.94234e-06
0.43 -9.27743e-06
0.44 -9.43211e-06
0.45 -9.36253e-06
0.46 -9.06477e-06
0.47 -8.57132e-06
0.48 -7.94236e-06
0.49 -7.25246e-06
0.5 -6.58012e-06
0.51 -6.00394e-06
0.52 -5.60446e-06
0.53 -5.45098e-06
0.54 -5.55131e-06
0.55 -5.79976e-06
0.56 -6.00114e-06
0.57 -5.9897e-06
0.58 -5.74481e-06
0.59 -5.37853e-06
0.6 -5.01173e-06
0.61 -4.68779e-06
0.62 -4.40101e-06
0.63 -4.15732e-06
0.64 -3.97169e-06
0.65 -3.81573e-06
0.66 -3.58722e-06
0.67 -3.13832e-06
0.68 -2.33677e-06
0.69 -1.10804e-06
0.7 5.7259e-07
0.71 2.73261e-06
0.72 5.45385e-06
0.73 8.83309e-06
0.74 1.27982e-05
0.75 1.69131e-05
0.76 2.04431e-05
0.77 2.27654e-05
0.78 2.38126e-05
0.79 2.40793e-05
0.8 2.41195e-05
0.81 2.4082e-05
0.82 2.38357e-05
0.83 2.34695e-05
0.84 2.34466e-05
0.85 2.41756e-05
0.86 2.55134e-05
0.87 2.67772e-05
0.88 2.72611e-05
0.89 2.67543e-05
0.9 2.55858e-05
0.91 2.41943e-05
0.92 2.26722e-05
0.93 2.07511e-05
0.94 1.82881e-05
0.95 1.58192e-05
0.96 1.45142e-05
0.97 1.52604e-05
0.98 1.75868e-05
0.99 1.96871e-05
1 1.98195e-05
1.01 1.77486e-05
1.02 1.47371e-05
1.03 1.21296e-05
1.04 9.98458e-06
1.05 7.11467e-06
1.06 2.49723e-06
1.07 -3.36599e-06
1.08 -8.5548e-06
1.09 -1.12783e-05
1.1 -1.1445e-05
1.11 -1.07833e-05
1.12 -1.13468e-05
1.13 -1.3789e-05
1.14 -1.70133e-05
1.15 -1.93829e-05
1.16 -2.01929e-05
1.17 -2.00835e-05
1.18 -2.02242e-05
1.19 -2.11773e-05
1.2 -2.24461e-05
1.21 -2.29049e-05
1.22 -2.15813e-05
1.23 -1.8246e-05
1.24 -1.35188e-05
1.25 -8.41151e-06
1.26 -3.6106e-06
1.27 8.61953e-07
1.28 5.25496e-06
1.29 9.34008e-06
1.3 1.21481e-05
1.31 1.26154e-05
1.32 1.05659e-05
1.33 6.9846e-06
1.34 3.21682e-06
1.35 -1.50674e-07
1.36 -3.62095e-06
1.37 -8.08094e-06
1.38 -1.39088e-05
1.39 -2.08605e-05
1.4 -2.87127e-05
1.41 -3.77245e-05
1.42 -4.8282e-05
1.43 -6.01776e-05
1.44 -7.24133e-05
1.45 -8.3787e-05
1.46 -9.37457e-05
1.47 -0.000102718
1.48 -0.000111453
1.49 -0.000119901
1.5 -0.000126927
1.51 -0.000131348
1.52 -0.000133183
1.53 -0.000133738
1.54 -0.000134393
1.55 -0.000135208
1.56 -0.000134687
1.57 -0.000131032
1.58 -0.000123735
1.59 -0.000114055
1.6 -0.000104004
1.61 -9.48219e-05
1.62 -8.63791e-05
1.63 -7.808e-05
1.64 -7.01329e-05
1.65 -6.36111e-05
1.66 -5.93558e-05
1.67 -5.71706e-05
1.68 -5.60587e-05
1.69 -5.48665e-05
1.7 -5.2617e-05
1.71 -4.86134e-05
1.72 -4.26257e-05
1.73 -3.51018e-05
1.74 -2.71484e-05
1.75 -2.01443e-05
1.76 -1.50975e-05
1.77 -1.21541e-05
1.78 -1.06777e-05
1.79 -9.8579e-06
1.8 -9.31429e-06
1.81 -9.13497e-06
1.82 -9.31747e-06
1.83 -9.19453e-06
1.84 -7.48772e-06
1.85 -3.03696e-06
1.86 4.31623e-06
1.87 1.32803e-05
1.88 2.15044e-05
1.89 2.67872e-05
1.9 2.83185e-05
1.91 2.69946e-05
1.92 2.47005e-05
1.93 2.31771e-05
1.94 2.31492e-05
1.95 2.42368e-05
1.96 2.56961e-05
1.97 2.72898e-05
1.98 2.94953e-05
1.99 3.29802e-05
2 3.78503e-05
2.01 4.32008e-05
2.02 4.72689e-05
2.03 4.81723e-05
2.04 4.48673e-05
2.05 3.78308e-05
2.06 2.90631e-05
2.07 2.12243e-05
2.08 1.62292e-05
2.09 1.4198e-05
2.1 1.35518e-05
2.11 1.22358e-05
2.12 9.22069e-06
2.13 5.1494e-06
2.14 1.58916e-06
2.15 -5.01932e-07
2.16 -1.80641e-06
2.17 -4.27276e-06
2.18 -9.44024e-06
2.19 -1.66151e-05
2.2 -2.25507e-05
2.21 -2.33835e-05
2.22 -1.75264e-05
2.23 -7.02973e-06
2.24 3.91704e-06
2.25 1.21221e-05
2.26 1.74748e-05
2.27 2.23405e-05
2.28 2.90856e-05
2.29 3.80168e-05
2.3 4.73606e-05
2.31 5.49935e-05
2.32 6.02302e-05
2.33 6.42593e-05
2.34 6.91687e-05
2.35 7.65099e-05
2.36 8.6373e-05
2.37 9.73564e-05
2.38 0.000107251
2.39 0.000114036
2.4 0.000116744
2.41 0.00011578
2.42 0.000112448
2.43 0.000107958
2.44 0.000102632
2.45 9.5933e-05
2.46 8.71886e-05
2.47 7.64118e-05
2.48 6.46418e-05
2.49 5.34428e-05
2.5 4.38078e-05
2.51 3.55876e-05
2.52 2.82069e-05
2.53 2.18367e-05
2.54 1.75684e-05
2.55 1.62643e-05
2.56 1.71654e-05
2.57 1.78235e-05
2.58 1.59384e-05
2.59 1.15793e-05
2.6 7.49725e-06
2.61 7.15824e-06
2.62 1.23109e-05
2.63 2.20681e-05
2.64 3.40847e-05
2.65 4.6653e-05
2.66 5.97563e-05
2.67 7.4251e-05
2.68 9.02261e-05
2.69 0.000106232
2.7 0.000120055
2.71 0.000130263
2.72 0.000137131
2.73 0.000142217
2.74 0.000146952
2.75 0.000151431
2.76 0.000154492
2.77 0.000155019
2.78 0.000153026
2.79 0.000149221
2.8 0.000143691
2.81 0.000135538
2.82 0.000123918
2.83 0.000109147
2.84 9.27671e-05
2.85 7.69322e-05
2.86 6.37674e-05
2.87 5.46087e-05
2.88 4.9132e-05
2.89 4.53012e-05
2.9 4.07575e-05
2.91 3.46147e-05
2.92 2.78867e-05
2.93 2.20112e-05
2.94 1.68039e-05
2.95 9.92176e-06
2.96 -1.34951e-06
2.97 -1.75262e-05
2.98 -3.61171e-05
2.99 -5.35091e-05
3 -6.79323e-05
3.01 -8.08269e-05
3.02 -9.52421e-05
3.03 -0.000112642
3.04 -0.000131252
3.05 -0.000147712
3.06 -0.00016045
3.07 -0.000171477
3.08 -0.000184879
3.09 -0.000203313
3.1 -0.0002255
3.11 -0.000246896
3.12 -0.000263187
3.13 -0.00027389
3.14 -0.000282968
3.15 -0.000295712
3.16 -0.000314549
3.17 -0.000337594
3.18 -0.000361283
3.19 -0.000384395
3.2 -0.000409588
3.21 -0.000441072
3.22 -0.000480657
3.23 -0.000525773
3.24 -0.00057117
3.25 -0.000612309
3.26 -0.000647103
3.27 -0.000675122
3.28 -0.000696119
3.29 -0.000709431
3.3 -0.000714188
3.31 -0.000709731
3.32 -0.00069592
3.33 -0.000673079
3.34 -0.000641609
3.35 -0.000601689
3.36 -0.000553371
3.37 -0.000496843
3.38 -0.000432476
3.39 -0.000360588
3.4 -0.000281248
3.41 -0.000194428
3.42 -0.000100582
3.43 -1.40624e-06
3.44 9.96845e-05
3.45 0.000197828
3.46 0.0002879
3.47 0.000366117
3.48 0.000430944
3.49 0.000482519
3.5 0.000521253
3.51 0.000547128
3.52 0.000560307
3.53 0.000562065
3.54 0.000554889
3.55 0.000541624
3.56 0.000524447
3.57 0.000504412
3.58 0.000481816
3.59 0.000456931
3.6 0.000430417
3.61 0.000403194
3.62 0.000376277
3.63 0.000350979
3.64 0.000329261
3.65 0.000313657
3.66 0.000306525
3.67 0.000308913
3.68 0.000319874
3.69 0.000336876
3.7 0.000357116
3.71 0.000378464
3.72 0.000399217
3.73 0.000417335
3.74 0.0004302
3.75 0.000435122
3.76 0.000430588
3.77 0.000417982
3.78 0.000402499
3.79 0.000391813
3.8 0.000392777
3.81 0.000408275
3.82 0.000436369
3.83 0.000472134
3.84 0.000510516
3.85 0.00054817
3.86 0.000583611
3.87 0.000616367
3.88 0.000646212
3.89 0.000673052
3.9 0.000697383
3.91 0.000720734
3.92 0.000745423
3.93 0.000773472
3.94 0.000805355
3.95 0.000839516
3.96 0.000872983
3.97 0.000902629
3.98 0.000926134
3.99 0.00094201
4 0.000948772
4.01 0.00094427
4.02 0.000926192
4.03 0.00089341
4.04 0.00084665
4.05 0.000787852
4.06 0.000719036
4.07 0.000641803
4.08 0.00055763
4.09 0.00046833
4.1 0.000376035
4.11 0.000282753
4.12 0.000189801
4.13 9.7533e-05
4.14 5.77033e-06
4.15 -8.51783e-05
4.16 -0.000173804
4.17 -0.000257685
4.18 -0.000334522
4.19 -0.000403087
4.2 -0.00046361
4.21 -0.000517663
4.22 -0.000567749
4.23 -0.000616453
4.24 -0.00066534
4.25 -0.000714494
4.26 -0.000763325
4.27 -0.00081173
4.28 -0.000859923
4.29 -0.000906798
4.3 -0.000948841
4.31 -0.000981176
4.32 -0.000999902
4.33 -0.00100368
4.34 -0.000993506
4.35 -0.000971313
4.36 -0.000938762
4.37 -0.000897182
4.38 -0.000848328
4.39 -0.000794789
4.4 -0.000739155
4.41 -0.000682439
4.42 -0.000623295
4.43 -0.000559029
4.44 -0.000487748
4.45 -0.000409876
4.46 -0.000327714
4.47 -0.000243583
4.48 -0.000158496
4.49 -7.27562e-05
4.5 1.21803e-05
4.51 9.28004e-05
4.52 0.000164763
4.53 0.000225151
4.54 0.000273842
4.55 0.000313226
4.56 0.000346567
4.57 0.000375841
4.58 0.000400487
4.59 0.000418174
4.6 0.000426907
4.61 0.000426609
4.62 0.000419138
4.63 0.000407223
4.64 0.000393132
4.65 0.000377789
4.66 0.000360979
4.67 0.000342556
4.68 0.000323501
4.69 0.000305679
4.7 0.000290492
4.71 0.000277647
4.72 0.000264839
4.73 0.000248128
4.74 0.000222451
4.75 0.000182593
4.76 0.00012526
4.77 5.11011e-05
4.78 -3.58396e-05
4.79 -0.000131543
4.8 -0.000235075
4.81 -0.000348073
4.82 -0.000471096
4.83 -0.000600596
4.84 -0.000729894
4.85 -0.000853259
4.86 -0.000968657
4.87 -0.00107626
4.88 -0.00117493
4.89 -0.00126125
4.9 -0.00133206
4.91 -0.00138721
4.92 -0.00142904
4.93 -0.00145955
4.94 -0.0014782
4.95 -0.00148275
4.96 -0.00147205
4.97 -0.00144828
4.98 -0.00141675
4.99 -0.00138357
5 -0.00135288
5.01 -0.00132553
5.02 -0.00129977
5.03 -0.00127312
5.04 -0.00124344
5.05 -0.00120809
5.06 -0.00116287
5.07 -0.00110254
5.08 -0.00102276
5.09 -0.000921827
5.1 -0.000801102
5.11 -0.000664075
5.12 -0.000514649
5.13 -0.000356117
5.14 -0.000191447
5.15 -2.40358e-05
5.16 0.000142226
5.17 0.000303523
5.18 0.000456416
5.19 0.000597707
5.2 0.00072439
5.21 0.000833917
5.22 0.000924724
5.23 0.000997034
5.24 0.00105343
5.25 0.0010983
5.26 0.00113589
5.27 0.00116797
5.28 0.00119319
5.29 0.00120901
5.3 0.00121434
5.31 0.00121047
5.32 0.00120013
5.33 0.00118662
5.34 0.0011739
5.35 0.0011666
5.36 0.00116942
5.37 0.00118592
5.38 0.00121706
5.39 0.00126008
5.4 0.0013091
5.41 0.00135742
5.42 0.00139912
5.43 0.00142873
5.44 0.00144065
5.45 0.00143084
5.46 0.00139971
5.47 0.00135298
5.48 0.00129897
5.49 0.00124486
5.5 0.00119489
5.51 0.00115074
5.52 0.00111254
5.53 0.00107913
5.54 0.00104753
5.55 0.00101243
5.56 0.000966923
5.57 0.000905245
5.58 0.000825893
5.59 0.000733247
5.6 0.000636134
5.61 0.000543934
5.62 0.000462849
5.63 0.000394865
5.64 0.00033952
5.65 0.000296261
5.66 0.000265208
5.67 0.000246125
5.68 0.000237031
5.69 0.000233919
5.7 0.000232187
5.71 0.000229038
5.72 0.000225063
5.73 0.000223658
5.74 0.000228567
5.75 0.00024126
5.76 0.000259945
5.77 0.00028073
5.78 0.000299563
5.79 0.000312958
5.8 0.00031747
5.81 0.000309554
5.82 0.000286272
5.83 0.000245894
5.84 0.000187969
5.85 0.000113232
5.86 2.36577e-05
5.87 -7.70358e-05
5.88 -0.000183207
5.89 -0.000289089
5.9 -0.000391688
5.91 -0.000491398
5.92 -0.000589502
5.93 -0.000685363
5.94 -0.000775648
5.95 -0.00085566
5.96 -0.00092152
5.97 -0.000971975
5.98 -0.0010094
5.99 -0.00104006
6 -0.00107307
6.01 -0.00111746
6.02 -0.00117818
6.03 -0.0012538
6.04 -0.00133842
6.05 -0.00142667
6.06 -0.00151689
6.07 -0.00160957
6.08 -0.00170289
6.09 -0.0017903
6.1 -0.0018625
6.11 -0.00191201
6.12 -0.00193605
6.13 -0.00193595
6.14 -0.00191467
6.15 -0.00187496
6.16 -0.00181937
6.17 -0.00175116
6.18 -0.00167471
6.19 -0.00159497
6.2 -0.00151626
6.21 -0.00144097
6.22 -0.00136871
6.23 -0.00129664
6.24 -0.00122115
6.25 -0.00113987
6.26 -0.00105272
6.27 -0.000961222
6.28 -0.000867186
6.29 -0.000771646
6.3 -0.000674518
6.31 -0.00057479
6.32 -0.000471323
6.33 -0.000364103
6.34 -0.000255019
6.35 -0.000147166
6.36 -4.29373e-05
6.37 5.74046e-05
6.38 0.000155203
6.39 0.000251357
6.4 0.000344636
6.41 0.000431782
6.42 0.00050924
6.43 0.000574916
6.44 0.000628222
6.45 0.000668661
6.46 0.000695292
6.47 0.000708317
6.48 0.000711195
6.49 0.000710705
6.5 0.000714437
6.51 0.000727556
6.52 0.000751244
6.53 0.000783811
6.54 0.000823538
6.55 0.000870927
6.56 0.000928597
6.57 0.000999107
6.58 0.00108266
6.59 0.00117635
6.6 0.00127509
6.61 0.00137311
6.62 0.00146513
6.63 0.00154672
6.64 0.00161413
6.65 0.00166423
6.66 0.00169536
6.67 0.00170829
6.68 0.00170611
6.69 0.00169279
6.7 0.00167158
6.71 0.00164442
6.72 0.00161237
6.73 0.00157635
6.74 0.00153743
6.75 0.00149636
6.76 0.00145305
6.77 0.00140656
6.78 0.00135569
6.79 0.00129959
6.8 0.00123783
6.81 0.00117034
6.82 0.00109727
6.83 0.00101913
6.84 0.000936965
6.85 0.000852039
6.86 0.000765134
6.87 0.00067607
6.88 0.00058399
6.89 0.000488128
6.9 0.00038841
6.91 0.000285908
6.92 0.000183105
6.93 8.31168e-05
6.94 -1.22776e-05
6.95 -0.000103746
6.96 -0.000193139
6.97 -0.000281771
6.98 -0.000370758
6.99 -0.000462215
7 -0.000558739
7.01 -0.000661682
7.02 -0.000770535
7.03 -0.000883842
7.04 -0.00100037
7.05 -0.0011194
7.06 -0.00123994
7.07 -0.00135998
7.08 -0.00147685
7.09 -0.00158834
7.1 -0.00169281
7.11 -0.00178847
7.12 -0.00187299
7.13 -0.0019443
7.14 -0.00200167
7.15 -0.00204581
7.16 -0.0020779
7.17 -0.00209882
7.18 -0.00210922
7.19 -0.00210981
7.2 -0.00210138
7.21 -0.00208474
7.22 -0.00206082
7.23 -0.00203055
7.24 -0.00199456
7.25 -0.00195285
7.26 -0.00190491
7.27 -0.00184996
7.28 -0.00178686
7.29 -0.001714
7.3 -0.00162943
7.31 -0.00153172
7.32 -0.00142067
7.33 -0.00129728
7.34 -0.00116278
7.35 -0.00101776
7.36 -0.000862149
7.37 -0.000695905
7.38 -0.000519566
7.39 -0.000333826
7.4 -0.000138309
7.41 6.88114e-05
7.42 0.000288877
7.43 0.000519595
7.44 0.000753717
7.45 0.000980972
7.46 0.00119094
7.47 0.00137391
7.48 0.00152112
7.49 0.00162855
7.5 0.00170256
7.51 0.00175844
7.52 0.0018086
7.53 0.00185162
7.54 0.00187492
7.55 0.00186719
7.56 0.00182691
7.57 0.00176151
7.58 0.00168175
7.59 0.00159598
7.6 0.00150682
7.61 0.0014126
7.62 0.00131274
7.63 0.00121116
7.64 0.00111407
7.65 0.00102496
7.66 0.000942359
7.67 0.000861859
7.68 0.000779805
7.69 0.000695098
7.7 0.000608275
7.71 0.000519721
7.72 0.000429108
7.73 0.000336635
7.74 0.000244927
7.75 0.000159805
7.76 8.87502e-05
7.77 3.76001e-05
7.78 7.65976e-06
7.79 -4.59755e-06
7.8 -5.18886e-06
7.81 3.19127e-07
7.82 8.35331e-06
7.83 1.72235e-05
7.84 2.6402e-05
7.85 3.61285e-05
7.86 4.74504e-05
7.87 6.21292e-05
7.88 8.18681e-05
7.89 0.000107134
7.9 0.000136591
7.91 0.00016778
7.92 0.000198519
7.93 0.000227858
7.94 0.000255908
7.95 0.000282797
7.96 0.000307534
7.97 0.000327694
7.98 0.000340222
7.99 0.000342755
8 0.000334376
8.01 0.000315422
8.02 0.000286956
8.03 0.000250611
8.04 0.000208781
8.05 0.000164463
8.06 0.0001203
8.07 7.72794e-05
8.08 3.40444e-05
8.09 -1.26951e-05
8.1 -6.70476e-05
8.11 -0.000132888
8.12 -0.000213218
8.13 -0.000309812
8.14 -0.000423097
8.15 -0.000552441
8.16 -0.000696659
8.17 -0.000854091
8.18 -0.0010219
8.19 -0.00119528
8.2 -0.00136784
8.21 -0.00153332
8.22 -0.00168765
8.23 -0.00182981
8.24 -0.00196095
8.25 -0.00208267
8.26 -0.00219565
8.27 -0.00229866
8.28 -0.00238788
8.29 -0.00245787
8.3 -0.0025051
8.31 -0.00253149
8.32 -0.00254248
8.33 -0.00254054
8.34 -0.00252168
8.35 -0.00247996
8.36 -0.00241551
8.37 -0.00233746
8.38 -0.00225934
8.39 -0.00219125
8.4 -0.00213474
8.41 -0.0020835
8.42 -0.00202809
8.43 -0.00196092
8.44 -0.00187791
8.45 -0.00177686
8.46 -0.00165535
8.47 -0.00151062
8.48 -0.00134112
8.49 -0.00114766
8.5 -0.000933058
8.51 -0.000700426
8.52 -0.000451039
8.53 -0.000182507
8.54 0.000111538
8.55 0.000438825
8.56 0.000802789
8.57 0.00119701
8.58 0.00160367
8.59 0.00199599
8.6 0.00234456
8.61 0.00263227
8.62 0.00287231
8.63 0.0031023
8.64 0.0033433
8.65 0.00356506
8.66 0.00370494
8.67 0.00372348
8.68 0.00363712
8.69 0.0034993
8.7 0.00335682
8.71 0.00322517
8.72 0.00309969
8.73 0.00298154
8.74 0.00288845
8.75 0.002843
8.76 0.00285275
8.77 0.00290019
8.78 0.00295052
8.79 0.00297117
8.8 0.00294699
8.81 0.00288054
8.82 0.00278201
8.83 0.0026606
8.84 0.00252405
8.85 0.00238246
8.86 0.00224982
8.87 0.00214024
8.88 0.00206175
8.89 0.00201218
8.9 0.00197978
8.91 0.00194783
8.92 0.00190067
8.93 0.00182778
8.94 0.00172427
8.95 0.00158917
8.96 0.00142405
8.97 0.00123349
8.98 0.0010259
8.99 0.000812465
9 0.000603693
9.01 0.000405932
9.02 0.000220014
9.03 4.23788e-05
9.04 -0.000132437
9.05 -0.000308962
9.06 -0.00048873
9.07 -0.00067042
9.08 -0.000851673
9.09 -0.00102959
9.1 -0.00119862
9.11 -0.00134962
9.12 -0.00147434
9.13 -0.00157239
9.14 -0.00165178
9.15 -0.00172069
9.16 -0.0017799
9.17 -0.00182495
9.18 -0.00185424
9.19 -0.00187269
9.2 -0.00188845
9.21 -0.00190773
9.22 -0.00193172
9.23 -0.00195649
9.24 -0.00197582
9.25 -0.00198616
9.26 -0.00198918
9.27 -0.00198926
9.28 -0.00198848
9.29 -0.00198467
9.3 -0.00197437
9.31 -0.00195699
9.32 -0.00193561
9.33 -0.00191424
9.34 -0.00189431
9.35 -0.00187345
9.36 -0.0018473
9.37 -0.00181274
9.38 -0.00177009
9.39 -0.00172257
9.4 -0.00167383
9.41 -0.00162594
9.42 -0.00157943
9.43 -0.0015348
9.44 -0.00149365
9.45 -0.00145863
9.46 -0.00143236
9.47 -0.00141655
9.48 -0.00141178
9.49 -0.00141769
9.5 -0.00143326
9.51 -0.00145665
9.52 -0.00148483
9.53 -0.00151365
9.54 -0.00153866
9.55 -0.00155673
9.56 -0.00156722
9.57 -0.00157191
9.58 -0.00157339
9.59 -0.00157343
9.6 -0.00157236
9.61 -0.00156959
9.62 -0.00156441
9.63 -0.00155597
9.64 -0.00154246
9.65 -0.00152038
9.66 -0.00148492
9.67 -0.00143129
9.68 -0.00135632
9.69 -0.00125967
9.7 -0.00114392
9.71 -0.0010134
9.72 -0.000872622
9.73 -0.000725143
9.74 -0.00057333
9.75 -0.000418363
9.76 -0.000259819
9.77 -9.53549e-05
9.78 7.84268e-05
9.79 0.000263937
9.8 0.000460755
9.81 0.000665501
9.82 0.000873282
9.83 0.00107883
9.84 0.0012759
9.85 0.00145657
9.86 0.00161378
9.87 0.00174689
9.88 0.00186403
9.89 0.00197602
9.9 0.00208623
9.91 0.00218698
9.92 0.00226619
9.93 0.00231733
9.94 0.00234373
9.95 0.00235448
9.96 0.00235617
9.97 0.00234786
9.98 0.00232371
9.99 0.00228036
10 0.00222123
10.01 0.00215361
10.02 0.00208221
10.03 0.00200565
10.04 0.00191859
10.05 0.0018168
10.06 0.00170068
10.07 0.00157456
10.08 0.00144326
10.09 0.00130891
10.1 0.00117075
10.11 0.00102741
10.12 0.000879156
10.13 0.000728027
10.14 0.00057581
10.15 0.000422261
10.16 0.000265446
10.17 0.000104139
10.18 -5.98529e-05
10.19 -0.000221449
10.2 -0.000374306
10.21 -0.000513476
10.22 -0.000636914
10.23 -0.000744949
10.24 -0.000838285
10.25 -0.000916206
10.26 -0.000976866
10.27 -0.00101967
10.28 -0.00104724
10.29 -0.00106417
10.3 -0.00107321
10.31 -0.00107272
10.32 -0.00105843
10.33 -0.00102735
10.34 -0.000979641
10.35 -0.000917404
10.36 -0.000842861
10.37 -0.000758048
10.38 -0.00066549
10.39 -0.000568412
10.4 -0.000470217
10.41 -0.000373761
10.42 -0.000280714
10.43 -0.000191077
10.44 -0.000103125
10.45 -1.39678e-05
10.46 7.94256e-05
10.47 0.00017937
10.48 0.00028711
10.49 0.000402767
10.5 0.000525149
10.51 0.000651399
10.52 0.000776891
10.53 0.000895951
10.54 0.00100351
10.55 0.00109695
10.56 0.00117682
10.57 0.00124567
10.58 0.00130581
10.59 0.00135802
10.6 0.00140178
10.61 0.00143625
10.62 0.00146049
10.63 0.00147314
10.64 0.00147262
10.65 0.00145795
10.66 0.00142899
10.67 0.00138571
10.68 0.00132753
10.69 0.00125386
10.7 0.00116536
10.71 0.00106421
10.72 0.000953292
10.73 0.000835037
10.74 0.000710925
10.75 0.000581845
10.76 0.000448756
10.77 0.000312989
10.78 0.00017612
10.79 3.98697e-05
10.8 -9.37521e-05
10.81 -0.0002224
10.82 -0.000343725
10.83 -0.000455819
10.84 -0.000557225
10.85 -0.000646313
10.86 -0.000720641
10.87 -0.000777218
10.88 -0.000813859
10.89 -0.000830601
10.9 -0.000829779
10.91 -0.00081441
10.92 -0.000786349
10.93 -0.000745978
10.94 -0.000693445
10.95 -0.000629676
10.96 -0.000555914
10.97 -0.000472708
10.98 -0.000380011
10.99 -0.000278419
11 -0.000169958
11.01 -5.75098e-05
11.02 5.64086e-05
11.03 0.000170326
11.04 0.000283572
11.05 0.000395541
11.06 0.000505059
11.07 0.000610221
11.08 0.000708655
11.09 0.00079799
11.1 0.000876338
11.11 0.000942713
11.12 0.000997165
11.13 0.00104031
11.14 0.00107244
11.15 0.00109308
11.16 0.00110187
11.17 0.00109981
11.18 0.00108929
11.19 0.00107251
11.2 0.00104978
11.21 0.00101967
11.22 0.000980835
11.23 0.00093353
11.24 0.000879345
11.25 0.000819669
11.26 0.000754669
11.27 0.000683674
11.28 0.000606223
11.29 0.000522586
11.3 0.000433381
11.31 0.000338909
11.32 0.000238915
11.33 0.000132957
11.34 2.10495e-05
11.35 -9.58884e-05
11.36 -0.00021616
11.37 -0.000337989
11.38 -0.000460293
11.39 -0.000582824
11.4 -0.000705396
11.41 -0.000826791
11.42 -0.00094447
11.43 -0.00105569
11.44 -0.00115919
11.45 -0.0012558
11.46 -0.00134712
11.47 -0.0014334
11.48 -0.00151283
11.49 -0.0015825
11.5 -0.00163984
11.51 -0.00168316
11.52 -0.00171164
11.53 -0.00172569
11.54 -0.00172721
11.55 -0.00171904
11.56 -0.00170371
11.57 -0.0016829
11.58 -0.00165796
11.59 -0.00163036
11.6 -0.00160131
11.61 -0.00157112
11.62 -0.00153915
11.63 -0.0015044
11.64 -0.00146619
11.65 -0.00142452
11.66 -0.00137969
11.67 -0.00133197
11.68 -0.00128134
11.69 -0.00122774
11.7 -0.00117141
11.71 -0.00111293
11.72 -0.00105299
11.73 -0.000991979
11.74 -0.00092971
11.75 -0.000865514
11.76 -0.000798562
11.77 -0.00072822
11.78 -0.000654337
11.79 -0.000577349
11.8 -0.000498174
11.81 -0.000417944
11.82 -0.000337749
11.83 -0.000258517
11.84 -0.000180932
11.85 -0.000105285
11.86 -3.13495e-05
11.87 4.15954e-05
11.88 0.000114558
11.89 0.000188568
11.9 0.000264438
11.91 0.000342587
11.92 0.00042292
11.93 0.000504802
11.94 0.000587161
11.95 0.000668761
11.96 0.000748651
11.97 0.000826565
11.98 0.000902961
11.99 0.000978621
12 0.00105412
12.01 0.0011295
12.02 0.00120427
12.03 0.00127755
12.04 0.00134829
12.05 0.00141537
12.06 0.00147761
12.07 0.00153378
12.08 0.00158266
12.09 0.00162336
12.1 0.00165556
12.11 0.00167947
12.12 0.00169553
12.13 0.00170432
12.14 0.00170658
12.15 0.00170348
12.16 0.00169641
12.17 0.00168649
12.18 0.00167395
12.19 0.00165778
12.2 0.00163606
12.21 0.00160692
12.22 0.00156943
12.23 0.00152378
12.24 0.00147067
12.25 0.00141085
12.26 0.00134501
12.27 0.00127422
12.28 0.00120004
12.29 0.0011241
12.3 0.00104709
12.31 0.000968332
12.32 0.000886146
12.33 0.000798847
12.34 0.000705419
12.35 0.000605544
12.36 0.000499215
12.37 0.000386437
12.38 0.000267278
12.39 0.000142149
12.4 1.19784e-05
12.41 -0.00012188
12.42 -0.000257953
12.43 -0.000395043
12.44 -0.000532475
12.45 -0.000669891
12.46 -0.000806527
12.47 -0.000940471
12.48 -0.00106873
12.49 -0.00118865
12.5 -0.00129988
12.51 -0.001405
12.52 -0.00150761
12.53 -0.00160891
12.54 -0.00170589
12.55 -0.00179273
12.56 -0.00186409
12.57 -0.00191771
12.58 -0.00195487
12.59 -0.00197879
12.6 -0.00199212
12.61 -0.00199566
12.62 -0.00198923
12.63 -0.00197367
12.64 -0.00195155
12.65 -0.00192592
12.66 -0.00189821
12.67 -0.00186759
12.68 -0.00183193
12.69 -0.00178945
12.7 -0.00173966
12.71 -0.00168307
12.72 -0.00162041
12.73 -0.00155209
12.74 -0.00147851
12.75 -0.00140074
12.76 -0.00132075
12.77 -0.00124084
12.78 -0.00116264
12.79 -0.00108633
12.8 -0.0010108
12.81 -0.000934417
12.82 -0.000855921
12.83 -0.000774755
12.84 -0.000690788
12.85 -0.000603935
12.86 -0.000514091
12.87 -0.000421396
12.88 -0.000326492
12.89 -0.000230435
12.9 -0.000134189
12.91 -3.79848e-05
12.92 5.90054e-05
12.93 0.000158432
12.94 0.000262176
12.95 0.000371799
12.96 0.000488193
12.97 0.000611279
12.98 0.000739683
12.99 0.000870656
13 0.00100065
13.01 0.00112656
13.02 0.00124696
13.03 0.00136223
13.04 0.00147333
13.05 0.00158009
13.06 0.00168035
13.07 0.00177057
13.08 0.00184759
13.09 0.00191012
13.1 0.00195924
13.11 0.00199726
13.12 0.00202569
13.13 0.00204401
13.14 0.0020504
13.15 0.00204353
13.16 0.00202378
13.17 0.0019927
13.18 0.00195177
13.19 0.00190171
13.2 0.00184294
13.21 0.00177656
13.22 0.00170475
13.23 0.00163011
13.24 0.00155442
13.25 0.00147793
13.26 0.00139972
13.27 0.00131871
13.28 0.0012344
13.29 0.00114679
13.3 0.00105577
13.31 0.000960859
13.32 0.000861549
13.33 0.000757895
13.34 0.000650785
13.35 0.000541529
13.36 0.000431148
13.37 0.000319974
13.38 0.00020786
13.39 9.46866e-05
13.4 -1.93354e-05
13.41 -0.000133827
13.42 -0.000248643
13.43 -0.000364109
13.44 -0.000480759
13.45 -0.000598574
13.46 -0.000716157
13.47 -0.000830476
13.48 -0.000937611
13.49 -0.00103433
13.5 -0.00111957
13.51 -0.00119466
13.52 -0.00126186
13.53 -0.00132233
13.54 -0.00137518
13.55 -0.00141821
13.56 -0.00144939
13.57 -0.00146788
13.58 -0.00147449
13.59 -0.00147139
13.6 -0.00146112
13.61 -0.00144528
13.62 -0.00142396
13.63 -0.00139658
13.64 -0.00136312
13.65 -0.00132448
13.66 -0.0012818
13.67 -0.00123569
13.68 -0.00118622
13.69 -0.00113349
13.7 -0.00107831
13.71 -0.00102222
13.72 -0.000967055
13.73 -0.000914383
13.74 -0.000865181
13.75 -0.000819825
13.76 -0.000778175
13.77 -0.000739685
13.78 -0.000703537
13.79 -0.00066877
13.8 -0.000634365
13.81 -0.000599297
13.82 -0.000562645
13.83 -0.000523748
13.84 -0.00048238
13.85 -0.000438823
13.86 -0.000393745
13.87 -0.000347922
13.88 -0.000301983
13.89 -0.000256389
13.9 -0.000211571
13.91 -0.000168031
13.92 -0.000126267
13.93 -8.65841e-05
13.94 -4.89692e-05
13.95 -1.3103e-05
13.96 2.14867e-05
13.97 5.52326e-05
13.98 8.83841e-05
13.99 0.000120967
14 0.000152881
14.01 0.000184102
14.02 0.000214833
14.03 0.000245457
14.04 0.000276355
14.05 0.000307773
14.06 0.000339882
14.07 0.00037295
14.08 0.000407448
14.09 0.00044393
14.1 0.000482742
14.11 0.000523799
14.12 0.000566673
14.13 0.000610946
14.14 0.000656522
14.15 0.000703631
14.16 0.000752543
14.17 0.000803161
14.18 0.000854758
14.19 0.000906018
14.2 0.000955353
14.21 0.00100121
14.22 0.00104217
14.23 0.00107683
14.24 0.00110387
14.25 0.00112225
14.26 0.00113155
14.27 0.00113218
14.28 0.00112507
14.29 0.00111122
14.3 0.00109133
14.31 0.0010658
14.32 0.00103511
14.33 0.00100001
14.34 0.000961406
14.35 0.000919887
14.36 0.000875368
14.37 0.000827066
14.38 0.000773874
14.39 0.000714802
14.4 0.000649236
14.41 0.000576981
14.42 0.000498209
14.43 0.000413355
14.44 0.000323018
14.45 0.000227963
14.46 0.000129176
14.47 2.78115e-05
14.48 -7.49823e-05
14.49 -0.000178142
14.5 -0.000280528
14.51 -0.000380691
14.52 -0.00047686
14.53 -0.000567175
14.54 -0.000649911
14.55 -0.000723483
14.56 -0.000786465
14.57 -0.000837919
14.58 -0.000877911
14.59 -0.000907665
14.6 -0.000929005
14.61 -0.000943416
14.62 -0.000951433
14.63 -0.000952764
14.64 -0.000946904
14.65 -0.000933766
14.66 -0.000913985
14.67 -0.00088879
14.68 -0.000859538
14.69 -0.000827231
14.7 -0.000792398
14.71 -0.00075536
14.72 -0.000716472
14.73 -0.000676069
14.74 -0.000634227
14.75 -0.000590671
14.76 -0.000544979
14.77 -0.00049695
14.78 -0.00044694
14.79 -0.000395933
14.8 -0.000345225
14.81 -0.000295948
14.82 -0.000248771
14.83 -0.000204016
14.84 -0.000161982
14.85 -0.000123072
14.86 -8.75578e-05
14.87 -5.52761e-05
14.88 -2.56788e-05
14.89 1.75531e-06
14.9 2.71228e-05
14.91 5.00091e-05
14.92 6.96935e-05
14.93 8.54422e-05
14.94 9.66997e-05
14.95 0.000103137
14.96 0.000104637
14.97 0.000101295
14.98 9.34714e-05
14.99 8.18695e-05
15 6.75575e-05
15.01 5.18825e-05
15.02 3.62611e-05
15.03 2.18945e-05
15.04 9.52694e-06
15.05 -5.95712e-07
15.06 -8.52172e-06
15.07 -1.42678e-05
15.08 -1.75787e-05
15.09 -1.79191e-05
15.1 -1.46536e-05
15.11 -7.22163e-06
15.12 4.82138e-06
15.13 2.18288e-05
15.14 4.40406e-05
15.15 7.15042e-05
15.16 0.000103953
15.17 0.000140641
15.18 0.000180235
15.19 0.000220925
15.2 0.000260813
15.21 0.000298404
15.22 0.00033291
15.23 0.000364208
15.24 0.000392584
15.25 0.000418563
15.26 0.000442977
15.27 0.000467031
15.28 0.00049199
15.29 0.000518559
15.3 0.000546414
15.31 0.00057428
15.32 0.000600469
15.33 0.000623415
15.34 0.000641927
15.35 0.000655175
15.36 0.000662662
15.37 0.000664318
15.38 0.000660621
15.39 0.00065249
15.4 0.000640882
15.41 0.000626337
15.42 0.000608734
15.43 0.000587365
15.44 0.000561266
15.45 0.000529612
15.46 0.000491951
15.47 0.000448185
15.48 0.000398446
15.49 0.00034314
15.5 0.000283171
15.51 0.000220108
15.52 0.000156031
15.53 9.30555e-05
15.54 3.27936e-05
15.55 -2.39485e-05
15.56 -7.70679e-05
15.57 -0.000126813
15.58 -0.00017346
15.59 -0.00021715
15.6 -0.000257804
15.61 -0.000295045
15.62 -0.000328174
15.63 -0.000356257
15.64 -0.00037836
15.65 -0.000393813
15.66 -0.000402399
15.67 -0.000404407
15.68 -0.000400603
15.69 -0.000392132
15.7 -0.000380311
15.71 -0.000366344
15.72 -0.000351109
15.73 -0.000335124
15.74 -0.000318636
15.75 -0.000301688
15.76 -0.000284133
15.77 -0.000265687
15.78 -0.000246083
15.79 -0.000225215
15.8 -0.000203175
15.81 -0.000180196
15.82 -0.00015658
15.83 -0.000132674
15.84 -0.000108855
15.85 -8.55302e-05
15.86 -6.31587e-05
15.87 -4.22933e-05
15.88 -2.35533e-05
15.89 -7.44345e-06
15.9 5.90617e-06
15.91 1.68516e-05
15.92 2.60827e-05
15.93 3.43367e-05
15.94 4.21641e-05
15.95 4.98204e-05
15.96 5.72784e-05
15.97 6.43418e-05
15.98 7.08331e-05
15.99 7.67881e-05
16 8.25531e-05
16.01 8.87371e-05
16.02 9.60714e-05
16.03 0.000105271
16.04 0.000116955
16.05 0.000131636
16.06 0.000149723
16.07 0.000171421
16.08 0.000196505
16.09 0.000224136
16.1 0.00025296
16.11 0.000281522
16.12 0.000308735
16.13 0.000334016
16.14 0.000357019
16.15 0.000377265
16.16 0.000394014
16.17 0.00040643
16.18 0.000413878
16.19 0.000416068
16.2 0.000412964
16.21 0.000404596
16.22 0.000391023
16.23 0.000372413
16.24 0.000349087
16.25 0.000321486
16.26 0.000290094
16.27 0.000255405
16.28 0.000217886
16.29 0.000177879
16.3 0.000135471
16.31 9.04782e-05
16.32 4.26373e-05
16.33 -8.13722e-06
16.34 -6.16477e-05
16.35 -0.000117472
16.36 -0.000175029
16.37 -0.000233517
16.38 -0.000291798
16.39 -0.000348413
16.4 -0.000401875
16.41 -0.000451056
16.42 -0.000495367
16.43 -0.000534659
16.44 -0.00056902
16.45 -0.000598656
16.46 -0.000623837
16.47 -0.000644851
16.48 -0.000661968
16.49 -0.000675422
16.5 -0.000685409
16.51 -0.000692027
16.52 -0.000695143
16.53 -0.000694294
16.54 -0.000688734
16.55 -0.000677641
16.56 -0.000660403
16.57 -0.000636881
16.58 -0.000607535
16.59 -0.000573338
16.6 -0.000535534
16.61 -0.000495369
16.62 -0.000453916
16.63 -0.000412068
16.64 -0.000370603
16.65 -0.000330121
16.66 -0.000290858
16.67 -0.000252571
16.68 -0.00021467
16.69 -0.000176542
16.7 -0.000137882
16.71 -9.88636e-05
16.72 -6.00752e-05
16.73 -2.23114e-05
16.74 1.36552e-05
16.75 4.72233e-05
16.76 7.80232e-05
16.77 0.0001059
16.78 0.000130822
16.79 0.000152765
16.8 0.000171655
16.81 0.000187414
16.82 0.000200037
16.83 0.000209591
16.84 0.000216149
16.85 0.000219777
16.86 0.000220599
16.87 0.000218855
16.88 0.000214879
16.89 0.000209009
16.9 0.000201489
16.91 0.00019241
16.92 0.000181748
16.93 0.000169455
16.94 0.000155556
16.95 0.000140203
16.96 0.000123661
16.97 0.000106261
16.98 8.83434e-05
16.99 7.02411e-05
17 5.23179e-05
17.01 3.50751e-05
17.02 1.92593e-05
17.03 5.82527e-06
17.04 -4.32662e-06
17.05 -1.06817e-05
17.06 -1.32228e-05
17.07 -1.22431e-05
17.08 -8.06852e-06
17.09 -9.525e-07
17.1 8.79682e-06
17.11 2.06325e-05
17.12 3.37667e-05
17.13 4.74105e-05
17.14 6.10682e-05
17.15 7.46583e-05
17.16 8.84028e-05
17.17 0.000102604
17.18 0.000117443
17.19 0.000132904
17.2 0.000148826
17.21 0.000165007
17.22 0.000181205
17.23 0.000197019
17.24 0.000211775
17.25 0.000224592
17.26 0.000234648
17.27 0.000241473
17.28 0.000245057
17.29 0.00024569
17.3 0.000243651
17.31 0.000238979
17.32 0.000231482
17.33 0.000220936
17.34 0.000207245
17.35 0.0001904
17.36 0.000170351
17.37 0.000146951
17.38 0.000120042
17.39 8.96196e-05
17.4 5.5951e-05
17.41 1.95902e-05
17.42 -1.87067e-05
17.43 -5.81014e-05
17.44 -9.7786e-05
17.45 -0.000137061
17.46 -0.000175377
17.47 -0.000212371
17.48 -0.00024787
17.49 -0.000281867
17.5 -0.000314464
17.51 -0.000345841
17.52 -0.000376238
17.53 -0.000405895
17.54 -0.000434926
17.55 -0.000463149
17.56 -0.00049
17.57 -0.000514653
17.58 -0.000536302
17.59 -0.000554426
17.6 -0.000568853
17.61 -0.000579615
17.62 -0.000586734
17.63 -0.000590152
17.64 -0.000589915
17.65 -0.000586359
17.66 -0.000580019
17.67 -0.000571328
17.68 -0.000560407
17.69 -0.000547131
17.7 -0.000531402
17.71 -0.000513364
17.72 -0.000493377
17.73 -0.000471813
17.74 -0.000448934
17.75 -0.000424956
17.76 -0.00040017
17.77 -0.000374907
17.78 -0.000349392
17.79 -0.000323657
17.8 -0.000297629
17.81 -0.000271288
17.82 -0.00024475
17.83 -0.000218229
17.84 -0.000191936
17.85 -0.000166027
17.86 -0.000140644
17.87 -0.000115999
17.88 -9.24223e-05
17.89 -7.03141e-05
17.9 -5.00678e-05
17.91 -3.19993e-05
17.92 -1.62928e-05
17.93 -2.97182e-06
17.94 8.11328e-06
17.95 1.73181e-05
17.96 2.52442e-05
17.97 3.26969e-05
17.98 4.05196e-05
17.99 4.93868e-05
18 5.96928e-05
18.01 7.1604e-05
18.02 8.52245e-05
18.03 0.000100727
18.04 0.000118347
18.05 0.00013829
18.06 0.000160694
18.07 0.000185655
18.08 0.000213252
18.09 0.000243576
18.1 0.000276716
18.11 0.000312709
18.12 0.000351409
18.13 0.000392414
18.14 0.000435139
18.15 0.000478982
18.16 0.000523401
18.17 0.000567833
18.18 0.000611585
18.19 0.000653832
18.2 0.000693756
18.21 0.000730743
18.22 0.000764514
18.23 0.0007951
18.24 0.000822701
18.25 0.000847559
18.26 0.000869946
18.27 0.000890158
18.28 0.000908424
18.29 0.000924762
18.3 0.000938916
18.31 0.000950458
18.32 0.000958984
18.33 0.000964224
18.34 0.000965988
18.35 0.000964067
18.36 0.000958228
18.37 0.000948317
18.38 0.000934363
18.39 0.000916559
18.4 0.000895178
18.41 0.000870504
18.42 0.000842788
18.43 0.000812227
18.44 0.000778933
18.45 0.0007429
18.46 0.000703972
18.47 0.000661865
18.48 0.000616279
18.49 0.000567055
18.5 0.000514263
18.51 0.000458187
18.52 0.00039925
18.53 0.000337941
18.54 0.0002748
18.55 0.000210389
18.56 0.000145179
18.57 7.93997e-05
18.58 1.29836e-05
18.59 -5.42992e-05
18.6 -0.000122632
18.61 -0.00019202
18.62 -0.00026228
18.63 -0.000333059
18.64 -0.000403801
18.65 -0.00047368
18.66 -0.000541606
18.67 -0.000606371
18.68 -0.000666929
18.69 -0.000722666
18.7 -0.000773507
18.71 -0.000819715
18.72 -0.000861527
18.73 -0.000898901
18.74 -0.00093155
18.75 -0.000959181
18.76 -0.000981695
18.77 -0.000999232
18.78 -0.00101213
18.79 -0.00102087
18.8 -0.001026
18.81 -0.001028
18.82 -0.00102726
18.83 -0.00102402
18.84 -0.00101861
18.85 -0.00101134
18.86 -0.00100241
18.87 -0.000991751
18.88 -0.000979073
18.89 -0.000964057
18.9 -0.000946534
18.91 -0.00092643
18.92 -0.000903586
18.93 -0.00087764
18.94 -0.000848079
18.95 -0.000814397
18.96 -0.000776256
18.97 -0.000733487
18.98 -0.000685969
18.99 -0.000633484
19 -0.000575688
19.01 -0.000512254
19.02 -0.000443083
19.03 -0.00036838
19.04 -0.000288548
19.05 -0.00020405
19.06 -0.000115404
19.07 -2.32728e-05
19.08 7.15149e-05
19.09 0.000168041
19.1 0.000265377
19.11 0.000362583
19.12 0.000458639
19.13 0.000552365
19.14 0.000642414
19.15 0.000727382
19.16 0.000805997
19.17 0.000877358
19.18 0.000941145
19.19 0.000997666
19.2 0.00104759
19.21 0.00109145
19.22 0.00112929
19.23 0.00116062
19.24 0.00118469
19.25 0.00120099
19.26 0.00120951
19.27 0.00121083
19.28 0.00120581
19.29 0.00119525
19.3 0.00117965
19.31 0.00115929
19.32 0.00113442
19.33 0.00110543
19.34 0.00107267
19.35 0.00103638
19.36 0.000996561
19.37 0.000953105
19.38 0.00090587
19.39 0.000854795
19.4 0.000799972
19.41 0.000741691
19.42 0.000680416
19.43 0.000616694
19.44 0.000551078
19.45 0.000484079
19.46 0.000416122
19.47 0.000347508
19.48 0.000278404
19.49 0.000208898
19.5 0.000139066
19.51 6.90142e-05
19.52 -1.08078e-06
19.53 -7.09378e-05
19.54 -0.000140167
19.55 -0.000208294
19.56 -0.000274755
19.57 -0.000338858
19.58 -0.000399786
19.59 -0.000456739
19.6 -0.000509165
19.61 -0.000556943
19.62 -0.000600428
19.63 -0.000640315
19.64 -0.000677381
19.65 -0.000712195
19.66 -0.000744942
19.67 -0.00077542
19.68 -0.000803198
19.69 -0.000827795
19.7 -0.000848826
19.71 -0.000866087
19.72 -0.000879583
19.73 -0.00088947
19.74 -0.000895926
19.75 -0.000899043
19.76 -0.000898749
19.77 -0.00089482
19.78 -0.00088698
19.79 -0.000875071
19.8 -0.000859148
19.81 -0.000839455
19.82 -0.00081633
19.83 -0.00079013
19.84 -0.000761228
19.85 -0.000730033
19.86 -0.000696968
19.87 -0.000662418
19.88 -0.000626641
19.89 -0.000589694
19.9 -0.000551413
19.91 -0.000511515
19.92 -0.000469814
19.93 -0.000426396
19.94 -0.000381571
19.95 -0.000335643
19.96 -0.000288727
19.97 -0.000240791
19.98 -0.000191821
19.99 -0.000141938
20 -9.13693e-05
20.01 -4.03335e-05
20.02 1.10588e-05
20.03 6.28209e-05
20.04 0.000114987
20.05 0.000167419
20.06 0.000219672
20.07 0.00027108
20.08 0.000321035
20.09 0.000369218
20.1 0.000415579
20.11 0.000460128
20.12 0.000502747
20.13 0.000543222
20.14 0.000581426
20.15 0.000617453
20.16 0.000651515
20.17 0.000683686
20.18 0.000713736
20.19 0.000741207
20.2 0.000765654
20.21 0.000786886
20.22 0.000805026
20.23 0.000820315
20.24 0.000832825
20.25 0.000842351
20.26 0.000848564
20.27 0.000851218
20.28 0.000850169
20.29 0.000845237
20.3 0.000836077
20.31 0.000822238
20.32 0.00080333
20.33 0.000779133
20.34 0.000749595
20.35 0.000714782
20.36 0.00067491
20.37 0.000630429
20.38 0.000582019
20.39 0.000530417
20.4 0.000476187
20.41 0.000419626
20.42 0.000360878
20.43 0.000300132
20.44 0.000237713
20.45 0.000173996
20.46 0.000109299
20.47 4.38631e-05
20.48 -2.20648e-05
20.49 -8.8171e-05
20.5 -0.000154098
20.51 -0.00021949
20.52 -0.000283971
20.53 -0.000347057
20.54 -0.000408079
20.55 -0.000466192
20.56 -0.000520537
20.57 -0.00057046
20.58 -0.000615657
20.59 -0.000656149
20.6 -0.000692096
20.61 -0.000723586
20.62 -0.000750533
20.63 -0.000772745
20.64 -0.000790087
20.65 -0.000802565
20.66 -0.000810272
20.67 -0.000813282
20.68 -0.000811644
20.69 -0.000805491
20.7 -0.000795117
20.71 -0.000780931
20.72 -0.000763346
20.73 -0.000742703
20.74 -0.000719265
20.75 -0.000693246
20.76 -0.00066483
20.77 -0.0006342
20.78 -0.000601591
20.79 -0.000567323
20.8 -0.000531736
20.81 -0.000495056
20.82 -0.000457337
20.83 -0.000418571
20.84 -0.000378855
20.85 -0.00033844
20.86 -0.000297623
20.87 -0.000256588
20.88 -0.000215384
20.89 -0.000174054
20.9 -0.000132768
20.91 -9.18317e-05
20.92 -5.15858e-05
20.93 -1.23066e-05
20.94 2.58119e-05
20.95 6.26113e-05
20.96 9.79095e-05
20.97 0.000131464
20.98 0.000162981
20.99 0.000192168
21 0.000218824
21.01 0.000242865
21.02 0.000264286
21.03 0.000283057
21.04 0.000299061
21.05 0.000312138
21.06 0.00032219
21.07 0.000329242
21.08 0.000333413
21.09 0.000334831
21.1 0.000333581
21.11 0.000329708
21.12 0.000323278
21.13 0.000314439
21.14 0.000303465
21.15 0.000290739
21.16 0.00027667
21.17 0.000261608
21.18 0.000245778
21.19 0.000229298
21.2 0.000212265
21.21 0.000194847
21.22 0.000177264
21.23 0.000159679
21.24 0.000142129
21.25 0.00012457
21.26 0.000106992
21.27 8.95047e-05
21.28 7.23352e-05
21.29 5.57706e-05
21.3 4.00812e-05
21.31 2.54422e-05
21.32 1.18826e-05
21.33 -6.98244e-07
21.34 -1.24542e-05
21.35 -2.35163e-05
21.36 -3.39733e-05
21.37 -4.39046e-05
21.38 -5.34295e-05
21.39 -6.27197e-05
21.4 -7.1932e-05
21.41 -8.10943e-05
21.42 -9.00716e-05
21.43 -9.86846e-05
21.44 -0.000106896
21.45 -0.00011491
21.46 -0.00012313
21.47 -0.000132021
21.48 -0.000141968
21.49 -0.000153192
21.5 -0.00016575
21.51 -0.000179544
21.52 -0.000194307
21.53 -0.000209565
21.54 -0.00022468
21.55 -0.000238951
21.56 -0.000251746
21.57 -0.000262579
21.58 -0.000271139
21.59 -0.000277249
21.6 -0.000280799
21.61 -0.000281703
21.62 -0.000279913
21.63 -0.000275485
21.64 -0.000268593
21.65 -0.000259476
21.66 -0.000248345
21.67 -0.000235335
21.68 -0.000220541
21.69 -0.000204101
21.7 -0.000186259
21.71 -0.000167352
21.72 -0.000147725
21.73 -0.000127647
21.74 -0.000107306
21.75 -8.68141e-05
21.76 -6.61989e-05
21.77 -4.54248e-05
21.78 -2.4458e-05
21.79 -3.31206e-06
21.8 1.79864e-05
21.81 3.94672e-05
21.82 6.12108e-05
21.83 8.32423e-05
21.84 0.000105436
21.85 0.000127537
21.86 0.000149281
21.87 0.000170489
21.88 0.000191076
21.89 0.000210988
21.9 0.000230129
21.91 0.00024836
21.92 0.000265569
21.93 0.000281779
21.94 0.000297162
21.95 0.000311924
21.96 0.000326131
21.97 0.000339587
21.98 0.000351863
21.99 0.000362477
22 0.000371169
22.01 0.000378045
22.02 0.000383454
22.03 0.000387721
22.04 0.000391
22.05 0.000393337
22.06 0.000394828
22.07 0.000395691
22.08 0.000396196
22.09 0.000396546
22.1 0.00039682
22.11 0.000397008
22.12 0.000397072
22.13 0.000396982
22.14 0.00039673
22.15 0.000396322
22.16 0.000395753
22.17 0.000394949
22.18 0.000393724
22.19 0.000391833
22.2 0.000389093
22.21 0.00038547
22.22 0.000381053
22.23 0.000375932
22.24 0.000370099
22.25 0.00036344
22.26 0.000355837
22.27 0.000347305
22.28 0.000338062
22.29 0.000328442
22.3 0.000318719
22.31 0.000309003
22.32 0.000299323
22.33 0.000289796
22.34 0.00028068
22.35 0.000272214
22.36 0.000264409
22.37 0.000257011
22.38 0.000249701
22.39 0.000242316
22.4 0.000234886
22.41 0.000227496
22.42 0.000220139
22.43 0.000212676
22.44 0.00020488
22.45 0.00019652
22.46 0.00018742
22.47 0.000177472
22.48 0.000166585
22.49 0.000154645
22.5 0.000141509
22.51 0.000127033
22.52 0.000111139
22.53 9.38913e-05
22.54 7.54801e-05
22.55 5.61259e-05
22.56 3.59759e-05
22.57 1.50741e-05
22.58 -6.60603e-06
22.59 -2.91105e-05
22.6 -5.24539e-05
22.61 -7.65764e-05
22.62 -0.000101345
22.63 -0.000126629
22.64 -0.000152389
22.65 -0.00017869
22.66 -0.000205638
22.67 -0.000233298
22.68 -0.000261654
22.69 -0.000290601
22.7 -0.000319989
22.71 -0.000349701
22.72 -0.000379688
22.73 -0.000409924
22.74 -0.0004403
22.75 -0.000470603
22.76 -0.000500535
22.77 -0.000529769
22.78 -0.00055799
22.79 -0.000584955
22.8 -0.000610473
22.81 -0.000634336
22.82 -0.000656276
22.83 -0.000676017
22.84 -0.000693369
22.85 -0.000708248
22.86 -0.000720614
22.87 -0.000730384
22.88 -0.000737451
22.89 -0.000741762
22.9 -0.000743351
22.91 -0.000742276
22.92 -0.000738532
22.93 -0.000732062
22.94 -0.000722846
22.95 -0.000710976
22.96 -0.000696622
22.97 -0.000679943
22.98 -0.000661047
22.99 -0.000640012
23 -0.000616885
23.01 -0.000591662
23.02 -0.000564247
23.03 -0.000534476
23.04 -0.000502186
23.05 -0.000467308
23.06 -0.000429894
23.07 -0.000390063
23.08 -0.000347919
23.09 -0.000303554
23.1 -0.000257134
23.11 -0.000208987
23.12 -0.000159576
23.13 -0.000109364
23.14 -5.86719e-05
23.15 -7.62616e-06
23.16 4.37672e-05
23.17 9.54524e-05
23.18 0.000147172
23.19 0.000198454
23.2 0.000248765
23.21 0.000297712
23.22 0.00034511
23.23 0.000390865
23.24 0.000434777
23.25 0.000476494
23.26 0.00051564
23.27 0.00055203
23.28 0.000585752
23.29 0.000617076
23.3 0.000646248
23.31 0.000673361
23.32 0.00069836
23.33 0.000721092
23.34 0.000741313
23.35 0.000758662
23.36 0.000772702
23.37 0.000783022
23.38 0.000789319
23.39 0.00079137
23.4 0.000789009
23.41 0.000782192
23.42 0.000771125
23.43 0.000756289
23.44 0.000738311
23.45 0.000717772
23.46 0.000695079
23.47 0.000670449
23.48 0.000643973
23.49 0.000615686
23.5 0.000585612
23.51 0.000553825
23.52 0.000520492
23.53 0.000485871
23.54 0.000450253
23.55 0.00041392
23.56 0.000377172
23.57 0.000340349
23.58 0.00030378
23.59 0.00026767
23.6 0.000232022
23.61 0.000196671
23.62 0.000161409
23.63 0.000126113
23.64 9.07828e-05
23.65 5.54485e-05
23.66 2.0088e-05
23.67 -1.53579e-05
23.68 -5.08659e-05
23.69 -8.62251e-05
23.7 -0.000121039
23.71 -0.000154833
23.72 -0.000187198
23.73 -0.000217896
23.74 -0.000246889
23.75 -0.000274275
23.76 -0.000300158
23.77 -0.000324522
23.78 -0.000347203
23.79 -0.000367999
23.8 -0.00038678
23.81 -0.000403487
23.82 -0.000418044
23.83 -0.000430351
23.84 -0.000440374
23.85 -0.000448255
23.86 -0.000454326
23.87 -0.000459002
23.88 -0.000462632
23.89 -0.000465419
23.9 -0.000467424
23.91 -0.000468602
23.92 -0.000468831
23.93 -0.000467913
23.94 -0.000465568
23.95 -0.000461452
23.96 -0.000455243
23.97 -0.000446765
23.98 -0.00043607
23.99 -0.000423425
24 -0.000409178
24.01 -0.000393598
24.02 -0.000376792
24.03 -0.000358733
24.04 -0.000339354
24.05 -0.000318627
24.06 -0.000296583
24.07 -0.000273285
24.08 -0.000248801
24.09 -0.000223173
24.1 -0.000196424
24.11 -0.000168594
24.12 -0.000139769
24.13 -0.000110058
24.14 -7.9516e-05
24.15 -4.81143e-05
24.16 -1.57958e-05
24.17 1.74066e-05
24.18 5.12899e-05
24.19 8.55088e-05
24.2 0.000119682
24.21 0.000153488
24.22 0.000186712
24.23 0.00021925
24.24 0.000251044
24.25 0.000281965
24.26 0.000311749
24.27 0.000340104
24.28 0.000366838
24.29 0.000391852
24.3 0.000415005
24.31 0.000436037
24.32 0.00045463
24.33 0.000470523
24.34 0.00048358
24.35 0.000493793
24.36 0.000501262
24.37 0.000506137
24.38 0.000508553
24.39 0.000508559
24.4 0.000506132
24.41 0.000501274
24.42 0.000494104
24.43 0.000484828
24.44 0.000473601
24.45 0.00046045
24.46 0.000445335
24.47 0.000428314
24.48 0.000409622
24.49 0.000389589
24.5 0.000368468
24.51 0.000346335
24.52 0.000323143
24.53 0.000298843
24.54 0.000273448
24.55 0.000247022
24.56 0.000219643
24.57 0.000191403
24.58 0.000162402
24.59 0.000132741
24.6 0.000102521
24.61 7.18514e-05
24.62 4.08536e-05
24.63 9.66011e-06
24.64 -2.159e-05
24.65 -5.27688e-05
24.66 -8.38176e-05
24.67 -0.000114797
24.68 -0.000145838
24.69 -0.000176994
24.7 -0.000208165
24.71 -0.000239168
24.72 -0.000269893
24.73 -0.00030038
24.74 -0.000330752
24.75 -0.000361053
24.76 -0.000391121
24.77 -0.000420576
24.78 -0.000448984
24.79 -0.000476074
24.8 -0.000501806
24.81 -0.000526242
24.82 -0.000549326
24.83 -0.000570772
24.84 -0.000590144
24.85 -0.00060705
24.86 -0.000621248
24.87 -0.000632581
24.88 -0.000640855
24.89 -0.00064586
24.9 -0.000647482
24.91 -0.000645789
24.92 -0.000641005
24.93 -0.000633429
24.94 -0.000623357
24.95 -0.000611033
24.96 -0.000596641
24.97 -0.00058035
24.98 -0.000562361
24.99 -0.000542921
25 -0.000522276
25.01 -0.000500616
25.02 -0.00047808
25.03 -0.000454812
25.04 -0.000431019
25.05 -0.000406948
25.06 -0.000382812
25.07 -0.000358714
25.08 -0.000334659
25.09 -0.000310649
25.1 -0.000286756
25.11 -0.000263111
25.12 -0.000239804
25.13 -0.000216795
25.14 -0.000193926
25.15 -0.000171047
25.16 -0.000148158
25.17 -0.000125443
25.18 -0.000103139
25.19 -8.13536e-05
25.2 -5.99959e-05
25.21 -3.88831e-05
25.22 -1.79053e-05
25.23 2.92092e-06
25.24 2.3545e-05
25.25 4.40083e-05
25.26 6.44641e-05
25.27 8.50747e-05
25.28 0.000105897
25.29 0.000126854
25.3 0.00014778
25.31 0.000168479
25.32 0.000188784
25.33 0.000208586
25.34 0.000227823
25.35 0.00024644
25.36 0.000264325
25.37 0.000281274
25.38 0.000297005
25.39 0.000311252
25.4 0.000323884
25.41 0.000334941
25.42 0.000344574
25.43 0.000352924
25.44 0.00036008
25.45 0.000366111
25.46 0.000371102
25.47 0.000375121
25.48 0.000378147
25.49 0.000380046
25.5 0.000380621
25.51 0.000379718
25.52 0.000377295
25.53 0.0003734
25.54 0.000368101
25.55 0.000361433
25.56 0.000353417
25.57 0.000344092
25.58 0.000333507
25.59 0.000321704
25.6 0.000308701
25.61 0.000294514
25.62 0.000279165
25.63 0.000262695
25.64 0.000245163
25.65 0.000226651
25.66 0.000207279
25.67 0.000187235
25.68 0.000166798
25.69 0.000146306
25.7 0.000126056
25.71 0.000106189
25.72 8.66836e-05
25.73 6.74546e-05
25.74 4.84807e-05
25.75 2.98508e-05
25.76 1.17145e-05
25.77 -5.80706e-06
25.78 -2.26764e-05
25.79 -3.89135e-05
25.8 -5.45062e-05
25.81 -6.93523e-05
25.82 -8.3306e-05
25.83 -9.62956e-05
25.84 -0.000108404
25.85 -0.000119836
25.86 -0.000130811
25.87 -0.000141478
25.88 -0.000151912
25.89 -0.000162166
25.9 -0.000172284
25.91 -0.000182268
25.92 -0.000192002
25.93 -0.000201248
25.94 -0.000209723
25.95 -0.000217199
25.96 -0.000223552
25.97 -0.000228763
25.98 -0.000232957
25.99 -0.000236412
26 -0.000239491
26.01 -0.00024247
26.02 -0.000245419
26.03 -0.000248208
26.04 -0.00025064
26.05 -0.000252567
26.06 -0.000253922
26.07 -0.000254672
26.08 -0.0002548
26.09 -0.000254335
26.1 -0.000253408
26.11 -0.000252244
26.12 -0.000251088
26.13 -0.000250124
26.14 -0.000249415
26.15 -0.000248848
26.16 -0.000248099
26.17 -0.000246693
26.18 -0.000244168
26.19 -0.000240234
26.2 -0.000234807
26.21 -0.000227906
26.22 -0.000219515
26.23 -0.000209567
26.24 -0.000198054
26.25 -0.000185108
26.26 -0.000170924
26.27 -0.000155607
26.28 -0.000139128
26.29 -0.000121437
26.3 -0.000102601
26.31 -8.28116e-05
26.32 -6.22759e-05
26.33 -4.11339e-05
26.34 -1.95017e-05
26.35 2.47067e-06
26.36 2.46738e-05
26.37 4.71493e-05
26.38 7.00581e-05
26.39 9.35488e-05
26.4 0.000117701
26.41 0.000142583
26.42 0.000168308
26.43 0.00019498
26.44 0.000222559
26.45 0.000250766
26.46 0.00027914
26.47 0.000307187
26.48 0.000334476
26.49 0.000360631
26.5 0.000385285
26.51 0.000408091
26.52 0.000428782
26.53 0.00044723
26.54 0.000463418
26.55 0.00047738
26.56 0.000489137
26.57 0.00049866
26.58 0.000505863
26.59 0.000510641
26.6 0.000512917
26.61 0.000512664
26.62 0.000509891
26.63 0.000504633
26.64 0.000496947
26.65 0.000486915
26.66 0.000474642
26.67 0.000460262
26.68 0.000443936
26.69 0.000425836
26.7 0.000406118
26.71 0.000384898
26.72 0.000362215
26.73 0.000337995
26.74 0.000312091
26.75 0.00028442
26.76 0.000255082
26.77 0.00022434
26.78 0.00019247
26.79 0.000159635
26.8 0.00012589
26.81 9.12844e-05
26.82 5.59564e-05
26.83 2.01309e-05
26.84 -1.5947e-05
26.85 -5.20812e-05
26.86 -8.81408e-05
26.87 -0.000124036
26.88 -0.000159698
26.89 -0.000195063
26.9 -0.000230052
26.91 -0.000264536
26.92 -0.000298334
26.93 -0.000331209
26.94 -0.000362904
26.95 -0.000393178
26.96 -0.000421846
26.97 -0.000448761
26.98 -0.000473782
26.99 -0.000496754
27 -0.000517544
27.01 -0.000536062
27.02 -0.000552236
27.03 -0.000565937
27.04 -0.000576988
27.05 -0.000585235
27.06 -0.000590622
27.07 -0.000593158
27.08 -0.000592864
27.09 -0.000589754
27.1 -0.000583874
27.11 -0.000575309
27.12 -0.000564158
27.13 -0.000550485
27.14 -0.000534337
27.15 -0.000515781
27.16 -0.000494933
27.17 -0.000471933
27.18 -0.000446931
27.19 -0.000420108
27.2 -0.000391687
27.21 -0.000361906
27.22 -0.000330987
27.23 -0.000299174
27.24 -0.000266796
27.25 -0.000234218
27.26 -0.000201728
27.27 -0.000169478
27.28 -0.000137548
27.29 -0.000106013
27.3 -7.49443e-05
27.31 -4.43727e-05
27.32 -1.42957e-05
27.33 1.5292e-05
27.34 4.43612e-05
27.35 7.28157e-05
27.36 0.000100483
27.37 0.000127152
27.38 0.000152639
27.39 0.000176819
27.4 0.000199611
27.41 0.000220968
27.42 0.000240901
27.43 0.000259491
27.44 0.000276852
27.45 0.000293051
27.46 0.00030805
27.47 0.00032171
27.48 0.000333849
27.49 0.000344316
27.5 0.000353033
27.51 0.000359977
27.52 0.000365127
27.53 0.000368449
27.54 0.000369946
27.55 0.000369723
27.56 0.000367974
27.57 0.000364914
27.58 0.000360706
27.59 0.000355447
27.6 0.000349185
27.61 0.000341953
27.62 0.000333792
27.63 0.000324755
27.64 0.000314915
27.65 0.000304391
27.66 0.000293377
27.67 0.00028213
27.68 0.000270909
27.69 0.000259923
27.7 0.000249294
27.71 0.000239033
27.72 0.000229049
27.73 0.000219217
27.74 0.000209435
27.75 0.000199662
27.76 0.000189919
27.77 0.00018023
27.78 0.000170585
27.79 0.000160972
27.8 0.000151442
27.81 0.000142137
27.82 0.000133231
27.83 0.000124848
27.84 0.000117011
27.85 0.000109644
27.86 0.000102665
27.87 9.60524e-05
27.88 8.98386e-05
27.89 8.40319e-05
27.9 7.85805e-05
27.91 7.33976e-05
27.92 6.84083e-05
27.93 6.35846e-05
27.94 5.89486e-05
27.95 5.45456e-05
27.96 5.03976e-05
27.97 4.64622e-05
27.98 4.2633e-05
27.99 3.88e-05
28 3.491e-05
28.01 3.09473e-05
28.02 2.68603e-05
28.03 2.25462e-05
28.04 1.79377e-05
28.05 1.30931e-05
28.06 8.19601e-06
28.07 3.48099e-06
28.08 -8.36159e-07
28.09 -4.59025e-06
28.1 -7.67557e-06
28.11 -1.00503e-05
28.12 -1.17333e-05
28.13 -1.27887e-05
28.14 -1.33104e-05
28.15 -1.34119e-05
28.16 -1.32243e-05
28.17 -1.28917e-05
28.18 -1.255e-05
28.19 -1.22909e-05
28.2 -1.21317e-05
28.21 -1.2014e-05
28.22 -1.18444e-05
28.23 -1.15649e-05
28.24 -1.11971e-05
28.25 -1.08103e-05
28.26 -1.04488e-05
28.27 -1.00958e-05
28.28 -9.70338e-06
28.29 -9.24237e-06
28.3 -8.71917e-06
28.31 -8.15098e-06
28.32 -7.52733e-06
28.33 -6.79411e-06
28.34 -5.87841e-06
28.35 -4.73795e-06
28.36 -3.39492e-06
28.37 -1.92947e-06
28.38 -4.46923e-07
28.39 9.55685e-07
28.4 2.21395e-06
28.41 3.30919e-06
28.42 4.26462e-06
28.43 5.12432e-06
28.44 5.93001e-06
28.45 6.71491e-06
28.46 7.51943e-06
28.47 8.41227e-06
28.48 9.48682e-06
28.49 1.08223e-05
28.5 1.24412e-05
28.51 1.43065e-05
28.52 1.63636e-05
28.53 1.85891e-05
28.54 2.09967e-05
28.55 2.3603e-05
28.56 2.63962e-05
28.57 2.93311e-05
28.58 3.23427e-05
28.59 3.5362e-05
28.6 3.83322e-05
28.61 4.12165e-05
28.62 4.39827e-05
28.63 4.65774e-05
28.64 4.89173e-05
28.65 5.0902e-05
28.66 5.24335e-05
28.67 5.34366e-05
28.68 5.38748e-05
28.69 5.37473e-05
28.7 5.30724e-05
28.71 5.18718e-05
28.72 5.01686e-05
28.73 4.7988e-05
28.74 4.53537e-05
28.75 4.22863e-05
28.76 3.88083e-05
28.77 3.49453e-05
28.78 3.07181e-05
28.79 2.61401e-05
28.8 2.12291e-05
28.81 1.60235e-05
28.82 1.05857e-05
28.83 4.98647e-06
28.84 -7.15668e-07
28.85 -6.48205e-06
28.86 -1.22845e-05
28.87 -1.80909e-05
28.88 -2.3862e-05
28.89 -2.95609e-05
28.9 -3.51644e-05
28.91 -4.06682e-05
28.92 -4.60839e-05
28.93 -5.14338e-05
28.94 -5.67426e-05
28.95 -6.20286e-05
28.96 -6.72997e-05
28.97 -7.25589e-05
28.98 -7.78129e-05
28.99 -8.30767e-05
29 -8.83694e-05
29.01 -9.37053e-05
29.02 -9.9083e-05
29.03 -0.000104483
29.04 -0.000109878
29.05 -0.000115247
29.06 -0.000120584
29.07 -0.000125888
29.08 -0.000131141
29.09 -0.00013631
29.1 -0.000141347
29.11 -0.00014621
29.12 -0.000150858
29.13 -0.000155255
29.14 -0.000159356
29.15 -0.000163113
29.16 -0.00016647
29.17 -0.000169376
29.18 -0.000171788
29.19 -0.00017368
29.2 -0.00017503
29.21 -0.000175818
29.22 -0.000176021
29.23 -0.000175627
29.24 -0.000174633
29.25 -0.000173048
29.26 -0.000170878
29.27 -0.000168125
29.28 -0.000164787
29.29 -0.000160866
29.3 -0.000156382
29.31 -0.000151365
29.32 -0.000145853
29.33 -0.000139882
29.34 -0.000133484
29.35 -0.000126695
29.36 -0.000119552
29.37 -0.000112098
29.38 -0.000104372
29.39 -9.64098e-05
29.4 -8.82413e-05
29.41 -7.98938e-05
29.42 -7.13938e-05
29.43 -6.277e-05
29.44 -5.40537e-05
29.45 -4.52759e-05
29.46 -3.64632e-05
29.47 -2.7636e-05
29.48 -1.88109e-05
29.49 -1.00029e-05
29.5 -1.22698e-06
29.51 7.50275e-06
29.52 1.61745e-05
29.53 2.47787e-05
29.54 3.33069e-05
29.55 4.17488e-05
29.56 5.00901e-05
29.57 5.83119e-05
29.58 6.63913e-05
29.59 7.4302e-05
29.6 8.20155e-05
29.61 8.95013e-05
29.62 9.67274e-05
29.63 0.000103661
29.64 0.000110268
29.65 0.000116516
29.66 0.00012237
29.67 0.000127799
29.68 0.000132772
29.69 0.000137259
29.7 0.000141231
29.71 0.000144662
29.72 0.00014753
29.73 0.000149813
29.74 0.000151499
29.75 0.000152579
29.76 0.00015305
29.77 0.000152916
29.78 0.000152184
29.79 0.000150869
29.8 0.000148988
29.81 0.000146562
29.82 0.000143615
29.83 0.000140172
29.84 0.00013626
29.85 0.000131905
29.86 0.000127136
29.87 0.000121981
29.88 0.00011647
29.89 0.000110632
29.9 0.000104497
29.91 9.80959e-05
29.92 9.14586e-05
29.93 8.46139e-05
29.94 7.75892e-05
29.95 7.04102e-05
29.96 6.31002e-05
29.97 5.56801e-05
29.98 4.81673e-05
29.99 4.05716e-05
30 3.28955e-05
30.01 2.51428e-05
30.02 1.73278e-05
30.03 9.47411e-06
30.04 1.60596e-06
30.05 -6.2601e-06
30.06 -1.41146e-05
30.07 -2.19476e-05
30.08 -2.97426e-05
30.09 -3.74764e-05
30.1 -4.51235e-05
30.11 -5.26607e-05
30.12 -6.00672e-05
30.13 -6.73215e-05
30.14 -7.43979e-05
30.15 -8.12655e-05
30.16 -8.78908e-05
30.17 -9.42411e-05
30.18 -0.000100285
30.19 -0.000105993
30.2 -0.000111335
30.21 -0.00011628
30.22 -0.0001208
30.23 -0.000124868
30.24 -0.000128462
30.25 -0.000131565
30.26 -0.000134162
30.27 -0.000136242
30.28 -0.000137795
30.29 -0.000138816
30.3 -0.000139306
30.31 -0.000139266
30.32 -0.000138703
30.33 -0.000137627
30.34 -0.000136049
30.35 -0.000133984
30.36 -0.000131448
30.37 -0.00012846
30.38 -0.000125042
30.39 -0.000121215
30.4 -0.000117001
30.41 -0.000112422
30.42 -0.000107502
30.43 -0.000102262
30.44 -9.67264e-05
30.45 -9.09162e-05
30.46 -8.4853e-05
30.47 -7.85578e-05
30.48 -7.20509e-05
30.49 -6.53522e-05
30.5 -5.84813e-05
30.51 -5.14572e-05
30.52 -4.42985e-05
30.53 -3.70234e-05
30.54 -2.96499e-05
30.55 -2.21963e-05
30.56 -1.46809e-05
30.57 -7.12231e-06
30.58 4.60091e-07
30.59 8.04634e-06
30.6 1.56155e-05
30.61 2.31456e-05
30.62 3.06134e-05
30.63 3.79947e-05
30.64 4.52642e-05
30.65 5.2396e-05
30.66 5.9363e-05
30.67 6.61381e-05
30.68 7.26935e-05
30.69 7.90017e-05
30.7 8.50354e-05
30.71 9.07682e-05
30.72 9.61742e-05
30.73 0.000101229
30.74 0.000105911
30.75 0.000110197
30.76 0.000114071
30.77 0.000117515
30.78 0.000120515
30.79 0.000123062
30.8 0.000125147
30.81 0.000126765
30.82 0.000127915
30.83 0.000128595
30.84 0.00012881
30.85 0.000128566
30.86 0.000127868
30.87 0.000126728
30.88 0.000125157
30.89 0.000123165
30.9 0.000120768
30.91 0.000117979
30.92 0.000114815
30.93 0.00011129
30.94 0.00010742
30.95 0.000103224
30.96 9.87165e-05
30.97 9.3915e-05
30.98 8.88363e-05
30.99 8.34967e-05
31 7.79128e-05
31.01 7.21009e-05
31.02 6.60771e-05
31.03 5.98576e-05
31.04 5.34587e-05
31.05 4.68968e-05
31.06 4.01887e-05
31.07 3.33518e-05
31.08 2.6404e-05
31.09 1.9364e-05
31.1 1.22515e-05
31.11 5.08693e-06
31.12 -2.10815e-06
31.13 -9.31125e-06
31.14 -1.64988e-05
31.15 -2.36465e-05
31.16 -3.07289e-05
31.17 -3.77201e-05
31.18 -4.45932e-05
31.19 -5.13213e-05
31.2 -5.78769e-05
31.21 -6.42327e-05
31.22 -7.03617e-05
31.23 -7.62372e-05
31.24 -8.18337e-05
31.25 -8.71267e-05
31.26 -9.20931e-05
31.27 -9.67118e-05
31.28 -0.000100964
31.29 -0.000104831
31.3 -0.000108301
31.31 -0.000111359
31.32 -0.000113998
31.33 -0.000116209
31.34 -0.000117988
31.35 -0.000119333
31.36 -0.000120244
31.37 -0.000120723
31.38 -0.000120775
31.39 -0.000120405
31.4 -0.000119621
31.41 -0.000118431
31.42 -0.000116846
31.43 -0.000114877
31.44 -0.000112536
31.45 -0.000109835
31.46 -0.000106787
31.47 -0.000103407
31.48 -9.97074e-05
31.49 -9.57032e-05
31.5 -9.14084e-05
31.51 -8.68377e-05
31.52 -8.20054e-05
31.53 -7.69266e-05
31.54 -7.16162e-05
31.55 -6.60895e-05
31.56 -6.03622e-05
31.57 -5.44502e-05
31.58 -4.83701e-05
31.59 -4.21389e-05
31.6 -3.57744e-05
31.61 -2.92947e-05
31.62 -2.27189e-05
31.63 -1.60668e-05
31.64 -9.35883e-06
31.65 -2.61628e-06
31.66 4.13888e-06
31.67 1.0884e-05
31.68 1.75958e-05
31.69 2.42506e-05
31.7 3.0824e-05
31.71 3.72917e-05
31.72 4.36292e-05
31.73 4.98119e-05
31.74 5.58157e-05
31.75 6.16168e-05
31.76 6.71924e-05
31.77 7.25204e-05
31.78 7.75798e-05
31.79 8.2351e-05
31.8 8.68158e-05
31.81 9.09578e-05
31.82 9.47621e-05
31.83 9.82157e-05
31.84 0.000101308
31.85 0.000104029
31.86 0.000106371
31.87 0.000108331
31.88 0.000109903
31.89 0.000111086
31.9 0.000111879
31.91 0.000112285
31.92 0.000112305
31.93 0.000111943
31.94 0.000111204
31.95 0.000110095
31.96 0.000108622
31.97 0.000106793
31.98 0.000104617
31.99 0.000102102
32 9.92586e-05
32.01 9.60971e-05
32.02 9.26282e-05
32.03 8.88633e-05
32.04 8.48145e-05
32.05 8.04942e-05
32.06 7.59156e-05
32.07 7.10923e-05
32.08 6.60388e-05
32.09 6.07701e-05
32.1 5.5302e-05
32.11 4.96511e-05
32.12 4.38347e-05
32.13 3.78712e-05
32.14 3.17794e-05
32.15 2.55793e-05
32.16 1.92916e-05
32.17 1.29375e-05
32.18 6.53939e-06
32.19 1.19831e-07
32.2 -6.29787e-06
32.21 -1.26901e-05
32.22 -1.90329e-05
32.23 -2.53022e-05
32.24 -3.14741e-05
32.25 -3.75248e-05
32.26 -4.34309e-05
32.27 -4.91696e-05
32.28 -5.4719e-05
32.29 -6.00579e-05
32.3 -6.51663e-05
32.31 -7.00255e-05
32.32 -7.46182e-05
32.33 -7.89285e-05
32.34 -8.2942e-05
32.35 -8.66461e-05
32.36 -9.00298e-05
32.37 -9.30837e-05
32.38 -9.57999e-05
32.39 -9.81725e-05
32.4 -0.000100197
32.41 -0.000101869
32.42 -0.000103188
32.43 -0.000104152
32.44 -0.000104763
32.45 -0.000105021
32.46 -0.000104929
32.47 -0.000104491
32.48 -0.000103711
32.49 -0.000102593
32.5 -0.000101144
32.51 -9.93686e-05
32.52 -9.72749e-05
32.53 -9.48698e-05
32.54 -9.21616e-05
32.55 -8.91587e-05
32.56 -8.58704e-05
32.57 -8.23067e-05
32.58 -7.8478e-05
32.59 -7.43955e-05
32.6 -7.00712e-05
32.61 -6.55178e-05
32.62 -6.07489e-05
32.63 -5.57787e-05
32.64 -5.06225e-05
32.65 -4.52963e-05
32.66 -3.98171e-05
32.67 -3.42025e-05
32.68 -2.84711e-05
32.69 -2.26422e-05
32.7 -1.6736e-05
32.71 -1.0773e-05
32.72 -4.77473e-06
32.73 1.23723e-06
32.74 7.24073e-06
32.75 1.32134e-05
32.76 1.91328e-05
32.77 2.49766e-05
32.78 3.07225e-05
32.79 3.63486e-05
32.8 4.18337e-05
32.81 4.71571e-05
32.82 5.22988e-05
32.83 5.72399e-05
32.84 6.19625e-05
32.85 6.645e-05
32.86 7.06868e-05
32.87 7.46587e-05
32.88 7.83531e-05
32.89 8.17584e-05
32.9 8.48647e-05
32.91 8.76633e-05
32.92 9.0147e-05
32.93 9.23098e-05
32.94 9.4147e-05
32.95 9.56551e-05
32.96 9.68318e-05
32.97 9.76758e-05
32.98 9.8187e-05
32.99 9.83661e-05
33 9.82146e-05
33.01 9.77351e-05
33.02 9.69309e-05
33.03 9.58061e-05
33.04 9.43656e-05
33.05 9.26148e-05
33.06 9.05601e-05
33.07 8.82086e-05
33.08 8.55679e-05
33.09 8.26467e-05
33.1 7.94542e-05
33.11 7.60005e-05
33.12 7.22964e-05
33.13 6.83537e-05
33.14 6.41848e-05
33.15 5.98031e-05
33.16 5.52229e-05
33.17 5.0459e-05
33.18 4.55274e-05
33.19 4.04447e-05
33.2 3.52282e-05
33.21 2.98959e-05
33.22 2.44667e-05
33.23 1.89597e-05
33.24 1.33946e-05
33.25 7.79154e-06
33.26 2.17092e-06
33.27 -3.44672e-06
33.28 -9.0408e-06
33.29 -1.45908e-05
33.3 -2.00764e-05
33.31 -2.54776e-05
33.32 -3.07748e-05
33.33 -3.59491e-05
33.34 -4.0982e-05
33.35 -4.5856e-05
33.36 -5.05543e-05
33.37 -5.50612e-05
33.38 -5.93617e-05
33.39 -6.34421e-05
33.4 -6.72897e-05
33.41 -7.08926e-05
33.42 -7.42404e-05
33.43 -7.73236e-05
33.44 -8.01335e-05
33.45 -8.26629e-05
33.46 -8.49053e-05
33.47 -8.68552e-05
33.48 -8.85081e-05
33.49 -8.98603e-05
33.5 -9.09091e-05
33.51 -9.16526e-05
33.52 -9.20896e-05
33.53 -9.22197e-05
33.54 -9.20435e-05
33.55 -9.15621e-05
33.56 -9.07774e-05
33.57 -8.96922e-05
33.58 -8.83101e-05
33.59 -8.66353e-05
33.6 -8.4673e-05
33.61 -8.2429e-05
33.62 -7.99103e-05
33.63 -7.71246e-05
33.64 -7.40803e-05
33.65 -7.07872e-05
33.66 -6.72555e-05
33.67 -6.34967e-05
33.68 -5.95231e-05
33.69 -5.53479e-05
33.7 -5.09852e-05
33.71 -4.645e-05
33.72 -4.17582e-05
33.73 -3.69263e-05
33.74 -3.19717e-05
33.75 -2.69123e-05
33.76 -2.17666e-05
33.77 -1.65535e-05
33.78 -1.12924e-05
33.79 -6.00293e-06
33.8 -7.04775e-07
33.81 4.58229e-06
33.82 9.83859e-06
33.83 1.50446e-05
33.84 2.01813e-05
33.85 2.52298e-05
33.86 3.01721e-05
33.87 3.49905e-05
33.88 3.96682e-05
33.89 4.41893e-05
33.9 4.85386e-05
33.91 5.27018e-05
33.92 5.66656e-05
33.93 6.04178e-05
33.94 6.39471e-05
33.95 6.72431e-05
33.96 7.02966e-05
33.97 7.3099e-05
33.98 7.56432e-05
33.99 7.79224e-05
34 7.99312e-05
34.01 8.16647e-05
34.02 8.3119e-05
34.03 8.42909e-05
34.04 8.51782e-05
34.05 8.57791e-05
34.06 8.60928e-05
34.07 8.61191e-05
34.08 8.58586e-05
34.09 8.53126e-05
34.1 8.44831e-05
34.11 8.33731e-05
34.12 8.1986e-05
34.13 8.03262e-05
34.14 7.83989e-05
34.15 7.62101e-05
34.16 7.37666e-05
34.17 7.10763e-05
34.18 6.81477e-05
34.19 6.49902e-05
34.2 6.16142e-05
34.21 5.80309e-05
34.22 5.42523e-05
34.23 5.02914e-05
34.24 4.61618e-05
34.25 4.18778e-05
34.26 3.74547e-05
34.27 3.2908e-05
34.28 2.82541e-05
34.29 2.35097e-05
34.3 1.8692e-05
34.31 1.38185e-05
34.32 8.90695e-06
34.33 3.97512e-06
34.34 -9.59051e-07
34.35 -5.87773e-06
34.36 -1.07632e-05
34.37 -1.55981e-05
34.38 -2.03652e-05
34.39 -2.50478e-05
34.4 -2.96296e-05
34.41 -3.4095e-05
34.42 -3.8429e-05
34.43 -4.2617e-05
34.44 -4.66454e-05
34.45 -5.05012e-05
34.46 -5.41721e-05
34.47 -5.76468e-05
34.48 -6.09146e-05
34.49 -6.39657e-05
34.5 -6.67909e-05
34.51 -6.93821e-05
34.52 -7.17317e-05
34.53 -7.38331e-05
34.54 -7.56804e-05
34.55 -7.72683e-05
34.56 -7.85926e-05
34.57 -7.96495e-05
34.58 -8.04363e-05
34.59 -8.09508e-05
34.6 -8.11918e-05
34.61 -8.11588e-05
34.62 -8.08519e-05
34.63 -8.02725e-05
34.64 -7.94222e-05
34.65 -7.83041e-05
34.66 -7.69217e-05
34.67 -7.52796e-05
34.68 -7.33832e-05
34.69 -7.12388e-05
34.7 -6.88537e-05
34.71 -6.62359e-05
34.72 -6.33946e-05
34.73 -6.03396e-05
34.74 -5.70816e-05
34.75 -5.36322e-05
34.76 -5.00037e-05
34.77 -4.62093e-05
34.78 -4.22626e-05
34.79 -3.81781e-05
34.8 -3.39707e-05
34.81 -2.96557e-05
34.82 -2.52491e-05
34.83 -2.0767e-05
34.84 -1.62258e-05
34.85 -1.1642e-05
34.86 -7.03235e-06
34.87 -2.41338e-06
34.88 2.19835e-06
34.89 6.78652e-06
34.9 1.1335e-05
34.91 1.58281e-05
34.92 2.02504e-05
34.93 2.4587e-05
34.94 2.88234e-05
34.95 3.29459e-05
34.96 3.69411e-05
34.97 4.07964e-05
34.98 4.44996e-05
34.99 4.80394e-05
35 5.14051e-05
35.01 5.45865e-05
35.02 5.75742e-05
35.03 6.03595e-05
35.04 6.29342e-05
35.05 6.52908e-05
35.06 6.74226e-05
35.07 6.93233e-05
35.08 7.09874e-05
35.09 7.24102e-05
35.1 7.35873e-05
35.11 7.45154e-05
35.12 7.51915e-05
35.13 7.56135e-05
35.14 7.57801e-05
35.15 7.56906e-05
35.16 7.53452e-05
35.17 7.47448e-05
35.18 7.38911e-05
35.19 7.27869e-05
35.2 7.14354e-05
35.21 6.9841e-05
35.22 6.80089e-05
35.23 6.59452e-05
35.24 6.36569e-05
35.25 6.11517e-05
35.26 5.84383e-05
35.27 5.55262e-05
35.28 5.24258e-05
35.29 4.91481e-05
35.3 4.57049e-05
35.31 4.21087e-05
35.32 3.83726e-05
35.33 3.45103e-05
35.34 3.05358e-05
35.35 2.64638e-05
35.36 2.23093e-05
35.37 1.80873e-05
35.38 1.38134e-05
35.39 9.503e-06
35.4 5.1717e-06
35.41 8.35059e-07
35.42 -3.4915e-06
35.43 -7.79272e-06
35.44 -1.20536e-05
35.45 -1.62593e-05
35.46 -2.03956e-05
35.47 -2.44485e-05
35.48 -2.84044e-05
35.49 -3.22503e-05
35.5 -3.59738e-05
35.51 -3.95628e-05
35.52 -4.3006e-05
35.53 -4.62926e-05
35.54 -4.94124e-05
35.55 -5.23557e-05
35.56 -5.51137e-05
35.57 -5.7678e-05
35.58 -6.00408e-05
35.59 -6.21952e-05
35.6 -6.41346e-05
35.61 -6.58534e-05
35.62 -6.73465e-05
35.63 -6.86093e-05
35.64 -6.96382e-05
35.65 -7.04302e-05
35.66 -7.09829e-05
35.67 -7.12947e-05
35.68 -7.13647e-05
35.69 -7.1193e-05
35.7 -7.07801e-05
35.71 -7.01277e-05
35.72 -6.92378e-05
35.73 -6.81138e-05
35.74 -6.67594e-05
35.75 -6.51794e-05
35.76 -6.33794e-05
35.77 -6.13657e-05
35.78 -5.91455e-05
35.79 -5.67266e-05
35.8 -5.41179e-05
35.81 -5.13286e-05
35.82 -4.83688e-05
35.83 -4.52493e-05
35.84 -4.19813e-05
35.85 -3.85767e-05
35.86 -3.50478e-05
35.87 -3.14074e-05
35.88 -2.76687e-05
35.89 -2.3845e-05
35.9 -1.99502e-05
35.91 -1.5998e-05
35.92 -1.20025e-05
35.93 -7.97772e-06
35.94 -3.93777e-06
35.95 1.03344e-07
35.96 4.13174e-06
35.97 8.13366e-06
35.98 1.20956e-05
35.99 1.60043e-05
36 1.98467e-05
36.01 2.36102e-05
36.02 2.72825e-05
36.03 3.08516e-05
36.04 3.43062e-05
36.05 3.76351e-05
36.06 4.08277e-05
36.07 4.38739e-05
36.08 4.67641e-05
36.09 4.9489e-05
36.1 5.20402e-05
36.11 5.44095e-05
36.12 5.65895e-05
36.13 5.85731e-05
36.14 6.03541e-05
36.15 6.19268e-05
36.16 6.32859e-05
36.17 6.44273e-05
36.18 6.5347e-05
36.19 6.60421e-05
36.2 6.65103e-05
36.21 6.675e-05
36.22 6.67603e-05
36.23 6.65414e-05
36.24 6.6094e-05
36.25 6.54197e-05
36.26 6.45209e-05
36.27 6.34009e-05
36.28 6.20637e-05
36.29 6.05142e-05
36.3 5.87581e-05
36.31 5.68018e-05
36.32 5.46525e-05
36.33 5.23182e-05
36.34 4.98076e-05
36.35 4.71299e-05
36.36 4.4295e-05
36.37 4.13135e-05
36.38 3.81964e-05
36.39 3.49552e-05
36.4 3.16018e-05
36.41 2.81484e-05
36.42 2.46077e-05
36.43 2.09924e-05
36.44 1.73155e-05
36.45 1.35901e-05
36.46 9.82949e-06
36.47 6.04674e-06
36.48 2.25504e-06
36.49 -1.53254e-06
36.5 -5.3031e-06
36.51 -9.04389e-06
36.52 -1.27424e-05
36.53 -1.63863e-05
36.54 -1.99637e-05
36.55 -2.3463e-05
36.56 -2.68727e-05
36.57 -3.0182e-05
36.58 -3.33803e-05
36.59 -3.64575e-05
36.6 -3.94039e-05
36.61 -4.22102e-05
36.62 -4.48675e-05
36.63 -4.73676e-05
36.64 -4.97026e-05
36.65 -5.18652e-05
36.66 -5.38486e-05
36.67 -5.56464e-05
36.68 -5.72531e-05
36.69 -5.86635e-05
36.7 -5.98731e-05
36.71 -6.08779e-05
36.72 -6.16748e-05
36.73 -6.22613e-05
36.74 -6.26352e-05
36.75 -6.27957e-05
36.76 -6.2742e-05
36.77 -6.24745e-05
36.78 -6.19943e-05
36.79 -6.1303e-05
36.8 -6.04032e-05
36.81 -5.92981e-05
36.82 -5.79918e-05
36.83 -5.6489e-05
36.84 -5.47951e-05
36.85 -5.29164e-05
36.86 -5.08597e-05
36.87 -4.86324e-05
36.88 -4.62429e-05
36.89 -4.36997e-05
36.9 -4.10121e-05
36.91 -3.819e-05
36.92 -3.52436e-05
36.93 -3.21835e-05
36.94 -2.90208e-05
36.95 -2.57669e-05
36.96 -2.24333e-05
36.97 -1.9032e-05
36.98 -1.55749e-05
36.99 -1.20743e-05
37 -8.54232e-06
37.01 -4.99129e-06
37.02 -1.43345e-06
37.03 2.11902e-06
37.04 5.65401e-06
37.05 9.15956e-06
37.06 1.26239e-05
37.07 1.60353e-05
37.08 1.93826e-05
37.09 2.26547e-05
37.1 2.58407e-05
37.11 2.89302e-05
37.12 3.19132e-05
37.13 3.47798e-05
37.14 3.75207e-05
37.15 4.01271e-05
37.16 4.25905e-05
37.17 4.49029e-05
37.18 4.70569e-05
37.19 4.90454e-05
37.2 5.0862e-05
37.21 5.2501e-05
37.22 5.39569e-05
37.23 5.52252e-05
37.24 5.63017e-05
37.25 5.71831e-05
37.26 5.78666e-05
37.27 5.83501e-05
37.28 5.86324e-05
37.29 5.87126e-05
37.3 5.85908e-05
37.31 5.82679e-05
37.32 5.77451e-05
37.33 5.70248e-05
37.34 5.61098e-05
37.35 5.50036e-05
37.36 5.37106e-05
37.37 5.22357e-05
37.38 5.05845e-05
37.39 4.87631e-05
37.4 4.67784e-05
37.41 4.46378e-05
37.42 4.23491e-05
37.43 3.99208e-05
37.44 3.73617e-05
37.45 3.46812e-05
37.46 3.18888e-05
37.47 2.89947e-05
37.48 2.60091e-05
37.49 2.29425e-05
37.5 1.98058e-05
37.51 1.66099e-05
37.52 1.33659e-05
37.53 1.0085e-05
37.54 6.7783e-06
37.55 3.45718e-06
37.56 1.32825e-07
37.57 -3.1836e-06
37.58 -6.481e-06
37.59 -9.74841e-06
37.6 -1.2975e-05
37.61 -1.61501e-05
37.62 -1.92633e-05
37.63 -2.23044e-05
37.64 -2.52634e-05
37.65 -2.81305e-05
37.66 -3.08966e-05
37.67 -3.35523e-05
37.68 -3.60892e-05
37.69 -3.84989e-05
37.7 -4.07734e-05
37.71 -4.29053e-05
37.72 -4.48876e-05
37.73 -4.67137e-05
37.74 -4.83776e-05
37.75 -4.98737e-05
37.76 -5.11972e-05
37.77 -5.23436e-05
37.78 -5.33092e-05
37.79 -5.40909e-05
37.8 -5.4686e-05
37.81 -5.50928e-05
37.82 -5.531e-05
37.83 -5.53371e-05
37.84 -5.51742e-05
37.85 -5.48223e-05
37.86 -5.42827e-05
37.87 -5.35577e-05
37.88 -5.26503e-05
37.89 -5.15638e-05
37.9 -5.03025e-05
37.91 -4.88713e-05
37.92 -4.72755e-05
37.93 -4.55211e-05
37.94 -4.36148e-05
37.95 -4.15636e-05
37.96 -3.93751e-05
37.97 -3.70573e-05
37.98 -3.46188e-05
37.99 -3.20684e-05
38 -2.94152e-05
38.01 -2.6669e-05
38.02 -2.38394e-05
38.03 -2.09364e-05
38.04 -1.79704e-05
38.05 -1.49518e-05
38.06 -1.18909e-05
38.07 -8.79845e-06
38.08 -5.68505e-06
38.09 -2.56135e-06
38.1 5.62038e-07
38.11 3.67454e-06
38.12 6.76568e-06
38.13 9.82511e-06
38.14 1.28426e-05
38.15 1.58082e-05
38.16 1.8712e-05
38.17 2.15444e-05
38.18 2.42961e-05
38.19 2.69581e-05
38.2 2.95217e-05
38.21 3.19784e-05
38.22 3.43203e-05
38.23 3.65396e-05
38.24 3.86291e-05
38.25 4.05821e-05
38.26 4.23922e-05
38.27 4.40535e-05
38.28 4.55606e-05
38.29 4.69088e-05
38.3 4.80935e-05
38.31 4.91112e-05
38.32 4.99586e-05
38.33 5.0633e-05
38.34 5.11326e-05
38.35 5.14557e-05
38.36 5.16018e-05
38.37 5.15705e-05
38.38 5.13624e-05
38.39 5.09785e-05
38.4 5.04204e-05
38.41 4.96905e-05
38.42 4.87917e-05
38.43 4.77273e-05
38.44 4.65016e-05
38.45 4.51191e-05
38.46 4.35849e-05
38.47 4.19047e-05
38.48 4.00848e-05
38.49 3.81316e-05
38.5 3.60523e-05
38.51 3.38543e-05
38.52 3.15455e-05
38.53 2.91342e-05
38.54 2.66288e-05
38.55 2.40382e-05
38.56 2.13714e-05
38.57 1.86378e-05
38.58 1.58468e-05
38.59 1.3008e-05
38.6 1.01314e-05
38.61 7.22658e-06
38.62 4.30365e-06
38.63 1.37253e-06
38.64 -1.55684e-06
38.65 -4.47452e-06
38.66 -7.37065e-06
38.67 -1.02355e-05
38.68 -1.30593e-05
38.69 -1.58327e-05
38.7 -1.85463e-05
38.71 -2.1191e-05
38.72 -2.3758e-05
38.73 -2.62386e-05
38.74 -2.86246e-05
38.75 -3.0908e-05
38.76 -3.30811e-05
38.77 -3.51368e-05
38.78 -3.70682e-05
38.79 -3.88688e-05
38.8 -4.05328e-05
38.81 -4.20546e-05
38.82 -4.34293e-05
38.83 -4.46525e-05
38.84 -4.57201e-05
38.85 -4.66288e-05
38.86 -4.73759e-05
38.87 -4.7959e-05
38.88 -4.83766e-05
38.89 -4.86275e-05
38.9 -4.87112e-05
38.91 -4.8628e-05
38.92 -4.83786e-05
38.93 -4.79642e-05
38.94 -4.73866e-05
38.95 -4.66485e-05
38.96 -4.57528e-05
38.97 -4.4703e-05
38.98 -4.35032e-05
38.99 -4.2158e-05
39 -4.06726e-05
39.01 -3.90523e-05
39.02 -3.73033e-05
39.03 -3.54319e-05
39.04 -3.34449e-05
39.05 -3.13495e-05
39.06 -2.91531e-05
39.07 -2.68636e-05
39.08 -2.4489e-05
39.09 -2.20376e-05
39.1 -1.95181e-05
39.11 -1.6939e-05
39.12 -1.43094e-05
39.13 -1.16382e-05
39.14 -8.93453e-06
39.15 -6.20769e-06
39.16 -3.46688e-06
39.17 -7.21377e-07
39.18 2.01956e-06
39.19 4.74671e-06
39.2 7.45092e-06
39.21 1.01231e-05
39.22 1.27544e-05
39.23 1.53359e-05
39.24 1.7859e-05
39.25 2.03154e-05
39.26 2.26968e-05
39.27 2.49953e-05
39.28 2.72033e-05
39.29 2.93134e-05
39.3 3.13186e-05
39.31 3.32122e-05
39.32 3.4988e-05
39.33 3.66402e-05
39.34 3.81632e-05
39.35 3.9552e-05
39.36 4.08022e-05
39.37 4.19096e-05
39.38 4.28708e-05
39.39 4.36826e-05
39.4 4.43426e-05
39.41 4.48488e-05
39.42 4.51997e-05
39.43 4.53944e-05
39.44 4.54326e-05
39.45 4.53145e-05
39.46 4.50408e-05
39.47 4.46129e-05
39.48 4.40325e-05
39.49 4.33021e-05
39.5 4.24245e-05
39.51 4.14031e-05
39.52 4.02418e-05
39.53 3.89449e-05
39.54 3.75174e-05
39.55 3.59643e-05
39.56 3.42914e-05
39.57 3.25048e-05
39.58 3.06109e-05
39.59 2.86165e-05
39.6 2.65287e-05
39.61 2.43548e-05
39.62 2.21026e-05
39.63 1.978e-05
39.64 1.7395e-05
39.65 1.4956e-05
39.66 1.24715e-05
39.67 9.95007e-06
39.68 7.40037e-06
39.69 4.83118e-06
39.7 2.25132e-06
39.71 -3.30402e-07
39.72 -2.90517e-06
39.73 -5.46422e-06
39.74 -7.99888e-06
39.75 -1.05005e-05
39.76 -1.29608e-05
39.77 -1.53713e-05
39.78 -1.77239e-05
39.79 -2.00108e-05
39.8 -2.22243e-05
39.81 -2.4357e-05
39.82 -2.64018e-05
39.83 -2.83519e-05
39.84 -3.02009e-05
39.85 -3.19427e-05
39.86 -3.35716e-05
39.87 -3.50822e-05
39.88 -3.64697e-05
39.89 -3.77296e-05
39.9 -3.88579e-05
39.91 -3.98511e-05
39.92 -4.07062e-05
39.93 -4.14204e-05
39.94 -4.19918e-05
39.95 -4.24188e-05
39.96 -4.27002e-05
39.97 -4.28355e-05
39.98 -4.28246e-05
39.99 -4.26679e-05
40 -4.23663e-05
40.01 -4.19213e-05
40.02 -4.13347e-05
40.03 -4.06089e-05
40.04 -3.97467e-05
40.05 -3.87515e-05
40.06 -3.76269e-05
40.07 -3.63772e-05
40.08 -3.50069e-05
40.09 -3.35209e-05
40.1 -3.19246e-05
40.11 -3.02237e-05
40.12 -2.84242e-05
40.13 -2.65325e-05
40.14 -2.45551e-05
40.15 -2.24991e-05
40.16 -2.03715e-05
40.17 -1.81798e-05
40.18 -1.59315e-05
40.19 -1.36344e-05
40.2 -1.12963e-05
40.21 -8.92541e-06
40.22 -6.52975e-06
40.23 -4.11755e-06
40.24 -1.69704e-06
40.25 7.23493e-07
40.26 3.13581e-06
40.27 5.53168e-06
40.28 7.90296e-06
40.29 1.02416e-05
40.3 1.25396e-05
40.31 1.47892e-05
40.32 1.69829e-05
40.33 1.91131e-05
40.34 2.11726e-05
40.35 2.31547e-05
40.36 2.50525e-05
40.37 2.68598e-05
40.38 2.85704e-05
40.39 3.01788e-05
40.4 3.16796e-05
40.41 3.30678e-05
40.42 3.4339e-05
40.43 3.5489e-05
40.44 3.65141e-05
40.45 3.74112e-05
40.46 3.81774e-05
40.47 3.88105e-05
40.48 3.93085e-05
40.49 3.96702e-05
40.5 3.98946e-05
40.51 3.99814e-05
40.52 3.99305e-05
40.53 3.97427e-05
40.54 3.94188e-05
40.55 3.89604e-05
40.56 3.83694e-05
40.57 3.76482e-05
40.58 3.67996e-05
40.59 3.5827e-05
40.6 3.47339e-05
40.61 3.35245e-05
40.62 3.22031e-05
40.63 3.07747e-05
40.64 2.92443e-05
40.65 2.76174e-05
40.66 2.58999e-05
40.67 2.40979e-05
40.68 2.22176e-05
40.69 2.02657e-05
40.7 1.8249e-05
40.71 1.61746e-05
40.72 1.40496e-05
40.73 1.18813e-05
40.74 9.67732e-06
40.75 7.44517e-06
40.76 5.19251e-06
40.77 2.92705e-06
40.78 6.56541e-07
40.79 -1.61129e-06
40.8 -3.86873e-06
40.81 -6.10811e-06
40.82 -8.32185e-06
40.83 -1.05025e-05
40.84 -1.26426e-05
40.85 -1.4735e-05
40.86 -1.67727e-05
40.87 -1.87489e-05
40.88 -2.06569e-05
40.89 -2.24904e-05
40.9 -2.42432e-05
40.91 -2.59097e-05
40.92 -2.74842e-05
40.93 -2.89617e-05
40.94 -3.03372e-05
40.95 -3.16064e-05
40.96 -3.27651e-05
40.97 -3.38096e-05
40.98 -3.47366e-05
40.99 -3.55432e-05
41 -3.62269e-05
41.01 -3.67857e-05
41.02 -3.7218e-05
41.03 -3.75225e-05
41.04 -3.76986e-05
41.05 -3.77459e-05
41.06 -3.76646e-05
41.07 -3.74552e-05
41.08 -3.71187e-05
41.09 -3.66566e-05
41.1 -3.60708e-05
41.11 -3.53635e-05
41.12 -3.45374e-05
41.13 -3.35957e-05
41.14 -3.25417e-05
41.15 -3.13794e-05
41.16 -3.01129e-05
41.17 -2.87468e-05
41.18 -2.7286e-05
41.19 -2.57356e-05
41.2 -2.41013e-05
41.21 -2.23887e-05
41.22 -2.0604e-05
41.23 -1.87532e-05
41.24 -1.6843e-05
41.25 -1.48801e-05
41.26 -1.28711e-05
41.27 -1.08232e-05
41.28 -8.74344e-06
41.29 -6.63902e-06
41.3 -4.51723e-06
41.31 -2.38537e-06
41.32 -2.50808e-07
41.33 1.87913e-06
41.34 3.99715e-06
41.35 6.09598e-06
41.36 8.16847e-06
41.37 1.02076e-05
41.38 1.22063e-05
41.39 1.4158e-05
41.4 1.6056e-05
41.41 1.78939e-05
41.42 1.96656e-05
41.43 2.13652e-05
41.44 2.2987e-05
41.45 2.45257e-05
41.46 2.59762e-05
41.47 2.73337e-05
41.48 2.8594e-05
41.49 2.97529e-05
41.5 3.08067e-05
41.51 3.17522e-05
41.52 3.25864e-05
41.53 3.33067e-05
41.54 3.39111e-05
41.55 3.43977e-05
41.56 3.47652e-05
41.57 3.50128e-05
41.58 3.51398e-05
41.59 3.51462e-05
41.6 3.50322e-05
41.61 3.47986e-05
41.62 3.44465e-05
41.63 3.39774e-05
41.64 3.3393e-05
41.65 3.26959e-05
41.66 3.18884e-05
41.67 3.09737e-05
41.68 2.99552e-05
41.69 2.88364e-05
41.7 2.76215e-05
41.71 2.63148e-05
41.72 2.4921e-05
41.73 2.34449e-05
41.74 2.18917e-05
41.75 2.0267e-05
41.76 1.85763e-05
41.77 1.68257e-05
41.78 1.50211e-05
41.79 1.31689e-05
41.8 1.12754e-05
41.81 9.34722e-06
41.82 7.39099e-06
41.83 5.41345e-06
41.84 3.42142e-06
41.85 1.42172e-06
41.86 -5.78773e-07
41.87 -2.57322e-06
41.88 -4.5548e-06
41.89 -6.51676e-06
41.9 -8.4524e-06
41.91 -1.03552e-05
41.92 -1.22186e-05
41.93 -1.40363e-05
41.94 -1.58023e-05
41.95 -1.75106e-05
41.96 -1.91554e-05
41.97 -2.07313e-05
41.98 -2.2233e-05
41.99 -2.36555e-05
42 -2.49941e-05
42.01 -2.62445e-05
42.02 -2.74026e-05
42.03 -2.84646e-05
42.04 -2.94271e-05
42.05 -3.02871e-05
42.06 -3.10418e-05
42.07 -3.1689e-05
42.08 -3.22267e-05
42.09 -3.26533e-05
42.1 -3.29676e-05
42.11 -3.31689e-05
42.12 -3.32567e-05
42.13 -3.3231e-05
42.14 -3.30922e-05
42.15 -3.28411e-05
42.16 -3.24787e-05
42.17 -3.20065e-05
42.18 -3.14265e-05
42.19 -3.07409e-05
42.2 -2.99523e-05
42.21 -2.90636e-05
42.22 -2.80781e-05
42.23 -2.69995e-05
42.24 -2.58315e-05
42.25 -2.45785e-05
42.26 -2.32449e-05
42.27 -2.18354e-05
42.28 -2.03551e-05
42.29 -1.88092e-05
42.3 -1.72031e-05
42.31 -1.55425e-05
42.32 -1.38331e-05
42.33 -1.20811e-05
42.34 -1.02923e-05
42.35 -8.47317e-06
42.36 -6.62986e-06
42.37 -4.76879e-06
42.38 -2.89635e-06
42.39 -1.01899e-06
42.4 8.56852e-07
42.41 2.72477e-06
42.42 4.57839e-06
42.43 6.41141e-06
42.44 8.21762e-06
42.45 9.99091e-06
42.46 1.17253e-05
42.47 1.3415e-05
42.48 1.50543e-05
42.49 1.66377e-05
42.5 1.81601e-05
42.51 1.96163e-05
42.52 2.10016e-05
42.53 2.23114e-05
42.54 2.35415e-05
42.55 2.46878e-05
42.56 2.57468e-05
42.57 2.67148e-05
42.58 2.75891e-05
42.59 2.83666e-05
42.6 2.90452e-05
42.61 2.96226e-05
42.62 3.00972e-05
42.63 3.04675e-05
42.64 3.07326e-05
42.65 3.08918e-05
42.66 3.09448e-05
42.67 3.08917e-05
42.68 3.07328e-05
42.69 3.04689e-05
42.7 3.01012e-05
42.71 2.96311e-05
42.72 2.90605e-05
42.73 2.83914e-05
42.74 2.76264e-05
42.75 2.67683e-05
42.76 2.58202e-05
42.77 2.47855e-05
42.78 2.36679e-05
42.79 2.24715e-05
42.8 2.12005e-05
42.81 1.98593e-05
42.82 1.84528e-05
42.83 1.69858e-05
42.84 1.54636e-05
42.85 1.38914e-05
42.86 1.22749e-05
42.87 1.06196e-05
42.88 8.93125e-06
42.89 7.21581e-06
42.9 5.47921e-06
42.91 3.72746e-06
42.92 1.96662e-06
42.93 2.02763e-07
42.94 -1.55804e-06
42.95 -3.30973e-06
42.96 -5.04633e-06
42.97 -6.7619e-06
42.98 -8.45059e-06
42.99 -1.01067e-05
43 -1.17246e-05
43.01 -1.32988e-05
43.02 -1.48241e-05
43.03 -1.62953e-05
43.04 -1.77077e-05
43.05 -1.90563e-05
43.06 -2.0337e-05
43.07 -2.15453e-05
43.08 -2.26774e-05
43.09 -2.37297e-05
43.1 -2.46987e-05
43.11 -2.55814e-05
43.12 -2.6375e-05
43.13 -2.70769e-05
43.14 -2.76851e-05
43.15 -2.81977e-05
43.16 -2.86133e-05
43.17 -2.89306e-05
43.18 -2.91488e-05
43.19 -2.92675e-05
43.2 -2.92864e-05
43.21 -2.92057e-05
43.22 -2.90261e-05
43.23 -2.87482e-05
43.24 -2.83733e-05
43.25 -2.7903e-05
43.26 -2.73389e-05
43.27 -2.66834e-05
43.28 -2.59387e-05
43.29 -2.51076e-05
43.3 -2.41933e-05
43.31 -2.31989e-05
43.32 -2.2128e-05
43.33 -2.09846e-05
43.34 -1.97725e-05
43.35 -1.84962e-05
43.36 -1.71601e-05
43.37 -1.5769e-05
43.38 -1.43276e-05
43.39 -1.28411e-05
43.4 -1.13146e-05
43.41 -9.75337e-06
43.42 -8.16292e-06
43.43 -6.54872e-06
43.44 -4.91634e-06
43.45 -3.2714e-06
43.46 -1.61957e-06
43.47 3.34876e-08
43.48 1.68212e-06
43.49 3.32071e-06
43.5 4.94366e-06
43.51 6.54546e-06
43.52 8.12068e-06
43.53 9.66401e-06
43.54 1.11702e-05
43.55 1.26343e-05
43.56 1.40513e-05
43.57 1.54166e-05
43.58 1.67254e-05
43.59 1.79737e-05
43.6 1.91571e-05
43.61 2.02719e-05
43.62 2.13143e-05
43.63 2.2281e-05
43.64 2.31689e-05
43.65 2.39751e-05
43.66 2.46971e-05
43.67 2.53325e-05
43.68 2.58795e-05
43.69 2.63363e-05
43.7 2.67015e-05
43.71 2.69743e-05
43.72 2.71537e-05
43.73 2.72395e-05
43.74 2.72315e-05
43.75 2.713e-05
43.76 2.69354e-05
43.77 2.66488e-05
43.78 2.62713e-05
43.79 2.58043e-05
43.8 2.52498e-05
43.81 2.46096e-05
43.82 2.38864e-05
43.83 2.30826e-05
43.84 2.22013e-05
43.85 2.12457e-05
43.86 2.02191e-05
43.87 1.91253e-05
43.88 1.79683e-05
43.89 1.6752e-05
43.9 1.54809e-05
43.91 1.41594e-05
43.92 1.27921e-05
43.93 1.1384e-05
43.94 9.9398e-06
43.95 8.4647e-06
43.96 6.96378e-06
43.97 5.44226e-06
43.98 3.90541e-06
43.99 2.35852e-06
44 8.06938e-07
44.01 -7.4403e-07
44.02 -2.28907e-06
44.03 -3.82292e-06
44.04 -5.34035e-06
44.05 -6.83624e-06
44.06 -8.30552e-06
44.07 -9.74325e-06
44.08 -1.11446e-05
44.09 -1.25049e-05
44.1 -1.38196e-05
44.11 -1.50844e-05
44.12 -1.6295e-05
44.13 -1.74475e-05
44.14 -1.85382e-05
44.15 -1.95634e-05
44.16 -2.05198e-05
44.17 -2.14044e-05
44.18 -2.22143e-05
44.19 -2.2947e-05
44.2 -2.36e-05
44.21 -2.41715e-05
44.22 -2.46597e-05
44.23 -2.5063e-05
44.24 -2.53803e-05
44.25 -2.56108e-05
44.26 -2.57538e-05
44.27 -2.58089e-05
44.28 -2.57764e-05
44.29 -2.56563e-05
44.3 -2.54494e-05
44.31 -2.51565e-05
44.32 -2.47788e-05
44.33 -2.43177e-05
44.34 -2.3775e-05
44.35 -2.31528e-05
44.36 -2.24533e-05
44.37 -2.16791e-05
44.38 -2.08329e-05
44.39 -1.99179e-05
44.4 -1.89372e-05
44.41 -1.78945e-05
44.42 -1.67934e-05
44.43 -1.56378e-05
44.44 -1.44317e-05
44.45 -1.31795e-05
44.46 -1.18856e-05
44.47 -1.05544e-05
44.48 -9.19057e-06
44.49 -7.79894e-06
44.5 -6.38432e-06
44.51 -4.95161e-06
44.52 -3.50577e-06
44.53 -2.0518e-06
44.54 -5.94686e-07
44.55 8.60551e-07
44.56 2.30893e-06
44.57 3.7455e-06
44.58 5.16538e-06
44.59 6.56373e-06
44.6 7.93582e-06
44.61 9.27702e-06
44.62 1.05828e-05
44.63 1.18488e-05
44.64 1.30708e-05
44.65 1.42447e-05
44.66 1.53667e-05
44.67 1.64329e-05
44.68 1.744e-05
44.69 1.83846e-05
44.7 1.92636e-05
44.71 2.00743e-05
44.72 2.08139e-05
44.73 2.14802e-05
44.74 2.20711e-05
44.75 2.25847e-05
44.76 2.30195e-05
44.77 2.33742e-05
44.78 2.36477e-05
44.79 2.38393e-05
44.8 2.39486e-05
44.81 2.39753e-05
44.82 2.39197e-05
44.83 2.3782e-05
44.84 2.35629e-05
44.85 2.32634e-05
44.86 2.28847e-05
44.87 2.24282e-05
44.88 2.18957e-05
44.89 2.12893e-05
44.9 2.0611e-05
44.91 1.98636e-05
44.92 1.90495e-05
44.93 1.81719e-05
44.94 1.72338e-05
44.95 1.62386e-05
44.96 1.51898e-05
44.97 1.40911e-05
44.98 1.29465e-05
44.99 1.176e-05
45 1.05356e-05
45.01 9.27771e-06
45.02 7.99068e-06
45.03 6.67898e-06
45.04 5.34714e-06
45.05 3.99978e-06
45.06 2.64152e-06
45.07 1.27703e-06
45.08 -8.9012e-08
45.09 -1.45194e-06
45.1 -2.80711e-06
45.11 -4.14992e-06
45.12 -5.47582e-06
45.13 -6.78033e-06
45.14 -8.05904e-06
45.15 -9.30766e-06
45.16 -1.0522e-05
45.17 -1.1698e-05
45.18 -1.28318e-05
45.19 -1.39195e-05
45.2 -1.49576e-05
45.21 -1.59427e-05
45.22 -1.68714e-05
45.23 -1.77409e-05
45.24 -1.85482e-05
45.25 -1.92907e-05
45.26 -1.9966e-05
45.27 -2.05721e-05
45.28 -2.11069e-05
45.29 -2.15688e-05
45.3 -2.19564e-05
45.31 -2.22685e-05
45.32 -2.25042e-05
45.33 -2.26628e-05
45.34 -2.27441e-05
45.35 -2.27479e-05
45.36 -2.26743e-05
45.37 -2.25237e-05
45.38 -2.22969e-05
45.39 -2.19948e-05
45.4 -2.16186e-05
45.41 -2.11697e-05
45.42 -2.06499e-05
45.43 -2.00611e-05
45.44 -1.94054e-05
45.45 -1.86852e-05
45.46 -1.79033e-05
45.47 -1.70624e-05
45.48 -1.61655e-05
45.49 -1.52158e-05
45.5 -1.42168e-05
45.51 -1.31719e-05
45.52 -1.20849e-05
45.53 -1.09596e-05
45.54 -9.79996e-06
45.55 -8.61003e-06
45.56 -7.39398e-06
45.57 -6.15602e-06
45.58 -4.90047e-06
45.59 -3.63165e-06
45.6 -2.35396e-06
45.61 -1.07179e-06
45.62 2.10475e-07
45.63 1.48844e-06
45.64 2.75775e-06
45.65 4.01408e-06
45.66 5.25319e-06
45.67 6.47089e-06
45.68 7.66307e-06
45.69 8.82573e-06
45.7 9.95498e-06
45.71 1.10471e-05
45.72 1.20983e-05
45.73 1.31053e-05
45.74 1.40647e-05
45.75 1.49733e-05
45.76 1.58282e-05
45.77 1.66266e-05
45.78 1.73659e-05
45.79 1.80437e-05
45.8 1.86579e-05
45.81 1.92065e-05
45.82 1.96878e-05
45.83 2.01003e-05
45.84 2.04428e-05
45.85 2.07143e-05
45.86 2.0914e-05
45.87 2.10413e-05
45.88 2.10961e-05
45.89 2.10783e-05
45.9 2.09881e-05
45.91 2.08259e-05
45.92 2.05926e-05
45.93 2.0289e-05
45.94 1.99164e-05
45.95 1.94761e-05
45.96 1.89698e-05
45.97 1.83995e-05
45.98 1.77671e-05
45.99 1.7075e-05
46 1.63258e-05
46.01 1.5522e-05
46.02 1.46665e-05
46.03 1.37625e-05
46.04 1.28131e-05
46.05 1.18216e-05
46.06 1.07916e-05
46.07 9.72666e-06
46.08 8.6305e-06
46.09 7.50695e-06
46.1 6.35992e-06
46.11 5.19339e-06
46.12 4.0114e-06
46.13 2.81803e-06
46.14 1.61739e-06
46.15 4.13607e-07
46.16 -7.892e-07
46.17 -1.98692e-06
46.18 -3.17546e-06
46.19 -4.35078e-06
46.2 -5.50889e-06
46.21 -6.64589e-06
46.22 -7.75791e-06
46.23 -8.84124e-06
46.24 -9.89222e-06
46.25 -1.09073e-05
46.26 -1.18832e-05
46.27 -1.28166e-05
46.28 -1.37044e-05
46.29 -1.45438e-05
46.3 -1.53318e-05
46.31 -1.60661e-05
46.32 -1.67441e-05
46.33 -1.73637e-05
46.34 -1.79229e-05
46.35 -1.842e-05
46.36 -1.88534e-05
46.37 -1.92217e-05
46.38 -1.95239e-05
46.39 -1.9759e-05
46.4 -1.99265e-05
46.41 -2.00259e-05
46.42 -2.00571e-05
46.43 -2.002e-05
46.44 -1.9915e-05
46.45 -1.97426e-05
46.46 -1.95036e-05
46.47 -1.91989e-05
46.48 -1.88297e-05
46.49 -1.83975e-05
46.5 -1.79038e-05
46.51 -1.73506e-05
46.52 -1.67398e-05
46.53 -1.60737e-05
46.54 -1.53547e-05
46.55 -1.45854e-05
46.56 -1.37685e-05
46.57 -1.2907e-05
46.58 -1.20038e-05
46.59 -1.10623e-05
46.6 -1.00857e-05
46.61 -9.07739e-06
46.62 -8.04095e-06
46.63 -6.97997e-06
46.64 -5.89814e-06
46.65 -4.79921e-06
46.66 -3.68695e-06
46.67 -2.56521e-06
46.68 -1.43783e-06
46.69 -3.08672e-07
46.7 8.18408e-07
46.71 1.93957e-06
46.72 3.05101e-06
46.73 4.14896e-06
46.74 5.22971e-06
46.75 6.28961e-06
46.76 7.3251e-06
46.77 8.33271e-06
46.78 9.30906e-06
46.79 1.02509e-05
46.8 1.11551e-05
46.81 1.20187e-05
46.82 1.28388e-05
46.83 1.36127e-05
46.84 1.43378e-05
46.85 1.50119e-05
46.86 1.56327e-05
46.87 1.61982e-05
46.88 1.67067e-05
46.89 1.71564e-05
46.9 1.75461e-05
46.91 1.78744e-05
46.92 1.81405e-05
46.93 1.83435e-05
46.94 1.84829e-05
46.95 1.85583e-05
46.96 1.85697e-05
46.97 1.85171e-05
46.98 1.84008e-05
46.99 1.82215e-05
47 1.79798e-05
47.01 1.76768e-05
47.02 1.73135e-05
47.03 1.68914e-05
47.04 1.64121e-05
47.05 1.58773e-05
47.06 1.5289e-05
47.07 1.46493e-05
47.08 1.39606e-05
47.09 1.32253e-05
47.1 1.24461e-05
47.11 1.16257e-05
47.12 1.0767e-05
47.13 9.87315e-06
47.14 8.94717e-06
47.15 7.99236e-06
47.16 7.01205e-06
47.17 6.00967e-06
47.18 4.9887e-06
47.19 3.95268e-06
47.2 2.90518e-06
47.21 1.84984e-06
47.22 7.90262e-07
47.23 -2.69908e-07
47.24 -1.32704e-06
47.25 -2.37754e-06
47.26 -3.41783e-06
47.27 -4.44438e-06
47.28 -5.45371e-06
47.29 -6.44241e-06
47.3 -7.40718e-06
47.31 -8.34476e-06
47.32 -9.25202e-06
47.33 -1.01259e-05
47.34 -1.09636e-05
47.35 -1.17623e-05
47.36 -1.25193e-05
47.37 -1.32322e-05
47.38 -1.38986e-05
47.39 -1.45164e-05
47.4 -1.50836e-05
47.41 -1.55984e-05
47.42 -1.60591e-05
47.43 -1.64643e-05
47.44 -1.68127e-05
47.45 -1.71034e-05
47.46 -1.73353e-05
47.47 -1.7508e-05
47.48 -1.76209e-05
47.49 -1.76737e-05
47.5 -1.76665e-05
47.51 -1.75994e-05
47.52 -1.74728e-05
47.53 -1.72872e-05
47.54 -1.70435e-05
47.55 -1.67425e-05
47.56 -1.63855e-05
47.57 -1.59738e-05
47.58 -1.55089e-05
47.59 -1.49925e-05
47.6 -1.44266e-05
47.61 -1.38132e-05
47.62 -1.31544e-05
47.63 -1.24527e-05
47.64 -1.17105e-05
47.65 -1.09305e-05
47.66 -1.01154e-05
47.67 -9.26808e-06
47.68 -8.39153e-06
47.69 -7.48879e-06
47.7 -6.56301e-06
47.71 -5.61742e-06
47.72 -4.65528e-06
47.73 -3.67992e-06
47.74 -2.69471e-06
47.75 -1.70304e-06
47.76 -7.08305e-07
47.77 2.86086e-07
47.78 1.27673e-06
47.79 2.26027e-06
47.8 3.23333e-06
47.81 4.19263e-06
47.82 5.13492e-06
47.83 6.05702e-06
47.84 6.95581e-06
47.85 7.82829e-06
47.86 8.67153e-06
47.87 9.48271e-06
47.88 1.02591e-05
47.89 1.09982e-05
47.9 1.16975e-05
47.91 1.23548e-05
47.92 1.29678e-05
47.93 1.35346e-05
47.94 1.40533e-05
47.95 1.45224e-05
47.96 1.49402e-05
47.97 1.53055e-05
47.98 1.56172e-05
47.99 1.58743e-05
48 1.6076e-05
48.01 1.62219e-05
48.02 1.63115e-05
48.03 1.63446e-05
48.04 1.63214e-05
48.05 1.62419e-05
48.06 1.61067e-05
48.07 1.59163e-05
48.08 1.56714e-05
48.09 1.53731e-05
48.1 1.50225e-05
48.11 1.4621e-05
48.12 1.417e-05
48.13 1.36712e-05
48.14 1.31264e-05
48.15 1.25376e-05
48.16 1.19069e-05
48.17 1.12366e-05
48.18 1.0529e-05
48.19 9.78675e-06
48.2 9.01238e-06
48.21 8.20862e-06
48.22 7.37831e-06
48.23 6.52434e-06
48.24 5.64968e-06
48.25 4.75737e-06
48.26 3.8505e-06
48.27 2.93221e-06
48.28 2.00565e-06
48.29 1.074e-06
48.3 1.40469e-07
48.31 -7.91765e-07
48.32 -1.71952e-06
48.33 -2.63965e-06
48.34 -3.54902e-06
48.35 -4.44457e-06
48.36 -5.32326e-06
48.37 -6.18214e-06
48.38 -7.01832e-06
48.39 -7.82901e-06
48.4 -8.61151e-06
48.41 -9.36319e-06
48.42 -1.00816e-05
48.43 -1.07643e-05
48.44 -1.14091e-05
48.45 -1.20138e-05
48.46 -1.25766e-05
48.47 -1.30955e-05
48.48 -1.35689e-05
48.49 -1.39953e-05
48.5 -1.43733e-05
48.51 -1.47018e-05
48.52 -1.49797e-05
48.53 -1.52063e-05
48.54 -1.53807e-05
48.55 -1.55027e-05
48.56 -1.55718e-05
48.57 -1.5588e-05
48.58 -1.55513e-05
48.59 -1.54619e-05
48.6 -1.53204e-05
48.61 -1.51273e-05
48.62 -1.48833e-05
48.63 -1.45895e-05
48.64 -1.42469e-05
48.65 -1.38568e-05
48.66 -1.34207e-05
48.67 -1.29402e-05
48.68 -1.2417e-05
48.69 -1.18531e-05
48.7 -1.12503e-05
48.71 -1.0611e-05
48.72 -9.93728e-06
48.73 -9.23164e-06
48.74 -8.49654e-06
48.75 -7.73455e-06
48.76 -6.94837e-06
48.77 -6.14072e-06
48.78 -5.31442e-06
48.79 -4.47235e-06
48.8 -3.61743e-06
48.81 -2.7526e-06
48.82 -1.88086e-06
48.83 -1.0052e-06
48.84 -1.2862e-07
48.85 7.45873e-07
48.86 1.6153e-06
48.87 2.47669e-06
48.88 3.32712e-06
48.89 4.16371e-06
48.9 4.98363e-06
48.91 5.78413e-06
48.92 6.5625e-06
48.93 7.31614e-06
48.94 8.04254e-06
48.95 8.73928e-06
48.96 9.40404e-06
48.97 1.00346e-05
48.98 1.0629e-05
48.99 1.11852e-05
49 1.17013e-05
49.01 1.21759e-05
49.02 1.26072e-05
49.03 1.2994e-05
49.04 1.3335e-05
49.05 1.36292e-05
49.06 1.38757e-05
49.07 1.40738e-05
49.08 1.42228e-05
49.09 1.43225e-05
49.1 1.43725e-05
49.11 1.43729e-05
49.12 1.43238e-05
49.13 1.42253e-05
49.14 1.40781e-05
49.15 1.38827e-05
49.16 1.36399e-05
49.17 1.33506e-05
49.18 1.30159e-05
49.19 1.26371e-05
49.2 1.22157e-05
49.21 1.1753e-05
49.22 1.12508e-05
49.23 1.0711e-05
49.24 1.01353e-05
49.25 9.526e-06
49.26 8.88512e-06
49.27 8.21494e-06
49.28 7.51783e-06
49.29 6.79623e-06
49.3 6.05266e-06
49.31 5.28971e-06
49.32 4.51003e-06
49.33 3.71633e-06
49.34 2.91134e-06
49.35 2.09784e-06
49.36 1.27863e-06
49.37 4.56521e-07
49.38 -3.6567e-07
49.39 -1.18514e-06
49.4 -1.99908e-06
49.41 -2.80474e-06
49.42 -3.59938e-06
49.43 -4.3803e-06
49.44 -5.14487e-06
49.45 -5.89052e-06
49.46 -6.61473e-06
49.47 -7.31509e-06
49.48 -7.98924e-06
49.49 -8.63496e-06
49.5 -9.25008e-06
49.51 -9.83259e-06
49.52 -1.03806e-05
49.53 -1.08922e-05
49.54 -1.13659e-05
49.55 -1.18e-05
49.56 -1.21932e-05
49.57 -1.25442e-05
49.58 -1.28519e-05
49.59 -1.31155e-05
49.6 -1.3334e-05
49.61 -1.35068e-05
49.62 -1.36335e-05
49.63 -1.37137e-05
49.64 -1.37473e-05
49.65 -1.37342e-05
49.66 -1.36747e-05
49.67 -1.35689e-05
49.68 -1.34175e-05
49.69 -1.3221e-05
49.7 -1.29802e-05
49.71 -1.26961e-05
49.72 -1.23696e-05
49.73 -1.20021e-05
49.74 -1.15949e-05
49.75 -1.11494e-05
49.76 -1.06674e-05
49.77 -1.01504e-05
49.78 -9.60046e-06
49.79 -9.01944e-06
49.8 -8.40941e-06
49.81 -7.77255e-06
49.82 -7.11108e-06
49.83 -6.42732e-06
49.84 -5.72367e-06
49.85 -5.00259e-06
49.86 -4.26657e-06
49.87 -3.51816e-06
49.88 -2.75996e-06
49.89 -1.99457e-06
49.9 -1.22464e-06
49.91 -4.5279e-07
49.92 3.18327e-07
49.93 1.08608e-06
49.94 1.84786e-06
49.95 2.60107e-06
49.96 3.34317e-06
49.97 4.07165e-06
49.98 4.78405e-06
49.99 5.47798e-06
