0.01 -4.9591e-07
0.02 -4.91799e-07
0.03 -4.89305e-07
0.04 -5.14546e-07
0.05 -6.15511e-07
0.06 -8.36597e-07
0.07 -1.18444e-06
0.08 -1.61637e-06
0.09 -2.0652e-06
0.1 -2.48305e-06
0.11 -2.87186e-06
0.12 -3.28088e-06
0.13 -3.77721e-06
0.14 -4.41195e-06
0.15 -5.20206e-06
0.16 -6.13331e-06
0.17 -7.17528e-06
0.18 -8.29564e-06
0.19 -9.46814e-06
0.2 -1.06768e-05
0.21 -1.19204e-05
0.22 -1.32147e-05
0.23 -1.45881e-05
0.24 -1.60685e-05
0.25 -1.76674e-05
0.26 -1.93722e-05
0.27 -2.11512e-05
0.28 -2.29707e-05
0.29 -2.481e-05
0.3 -2.66663e-05
0.31 -2.85441e-05
0.32 -3.04375e-05
0.33 -3.23203e-05
0.34 -3.41533e-05
0.35 -3.5905e-05
0.36 -3.75733e-05
0.37 -3.91909e-05
0.38 -4.08063e-05
0.39 -4.24481e-05
0.4 -4.40983e-05
0.41 -4.56957e-05
0.42 -4.71675e-05
0.43 -4.84668e-05
0.44 -4.95891e-05
0.45 -5.05566e-05
0.46 -5.13848e-05
0.47 -5.20595e-05
0.48 -5.25495e-05
0.49 -5.28439e-05
0.5 -5.2978e-05
0.51 -5.30154e-05
0.52 -5.30005e-05
0.53 -5.29207e-05
0.54 -5.27127e-05
0.55 -5.23007e-05
0.56 -5.16328e-05
0.57 -5.06883e-05
0.58 -4.94611e-05
0.59 -4.79463e-05
0.6 -4.61497e-05
0.61 -4.41083e-05
0.62 -4.18992e-05
0.63 -3.9625e-05
0.64 -3.73827e-05
0.65 -3.52379e-05
0.66 -3.32218e-05
0.67 -3.13507e-05
0.68 -2.96397e-05
0.69 -2.80854e-05
0.7 -2.66316e-05
0.71 -2.51618e-05
0.72 -2.35535e-05
0.73 -2.17767e-05
0.74 -1.99633e-05
0.75 -1.83679e-05
0.76 -1.72125e-05
0.77 -1.65066e-05
0.78 -1.59746e-05
0.79 -1.51707e-05
0.8 -1.37436e-05
0.81 -1.1699e-05
0.82 -9.46438e-06
0.83 -7.66814e-06
0.84 -6.75676e-06
0.85 -6.71124e-06
0.86 -7.06455e-06
0.87 -7.19554e-06
0.88 -6.67902e-06
0.89 -5.46566e-06
0.9 -3.82545e-06
0.91 -2.15644e-06
0.92 -8.09045e-07
0.93 -4.78868e-09
0.94 1.8032e-07
0.95 -1.58556e-07
0.96 -7.15403e-07
0.97 -1.00548e-06
0.98 -5.3126e-07
0.99 9.79967e-07
1 3.40779e-06
1.01 6.24528e-06
1.02 8.8021e-06
1.03 1.05431e-05
1.04 1.1409e-05
1.05 1.19117e-05
1.06 1.28812e-05
1.07 1.4958e-05
1.08 1.81323e-05
1.09 2.16635e-05
1.1 2.44875e-05
1.11 2.58759e-05
1.12 2.58954e-05
1.13 2.534e-05
1.14 2.51955e-05
1.15 2.60228e-05
1.16 2.76595e-05
1.17 2.93755e-05
1.18 3.03126e-05
1.19 2.99069e-05
1.2 2.80859e-05
1.21 2.52052e-05
1.22 2.18254e-05
1.23 1.84608e-05
1.24 1.53967e-05
1.25 1.25984e-05
1.26 9.70594e-06
1.27 6.14952e-06
1.28 1.41452e-06
1.29 -4.61861e-06
1.3 -1.14661e-05
1.31 -1.81514e-05
1.32 -2.36136e-05
1.33 -2.71647e-05
1.34 -2.87194e-05
1.35 -2.87179e-05
1.36 -2.78796e-05
1.37 -2.69777e-05
1.38 -2.66857e-05
1.39 -2.74104e-05
1.4 -2.9072e-05
1.41 -3.0987e-05
1.42 -3.20657e-05
1.43 -3.13261e-05
1.44 -2.84333e-05
1.45 -2.38824e-05
1.46 -1.8671e-05
1.47 -1.36757e-05
1.48 -9.17404e-06
1.49 -4.83625e-06
1.5 -1.29939e-07
1.51 5.24154e-06
1.52 1.1236e-05
1.53 1.7746e-05
1.54 2.49507e-05
1.55 3.33881e-05
1.56 4.36334e-05
1.57 5.57915e-05
1.58 6.91725e-05
1.59 8.24323e-05
1.6 9.41733e-05
1.61 0.00010367
1.62 0.000111226
1.63 0.000117858
1.64 0.000124492
1.65 0.000131246
1.66 0.000137368
1.67 0.000141846
1.68 0.000144211
1.69 0.000144877
1.7 0.000144822
1.71 0.000144895
1.72 0.000145259
1.73 0.000145301
1.74 0.000144041
1.75 0.000140784
1.76 0.000135625
1.77 0.000129497
1.78 0.000123769
1.79 0.000119639
1.8 0.000117696
1.81 0.000117803
1.82 0.000119285
1.83 0.000121173
1.84 0.000122329
1.85 0.000121474
1.86 0.000117395
1.87 0.000109467
1.88 9.82776e-05
1.89 8.58586e-05
1.9 7.51523e-05
1.91 6.88099e-05
1.92 6.79048e-05
1.93 7.12954e-05
1.94 7.60566e-05
1.95 7.8811e-05
1.96 7.72759e-05
1.97 7.12304e-05
1.98 6.24604e-05
1.99 5.38201e-05
2 4.79518e-05
2.01 4.62426e-05
2.02 4.83964e-05
2.03 5.27183e-05
2.04 5.69159e-05
2.05 5.90243e-05
2.06 5.80556e-05
2.07 5.41584e-05
2.08 4.83319e-05
2.09 4.19198e-05
2.1 3.61169e-05
2.11 3.16088e-05
2.12 2.83773e-05
2.13 2.57264e-05
2.14 2.25775e-05
2.15 1.79703e-05
2.16 1.1555e-05
2.17 3.81112e-06
2.18 -4.18075e-06
2.19 -1.13542e-05
2.2 -1.73259e-05
2.21 -2.26659e-05
2.22 -2.85366e-05
2.23 -3.59285e-05
2.24 -4.50434e-05
2.25 -5.52465e-05
2.26 -6.55793e-05
2.27 -7.54403e-05
2.28 -8.49383e-05
2.29 -9.46536e-05
2.3 -0.000104968
2.31 -0.000115451
2.32 -0.000124793
2.33 -0.000131409
2.34 -0.000134357
2.35 -0.000133893
2.36 -0.000131292
2.37 -0.000128122
2.38 -0.000125532
2.39 -0.000124015
2.4 -0.000123669
2.41 -0.00012455
2.42 -0.000126679
2.43 -0.000129659
2.44 -0.000132298
2.45 -0.000132765
2.46 -0.000129339
2.47 -0.000121316
2.48 -0.000109417
2.49 -9.53894e-05
2.5 -8.10859e-05
2.51 -6.76386e-05
2.52 -5.51951e-05
2.53 -4.32294e-05
2.54 -3.1058e-05
2.55 -1.81755e-05
2.56 -4.31172e-06
2.57 1.05871e-05
2.58 2.62322e-05
2.59 4.17829e-05
2.6 5.58666e-05
2.61 6.70378e-05
2.62 7.44906e-05
2.63 7.85696e-05
2.64 8.07538e-05
2.65 8.3107e-05
2.66 8.74117e-05
2.67 9.43143e-05
2.68 0.000102892
2.69 0.000110954
2.7 0.000116046
2.71 0.000116659
2.72 0.000113
2.73 0.000106903
2.74 0.000100968
2.75 9.7441e-05
2.76 9.74131e-05
2.77 0.000100679
2.78 0.000106168
2.79 0.000112614
2.8 0.000119097
2.81 0.000125244
2.82 0.000131106
2.83 0.000136898
2.84 0.000142782
2.85 0.000148812
2.86 0.000155039
2.87 0.00016167
2.88 0.000169143
2.89 0.00017806
2.9 0.000189031
2.91 0.000202522
2.92 0.000218688
2.93 0.000237156
2.94 0.000256819
2.95 0.000275901
2.96 0.000292462
2.97 0.000305185
2.98 0.000313996
2.99 0.000320072
3 0.000325224
3.01 0.000331041
3.02 0.000338292
3.03 0.000346809
3.04 0.000355721
3.05 0.000363745
3.06 0.000369382
3.07 0.000371098
3.08 0.000367674
3.09 0.000358735
3.1 0.000345168
3.11 0.000328975
3.12 0.000312425
3.13 0.000296936
3.14 0.000282406
3.15 0.000267395
3.16 0.000250012
3.17 0.000228957
3.18 0.000204162
3.19 0.00017675
3.2 0.000148397
3.21 0.000120459
3.22 9.33615e-05
3.23 6.65938e-05
3.24 3.92909e-05
3.25 1.09879e-05
3.26 -1.79379e-05
3.27 -4.63846e-05
3.28 -7.30521e-05
3.29 -9.69697e-05
3.3 -0.000117699
3.31 -0.000135206
3.32 -0.000149641
3.33 -0.000161252
3.34 -0.000170432
3.35 -0.000177761
3.36 -0.000183902
3.37 -0.000189362
3.38 -0.000194271
3.39 -0.000198336
3.4 -0.000201013
3.41 -0.000201763
3.42 -0.000200221
3.43 -0.000196201
3.44 -0.000189569
3.45 -0.000180129
3.46 -0.000167677
3.47 -0.000152236
3.48 -0.000134307
3.49 -0.000114926
3.5 -9.53647e-05
3.51 -7.66062e-05
3.52 -5.88884e-05
3.53 -4.16169e-05
3.54 -2.37241e-05
3.55 -4.30716e-06
3.56 1.67728e-05
3.57 3.86673e-05
3.58 5.98681e-05
3.59 7.89435e-05
3.6 9.52453e-05
3.61 0.000109121
3.62 0.000121468
3.63 0.000132931
3.64 0.000143273
3.65 0.000151346
3.66 0.000155685
3.67 0.000155409
3.68 0.000150936
3.69 0.00014411
3.7 0.000137551
3.71 0.00013344
3.72 0.000132243
3.73 0.000131997
3.74 0.000128641
3.75 0.000117499
3.76 9.53728e-05
3.77 6.22148e-05
3.78 2.13128e-05
3.79 -2.22987e-05
3.8 -6.43962e-05
3.81 -0.000103655
3.82 -0.00014217
3.83 -0.000184295
3.84 -0.000234621
3.85 -0.000296196
3.86 -0.000369803
3.87 -0.000454378
3.88 -0.000548041
3.89 -0.000649019
3.9 -0.000756016
3.91 -0.000867982
3.92 -0.000983509
3.93 -0.00110017
3.94 -0.00121408
3.95 -0.00131999
3.96 -0.00141203
3.97 -0.00148513
3.98 -0.00153648
3.99 -0.00156646
4 -0.00157834
4.01 -0.0015767
4.02 -0.00156542
4.03 -0.00154625
4.04 -0.00151879
4.05 -0.00148177
4.06 -0.00143464
4.07 -0.00137875
4.08 -0.00131726
4.09 -0.00125432
4.1 -0.00119385
4.11 -0.00113849
4.12 -0.00108891
4.13 -0.0010434
4.14 -0.00099822
4.15 -0.000948521
4.16 -0.000889778
4.17 -0.000819099
4.18 -0.000735965
4.19 -0.00064217
4.2 -0.000540996
4.21 -0.00043586
4.22 -0.000328914
4.23 -0.000220216
4.24 -0.000107905
4.25 1.06801e-05
4.26 0.000137643
4.27 0.000273837
4.28 0.000419244
4.29 0.000573798
4.3 0.000737405
4.31 0.000908798
4.32 0.00108437
4.33 0.00125805
4.34 0.00142128
4.35 0.00156205
4.36 0.00166506
4.37 0.00171676
4.38 0.0017142
4.39 0.00167038
4.4 0.00161048
4.41 0.00156089
4.42 0.00153834
4.43 0.00154463
4.44 0.00156829
4.45 0.00159157
4.46 0.00159904
4.47 0.00158379
4.48 0.00154842
4.49 0.00150127
4.5 0.00145122
4.51 0.00140387
4.52 0.00136045
4.53 0.00131875
4.54 0.00127503
4.55 0.00122597
4.56 0.00117036
4.57 0.0011098
4.58 0.00104826
4.59 0.000990577
4.6 0.000940593
4.61 0.000899345
4.62 0.00086414
4.63 0.000828877
4.64 0.000785744
4.65 0.000727859
4.66 0.000651892
4.67 0.000559568
4.68 0.000457339
4.69 0.000354222
4.7 0.000258585
4.71 0.000175151
4.72 0.000103398
4.73 3.79785e-05
4.74 -2.9113e-05
4.75 -0.000105558
4.76 -0.000196105
4.77 -0.000301168
4.78 -0.000416835
4.79 -0.000536043
4.8 -0.000650498
4.81 -0.000752874
4.82 -0.000838561
4.83 -0.00090625
4.84 -0.00095722
4.85 -0.000994037
4.86 -0.0010196
4.87 -0.00103692
4.88 -0.0010492
4.89 -0.0010597
4.9 -0.00107142
4.91 -0.0010867
4.92 -0.00110695
4.93 -0.00113239
4.94 -0.00116201
4.95 -0.00119387
4.96 -0.0012257
4.97 -0.00125531
4.98 -0.00128066
4.99 -0.00129999
5 -0.00131238
5.01 -0.00131869
5.02 -0.00132227
5.03 -0.0013285
5.04 -0.00134302
5.05 -0.00136922
5.06 -0.00140645
5.07 -0.00144985
5.08 -0.00149208
5.09 -0.00152602
5.1 -0.00154722
5.11 -0.00155495
5.12 -0.0015515
5.13 -0.00154016
5.14 -0.00152296
5.15 -0.00149941
5.16 -0.00146668
5.17 -0.00142137
5.18 -0.00136177
5.19 -0.00128956
5.2 -0.00120971
5.21 -0.0011287
5.22 -0.00105183
5.23 -0.000981053
5.24 -0.000914238
5.25 -0.000846044
5.26 -0.000769885
5.27 -0.00067989
5.28 -0.000571761
5.29 -0.000442257
5.3 -0.000288299
5.31 -0.000107491
5.32 9.92952e-05
5.33 0.0003252
5.34 0.0005583
5.35 0.000787585
5.36 0.00100987
5.37 0.001231
5.38 0.00145988
5.39 0.00170038
5.4 0.00194514
5.41 0.00217191
5.42 0.00234624
5.43 0.0024363
5.44 0.00243324
5.45 0.00235961
5.46 0.00225797
5.47 0.00217009
5.48 0.00212071
5.49 0.00211143
5.5 0.00212458
5.51 0.00213449
5.52 0.00212167
5.53 0.00208205
5.54 0.00202667
5.55 0.00197311
5.56 0.0019354
5.57 0.00191756
5.58 0.00191245
5.59 0.00190482
5.6 0.00187745
5.61 0.00181831
5.62 0.00172585
5.63 0.00160982
5.64 0.00148752
5.65 0.00137739
5.66 0.00129232
5.67 0.00123503
5.68 0.00119708
5.69 0.00116225
5.7 0.00111339
5.71 0.00103944
5.72 0.000939132
5.73 0.000818735
5.74 0.000685431
5.75 0.000540795
5.76 0.00037963
5.77 0.000195668
5.78 -9.90422e-06
5.79 -0.000224288
5.8 -0.00042794
5.81 -0.000606113
5.82 -0.000758819
5.83 -0.000901548
5.84 -0.00105652
5.85 -0.00124168
5.86 -0.00146318
5.87 -0.00171
5.88 -0.00194965
5.89 -0.00213363
5.9 -0.00221893
5.91 -0.00219434
5.92 -0.00208879
5.93 -0.0019551
5.94 -0.00184294
5.95 -0.0017791
5.96 -0.00176175
5.97 -0.00176755
5.98 -0.00176678
5.99 -0.00173952
6 -0.00168487
6.01 -0.00161925
6.02 -0.00156601
6.03 -0.00154304
6.04 -0.00155411
6.05 -0.0015866
6.06 -0.00161616
6.07 -0.00161673
6.08 -0.00157189
6.09 -0.00148261
6.1 -0.00136724
6.11 -0.00125403
6.12 -0.00116973
6.13 -0.00112919
6.14 -0.00113005
6.15 -0.0011543
6.16 -0.00117575
6.17 -0.00117042
6.18 -0.0011254
6.19 -0.00104234
6.2 -0.000934774
6.21 -0.000820754
6.22 -0.000715011
6.23 -0.00062389
6.24 -0.000544833
6.25 -0.000469745
6.26 -0.000390076
6.27 -0.000301169
6.28 -0.000204128
6.29 -0.000104707
6.3 -9.82383e-06
6.31 7.67337e-05
6.32 0.000157495
6.33 0.000241711
6.34 0.000342319
6.35 0.00047034
6.36 0.000629213
6.37 0.000812013
6.38 0.00100312
6.39 0.00118318
6.4 0.00133443
6.41 0.00144441
6.42 0.0015081
6.43 0.00152934
6.44 0.00152065
6.45 0.00149984
6.46 0.00148374
6.47 0.00148205
6.48 0.00149462
6.49 0.00151327
6.5 0.00152647
6.51 0.00152448
6.52 0.00150298
6.53 0.00146405
6.54 0.00141459
6.55 0.00136298
6.56 0.00131573
6.57 0.00127554
6.58 0.00124135
6.59 0.00121025
6.6 0.00117999
6.61 0.00115081
6.62 0.00112552
6.63 0.00110784
6.64 0.00110003
6.65 0.00110144
6.66 0.00110856
6.67 0.00111639
6.68 0.00112016
6.69 0.00111633
6.7 0.00110328
6.71 0.00108169
6.72 0.00105464
6.73 0.00102686
6.74 0.0010029
6.75 0.000984915
6.76 0.000971366
6.77 0.000957451
6.78 0.000937231
6.79 0.000906212
6.8 0.000863003
6.81 0.000809349
6.82 0.000748845
6.83 0.000685284
6.84 0.000621492
6.85 0.000558853
6.86 0.000497273
6.87 0.000435301
6.88 0.000370402
6.89 0.000299496
6.9 0.000219755
6.91 0.00012941
6.92 2.8191e-05
6.93 -8.2805e-05
6.94 -0.000201811
6.95 -0.000327342
6.96 -0.000458949
6.97 -0.000597375
6.98 -0.00074389
6.99 -0.000899035
7 -0.00106135
7.01 -0.00122655
7.02 -0.00138718
7.03 -0.00153277
7.04 -0.00165154
7.05 -0.0017342
7.06 -0.00177872
7.07 -0.00179281
7.08 -0.00179153
7.09 -0.00179119
7.1 -0.00180264
7.11 -0.00182734
7.12 -0.00185769
7.13 -0.00188127
7.14 -0.0018869
7.15 -0.00186951
7.16 -0.00183168
7.17 -0.00178169
7.18 -0.0017296
7.19 -0.00168329
7.2 -0.00164607
7.21 -0.0016161
7.22 -0.00158784
7.23 -0.00155449
7.24 -0.00151085
7.25 -0.00145533
7.26 -0.00139056
7.27 -0.00132244
7.28 -0.00125802
7.29 -0.00120289
7.3 -0.00115896
7.31 -0.00112368
7.32 -0.0010911
7.33 -0.00105441
7.34 -0.00100877
7.35 -0.000952966
7.36 -0.000889184
7.37 -0.000821143
7.38 -0.000751845
7.39 -0.00068209
7.4 -0.000610273
7.41 -0.000533165
7.42 -0.00044702
7.43 -0.000348573
7.44 -0.00023588
7.45 -0.000109101
7.46 2.89777e-05
7.47 0.000173241
7.48 0.000317906
7.49 0.000459201
7.5 0.000597559
7.51 0.000737487
7.52 0.000884796
7.53 0.00104302
7.54 0.00121094
7.55 0.00138121
7.56 0.00153961
7.57 0.00166718
7.58 0.00174743
7.59 0.00177625
7.6 0.0017665
7.61 0.00174283
7.62 0.00172982
7.63 0.00174116
7.64 0.00177533
7.65 0.00181879
7.66 0.00185419
7.67 0.00186938
7.68 0.00186269
7.69 0.00184238
7.7 0.00182127
7.71 0.00180992
7.72 0.00181186
7.73 0.00182248
7.74 0.00183146
7.75 0.00182737
7.76 0.00180213
7.77 0.00175386
7.78 0.00168689
7.79 0.00160961
7.8 0.00153131
7.81 0.00145918
7.82 0.00139637
7.83 0.00134149
7.84 0.00128965
7.85 0.0012347
7.86 0.00117176
7.87 0.00109892
7.88 0.00101733
7.89 0.00092975
7.9 0.000838247
7.91 0.000742338
7.92 0.000638268
7.93 0.000519826
7.94 0.000380751
7.95 0.000218337
7.96 3.67378e-05
7.97 -0.000152483
7.98 -0.000334346
7.99 -0.000497956
8 -0.000643179
8.01 -0.000781494
8.02 -0.000929804
8.03 -0.00110161
8.04 -0.00130094
8.05 -0.00151934
8.06 -0.00173354
8.07 -0.00190725
8.08 -0.00200411
8.09 -0.00200828
8.1 -0.00193697
8.11 -0.00183305
8.12 -0.00174357
8.13 -0.00169909
8.14 -0.00170422
8.15 -0.00174054
8.16 -0.00177841
8.17 -0.00179178
8.18 -0.00176931
8.19 -0.00171714
8.2 -0.00165336
8.21 -0.00159835
8.22 -0.00156571
8.23 -0.00155694
8.24 -0.00156129
8.25 -0.00156066
8.26 -0.0015377
8.27 -0.00148391
8.28 -0.00140349
8.29 -0.0013116
8.3 -0.00122773
8.31 -0.00116764
8.32 -0.00113709
8.33 -0.00112986
8.34 -0.00113043
8.35 -0.00112025
8.36 -0.001085
8.37 -0.00101967
8.38 -0.000929741
8.39 -0.000827868
8.4 -0.00072799
8.41 -0.000639346
8.42 -0.000563001
8.43 -0.000492066
8.44 -0.000415191
8.45 -0.000321676
8.46 -0.000206042
8.47 -7.02103e-05
8.48 7.75886e-05
8.49 0.000226849
8.5 0.000370163
8.51 0.000507409
8.52 0.000646258
8.53 0.000798218
8.54 0.000972359
8.55 0.00117026
8.56 0.00138386
8.57 0.00159519
8.58 0.00177836
8.59 0.00190649
8.6 0.00196408
8.61 0.00195754
8.62 0.0019149
8.63 0.00187313
8.64 0.00186111
8.65 0.00188794
8.66 0.00194137
8.67 0.00199535
8.68 0.00202264
8.69 0.00200655
8.7 0.00194699
8.71 0.00185906
8.72 0.0017655
8.73 0.00168692
8.74 0.00163367
8.75 0.00160253
8.76 0.00157907
8.77 0.00154457
8.78 0.00148442
8.79 0.00139434
8.8 0.00128208
8.81 0.00116397
8.82 0.00105818
8.83 0.000977082
8.84 0.000921835
8.85 0.000881141
8.86 0.000834765
8.87 0.00076039
8.88 0.00064104
8.89 0.000470389
8.9 0.000254597
8.91 1.07162e-05
8.92 -0.00023799
8.93 -0.000469643
8.94 -0.000672749
8.95 -0.000852106
8.96 -0.00102616
8.97 -0.00121598
8.98 -0.00143377
8.99 -0.00167707
9 -0.00192613
9.01 -0.00214247
9.02 -0.00227822
9.03 -0.0023012
9.04 -0.00221908
9.05 -0.00207894
9.06 -0.00194185
9.07 -0.00185304
9.08 -0.00182504
9.09 -0.00183804
9.1 -0.00185373
9.11 -0.00183597
9.12 -0.00176845
9.13 -0.00166026
9.14 -0.00153785
9.15 -0.00142988
9.16 -0.00135389
9.17 -0.00131011
9.18 -0.00128257
9.19 -0.00124624
9.2 -0.0011777
9.21 -0.00106533
9.22 -0.000914001
9.23 -0.000741716
9.24 -0.000569716
9.25 -0.000411271
9.26 -0.000265268
9.27 -0.000118687
9.28 4.31722e-05
9.29 0.000225854
9.3 0.00042275
9.31 0.000621875
9.32 0.000815279
9.33 0.00100254
9.34 0.00118811
9.35 0.00137794
9.36 0.00157556
9.37 0.00177288
9.38 0.00194147
9.39 0.00204001
9.4 0.00204041
9.41 0.00195093
9.42 0.00181509
9.43 0.00168866
9.44 0.00161406
9.45 0.00160626
9.46 0.00165237
9.47 0.0017217
9.48 0.00178106
9.49 0.00180835
9.5 0.00179876
9.51 0.00176237
9.52 0.00171647
9.53 0.00167678
9.54 0.00165078
9.55 0.00163475
9.56 0.00161603
9.57 0.00157994
9.58 0.00151796
9.59 0.00143255
9.6 0.00133613
9.61 0.00124531
9.62 0.00117364
9.63 0.00112634
9.64 0.00109858
9.65 0.00107763
9.66 0.00104783
9.67 0.000996316
9.68 0.000917449
9.69 0.000814193
9.7 0.000696078
9.71 0.000574909
9.72 0.000460254
9.73 0.000356628
9.74 0.00026325
9.75 0.000175926
9.76 8.97033e-05
9.77 8.87546e-07
9.78 -9.23512e-05
9.79 -0.000190665
9.8 -0.000294729
9.81 -0.000405969
9.82 -0.000526151
9.83 -0.000656041
9.84 -0.000794129
9.85 -0.000936178
9.86 -0.00107518
9.87 -0.00120113
9.88 -0.00130157
9.89 -0.00136486
9.9 -0.00138603
9.91 -0.00137133
9.92 -0.00133753
9.93 -0.00130528
9.94 -0.00129064
9.95 -0.00129946
9.96 -0.00132654
9.97 -0.00135931
9.98 -0.00138351
9.99 -0.00138877
10 -0.00137179
10.01 -0.00133652
10.02 -0.00129148
10.03 -0.001246
10.04 -0.00120663
10.05 -0.00117509
10.06 -0.00114855
10.07 -0.00112181
10.08 -0.00109044
10.09 -0.00105333
10.1 -0.00101326
10.11 -0.000975493
10.12 -0.000945089
10.13 -0.000924377
10.14 -0.000911621
10.15 -0.000901476
10.16 -0.000887008
10.17 -0.0008624
10.18 -0.000825194
10.19 -0.000777177
10.2 -0.00072365
10.21 -0.000671431
10.22 -0.000626325
10.23 -0.000590983
10.24 -0.000563955
10.25 -0.000540338
10.26 -0.000513727
10.27 -0.000478662
10.28 -0.000432564
10.29 -0.000376461
10.3 -0.00031431
10.31 -0.000251276
10.32 -0.000191711
10.33 -0.000137709
10.34 -8.88018e-05
10.35 -4.27471e-05
10.36 3.1614e-06
10.37 5.09932e-05
10.38 0.000101732
10.39 0.00015541
10.4 0.000211463
10.41 0.000269025
10.42 0.000327104
10.43 0.000384682
10.44 0.00044074
10.45 0.000494195
10.46 0.000543767
10.47 0.000587939
10.48 0.00062516
10.49 0.00065431
10.5 0.000675197
10.51 0.000688737
10.52 0.00069662
10.53 0.000700548
10.54 0.000701511
10.55 0.000699622
10.56 0.000694613
10.57 0.000686609
10.58 0.000676545
10.59 0.000665857
10.6 0.000655626
10.61 0.000645753
10.62 0.000634762
10.63 0.000620405
10.64 0.000600756
10.65 0.000575218
10.66 0.000544943
10.67 0.000512471
10.68 0.000480762
10.69 0.000452084
10.7 0.000427237
10.71 0.000405425
10.72 0.000384714
10.73 0.000362762
10.74 0.000337515
10.75 0.000307703
10.76 0.000273114
10.77 0.000234595
10.78 0.000193748
10.79 0.000152389
10.8 0.000112001
10.81 7.34118e-05
10.82 3.67793e-05
10.83 1.76412e-06
10.84 -3.23033e-05
10.85 -6.6325e-05
10.86 -0.00010133
10.87 -0.000138271
10.88 -0.000177751
10.89 -0.000219791
10.9 -0.000263801
10.91 -0.000308775
10.92 -0.000353672
10.93 -0.000397758
10.94 -0.00044078
10.95 -0.000482918
10.96 -0.000524635
10.97 -0.000566555
10.98 -0.000609414
10.99 -0.000654022
11 -0.000701142
11.01 -0.000751301
11.02 -0.000804617
11.03 -0.000860705
11.04 -0.000918624
11.05 -0.000976843
11.06 -0.00103328
11.07 -0.00108554
11.08 -0.00113132
11.09 -0.00116899
11.1 -0.00119804
11.11 -0.00121911
11.12 -0.00123367
11.13 -0.00124339
11.14 -0.00124954
11.15 -0.00125259
11.16 -0.00125219
11.17 -0.00124727
11.18 -0.00123641
11.19 -0.00121832
11.2 -0.00119225
11.21 -0.00115847
11.22 -0.00111825
11.23 -0.00107362
11.24 -0.00102675
11.25 -0.000979239
11.26 -0.000931608
11.27 -0.000883219
11.28 -0.000832619
11.29 -0.000778179
11.3 -0.000718697
11.31 -0.000653702
11.32 -0.000583333
11.33 -0.000507848
11.34 -0.000426964
11.35 -0.000339402
11.36 -0.000242974
11.37 -0.000135369
11.38 -1.54237e-05
11.39 0.000115824
11.4 0.000255088
11.41 0.000398232
11.42 0.000542539
11.43 0.000688376
11.44 0.000838779
11.45 0.000996953
11.46 0.00116324
11.47 0.00133314
11.48 0.00149668
11.49 0.00163939
11.5 0.00174597
11.51 0.00180685
11.52 0.00182393
11.53 0.00181107
11.54 0.00178807
11.55 0.00177216
11.56 0.00177148
11.57 0.00178337
11.58 0.00179744
11.59 0.0018018
11.6 0.00178943
11.61 0.00176149
11.62 0.00172623
11.63 0.00169438
11.64 0.00167397
11.65 0.00166712
11.66 0.00166975
11.67 0.00167394
11.68 0.00167133
11.69 0.0016563
11.7 0.00162765
11.71 0.00158863
11.72 0.0015453
11.73 0.00150419
11.74 0.00146989
11.75 0.00144341
11.76 0.00142196
11.77 0.00140023
11.78 0.00137255
11.79 0.00133515
11.8 0.0012873
11.81 0.00123104
11.82 0.00116973
11.83 0.00110642
11.84 0.00104273
11.85 0.000978835
11.86 0.000913968
11.87 0.000847146
11.88 0.000777525
11.89 0.000704288
11.9 0.000626206
11.91 0.000541226
11.92 0.000446508
11.93 0.000339209
11.94 0.00021789
11.95 8.38124e-05
11.96 -5.88357e-05
11.97 -0.000204324
11.98 -0.000348012
11.99 -0.000488851
12 -0.00063005
12.01 -0.00077706
12.02 -0.000933962
12.03 -0.00110058
12.04 -0.00127144
12.05 -0.00143561
12.06 -0.0015769
12.07 -0.00167702
12.08 -0.00172351
12.09 -0.00171867
12.1 -0.00168154
12.11 -0.00164026
12.12 -0.00161956
12.13 -0.00163096
12.14 -0.00166989
12.15 -0.00171969
12.16 -0.00176003
12.17 -0.00177607
12.18 -0.00176422
12.19 -0.00173214
12.2 -0.00169381
12.21 -0.00166263
12.22 -0.00164576
12.23 -0.00164182
12.24 -0.00164228
12.25 -0.00163572
12.26 -0.00161316
12.27 -0.00157204
12.28 -0.00151728
12.29 -0.00145894
12.3 -0.00140785
12.31 -0.00137103
12.32 -0.00134892
12.33 -0.00133532
12.34 -0.00132005
12.35 -0.00129313
12.36 -0.00124857
12.37 -0.00118644
12.38 -0.00111231
12.39 -0.00103468
12.4 -0.000961763
12.41 -0.000898885
12.42 -0.00084725
12.43 -0.000804168
12.44 -0.000764318
12.45 -0.000721564
12.46 -0.000670872
12.47 -0.000609828
12.48 -0.000539273
12.49 -0.000462735
12.5 -0.000384831
12.51 -0.000309289
12.52 -0.000237512
12.53 -0.000168319
12.54 -9.88532e-05
12.55 -2.60818e-05
12.56 5.19162e-05
12.57 0.000135401
12.58 0.000223224
12.59 0.000313561
12.6 0.000404688
12.61 0.000495424
12.62 0.000585081
12.63 0.000672915
12.64 0.000757294
12.65 0.000835005
12.66 0.000901275
12.67 0.000950906
12.68 0.000980339
12.69 0.00098964
12.7 0.000983116
12.71 0.000967977
12.72 0.000951666
12.73 0.000939226
12.74 0.00093189
12.75 0.000927296
12.76 0.000921023
12.77 0.000908717
12.78 0.000887935
12.79 0.000859046
12.8 0.00082491
12.81 0.000789573
12.82 0.000756571
12.83 0.000727578
12.84 0.000701936
12.85 0.000677256
12.86 0.000650745
12.87 0.000620637
12.88 0.000587028
12.89 0.000551757
12.9 0.000517433
12.91 0.000486105
12.92 0.00045825
12.93 0.000432534
12.94 0.000406429
12.95 0.000377361
12.96 0.000343905
12.97 0.000306564
12.98 0.000267792
12.99 0.000231203
13 0.000200218
13.01 0.000176766
13.02 0.000160677
13.03 0.000150055
13.04 0.000142373
13.05 0.000135734
13.06 0.000129714
13.07 0.000125477
13.08 0.000125182
13.09 0.000131
13.1 0.000144204
13.11 0.000164773
13.12 0.000191599
13.13 0.000223093
13.14 0.000257799
13.15 0.000294742
13.16 0.00033347
13.17 0.000373875
13.18 0.000415921
13.19 0.000459374
13.2 0.000503596
13.21 0.000547457
13.22 0.000589431
13.23 0.000627869
13.24 0.000661373
13.25 0.000689081
13.26 0.000710715
13.27 0.000726426
13.28 0.000736553
13.29 0.000741435
13.3 0.00074128
13.31 0.000736109
13.32 0.00072578
13.33 0.000710079
13.34 0.000688869
13.35 0.000662283
13.36 0.000630892
13.37 0.00059566
13.38 0.000557634
13.39 0.000517459
13.4 0.000475003
13.41 0.000429335
13.42 0.000379073
13.43 0.000322921
13.44 0.000260093
13.45 0.000190479
13.46 0.000114586
13.47 3.33431e-05
13.48 -5.21073e-05
13.49 -0.000140581
13.5 -0.000230993
13.51 -0.000322493
13.52 -0.000414575
13.53 -0.000507062
13.54 -0.000599869
13.55 -0.000692623
13.56 -0.000784264
13.57 -0.000872754
13.58 -0.000954928
13.59 -0.0010267
13.6 -0.00108394
13.61 -0.00112393
13.62 -0.00114684
13.63 -0.00115607
13.64 -0.00115705
13.65 -0.0011552
13.66 -0.0011541
13.67 -0.00115458
13.68 -0.00115499
13.69 -0.00115241
13.7 -0.00114419
13.71 -0.00112922
13.72 -0.00110846
13.73 -0.00108428
13.74 -0.00105924
13.75 -0.00103476
13.76 -0.00101052
13.77 -0.000984754
13.78 -0.000955162
13.79 -0.000920102
13.8 -0.000879422
13.81 -0.000834621
13.82 -0.00078828
13.83 -0.000742997
13.84 -0.000700274
13.85 -0.000659806
13.86 -0.000619514
13.87 -0.000576352
13.88 -0.000527546
13.89 -0.000471684
13.9 -0.00040917
13.91 -0.000341838
13.92 -0.000272005
13.93 -0.000201433
13.94 -0.000130731
13.95 -5.93348e-05
13.96 1.40737e-05
13.97 9.10191e-05
13.98 0.000172739
13.99 0.000259839
14 0.000352115
14.01 0.000448534
14.02 0.000547368
14.03 0.000646419
14.04 0.000743249
14.05 0.000835256
14.06 0.000919581
14.07 0.000993107
14.08 0.0010529
14.09 0.00109722
14.1 0.00112655
14.11 0.00114395
14.12 0.00115405
14.13 0.00116138
14.14 0.00116873
14.15 0.00117647
14.16 0.00118291
14.17 0.00118545
14.18 0.00118188
14.19 0.00117139
14.2 0.00115484
14.21 0.00113436
14.22 0.00111251
14.23 0.0010912
14.24 0.00107101
14.25 0.00105102
14.26 0.00102914
14.27 0.00100296
14.28 0.000970643
14.29 0.000931541
14.3 0.000886455
14.31 0.000837287
14.32 0.000786297
14.33 0.000735253
14.34 0.000684837
14.35 0.000634505
14.36 0.000582788
14.37 0.000527852
14.38 0.000468105
14.39 0.000402623
14.4 0.000331314
14.41 0.000254809
14.42 0.000174216
14.43 9.08399e-05
14.44 5.9209e-06
14.45 -7.96128e-05
14.46 -0.000165377
14.47 -0.000251672
14.48 -0.000339393
14.49 -0.000429603
14.5 -0.000522856
14.51 -0.000618481
14.52 -0.000714182
14.53 -0.000806128
14.54 -0.000889437
14.55 -0.000958925
14.56 -0.00101015
14.57 -0.00104082
14.58 -0.00105205
14.59 -0.00104867
14.6 -0.00103785
14.61 -0.00102676
14.62 -0.00102016
14.63 -0.00101924
14.64 -0.00102192
14.65 -0.00102427
14.66 -0.00102234
14.67 -0.00101381
14.68 -0.000998722
14.69 -0.000979042
14.7 -0.000957451
14.71 -0.000935934
14.72 -0.000914972
14.73 -0.000893623
14.74 -0.000870334
14.75 -0.000843977
14.76 -0.000814555
14.77 -0.000783261
14.78 -0.000751882
14.79 -0.000721913
14.8 -0.000693861
14.81 -0.000667039
14.82 -0.000639874
14.83 -0.000610491
14.84 -0.000577383
14.85 -0.000539949
14.86 -0.000498707
14.87 -0.000455051
14.88 -0.000410608
14.89 -0.00036652
14.9 -0.000322995
14.91 -0.000279336
14.92 -0.000234343
14.93 -0.000186829
14.94 -0.000136002
14.95 -8.15994e-05
14.96 -2.38081e-05
14.97 3.69024e-05
14.98 9.99381e-05
14.99 0.000164702
15 0.000230697
15.01 0.000297596
15.02 0.000365191
15.03 0.00043318
15.04 0.000500873
15.05 0.000566993
15.06 0.000629733
15.07 0.000687072
15.08 0.000737269
15.09 0.000779359
15.1 0.000813465
15.11 0.000840757
15.12 0.000863037
15.13 0.000882103
15.14 0.000899166
15.15 0.000914566
15.16 0.000927862
15.17 0.000938225
15.18 0.000944911
15.19 0.000947565
15.2 0.000946233
15.21 0.000941195
15.22 0.000932778
15.23 0.000921279
15.24 0.000906991
15.25 0.000890235
15.26 0.000871355
15.27 0.000850675
15.28 0.000828486
15.29 0.000805045
15.3 0.000780543
15.31 0.000755056
15.32 0.000728563
15.33 0.000701072
15.34 0.000672792
15.35 0.000644198
15.36 0.000615896
15.37 0.000588331
15.38 0.000561518
15.39 0.000534933
15.4 0.00050766
15.41 0.000478745
15.42 0.000447619
15.43 0.00041436
15.44 0.000379646
15.45 0.000344418
15.46 0.000309426
15.47 0.00027492
15.48 0.00024064
15.49 0.000206105
15.5 0.00017096
15.51 0.000135162
15.52 9.89041e-05
15.53 6.24049e-05
15.54 2.57481e-05
15.55 -1.11255e-05
15.56 -4.83243e-05
15.57 -8.58994e-05
15.58 -0.000123778
15.59 -0.000161734
15.6 -0.000199391
15.61 -0.000236294
15.62 -0.000272076
15.63 -0.000306657
15.64 -0.000340371
15.65 -0.000373879
15.66 -0.000407873
15.67 -0.000442724
15.68 -0.000478284
15.69 -0.000513972
15.7 -0.000549078
15.71 -0.000583086
15.72 -0.000615827
15.73 -0.000647412
15.74 -0.000678043
15.75 -0.000707825
15.76 -0.000736693
15.77 -0.000764426
15.78 -0.000790658
15.79 -0.000814872
15.8 -0.00083641
15.81 -0.000854591
15.82 -0.000868903
15.83 -0.000879177
15.84 -0.000885638
15.85 -0.000888816
15.86 -0.00088937
15.87 -0.000887903
15.88 -0.000884826
15.89 -0.000880342
15.9 -0.000874524
15.91 -0.000867406
15.92 -0.000859006
15.93 -0.000849284
15.94 -0.000838112
15.95 -0.000825358
15.96 -0.000811078
15.97 -0.000795652
15.98 -0.000779675
15.99 -0.000763617
16 -0.000747455
16.01 -0.00073057
16.02 -0.000711969
16.03 -0.0006907
16.04 -0.000666197
16.05 -0.000638422
16.06 -0.000607791
16.07 -0.000575012
16.08 -0.00054088
16.09 -0.000506093
16.1 -0.000471076
16.11 -0.000435848
16.12 -0.000399999
16.13 -0.000362814
16.14 -0.000323524
16.15 -0.000281547
16.16 -0.000236618
16.17 -0.000188783
16.18 -0.000138328
16.19 -8.56921e-05
16.2 -3.13453e-05
16.21 2.43654e-05
16.22 8.13469e-05
16.23 0.000139767
16.24 0.000199898
16.25 0.000261843
16.26 0.000325306
16.27 0.000389546
16.28 0.000453586
16.29 0.000516529
16.3 0.000577772
16.31 0.000636929
16.32 0.000693519
16.33 0.00074667
16.34 0.000795112
16.35 0.000837517
16.36 0.000873036
16.37 0.000901699
16.38 0.000924457
16.39 0.000942832
16.4 0.000958379
16.41 0.000972185
16.42 0.000984584
16.43 0.00099518
16.44 0.00100313
16.45 0.00100756
16.46 0.00100806
16.47 0.00100488
16.48 0.000998961
16.49 0.0009916
16.5 0.000984058
16.51 0.000977155
16.52 0.00097105
16.53 0.000965247
16.54 0.000958825
16.55 0.000950786
16.56 0.0009404
16.57 0.000927386
16.58 0.000911919
16.59 0.000894498
16.6 0.000875737
16.61 0.000856129
16.62 0.000835853
16.63 0.000814737
16.64 0.000792412
16.65 0.000768562
16.66 0.000743135
16.67 0.000716385
16.68 0.000688737
16.69 0.000660604
16.7 0.000632261
16.71 0.000603839
16.72 0.000575362
16.73 0.000546805
16.74 0.000518115
16.75 0.0004892
16.76 0.000459906
16.77 0.000430003
16.78 0.00039917
16.79 0.000367011
16.8 0.000333096
16.81 0.000297068
16.82 0.000258771
16.83 0.000218337
16.84 0.000176149
16.85 0.000132707
16.86 8.84473e-05
16.87 4.36233e-05
16.88 -1.67331e-06
16.89 -4.73947e-05
16.9 -9.34281e-05
16.91 -0.000139576
16.92 -0.000185631
16.93 -0.000231468
16.94 -0.000277062
16.95 -0.000322384
16.96 -0.000367261
16.97 -0.000411286
16.98 -0.000453857
16.99 -0.000494305
17 -0.000532031
17.01 -0.000566599
17.02 -0.000597777
17.03 -0.000625523
17.04 -0.000649916
17.05 -0.000671075
17.06 -0.000689097
17.07 -0.000704013
17.08 -0.000715748
17.09 -0.000724104
17.1 -0.000728844
17.11 -0.000729904
17.12 -0.000727605
17.13 -0.000722698
17.14 -0.000716119
17.15 -0.000708587
17.16 -0.000700268
17.17 -0.000690748
17.18 -0.000679341
17.19 -0.000665545
17.2 -0.000649381
17.21 -0.000631405
17.22 -0.000612435
17.23 -0.000593155
17.24 -0.000573847
17.25 -0.000554335
17.26 -0.000534115
17.27 -0.000512534
17.28 -0.000488965
17.29 -0.000462997
17.3 -0.000434646
17.31 -0.000404455
17.32 -0.000373341
17.33 -0.000342159
17.34 -0.000311243
17.35 -0.000280192
17.36 -0.000248042
17.37 -0.000213711
17.38 -0.000176488
17.39 -0.000136341
17.4 -9.39219e-05
17.41 -5.02662e-05
17.42 -6.3678e-06
17.43 3.71559e-05
17.44 8.01425e-05
17.45 0.000122736
17.46 0.000165168
17.47 0.000207586
17.48 0.000249967
17.49 0.000292059
17.5 0.000333358
17.51 0.000373105
17.52 0.000410348
17.53 0.000444074
17.54 0.000473404
17.55 0.000497763
17.56 0.000516934
17.57 0.000530948
17.58 0.00053988
17.59 0.000543705
17.6 0.000542305
17.61 0.000535631
17.62 0.000523907
17.63 0.000507707
17.64 0.000487858
17.65 0.000465188
17.66 0.00044025
17.67 0.000413155
17.68 0.000383591
17.69 0.000351026
17.7 0.000314962
17.71 0.000275162
17.72 0.000231742
17.73 0.000185115
17.74 0.000135843
17.75 8.4449e-05
17.76 3.12748e-05
17.77 -2.35733e-05
17.78 -8.0186e-05
17.79 -0.000138759
17.8 -0.00019948
17.81 -0.000262388
17.82 -0.000327204
17.83 -0.000393149
17.84 -0.000458876
17.85 -0.000522617
17.86 -0.00058253
17.87 -0.000637076
17.88 -0.000685268
17.89 -0.000726734
17.9 -0.000761663
17.91 -0.000790681
17.92 -0.000814681
17.93 -0.00083462
17.94 -0.000851342
17.95 -0.000865468
17.96 -0.000877368
17.97 -0.000887213
17.98 -0.000895077
17.99 -0.000901017
18 -0.000905099
18.01 -0.00090736
18.02 -0.000907767
18.03 -0.000906196
18.04 -0.000902474
18.05 -0.000896442
18.06 -0.000888032
18.07 -0.0008773
18.08 -0.000864412
18.09 -0.000849586
18.1 -0.000832998
18.11 -0.000814697
18.12 -0.000794545
18.13 -0.000772234
18.14 -0.000747353
18.15 -0.000719498
18.16 -0.000688408
18.17 -0.000654107
18.18 -0.000616999
18.19 -0.000577814
18.2 -0.000537361
18.21 -0.000496193
18.22 -0.000454363
18.23 -0.000411405
18.24 -0.000366561
18.25 -0.000319116
18.26 -0.000268695
18.27 -0.000215382
18.28 -0.000159613
18.29 -0.000101918
18.3 -4.26556e-05
18.31 1.81002e-05
18.32 8.05034e-05
18.33 0.000144786
18.34 0.000211095
18.35 0.000279356
18.36 0.000349147
18.37 0.000419619
18.38 0.000489461
18.39 0.000556974
18.4 0.00062024
18.41 0.000677344
18.42 0.000726624
18.43 0.000766899
18.44 0.000797663
18.45 0.000819168
18.46 0.000832373
18.47 0.000838746
18.48 0.000839964
18.49 0.000837571
18.5 0.000832684
18.51 0.000825839
18.52 0.000816992
18.53 0.0008057
18.54 0.000791413
18.55 0.000773765
18.56 0.000752744
18.57 0.000728708
18.58 0.000702255
18.59 0.000674008
18.6 0.000644382
18.61 0.000613447
18.62 0.000580974
18.63 0.000546661
18.64 0.000510405
18.65 0.00047246
18.66 0.000433386
18.67 0.000393822
18.68 0.000354218
18.69 0.000314672
18.7 0.000274951
18.71 0.000234657
18.72 0.00019343
18.73 0.000151124
18.74 0.000107896
18.75 6.41897e-05
18.76 2.06143e-05
18.77 -2.22495e-05
18.78 -6.40417e-05
18.79 -0.000104725
18.8 -0.000144516
18.81 -0.00018361
18.82 -0.000221826
18.83 -0.000258381
18.84 -0.000291985
18.85 -0.000321205
18.86 -0.000344926
18.87 -0.000362673
18.88 -0.00037471
18.89 -0.000381894
18.9 -0.00038537
18.91 -0.000386202
18.92 -0.000385082
18.93 -0.000382224
18.94 -0.00037746
18.95 -0.000370476
18.96 -0.000361096
18.97 -0.000349513
18.98 -0.000336348
18.99 -0.000322505
19 -0.000308878
19.01 -0.000296042
19.02 -0.000284087
19.03 -0.000272653
19.04 -0.00026113
19.05 -0.000248968
19.06 -0.000235953
19.07 -0.000222356
19.08 -0.000208843
19.09 -0.000196213
19.1 -0.000185074
19.11 -0.000175635
19.12 -0.000167694
19.13 -0.000160814
19.14 -0.000154574
19.15 -0.000148756
19.16 -0.000143385
19.17 -0.000138665
19.18 -0.000134845
19.19 -0.000132099
19.2 -0.000130433
19.21 -0.000129659
19.22 -0.000129447
19.23 -0.000129433
19.24 -0.000129319
19.25 -0.00012888
19.26 -0.000127904
19.27 -0.000126122
19.28 -0.000123177
19.29 -0.000118669
19.3 -0.000112232
19.31 -0.000103649
19.32 -9.29456e-05
19.33 -8.04419e-05
19.34 -6.67013e-05
19.35 -5.23373e-05
19.36 -3.77465e-05
19.37 -2.29338e-05
19.38 -7.56484e-06
19.39 8.79466e-06
19.4 2.64275e-05
19.41 4.53629e-05
19.42 6.54333e-05
19.43 8.63801e-05
19.44 0.00010792
19.45 0.000129779
19.46 0.000151727
19.47 0.000173599
19.48 0.000195297
19.49 0.000216743
19.5 0.000237806
19.51 0.000258217
19.52 0.000277547
19.53 0.000295247
19.54 0.000310766
19.55 0.0003237
19.56 0.000333946
19.57 0.000341784
19.58 0.00034781
19.59 0.000352721
19.6 0.000357039
19.61 0.000360924
19.62 0.000364146
19.63 0.000366233
19.64 0.000366728
19.65 0.000365459
19.66 0.000362706
19.67 0.000359185
19.68 0.000355817
19.69 0.000353388
19.7 0.000352253
19.71 0.000352253
19.72 0.00035285
19.73 0.000353402
19.74 0.00035343
19.75 0.00035279
19.76 0.000351686
19.77 0.000350539
19.78 0.000349776
19.79 0.00034961
19.8 0.000349922
19.81 0.000350287
19.82 0.000350141
19.83 0.000348976
19.84 0.00034647
19.85 0.000342525
19.86 0.00033723
19.87 0.000330768
19.88 0.000323292
19.89 0.000314794
19.9 0.00030507
19.91 0.000293789
19.92 0.000280647
19.93 0.000265478
19.94 0.000248262
19.95 0.000229055
19.96 0.000207913
19.97 0.000184838
19.98 0.000159746
19.99 0.000132456
20 0.000102721
20.01 7.03617e-05
20.02 3.53982e-05
20.03 -1.87495e-06
20.04 -4.09482e-05
20.05 -8.12542e-05
20.06 -0.000122347
20.07 -0.000164018
20.08 -0.000206276
20.09 -0.000249207
20.1 -0.000292747
20.11 -0.000336503
20.12 -0.00037969
20.13 -0.000421231
20.14 -0.000459958
20.15 -0.00049483
20.16 -0.00052509
20.17 -0.000550325
20.18 -0.000570449
20.19 -0.000585638
20.2 -0.000596252
20.21 -0.000602737
20.22 -0.000605533
20.23 -0.00060503
20.24 -0.000601539
20.25 -0.000595286
20.26 -0.000586406
20.27 -0.000574982
20.28 -0.000561095
20.29 -0.000544858
20.3 -0.000526399
20.31 -0.00050585
20.32 -0.000483382
20.33 -0.000459263
20.34 -0.000433851
20.35 -0.000407477
20.36 -0.000380299
20.37 -0.000352262
20.38 -0.000323196
20.39 -0.000292986
20.4 -0.000261706
20.41 -0.000229624
20.42 -0.000197094
20.43 -0.000164413
20.44 -0.000131747
20.45 -9.91796e-05
20.46 -6.68246e-05
20.47 -3.48699e-05
20.48 -3.50522e-06
20.49 2.72014e-05
20.5 5.73362e-05
20.51 8.70136e-05
20.52 0.000116152
20.53 0.000144303
20.54 0.000170673
20.55 0.000194361
20.56 0.000214681
20.57 0.000231383
20.58 0.000244677
20.59 0.000255069
20.6 0.000263128
20.61 0.00026929
20.62 0.00027376
20.63 0.000276528
20.64 0.000277471
20.65 0.000276484
20.66 0.000273577
20.67 0.000268901
20.68 0.000262701
20.69 0.000255216
20.7 0.000246572
20.71 0.00023671
20.72 0.000225441
20.73 0.00021263
20.74 0.000198375
20.75 0.000183053
20.76 0.000167179
20.77 0.00015119
20.78 0.000135295
20.79 0.000119453
20.8 0.000103448
20.81 8.70032e-05
20.82 6.98747e-05
20.83 5.19432e-05
20.84 3.32775e-05
20.85 1.41541e-05
20.86 -4.98621e-06
20.87 -2.36424e-05
20.88 -4.13872e-05
20.89 -5.79878e-05
20.9 -7.347e-05
20.91 -8.81017e-05
20.92 -0.000102288
20.93 -0.000116397
20.94 -0.000130583
20.95 -0.000144678
20.96 -0.000158219
20.97 -0.000170624
20.98 -0.000181399
20.99 -0.000190288
21 -0.000197265
21.01 -0.000202426
21.02 -0.000205848
21.03 -0.000207532
21.04 -0.000207425
21.05 -0.000205453
21.06 -0.000201508
21.07 -0.000195413
21.08 -0.000186929
21.09 -0.000175827
21.1 -0.000161995
21.11 -0.000145503
21.12 -0.000126573
21.13 -0.000105446
21.14 -8.22303e-05
21.15 -5.68192e-05
21.16 -2.89538e-05
21.17 1.59579e-06
21.18 3.4846e-05
21.19 7.05103e-05
21.2 0.000108062
21.21 0.000146935
21.22 0.000186768
21.23 0.000227538
21.24 0.000269499
21.25 0.000312946
21.26 0.00035796
21.27 0.000404255
21.28 0.000451164
21.29 0.000497756
21.3 0.000543004
21.31 0.000585966
21.32 0.000625953
21.33 0.000662647
21.34 0.000696138
21.35 0.00072684
21.36 0.000755318
21.37 0.000782083
21.38 0.000807433
21.39 0.000831393
21.4 0.000853746
21.41 0.000874128
21.42 0.000892158
21.43 0.000907578
21.44 0.000920383
21.45 0.000930867
21.46 0.000939565
21.47 0.000947095
21.48 0.000953963
21.49 0.000960415
21.5 0.000966369
21.51 0.000971466
21.52 0.000975191
21.53 0.000977023
21.54 0.000976565
21.55 0.000973638
21.56 0.000968342
21.57 0.000961012
21.58 0.00095205
21.59 0.000941687
21.6 0.000929853
21.61 0.000916211
21.62 0.00090034
21.63 0.000881924
21.64 0.000860867
21.65 0.000837268
21.66 0.000811326
21.67 0.000783238
21.68 0.000753166
21.69 0.000721269
21.7 0.000687709
21.71 0.000652575
21.72 0.000615789
21.73 0.000577093
21.74 0.000536167
21.75 0.000492821
21.76 0.000447125
21.77 0.000399365
21.78 0.000349825
21.79 0.000298523
21.8 0.000245095
21.81 0.000188935
21.82 0.000129515
21.83 6.66639e-05
21.84 6.25884e-07
21.85 -6.81254e-05
21.86 -0.000139143
21.87 -0.000212174
21.88 -0.000287156
21.89 -0.000364087
21.9 -0.000442818
21.91 -0.000522847
21.92 -0.00060315
21.93 -0.000682098
21.94 -0.000757516
21.95 -0.000826907
21.96 -0.000887862
21.97 -0.000938589
21.98 -0.000978445
21.99 -0.00100827
22 -0.00103027
22.01 -0.00104742
22.02 -0.00106253
22.03 -0.0010774
22.04 -0.00109245
22.05 -0.00110687
22.06 -0.00111927
22.07 -0.00112841
22.08 -0.00113368
22.09 -0.0011353
22.1 -0.0011341
22.11 -0.00113111
22.12 -0.00112718
22.13 -0.00112268
22.14 -0.0011175
22.15 -0.00111117
22.16 -0.00110318
22.17 -0.00109326
22.18 -0.00108145
22.19 -0.00106812
22.2 -0.00105373
22.21 -0.00103861
22.22 -0.00102275
22.23 -0.00100577
22.24 -0.000987138
22.25 -0.000966417
22.26 -0.000943496
22.27 -0.000918624
22.28 -0.000892313
22.29 -0.000865162
22.3 -0.000837705
22.31 -0.000810279
22.32 -0.000782944
22.33 -0.000755485
22.34 -0.000727505
22.35 -0.000698584
22.36 -0.000668426
22.37 -0.000636917
22.38 -0.000604131
22.39 -0.000570283
22.4 -0.000535669
22.41 -0.000500599
22.42 -0.000465291
22.43 -0.000429787
22.44 -0.000393911
22.45 -0.000357369
22.46 -0.00031992
22.47 -0.000281538
22.48 -0.000242432
22.49 -0.000202916
22.5 -0.00016322
22.51 -0.000123397
22.52 -8.33927e-05
22.53 -4.32155e-05
22.54 -3.10324e-06
22.55 3.64377e-05
22.56 7.47452e-05
22.57 0.0001112
22.58 0.000145382
22.59 0.000177112
22.6 0.000206353
22.61 0.000233063
22.62 0.000257077
22.63 0.000278071
22.64 0.000295603
22.65 0.000309218
22.66 0.000318557
22.67 0.000323465
22.68 0.000324024
22.69 0.000320523
22.7 0.000313409
22.71 0.000303218
22.72 0.0002905
22.73 0.000275702
22.74 0.00025906
22.75 0.000240597
22.76 0.000220227
22.77 0.000197894
22.78 0.000173647
22.79 0.000147624
22.8 0.000120007
22.81 9.10234e-05
22.82 6.10043e-05
22.83 3.04157e-05
22.84 -2.06128e-07
22.85 -3.0405e-05
22.86 -5.99427e-05
22.87 -8.88169e-05
22.88 -0.000117124
22.89 -0.000144843
22.9 -0.000171677
22.91 -0.000197063
22.92 -0.000220349
22.93 -0.00024101
22.94 -0.000258762
22.95 -0.000273538
22.96 -0.000285396
22.97 -0.000294456
22.98 -0.000300887
22.99 -0.0003049
23 -0.0003067
23.01 -0.00030642
23.02 -0.00030408
23.03 -0.000299613
23.04 -0.000292947
23.05 -0.000284092
23.06 -0.000273186
23.07 -0.000260458
23.08 -0.000246128
23.09 -0.000230309
23.1 -0.000212983
23.11 -0.000194068
23.12 -0.000173541
23.13 -0.000151503
23.14 -0.000128151
23.15 -0.000103682
23.16 -7.82203e-05
23.17 -5.1818e-05
23.18 -2.45054e-05
23.19 3.68252e-06
23.2 3.27197e-05
23.21 6.2597e-05
23.22 9.32864e-05
23.23 0.000124687
23.24 0.000156605
23.25 0.000188806
23.26 0.000221085
23.27 0.000253326
23.28 0.000285494
23.29 0.000317565
23.3 0.000349427
23.31 0.000380797
23.32 0.000411223
23.33 0.000440208
23.34 0.000467386
23.35 0.000492652
23.36 0.000516156
23.37 0.000538182
23.38 0.000558986
23.39 0.000578688
23.4 0.000597241
23.41 0.000614451
23.42 0.000630049
23.43 0.0006438
23.44 0.000655619
23.45 0.00066563
23.46 0.000674136
23.47 0.000681508
23.48 0.000688028
23.49 0.000693787
23.5 0.000698688
23.51 0.000702534
23.52 0.000705118
23.53 0.00070625
23.54 0.000705751
23.55 0.00070347
23.56 0.000699321
23.57 0.000693301
23.58 0.000685465
23.59 0.000675878
23.6 0.000664596
23.61 0.000651672
23.62 0.000637153
23.63 0.000621057
23.64 0.000603381
23.65 0.00058415
23.66 0.00056349
23.67 0.000541617
23.68 0.000518732
23.69 0.000494882
23.7 0.000469885
23.71 0.000443432
23.72 0.000415273
23.73 0.00038537
23.74 0.000353865
23.75 0.000320916
23.76 0.000286563
23.77 0.000250727
23.78 0.000213318
23.79 0.000174311
23.8 0.000133747
23.81 9.16944e-05
23.82 4.82228e-05
23.83 3.40335e-06
23.84 -4.26754e-05
23.85 -8.98855e-05
23.86 -0.000138028
23.87 -0.000186818
23.88 -0.000235922
23.89 -0.000285007
23.9 -0.000333751
23.91 -0.00038178
23.92 -0.000428606
23.93 -0.000473672
23.94 -0.000516454
23.95 -0.000556558
23.96 -0.000593702
23.97 -0.00062762
23.98 -0.000657998
23.99 -0.000684501
24 -0.000706916
24.01 -0.000725306
24.02 -0.000740049
24.03 -0.000751719
24.04 -0.000760863
24.05 -0.000767815
24.06 -0.000772658
24.07 -0.000775316
24.08 -0.000775685
24.09 -0.000773698
24.1 -0.000769341
24.11 -0.000762639
24.12 -0.000753673
24.13 -0.000742587
24.14 -0.000729569
24.15 -0.000714759
24.16 -0.000698141
24.17 -0.000679489
24.18 -0.000658446
24.19 -0.000634707
24.2 -0.000608231
24.21 -0.000579318
24.22 -0.000548507
24.23 -0.000516341
24.24 -0.000483127
24.25 -0.000448816
24.26 -0.000413047
24.27 -0.000375336
24.28 -0.000335315
24.29 -0.000292917
24.3 -0.000248409
24.31 -0.000202269
24.32 -0.000154969
24.33 -0.00010677
24.34 -5.76333e-05
24.35 -7.27884e-06
24.36 4.46355e-05
24.37 9.83238e-05
24.38 0.000153764
24.39 0.000210681
24.4 0.00026858
24.41 0.000326779
24.42 0.000384442
24.43 0.000440616
24.44 0.00049429
24.45 0.000544478
24.46 0.000590302
24.47 0.000631078
24.48 0.000666375
24.49 0.000696088
24.5 0.000720495
24.51 0.000740248
24.52 0.000756238
24.53 0.000769364
24.54 0.000780264
24.55 0.000789163
24.56 0.000795898
24.57 0.000800119
24.58 0.000801525
24.59 0.000800035
24.6 0.000795827
24.61 0.000789278
24.62 0.000780834
24.63 0.000770875
24.64 0.000759627
24.65 0.00074711
24.66 0.000733157
24.67 0.000717484
24.68 0.000699804
24.69 0.000679927
24.7 0.000657816
24.71 0.000633583
24.72 0.000607444
24.73 0.000579622
24.74 0.000550263
24.75 0.000519389
24.76 0.00048694
24.77 0.000452843
24.78 0.00041709
24.79 0.000379738
24.8 0.000340859
24.81 0.000300463
24.82 0.000258492
24.83 0.000214882
24.84 0.000169644
24.85 0.000122895
24.86 7.4818e-05
24.87 2.5586e-05
24.88 -2.47285e-05
24.89 -7.61747e-05
24.9 -0.000128842
24.91 -0.000182715
24.92 -0.000237573
24.93 -0.000292998
24.94 -0.000348444
24.95 -0.000403294
24.96 -0.00045684
24.97 -0.00050824
24.98 -0.000556545
24.99 -0.000600828
25 -0.000640364
25.01 -0.000674781
25.02 -0.000704111
25.03 -0.000728747
25.04 -0.000749328
25.05 -0.000766605
25.06 -0.000781316
25.07 -0.000794051
25.08 -0.000805123
25.09 -0.000814495
25.1 -0.000821835
25.11 -0.000826714
25.12 -0.000828828
25.13 -0.000828147
25.14 -0.000824938
25.15 -0.000819646
25.16 -0.00081268
25.17 -0.000804187
25.18 -0.000793953
25.19 -0.00078151
25.2 -0.000766384
25.21 -0.000748338
25.22 -0.000727476
25.23 -0.000704185
25.24 -0.000678989
25.25 -0.000652363
25.26 -0.000624565
25.27 -0.000595533
25.28 -0.000564897
25.29 -0.00053212
25.3 -0.000496721
25.31 -0.000458476
25.32 -0.000417519
25.33 -0.000374258
25.34 -0.000329139
25.35 -0.0002824
25.36 -0.000233939
25.37 -0.000183368
25.38 -0.000130177
25.39 -7.39638e-05
25.4 -1.4608e-05
25.41 4.76803e-05
25.42 0.000112447
25.43 0.000179153
25.44 0.000247306
25.45 0.000316514
25.46 0.000386431
25.47 0.000456629
25.48 0.000526425
25.49 0.000594721
25.5 0.000659917
25.51 0.00072003
25.52 0.000773019
25.53 0.000817214
25.54 0.00085171
25.55 0.000876596
25.56 0.000892961
25.57 0.000902641
25.58 0.000907721
25.59 0.000909935
25.6 0.000910225
25.61 0.00090861
25.62 0.000904423
25.63 0.00089678
25.64 0.000885078
25.65 0.00086932
25.66 0.000850119
25.67 0.00082841
25.68 0.000805012
25.69 0.000780275
25.7 0.000754011
25.71 0.00072572
25.72 0.000694961
25.73 0.000661626
25.74 0.000625988
25.75 0.000588555
25.76 0.000549857
25.77 0.000510263
25.78 0.000469868
25.79 0.000428462
25.8 0.000385615
25.81 0.000340852
25.82 0.000293844
25.83 0.000244525
25.84 0.00019308
25.85 0.000139838
25.86 8.51618e-05
25.87 2.93818e-05
25.88 -2.72198e-05
25.89 -8.44399e-05
25.9 -0.000142197
25.91 -0.000200514
25.92 -0.000259395
25.93 -0.000318598
25.94 -0.000377455
25.95 -0.000434817
25.96 -0.000489171
25.97 -0.000538862
25.98 -0.000582363
25.99 -0.000618522
26 -0.000646767
26.01 -0.000667195
26.02 -0.00068052
26.03 -0.000687875
26.04 -0.000690533
26.05 -0.00068965
26.06 -0.000686089
26.07 -0.000680348
26.08 -0.000672587
26.09 -0.000662742
26.1 -0.000650684
26.11 -0.000636361
26.12 -0.000619836
26.13 -0.000601239
26.14 -0.000580701
26.15 -0.000558334
26.16 -0.000534231
26.17 -0.000508445
26.18 -0.000480977
26.19 -0.000451851
26.2 -0.000421253
26.21 -0.000389589
26.22 -0.00035738
26.23 -0.000325016
26.24 -0.000292545
26.25 -0.000259643
26.26 -0.000225797
26.27 -0.000190585
26.28 -0.000153888
26.29 -0.000115942
26.3 -7.72111e-05
26.31 -3.82003e-05
26.32 6.71861e-07
26.33 3.90986e-05
26.34 7.68468e-05
26.35 0.00011372
26.36 0.000149542
26.37 0.000184146
26.38 0.000217339
26.39 0.000248866
26.4 0.000278415
26.41 0.000305679
26.42 0.000330437
26.43 0.000352576
26.44 0.000372035
26.45 0.000388724
26.46 0.000402483
26.47 0.000413144
26.48 0.000420676
26.49 0.000425287
26.5 0.000427418
26.51 0.000427603
26.52 0.000426313
26.53 0.000423835
26.54 0.000420228
26.55 0.000415371
26.56 0.000409081
26.57 0.000401266
26.58 0.000392001
26.59 0.000381488
26.6 0.000369952
26.61 0.000357566
26.62 0.000344471
26.63 0.000330822
26.64 0.00031679
26.65 0.000302517
26.66 0.000288053
26.67 0.000273313
26.68 0.000258117
26.69 0.000242295
26.7 0.000225811
26.71 0.000208825
26.72 0.000191615
26.73 0.000174407
26.74 0.000157223
26.75 0.000139853
26.76 0.00012199
26.77 0.000103445
26.78 8.42849e-05
26.79 6.47805e-05
26.8 4.52309e-05
26.81 2.57995e-05
26.82 6.47061e-06
26.83 -1.28803e-05
26.84 -3.23873e-05
26.85 -5.21375e-05
26.86 -7.21682e-05
26.87 -9.24824e-05
26.88 -0.00011305
26.89 -0.000133795
26.9 -0.000154586
26.91 -0.000175238
26.92 -0.000195512
26.93 -0.000215138
26.94 -0.000233893
26.95 -0.000251711
26.96 -0.000268752
26.97 -0.000285326
26.98 -0.000301703
26.99 -0.00031792
27 -0.000333705
27.01 -0.000348561
27.02 -0.000361946
27.03 -0.000373466
27.04 -0.000382946
27.05 -0.000390433
27.06 -0.000396144
27.07 -0.000400416
27.08 -0.000403594
27.09 -0.00040589
27.1 -0.000407246
27.11 -0.000407326
27.12 -0.000405662
27.13 -0.000401887
27.14 -0.000395924
27.15 -0.000388029
27.16 -0.000378661
27.17 -0.00036827
27.18 -0.000357102
27.19 -0.000345139
27.2 -0.000332158
27.21 -0.000317877
27.22 -0.000302118
27.23 -0.00028493
27.24 -0.000266607
27.25 -0.000247547
27.26 -0.000228036
27.27 -0.000208097
27.28 -0.000187479
27.29 -0.000165786
27.3 -0.000142697
27.31 -0.000118168
27.32 -9.24999e-05
27.33 -6.62325e-05
27.34 -3.99059e-05
27.35 -1.38036e-05
27.36 1.21842e-05
27.37 3.84802e-05
27.38 6.55378e-05
27.39 9.35075e-05
27.4 0.000122068
27.41 0.000150539
27.42 0.000178179
27.43 0.000204472
27.44 0.000229248
27.45 0.000252635
27.46 0.000274904
27.47 0.000296293
27.48 0.000316904
27.49 0.000336662
27.5 0.000355333
27.51 0.000372558
27.52 0.000387946
27.53 0.00040124
27.54 0.000412447
27.55 0.000421829
27.56 0.000429741
27.57 0.000436451
27.58 0.000442052
27.59 0.000446471
27.6 0.000449548
27.61 0.000451131
27.62 0.000451161
27.63 0.000449719
27.64 0.000446989
27.65 0.00044318
27.66 0.000438442
27.67 0.000432815
27.68 0.000426197
27.69 0.00041837
27.7 0.000409112
27.71 0.000398386
27.72 0.00038645
27.73 0.000373747
27.74 0.00036064
27.75 0.000347185
27.76 0.000333121
27.77 0.000318051
27.78 0.00030168
27.79 0.000283941
27.8 0.000264969
27.81 0.000244997
27.82 0.000224263
27.83 0.000202965
27.84 0.00018123
27.85 0.000159081
27.86 0.000136428
27.87 0.000113105
27.88 8.89593e-05
27.89 6.39492e-05
27.9 3.81852e-05
27.91 1.18763e-05
27.92 -1.47866e-05
27.93 -4.1724e-05
27.94 -6.89607e-05
27.95 -9.65243e-05
27.96 -0.000124342
27.97 -0.000152238
27.98 -0.000180032
27.99 -0.000207626
28 -0.00023498
28.01 -0.000262012
28.02 -0.000288541
28.03 -0.000314349
28.04 -0.000339318
28.05 -0.000363472
28.06 -0.000386886
28.07 -0.000409532
28.08 -0.000431217
28.09 -0.000451634
28.1 -0.000470491
28.11 -0.000487624
28.12 -0.000503055
28.13 -0.000516968
28.14 -0.000529609
28.15 -0.000541139
28.16 -0.00055152
28.17 -0.000560515
28.18 -0.000567791
28.19 -0.000573074
28.2 -0.00057625
28.21 -0.000577392
28.22 -0.000576705
28.23 -0.000574422
28.24 -0.000570702
28.25 -0.000565563
28.26 -0.000558884
28.27 -0.000550488
28.28 -0.000540245
28.29 -0.000528141
28.3 -0.000514257
28.31 -0.000498704
28.32 -0.000481557
28.33 -0.000462836
28.34 -0.000442543
28.35 -0.000420708
28.36 -0.0003974
28.37 -0.000372689
28.38 -0.000346608
28.39 -0.000319133
28.4 -0.000290224
28.41 -0.000259867
28.42 -0.000228099
28.43 -0.000194996
28.44 -0.000160646
28.45 -0.000125122
28.46 -8.84942e-05
28.47 -5.08641e-05
28.48 -1.23812e-05
28.49 2.6791e-05
28.5 6.65391e-05
28.51 0.000106817
28.52 0.000147572
28.53 0.000188639
28.54 0.000229687
28.55 0.000270275
28.56 0.00030995
28.57 0.000348314
28.58 0.00038501
28.59 0.000419662
28.6 0.000451852
28.61 0.000481176
28.62 0.00050733
28.63 0.000530188
28.64 0.000549786
28.65 0.000566255
28.66 0.000579747
28.67 0.000590443
28.68 0.000598576
28.69 0.000604431
28.7 0.000608292
28.71 0.000610348
28.72 0.000610655
28.73 0.000609149
28.74 0.000605731
28.75 0.000600364
28.76 0.000593139
28.77 0.000584263
28.78 0.000573985
28.79 0.000562486
28.8 0.000549833
28.81 0.000535978
28.82 0.000520818
28.83 0.000504255
28.84 0.000486248
28.85 0.000466818
28.86 0.000446041
28.87 0.000424019
28.88 0.000400851
28.89 0.000376606
28.9 0.000351304
28.91 0.000324922
28.92 0.000297412
28.93 0.000268739
28.94 0.00023891
28.95 0.00020799
28.96 0.000176088
28.97 0.000143308
28.98 0.000109713
28.99 7.53147e-05
29 4.01074e-05
29.01 4.11994e-06
29.02 -3.255e-05
29.03 -6.97369e-05
29.04 -0.000107232
29.05 -0.000144813
29.06 -0.000182253
29.07 -0.000219327
29.08 -0.000255793
29.09 -0.000291391
29.1 -0.000325838
29.11 -0.00035883
29.12 -0.000390043
29.13 -0.000419151
29.14 -0.000445848
29.15 -0.000469883
29.16 -0.00049109
29.17 -0.000509401
29.18 -0.000524844
29.19 -0.000537531
29.2 -0.000547632
29.21 -0.000555347
29.22 -0.000560867
29.23 -0.000564347
29.24 -0.000565901
29.25 -0.000565605
29.26 -0.000563528
29.27 -0.000559756
29.28 -0.000554396
29.29 -0.000547564
29.3 -0.000539362
29.31 -0.000529855
29.32 -0.000519071
29.33 -0.000507027
29.34 -0.000493748
29.35 -0.000479279
29.36 -0.000463678
29.37 -0.00044699
29.38 -0.000429245
29.39 -0.000410459
29.4 -0.000390649
29.41 -0.000369835
29.42 -0.000348039
29.43 -0.00032528
29.44 -0.000301568
29.45 -0.000276918
29.46 -0.000251357
29.47 -0.000224932
29.48 -0.000197697
29.49 -0.000169705
29.5 -0.000141003
29.51 -0.000111627
29.52 -8.16183e-05
29.53 -5.10308e-05
29.54 -1.99347e-05
29.55 1.15815e-05
29.56 4.34133e-05
29.57 7.54415e-05
29.58 0.000107531
29.59 0.000139532
29.6 0.000171279
29.61 0.000202593
29.62 0.000233282
29.63 0.000263145
29.64 0.000291965
29.65 0.000319522
29.66 0.000345595
29.67 0.000369982
29.68 0.000392505
29.69 0.000413026
29.7 0.000431447
29.71 0.000447712
29.72 0.000461808
29.73 0.000473757
29.74 0.000483611
29.75 0.000491446
29.76 0.000497347
29.77 0.000501402
29.78 0.0005037
29.79 0.000504327
29.8 0.000503364
29.81 0.000500887
29.82 0.000496972
29.83 0.000491684
29.84 0.000485087
29.85 0.000477236
29.86 0.000468178
29.87 0.000457955
29.88 0.000446606
29.89 0.00043416
29.9 0.000420648
29.91 0.000406098
29.92 0.000390538
29.93 0.000373996
29.94 0.000356501
29.95 0.000338081
29.96 0.000318765
29.97 0.000298581
29.98 0.000277557
29.99 0.000255722
30 0.000233105
30.01 0.00020973
30.02 0.000185615
30.03 0.000160784
30.04 0.000135278
30.05 0.000109164
30.06 8.2523e-05
30.07 5.5437e-05
30.08 2.79762e-05
30.09 2.02412e-07
30.1 -2.78192e-05
30.11 -5.60072e-05
30.12 -8.42558e-05
30.13 -0.000112437
30.14 -0.000140405
30.15 -0.000168005
30.16 -0.000195077
30.17 -0.000221457
30.18 -0.000246979
30.19 -0.000271479
30.2 -0.000294796
30.21 -0.000316778
30.22 -0.000337278
30.23 -0.000356163
30.24 -0.000373321
30.25 -0.000388665
30.26 -0.000402145
30.27 -0.000413747
30.28 -0.000423485
30.29 -0.0004314
30.3 -0.000437544
30.31 -0.000441977
30.32 -0.000444761
30.33 -0.000445958
30.34 -0.00044563
30.35 -0.000443841
30.36 -0.000440654
30.37 -0.000436133
30.38 -0.000430342
30.39 -0.000423339
30.4 -0.000415177
30.41 -0.000405903
30.42 -0.000395554
30.43 -0.000384165
30.44 -0.000371766
30.45 -0.000358391
30.46 -0.000344071
30.47 -0.000328842
30.48 -0.00031274
30.49 -0.000295798
30.5 -0.000278049
30.51 -0.000259524
30.52 -0.000240254
30.53 -0.00022027
30.54 -0.000199606
30.55 -0.0001783
30.56 -0.000156392
30.57 -0.000133927
30.58 -0.000110955
30.59 -8.75264e-05
30.6 -6.36971e-05
30.61 -3.95275e-05
30.62 -1.50835e-05
30.63 9.56171e-06
30.64 3.43272e-05
30.65 5.91239e-05
30.66 8.38548e-05
30.67 0.000108416
30.68 0.000132697
30.69 0.000156583
30.7 0.000179952
30.71 0.000202681
30.72 0.000224641
30.73 0.000245704
30.74 0.000265744
30.75 0.00028464
30.76 0.00030228
30.77 0.000318566
30.78 0.000333417
30.79 0.000346769
30.8 0.000358579
30.81 0.000368825
30.82 0.0003775
30.83 0.000384614
30.84 0.00039019
30.85 0.000394261
30.86 0.000396865
30.87 0.000398048
30.88 0.000397856
30.89 0.000396339
30.9 0.000393545
30.91 0.000389524
30.92 0.000384322
30.93 0.000377987
30.94 0.00037056
30.95 0.000362083
30.96 0.000352595
30.97 0.000342132
30.98 0.000330728
30.99 0.000318418
31 0.000305235
31.01 0.00029121
31.02 0.000276377
31.03 0.000260768
31.04 0.000244416
31.05 0.000227356
31.06 0.000209623
31.07 0.000191252
31.08 0.000172283
31.09 0.000152756
31.1 0.000132711
31.11 0.000112196
31.12 9.12565e-05
31.13 6.9946e-05
31.14 4.83198e-05
31.15 2.6438e-05
31.16 4.36578e-06
31.17 -1.78267e-05
31.18 -4.0064e-05
31.19 -6.22653e-05
31.2 -8.43445e-05
31.21 -0.00010621
31.22 -0.000127768
31.23 -0.000148917
31.24 -0.000169555
31.25 -0.000189577
31.26 -0.000208879
31.27 -0.000227356
31.28 -0.000244908
31.29 -0.000261441
31.3 -0.000276867
31.31 -0.000291109
31.32 -0.000304102
31.33 -0.000315794
31.34 -0.000326148
31.35 -0.00033514
31.36 -0.000342759
31.37 -0.000349007
31.38 -0.000353897
31.39 -0.000357449
31.4 -0.00035969
31.41 -0.000360652
31.42 -0.000360372
31.43 -0.000358888
31.44 -0.000356238
31.45 -0.000352463
31.46 -0.000347601
31.47 -0.000341692
31.48 -0.000334773
31.49 -0.000326881
31.5 -0.000318051
31.51 -0.000308317
31.52 -0.000297713
31.53 -0.000286271
31.54 -0.000274023
31.55 -0.000261003
31.56 -0.000247243
31.57 -0.000232776
31.58 -0.000217638
31.59 -0.000201862
31.6 -0.000185485
31.61 -0.000168543
31.62 -0.000151075
31.63 -0.000133121
31.64 -0.000114724
31.65 -9.59281e-05
31.66 -7.67811e-05
31.67 -5.73339e-05
31.68 -3.76406e-05
31.69 -1.77589e-05
31.7 2.24984e-06
31.71 2.23204e-05
31.72 4.23837e-05
31.73 6.23667e-05
31.74 8.21927e-05
31.75 0.000101782
31.76 0.000121051
31.77 0.000139914
31.78 0.000158284
31.79 0.000176074
31.8 0.000193195
31.81 0.000209562
31.82 0.000225093
31.83 0.000239709
31.84 0.00025334
31.85 0.000265922
31.86 0.000277401
31.87 0.000287734
31.88 0.000296886
31.89 0.000304836
31.9 0.000311571
31.91 0.000317088
31.92 0.000321393
31.93 0.000324498
31.94 0.000326422
31.95 0.000327188
31.96 0.000326824
31.97 0.000325359
31.98 0.000322825
31.99 0.000319254
32 0.000314679
32.01 0.000309134
32.02 0.000302651
32.03 0.000295264
32.04 0.000287005
32.05 0.000277905
32.06 0.000267997
32.07 0.000257311
32.08 0.000245881
32.09 0.000233737
32.1 0.000220912
32.11 0.000207441
32.12 0.000193357
32.13 0.000178694
32.14 0.000163489
32.15 0.000147779
32.16 0.000131603
32.17 0.000115
32.18 9.80136e-05
32.19 8.06876e-05
32.2 6.30688e-05
32.21 4.52064e-05
32.22 2.71526e-05
32.23 8.96228e-06
32.24 -9.30669e-06
32.25 -2.75935e-05
32.26 -4.58343e-05
32.27 -6.39625e-05
32.28 -8.19089e-05
32.29 -9.96021e-05
32.3 -0.000116968
32.31 -0.000133933
32.32 -0.000150421
32.33 -0.000166356
32.34 -0.000181665
32.35 -0.000196274
32.36 -0.000210115
32.37 -0.000223123
32.38 -0.000235239
32.39 -0.000246409
32.4 -0.00025659
32.41 -0.000265743
32.42 -0.000273839
32.43 -0.000280858
32.44 -0.000286789
32.45 -0.000291625
32.46 -0.000295369
32.47 -0.000298029
32.48 -0.00029962
32.49 -0.000300158
32.5 -0.000299664
32.51 -0.000298163
32.52 -0.000295681
32.53 -0.000292245
32.54 -0.000287882
32.55 -0.000282623
32.56 -0.000276495
32.57 -0.00026953
32.58 -0.000261756
32.59 -0.000253204
32.6 -0.000243902
32.61 -0.000233882
32.62 -0.000223175
32.63 -0.000211812
32.64 -0.000199824
32.65 -0.000187244
32.66 -0.000174106
32.67 -0.000160445
32.68 -0.000146296
32.69 -0.000131694
32.7 -0.00011668
32.71 -0.000101291
32.72 -8.55705e-05
32.73 -6.95601e-05
32.74 -5.33054e-05
32.75 -3.68539e-05
32.76 -2.02552e-05
32.77 -3.56105e-06
32.78 1.31742e-05
32.79 2.98941e-05
32.8 4.65399e-05
32.81 6.3051e-05
32.82 7.93647e-05
32.83 9.54171e-05
32.84 0.000111143
32.85 0.000126476
32.86 0.000141351
32.87 0.000155701
32.88 0.000169464
32.89 0.000182577
32.9 0.000194981
32.91 0.000206621
32.92 0.000217447
32.93 0.000227415
32.94 0.000236485
32.95 0.000244627
32.96 0.000251814
32.97 0.000258028
32.98 0.000263257
32.99 0.000267496
33 0.000270745
33.01 0.00027301
33.02 0.0002743
33.03 0.000274629
33.04 0.000274013
33.05 0.000272473
33.06 0.000270031
33.07 0.000266708
33.08 0.000262531
33.09 0.000257523
33.1 0.000251712
33.11 0.000245125
33.12 0.000237788
33.13 0.000229729
33.14 0.000220976
33.15 0.00021156
33.16 0.000201508
33.17 0.000190852
33.18 0.000179621
33.19 0.000167849
33.2 0.000155567
33.21 0.000142809
33.22 0.00012961
33.23 0.000116005
33.24 0.000102032
33.25 8.77294e-05
33.26 7.3137e-05
33.27 5.82964e-05
33.28 4.32512e-05
33.29 2.80466e-05
33.3 1.27297e-05
33.31 -2.65054e-06
33.32 -1.80433e-05
33.33 -3.3396e-05
33.34 -4.86545e-05
33.35 -6.37631e-05
33.36 -7.86647e-05
33.37 -9.33015e-05
33.38 -0.000107615
33.39 -0.000121546
33.4 -0.000135037
33.41 -0.00014803
33.42 -0.000160469
33.43 -0.000172301
33.44 -0.000183473
33.45 -0.00019394
33.46 -0.000203658
33.47 -0.000212587
33.48 -0.000220696
33.49 -0.000227957
33.5 -0.000234346
33.51 -0.000239849
33.52 -0.000244453
33.53 -0.000248153
33.54 -0.000250949
33.55 -0.000252845
33.56 -0.000253847
33.57 -0.000253968
33.58 -0.00025322
33.59 -0.000251621
33.6 -0.00024919
33.61 -0.000245946
33.62 -0.000241911
33.63 -0.000237108
33.64 -0.000231562
33.65 -0.000225296
33.66 -0.000218336
33.67 -0.000210708
33.68 -0.000202439
33.69 -0.000193557
33.7 -0.000184089
33.71 -0.000174066
33.72 -0.000163517
33.73 -0.000152473
33.74 -0.000140965
33.75 -0.000129026
33.76 -0.000116689
33.77 -0.00010399
33.78 -9.09648e-05
33.79 -7.76497e-05
33.8 -6.40837e-05
33.81 -5.03068e-05
33.82 -3.63603e-05
33.83 -2.22873e-05
33.84 -8.1321e-06
33.85 6.05923e-06
33.86 2.02394e-05
33.87 3.43596e-05
33.88 4.837e-05
33.89 6.22196e-05
33.9 7.58567e-05
33.91 8.92289e-05
33.92 0.000102284
33.93 0.000114969
33.94 0.000127232
33.95 0.000139023
33.96 0.000150293
33.97 0.000160995
33.98 0.000171083
33.99 0.000180518
34 0.000189262
34.01 0.000197281
34.02 0.000204547
34.03 0.000211036
34.04 0.000216727
34.05 0.000221606
34.06 0.000225664
34.07 0.000228894
34.08 0.000231295
34.09 0.000232871
34.1 0.000233626
34.11 0.00023357
34.12 0.000232715
34.13 0.000231075
34.14 0.000228666
34.15 0.000225505
34.16 0.000221613
34.17 0.000217009
34.18 0.000211715
34.19 0.000205755
34.2 0.000199151
34.21 0.000191928
34.22 0.000184112
34.23 0.000175728
34.24 0.000166804
34.25 0.000157368
34.26 0.000147448
34.27 0.000137074
34.28 0.000126276
34.29 0.000115086
34.3 0.000103537
34.31 9.16613e-05
34.32 7.94943e-05
34.33 6.70715e-05
34.34 5.44301e-05
34.35 4.16083e-05
34.36 2.86456e-05
34.37 1.55828e-05
34.38 2.46197e-06
34.39 -1.06737e-05
34.4 -2.37799e-05
34.41 -3.68111e-05
34.42 -4.97212e-05
34.43 -6.24632e-05
34.44 -7.49897e-05
34.45 -8.72529e-05
34.46 -9.92053e-05
34.47 -0.0001108
34.48 -0.00012199
34.49 -0.00013273
34.5 -0.000142977
34.51 -0.00015269
34.52 -0.000161829
34.53 -0.000170358
34.54 -0.000178245
34.55 -0.000185461
34.56 -0.00019198
34.57 -0.00019778
34.58 -0.000202846
34.59 -0.000207165
34.6 -0.000210726
34.61 -0.000213525
34.62 -0.000215561
34.63 -0.000216836
34.64 -0.000217354
34.65 -0.000217124
34.66 -0.000216156
34.67 -0.000214462
34.68 -0.000212057
34.69 -0.000208957
34.7 -0.000205179
34.71 -0.000200742
34.72 -0.000195666
34.73 -0.000189974
34.74 -0.000183686
34.75 -0.000176825
34.76 -0.000169417
34.77 -0.000161486
34.78 -0.000153057
34.79 -0.000144158
34.8 -0.000134816
34.81 -0.000125059
34.82 -0.000114917
34.83 -0.000104419
34.84 -9.35982e-05
34.85 -8.24853e-05
34.86 -7.11139e-05
34.87 -5.95181e-05
34.88 -4.77334e-05
34.89 -3.57959e-05
34.9 -2.37432e-05
34.91 -1.16137e-05
34.92 5.53057e-07
34.93 1.27166e-05
34.94 2.48358e-05
34.95 3.68684e-05
34.96 4.87717e-05
34.97 6.05028e-05
34.98 7.20183e-05
34.99 8.32747e-05
35 9.42291e-05
35.01 0.000104839
35.02 0.000115063
35.03 0.00012486
35.04 0.000134191
35.05 0.000143021
35.06 0.000151315
35.07 0.00015904
35.08 0.000166168
35.09 0.000172673
35.1 0.000178534
35.11 0.00018373
35.12 0.000188249
35.13 0.000192076
35.14 0.000195206
35.15 0.000197632
35.16 0.000199354
35.17 0.000200373
35.18 0.000200693
35.19 0.000200321
35.2 0.000199266
35.21 0.000197538
35.22 0.000195152
35.23 0.000192121
35.24 0.000188462
35.25 0.000184192
35.26 0.000179329
35.27 0.000173893
35.28 0.000167906
35.29 0.000161388
35.3 0.000154364
35.31 0.000146855
35.32 0.000138888
35.33 0.000130487
35.34 0.000121679
35.35 0.000112491
35.36 0.000102952
35.37 9.30896e-05
35.38 8.29346e-05
35.39 7.25176e-05
35.4 6.18705e-05
35.41 5.1026e-05
35.42 4.00177e-05
35.43 2.88803e-05
35.44 1.76493e-05
35.45 6.36109e-06
35.46 -4.94709e-06
35.47 -1.62373e-05
35.48 -2.74708e-05
35.49 -3.86086e-05
35.5 -4.9611e-05
35.51 -6.04382e-05
35.52 -7.10505e-05
35.53 -8.14081e-05
35.54 -9.14719e-05
35.55 -0.000101203
35.56 -0.000110565
35.57 -0.00011952
35.58 -0.000128035
35.59 -0.000136076
35.6 -0.000143613
35.61 -0.000150618
35.62 -0.000157065
35.63 -0.000162932
35.64 -0.000168199
35.65 -0.00017285
35.66 -0.000176871
35.67 -0.000180252
35.68 -0.000182987
35.69 -0.00018507
35.7 -0.000186501
35.71 -0.000187281
35.72 -0.000187413
35.73 -0.000186905
35.74 -0.000185764
35.75 -0.000184
35.76 -0.000181625
35.77 -0.000178652
35.78 -0.000175097
35.79 -0.000170976
35.8 -0.000166306
35.81 -0.000161105
35.82 -0.000155393
35.83 -0.000149192
35.84 -0.000142522
35.85 -0.000135406
35.86 -0.000127868
35.87 -0.000119931
35.88 -0.000111622
35.89 -0.000102966
35.9 -9.39902e-05
35.91 -8.4722e-05
35.92 -7.51901e-05
35.93 -6.54241e-05
35.94 -5.54543e-05
35.95 -4.53116e-05
35.96 -3.50282e-05
35.97 -2.46368e-05
35.98 -1.41709e-05
35.99 -3.66473e-06
36 6.84671e-06
36.01 1.73279e-05
36.02 2.77429e-05
36.03 3.80554e-05
36.04 4.82288e-05
36.05 5.82263e-05
36.06 6.80116e-05
36.07 7.75483e-05
36.08 8.68008e-05
36.09 9.57342e-05
36.1 0.000104315
36.11 0.000112509
36.12 0.000120287
36.13 0.000127619
36.14 0.000134478
36.15 0.000140838
36.16 0.000146678
36.17 0.000151976
36.18 0.000156716
36.19 0.000160883
36.2 0.000164465
36.21 0.000167453
36.22 0.000169842
36.23 0.000171626
36.24 0.000172805
36.25 0.000173381
36.26 0.000173356
36.27 0.000172736
36.28 0.00017153
36.29 0.000169745
36.3 0.000167392
36.31 0.000164486
36.32 0.000161038
36.33 0.000157064
36.34 0.000152581
36.35 0.000147606
36.36 0.000142158
36.37 0.000136256
36.38 0.000129921
36.39 0.000123173
36.4 0.000116037
36.41 0.000108534
36.42 0.000100688
36.43 9.25257e-05
36.44 8.40715e-05
36.45 7.5352e-05
36.46 6.63948e-05
36.47 5.72279e-05
36.48 4.78801e-05
36.49 3.83812e-05
36.5 2.87614e-05
36.51 1.90519e-05
36.52 9.28434e-06
36.53 -5.08934e-07
36.54 -1.02951e-05
36.55 -2.00408e-05
36.56 -2.97126e-05
36.57 -3.92764e-05
36.58 -4.86985e-05
36.59 -5.79449e-05
36.6 -6.69821e-05
36.61 -7.57767e-05
36.62 -8.42963e-05
36.63 -9.2509e-05
36.64 -0.000100384
36.65 -0.000107892
36.66 -0.000115005
36.67 -0.000121697
36.68 -0.000127943
36.69 -0.000133721
36.7 -0.000139011
36.71 -0.000143794
36.72 -0.000148057
36.73 -0.000151784
36.74 -0.000154968
36.75 -0.000157598
36.76 -0.000159671
36.77 -0.000161181
36.78 -0.00016213
36.79 -0.000162518
36.8 -0.000162348
36.81 -0.000161625
36.82 -0.000160357
36.83 -0.000158551
36.84 -0.00015622
36.85 -0.000153373
36.86 -0.000150024
36.87 -0.000146187
36.88 -0.000141879
36.89 -0.000137114
36.9 -0.000131911
36.91 -0.000126289
36.92 -0.000120266
36.93 -0.000113864
36.94 -0.000107104
36.95 -0.000100007
36.96 -9.2597e-05
36.97 -8.48975e-05
36.98 -7.6933e-05
36.99 -6.87288e-05
37 -6.03109e-05
37.01 -5.17061e-05
37.02 -4.29417e-05
37.03 -3.40459e-05
37.04 -2.50474e-05
37.05 -1.59756e-05
37.06 -6.86042e-06
37.07 2.26787e-06
37.08 1.13785e-05
37.09 2.04402e-05
37.1 2.94219e-05
37.11 3.82921e-05
37.12 4.70193e-05
37.13 5.55724e-05
37.14 6.39204e-05
37.15 7.2033e-05
37.16 7.98803e-05
37.17 8.74334e-05
37.18 9.46646e-05
37.19 0.000101547
37.2 0.000108056
37.21 0.000114167
37.22 0.000119858
37.23 0.000125111
37.24 0.000129906
37.25 0.000134227
37.26 0.000138062
37.27 0.000141398
37.28 0.000144226
37.29 0.00014654
37.3 0.000148334
37.31 0.000149606
37.32 0.000150355
37.33 0.000150581
37.34 0.00015029
37.35 0.000149484
37.36 0.000148171
37.37 0.000146359
37.38 0.000144058
37.39 0.000141278
37.4 0.000138031
37.41 0.000134332
37.42 0.000130194
37.43 0.000125633
37.44 0.000120667
37.45 0.000115311
37.46 0.000109586
37.47 0.000103511
37.48 9.71047e-05
37.49 9.03898e-05
37.5 8.33876e-05
37.51 7.61208e-05
37.52 6.86128e-05
37.53 6.08877e-05
37.54 5.29703e-05
37.55 4.4886e-05
37.56 3.66609e-05
37.57 2.83217e-05
37.58 1.98957e-05
37.59 1.14106e-05
37.6 2.89459e-06
37.61 -5.62374e-06
37.62 -1.41155e-05
37.63 -2.25515e-05
37.64 -3.09026e-05
37.65 -3.91395e-05
37.66 -4.72331e-05
37.67 -5.51545e-05
37.68 -6.28752e-05
37.69 -7.03673e-05
37.7 -7.76034e-05
37.71 -8.45573e-05
37.72 -9.12036e-05
37.73 -9.75181e-05
37.74 -0.000103478
37.75 -0.000109062
37.76 -0.00011425
37.77 -0.000119025
37.78 -0.00012337
37.79 -0.000127272
37.8 -0.000130717
37.81 -0.000133696
37.82 -0.000136201
37.83 -0.000138226
37.84 -0.000139765
37.85 -0.000140818
37.86 -0.000141384
37.87 -0.000141463
37.88 -0.00014106
37.89 -0.000140179
37.9 -0.000138825
37.91 -0.000137008
37.92 -0.000134735
37.93 -0.000132018
37.94 -0.000128867
37.95 -0.000125296
37.96 -0.000121319
37.97 -0.00011695
37.98 -0.000112205
37.99 -0.000107101
38 -0.000101656
38.01 -9.58875e-05
38.02 -8.98158e-05
38.03 -8.34606e-05
38.04 -7.68429e-05
38.05 -6.99841e-05
38.06 -6.29066e-05
38.07 -5.56332e-05
38.08 -4.81875e-05
38.09 -4.05937e-05
38.1 -3.28765e-05
38.11 -2.50611e-05
38.12 -1.71733e-05
38.13 -9.23915e-06
38.14 -1.28528e-06
38.15 6.66152e-06
38.16 1.45742e-05
38.17 2.24257e-05
38.18 3.01886e-05
38.19 3.78359e-05
38.2 4.53407e-05
38.21 5.26762e-05
38.22 5.98162e-05
38.23 6.67351e-05
38.24 7.3408e-05
38.25 7.98107e-05
38.26 8.59203e-05
38.27 9.17148e-05
38.28 9.71735e-05
38.29 0.000102277
38.3 0.000107008
38.31 0.000111351
38.32 0.000115289
38.33 0.000118812
38.34 0.000121908
38.35 0.000124569
38.36 0.000126786
38.37 0.000128554
38.38 0.00012987
38.39 0.000130732
38.4 0.00013114
38.41 0.000131095
38.42 0.0001306
38.43 0.00012966
38.44 0.00012828
38.45 0.000126468
38.46 0.000124233
38.47 0.000121584
38.48 0.000118533
38.49 0.000115091
38.5 0.000111271
38.51 0.000107089
38.52 0.000102557
38.53 9.76941e-05
38.54 9.25153e-05
38.55 8.70387e-05
38.56 8.12826e-05
38.57 7.52663e-05
38.58 6.90094e-05
38.59 6.25326e-05
38.6 5.58571e-05
38.61 4.90047e-05
38.62 4.19978e-05
38.63 3.48595e-05
38.64 2.76131e-05
38.65 2.02826e-05
38.66 1.28923e-05
38.67 5.46676e-06
38.68 -1.96887e-06
38.69 -9.38944e-06
38.7 -1.67696e-05
38.71 -2.40838e-05
38.72 -3.13069e-05
38.73 -3.84134e-05
38.74 -4.53785e-05
38.75 -5.21774e-05
38.76 -5.8786e-05
38.77 -6.51807e-05
38.78 -7.13386e-05
38.79 -7.72377e-05
38.8 -8.28569e-05
38.81 -8.81764e-05
38.82 -9.31774e-05
38.83 -9.78425e-05
38.84 -0.000102156
38.85 -0.000106103
38.86 -0.00010967
38.87 -0.000112847
38.88 -0.000115624
38.89 -0.000117992
38.9 -0.000119945
38.91 -0.000121479
38.92 -0.000122591
38.93 -0.000123278
38.94 -0.000123542
38.95 -0.000123383
38.96 -0.000122805
38.97 -0.000121811
38.98 -0.000120409
38.99 -0.000118605
39 -0.000116406
39.01 -0.000113823
39.02 -0.000110866
39.03 -0.000107547
39.04 -0.000103878
39.05 -9.98716e-05
39.06 -9.55435e-05
39.07 -9.09084e-05
39.08 -8.59823e-05
39.09 -8.0782e-05
39.1 -7.53251e-05
39.11 -6.96297e-05
39.12 -6.37149e-05
39.13 -5.76001e-05
39.14 -5.13055e-05
39.15 -4.48518e-05
39.16 -3.82602e-05
39.17 -3.15525e-05
39.18 -2.47509e-05
39.19 -1.78779e-05
39.2 -1.09565e-05
39.21 -4.0099e-06
39.22 2.93843e-06
39.23 9.86485e-06
39.24 1.67457e-05
39.25 2.35572e-05
39.26 3.02758e-05
39.27 3.6878e-05
39.28 4.33407e-05
39.29 4.96411e-05
39.3 5.5757e-05
39.31 6.16666e-05
39.32 6.7349e-05
39.33 7.27841e-05
39.34 7.79527e-05
39.35 8.28367e-05
39.36 8.74191e-05
39.37 9.16841e-05
39.38 9.56172e-05
39.39 9.92055e-05
39.4 0.000102437
39.41 0.000105302
39.42 0.000107792
39.43 0.000109899
39.44 0.000111617
39.45 0.000112944
39.46 0.000113875
39.47 0.000114411
39.48 0.00011455
39.49 0.000114296
39.5 0.00011365
39.51 0.000112617
39.52 0.000111203
39.53 0.000109415
39.54 0.00010726
39.55 0.000104747
39.56 0.000101886
39.57 9.86884e-05
39.58 9.51659e-05
39.59 9.13313e-05
39.6 8.71984e-05
39.61 8.27815e-05
39.62 7.8096e-05
39.63 7.31578e-05
39.64 6.79837e-05
39.65 6.2591e-05
39.66 5.69977e-05
39.67 5.12225e-05
39.68 4.52844e-05
39.69 3.92031e-05
39.7 3.29989e-05
39.71 2.66923e-05
39.72 2.03043e-05
39.73 1.38564e-05
39.74 7.37005e-06
39.75 8.67258e-07
39.76 -5.62995e-06
39.77 -1.20994e-05
39.78 -1.85189e-05
39.79 -2.48663e-05
39.8 -3.11197e-05
39.81 -3.72571e-05
39.82 -4.32572e-05
39.83 -4.90988e-05
39.84 -5.47615e-05
39.85 -6.02253e-05
39.86 -6.54709e-05
39.87 -7.04799e-05
39.88 -7.52349e-05
39.89 -7.97193e-05
39.9 -8.39176e-05
39.91 -8.78156e-05
39.92 -9.14002e-05
39.93 -9.46596e-05
39.94 -9.75834e-05
39.95 -0.000100162
39.96 -0.000102389
39.97 -0.000104257
39.98 -0.000105761
39.99 -0.000106897
40 -0.000107664
40.01 -0.000108061
40.02 -0.000108089
40.03 -0.000107748
40.04 -0.000107042
40.05 -0.000105975
40.06 -0.000104554
40.07 -0.000102783
40.08 -0.000100671
40.09 -9.82262e-05
40.1 -9.54585e-05
40.11 -9.23781e-05
40.12 -8.89965e-05
40.13 -8.53259e-05
40.14 -8.13794e-05
40.15 -7.71707e-05
40.16 -7.27144e-05
40.17 -6.80258e-05
40.18 -6.31207e-05
40.19 -5.80157e-05
40.2 -5.27279e-05
40.21 -4.72749e-05
40.22 -4.1675e-05
40.23 -3.59468e-05
40.24 -3.01093e-05
40.25 -2.41822e-05
40.26 -1.81852e-05
40.27 -1.21385e-05
40.28 -6.06245e-06
40.29 2.24139e-08
40.3 6.09538e-06
40.31 1.21357e-05
40.32 1.81227e-05
40.33 2.40356e-05
40.34 2.98541e-05
40.35 3.55578e-05
40.36 4.1127e-05
40.37 4.65421e-05
40.38 5.17843e-05
40.39 5.68351e-05
40.4 6.16769e-05
40.41 6.62929e-05
40.42 7.06671e-05
40.43 7.47844e-05
40.44 7.86308e-05
40.45 8.21932e-05
40.46 8.546e-05
40.47 8.84203e-05
40.48 9.10648e-05
40.49 9.33853e-05
40.5 9.53749e-05
40.51 9.7028e-05
40.52 9.83403e-05
40.53 9.93086e-05
40.54 9.99313e-05
40.55 0.000100208
40.56 0.000100139
40.57 9.97258e-05
40.58 9.89723e-05
40.59 9.78823e-05
40.6 9.64609e-05
40.61 9.47146e-05
40.62 9.26505e-05
40.63 9.02768e-05
40.64 8.76027e-05
40.65 8.46383e-05
40.66 8.13943e-05
40.67 7.78826e-05
40.68 7.41154e-05
40.69 7.01061e-05
40.7 6.58684e-05
40.71 6.14168e-05
40.72 5.67666e-05
40.73 5.19334e-05
40.74 4.69335e-05
40.75 4.17838e-05
40.76 3.65014e-05
40.77 3.11041e-05
40.78 2.56099e-05
40.79 2.00374e-05
40.8 1.44053e-05
40.81 8.73251e-06
40.82 3.0383e-06
40.83 -2.658e-06
40.84 -8.33697e-06
40.85 -1.39792e-05
40.86 -1.95652e-05
40.87 -2.50759e-05
40.88 -3.0492e-05
40.89 -3.5795e-05
40.9 -4.09662e-05
40.91 -4.59877e-05
40.92 -5.0842e-05
40.93 -5.55123e-05
40.94 -5.99823e-05
40.95 -6.42366e-05
40.96 -6.82605e-05
40.97 -7.20403e-05
40.98 -7.55633e-05
40.99 -7.88175e-05
41 -8.17924e-05
41.01 -8.44782e-05
41.02 -8.68666e-05
41.03 -8.89503e-05
41.04 -9.07229e-05
41.05 -9.21797e-05
41.06 -9.33167e-05
41.07 -9.41315e-05
41.08 -9.46227e-05
41.09 -9.479e-05
41.1 -9.46342e-05
41.11 -9.41573e-05
41.12 -9.33624e-05
41.13 -9.22535e-05
41.14 -9.08358e-05
41.15 -8.91153e-05
41.16 -8.70991e-05
41.17 -8.4795e-05
41.18 -8.22119e-05
41.19 -7.93593e-05
41.2 -7.62477e-05
41.21 -7.28882e-05
41.22 -6.92927e-05
41.23 -6.54737e-05
41.24 -6.14445e-05
41.25 -5.72189e-05
41.26 -5.28114e-05
41.27 -4.82368e-05
41.28 -4.35106e-05
41.29 -3.86489e-05
41.3 -3.36678e-05
41.31 -2.85843e-05
41.32 -2.34153e-05
41.33 -1.81784e-05
41.34 -1.28911e-05
41.35 -7.57149e-06
41.36 -2.23749e-06
41.37 3.09273e-06
41.38 8.40097e-06
41.39 1.36691e-05
41.4 1.88789e-05
41.41 2.40126e-05
41.42 2.90524e-05
41.43 3.39809e-05
41.44 3.8781e-05
41.45 4.34361e-05
41.46 4.79301e-05
41.47 5.22474e-05
41.48 5.63732e-05
41.49 6.02932e-05
41.5 6.39941e-05
41.51 6.74633e-05
41.52 7.06893e-05
41.53 7.36612e-05
41.54 7.63694e-05
41.55 7.88052e-05
41.56 8.0961e-05
41.57 8.28301e-05
41.58 8.44072e-05
41.59 8.56877e-05
41.6 8.66686e-05
41.61 8.73475e-05
41.62 8.77233e-05
41.63 8.7796e-05
41.64 8.75667e-05
41.65 8.70373e-05
41.66 8.6211e-05
41.67 8.50917e-05
41.68 8.36843e-05
41.69 8.19948e-05
41.7 8.003e-05
41.71 7.77973e-05
41.72 7.53053e-05
41.73 7.25631e-05
41.74 6.95807e-05
41.75 6.63687e-05
41.76 6.29385e-05
41.77 5.9302e-05
41.78 5.54719e-05
41.79 5.14613e-05
41.8 4.72839e-05
41.81 4.2954e-05
41.82 3.84862e-05
41.83 3.38957e-05
41.84 2.91979e-05
41.85 2.44089e-05
41.86 1.95446e-05
41.87 1.46217e-05
41.88 9.65681e-06
41.89 4.66674e-06
41.9 -3.31506e-07
41.91 -5.32089e-06
41.92 -1.02844e-05
41.93 -1.52049e-05
41.94 -2.00656e-05
41.95 -2.48498e-05
41.96 -2.95409e-05
41.97 -3.41228e-05
41.98 -3.85797e-05
41.99 -4.28961e-05
42 -4.70572e-05
42.01 -5.10486e-05
42.02 -5.48568e-05
42.03 -5.84686e-05
42.04 -6.18718e-05
42.05 -6.50551e-05
42.06 -6.80076e-05
42.07 -7.07198e-05
42.08 -7.31829e-05
42.09 -7.53889e-05
42.1 -7.7331e-05
42.11 -7.90034e-05
42.12 -8.04012e-05
42.13 -8.15206e-05
42.14 -8.23586e-05
42.15 -8.29136e-05
42.16 -8.31848e-05
42.17 -8.31722e-05
42.18 -8.28771e-05
42.19 -8.23017e-05
42.2 -8.14489e-05
42.21 -8.03228e-05
42.22 -7.89282e-05
42.23 -7.72708e-05
42.24 -7.53572e-05
42.25 -7.31946e-05
42.26 -7.07912e-05
42.27 -6.81557e-05
42.28 -6.52978e-05
42.29 -6.22275e-05
42.3 -5.89558e-05
42.31 -5.5494e-05
42.32 -5.18541e-05
42.33 -4.80487e-05
42.34 -4.40908e-05
42.35 -3.9994e-05
42.36 -3.57721e-05
42.37 -3.14395e-05
42.38 -2.70109e-05
42.39 -2.25013e-05
42.4 -1.7926e-05
42.41 -1.33005e-05
42.42 -8.64045e-06
42.43 -3.96178e-06
42.44 7.1961e-07
42.45 5.38774e-06
42.46 1.00267e-05
42.47 1.46205e-05
42.48 1.91535e-05
42.49 2.361e-05
42.5 2.79748e-05
42.51 3.22328e-05
42.52 3.63695e-05
42.53 4.03705e-05
42.54 4.42221e-05
42.55 4.79112e-05
42.56 5.14252e-05
42.57 5.47522e-05
42.58 5.78809e-05
42.59 6.08008e-05
42.6 6.35023e-05
42.61 6.59766e-05
42.62 6.82156e-05
42.63 7.02123e-05
42.64 7.19605e-05
42.65 7.34549e-05
42.66 7.46912e-05
42.67 7.56661e-05
42.68 7.63771e-05
42.69 7.68227e-05
42.7 7.70024e-05
42.71 7.69165e-05
42.72 7.65665e-05
42.73 7.59543e-05
42.74 7.50832e-05
42.75 7.39569e-05
42.76 7.25802e-05
42.77 7.09587e-05
42.78 6.90987e-05
42.79 6.70071e-05
42.8 6.46918e-05
42.81 6.21612e-05
42.82 5.94243e-05
42.83 5.64911e-05
42.84 5.33717e-05
42.85 5.00771e-05
42.86 4.66188e-05
42.87 4.30085e-05
42.88 3.92588e-05
42.89 3.53825e-05
42.9 3.13928e-05
42.91 2.73032e-05
42.92 2.31278e-05
42.93 1.88807e-05
42.94 1.45763e-05
42.95 1.02293e-05
42.96 5.85446e-06
42.97 1.46672e-06
42.98 -2.91897e-06
42.99 -7.28761e-06
43 -1.16243e-05
43.01 -1.59141e-05
43.02 -2.01424e-05
43.03 -2.42947e-05
43.04 -2.83566e-05
43.05 -3.23143e-05
43.06 -3.61542e-05
43.07 -3.98631e-05
43.08 -4.34284e-05
43.09 -4.68378e-05
43.1 -5.00799e-05
43.11 -5.31437e-05
43.12 -5.60189e-05
43.13 -5.8696e-05
43.14 -6.1166e-05
43.15 -6.34211e-05
43.16 -6.54538e-05
43.17 -6.7258e-05
43.18 -6.88279e-05
43.19 -7.0159e-05
43.2 -7.12474e-05
43.21 -7.20901e-05
43.22 -7.26852e-05
43.23 -7.30315e-05
43.24 -7.31286e-05
43.25 -7.29772e-05
43.26 -7.25786e-05
43.27 -7.19351e-05
43.28 -7.10498e-05
43.29 -6.99264e-05
43.3 -6.85697e-05
43.31 -6.69849e-05
43.32 -6.51782e-05
43.33 -6.31565e-05
43.34 -6.0927e-05
43.35 -5.8498e-05
43.36 -5.58782e-05
43.37 -5.30768e-05
43.38 -5.01038e-05
43.39 -4.69695e-05
43.4 -4.36848e-05
43.41 -4.0261e-05
43.42 -3.671e-05
43.43 -3.30439e-05
43.44 -2.92752e-05
43.45 -2.54168e-05
43.46 -2.14819e-05
43.47 -1.74838e-05
43.48 -1.34363e-05
43.49 -9.35292e-06
43.5 -5.24777e-06
43.51 -1.13479e-06
43.52 2.97197e-06
43.53 7.0585e-06
43.54 1.11108e-05
43.55 1.51151e-05
43.56 1.90575e-05
43.57 2.29247e-05
43.58 2.67033e-05
43.59 3.03805e-05
43.6 3.39437e-05
43.61 3.73807e-05
43.62 4.06798e-05
43.63 4.38298e-05
43.64 4.68201e-05
43.65 4.96406e-05
43.66 5.2282e-05
43.67 5.47354e-05
43.68 5.69928e-05
43.69 5.9047e-05
43.7 6.08913e-05
43.71 6.252e-05
43.72 6.39281e-05
43.73 6.51114e-05
43.74 6.60666e-05
43.75 6.67911e-05
43.76 6.72831e-05
43.77 6.75419e-05
43.78 6.75672e-05
43.79 6.73599e-05
43.8 6.69214e-05
43.81 6.62539e-05
43.82 6.53606e-05
43.83 6.42452e-05
43.84 6.29122e-05
43.85 6.13669e-05
43.86 5.9615e-05
43.87 5.76632e-05
43.88 5.55186e-05
43.89 5.3189e-05
43.9 5.06827e-05
43.91 4.80086e-05
43.92 4.51761e-05
43.93 4.21952e-05
43.94 3.90761e-05
43.95 3.58297e-05
43.96 3.24672e-05
43.97 2.9e-05
43.98 2.54402e-05
43.99 2.17998e-05
44 1.80913e-05
44.01 1.43274e-05
44.02 1.05209e-05
44.03 6.68476e-06
44.04 2.83214e-06
44.05 -1.02382e-06
44.06 -4.86996e-06
44.07 -8.69314e-06
44.08 -1.24803e-05
44.09 -1.62184e-05
44.1 -1.98948e-05
44.11 -2.34968e-05
44.12 -2.70122e-05
44.13 -3.04289e-05
44.14 -3.37353e-05
44.15 -3.69202e-05
44.16 -3.99726e-05
44.17 -4.28824e-05
44.18 -4.56397e-05
44.19 -4.82354e-05
44.2 -5.06606e-05
44.21 -5.29076e-05
44.22 -5.49689e-05
44.23 -5.6838e-05
44.24 -5.85088e-05
44.25 -5.99762e-05
44.26 -6.12357e-05
44.27 -6.22836e-05
44.28 -6.3117e-05
44.29 -6.37336e-05
44.3 -6.41321e-05
44.31 -6.43118e-05
44.32 -6.42728e-05
44.33 -6.4016e-05
44.34 -6.3543e-05
44.35 -6.28561e-05
44.36 -6.19582e-05
44.37 -6.08533e-05
44.38 -5.95456e-05
44.39 -5.80402e-05
44.4 -5.63428e-05
44.41 -5.44597e-05
44.42 -5.23978e-05
44.43 -5.01645e-05
44.44 -4.77678e-05
44.45 -4.52162e-05
44.46 -4.25187e-05
44.47 -3.96848e-05
44.48 -3.67241e-05
44.49 -3.36471e-05
44.5 -3.04644e-05
44.51 -2.71868e-05
44.52 -2.38256e-05
44.53 -2.03924e-05
44.54 -1.68989e-05
44.55 -1.3357e-05
44.56 -9.77882e-06
44.57 -6.17659e-06
44.58 -2.56261e-06
44.59 1.05078e-06
44.6 4.65124e-06
44.61 8.22648e-06
44.62 1.17643e-05
44.63 1.52525e-05
44.64 1.86794e-05
44.65 2.20331e-05
44.66 2.53022e-05
44.67 2.84757e-05
44.68 3.15426e-05
44.69 3.44927e-05
44.7 3.73159e-05
44.71 4.00028e-05
44.72 4.25443e-05
44.73 4.49319e-05
44.74 4.71578e-05
44.75 4.92147e-05
44.76 5.10958e-05
44.77 5.27952e-05
44.78 5.43074e-05
44.79 5.56278e-05
44.8 5.67524e-05
44.81 5.76778e-05
44.82 5.84016e-05
44.83 5.89218e-05
44.84 5.92373e-05
44.85 5.93477e-05
44.86 5.92532e-05
44.87 5.89548e-05
44.88 5.84542e-05
44.89 5.77537e-05
44.9 5.68563e-05
44.91 5.57656e-05
44.92 5.44861e-05
44.93 5.30224e-05
44.94 5.13803e-05
44.95 4.95656e-05
44.96 4.7585e-05
44.97 4.54457e-05
44.98 4.31552e-05
44.99 4.07217e-05
45 3.81538e-05
45.01 3.54604e-05
45.02 3.26509e-05
45.03 2.9735e-05
45.04 2.67228e-05
45.05 2.36247e-05
45.06 2.04513e-05
45.07 1.72136e-05
45.08 1.39225e-05
45.09 1.05894e-05
45.1 7.22573e-06
45.11 3.84291e-06
45.12 4.5252e-07
45.13 -2.93384e-06
45.14 -6.3046e-06
45.15 -9.64826e-06
45.16 -1.29534e-05
45.17 -1.62087e-05
45.18 -1.94031e-05
45.19 -2.25257e-05
45.2 -2.55659e-05
45.21 -2.85133e-05
45.22 -3.13579e-05
45.23 -3.40902e-05
45.24 -3.67009e-05
45.25 -3.91812e-05
45.26 -4.15229e-05
45.27 -4.37182e-05
45.28 -4.57598e-05
45.29 -4.76411e-05
45.3 -4.93561e-05
45.31 -5.08991e-05
45.32 -5.22654e-05
45.33 -5.34507e-05
45.34 -5.44515e-05
45.35 -5.52649e-05
45.36 -5.58887e-05
45.37 -5.63212e-05
45.38 -5.65616e-05
45.39 -5.66097e-05
45.4 -5.64659e-05
45.41 -5.61312e-05
45.42 -5.56074e-05
45.43 -5.48969e-05
45.44 -5.40026e-05
45.45 -5.29282e-05
45.46 -5.16778e-05
45.47 -5.02561e-05
45.48 -4.86686e-05
45.49 -4.69209e-05
45.5 -4.50195e-05
45.51 -4.29711e-05
45.52 -4.07831e-05
45.53 -3.84633e-05
45.54 -3.60197e-05
45.55 -3.3461e-05
45.56 -3.0796e-05
45.57 -2.80339e-05
45.58 -2.51844e-05
45.59 -2.22572e-05
45.6 -1.92624e-05
45.61 -1.62103e-05
45.62 -1.31114e-05
45.63 -9.97625e-06
45.64 -6.81559e-06
45.65 -3.64024e-06
45.66 -4.61057e-07
45.67 2.71111e-06
45.68 5.86542e-06
45.69 8.99111e-06
45.7 1.20775e-05
45.71 1.51141e-05
45.72 1.80906e-05
45.73 2.09968e-05
45.74 2.38229e-05
45.75 2.65592e-05
45.76 2.91966e-05
45.77 3.17261e-05
45.78 3.41392e-05
45.79 3.64279e-05
45.8 3.85845e-05
45.81 4.0602e-05
45.82 4.24736e-05
45.83 4.41933e-05
45.84 4.57555e-05
45.85 4.71553e-05
45.86 4.83883e-05
45.87 4.94507e-05
45.88 5.03393e-05
45.89 5.10515e-05
45.9 5.15855e-05
45.91 5.19399e-05
45.92 5.2114e-05
45.93 5.21079e-05
45.94 5.19219e-05
45.95 5.15574e-05
45.96 5.10161e-05
45.97 5.03003e-05
45.98 4.9413e-05
45.99 4.83577e-05
46 4.71385e-05
46.01 4.57599e-05
46.02 4.42271e-05
46.03 4.25458e-05
46.04 4.07219e-05
46.05 3.8762e-05
46.06 3.66731e-05
46.07 3.44626e-05
46.08 3.21382e-05
46.09 2.97081e-05
46.1 2.71808e-05
46.11 2.4565e-05
46.12 2.18697e-05
46.13 1.91042e-05
46.14 1.62782e-05
46.15 1.34013e-05
46.16 1.04833e-05
46.17 7.53429e-06
46.18 4.56437e-06
46.19 1.58368e-06
46.2 -1.39757e-06
46.21 -4.36921e-06
46.22 -7.32108e-06
46.23 -1.02431e-05
46.24 -1.31253e-05
46.25 -1.5958e-05
46.26 -1.87313e-05
46.27 -2.1436e-05
46.28 -2.40628e-05
46.29 -2.66029e-05
46.3 -2.90477e-05
46.31 -3.1389e-05
46.32 -3.36189e-05
46.33 -3.573e-05
46.34 -3.77152e-05
46.35 -3.95681e-05
46.36 -4.12825e-05
46.37 -4.2853e-05
46.38 -4.42744e-05
46.39 -4.55422e-05
46.4 -4.66526e-05
46.41 -4.7602e-05
46.42 -4.83878e-05
46.43 -4.90076e-05
46.44 -4.94598e-05
46.45 -4.97434e-05
46.46 -4.98579e-05
46.47 -4.98033e-05
46.48 -4.95804e-05
46.49 -4.91904e-05
46.5 -4.86351e-05
46.51 -4.79169e-05
46.52 -4.70387e-05
46.53 -4.60039e-05
46.54 -4.48165e-05
46.55 -4.3481e-05
46.56 -4.20023e-05
46.57 -4.03857e-05
46.58 -3.86372e-05
46.59 -3.67629e-05
46.6 -3.47696e-05
46.61 -3.26643e-05
46.62 -3.04543e-05
46.63 -2.81474e-05
46.64 -2.57517e-05
46.65 -2.32754e-05
46.66 -2.07271e-05
46.67 -1.81157e-05
46.68 -1.54501e-05
46.69 -1.27394e-05
46.7 -9.99306e-06
46.71 -7.2204e-06
46.72 -4.43095e-06
46.73 -1.63423e-06
46.74 1.16018e-06
46.75 3.94274e-06
46.76 6.70396e-06
46.77 9.43443e-06
46.78 1.21248e-05
46.79 1.47661e-05
46.8 1.73491e-05
46.81 1.98652e-05
46.82 2.23059e-05
46.83 2.46628e-05
46.84 2.69282e-05
46.85 2.90943e-05
46.86 3.1154e-05
46.87 3.31003e-05
46.88 3.49269e-05
46.89 3.66277e-05
46.9 3.81972e-05
46.91 3.96303e-05
46.92 4.09224e-05
46.93 4.20695e-05
46.94 4.30679e-05
46.95 4.39147e-05
46.96 4.46074e-05
46.97 4.51439e-05
46.98 4.5523e-05
46.99 4.57437e-05
47 4.58057e-05
47.01 4.57094e-05
47.02 4.54553e-05
47.03 4.5045e-05
47.04 4.44802e-05
47.05 4.37632e-05
47.06 4.2897e-05
47.07 4.18849e-05
47.08 4.07307e-05
47.09 3.94387e-05
47.1 3.80138e-05
47.11 3.6461e-05
47.12 3.47859e-05
47.13 3.29947e-05
47.14 3.10935e-05
47.15 2.90891e-05
47.16 2.69887e-05
47.17 2.47994e-05
47.18 2.25289e-05
47.19 2.01852e-05
47.2 1.77763e-05
47.21 1.53105e-05
47.22 1.27965e-05
47.23 1.02427e-05
47.24 7.65795e-06
47.25 5.05119e-06
47.26 2.4313e-06
47.27 -1.92752e-07
47.28 -2.81199e-06
47.29 -5.41746e-06
47.3 -8.00029e-06
47.31 -1.05517e-05
47.32 -1.30629e-05
47.33 -1.55255e-05
47.34 -1.79311e-05
47.35 -2.02715e-05
47.36 -2.25388e-05
47.37 -2.47254e-05
47.38 -2.6824e-05
47.39 -2.88274e-05
47.4 -3.07291e-05
47.41 -3.25227e-05
47.42 -3.42023e-05
47.43 -3.57624e-05
47.44 -3.71979e-05
47.45 -3.85043e-05
47.46 -3.96772e-05
47.47 -4.07131e-05
47.48 -4.16087e-05
47.49 -4.23613e-05
47.5 -4.29689e-05
47.51 -4.34295e-05
47.52 -4.37422e-05
47.53 -4.39062e-05
47.54 -4.39214e-05
47.55 -4.37881e-05
47.56 -4.35072e-05
47.57 -4.30802e-05
47.58 -4.25087e-05
47.59 -4.17953e-05
47.6 -4.09427e-05
47.61 -3.99542e-05
47.62 -3.88336e-05
47.63 -3.75849e-05
47.64 -3.62128e-05
47.65 -3.47222e-05
47.66 -3.31185e-05
47.67 -3.14074e-05
47.68 -2.9595e-05
47.69 -2.76877e-05
47.7 -2.56922e-05
47.71 -2.36155e-05
47.72 -2.14647e-05
47.73 -1.92474e-05
47.74 -1.69712e-05
47.75 -1.4644e-05
47.76 -1.22739e-05
47.77 -9.86887e-06
47.78 -7.43733e-06
47.79 -4.98757e-06
47.8 -2.52798e-06
47.81 -6.69794e-08
47.82 2.38703e-06
47.83 4.82567e-06
47.84 7.24063e-06
47.85 9.62369e-06
47.86 1.19667e-05
47.87 1.42618e-05
47.88 1.65012e-05
47.89 1.86773e-05
47.9 2.07827e-05
47.91 2.28104e-05
47.92 2.47536e-05
47.93 2.66058e-05
47.94 2.83608e-05
47.95 3.00128e-05
47.96 3.15564e-05
47.97 3.29866e-05
47.98 3.42986e-05
47.99 3.54883e-05
48 3.65519e-05
48.01 3.74861e-05
48.02 3.82879e-05
48.03 3.89551e-05
48.04 3.94856e-05
48.05 3.98781e-05
48.06 4.01315e-05
48.07 4.02453e-05
48.08 4.02196e-05
48.09 4.00548e-05
48.1 3.97519e-05
48.11 3.93122e-05
48.12 3.87377e-05
48.13 3.80307e-05
48.14 3.71938e-05
48.15 3.62304e-05
48.16 3.5144e-05
48.17 3.39387e-05
48.18 3.26188e-05
48.19 3.11891e-05
48.2 2.96548e-05
48.21 2.80213e-05
48.22 2.62944e-05
48.23 2.44802e-05
48.24 2.2585e-05
48.25 2.06155e-05
48.26 1.85786e-05
48.27 1.64813e-05
48.28 1.43309e-05
48.29 1.21348e-05
48.3 9.90063e-06
48.31 7.63602e-06
48.32 5.34876e-06
48.33 3.04671e-06
48.34 7.37764e-07
48.35 -1.57019e-06
48.36 -3.86926e-06
48.37 -6.15161e-06
48.38 -8.40945e-06
48.39 -1.06351e-05
48.4 -1.2821e-05
48.41 -1.49598e-05
48.42 -1.70441e-05
48.43 -1.90671e-05
48.44 -2.10218e-05
48.45 -2.29017e-05
48.46 -2.47004e-05
48.47 -2.64121e-05
48.48 -2.8031e-05
48.49 -2.95518e-05
48.5 -3.09695e-05
48.51 -3.22794e-05
48.52 -3.34773e-05
48.53 -3.45595e-05
48.54 -3.55224e-05
48.55 -3.6363e-05
48.56 -3.70789e-05
48.57 -3.76678e-05
48.58 -3.81281e-05
48.59 -3.84586e-05
48.6 -3.86584e-05
48.61 -3.87273e-05
48.62 -3.86653e-05
48.63 -3.84731e-05
48.64 -3.81516e-05
48.65 -3.77022e-05
48.66 -3.71269e-05
48.67 -3.6428e-05
48.68 -3.56081e-05
48.69 -3.46704e-05
48.7 -3.36183e-05
48.71 -3.24558e-05
48.72 -3.1187e-05
48.73 -2.98166e-05
48.74 -2.83495e-05
48.75 -2.67908e-05
48.76 -2.51462e-05
48.77 -2.34213e-05
48.78 -2.16223e-05
48.79 -1.97554e-05
48.8 -1.78271e-05
48.81 -1.58442e-05
48.82 -1.38135e-05
48.83 -1.17419e-05
48.84 -9.63678e-06
48.85 -7.50522e-06
48.86 -5.35458e-06
48.87 -3.19224e-06
48.88 -1.0256e-06
48.89 1.13793e-06
48.9 3.29096e-06
48.91 5.42615e-06
48.92 7.53623e-06
48.93 9.61403e-06
48.94 1.16525e-05
48.95 1.36447e-05
48.96 1.5584e-05
48.97 1.74638e-05
48.98 1.92777e-05
48.99 2.10198e-05
49 2.26841e-05
49.01 2.42652e-05
49.02 2.57578e-05
49.03 2.7157e-05
49.04 2.84582e-05
49.05 2.96571e-05
49.06 3.075e-05
49.07 3.17333e-05
49.08 3.26039e-05
49.09 3.33591e-05
49.1 3.39967e-05
49.11 3.45147e-05
49.12 3.49116e-05
49.13 3.51866e-05
49.14 3.53388e-05
49.15 3.53681e-05
49.16 3.52749e-05
49.17 3.50596e-05
49.18 3.47233e-05
49.19 3.42676e-05
49.2 3.36942e-05
49.21 3.30055e-05
49.22 3.22041e-05
49.23 3.1293e-05
49.24 3.02756e-05
49.25 2.91557e-05
49.26 2.79372e-05
49.27 2.66246e-05
49.28 2.52226e-05
49.29 2.37362e-05
49.3 2.21705e-05
49.31 2.05312e-05
49.32 1.8824e-05
49.33 1.70549e-05
49.34 1.52299e-05
49.35 1.33555e-05
49.36 1.14381e-05
49.37 9.48439e-06
49.38 7.50107e-06
49.39 5.49497e-06
49.4 3.47299e-06
49.41 1.44207e-06
49.42 -5.90851e-07
49.43 -2.61881e-06
49.44 -4.6349e-06
49.45 -6.63223e-06
49.46 -8.60401e-06
49.47 -1.05436e-05
49.48 -1.24443e-05
49.49 -1.42997e-05
49.5 -1.61037e-05
49.51 -1.78501e-05
49.52 -1.9533e-05
49.53 -2.11469e-05
49.54 -2.26862e-05
49.55 -2.41461e-05
49.56 -2.55215e-05
49.57 -2.68079e-05
49.58 -2.80013e-05
49.59 -2.90977e-05
49.6 -3.00935e-05
49.61 -3.09857e-05
49.62 -3.17714e-05
49.63 -3.24481e-05
49.64 -3.3014e-05
49.65 -3.34672e-05
49.66 -3.38065e-05
49.67 -3.40311e-05
49.68 -3.41406e-05
49.69 -3.41347e-05
49.7 -3.40139e-05
49.71 -3.37789e-05
49.72 -3.34307e-05
49.73 -3.29709e-05
49.74 -3.24013e-05
49.75 -3.17242e-05
49.76 -3.09421e-05
49.77 -3.00579e-05
49.78 -2.9075e-05
49.79 -2.79969e-05
49.8 -2.68275e-05
49.81 -2.5571e-05
49.82 -2.4232e-05
49.83 -2.28151e-05
49.84 -2.13255e-05
49.85 -1.97682e-05
49.86 -1.81489e-05
49.87 -1.64731e-05
49.88 -1.47466e-05
49.89 -1.29755e-05
49.9 -1.11659e-05
49.91 -9.32408e-06
49.92 -7.45633e-06
49.93 -5.5691e-06
49.94 -3.66887e-06
49.95 -1.76216e-06
49.96 1.44511e-07
49.97 2.04463e-06
49.98 3.9317e-06
49.99 5.79932e-06
