0.01 -4.96247e-07
0.02 -4.93998e-07
0.03 -4.93183e-07
0.04 -5.0542e-07
0.05 -5.52611e-07
0.06 -6.73133e-07
0.07 -9.31777e-07
0.08 -1.41418e-06
0.09 -2.18527e-06
0.1 -3.22023e-06
0.11 -4.35331e-06
0.12 -5.29592e-06
0.13 -5.74107e-06
0.14 -5.51727e-06
0.15 -4.72716e-06
0.16 -3.8013e-06
0.17 -3.38856e-06
0.18 -4.06435e-06
0.19 -5.9827e-06
0.2 -8.69598e-06
0.21 -1.12992e-05
0.22 -1.28546e-05
0.23 -1.28816e-05
0.24 -1.16586e-05
0.25 -1.0159e-05
0.26 -9.61772e-06
0.27 -1.09083e-05
0.28 -1.40351e-05
0.29 -1.80457e-05
0.3 -2.1477e-05
0.31 -2.31393e-05
0.32 -2.2817e-05
0.33 -2.14714e-05
0.34 -2.07919e-05
0.35 -2.22852e-05
0.36 -2.63581e-05
0.37 -3.19624e-05
0.38 -3.71168e-05
0.39 -4.00427e-05
0.4 -4.02031e-05
0.41 -3.85772e-05
0.42 -3.70338e-05
0.43 -3.72526e-05
0.44 -3.98655e-05
0.45 -4.42469e-05
0.46 -4.89433e-05
0.47 -5.24592e-05
0.48 -5.40333e-05
0.49 -5.40158e-05
0.5 -5.36059e-05
0.51 -5.40755e-05
0.52 -5.59535e-05
0.53 -5.87097e-05
0.54 -6.11531e-05
0.55 -6.2273e-05
0.56 -6.1954e-05
0.57 -6.10804e-05
0.58 -6.09466e-05
0.59 -6.23596e-05
0.6 -6.50214e-05
0.61 -6.76012e-05
0.62 -6.84604e-05
0.63 -6.65953e-05
0.64 -6.22559e-05
0.65 -5.69072e-05
0.66 -5.25597e-05
0.67 -5.07956e-05
0.68 -5.19463e-05
0.69 -5.48684e-05
0.7 -5.7509e-05
0.71 -5.79981e-05
0.72 -5.56585e-05
0.73 -5.13509e-05
0.74 -4.69791e-05
0.75 -4.44563e-05
0.76 -4.47005e-05
0.77 -4.71813e-05
0.78 -5.02289e-05
0.79 -5.19341e-05
0.8 -5.11746e-05
0.81 -4.82172e-05
0.82 -4.45603e-05
0.83 -4.21084e-05
0.84 -4.21401e-05
0.85 -4.46147e-05
0.86 -4.81508e-05
0.87 -5.069e-05
0.88 -5.05417e-05
0.89 -4.72684e-05
0.9 -4.19056e-05
0.91 -3.63561e-05
0.92 -3.22875e-05
0.93 -3.01984e-05
0.94 -2.92133e-05
0.95 -2.7686e-05
0.96 -2.41839e-05
0.97 -1.82569e-05
0.98 -1.05981e-05
0.99 -2.57179e-06
1 4.60446e-06
1.01 1.05632e-05
1.02 1.59979e-05
1.03 2.22758e-05
1.04 3.06779e-05
1.05 4.16946e-05
1.06 5.47589e-05
1.07 6.85614e-05
1.08 8.17695e-05
1.09 9.36921e-05
1.1 0.000104455
1.11 0.000114615
1.12 0.000124563
1.13 0.000134196
1.14 0.000143075
1.15 0.000150884
1.16 0.000157781
1.17 0.000164396
1.18 0.000171492
1.19 0.000179493
1.2 0.000188036
1.21 0.000195838
1.22 0.000201093
1.23 0.000202353
1.24 0.000199442
1.25 0.000193754
1.26 0.00018756
1.27 0.000182693
1.28 0.000179461
1.29 0.000176533
1.3 0.000171851
1.31 0.000163954
1.32 0.000152852
1.33 0.000139951
1.34 0.000127155
1.35 0.00011576
1.36 0.000105865
1.37 9.65602e-05
1.38 8.66417e-05
1.39 7.53356e-05
1.4 6.26475e-05
1.41 4.92665e-05
1.42 3.61913e-05
1.43 2.43095e-05
1.44 1.4096e-05
1.45 5.51606e-06
1.46 -1.86024e-06
1.47 -8.62621e-06
1.48 -1.53235e-05
1.49 -2.22979e-05
1.5 -2.95982e-05
1.51 -3.68958e-05
1.52 -4.34796e-05
1.53 -4.84249e-05
1.54 -5.09513e-05
1.55 -5.08201e-05
1.56 -4.85319e-05
1.57 -4.51729e-05
1.58 -4.19689e-05
1.59 -3.97892e-05
1.6 -3.88636e-05
1.61 -3.88164e-05
1.62 -3.89327e-05
1.63 -3.8494e-05
1.64 -3.70566e-05
1.65 -3.46147e-05
1.66 -3.1618e-05
1.67 -2.88078e-05
1.68 -2.68873e-05
1.69 -2.61842e-05
1.7 -2.65314e-05
1.71 -2.74614e-05
1.72 -2.85787e-05
1.73 -2.98447e-05
1.74 -3.15864e-05
1.75 -3.4256e-05
1.76 -3.81324e-05
1.77 -4.31579e-05
1.78 -4.89744e-05
1.79 -5.51013e-05
1.8 -6.11397e-05
1.81 -6.69139e-05
1.82 -7.25062e-05
1.83 -7.8193e-05
1.84 -8.43041e-05
1.85 -9.10274e-05
1.86 -9.82114e-05
1.87 -0.000105308
1.88 -0.000111576
1.89 -0.000116456
1.9 -0.000119809
1.91 -0.000121856
1.92 -0.000122894
1.93 -0.00012306
1.94 -0.000122306
1.95 -0.000120539
1.96 -0.00011776
1.97 -0.000114058
1.98 -0.000109501
1.99 -0.000104009
2 -9.73439e-05
2.01 -8.92318e-05
2.02 -7.95463e-05
2.03 -6.84314e-05
2.04 -5.62777e-05
2.05 -4.35701e-05
2.06 -3.07096e-05
2.07 -1.79057e-05
2.08 -5.1718e-06
2.09 7.58276e-06
2.1 2.03974e-05
2.11 3.31255e-05
2.12 4.54216e-05
2.13 5.68674e-05
2.14 6.71459e-05
2.15 7.61664e-05
2.16 8.4097e-05
2.17 9.12873e-05
2.18 9.80753e-05
2.19 0.000104516
2.2 0.000110157
2.21 0.000114046
2.22 0.000115049
2.23 0.000112396
2.24 0.000106154
2.25 9.73547e-05
2.26 8.76489e-05
2.27 7.8634e-05
2.28 7.1175e-05
2.29 6.5061e-05
2.3 5.91667e-05
2.31 5.20195e-05
2.32 4.24744e-05
2.33 3.02182e-05
2.34 1.59457e-05
2.35 1.10351e-06
2.36 -1.27783e-05
2.37 -2.48315e-05
2.38 -3.51661e-05
2.39 -4.45191e-05
2.4 -5.35088e-05
2.41 -6.21076e-05
2.42 -6.97631e-05
2.43 -7.60107e-05
2.44 -8.10086e-05
2.45 -8.55289e-05
2.46 -9.04132e-05
2.47 -9.58949e-05
2.48 -0.000101249
2.49 -0.000105016
2.5 -0.000105693
2.51 -0.00010252
2.52 -9.59165e-05
2.53 -8.7353e-05
2.54 -7.87698e-05
2.55 -7.18068e-05
2.56 -6.715e-05
2.57 -6.42477e-05
2.58 -6.15471e-05
2.59 -5.72369e-05
2.6 -5.02206e-05
2.61 -4.07652e-05
2.62 -3.03458e-05
2.63 -2.07327e-05
2.64 -1.29181e-05
2.65 -6.60869e-06
2.66 -5.90291e-07
2.67 6.35853e-06
2.68 1.46595e-05
2.69 2.37198e-05
2.7 3.23337e-05
2.71 3.93688e-05
2.72 4.43288e-05
2.73 4.75168e-05
2.74 4.97655e-05
2.75 5.19516e-05
2.76 5.4601e-05
2.77 5.77912e-05
2.78 6.13319e-05
2.79 6.50171e-05
2.8 6.87371e-05
2.81 7.23931e-05
2.82 7.57366e-05
2.83 7.83252e-05
2.84 7.96925e-05
2.85 7.96582e-05
2.86 7.85745e-05
2.87 7.73185e-05
2.88 7.69846e-05
2.89 7.84135e-05
2.9 8.1789e-05
2.91 8.65098e-05
2.92 9.14043e-05
2.93 9.51982e-05
2.94 9.70314e-05
2.95 9.6802e-05
2.96 9.51957e-05
2.97 9.3376e-05
2.98 9.24599e-05
2.99 9.3013e-05
3 9.48152e-05
3.01 9.70273e-05
3.02 9.86806e-05
3.03 9.92153e-05
3.04 9.87645e-05
3.05 9.80616e-05
3.06 9.808e-05
3.07 9.95826e-05
3.08 0.000102735
3.09 0.00010692
3.1 0.000110894
3.11 0.000113285
3.12 0.000113274
3.13 0.000111063
3.14 0.000107804
3.15 0.00010499
3.16 0.000103646
3.17 0.000103838
3.18 0.000104767
3.19 0.000105343
3.2 0.000104824
3.21 0.000103126
3.22 0.000100698
3.23 9.81513e-05
3.24 9.58984e-05
3.25 9.40014e-05
3.26 9.22127e-05
3.27 9.01681e-05
3.28 8.76732e-05
3.29 8.49588e-05
3.3 8.27183e-05
3.31 8.17947e-05
3.32 8.25946e-05
3.33 8.45612e-05
3.34 8.61066e-05
3.35 8.52495e-05
3.36 8.07846e-05
3.37 7.32912e-05
3.38 6.51982e-05
3.39 5.96583e-05
3.4 5.88081e-05
3.41 6.25153e-05
3.42 6.84399e-05
3.43 7.33325e-05
3.44 7.4695e-05
3.45 7.18574e-05
3.46 6.60511e-05
3.47 5.96609e-05
3.48 5.51332e-05
3.49 5.39954e-05
3.5 5.62839e-05
3.51 6.05587e-05
3.52 6.45294e-05
3.53 6.60828e-05
3.54 6.42707e-05
3.55 5.97537e-05
3.56 5.44344e-05
3.57 5.0472e-05
3.58 4.92299e-05
3.59 5.06989e-05
3.6 5.36099e-05
3.61 5.60937e-05
3.62 5.6533e-05
3.63 5.42433e-05
3.64 4.97263e-05
3.65 4.43799e-05
3.66 3.97578e-05
3.67 3.67375e-05
3.68 3.50638e-05
3.69 3.35203e-05
3.7 3.06049e-05
3.71 2.5322e-05
3.72 1.76952e-05
3.73 8.76643e-06
3.74 9.20403e-08
3.75 -7.02611e-06
3.76 -1.22148e-05
3.77 -1.6262e-05
3.78 -2.07662e-05
3.79 -2.73716e-05
3.8 -3.69808e-05
3.81 -4.93255e-05
3.82 -6.30701e-05
3.83 -7.63725e-05
3.84 -8.76504e-05
3.85 -9.62339e-05
3.86 -0.000102649
3.87 -0.00010842
3.88 -0.000115475
3.89 -0.000125353
3.9 -0.000138511
3.91 -0.000154045
3.92 -0.000170022
3.93 -0.000184344
3.94 -0.000195749
3.95 -0.000204396
3.96 -0.000211688
3.97 -0.000219409
3.98 -0.000228681
3.99 -0.000239363
4 -0.000250238
4.01 -0.00025978
4.02 -0.000266951
4.03 -0.000271558
4.04 -0.000274127
4.05 -0.00027554
4.06 -0.000276685
4.07 -0.000278167
4.08 -0.000280015
4.09 -0.000281503
4.1 -0.000281355
4.11 -0.000278403
4.12 -0.000272354
4.13 -0.000264138
4.14 -0.000255482
4.15 -0.000247929
4.16 -0.000241923
4.17 -0.000236573
4.18 -0.000230264
4.19 -0.000221685
4.2 -0.000210587
4.21 -0.000197832
4.22 -0.000184815
4.23 -0.000172677
4.24 -0.000161784
4.25 -0.000151677
4.26 -0.000141428
4.27 -0.000130168
4.28 -0.000117504
4.29 -0.000103655
4.3 -8.9281e-05
4.31 -7.5141e-05
4.32 -6.17696e-05
4.33 -4.93019e-05
4.34 -3.74678e-05
4.35 -2.57274e-05
4.36 -1.34993e-05
4.37 -4.09759e-07
4.38 1.35392e-05
4.39 2.79469e-05
4.4 4.21461e-05
4.41 5.54795e-05
4.42 6.76622e-05
4.43 7.90534e-05
4.44 9.06192e-05
4.45 0.000103534
4.46 0.000118621
4.47 0.00013595
4.48 0.000154786
4.49 0.000173826
4.5 0.000191533
4.51 0.000206485
4.52 0.000217767
4.53 0.000225347
4.54 0.000230208
4.55 0.000234038
4.56 0.00023853
4.57 0.00024462
4.58 0.000252067
4.59 0.000259534
4.6 0.000265013
4.61 0.000266416
4.62 0.000262151
4.63 0.000251616
4.64 0.000235472
4.65 0.000215523
4.66 0.000194138
4.67 0.000173393
4.68 0.000154295
4.69 0.000136488
4.7 0.000118583
4.71 9.89651e-05
4.72 7.6654e-05
4.73 5.18011e-05
4.74 2.55624e-05
4.75 -5.442e-07
4.76 -2.54268e-05
4.77 -4.88989e-05
4.78 -7.15867e-05
4.79 -9.43228e-05
4.8 -0.000117373
4.81 -0.000139962
4.82 -0.000160416
4.83 -0.000176819
4.84 -0.000187788
4.85 -0.000192971
4.86 -0.00019314
4.87 -0.000189926
4.88 -0.000185327
4.89 -0.000181067
4.9 -0.000177965
4.91 -0.000175514
4.92 -0.000171941
4.93 -0.000164875
4.94 -0.000152469
4.95 -0.000134499
4.96 -0.000112873
4.97 -9.11358e-05
4.98 -7.31083e-05
4.99 -6.13048e-05
5 -5.59605e-05
5.01 -5.51104e-05
5.02 -5.55597e-05
5.03 -5.42533e-05
5.04 -4.95308e-05
5.05 -4.18902e-05
5.06 -3.40103e-05
5.07 -2.9867e-05
5.08 -3.30879e-05
5.09 -4.52609e-05
5.1 -6.51619e-05
5.11 -8.93779e-05
5.12 -0.000113913
5.13 -0.000135744
5.14 -0.000153482
5.15 -0.000167218
5.16 -0.00017823
5.17 -0.000188864
5.18 -0.000202207
5.19 -0.000220981
5.2 -0.000245776
5.21 -0.000273761
5.22 -0.000299145
5.23 -0.000315551
5.24 -0.000319068
5.25 -0.000310176
5.26 -0.000293497
5.27 -0.000275477
5.28 -0.000261186
5.29 -0.000251786
5.3 -0.000243869
5.31 -0.000231058
5.32 -0.000207167
5.33 -0.000169469
5.34 -0.000120442
5.35 -6.70073e-05
5.36 -1.74768e-05
5.37 2.23957e-05
5.38 5.23062e-05
5.39 7.76389e-05
5.4 0.000106769
5.41 0.0001468
5.42 0.000200003
5.43 0.000262705
5.44 0.000326938
5.45 0.000383709
5.46 0.000426234
5.47 0.000451906
5.48 0.000462591
5.49 0.000463581
5.5 0.000461755
5.51 0.000463344
5.52 0.000471626
5.53 0.000485297
5.54 0.000498477
5.55 0.000502984
5.56 0.000492258
5.57 0.000465021
5.58 0.000426502
5.59 0.000386297
5.6 0.000353893
5.61 0.000334285
5.62 0.000325964
5.63 0.000322015
5.64 0.000313396
5.65 0.00029269
5.66 0.000256865
5.67 0.000208256
5.68 0.000153628
5.69 0.000101551
5.7 5.88842e-05
5.71 2.7853e-05
5.72 5.31808e-06
5.73 -1.52166e-05
5.74 -3.99536e-05
5.75 -7.16866e-05
5.76 -0.000108986
5.77 -0.00014773
5.78 -0.000183503
5.79 -0.000213263
5.8 -0.000235693
5.81 -0.000250777
5.82 -0.000259404
5.83 -0.000263211
5.84 -0.000264277
5.85 -0.000264387
5.86 -0.000264143
5.87 -0.00026261
5.88 -0.000257887
5.89 -0.000248261
5.9 -0.000233105
5.91 -0.000213031
5.92 -0.000189498
5.93 -0.000164382
5.94 -0.000139747
5.95 -0.000117581
5.96 -9.9175e-05
5.97 -8.43168e-05
5.98 -7.09401e-05
5.99 -5.58324e-05
6 -3.632e-05
6.01 -1.19731e-05
6.02 1.48461e-05
6.03 4.00887e-05
6.04 6.01382e-05
6.05 7.34904e-05
6.06 8.08681e-05
6.07 8.40356e-05
6.08 8.46034e-05
6.09 8.37432e-05
6.1 8.2571e-05
6.11 8.22348e-05
6.12 8.31994e-05
6.13 8.43557e-05
6.14 8.3079e-05
6.15 7.65902e-05
6.16 6.37581e-05
6.17 4.60052e-05
6.18 2.66429e-05
6.19 9.11059e-06
6.2 -4.70867e-06
6.21 -1.51488e-05
6.22 -2.42536e-05
6.23 -3.46286e-05
6.24 -4.8313e-05
6.25 -6.597e-05
6.26 -8.64012e-05
6.27 -0.000106535
6.28 -0.000122189
6.29 -0.000129653
6.3 -0.000127494
6.31 -0.000117555
6.32 -0.000104363
6.33 -9.31718e-05
6.34 -8.76643e-05
6.35 -8.85436e-05
6.36 -9.3579e-05
6.37 -9.88101e-05
6.38 -0.000100122
6.39 -9.4536e-05
6.4 -8.0976e-05
6.41 -6.05528e-05
6.42 -3.63972e-05
6.43 -1.28631e-05
6.44 5.94342e-06
6.45 1.77914e-05
6.46 2.31985e-05
6.47 2.50071e-05
6.48 2.69411e-05
6.49 3.19504e-05
6.5 4.10919e-05
6.51 5.32844e-05
6.52 6.58634e-05
6.53 7.56561e-05
6.54 8.0216e-05
6.55 7.88303e-05
6.56 7.29514e-05
6.57 6.58615e-05
6.58 6.16115e-05
6.59 6.34159e-05
6.6 7.19732e-05
6.61 8.46529e-05
6.62 9.64116e-05
6.63 0.000102337
6.64 0.0001005
6.65 9.33236e-05
6.66 8.6481e-05
6.67 8.59335e-05
6.68 9.48676e-05
6.69 0.000112198
6.7 0.00013324
6.71 0.000151975
6.72 0.000163726
6.73 0.000167178
6.74 0.000165107
6.75 0.000163456
6.76 0.000168808
6.77 0.000185137
6.78 0.000211415
6.79 0.000241678
6.8 0.000267936
6.81 0.000284384
6.82 0.000290292
6.83 0.000289836
6.84 0.00028922
6.85 0.000293091
6.86 0.000302415
6.87 0.000314659
6.88 0.000325601
6.89 0.00033134
6.9 0.000329495
6.91 0.000319477
6.92 0.000302358
6.93 0.000280647
6.94 0.000257847
6.95 0.000237462
6.96 0.000221583
6.97 0.00020971
6.98 0.000198593
6.99 0.000183409
7 0.000159817
7.01 0.000125916
7.02 8.31235e-05
7.03 3.56458e-05
7.04 -1.11111e-05
7.05 -5.24628e-05
7.06 -8.60197e-05
7.07 -0.000112442
7.08 -0.00013515
7.09 -0.000158971
7.1 -0.000188089
7.11 -0.000224117
7.12 -0.000265244
7.13 -0.000306975
7.14 -0.000344071
7.15 -0.000372732
7.16 -0.000391944
7.17 -0.000403456
7.18 -0.000410541
7.19 -0.000416284
7.2 -0.000422293
7.21 -0.000428264
7.22 -0.000432334
7.23 -0.000431878
7.24 -0.000424475
7.25 -0.000408861
7.26 -0.000385651
7.27 -0.000357464
7.28 -0.000328126
7.29 -0.000301114
7.3 -0.000277937
7.31 -0.000257392
7.32 -0.00023628
7.33 -0.000211234
7.34 -0.000180598
7.35 -0.000145264
7.36 -0.000108061
7.37 -7.22246e-05
7.38 -3.9937e-05
7.39 -1.16823e-05
7.4 1.34507e-05
7.41 3.69031e-05
7.42 5.97377e-05
7.43 8.21013e-05
7.44 0.000103236
7.45 0.000121953
7.46 0.000137272
7.47 0.000148862
7.48 0.000157011
7.49 0.000162221
7.5 0.000164727
7.51 0.000164315
7.52 0.000160544
7.53 0.00015321
7.54 0.000142712
7.55 0.00013008
7.56 0.000116634
7.57 0.000103472
7.58 9.11241e-05
7.59 7.95794e-05
7.6 6.86975e-05
7.61 5.86864e-05
7.62 5.02625e-05
7.63 4.43778e-05
7.64 4.17597e-05
7.65 4.26084e-05
7.66 4.66118e-05
7.67 5.31829e-05
7.68 6.17327e-05
7.69 7.19016e-05
7.7 8.37704e-05
7.71 9.79971e-05
7.72 0.000115719
7.73 0.000138103
7.74 0.000165652
7.75 0.000197674
7.76 0.000232321
7.77 0.000267267
7.78 0.000300673
7.79 0.000331817
7.8 0.000361016
7.81 0.00038899
7.82 0.000416188
7.83 0.000442525
7.84 0.000467529
7.85 0.000490542
7.86 0.000510685
7.87 0.000526624
7.88 0.000536526
7.89 0.000538514
7.9 0.000531515
7.91 0.000515966
7.92 0.000493762
7.93 0.000467299
7.94 0.000438078
7.95 0.000405775
7.96 0.000368435
7.97 0.000323672
7.98 0.000270105
7.99 0.000208087
8 0.000139387
8.01 6.62025e-05
8.02 -9.74496e-06
8.03 -8.75809e-05
8.04 -0.000167234
8.05 -0.000249245
8.06 -0.000334535
8.07 -0.000424026
8.08 -0.000518082
8.09 -0.00061599
8.1 -0.00071583
8.11 -0.000814716
8.12 -0.000909094
8.13 -0.000994909
8.14 -0.00106797
8.15 -0.00112496
8.16 -0.00116492
8.17 -0.00119032
8.18 -0.00120659
8.19 -0.00122012
8.2 -0.00123567
8.21 -0.00125464
8.22 -0.00127494
8.23 -0.00129247
8.24 -0.00130311
8.25 -0.00130446
8.26 -0.00129652
8.27 -0.00128131
8.28 -0.00126169
8.29 -0.00123995
8.3 -0.0012167
8.31 -0.00119055
8.32 -0.00115893
8.33 -0.00111962
8.34 -0.00107225
8.35 -0.00101883
8.36 -0.000963084
8.37 -0.000908919
8.38 -0.000858804
8.39 -0.00081277
8.4 -0.000768373
8.41 -0.00072151
8.42 -0.000667717
8.43 -0.000603467
8.44 -0.000527098
8.45 -0.000439067
8.46 -0.000341446
8.47 -0.000236875
8.48 -0.000127554
8.49 -1.48101e-05
8.5 0.00010066
8.51 0.000218392
8.52 0.000338246
8.53 0.000460991
8.54 0.000588531
8.55 0.000722927
8.56 0.000864482
8.57 0.00101021
8.58 0.00115351
8.59 0.00128477
8.6 0.00139246
8.61 0.00146593
8.62 0.00150012
8.63 0.00149985
8.64 0.00147956
8.65 0.00145742
8.66 0.00144735
8.67 0.00145342
8.68 0.0014695
8.69 0.00148348
8.7 0.00148382
8.71 0.00146515
8.72 0.00143038
8.73 0.0013885
8.74 0.00134975
8.75 0.00132094
8.76 0.00130288
8.77 0.00129061
8.78 0.0012759
8.79 0.00125078
8.8 0.00121085
8.81 0.001157
8.82 0.00109497
8.83 0.00103296
8.84 0.000978305
8.85 0.000934715
8.86 0.000900922
8.87 0.000871343
8.88 0.00083827
8.89 0.0007947
8.9 0.000736675
8.91 0.00066427
8.92 0.000580924
8.93 0.000491578
8.94 0.000400556
8.95 0.00031015
8.96 0.000220433
8.97 0.000130145
8.98 3.7986e-05
8.99 -5.65281e-05
9 -0.000153192
9.01 -0.000252099
9.02 -0.000354714
9.03 -0.000463955
9.04 -0.000582739
9.05 -0.000711723
9.06 -0.000847667
9.07 -0.000983353
9.08 -0.00110872
9.09 -0.00121267
9.1 -0.00128563
9.11 -0.00132306
9.12 -0.00132869
9.13 -0.00131459
9.14 -0.00129709
9.15 -0.00129015
9.16 -0.00130011
9.17 -0.00132428
9.18 -0.00135346
9.19 -0.0013767
9.2 -0.00138584
9.21 -0.00137841
9.22 -0.00135777
9.23 -0.00133088
9.24 -0.00130503
9.25 -0.00128493
9.26 -0.00127112
9.27 -0.00126012
9.28 -0.00124599
9.29 -0.00122288
9.3 -0.00118745
9.31 -0.00114026
9.32 -0.00108535
9.33 -0.00102844
9.34 -0.000974631
9.35 -0.000926437
9.36 -0.000882984
9.37 -0.000840489
9.38 -0.000793797
9.39 -0.000738325
9.4 -0.000671592
9.41 -0.000593687
9.42 -0.000506634
9.43 -0.00041306
9.44 -0.000314866
9.45 -0.000212496
9.46 -0.000105034
9.47 9.01346e-06
9.48 0.000130772
9.49 0.000260545
9.5 0.000398183
9.51 0.000543825
9.52 0.000698016
9.53 0.000860653
9.54 0.00102943
9.55 0.00119893
9.56 0.00136051
9.57 0.00150224
9.58 0.00160986
9.59 0.0016709
9.6 0.00168158
9.61 0.00165154
9.62 0.00160156
9.63 0.00155494
9.64 0.00152793
9.65 0.00152415
9.66 0.00153482
9.67 0.00154427
9.68 0.00153792
9.69 0.00150916
9.7 0.0014619
9.71 0.00140793
9.72 0.00136067
9.73 0.00132875
9.74 0.00131229
9.75 0.00130332
9.76 0.00128978
9.77 0.00126103
9.78 0.00121221
9.79 0.0011459
9.8 0.00107068
9.81 0.000997624
9.82 0.000936155
9.83 0.000890565
9.84 0.000858334
9.85 0.000830975
9.86 0.000797248
9.87 0.000747479
9.88 0.000677037
9.89 0.00058743
9.9 0.000484727
9.91 0.000376433
9.92 0.000268527
9.93 0.000163967
9.94 6.28739e-05
9.95 -3.62856e-05
9.96 -0.000135478
9.97 -0.000236463
9.98 -0.000340739
9.99 -0.000449611
10 -0.000563966
10.01 -0.000683785
10.02 -0.000807835
10.03 -0.000933576
10.04 -0.00105666
10.05 -0.00116977
10.06 -0.00126238
10.07 -0.00132351
10.08 -0.00134728
10.09 -0.00133752
10.1 -0.0013075
10.11 -0.00127436
10.12 -0.00125197
10.13 -0.001246
10.14 -0.00125317
10.15 -0.00126426
10.16 -0.0012689
10.17 -0.00126029
10.18 -0.00123771
10.19 -0.00120601
10.2 -0.00117259
10.21 -0.00114353
10.22 -0.00112084
10.23 -0.00110188
10.24 -0.00108111
10.25 -0.00105318
10.26 -0.0010157
10.27 -0.000970604
10.28 -0.000923372
10.29 -0.000880647
10.3 -0.00084738
10.31 -0.000824731
10.32 -0.000809564
10.33 -0.000795545
10.34 -0.000775322
10.35 -0.000742994
10.36 -0.000696158
10.37 -0.000636796
10.38 -0.000570551
10.39 -0.000504536
10.4 -0.000444518
10.41 -0.000392764
10.42 -0.000347532
10.43 -0.000304284
10.44 -0.000257864
10.45 -0.000204532
10.46 -0.000143052
10.47 -7.46339e-05
10.48 -2.021e-06
10.49 7.17427e-05
10.5 0.00014437
10.51 0.000214897
10.52 0.000283658
10.53 0.000351725
10.54 0.000420048
10.55 0.000488604
10.56 0.000555865
10.57 0.000618889
10.58 0.000674074
10.59 0.000718364
10.6 0.000750385
10.61 0.000771055
10.62 0.000783349
10.63 0.00079129
10.64 0.000798528
10.65 0.000807115
10.66 0.000817003
10.67 0.000826455
10.68 0.000833097
10.69 0.000835053
10.7 0.000831654
10.71 0.000823504
10.72 0.000812085
10.73 0.000799176
10.74 0.000786351
10.75 0.000774645
10.76 0.000764357
10.77 0.000755007
10.78 0.000745463
10.79 0.000734299
10.8 0.000720292
10.81 0.000702907
10.82 0.000682562
10.83 0.000660558
10.84 0.00063868
10.85 0.000618615
10.86 0.000601403
10.87 0.000587146
10.88 0.000575096
10.89 0.000564033
10.9 0.000552699
10.91 0.000540093
10.92 0.000525591
10.93 0.000508991
10.94 0.000490525
10.95 0.000470811
10.96 0.000450636
10.97 0.000430616
10.98 0.000410875
10.99 0.000390954
11 0.000370052
11.01 0.000347463
11.02 0.000322958
11.03 0.000296922
11.04 0.000270223
11.05 0.000243872
11.06 0.000218569
11.07 0.000194252
11.08 0.000169841
11.09 0.000143412
11.1 0.000112923
11.11 7.72062e-05
11.12 3.66835e-05
11.13 -6.64186e-06
11.14 -4.99486e-05
11.15 -9.07563e-05
11.16 -0.00012795
11.17 -0.000162217
11.18 -0.000195696
11.19 -0.000230999
11.2 -0.00027001
11.21 -0.000312996
11.22 -0.000358412
11.23 -0.000403425
11.24 -0.000444887
11.25 -0.000480323
11.26 -0.000508571
11.27 -0.000529908
11.28 -0.000545709
11.29 -0.000557857
11.3 -0.00056814
11.31 -0.000577718
11.32 -0.000586703
11.33 -0.000593964
11.34 -0.000597366
11.35 -0.000594593
11.36 -0.0005843
11.37 -0.000566991
11.38 -0.000545026
11.39 -0.000521632
11.4 -0.000499435
11.41 -0.00047932
11.42 -0.000460232
11.43 -0.000439933
11.44 -0.000416266
11.45 -0.000388217
11.46 -0.000356329
11.47 -0.000322347
11.48 -0.000288419
11.49 -0.000256218
11.5 -0.000226297
11.51 -0.00019784
11.52 -0.000168885
11.53 -0.000137036
11.54 -0.000100491
11.55 -5.89583e-05
11.56 -1.40002e-05
11.57 3.14111e-05
11.58 7.39024e-05
11.59 0.000110815
11.6 0.000141007
11.61 0.000165149
11.62 0.000185471
11.63 0.00020503
11.64 0.000226618
11.65 0.000251573
11.66 0.000278931
11.67 0.000305372
11.68 0.000326187
11.69 0.000337001
11.7 0.000335528
11.71 0.00032261
11.72 0.000302073
11.73 0.000279445
11.74 0.000259976
11.75 0.000246677
11.76 0.00023911
11.77 0.000233537
11.78 0.000224512
11.79 0.000207305
11.8 0.000179979
11.81 0.00014412
11.82 0.000103913
11.83 6.41383e-05
11.84 2.81594e-05
11.85 -3.18485e-06
11.86 -3.14027e-05
11.87 -5.92041e-05
11.88 -8.90778e-05
11.89 -0.000122233
11.9 -0.000158217
11.91 -0.000195151
11.92 -0.000230365
11.93 -0.000261206
11.94 -0.00028587
11.95 -0.000303982
11.96 -0.000316649
11.97 -0.000325854
11.98 -0.000333405
11.99 -0.000339969
12 -0.000344734
12.01 -0.000345888
12.02 -0.00034166
12.03 -0.000331309
12.04 -0.000315509
12.05 -0.000295968
12.06 -0.00027457
12.07 -0.000252568
12.08 -0.000230253
12.09 -0.000207158
12.1 -0.000182546
12.11 -0.000155874
12.12 -0.000127012
12.13 -9.62299e-05
12.14 -6.40481e-05
12.15 -3.10979e-05
12.16 1.95018e-06
12.17 3.44614e-05
12.18 6.60007e-05
12.19 9.64935e-05
12.2 0.000126161
12.21 0.000155096
12.22 0.000182672
12.23 0.000207272
12.24 0.000226747
12.25 0.000239427
12.26 0.000245061
12.27 0.000244989
12.28 0.000241446
12.29 0.000236416
12.3 0.000230724
12.31 0.000223844
12.32 0.000214417
12.33 0.000201095
12.34 0.000183243
12.35 0.000161186
12.36 0.000135982
12.37 0.000108917
12.38 8.09617e-05
12.39 5.24328e-05
12.4 2.29814e-05
12.41 -8.08078e-06
12.42 -4.1265e-05
12.43 -7.64693e-05
12.44 -0.000112866
12.45 -0.000149168
12.46 -0.000184095
12.47 -0.000216802
12.48 -0.000247073
12.49 -0.000275227
12.5 -0.000301808
12.51 -0.000327167
12.52 -0.000351133
12.53 -0.000372929
12.54 -0.000391373
12.55 -0.000405322
12.56 -0.000414174
12.57 -0.000418186
12.58 -0.000418452
12.59 -0.000416543
12.6 -0.000413982
12.61 -0.000411767
12.62 -0.00041011
12.63 -0.000408426
12.64 -0.000405604
12.65 -0.000400459
12.66 -0.000392241
12.67 -0.000380977
12.68 -0.000367474
12.69 -0.000352981
12.7 -0.000338709
12.71 -0.000325427
12.72 -0.000313267
12.73 -0.000301749
12.74 -0.000290019
12.75 -0.000277213
12.76 -0.000262843
12.77 -0.00024702
12.78 -0.000230382
12.79 -0.000213732
12.8 -0.000197551
12.81 -0.000181729
12.82 -0.000165717
12.83 -0.000149005
12.84 -0.000131558
12.85 -0.000113822
12.86 -9.63077e-05
12.87 -7.90939e-05
12.88 -6.17067e-05
12.89 -4.34316e-05
12.9 -2.37448e-05
12.91 -2.53008e-06
12.92 1.9973e-05
12.93 4.33363e-05
12.94 6.70861e-05
12.95 9.08034e-05
12.96 0.000114224
12.97 0.000137312
12.98 0.000160236
12.99 0.00018323
13 0.000206456
13.01 0.00022995
13.02 0.000253634
13.03 0.000277362
13.04 0.000300938
13.05 0.000324099
13.06 0.000346479
13.07 0.000367596
13.08 0.000386916
13.09 0.000403987
13.1 0.000418595
13.11 0.000430824
13.12 0.000440952
13.13 0.000449237
13.14 0.000455716
13.15 0.000460159
13.16 0.000462166
13.17 0.000461382
13.18 0.000457737
13.19 0.000451574
13.2 0.000443588
13.21 0.000434553
13.22 0.000424972
13.23 0.000414848
13.24 0.000403704
13.25 0.000390844
13.26 0.000375708
13.27 0.000358133
13.28 0.000338415
13.29 0.000317204
13.3 0.000295367
13.31 0.000273846
13.32 0.000253459
13.33 0.000234637
13.34 0.000217206
13.35 0.000200359
13.36 0.000182888
13.37 0.000163567
13.38 0.000141547
13.39 0.000116671
13.4 8.96546e-05
13.41 6.20391e-05
13.42 3.5794e-05
13.43 1.26198e-05
13.44 -6.7699e-06
13.45 -2.30083e-05
13.46 -3.78535e-05
13.47 -5.34632e-05
13.48 -7.15075e-05
13.49 -9.25158e-05
13.5 -0.00011572
13.51 -0.000139412
13.52 -0.000161628
13.53 -0.000180888
13.54 -0.000196718
13.55 -0.000209784
13.56 -0.000221564
13.57 -0.000233688
13.58 -0.000247197
13.59 -0.000262082
13.6 -0.000277309
13.61 -0.000291302
13.62 -0.000302637
13.63 -0.000310627
13.64 -0.000315579
13.65 -0.000318671
13.66 -0.000321479
13.67 -0.000325281
13.68 -0.00033037
13.69 -0.000335708
13.7 -0.000339231
13.71 -0.000338737
13.72 -0.000332927
13.73 -0.000322008
13.74 -0.000307526
13.75 -0.000291552
13.76 -0.000275699
13.77 -0.000260462
13.78 -0.000245105
13.79 -0.000228077
13.8 -0.000207732
13.81 -0.000183084
13.82 -0.000154342
13.83 -0.000122959
13.84 -9.10519e-05
13.85 -6.04321e-05
13.86 -3.17167e-05
13.87 -4.05805e-06
13.88 2.43424e-05
13.89 5.5228e-05
13.9 8.93532e-05
13.91 0.000126089
13.92 0.000163689
13.93 0.000200023
13.94 0.000233414
13.95 0.000263203
13.96 0.000289805
13.97 0.000314255
13.98 0.000337457
13.99 0.000359546
14 0.000379668
14.01 0.000396292
14.02 0.000407864
14.03 0.000413505
14.04 0.000413426
14.05 0.000408922
14.06 0.000401916
14.07 0.000394255
14.08 0.000387003
14.09 0.000380045
14.1 0.00037219
14.11 0.000361779
14.12 0.000347583
14.13 0.000329551
14.14 0.000309022
14.15 0.000288249
14.16 0.000269468
14.17 0.000253985
14.18 0.00024171
14.19 0.000231295
14.2 0.000220756
14.21 0.000208255
14.22 0.000192773
14.23 0.000174469
14.24 0.00015463
14.25 0.000135221
14.26 0.000118175
14.27 0.000104668
14.28 9.46448e-05
14.29 8.68384e-05
14.3 7.93562e-05
14.31 7.05839e-05
14.32 5.99635e-05
14.33 4.82078e-05
14.34 3.68292e-05
14.35 2.72834e-05
14.36 2.02457e-05
14.37 1.53973e-05
14.38 1.17313e-05
14.39 8.05507e-06
14.4 3.33093e-06
14.41 -3.21361e-06
14.42 -1.20227e-05
14.43 -2.30428e-05
14.44 -3.55477e-05
14.45 -4.82677e-05
14.46 -5.99915e-05
14.47 -7.03785e-05
14.48 -8.04135e-05
14.49 -9.20899e-05
14.5 -0.000107419
14.51 -0.00012735
14.52 -0.000151246
14.53 -0.000177209
14.54 -0.000203033
14.55 -0.000227208
14.56 -0.000249485
14.57 -0.000270756
14.58 -0.000292407
14.59 -0.000315535
14.6 -0.000340413
14.61 -0.000366403
14.62 -0.000392249
14.63 -0.000416529
14.64 -0.00043804
14.65 -0.000456041
14.66 -0.000470355
14.67 -0.000481329
14.68 -0.000489629
14.69 -0.000495897
14.7 -0.000500442
14.71 -0.000503142
14.72 -0.000503639
14.73 -0.000501684
14.74 -0.000497386
14.75 -0.000491156
14.76 -0.000483377
14.77 -0.000474037
14.78 -0.000462645
14.79 -0.000448528
14.8 -0.00043134
14.81 -0.00041141
14.82 -0.00038966
14.83 -0.000367104
14.84 -0.000344233
14.85 -0.000320664
14.86 -0.000295258
14.87 -0.0002667
14.88 -0.000234253
14.89 -0.000198281
14.9 -0.000160208
14.91 -0.000121894
14.92 -8.47588e-05
14.93 -4.91611e-05
14.94 -1.43253e-05
14.95 2.12009e-05
14.96 5.88508e-05
14.97 9.94264e-05
14.98 0.000142765
14.99 0.000187724
15 0.00023245
15.01 0.00027486
15.02 0.000313247
15.03 0.000346773
15.04 0.000375604
15.05 0.000400582
15.06 0.00042261
15.07 0.000442113
15.08 0.000458873
15.09 0.00047226
15.1 0.000481594
15.11 0.000486417
15.12 0.000486591
15.13 0.0004823
15.14 0.000474043
15.15 0.000462582
15.16 0.000448782
15.17 0.000433352
15.18 0.000416591
15.19 0.000398317
15.2 0.000378078
15.21 0.000355538
15.22 0.000330802
15.23 0.000304485
15.24 0.000277454
15.25 0.000250409
15.26 0.000223522
15.27 0.000196339
15.28 0.000167983
15.29 0.00013756
15.3 0.000104606
15.31 6.93664e-05
15.32 3.2794e-05
15.33 -3.70914e-06
15.34 -3.86644e-05
15.35 -7.08637e-05
15.36 -9.96157e-05
15.37 -0.000124872
15.38 -0.000147211
15.39 -0.000167616
15.4 -0.000187068
15.41 -0.000206058
15.42 -0.000224266
15.43 -0.000240598
15.44 -0.00025359
15.45 -0.000262
15.46 -0.000265298
15.47 -0.000263853
15.48 -0.000258751
15.49 -0.000251367
15.5 -0.000242906
15.51 -0.00023404
15.52 -0.00022473
15.53 -0.000214267
15.54 -0.000201581
15.55 -0.000185732
15.56 -0.000166349
15.57 -0.000143781
15.58 -0.000118926
15.59 -9.28299e-05
15.6 -6.63078e-05
15.61 -3.97175e-05
15.62 -1.29475e-05
15.63 1.44025e-05
15.64 4.27164e-05
15.65 7.20667e-05
15.66 0.00010209
15.67 0.000132107
15.68 0.000161411
15.69 0.000189563
15.7 0.000216525
15.71 0.000242563
15.72 0.000267979
15.73 0.000292845
15.74 0.000316915
15.75 0.00033975
15.76 0.000360928
15.77 0.000380202
15.78 0.000397559
15.79 0.000413187
15.8 0.000427374
15.81 0.000440342
15.82 0.000452087
15.83 0.000462303
15.84 0.000470454
15.85 0.000475977
15.86 0.000478511
15.87 0.000478061
15.88 0.000475024
15.89 0.000470081
15.9 0.000463999
15.91 0.000457384
15.92 0.000450461
15.93 0.000442932
15.94 0.000433954
15.95 0.000422323
15.96 0.000406911
15.97 0.000387198
15.98 0.000363612
15.99 0.000337425
16 0.000310206
16.01 0.0002831
16.02 0.000256332
16.03 0.000229148
16.04 0.000200194
16.05 0.000168105
16.06 0.00013204
16.07 9.194e-05
16.08 4.84359e-05
16.09 2.47841e-06
16.1 -4.51269e-05
16.11 -9.40416e-05
16.12 -0.00014442
16.13 -0.000196648
16.14 -0.000250971
16.15 -0.00030719
16.16 -0.000364589
16.17 -0.000422064
16.18 -0.000478381
16.19 -0.000532438
16.2 -0.00058343
16.21 -0.000630854
16.22 -0.00067435
16.23 -0.000713486
16.24 -0.000747644
16.25 -0.000776134
16.26 -0.000798502
16.27 -0.000814836
16.28 -0.000825853
16.29 -0.000832672
16.3 -0.000836407
16.31 -0.000837806
16.32 -0.000837099
16.33 -0.000834122
16.34 -0.000828589
16.35 -0.000820354
16.36 -0.00080951
16.37 -0.000796289
16.38 -0.000780846
16.39 -0.000763072
16.4 -0.000742584
16.41 -0.000718891
16.42 -0.000691664
16.43 -0.000660943
16.44 -0.000627161
16.45 -0.000590979
16.46 -0.000553043
16.47 -0.000513802
16.48 -0.000473474
16.49 -0.000432102
16.5 -0.000389589
16.51 -0.000345686
16.52 -0.000299971
16.53 -0.000251905
16.54 -0.000200976
16.55 -0.000146866
16.56 -8.9574e-05
16.57 -2.94588e-05
16.58 3.27713e-05
16.59 9.61669e-05
16.6 0.0001598
16.61 0.000223103
16.62 0.000286056
16.63 0.000349017
16.64 0.000412215
16.65 0.000475162
16.66 0.000536381
16.67 0.000593607
16.68 0.000644381
16.69 0.000686736
16.7 0.00071971
16.71 0.000743506
16.72 0.000759309
16.73 0.000768858
16.74 0.000773947
16.75 0.000775993
16.76 0.000775787
16.77 0.000773514
16.78 0.000769048
16.79 0.000762361
16.8 0.000753777
16.81 0.000743906
16.82 0.000733313
16.83 0.000722181
16.84 0.000710216
16.85 0.000696889
16.86 0.000681829
16.87 0.000665116
16.88 0.000647246
16.89 0.000628833
16.9 0.000610248
16.91 0.000591438
16.92 0.000571975
16.93 0.00055129
16.94 0.000528987
16.95 0.000505114
16.96 0.000480254
16.97 0.000455329
16.98 0.00043114
16.99 0.000407859
17 0.000384831
17.01 0.000360852
17.02 0.000334799
17.03 0.000306241
17.04 0.000275688
17.05 0.000244327
17.06 0.000213423
17.07 0.000183733
17.08 0.000155232
17.09 0.00012725
17.1 9.88328e-05
17.11 6.9145e-05
17.12 3.78022e-05
17.13 5.04622e-06
17.14 -2.83114e-05
17.15 -6.12115e-05
17.16 -9.2821e-05
17.17 -0.000122896
17.18 -0.000151792
17.19 -0.000180131
17.2 -0.000208367
17.21 -0.000236544
17.22 -0.000264355
17.23 -0.00029136
17.24 -0.000317144
17.25 -0.000341372
17.26 -0.000363793
17.27 -0.000384329
17.28 -0.000403177
17.29 -0.000420787
17.3 -0.000437641
17.31 -0.000453926
17.32 -0.000469339
17.33 -0.000483182
17.34 -0.000494714
17.35 -0.000503563
17.36 -0.000509951
17.37 -0.000514603
17.38 -0.000518378
17.39 -0.000521845
17.4 -0.00052505
17.41 -0.000527601
17.42 -0.000528961
17.43 -0.000528748
17.44 -0.000526835
17.45 -0.000523261
17.46 -0.000518091
17.47 -0.000511332
17.48 -0.000502964
17.49 -0.000492991
17.5 -0.000481464
17.51 -0.000468475
17.52 -0.000454157
17.53 -0.000438738
17.54 -0.000422581
17.55 -0.000406172
17.56 -0.000389981
17.57 -0.000374233
17.58 -0.000358697
17.59 -0.000342652
17.6 -0.000325137
17.61 -0.000305397
17.62 -0.000283291
17.63 -0.00025943
17.64 -0.00023497
17.65 -0.000211171
17.66 -0.000188942
17.67 -0.000168552
17.68 -0.000149624
17.69 -0.000131355
17.7 -0.000112864
17.71 -9.35288e-05
17.72 -7.32176e-05
17.73 -5.23317e-05
17.74 -3.16488e-05
17.75 -1.2021e-05
17.76 5.93445e-06
17.77 2.20131e-05
17.78 3.64074e-05
17.79 4.95519e-05
17.8 6.19337e-05
17.81 7.39309e-05
17.82 8.56839e-05
17.83 9.70339e-05
17.84 0.000107591
17.85 0.000116925
17.86 0.000124768
17.87 0.000131141
17.88 0.000136364
17.89 0.00014098
17.9 0.000145608
17.91 0.000150735
17.92 0.000156518
17.93 0.000162706
17.94 0.00016875
17.95 0.000174076
17.96 0.000178374
17.97 0.000181776
17.98 0.000184845
17.99 0.000188405
18 0.00019324
18.01 0.000199801
18.02 0.000208052
18.03 0.000217531
18.04 0.000227584
18.05 0.00023761
18.06 0.000247185
18.07 0.000256051
18.08 0.000264068
18.09 0.000271198
18.1 0.000277526
18.11 0.000283241
18.12 0.000288568
18.13 0.000293659
18.14 0.0002985
18.15 0.000302881
18.16 0.000306411
18.17 0.000308601
18.18 0.000309002
18.19 0.000307356
18.2 0.000303682
18.21 0.000298246
18.22 0.000291405
18.23 0.000283417
18.24 0.000274343
18.25 0.000264101
18.26 0.000252679
18.27 0.000240332
18.28 0.000227586
18.29 0.00021503
18.3 0.000203001
18.31 0.000191413
18.32 0.000179833
18.33 0.000167765
18.34 0.000154955
18.35 0.000141549
18.36 0.000128021
18.37 0.000114955
18.38 0.000102797
18.39 9.17189e-05
18.4 8.16527e-05
18.41 7.24403e-05
18.42 6.39899e-05
18.43 5.63552e-05
18.44 4.97261e-05
18.45 4.43509e-05
18.46 4.0417e-05
18.47 3.79255e-05
18.48 3.66165e-05
18.49 3.60045e-05
18.5 3.55352e-05
18.51 3.48071e-05
18.52 3.37473e-05
18.53 3.26303e-05
18.54 3.19022e-05
18.55 3.18913e-05
18.56 3.25697e-05
18.57 3.3501e-05
18.58 3.39929e-05
18.59 3.33416e-05
18.6 3.10225e-05
18.61 2.67534e-05
18.62 2.04589e-05
18.63 1.22044e-05
18.64 2.14145e-06
18.65 -9.52266e-06
18.66 -2.25368e-05
18.67 -3.66179e-05
18.68 -5.14823e-05
18.69 -6.6898e-05
18.7 -8.27359e-05
18.71 -9.89943e-05
18.72 -0.000115787
18.73 -0.000133298
18.74 -0.000151715
18.75 -0.000171131
18.76 -0.000191416
18.77 -0.000212117
18.78 -0.00023244
18.79 -0.000251356
18.8 -0.00026781
18.81 -0.000280959
18.82 -0.000290375
18.83 -0.000296141
18.84 -0.000298788
18.85 -0.000299084
18.86 -0.000297736
18.87 -0.000295124
18.88 -0.000291164
18.89 -0.000285368
18.9 -0.000277076
18.91 -0.000265797
18.92 -0.000251523
18.93 -0.00023487
18.94 -0.000216948
18.95 -0.000198975
18.96 -0.000181811
18.97 -0.000165636
18.98 -0.000149922
18.99 -0.000133744
19 -0.000116273
19.01 -9.72597e-05
19.02 -7.72617e-05
19.03 -5.75151e-05
19.04 -3.94996e-05
19.05 -2.43832e-05
19.06 -1.25899e-05
19.07 -3.69761e-06
19.08 3.27224e-06
19.09 9.30925e-06
19.1 1.48969e-05
19.11 1.97949e-05
19.12 2.32208e-05
19.13 2.42995e-05
19.14 2.25131e-05
19.15 1.79306e-05
19.16 1.11514e-05
19.17 3.04805e-06
19.18 -5.54405e-06
19.19 -1.40727e-05
19.2 -2.23923e-05
19.21 -3.0735e-05
19.22 -3.95261e-05
19.23 -4.90912e-05
19.24 -5.93743e-05
19.25 -6.98159e-05
19.26 -7.94839e-05
19.27 -8.74039e-05
19.28 -9.29136e-05
19.29 -9.58549e-05
19.3 -9.65242e-05
19.31 -9.54337e-05
19.32 -9.30214e-05
19.33 -8.94457e-05
19.34 -8.45417e-05
19.35 -7.79338e-05
19.36 -6.92429e-05
19.37 -5.82824e-05
19.38 -4.51496e-05
19.39 -3.01686e-05
19.4 -1.37255e-05
19.41 3.8688e-06
19.42 2.23594e-05
19.43 4.13996e-05
19.44 6.04397e-05
19.45 7.88037e-05
19.46 9.59352e-05
19.47 0.000111629
19.48 0.000126057
19.49 0.000139546
19.5 0.000152257
19.51 0.000163973
19.52 0.000174115
19.53 0.00018196
19.54 0.000186917
19.55 0.000188719
19.56 0.000187454
19.57 0.000183458
19.58 0.000177151
19.59 0.000168888
19.6 0.000158877
19.61 0.000147188
19.62 0.000133868
19.63 0.0001191
19.64 0.000103283
19.65 8.69595e-05
19.66 7.05976e-05
19.67 5.4359e-05
19.68 3.80041e-05
19.69 2.1024e-05
19.7 2.94617e-06
19.71 -1.6338e-05
19.72 -3.63904e-05
19.73 -5.62775e-05
19.74 -7.48285e-05
19.75 -9.09906e-05
19.76 -0.000104142
19.77 -0.000114246
19.78 -0.000121778
19.79 -0.00012746
19.8 -0.000131895
19.81 -0.000135277
19.82 -0.000137308
19.83 -0.000137365
19.84 -0.000134838
19.85 -0.000129467
19.86 -0.000121507
19.87 -0.000111636
19.88 -0.000100648
19.89 -8.90721e-05
19.9 -7.69041e-05
19.91 -6.36071e-05
19.92 -4.84197e-05
19.93 -3.08387e-05
19.94 -1.10203e-05
19.95 1.01419e-05
19.96 3.13361e-05
19.97 5.13714e-05
19.98 6.963e-05
19.99 8.62127e-05
20 0.000101768
20.01 0.00011714
20.02 0.000132993
20.03 0.000149529
20.04 0.000166361
20.05 0.000182587
20.06 0.000197084
20.07 0.000208907
20.08 0.000217648
20.09 0.000223566
20.1 0.000227426
20.11 0.000230127
20.12 0.00023228
20.13 0.000233966
20.14 0.000234775
20.15 0.000234077
20.16 0.000231384
20.17 0.000226577
20.18 0.000219934
20.19 0.000211985
20.2 0.00020331
20.21 0.000194362
20.22 0.000185328
20.23 0.000176054
20.24 0.000166061
20.25 0.00015472
20.26 0.000141554
20.27 0.000126521
20.28 0.000110062
20.29 9.28843e-05
20.3 7.56008e-05
20.31 5.84559e-05
20.32 4.12831e-05
20.33 2.36719e-05
20.34 5.2147e-06
20.35 -1.43005e-05
20.36 -3.48107e-05
20.37 -5.60106e-05
20.38 -7.74625e-05
20.39 -9.87382e-05
20.4 -0.000119544
20.41 -0.00013979
20.42 -0.000159581
20.43 -0.000179134
20.44 -0.000198665
20.45 -0.00021827
20.46 -0.000237865
20.47 -0.000257186
20.48 -0.000275847
20.49 -0.000293428
20.5 -0.000309563
20.51 -0.000324022
20.52 -0.000336749
20.53 -0.000347852
20.54 -0.000357539
20.55 -0.000366009
20.56 -0.000373321
20.57 -0.000379296
20.58 -0.000383534
20.59 -0.00038555
20.6 -0.000384975
20.61 -0.00038169
20.62 -0.000375819
20.63 -0.000367596
20.64 -0.000357256
20.65 -0.000345003
20.66 -0.000331089
20.67 -0.000315865
20.68 -0.000299739
20.69 -0.00028302
20.7 -0.000265743
20.71 -0.000247588
20.72 -0.000227986
20.73 -0.000206385
20.74 -0.000182572
20.75 -0.000156908
20.76 -0.000130301
20.77 -0.000103918
20.78 -7.87121e-05
20.79 -5.50148e-05
20.8 -3.24004e-05
20.81 -9.9247e-06
20.82 1.33724e-05
20.83 3.79659e-05
20.84 6.36095e-05
20.85 8.94605e-05
20.86 0.000114451
20.87 0.000137688
20.88 0.000158704
20.89 0.0001775
20.9 0.000194418
20.91 0.000209934
20.92 0.000224452
20.93 0.000238164
20.94 0.000251005
20.95 0.000262714
20.96 0.000272969
20.97 0.00028155
20.98 0.000288454
20.99 0.000293919
21 0.000298325
21.01 0.000302017
21.02 0.000305137
21.03 0.000307545
21.04 0.000308865
21.05 0.000308633
21.06 0.000306515
21.07 0.00030252
21.08 0.000297104
21.09 0.000291067
21.1 0.00028523
21.11 0.000280037
21.12 0.000275289
21.13 0.000270191
21.14 0.000263688
21.15 0.000254951
21.16 0.000243752
21.17 0.000230566
21.18 0.000216345
21.19 0.000202104
21.2 0.000188475
21.21 0.000175465
21.22 0.00016248
21.23 0.000148636
21.24 0.000133186
21.25 0.000115879
21.26 9.70355e-05
21.27 7.73159e-05
21.28 5.73304e-05
21.29 3.73505e-05
21.3 1.72965e-05
21.31 -3.05224e-06
21.32 -2.38338e-05
21.33 -4.50209e-05
21.34 -6.64654e-05
21.35 -8.79552e-05
21.36 -0.000109213
21.37 -0.000129871
21.38 -0.000149511
21.39 -0.000167785
21.4 -0.000184558
21.41 -0.00019994
21.42 -0.00021415
21.43 -0.000227275
21.44 -0.00023909
21.45 -0.000249077
21.46 -0.000256651
21.47 -0.000261444
21.48 -0.000263471
21.49 -0.00026307
21.5 -0.000260693
21.51 -0.000256677
21.52 -0.000251129
21.53 -0.000243972
21.54 -0.000235072
21.55 -0.00022439
21.56 -0.000212054
21.57 -0.00019835
21.58 -0.000183669
21.59 -0.000168434
21.6 -0.000153021
21.61 -0.000137676
21.62 -0.000122438
21.63 -0.000107131
21.64 -9.14454e-05
21.65 -7.50935e-05
21.66 -5.79857e-05
21.67 -4.03247e-05
21.68 -2.25706e-05
21.69 -5.30967e-06
21.7 1.08834e-05
21.71 2.55432e-05
21.72 3.83896e-05
21.73 4.94009e-05
21.74 5.88492e-05
21.75 6.72318e-05
21.76 7.5071e-05
21.77 8.26594e-05
21.78 8.98885e-05
21.79 9.62695e-05
21.8 0.000101151
21.81 0.000104035
21.82 0.000104831
21.83 0.000103941
21.84 0.000102102
21.85 0.000100112
21.86 9.85724e-05
21.87 9.7762e-05
21.88 9.76545e-05
21.89 9.80134e-05
21.9 9.85269e-05
21.91 9.89566e-05
21.92 9.92718e-05
21.93 9.97113e-05
21.94 0.000100721
21.95 0.000102766
21.96 0.000106099
21.97 0.000110616
21.98 0.000115907
21.99 0.000121487
22 0.000127064
22.01 0.000132688
22.02 0.000138676
22.03 0.000145397
22.04 0.000153078
22.05 0.000161725
22.06 0.000171129
22.07 0.000180881
22.08 0.000190401
22.09 0.000199011
22.1 0.000206117
22.11 0.000211418
22.12 0.000215001
22.13 0.000217236
22.14 0.000218494
22.15 0.000218864
22.16 0.000218072
22.17 0.000215649
22.18 0.000211206
22.19 0.000204633
22.2 0.000196089
22.21 0.000185853
22.22 0.00017417
22.23 0.000161214
22.24 0.000147148
22.25 0.000132196
22.26 0.000116633
22.27 0.000100704
22.28 8.45139e-05
22.29 6.79996e-05
22.3 5.10059e-05
22.31 3.34329e-05
22.32 1.53535e-05
22.33 -2.9678e-06
22.34 -2.1157e-05
22.35 -3.88398e-05
22.36 -5.57009e-05
22.37 -7.14782e-05
22.38 -8.59389e-05
22.39 -9.88874e-05
22.4 -0.000110206
22.41 -0.000119878
22.42 -0.000127942
22.43 -0.000134416
22.44 -0.000139264
22.45 -0.000142439
22.46 -0.000143976
22.47 -0.000144023
22.48 -0.000142749
22.49 -0.000140215
22.5 -0.000136327
22.51 -0.000130956
22.52 -0.000124138
22.53 -0.000116189
22.54 -0.000107649
22.55 -9.90914e-05
22.56 -9.0935e-05
22.57 -8.33584e-05
22.58 -7.63097e-05
22.59 -6.95819e-05
22.6 -6.29294e-05
22.61 -5.6216e-05
22.62 -4.95515e-05
22.63 -4.33341e-05
22.64 -3.8139e-05
22.65 -3.44957e-05
22.66 -3.26818e-05
22.67 -3.26497e-05
22.68 -3.41034e-05
22.69 -3.66532e-05
22.7 -3.99491e-05
22.71 -4.37573e-05
22.72 -4.79947e-05
22.73 -5.27281e-05
22.74 -5.81148e-05
22.75 -6.42957e-05
22.76 -7.12998e-05
22.77 -7.90168e-05
22.78 -8.72397e-05
22.79 -9.57295e-05
22.8 -0.000104255
22.81 -0.000112598
22.82 -0.000120546
22.83 -0.000127898
22.84 -0.000134493
22.85 -0.000140245
22.86 -0.000145169
22.87 -0.000149349
22.88 -0.000152846
22.89 -0.000155603
22.9 -0.000157427
22.91 -0.000158071
22.92 -0.000157379
22.93 -0.000155375
22.94 -0.000152255
22.95 -0.000148305
22.96 -0.000143813
22.97 -0.000139027
22.98 -0.000134128
22.99 -0.000129199
23 -0.000124178
23.01 -0.000118844
23.02 -0.000112891
23.03 -0.000106083
23.04 -9.84157e-05
23.05 -9.01786e-05
23.06 -8.18507e-05
23.07 -7.38866e-05
23.08 -6.65178e-05
23.09 -5.96833e-05
23.1 -5.31182e-05
23.11 -4.65264e-05
23.12 -3.97297e-05
23.13 -3.2714e-05
23.14 -2.55657e-05
23.15 -1.83685e-05
23.16 -1.11457e-05
23.17 -3.88272e-06
23.18 3.41046e-06
23.19 1.06677e-05
23.2 1.78003e-05
23.21 2.4755e-05
23.22 3.15257e-05
23.23 3.81127e-05
23.24 4.44886e-05
23.25 5.06299e-05
23.26 5.6599e-05
23.27 6.25931e-05
23.28 6.88845e-05
23.29 7.56631e-05
23.3 8.28793e-05
23.31 9.02019e-05
23.32 9.71427e-05
23.33 0.00010329
23.34 0.000108522
23.35 0.000113068
23.36 0.000117368
23.37 0.000121819
23.38 0.000126597
23.39 0.000131633
23.4 0.000136728
23.41 0.000141686
23.42 0.000146364
23.43 0.000150666
23.44 0.000154514
23.45 0.000157858
23.46 0.000160691
23.47 0.000163034
23.48 0.000164877
23.49 0.000166116
23.5 0.000166554
23.51 0.000166009
23.52 0.000164474
23.53 0.000162239
23.54 0.000159827
23.55 0.00015777
23.56 0.000156331
23.57 0.000155333
23.58 0.000154177
23.59 0.000152043
23.6 0.000148177
23.61 0.000142165
23.62 0.000134083
23.63 0.000124472
23.64 0.000114139
23.65 0.000103862
23.66 9.41029e-05
23.67 8.48467e-05
23.68 7.56235e-05
23.69 6.57083e-05
23.7 5.44195e-05
23.71 4.13865e-05
23.72 2.66647e-05
23.73 1.06521e-05
23.74 -6.13049e-06
23.75 -2.32584e-05
23.76 -4.04967e-05
23.77 -5.77512e-05
23.78 -7.49603e-05
23.79 -9.20315e-05
23.8 -0.000108864
23.81 -0.000125412
23.82 -0.000141709
23.83 -0.000157841
23.84 -0.000173877
23.85 -0.000189813
23.86 -0.000205507
23.87 -0.000220646
23.88 -0.000234753
23.89 -0.000247277
23.9 -0.000257745
23.91 -0.000265914
23.92 -0.000271849
23.93 -0.000275879
23.94 -0.000278445
23.95 -0.00027989
23.96 -0.000280294
23.97 -0.000279461
23.98 -0.00027705
23.99 -0.000272798
24 -0.000266682
24.01 -0.00025893
24.02 -0.000249918
24.03 -0.000240003
24.04 -0.000229395
24.05 -0.000218072
24.06 -0.000205812
24.07 -0.000192305
24.08 -0.000177343
24.09 -0.000160973
24.1 -0.000143538
24.11 -0.000125575
24.12 -0.000107609
24.13 -8.99593e-05
24.14 -7.26407e-05
24.15 -5.54169e-05
24.16 -3.79831e-05
24.17 -2.01811e-05
24.18 -2.12874e-06
24.19 1.58065e-05
24.2 3.3159e-05
24.21 4.95493e-05
24.22 6.48046e-05
24.23 7.89718e-05
24.24 9.22353e-05
24.25 0.000104785
24.26 0.000116691
24.27 0.000127835
24.28 0.000137935
24.29 0.000146639
24.3 0.000153651
24.31 0.000158826
24.32 0.000162219
24.33 0.000164084
24.34 0.000164817
24.35 0.000164857
24.36 0.000164539
24.37 0.000163963
24.38 0.000162929
24.39 0.000161024
24.4 0.000157832
24.41 0.000153185
24.42 0.000147322
24.43 0.000140857
24.44 0.00013457
24.45 0.000129121
24.46 0.00012484
24.47 0.000121671
24.48 0.00011929
24.49 0.000117318
24.5 0.000115522
24.51 0.000113919
24.52 0.000112759
24.53 0.000112428
24.54 0.000113297
24.55 0.000115593
24.56 0.000119293
24.57 0.000124107
24.58 0.000129566
24.59 0.000135205
24.6 0.000140728
24.61 0.000146088
24.62 0.000151423
24.63 0.000156917
24.64 0.000162678
24.65 0.000168667
24.66 0.000174684
24.67 0.000180386
24.68 0.000185332
24.69 0.000189077
24.7 0.000191292
24.71 0.000191859
24.72 0.000190862
24.73 0.000188475
24.74 0.000184812
24.75 0.000179831
24.76 0.000173358
24.77 0.000165186
24.78 0.000155171
24.79 0.00014326
24.8 0.000129462
24.81 0.000113832
24.82 9.64745e-05
24.83 7.75787e-05
24.84 5.74085e-05
24.85 3.62561e-05
24.86 1.43789e-05
24.87 -8.02925e-06
24.88 -3.08192e-05
24.89 -5.38474e-05
24.9 -7.69595e-05
24.91 -0.000100004
24.92 -0.000122843
24.93 -0.000145335
24.94 -0.000167288
24.95 -0.000188431
24.96 -0.000208422
24.97 -0.000226895
24.98 -0.000243518
24.99 -0.000258016
25 -0.00027017
25.01 -0.000279784
25.02 -0.000286683
25.03 -0.000290756
25.04 -0.000292048
25.05 -0.000290829
25.06 -0.00028757
25.07 -0.000282801
25.08 -0.000276929
25.09 -0.000270135
25.1 -0.000262385
25.11 -0.000253529
25.12 -0.00024341
25.13 -0.000231919
25.14 -0.000219035
25.15 -0.000204837
25.16 -0.000189525
25.17 -0.000173389
25.18 -0.000156741
25.19 -0.000139824
25.2 -0.000122768
25.21 -0.000105625
25.22 -8.84654e-05
25.23 -7.14438e-05
25.24 -5.47834e-05
25.25 -3.86849e-05
25.26 -2.32419e-05
25.27 -8.42794e-06
25.28 5.8436e-06
25.29 1.96394e-05
25.3 3.29554e-05
25.31 4.57084e-05
25.32 5.77501e-05
25.33 6.88892e-05
25.34 7.89247e-05
25.35 8.7707e-05
25.36 9.52218e-05
25.37 0.000101652
25.38 0.000107356
25.39 0.000112732
25.4 0.000118032
25.41 0.000123223
25.42 0.000128009
25.43 0.000131995
25.44 0.000134912
25.45 0.000136761
25.46 0.000137805
25.47 0.000138441
25.48 0.000139038
25.49 0.000139822
25.5 0.000140847
25.51 0.000142017
25.52 0.000143155
25.53 0.000144078
25.54 0.000144681
25.55 0.000144987
25.56 0.000145123
25.57 0.000145226
25.58 0.000145331
25.59 0.000145307
25.6 0.000144902
25.61 0.000143852
25.62 0.000141987
25.63 0.000139271
25.64 0.00013577
25.65 0.000131594
25.66 0.000126832
25.67 0.000121507
25.68 0.000115548
25.69 0.000108778
25.7 0.000100928
25.71 9.16958e-05
25.72 8.08464e-05
25.73 6.83193e-05
25.74 5.42736e-05
25.75 3.90283e-05
25.76 2.2916e-05
25.77 6.13711e-06
25.78 -1.12931e-05
25.79 -2.94858e-05
25.8 -4.85672e-05
25.81 -6.85873e-05
25.82 -8.94787e-05
25.83 -0.000111066
25.84 -0.000133113
25.85 -0.000155371
25.86 -0.000177606
25.87 -0.000199573
25.88 -0.000220993
25.89 -0.000241557
25.9 -0.000260984
25.91 -0.000279089
25.92 -0.000295796
25.93 -0.000311072
25.94 -0.000324814
25.95 -0.000336776
25.96 -0.000346586
25.97 -0.000353865
25.98 -0.000358369
25.99 -0.000360083
26 -0.000359234
26.01 -0.000356219
26.02 -0.00035146
26.03 -0.000345237
26.04 -0.0003376
26.05 -0.000328403
26.06 -0.000317454
26.07 -0.000304659
26.08 -0.000290082
26.09 -0.000273894
26.1 -0.000256291
26.11 -0.000237451
26.12 -0.00021753
26.13 -0.000196686
26.14 -0.000175103
26.15 -0.000152987
26.16 -0.000130525
26.17 -0.000107818
26.18 -8.48463e-05
26.19 -6.15077e-05
26.2 -3.77249e-05
26.21 -1.35473e-05
26.22 1.08034e-05
26.23 3.49802e-05
26.24 5.86236e-05
26.25 8.14814e-05
26.26 0.000103469
26.27 0.000124641
26.28 0.000145086
26.29 0.000164829
26.3 0.000183771
26.31 0.000201707
26.32 0.000218411
26.33 0.000233727
26.34 0.000247652
26.35 0.000260352
26.36 0.000272117
26.37 0.000283242
26.38 0.000293939
26.39 0.000304276
26.4 0.000314202
26.41 0.000323597
26.42 0.000332333
26.43 0.000340313
26.44 0.000347499
26.45 0.000353932
26.46 0.000359755
26.47 0.000365214
26.48 0.000370591
26.49 0.000376086
26.5 0.000381682
26.51 0.000387106
26.52 0.000391908
26.53 0.000395664
26.54 0.000398164
26.55 0.000399497
26.56 0.000399955
26.57 0.00039982
26.58 0.000399169
26.59 0.000397815
26.6 0.000395416
26.61 0.000391651
26.62 0.000386347
26.63 0.000379491
26.64 0.000371157
26.65 0.000361445
26.66 0.000350464
26.67 0.000338336
26.68 0.000325187
26.69 0.000311092
26.7 0.000296004
26.71 0.000279741
26.72 0.00026205
26.73 0.000242754
26.74 0.000221897
26.75 0.000199791
26.76 0.000176898
26.77 0.000153604
26.78 0.000130036
26.79 0.000106042
26.8 8.13318e-05
26.81 5.56824e-05
26.82 2.90609e-05
26.83 1.63046e-06
26.84 -2.63254e-05
26.85 -5.44855e-05
26.86 -8.25372e-05
26.87 -0.000110185
26.88 -0.000137143
26.89 -0.000163159
26.9 -0.000188083
26.91 -0.000211942
26.92 -0.000234909
26.93 -0.000257163
26.94 -0.000278703
26.95 -0.000299254
26.96 -0.000318348
26.97 -0.000335521
26.98 -0.000350502
26.99 -0.000363293
27 -0.000374104
27.01 -0.000383237
27.02 -0.000390973
27.03 -0.00039753
27.04 -0.000403066
27.05 -0.000407716
27.06 -0.000411598
27.07 -0.00041481
27.08 -0.00041741
27.09 -0.000419407
27.1 -0.000420783
27.11 -0.00042151
27.12 -0.000421567
27.13 -0.000420925
27.14 -0.000419516
27.15 -0.000417222
27.16 -0.000413908
27.17 -0.000409495
27.18 -0.000404033
27.19 -0.000397714
27.2 -0.000390816
27.21 -0.000383579
27.22 -0.000376079
27.23 -0.000368173
27.24 -0.000359559
27.25 -0.000349913
27.26 -0.00033903
27.27 -0.000326866
27.28 -0.000313509
27.29 -0.000299103
27.3 -0.000283795
27.31 -0.000267725
27.32 -0.000251021
27.33 -0.000233803
27.34 -0.000216131
27.35 -0.000197953
27.36 -0.000179081
27.37 -0.000159232
27.38 -0.000138152
27.39 -0.000115734
27.4 -9.20747e-05
27.41 -6.74312e-05
27.42 -4.21415e-05
27.43 -1.65443e-05
27.44 9.07209e-06
27.45 3.44997e-05
27.46 5.96242e-05
27.47 8.44265e-05
27.48 0.000108975
27.49 0.000133392
27.5 0.000157774
27.51 0.000182092
27.52 0.000206116
27.53 0.00022944
27.54 0.000251579
27.55 0.000272091
27.56 0.000290674
27.57 0.000307197
27.58 0.000321692
27.59 0.000334312
27.6 0.000345234
27.61 0.000354563
27.62 0.000362282
27.63 0.000368299
27.64 0.000372558
27.65 0.00037514
27.66 0.000376274
27.67 0.000376244
27.68 0.000375262
27.69 0.000373383
27.7 0.000370498
27.71 0.000366402
27.72 0.000360893
27.73 0.000353875
27.74 0.000345436
27.75 0.000335865
27.76 0.000325594
27.77 0.000315056
27.78 0.000304557
27.79 0.000294191
27.8 0.000283828
27.81 0.000273153
27.82 0.000261781
27.83 0.000249422
27.84 0.000236012
27.85 0.000221741
27.86 0.000206953
27.87 0.000191986
27.88 0.000177045
27.89 0.00016216
27.9 0.000147225
27.91 0.000132085
27.92 0.000116652
27.93 0.000100994
27.94 8.53129e-05
27.95 6.98159e-05
27.96 5.45549e-05
27.97 3.93637e-05
27.98 2.39342e-05
27.99 7.98094e-06
28 -8.61502e-06
28.01 -2.57488e-05
28.02 -4.31202e-05
28.03 -6.0318e-05
28.04 -7.69378e-05
28.05 -9.27144e-05
28.06 -0.000107637
28.07 -0.000121982
28.08 -0.000136221
28.09 -0.000150815
28.1 -0.000165996
28.11 -0.000181641
28.12 -0.000197303
28.13 -0.000212383
28.14 -0.000226365
28.15 -0.000238993
28.16 -0.000250321
28.17 -0.000260609
28.18 -0.000270147
28.19 -0.000279105
28.2 -0.000287482
28.21 -0.000295143
28.22 -0.0003019
28.23 -0.000307576
28.24 -0.000312051
28.25 -0.000315288
28.26 -0.000317326
28.27 -0.000318248
28.28 -0.000318107
28.29 -0.000316859
28.3 -0.000314353
28.31 -0.000310399
28.32 -0.000304865
28.33 -0.000297743
28.34 -0.00028913
28.35 -0.000279182
28.36 -0.000268067
28.37 -0.000255959
28.38 -0.000243017
28.39 -0.000229346
28.4 -0.000214956
28.41 -0.000199768
28.42 -0.000183658
28.43 -0.000166519
28.44 -0.000148303
28.45 -0.000129043
28.46 -0.000108821
28.47 -8.77357e-05
28.48 -6.58853e-05
28.49 -4.33909e-05
28.5 -2.0443e-05
28.51 2.69023e-06
28.52 2.57275e-05
28.53 4.84714e-05
28.54 7.08532e-05
28.55 9.28894e-05
28.56 0.000114591
28.57 0.000135887
28.58 0.000156587
28.59 0.000176396
28.6 0.000194976
28.61 0.00021204
28.62 0.000227429
28.63 0.000241124
28.64 0.000253181
28.65 0.000263638
28.66 0.000272447
28.67 0.000279481
28.68 0.000284635
28.69 0.000287911
28.7 0.000289448
28.71 0.000289452
28.72 0.000288107
28.73 0.000285535
28.74 0.000281812
28.75 0.000276991
28.76 0.000271123
28.77 0.000264266
28.78 0.000256501
28.79 0.000247951
28.8 0.000238763
28.81 0.00022907
28.82 0.000218984
28.83 0.000208618
28.84 0.000198108
28.85 0.000187608
28.86 0.000177226
28.87 0.000166984
28.88 0.000156823
28.89 0.00014668
28.9 0.000136563
28.91 0.000126577
28.92 0.00011687
28.93 0.000107544
28.94 9.86082e-05
28.95 9.0008e-05
28.96 8.16794e-05
28.97 7.35847e-05
28.98 6.57009e-05
28.99 5.79946e-05
29 5.0418e-05
29.01 4.29361e-05
29.02 3.5556e-05
29.03 2.83198e-05
29.04 2.12451e-05
29.05 1.42527e-05
29.06 7.14348e-06
29.07 -3.42169e-07
29.08 -8.41474e-06
29.09 -1.71557e-05
29.1 -2.6526e-05
29.11 -3.64384e-05
29.12 -4.68139e-05
29.13 -5.75868e-05
29.14 -6.86897e-05
29.15 -8.007e-05
29.16 -9.17386e-05
29.17 -0.0001038
29.18 -0.000116415
29.19 -0.000129704
29.2 -0.000143638
29.21 -0.000157998
29.22 -0.000172437
29.23 -0.000186609
29.24 -0.000200286
29.25 -0.00021339
29.26 -0.000225916
29.27 -0.00023782
29.28 -0.000248968
29.29 -0.000259165
29.3 -0.000268234
29.31 -0.000276071
29.32 -0.000282649
29.33 -0.000287978
29.34 -0.000292051
29.35 -0.000294804
29.36 -0.000296125
29.37 -0.000295913
29.38 -0.000294134
29.39 -0.00029083
29.4 -0.000286095
29.41 -0.000280039
29.42 -0.000272815
29.43 -0.000264643
29.44 -0.00025577
29.45 -0.000246344
29.46 -0.000236299
29.47 -0.000225371
29.48 -0.000213267
29.49 -0.000199882
29.5 -0.00018541
29.51 -0.000170278
29.52 -0.000154937
29.53 -0.000139668
29.54 -0.000124508
29.55 -0.000109317
29.56 -9.39278e-05
29.57 -7.82587e-05
29.58 -6.23734e-05
29.59 -4.64643e-05
29.6 -3.07844e-05
29.61 -1.55546e-05
29.62 -8.80398e-07
29.63 1.32767e-05
29.64 2.70484e-05
29.65 4.05598e-05
29.66 5.38505e-05
29.67 6.68573e-05
29.68 7.94425e-05
29.69 9.14407e-05
29.7 0.000102713
29.71 0.000113204
29.72 0.000122978
29.73 0.000132209
29.74 0.000141121
29.75 0.000149892
29.76 0.000158581
29.77 0.000167108
29.78 0.000175292
29.79 0.000182933
29.8 0.000189904
29.81 0.000196203
29.82 0.000201964
29.83 0.000207405
29.84 0.000212746
29.85 0.000218128
29.86 0.000223548
29.87 0.000228857
29.88 0.000233817
29.89 0.000238196
29.9 0.000241845
29.91 0.000244713
29.92 0.000246827
29.93 0.000248248
29.94 0.000249046
29.95 0.000249271
29.96 0.000248924
29.97 0.000247942
29.98 0.000246203
29.99 0.000243572
30 0.000239952
30.01 0.000235315
30.02 0.000229681
30.03 0.00022309
30.04 0.00021558
30.05 0.000207191
30.06 0.000197965
30.07 0.000187928
30.08 0.000177057
30.09 0.000165289
30.1 0.000152559
30.11 0.00013887
30.12 0.000124342
30.13 0.000109196
30.14 9.36774e-05
30.15 7.79519e-05
30.16 6.2042e-05
30.17 4.58457e-05
30.18 2.92337e-05
30.19 1.21615e-05
30.2 -5.27206e-06
30.21 -2.28503e-05
30.22 -4.03157e-05
30.23 -5.74419e-05
30.24 -7.40617e-05
30.25 -9.00573e-05
30.26 -0.000105347
30.27 -0.000119892
30.28 -0.000133707
30.29 -0.000146853
30.3 -0.000159378
30.31 -0.000171244
30.32 -0.000182291
30.33 -0.000192278
30.34 -0.000200987
30.35 -0.000208328
30.36 -0.000214373
30.37 -0.000219303
30.38 -0.000223309
30.39 -0.000226505
30.4 -0.000228903
30.41 -0.00023045
30.42 -0.000231087
30.43 -0.000230796
30.44 -0.000229611
30.45 -0.000227608
30.46 -0.000224882
30.47 -0.000221535
30.48 -0.000217662
30.49 -0.000213336
30.5 -0.000208586
30.51 -0.000203393
30.52 -0.000197703
30.53 -0.000191473
30.54 -0.000184709
30.55 -0.000177482
30.56 -0.000169904
30.57 -0.000162086
30.58 -0.000154102
30.59 -0.000145975
30.6 -0.000137681
30.61 -0.000129167
30.62 -0.000120383
30.63 -0.000111302
30.64 -0.000101932
30.65 -9.23103e-05
30.66 -8.24842e-05
30.67 -7.2485e-05
30.68 -6.23192e-05
30.69 -5.19757e-05
30.7 -4.14431e-05
30.71 -3.07227e-05
30.72 -1.98299e-05
30.73 -8.78559e-06
30.74 2.3946e-06
30.75 1.37031e-05
30.76 2.51331e-05
30.77 3.66679e-05
30.78 4.8274e-05
30.79 5.99049e-05
30.8 7.15073e-05
30.81 8.30277e-05
30.82 9.44141e-05
30.83 0.000105616
30.84 0.000116581
30.85 0.000127253
30.86 0.000137566
30.87 0.000147447
30.88 0.000156828
30.89 0.00016565
30.9 0.00017387
30.91 0.000181458
30.92 0.000188386
30.93 0.000194611
30.94 0.00020008
30.95 0.000204733
30.96 0.000208515
30.97 0.000211388
30.98 0.000213333
30.99 0.000214351
31 0.000214454
31.01 0.00021367
31.02 0.000212035
31.03 0.000209586
31.04 0.000206357
31.05 0.00020237
31.06 0.000197639
31.07 0.000192177
31.08 0.000185998
31.09 0.000179129
31.1 0.000171611
31.11 0.000163493
31.12 0.000154828
31.13 0.000145671
31.14 0.000136074
31.15 0.000126085
31.16 0.000115753
31.17 0.000105122
31.18 9.42349e-05
31.19 8.31328e-05
31.2 7.18584e-05
31.21 6.0456e-05
31.22 4.89705e-05
31.23 3.74452e-05
31.24 2.59207e-05
31.25 1.44348e-05
31.26 3.02434e-06
31.27 -8.27336e-06
31.28 -1.94196e-05
31.29 -3.03755e-05
31.3 -4.11041e-05
31.31 -5.15727e-05
31.32 -6.17542e-05
31.33 -7.16278e-05
31.34 -8.11777e-05
31.35 -9.03917e-05
31.36 -9.92581e-05
31.37 -0.000107765
31.38 -0.000115896
31.39 -0.000123637
31.4 -0.000130967
31.41 -0.000137869
31.42 -0.000144328
31.43 -0.000150331
31.44 -0.000155869
31.45 -0.000160937
31.46 -0.000165532
31.47 -0.000169648
31.48 -0.000173278
31.49 -0.000176415
31.5 -0.000179048
31.51 -0.000181165
31.52 -0.000182759
31.53 -0.000183822
31.54 -0.000184345
31.55 -0.000184323
31.56 -0.000183748
31.57 -0.000182612
31.58 -0.000180909
31.59 -0.000178636
31.6 -0.00017579
31.61 -0.000172374
31.62 -0.000168393
31.63 -0.000163852
31.64 -0.000158759
31.65 -0.000153123
31.66 -0.00014695
31.67 -0.000140252
31.68 -0.000133037
31.69 -0.000125319
31.7 -0.000117117
31.71 -0.000108452
31.72 -9.93497e-05
31.73 -8.98405e-05
31.74 -7.99562e-05
31.75 -6.97309e-05
31.76 -5.92006e-05
31.77 -4.8403e-05
31.78 -3.73777e-05
31.79 -2.61666e-05
31.8 -1.48138e-05
31.81 -3.3658e-06
31.82 8.1286e-06
31.83 1.96189e-05
31.84 3.10531e-05
31.85 4.23783e-05
31.86 5.35407e-05
31.87 6.44863e-05
31.88 7.51611e-05
31.89 8.55121e-05
31.9 9.54876e-05
31.91 0.000105039
31.92 0.00011412
31.93 0.000122691
31.94 0.000130713
31.95 0.000138156
31.96 0.000144991
31.97 0.000151195
31.98 0.00015675
31.99 0.000161642
32 0.000165862
32.01 0.000169403
32.02 0.000172264
32.03 0.00017445
32.04 0.000175967
32.05 0.000176828
32.06 0.000177049
32.07 0.000176647
32.08 0.000175642
32.09 0.000174054
32.1 0.000171903
32.11 0.000169211
32.12 0.000166
32.13 0.000162294
32.14 0.000158115
32.15 0.000153487
32.16 0.000148432
32.17 0.000142973
32.18 0.000137132
32.19 0.000130931
32.2 0.000124391
32.21 0.000117532
32.22 0.000110376
32.23 0.000102943
32.24 9.52518e-05
32.25 8.73217e-05
32.26 7.9171e-05
32.27 7.08174e-05
32.28 6.22782e-05
32.29 5.35704e-05
32.3 4.4712e-05
32.31 3.5721e-05
32.32 2.66168e-05
32.33 1.74194e-05
32.34 8.14975e-06
32.35 -1.17028e-06
32.36 -1.0518e-05
32.37 -1.98696e-05
32.38 -2.92005e-05
32.39 -3.84847e-05
32.4 -4.7695e-05
32.41 -5.68027e-05
32.42 -6.57779e-05
32.43 -7.45891e-05
32.44 -8.32038e-05
32.45 -9.15887e-05
32.46 -9.97095e-05
32.47 -0.000107532
32.48 -0.000115021
32.49 -0.000122142
32.5 -0.000128861
32.51 -0.000135146
32.52 -0.000140964
32.53 -0.000146288
32.54 -0.000151088
32.55 -0.000155342
32.56 -0.000159027
32.57 -0.000162125
32.58 -0.00016462
32.59 -0.000166499
32.6 -0.000167754
32.61 -0.00016838
32.62 -0.000168373
32.63 -0.000167735
32.64 -0.000166471
32.65 -0.000164587
32.66 -0.000162095
32.67 -0.000159007
32.68 -0.000155339
32.69 -0.00015111
32.7 -0.00014634
32.71 -0.000141051
32.72 -0.000135267
32.73 -0.000129015
32.74 -0.000122321
32.75 -0.000115214
32.76 -0.000107726
32.77 -9.98862e-05
32.78 -9.17284e-05
32.79 -8.32858e-05
32.8 -7.45926e-05
32.81 -6.56836e-05
32.82 -5.65942e-05
32.83 -4.73597e-05
32.84 -3.80161e-05
32.85 -2.85988e-05
32.86 -1.91432e-05
32.87 -9.68441e-06
32.88 -2.56758e-07
32.89 9.10592e-06
32.9 1.83706e-05
32.91 2.75053e-05
32.92 3.64788e-05
32.93 4.52614e-05
32.94 5.38245e-05
32.95 6.21409e-05
32.96 7.01851e-05
32.97 7.79331e-05
32.98 8.53628e-05
32.99 9.24536e-05
33 9.91867e-05
33.01 0.000105545
33.02 0.000111514
33.03 0.000117078
33.04 0.000122227
33.05 0.000126949
33.06 0.000131235
33.07 0.000135078
33.08 0.000138471
33.09 0.000141408
33.1 0.000143886
33.11 0.000145902
33.12 0.000147452
33.13 0.000148537
33.14 0.000149155
33.15 0.000149308
33.16 0.000148996
33.17 0.000148222
33.18 0.000146989
33.19 0.000145298
33.2 0.000143156
33.21 0.000140567
33.22 0.000137535
33.23 0.000134069
33.24 0.000130176
33.25 0.000125864
33.26 0.000121143
33.27 0.000116023
33.28 0.000110516
33.29 0.000104636
33.3 9.83969e-05
33.31 9.18146e-05
33.32 8.49063e-05
33.33 7.76906e-05
33.34 7.01876e-05
33.35 6.24192e-05
33.36 5.44085e-05
33.37 4.61804e-05
33.38 3.77614e-05
33.39 2.91794e-05
33.4 2.0464e-05
33.41 1.16461e-05
33.42 2.75787e-06
33.43 -6.16708e-06
33.44 -1.50942e-05
33.45 -2.39882e-05
33.46 -3.28127e-05
33.47 -4.15311e-05
33.48 -5.01066e-05
33.49 -5.85024e-05
33.5 -6.66818e-05
33.51 -7.46091e-05
33.52 -8.22492e-05
33.53 -8.95686e-05
33.54 -9.65352e-05
33.55 -0.000103119
33.56 -0.000109292
33.57 -0.000115028
33.58 -0.000120306
33.59 -0.000125106
33.6 -0.00012941
33.61 -0.000133204
33.62 -0.00013648
33.63 -0.000139228
33.64 -0.000141444
33.65 -0.000143127
33.66 -0.000144278
33.67 -0.0001449
33.68 -0.000145
33.69 -0.000144585
33.7 -0.000143666
33.71 -0.000142254
33.72 -0.000140363
33.73 -0.000138008
33.74 -0.000135204
33.75 -0.000131968
33.76 -0.000128319
33.77 -0.000124274
33.78 -0.000119853
33.79 -0.000115076
33.8 -0.000109961
33.81 -0.000104529
33.82 -9.8801e-05
33.83 -9.27963e-05
33.84 -8.65357e-05
33.85 -8.00396e-05
33.86 -7.33286e-05
33.87 -6.64229e-05
33.88 -5.93431e-05
33.89 -5.21095e-05
33.9 -4.47426e-05
33.91 -3.72628e-05
33.92 -2.96907e-05
33.93 -2.20468e-05
33.94 -1.43518e-05
33.95 -6.6266e-06
33.96 1.10768e-06
33.97 8.82977e-06
33.98 1.65181e-05
33.99 2.41509e-05
34 3.17061e-05
34.01 3.91612e-05
34.02 4.64937e-05
34.03 5.36808e-05
34.04 6.06994e-05
34.05 6.75266e-05
34.06 7.41392e-05
34.07 8.05143e-05
34.08 8.6629e-05
34.09 9.24612e-05
34.1 9.79887e-05
34.11 0.00010319
34.12 0.000108046
34.13 0.000112535
34.14 0.00011664
34.15 0.000120345
34.16 0.000123632
34.17 0.000126488
34.18 0.000128901
34.19 0.00013086
34.2 0.000132356
34.21 0.000133382
34.22 0.000133934
34.23 0.000134009
34.24 0.000133606
34.25 0.000132726
34.26 0.000131372
34.27 0.00012955
34.28 0.000127266
34.29 0.000124528
34.3 0.000121349
34.31 0.00011774
34.32 0.000113715
34.33 0.000109289
34.34 0.000104481
34.35 9.93077e-05
34.36 9.37901e-05
34.37 8.79492e-05
34.38 8.18074e-05
34.39 7.53882e-05
34.4 6.87161e-05
34.41 6.18166e-05
34.42 5.4716e-05
34.43 4.74413e-05
34.44 4.002e-05
34.45 3.24803e-05
34.46 2.48505e-05
34.47 1.71595e-05
34.48 9.43604e-06
34.49 1.709e-06
34.5 -5.99291e-06
34.51 -1.36412e-05
34.52 -2.12079e-05
34.53 -2.86655e-05
34.54 -3.59872e-05
34.55 -4.3147e-05
34.56 -5.01198e-05
34.57 -5.68816e-05
34.58 -6.34097e-05
34.59 -6.96824e-05
34.6 -7.56796e-05
34.61 -8.13825e-05
34.62 -8.67739e-05
34.63 -9.18381e-05
34.64 -9.65609e-05
34.65 -0.00010093
34.66 -0.000104934
34.67 -0.000108563
34.68 -0.00011181
34.69 -0.000114669
34.7 -0.000117133
34.71 -0.0001192
34.72 -0.000120867
34.73 -0.000122133
34.74 -0.000122998
34.75 -0.000123462
34.76 -0.000123528
34.77 -0.000123199
34.78 -0.000122478
34.79 -0.00012137
34.8 -0.00011988
34.81 -0.000118015
34.82 -0.00011578
34.83 -0.000113185
34.84 -0.000110236
34.85 -0.000106943
34.86 -0.000103316
34.87 -9.9364e-05
34.88 -9.50989e-05
34.89 -9.05322e-05
34.9 -8.56765e-05
34.91 -8.0545e-05
34.92 -7.51519e-05
34.93 -6.95122e-05
34.94 -6.36416e-05
34.95 -5.7557e-05
34.96 -5.12759e-05
34.97 -4.48169e-05
34.98 -3.81996e-05
34.99 -3.14443e-05
35 -2.45724e-05
35.01 -1.76061e-05
35.02 -1.05683e-05
35.03 -3.48304e-06
35.04 3.62518e-06
35.05 1.07311e-05
35.06 1.7809e-05
35.07 2.48326e-05
35.08 3.17754e-05
35.09 3.86107e-05
35.1 4.53116e-05
35.11 5.18518e-05
35.12 5.82048e-05
35.13 6.4345e-05
35.14 7.02474e-05
35.15 7.58879e-05
35.16 8.12434e-05
35.17 8.62923e-05
35.18 9.10142e-05
35.19 9.53905e-05
35.2 9.94042e-05
35.21 0.00010304
35.22 0.000106286
35.23 0.000109129
35.24 0.000111562
35.25 0.000113577
35.26 0.00011517
35.27 0.000116336
35.28 0.000117077
35.29 0.000117392
35.3 0.000117284
35.31 0.000116759
35.32 0.000115822
35.33 0.000114481
35.34 0.000112746
35.35 0.000110626
35.36 0.000108134
35.37 0.000105282
35.38 0.000102084
35.39 9.85554e-05
35.4 9.47108e-05
35.41 9.05665e-05
35.42 8.61394e-05
35.43 8.14467e-05
35.44 7.65063e-05
35.45 7.13362e-05
35.46 6.5955e-05
35.47 6.03814e-05
35.48 5.46343e-05
35.49 4.8733e-05
35.5 4.26968e-05
35.51 3.6545e-05
35.52 3.02971e-05
35.53 2.39728e-05
35.54 1.75916e-05
35.55 1.1173e-05
35.56 4.73681e-06
35.57 -1.69759e-06
35.58 -8.11065e-06
35.59 -1.44829e-05
35.6 -2.0795e-05
35.61 -2.70278e-05
35.62 -3.31622e-05
35.63 -3.91792e-05
35.64 -4.50602e-05
35.65 -5.07867e-05
35.66 -5.63408e-05
35.67 -6.17045e-05
35.68 -6.68606e-05
35.69 -7.17922e-05
35.7 -7.6483e-05
35.71 -8.09173e-05
35.72 -8.508e-05
35.73 -8.8957e-05
35.74 -9.25347e-05
35.75 -9.58007e-05
35.76 -9.87434e-05
35.77 -0.000101352
35.78 -0.000103617
35.79 -0.000105531
35.8 -0.000107086
35.81 -0.000108276
35.82 -0.000109097
35.83 -0.000109545
35.84 -0.000109619
35.85 -0.000109317
35.86 -0.000108641
35.87 -0.000107592
35.88 -0.000106173
35.89 -0.00010439
35.9 -0.000102249
35.91 -9.97562e-05
35.92 -9.69209e-05
35.93 -9.37528e-05
35.94 -9.02631e-05
35.95 -8.6464e-05
35.96 -8.23689e-05
35.97 -7.79925e-05
35.98 -7.33503e-05
35.99 -6.8459e-05
36 -6.33361e-05
36.01 -5.80001e-05
36.02 -5.24705e-05
36.03 -4.67673e-05
36.04 -4.09113e-05
36.05 -3.4924e-05
36.06 -2.88274e-05
36.07 -2.26439e-05
36.08 -1.63964e-05
36.09 -1.0108e-05
36.1 -3.80204e-06
36.11 2.49822e-06
36.12 8.76943e-06
36.13 1.49884e-05
36.14 2.11323e-05
36.15 2.71785e-05
36.16 3.3105e-05
36.17 3.88903e-05
36.18 4.45138e-05
36.19 4.99555e-05
36.2 5.51963e-05
36.21 6.02184e-05
36.22 6.50048e-05
36.23 6.95398e-05
36.24 7.38088e-05
36.25 7.77985e-05
36.26 8.14971e-05
36.27 8.48938e-05
36.28 8.79795e-05
36.29 9.0746e-05
36.3 9.31869e-05
36.31 9.52967e-05
36.32 9.70715e-05
36.33 9.85083e-05
36.34 9.96056e-05
36.35 0.000100363
36.36 0.000100781
36.37 0.00010086
36.38 0.000100605
36.39 0.000100018
36.4 9.91027e-05
36.41 9.78655e-05
36.42 9.63119e-05
36.43 9.44485e-05
36.44 9.22828e-05
36.45 8.98227e-05
36.46 8.70769e-05
36.47 8.40547e-05
36.48 8.07659e-05
36.49 7.72211e-05
36.5 7.34313e-05
36.51 6.94082e-05
36.52 6.51638e-05
36.53 6.0711e-05
36.54 5.60631e-05
36.55 5.12339e-05
36.56 4.62381e-05
36.57 4.10905e-05
36.58 3.58069e-05
36.59 3.04033e-05
36.6 2.48965e-05
36.61 1.93038e-05
36.62 1.36428e-05
36.63 7.93188e-06
36.64 2.18965e-06
36.65 -3.56478e-06
36.66 -9.31198e-06
36.67 -1.50322e-05
36.68 -2.07055e-05
36.69 -2.63118e-05
36.7 -3.1831e-05
36.71 -3.72428e-05
36.72 -4.25275e-05
36.73 -4.76651e-05
36.74 -5.26364e-05
36.75 -5.74225e-05
36.76 -6.20051e-05
36.77 -6.63666e-05
36.78 -7.04902e-05
36.79 -7.43601e-05
36.8 -7.79616e-05
36.81 -8.12809e-05
36.82 -8.43057e-05
36.83 -8.70249e-05
36.84 -8.94286e-05
36.85 -9.15086e-05
36.86 -9.32579e-05
36.87 -9.4671e-05
36.88 -9.57441e-05
36.89 -9.64746e-05
36.9 -9.68616e-05
36.91 -9.69053e-05
36.92 -9.66077e-05
36.93 -9.59719e-05
36.94 -9.50024e-05
36.95 -9.3705e-05
36.96 -9.20864e-05
36.97 -9.01549e-05
36.98 -8.79194e-05
36.99 -8.53902e-05
37 -8.25782e-05
37.01 -7.94953e-05
37.02 -7.61542e-05
37.03 -7.25684e-05
37.04 -6.87517e-05
37.05 -6.4719e-05
37.06 -6.04853e-05
37.07 -5.60662e-05
37.08 -5.1478e-05
37.09 -4.67368e-05
37.1 -4.18595e-05
37.11 -3.68629e-05
37.12 -3.17643e-05
37.13 -2.65808e-05
37.14 -2.133e-05
37.15 -1.60292e-05
37.16 -1.06958e-05
37.17 -5.34743e-06
37.18 -1.33729e-09
37.19 5.32521e-06
37.2 1.06151e-05
37.21 1.58514e-05
37.22 2.10175e-05
37.23 2.60969e-05
37.24 3.10735e-05
37.25 3.59316e-05
37.26 4.06558e-05
37.27 4.52311e-05
37.28 4.96432e-05
37.29 5.38781e-05
37.3 5.79223e-05
37.31 6.1763e-05
37.32 6.53882e-05
37.33 6.87862e-05
37.34 7.19463e-05
37.35 7.48584e-05
37.36 7.75132e-05
37.37 7.99023e-05
37.38 8.2018e-05
37.39 8.38535e-05
37.4 8.5403e-05
37.41 8.66614e-05
37.42 8.76248e-05
37.43 8.829e-05
37.44 8.86548e-05
37.45 8.87181e-05
37.46 8.84797e-05
37.47 8.79403e-05
37.48 8.71017e-05
37.49 8.59667e-05
37.5 8.45389e-05
37.51 8.28231e-05
37.52 8.08249e-05
37.53 7.8551e-05
37.54 7.60089e-05
37.55 7.32072e-05
37.56 7.01551e-05
37.57 6.68631e-05
37.58 6.33424e-05
37.59 5.96048e-05
37.6 5.56633e-05
37.61 5.15315e-05
37.62 4.72236e-05
37.63 4.27547e-05
37.64 3.81405e-05
37.65 3.33973e-05
37.66 2.85419e-05
37.67 2.35916e-05
37.68 1.85642e-05
37.69 1.34778e-05
37.7 8.35088e-06
37.71 3.20195e-06
37.72 -1.95018e-06
37.73 -7.0867e-06
37.74 -1.21888e-05
37.75 -1.72379e-05
37.76 -2.22155e-05
37.77 -2.71033e-05
37.78 -3.18838e-05
37.79 -3.65394e-05
37.8 -4.10536e-05
37.81 -4.54102e-05
37.82 -4.95938e-05
37.83 -5.35899e-05
37.84 -5.73847e-05
37.85 -6.09655e-05
37.86 -6.43204e-05
37.87 -6.74387e-05
37.88 -7.03106e-05
37.89 -7.29274e-05
37.9 -7.52817e-05
37.91 -7.73669e-05
37.92 -7.91776e-05
37.93 -8.07097e-05
37.94 -8.19599e-05
37.95 -8.29262e-05
37.96 -8.36074e-05
37.97 -8.40034e-05
37.98 -8.41151e-05
37.99 -8.39444e-05
38 -8.34938e-05
38.01 -8.27669e-05
38.02 -8.1768e-05
38.03 -8.05023e-05
38.04 -7.89754e-05
38.05 -7.7194e-05
38.06 -7.51651e-05
38.07 -7.28966e-05
38.08 -7.03967e-05
38.09 -6.76743e-05
38.1 -6.4739e-05
38.11 -6.16005e-05
38.12 -5.82694e-05
38.13 -5.47566e-05
38.14 -5.10733e-05
38.15 -4.72314e-05
38.16 -4.3243e-05
38.17 -3.91208e-05
38.18 -3.48776e-05
38.19 -3.05268e-05
38.2 -2.60822e-05
38.21 -2.15578e-05
38.22 -1.69679e-05
38.23 -1.23272e-05
38.24 -7.65047e-06
38.25 -2.95298e-06
38.26 1.74997e-06
38.27 6.44288e-06
38.28 1.11101e-05
38.29 1.5736e-05
38.3 2.03048e-05
38.31 2.48009e-05
38.32 2.92086e-05
38.33 3.35126e-05
38.34 3.76976e-05
38.35 4.17487e-05
38.36 4.56514e-05
38.37 4.93917e-05
38.38 5.29559e-05
38.39 5.6331e-05
38.4 5.95047e-05
38.41 6.24655e-05
38.42 6.52025e-05
38.43 6.77058e-05
38.44 6.99662e-05
38.45 7.19758e-05
38.46 7.37275e-05
38.47 7.52151e-05
38.48 7.64337e-05
38.49 7.73793e-05
38.5 7.80492e-05
38.51 7.84416e-05
38.52 7.8556e-05
38.53 7.83927e-05
38.54 7.79533e-05
38.55 7.72404e-05
38.56 7.62576e-05
38.57 7.50095e-05
38.58 7.35018e-05
38.59 7.1741e-05
38.6 6.97344e-05
38.61 6.74903e-05
38.62 6.50178e-05
38.63 6.23267e-05
38.64 5.94274e-05
38.65 5.63311e-05
38.66 5.30496e-05
38.67 4.95952e-05
38.68 4.59808e-05
38.69 4.22195e-05
38.7 3.83252e-05
38.71 3.43117e-05
38.72 3.01934e-05
38.73 2.59849e-05
38.74 2.17009e-05
38.75 1.73564e-05
38.76 1.29663e-05
38.77 8.54572e-06
38.78 4.10974e-06
38.79 -3.2665e-07
38.8 -4.74852e-06
38.81 -9.14107e-06
38.82 -1.34897e-05
38.83 -1.77801e-05
38.84 -2.19981e-05
38.85 -2.613e-05
38.86 -3.01622e-05
38.87 -3.40819e-05
38.88 -3.78763e-05
38.89 -4.15334e-05
38.9 -4.50415e-05
38.91 -4.83895e-05
38.92 -5.15669e-05
38.93 -5.45638e-05
38.94 -5.73708e-05
38.95 -5.99793e-05
38.96 -6.23814e-05
38.97 -6.45696e-05
38.98 -6.65374e-05
38.99 -6.82789e-05
39 -6.9789e-05
39.01 -7.10632e-05
39.02 -7.20979e-05
39.03 -7.28902e-05
39.04 -7.34379e-05
39.05 -7.37397e-05
39.06 -7.3795e-05
39.07 -7.3604e-05
39.08 -7.31675e-05
39.09 -7.24873e-05
39.1 -7.15658e-05
39.11 -7.04063e-05
39.12 -6.90127e-05
39.13 -6.73897e-05
39.14 -6.55429e-05
39.15 -6.34783e-05
39.16 -6.12028e-05
39.17 -5.8724e-05
39.18 -5.60502e-05
39.19 -5.31903e-05
39.2 -5.0154e-05
39.21 -4.69513e-05
39.22 -4.35931e-05
39.23 -4.00908e-05
39.24 -3.64563e-05
39.25 -3.27021e-05
39.26 -2.88411e-05
39.27 -2.48866e-05
39.28 -2.08524e-05
39.29 -1.67526e-05
39.3 -1.26016e-05
39.31 -8.4141e-06
39.32 -4.20496e-06
39.33 1.08194e-08
39.34 4.21817e-06
39.35 8.402e-06
39.36 1.25473e-05
39.37 1.6639e-05
39.38 2.06625e-05
39.39 2.46033e-05
39.4 2.84472e-05
39.41 3.21805e-05
39.42 3.57897e-05
39.43 3.92621e-05
39.44 4.25854e-05
39.45 4.57481e-05
39.46 4.87393e-05
39.47 5.15487e-05
39.48 5.4167e-05
39.49 5.65855e-05
39.5 5.87966e-05
39.51 6.07933e-05
39.52 6.25697e-05
39.53 6.41207e-05
39.54 6.54419e-05
39.55 6.65302e-05
39.56 6.73831e-05
39.57 6.79992e-05
39.58 6.83776e-05
39.59 6.85188e-05
39.6 6.84236e-05
39.61 6.80938e-05
39.62 6.75322e-05
39.63 6.67419e-05
39.64 6.57271e-05
39.65 6.44925e-05
39.66 6.30435e-05
39.67 6.1386e-05
39.68 5.95267e-05
39.69 5.74726e-05
39.7 5.52315e-05
39.71 5.28115e-05
39.72 5.02212e-05
39.73 4.74697e-05
39.74 4.45664e-05
39.75 4.15213e-05
39.76 3.83446e-05
39.77 3.50468e-05
39.78 3.16388e-05
39.79 2.81318e-05
39.8 2.45373e-05
39.81 2.08669e-05
39.82 1.71326e-05
39.83 1.33464e-05
39.84 9.52067e-06
39.85 5.66784e-06
39.86 1.80044e-06
39.87 -2.0689e-06
39.88 -5.92747e-06
39.89 -9.76259e-06
39.9 -1.35615e-05
39.91 -1.73117e-05
39.92 -2.10005e-05
39.93 -2.46156e-05
39.94 -2.81447e-05
39.95 -3.15757e-05
39.96 -3.48971e-05
39.97 -3.80973e-05
39.98 -4.11652e-05
39.99 -4.40903e-05
40 -4.68624e-05
40.01 -4.94717e-05
40.02 -5.19091e-05
40.03 -5.41661e-05
40.04 -5.62348e-05
40.05 -5.8108e-05
40.06 -5.97791e-05
40.07 -6.12424e-05
40.08 -6.24928e-05
40.09 -6.35261e-05
40.1 -6.43388e-05
40.11 -6.49285e-05
40.12 -6.52932e-05
40.13 -6.54322e-05
40.14 -6.53453e-05
40.15 -6.50333e-05
40.16 -6.44977e-05
40.17 -6.3741e-05
40.18 -6.27664e-05
40.19 -6.15778e-05
40.2 -6.01802e-05
40.21 -5.8579e-05
40.22 -5.67805e-05
40.23 -5.47915e-05
40.24 -5.26198e-05
40.25 -5.02734e-05
40.26 -4.77613e-05
40.27 -4.50927e-05
40.28 -4.22776e-05
40.29 -3.93263e-05
40.3 -3.62496e-05
40.31 -3.30586e-05
40.32 -2.9765e-05
40.33 -2.63804e-05
40.34 -2.29171e-05
40.35 -1.93873e-05
40.36 -1.58035e-05
40.37 -1.21783e-05
40.38 -8.52431e-06
40.39 -4.85435e-06
40.4 -1.18108e-06
40.41 2.48284e-06
40.42 6.12487e-06
40.43 9.73261e-06
40.44 1.32938e-05
40.45 1.67966e-05
40.46 2.02291e-05
40.47 2.35799e-05
40.48 2.68381e-05
40.49 2.99929e-05
40.5 3.3034e-05
40.51 3.59517e-05
40.52 3.87365e-05
40.53 4.13796e-05
40.54 4.38727e-05
40.55 4.62081e-05
40.56 4.83784e-05
40.57 5.03772e-05
40.58 5.21983e-05
40.59 5.38364e-05
40.6 5.52866e-05
40.61 5.65449e-05
40.62 5.76077e-05
40.63 5.84721e-05
40.64 5.9136e-05
40.65 5.95976e-05
40.66 5.98561e-05
40.67 5.99112e-05
40.68 5.97632e-05
40.69 5.9413e-05
40.7 5.88622e-05
40.71 5.8113e-05
40.72 5.71683e-05
40.73 5.60315e-05
40.74 5.47065e-05
40.75 5.3198e-05
40.76 5.15112e-05
40.77 4.96518e-05
40.78 4.7626e-05
40.79 4.54407e-05
40.8 4.31032e-05
40.81 4.06214e-05
40.82 3.80035e-05
40.83 3.52584e-05
40.84 3.23953e-05
40.85 2.94239e-05
40.86 2.63541e-05
40.87 2.31965e-05
40.88 1.99618e-05
40.89 1.6661e-05
40.9 1.33055e-05
40.91 9.90684e-06
40.92 6.47682e-06
40.93 3.02738e-06
40.94 -4.29449e-07
40.95 -3.88154e-06
40.96 -7.31675e-06
40.97 -1.0723e-05
40.98 -1.40881e-05
40.99 -1.74003e-05
41 -2.06478e-05
41.01 -2.38191e-05
41.02 -2.69028e-05
41.03 -2.98883e-05
41.04 -3.27647e-05
41.05 -3.55222e-05
41.06 -3.8151e-05
41.07 -4.06419e-05
41.08 -4.29865e-05
41.09 -4.51767e-05
41.1 -4.72052e-05
41.11 -4.90652e-05
41.12 -5.07506e-05
41.13 -5.22563e-05
41.14 -5.35774e-05
41.15 -5.47102e-05
41.16 -5.56514e-05
41.17 -5.63985e-05
41.18 -5.695e-05
41.19 -5.73046e-05
41.2 -5.74623e-05
41.21 -5.74235e-05
41.22 -5.71892e-05
41.23 -5.67614e-05
41.24 -5.61424e-05
41.25 -5.53354e-05
41.26 -5.43441e-05
41.27 -5.31729e-05
41.28 -5.18265e-05
41.29 -5.03105e-05
41.3 -4.86306e-05
41.31 -4.67935e-05
41.32 -4.48058e-05
41.33 -4.26749e-05
41.34 -4.04085e-05
41.35 -3.80147e-05
41.36 -3.55018e-05
41.37 -3.28786e-05
41.38 -3.01542e-05
41.39 -2.73377e-05
41.4 -2.44389e-05
41.41 -2.14673e-05
41.42 -1.8433e-05
41.43 -1.53461e-05
41.44 -1.22167e-05
41.45 -9.05538e-06
41.46 -5.87243e-06
41.47 -2.67839e-06
41.48 5.16233e-07
41.49 3.7009e-06
41.5 6.86511e-06
41.51 9.99843e-06
41.52 1.30905e-05
41.53 1.61311e-05
41.54 1.91101e-05
41.55 2.20177e-05
41.56 2.48441e-05
41.57 2.758e-05
41.58 3.02161e-05
41.59 3.27437e-05
41.6 3.51542e-05
41.61 3.74395e-05
41.62 3.95919e-05
41.63 4.16041e-05
41.64 4.34694e-05
41.65 4.51814e-05
41.66 4.67343e-05
41.67 4.8123e-05
41.68 4.93428e-05
41.69 5.03895e-05
41.7 5.12598e-05
41.71 5.19507e-05
41.72 5.24601e-05
41.73 5.27864e-05
41.74 5.29287e-05
41.75 5.28867e-05
41.76 5.26608e-05
41.77 5.22522e-05
41.78 5.16624e-05
41.79 5.08938e-05
41.8 4.99495e-05
41.81 4.88329e-05
41.82 4.75485e-05
41.83 4.61009e-05
41.84 4.44955e-05
41.85 4.27383e-05
41.86 4.08357e-05
41.87 3.87947e-05
41.88 3.66228e-05
41.89 3.43278e-05
41.9 3.19181e-05
41.91 2.94024e-05
41.92 2.67897e-05
41.93 2.40893e-05
41.94 2.13111e-05
41.95 1.84648e-05
41.96 1.55606e-05
41.97 1.26088e-05
41.98 9.61988e-06
41.99 6.60431e-06
42 3.57268e-06
42.01 5.35608e-07
42.02 -2.49633e-06
42.03 -5.5126e-06
42.04 -8.5028e-06
42.05 -1.14566e-05
42.06 -1.4364e-05
42.07 -1.7215e-05
42.08 -2e-05
42.09 -2.27096e-05
42.1 -2.53349e-05
42.11 -2.78669e-05
42.12 -3.02976e-05
42.13 -3.26189e-05
42.14 -3.48232e-05
42.15 -3.69036e-05
42.16 -3.88535e-05
42.17 -4.06668e-05
42.18 -4.23378e-05
42.19 -4.38615e-05
42.2 -4.52334e-05
42.21 -4.64493e-05
42.22 -4.75059e-05
42.23 -4.84001e-05
42.24 -4.91297e-05
42.25 -4.96928e-05
42.26 -5.0088e-05
42.27 -5.03148e-05
42.28 -5.03728e-05
42.29 -5.02625e-05
42.3 -4.99847e-05
42.31 -4.95408e-05
42.32 -4.89328e-05
42.33 -4.81631e-05
42.34 -4.72347e-05
42.35 -4.61509e-05
42.36 -4.49158e-05
42.37 -4.35337e-05
42.38 -4.20093e-05
42.39 -4.03481e-05
42.4 -3.85556e-05
42.41 -3.6638e-05
42.42 -3.46019e-05
42.43 -3.2454e-05
42.44 -3.02017e-05
42.45 -2.78526e-05
42.46 -2.54145e-05
42.47 -2.28957e-05
42.48 -2.03048e-05
42.49 -1.76504e-05
42.5 -1.49416e-05
42.51 -1.21875e-05
42.52 -9.39766e-06
42.53 -6.58146e-06
42.54 -3.74861e-06
42.55 -9.08829e-07
42.56 1.92809e-06
42.57 4.75235e-06
42.58 7.55416e-06
42.59 1.03238e-05
42.6 1.30516e-05
42.61 1.57281e-05
42.62 1.83439e-05
42.63 2.08899e-05
42.64 2.33573e-05
42.65 2.57374e-05
42.66 2.80219e-05
42.67 3.02029e-05
42.68 3.22728e-05
42.69 3.42246e-05
42.7 3.60515e-05
42.71 3.77473e-05
42.72 3.93065e-05
42.73 4.07237e-05
42.74 4.19943e-05
42.75 4.31143e-05
42.76 4.40802e-05
42.77 4.48891e-05
42.78 4.55386e-05
42.79 4.6027e-05
42.8 4.63532e-05
42.81 4.65167e-05
42.82 4.65175e-05
42.83 4.63562e-05
42.84 4.60341e-05
42.85 4.5553e-05
42.86 4.49152e-05
42.87 4.41235e-05
42.88 4.31813e-05
42.89 4.20925e-05
42.9 4.08615e-05
42.91 3.94931e-05
42.92 3.79924e-05
42.93 3.63652e-05
42.94 3.46175e-05
42.95 3.27556e-05
42.96 3.07865e-05
42.97 2.8717e-05
42.98 2.65545e-05
42.99 2.43067e-05
43 2.19814e-05
43.01 1.95866e-05
43.02 1.71307e-05
43.03 1.46219e-05
43.04 1.20688e-05
43.05 9.48009e-06
43.06 6.86449e-06
43.07 4.23078e-06
43.08 1.58778e-06
43.09 -1.05569e-06
43.1 -3.69082e-06
43.11 -6.30885e-06
43.12 -8.9011e-06
43.13 -1.1459e-05
43.14 -1.3974e-05
43.15 -1.64379e-05
43.16 -1.88424e-05
43.17 -2.11797e-05
43.18 -2.34421e-05
43.19 -2.56221e-05
43.2 -2.77124e-05
43.21 -2.97062e-05
43.22 -3.15969e-05
43.23 -3.33783e-05
43.24 -3.50445e-05
43.25 -3.65901e-05
43.26 -3.80099e-05
43.27 -3.92994e-05
43.28 -4.04543e-05
43.29 -4.14709e-05
43.3 -4.23458e-05
43.31 -4.30763e-05
43.32 -4.36601e-05
43.33 -4.40953e-05
43.34 -4.43807e-05
43.35 -4.45155e-05
43.36 -4.44994e-05
43.37 -4.43327e-05
43.38 -4.40161e-05
43.39 -4.3551e-05
43.4 -4.29392e-05
43.41 -4.21829e-05
43.42 -4.1285e-05
43.43 -4.02488e-05
43.44 -3.90782e-05
43.45 -3.77772e-05
43.46 -3.63507e-05
43.47 -3.48038e-05
43.48 -3.3142e-05
43.49 -3.13714e-05
43.5 -2.94981e-05
43.51 -2.7529e-05
43.52 -2.54711e-05
43.53 -2.33316e-05
43.54 -2.11182e-05
43.55 -1.88387e-05
43.56 -1.65012e-05
43.57 -1.4114e-05
43.58 -1.16854e-05
43.59 -9.22417e-06
43.6 -6.73881e-06
43.61 -4.23808e-06
43.62 -1.73075e-06
43.63 7.74425e-07
43.64 3.26872e-06
43.65 5.74346e-06
43.66 8.1901e-06
43.67 1.06002e-05
43.68 1.29654e-05
43.69 1.52778e-05
43.7 1.75294e-05
43.71 1.97126e-05
43.72 2.18201e-05
43.73 2.38449e-05
43.74 2.57802e-05
43.75 2.76196e-05
43.76 2.93573e-05
43.77 3.09876e-05
43.78 3.25052e-05
43.79 3.39055e-05
43.8 3.51841e-05
43.81 3.63371e-05
43.82 3.7361e-05
43.83 3.82528e-05
43.84 3.90101e-05
43.85 3.96308e-05
43.86 4.01132e-05
43.87 4.04564e-05
43.88 4.06596e-05
43.89 4.07226e-05
43.9 4.06458e-05
43.91 4.04299e-05
43.92 4.0076e-05
43.93 3.95859e-05
43.94 3.89615e-05
43.95 3.82054e-05
43.96 3.73204e-05
43.97 3.63098e-05
43.98 3.51774e-05
43.99 3.39272e-05
44 3.25636e-05
44.01 3.10914e-05
44.02 2.95157e-05
44.03 2.7842e-05
44.04 2.6076e-05
44.05 2.42237e-05
44.06 2.22915e-05
44.07 2.02859e-05
44.08 1.82137e-05
44.09 1.6082e-05
44.1 1.38979e-05
44.11 1.16689e-05
44.12 9.4025e-06
44.13 7.10636e-06
44.14 4.7883e-06
44.15 2.45618e-06
44.16 1.17946e-07
44.17 -2.21843e-06
44.18 -4.54499e-06
44.19 -6.85376e-06
44.2 -9.13683e-06
44.21 -1.13864e-05
44.22 -1.35947e-05
44.23 -1.57542e-05
44.24 -1.78574e-05
44.25 -1.98971e-05
44.26 -2.18663e-05
44.27 -2.37582e-05
44.28 -2.55663e-05
44.29 -2.72844e-05
44.3 -2.89067e-05
44.31 -3.04276e-05
44.32 -3.1842e-05
44.33 -3.31451e-05
44.34 -3.43326e-05
44.35 -3.54005e-05
44.36 -3.63454e-05
44.37 -3.71642e-05
44.38 -3.78544e-05
44.39 -3.84139e-05
44.4 -3.8841e-05
44.41 -3.91348e-05
44.42 -3.92944e-05
44.43 -3.93198e-05
44.44 -3.92113e-05
44.45 -3.89697e-05
44.46 -3.85962e-05
44.47 -3.80927e-05
44.48 -3.74612e-05
44.49 -3.67045e-05
44.5 -3.58255e-05
44.51 -3.48278e-05
44.52 -3.37152e-05
44.53 -3.24919e-05
44.54 -3.11625e-05
44.55 -2.97321e-05
44.56 -2.82057e-05
44.57 -2.65891e-05
44.58 -2.4888e-05
44.59 -2.31085e-05
44.6 -2.1257e-05
44.61 -1.934e-05
44.62 -1.73643e-05
44.63 -1.53367e-05
44.64 -1.32642e-05
44.65 -1.11541e-05
44.66 -9.01363e-06
44.67 -6.85003e-06
44.68 -4.6707e-06
44.69 -2.48305e-06
44.7 -2.94466e-07
44.71 1.88768e-06
44.72 4.05606e-06
44.73 6.20342e-06
44.74 8.3226e-06
44.75 1.04065e-05
44.76 1.24483e-05
44.77 1.44412e-05
44.78 1.63786e-05
44.79 1.82541e-05
44.8 2.00615e-05
44.81 2.1795e-05
44.82 2.34489e-05
44.83 2.50178e-05
44.84 2.64965e-05
44.85 2.78803e-05
44.86 2.91646e-05
44.87 3.03455e-05
44.88 3.1419e-05
44.89 3.23818e-05
44.9 3.32308e-05
44.91 3.39633e-05
44.92 3.45771e-05
44.93 3.50703e-05
44.94 3.54414e-05
44.95 3.56894e-05
44.96 3.58136e-05
44.97 3.58138e-05
44.98 3.56902e-05
44.99 3.54435e-05
45 3.50745e-05
45.01 3.45849e-05
45.02 3.39763e-05
45.03 3.32512e-05
45.04 3.24121e-05
45.05 3.1462e-05
45.06 3.04045e-05
45.07 2.92432e-05
45.08 2.79823e-05
45.09 2.66263e-05
45.1 2.518e-05
45.11 2.36485e-05
45.12 2.20372e-05
45.13 2.03518e-05
45.14 1.85983e-05
45.15 1.67827e-05
45.16 1.49115e-05
45.17 1.29913e-05
45.18 1.10287e-05
45.19 9.03078e-06
45.2 7.0044e-06
45.21 4.9567e-06
45.22 2.89483e-06
45.23 8.25988e-07
45.24 -1.24261e-06
45.25 -3.30376e-06
45.26 -5.3503e-06
45.27 -7.37516e-06
45.28 -9.37133e-06
45.29 -1.13319e-05
45.3 -1.32502e-05
45.31 -1.51197e-05
45.32 -1.69339e-05
45.33 -1.86867e-05
45.34 -2.03723e-05
45.35 -2.1985e-05
45.36 -2.35193e-05
45.37 -2.49704e-05
45.38 -2.63333e-05
45.39 -2.76037e-05
45.4 -2.87775e-05
45.41 -2.9851e-05
45.42 -3.08209e-05
45.43 -3.16842e-05
45.44 -3.24383e-05
45.45 -3.30811e-05
45.46 -3.36107e-05
45.47 -3.40257e-05
45.48 -3.43251e-05
45.49 -3.45084e-05
45.5 -3.45753e-05
45.51 -3.4526e-05
45.52 -3.43611e-05
45.53 -3.40816e-05
45.54 -3.36887e-05
45.55 -3.31842e-05
45.56 -3.25701e-05
45.57 -3.18489e-05
45.58 -3.10233e-05
45.59 -3.00964e-05
45.6 -2.90715e-05
45.61 -2.79525e-05
45.62 -2.67432e-05
45.63 -2.5448e-05
45.64 -2.40714e-05
45.65 -2.26182e-05
45.66 -2.10934e-05
45.67 -1.95024e-05
45.68 -1.78505e-05
45.69 -1.61434e-05
45.7 -1.43869e-05
45.71 -1.2587e-05
45.72 -1.07499e-05
45.73 -8.88169e-06
45.74 -6.98878e-06
45.75 -5.07756e-06
45.76 -3.1545e-06
45.77 -1.22613e-06
45.78 7.01036e-07
45.79 2.62046e-06
45.8 4.52563e-06
45.81 6.41009e-06
45.82 8.26745e-06
45.83 1.00914e-05
45.84 1.18757e-05
45.85 1.36144e-05
45.86 1.53015e-05
45.87 1.69313e-05
45.88 1.84983e-05
45.89 1.99971e-05
45.9 2.14227e-05
45.91 2.27702e-05
45.92 2.40352e-05
45.93 2.52133e-05
45.94 2.63007e-05
45.95 2.72936e-05
45.96 2.81888e-05
45.97 2.89835e-05
45.98 2.9675e-05
45.99 3.0261e-05
46 3.07399e-05
46.01 3.11102e-05
46.02 3.13708e-05
46.03 3.15211e-05
46.04 3.15608e-05
46.05 3.14901e-05
46.06 3.13095e-05
46.07 3.10198e-05
46.08 3.06225e-05
46.09 3.01191e-05
46.1 2.95117e-05
46.11 2.88027e-05
46.12 2.79948e-05
46.13 2.70912e-05
46.14 2.60953e-05
46.15 2.50107e-05
46.16 2.38414e-05
46.17 2.25918e-05
46.18 2.12664e-05
46.19 1.987e-05
46.2 1.84076e-05
46.21 1.68845e-05
46.22 1.5306e-05
46.23 1.36777e-05
46.24 1.20054e-05
46.25 1.02948e-05
46.26 8.5521e-06
46.27 6.78317e-06
46.28 4.99416e-06
46.29 3.19125e-06
46.3 1.38061e-06
46.31 -4.31586e-07
46.32 -2.23916e-06
46.33 -4.03599e-06
46.34 -5.81601e-06
46.35 -7.57323e-06
46.36 -9.30175e-06
46.37 -1.09958e-05
46.38 -1.26498e-05
46.39 -1.42581e-05
46.4 -1.58155e-05
46.41 -1.73169e-05
46.42 -1.87574e-05
46.43 -2.01321e-05
46.44 -2.14367e-05
46.45 -2.26669e-05
46.46 -2.38188e-05
46.47 -2.48886e-05
46.48 -2.5873e-05
46.49 -2.67688e-05
46.5 -2.75732e-05
46.51 -2.82838e-05
46.52 -2.88982e-05
46.53 -2.94147e-05
46.54 -2.98318e-05
46.55 -3.01481e-05
46.56 -3.0363e-05
46.57 -3.04757e-05
46.58 -3.04863e-05
46.59 -3.03948e-05
46.6 -3.02017e-05
46.61 -2.99079e-05
46.62 -2.95145e-05
46.63 -2.90231e-05
46.64 -2.84355e-05
46.65 -2.77539e-05
46.66 -2.69807e-05
46.67 -2.61187e-05
46.68 -2.5171e-05
46.69 -2.4141e-05
46.7 -2.30323e-05
46.71 -2.18488e-05
46.72 -2.05946e-05
46.73 -1.92742e-05
46.74 -1.78923e-05
46.75 -1.64535e-05
46.76 -1.4963e-05
46.77 -1.34259e-05
46.78 -1.18477e-05
46.79 -1.02338e-05
46.8 -8.58978e-06
46.81 -6.92145e-06
46.82 -5.23457e-06
46.83 -3.53501e-06
46.84 -1.82866e-06
46.85 -1.21458e-07
46.86 1.5807e-06
46.87 3.27191e-06
46.88 4.94634e-06
46.89 6.59821e-06
46.9 8.22184e-06
46.91 9.81165e-06
46.92 1.13622e-05
46.93 1.28682e-05
46.94 1.43246e-05
46.95 1.57264e-05
46.96 1.70688e-05
46.97 1.83475e-05
46.98 1.9558e-05
46.99 2.06965e-05
47 2.17593e-05
47.01 2.27427e-05
47.02 2.36438e-05
47.03 2.44595e-05
47.04 2.51875e-05
47.05 2.58254e-05
47.06 2.63713e-05
47.07 2.68238e-05
47.08 2.71814e-05
47.09 2.74434e-05
47.1 2.76091e-05
47.11 2.76783e-05
47.12 2.76511e-05
47.13 2.75278e-05
47.14 2.73093e-05
47.15 2.69966e-05
47.16 2.6591e-05
47.17 2.60943e-05
47.18 2.55083e-05
47.19 2.48355e-05
47.2 2.40782e-05
47.21 2.32394e-05
47.22 2.23221e-05
47.23 2.13296e-05
47.24 2.02656e-05
47.25 1.91337e-05
47.26 1.79379e-05
47.27 1.66825e-05
47.28 1.53719e-05
47.29 1.40105e-05
47.3 1.26032e-05
47.31 1.11546e-05
47.32 9.66986e-06
47.33 8.15397e-06
47.34 6.61211e-06
47.35 5.04954e-06
47.36 3.47156e-06
47.37 1.88352e-06
47.38 2.90796e-07
47.39 -1.30122e-06
47.4 -2.88714e-06
47.41 -4.46161e-06
47.42 -6.01932e-06
47.43 -7.55501e-06
47.44 -9.06351e-06
47.45 -1.05397e-05
47.46 -1.19787e-05
47.47 -1.33755e-05
47.48 -1.47256e-05
47.49 -1.60244e-05
47.5 -1.72674e-05
47.51 -1.84506e-05
47.52 -1.957e-05
47.53 -2.06218e-05
47.54 -2.16025e-05
47.55 -2.2509e-05
47.56 -2.33382e-05
47.57 -2.40873e-05
47.58 -2.47541e-05
47.59 -2.53362e-05
47.6 -2.58318e-05
47.61 -2.62395e-05
47.62 -2.65579e-05
47.63 -2.67861e-05
47.64 -2.69236e-05
47.65 -2.69701e-05
47.66 -2.69255e-05
47.67 -2.67903e-05
47.68 -2.6565e-05
47.69 -2.62508e-05
47.7 -2.58488e-05
47.71 -2.53607e-05
47.72 -2.47884e-05
47.73 -2.4134e-05
47.74 -2.34001e-05
47.75 -2.25893e-05
47.76 -2.17046e-05
47.77 -2.07493e-05
47.78 -1.9727e-05
47.79 -1.86412e-05
47.8 -1.74958e-05
47.81 -1.62951e-05
47.82 -1.50433e-05
47.83 -1.37448e-05
47.84 -1.24043e-05
47.85 -1.10264e-05
47.86 -9.61595e-06
47.87 -8.17799e-06
47.88 -6.71747e-06
47.89 -5.23948e-06
47.9 -3.74912e-06
47.91 -2.25154e-06
47.92 -7.51893e-07
47.93 7.44695e-07
47.94 2.23311e-06
47.95 3.7083e-06
47.96 5.16525e-06
47.97 6.59906e-06
47.98 8.00489e-06
47.99 9.37804e-06
48 1.07139e-05
48.01 1.20081e-05
48.02 1.32563e-05
48.03 1.44544e-05
48.04 1.55984e-05
48.05 1.66847e-05
48.06 1.77097e-05
48.07 1.86701e-05
48.08 1.95629e-05
48.09 2.03851e-05
48.1 2.11342e-05
48.11 2.18078e-05
48.12 2.24039e-05
48.13 2.29206e-05
48.14 2.33564e-05
48.15 2.371e-05
48.16 2.39805e-05
48.17 2.4167e-05
48.18 2.42692e-05
48.19 2.4287e-05
48.2 2.42204e-05
48.21 2.40698e-05
48.22 2.3836e-05
48.23 2.352e-05
48.24 2.31229e-05
48.25 2.26462e-05
48.26 2.20919e-05
48.27 2.14617e-05
48.28 2.07582e-05
48.29 1.99837e-05
48.3 1.9141e-05
48.31 1.82332e-05
48.32 1.72633e-05
48.33 1.62349e-05
48.34 1.51515e-05
48.35 1.40169e-05
48.36 1.28351e-05
48.37 1.16102e-05
48.38 1.03464e-05
48.39 9.04807e-06
48.4 7.71979e-06
48.41 6.36614e-06
48.42 4.99179e-06
48.43 3.6015e-06
48.44 2.20008e-06
48.45 7.92355e-07
48.46 -6.16806e-07
48.47 -2.02255e-06
48.48 -3.42003e-06
48.49 -4.80445e-06
48.5 -6.17104e-06
48.51 -7.51513e-06
48.52 -8.83211e-06
48.53 -1.01175e-05
48.54 -1.13669e-05
48.55 -1.2576e-05
48.56 -1.37409e-05
48.57 -1.48574e-05
48.58 -1.5922e-05
48.59 -1.6931e-05
48.6 -1.78811e-05
48.61 -1.87691e-05
48.62 -1.95922e-05
48.63 -2.03476e-05
48.64 -2.10329e-05
48.65 -2.16461e-05
48.66 -2.2185e-05
48.67 -2.26482e-05
48.68 -2.30341e-05
48.69 -2.33419e-05
48.7 -2.35705e-05
48.71 -2.37194e-05
48.72 -2.37884e-05
48.73 -2.37776e-05
48.74 -2.36871e-05
48.75 -2.35175e-05
48.76 -2.32697e-05
48.77 -2.29447e-05
48.78 -2.25439e-05
48.79 -2.20689e-05
48.8 -2.15216e-05
48.81 -2.09039e-05
48.82 -2.02183e-05
48.83 -1.94673e-05
48.84 -1.86536e-05
48.85 -1.77801e-05
48.86 -1.68501e-05
48.87 -1.58667e-05
48.88 -1.48335e-05
48.89 -1.37542e-05
48.9 -1.26324e-05
48.91 -1.14722e-05
48.92 -1.02774e-05
48.93 -9.05235e-06
48.94 -7.80113e-06
48.95 -6.52807e-06
48.96 -5.23752e-06
48.97 -3.93389e-06
48.98 -2.62161e-06
48.99 -1.30513e-06
49 1.10806e-08
49.01 1.32257e-06
49.02 2.62491e-06
49.03 3.91372e-06
49.04 5.18464e-06
49.05 6.43342e-06
49.06 7.65586e-06
49.07 8.84786e-06
49.08 1.00054e-05
49.09 1.11247e-05
49.1 1.2202e-05
49.11 1.32336e-05
49.12 1.42162e-05
49.13 1.51464e-05
49.14 1.60213e-05
49.15 1.68379e-05
49.16 1.75936e-05
49.17 1.82858e-05
49.18 1.89124e-05
49.19 1.94713e-05
49.2 1.99606e-05
49.21 2.0379e-05
49.22 2.0725e-05
49.23 2.09976e-05
49.24 2.1196e-05
49.25 2.13197e-05
49.26 2.13684e-05
49.27 2.13421e-05
49.28 2.12411e-05
49.29 2.10657e-05
49.3 2.08168e-05
49.31 2.04954e-05
49.32 2.01028e-05
49.33 1.96404e-05
49.34 1.911e-05
49.35 1.85135e-05
49.36 1.78533e-05
49.37 1.71316e-05
49.38 1.63512e-05
49.39 1.55148e-05
49.4 1.46254e-05
49.41 1.36863e-05
49.42 1.27008e-05
49.43 1.16724e-05
49.44 1.06048e-05
49.45 9.50172e-06
49.46 8.36703e-06
49.47 7.20475e-06
49.48 6.01895e-06
49.49 4.81375e-06
49.5 3.59337e-06
49.51 2.36203e-06
49.52 1.124e-06
49.53 -1.16459e-07
49.54 -1.35507e-06
49.55 -2.58759e-06
49.56 -3.80981e-06
49.57 -5.01757e-06
49.58 -6.20675e-06
49.59 -7.37336e-06
49.6 -8.51344e-06
49.61 -9.62318e-06
49.62 -1.06989e-05
49.63 -1.17369e-05
49.64 -1.27339e-05
49.65 -1.36865e-05
49.66 -1.45916e-05
49.67 -1.54463e-05
49.68 -1.62478e-05
49.69 -1.69935e-05
49.7 -1.7681e-05
49.71 -1.83082e-05
49.72 -1.88731e-05
49.73 -1.93739e-05
49.74 -1.98091e-05
49.75 -2.01775e-05
49.76 -2.04779e-05
49.77 -2.07095e-05
49.78 -2.08717e-05
49.79 -2.09641e-05
49.8 -2.09866e-05
49.81 -2.09393e-05
49.82 -2.08225e-05
49.83 -2.06369e-05
49.84 -2.03831e-05
49.85 -2.00622e-05
49.86 -1.96754e-05
49.87 -1.92243e-05
49.88 -1.87104e-05
49.89 -1.81357e-05
49.9 -1.75022e-05
49.91 -1.68121e-05
49.92 -1.60681e-05
49.93 -1.52726e-05
49.94 -1.44285e-05
49.95 -1.35387e-05
49.96 -1.26064e-05
49.97 -1.16349e-05
49.98 -1.06273e-05
49.99 -9.5874e-06
50 -8.51864e-06
50.01 -7.42476e-06
50.02 -6.30953e-06
50.03 -5.1768e-06
50.04 -4.03047e-06
50.05 -2.87448e-06
50.06 -1.71281e-06
50.07 -5.4945e-07
50.08 6.11613e-07
50.09 1.7664e-06
50.1 2.91095e-06
50.11 4.04136e-06
50.12 5.15377e-06
50.13 6.24438e-06
50.14 7.30949e-06
50.15 8.34547e-06
50.16 9.34882e-06
50.17 1.03161e-05
50.18 1.12442e-05
50.19 1.21298e-05
50.2 1.29701e-05
50.21 1.37622e-05
50.22 1.45035e-05
50.23 1.51916e-05
50.24 1.58242e-05
50.25 1.63994e-05
50.26 1.69151e-05
50.27 1.73698e-05
50.28 1.77622e-05
50.29 1.80909e-05
50.3 1.83551e-05
50.31 1.8554e-05
50.32 1.86871e-05
50.33 1.87541e-05
50.34 1.8755e-05
50.35 1.86899e-05
50.36 1.85592e-05
50.37 1.83637e-05
50.38 1.81041e-05
50.39 1.77816e-05
50.4 1.73973e-05
50.41 1.69529e-05
50.42 1.64499e-05
50.43 1.58903e-05
50.44 1.52762e-05
50.45 1.46098e-05
50.46 1.38935e-05
50.47 1.313e-05
50.48 1.23219e-05
50.49 1.14721e-05
50.5 1.05836e-05
50.51 9.65961e-06
50.52 8.70331e-06
50.53 7.71805e-06
50.54 6.70725e-06
50.55 5.67441e-06
50.56 4.62309e-06
50.57 3.55691e-06
50.58 2.47952e-06
50.59 1.39461e-06
50.6 3.05875e-07
50.61 -7.82984e-07
50.62 -1.86827e-06
50.63 -2.94632e-06
50.64 -4.01348e-06
50.65 -5.06617e-06
50.66 -6.10084e-06
50.67 -7.11402e-06
50.68 -8.10233e-06
50.69 -9.06246e-06
50.7 -9.99121e-06
50.71 -1.08855e-05
50.72 -1.17423e-05
50.73 -1.25589e-05
50.74 -1.33326e-05
50.75 -1.40607e-05
50.76 -1.47409e-05
50.77 -1.53711e-05
50.78 -1.59491e-05
50.79 -1.6473e-05
50.8 -1.69413e-05
50.81 -1.73524e-05
50.82 -1.7705e-05
50.83 -1.79981e-05
50.84 -1.82307e-05
50.85 -1.84022e-05
50.86 -1.85122e-05
50.87 -1.85603e-05
50.88 -1.85465e-05
50.89 -1.8471e-05
50.9 -1.83342e-05
50.91 -1.81367e-05
50.92 -1.78792e-05
50.93 -1.75629e-05
50.94 -1.71888e-05
50.95 -1.67584e-05
50.96 -1.62732e-05
50.97 -1.57352e-05
50.98 -1.51461e-05
50.99 -1.45082e-05
51 -1.38238e-05
51.01 -1.30952e-05
51.02 -1.23252e-05
51.03 -1.15164e-05
51.04 -1.06717e-05
51.05 -9.79406e-06
51.06 -8.88664e-06
51.07 -7.9526e-06
51.08 -6.99522e-06
51.09 -6.01783e-06
51.1 -5.02385e-06
51.11 -4.01674e-06
51.12 -3e-06
51.13 -1.97714e-06
51.14 -9.51692e-07
51.15 7.2805e-08
51.16 1.09284e-06
51.17 2.1049e-06
51.18 3.10556e-06
51.19 4.09139e-06
51.2 5.05905e-06
51.21 6.00526e-06
51.22 6.92685e-06
51.23 7.82071e-06
51.24 8.68386e-06
51.25 9.51342e-06
51.26 1.03066e-05
51.27 1.10609e-05
51.28 1.17737e-05
51.29 1.24428e-05
51.3 1.3066e-05
51.31 1.36413e-05
51.32 1.41668e-05
51.33 1.46409e-05
51.34 1.50621e-05
51.35 1.54292e-05
51.36 1.5741e-05
51.37 1.59966e-05
51.38 1.61953e-05
51.39 1.63366e-05
51.4 1.64202e-05
51.41 1.64458e-05
51.42 1.64137e-05
51.43 1.6324e-05
51.44 1.61772e-05
51.45 1.59739e-05
51.46 1.57151e-05
51.47 1.54016e-05
51.48 1.50347e-05
51.49 1.46157e-05
51.5 1.41463e-05
51.51 1.36281e-05
51.52 1.30629e-05
51.53 1.24529e-05
51.54 1.18002e-05
51.55 1.1107e-05
51.56 1.03759e-05
51.57 9.60932e-06
51.58 8.81004e-06
51.59 7.98081e-06
51.6 7.12451e-06
51.61 6.24411e-06
51.62 5.34265e-06
51.63 4.42323e-06
51.64 3.48904e-06
51.65 2.54328e-06
51.66 1.58919e-06
51.67 6.30048e-07
51.68 -3.3086e-07
51.69 -1.29025e-06
51.7 -2.24485e-06
51.71 -3.19139e-06
51.72 -4.12667e-06
51.73 -5.04748e-06
51.74 -5.95072e-06
51.75 -6.83331e-06
51.76 -7.69227e-06
51.77 -8.52469e-06
51.78 -9.32778e-06
51.79 -1.00988e-05
51.8 -1.08353e-05
51.81 -1.15346e-05
51.82 -1.21946e-05
51.83 -1.28129e-05
51.84 -1.33877e-05
51.85 -1.39169e-05
51.86 -1.43989e-05
51.87 -1.48321e-05
51.88 -1.52151e-05
51.89 -1.55468e-05
51.9 -1.58261e-05
51.91 -1.60523e-05
51.92 -1.62245e-05
51.93 -1.63424e-05
51.94 -1.64057e-05
51.95 -1.64144e-05
51.96 -1.63685e-05
51.97 -1.62683e-05
51.98 -1.61144e-05
51.99 -1.59074e-05
