0.01 -1.12252e-07
0.02 5.38902e-09
0.03 3.9202e-07
0.04 1.20837e-06
0.05 2.48257e-06
0.06 4.11818e-06
0.07 6.0231e-06
0.08 8.15598e-06
0.09 1.03966e-05
0.1 1.23848e-05
0.11 1.35578e-05
0.12 1.3469e-05
0.13 1.21476e-05
0.14 1.01346e-05
0.15 8.13141e-06
0.16 6.55108e-06
0.17 5.34358e-06
0.18 4.21897e-06
0.19 3.01344e-06
0.2 1.81309e-06
0.21 7.40074e-07
0.22 -3.3234e-07
0.23 -1.82161e-06
0.24 -4.17657e-06
0.25 -7.54418e-06
0.26 -1.16332e-05
0.27 -1.58573e-05
0.28 -1.96188e-05
0.29 -2.25451e-05
0.3 -2.46072e-05
0.31 -2.6094e-05
0.32 -2.74055e-05
0.33 -2.87746e-05
0.34 -3.01378e-05
0.35 -3.12835e-05
0.36 -3.22046e-05
0.37 -3.33334e-05
0.38 -3.53451e-05
0.39 -3.8624e-05
0.4 -4.28326e-05
0.41 -4.69748e-05
0.42 -4.99782e-05
0.43 -5.13484e-05
0.44 -5.13695e-05
0.45 -5.07629e-05
0.46 -5.01928e-05
0.47 -5.0023e-05
0.48 -5.03562e-05
0.49 -5.1144e-05
0.5 -5.22045e-05
0.51 -5.32051e-05
0.52 -5.38041e-05
0.53 -5.39068e-05
0.54 -5.37419e-05
0.55 -5.36271e-05
0.56 -5.36289e-05
0.57 -5.34471e-05
0.58 -5.26707e-05
0.59 -5.11892e-05
0.6 -4.93939e-05
0.61 -4.79879e-05
0.62 -4.75278e-05
0.63 -4.80402e-05
0.64 -4.89822e-05
0.65 -4.95716e-05
0.66 -4.92985e-05
0.67 -4.82665e-05
0.68 -4.70879e-05
0.69 -4.64136e-05
0.7 -4.64551e-05
0.71 -4.68392e-05
0.72 -4.68511e-05
0.73 -4.58616e-05
0.74 -4.37088e-05
0.75 -4.08201e-05
0.76 -3.79581e-05
0.77 -3.5744e-05
0.78 -3.42744e-05
0.79 -3.31053e-05
0.8 -3.16278e-05
0.81 -2.953e-05
0.82 -2.69749e-05
0.83 -2.44032e-05
0.84 -2.22023e-05
0.85 -2.05219e-05
0.86 -1.92957e-05
0.87 -1.83578e-05
0.88 -1.75449e-05
0.89 -1.67084e-05
0.9 -1.56113e-05
0.91 -1.38513e-05
0.92 -1.10446e-05
0.93 -7.19314e-06
0.94 -2.84372e-06
0.95 1.1889e-06
0.96 4.34254e-06
0.97 6.6406e-06
0.98 8.57956e-06
0.99 1.07116e-05
1 1.32754e-05
1.01 1.61097e-05
1.02 1.87976e-05
1.03 2.08994e-05
1.04 2.2224e-05
1.05 2.3026e-05
1.06 2.39474e-05
1.07 2.56802e-05
1.08 2.85339e-05
1.09 3.22057e-05
1.1 3.59225e-05
1.11 3.88615e-05
1.12 4.06202e-05
1.13 4.14361e-05
1.14 4.19766e-05
1.15 4.28556e-05
1.16 4.42482e-05
1.17 4.58691e-05
1.18 4.72577e-05
1.19 4.8111e-05
1.2 4.84799e-05
1.21 4.87628e-05
1.22 4.95208e-05
1.23 5.12035e-05
1.24 5.3872e-05
1.25 5.70807e-05
1.26 6.0071e-05
1.27 6.22007e-05
1.28 6.33561e-05
1.29 6.40474e-05
1.3 6.50705e-05
1.31 6.69496e-05
1.32 6.95283e-05
1.33 7.20057e-05
1.34 7.34606e-05
1.35 7.34853e-05
1.36 7.24224e-05
1.37 7.1022e-05
1.38 6.97826e-05
1.39 6.854e-05
1.4 6.66998e-05
1.41 6.38962e-05
1.42 6.0448e-05
1.43 5.72079e-05
1.44 5.49689e-05
1.45 5.39354e-05
1.46 5.3614e-05
1.47 5.31502e-05
1.48 5.19087e-05
1.49 4.99095e-05
1.5 4.78012e-05
1.51 4.63779e-05
1.52 4.59498e-05
1.53 4.60488e-05
1.54 4.5769e-05
1.55 4.44594e-05
1.56 4.21388e-05
1.57 3.93201e-05
1.58 3.65195e-05
1.59 3.39204e-05
1.6 3.13651e-05
1.61 2.85679e-05
1.62 2.53872e-05
1.63 2.19813e-05
1.64 1.87287e-05
1.65 1.5981e-05
1.66 1.38752e-05
1.67 1.23478e-05
1.68 1.12752e-05
1.69 1.05506e-05
1.7 9.99191e-06
1.71 9.23417e-06
1.72 7.87808e-06
1.73 5.8465e-06
1.74 3.57758e-06
1.75 1.82457e-06
1.76 1.22254e-06
1.77 1.95684e-06
1.78 3.69615e-06
1.79 5.76394e-06
1.8 7.45544e-06
1.81 8.33851e-06
1.82 8.38258e-06
1.83 7.86838e-06
1.84 7.17152e-06
1.85 6.57474e-06
1.86 6.18449e-06
1.87 5.96235e-06
1.88 5.86251e-06
1.89 5.98169e-06
1.9 6.58199e-06
1.91 7.91028e-06
1.92 9.86369e-06
1.93 1.18115e-05
1.94 1.29319e-05
1.95 1.28569e-05
1.96 1.19413e-05
1.97 1.08694e-05
1.98 1.00334e-05
1.99 9.3092e-06
2 8.38931e-06
2.01 7.2598e-06
2.02 6.29185e-06
2.03 5.86306e-06
2.04 5.89016e-06
2.05 5.71571e-06
2.06 4.46387e-06
2.07 1.58715e-06
2.08 -2.77997e-06
2.09 -7.90146e-06
2.1 -1.29172e-05
2.11 -1.7347e-05
2.12 -2.12088e-05
2.13 -2.47077e-05
2.14 -2.78471e-05
2.15 -3.03262e-05
2.16 -3.17708e-05
2.17 -3.20621e-05
2.18 -3.15242e-05
2.19 -3.08523e-05
2.2 -3.08053e-05
2.21 -3.18389e-05
2.22 -3.38846e-05
2.23 -3.64025e-05
2.24 -3.86894e-05
2.25 -4.02549e-05
2.26 -4.10655e-05
2.27 -4.15313e-05
2.28 -4.22351e-05
2.29 -4.35965e-05
2.3 -4.57135e-05
2.31 -4.84448e-05
2.32 -5.15692e-05
2.33 -5.48535e-05
2.34 -5.80273e-05
2.35 -6.07911e-05
2.36 -6.29478e-05
2.37 -6.45532e-05
2.38 -6.58662e-05
2.39 -6.71186e-05
2.4 -6.83953e-05
2.41 -6.975e-05
2.42 -7.1348e-05
2.43 -7.341e-05
2.44 -7.59847e-05
2.45 -7.87973e-05
2.46 -8.13776e-05
2.47 -8.33817e-05
2.48 -8.48265e-05
2.49 -8.60182e-05
2.5 -8.71921e-05
2.51 -8.81845e-05
2.52 -8.85145e-05
2.53 -8.78254e-05
2.54 -8.62267e-05
2.55 -8.41972e-05
2.56 -8.21607e-05
2.57 -8.01763e-05
2.58 -7.80809e-05
2.59 -7.58818e-05
2.6 -7.38542e-05
2.61 -7.2171e-05
2.62 -7.0476e-05
2.63 -6.79097e-05
2.64 -6.37037e-05
2.65 -5.78579e-05
2.66 -5.12698e-05
2.67 -4.51579e-05
2.68 -4.01939e-05
2.69 -3.60333e-05
2.7 -3.16473e-05
2.71 -2.61694e-05
2.72 -1.95682e-05
2.73 -1.26339e-05
2.74 -6.32108e-06
2.75 -9.79851e-07
2.76 4.00793e-06
2.77 9.91985e-06
2.78 1.77652e-05
2.79 2.73854e-05
2.8 3.73929e-05
2.81 4.60734e-05
2.82 5.25664e-05
2.83 5.73589e-05
2.84 6.1658e-05
2.85 6.62689e-05
2.86 7.10731e-05
2.87 7.55174e-05
2.88 7.95102e-05
2.89 8.38211e-05
2.9 8.96346e-05
2.91 9.76984e-05
2.92 0.000107768
2.93 0.000118736
2.94 0.000129274
2.95 0.000138491
2.96 0.000146203
2.97 0.000152775
2.98 0.000158754
2.99 0.000164573
3 0.000170419
3.01 0.000176226
3.02 0.000181791
3.03 0.000186917
3.04 0.000191463
3.05 0.00019526
3.06 0.000197957
3.07 0.000198979
3.08 0.000197704
3.09 0.000193814
3.1 0.0001876
3.11 0.000180009
3.12 0.000172314
3.13 0.000165593
3.14 0.000160299
3.15 0.000156167
3.16 0.000152418
3.17 0.000148133
3.18 0.000142633
3.19 0.00013576
3.2 0.000127905
3.21 0.000119775
3.22 0.000111981
3.23 0.000104708
3.24 9.77565e-05
3.25 9.09086e-05
3.26 8.4299e-05
3.27 7.84467e-05
3.28 7.38848e-05
3.29 7.06879e-05
3.3 6.83001e-05
3.31 6.58277e-05
3.32 6.26406e-05
3.33 5.88219e-05
3.34 5.50624e-05
3.35 5.2089e-05
3.36 5.01287e-05
3.37 4.88527e-05
3.38 4.78166e-05
3.39 4.69569e-05
3.4 4.66701e-05
3.41 4.74249e-05
3.42 4.92814e-05
3.43 5.17417e-05
3.44 5.40444e-05
3.45 5.56217e-05
3.46 5.63332e-05
3.47 5.63588e-05
3.48 5.59697e-05
3.49 5.5424e-05
3.5 5.50023e-05
3.51 5.50188e-05
3.52 5.56575e-05
3.53 5.67334e-05
3.54 5.76454e-05
3.55 5.76325e-05
3.56 5.61822e-05
3.57 5.329e-05
3.58 4.93954e-05
3.59 4.50627e-05
3.6 4.06231e-05
3.61 3.60512e-05
3.62 3.123e-05
3.63 2.63764e-05
3.64 2.2174e-05
3.65 1.94257e-05
3.66 1.84697e-05
3.67 1.88588e-05
3.68 1.96016e-05
3.69 1.97644e-05
3.7 1.8932e-05
3.71 1.72251e-05
3.72 1.49983e-05
3.73 1.2539e-05
3.74 9.94485e-06
3.75 7.20412e-06
3.76 4.43964e-06
3.77 2.08947e-06
3.78 7.30786e-07
3.79 5.89167e-07
3.8 1.12686e-06
3.81 1.1411e-06
3.82 -5.29471e-07
3.83 -4.18829e-06
3.84 -9.03623e-06
3.85 -1.37049e-05
3.86 -1.71589e-05
3.87 -1.92683e-05
3.88 -2.06493e-05
3.89 -2.20171e-05
3.9 -2.3652e-05
3.91 -2.53929e-05
3.92 -2.70664e-05
3.93 -2.88909e-05
3.94 -3.14641e-05
3.95 -3.53601e-05
3.96 -4.06874e-05
3.97 -4.69793e-05
3.98 -5.35017e-05
3.99 -5.97139e-05
4 -6.5525e-05
4.01 -7.11682e-05
4.02 -7.67906e-05
4.03 -8.21734e-05
4.04 -8.69992e-05
4.05 -9.14632e-05
4.06 -9.65246e-05
4.07 -0.000103433
4.08 -0.000112891
4.09 -0.000124577
4.1 -0.000137453
4.11 -0.000150523
4.12 -0.000163336
4.13 -0.000175892
4.14 -0.000188232
4.15 -0.000200212
4.16 -0.000211687
4.17 -0.00022288
4.18 -0.000234469
4.19 -0.000247242
4.2 -0.000261564
4.21 -0.000277082
4.22 -0.000293001
4.23 -0.000308656
4.24 -0.000323848
4.25 -0.000338683
4.26 -0.000353212
4.27 -0.000367285
4.28 -0.00038069
4.29 -0.000393374
4.3 -0.000405498
4.31 -0.000417309
4.32 -0.00042896
4.33 -0.000440413
4.34 -0.00045137
4.35 -0.000461245
4.36 -0.000469317
4.37 -0.000475035
4.38 -0.000478303
4.39 -0.000479468
4.4 -0.000478944
4.41 -0.000476727
4.42 -0.000472256
4.43 -0.000464712
4.44 -0.000453508
4.45 -0.000438552
4.46 -0.000420103
4.47 -0.000398447
4.48 -0.000373761
4.49 -0.00034628
4.5 -0.000316456
4.51 -0.000284887
4.52 -0.000252047
4.53 -0.00021809
4.54 -0.000182869
4.55 -0.000146109
4.56 -0.000107546
4.57 -6.69538e-05
4.58 -2.41878e-05
4.59 2.0652e-05
4.6 6.6993e-05
4.61 0.000113713
4.62 0.000159413
4.63 0.000202925
4.64 0.000243684
4.65 0.000281684
4.66 0.000316997
4.67 0.000349268
4.68 0.00037765
4.69 0.000401237
4.7 0.00041963
4.71 0.000433174
4.72 0.000442686
4.73 0.000448961
4.74 0.000452489
4.75 0.00045354
4.76 0.000452377
4.77 0.000449328
4.78 0.000444677
4.79 0.000438545
4.8 0.000430869
4.81 0.000421507
4.82 0.000410372
4.83 0.000397536
4.84 0.000383282
4.85 0.000368065
4.86 0.000352336
4.87 0.000336356
4.88 0.000320219
4.89 0.000304089
4.9 0.000288354
4.91 0.000273452
4.92 0.000259505
4.93 0.000246038
4.94 0.000232057
4.95 0.00021646
4.96 0.000198609
4.97 0.000178731
4.98 0.000157798
4.99 0.000136964
5 0.000116948
5.01 9.78057e-05
5.02 7.9233e-05
5.03 6.10602e-05
5.04 4.34029e-05
5.05 2.6331e-05
5.06 9.39301e-06
5.07 -8.47907e-06
5.08 -2.84213e-05
5.09 -5.08514e-05
5.1 -7.51714e-05
5.11 -0.000100224
5.12 -0.000125071
5.13 -0.000149394
5.14 -0.000173182
5.15 -0.000196112
5.16 -0.000217365
5.17 -0.000236112
5.18 -0.000252271
5.19 -0.000266785
5.2 -0.00028102
5.21 -0.000295713
5.22 -0.000310269
5.23 -0.000323016
5.24 -0.000332344
5.25 -0.000337836
5.26 -0.000340376
5.27 -0.000341186
5.28 -0.000340747
5.29 -0.000338562
5.3 -0.000333889
5.31 -0.00032668
5.32 -0.000317904
5.33 -0.000309014
5.34 -0.000300986
5.35 -0.000293662
5.36 -0.000285863
5.37 -0.000276117
5.38 -0.000263452
5.39 -0.000247713
5.4 -0.000229237
5.41 -0.000208283
5.42 -0.000184748
5.43 -0.000158417
5.44 -0.000129522
5.45 -9.90566e-05
5.46 -6.84551e-05
5.47 -3.88145e-05
5.48 -1.02846e-05
5.49 1.79256e-05
5.5 4.70003e-05
5.51 7.7889e-05
5.52 0.000110975
5.53 0.000146068
5.54 0.000182458
5.55 0.000218953
5.56 0.000254063
5.57 0.000286438
5.58 0.000315314
5.59 0.000340752
5.6 0.000363687
5.61 0.00038568
5.62 0.000408101
5.63 0.00043108
5.64 0.000453156
5.65 0.000472106
5.66 0.000486455
5.67 0.000496462
5.68 0.000503711
5.69 0.000509731
5.7 0.000514897
5.71 0.000518484
5.72 0.000519641
5.73 0.000518313
5.74 0.000515308
5.75 0.000511564
5.76 0.000507309
5.77 0.000501797
5.78 0.000493721
5.79 0.000481925
5.8 0.000465951
5.81 0.000446257
5.82 0.000424233
5.83 0.000401991
5.84 0.000381571
5.85 0.000363846
5.86 0.000348044
5.87 0.000332397
5.88 0.000315547
5.89 0.000297593
5.9 0.000279948
5.91 0.000264149
5.92 0.00025042
5.93 0.000237112
5.94 0.000221643
5.95 0.000202305
5.96 0.000179525
5.97 0.000155598
5.98 0.000133141
5.99 0.00011355
6 9.66469e-05
6.01 8.15371e-05
6.02 6.76563e-05
6.03 5.4977e-05
6.04 4.3192e-05
6.05 3.07643e-05
6.06 1.49659e-05
6.07 -6.83274e-06
6.08 -3.53713e-05
6.09 -6.86139e-05
6.1 -0.000102739
6.11 -0.000134334
6.12 -0.000162035
6.13 -0.000186444
6.14 -0.000208678
6.15 -0.000228987
6.16 -0.000246523
6.17 -0.000260173
6.18 -0.000269517
6.19 -0.000275091
6.2 -0.00027796
6.21 -0.000279101
6.22 -0.00027899
6.23 -0.000277519
6.24 -0.000274156
6.25 -0.000268237
6.26 -0.000259352
6.27 -0.000247703
6.28 -0.000234237
6.29 -0.000220379
6.3 -0.000207353
6.31 -0.000195554
6.32 -0.000184602
6.33 -0.000174131
6.34 -0.000164634
6.35 -0.000157547
6.36 -0.000154284
6.37 -0.000154986
6.38 -0.000158138
6.39 -0.000161424
6.4 -0.000163052
6.41 -0.000162513
6.42 -0.000160355
6.43 -0.000157416
6.44 -0.000154243
6.45 -0.000151057
6.46 -0.000148045
6.47 -0.00014551
6.48 -0.000143632
6.49 -0.000142105
6.5 -0.000140199
6.51 -0.000137294
6.52 -0.00013333
6.53 -0.000128669
6.54 -0.000123399
6.55 -0.00011676
6.56 -0.000107381
6.57 -9.42363e-05
6.58 -7.75825e-05
6.59 -5.91112e-05
6.6 -4.11531e-05
6.61 -2.55181e-05
6.62 -1.27157e-05
6.63 -2.04127e-06
6.64 7.51336e-06
6.65 1.63156e-05
6.66 2.40788e-05
6.67 3.07272e-05
6.68 3.70609e-05
6.69 4.44168e-05
6.7 5.36233e-05
6.71 6.42912e-05
6.72 7.51829e-05
6.73 8.53286e-05
6.74 9.48882e-05
6.75 0.00010499
6.76 0.00011658
6.77 0.000129259
6.78 0.000141191
6.79 0.000150242
6.8 0.000155512
6.81 0.000157999
6.82 0.000159688
6.83 0.000161909
6.84 0.000164531
6.85 0.000166619
6.86 0.00016761
6.87 0.000167822
6.88 0.000168155
6.89 0.000169472
6.9 0.000172016
6.91 0.000175054
6.92 0.000176868
6.93 0.000175224
6.94 0.000168391
6.95 0.0001561
6.96 0.000139542
6.97 0.000120327
6.98 9.92595e-05
6.99 7.58779e-05
7 4.89391e-05
7.01 1.72696e-05
7.02 -1.96251e-05
7.03 -6.14095e-05
7.04 -0.000106986
7.05 -0.000154656
7.06 -0.000202574
7.07 -0.000249381
7.08 -0.000294536
7.09 -0.000338042
7.1 -0.000379834
7.11 -0.000419389
7.12 -0.000455911
7.13 -0.000488857
7.14 -0.000518192
7.15 -0.000544137
7.16 -0.000566747
7.17 -0.00058576
7.18 -0.000600836
7.19 -0.000611891
7.2 -0.000619166
7.21 -0.000622943
7.22 -0.000623114
7.23 -0.000619005
7.24 -0.000609756
7.25 -0.000595037
7.26 -0.000575517
7.27 -0.000552698
7.28 -0.000528301
7.29 -0.000503699
7.3 -0.000479823
7.31 -0.000457402
7.32 -0.000437042
7.33 -0.000418982
7.34 -0.000402881
7.35 -0.000387918
7.36 -0.000373045
7.37 -0.000357214
7.38 -0.000339673
7.39 -0.000320403
7.4 -0.00030045
7.41 -0.000281825
7.42 -0.00026675
7.43 -0.000256721
7.44 -0.000252135
7.45 -0.000252701
7.46 -0.000258129
7.47 -0.000268407
7.48 -0.000283483
7.49 -0.000302736
7.5 -0.000324806
7.51 -0.000347985
7.52 -0.000370871
7.53 -0.000392797
7.54 -0.000413752
7.55 -0.000433935
7.56 -0.000453403
7.57 -0.000472039
7.58 -0.000489711
7.59 -0.000506353
7.6 -0.000521852
7.61 -0.000535799
7.62 -0.000547198
7.63 -0.000554362
7.64 -0.000555252
7.65 -0.00054825
7.66 -0.000533073
7.67 -0.000511182
7.68 -0.000485161
7.69 -0.000457363
7.7 -0.000428853
7.71 -0.000399344
7.72 -0.000368013
7.73 -0.000334367
7.74 -0.000298449
7.75 -0.000260383
7.76 -0.00021985
7.77 -0.000176041
7.78 -0.000128155
7.79 -7.59771e-05
7.8 -2.01338e-05
7.81 3.81637e-05
7.82 9.76822e-05
7.83 0.000157671
7.84 0.000218048
7.85 0.000279223
7.86 0.000341692
7.87 0.000405663
7.88 0.000470969
7.89 0.000537244
7.9 0.000604165
7.91 0.000671537
7.92 0.000739225
7.93 0.000807037
7.94 0.000874614
7.95 0.000941305
7.96 0.00100593
7.97 0.00106661
7.98 0.00112107
7.99 0.00116735
8 0.00120459
8.01 0.00123315
8.02 0.00125401
8.03 0.00126804
8.04 0.00127554
8.05 0.00127669
8.06 0.00127208
8.07 0.001263
8.08 0.00125092
8.09 0.00123662
8.1 0.00121982
8.11 0.00119959
8.12 0.0011751
8.13 0.00114621
8.14 0.00111323
8.15 0.00107635
8.16 0.00103536
8.17 0.000989927
8.18 0.000940105
8.19 0.000886464
8.2 0.000829753
8.21 0.00077044
8.22 0.000708618
8.23 0.000644333
8.24 0.000577991
8.25 0.000510419
8.26 0.000442515
8.27 0.000374808
8.28 0.000307326
8.29 0.000239921
8.3 0.000172786
8.31 0.000106784
8.32 4.33195e-05
8.33 -1.61212e-05
8.34 -7.04028e-05
8.35 -0.00011887
8.36 -0.000161166
8.37 -0.000196981
8.38 -0.000225998
8.39 -0.00024804
8.4 -0.000263227
8.41 -0.000271957
8.42 -0.000274724
8.43 -0.000271949
8.44 -0.000264003
8.45 -0.000251371
8.46 -0.000234737
8.47 -0.000214888
8.48 -0.000192596
8.49 -0.000168618
8.5 -0.000143803
8.51 -0.000119128
8.52 -9.55093e-05
8.53 -7.34513e-05
8.54 -5.27934e-05
8.55 -3.28136e-05
8.56 -1.28085e-05
8.57 7.15827e-06
8.58 2.58479e-05
8.59 4.10747e-05
8.6 5.04566e-05
8.61 5.22578e-05
8.62 4.59709e-05
8.63 3.24514e-05
8.64 1.36074e-05
8.65 -8.22451e-06
8.66 -3.10807e-05
8.67 -5.39328e-05
8.68 -7.65227e-05
8.69 -9.85837e-05
8.7 -0.000119109
8.71 -0.000136362
8.72 -0.000148807
8.73 -0.000156289
8.74 -0.0001606
8.75 -0.000164873
8.76 -0.000171942
8.77 -0.000182754
8.78 -0.000196073
8.79 -0.000209667
8.8 -0.000221917
8.81 -0.000232609
8.82 -0.000242513
8.83 -0.000252411
8.84 -0.000262475
8.85 -0.000272338
8.86 -0.000281527
8.87 -0.000289806
8.88 -0.000297387
8.89 -0.000304987
8.9 -0.000313562
8.91 -0.000323758
8.92 -0.000335392
8.93 -0.00034738
8.94 -0.000358267
8.95 -0.000367008
8.96 -0.000373441
8.97 -0.000378211
8.98 -0.000382321
8.99 -0.000386751
9 -0.000392352
9.01 -0.000399915
9.02 -0.000410166
9.03 -0.000423534
9.04 -0.000439836
9.05 -0.000458076
9.06 -0.000476498
9.07 -0.000492921
9.08 -0.00050537
9.09 -0.000512735
9.1 -0.000514992
9.11 -0.000512884
9.12 -0.000507424
9.13 -0.000499571
9.14 -0.0004901
9.15 -0.00047947
9.16 -0.000467681
9.17 -0.000454239
9.18 -0.000438406
9.19 -0.000419581
9.2 -0.000397492
9.21 -0.000372066
9.22 -0.000343248
9.23 -0.000311022
9.24 -0.000275626
9.25 -0.000237717
9.26 -0.00019824
9.27 -0.000158101
9.28 -0.000117992
9.29 -7.85358e-05
9.3 -4.06149e-05
9.31 -5.50682e-06
9.32 2.54252e-05
9.33 5.12837e-05
9.34 7.19676e-05
9.35 8.8021e-05
9.36 0.000100166
9.37 0.000108897
9.38 0.00011435
9.39 0.000116486
9.4 0.000115519
9.41 0.000112264
9.42 0.000107999
9.43 0.000103873
9.44 0.00010041
9.45 9.7513e-05
9.46 9.48798e-05
9.47 9.23247e-05
9.48 8.96603e-05
9.49 8.63135e-05
9.5 8.12031e-05
9.51 7.30949e-05
9.52 6.11274e-05
9.53 4.50557e-05
9.54 2.50574e-05
9.55 1.41181e-06
9.56 -2.5481e-05
9.57 -5.47408e-05
9.58 -8.48023e-05
9.59 -0.000113734
9.6 -0.000139938
9.61 -0.000162645
9.62 -0.000181714
9.63 -0.000196994
9.64 -0.000208077
9.65 -0.000214749
9.66 -0.000217624
9.67 -0.000218198
9.68 -0.000218073
9.69 -0.000217941
9.7 -0.000217211
9.71 -0.000214566
9.72 -0.000208971
9.73 -0.000200337
9.74 -0.000189378
9.75 -0.000176962
9.76 -0.000163649
9.77 -0.000149775
9.78 -0.000135816
9.79 -0.000122502
9.8 -0.000110453
9.81 -9.96764e-05
9.82 -8.94708e-05
9.83 -7.88784e-05
9.84 -6.7285e-05
9.85 -5.46416e-05
9.86 -4.11587e-05
9.87 -2.68262e-05
9.88 -1.12628e-05
9.89 5.98078e-06
9.9 2.49974e-05
9.91 4.54012e-05
9.92 6.66294e-05
9.93 8.83856e-05
9.94 0.000110831
9.95 0.000134402
9.96 0.000159463
9.97 0.000186144
9.98 0.00021448
9.99 0.000244671
10 0.000277126
10.01 0.000312187
10.02 0.000349789
10.03 0.000389398
10.04 0.000430343
10.05 0.000472281
10.06 0.000515341
10.07 0.000559809
10.08 0.00060558
10.09 0.000651829
10.1 0.00069723
10.11 0.000740518
10.12 0.000780948
10.13 0.000818364
10.14 0.000853087
10.15 0.000885779
10.16 0.000917199
10.17 0.000947832
10.18 0.000977595
10.19 0.00100588
10.2 0.00103187
10.21 0.0010549
10.22 0.00107447
10.23 0.00109001
10.24 0.00110078
10.25 0.00110601
10.26 0.00110506
10.27 0.00109752
10.28 0.00108317
10.29 0.00106224
10.3 0.00103548
10.31 0.00100398
10.32 0.000968671
10.33 0.000929926
10.34 0.000887574
10.35 0.000841362
10.36 0.000791435
10.37 0.000738433
10.38 0.000683165
10.39 0.000626224
10.4 0.000568031
10.41 0.000509272
10.42 0.000451154
10.43 0.000395087
10.44 0.000341898
10.45 0.000291262
10.46 0.000241949
10.47 0.000192733
10.48 0.000143134
10.49 9.34476e-05
10.5 4.42081e-05
10.51 -4.26301e-06
10.52 -5.18228e-05
10.53 -9.81412e-05
10.54 -0.000142527
10.55 -0.000184166
10.56 -0.000222497
10.57 -0.000257355
10.58 -0.000288862
10.59 -0.000317289
10.6 -0.000343125
10.61 -0.000367254
10.62 -0.000390928
10.63 -0.00041541
10.64 -0.000441541
10.65 -0.000469538
10.66 -0.00049906
10.67 -0.000529457
10.68 -0.000560039
10.69 -0.000590318
10.7 -0.000620149
10.71 -0.000649716
10.72 -0.000679305
10.73 -0.000708962
10.74 -0.000738237
10.75 -0.000766206
10.76 -0.000791798
10.77 -0.000814219
10.78 -0.000833196
10.79 -0.000848903
10.8 -0.000861624
10.81 -0.00087145
10.82 -0.000878263
10.83 -0.000881961
10.84 -0.000882591
10.85 -0.000880245
10.86 -0.00087493
10.87 -0.000866617
10.88 -0.000855448
10.89 -0.000841885
10.9 -0.000826684
10.91 -0.000810732
10.92 -0.000794854
10.93 -0.000779689
10.94 -0.000765603
10.95 -0.000752671
10.96 -0.000740802
10.97 -0.000729966
10.98 -0.000720312
10.99 -0.000712077
11 -0.000705366
11.01 -0.0007
11.02 -0.000695574
11.03 -0.000691649
11.04 -0.000687952
11.05 -0.000684396
11.06 -0.000680862
11.07 -0.000676905
11.08 -0.000671708
11.09 -0.00066438
11.1 -0.000654448
11.11 -0.000642136
11.12 -0.000628125
11.13 -0.00061297
11.14 -0.000596665
11.15 -0.000578723
11.16 -0.000558682
11.17 -0.000536586
11.18 -0.000513052
11.19 -0.00048888
11.2 -0.00046449
11.21 -0.000439608
11.22 -0.000413463
11.23 -0.000385342
11.24 -0.000355088
11.25 -0.000323136
11.26 -0.000289974
11.27 -0.000255466
11.28 -0.000218699
11.29 -0.000178528
11.3 -0.000134392
11.31 -8.67181e-05
11.32 -3.65904e-05
11.33 1.49806e-05
11.34 6.75368e-05
11.35 0.000121073
11.36 0.000175587
11.37 0.000230753
11.38 0.000285944
11.39 0.000340469
11.4 0.000393659
11.41 0.000444745
11.42 0.000492789
11.43 0.000536907
11.44 0.00057669
11.45 0.000612499
11.46 0.000645329
11.47 0.000676279
11.48 0.000705925
11.49 0.000734006
11.5 0.000759634
11.51 0.000781863
11.52 0.000800203
11.53 0.000814774
11.54 0.000826108
11.55 0.000834836
11.56 0.000841464
11.57 0.000846282
11.58 0.000849342
11.59 0.000850451
11.6 0.000849218
11.61 0.000845188
11.62 0.000838082
11.63 0.000828015
11.64 0.000815573
11.65 0.000801619
11.66 0.000786844
11.67 0.000771297
11.68 0.000754211
11.69 0.000734276
11.7 0.000710222
11.71 0.000681366
11.72 0.000647853
11.73 0.000610505
11.74 0.000570421
11.75 0.000528544
11.76 0.000485392
11.77 0.000441017
11.78 0.000395145
11.79 0.000347402
11.8 0.000297521
11.81 0.000245466
11.82 0.000191413
11.83 0.000135656
11.84 7.85539e-05
11.85 2.05746e-05
11.86 -3.76217e-05
11.87 -9.51927e-05
11.88 -0.000151284
11.89 -0.000205251
11.9 -0.000256732
11.91 -0.000305494
11.92 -0.000351173
11.93 -0.000393149
11.94 -0.000430681
11.95 -0.000463187
11.96 -0.000490449
11.97 -0.000512606
11.98 -0.000530029
11.99 -0.000543184
12 -0.000552441
12.01 -0.000557876
12.02 -0.000559193
12.03 -0.000555891
12.04 -0.00054761
12.05 -0.00053442
12.06 -0.000516833
12.07 -0.000495571
12.08 -0.00047134
12.09 -0.000444745
12.1 -0.000416266
12.11 -0.000386178
12.12 -0.000354462
12.13 -0.000320839
12.14 -0.000284999
12.15 -0.000246895
12.16 -0.000206928
12.17 -0.000165875
12.18 -0.000124545
12.19 -8.33869e-05
12.2 -4.23552e-05
12.21 -1.10627e-06
12.22 4.06031e-05
12.23 8.26315e-05
12.24 0.000124478
12.25 0.00016555
12.26 0.000205437
12.27 0.000243977
12.28 0.00028109
12.29 0.000316548
12.3 0.00034992
12.31 0.000380742
12.32 0.000408777
12.33 0.000434169
12.34 0.000457368
12.35 0.000478875
12.36 0.000498932
12.37 0.000517338
12.38 0.000533512
12.39 0.000546776
12.4 0.000556686
12.41 0.000563195
12.42 0.000566567
12.43 0.00056712
12.44 0.000564993
12.45 0.000560081
12.46 0.00055216
12.47 0.000541093
12.48 0.000526947
12.49 0.000509983
12.5 0.000490567
12.51 0.000469093
12.52 0.000445981
12.53 0.000421673
12.54 0.000396525
12.55 0.000370658
12.56 0.000344006
12.57 0.000316558
12.58 0.000288526
12.59 0.000260215
12.6 0.000231715
12.61 0.000202716
12.62 0.000172686
12.63 0.000141233
12.64 0.000108223
12.65 7.35793e-05
12.66 3.71094e-05
12.67 -1.36553e-06
12.68 -4.16908e-05
12.69 -8.32202e-05
12.7 -0.000125019
12.71 -0.000166273
12.72 -0.000206569
12.73 -0.00024588
12.74 -0.000284395
12.75 -0.000322382
12.76 -0.000360145
12.77 -0.000398016
12.78 -0.000436255
12.79 -0.000474882
12.8 -0.000513503
12.81 -0.000551277
12.82 -0.000587113
12.83 -0.000620015
12.84 -0.000649415
12.85 -0.000675275
12.86 -0.000697884
12.87 -0.000717528
12.88 -0.00073424
12.89 -0.000747835
12.9 -0.000758176
12.91 -0.00076544
12.92 -0.000770083
12.93 -0.000772513
12.94 -0.000772709
12.95 -0.000770147
12.96 -0.000764126
12.97 -0.000754275
12.98 -0.000740801
12.99 -0.000724364
13 -0.000705742
13.01 -0.000685599
13.02 -0.000664445
13.03 -0.000642713
13.04 -0.000620872
13.05 -0.000599471
13.06 -0.000579073
13.07 -0.000560086
13.08 -0.000542565
13.09 -0.000526117
13.1 -0.000509983
13.11 -0.00049328
13.12 -0.000475286
13.13 -0.000455673
13.14 -0.000434571
13.15 -0.000412441
13.16 -0.000389765
13.17 -0.000366715
13.18 -0.000343124
13.19 -0.000318749
13.2 -0.000293596
13.21 -0.00026799
13.22 -0.000242346
13.23 -0.000216884
13.24 -0.000191535
13.25 -0.000166084
13.26 -0.000140367
13.27 -0.000114338
13.28 -8.80198e-05
13.29 -6.14324e-05
13.3 -3.45596e-05
13.31 -7.36362e-06
13.32 2.01458e-05
13.33 4.78395e-05
13.34 7.54749e-05
13.35 0.000102799
13.36 0.000129673
13.37 0.000156136
13.38 0.000182378
13.39 0.000208666
13.4 0.00023525
13.41 0.000262269
13.42 0.000289666
13.43 0.000317135
13.44 0.000344185
13.45 0.0003703
13.46 0.000395181
13.47 0.000418916
13.48 0.000441935
13.49 0.000464724
13.5 0.000487405
13.51 0.000509477
13.52 0.000529972
13.53 0.000547945
13.54 0.000562935
13.55 0.000575053
13.56 0.000584685
13.57 0.000592113
13.58 0.000597375
13.59 0.000600433
13.6 0.000601383
13.61 0.000600495
13.62 0.000598054
13.63 0.000594178
13.64 0.000588792
13.65 0.000581742
13.66 0.000572895
13.67 0.000562117
13.68 0.000549168
13.69 0.000533658
13.7 0.000515156
13.71 0.000493399
13.72 0.00046844
13.73 0.000440659
13.74 0.000410632
13.75 0.000378995
13.76 0.000346327
13.77 0.000313099
13.78 0.000279698
13.79 0.000246465
13.8 0.000213622
13.81 0.000181105
13.82 0.00014847
13.83 0.000115025
13.84 8.02043e-05
13.85 4.39409e-05
13.86 6.76801e-06
13.87 -3.03967e-05
13.88 -6.65877e-05
13.89 -0.000101031
13.9 -0.000133252
13.91 -0.000163095
13.92 -0.00019068
13.93 -0.000216275
13.94 -0.000240141
13.95 -0.000262394
13.96 -0.000282962
13.97 -0.000301631
13.98 -0.000318181
13.99 -0.000332493
14 -0.000344481
14.01 -0.000353893
14.02 -0.000360196
14.03 -0.000362726
14.04 -0.000361063
14.05 -0.000355369
14.06 -0.000346404
14.07 -0.000335198
14.08 -0.00032259
14.09 -0.000308925
14.1 -0.000294074
14.11 -0.000277688
14.12 -0.000259463
14.13 -0.000239247
14.14 -0.000216989
14.15 -0.000192678
14.16 -0.000166341
14.17 -0.000138107
14.18 -0.00010824
14.19 -7.71066e-05
14.2 -4.51694e-05
14.21 -1.30068e-05
14.22 1.87147e-05
14.23 4.93892e-05
14.24 7.87004e-05
14.25 0.000106769
14.26 0.000134066
14.27 0.000161136
14.28 0.000188289
14.29 0.000215466
14.3 0.000242305
14.31 0.000268311
14.32 0.00029301
14.33 0.000316026
14.34 0.000337116
14.35 0.000356201
14.36 0.000373371
14.37 0.000388843
14.38 0.000402911
14.39 0.000415891
14.4 0.000428078
14.41 0.000439691
14.42 0.000450819
14.43 0.000461376
14.44 0.00047105
14.45 0.000479271
14.46 0.000485297
14.47 0.000488439
14.48 0.000488326
14.49 0.000485059
14.5 0.000479074
14.51 0.000470848
14.52 0.000460675
14.53 0.000448686
14.54 0.000434999
14.55 0.000419839
14.56 0.000403556
14.57 0.00038656
14.58 0.000369127
14.59 0.000351167
14.6 0.000332124
14.61 0.000311168
14.62 0.000287624
14.63 0.000261378
14.64 0.000232896
14.65 0.000202889
14.66 0.00017196
14.67 0.000140513
14.68 0.00010884
14.69 7.71608e-05
14.7 4.54894e-05
14.71 1.34945e-05
14.72 -1.93716e-05
14.73 -5.34934e-05
14.74 -8.87845e-05
14.75 -0.000124738
14.76 -0.00016081
14.77 -0.000196809
14.78 -0.000232915
14.79 -0.000269348
14.8 -0.000305999
14.81 -0.000342342
14.82 -0.000377652
14.83 -0.000411324
14.84 -0.000443065
14.85 -0.000472876
14.86 -0.000500856
14.87 -0.000526995
14.88 -0.00055109
14.89 -0.000572838
14.9 -0.00059204
14.91 -0.000608754
14.92 -0.000623301
14.93 -0.000636094
14.94 -0.000647349
14.95 -0.000656883
14.96 -0.000664201
14.97 -0.000668841
14.98 -0.000670753
14.99 -0.000670404
15 -0.000668485
15.01 -0.000665433
15.02 -0.000661157
15.03 -0.000655149
15.04 -0.000646861
15.05 -0.000636012
15.06 -0.000622608
15.07 -0.000606727
15.08 -0.000588285
15.09 -0.000567006
15.1 -0.000542688
15.11 -0.000515507
15.12 -0.000486027
15.13 -0.000454844
15.14 -0.000422196
15.15 -0.000387898
15.16 -0.000351683
15.17 -0.000313636
15.18 -0.00027427
15.19 -0.000234179
15.2 -0.000193571
15.21 -0.000152137
15.22 -0.000109383
15.23 -6.51843e-05
15.24 -2.00416e-05
15.25 2.51368e-05
15.26 6.95237e-05
15.27 0.000112727
15.28 0.000154795
15.29 0.00019598
15.3 0.000236565
15.31 0.000276829
15.32 0.000317014
15.33 0.000357182
15.34 0.000397053
15.35 0.000436033
15.36 0.00047344
15.37 0.000508788
15.38 0.000541866
15.39 0.000572596
15.4 0.000600893
15.41 0.000626659
15.42 0.000649891
15.43 0.000670754
15.44 0.000689549
15.45 0.000706626
15.46 0.000722256
15.47 0.000736514
15.48 0.000749227
15.49 0.00076
15.5 0.000768319
15.51 0.000773696
15.52 0.000775805
15.53 0.00077456
15.54 0.000770092
15.55 0.00076263
15.56 0.000752363
15.57 0.000739353
15.58 0.000723554
15.59 0.00070489
15.6 0.000683316
15.61 0.000658837
15.62 0.000631476
15.63 0.000601264
15.64 0.00056825
15.65 0.000532546
15.66 0.00049438
15.67 0.000454116
15.68 0.000412216
15.69 0.000369156
15.7 0.000325392
15.71 0.000281378
15.72 0.000237509
15.73 0.000193967
15.74 0.000150605
15.75 0.000107018
15.76 6.28266e-05
15.77 1.79997e-05
15.78 -2.7066e-05
15.79 -7.17752e-05
15.8 -0.00011575
15.81 -0.00015911
15.82 -0.00020236
15.83 -0.000245941
15.84 -0.00028981
15.85 -0.000333351
15.86 -0.000375711
15.87 -0.00041627
15.88 -0.000454895
15.89 -0.00049181
15.9 -0.000527205
15.91 -0.000560901
15.92 -0.000592354
15.93 -0.000620972
15.94 -0.000646489
15.95 -0.0006691
15.96 -0.000689254
15.97 -0.00070728
15.98 -0.000723116
15.99 -0.000736313
16 -0.000746284
16.01 -0.000752616
16.02 -0.000755275
16.03 -0.000754613
16.04 -0.000751187
16.05 -0.000745534
16.06 -0.000738062
16.07 -0.000729106
16.08 -0.000719046
16.09 -0.000708327
16.1 -0.000697384
16.11 -0.000686512
16.12 -0.000675806
16.13 -0.000665185
16.14 -0.000654429
16.15 -0.000643175
16.16 -0.000630889
16.17 -0.000616906
16.18 -0.00060064
16.19 -0.000581875
16.2 -0.000560886
16.21 -0.000538278
16.22 -0.000514621
16.23 -0.000490178
16.24 -0.000464888
16.25 -0.000438584
16.26 -0.000411192
16.27 -0.000382757
16.28 -0.000353338
16.29 -0.000322904
16.3 -0.000291324
16.31 -0.000258436
16.32 -0.000224135
16.33 -0.000188443
16.34 -0.000151563
16.35 -0.0001139
16.36 -7.59535e-05
16.37 -3.81054e-05
16.38 -4.59041e-07
16.39 3.71246e-05
16.4 7.47743e-05
16.41 0.000112359
16.42 0.000149523
16.43 0.000185994
16.44 0.000221822
16.45 0.000257321
16.46 0.000292781
16.47 0.000328239
16.48 0.000363496
16.49 0.000398292
16.5 0.000432432
16.51 0.000465756
16.52 0.000498068
16.53 0.000529152
16.54 0.000558832
16.55 0.000586998
16.56 0.000613527
16.57 0.000638167
16.58 0.000660511
16.59 0.000680105
16.6 0.000696622
16.61 0.000709971
16.62 0.000720229
16.63 0.000727461
16.64 0.000731603
16.65 0.000732523
16.66 0.000730157
16.67 0.000724597
16.68 0.000716019
16.69 0.000704542
16.7 0.000690183
16.71 0.000672957
16.72 0.000653043
16.73 0.000630846
16.74 0.000606888
16.75 0.000581614
16.76 0.000555271
16.77 0.000527955
16.78 0.000499723
16.79 0.000470687
16.8 0.000441033
16.81 0.000411016
16.82 0.00038094
16.83 0.000351091
16.84 0.000321551
16.85 0.00029201
16.86 0.000261834
16.87 0.000230397
16.88 0.000197419
16.89 0.000163004
16.9 0.000127395
16.91 9.06847e-05
16.92 5.27951e-05
16.93 1.37126e-05
16.94 -2.6267e-05
16.95 -6.65338e-05
16.96 -0.000106428
16.97 -0.000145558
16.98 -0.000183934
16.99 -0.000221813
17 -0.000259359
17.01 -0.000296369
17.02 -0.000332254
17.03 -0.000366269
17.04 -0.000397769
17.05 -0.000426318
17.06 -0.000451658
17.07 -0.000473636
17.08 -0.000492171
17.09 -0.00050726
17.1 -0.000518989
17.11 -0.000527524
17.12 -0.000533124
17.13 -0.000536149
17.14 -0.000537037
17.15 -0.000536232
17.16 -0.000534032
17.17 -0.000530458
17.18 -0.000525258
17.19 -0.000518087
17.2 -0.000508775
17.21 -0.000497477
17.22 -0.000484546
17.23 -0.000470221
17.24 -0.000454428
17.25 -0.000436865
17.26 -0.000417297
17.27 -0.000395799
17.28 -0.00037275
17.29 -0.000348619
17.3 -0.00032372
17.31 -0.000298107
17.32 -0.000271644
17.33 -0.000244182
17.34 -0.000215747
17.35 -0.000186644
17.36 -0.000157387
17.37 -0.000128483
17.38 -0.000100235
17.39 -7.26658e-05
17.4 -4.55996e-05
17.41 -1.87972e-05
17.42 7.95864e-06
17.43 3.48495e-05
17.44 6.20062e-05
17.45 8.94584e-05
17.46 0.000117102
17.47 0.000144716
17.48 0.000171997
17.49 0.000198575
17.5 0.000224044
17.51 0.000248055
17.52 0.000270463
17.53 0.000291418
17.54 0.000311245
17.55 0.000330166
17.56 0.000348065
17.57 0.000364507
17.58 0.000379025
17.59 0.000391424
17.6 0.00040181
17.61 0.000410314
17.62 0.000416806
17.63 0.000420867
17.64 0.000422035
17.65 0.000420087
17.66 0.000415144
17.67 0.00040756
17.68 0.000397729
17.69 0.000385959
17.7 0.000372483
17.71 0.000357533
17.72 0.000341415
17.73 0.000324504
17.74 0.000307165
17.75 0.000289636
17.76 0.000271963
17.77 0.000254024
17.78 0.000235618
17.79 0.000216603
17.8 0.000197035
17.81 0.000177248
17.82 0.000157764
17.83 0.000139068
17.84 0.000121406
17.85 0.000104753
17.86 8.89102e-05
17.87 7.36353e-05
17.88 5.87443e-05
17.89 4.41809e-05
17.9 3.00413e-05
17.91 1.65379e-05
17.92 3.90076e-06
17.93 -7.74811e-06
17.94 -1.84942e-05
17.95 -2.86494e-05
17.96 -3.8654e-05
17.97 -4.89053e-05
17.98 -5.96025e-05
17.99 -7.07061e-05
18 -8.20492e-05
18.01 -9.35049e-05
18.02 -0.000105066
18.03 -0.000116786
18.04 -0.00012868
18.05 -0.000140677
18.06 -0.000152647
18.07 -0.000164444
18.08 -0.000175948
18.09 -0.000187102
18.1 -0.00019794
18.11 -0.00020857
18.12 -0.000219102
18.13 -0.000229542
18.14 -0.000239723
18.15 -0.000249327
18.16 -0.000257982
18.17 -0.000265384
18.18 -0.000271348
18.19 -0.000275793
18.2 -0.000278706
18.21 -0.000280129
18.22 -0.000280121
18.23 -0.000278711
18.24 -0.000275875
18.25 -0.000271581
18.26 -0.000265817
18.27 -0.000258572
18.28 -0.000249786
18.29 -0.000239352
18.3 -0.000227207
18.31 -0.000213448
18.32 -0.00019838
18.33 -0.00018245
18.34 -0.000166067
18.35 -0.000149448
18.36 -0.000132607
18.37 -0.000115492
18.38 -9.81184e-05
18.39 -8.05709e-05
18.4 -6.29081e-05
18.41 -4.51086e-05
18.42 -2.71866e-05
18.43 -9.3634e-06
18.44 7.96961e-06
18.45 2.4501e-05
18.46 4.01449e-05
18.47 5.49041e-05
18.48 6.86377e-05
18.49 8.10199e-05
18.5 9.17594e-05
18.51 0.000100872
18.52 0.000108757
18.53 0.000116018
18.54 0.000123194
18.55 0.000130571
18.56 0.000138171
18.57 0.00014585
18.58 0.000153434
18.59 0.000160789
18.6 0.000167807
18.61 0.000174331
18.62 0.00018015
18.63 0.000185089
18.64 0.000189146
18.65 0.000192556
18.66 0.000195718
18.67 0.000199012
18.68 0.000202625
18.69 0.000206494
18.7 0.000210349
18.71 0.000213809
18.72 0.000216444
18.73 0.000217819
18.74 0.000217591
18.75 0.000215638
18.76 0.000212068
18.77 0.000207079
18.78 0.000200842
18.79 0.000193507
18.8 0.000185231
18.81 0.000176124
18.82 0.000166116
18.83 0.000154909
18.84 0.000142112
18.85 0.000127485
18.86 0.000111107
18.87 9.33383e-05
18.88 7.46179e-05
18.89 5.52545e-05
18.9 3.53526e-05
18.91 1.49035e-05
18.92 -6.0388e-06
18.93 -2.72471e-05
18.94 -4.83903e-05
18.95 -6.9224e-05
18.96 -8.97275e-05
18.97 -0.000110072
18.98 -0.000130464
18.99 -0.000151005
19 -0.000171628
19.01 -0.000192129
19.02 -0.000212216
19.03 -0.000231567
19.04 -0.000249889
19.05 -0.000266992
19.06 -0.000282864
19.07 -0.000297684
19.08 -0.000311726
19.09 -0.000325185
19.1 -0.000338078
19.11 -0.000350291
19.12 -0.000361711
19.13 -0.000372314
19.14 -0.000382141
19.15 -0.000391205
19.16 -0.000399412
19.17 -0.000406562
19.18 -0.000412422
19.19 -0.00041681
19.2 -0.000419622
19.21 -0.000420817
19.22 -0.000420373
19.23 -0.000418291
19.24 -0.000414609
19.25 -0.000409429
19.26 -0.000402883
19.27 -0.000395071
19.28 -0.000385973
19.29 -0.000375417
19.3 -0.00036315
19.31 -0.000348978
19.32 -0.000332926
19.33 -0.000315282
19.34 -0.000296441
19.35 -0.000276684
19.36 -0.00025612
19.37 -0.000234858
19.38 -0.00021314
19.39 -0.000191255
19.4 -0.000169313
19.41 -0.000147128
19.42 -0.000124383
19.43 -0.000100944
19.44 -7.69797e-05
19.45 -5.27796e-05
19.46 -2.84749e-05
19.47 -3.9171e-06
19.48 2.12068e-05
19.49 4.71611e-05
19.5 7.40136e-05
19.51 0.000101641
19.52 0.000129872
19.53 0.000158639
19.54 0.000188011
19.55 0.000218093
19.56 0.000248866
19.57 0.000280123
19.58 0.000311552
19.59 0.000342866
19.6 0.000373838
19.61 0.000404218
19.62 0.000433673
19.63 0.000461844
19.64 0.000488473
19.65 0.000513469
19.66 0.00053682
19.67 0.00055845
19.68 0.000578145
19.69 0.000595625
19.7 0.000610681
19.71 0.000623267
19.72 0.000633495
19.73 0.000641553
19.74 0.000647578
19.75 0.000651563
19.76 0.000653348
19.77 0.000652718
19.78 0.000649517
19.79 0.000643713
19.8 0.000635401
19.81 0.000624778
19.82 0.000612107
19.83 0.000597663
19.84 0.000581667
19.85 0.000564233
19.86 0.000545372
19.87 0.000525052
19.88 0.000503257
19.89 0.000480008
19.9 0.000455355
19.91 0.000429379
19.92 0.000402187
19.93 0.000373905
19.94 0.000344672
19.95 0.000314625
19.96 0.000283866
19.97 0.000252418
19.98 0.000220218
19.99 0.00018718
20 0.000153279
20.01 0.000118612
20.02 8.3374e-05
20.03 4.77989e-05
20.04 1.20948e-05
20.05 -2.35651e-05
20.06 -5.90055e-05
20.07 -9.40125e-05
20.08 -0.000128361
20.09 -0.000161904
20.1 -0.000194656
20.11 -0.00022679
20.12 -0.000258527
20.13 -0.000289976
20.14 -0.000321
20.15 -0.000351204
20.16 -0.000380091
20.17 -0.000407286
20.18 -0.000432657
20.19 -0.000456231
20.2 -0.000478024
20.21 -0.000497937
20.22 -0.000515849
20.23 -0.000531789
20.24 -0.000546026
20.25 -0.000558969
20.26 -0.00057094
20.27 -0.000581968
20.28 -0.000591693
20.29 -0.000599433
20.3 -0.000604466
20.31 -0.000606384
20.32 -0.000605277
20.33 -0.000601629
20.34 -0.000596029
20.35 -0.000588921
20.36 -0.000580534
20.37 -0.00057096
20.38 -0.000560273
20.39 -0.000548588
20.4 -0.00053602
20.41 -0.000522569
20.42 -0.000508002
20.43 -0.000491808
20.44 -0.000473361
20.45 -0.000452208
20.46 -0.000428315
20.47 -0.000402098
20.48 -0.000374219
20.49 -0.000345287
20.5 -0.000315663
20.51 -0.000285445
20.52 -0.000254562
20.53 -0.000222869
20.54 -0.000190202
20.55 -0.000156407
20.56 -0.000121374
20.57 -8.50859e-05
20.58 -4.76928e-05
20.59 -9.54646e-06
20.6 2.88513e-05
20.61 6.69915e-05
20.62 0.000104526
20.63 0.000141344
20.64 0.000177479
20.65 0.000212926
20.66 0.000247566
20.67 0.000281263
20.68 0.000314035
20.69 0.000346112
20.7 0.000377782
20.71 0.000409149
20.72 0.000439978
20.73 0.000469753
20.74 0.000497926
20.75 0.000524162
20.76 0.000548374
20.77 0.000570551
20.78 0.00059059
20.79 0.000608301
20.8 0.000623533
20.81 0.000636257
20.82 0.000646491
20.83 0.000654126
20.84 0.000658884
20.85 0.00066046
20.86 0.000658709
20.87 0.000653708
20.88 0.000645642
20.89 0.00063466
20.9 0.000620835
20.91 0.000604282
20.92 0.000585285
20.93 0.000564302
20.94 0.000541774
20.95 0.000517878
20.96 0.000492455
20.97 0.000465169
20.98 0.000435741
20.99 0.000404077
21 0.000370222
21.01 0.000334261
21.02 0.000296279
21.03 0.00025641
21.04 0.000214876
21.05 0.000171981
21.06 0.000128054
21.07 8.34103e-05
21.08 3.83074e-05
21.09 -7.0817e-06
21.1 -5.26551e-05
21.11 -9.83128e-05
21.12 -0.000143857
21.13 -0.000188933
21.14 -0.000233074
21.15 -0.000275831
21.16 -0.000316879
21.17 -0.000356031
21.18 -0.000393134
21.19 -0.000427956
21.2 -0.000460211
21.21 -0.00048971
21.22 -0.000516495
21.23 -0.000540823
21.24 -0.000563019
21.25 -0.000583317
21.26 -0.000601836
21.27 -0.000618655
21.28 -0.000633861
21.29 -0.000647502
21.3 -0.000659493
21.31 -0.000669617
21.32 -0.000677661
21.33 -0.000683594
21.34 -0.000687583
21.35 -0.000689811
21.36 -0.000690253
21.37 -0.000688596
21.38 -0.000684412
21.39 -0.00067742
21.4 -0.000667594
21.41 -0.000655067
21.42 -0.000639957
21.43 -0.000622325
21.44 -0.000602243
21.45 -0.000579872
21.46 -0.000555462
21.47 -0.000529274
21.48 -0.000501498
21.49 -0.000472221
21.5 -0.000441455
21.51 -0.000409186
21.52 -0.00037545
21.53 -0.000340393
21.54 -0.000304256
21.55 -0.000267284
21.56 -0.000229669
21.57 -0.000191566
21.58 -0.000153175
21.59 -0.00011479
21.6 -7.6741e-05
21.61 -3.92624e-05
21.62 -2.37893e-06
21.63 3.40911e-05
21.64 7.037e-05
21.65 0.000106501
21.66 0.00014226
21.67 0.000177263
21.68 0.000211186
21.69 0.000243874
21.7 0.000275259
21.71 0.000305165
21.72 0.00033328
21.73 0.000359332
21.74 0.000383278
21.75 0.000405313
21.76 0.000425699
21.77 0.000444608
21.78 0.000462087
21.79 0.000478144
21.8 0.000492855
21.81 0.000506381
21.82 0.000518864
21.83 0.000530292
21.84 0.000540457
21.85 0.000549048
21.86 0.000555837
21.87 0.00056081
21.88 0.00056417
21.89 0.000566236
21.9 0.000567277
21.91 0.000567394
21.92 0.000566523
21.93 0.000564529
21.94 0.000561327
21.95 0.000556922
21.96 0.00055134
21.97 0.000544515
21.98 0.00053628
21.99 0.000526464
22 0.000514978
22.01 0.000501797
22.02 0.000486943
22.03 0.000470524
22.04 0.000452821
22.05 0.000434258
22.06 0.000415187
22.07 0.000395614
22.08 0.000375169
22.09 0.000353381
22.1 0.000330057
22.11 0.000305422
22.12 0.000279904
22.13 0.000253767
22.14 0.000226943
22.15 0.000199193
22.16 0.00017039
22.17 0.000140675
22.18 0.000110361
22.19 7.97519e-05
22.2 4.90271e-05
22.21 1.82776e-05
22.22 -1.24216e-05
22.23 -4.29886e-05
22.24 -7.33549e-05
22.25 -0.000103481
22.26 -0.000133359
22.27 -0.00016301
22.28 -0.000192487
22.29 -0.000221837
22.3 -0.000251008
22.31 -0.000279753
22.32 -0.000307661
22.33 -0.000334327
22.34 -0.000359509
22.35 -0.000383148
22.36 -0.000405261
22.37 -0.000425823
22.38 -0.00044475
22.39 -0.000461973
22.4 -0.000477487
22.41 -0.000491342
22.42 -0.000503581
22.43 -0.000514212
22.44 -0.00052324
22.45 -0.000530704
22.46 -0.000536655
22.47 -0.000541055
22.48 -0.000543723
22.49 -0.000544406
22.5 -0.000542972
22.51 -0.000539591
22.52 -0.000534702
22.53 -0.000528778
22.54 -0.000522071
22.55 -0.000514508
22.56 -0.000505799
22.57 -0.000495624
22.58 -0.000483774
22.59 -0.000470206
22.6 -0.000454995
22.61 -0.000438271
22.62 -0.000420157
22.63 -0.000400754
22.64 -0.000380192
22.65 -0.000358688
22.66 -0.000336543
22.67 -0.000314043
22.68 -0.000291342
22.69 -0.000268415
22.7 -0.000245131
22.71 -0.000221375
22.72 -0.000197155
22.73 -0.000172623
22.74 -0.000148011
22.75 -0.000123548
22.76 -9.94021e-05
22.77 -7.56674e-05
22.78 -5.24011e-05
22.79 -2.96533e-05
22.8 -7.46911e-06
22.81 1.41207e-05
22.82 3.50705e-05
22.83 5.52751e-05
22.84 7.46074e-05
22.85 9.3037e-05
22.86 0.000110689
22.87 0.000127763
22.88 0.000144378
22.89 0.0001605
22.9 0.000175992
22.91 0.000190728
22.92 0.000204658
22.93 0.000217782
22.94 0.000230119
22.95 0.000241707
22.96 0.000252604
22.97 0.000262869
22.98 0.000272523
22.99 0.000281537
23 0.000289874
23.01 0.000297536
23.02 0.00030457
23.03 0.000310986
23.04 0.000316661
23.05 0.000321311
23.06 0.000324611
23.07 0.000326394
23.08 0.000326727
23.09 0.000325798
23.1 0.000323761
23.11 0.000320696
23.12 0.000316685
23.13 0.000311895
23.14 0.000306544
23.15 0.000300786
23.16 0.000294586
23.17 0.000287703
23.18 0.00027978
23.19 0.000270489
23.2 0.000259651
23.21 0.000247299
23.22 0.000233631
23.23 0.000218914
23.24 0.000203381
23.25 0.000187186
23.26 0.000170431
23.27 0.000153232
23.28 0.000135763
23.29 0.000118216
23.3 0.000100711
23.31 8.32308e-05
23.32 6.56629e-05
23.33 4.79323e-05
23.34 3.00855e-05
23.35 1.22582e-05
23.36 -5.39988e-06
23.37 -2.27527e-05
23.38 -3.96556e-05
23.39 -5.5942e-05
23.4 -7.14597e-05
23.41 -8.6121e-05
23.42 -9.9899e-05
23.43 -0.000112759
23.44 -0.000124587
23.45 -0.000135188
23.46 -0.000144377
23.47 -0.000152098
23.48 -0.000158447
23.49 -0.000163573
23.5 -0.000167546
23.51 -0.000170295
23.52 -0.000171656
23.53 -0.000171483
23.54 -0.000169733
23.55 -0.00016649
23.56 -0.000161914
23.57 -0.000156184
23.58 -0.000149434
23.59 -0.000141735
23.6 -0.000133163
23.61 -0.000123887
23.62 -0.00011414
23.63 -0.000104067
23.64 -9.3622e-05
23.65 -8.26275e-05
23.66 -7.09592e-05
23.67 -5.86699e-05
23.68 -4.59421e-05
23.69 -3.29268e-05
23.7 -1.96303e-05
23.71 -5.95082e-06
23.72 8.17534e-06
23.73 2.2651e-05
23.74 3.7222e-05
23.75 5.1601e-05
23.76 6.5622e-05
23.77 7.93076e-05
23.78 9.28016e-05
23.79 0.000106226
23.8 0.00011958
23.81 0.000132752
23.82 0.00014562
23.83 0.000158133
23.84 0.000170273
23.85 0.000181936
23.86 0.000192833
23.87 0.000202536
23.88 0.000210662
23.89 0.000217077
23.9 0.000221979
23.91 0.000225799
23.92 0.000228964
23.93 0.000231702
23.94 0.000234024
23.95 0.00023587
23.96 0.000237242
23.97 0.000238179
23.98 0.000238638
23.99 0.00023841
24 0.000237184
24.01 0.000234698
24.02 0.000230857
24.03 0.000225756
24.04 0.000219666
24.05 0.000212989
24.06 0.000206146
24.07 0.000199406
24.08 0.000192821
24.09 0.000186316
24.1 0.000179825
24.11 0.000173316
24.12 0.000166707
24.13 0.000159788
24.14 0.000152276
24.15 0.000143983
24.16 0.000134948
24.17 0.000125407
24.18 0.000115633
24.19 0.000105764
24.2 9.5761e-05
24.21 8.54817e-05
24.22 7.48003e-05
24.23 6.36563e-05
24.24 5.20345e-05
24.25 3.99278e-05
24.26 2.73249e-05
24.27 1.42277e-05
24.28 6.69304e-07
24.29 -1.3282e-05
24.3 -2.75187e-05
24.31 -4.1887e-05
24.32 -5.61957e-05
24.33 -7.025e-05
24.34 -8.38948e-05
24.35 -9.70439e-05
24.36 -0.000109691
24.37 -0.000121901
24.38 -0.000133766
24.39 -0.000145355
24.4 -0.000156673
24.41 -0.000167668
24.42 -0.000178257
24.43 -0.000188342
24.44 -0.000197833
24.45 -0.000206667
24.46 -0.000214821
24.47 -0.0002223
24.48 -0.000229094
24.49 -0.000235156
24.5 -0.000240431
24.51 -0.000244938
24.52 -0.000248781
24.53 -0.00025208
24.54 -0.000254873
24.55 -0.000257087
24.56 -0.000258595
24.57 -0.00025932
24.58 -0.000259306
24.59 -0.000258707
24.6 -0.000257693
24.61 -0.000256324
24.62 -0.000254505
24.63 -0.000252072
24.64 -0.000248935
24.65 -0.000245168
24.66 -0.000240981
24.67 -0.000236596
24.68 -0.000232113
24.69 -0.000227457
24.7 -0.00022243
24.71 -0.000216831
24.72 -0.000210538
24.73 -0.000203517
24.74 -0.000195753
24.75 -0.00018718
24.76 -0.000177719
24.77 -0.00016736
24.78 -0.000156211
24.79 -0.000144433
24.8 -0.000132135
24.81 -0.000119331
24.82 -0.000105987
24.83 -9.21014e-05
24.84 -7.77428e-05
24.85 -6.30221e-05
24.86 -4.80302e-05
24.87 -3.28086e-05
24.88 -1.7397e-05
24.89 -1.91802e-06
24.9 1.3394e-05
24.91 2.82612e-05
24.92 4.24719e-05
24.93 5.59439e-05
24.94 6.87073e-05
24.95 8.08349e-05
24.96 9.23665e-05
24.97 0.000103277
24.98 0.000113523
24.99 0.000123106
25 0.000132078
25.01 0.000140451
25.02 0.000148131
25.03 0.00015495
25.04 0.000160757
25.05 0.000165482
25.06 0.000169133
25.07 0.000171759
25.08 0.000173421
25.09 0.000174164
25.1 0.000174006
25.11 0.000172942
25.12 0.00017098
25.13 0.0001682
25.14 0.000164721
25.15 0.00016062
25.16 0.00015589
25.17 0.000150499
25.18 0.00014447
25.19 0.000137876
25.2 0.000130817
25.21 0.000123419
25.22 0.000115829
25.23 0.000108173
25.24 0.000100523
25.25 9.28997e-05
25.26 8.53378e-05
25.27 7.79379e-05
25.28 7.08368e-05
25.29 6.4108e-05
25.3 5.76755e-05
25.31 5.13201e-05
25.32 4.47951e-05
25.33 3.79682e-05
25.34 3.08835e-05
25.35 2.37024e-05
25.36 1.65706e-05
25.37 9.52608e-06
25.38 2.52938e-06
25.39 -4.42717e-06
25.4 -1.12618e-05
25.41 -1.78526e-05
25.42 -2.41156e-05
25.43 -3.00179e-05
25.44 -3.55216e-05
25.45 -4.05199e-05
25.46 -4.48138e-05
25.47 -4.81539e-05
25.48 -5.03584e-05
25.49 -5.14354e-05
25.5 -5.15984e-05
25.51 -5.11453e-05
25.52 -5.02982e-05
25.53 -4.9131e-05
25.54 -4.76309e-05
25.55 -4.58049e-05
25.56 -4.37039e-05
25.57 -4.13558e-05
25.58 -3.87252e-05
25.59 -3.57673e-05
25.6 -3.25044e-05
25.61 -2.90311e-05
25.62 -2.54428e-05
25.63 -2.17689e-05
25.64 -1.79952e-05
25.65 -1.41533e-05
25.66 -1.0376e-05
25.67 -6.85131e-06
25.68 -3.7104e-06
25.69 -9.45336e-07
25.7 1.57031e-06
25.71 3.9774e-06
25.72 6.32614e-06
25.73 8.54271e-06
25.74 1.04729e-05
25.75 1.19608e-05
25.76 1.29223e-05
25.77 1.33819e-05
25.78 1.34512e-05
25.79 1.32734e-05
25.8 1.2976e-05
25.81 1.26582e-05
25.82 1.23923e-05
25.83 1.22126e-05
25.84 1.20934e-05
25.85 1.1939e-05
25.86 1.16044e-05
25.87 1.09525e-05
25.88 9.94542e-06
25.89 8.71725e-06
25.9 7.55529e-06
25.91 6.77372e-06
25.92 6.54226e-06
25.93 6.80421e-06
25.94 7.39185e-06
25.95 8.24397e-06
25.96 9.49128e-06
25.97 1.13188e-05
25.98 1.37548e-05
25.99 1.65953e-05
26 1.95239e-05
26.01 2.23042e-05
26.02 2.48873e-05
26.03 2.73783e-05
26.04 2.99338e-05
26.05 3.26815e-05
26.06 3.56875e-05
26.07 3.89563e-05
26.08 4.24526e-05
26.09 4.61245e-05
26.1 4.98982e-05
26.11 5.3659e-05
26.12 5.7268e-05
26.13 6.06105e-05
26.14 6.36032e-05
26.15 6.61452e-05
26.16 6.8101e-05
26.17 6.93721e-05
26.18 7.00075e-05
26.19 7.02389e-05
26.2 7.03759e-05
26.21 7.06346e-05
26.22 7.10443e-05
26.23 7.14869e-05
26.24 7.17899e-05
26.25 7.17846e-05
26.26 7.13301e-05
26.27 7.0337e-05
26.28 6.87948e-05
26.29 6.67752e-05
26.3 6.43912e-05
26.31 6.17316e-05
26.32 5.88182e-05
26.33 5.56134e-05
26.34 5.20683e-05
26.35 4.81603e-05
26.36 4.38715e-05
26.37 3.91308e-05
26.38 3.38109e-05
26.39 2.78044e-05
26.4 2.11089e-05
26.41 1.38361e-05
26.42 6.13744e-06
26.43 -1.8779e-06
26.44 -1.01501e-05
26.45 -1.86015e-05
26.46 -2.70684e-05
26.47 -3.53055e-05
26.48 -4.30759e-05
26.49 -5.0263e-05
26.5 -5.69208e-05
26.51 -6.32235e-05
26.52 -6.93415e-05
26.53 -7.5331e-05
26.54 -8.11186e-05
26.55 -8.65723e-05
26.56 -9.15704e-05
26.57 -9.60107e-05
26.58 -9.9787e-05
26.59 -0.000102789
26.6 -0.000104938
26.61 -0.00010624
26.62 -0.000106803
26.63 -0.000106815
26.64 -0.000106454
26.65 -0.000105806
26.66 -0.000104873
26.67 -0.000103682
26.68 -0.000102353
26.69 -0.00010104
26.7 -9.97879e-05
26.71 -9.84596e-05
26.72 -9.68133e-05
26.73 -9.46719e-05
26.74 -9.19973e-05
26.75 -8.88258e-05
26.76 -8.52031e-05
26.77 -8.12158e-05
26.78 -7.70415e-05
26.79 -7.29228e-05
26.8 -6.90849e-05
26.81 -6.56676e-05
26.82 -6.26894e-05
26.83 -6.00438e-05
26.84 -5.75491e-05
26.85 -5.50409e-05
26.86 -5.24526e-05
26.87 -4.98146e-05
26.88 -4.71581e-05
26.89 -4.44183e-05
26.9 -4.14638e-05
26.91 -3.82307e-05
26.92 -3.47952e-05
26.93 -3.13033e-05
26.94 -2.78508e-05
26.95 -2.44338e-05
26.96 -2.09724e-05
26.97 -1.73526e-05
26.98 -1.34712e-05
26.99 -9.27488e-06
27 -4.76586e-06
27.01 3.8827e-08
27.02 5.1611e-06
27.03 1.06716e-05
27.04 1.66252e-05
27.05 2.2974e-05
27.06 2.95455e-05
27.07 3.6109e-05
27.08 4.2469e-05
27.09 4.85172e-05
27.1 5.42344e-05
27.11 5.96761e-05
27.12 6.49739e-05
27.13 7.03265e-05
27.14 7.59217e-05
27.15 8.18139e-05
27.16 8.78676e-05
27.17 9.3821e-05
27.18 9.94044e-05
27.19 0.000104414
27.2 0.000108716
27.21 0.000112226
27.22 0.00011491
27.23 0.000116814
27.24 0.000118025
27.25 0.000118602
27.26 0.000118533
27.27 0.000117784
27.28 0.000116344
27.29 0.000114221
27.3 0.000111381
27.31 0.000107717
27.32 0.000103096
27.33 9.74471e-05
27.34 9.0819e-05
27.35 8.33607e-05
27.36 7.52443e-05
27.37 6.65985e-05
27.38 5.74945e-05
27.39 4.79774e-05
27.4 3.81032e-05
27.41 2.79501e-05
27.42 1.76077e-05
27.43 7.16436e-06
27.44 -3.29534e-06
27.45 -1.36928e-05
27.46 -2.39716e-05
27.47 -3.4112e-05
27.48 -4.41021e-05
27.49 -5.388e-05
27.5 -6.33245e-05
27.51 -7.23232e-05
27.52 -8.08614e-05
27.53 -8.90387e-05
27.54 -9.69687e-05
27.55 -0.000104648
27.56 -0.000111936
27.57 -0.000118672
27.58 -0.000124823
27.59 -0.000130518
27.6 -0.000135955
27.61 -0.000141256
27.62 -0.000146427
27.63 -0.000151423
27.64 -0.000156246
27.65 -0.000160976
27.66 -0.000165715
27.67 -0.00017052
27.68 -0.000175362
27.69 -0.000180152
27.7 -0.000184785
27.71 -0.000189177
27.72 -0.000193272
27.73 -0.000197023
27.74 -0.000200373
27.75 -0.00020326
27.76 -0.000205642
27.77 -0.000207521
27.78 -0.000208903
27.79 -0.000209738
27.8 -0.000209892
27.81 -0.000209206
27.82 -0.000207591
27.83 -0.000205084
27.84 -0.000201818
27.85 -0.000197925
27.86 -0.00019344
27.87 -0.000188279
27.88 -0.000182301
27.89 -0.000175408
27.9 -0.000167592
27.91 -0.000158898
27.92 -0.00014936
27.93 -0.000138956
27.94 -0.000127652
27.95 -0.000115466
27.96 -0.0001025
27.97 -8.89065e-05
27.98 -7.48304e-05
27.99 -6.03812e-05
28 -4.56393e-05
28.01 -3.06655e-05
28.02 -1.54755e-05
28.03 -3.19652e-09
28.04 1.587e-05
28.05 3.22086e-05
28.06 4.89179e-05
28.07 6.57409e-05
28.08 8.23959e-05
28.09 9.8737e-05
28.1 0.000114759
28.11 0.000130447
28.12 0.000145658
28.13 0.000160177
28.14 0.000173865
28.15 0.000186745
28.16 0.00019894
28.17 0.000210534
28.18 0.000221497
28.19 0.000231729
28.2 0.000241163
28.21 0.000249836
28.22 0.000257851
28.23 0.000265268
28.24 0.00027201
28.25 0.000277872
28.26 0.000282628
28.27 0.000286162
28.28 0.000288503
28.29 0.000289755
28.3 0.000290018
28.31 0.000289356
28.32 0.00028782
28.33 0.000285431
28.34 0.000282138
28.35 0.000277787
28.36 0.000272185
28.37 0.000265226
28.38 0.000256931
28.39 0.000247385
28.4 0.000236634
28.41 0.000224652
28.42 0.000211419
28.43 0.000197008
28.44 0.000181583
28.45 0.000165308
28.46 0.000148274
28.47 0.000130508
28.48 0.000112015
28.49 9.27845e-05
28.5 7.28124e-05
28.51 5.21373e-05
28.52 3.08728e-05
28.53 9.19021e-06
28.54 -1.27363e-05
28.55 -3.47707e-05
28.56 -5.68115e-05
28.57 -7.87622e-05
28.58 -0.000100517
28.59 -0.000121974
28.6 -0.000143037
28.61 -0.000163607
28.62 -0.000183586
28.63 -0.000202907
28.64 -0.000221571
28.65 -0.000239626
28.66 -0.000257071
28.67 -0.000273758
28.68 -0.000289403
28.69 -0.000303722
28.7 -0.000316544
28.71 -0.000327795
28.72 -0.000337403
28.73 -0.000345236
28.74 -0.000351162
28.75 -0.000355167
28.76 -0.000357413
28.77 -0.000358154
28.78 -0.000357609
28.79 -0.000355873
28.8 -0.000352941
28.81 -0.000348775
28.82 -0.000343347
28.83 -0.000336605
28.84 -0.000328423
28.85 -0.000318615
28.86 -0.000307034
28.87 -0.000293691
28.88 -0.000278771
28.89 -0.00026253
28.9 -0.000245176
28.91 -0.000226831
28.92 -0.000207594
28.93 -0.000187605
28.94 -0.000167049
28.95 -0.000146074
28.96 -0.000124709
28.97 -0.00010286
28.98 -8.03912e-05
28.99 -5.72565e-05
29 -3.35563e-05
29.01 -9.49291e-06
29.02 1.47382e-05
29.03 3.90349e-05
29.04 6.34105e-05
29.05 8.79498e-05
29.06 0.000112718
29.07 0.000137677
29.08 0.000162672
29.09 0.000187489
29.1 0.000211937
29.11 0.000235875
29.12 0.000259181
29.13 0.000281719
29.14 0.000303327
29.15 0.000323844
29.16 0.000343147
29.17 0.000361162
29.18 0.000377857
29.19 0.000393228
29.2 0.00040729
29.21 0.000420093
29.22 0.0004317
29.23 0.000442152
29.24 0.000451408
29.25 0.000459339
29.26 0.000465799
29.27 0.000470715
29.28 0.000474117
29.29 0.000476049
29.3 0.000476498
29.31 0.000475377
29.32 0.000472591
29.33 0.000468103
29.34 0.000461982
29.35 0.000454411
29.36 0.00044561
29.37 0.00043571
29.38 0.000424659
29.39 0.000412258
29.4 0.000398309
29.41 0.000382766
29.42 0.000365726
29.43 0.000347285
29.44 0.000327427
29.45 0.000306058
29.46 0.000283144
29.47 0.000258801
29.48 0.000233264
29.49 0.000206757
29.5 0.000179402
29.51 0.000151221
29.52 0.000122223
29.53 9.24756e-05
29.54 6.21231e-05
29.55 3.13314e-05
29.56 2.37743e-07
29.57 -3.10512e-05
29.58 -6.24164e-05
29.59 -9.36878e-05
29.6 -0.000124656
29.61 -0.000155124
29.62 -0.000184946
29.63 -0.00021401
29.64 -0.000242201
29.65 -0.000269364
29.66 -0.000295344
29.67 -0.000320034
29.68 -0.000343391
29.69 -0.000365389
29.7 -0.000385973
29.71 -0.000405055
29.72 -0.000422541
29.73 -0.000438344
29.74 -0.000452389
29.75 -0.000464633
29.76 -0.000475062
29.77 -0.000483666
29.78 -0.000490409
29.79 -0.00049522
29.8 -0.000498042
29.81 -0.000498888
29.82 -0.000497852
29.83 -0.00049506
29.84 -0.000490612
29.85 -0.000484555
29.86 -0.00047689
29.87 -0.000467595
29.88 -0.000456656
29.89 -0.0004441
29.9 -0.000430005
29.91 -0.000414469
29.92 -0.000397589
29.93 -0.000379455
29.94 -0.000360159
29.95 -0.000339795
29.96 -0.000318455
29.97 -0.000296219
29.98 -0.000273165
29.99 -0.000249356
30 -0.000224847
30.01 -0.000199692
30.02 -0.000173952
30.03 -0.000147709
30.04 -0.000121048
30.05 -9.4026e-05
30.06 -6.66757e-05
30.07 -3.90364e-05
30.08 -1.11907e-05
30.09 1.67331e-05
30.1 4.45912e-05
30.11 7.22591e-05
30.12 9.9646e-05
30.13 0.000126682
30.14 0.000153286
30.15 0.000179342
30.16 0.000204705
30.17 0.000229232
30.18 0.000252812
30.19 0.000275363
30.2 0.000296801
30.21 0.000317015
30.22 0.000335885
30.23 0.000353322
30.24 0.000369299
30.25 0.000383829
30.26 0.00039692
30.27 0.000408539
30.28 0.000418623
30.29 0.000427111
30.3 0.000433978
30.31 0.000439239
30.32 0.000442922
30.33 0.000445041
30.34 0.000445584
30.35 0.00044453
30.36 0.00044187
30.37 0.00043763
30.38 0.000431847
30.39 0.000424557
30.4 0.000415783
30.41 0.000405559
30.42 0.000393945
30.43 0.000381015
30.44 0.000366832
30.45 0.00035144
30.46 0.000334873
30.47 0.000317177
30.48 0.000298407
30.49 0.000278624
30.5 0.000257889
30.51 0.000236263
30.52 0.000213816
30.53 0.000190628
30.54 0.000166788
30.55 0.000142395
30.56 0.000117547
30.57 9.23252e-05
30.58 6.67947e-05
30.59 4.1023e-05
30.6 1.50975e-05
30.61 -1.08721e-05
30.62 -3.67641e-05
30.63 -6.24572e-05
30.64 -8.78381e-05
30.65 -0.000112803
30.66 -0.000137257
30.67 -0.000161105
30.68 -0.000184255
30.69 -0.000206616
30.7 -0.000228102
30.71 -0.000248645
30.72 -0.000268185
30.73 -0.000286668
30.74 -0.000304041
30.75 -0.000320255
30.76 -0.000335279
30.77 -0.000349092
30.78 -0.000361678
30.79 -0.000373013
30.8 -0.000383069
30.81 -0.00039182
30.82 -0.000399247
30.83 -0.000405345
30.84 -0.000410115
30.85 -0.000413555
30.86 -0.000415651
30.87 -0.000416384
30.88 -0.000415746
30.89 -0.000413746
30.9 -0.000410414
30.91 -0.000405787
30.92 -0.000399896
30.93 -0.000392757
30.94 -0.000384381
30.95 -0.000374781
30.96 -0.000363986
30.97 -0.000352033
30.98 -0.000338961
30.99 -0.000324811
31 -0.000309621
31.01 -0.00029344
31.02 -0.000276322
31.03 -0.000258328
31.04 -0.000239518
31.05 -0.000219951
31.06 -0.000199687
31.07 -0.000178789
31.08 -0.000157319
31.09 -0.000135345
31.1 -0.000112934
31.11 -9.01568e-05
31.12 -6.70878e-05
31.13 -4.38062e-05
31.14 -2.03986e-05
31.15 3.04304e-06
31.16 2.64236e-05
31.17 4.96481e-05
31.18 7.26233e-05
31.19 9.52585e-05
31.2 0.000117465
31.21 0.000139158
31.22 0.000160252
31.23 0.00018067
31.24 0.000200336
31.25 0.000219183
31.26 0.00023715
31.27 0.000254181
31.28 0.000270225
31.29 0.000285236
31.3 0.000299175
31.31 0.00031201
31.32 0.000323714
31.33 0.000334265
31.34 0.000343643
31.35 0.000351832
31.36 0.000358818
31.37 0.00036459
31.38 0.000369142
31.39 0.000372464
31.4 0.00037455
31.41 0.000375397
31.42 0.000375003
31.43 0.000373371
31.44 0.000370511
31.45 0.000366435
31.46 0.00036116
31.47 0.000354705
31.48 0.000347095
31.49 0.000338357
31.5 0.000328522
31.51 0.000317623
31.52 0.000305695
31.53 0.000292778
31.54 0.000278912
31.55 0.000264139
31.56 0.000248508
31.57 0.000232067
31.58 0.00021487
31.59 0.000196973
31.6 0.000178435
31.61 0.000159319
31.62 0.000139688
31.63 0.00011961
31.64 9.91522e-05
31.65 7.8387e-05
31.66 5.73864e-05
31.67 3.62247e-05
31.68 1.49779e-05
31.69 -6.27576e-06
31.7 -2.74566e-05
31.71 -4.84836e-05
31.72 -6.92754e-05
31.73 -8.97507e-05
31.74 -0.00010983
31.75 -0.000129434
31.76 -0.000148489
31.77 -0.000166923
31.78 -0.000184671
31.79 -0.000201673
31.8 -0.000217873
31.81 -0.000233221
31.82 -0.000247674
31.83 -0.000261193
31.84 -0.000273742
31.85 -0.000285292
31.86 -0.000295814
31.87 -0.000305287
31.88 -0.000313688
31.89 -0.000320999
31.9 -0.000327206
31.91 -0.000332296
31.92 -0.00033626
31.93 -0.000339091
31.94 -0.000340785
31.95 -0.000341342
31.96 -0.000340763
31.97 -0.000339054
31.98 -0.000336223
31.99 -0.000332281
32 -0.000327245
32.01 -0.000321134
32.02 -0.000313967
32.03 -0.000305766
32.04 -0.000296557
32.05 -0.000286368
32.06 -0.000275236
32.07 -0.000263198
32.08 -0.000250295
32.09 -0.000236567
32.1 -0.000222061
32.11 -0.000206823
32.12 -0.000190904
32.13 -0.000174358
32.14 -0.00015724
32.15 -0.000139606
32.16 -0.000121517
32.17 -0.000103033
32.18 -8.42197e-05
32.19 -6.51436e-05
32.2 -4.58742e-05
32.21 -2.64819e-05
32.22 -7.03915e-06
32.23 1.23809e-05
32.24 3.1704e-05
32.25 5.08558e-05
32.26 6.97627e-05
32.27 8.83525e-05
32.28 0.000106555
32.29 0.000124302
32.3 0.00014153
32.31 0.000158176
32.32 0.000174184
32.33 0.000189501
32.34 0.000204078
32.35 0.000217872
32.36 0.000230842
32.37 0.000242954
32.38 0.000254178
32.39 0.000264485
32.4 0.000273851
32.41 0.000282256
32.42 0.000289681
32.43 0.000296111
32.44 0.000301532
32.45 0.000305933
32.46 0.000309304
32.47 0.00031164
32.48 0.000312937
32.49 0.000313191
32.5 0.000312406
32.51 0.000310585
32.52 0.000307735
32.53 0.000303867
32.54 0.000298993
32.55 0.00029313
32.56 0.000286298
32.57 0.000278519
32.58 0.000269819
32.59 0.000260226
32.6 0.000249771
32.61 0.000238489
32.62 0.000226417
32.63 0.000213594
32.64 0.000200063
32.65 0.00018587
32.66 0.00017106
32.67 0.000155685
32.68 0.000139797
32.69 0.000123449
32.7 0.0001067
32.71 8.96063e-05
32.72 7.22297e-05
32.73 5.46322e-05
32.74 3.68775e-05
32.75 1.90309e-05
32.76 1.1585e-06
32.77 -1.66726e-05
32.78 -3.43953e-05
32.79 -5.19423e-05
32.8 -6.92472e-05
32.81 -8.62448e-05
32.82 -0.000102872
32.83 -0.000119067
32.84 -0.000134773
32.85 -0.000149934
32.86 -0.000164499
32.87 -0.000178422
32.88 -0.000191658
32.89 -0.000204168
32.9 -0.000215917
32.91 -0.000226873
32.92 -0.000237008
32.93 -0.000246295
32.94 -0.000254713
32.95 -0.000262242
32.96 -0.000268865
32.97 -0.000274566
32.98 -0.000279334
32.99 -0.000283157
33 -0.000286028
33.01 -0.000287942
33.02 -0.000288895
33.03 -0.000288885
33.04 -0.000287916
33.05 -0.000285991
33.06 -0.000283117
33.07 -0.000279304
33.08 -0.000274564
33.09 -0.000268914
33.1 -0.000262372
33.11 -0.000254959
33.12 -0.000246699
33.13 -0.000237619
33.14 -0.000227749
33.15 -0.000217123
33.16 -0.000205775
33.17 -0.000193744
33.18 -0.000181069
33.19 -0.000167794
33.2 -0.000153965
33.21 -0.000139627
33.22 -0.000124831
33.23 -0.000109628
33.24 -9.40721e-05
33.25 -7.82175e-05
33.26 -6.21213e-05
33.27 -4.58418e-05
33.28 -2.94385e-05
33.29 -1.2972e-05
33.3 3.49668e-06
33.31 1.9906e-05
33.32 3.61947e-05
33.33 5.23019e-05
33.34 6.81679e-05
33.35 8.37342e-05
33.36 9.89443e-05
33.37 0.000113744
33.38 0.000128082
33.39 0.00014191
33.4 0.000155181
33.41 0.000167855
33.42 0.000179891
33.43 0.000191255
33.44 0.000201915
33.45 0.00021184
33.46 0.000221005
33.47 0.000229387
33.48 0.000236963
33.49 0.000243717
33.5 0.000249632
33.51 0.000254693
33.52 0.000258889
33.53 0.00026221
33.54 0.000264649
33.55 0.0002662
33.56 0.000266861
33.57 0.000266631
33.58 0.000265511
33.59 0.000263507
33.6 0.000260624
33.61 0.000256873
33.62 0.000252265
33.63 0.000246817
33.64 0.000240545
33.65 0.00023347
33.66 0.000225615
33.67 0.000217008
33.68 0.000207675
33.69 0.000197648
33.7 0.000186961
33.71 0.00017565
33.72 0.000163754
33.73 0.000151313
33.74 0.00013837
33.75 0.00012497
33.76 0.000111161
33.77 9.69898e-05
33.78 8.25079e-05
33.79 6.77672e-05
33.8 5.28209e-05
33.81 3.77235e-05
33.82 2.25304e-05
33.83 7.29768e-06
33.84 -7.91817e-06
33.85 -2.30607e-05
33.86 -3.80739e-05
33.87 -5.29022e-05
33.88 -6.74915e-05
33.89 -8.1789e-05
33.9 -9.57437e-05
33.91 -0.000109307
33.92 -0.000122433
33.93 -0.000135077
33.94 -0.000147199
33.95 -0.000158761
33.96 -0.000169728
33.97 -0.000180068
33.98 -0.000189752
33.99 -0.000198754
34 -0.000207048
34.01 -0.000214615
34.02 -0.000221433
34.03 -0.000227487
34.04 -0.000232762
34.05 -0.000237244
34.06 -0.000240922
34.07 -0.000243788
34.08 -0.000245835
34.09 -0.000247058
34.1 -0.000247455
34.11 -0.000247025
34.12 -0.000245771
34.13 -0.000243696
34.14 -0.000240809
34.15 -0.000237117
34.16 -0.000232634
34.17 -0.000227373
34.18 -0.000221353
34.19 -0.000214592
34.2 -0.000207113
34.21 -0.000198941
34.22 -0.000190104
34.23 -0.00018063
34.24 -0.000170553
34.25 -0.000159907
34.26 -0.000148729
34.27 -0.000137056
34.28 -0.000124931
34.29 -0.000112395
34.3 -9.94926e-05
34.31 -8.627e-05
34.32 -7.27745e-05
34.33 -5.90547e-05
34.34 -4.51606e-05
34.35 -3.11429e-05
34.36 -1.70529e-05
34.37 -2.9427e-06
34.38 1.11359e-05
34.39 2.51311e-05
34.4 3.89916e-05
34.41 5.26669e-05
34.42 6.61079e-05
34.43 7.92666e-05
34.44 9.20971e-05
34.45 0.000104555
34.46 0.000116599
34.47 0.00012819
34.48 0.00013929
34.49 0.000149866
34.5 0.000159884
34.51 0.000169317
34.52 0.000178137
34.53 0.00018632
34.54 0.000193843
34.55 0.000200687
34.56 0.000206833
34.57 0.000212266
34.58 0.000216972
34.59 0.000220939
34.6 0.000224157
34.61 0.000226618
34.62 0.000228315
34.63 0.000229246
34.64 0.000229407
34.65 0.000228799
34.66 0.000227425
34.67 0.000225289
34.68 0.000222398
34.69 0.000218762
34.7 0.000214392
34.71 0.000209304
34.72 0.000203512
34.73 0.000197038
34.74 0.000189902
34.75 0.000182128
34.76 0.000173744
34.77 0.000164776
34.78 0.000155257
34.79 0.00014522
34.8 0.000134698
34.81 0.000123729
34.82 0.000112352
34.83 0.000100607
34.84 8.8535e-05
34.85 7.61807e-05
34.86 6.3588e-05
34.87 5.08026e-05
34.88 3.78711e-05
34.89 2.48407e-05
34.9 1.17591e-05
34.91 -1.32584e-06
34.92 -1.43663e-05
34.93 -2.73149e-05
34.94 -4.01248e-05
34.95 -5.275e-05
34.96 -6.51458e-05
34.97 -7.72689e-05
34.98 -8.90776e-05
34.99 -0.000100532
35 -0.000111595
35.01 -0.00012223
35.02 -0.000132404
35.03 -0.000142085
35.04 -0.000151245
35.05 -0.000159857
35.06 -0.000167896
35.07 -0.00017534
35.08 -0.000182167
35.09 -0.000188361
35.1 -0.000193903
35.11 -0.00019878
35.12 -0.000202978
35.13 -0.000206486
35.14 -0.000209295
35.15 -0.000211397
35.16 -0.000212788
35.17 -0.000213464
35.18 -0.000213422
35.19 -0.000212665
35.2 -0.000211194
35.21 -0.000209014
35.22 -0.000206133
35.23 -0.00020256
35.24 -0.000198307
35.25 -0.000193388
35.26 -0.000187819
35.27 -0.000181618
35.28 -0.000174807
35.29 -0.000167409
35.3 -0.00015945
35.31 -0.000150956
35.32 -0.000141957
35.33 -0.000132485
35.34 -0.000122572
35.35 -0.000112255
35.36 -0.000101569
35.37 -9.05527e-05
35.38 -7.92459e-05
35.39 -6.76891e-05
35.4 -5.59242e-05
35.41 -4.3994e-05
35.42 -3.19419e-05
35.43 -1.98119e-05
35.44 -7.64821e-06
35.45 4.50494e-06
35.46 1.66035e-05
35.47 2.86037e-05
35.48 4.04629e-05
35.49 5.21388e-05
35.5 6.35908e-05
35.51 7.47794e-05
35.52 8.56665e-05
35.53 9.62161e-05
35.54 0.000106394
35.55 0.000116167
35.56 0.000125505
35.57 0.000134379
35.58 0.000142763
35.59 0.000150633
35.6 0.000157965
35.61 0.000164739
35.62 0.000170936
35.63 0.000176538
35.64 0.000181532
35.65 0.000185902
35.66 0.000189637
35.67 0.000192727
35.68 0.000195163
35.69 0.00019694
35.7 0.000198051
35.71 0.000198496
35.72 0.000198271
35.73 0.000197379
35.74 0.000195823
35.75 0.000193608
35.76 0.00019074
35.77 0.000187231
35.78 0.00018309
35.79 0.000178333
35.8 0.000172974
35.81 0.000167033
35.82 0.000160529
35.83 0.000153485
35.84 0.000145925
35.85 0.000137875
35.86 0.000129365
35.87 0.000120422
35.88 0.00011108
35.89 0.000101372
35.9 9.13319e-05
35.91 8.0996e-05
35.92 7.04016e-05
35.93 5.95869e-05
35.94 4.85913e-05
35.95 3.74545e-05
35.96 2.6217e-05
35.97 1.49197e-05
35.98 3.60339e-06
35.99 -7.69105e-06
36 -1.89231e-05
36.01 -3.00526e-05
36.02 -4.10403e-05
36.03 -5.18478e-05
36.04 -6.24378e-05
36.05 -7.27742e-05
36.06 -8.28224e-05
36.07 -9.25493e-05
36.08 -0.000101923
36.09 -0.000110915
36.1 -0.000119496
36.11 -0.000127641
36.12 -0.000135324
36.13 -0.000142524
36.14 -0.000149219
36.15 -0.000155389
36.16 -0.000161018
36.17 -0.00016609
36.18 -0.00017059
36.19 -0.000174506
36.2 -0.000177826
36.21 -0.000180543
36.22 -0.000182647
36.23 -0.000184134
36.24 -0.000184999
36.25 -0.000185239
36.26 -0.000184856
36.27 -0.000183849
36.28 -0.000182223
36.29 -0.000179983
36.3 -0.000177137
36.31 -0.000173693
36.32 -0.000169664
36.33 -0.000165063
36.34 -0.000159907
36.35 -0.000154211
36.36 -0.000147997
36.37 -0.000141286
36.38 -0.000134101
36.39 -0.000126467
36.4 -0.000118412
36.41 -0.000109964
36.42 -0.000101153
36.43 -9.201e-05
36.44 -8.2569e-05
36.45 -7.28634e-05
36.46 -6.29284e-05
36.47 -5.27998e-05
36.48 -4.25144e-05
36.49 -3.21094e-05
36.5 -2.16225e-05
36.51 -1.10915e-05
36.52 -5.54292e-07
36.53 9.95138e-06
36.54 2.03881e-05
36.55 3.07192e-05
36.56 4.09084e-05
36.57 5.09206e-05
36.58 6.07215e-05
36.59 7.02783e-05
36.6 7.95593e-05
36.61 8.85341e-05
36.62 9.71739e-05
36.63 0.000105451
36.64 0.000113341
36.65 0.000120819
36.66 0.000127862
36.67 0.000134449
36.68 0.000140562
36.69 0.000146182
36.7 0.000151293
36.71 0.000155881
36.72 0.000159932
36.73 0.000163434
36.74 0.000166379
36.75 0.000168757
36.76 0.000170561
36.77 0.000171787
36.78 0.000172432
36.79 0.000172493
36.8 0.00017197
36.81 0.000170866
36.82 0.000169184
36.83 0.000166931
36.84 0.000164113
36.85 0.00016074
36.86 0.000156824
36.87 0.000152378
36.88 0.000147418
36.89 0.00014196
36.9 0.000136024
36.91 0.00012963
36.92 0.000122801
36.93 0.000115562
36.94 0.000107937
36.95 9.9954e-05
36.96 9.16418e-05
36.97 8.30301e-05
36.98 7.41498e-05
36.99 6.50331e-05
37 5.57129e-05
37.01 4.62228e-05
37.02 3.65972e-05
37.03 2.68707e-05
37.04 1.70785e-05
37.05 7.25557e-06
37.06 -2.5629e-06
37.07 -1.23421e-05
37.08 -2.20475e-05
37.09 -3.16452e-05
37.1 -4.1102e-05
37.11 -5.03855e-05
37.12 -5.94644e-05
37.13 -6.83083e-05
37.14 -7.68882e-05
37.15 -8.51761e-05
37.16 -9.31457e-05
37.17 -0.000100772
37.18 -0.000108031
37.19 -0.0001149
37.2 -0.000121359
37.21 -0.000127389
37.22 -0.000132971
37.23 -0.000138089
37.24 -0.000142728
37.25 -0.000146875
37.26 -0.000150517
37.27 -0.000153645
37.28 -0.000156248
37.29 -0.000158319
37.3 -0.000159853
37.31 -0.000160845
37.32 -0.000161292
37.33 -0.000161193
37.34 -0.000160549
37.35 -0.000159362
37.36 -0.000157636
37.37 -0.000155378
37.38 -0.000152595
37.39 -0.000149296
37.4 -0.000145493
37.41 -0.000141199
37.42 -0.000136429
37.43 -0.0001312
37.44 -0.00012553
37.45 -0.000119439
37.46 -0.000112948
37.47 -0.000106082
37.48 -9.88632e-05
37.49 -9.13191e-05
37.5 -8.34763e-05
37.51 -7.53629e-05
37.52 -6.70082e-05
37.53 -5.84425e-05
37.54 -4.96965e-05
37.55 -4.08017e-05
37.56 -3.17903e-05
37.57 -2.26946e-05
37.58 -1.3547e-05
37.59 -4.38037e-06
37.6 4.77297e-06
37.61 1.38808e-05
37.62 2.29111e-05
37.63 3.18328e-05
37.64 4.06153e-05
37.65 4.92286e-05
37.66 5.7644e-05
37.67 6.58334e-05
37.68 7.37702e-05
37.69 8.14286e-05
37.7 8.87843e-05
37.71 9.5814e-05
37.72 0.000102496
37.73 0.000108809
37.74 0.000114735
37.75 0.000120255
37.76 0.000125353
37.77 0.000130014
37.78 0.000134223
37.79 0.000137969
37.8 0.00014124
37.81 0.000144027
37.82 0.000146321
37.83 0.000148115
37.84 0.000149405
37.85 0.000150187
37.86 0.000150459
37.87 0.00015022
37.88 0.00014947
37.89 0.000148214
37.9 0.000146456
37.91 0.000144201
37.92 0.000141457
37.93 0.000138234
37.94 0.000134544
37.95 0.000130399
37.96 0.000125813
37.97 0.000120803
37.98 0.000115388
37.99 0.000109585
38 0.000103415
38.01 9.69017e-05
38.02 9.00671e-05
38.03 8.29362e-05
38.04 7.55345e-05
38.05 6.78888e-05
38.06 6.00265e-05
38.07 5.1976e-05
38.08 4.37663e-05
38.09 3.54268e-05
38.1 2.69874e-05
38.11 1.84783e-05
38.12 9.92983e-06
38.13 1.37215e-06
38.14 -7.1646e-06
38.15 -1.56506e-05
38.16 -2.40564e-05
38.17 -3.23532e-05
38.18 -4.05127e-05
38.19 -4.85073e-05
38.2 -5.63106e-05
38.21 -6.38966e-05
38.22 -7.12408e-05
38.23 -7.83194e-05
38.24 -8.51099e-05
38.25 -9.15908e-05
38.26 -9.77419e-05
38.27 -0.000103544
38.28 -0.00010898
38.29 -0.000114032
38.3 -0.000118686
38.31 -0.000122928
38.32 -0.000126744
38.33 -0.000130123
38.34 -0.000133056
38.35 -0.000135533
38.36 -0.000137547
38.37 -0.000139092
38.38 -0.000140163
38.39 -0.000140758
38.4 -0.000140875
38.41 -0.000140514
38.42 -0.000139676
38.43 -0.000138365
38.44 -0.000136585
38.45 -0.000134342
38.46 -0.000131645
38.47 -0.000128503
38.48 -0.000124927
38.49 -0.00012093
38.5 -0.000116525
38.51 -0.000111729
38.52 -0.000106558
38.53 -0.000101032
38.54 -9.51693e-05
38.55 -8.89916e-05
38.56 -8.25209e-05
38.57 -7.57805e-05
38.58 -6.87948e-05
38.59 -6.15888e-05
38.6 -5.41885e-05
38.61 -4.66204e-05
38.62 -3.89118e-05
38.63 -3.10902e-05
38.64 -2.31834e-05
38.65 -1.52197e-05
38.66 -7.22708e-06
38.67 7.66235e-07
38.68 8.73233e-06
38.69 1.66436e-05
38.7 2.44727e-05
38.71 3.21929e-05
38.72 3.97782e-05
38.73 4.72031e-05
38.74 5.4443e-05
38.75 6.14739e-05
38.76 6.82732e-05
38.77 7.48188e-05
38.78 8.109e-05
38.79 8.70667e-05
38.8 9.27304e-05
38.81 9.80634e-05
38.82 0.000103049
38.83 0.000107672
38.84 0.000111919
38.85 0.000115776
38.86 0.000119232
38.87 0.000122276
38.88 0.000124899
38.89 0.000127093
38.9 0.000128852
38.91 0.00013017
38.92 0.000131043
38.93 0.00013147
38.94 0.000131449
38.95 0.00013098
38.96 0.000130066
38.97 0.00012871
38.98 0.000126917
38.99 0.000124693
39 0.000122046
39.01 0.000118986
39.02 0.000115524
39.03 0.000111671
39.04 0.000107443
39.05 0.000102852
39.06 9.79176e-05
39.07 9.26557e-05
39.08 8.70855e-05
39.09 8.12272e-05
39.1 7.51018e-05
39.11 6.87312e-05
39.12 6.21385e-05
39.13 5.53473e-05
39.14 4.8382e-05
39.15 4.12674e-05
39.16 3.40291e-05
39.17 2.66928e-05
39.18 1.92845e-05
39.19 1.18304e-05
39.2 4.35669e-06
39.21 -3.11049e-06
39.22 -1.05452e-05
39.23 -1.79219e-05
39.24 -2.52152e-05
39.25 -3.24004e-05
39.26 -3.94533e-05
39.27 -4.63503e-05
39.28 -5.30687e-05
39.29 -5.95864e-05
39.3 -6.58822e-05
39.31 -7.19359e-05
39.32 -7.7728e-05
39.33 -8.32402e-05
39.34 -8.84551e-05
39.35 -9.33564e-05
39.36 -9.79289e-05
39.37 -0.000102158
39.38 -0.000106032
39.39 -0.000109537
39.4 -0.000112664
39.41 -0.000115402
39.42 -0.000117744
39.43 -0.000119682
39.44 -0.000121211
39.45 -0.000122325
39.46 -0.000123023
39.47 -0.000123301
39.48 -0.000123159
39.49 -0.000122599
39.5 -0.000121623
39.51 -0.000120233
39.52 -0.000118436
39.53 -0.000116238
39.54 -0.000113647
39.55 -0.000110671
39.56 -0.000107323
39.57 -0.000103613
39.58 -9.95554e-05
39.59 -9.51645e-05
39.6 -9.0456e-05
39.61 -8.54469e-05
39.62 -8.01552e-05
39.63 -7.45999e-05
39.64 -6.88011e-05
39.65 -6.27795e-05
39.66 -5.65568e-05
39.67 -5.01553e-05
39.68 -4.35978e-05
39.69 -3.69078e-05
39.7 -3.01091e-05
39.71 -2.32257e-05
39.72 -1.62821e-05
39.73 -9.3025e-06
39.74 -2.31142e-06
39.75 4.66686e-06
39.76 1.16082e-05
39.77 1.84889e-05
39.78 2.52854e-05
39.79 3.19748e-05
39.8 3.85346e-05
39.81 4.4943e-05
39.82 5.11788e-05
39.83 5.72216e-05
39.84 6.30518e-05
39.85 6.86505e-05
39.86 7.39998e-05
39.87 7.90827e-05
39.88 8.38832e-05
39.89 8.8386e-05
39.9 9.25771e-05
39.91 9.64434e-05
39.92 9.9973e-05
39.93 0.000103155
39.94 0.000105979
39.95 0.000108438
39.96 0.000110522
39.97 0.000112227
39.98 0.000113546
39.99 0.000114476
40 0.000115015
40.01 0.000115161
40.02 0.000114914
40.03 0.000114275
40.04 0.000113247
40.05 0.000111834
40.06 0.00011004
40.07 0.000107874
40.08 0.000105341
40.09 0.000102453
40.1 9.9218e-05
40.11 9.56491e-05
40.12 9.17587e-05
40.13 8.75609e-05
40.14 8.30708e-05
40.15 7.83045e-05
40.16 7.32791e-05
40.17 6.80129e-05
40.18 6.25245e-05
40.19 5.68338e-05
40.2 5.09611e-05
40.21 4.49275e-05
40.22 3.87543e-05
40.23 3.24636e-05
40.24 2.60776e-05
40.25 1.96189e-05
40.26 1.31102e-05
40.27 6.57422e-06
40.28 3.36989e-08
40.29 -6.48872e-06
40.3 -1.29706e-05
40.31 -1.93899e-05
40.32 -2.57246e-05
40.33 -3.19536e-05
40.34 -3.8056e-05
40.35 -4.40114e-05
40.36 -4.98002e-05
40.37 -5.54035e-05
40.38 -6.0803e-05
40.39 -6.59813e-05
40.4 -7.09217e-05
40.41 -7.56085e-05
40.42 -8.00268e-05
40.43 -8.41625e-05
40.44 -8.80027e-05
40.45 -9.15353e-05
40.46 -9.47493e-05
40.47 -9.76347e-05
40.48 -0.000100183
40.49 -0.000102385
40.5 -0.000104235
40.51 -0.000105728
40.52 -0.000106858
40.53 -0.000107623
40.54 -0.000108021
40.55 -0.00010805
40.56 -0.000107711
40.57 -0.000107005
40.58 -0.000105936
40.59 -0.000104507
40.6 -0.000102725
40.61 -0.000100594
40.62 -9.81243e-05
40.63 -9.53234e-05
40.64 -9.22018e-05
40.65 -8.87709e-05
40.66 -8.5043e-05
40.67 -8.10316e-05
40.68 -7.67511e-05
40.69 -7.2217e-05
40.7 -6.74455e-05
40.71 -6.24538e-05
40.72 -5.72598e-05
40.73 -5.1882e-05
40.74 -4.63397e-05
40.75 -4.06526e-05
40.76 -3.48408e-05
40.77 -2.89251e-05
40.78 -2.29262e-05
40.79 -1.68653e-05
40.8 -1.07635e-05
40.81 -4.64202e-06
40.82 1.47784e-06
40.83 7.57504e-06
40.84 1.36287e-05
40.85 1.96182e-05
40.86 2.55233e-05
40.87 3.13241e-05
40.88 3.70013e-05
40.89 4.2536e-05
40.9 4.79099e-05
40.91 5.31055e-05
40.92 5.81058e-05
40.93 6.28946e-05
40.94 6.74565e-05
40.95 7.17769e-05
40.96 7.58419e-05
40.97 7.96387e-05
40.98 8.31553e-05
40.99 8.63805e-05
41 8.93043e-05
41.01 9.19176e-05
41.02 9.42122e-05
41.03 9.6181e-05
41.04 9.7818e-05
41.05 9.91183e-05
41.06 0.000100078
41.07 0.000100694
41.08 0.000100966
41.09 0.000100892
41.1 0.000100474
41.11 9.97126e-05
41.12 9.86119e-05
41.13 9.71758e-05
41.14 9.54097e-05
41.15 9.33202e-05
41.16 9.09149e-05
41.17 8.82026e-05
41.18 8.51931e-05
41.19 8.18974e-05
41.2 7.83274e-05
41.21 7.4496e-05
41.22 7.0417e-05
41.23 6.6105e-05
41.24 6.15756e-05
41.25 5.6845e-05
41.26 5.19301e-05
41.27 4.68484e-05
41.28 4.16181e-05
41.29 3.62578e-05
41.3 3.07863e-05
41.31 2.5223e-05
41.32 1.95875e-05
41.33 1.38994e-05
41.34 8.17862e-06
41.35 2.44496e-06
41.36 -3.28178e-06
41.37 -8.98195e-06
41.38 -1.46361e-05
41.39 -2.0225e-05
41.4 -2.57298e-05
41.41 -3.1132e-05
41.42 -3.64136e-05
41.43 -4.15572e-05
41.44 -4.65456e-05
41.45 -5.13626e-05
41.46 -5.59924e-05
41.47 -6.042e-05
41.48 -6.46311e-05
41.49 -6.86122e-05
41.5 -7.23506e-05
41.51 -7.58343e-05
41.52 -7.90522e-05
41.53 -8.19942e-05
41.54 -8.46511e-05
41.55 -8.70145e-05
41.56 -8.90771e-05
41.57 -9.08325e-05
41.58 -9.22754e-05
41.59 -9.34014e-05
41.6 -9.42072e-05
41.61 -9.46907e-05
41.62 -9.48507e-05
41.63 -9.46871e-05
41.64 -9.42011e-05
41.65 -9.33946e-05
41.66 -9.2271e-05
41.67 -9.08346e-05
41.68 -8.90908e-05
41.69 -8.7046e-05
41.7 -8.47079e-05
41.71 -8.20849e-05
41.72 -7.91865e-05
41.73 -7.60234e-05
41.74 -7.2607e-05
41.75 -6.89496e-05
41.76 -6.50643e-05
41.77 -6.09651e-05
41.78 -5.66668e-05
41.79 -5.21846e-05
41.8 -4.75346e-05
41.81 -4.27334e-05
41.82 -3.7798e-05
41.83 -3.27458e-05
41.84 -2.75946e-05
41.85 -2.23627e-05
41.86 -1.70683e-05
41.87 -1.17298e-05
41.88 -6.36581e-06
41.89 -9.9488e-07
41.9 4.36452e-06
41.91 9.69405e-06
41.92 1.49755e-05
41.93 2.01911e-05
41.94 2.53232e-05
41.95 3.03545e-05
41.96 3.52683e-05
41.97 4.00484e-05
41.98 4.46788e-05
41.99 4.91445e-05
42 5.34308e-05
42.01 5.75238e-05
42.02 6.14102e-05
42.03 6.50775e-05
42.04 6.8514e-05
42.05 7.17086e-05
42.06 7.46512e-05
42.07 7.73325e-05
42.08 7.9744e-05
42.09 8.18781e-05
42.1 8.37283e-05
42.11 8.52888e-05
42.12 8.6555e-05
42.13 8.7523e-05
42.14 8.81901e-05
42.15 8.85545e-05
42.16 8.86155e-05
42.17 8.83734e-05
42.18 8.78296e-05
42.19 8.69862e-05
42.2 8.58468e-05
42.21 8.44157e-05
42.22 8.26983e-05
42.23 8.07009e-05
42.24 7.84311e-05
42.25 7.5897e-05
42.26 7.3108e-05
42.27 7.0074e-05
42.28 6.68062e-05
42.29 6.33163e-05
42.3 5.96169e-05
42.31 5.57211e-05
42.32 5.1643e-05
42.33 4.73971e-05
42.34 4.29986e-05
42.35 3.8463e-05
42.36 3.38064e-05
42.37 2.90451e-05
42.38 2.41961e-05
42.39 1.92762e-05
42.4 1.43026e-05
42.41 9.29262e-06
42.42 4.2636e-06
42.43 -7.67145e-07
42.44 -5.78234e-06
42.45 -1.07649e-05
42.46 -1.56978e-05
42.47 -2.05644e-05
42.48 -2.53483e-05
42.49 -3.00335e-05
42.5 -3.46044e-05
42.51 -3.90457e-05
42.52 -4.3343e-05
42.53 -4.74819e-05
42.54 -5.1449e-05
42.55 -5.52313e-05
42.56 -5.88167e-05
42.57 -6.21934e-05
42.58 -6.53506e-05
42.59 -6.82783e-05
42.6 -7.09671e-05
42.61 -7.34085e-05
42.62 -7.55947e-05
42.63 -7.75189e-05
42.64 -7.91752e-05
42.65 -8.05585e-05
42.66 -8.16646e-05
42.67 -8.24902e-05
42.68 -8.30332e-05
42.69 -8.3292e-05
42.7 -8.32663e-05
42.71 -8.29568e-05
42.72 -8.23649e-05
42.73 -8.14931e-05
42.74 -8.0345e-05
42.75 -7.89249e-05
42.76 -7.72382e-05
42.77 -7.52912e-05
42.78 -7.3091e-05
42.79 -7.06458e-05
42.8 -6.79643e-05
42.81 -6.50564e-05
42.82 -6.19326e-05
42.83 -5.8604e-05
42.84 -5.50828e-05
42.85 -5.13814e-05
42.86 -4.7513e-05
42.87 -4.34916e-05
42.88 -3.93313e-05
42.89 -3.50469e-05
42.9 -3.06535e-05
42.91 -2.61665e-05
42.92 -2.16017e-05
42.93 -1.69751e-05
42.94 -1.23027e-05
42.95 -7.6007e-06
42.96 -2.88542e-06
42.97 1.82696e-06
42.98 6.52029e-06
42.99 1.11786e-05
43 1.5786e-05
43.01 2.0327e-05
43.02 2.47863e-05
43.03 2.9149e-05
43.04 3.34005e-05
43.05 3.75266e-05
43.06 4.15139e-05
43.07 4.53491e-05
43.08 4.90197e-05
43.09 5.25138e-05
43.1 5.58199e-05
43.11 5.89274e-05
43.12 6.18262e-05
43.13 6.45072e-05
43.14 6.69616e-05
43.15 6.91819e-05
43.16 7.11608e-05
43.17 7.28924e-05
43.18 7.43711e-05
43.19 7.55926e-05
43.2 7.65531e-05
43.21 7.72499e-05
43.22 7.76811e-05
43.23 7.78457e-05
43.24 7.77438e-05
43.25 7.7376e-05
43.26 7.67441e-05
43.27 7.58508e-05
43.28 7.46996e-05
43.29 7.3295e-05
43.3 7.16421e-05
43.31 6.97472e-05
43.32 6.76173e-05
43.33 6.52601e-05
43.34 6.26842e-05
43.35 5.9899e-05
43.36 5.69145e-05
43.37 5.37415e-05
43.38 5.03913e-05
43.39 4.68758e-05
43.4 4.32077e-05
43.41 3.94e-05
43.42 3.5466e-05
43.43 3.14198e-05
43.44 2.72756e-05
43.45 2.30478e-05
43.46 1.87514e-05
43.47 1.44012e-05
43.48 1.00124e-05
43.49 5.6001e-06
43.5 1.17959e-06
43.51 -3.23399e-06
43.52 -7.62555e-06
43.53 -1.19801e-05
43.54 -1.6283e-05
43.55 -2.05196e-05
43.56 -2.46756e-05
43.57 -2.87373e-05
43.58 -3.2691e-05
43.59 -3.65236e-05
43.6 -4.02224e-05
43.61 -4.37753e-05
43.62 -4.71706e-05
43.63 -5.03972e-05
43.64 -5.34447e-05
43.65 -5.63031e-05
43.66 -5.89632e-05
43.67 -6.14166e-05
43.68 -6.36554e-05
43.69 -6.56725e-05
43.7 -6.74614e-05
43.71 -6.90168e-05
43.72 -7.03337e-05
43.73 -7.14083e-05
43.74 -7.22372e-05
43.75 -7.28182e-05
43.76 -7.31498e-05
43.77 -7.32313e-05
43.78 -7.30629e-05
43.79 -7.26457e-05
43.8 -7.19815e-05
43.81 -7.10731e-05
43.82 -6.99241e-05
43.83 -6.85389e-05
43.84 -6.69226e-05
43.85 -6.50813e-05
43.86 -6.30218e-05
43.87 -6.07516e-05
43.88 -5.8279e-05
43.89 -5.56128e-05
43.9 -5.27628e-05
43.91 -4.97391e-05
43.92 -4.65526e-05
43.93 -4.32146e-05
43.94 -3.9737e-05
43.95 -3.61321e-05
43.96 -3.24127e-05
43.97 -2.85918e-05
43.98 -2.4683e-05
43.99 -2.06998e-05
44 -1.66561e-05
44.01 -1.25661e-05
44.02 -8.44393e-06
44.03 -4.30377e-06
44.04 -1.59882e-07
44.05 3.97353e-06
44.06 8.08235e-06
44.07 1.21526e-05
44.08 1.61705e-05
44.09 2.01225e-05
44.1 2.39954e-05
44.11 2.7776e-05
44.12 3.14519e-05
44.13 3.50109e-05
44.14 3.84411e-05
44.15 4.17313e-05
44.16 4.48707e-05
44.17 4.7849e-05
44.18 5.06566e-05
44.19 5.32842e-05
44.2 5.57236e-05
44.21 5.79667e-05
44.22 6.00066e-05
44.23 6.18367e-05
44.24 6.34512e-05
44.25 6.48452e-05
44.26 6.60144e-05
44.27 6.69553e-05
44.28 6.76651e-05
44.29 6.8142e-05
44.3 6.83846e-05
44.31 6.83927e-05
44.32 6.81666e-05
44.33 6.77077e-05
44.34 6.70179e-05
44.35 6.61001e-05
44.36 6.49578e-05
44.37 6.35954e-05
44.38 6.2018e-05
44.39 6.02315e-05
44.4 5.82424e-05
44.41 5.6058e-05
44.42 5.36863e-05
44.43 5.11357e-05
44.44 4.84155e-05
44.45 4.55355e-05
44.46 4.25058e-05
44.47 3.93373e-05
44.48 3.60413e-05
44.49 3.26294e-05
44.5 2.91136e-05
44.51 2.55062e-05
44.52 2.18201e-05
44.53 1.80679e-05
44.54 1.42628e-05
44.55 1.04179e-05
44.56 6.54667e-06
44.57 2.66234e-06
44.58 -1.22172e-06
44.59 -5.09223e-06
44.6 -8.93598e-06
44.61 -1.27399e-05
44.62 -1.64912e-05
44.63 -2.01771e-05
44.64 -2.37853e-05
44.65 -2.73036e-05
44.66 -3.07205e-05
44.67 -3.40245e-05
44.68 -3.72047e-05
44.69 -4.02506e-05
44.7 -4.31523e-05
44.71 -4.59002e-05
44.72 -4.84854e-05
44.73 -5.08995e-05
44.74 -5.31347e-05
44.75 -5.51839e-05
44.76 -5.70406e-05
44.77 -5.86989e-05
44.78 -6.01535e-05
44.79 -6.14e-05
44.8 -6.24346e-05
44.81 -6.32543e-05
44.82 -6.38565e-05
44.83 -6.42399e-05
44.84 -6.44034e-05
44.85 -6.4347e-05
44.86 -6.40714e-05
44.87 -6.35778e-05
44.88 -6.28684e-05
44.89 -6.19461e-05
44.9 -6.08145e-05
44.91 -5.94778e-05
44.92 -5.79411e-05
44.93 -5.62101e-05
44.94 -5.42911e-05
44.95 -5.21911e-05
44.96 -4.99177e-05
44.97 -4.74792e-05
44.98 -4.48842e-05
44.99 -4.21421e-05
45 -3.92626e-05
45.01 -3.6256e-05
45.02 -3.31329e-05
45.03 -2.99044e-05
45.04 -2.65817e-05
45.05 -2.31767e-05
45.06 -1.97011e-05
45.07 -1.6167e-05
45.08 -1.25869e-05
45.09 -8.97305e-06
45.1 -5.33796e-06
45.11 -1.69414e-06
45.12 1.94591e-06
45.13 5.56973e-06
45.14 9.165e-06
45.15 1.27195e-05
45.16 1.62212e-05
45.17 1.96583e-05
45.18 2.30193e-05
45.19 2.62929e-05
45.2 2.94682e-05
45.21 3.25347e-05
45.22 3.54822e-05
45.23 3.8301e-05
45.24 4.09819e-05
45.25 4.3516e-05
45.26 4.58952e-05
45.27 4.81117e-05
45.28 5.01585e-05
45.29 5.20288e-05
45.3 5.37169e-05
45.31 5.52173e-05
45.32 5.65254e-05
45.33 5.76371e-05
45.34 5.85491e-05
45.35 5.92588e-05
45.36 5.9764e-05
45.37 6.00636e-05
45.38 6.01569e-05
45.39 6.0044e-05
45.4 5.97258e-05
45.41 5.92037e-05
45.42 5.84799e-05
45.43 5.75574e-05
45.44 5.64397e-05
45.45 5.51311e-05
45.46 5.36363e-05
45.47 5.19611e-05
45.48 5.01114e-05
45.49 4.80941e-05
45.5 4.59164e-05
45.51 4.35862e-05
45.52 4.11118e-05
45.53 3.8502e-05
45.54 3.57662e-05
45.55 3.2914e-05
45.56 2.99556e-05
45.57 2.69014e-05
45.58 2.3762e-05
45.59 2.05485e-05
45.6 1.72721e-05
45.61 1.39443e-05
45.62 1.05765e-05
45.63 7.18038e-06
45.64 3.76772e-06
45.65 3.50204e-07
45.66 -3.06045e-06
45.67 -6.45259e-06
45.68 -9.81468e-06
45.69 -1.31353e-05
45.7 -1.64033e-05
45.71 -1.96076e-05
45.72 -2.27374e-05
45.73 -2.57823e-05
45.74 -2.87322e-05
45.75 -3.15772e-05
45.76 -3.4308e-05
45.77 -3.69155e-05
45.78 -3.93912e-05
45.79 -4.1727e-05
45.8 -4.39153e-05
45.81 -4.5949e-05
45.82 -4.78216e-05
45.83 -4.95271e-05
45.84 -5.106e-05
45.85 -5.24155e-05
45.86 -5.35895e-05
45.87 -5.45783e-05
45.88 -5.53789e-05
45.89 -5.59891e-05
45.9 -5.64071e-05
45.91 -5.6632e-05
45.92 -5.66633e-05
45.93 -5.65014e-05
45.94 -5.61472e-05
45.95 -5.56024e-05
45.96 -5.48692e-05
45.97 -5.39504e-05
45.98 -5.28497e-05
45.99 -5.15712e-05
46 -5.01197e-05
46.01 -4.85004e-05
46.02 -4.67194e-05
46.03 -4.47831e-05
46.04 -4.26984e-05
46.05 -4.0473e-05
46.06 -3.81147e-05
46.07 -3.56319e-05
46.08 -3.30335e-05
46.09 -3.03287e-05
46.1 -2.7527e-05
46.11 -2.46383e-05
46.12 -2.16728e-05
46.13 -1.86406e-05
46.14 -1.55526e-05
46.15 -1.24193e-05
46.16 -9.25173e-06
46.17 -6.06072e-06
46.18 -2.85729e-06
46.19 3.47547e-07
46.2 3.54283e-06
46.21 6.71766e-06
46.22 9.86125e-06
46.23 1.29629e-05
46.24 1.60122e-05
46.25 1.89989e-05
46.26 2.19128e-05
46.27 2.47444e-05
46.28 2.74841e-05
46.29 3.01229e-05
46.3 3.2652e-05
46.31 3.50632e-05
46.32 3.73484e-05
46.33 3.95002e-05
46.34 4.15117e-05
46.35 4.33763e-05
46.36 4.5088e-05
46.37 4.66414e-05
46.38 4.80315e-05
46.39 4.9254e-05
46.4 5.03051e-05
46.41 5.11816e-05
46.42 5.18809e-05
46.43 5.2401e-05
46.44 5.27404e-05
46.45 5.28985e-05
46.46 5.28751e-05
46.47 5.26706e-05
46.48 5.22862e-05
46.49 5.17235e-05
46.5 5.09848e-05
46.51 5.0073e-05
46.52 4.89916e-05
46.53 4.77448e-05
46.54 4.6337e-05
46.55 4.47736e-05
46.56 4.30601e-05
46.57 4.12029e-05
46.58 3.92086e-05
46.59 3.70843e-05
46.6 3.48377e-05
46.61 3.24768e-05
46.62 3.00098e-05
46.63 2.74457e-05
46.64 2.47933e-05
46.65 2.2062e-05
46.66 1.92614e-05
46.67 1.64012e-05
46.68 1.34915e-05
46.69 1.05422e-05
46.7 7.56365e-06
46.71 4.56609e-06
46.72 1.55983e-06
46.73 -1.44482e-06
46.74 -4.43759e-06
46.75 -7.40828e-06
46.76 -1.03468e-05
46.77 -1.32432e-05
46.78 -1.60877e-05
46.79 -1.88707e-05
46.8 -2.15829e-05
46.81 -2.42152e-05
46.82 -2.67589e-05
46.83 -2.92055e-05
46.84 -3.1547e-05
46.85 -3.37755e-05
46.86 -3.58839e-05
46.87 -3.78652e-05
46.88 -3.97131e-05
46.89 -4.14214e-05
46.9 -4.29848e-05
46.91 -4.43982e-05
46.92 -4.56572e-05
46.93 -4.67578e-05
46.94 -4.76967e-05
46.95 -4.8471e-05
46.96 -4.90785e-05
46.97 -4.95173e-05
46.98 -4.97865e-05
46.99 -4.98854e-05
47 -4.98141e-05
47.01 -4.95731e-05
47.02 -4.91637e-05
47.03 -4.85877e-05
47.04 -4.78473e-05
47.05 -4.69455e-05
47.06 -4.58856e-05
47.07 -4.46717e-05
47.08 -4.33083e-05
47.09 -4.18003e-05
47.1 -4.01532e-05
47.11 -3.83731e-05
47.12 -3.64663e-05
47.13 -3.44396e-05
47.14 -3.23003e-05
47.15 -3.0056e-05
47.16 -2.77146e-05
47.17 -2.52845e-05
47.18 -2.2774e-05
47.19 -2.01922e-05
47.2 -1.75479e-05
47.21 -1.48504e-05
47.22 -1.21092e-05
47.23 -9.33358e-06
47.24 -6.53328e-06
47.25 -3.71792e-06
47.26 -8.97173e-07
47.27 1.9193e-06
47.28 4.72188e-06
47.29 7.50101e-06
47.3 1.02473e-05
47.31 1.29514e-05
47.32 1.56042e-05
47.33 1.81968e-05
47.34 2.07204e-05
47.35 2.31668e-05
47.36 2.55277e-05
47.37 2.77953e-05
47.38 2.99621e-05
47.39 3.20209e-05
47.4 3.39651e-05
47.41 3.57883e-05
47.42 3.74845e-05
47.43 3.90483e-05
47.44 4.04747e-05
47.45 4.17592e-05
47.46 4.28976e-05
47.47 4.38865e-05
47.48 4.47227e-05
47.49 4.54039e-05
47.5 4.5928e-05
47.51 4.62936e-05
47.52 4.64997e-05
47.53 4.65461e-05
47.54 4.64328e-05
47.55 4.61608e-05
47.56 4.57311e-05
47.57 4.51457e-05
47.58 4.44068e-05
47.59 4.35174e-05
47.6 4.24807e-05
47.61 4.13008e-05
47.62 3.99819e-05
47.63 3.85289e-05
47.64 3.6947e-05
47.65 3.5242e-05
47.66 3.34199e-05
47.67 3.14874e-05
47.68 2.94513e-05
47.69 2.73188e-05
47.7 2.50974e-05
47.71 2.27951e-05
47.72 2.04198e-05
47.73 1.798e-05
47.74 1.5484e-05
47.75 1.29407e-05
47.76 1.03588e-05
47.77 7.74737e-06
47.78 5.11531e-06
47.79 2.47171e-06
47.8 -1.7434e-07
47.81 -2.81379e-06
47.82 -5.43764e-06
47.83 -8.03695e-06
47.84 -1.06029e-05
47.85 -1.31268e-05
47.86 -1.56002e-05
47.87 -1.80148e-05
47.88 -2.03624e-05
47.89 -2.26352e-05
47.9 -2.48257e-05
47.91 -2.69265e-05
47.92 -2.89309e-05
47.93 -3.08321e-05
47.94 -3.2624e-05
47.95 -3.43006e-05
47.96 -3.58567e-05
47.97 -3.7287e-05
47.98 -3.85872e-05
47.99 -3.9753e-05
48 -4.07807e-05
48.01 -4.16673e-05
48.02 -4.24099e-05
48.03 -4.30064e-05
48.04 -4.34551e-05
48.05 -4.37547e-05
48.06 -4.39047e-05
48.07 -4.39047e-05
48.08 -4.37551e-05
48.09 -4.34567e-05
48.1 -4.3011e-05
48.11 -4.24197e-05
48.12 -4.16852e-05
48.13 -4.08103e-05
48.14 -3.97984e-05
48.15 -3.86531e-05
48.16 -3.73788e-05
48.17 -3.598e-05
48.18 -3.44619e-05
48.19 -3.28299e-05
48.2 -3.10898e-05
48.21 -2.9248e-05
48.22 -2.73108e-05
48.23 -2.52853e-05
48.24 -2.31786e-05
48.25 -2.0998e-05
48.26 -1.87513e-05
48.27 -1.64462e-05
48.28 -1.40909e-05
48.29 -1.16935e-05
48.3 -9.26232e-06
48.31 -6.8058e-06
48.32 -4.33241e-06
48.33 -1.85064e-06
48.34 6.30995e-07
48.35 3.10401e-06
48.36 5.55996e-06
48.37 7.99051e-06
48.38 1.03874e-05
48.39 1.27426e-05
48.4 1.50481e-05
48.41 1.72961e-05
48.42 1.94793e-05
48.43 2.15902e-05
48.44 2.36218e-05
48.45 2.55675e-05
48.46 2.74207e-05
48.47 2.91755e-05
48.48 3.0826e-05
48.49 3.23669e-05
48.5 3.37932e-05
48.51 3.51004e-05
48.52 3.62841e-05
48.53 3.73407e-05
48.54 3.82669e-05
48.55 3.90598e-05
48.56 3.9717e-05
48.57 4.02366e-05
48.58 4.06171e-05
48.59 4.08575e-05
48.6 4.09573e-05
48.61 4.09165e-05
48.62 4.07355e-05
48.63 4.04153e-05
48.64 3.99573e-05
48.65 3.93632e-05
48.66 3.86356e-05
48.67 3.77771e-05
48.68 3.67909e-05
48.69 3.56808e-05
48.7 3.44509e-05
48.71 3.31055e-05
48.72 3.16496e-05
48.73 3.00885e-05
48.74 2.84277e-05
48.75 2.66731e-05
48.76 2.48309e-05
48.77 2.29078e-05
48.78 2.09104e-05
48.79 1.88459e-05
48.8 1.67214e-05
48.81 1.45443e-05
48.82 1.23223e-05
48.83 1.0063e-05
48.84 7.77433e-06
48.85 5.46415e-06
48.86 3.14044e-06
48.87 8.11162e-07
48.88 -1.51569e-06
48.89 -3.83217e-06
48.9 -6.1304e-06
48.91 -8.40255e-06
48.92 -1.06409e-05
48.93 -1.2838e-05
48.94 -1.49863e-05
48.95 -1.70788e-05
48.96 -1.91083e-05
48.97 -2.1068e-05
48.98 -2.29516e-05
48.99 -2.47528e-05
49 -2.64655e-05
49.01 -2.80842e-05
49.02 -2.96037e-05
49.03 -3.10188e-05
49.04 -3.23252e-05
49.05 -3.35185e-05
49.06 -3.4595e-05
49.07 -3.55513e-05
49.08 -3.63844e-05
49.09 -3.70917e-05
49.1 -3.76711e-05
49.11 -3.81209e-05
49.12 -3.84399e-05
49.13 -3.86272e-05
49.14 -3.86826e-05
49.15 -3.86061e-05
49.16 -3.83983e-05
49.17 -3.80601e-05
49.18 -3.75932e-05
49.19 -3.69992e-05
49.2 -3.62806e-05
49.21 -3.544e-05
49.22 -3.44807e-05
49.23 -3.34061e-05
49.24 -3.22202e-05
49.25 -3.09274e-05
49.26 -2.95323e-05
49.27 -2.80399e-05
49.28 -2.64555e-05
49.29 -2.47849e-05
49.3 -2.30338e-05
49.31 -2.12086e-05
49.32 -1.93156e-05
49.33 -1.73615e-05
49.34 -1.53532e-05
49.35 -1.32976e-05
49.36 -1.12018e-05
49.37 -9.07329e-06
49.38 -6.91928e-06
49.39 -4.74723e-06
49.4 -2.56462e-06
49.41 -3.78954e-07
49.42 1.8023e-06
49.43 3.97168e-06
49.44 6.12182e-06
49.45 8.24541e-06
49.46 1.03353e-05
49.47 1.23843e-05
49.48 1.43857e-05
49.49 1.63327e-05
49.5 1.82188e-05
49.51 2.00377e-05
49.52 2.17833e-05
49.53 2.345e-05
49.54 2.50321e-05
49.55 2.65246e-05
49.56 2.79225e-05
49.57 2.92213e-05
49.58 3.04167e-05
49.59 3.15051e-05
49.6 3.24828e-05
49.61 3.33469e-05
49.62 3.40945e-05
49.63 3.47236e-05
49.64 3.52321e-05
49.65 3.56186e-05
49.66 3.58821e-05
49.67 3.6022e-05
49.68 3.6038e-05
49.69 3.59303e-05
49.7 3.56997e-05
49.71 3.53471e-05
49.72 3.48742e-05
49.73 3.42826e-05
49.74 3.35748e-05
49.75 3.27534e-05
49.76 3.18215e-05
49.77 3.07826e-05
49.78 2.96403e-05
49.79 2.8399e-05
49.8 2.7063e-05
49.81 2.56371e-05
49.82 2.41265e-05
49.83 2.25365e-05
49.84 2.08728e-05
49.85 1.91412e-05
49.86 1.73478e-05
49.87 1.54989e-05
49.88 1.3601e-05
49.89 1.16606e-05
49.9 9.6846e-06
49.91 7.67978e-06
49.92 5.65306e-06
49.93 3.61145e-06
49.94 1.56195e-06
49.95 -4.88397e-07
49.96 -2.53258e-06
49.97 -4.56364e-06
49.98 -6.57465e-06
49.99 -8.5588e-06
50 -1.05094e-05
50.01 -1.24198e-05
50.02 -1.42837e-05
50.03 -1.60947e-05
50.04 -1.78469e-05
50.05 -1.95343e-05
50.06 -2.11515e-05
50.07 -2.2693e-05
50.08 -2.41537e-05
50.09 -2.5529e-05
50.1 -2.68142e-05
50.11 -2.80053e-05
50.12 -2.90983e-05
50.13 -3.00899e-05
50.14 -3.09767e-05
50.15 -3.17562e-05
50.16 -3.24257e-05
50.17 -3.29834e-05
50.18 -3.34275e-05
50.19 -3.37568e-05
50.2 -3.39705e-05
50.21 -3.4068e-05
50.22 -3.40494e-05
50.23 -3.39148e-05
50.24 -3.36651e-05
50.25 -3.33014e-05
50.26 -3.28251e-05
50.27 -3.22382e-05
50.28 -3.15428e-05
50.29 -3.07417e-05
50.3 -2.98378e-05
50.31 -2.88344e-05
50.32 -2.77353e-05
50.33 -2.65443e-05
50.34 -2.52658e-05
50.35 -2.39043e-05
50.36 -2.24647e-05
50.37 -2.09522e-05
50.38 -1.9372e-05
50.39 -1.77298e-05
50.4 -1.60313e-05
50.41 -1.42824e-05
50.42 -1.24894e-05
50.43 -1.06583e-05
50.44 -8.79564e-06
50.45 -6.90779e-06
50.46 -5.0013e-06
50.47 -3.08272e-06
50.48 -1.15864e-06
50.49 7.6433e-07
50.5 2.67963e-06
50.51 4.58073e-06
50.52 6.46118e-06
50.53 8.31459e-06
50.54 1.01347e-05
50.55 1.19154e-05
50.56 1.36506e-05
50.57 1.53347e-05
50.58 1.69619e-05
50.59 1.85268e-05
50.6 2.00243e-05
50.61 2.14493e-05
50.62 2.27973e-05
50.63 2.40638e-05
50.64 2.52446e-05
50.65 2.6336e-05
50.66 2.73344e-05
50.67 2.82367e-05
50.68 2.90399e-05
50.69 2.97416e-05
50.7 3.03396e-05
50.71 3.08321e-05
50.72 3.12177e-05
50.73 3.14953e-05
50.74 3.16642e-05
50.75 3.17241e-05
50.76 3.1675e-05
50.77 3.15173e-05
50.78 3.12518e-05
50.79 3.08796e-05
50.8 3.04024e-05
50.81 2.98218e-05
50.82 2.91403e-05
50.83 2.83603e-05
50.84 2.74847e-05
50.85 2.65167e-05
50.86 2.54599e-05
50.87 2.43181e-05
50.88 2.30954e-05
50.89 2.17962e-05
50.9 2.0425e-05
50.91 1.89868e-05
50.92 1.74867e-05
50.93 1.59298e-05
50.94 1.43218e-05
50.95 1.26682e-05
50.96 1.09747e-05
50.97 9.24734e-06
50.98 7.49203e-06
50.99 5.71486e-06
51 3.92197e-06
51.01 2.11951e-06
51.02 3.13688e-07
51.03 -1.48933e-06
51.04 -3.28337e-06
51.05 -5.06235e-06
51.06 -6.8202e-06
51.07 -8.55098e-06
51.08 -1.02488e-05
51.09 -1.19081e-05
51.1 -1.35231e-05
51.11 -1.50885e-05
51.12 -1.65991e-05
51.13 -1.80498e-05
51.14 -1.94359e-05
51.15 -2.07527e-05
51.16 -2.19959e-05
51.17 -2.31615e-05
51.18 -2.42457e-05
51.19 -2.52449e-05
51.2 -2.6156e-05
51.21 -2.6976e-05
51.22 -2.77024e-05
51.23 -2.83329e-05
51.24 -2.88656e-05
51.25 -2.92988e-05
51.26 -2.96314e-05
51.27 -2.98623e-05
51.28 -2.99912e-05
51.29 -3.00177e-05
51.3 -2.9942e-05
51.31 -2.97645e-05
51.32 -2.94862e-05
51.33 -2.91082e-05
51.34 -2.86321e-05
51.35 -2.80596e-05
51.36 -2.7393e-05
51.37 -2.66347e-05
51.38 -2.57876e-05
51.39 -2.48547e-05
51.4 -2.38396e-05
51.41 -2.27457e-05
51.42 -2.15771e-05
51.43 -2.03378e-05
51.44 -1.90325e-05
51.45 -1.76655e-05
51.46 -1.62419e-05
51.47 -1.47665e-05
51.48 -1.32446e-05
51.49 -1.16815e-05
51.5 -1.00826e-05
51.51 -8.45346e-06
51.52 -6.79976e-06
51.53 -5.1272e-06
51.54 -3.44155e-06
51.55 -1.74861e-06
51.56 -5.41844e-08
51.57 1.63594e-06
51.58 3.31598e-06
51.59 4.98024e-06
51.6 6.62306e-06
51.61 8.23888e-06
51.62 9.82224e-06
51.63 1.13678e-05
51.64 1.28704e-05
51.65 1.43251e-05
51.66 1.57269e-05
51.67 1.70711e-05
51.68 1.83535e-05
51.69 1.95696e-05
51.7 2.07156e-05
51.71 2.17877e-05
51.72 2.27823e-05
51.73 2.36963e-05
51.74 2.45268e-05
51.75 2.52711e-05
51.76 2.59269e-05
51.77 2.64921e-05
51.78 2.69651e-05
51.79 2.73443e-05
51.8 2.76288e-05
51.81 2.78178e-05
51.82 2.79109e-05
51.83 2.79079e-05
51.84 2.78091e-05
51.85 2.7615e-05
51.86 2.73266e-05
51.87 2.6945e-05
51.88 2.64717e-05
51.89 2.59086e-05
51.9 2.52579e-05
51.91 2.45218e-05
51.92 2.37033e-05
51.93 2.28051e-05
51.94 2.18307e-05
51.95 2.07835e-05
51.96 1.96672e-05
51.97 1.84859e-05
51.98 1.72438e-05
51.99 1.59451e-05
