0.01 1.39563e-07
0.02 1.29403e-07
0.03 1.11892e-07
0.04 9.07031e-08
0.05 6.83554e-08
0.06 4.53959e-08
0.07 2.10628e-08
0.08 -5.37107e-09
0.09 -3.37388e-08
0.1 -6.2957e-08
0.11 -9.15808e-08
0.12 -1.18507e-07
0.13 -1.42767e-07
0.14 -1.6259e-07
0.15 -1.74925e-07
0.16 -1.76638e-07
0.17 -1.67861e-07
0.18 -1.50981e-07
0.19 -1.25139e-07
0.2 -8.78341e-08
0.21 -3.89312e-08
0.22 2.19275e-08
0.23 9.84097e-08
0.24 1.9607e-07
0.25 3.18033e-07
0.26 4.62631e-07
0.27 6.22668e-07
0.28 7.86268e-07
0.29 9.42016e-07
0.3 1.08147e-06
0.31 1.19571e-06
0.32 1.27375e-06
0.33 1.30551e-06
0.34 1.28569e-06
0.35 1.2168e-06
0.36 1.11231e-06
0.37 9.95278e-07
0.38 8.87783e-07
0.39 7.98053e-07
0.4 7.16559e-07
0.41 6.28131e-07
0.42 5.21014e-07
0.43 3.92491e-07
0.44 2.69385e-07
0.45 1.93335e-07
0.46 1.65144e-07
0.47 1.45705e-07
0.48 1.12013e-07
0.49 7.32699e-08
0.5 5.41772e-08
0.51 8.80566e-08
0.52 1.97274e-07
0.53 3.71285e-07
0.54 5.65772e-07
0.55 7.19633e-07
0.56 7.95057e-07
0.57 8.05437e-07
0.58 7.94689e-07
0.59 7.9448e-07
0.6 8.00933e-07
0.61 7.84333e-07
0.62 7.1569e-07
0.63 5.86614e-07
0.64 4.05954e-07
0.65 2.00709e-07
0.66 2.02437e-08
0.67 -1.04703e-07
0.68 -2.00633e-07
0.69 -3.29169e-07
0.7 -5.05772e-07
0.71 -6.50133e-07
0.72 -6.81358e-07
0.73 -6.12877e-07
0.74 -4.88311e-07
0.75 -2.91101e-07
0.76 5.34585e-08
0.77 6.32808e-07
0.78 1.50926e-06
0.79 2.71497e-06
0.8 4.28398e-06
0.81 6.25009e-06
0.82 8.58835e-06
0.83 1.11733e-05
0.84 1.38071e-05
0.85 1.63224e-05
0.86 1.86613e-05
0.87 2.08426e-05
0.88 2.28681e-05
0.89 2.46627e-05
0.9 2.60974e-05
0.91 2.7093e-05
0.92 2.77015e-05
0.93 2.80425e-05
0.94 2.81579e-05
0.95 2.79657e-05
0.96 2.73342e-05
0.97 2.61657e-05
0.98 2.44811e-05
0.99 2.2479e-05
1 2.04622e-05
1.01 1.86501e-05
1.02 1.70556e-05
1.03 1.55643e-05
1.04 1.41262e-05
1.05 1.28218e-05
1.06 1.17367e-05
1.07 1.08549e-05
1.08 1.01091e-05
1.09 9.50435e-06
1.1 9.12734e-06
1.11 9.00659e-06
1.12 9.05211e-06
1.13 9.18351e-06
1.14 9.4267e-06
1.15 9.85457e-06
1.16 1.05043e-05
1.17 1.13343e-05
1.18 1.22346e-05
1.19 1.30862e-05
1.2 1.37943e-05
1.21 1.42807e-05
1.22 1.44814e-05
1.23 1.43039e-05
1.24 1.35342e-05
1.25 1.1897e-05
1.26 9.24535e-06
1.27 5.62779e-06
1.28 1.20607e-06
1.29 -3.8557e-06
1.3 -9.40489e-06
1.31 -1.5222e-05
1.32 -2.10538e-05
1.33 -2.67549e-05
1.34 -3.22996e-05
1.35 -3.76953e-05
1.36 -4.29468e-05
1.37 -4.79977e-05
1.38 -5.26651e-05
1.39 -5.66945e-05
1.4 -5.98562e-05
1.41 -6.20115e-05
1.42 -6.31772e-05
1.43 -6.34712e-05
1.44 -6.30059e-05
1.45 -6.18499e-05
1.46 -6.00052e-05
1.47 -5.74649e-05
1.48 -5.43147e-05
1.49 -5.06921e-05
1.5 -4.66985e-05
1.51 -4.24399e-05
1.52 -3.80808e-05
1.53 -3.38667e-05
1.54 -3.0096e-05
1.55 -2.69696e-05
1.56 -2.44606e-05
1.57 -2.23745e-05
1.58 -2.05885e-05
1.59 -1.92038e-05
1.6 -1.83744e-05
1.61 -1.80595e-05
1.62 -1.80418e-05
1.63 -1.81838e-05
1.64 -1.85544e-05
1.65 -1.9211e-05
1.66 -1.99958e-05
1.67 -2.06093e-05
1.68 -2.07609e-05
1.69 -2.02583e-05
1.7 -1.90949e-05
1.71 -1.741e-05
1.72 -1.53451e-05
1.73 -1.30261e-05
1.74 -1.05509e-05
1.75 -7.88555e-06
1.76 -4.93503e-06
1.77 -1.74927e-06
1.78 1.51666e-06
1.79 4.81476e-06
1.8 8.2012e-06
1.81 1.16322e-05
1.82 1.48876e-05
1.83 1.77774e-05
1.84 2.0393e-05
1.85 2.30203e-05
1.86 2.58411e-05
1.87 2.88886e-05
1.88 3.21749e-05
1.89 3.57203e-05
1.9 3.9458e-05
1.91 4.30779e-05
1.92 4.60583e-05
1.93 4.79405e-05
1.94 4.85784e-05
1.95 4.81982e-05
1.96 4.72698e-05
1.97 4.62301e-05
1.98 4.52211e-05
1.99 4.41013e-05
2 4.26401e-05
2.01 4.06881e-05
2.02 3.83594e-05
2.03 3.61288e-05
2.04 3.46227e-05
2.05 3.42525e-05
2.06 3.49963e-05
2.07 3.64198e-05
2.08 3.7989e-05
2.09 3.94306e-05
2.1 4.07402e-05
2.11 4.19467e-05
2.12 4.3008e-05
2.13 4.38913e-05
2.14 4.467e-05
2.15 4.55162e-05
2.16 4.64853e-05
2.17 4.72717e-05
2.18 4.73199e-05
2.19 4.62193e-05
2.2 4.3937e-05
2.21 4.06956e-05
2.22 3.67501e-05
2.23 3.22785e-05
2.24 2.73902e-05
2.25 2.22274e-05
2.26 1.69662e-05
2.27 1.1623e-05
2.28 5.96998e-06
2.29 -2.71814e-07
2.3 -7.14019e-06
2.31 -1.43201e-05
2.32 -2.13679e-05
2.33 -2.80009e-05
2.34 -3.418e-05
2.35 -4.00618e-05
2.36 -4.58373e-05
2.37 -5.14599e-05
2.38 -5.65813e-05
2.39 -6.08155e-05
2.4 -6.39466e-05
2.41 -6.58934e-05
2.42 -6.66687e-05
2.43 -6.64039e-05
2.44 -6.52986e-05
2.45 -6.35698e-05
2.46 -6.15143e-05
2.47 -5.94815e-05
2.48 -5.76399e-05
2.49 -5.58481e-05
2.5 -5.38438e-05
2.51 -5.14599e-05
2.52 -4.86766e-05
2.53 -4.56134e-05
2.54 -4.23922e-05
2.55 -3.90226e-05
2.56 -3.54919e-05
2.57 -3.18289e-05
2.58 -2.80818e-05
2.59 -2.4283e-05
2.6 -2.0422e-05
2.61 -1.6488e-05
2.62 -1.2528e-05
2.63 -8.64976e-06
2.64 -4.9723e-06
2.65 -1.54706e-06
2.66 1.67849e-06
2.67 4.76343e-06
2.68 7.61872e-06
2.69 1.00565e-05
2.7 1.20321e-05
2.71 1.36996e-05
2.72 1.52232e-05
2.73 1.65619e-05
2.74 1.73938e-05
2.75 1.73398e-05
2.76 1.62989e-05
2.77 1.4544e-05
2.78 1.24815e-05
2.79 1.03804e-05
2.8 8.36946e-06
2.81 6.53929e-06
2.82 4.97457e-06
2.83 3.72577e-06
2.84 2.72557e-06
2.85 1.7312e-06
2.86 4.32426e-07
2.87 -1.26393e-06
2.88 -3.06407e-06
2.89 -4.50003e-06
2.9 -5.29617e-06
2.91 -5.47685e-06
2.92 -5.19138e-06
2.93 -4.52595e-06
2.94 -3.38629e-06
2.95 -1.48675e-06
2.96 1.44691e-06
2.97 5.4398e-06
2.98 1.02203e-05
2.99 1.53283e-05
3 2.02734e-05
3.01 2.46536e-05
3.02 2.82009e-05
3.03 3.08395e-05
3.04 3.27591e-05
3.05 3.43205e-05
3.06 3.58334e-05
3.07 3.74264e-05
3.08 3.90459e-05
3.09 4.05572e-05
3.1 4.18769e-05
3.11 4.30155e-05
3.12 4.40063e-05
3.13 4.48045e-05
3.14 4.52557e-05
3.15 4.51239e-05
3.16 4.41442e-05
3.17 4.20899e-05
3.18 3.8828e-05
3.19 3.43881e-05
3.2 2.89738e-05
3.21 2.27996e-05
3.22 1.59587e-05
3.23 8.50849e-06
3.24 6.1127e-07
3.25 -7.47289e-06
3.26 -1.54962e-05
3.27 -2.32496e-05
3.28 -3.05539e-05
3.29 -3.72841e-05
3.3 -4.33137e-05
3.31 -4.84518e-05
3.32 -5.25767e-05
3.33 -5.57544e-05
3.34 -5.80389e-05
3.35 -5.93144e-05
3.36 -5.94804e-05
3.37 -5.86295e-05
3.38 -5.69723e-05
3.39 -5.46621e-05
3.4 -5.16718e-05
3.41 -4.7807e-05
3.42 -4.28805e-05
3.43 -3.69123e-05
3.44 -3.01539e-05
3.45 -2.28832e-05
3.46 -1.51844e-05
3.47 -6.97703e-06
3.48 1.76232e-06
3.49 1.0854e-05
3.5 1.99886e-05
3.51 2.88288e-05
3.52 3.69482e-05
3.53 4.38082e-05
3.54 4.89075e-05
3.55 5.19656e-05
3.56 5.30034e-05
3.57 5.22985e-05
3.58 5.02896e-05
3.59 4.74027e-05
3.6 4.38735e-05
3.61 3.97703e-05
3.62 3.51052e-05
3.63 2.98692e-05
3.64 2.40695e-05
3.65 1.78238e-05
3.66 1.14307e-05
3.67 5.28708e-06
3.68 -2.57819e-07
3.69 -4.94596e-06
3.7 -8.70528e-06
3.71 -1.17302e-05
3.72 -1.43323e-05
3.73 -1.67374e-05
3.74 -1.90064e-05
3.75 -2.10267e-05
3.76 -2.25545e-05
3.77 -2.34088e-05
3.78 -2.3604e-05
3.79 -2.31792e-05
3.8 -2.20843e-05
3.81 -2.03713e-05
3.82 -1.83532e-05
3.83 -1.64553e-05
3.84 -1.48714e-05
3.85 -1.34165e-05
3.86 -1.17674e-05
3.87 -9.76418e-06
3.88 -7.51885e-06
3.89 -5.32395e-06
3.9 -3.44956e-06
3.91 -2.04156e-06
3.92 -1.12336e-06
3.93 -6.31178e-07
3.94 -4.64877e-07
3.95 -4.25166e-07
3.96 -1.87725e-07
3.97 4.85121e-07
3.98 1.56631e-06
3.99 2.82776e-06
4 4.00566e-06
4.01 4.89674e-06
4.02 5.42999e-06
4.03 5.68239e-06
4.04 5.68726e-06
4.05 5.34001e-06
4.06 4.56256e-06
4.07 3.41169e-06
4.08 2.04291e-06
4.09 5.5345e-07
4.1 -1.19266e-06
4.11 -3.49017e-06
4.12 -6.54289e-06
4.13 -1.03199e-05
4.14 -1.45686e-05
4.15 -1.89406e-05
4.16 -2.3136e-05
4.17 -2.69815e-05
4.18 -3.04517e-05
4.19 -3.36425e-05
4.2 -3.6736e-05
4.21 -3.99441e-05
4.22 -4.34224e-05
4.23 -4.71661e-05
4.24 -5.09397e-05
4.25 -5.43854e-05
4.26 -5.72247e-05
4.27 -5.9304e-05
4.28 -6.05067e-05
4.29 -6.06617e-05
4.3 -5.94939e-05
4.31 -5.67349e-05
4.32 -5.2308e-05
4.33 -4.64171e-05
4.34 -3.94234e-05
4.35 -3.15768e-05
4.36 -2.29553e-05
4.37 -1.3539e-05
4.38 -3.2634e-06
4.39 7.82283e-06
4.4 1.93909e-05
4.41 3.08229e-05
4.42 4.13927e-05
4.43 5.05283e-05
4.44 5.80233e-05
4.45 6.40939e-05
4.46 6.91999e-05
4.47 7.37137e-05
4.48 7.77055e-05
4.49 8.09845e-05
4.5 8.32162e-05
4.51 8.40192e-05
4.52 8.31582e-05
4.53 8.07091e-05
4.54 7.70687e-05
4.55 7.27866e-05
4.56 6.82669e-05
4.57 6.36041e-05
4.58 5.85989e-05
4.59 5.29242e-05
4.6 4.63726e-05
4.61 3.89729e-05
4.62 3.09512e-05
4.63 2.26176e-05
4.64 1.43678e-05
4.65 6.77043e-06
4.66 4.245e-07
4.67 -4.39277e-06
4.68 -7.93724e-06
4.69 -1.08541e-05
4.7 -1.3742e-05
4.71 -1.67729e-05
4.72 -1.96599e-05
4.73 -2.18471e-05
4.74 -2.27728e-05
4.75 -2.21101e-05
4.76 -1.98496e-05
4.77 -1.63268e-05
4.78 -1.22398e-05
4.79 -8.46487e-06
4.8 -5.63593e-06
4.81 -3.83316e-06
4.82 -2.64261e-06
4.83 -1.48949e-06
4.84 -2.47753e-08
4.85 1.69798e-06
4.86 3.34818e-06
4.87 4.59262e-06
4.88 5.30701e-06
4.89 5.61589e-06
4.9 5.7343e-06
4.91 5.80384e-06
4.92 5.94677e-06
4.93 6.3091e-06
4.94 6.90021e-06
4.95 7.44421e-06
4.96 7.43539e-06
4.97 6.34789e-06
4.98 3.79684e-06
4.99 -3.43423e-07
5 -5.84034e-06
5.01 -1.22363e-05
5.02 -1.90789e-05
5.03 -2.5935e-05
5.04 -3.227e-05
5.05 -3.74669e-05
5.06 -4.10844e-05
5.07 -4.31829e-05
5.08 -4.43355e-05
5.09 -4.51842e-05
5.1 -4.59391e-05
5.11 -4.62262e-05
5.12 -4.54161e-05
5.13 -4.31724e-05
5.14 -3.96581e-05
5.15 -3.5314e-05
5.16 -3.05887e-05
5.17 -2.58071e-05
5.18 -2.10818e-05
5.19 -1.62686e-05
5.2 -1.10357e-05
5.21 -4.99575e-06
5.22 2.09043e-06
5.23 1.01492e-05
5.24 1.88231e-05
5.25 2.76716e-05
5.26 3.6416e-05
5.27 4.50012e-05
5.28 5.3408e-05
5.29 6.15243e-05
5.3 6.92443e-05
5.31 7.64928e-05
5.32 8.31104e-05
5.33 8.88453e-05
5.34 9.34349e-05
5.35 9.66111e-05
5.36 9.80964e-05
5.37 9.7729e-05
5.38 9.5603e-05
5.39 9.20935e-05
5.4 8.77613e-05
5.41 8.31432e-05
5.42 7.84996e-05
5.43 7.36896e-05
5.44 6.82945e-05
5.45 6.19168e-05
5.46 5.44377e-05
5.47 4.60606e-05
5.48 3.72099e-05
5.49 2.82989e-05
5.5 1.94206e-05
5.51 1.03586e-05
5.52 8.95088e-07
5.53 -9.04674e-06
5.54 -1.94382e-05
5.55 -3.01092e-05
5.56 -4.06516e-05
5.57 -5.0355e-05
5.58 -5.83842e-05
5.59 -6.42091e-05
5.6 -6.7836e-05
5.61 -6.96637e-05
5.62 -7.01347e-05
5.63 -6.93877e-05
5.64 -6.7165e-05
5.65 -6.31515e-05
5.66 -5.74309e-05
5.67 -5.05253e-05
5.68 -4.30774e-05
5.69 -3.55673e-05
5.7 -2.82634e-05
5.71 -2.13599e-05
5.72 -1.51506e-05
5.73 -1.00343e-05
5.74 -6.24504e-06
5.75 -3.63464e-06
5.76 -1.83789e-06
5.77 -5.99978e-07
5.78 9.06719e-08
5.79 1.37581e-07
5.8 -3.73288e-07
5.81 -1.01505e-06
5.82 -1.21461e-06
5.83 -5.39945e-07
5.84 1.24694e-06
5.85 4.30586e-06
5.86 8.79324e-06
5.87 1.48033e-05
5.88 2.22898e-05
5.89 3.11032e-05
5.9 4.11277e-05
5.91 5.23118e-05
5.92 6.45028e-05
5.93 7.7318e-05
5.94 9.01086e-05
5.95 0.00010193
5.96 0.00011168
5.97 0.000118368
5.98 0.000121252
5.99 0.000119886
6 0.000114096
6.01 0.000103821
6.02 8.89692e-05
6.03 6.93402e-05
6.04 4.4637e-05
6.05 1.4642e-05
6.06 -2.04489e-05
6.07 -5.97735e-05
6.08 -0.00010189
6.09 -0.000145062
6.1 -0.000187519
6.11 -0.000227728
6.12 -0.000264495
6.13 -0.000296899
6.14 -0.000324235
6.15 -0.000345927
6.16 -0.000361399
6.17 -0.000370052
6.18 -0.000371326
6.19 -0.000364845
6.2 -0.000350585
6.21 -0.000328915
6.22 -0.000300486
6.23 -0.000266089
6.24 -0.000226459
6.25 -0.000182257
6.26 -0.000134448
6.27 -8.48349e-05
6.28 -3.60488e-05
6.29 9.07505e-06
6.3 4.7942e-05
6.31 7.84578e-05
6.32 9.95742e-05
6.33 0.000111573
6.34 0.000115633
6.35 0.000113177
6.36 0.00010552
6.37 9.37416e-05
6.38 7.85559e-05
6.39 6.04145e-05
6.4 3.99363e-05
6.41 1.83588e-05
6.42 -2.43276e-06
6.43 -2.05365e-05
6.44 -3.47242e-05
6.45 -4.43995e-05
6.46 -4.92253e-05
6.47 -4.9181e-05
6.48 -4.47732e-05
6.49 -3.68303e-05
6.5 -2.60384e-05
6.51 -1.2757e-05
6.52 2.86018e-06
6.53 2.07224e-05
6.54 4.06974e-05
6.55 6.25627e-05
6.56 8.59164e-05
6.57 0.000110039
6.58 0.000133925
6.59 0.000156444
6.6 0.000176513
6.61 0.000193372
6.62 0.000206845
6.63 0.000217371
6.64 0.000225732
6.65 0.000232591
6.66 0.000238146
6.67 0.000242116
6.68 0.000243971
6.69 0.000243236
6.7 0.000239632
6.71 0.000233066
6.72 0.000223675
6.73 0.000211937
6.74 0.000198689
6.75 0.000184832
6.76 0.000170986
6.77 0.000157448
6.78 0.00014439
6.79 0.000132044
6.8 0.000120838
6.81 0.000111428
6.82 0.000104515
6.83 0.000100495
6.84 9.92575e-05
6.85 0.000100152
6.86 0.000102047
6.87 0.000103596
6.88 0.000103663
6.89 0.000101681
6.9 9.77269e-05
6.91 9.22197e-05
6.92 8.54792e-05
6.93 7.74733e-05
6.94 6.78589e-05
6.95 5.6207e-05
6.96 4.22991e-05
6.97 2.633e-05
6.98 8.83187e-06
6.99 -9.63613e-06
7 -2.87677e-05
7.01 -4.86127e-05
7.02 -6.95331e-05
7.03 -9.20512e-05
7.04 -0.000116635
7.05 -0.000143434
7.06 -0.000172082
7.07 -0.000201656
7.08 -0.00023073
7.09 -0.000257612
7.1 -0.000280813
7.11 -0.000299366
7.12 -0.000312662
7.13 -0.000320061
7.14 -0.000320803
7.15 -0.000314364
7.16 -0.000300795
7.17 -0.000280791
7.18 -0.000255564
7.19 -0.000226539
7.2 -0.000195
7.21 -0.000162082
7.22 -0.000129044
7.23 -9.73413e-05
7.24 -6.83953e-05
7.25 -4.33633e-05
7.26 -2.30731e-05
7.27 -8.10817e-06
7.28 1.06262e-06
7.29 4.32289e-06
7.3 2.28191e-06
7.31 -3.84201e-06
7.32 -1.26113e-05
7.33 -2.26632e-05
7.34 -3.29242e-05
7.35 -4.27842e-05
7.36 -5.21134e-05
7.37 -6.09616e-05
7.38 -6.92784e-05
7.39 -7.69698e-05
7.4 -8.39935e-05
7.41 -9.02722e-05
7.42 -9.5646e-05
7.43 -9.99866e-05
7.44 -0.000103277
7.45 -0.000105569
7.46 -0.00010686
7.47 -0.00010687
7.48 -0.000104964
7.49 -0.000100504
7.5 -9.31779e-05
7.51 -8.28968e-05
7.52 -6.96811e-05
7.53 -5.37761e-05
7.54 -3.57726e-05
7.55 -1.65367e-05
7.56 3.05708e-06
7.57 2.23617e-05
7.58 4.09985e-05
7.59 5.88746e-05
7.6 7.63591e-05
7.61 9.43991e-05
7.62 0.000114197
7.63 0.000136594
7.64 0.000161689
7.65 0.00018896
7.66 0.000217734
7.67 0.00024743
7.68 0.000277376
7.69 0.000306776
7.7 0.000334904
7.71 0.000361059
7.72 0.00038424
7.73 0.000403044
7.74 0.00041611
7.75 0.000422636
7.76 0.000422426
7.77 0.000415646
7.78 0.000402582
7.79 0.000383558
7.8 0.000359055
7.81 0.000329696
7.82 0.000296088
7.83 0.000258958
7.84 0.000219533
7.85 0.0001796
7.86 0.000141137
7.87 0.000105981
7.88 7.56426e-05
7.89 5.10621e-05
7.9 3.25191e-05
7.91 1.98223e-05
7.92 1.25927e-05
7.93 1.04483e-05
7.94 1.30138e-05
7.95 1.97866e-05
7.96 3.00452e-05
7.97 4.28185e-05
7.98 5.68201e-05
7.99 7.0561e-05
8 8.2703e-05
8.01 9.2129e-05
8.02 9.77117e-05
8.03 9.84618e-05
8.04 9.38875e-05
8.05 8.39183e-05
8.06 6.85875e-05
8.07 4.79412e-05
8.08 2.2186e-05
8.09 -8.19401e-06
8.1 -4.24958e-05
8.11 -7.98797e-05
8.12 -0.000119294
8.13 -0.00015944
8.14 -0.000198972
8.15 -0.000236721
8.16 -0.000271771
8.17 -0.000303456
8.18 -0.00033125
8.19 -0.000354706
8.2 -0.000373531
8.21 -0.000387814
8.22 -0.00039811
8.23 -0.000405233
8.24 -0.000410097
8.25 -0.000413627
8.26 -0.000416651
8.27 -0.000419895
8.28 -0.000424052
8.29 -0.000429674
8.3 -0.000436966
8.31 -0.000445833
8.32 -0.000456079
8.33 -0.000467404
8.34 -0.000479229
8.35 -0.000490679
8.36 -0.000500769
8.37 -0.000508567
8.38 -0.000513256
8.39 -0.00051417
8.4 -0.000510829
8.41 -0.000502859
8.42 -0.000489924
8.43 -0.000471659
8.44 -0.000447682
8.45 -0.000417778
8.46 -0.000382018
8.47 -0.000340704
8.48 -0.00029424
8.49 -0.000242984
8.5 -0.000187186
8.51 -0.000127098
8.52 -6.32823e-05
8.53 3.02608e-06
8.54 6.99482e-05
8.55 0.00013535
8.56 0.000197261
8.57 0.000254204
8.58 0.000305209
8.59 0.000349589
8.6 0.00038702
8.61 0.000417729
8.62 0.000442256
8.63 0.000460998
8.64 0.000474065
8.65 0.000481473
8.66 0.000483354
8.67 0.000479989
8.68 0.000471839
8.69 0.000459645
8.7 0.000444487
8.71 0.000427732
8.72 0.000410881
8.73 0.000395285
8.74 0.000381741
8.75 0.000370196
8.76 0.000359816
8.77 0.000349546
8.78 0.000338786
8.79 0.00032776
8.8 0.000317404
8.81 0.000308815
8.82 0.000302675
8.83 0.000298999
8.84 0.000297228
8.85 0.00029642
8.86 0.000295417
8.87 0.00029303
8.88 0.000288338
8.89 0.000280976
8.9 0.000271191
8.91 0.000259568
8.92 0.000246601
8.93 0.000232449
8.94 0.000217043
8.95 0.000200365
8.96 0.00018259
8.97 0.000164021
8.98 0.000145078
8.99 0.000126409
9 0.000108908
9.01 9.362e-05
9.02 8.15131e-05
9.03 7.31538e-05
9.04 6.8527e-05
9.05 6.7107e-05
9.06 6.80692e-05
9.07 7.05398e-05
9.08 7.37742e-05
9.09 7.71663e-05
9.1 8.01007e-05
9.11 8.17448e-05
9.12 8.09544e-05
9.13 7.64255e-05
9.14 6.70361e-05
9.15 5.20552e-05
9.16 3.10098e-05
9.17 3.58324e-06
9.18 -3.01756e-05
9.19 -6.96006e-05
9.2 -0.000113464
9.21 -0.000160292
9.22 -0.000208672
9.23 -0.000257429
9.24 -0.000305556
9.25 -0.000351824
9.26 -0.000394567
9.27 -0.000432092
9.28 -0.000463211
9.29 -0.000487314
9.3 -0.000504229
9.31 -0.000514187
9.32 -0.000517809
9.33 -0.000516026
9.34 -0.000509887
9.35 -0.000500166
9.36 -0.000486987
9.37 -0.000469854
9.38 -0.000448179
9.39 -0.000421917
9.4 -0.000391792
9.41 -0.000359023
9.42 -0.00032485
9.43 -0.000290116
9.44 -0.000255183
9.45 -0.000220171
9.46 -0.000185159
9.47 -0.00015016
9.48 -0.000115074
9.49 -7.98717e-05
9.5 -4.49071e-05
9.51 -1.09664e-05
9.52 2.10464e-05
9.53 5.05258e-05
9.54 7.73622e-05
9.55 0.000101887
9.56 0.000124691
9.57 0.000146318
9.58 0.000166938
9.59 0.000186335
9.6 0.000204172
9.61 0.000220196
9.62 0.000234349
9.63 0.000246805
9.64 0.000257881
9.65 0.000267874
9.66 0.000277063
9.67 0.000285804
9.68 0.000294524
9.69 0.000303633
9.7 0.000313437
9.71 0.000324059
9.72 0.000335417
9.73 0.000347357
9.74 0.000359806
9.75 0.000372681
9.76 0.000385651
9.77 0.000398016
9.78 0.000408814
9.79 0.00041711
9.8 0.000422288
9.81 0.000424042
9.82 0.000422144
9.83 0.000416384
9.84 0.000406673
9.85 0.000393099
9.86 0.000375805
9.87 0.000354817
9.88 0.000329961
9.89 0.000300971
9.9 0.000267733
9.91 0.000230618
9.92 0.000190638
9.93 0.000149078
9.94 0.000106961
9.95 6.48889e-05
9.96 2.3069e-05
9.97 -1.86348e-05
9.98 -6.04814e-05
9.99 -0.000102584
10 -0.000144767
10.01 -0.000186529
10.02 -0.000227153
10.03 -0.000265898
10.04 -0.000302171
10.05 -0.000335697
10.06 -0.000366591
10.07 -0.000395093
10.08 -0.00042122
10.09 -0.000444814
10.1 -0.000465753
10.11 -0.000483939
10.12 -0.000499316
10.13 -0.000511996
10.14 -0.000522282
10.15 -0.000530487
10.16 -0.000536826
10.17 -0.000541395
10.18 -0.000544077
10.19 -0.000544467
10.2 -0.000542057
10.21 -0.000536444
10.22 -0.000527311
10.23 -0.000514512
10.24 -0.000498183
10.25 -0.000478624
10.26 -0.000456127
10.27 -0.000430887
10.28 -0.000402937
10.29 -0.000372228
10.3 -0.00033877
10.31 -0.000302714
10.32 -0.000264425
10.33 -0.000224516
10.34 -0.000183745
10.35 -0.000142916
10.36 -0.000102838
10.37 -6.42878e-05
10.38 -2.79854e-05
10.39 5.46091e-06
10.4 3.56512e-05
10.41 6.24741e-05
10.42 8.60987e-05
10.43 0.000106894
10.44 0.000125375
10.45 0.000142133
10.46 0.000157737
10.47 0.000172663
10.48 0.000187161
10.49 0.000201185
10.5 0.000214466
10.51 0.000226551
10.52 0.000236876
10.53 0.000245155
10.54 0.000251659
10.55 0.000256999
10.56 0.00026169
10.57 0.000265879
10.58 0.000269517
10.59 0.000272734
10.6 0.000275873
10.61 0.000279141
10.62 0.000282366
10.63 0.000285243
10.64 0.000287776
10.65 0.000290415
10.66 0.000293813
10.67 0.000298407
10.68 0.000304158
10.69 0.000310673
10.7 0.000317503
10.71 0.000324338
10.72 0.000331064
10.73 0.000337676
10.74 0.000344114
10.75 0.000350133
10.76 0.000355264
10.77 0.000358903
10.78 0.00036045
10.79 0.000359347
10.8 0.000355101
10.81 0.000347315
10.82 0.000335759
10.83 0.000320456
10.84 0.000301697
10.85 0.000279894
10.86 0.000255359
10.87 0.000228276
10.88 0.000198837
10.89 0.000167306
10.9 0.000133989
10.91 9.92275e-05
10.92 6.34098e-05
10.93 2.70806e-05
10.94 -8.95506e-06
10.95 -4.36636e-05
10.96 -7.59242e-05
10.97 -0.000104713
10.98 -0.00012933
10.99 -0.000149545
11 -0.000165492
11.01 -0.00017735
11.02 -0.000185088
11.03 -0.000188493
11.04 -0.000187342
11.05 -0.000181519
11.06 -0.000171109
11.07 -0.000156511
11.08 -0.00013839
11.09 -0.000117441
11.1 -9.41998e-05
11.11 -6.89241e-05
11.12 -4.1569e-05
11.13 -1.18896e-05
11.14 2.03846e-05
11.15 5.52948e-05
11.16 9.23608e-05
11.17 0.000130404
11.18 0.000167512
11.19 0.000201124
11.2 0.000228581
11.21 0.00024799
11.22 0.00025838
11.23 0.000259063
11.24 0.000248988
11.25 0.000226596
11.26 0.00019048
11.27 0.000139987
11.28 7.48153e-05
11.29 -5.52727e-06
11.3 -0.000101292
11.31 -0.000211469
11.32 -0.000332743
11.33 -0.000458767
11.34 -0.000581192
11.35 -0.00069216
11.36 -0.000785927
11.37 -0.000859344
11.38 -0.000912345
11.39 -0.000947984
11.4 -0.000970935
11.41 -0.000984705
11.42 -0.00098927
11.43 -0.000980949
11.44 -0.000954638
11.45 -0.000906826
11.46 -0.00083801
11.47 -0.00075297
11.48 -0.000658552
11.49 -0.00056096
11.5 -0.000464432
11.51 -0.000371411
11.52 -0.000282799
11.53 -0.000197771
11.54 -0.00011441
11.55 -3.17009e-05
11.56 4.82396e-05
11.57 0.000119476
11.58 0.000174292
11.59 0.000206632
11.6 0.000214288
11.61 0.000199165
11.62 0.000166415
11.63 0.00012276
11.64 7.41998e-05
11.65 2.41138e-05
11.66 -2.68754e-05
11.67 -7.93657e-05
11.68 -0.000133227
11.69 -0.000186237
11.7 -0.000233868
11.71 -0.000270211
11.72 -0.000289586
11.73 -0.000288186
11.74 -0.000265142
11.75 -0.000222506
11.76 -0.000163903
11.77 -9.27437e-05
11.78 -1.1322e-05
11.79 7.92045e-05
11.8 0.000178785
11.81 0.000288279
11.82 0.00040771
11.83 0.000533299
11.84 0.000656128
11.85 0.000764556
11.86 0.000849146
11.87 0.000906526
11.88 0.000940145
11.89 0.000958372
11.9 0.000970924
11.91 0.000985041
11.92 0.00100315
11.93 0.00102282
11.94 0.00103855
11.95 0.00104468
11.96 0.00103804
11.97 0.00101935
11.98 0.000992684
11.99 0.000963849
12 0.000938279
12.01 0.000918911
12.02 0.000904977
12.03 0.000892686
12.04 0.000877292
12.05 0.00085508
12.06 0.000824376
12.07 0.000785527
12.08 0.000740304
12.09 0.000690836
12.1 0.000638283
12.11 0.000581927
12.12 0.000519185
12.13 0.000446277
12.14 0.000359394
12.15 0.000256213
12.16 0.00013684
12.17 3.50819e-06
12.18 -0.00014032
12.19 -0.000290663
12.2 -0.000443219
12.21 -0.000592847
12.22 -0.000733351
12.23 -0.00085908
12.24 -0.000967145
12.25 -0.00105835
12.26 -0.00113665
12.27 -0.00120703
12.28 -0.00127168
12.29 -0.00132654
12.3 -0.0013617
12.31 -0.00136782
12.32 -0.00134513
12.33 -0.00130597
12.34 -0.00126668
12.35 -0.00123594
12.36 -0.0012098
12.37 -0.00117611
12.38 -0.00112332
12.39 -0.00104695
12.4 -0.000950608
12.41 -0.000842939
12.42 -0.00073369
12.43 -0.000630842
12.44 -0.00053906
12.45 -0.000459216
12.46 -0.000388444
12.47 -0.000321218
12.48 -0.000252092
12.49 -0.000178634
12.5 -0.000102645
12.51 -2.92887e-05
12.52 3.51125e-05
12.53 8.58662e-05
12.54 0.00012236
12.55 0.00014867
12.56 0.000171799
12.57 0.000198827
12.58 0.000234613
12.59 0.000280702
12.6 0.000335577
12.61 0.000396095
12.62 0.000459211
12.63 0.000522892
12.64 0.000586078
12.65 0.000648408
12.66 0.000709741
12.67 0.00076919
12.68 0.000824268
12.69 0.000871121
12.7 0.000906136
12.71 0.000927948
12.72 0.000938332
12.73 0.000941578
12.74 0.000942767
12.75 0.000945534
12.76 0.000950166
12.77 0.000953114
12.78 0.00094851
12.79 0.000931056
12.8 0.000898521
12.81 0.000852273
12.82 0.000795982
12.83 0.000733889
12.84 0.000669506
12.85 0.000604783
12.86 0.00053986
12.87 0.000473497
12.88 0.000404073
12.89 0.000330746
12.9 0.000254178
12.91 0.000176393
12.92 0.000100115
12.93 2.8039e-05
12.94 -3.79799e-05
12.95 -9.75097e-05
12.96 -0.000151495
12.97 -0.000201553
12.98 -0.000249064
12.99 -0.000294725
13 -0.000338706
13.01 -0.000380993
13.02 -0.000421688
13.03 -0.000461186
13.04 -0.000500189
13.05 -0.00053965
13.06 -0.000580433
13.07 -0.000622593
13.08 -0.000664849
13.09 -0.000704657
13.1 -0.00073885
13.11 -0.000764804
13.12 -0.000781487
13.13 -0.000789493
13.14 -0.000790208
13.15 -0.000784964
13.16 -0.000774311
13.17 -0.000757559
13.18 -0.000733221
13.19 -0.000700214
13.2 -0.000658656
13.21 -0.00060992
13.22 -0.000556546
13.23 -0.000501938
13.24 -0.000449285
13.25 -0.000400315
13.26 -0.000355042
13.27 -0.000312514
13.28 -0.000271763
13.29 -0.000232297
13.3 -0.000194075
13.31 -0.00015747
13.32 -0.00012337
13.33 -9.28992e-05
13.34 -6.68108e-05
13.35 -4.50381e-05
13.36 -2.6687e-05
13.37 -1.03615e-05
13.38 5.42289e-06
13.39 2.19144e-05
13.4 3.98502e-05
13.41 5.92721e-05
13.42 7.96986e-05
13.43 0.000100553
13.44 0.000121425
13.45 0.000142072
13.46 0.000162235
13.47 0.000181296
13.48 0.000198171
13.49 0.000211745
13.5 0.000221502
13.51 0.000227819
13.52 0.00023161
13.53 0.000233765
13.54 0.000235138
13.55 0.000236803
13.56 0.000239853
13.57 0.00024481
13.58 0.00025134
13.59 0.000258546
13.6 0.000265665
13.61 0.000272653
13.62 0.000280169
13.63 0.000289122
13.64 0.000300322
13.65 0.000314393
13.66 0.000331623
13.67 0.000351721
13.68 0.000373817
13.69 0.00039666
13.7 0.000418816
13.71 0.000438914
13.72 0.000455876
13.73 0.000468975
13.74 0.00047784
13.75 0.000482333
13.76 0.00048239
13.77 0.000478034
13.78 0.000469396
13.79 0.00045662
13.8 0.000439784
13.81 0.00041894
13.82 0.000394244
13.83 0.000365933
13.84 0.000334165
13.85 0.000299133
13.86 0.000261284
13.87 0.000221216
13.88 0.000179431
13.89 0.000136407
13.9 9.29525e-05
13.91 5.03799e-05
13.92 1.01555e-05
13.93 -2.66265e-05
13.94 -5.93216e-05
13.95 -8.74106e-05
13.96 -0.000110287
13.97 -0.000127388
13.98 -0.000138488
13.99 -0.000143903
14 -0.000144429
14.01 -0.000140995
14.02 -0.000134426
14.03 -0.000125596
14.04 -0.000115625
14.05 -0.000105784
14.06 -9.7244e-05
14.07 -9.09184e-05
14.08 -8.75183e-05
14.09 -8.77252e-05
14.1 -9.23329e-05
14.11 -0.000102236
14.12 -0.000118061
14.13 -0.000139718
14.14 -0.000166352
14.15 -0.000196657
14.16 -0.00022938
14.17 -0.00026374
14.18 -0.000299349
14.19 -0.000335594
14.2 -0.000371357
14.21 -0.000405392
14.22 -0.000436736
14.23 -0.000464747
14.24 -0.000488978
14.25 -0.000509115
14.26 -0.000524978
14.27 -0.000536588
14.28 -0.00054425
14.29 -0.000548562
14.3 -0.000550225
14.31 -0.000549814
14.32 -0.000547896
14.33 -0.000545254
14.34 -0.000542542
14.35 -0.000539842
14.36 -0.00053688
14.37 -0.000533538
14.38 -0.000529972
14.39 -0.000526313
14.4 -0.000522405
14.41 -0.000517829
14.42 -0.000511998
14.43 -0.000504211
14.44 -0.000493658
14.45 -0.000479518
14.46 -0.000461175
14.47 -0.000438464
14.48 -0.00041174
14.49 -0.000381814
14.5 -0.000349833
14.51 -0.000316988
14.52 -0.000284109
14.53 -0.000251539
14.54 -0.000219349
14.55 -0.000187508
14.56 -0.000155924
14.57 -0.000124401
14.58 -9.26006e-05
14.59 -6.02412e-05
14.6 -2.72883e-05
14.61 6.24382e-06
14.62 4.06766e-05
14.63 7.66735e-05
14.64 0.000114832
14.65 0.000155394
14.66 0.000198197
14.67 0.000242638
14.68 0.000287739
14.69 0.000332474
14.7 0.000376175
14.71 0.000418793
14.72 0.000460843
14.73 0.000502983
14.74 0.000545542
14.75 0.000588286
14.76 0.000630401
14.77 0.000670623
14.78 0.000707523
14.79 0.000739927
14.8 0.000767295
14.81 0.000789667
14.82 0.000807207
14.83 0.000819925
14.84 0.000827746
14.85 0.000830622
14.86 0.000828593
14.87 0.000821886
14.88 0.000810956
14.89 0.000796426
14.9 0.000779028
14.91 0.000759481
14.92 0.00073834
14.93 0.000715921
14.94 0.000692303
14.95 0.000667366
14.96 0.000640868
14.97 0.000612624
14.98 0.000582558
14.99 0.000550637
15 0.000516807
15.01 0.000481048
15.02 0.000443431
15.03 0.000404002
15.04 0.000362628
15.05 0.000319008
15.06 0.000272823
15.07 0.000223863
15.08 0.000172099
15.09 0.000117714
15.1 6.10203e-05
15.11 2.32913e-06
15.12 -5.80698e-05
15.13 -0.000119919
15.14 -0.000183036
15.15 -0.000247214
15.16 -0.000312019
15.17 -0.000376771
15.18 -0.000440761
15.19 -0.00050332
15.2 -0.00056371
15.21 -0.000621126
15.22 -0.000674783
15.23 -0.000723935
15.24 -0.000767787
15.25 -0.000805472
15.26 -0.000836246
15.27 -0.000859798
15.28 -0.000876471
15.29 -0.000887194
15.3 -0.000892966
15.31 -0.000894181
15.32 -0.000890353
15.33 -0.00088035
15.34 -0.000862988
15.35 -0.000837809
15.36 -0.000805587
15.37 -0.000768174
15.38 -0.000727777
15.39 -0.000686138
15.4 -0.000644041
15.41 -0.00060135
15.42 -0.000557398
15.43 -0.00051143
15.44 -0.000462992
15.45 -0.00041212
15.46 -0.000359289
15.47 -0.000305281
15.48 -0.000250958
15.49 -0.000196884
15.5 -0.000143038
15.51 -8.89262e-05
15.52 -3.40661e-05
15.53 2.1589e-05
15.54 7.75465e-05
15.55 0.000132806
15.56 0.000185993
15.57 0.000235683
15.58 0.000280747
15.59 0.000320452
15.6 0.000354336
15.61 0.000382138
15.62 0.000403777
15.63 0.000419223
15.64 0.000428426
15.65 0.00043134
15.66 0.000427927
15.67 0.000418213
15.68 0.000402673
15.69 0.000382806
15.7 0.000361078
15.71 0.000340039
15.72 0.00032134
15.73 0.000305256
15.74 0.000290825
15.75 0.000276493
15.76 0.00026093
15.77 0.000243612
15.78 0.000225014
15.79 0.000206554
15.8 0.000190193
15.81 0.000177694
15.82 0.00016999
15.83 0.000167026
15.84 0.000168044
15.85 0.000172088
15.86 0.000178537
15.87 0.000187371
15.88 0.000198976
15.89 0.000213746
15.9 0.000231744
15.91 0.000252416
15.92 0.000274483
15.93 0.00029621
15.94 0.000315887
15.95 0.000332272
15.96 0.000344813
15.97 0.00035357
15.98 0.000358953
15.99 0.000361494
16 0.000361654
16.01 0.000359554
16.02 0.000354919
16.03 0.000347275
16.04 0.000336197
16.05 0.000321604
16.06 0.000303962
16.07 0.000284143
16.08 0.000263046
16.09 0.000241272
16.1 0.000219088
16.11 0.00019657
16.12 0.00017369
16.13 0.000150361
16.14 0.000126588
16.15 0.000102642
16.16 7.91333e-05
16.17 5.68187e-05
16.18 3.62511e-05
16.19 1.7652e-05
16.2 9.31316e-07
16.21 -1.43057e-05
16.22 -2.8552e-05
16.23 -4.21054e-05
16.24 -5.50065e-05
16.25 -6.71179e-05
16.26 -7.81766e-05
16.27 -8.78927e-05
16.28 -9.61412e-05
16.29 -0.000103007
16.3 -0.000108676
16.31 -0.000113503
16.32 -0.000117973
16.33 -0.00012233
16.34 -0.000126412
16.35 -0.000129919
16.36 -0.000132708
16.37 -0.000134884
16.38 -0.00013676
16.39 -0.000138802
16.4 -0.00014151
16.41 -0.000145254
16.42 -0.000150184
16.43 -0.000156279
16.44 -0.000163384
16.45 -0.00017127
16.46 -0.000179807
16.47 -0.000189096
16.48 -0.000199428
16.49 -0.000211077
16.5 -0.000224043
16.51 -0.000237999
16.52 -0.000252328
16.53 -0.000266182
16.54 -0.000278702
16.55 -0.000289274
16.56 -0.000297572
16.57 -0.000303519
16.58 -0.000307211
16.59 -0.000308744
16.6 -0.000308068
16.61 -0.000305099
16.62 -0.000299914
16.63 -0.000292775
16.64 -0.000284115
16.65 -0.000274478
16.66 -0.000264386
16.67 -0.000254339
16.68 -0.000244809
16.69 -0.000236014
16.7 -0.000227855
16.71 -0.000220085
16.72 -0.000212499
16.73 -0.000205147
16.74 -0.000198376
16.75 -0.000192528
16.76 -0.00018765
16.77 -0.000183542
16.78 -0.000179989
16.79 -0.000176863
16.8 -0.000174081
16.81 -0.000171555
16.82 -0.000169236
16.83 -0.000167096
16.84 -0.000164997
16.85 -0.00016263
16.86 -0.000159654
16.87 -0.000155773
16.88 -0.000150758
16.89 -0.000144525
16.9 -0.00013703
16.91 -0.000128101
16.92 -0.000117518
16.93 -0.000105114
16.94 -9.07502e-05
16.95 -7.43725e-05
16.96 -5.61124e-05
16.97 -3.62526e-05
16.98 -1.52045e-05
16.99 6.48467e-06
17 2.81699e-05
17.01 4.91617e-05
17.02 6.88258e-05
17.03 8.66998e-05
17.04 0.000102479
17.05 0.000115922
17.06 0.000126825
17.07 0.00013506
17.08 0.000140602
17.09 0.000143518
17.1 0.000144047
17.11 0.000142599
17.12 0.000139623
17.13 0.000135601
17.14 0.000131149
17.15 0.000127006
17.16 0.000123888
17.17 0.000122345
17.18 0.00012275
17.19 0.000125364
17.2 0.000130366
17.21 0.000137895
17.22 0.000148048
17.23 0.000160731
17.24 0.000175493
17.25 0.000191603
17.26 0.0002083
17.27 0.000224906
17.28 0.000240755
17.29 0.000255128
17.3 0.000267289
17.31 0.000276602
17.32 0.000282662
17.33 0.000285366
17.34 0.000284863
17.35 0.0002814
17.36 0.000275202
17.37 0.000266478
17.38 0.000255358
17.39 0.000241857
17.4 0.000226034
17.41 0.000208105
17.42 0.000188386
17.43 0.00016724
17.44 0.000145069
17.45 0.000122291
17.46 9.92512e-05
17.47 7.61698e-05
17.48 5.31689e-05
17.49 3.03094e-05
17.5 7.58047e-06
17.51 -1.50778e-05
17.52 -3.76145e-05
17.53 -5.97467e-05
17.54 -8.0964e-05
17.55 -0.000100562
17.56 -0.000117819
17.57 -0.00013228
17.58 -0.000143757
17.59 -0.000152096
17.6 -0.000157092
17.61 -0.0001586
17.62 -0.000156594
17.63 -0.000151063
17.64 -0.000141969
17.65 -0.000129335
17.66 -0.000113322
17.67 -9.43129e-05
17.68 -7.30354e-05
17.69 -5.04787e-05
17.7 -2.7575e-05
17.71 -5.02133e-06
17.72 1.65448e-05
17.73 3.6517e-05
17.74 5.45376e-05
17.75 7.0482e-05
17.76 8.42728e-05
17.77 9.57751e-05
17.78 0.000104854
17.79 0.000111586
17.8 0.000116301
17.81 0.000119384
17.82 0.000121186
17.83 0.000122123
17.84 0.000122737
17.85 0.0001236
17.86 0.000125099
17.87 0.000127324
17.88 0.000130131
17.89 0.00013327
17.9 0.000136501
17.91 0.000139738
17.92 0.000143136
17.93 0.00014696
17.94 0.000151406
17.95 0.000156601
17.96 0.000162609
17.97 0.000169366
17.98 0.000176567
17.99 0.000183594
18 0.000189667
18.01 0.000194053
18.02 0.000196208
18.03 0.000195995
18.04 0.00019367
18.05 0.00018956
18.06 0.000183893
18.07 0.000176837
18.08 0.0001684
18.09 0.000158356
18.1 0.000146416
18.11 0.000132447
18.12 0.000116457
18.13 9.83987e-05
18.14 7.81344e-05
18.15 5.56281e-05
18.16 3.10407e-05
18.17 4.63008e-06
18.18 -2.34534e-05
18.19 -5.32626e-05
18.2 -8.49103e-05
18.21 -0.000118333
18.22 -0.00015311
18.23 -0.000188466
18.24 -0.000223537
18.25 -0.000257618
18.26 -0.000290216
18.27 -0.000321057
18.28 -0.000350098
18.29 -0.000377471
18.3 -0.000403382
18.31 -0.000428089
18.32 -0.00045183
18.33 -0.000474698
18.34 -0.00049662
18.35 -0.000517411
18.36 -0.000536823
18.37 -0.000554667
18.38 -0.000570934
18.39 -0.000585722
18.4 -0.000599078
18.41 -0.000610883
18.42 -0.000620778
18.43 -0.000628173
18.44 -0.000632399
18.45 -0.000632896
18.46 -0.000629285
18.47 -0.000621343
18.48 -0.000609034
18.49 -0.000592518
18.5 -0.000572024
18.51 -0.000547712
18.52 -0.000519564
18.53 -0.000487375
18.54 -0.000450937
18.55 -0.000410189
18.56 -0.00036518
18.57 -0.000316096
18.58 -0.000263274
18.59 -0.000207142
18.6 -0.00014825
18.61 -8.72517e-05
18.62 -2.48342e-05
18.63 3.82022e-05
18.64 0.000100757
18.65 0.000161554
18.66 0.000219574
18.67 0.000274169
18.68 0.000324873
18.69 0.000371453
18.7 0.000414026
18.71 0.000453014
18.72 0.00048905
18.73 0.000522813
18.74 0.000554736
18.75 0.000584913
18.76 0.000613179
18.77 0.000639189
18.78 0.000662629
18.79 0.000683527
18.8 0.000702405
18.81 0.000720041
18.82 0.000736949
18.83 0.000752928
18.84 0.000767014
18.85 0.000777815
18.86 0.000783907
18.87 0.000784206
18.88 0.00077835
18.89 0.000766867
18.9 0.000750905
18.91 0.000731698
18.92 0.000710049
18.93 0.000686079
18.94 0.000659366
18.95 0.000629272
18.96 0.000595324
18.97 0.000557458
18.98 0.000516019
18.99 0.000471694
19 0.000425363
19.01 0.000377878
19.02 0.000329836
19.03 0.000281468
19.04 0.000232726
19.05 0.000183543
19.06 0.000134109
19.07 8.50128e-05
19.08 3.72182e-05
19.09 -8.14363e-06
19.1 -5.00657e-05
19.11 -8.7815e-05
19.12 -0.000120961
19.13 -0.000149455
19.14 -0.000173653
19.15 -0.000194084
19.16 -0.000211196
19.17 -0.0002254
19.18 -0.000237252
19.19 -0.000247337
19.2 -0.000256054
19.21 -0.000263656
19.22 -0.000270407
19.23 -0.000276676
19.24 -0.000282993
19.25 -0.00029004
19.26 -0.000298439
19.27 -0.000308552
19.28 -0.000320379
19.29 -0.000333488
19.3 -0.000347084
19.31 -0.000360169
19.32 -0.000371807
19.33 -0.000381502
19.34 -0.000389239
19.35 -0.000395215
19.36 -0.000399657
19.37 -0.000402783
19.38 -0.000404737
19.39 -0.000405468
19.4 -0.000404692
19.41 -0.000402112
19.42 -0.000397694
19.43 -0.000391757
19.44 -0.00038485
19.45 -0.000377639
19.46 -0.000370871
19.47 -0.00036522
19.48 -0.000361086
19.49 -0.000358533
19.5 -0.000357334
19.51 -0.000357131
19.52 -0.00035762
19.53 -0.00035866
19.54 -0.000360352
19.55 -0.000363001
19.56 -0.000366776
19.57 -0.000371475
19.58 -0.000376657
19.59 -0.000381786
19.6 -0.000386295
19.61 -0.000389651
19.62 -0.000391401
19.63 -0.000391179
19.64 -0.000388673
19.65 -0.000383609
19.66 -0.000375812
19.67 -0.000365216
19.68 -0.000351835
19.69 -0.000335726
19.7 -0.000316925
19.71 -0.000295457
19.72 -0.000271511
19.73 -0.000245475
19.74 -0.000217733
19.75 -0.000188534
19.76 -0.000158039
19.77 -0.000126447
19.78 -9.40994e-05
19.79 -6.14219e-05
19.8 -2.87397e-05
19.81 3.81055e-06
19.82 3.61891e-05
19.83 6.82495e-05
19.84 9.96609e-05
19.85 0.000130047
19.86 0.000159152
19.87 0.000186886
19.88 0.000213268
19.89 0.000238343
19.9 0.00026216
19.91 0.000284791
19.92 0.000306357
19.93 0.000327047
19.94 0.000347051
19.95 0.000366377
19.96 0.000384843
19.97 0.000402195
19.98 0.000418137
19.99 0.000432433
20 0.000445043
20.01 0.000456128
20.02 0.000465999
20.03 0.000475084
20.04 0.000483906
20.05 0.000492945
20.06 0.000502401
20.07 0.000512107
20.08 0.000521658
20.09 0.000530659
20.1 0.000538891
20.11 0.000546354
20.12 0.000553252
20.13 0.000559785
20.14 0.000565862
20.15 0.000571063
20.16 0.000574768
20.17 0.000576237
20.18 0.000574657
20.19 0.000569394
20.2 0.000560235
20.21 0.00054722
20.22 0.000530352
20.23 0.000509561
20.24 0.000484745
20.25 0.000455786
20.26 0.000422649
20.27 0.000385511
20.28 0.000344743
20.29 0.000300779
20.3 0.000254128
20.31 0.000205401
20.32 0.000155171
20.33 0.000103854
20.34 5.18173e-05
20.35 -4.34253e-07
20.36 -5.22008e-05
20.37 -0.000102682
20.38 -0.000151103
20.39 -0.000196767
20.4 -0.000239135
20.41 -0.000277915
20.42 -0.000313013
20.43 -0.00034442
20.44 -0.000372215
20.45 -0.000396519
20.46 -0.000417383
20.47 -0.00043474
20.48 -0.000448467
20.49 -0.000458474
20.5 -0.000464838
20.51 -0.000467879
20.52 -0.000468145
20.53 -0.000466308
20.54 -0.000462973
20.55 -0.0004585
20.56 -0.000452921
20.57 -0.000446006
20.58 -0.000437352
20.59 -0.000426483
20.6 -0.000413094
20.61 -0.000397256
20.62 -0.000379363
20.63 -0.000360012
20.64 -0.000339852
20.65 -0.000319299
20.66 -0.000298327
20.67 -0.0002766
20.68 -0.00025376
20.69 -0.0002296
20.7 -0.000204185
20.71 -0.000177931
20.72 -0.000151523
20.73 -0.0001256
20.74 -0.000100481
20.75 -7.62163e-05
20.76 -5.2771e-05
20.77 -3.00742e-05
20.78 -8.11322e-06
20.79 1.29169e-05
20.8 3.26585e-05
20.81 5.0732e-05
20.82 6.67879e-05
20.83 8.05356e-05
20.84 9.1835e-05
20.85 0.000100775
20.86 0.000107651
20.87 0.000112845
20.88 0.00011671
20.89 0.000119564
20.9 0.000121697
20.91 0.00012337
20.92 0.00012479
20.93 0.000126134
20.94 0.00012754
20.95 0.000129002
20.96 0.00013035
20.97 0.000131397
20.98 0.000132058
20.99 0.000132449
21 0.000132886
21.01 0.000133709
21.02 0.000135067
21.03 0.0001369
21.04 0.000139131
21.05 0.0001418
21.06 0.000144947
21.07 0.000148524
21.08 0.000152424
21.09 0.000156518
21.1 0.000160612
21.11 0.000164392
21.12 0.000167415
21.13 0.000169142
21.14 0.000168975
21.15 0.000166445
21.16 0.000161397
21.17 0.000153921
21.18 0.000144181
21.19 0.000132385
21.2 0.000118806
21.21 0.000103743
21.22 8.73919e-05
21.23 6.98794e-05
21.24 5.14471e-05
21.25 3.25361e-05
21.26 1.37192e-05
21.27 -4.41527e-06
21.28 -2.1399e-05
21.29 -3.69505e-05
21.3 -5.09122e-05
21.31 -6.32853e-05
21.32 -7.4335e-05
21.33 -8.44302e-05
21.34 -9.38224e-05
21.35 -0.000102642
21.36 -0.000110936
21.37 -0.000118709
21.38 -0.000125963
21.39 -0.000132678
21.4 -0.000138805
21.41 -0.000144237
21.42 -0.000148702
21.43 -0.000151794
21.44 -0.000153123
21.45 -0.000152356
21.46 -0.00014918
21.47 -0.000143428
21.48 -0.000135157
21.49 -0.000124513
21.5 -0.000111703
21.51 -9.70798e-05
21.52 -8.10693e-05
21.53 -6.40697e-05
21.54 -4.65124e-05
21.55 -2.88873e-05
21.56 -1.1703e-05
21.57 4.52227e-06
21.58 1.9352e-05
21.59 3.24775e-05
21.6 4.36147e-05
21.61 5.25328e-05
21.62 5.91889e-05
21.63 6.36685e-05
21.64 6.6005e-05
21.65 6.61357e-05
21.66 6.39753e-05
21.67 5.94276e-05
21.68 5.24259e-05
21.69 4.30894e-05
21.7 3.17511e-05
21.71 1.88028e-05
21.72 4.59964e-06
21.73 -1.05422e-05
21.74 -2.63383e-05
21.75 -4.2504e-05
21.76 -5.87192e-05
21.77 -7.4631e-05
21.78 -8.99139e-05
21.79 -0.000104264
21.8 -0.000117254
21.81 -0.000128367
21.82 -0.000137233
21.83 -0.000143741
21.84 -0.000147966
21.85 -0.000149998
21.86 -0.000149813
21.87 -0.000147362
21.88 -0.000142718
21.89 -0.000136034
21.9 -0.000127401
21.91 -0.000116787
21.92 -0.000104036
21.93 -8.90047e-05
21.94 -7.16991e-05
21.95 -5.2225e-05
21.96 -3.07577e-05
21.97 -7.51161e-06
21.98 1.73608e-05
21.99 4.36753e-05
22 7.10845e-05
22.01 9.91261e-05
22.02 0.000127305
22.03 0.000155072
22.04 0.000181795
22.05 0.000206842
22.06 0.000229648
22.07 0.000249707
22.08 0.000266614
22.09 0.000280089
22.1 0.000289918
22.11 0.000295949
22.12 0.000298128
22.13 0.000296464
22.14 0.000290948
22.15 0.000281614
22.16 0.000268586
22.17 0.000252006
22.18 0.000232056
22.19 0.000209109
22.2 0.000183757
22.21 0.000156649
22.22 0.000128439
22.23 9.9822e-05
22.24 7.14054e-05
22.25 4.35558e-05
22.26 1.64575e-05
22.27 -9.79497e-06
22.28 -3.5167e-05
22.29 -5.95003e-05
22.3 -8.23706e-05
22.31 -0.000103322
22.32 -0.000122186
22.33 -0.000139026
22.34 -0.000153949
22.35 -0.000167186
22.36 -0.000179215
22.37 -0.000190582
22.38 -0.00020168
22.39 -0.000212786
22.4 -0.000224112
22.41 -0.000235754
22.42 -0.000247672
22.43 -0.00025972
22.44 -0.000271735
22.45 -0.000283597
22.46 -0.000295194
22.47 -0.000306481
22.48 -0.000317537
22.49 -0.000328481
22.5 -0.000339347
22.51 -0.000349982
22.52 -0.000359958
22.53 -0.000368625
22.54 -0.000375233
22.55 -0.000378974
22.56 -0.00037912
22.57 -0.000375266
22.58 -0.000367364
22.59 -0.000355595
22.6 -0.000340353
22.61 -0.000322219
22.62 -0.000301748
22.63 -0.000279266
22.64 -0.0002549
22.65 -0.000228668
22.66 -0.000200615
22.67 -0.000171039
22.68 -0.000140511
22.69 -0.000109625
22.7 -7.88754e-05
22.71 -4.87308e-05
22.72 -1.96397e-05
22.73 8.0827e-06
22.74 3.42745e-05
22.75 5.88719e-05
22.76 8.18256e-05
22.77 0.000103036
22.78 0.000122358
22.79 0.000139686
22.8 0.000155078
22.81 0.000168815
22.82 0.000181387
22.83 0.000193417
22.84 0.000205497
22.85 0.000218054
22.86 0.000231348
22.87 0.000245523
22.88 0.000260591
22.89 0.000276433
22.9 0.0002929
22.91 0.000309796
22.92 0.000326723
22.93 0.000343054
22.94 0.000358096
22.95 0.000371282
22.96 0.000382181
22.97 0.000390528
22.98 0.000396265
22.99 0.000399482
23 0.000400281
23.01 0.000398647
23.02 0.000394474
23.03 0.000387688
23.04 0.000378284
23.05 0.000366389
23.06 0.0003523
23.07 0.000336415
23.08 0.000319176
23.09 0.000300942
23.1 0.000281902
23.11 0.000262135
23.12 0.000241702
23.13 0.000220707
23.14 0.000199269
23.15 0.000177495
23.16 0.000155503
23.17 0.00013345
23.18 0.000111495
23.19 8.97499e-05
23.2 6.82399e-05
23.21 4.69329e-05
23.22 2.57809e-05
23.23 4.74068e-06
23.24 -1.60888e-05
23.25 -3.63955e-05
23.26 -5.59421e-05
23.27 -7.47399e-05
23.28 -9.28329e-05
23.29 -0.000110157
23.3 -0.000126581
23.31 -0.000141962
23.32 -0.000156212
23.33 -0.000169279
23.34 -0.000181111
23.35 -0.000191645
23.36 -0.000200767
23.37 -0.000208344
23.38 -0.000214344
23.39 -0.000218877
23.4 -0.000222119
23.41 -0.000224156
23.42 -0.000224966
23.43 -0.000224573
23.44 -0.000223127
23.45 -0.000220764
23.46 -0.000217462
23.47 -0.000213166
23.48 -0.000207949
23.49 -0.000201914
23.5 -0.000195085
23.51 -0.000187494
23.52 -0.000179274
23.53 -0.000170534
23.54 -0.000161148
23.55 -0.000150775
23.56 -0.000139083
23.57 -0.000125924
23.58 -0.000111318
23.59 -9.53882e-05
23.6 -7.82527e-05
23.61 -5.99936e-05
23.62 -4.07006e-05
23.63 -2.05205e-05
23.64 2.79975e-07
23.65 2.13043e-05
23.66 4.21491e-05
23.67 6.24887e-05
23.68 8.20214e-05
23.69 0.000100482
23.7 0.000117743
23.71 0.000133801
23.72 0.000148677
23.73 0.000162431
23.74 0.000175212
23.75 0.000187213
23.76 0.000198615
23.77 0.000209575
23.78 0.000220226
23.79 0.000230659
23.8 0.000240867
23.81 0.00025072
23.82 0.000260027
23.83 0.00026859
23.84 0.000276238
23.85 0.000282865
23.86 0.000288409
23.87 0.000292828
23.88 0.000296122
23.89 0.000298268
23.9 0.000299158
23.91 0.000298639
23.92 0.000296622
23.93 0.000293083
23.94 0.000288004
23.95 0.000281296
23.96 0.000272743
23.97 0.000262141
23.98 0.000249474
23.99 0.000234839
24 0.000218287
24.01 0.000199886
24.02 0.000179783
24.03 0.000158082
24.04 0.000134787
24.05 0.000109968
24.06 8.38479e-05
24.07 5.66733e-05
24.08 2.86314e-05
24.09 -9.04928e-08
24.1 -2.92818e-05
24.11 -5.87317e-05
24.12 -8.81632e-05
24.13 -0.000117235
24.14 -0.000145698
24.15 -0.000173415
24.16 -0.000200264
24.17 -0.000226114
24.18 -0.000250804
24.19 -0.000274141
24.2 -0.000296006
24.21 -0.000316338
24.22 -0.00033503
24.23 -0.000351964
24.24 -0.00036712
24.25 -0.000380505
24.26 -0.000392056
24.27 -0.000401716
24.28 -0.000409597
24.29 -0.000415916
24.3 -0.000420755
24.31 -0.000424019
24.32 -0.000425636
24.33 -0.000425632
24.34 -0.00042399
24.35 -0.000420618
24.36 -0.000415479
24.37 -0.00040866
24.38 -0.000400345
24.39 -0.000390703
24.4 -0.000379787
24.41 -0.000367537
24.42 -0.000353868
24.43 -0.000338774
24.44 -0.000322301
24.45 -0.000304483
24.46 -0.000285392
24.47 -0.0002652
24.48 -0.000244121
24.49 -0.000222281
24.5 -0.000199646
24.51 -0.00017603
24.52 -0.000151286
24.53 -0.000125493
24.54 -9.8931e-05
24.55 -7.19498e-05
24.56 -4.49131e-05
24.57 -1.81918e-05
24.58 7.93339e-06
24.59 3.33372e-05
24.6 5.79431e-05
24.61 8.16152e-05
24.62 0.000104223
24.63 0.000125683
24.64 0.000145869
24.65 0.000164614
24.66 0.000181871
24.67 0.000197761
24.68 0.000212447
24.69 0.000226073
24.7 0.000238799
24.71 0.000250771
24.72 0.000262086
24.73 0.000272765
24.74 0.000282762
24.75 0.000292
24.76 0.000300402
24.77 0.000307913
24.78 0.000314554
24.79 0.000320424
24.8 0.000325568
24.81 0.000329869
24.82 0.000333133
24.83 0.000335169
24.84 0.000335756
24.85 0.000334633
24.86 0.000331587
24.87 0.000326508
24.88 0.000319315
24.89 0.000309901
24.9 0.000298109
24.91 0.00028378
24.92 0.000266882
24.93 0.000247516
24.94 0.000225789
24.95 0.00020176
24.96 0.000175565
24.97 0.000147533
24.98 0.000118055
24.99 8.74323e-05
25 5.59123e-05
25.01 2.3783e-05
25.02 -8.67577e-06
25.03 -4.12434e-05
25.04 -7.36706e-05
25.05 -0.000105682
25.06 -0.000137058
25.07 -0.00016759
25.08 -0.000197015
25.09 -0.000225039
25.1 -0.000251379
25.11 -0.000275786
25.12 -0.000298091
25.13 -0.000318267
25.14 -0.00033637
25.15 -0.000352362
25.16 -0.000366103
25.17 -0.000377543
25.18 -0.000386714
25.19 -0.000393572
25.2 -0.000397992
25.21 -0.000399929
25.22 -0.000399506
25.23 -0.000396937
25.24 -0.000392464
25.25 -0.000386292
25.26 -0.000378512
25.27 -0.00036915
25.28 -0.000358254
25.29 -0.000345846
25.3 -0.000331872
25.31 -0.000316336
25.32 -0.00029939
25.33 -0.000281261
25.34 -0.000262138
25.35 -0.000242095
25.36 -0.000221042
25.37 -0.00019879
25.38 -0.000175221
25.39 -0.000150349
25.4 -0.000124322
25.41 -9.7394e-05
25.42 -6.9854e-05
25.43 -4.19951e-05
25.44 -1.40473e-05
25.45 1.39375e-05
25.46 4.20171e-05
25.47 7.01344e-05
25.48 9.80462e-05
25.49 0.000125477
25.5 0.000152235
25.51 0.00017814
25.52 0.000203001
25.53 0.000226696
25.54 0.00024923
25.55 0.000270739
25.56 0.000291402
25.57 0.000311321
25.58 0.000330456
25.59 0.000348628
25.6 0.00036563
25.61 0.000381336
25.62 0.000395724
25.63 0.000408835
25.64 0.000420655
25.65 0.000431118
25.66 0.000440195
25.67 0.00044786
25.68 0.000453982
25.69 0.000458386
25.7 0.000461098
25.71 0.000462378
25.72 0.000462452
25.73 0.000461467
25.74 0.000459533
25.75 0.000456632
25.76 0.000452576
25.77 0.000447083
25.78 0.000439932
25.79 0.000431095
25.8 0.000420679
25.81 0.000408797
25.82 0.000395556
25.83 0.00038106
25.84 0.000365348
25.85 0.000348369
25.86 0.000330046
25.87 0.000310352
25.88 0.000289364
25.89 0.000267289
25.9 0.00024446
25.91 0.000221229
25.92 0.000197785
25.93 0.000174097
25.94 0.000150024
25.95 0.000125475
25.96 0.000100503
25.97 7.52092e-05
25.98 4.96928e-05
25.99 2.4127e-05
26 -1.35727e-06
26.01 -2.67888e-05
26.02 -5.21751e-05
26.03 -7.7345e-05
26.04 -0.000102059
26.05 -0.000126157
26.06 -0.00014953
26.07 -0.000172046
26.08 -0.000193597
26.09 -0.000214117
26.1 -0.000233518
26.11 -0.000251702
26.12 -0.000268665
26.13 -0.000284529
26.14 -0.000299462
26.15 -0.000313575
26.16 -0.000326869
26.17 -0.000339345
26.18 -0.000351175
26.19 -0.000362556
26.2 -0.00037347
26.21 -0.00038372
26.22 -0.00039307
26.23 -0.000401316
26.24 -0.000408366
26.25 -0.000414209
26.26 -0.000418794
26.27 -0.000422084
26.28 -0.000424112
26.29 -0.000424868
26.3 -0.000424186
26.31 -0.000421847
26.32 -0.000417777
26.33 -0.00041207
26.34 -0.000404845
26.35 -0.000396169
26.36 -0.000386084
26.37 -0.000374701
26.38 -0.000362197
26.39 -0.000348712
26.4 -0.000334394
26.41 -0.000319449
26.42 -0.000303988
26.43 -0.000287974
26.44 -0.000271454
26.45 -0.000254655
26.46 -0.000237779
26.47 -0.00022087
26.48 -0.000203882
26.49 -0.000186712
26.5 -0.00016925
26.51 -0.000151451
26.52 -0.000133302
26.53 -0.000114682
26.54 -9.54168e-05
26.55 -7.54524e-05
26.56 -5.48735e-05
26.57 -3.37943e-05
26.58 -1.22242e-05
26.59 9.91243e-06
26.6 3.26174e-05
26.61 5.57572e-05
26.62 7.91532e-05
26.63 0.000102684
26.64 0.000126212
26.65 0.000149494
26.66 0.000172297
26.67 0.000194482
26.68 0.000215868
26.69 0.000236203
26.7 0.00025528
26.71 0.00027301
26.72 0.000289331
26.73 0.000304106
26.74 0.000317218
26.75 0.000328666
26.76 0.000338479
26.77 0.000346588
26.78 0.000352808
26.79 0.000357008
26.8 0.000359253
26.81 0.000359664
26.82 0.000358188
26.83 0.000354632
26.84 0.000348894
26.85 0.000341038
26.86 0.000331201
26.87 0.000319505
26.88 0.000306075
26.89 0.000291102
26.9 0.000274821
26.91 0.000257533
26.92 0.000239629
26.93 0.000221463
26.94 0.000203199
26.95 0.000184869
26.96 0.000166592
26.97 0.000148529
26.98 0.000130706
26.99 0.000113167
27 9.60452e-05
27.01 7.93474e-05
27.02 6.28795e-05
27.03 4.64501e-05
27.04 3.0042e-05
27.05 1.37172e-05
27.06 -2.55449e-06
27.07 -1.88682e-05
27.08 -3.5224e-05
27.09 -5.14317e-05
27.1 -6.72525e-05
27.11 -8.26309e-05
27.12 -9.7647e-05
27.13 -0.000112324
27.14 -0.000126624
27.15 -0.000140464
27.16 -0.000153662
27.17 -0.000166044
27.18 -0.000177586
27.19 -0.000188351
27.2 -0.000198365
27.21 -0.000207603
27.22 -0.000216079
27.23 -0.000223938
27.24 -0.000231361
27.25 -0.000238323
27.26 -0.000244644
27.27 -0.000250223
27.28 -0.000255034
27.29 -0.000259
27.3 -0.000261978
27.31 -0.000263863
27.32 -0.000264674
27.33 -0.000264489
27.34 -0.000263307
27.35 -0.000261024
27.36 -0.000257499
27.37 -0.000252568
27.38 -0.000246063
27.39 -0.000237931
27.4 -0.000228292
27.41 -0.000217364
27.42 -0.000205392
27.43 -0.000192547
27.44 -0.000178834
27.45 -0.000164163
27.46 -0.000148519
27.47 -0.000132034
27.48 -0.00011493
27.49 -9.73964e-05
27.5 -7.96371e-05
27.51 -6.19513e-05
27.52 -4.45833e-05
27.53 -2.75776e-05
27.54 -1.08578e-05
27.55 5.63323e-06
27.56 2.18772e-05
27.57 3.78165e-05
27.58 5.34201e-05
27.59 6.86472e-05
27.6 8.33382e-05
27.61 9.72343e-05
27.62 0.000110167
27.63 0.000122202
27.64 0.000133531
27.65 0.000144276
27.66 0.000154489
27.67 0.000164217
27.68 0.000173399
27.69 0.000181879
27.7 0.000189629
27.71 0.000196763
27.72 0.000203324
27.73 0.000209252
27.74 0.000214498
27.75 0.000219042
27.76 0.000222868
27.77 0.000225948
27.78 0.000228222
27.79 0.000229613
27.8 0.000230076
27.81 0.000229619
27.82 0.000228288
27.83 0.000226084
27.84 0.000222951
27.85 0.000218875
27.86 0.00021387
27.87 0.000207878
27.88 0.000200785
27.89 0.000192575
27.9 0.000183341
27.91 0.00017317
27.92 0.000162093
27.93 0.000150138
27.94 0.000137437
27.95 0.000124285
27.96 0.000110986
27.97 9.76902e-05
27.98 8.44985e-05
27.99 7.15878e-05
28 5.90966e-05
28.01 4.70228e-05
28.02 3.53468e-05
28.03 2.41984e-05
28.04 1.38436e-05
28.05 4.4796e-06
28.06 -3.90972e-06
28.07 -1.14696e-05
28.08 -1.83684e-05
28.09 -2.47875e-05
28.1 -3.09126e-05
28.11 -3.69383e-05
28.12 -4.30415e-05
28.13 -4.92655e-05
28.14 -5.55091e-05
28.15 -6.16941e-05
28.16 -6.78824e-05
28.17 -7.4229e-05
28.18 -8.08719e-05
28.19 -8.7852e-05
28.2 -9.51233e-05
28.21 -0.000102597
28.22 -0.000110187
28.23 -0.00011787
28.24 -0.000125682
28.25 -0.000133642
28.26 -0.000141702
28.27 -0.000149765
28.28 -0.000157763
28.29 -0.000165592
28.3 -0.000172976
28.31 -0.000179581
28.32 -0.000185274
28.33 -0.000190048
28.34 -0.000193717
28.35 -0.000195906
28.36 -0.000196359
28.37 -0.000194991
28.38 -0.000191764
28.39 -0.0001867
28.4 -0.000179895
28.41 -0.000171432
28.42 -0.000161346
28.43 -0.000149681
28.44 -0.000136576
28.45 -0.00012225
28.46 -0.000106866
28.47 -9.04741e-05
28.48 -7.30765e-05
28.49 -5.4726e-05
28.5 -3.56415e-05
28.51 -1.61602e-05
28.52 3.46964e-06
28.53 2.31222e-05
28.54 4.2634e-05
28.55 6.17463e-05
28.56 8.02198e-05
28.57 9.78979e-05
28.58 0.000114656
28.59 0.000130357
28.6 0.000144859
28.61 0.000158075
28.62 0.000169979
28.63 0.000180541
28.64 0.000189746
28.65 0.000197631
28.66 0.000204277
28.67 0.000209767
28.68 0.000214206
28.69 0.00021779
28.7 0.000220799
28.71 0.000223474
28.72 0.00022598
28.73 0.000228437
28.74 0.000230923
28.75 0.000233467
28.76 0.000236041
28.77 0.000238551
28.78 0.000240886
28.79 0.000242991
28.8 0.000244877
28.81 0.00024652
28.82 0.000247741
28.83 0.000248236
28.84 0.000247734
28.85 0.000246145
28.86 0.000243541
28.87 0.000239955
28.88 0.00023525
28.89 0.000229218
28.9 0.000221727
28.91 0.000212721
28.92 0.000202156
28.93 0.000189944
28.94 0.000175951
28.95 0.000160125
28.96 0.000142514
28.97 0.000123145
28.98 0.000102107
28.99 7.96529e-05
29 5.60936e-05
29.01 3.16043e-05
29.02 6.24711e-06
29.03 -1.98079e-05
29.04 -4.62416e-05
29.05 -7.27919e-05
29.06 -9.93824e-05
29.07 -0.000125997
29.08 -0.000152458
29.09 -0.000178378
29.1 -0.000203338
29.11 -0.000227116
29.12 -0.000249746
29.13 -0.000271379
29.14 -0.000292096
29.15 -0.000311885
29.16 -0.000330706
29.17 -0.000348504
29.18 -0.000365237
29.19 -0.000380905
29.2 -0.000395449
29.21 -0.000408781
29.22 -0.000420864
29.23 -0.000431657
29.24 -0.000441119
29.25 -0.000449203
29.26 -0.000455799
29.27 -0.000460803
29.28 -0.000464157
29.29 -0.000465751
29.3 -0.000465387
29.31 -0.000462922
29.32 -0.000458389
29.33 -0.000451879
29.34 -0.000443402
29.35 -0.000432922
29.36 -0.000420471
29.37 -0.000406138
29.38 -0.000389986
29.39 -0.000372003
29.4 -0.00035208
29.41 -0.000330143
29.42 -0.000306317
29.43 -0.000280892
29.44 -0.000254189
29.45 -0.000226498
29.46 -0.000198055
29.47 -0.000169055
29.48 -0.00013975
29.49 -0.000110436
29.5 -8.13878e-05
29.51 -5.28941e-05
29.52 -2.52685e-05
29.53 1.15264e-06
29.54 2.60243e-05
29.55 4.90969e-05
29.56 7.02334e-05
29.57 8.9318e-05
29.58 0.000106305
29.59 0.000121318
29.6 0.000134592
29.61 0.000146348
29.62 0.000156722
29.63 0.0001658
29.64 0.000173722
29.65 0.000180699
29.66 0.000187006
29.67 0.000192945
29.68 0.000198775
29.69 0.000204732
29.7 0.000211113
29.71 0.000218208
29.72 0.000226132
29.73 0.000234784
29.74 0.000243917
29.75 0.000253217
29.76 0.000262481
29.77 0.00027166
29.78 0.000280674
29.79 0.000289336
29.8 0.000297552
29.81 0.00030535
29.82 0.000312619
29.83 0.000319023
29.84 0.000324247
29.85 0.000328214
29.86 0.00033097
29.87 0.000332485
29.88 0.000332649
29.89 0.000331392
29.9 0.00032879
29.91 0.00032499
29.92 0.000320043
29.93 0.000313877
29.94 0.000306384
29.95 0.000297531
29.96 0.000287418
29.97 0.000276274
29.98 0.00026428
29.99 0.000251497
30 0.000238067
30.01 0.000224198
30.02 0.000209975
30.03 0.000195396
30.04 0.000180495
30.05 0.000165344
30.06 0.000150028
30.07 0.000134631
30.08 0.000119199
30.09 0.000103717
30.1 8.81168e-05
30.11 7.23847e-05
30.12 5.66502e-05
30.13 4.10681e-05
30.14 2.57193e-05
30.15 1.0764e-05
30.16 -3.50882e-06
30.17 -1.69514e-05
30.18 -2.96374e-05
30.19 -4.15576e-05
30.2 -5.24885e-05
30.21 -6.22107e-05
30.22 -7.064e-05
30.23 -7.77649e-05
30.24 -8.35823e-05
30.25 -8.80919e-05
30.26 -9.13525e-05
30.27 -9.35263e-05
30.28 -9.48247e-05
30.29 -9.53835e-05
30.3 -9.51827e-05
30.31 -9.41698e-05
30.32 -9.24896e-05
30.33 -9.05024e-05
30.34 -8.85506e-05
30.35 -8.67937e-05
30.36 -8.53096e-05
30.37 -8.41874e-05
30.38 -8.34322e-05
30.39 -8.29591e-05
30.4 -8.26872e-05
30.41 -8.25501e-05
30.42 -8.24533e-05
30.43 -8.22254e-05
30.44 -8.17131e-05
30.45 -8.09061e-05
30.46 -7.98377e-05
30.47 -7.84923e-05
30.48 -7.68485e-05
30.49 -7.49198e-05
30.5 -7.27849e-05
30.51 -7.054e-05
30.52 -6.82071e-05
30.53 -6.58031e-05
30.54 -6.34472e-05
30.55 -6.12756e-05
30.56 -5.93668e-05
30.57 -5.77545e-05
30.58 -5.63455e-05
30.59 -5.491e-05
30.6 -5.32901e-05
30.61 -5.15052e-05
30.62 -4.95582e-05
30.63 -4.73158e-05
30.64 -4.46546e-05
30.65 -4.15466e-05
30.66 -3.79892e-05
30.67 -3.39569e-05
30.68 -2.93896e-05
30.69 -2.41669e-05
30.7 -1.81173e-05
30.71 -1.11768e-05
30.72 -3.58068e-06
30.73 4.24941e-06
30.74 1.20024e-05
30.75 1.9501e-05
30.76 2.65791e-05
30.77 3.30952e-05
30.78 3.88855e-05
30.79 4.37458e-05
30.8 4.7585e-05
30.81 5.04019e-05
30.82 5.21004e-05
30.83 5.24867e-05
30.84 5.14175e-05
30.85 4.89209e-05
30.86 4.51619e-05
30.87 4.02752e-05
30.88 3.43596e-05
30.89 2.75749e-05
30.9 2.00479e-05
30.91 1.17689e-05
30.92 2.6881e-06
30.93 -7.16503e-06
30.94 -1.76825e-05
30.95 -2.8723e-05
30.96 -4.01428e-05
30.97 -5.18509e-05
30.98 -6.38458e-05
30.99 -7.61434e-05
31 -8.87231e-05
31.01 -0.000101588
31.02 -0.000114725
31.03 -0.000127985
31.04 -0.000141118
31.05 -0.000153839
31.06 -0.000165829
31.07 -0.000176774
31.08 -0.000186445
31.09 -0.000194724
31.1 -0.000201613
31.11 -0.000207198
31.12 -0.000211502
31.13 -0.000214435
31.14 -0.000215882
31.15 -0.000215807
31.16 -0.000214273
31.17 -0.000211417
31.18 -0.000207402
31.19 -0.000202397
31.2 -0.000196541
31.21 -0.000189858
31.22 -0.00018226
31.23 -0.000173691
31.24 -0.000164159
31.25 -0.000153694
31.26 -0.000142394
31.27 -0.000130429
31.28 -0.000117959
31.29 -0.000105069
31.3 -9.1732e-05
31.31 -7.78263e-05
31.32 -6.32927e-05
31.33 -4.82948e-05
31.34 -3.31001e-05
31.35 -1.78588e-05
31.36 -2.68994e-06
31.37 1.21695e-05
31.38 2.64736e-05
31.39 4.00963e-05
31.4 5.29829e-05
31.41 6.50843e-05
31.42 7.63618e-05
31.43 8.67427e-05
31.44 9.61013e-05
31.45 0.000104359
31.46 0.000111486
31.47 0.000117473
31.48 0.000122437
31.49 0.00012659
31.5 0.000130094
31.51 0.000133059
31.52 0.000135561
31.53 0.000137638
31.54 0.000139348
31.55 0.000140867
31.56 0.000142427
31.57 0.000144191
31.58 0.000146206
31.59 0.000148415
31.6 0.000150673
31.61 0.000152815
31.62 0.000154764
31.63 0.00015655
31.64 0.000158173
31.65 0.000159573
31.66 0.000160788
31.67 0.000161917
31.68 0.00016292
31.69 0.000163673
31.7 0.000164057
31.71 0.000163938
31.72 0.000163245
31.73 0.000162072
31.74 0.000160626
31.75 0.00015901
31.76 0.000157137
31.77 0.000154847
31.78 0.000151986
31.79 0.000148473
31.8 0.000144345
31.81 0.000139659
31.82 0.000134422
31.83 0.000128626
31.84 0.000122244
31.85 0.000115173
31.86 0.000107253
31.87 9.83165e-05
31.88 8.82149e-05
31.89 7.68838e-05
31.9 6.4382e-05
31.91 5.08379e-05
31.92 3.64165e-05
31.93 2.13155e-05
31.94 5.74734e-06
31.95 -1.01224e-05
31.96 -2.62069e-05
31.97 -4.23737e-05
31.98 -5.83442e-05
31.99 -7.37598e-05
32 -8.83309e-05
32.01 -0.0001019
32.02 -0.000114286
32.03 -0.000125213
32.04 -0.000134503
32.05 -0.00014217
32.06 -0.00014828
32.07 -0.000152847
32.08 -0.00015588
32.09 -0.000157474
32.1 -0.000157742
32.11 -0.000156776
32.12 -0.000154772
32.13 -0.000151983
32.14 -0.000148531
32.15 -0.000144438
32.16 -0.000139769
32.17 -0.000134661
32.18 -0.000129255
32.19 -0.000123678
32.2 -0.000117994
32.21 -0.000112141
32.22 -0.000106057
32.23 -9.98193e-05
32.24 -9.35241e-05
32.25 -8.72066e-05
32.26 -8.09199e-05
32.27 -7.47805e-05
32.28 -6.89354e-05
32.29 -6.34589e-05
32.3 -5.82784e-05
32.31 -5.32636e-05
32.32 -4.83695e-05
32.33 -4.367e-05
32.34 -3.92815e-05
32.35 -3.52637e-05
32.36 -3.16276e-05
32.37 -2.83999e-05
32.38 -2.55728e-05
32.39 -2.30532e-05
32.4 -2.07204e-05
32.41 -1.84893e-05
32.42 -1.63278e-05
32.43 -1.42316e-05
32.44 -1.21969e-05
32.45 -1.02539e-05
32.46 -8.46705e-06
32.47 -6.81198e-06
32.48 -5.17684e-06
32.49 -3.51923e-06
32.5 -1.83966e-06
32.51 -6.54059e-08
32.52 1.8946e-06
32.53 4.1053e-06
32.54 6.64366e-06
32.55 9.58056e-06
32.56 1.29835e-05
32.57 1.69408e-05
32.58 2.15203e-05
32.59 2.6717e-05
32.6 3.24791e-05
32.61 3.87703e-05
32.62 4.55654e-05
32.63 5.2826e-05
32.64 6.05347e-05
32.65 6.86996e-05
32.66 7.72426e-05
32.67 8.59274e-05
32.68 9.44532e-05
32.69 0.000102585
32.7 0.000110196
32.71 0.000117239
32.72 0.000123631
32.73 0.000129204
32.74 0.000133798
32.75 0.000137339
32.76 0.000139762
32.77 0.000140975
32.78 0.000140876
32.79 0.00013942
32.8 0.000136664
32.81 0.000132743
32.82 0.000127787
32.83 0.000121889
32.84 0.000115113
32.85 0.000107506
32.86 9.9147e-05
32.87 9.01793e-05
32.88 8.07816e-05
32.89 7.11092e-05
32.9 6.13218e-05
32.91 5.16415e-05
32.92 4.22738e-05
32.93 3.332e-05
32.94 2.48168e-05
32.95 1.67932e-05
32.96 9.28561e-06
32.97 2.32869e-06
32.98 -4.03743e-06
32.99 -9.74625e-06
33 -1.47013e-05
33.01 -1.8807e-05
33.02 -2.20339e-05
33.03 -2.44534e-05
33.04 -2.61852e-05
33.05 -2.73173e-05
33.06 -2.78849e-05
33.07 -2.79e-05
33.08 -2.73877e-05
33.09 -2.6427e-05
33.1 -2.51517e-05
33.11 -2.36759e-05
33.12 -2.20767e-05
33.13 -2.04796e-05
33.14 -1.90856e-05
33.15 -1.8079e-05
33.16 -1.7536e-05
33.17 -1.74457e-05
33.18 -1.78262e-05
33.19 -1.87657e-05
33.2 -2.03348e-05
33.21 -2.25311e-05
33.22 -2.53159e-05
33.23 -2.86581e-05
33.24 -3.25265e-05
33.25 -3.68778e-05
33.26 -4.16353e-05
33.27 -4.66404e-05
33.28 -5.16889e-05
33.29 -5.66332e-05
33.3 -6.13832e-05
33.31 -6.58287e-05
33.32 -6.98509e-05
33.33 -7.33758e-05
33.34 -7.63537e-05
33.35 -7.87238e-05
33.36 -8.04002e-05
33.37 -8.13016e-05
33.38 -8.13967e-05
33.39 -8.06868e-05
33.4 -7.91747e-05
33.41 -7.68783e-05
33.42 -7.38651e-05
33.43 -7.02414e-05
33.44 -6.61039e-05
33.45 -6.1518e-05
33.46 -5.65225e-05
33.47 -5.11491e-05
33.48 -4.54468e-05
33.49 -3.94949e-05
33.5 -3.33823e-05
33.51 -2.71778e-05
33.52 -2.09487e-05
33.53 -1.47837e-05
33.54 -8.76849e-06
33.55 -2.95684e-06
33.56 2.62179e-06
33.57 7.93723e-06
33.58 1.29549e-05
33.59 1.76492e-05
33.6 2.19996e-05
33.61 2.59739e-05
33.62 2.95336e-05
33.63 3.2667e-05
33.64 3.54106e-05
33.65 3.78271e-05
33.66 3.99529e-05
33.67 4.17699e-05
33.68 4.32434e-05
33.69 4.43668e-05
33.7 4.51534e-05
33.71 4.56025e-05
33.72 4.56853e-05
33.73 4.53718e-05
33.74 4.4665e-05
33.75 4.35989e-05
33.76 4.22102e-05
33.77 4.0523e-05
33.78 3.85466e-05
33.79 3.62858e-05
33.8 3.37687e-05
33.81 3.10533e-05
33.82 2.81957e-05
33.83 2.52292e-05
33.84 2.21799e-05
33.85 1.90833e-05
33.86 1.5981e-05
33.87 1.29057e-05
33.88 9.87608e-06
33.89 6.91078e-06
33.9 4.04167e-06
33.91 1.304e-06
33.92 -1.27877e-06
33.93 -3.69167e-06
33.94 -5.91834e-06
33.95 -7.94159e-06
33.96 -9.74449e-06
33.97 -1.13143e-05
33.98 -1.26565e-05
33.99 -1.37891e-05
34 -1.4725e-05
34.01 -1.54789e-05
34.02 -1.60748e-05
34.03 -1.6542e-05
34.04 -1.69187e-05
34.05 -1.72495e-05
34.06 -1.75747e-05
34.07 -1.79261e-05
34.08 -1.83354e-05
34.09 -1.8841e-05
34.1 -1.94834e-05
34.11 -2.02923e-05
34.12 -2.12795e-05
34.13 -2.24416e-05
34.14 -2.37639e-05
34.15 -2.52264e-05
34.16 -2.6813e-05
34.17 -2.85124e-05
34.18 -3.03064e-05
34.19 -3.21624e-05
34.2 -3.40393e-05
34.21 -3.58953e-05
34.22 -3.76879e-05
34.23 -3.93723e-05
34.24 -4.09026e-05
34.25 -4.22371e-05
34.26 -4.33394e-05
34.27 -4.41767e-05
34.28 -4.47191e-05
34.29 -4.4938e-05
34.3 -4.48023e-05
34.31 -4.42835e-05
34.32 -4.33642e-05
34.33 -4.20397e-05
34.34 -4.03147e-05
34.35 -3.82032e-05
34.36 -3.57267e-05
34.37 -3.29103e-05
34.38 -2.97816e-05
34.39 -2.63698e-05
34.4 -2.2707e-05
34.41 -1.88296e-05
34.42 -1.47789e-05
34.43 -1.05998e-05
34.44 -6.34107e-06
34.45 -2.05339e-06
34.46 2.21383e-06
34.47 6.41503e-06
34.48 1.05094e-05
34.49 1.44604e-05
34.5 1.82357e-05
34.51 2.18059e-05
34.52 2.51449e-05
34.53 2.82303e-05
34.54 3.10444e-05
34.55 3.35754e-05
34.56 3.58186e-05
34.57 3.77756e-05
34.58 3.94532e-05
34.59 4.08617e-05
34.6 4.20134e-05
34.61 4.29219e-05
34.62 4.36019e-05
34.63 4.40687e-05
34.64 4.43387e-05
34.65 4.44299e-05
34.66 4.43615e-05
34.67 4.41531e-05
34.68 4.38238e-05
34.69 4.33909e-05
34.7 4.28696e-05
34.71 4.22722e-05
34.72 4.16088e-05
34.73 4.0887e-05
34.74 4.01134e-05
34.75 3.9293e-05
34.76 3.84299e-05
34.77 3.75274e-05
34.78 3.65871e-05
34.79 3.56094e-05
34.8 3.45937e-05
34.81 3.35382e-05
34.82 3.24409e-05
34.83 3.13e-05
34.84 3.01139e-05
34.85 2.88818e-05
34.86 2.76035e-05
34.87 2.6279e-05
34.88 2.49086e-05
34.89 2.34928e-05
34.9 2.2032e-05
34.91 2.05268e-05
34.92 1.89782e-05
34.93 1.73875e-05
34.94 1.57561e-05
34.95 1.40856e-05
34.96 1.23772e-05
34.97 1.06314e-05
34.98 8.84792e-06
34.99 7.02553e-06
35 5.16257e-06
35.01 3.25705e-06
35.02 1.30671e-06
35.03 -6.90702e-07
35.04 -2.73715e-06
35.05 -4.83408e-06
35.06 -6.98227e-06
35.07 -9.18168e-06
35.08 -1.14313e-05
35.09 -1.37289e-05
35.1 -1.60707e-05
35.11 -1.8451e-05
35.12 -2.08623e-05
35.13 -2.32947e-05
35.14 -2.57362e-05
35.15 -2.81726e-05
35.16 -3.05877e-05
35.17 -3.29629e-05
35.18 -3.52781e-05
35.19 -3.75114e-05
35.2 -3.96394e-05
35.21 -4.16379e-05
35.22 -4.3482e-05
35.23 -4.51471e-05
35.24 -4.66087e-05
35.25 -4.78436e-05
35.26 -4.88305e-05
35.27 -4.95501e-05
35.28 -4.99859e-05
35.29 -5.01247e-05
35.3 -4.99568e-05
35.31 -4.94765e-05
35.32 -4.8682e-05
35.33 -4.75762e-05
35.34 -4.6166e-05
35.35 -4.44629e-05
35.36 -4.24826e-05
35.37 -4.02448e-05
35.38 -3.77726e-05
35.39 -3.50925e-05
35.4 -3.22336e-05
35.41 -2.92271e-05
35.42 -2.61059e-05
35.43 -2.29039e-05
35.44 -1.96551e-05
35.45 -1.63935e-05
35.46 -1.3152e-05
35.47 -9.96195e-06
35.48 -6.85254e-06
35.49 -3.85015e-06
35.5 -9.77909e-07
35.51 1.74466e-06
35.52 4.30201e-06
35.53 6.68267e-06
35.54 8.87945e-06
35.55 1.08893e-05
35.56 1.27133e-05
35.57 1.43564e-05
35.58 1.5827e-05
35.59 1.71368e-05
35.6 1.83002e-05
35.61 1.93337e-05
35.62 2.02555e-05
35.63 2.10846e-05
35.64 2.18407e-05
35.65 2.25432e-05
35.66 2.32108e-05
35.67 2.38606e-05
35.68 2.45085e-05
35.69 2.51677e-05
35.7 2.58491e-05
35.71 2.65608e-05
35.72 2.73078e-05
35.73 2.80918e-05
35.74 2.89117e-05
35.75 2.97632e-05
35.76 3.06387e-05
35.77 3.15284e-05
35.78 3.24197e-05
35.79 3.32978e-05
35.8 3.41466e-05
35.81 3.49483e-05
35.82 3.56844e-05
35.83 3.63362e-05
35.84 3.68851e-05
35.85 3.73131e-05
35.86 3.76032e-05
35.87 3.77401e-05
35.88 3.771e-05
35.89 3.75013e-05
35.9 3.71048e-05
35.91 3.65136e-05
35.92 3.57232e-05
35.93 3.47317e-05
35.94 3.35399e-05
35.95 3.21509e-05
35.96 3.057e-05
35.97 2.8805e-05
35.98 2.68656e-05
35.99 2.47634e-05
36 2.25115e-05
36.01 2.01246e-05
36.02 1.76181e-05
36.03 1.50088e-05
36.04 1.23136e-05
36.05 9.54995e-06
36.06 6.73557e-06
36.07 3.88794e-06
36.08 1.02438e-06
36.09 -1.8382e-06
36.1 -4.68338e-06
36.11 -7.49534e-06
36.12 -1.02589e-05
36.13 -1.29596e-05
36.14 -1.55838e-05
36.15 -1.81184e-05
36.16 -2.05514e-05
36.17 -2.28711e-05
36.18 -2.50671e-05
36.19 -2.71293e-05
36.2 -2.90489e-05
36.21 -3.08174e-05
36.22 -3.24275e-05
36.23 -3.38726e-05
36.24 -3.51471e-05
36.25 -3.62463e-05
36.26 -3.71667e-05
36.27 -3.79056e-05
36.28 -3.84619e-05
36.29 -3.88353e-05
36.3 -3.90272e-05
36.31 -3.90401e-05
36.32 -3.8878e-05
36.33 -3.85464e-05
36.34 -3.80521e-05
36.35 -3.74031e-05
36.36 -3.66088e-05
36.37 -3.56799e-05
36.38 -3.46278e-05
36.39 -3.3465e-05
36.4 -3.22046e-05
36.41 -3.086e-05
36.42 -2.94452e-05
36.43 -2.79739e-05
36.44 -2.64598e-05
36.45 -2.49161e-05
36.46 -2.33551e-05
36.47 -2.17885e-05
36.48 -2.02267e-05
36.49 -1.86785e-05
36.5 -1.71516e-05
36.51 -1.56518e-05
36.52 -1.4183e-05
36.53 -1.27473e-05
36.54 -1.13452e-05
36.55 -9.97494e-06
36.56 -8.63335e-06
36.57 -7.31551e-06
36.58 -6.01517e-06
36.59 -4.72487e-06
36.6 -3.43627e-06
36.61 -2.14046e-06
36.62 -8.28229e-07
36.63 5.09531e-07
36.64 1.88152e-06
36.65 3.29566e-06
36.66 4.75877e-06
36.67 6.27629e-06
36.68 7.85192e-06
36.69 9.48748e-06
36.7 1.11826e-05
36.71 1.29348e-05
36.72 1.4739e-05
36.73 1.65879e-05
36.74 1.8472e-05
36.75 2.03794e-05
36.76 2.22962e-05
36.77 2.42066e-05
36.78 2.60932e-05
36.79 2.79375e-05
36.8 2.972e-05
36.81 3.14205e-05
36.82 3.30188e-05
36.83 3.44948e-05
36.84 3.58294e-05
36.85 3.70042e-05
36.86 3.80025e-05
36.87 3.88092e-05
36.88 3.94114e-05
36.89 3.97988e-05
36.9 3.99635e-05
36.91 3.99003e-05
36.92 3.96072e-05
36.93 3.90847e-05
36.94 3.83364e-05
36.95 3.73686e-05
36.96 3.61902e-05
36.97 3.48126e-05
36.98 3.32495e-05
36.99 3.15162e-05
37 2.963e-05
37.01 2.76091e-05
37.02 2.54732e-05
37.03 2.32421e-05
37.04 2.09361e-05
37.05 1.85754e-05
37.06 1.61799e-05
37.07 1.37686e-05
37.08 1.13596e-05
37.09 8.96971e-06
37.1 6.61442e-06
37.11 4.30749e-06
37.12 2.06101e-06
37.13 -1.14744e-07
37.14 -2.21132e-06
37.15 -4.22207e-06
37.16 -6.14209e-06
37.17 -7.96817e-06
37.18 -9.69859e-06
37.19 -1.13331e-05
37.2 -1.28725e-05
37.21 -1.43189e-05
37.22 -1.5675e-05
37.23 -1.69443e-05
37.24 -1.81307e-05
37.25 -1.92386e-05
37.26 -2.02721e-05
37.27 -2.12357e-05
37.28 -2.21335e-05
37.29 -2.29693e-05
37.3 -2.37466e-05
37.31 -2.44683e-05
37.32 -2.51368e-05
37.33 -2.5754e-05
37.34 -2.63211e-05
37.35 -2.68387e-05
37.36 -2.7307e-05
37.37 -2.77253e-05
37.38 -2.80927e-05
37.39 -2.84077e-05
37.4 -2.86685e-05
37.41 -2.88727e-05
37.42 -2.9018e-05
37.43 -2.91018e-05
37.44 -2.91211e-05
37.45 -2.90733e-05
37.46 -2.89552e-05
37.47 -2.87642e-05
37.48 -2.84974e-05
37.49 -2.8152e-05
37.5 -2.77255e-05
37.51 -2.72154e-05
37.52 -2.66194e-05
37.53 -2.59354e-05
37.54 -2.51616e-05
37.55 -2.42964e-05
37.56 -2.33383e-05
37.57 -2.22865e-05
37.58 -2.11403e-05
37.59 -1.98995e-05
37.6 -1.85644e-05
37.61 -1.7136e-05
37.62 -1.56158e-05
37.63 -1.4006e-05
37.64 -1.23096e-05
37.65 -1.05303e-05
37.66 -8.67293e-06
37.67 -6.74307e-06
37.68 -4.74733e-06
37.69 -2.69334e-06
37.7 -5.89696e-07
37.71 1.55398e-06
37.72 3.72713e-06
37.73 5.91827e-06
37.74 8.1151e-06
37.75 1.03046e-05
37.76 1.24732e-05
37.77 1.46067e-05
37.78 1.66908e-05
37.79 1.8711e-05
37.8 2.06529e-05
37.81 2.25023e-05
37.82 2.42456e-05
37.83 2.58697e-05
37.84 2.73628e-05
37.85 2.87139e-05
37.86 2.99132e-05
37.87 3.09528e-05
37.88 3.18261e-05
37.89 3.25282e-05
37.9 3.30562e-05
37.91 3.3409e-05
37.92 3.35874e-05
37.93 3.35941e-05
37.94 3.34336e-05
37.95 3.31122e-05
37.96 3.26375e-05
37.97 3.2019e-05
37.98 3.12671e-05
37.99 3.03933e-05
38 2.941e-05
38.01 2.83302e-05
38.02 2.71672e-05
38.03 2.59342e-05
38.04 2.46443e-05
38.05 2.33105e-05
38.06 2.19447e-05
38.07 2.05583e-05
38.08 1.91613e-05
38.09 1.7763e-05
38.1 1.6371e-05
38.11 1.49916e-05
38.12 1.36299e-05
38.13 1.2289e-05
38.14 1.09712e-05
38.15 9.67706e-06
38.16 8.40585e-06
38.17 7.15582e-06
38.18 5.92415e-06
38.19 4.70724e-06
38.2 3.50082e-06
38.21 2.30021e-06
38.22 1.10053e-06
38.23 -1.03092e-07
38.24 -1.31531e-06
38.25 -2.54035e-06
38.26 -3.78182e-06
38.27 -5.04253e-06
38.28 -6.32437e-06
38.29 -7.62814e-06
38.3 -8.95352e-06
38.31 -1.02989e-05
38.32 -1.16616e-05
38.33 -1.30375e-05
38.34 -1.44212e-05
38.35 -1.58065e-05
38.36 -1.71857e-05
38.37 -1.85505e-05
38.38 -1.98916e-05
38.39 -2.11992e-05
38.4 -2.24628e-05
38.41 -2.36718e-05
38.42 -2.48154e-05
38.43 -2.5883e-05
38.44 -2.68642e-05
38.45 -2.77489e-05
38.46 -2.85279e-05
38.47 -2.91926e-05
38.48 -2.97353e-05
38.49 -3.01495e-05
38.5 -3.04294e-05
38.51 -3.05709e-05
38.52 -3.05708e-05
38.53 -3.04272e-05
38.54 -3.01395e-05
38.55 -2.97085e-05
38.56 -2.91359e-05
38.57 -2.84248e-05
38.58 -2.75794e-05
38.59 -2.66048e-05
38.6 -2.55072e-05
38.61 -2.42935e-05
38.62 -2.29715e-05
38.63 -2.15495e-05
38.64 -2.00365e-05
38.65 -1.84419e-05
38.66 -1.67755e-05
38.67 -1.50472e-05
38.68 -1.32671e-05
38.69 -1.14456e-05
38.7 -9.5928e-06
38.71 -7.71887e-06
38.72 -5.83378e-06
38.73 -3.94731e-06
38.74 -2.06893e-06
38.75 -2.07798e-07
38.76 1.62731e-06
38.77 3.42805e-06
38.78 5.18654e-06
38.79 6.8954e-06
38.8 8.5478e-06
38.81 1.01375e-05
38.82 1.16588e-05
38.83 1.31066e-05
38.84 1.44767e-05
38.85 1.57653e-05
38.86 1.69693e-05
38.87 1.80864e-05
38.88 1.9115e-05
38.89 2.00542e-05
38.9 2.09036e-05
38.91 2.16636e-05
38.92 2.23353e-05
38.93 2.29202e-05
38.94 2.34203e-05
38.95 2.38384e-05
38.96 2.41774e-05
38.97 2.44406e-05
38.98 2.46316e-05
38.99 2.4754e-05
39 2.48117e-05
39.01 2.48085e-05
39.02 2.47479e-05
39.03 2.46335e-05
39.04 2.44685e-05
39.05 2.42556e-05
39.06 2.39973e-05
39.07 2.36954e-05
39.08 2.33514e-05
39.09 2.2966e-05
39.1 2.25395e-05
39.11 2.20716e-05
39.12 2.15615e-05
39.13 2.10076e-05
39.14 2.04083e-05
39.15 1.97611e-05
39.16 1.90637e-05
39.17 1.83132e-05
39.18 1.75068e-05
39.19 1.66416e-05
39.2 1.57151e-05
39.21 1.47247e-05
39.22 1.36684e-05
39.23 1.25449e-05
39.24 1.13533e-05
39.25 1.00936e-05
39.26 8.76662e-06
39.27 7.37405e-06
39.28 5.91871e-06
39.29 4.40437e-06
39.3 2.83593e-06
39.31 1.2193e-06
39.32 -4.38545e-07
39.33 -2.12965e-06
39.34 -3.84515e-06
39.35 -5.57537e-06
39.36 -7.30991e-06
39.37 -9.03782e-06
39.38 -1.07477e-05
39.39 -1.24279e-05
39.4 -1.40668e-05
39.41 -1.56525e-05
39.42 -1.71736e-05
39.43 -1.86192e-05
39.44 -1.99788e-05
39.45 -2.12428e-05
39.46 -2.24022e-05
39.47 -2.34493e-05
39.48 -2.43774e-05
39.49 -2.5181e-05
39.5 -2.58558e-05
39.51 -2.6399e-05
39.52 -2.68089e-05
39.53 -2.70852e-05
39.54 -2.72289e-05
39.55 -2.72421e-05
39.56 -2.71283e-05
39.57 -2.68919e-05
39.58 -2.65381e-05
39.59 -2.60732e-05
39.6 -2.5504e-05
39.61 -2.4838e-05
39.62 -2.4083e-05
39.63 -2.32473e-05
39.64 -2.23389e-05
39.65 -2.13664e-05
39.66 -2.03377e-05
39.67 -1.92609e-05
39.68 -1.81436e-05
39.69 -1.69928e-05
39.7 -1.58154e-05
39.71 -1.46175e-05
39.72 -1.34045e-05
39.73 -1.21813e-05
39.74 -1.09523e-05
39.75 -9.72114e-06
39.76 -8.49082e-06
39.77 -7.26388e-06
39.78 -6.04227e-06
39.79 -4.82753e-06
39.8 -3.62078e-06
39.81 -2.42279e-06
39.82 -1.2341e-06
39.83 -5.50209e-08
39.84 1.11422e-06
39.85 2.27346e-06
39.86 3.42252e-06
39.87 4.56113e-06
39.88 5.68889e-06
39.89 6.80522e-06
39.9 7.90932e-06
39.91 9.00012e-06
39.92 1.00763e-05
39.93 1.11361e-05
39.94 1.21776e-05
39.95 1.31986e-05
39.96 1.41965e-05
39.97 1.51682e-05
39.98 1.61108e-05
39.99 1.70207e-05
40 1.78944e-05
40.01 1.87279e-05
40.02 1.95172e-05
40.03 2.02584e-05
40.04 2.0947e-05
40.05 2.1579e-05
40.06 2.21501e-05
40.07 2.26562e-05
40.08 2.3093e-05
40.09 2.34568e-05
40.1 2.37437e-05
40.11 2.39502e-05
40.12 2.40731e-05
40.13 2.41094e-05
40.14 2.40565e-05
40.15 2.39123e-05
40.16 2.36749e-05
40.17 2.3343e-05
40.18 2.2916e-05
40.19 2.23936e-05
40.2 2.17762e-05
40.21 2.10647e-05
40.22 2.02607e-05
40.23 1.93665e-05
40.24 1.83849e-05
40.25 1.73196e-05
40.26 1.61748e-05
40.27 1.49553e-05
40.28 1.36667e-05
40.29 1.23152e-05
40.3 1.09073e-05
40.31 9.4503e-06
40.32 7.95191e-06
40.33 6.42019e-06
40.34 4.86355e-06
40.35 3.29064e-06
40.36 1.71031e-06
40.37 1.31452e-07
40.38 -1.43705e-06
40.39 -2.98644e-06
40.4 -4.50814e-06
40.41 -5.99392e-06
40.42 -7.43593e-06
40.43 -8.82681e-06
40.44 -1.01598e-05
40.45 -1.14287e-05
40.46 -1.26281e-05
40.47 -1.37533e-05
40.48 -1.48005e-05
40.49 -1.57665e-05
40.5 -1.66491e-05
40.51 -1.74469e-05
40.52 -1.81593e-05
40.53 -1.87865e-05
40.54 -1.93294e-05
40.55 -1.97895e-05
40.56 -2.0169e-05
40.57 -2.04706e-05
40.58 -2.06974e-05
40.59 -2.08529e-05
40.6 -2.09407e-05
40.61 -2.09648e-05
40.62 -2.09289e-05
40.63 -2.08371e-05
40.64 -2.06928e-05
40.65 -2.04998e-05
40.66 -2.02611e-05
40.67 -1.99796e-05
40.68 -1.96578e-05
40.69 -1.92977e-05
40.7 -1.89009e-05
40.71 -1.84685e-05
40.72 -1.80011e-05
40.73 -1.7499e-05
40.74 -1.69619e-05
40.75 -1.63893e-05
40.76 -1.57805e-05
40.77 -1.51342e-05
40.78 -1.44493e-05
40.79 -1.37245e-05
40.8 -1.29585e-05
40.81 -1.215e-05
40.82 -1.12982e-05
40.83 -1.04022e-05
40.84 -9.46154e-06
40.85 -8.47634e-06
40.86 -7.44704e-06
40.87 -6.37464e-06
40.88 -5.26072e-06
40.89 -4.10746e-06
40.9 -2.91767e-06
40.91 -1.69476e-06
40.92 -4.4279e-07
40.93 8.33613e-07
40.94 2.12925e-06
40.95 3.4384e-06
40.96 4.7549e-06
40.97 6.07217e-06
40.98 7.38333e-06
40.99 8.68124e-06
41 9.95862e-06
41.01 1.12081e-05
41.02 1.24224e-05
41.03 1.35942e-05
41.04 1.47165e-05
41.05 1.57826e-05
41.06 1.67859e-05
41.07 1.77207e-05
41.08 1.85812e-05
41.09 1.93627e-05
41.1 2.00607e-05
41.11 2.06715e-05
41.12 2.1192e-05
41.13 2.16198e-05
41.14 2.19532e-05
41.15 2.21912e-05
41.16 2.23333e-05
41.17 2.23798e-05
41.18 2.23318e-05
41.19 2.21907e-05
41.2 2.19585e-05
41.21 2.16381e-05
41.22 2.12325e-05
41.23 2.07451e-05
41.24 2.01801e-05
41.25 1.95417e-05
41.26 1.88345e-05
41.27 1.80634e-05
41.28 1.72332e-05
41.29 1.63493e-05
41.3 1.54169e-05
41.31 1.44412e-05
41.32 1.34277e-05
41.33 1.23814e-05
41.34 1.13078e-05
41.35 1.02117e-05
41.36 9.09825e-06
41.37 7.97213e-06
41.38 6.83791e-06
41.39 5.69994e-06
41.4 4.56233e-06
41.41 3.42892e-06
41.42 2.30329e-06
41.43 1.18873e-06
41.44 8.8262e-08
41.45 -9.95388e-07
41.46 -2.05977e-06
41.47 -3.10272e-06
41.48 -4.12231e-06
41.49 -5.1169e-06
41.5 -6.08504e-06
41.51 -7.02553e-06
41.52 -7.93732e-06
41.53 -8.81954e-06
41.54 -9.67143e-06
41.55 -1.04923e-05
41.56 -1.12816e-05
41.57 -1.20388e-05
41.58 -1.27631e-05
41.59 -1.34541e-05
41.6 -1.4111e-05
41.61 -1.4733e-05
41.62 -1.53192e-05
41.63 -1.58684e-05
41.64 -1.63796e-05
41.65 -1.68511e-05
41.66 -1.72815e-05
41.67 -1.76688e-05
41.68 -1.80113e-05
41.69 -1.83067e-05
41.7 -1.85528e-05
41.71 -1.87472e-05
41.72 -1.88875e-05
41.73 -1.89712e-05
41.74 -1.89958e-05
41.75 -1.8959e-05
41.76 -1.88585e-05
41.77 -1.86921e-05
41.78 -1.84579e-05
41.79 -1.81545e-05
41.8 -1.77804e-05
41.81 -1.73349e-05
41.82 -1.68175e-05
41.83 -1.62283e-05
41.84 -1.55679e-05
41.85 -1.48374e-05
41.86 -1.40386e-05
41.87 -1.31738e-05
41.88 -1.2246e-05
41.89 -1.12586e-05
41.9 -1.02157e-05
41.91 -9.12205e-06
41.92 -7.98277e-06
41.93 -6.80348e-06
41.94 -5.59025e-06
41.95 -4.34948e-06
41.96 -3.08788e-06
41.97 -1.81237e-06
41.98 -5.30005e-07
41.99 7.52084e-07
42 2.02679e-06
42.01 3.28711e-06
42.02 4.52621e-06
42.03 5.73751e-06
42.04 6.91474e-06
42.05 8.05203e-06
42.06 9.14395e-06
42.07 1.01855e-05
42.08 1.11724e-05
42.09 1.21007e-05
42.1 1.29671e-05
42.11 1.37689e-05
42.12 1.45042e-05
42.13 1.51712e-05
42.14 1.57693e-05
42.15 1.62978e-05
42.16 1.6757e-05
42.17 1.71474e-05
42.18 1.74699e-05
42.19 1.7726e-05
42.2 1.79174e-05
42.21 1.80459e-05
42.22 1.81136e-05
42.23 1.81229e-05
42.24 1.80762e-05
42.25 1.79758e-05
42.26 1.78242e-05
42.27 1.76237e-05
42.28 1.73766e-05
42.29 1.70852e-05
42.3 1.67514e-05
42.31 1.63771e-05
42.32 1.5964e-05
42.33 1.55138e-05
42.34 1.50277e-05
42.35 1.4507e-05
42.36 1.39528e-05
42.37 1.3366e-05
42.38 1.27475e-05
42.39 1.20979e-05
42.4 1.14181e-05
42.41 1.07087e-05
42.42 9.97034e-06
42.43 9.20384e-06
42.44 8.40996e-06
42.45 7.58961e-06
42.46 6.74383e-06
42.47 5.87381e-06
42.48 4.98091e-06
42.49 4.06671e-06
42.5 3.13297e-06
42.51 2.18172e-06
42.52 1.21518e-06
42.53 2.35833e-07
42.54 -7.53599e-07
42.55 -1.75017e-06
42.56 -2.7507e-06
42.57 -3.7518e-06
42.58 -4.74988e-06
42.59 -5.74118e-06
42.6 -6.72177e-06
42.61 -7.68761e-06
42.62 -8.63452e-06
42.63 -9.55828e-06
42.64 -1.04546e-05
42.65 -1.13193e-05
42.66 -1.21479e-05
42.67 -1.29364e-05
42.68 -1.36807e-05
42.69 -1.43767e-05
42.7 -1.50208e-05
42.71 -1.56092e-05
42.72 -1.61386e-05
42.73 -1.6606e-05
42.74 -1.70085e-05
42.75 -1.73437e-05
42.76 -1.76094e-05
42.77 -1.78041e-05
42.78 -1.79262e-05
42.79 -1.7975e-05
42.8 -1.795e-05
42.81 -1.7851e-05
42.82 -1.76787e-05
42.83 -1.74337e-05
42.84 -1.71174e-05
42.85 -1.67317e-05
42.86 -1.62786e-05
42.87 -1.57608e-05
42.88 -1.51812e-05
42.89 -1.45432e-05
42.9 -1.38504e-05
42.91 -1.31068e-05
42.92 -1.23167e-05
42.93 -1.14845e-05
42.94 -1.06147e-05
42.95 -9.71223e-06
42.96 -8.78179e-06
42.97 -7.82827e-06
42.98 -6.85653e-06
42.99 -5.87135e-06
43 -4.87744e-06
43.01 -3.87932e-06
43.02 -2.88138e-06
43.03 -1.88776e-06
43.04 -9.02352e-07
43.05 7.11997e-08
43.06 1.02956e-06
43.07 1.9697e-06
43.08 2.88889e-06
43.09 3.78473e-06
43.1 4.65513e-06
43.11 5.49831e-06
43.12 6.31276e-06
43.13 7.09725e-06
43.14 7.8508e-06
43.15 8.57264e-06
43.16 9.26218e-06
43.17 9.91898e-06
43.18 1.05427e-05
43.19 1.11332e-05
43.2 1.16901e-05
43.21 1.22134e-05
43.22 1.27028e-05
43.23 1.31581e-05
43.24 1.35788e-05
43.25 1.39646e-05
43.26 1.4315e-05
43.27 1.46292e-05
43.28 1.49064e-05
43.29 1.51458e-05
43.3 1.53461e-05
43.31 1.55064e-05
43.32 1.56252e-05
43.33 1.57012e-05
43.34 1.5733e-05
43.35 1.57193e-05
43.36 1.56586e-05
43.37 1.55496e-05
43.38 1.5391e-05
43.39 1.51818e-05
43.4 1.4921e-05
43.41 1.46078e-05
43.42 1.42418e-05
43.43 1.38227e-05
43.44 1.33508e-05
43.45 1.28263e-05
43.46 1.22501e-05
43.47 1.16234e-05
43.48 1.09477e-05
43.49 1.0225e-05
43.5 9.45748e-06
43.51 8.64796e-06
43.52 7.79945e-06
43.53 6.91538e-06
43.54 5.99946e-06
43.55 5.05572e-06
43.56 4.08844e-06
43.57 3.10212e-06
43.58 2.10144e-06
43.59 1.09122e-06
43.6 7.63675e-08
43.61 -9.38145e-07
43.62 -1.94735e-06
43.63 -2.94634e-06
43.64 -3.93026e-06
43.65 -4.8944e-06
43.66 -5.83422e-06
43.67 -6.74539e-06
43.68 -7.62379e-06
43.69 -8.46559e-06
43.7 -9.26724e-06
43.71 -1.00255e-05
43.72 -1.07375e-05
43.73 -1.14007e-05
43.74 -1.20128e-05
43.75 -1.2572e-05
43.76 -1.30767e-05
43.77 -1.35259e-05
43.78 -1.39187e-05
43.79 -1.42546e-05
43.8 -1.45335e-05
43.81 -1.47555e-05
43.82 -1.49209e-05
43.83 -1.50305e-05
43.84 -1.50852e-05
43.85 -1.50861e-05
43.86 -1.50345e-05
43.87 -1.49319e-05
43.88 -1.47799e-05
43.89 -1.45803e-05
43.9 -1.43349e-05
43.91 -1.40456e-05
43.92 -1.37144e-05
43.93 -1.33434e-05
43.94 -1.29345e-05
43.95 -1.24898e-05
43.96 -1.20112e-05
43.97 -1.15009e-05
43.98 -1.09607e-05
43.99 -1.03926e-05
44 -9.79835e-06
44.01 -9.17988e-06
44.02 -8.53891e-06
44.03 -7.87714e-06
44.04 -7.19622e-06
44.05 -6.49777e-06
44.06 -5.78335e-06
44.07 -5.05449e-06
44.08 -4.3127e-06
44.09 -3.55948e-06
44.1 -2.79632e-06
44.11 -2.02472e-06
44.12 -1.24622e-06
44.13 -4.6239e-07
44.14 3.25166e-07
44.15 1.11476e-06
44.16 1.90464e-06
44.17 2.69297e-06
44.18 3.47782e-06
44.19 4.25714e-06
44.2 5.02881e-06
44.21 5.79056e-06
44.22 6.54005e-06
44.23 7.27479e-06
44.24 7.99224e-06
44.25 8.68972e-06
44.26 9.36451e-06
44.27 1.00138e-05
44.28 1.06347e-05
44.29 1.12244e-05
44.3 1.178e-05
44.31 1.22987e-05
44.32 1.27776e-05
44.33 1.3214e-05
44.34 1.36053e-05
44.35 1.39491e-05
44.36 1.4243e-05
44.37 1.4485e-05
44.38 1.46732e-05
44.39 1.48061e-05
44.4 1.48823e-05
44.41 1.49008e-05
44.42 1.4861e-05
44.43 1.47625e-05
44.44 1.46055e-05
44.45 1.43903e-05
44.46 1.41177e-05
44.47 1.37888e-05
44.48 1.34053e-05
44.49 1.29688e-05
44.5 1.24817e-05
44.51 1.19465e-05
44.52 1.13659e-05
44.53 1.07431e-05
44.54 1.00813e-05
44.55 9.3842e-06
44.56 8.65533e-06
44.57 7.89855e-06
44.58 7.11778e-06
44.59 6.31696e-06
44.6 5.50008e-06
44.61 4.6711e-06
44.62 3.83391e-06
44.63 2.99233e-06
44.64 2.15005e-06
44.65 1.31061e-06
44.66 4.77394e-07
44.67 -3.46416e-07
44.68 -1.15784e-06
44.69 -1.95412e-06
44.7 -2.73272e-06
44.71 -3.49133e-06
44.72 -4.22788e-06
44.73 -4.94052e-06
44.74 -5.6276e-06
44.75 -6.28771e-06
44.76 -6.91961e-06
44.77 -7.52224e-06
44.78 -8.0947e-06
44.79 -8.63622e-06
44.8 -9.14618e-06
44.81 -9.62403e-06
44.82 -1.00693e-05
44.83 -1.04816e-05
44.84 -1.08606e-05
44.85 -1.1206e-05
44.86 -1.15174e-05
44.87 -1.17945e-05
44.88 -1.20371e-05
44.89 -1.22447e-05
44.9 -1.24171e-05
44.91 -1.25539e-05
44.92 -1.26546e-05
44.93 -1.27188e-05
44.94 -1.27463e-05
44.95 -1.27364e-05
44.96 -1.2689e-05
44.97 -1.26034e-05
44.98 -1.24796e-05
44.99 -1.2317e-05
45 -1.21156e-05
45.01 -1.18753e-05
45.02 -1.15959e-05
45.03 -1.12777e-05
45.04 -1.09208e-05
45.05 -1.05257e-05
45.06 -1.00929e-05
45.07 -9.62319e-06
45.08 -9.11745e-06
45.09 -8.57681e-06
45.1 -8.0026e-06
45.11 -7.39635e-06
45.12 -6.75979e-06
45.13 -6.09486e-06
45.14 -5.4037e-06
45.15 -4.68864e-06
45.16 -3.95221e-06
45.17 -3.19709e-06
45.18 -2.42616e-06
45.19 -1.64241e-06
45.2 -8.48983e-07
45.21 -4.91244e-08
45.22 7.53828e-07
45.23 1.55647e-06
45.24 2.35534e-06
45.25 3.14697e-06
45.26 3.92788e-06
45.27 4.69462e-06
45.28 5.4438e-06
45.29 6.17208e-06
45.3 6.87626e-06
45.31 7.55321e-06
45.32 8.19998e-06
45.33 8.81378e-06
45.34 9.39201e-06
45.35 9.93224e-06
45.36 1.04323e-05
45.37 1.08902e-05
45.38 1.13044e-05
45.39 1.16732e-05
45.4 1.19955e-05
45.41 1.22704e-05
45.42 1.24973e-05
45.43 1.26757e-05
45.44 1.28056e-05
45.45 1.2887e-05
45.46 1.29203e-05
45.47 1.29062e-05
45.48 1.28455e-05
45.49 1.27393e-05
45.5 1.25888e-05
45.51 1.23955e-05
45.52 1.21609e-05
45.53 1.18868e-05
45.54 1.15751e-05
45.55 1.12276e-05
45.56 1.08463e-05
45.57 1.04335e-05
45.58 9.99103e-06
45.59 9.52116e-06
45.6 9.02597e-06
45.61 8.50755e-06
45.62 7.96797e-06
45.63 7.40924e-06
45.64 6.83332e-06
45.65 6.24212e-06
45.66 5.63747e-06
45.67 5.02114e-06
45.68 4.39481e-06
45.69 3.76013e-06
45.7 3.11865e-06
45.71 2.47188e-06
45.72 1.82128e-06
45.73 1.16827e-06
45.74 5.14239e-07
45.75 -1.39443e-07
45.76 -7.91408e-07
45.77 -1.44029e-06
45.78 -2.08469e-06
45.79 -2.72319e-06
45.8 -3.35434e-06
45.81 -3.97664e-06
45.82 -4.58852e-06
45.83 -5.18838e-06
45.84 -5.77452e-06
45.85 -6.34522e-06
45.86 -6.89867e-06
45.87 -7.43302e-06
45.88 -7.94635e-06
45.89 -8.43673e-06
45.9 -8.90217e-06
45.91 -9.3407e-06
45.92 -9.75034e-06
45.93 -1.01291e-05
45.94 -1.04751e-05
45.95 -1.07864e-05
45.96 -1.10614e-05
45.97 -1.12982e-05
45.98 -1.14953e-05
45.99 -1.16514e-05
46 -1.17652e-05
46.01 -1.18357e-05
46.02 -1.18619e-05
46.03 -1.18433e-05
46.04 -1.17795e-05
46.05 -1.16702e-05
46.06 -1.15157e-05
46.07 -1.13161e-05
46.08 -1.10722e-05
46.09 -1.07848e-05
46.1 -1.0455e-05
46.11 -1.00841e-05
46.12 -9.67385e-06
46.13 -9.22598e-06
46.14 -8.74255e-06
46.15 -8.22581e-06
46.16 -7.67815e-06
46.17 -7.10215e-06
46.18 -6.50052e-06
46.19 -5.87607e-06
46.2 -5.23172e-06
46.21 -4.57044e-06
46.22 -3.89524e-06
46.23 -3.20917e-06
46.24 -2.51525e-06
46.25 -1.81649e-06
46.26 -1.11587e-06
46.27 -4.16263e-07
46.28 2.79498e-07
46.29 9.68698e-07
46.3 1.64873e-06
46.31 2.31711e-06
46.32 2.9715e-06
46.33 3.60967e-06
46.34 4.22958e-06
46.35 4.82931e-06
46.36 5.40711e-06
46.37 5.96137e-06
46.38 6.49065e-06
46.39 6.99363e-06
46.4 7.46918e-06
46.41 7.91625e-06
46.42 8.33399e-06
46.43 8.72161e-06
46.44 9.07848e-06
46.45 9.40407e-06
46.46 9.69794e-06
46.47 9.95975e-06
46.48 1.01892e-05
46.49 1.03862e-05
46.5 1.05506e-05
46.51 1.06823e-05
46.52 1.07813e-05
46.53 1.08478e-05
46.54 1.08816e-05
46.55 1.08831e-05
46.56 1.08523e-05
46.57 1.07894e-05
46.58 1.06947e-05
46.59 1.05685e-05
46.6 1.04111e-05
46.61 1.02227e-05
46.62 1.00038e-05
46.63 9.75483e-06
46.64 9.47625e-06
46.65 9.16859e-06
46.66 8.83245e-06
46.67 8.46851e-06
46.68 8.0775e-06
46.69 7.66025e-06
46.7 7.21767e-06
46.71 6.75077e-06
46.72 6.26066e-06
46.73 5.74855e-06
46.74 5.21577e-06
46.75 4.66375e-06
46.76 4.09406e-06
46.77 3.50836e-06
46.78 2.90844e-06
46.79 2.29621e-06
46.8 1.67369e-06
46.81 1.043e-06
46.82 4.06372e-07
46.83 -2.33887e-07
46.84 -8.75374e-07
46.85 -1.51562e-06
46.86 -2.15209e-06
46.87 -2.78223e-06
46.88 -3.40343e-06
46.89 -4.01309e-06
46.9 -4.6086e-06
46.91 -5.1874e-06
46.92 -5.74696e-06
46.93 -6.28481e-06
46.94 -6.79858e-06
46.95 -7.28599e-06
46.96 -7.74489e-06
46.97 -8.17326e-06
46.98 -8.56923e-06
46.99 -8.93111e-06
47 -9.25739e-06
47.01 -9.54677e-06
47.02 -9.79811e-06
47.03 -1.00105e-05
47.04 -1.01833e-05
47.05 -1.0316e-05
47.06 -1.04084e-05
47.07 -1.04605e-05
47.08 -1.04723e-05
47.09 -1.04444e-05
47.1 -1.03773e-05
47.11 -1.02717e-05
47.12 -1.01288e-05
47.13 -9.94943e-06
47.14 -9.73504e-06
47.15 -9.487e-06
47.16 -9.2068e-06
47.17 -8.89609e-06
47.18 -8.55656e-06
47.19 -8.18998e-06
47.2 -7.79817e-06
47.21 -7.383e-06
47.22 -6.94632e-06
47.23 -6.49003e-06
47.24 -6.016e-06
47.25 -5.52608e-06
47.26 -5.02211e-06
47.27 -4.50588e-06
47.28 -3.97915e-06
47.29 -3.44362e-06
47.3 -2.90095e-06
47.31 -2.35276e-06
47.32 -1.8006e-06
47.33 -1.246e-06
47.34 -6.90407e-07
47.35 -1.3526e-07
47.36 4.18054e-07
47.37 9.68178e-07
47.38 1.51378e-06
47.39 2.05355e-06
47.4 2.5862e-06
47.41 3.11043e-06
47.42 3.62496e-06
47.43 4.12851e-06
47.44 4.6198e-06
47.45 5.09754e-06
47.46 5.56042e-06
47.47 6.00713e-06
47.48 6.43637e-06
47.49 6.84682e-06
47.5 7.23715e-06
47.51 7.60605e-06
47.52 7.95221e-06
47.53 8.27434e-06
47.54 8.57119e-06
47.55 8.84151e-06
47.56 9.08412e-06
47.57 9.29789e-06
47.58 9.48175e-06
47.59 9.63472e-06
47.6 9.75588e-06
47.61 9.84443e-06
47.62 9.89968e-06
47.63 9.92105e-06
47.64 9.9081e-06
47.65 9.86052e-06
47.66 9.77814e-06
47.67 9.66096e-06
47.68 9.50914e-06
47.69 9.32298e-06
47.7 9.10296e-06
47.71 8.84973e-06
47.72 8.56411e-06
47.73 8.24707e-06
47.74 7.89975e-06
47.75 7.52345e-06
47.76 7.11962e-06
47.77 6.68986e-06
47.78 6.2359e-06
47.79 5.75958e-06
47.8 5.26289e-06
47.81 4.74788e-06
47.82 4.21673e-06
47.83 3.67166e-06
47.84 3.11498e-06
47.85 2.54902e-06
47.86 1.97616e-06
47.87 1.39878e-06
47.88 8.19287e-07
47.89 2.40046e-07
47.9 -3.36592e-07
47.91 -9.0832e-07
47.92 -1.47289e-06
47.93 -2.02812e-06
47.94 -2.57191e-06
47.95 -3.10225e-06
47.96 -3.61722e-06
47.97 -4.11504e-06
47.98 -4.594e-06
47.99 -5.05256e-06
48 -5.48928e-06
48.01 -5.90284e-06
48.02 -6.29208e-06
48.03 -6.65595e-06
48.04 -6.99355e-06
48.05 -7.30408e-06
48.06 -7.58691e-06
48.07 -7.8415e-06
48.08 -8.06743e-06
48.09 -8.26442e-06
48.1 -8.43225e-06
48.11 -8.57085e-06
48.12 -8.6802e-06
48.13 -8.7604e-06
48.14 -8.81159e-06
48.15 -8.83402e-06
48.16 -8.82798e-06
48.17 -8.79381e-06
48.18 -8.73191e-06
48.19 -8.64274e-06
48.2 -8.52677e-06
48.21 -8.38453e-06
48.22 -8.21658e-06
48.23 -8.02349e-06
48.24 -7.80588e-06
48.25 -7.5644e-06
48.26 -7.29972e-06
48.27 -7.01254e-06
48.28 -6.7036e-06
48.29 -6.37367e-06
48.3 -6.02357e-06
48.31 -5.65415e-06
48.32 -5.26632e-06
48.33 -4.86103e-06
48.34 -4.43929e-06
48.35 -4.00217e-06
48.36 -3.55081e-06
48.37 -3.08641e-06
48.38 -2.61024e-06
48.39 -2.12365e-06
48.4 -1.62806e-06
48.41 -1.12495e-06
48.42 -6.15883e-07
48.43 -1.02495e-07
48.44 4.13518e-07
48.45 9.30399e-07
48.46 1.44634e-06
48.47 1.95947e-06
48.48 2.4679e-06
48.49 2.9697e-06
48.5 3.46292e-06
48.51 3.94561e-06
48.52 4.41583e-06
48.53 4.87164e-06
48.54 5.31114e-06
48.55 5.73248e-06
48.56 6.13388e-06
48.57 6.51361e-06
48.58 6.87002e-06
48.59 7.2016e-06
48.6 7.5069e-06
48.61 7.78463e-06
48.62 8.03361e-06
48.63 8.25279e-06
48.64 8.44131e-06
48.65 8.59841e-06
48.66 8.72353e-06
48.67 8.81625e-06
48.68 8.87631e-06
48.69 8.90364e-06
48.7 8.89831e-06
48.71 8.86054e-06
48.72 8.79073e-06
48.73 8.68941e-06
48.74 8.55726e-06
48.75 8.3951e-06
48.76 8.20387e-06
48.77 7.98462e-06
48.78 7.73852e-06
48.79 7.46682e-06
48.8 7.17087e-06
48.81 6.85209e-06
48.82 6.51194e-06
48.83 6.15197e-06
48.84 5.77375e-06
48.85 5.37886e-06
48.86 4.96894e-06
48.87 4.54562e-06
48.88 4.11052e-06
48.89 3.66528e-06
48.9 3.21152e-06
48.91 2.75082e-06
48.92 2.28477e-06
48.93 1.81491e-06
48.94 1.34274e-06
48.95 8.69754e-07
48.96 3.97385e-07
48.97 -7.29647e-08
48.98 -5.39931e-07
48.99 -1.00219e-06
49 -1.45846e-06
49.01 -1.90749e-06
49.02 -2.34806e-06
49.03 -2.77902e-06
49.04 -3.19921e-06
49.05 -3.60753e-06
49.06 -4.0029e-06
49.07 -4.38428e-06
49.08 -4.75065e-06
49.09 -5.10103e-06
49.1 -5.43445e-06
49.11 -5.74998e-06
49.12 -6.04671e-06
49.13 -6.32379e-06
49.14 -6.58036e-06
49.15 -6.81561e-06
49.16 -7.02878e-06
49.17 -7.21913e-06
49.18 -7.38596e-06
49.19 -7.52864e-06
49.2 -7.64657e-06
49.21 -7.7392e-06
49.22 -7.80607e-06
49.23 -7.84676e-06
49.24 -7.86094e-06
49.25 -7.84833e-06
49.26 -7.80876e-06
49.27 -7.74214e-06
49.28 -7.64847e-06
49.29 -7.52784e-06
49.3 -7.38046e-06
49.31 -7.20664e-06
49.32 -7.00678e-06
49.33 -6.78141e-06
49.34 -6.53118e-06
49.35 -6.25683e-06
49.36 -5.95924e-06
49.37 -5.63938e-06
49.38 -5.29835e-06
49.39 -4.93735e-06
49.4 -4.55768e-06
49.41 -4.16074e-06
49.42 -3.74803e-06
49.43 -3.32113e-06
49.44 -2.8817e-06
49.45 -2.43147e-06
49.46 -1.97221e-06
49.47 -1.50578e-06
49.48 -1.03405e-06
49.49 -5.58915e-07
49.5 -8.22988e-08
49.51 3.93877e-07
49.52 8.67696e-07
49.53 1.33726e-06
49.54 1.80072e-06
49.55 2.25623e-06
49.56 2.70204e-06
49.57 3.13644e-06
49.58 3.55779e-06
49.59 3.96455e-06
49.6 4.35524e-06
49.61 4.72851e-06
49.62 5.08308e-06
49.63 5.4178e-06
49.64 5.73162e-06
49.65 6.0236e-06
49.66 6.29291e-06
49.67 6.53884e-06
49.68 6.7608e-06
49.69 6.95829e-06
49.7 7.13094e-06
49.71 7.27846e-06
49.72 7.4007e-06
49.73 7.49757e-06
49.74 7.56907e-06
49.75 7.61532e-06
49.76 7.63649e-06
49.77 7.63283e-06
49.78 7.60465e-06
49.79 7.55234e-06
49.8 7.47634e-06
49.81 7.37713e-06
49.82 7.25525e-06
49.83 7.11128e-06
49.84 6.94582e-06
49.85 6.75953e-06
49.86 6.55309e-06
49.87 6.3272e-06
49.88 6.08262e-06
49.89 5.8201e-06
49.9 5.54045e-06
49.91 5.24448e-06
49.92 4.93304e-06
49.93 4.60703e-06
49.94 4.26733e-06
49.95 3.91491e-06
49.96 3.55073e-06
49.97 3.1758e-06
49.98 2.79116e-06
49.99 2.39791e-06
50 1.99716e-06
50.01 1.59006e-06
50.02 1.17782e-06
50.03 7.61664e-07
50.04 3.42868e-07
50.05 -7.72634e-08
50.06 -4.97394e-07
50.07 -9.16156e-07
50.08 -1.33216e-06
50.09 -1.74399e-06
50.1 -2.15022e-06
50.11 -2.54941e-06
50.12 -2.94012e-06
50.13 -3.32092e-06
50.14 -3.69037e-06
50.15 -4.04707e-06
50.16 -4.38963e-06
50.17 -4.71672e-06
50.18 -5.02704e-06
50.19 -5.31932e-06
50.2 -5.59238e-06
50.21 -5.8451e-06
50.22 -6.07644e-06
50.23 -6.28543e-06
50.24 -6.4712e-06
50.25 -6.63298e-06
50.26 -6.77009e-06
50.27 -6.88197e-06
50.28 -6.96816e-06
50.29 -7.02833e-06
50.3 -7.06225e-06
50.31 -7.06982e-06
50.32 -7.05105e-06
50.33 -7.00608e-06
50.34 -6.93516e-06
50.35 -6.83866e-06
50.36 -6.71706e-06
50.37 -6.57096e-06
50.38 -6.40105e-06
50.39 -6.20812e-06
50.4 -5.99306e-06
50.41 -5.75686e-06
50.42 -5.50056e-06
50.43 -5.22531e-06
50.44 -4.93229e-06
50.45 -4.62277e-06
50.46 -4.29804e-06
50.47 -3.95946e-06
50.48 -3.6084e-06
50.49 -3.24627e-06
50.5 -2.87449e-06
50.51 -2.49449e-06
50.52 -2.10772e-06
50.53 -1.71561e-06
50.54 -1.31957e-06
50.55 -9.21021e-07
50.56 -5.21338e-07
50.57 -1.21882e-07
50.58 2.7602e-07
50.59 6.71075e-07
50.6 1.06203e-06
50.61 1.44767e-06
50.62 1.82683e-06
50.63 2.19837e-06
50.64 2.56122e-06
50.65 2.91434e-06
50.66 3.25674e-06
50.67 3.58747e-06
50.68 3.90564e-06
50.69 4.2104e-06
50.7 4.50092e-06
50.71 4.77646e-06
50.72 5.03628e-06
50.73 5.27969e-06
50.74 5.50607e-06
50.75 5.7148e-06
50.76 5.90533e-06
50.77 6.07712e-06
50.78 6.2297e-06
50.79 6.36263e-06
50.8 6.47551e-06
50.81 6.56797e-06
50.82 6.63969e-06
50.83 6.69042e-06
50.84 6.71992e-06
50.85 6.72803e-06
50.86 6.71463e-06
50.87 6.67964e-06
50.88 6.62308e-06
50.89 6.54499e-06
50.9 6.44551e-06
50.91 6.32481e-06
50.92 6.18316e-06
50.93 6.02089e-06
50.94 5.83843e-06
50.95 5.63624e-06
50.96 5.41491e-06
50.97 5.17507e-06
50.98 4.91747e-06
50.99 4.6429e-06
51 4.35225e-06
51.01 4.04649e-06
51.02 3.72666e-06
51.03 3.39388e-06
51.04 3.04932e-06
51.05 2.69423e-06
51.06 2.32991e-06
51.07 1.95773e-06
51.08 1.57908e-06
51.09 1.19541e-06
51.1 8.08189e-07
51.11 4.18914e-07
51.12 2.90992e-08
51.13 -3.59738e-07
51.14 -7.46081e-07
51.15 -1.12842e-06
51.16 -1.50528e-06
51.17 -1.87519e-06
51.18 -2.23673e-06
51.19 -2.58852e-06
51.2 -2.92924e-06
51.21 -3.25762e-06
51.22 -3.57246e-06
51.23 -3.87262e-06
51.24 -4.15705e-06
51.25 -4.42477e-06
51.26 -4.67489e-06
51.27 -4.9066e-06
51.28 -5.1192e-06
51.29 -5.31205e-06
51.3 -5.48462e-06
51.31 -5.63648e-06
51.32 -5.76726e-06
51.33 -5.87671e-06
51.34 -5.96465e-06
51.35 -6.03099e-06
51.36 -6.07572e-06
51.37 -6.09892e-06
51.38 -6.10073e-06
51.39 -6.08136e-06
51.4 -6.04111e-06
51.41 -5.98031e-06
51.42 -5.89937e-06
51.43 -5.79877e-06
51.44 -5.679e-06
51.45 -5.54063e-06
51.46 -5.38426e-06
51.47 -5.21054e-06
51.48 -5.02014e-06
51.49 -4.81378e-06
51.5 -4.5922e-06
51.51 -4.35618e-06
51.52 -4.1065e-06
51.53 -3.84401e-06
51.54 -3.56954e-06
51.55 -3.28396e-06
51.56 -2.98816e-06
51.57 -2.68304e-06
51.58 -2.36954e-06
51.59 -2.0486e-06
51.6 -1.72117e-06
51.61 -1.38825e-06
51.62 -1.05081e-06
51.63 -7.0988e-07
51.64 -3.66474e-07
51.65 -2.16314e-08
51.66 3.23598e-07
51.67 6.68153e-07
51.68 1.01096e-06
51.69 1.35095e-06
51.7 1.68704e-06
51.71 2.01814e-06
51.72 2.34317e-06
51.73 2.66104e-06
51.74 2.97069e-06
51.75 3.27105e-06
51.76 3.56107e-06
51.77 3.83973e-06
51.78 4.10603e-06
51.79 4.35898e-06
51.8 4.59764e-06
51.81 4.82113e-06
51.82 5.02857e-06
51.83 5.21915e-06
51.84 5.39213e-06
51.85 5.54681e-06
51.86 5.68255e-06
51.87 5.7988e-06
51.88 5.89505e-06
51.89 5.97091e-06
51.9 6.02603e-06
51.91 6.06016e-06
51.92 6.07314e-06
51.93 6.06489e-06
51.94 6.03543e-06
51.95 5.98485e-06
51.96 5.91335e-06
51.97 5.82122e-06
51.98 5.70882e-06
51.99 5.57661e-06
52 5.42514e-06
52.01 5.25504e-06
52.02 5.06701e-06
52.03 4.86183e-06
52.04 4.64035e-06
52.05 4.40349e-06
52.06 4.15222e-06
52.07 3.88757e-06
52.08 3.61061e-06
52.09 3.32247e-06
52.1 3.0243e-06
52.11 2.71727e-06
52.12 2.4026e-06
52.13 2.0815e-06
52.14 1.75519e-06
52.15 1.42491e-06
52.16 1.09189e-06
52.17 7.57331e-07
52.18 4.2245e-07
52.19 8.84245e-08
52.2 -2.43586e-07
52.21 -5.72453e-07
52.22 -8.97078e-07
52.23 -1.2164e-06
52.24 -1.52939e-06
52.25 -1.83508e-06
52.26 -2.13251e-06
52.27 -2.4208e-06
52.28 -2.69908e-06
52.29 -2.96657e-06
52.3 -3.22249e-06
52.31 -3.46614e-06
52.32 -3.69685e-06
52.33 -3.914e-06
52.34 -4.11701e-06
52.35 -4.30535e-06
52.36 -4.47854e-06
52.37 -4.63613e-06
52.38 -4.77773e-06
52.39 -4.90297e-06
52.4 -5.01153e-06
52.41 -5.10315e-06
52.42 -5.17758e-06
52.43 -5.23465e-06
52.44 -5.27419e-06
52.45 -5.2961e-06
52.46 -5.30031e-06
52.47 -5.28681e-06
52.48 -5.25561e-06
52.49 -5.20679e-06
52.5 -5.14045e-06
52.51 -5.05678e-06
52.52 -4.95597e-06
52.53 -4.8383e-06
52.54 -4.70408e-06
52.55 -4.55368e-06
52.56 -4.38753e-06
52.57 -4.20611e-06
52.58 -4.00994e-06
52.59 -3.79962e-06
52.6 -3.5758e-06
52.61 -3.33917e-06
52.62 -3.09049e-06
52.63 -2.83057e-06
52.64 -2.56027e-06
52.65 -2.28049e-06
52.66 -1.99219e-06
52.67 -1.69636e-06
52.68 -1.39404e-06
52.69 -1.0863e-06
52.7 -7.74257e-07
52.71 -4.59028e-07
52.72 -1.41771e-07
52.73 1.76347e-07
52.74 4.94146e-07
52.75 8.10439e-07
52.76 1.12404e-06
52.77 1.43378e-06
52.78 1.73849e-06
52.79 2.03702e-06
52.8 2.32826e-06
52.81 2.61111e-06
52.82 2.88451e-06
52.83 3.14746e-06
52.84 3.39899e-06
52.85 3.63819e-06
52.86 3.8642e-06
52.87 4.07621e-06
52.88 4.27349e-06
52.89 4.45537e-06
52.9 4.62125e-06
52.91 4.7706e-06
52.92 4.90297e-06
52.93 5.01796e-06
52.94 5.11526e-06
52.95 5.19464e-06
52.96 5.25594e-06
52.97 5.29907e-06
52.98 5.324e-06
52.99 5.33079e-06
53 5.31956e-06
53.01 5.29048e-06
53.02 5.24382e-06
53.03 5.17987e-06
53.04 5.099e-06
53.05 5.00163e-06
53.06 4.88823e-06
53.07 4.75931e-06
53.08 4.61544e-06
53.09 4.45721e-06
53.1 4.28526e-06
53.11 4.10026e-06
53.12 3.90291e-06
53.13 3.69395e-06
53.14 3.47412e-06
53.15 3.24419e-06
53.16 3.00497e-06
53.17 2.75726e-06
53.18 2.50189e-06
53.19 2.23969e-06
53.2 1.97152e-06
53.21 1.69822e-06
53.22 1.42066e-06
53.23 1.1397e-06
53.24 8.56231e-07
53.25 5.71114e-07
53.26 2.8523e-07
53.27 -5.43729e-10
53.28 -2.85331e-07
53.29 -5.68256e-07
53.3 -8.48449e-07
53.31 -1.12504e-06
53.32 -1.39718e-06
53.33 -1.664e-06
53.34 -1.92466e-06
53.35 -2.17834e-06
53.36 -2.42421e-06
53.37 -2.66147e-06
53.38 -2.88934e-06
53.39 -3.10705e-06
53.4 -3.31385e-06
53.41 -3.50905e-06
53.42 -3.69194e-06
53.43 -3.86188e-06
53.44 -4.01824e-06
53.45 -4.16046e-06
53.46 -4.28799e-06
53.47 -4.40033e-06
53.48 -4.49706e-06
53.49 -4.57777e-06
53.5 -4.64213e-06
53.51 -4.68987e-06
53.52 -4.72075e-06
53.53 -4.73464e-06
53.54 -4.73142e-06
53.55 -4.71109e-06
53.56 -4.67368e-06
53.57 -4.61929e-06
53.58 -4.54812e-06
53.59 -4.4604e-06
53.6 -4.35646e-06
53.61 -4.23667e-06
53.62 -4.10149e-06
53.63 -3.95143e-06
53.64 -3.78707e-06
53.65 -3.60904e-06
53.66 -3.41803e-06
53.67 -3.2148e-06
53.68 -3.00014e-06
53.69 -2.77487e-06
53.7 -2.53989e-06
53.71 -2.29611e-06
53.72 -2.04448e-06
53.73 -1.78595e-06
53.74 -1.52154e-06
53.75 -1.25224e-06
53.76 -9.79075e-07
53.77 -7.03069e-07
53.78 -4.25246e-07
53.79 -1.46626e-07
53.8 1.31779e-07
53.81 4.08973e-07
53.82 6.83974e-07
53.83 9.55823e-07
53.84 1.22359e-06
53.85 1.48636e-06
53.86 1.74327e-06
53.87 1.99346e-06
53.88 2.23615e-06
53.89 2.47056e-06
53.9 2.69596e-06
53.91 2.91168e-06
53.92 3.11705e-06
53.93 3.31149e-06
53.94 3.49444e-06
53.95 3.66537e-06
53.96 3.82383e-06
53.97 3.96938e-06
53.98 4.10164e-06
53.99 4.22028e-06
54 4.32498e-06
54.01 4.41551e-06
54.02 4.49165e-06
54.03 4.55322e-06
54.04 4.6001e-06
54.05 4.6322e-06
54.06 4.64947e-06
54.07 4.6519e-06
54.08 4.63952e-06
54.09 4.61242e-06
54.1 4.57068e-06
54.11 4.51448e-06
54.12 4.44399e-06
54.13 4.35944e-06
54.14 4.26111e-06
54.15 4.1493e-06
54.16 4.02436e-06
54.17 3.88667e-06
54.18 3.73667e-06
54.19 3.5748e-06
54.2 3.40159e-06
54.21 3.21756e-06
54.22 3.0233e-06
54.23 2.81942e-06
54.24 2.60657e-06
54.25 2.38545e-06
54.26 2.15676e-06
54.27 1.92127e-06
54.28 1.67975e-06
54.29 1.43301e-06
54.3 1.18189e-06
54.31 9.27242e-07
54.32 6.69947e-07
54.33 4.10898e-07
54.34 1.51004e-07
54.35 -1.08818e-07
54.36 -3.67643e-07
54.37 -6.24543e-07
54.38 -8.78595e-07
54.39 -1.12888e-06
54.4 -1.37448e-06
54.41 -1.6145e-06
54.42 -1.84807e-06
54.43 -2.07433e-06
54.44 -2.29245e-06
54.45 -2.50164e-06
54.46 -2.70112e-06
54.47 -2.89017e-06
54.48 -3.06811e-06
54.49 -3.2343e-06
54.5 -3.38815e-06
54.51 -3.52912e-06
54.52 -3.65672e-06
54.53 -3.77053e-06
54.54 -3.87016e-06
54.55 -3.95532e-06
54.56 -4.02573e-06
54.57 -4.08121e-06
54.58 -4.12162e-06
54.59 -4.14689e-06
54.6 -4.15701e-06
54.61 -4.15203e-06
54.62 -4.13204e-06
54.63 -4.09722e-06
54.64 -4.04777e-06
54.65 -3.98398e-06
54.66 -3.90615e-06
54.67 -3.81466e-06
54.68 -3.70992e-06
54.69 -3.59239e-06
54.7 -3.46257e-06
54.71 -3.321e-06
54.72 -3.16824e-06
54.73 -3.00489e-06
54.74 -2.83158e-06
54.75 -2.64896e-06
54.76 -2.45772e-06
54.77 -2.25854e-06
54.78 -2.05213e-06
54.79 -1.83923e-06
54.8 -1.62055e-06
54.81 -1.39686e-06
54.82 -1.1689e-06
54.83 -9.37425e-07
54.84 -7.03196e-07
54.85 -4.66972e-07
54.86 -2.29511e-07
54.87 8.43027e-09
54.88 2.46101e-07
54.89 4.82754e-07
54.9 7.17651e-07
54.91 9.50059e-07
54.92 1.17926e-06
54.93 1.40453e-06
54.94 1.62518e-06
54.95 1.84053e-06
54.96 2.04989e-06
54.97 2.25262e-06
54.98 2.44806e-06
54.99 2.63561e-06
