0.01 -4.9687e-07
0.02 -4.96835e-07
0.03 -4.96828e-07
0.04 -4.97083e-07
0.05 -4.97959e-07
0.06 -4.9963e-07
0.07 -5.01791e-07
0.08 -5.03677e-07
0.09 -5.04444e-07
0.1 -5.03554e-07
0.11 -5.00857e-07
0.12 -4.9643e-07
0.13 -4.90436e-07
0.14 -4.83056e-07
0.15 -4.74359e-07
0.16 -4.64112e-07
0.17 -4.51699e-07
0.18 -4.36168e-07
0.19 -4.16418e-07
0.2 -3.91611e-07
0.21 -3.61546e-07
0.22 -3.26484e-07
0.23 -2.86381e-07
0.24 -2.40269e-07
0.25 -1.86474e-07
0.26 -1.234e-07
0.27 -5.01459e-08
0.28 3.31168e-08
0.29 1.24679e-07
0.3 2.21728e-07
0.31 3.22637e-07
0.32 4.29423e-07
0.33 5.47514e-07
0.34 6.82172e-07
0.35 8.34159e-07
0.36 9.98523e-07
0.37 1.16808e-06
0.38 1.33897e-06
0.39 1.51347e-06
0.4 1.69813e-06
0.41 1.90027e-06
0.42 2.12639e-06
0.43 2.38087e-06
0.44 2.66166e-06
0.45 2.95698e-06
0.46 3.24928e-06
0.47 3.52505e-06
0.48 3.78184e-06
0.49 4.02723e-06
0.5 4.27236e-06
0.51 4.52618e-06
0.52 4.79336e-06
0.53 5.07396e-06
0.54 5.3622e-06
0.55 5.64542e-06
0.56 5.90839e-06
0.57 6.14384e-06
0.58 6.3605e-06
0.59 6.57849e-06
0.6 6.81319e-06
0.61 7.06045e-06
0.62 7.29782e-06
0.63 7.50328e-06
0.64 7.67615e-06
0.65 7.84004e-06
0.66 8.02393e-06
0.67 8.23791e-06
0.68 8.46338e-06
0.69 8.66507e-06
0.7 8.81516e-06
0.71 8.91026e-06
0.72 8.9678e-06
0.73 9.00551e-06
0.74 9.02224e-06
0.75 8.99754e-06
0.76 8.91077e-06
0.77 8.76058e-06
0.78 8.56465e-06
0.79 8.34297e-06
0.8 8.10617e-06
0.81 7.86092e-06
0.82 7.62202e-06
0.83 7.41357e-06
0.84 7.25412e-06
0.85 7.13859e-06
0.86 7.03327e-06
0.87 6.88714e-06
0.88 6.65085e-06
0.89 6.29726e-06
0.9 5.84006e-06
0.91 5.33584e-06
0.92 4.85199e-06
0.93 4.41336e-06
0.94 3.97475e-06
0.95 3.44934e-06
0.96 2.77303e-06
0.97 1.95508e-06
0.98 1.07755e-06
0.99 2.41847e-07
1 -5.00555e-07
1.01 -1.18081e-06
1.02 -1.88123e-06
1.03 -2.66373e-06
1.04 -3.51946e-06
1.05 -4.38229e-06
1.06 -5.18828e-06
1.07 -5.92282e-06
1.08 -6.61771e-06
1.09 -7.30959e-06
1.1 -7.99919e-06
1.11 -8.64179e-06
1.12 -9.17399e-06
1.13 -9.55657e-06
1.14 -9.80243e-06
1.15 -9.9691e-06
1.16 -1.01183e-05
1.17 -1.02687e-05
1.18 -1.03787e-05
1.19 -1.0373e-05
1.2 -1.019e-05
1.21 -9.80501e-06
1.22 -9.21401e-06
1.23 -8.40468e-06
1.24 -7.35545e-06
1.25 -6.07166e-06
1.26 -4.61914e-06
1.27 -3.11215e-06
1.28 -1.65772e-06
1.29 -2.99894e-07
1.3 1.00185e-06
1.31 2.35859e-06
1.32 3.90914e-06
1.33 5.75268e-06
1.34 7.8795e-06
1.35 1.01413e-05
1.36 1.22948e-05
1.37 1.41106e-05
1.38 1.54876e-05
1.39 1.64926e-05
1.4 1.73024e-05
1.41 1.81044e-05
1.42 1.90242e-05
1.43 2.00911e-05
1.44 2.12171e-05
1.45 2.22019e-05
1.46 2.27956e-05
1.47 2.28116e-05
1.48 2.22343e-05
1.49 2.12478e-05
1.5 2.0157e-05
1.51 1.92343e-05
1.52 1.85744e-05
1.53 1.80399e-05
1.54 1.7331e-05
1.55 1.61459e-05
1.56 1.43496e-05
1.57 1.20593e-05
1.58 9.598e-06
1.59 7.33322e-06
1.6 5.49478e-06
1.61 4.07897e-06
1.62 2.88876e-06
1.63 1.66901e-06
1.64 2.49918e-07
1.65 -1.36914e-06
1.66 -3.02149e-06
1.67 -4.45033e-06
1.68 -5.4187e-06
1.69 -5.79695e-06
1.7 -5.59497e-06
1.71 -4.94486e-06
1.72 -4.06145e-06
1.73 -3.20016e-06
1.74 -2.60282e-06
1.75 -2.41056e-06
1.76 -2.56399e-06
1.77 -2.77055e-06
1.78 -2.61105e-06
1.79 -1.75816e-06
1.8 -1.70974e-07
1.81 1.87078e-06
1.82 3.90819e-06
1.83 5.51085e-06
1.84 6.42739e-06
1.85 6.62849e-06
1.86 6.26489e-06
1.87 5.58428e-06
1.88 4.83699e-06
1.89 4.19545e-06
1.9 3.71908e-06
1.91 3.37187e-06
1.92 3.05197e-06
1.93 2.59084e-06
1.94 1.73896e-06
1.95 2.05057e-07
1.96 -2.21392e-06
1.97 -5.47219e-06
1.98 -9.21785e-06
1.99 -1.29285e-05
2 -1.61808e-05
2.01 -1.88771e-05
2.02 -2.12738e-05
2.03 -2.37979e-05
2.04 -2.67827e-05
2.05 -3.02847e-05
2.06 -3.40641e-05
2.07 -3.77036e-05
2.08 -4.0788e-05
2.09 -4.30673e-05
2.1 -4.45444e-05
2.11 -4.5457e-05
2.12 -4.61648e-05
2.13 -4.69908e-05
2.14 -4.80873e-05
2.15 -4.9389e-05
2.16 -5.06651e-05
2.17 -5.16185e-05
2.18 -5.19853e-05
2.19 -5.16171e-05
2.2 -5.05421e-05
2.21 -4.89722e-05
2.22 -4.7235e-05
2.23 -4.56453e-05
2.24 -4.43753e-05
2.25 -4.33923e-05
2.26 -4.25031e-05
2.27 -4.14833e-05
2.28 -4.02224e-05
2.29 -3.87889e-05
2.3 -3.73591e-05
2.31 -3.60588e-05
2.32 -3.48544e-05
2.33 -3.35951e-05
2.34 -3.21764e-05
2.35 -3.06763e-05
2.36 -2.93388e-05
2.37 -2.84142e-05
2.38 -2.79971e-05
2.39 -2.79846e-05
2.4 -2.81512e-05
2.41 -2.82578e-05
2.42 -2.81363e-05
2.43 -2.77419e-05
2.44 -2.71668e-05
2.45 -2.65993e-05
2.46 -2.62304e-05
2.47 -2.61505e-05
2.48 -2.62896e-05
2.49 -2.64305e-05
2.5 -2.62791e-05
2.51 -2.55556e-05
2.52 -2.40834e-05
2.53 -2.18597e-05
2.54 -1.90717e-05
2.55 -1.60272e-05
2.56 -1.30224e-05
2.57 -1.02132e-05
2.58 -7.56268e-06
2.59 -4.88045e-06
2.6 -1.9236e-06
2.61 1.50114e-06
2.62 5.4859e-06
2.63 1.00273e-05
2.64 1.50474e-05
2.65 2.0388e-05
2.66 2.57925e-05
2.67 3.09354e-05
2.68 3.55313e-05
2.69 3.94681e-05
2.7 4.28675e-05
2.71 4.60221e-05
2.72 4.92475e-05
2.73 5.27287e-05
2.74 5.64298e-05
2.75 6.00943e-05
2.76 6.33372e-05
2.77 6.58076e-05
2.78 6.73535e-05
2.79 6.80948e-05
2.8 6.83479e-05
2.81 6.84466e-05
2.82 6.85676e-05
2.83 6.86545e-05
2.84 6.84648e-05
2.85 6.77005e-05
2.86 6.61506e-05
2.87 6.37912e-05
2.88 6.0811e-05
2.89 5.75538e-05
2.9 5.43973e-05
2.91 5.16085e-05
2.92 4.92218e-05
2.93 4.6996e-05
2.94 4.45047e-05
2.95 4.13578e-05
2.96 3.74443e-05
2.97 3.30448e-05
2.98 2.87215e-05
2.99 2.50286e-05
3 2.22118e-05
3.01 2.00793e-05
3.02 1.81241e-05
3.03 1.58268e-05
3.04 1.29494e-05
3.05 9.64289e-06
3.06 6.32975e-06
3.07 3.4676e-06
3.08 1.34253e-06
3.09 -2.27221e-08
3.1 -8.39915e-07
3.11 -1.44545e-06
3.12 -2.16348e-06
3.13 -3.19194e-06
3.14 -4.5432e-06
3.15 -6.04706e-06
3.16 -7.41006e-06
3.17 -8.32662e-06
3.18 -8.62669e-06
3.19 -8.39993e-06
3.2 -8.00562e-06
3.21 -7.92325e-06
3.22 -8.50704e-06
3.23 -9.79272e-06
3.24 -1.14849e-05
3.25 -1.31324e-05
3.26 -1.43744e-05
3.27 -1.51121e-05
3.28 -1.55321e-05
3.29 -1.60018e-05
3.3 -1.68978e-05
3.31 -1.84313e-05
3.32 -2.05528e-05
3.33 -2.2997e-05
3.34 -2.5445e-05
3.35 -2.76889e-05
3.36 -2.96982e-05
3.37 -3.15753e-05
3.38 -3.34705e-05
3.39 -3.5515e-05
3.4 -3.77794e-05
3.41 -4.02291e-05
3.42 -4.26977e-05
3.43 -4.49305e-05
3.44 -4.67028e-05
3.45 -4.79368e-05
3.46 -4.87369e-05
3.47 -4.93282e-05
3.48 -4.99404e-05
3.49 -5.06983e-05
3.5 -5.15617e-05
3.51 -5.23344e-05
3.52 -5.27391e-05
3.53 -5.25312e-05
3.54 -5.16066e-05
3.55 -5.00535e-05
3.56 -4.81067e-05
3.57 -4.60128e-05
3.58 -4.38823e-05
3.59 -4.16312e-05
3.6 -3.9048e-05
3.61 -3.59294e-05
3.62 -3.21963e-05
3.63 -2.79307e-05
3.64 -2.33314e-05
3.65 -1.86302e-05
3.66 -1.40159e-05
3.67 -9.59454e-06
3.68 -5.387e-06
3.69 -1.35822e-06
3.7 2.543e-06
3.71 6.3602e-06
3.72 1.01268e-05
3.73 1.38625e-05
3.74 1.75606e-05
3.75 2.11869e-05
3.76 2.46984e-05
3.77 2.80687e-05
3.78 3.12924e-05
3.79 3.43563e-05
3.8 3.7206e-05
3.81 3.976e-05
3.82 4.19759e-05
3.83 4.38994e-05
3.84 4.56309e-05
3.85 4.72262e-05
3.86 4.86222e-05
3.87 4.96593e-05
3.88 5.01846e-05
3.89 5.01552e-05
3.9 4.96778e-05
3.91 4.8967e-05
3.92 4.82471e-05
3.93 4.76411e-05
3.94 4.71085e-05
3.95 4.64716e-05
3.96 4.55182e-05
3.97 4.41245e-05
3.98 4.23202e-05
3.99 4.02627e-05
4 3.8159e-05
4.01 3.62046e-05
4.02 3.45645e-05
4.03 3.33541e-05
4.04 3.25807e-05
4.05 3.20778e-05
4.06 3.14991e-05
4.07 3.04148e-05
4.08 2.84845e-05
4.09 2.56326e-05
4.1 2.21277e-05
4.11 1.85034e-05
4.12 1.53297e-05
4.13 1.29346e-05
4.14 1.12272e-05
4.15 9.729e-06
4.16 7.80799e-06
4.17 4.98051e-06
4.18 1.11335e-06
4.19 -3.56818e-06
4.2 -8.62915e-06
4.21 -1.36124e-05
4.22 -1.81707e-05
4.23 -2.2136e-05
4.24 -2.55595e-05
4.25 -2.87236e-05
4.26 -3.20683e-05
4.27 -3.60046e-05
4.28 -4.06995e-05
4.29 -4.59663e-05
4.3 -5.13224e-05
4.31 -5.61758e-05
4.32 -6.00566e-05
4.33 -6.27989e-05
4.34 -6.45918e-05
4.35 -6.5866e-05
4.36 -6.70674e-05
4.37 -6.84315e-05
4.38 -6.98709e-05
4.39 -7.10184e-05
4.4 -7.13913e-05
4.41 -7.05969e-05
4.42 -6.84983e-05
4.43 -6.52838e-05
4.44 -6.1412e-05
4.45 -5.74495e-05
4.46 -5.3857e-05
4.47 -5.07973e-05
4.48 -4.80502e-05
4.49 -4.50989e-05
4.5 -4.13673e-05
4.51 -3.64991e-05
4.52 -3.05447e-05
4.53 -2.39717e-05
4.54 -1.74902e-05
4.55 -1.17692e-05
4.56 -7.16834e-06
4.57 -3.60565e-06
4.58 -6.1987e-07
4.59 2.40293e-06
4.6 5.93774e-06
4.61 1.00954e-05
4.62 1.45714e-05
4.63 1.87942e-05
4.64 2.21935e-05
4.65 2.44511e-05
4.66 2.56221e-05
4.67 2.60869e-05
4.68 2.63642e-05
4.69 2.68727e-05
4.7 2.77554e-05
4.71 2.88508e-05
4.72 2.98109e-05
4.73 3.02808e-05
4.74 3.0046e-05
4.75 2.91062e-05
4.76 2.76787e-05
4.77 2.61423e-05
4.78 2.49177e-05
4.79 2.43052e-05
4.8 2.43488e-05
4.81 2.48118e-05
4.82 2.52914e-05
4.83 2.54096e-05
4.84 2.49715e-05
4.85 2.40142e-05
4.86 2.27566e-05
4.87 2.15104e-05
4.88 2.05952e-05
4.89 2.02574e-05
4.9 2.05963e-05
4.91 2.15314e-05
4.92 2.28315e-05
4.93 2.41863e-05
4.94 2.52962e-05
4.95 2.59667e-05
4.96 2.61766e-05
4.97 2.60723e-05
4.98 2.58691e-05
4.99 2.57164e-05
5 2.56177e-05
5.01 2.5452e-05
5.02 2.50614e-05
5.03 2.43452e-05
5.04 2.33129e-05
5.05 2.20777e-05
5.06 2.07935e-05
5.07 1.95788e-05
5.08 1.84692e-05
5.09 1.74108e-05
5.1 1.62685e-05
5.11 1.48353e-05
5.12 1.28611e-05
5.13 1.0128e-05
5.14 6.55462e-06
5.15 2.26442e-06
5.16 -2.43867e-06
5.17 -7.18601e-06
5.18 -1.16968e-05
5.19 -1.58952e-05
5.2 -1.99368e-05
5.21 -2.41247e-05
5.22 -2.87574e-05
5.23 -3.39916e-05
5.24 -3.97922e-05
5.25 -4.59677e-05
5.26 -5.22395e-05
5.27 -5.83093e-05
5.28 -6.39324e-05
5.29 -6.89943e-05
5.3 -7.35396e-05
5.31 -7.7717e-05
5.32 -8.16788e-05
5.33 -8.55026e-05
5.34 -8.9162e-05
5.35 -9.253e-05
5.36 -9.54054e-05
5.37 -9.75649e-05
5.38 -9.88366e-05
5.39 -9.91672e-05
5.4 -9.86465e-05
5.41 -9.74685e-05
5.42 -9.58473e-05
5.43 -9.39272e-05
5.44 -9.17151e-05
5.45 -8.90503e-05
5.46 -8.56364e-05
5.47 -8.11506e-05
5.48 -7.54083e-05
5.49 -6.84885e-05
5.5 -6.07264e-05
5.51 -5.25685e-05
5.52 -4.44031e-05
5.53 -3.64746e-05
5.54 -2.88891e-05
5.55 -2.1645e-05
5.56 -1.46401e-05
5.57 -7.66572e-06
5.58 -4.45247e-07
5.59 7.25371e-06
5.6 1.54768e-05
5.61 2.40024e-05
5.62 3.23914e-05
5.63 4.01554e-05
5.64 4.69522e-05
5.65 5.27111e-05
5.66 5.76345e-05
5.67 6.20929e-05
5.68 6.64678e-05
5.69 7.10173e-05
5.7 7.5816e-05
5.71 8.07686e-05
5.72 8.56663e-05
5.73 9.026e-05
5.74 9.435e-05
5.75 9.7879e-05
5.76 0.00010098
5.77 0.000103925
5.78 0.000106972
5.79 0.000110195
5.8 0.00011344
5.81 0.000116442
5.82 0.000119025
5.83 0.000121222
5.84 0.00012324
5.85 0.000125321
5.86 0.000127607
5.87 0.000130079
5.88 0.000132589
5.89 0.000134924
5.9 0.000136865
5.91 0.000138233
5.92 0.000138923
5.93 0.00013892
5.94 0.000138285
5.95 0.000137126
5.96 0.00013557
5.97 0.000133715
5.98 0.000131569
5.99 0.000129022
6 0.000125861
6.01 0.000121865
6.02 0.00011692
6.03 0.000111096
6.04 0.000104632
6.05 9.78051e-05
6.06 9.07563e-05
6.07 8.33903e-05
6.08 7.54261e-05
6.09 6.65929e-05
6.1 5.6844e-05
6.11 4.64361e-05
6.12 3.58173e-05
6.13 2.54062e-05
6.14 1.54059e-05
6.15 5.75264e-06
6.16 -3.81064e-06
6.17 -1.36018e-05
6.18 -2.38701e-05
6.19 -3.46932e-05
6.2 -4.59132e-05
6.21 -5.71351e-05
6.22 -6.78216e-05
6.23 -7.74841e-05
6.24 -8.58986e-05
6.25 -9.32179e-05
6.26 -9.98962e-05
6.27 -0.000106452
6.28 -0.000113208
6.29 -0.000120153
6.3 -0.000126987
6.31 -0.000133268
6.32 -0.000138587
6.33 -0.000142733
6.34 -0.000145804
6.35 -0.000148199
6.36 -0.000150456
6.37 -0.00015299
6.38 -0.0001559
6.39 -0.000158934
6.4 -0.000161635
6.41 -0.000163557
6.42 -0.000164429
6.43 -0.000164249
6.44 -0.00016327
6.45 -0.000161916
6.46 -0.000160614
6.47 -0.000159615
6.48 -0.000158877
6.49 -0.000158074
6.5 -0.000156738
6.51 -0.000154472
6.52 -0.000151143
6.53 -0.000146959
6.54 -0.000142396
6.55 -0.000137997
6.56 -0.000134134
6.57 -0.00013082
6.58 -0.000127685
6.59 -0.000124146
6.6 -0.000119689
6.61 -0.000114105
6.62 -0.000107569
6.63 -0.000100517
6.64 -9.34072e-05
6.65 -8.64909e-05
6.66 -7.96986e-05
6.67 -7.26781e-05
6.68 -6.49615e-05
6.69 -5.61736e-05
6.7 -4.61885e-05
6.71 -3.51744e-05
6.72 -2.35143e-05
6.73 -1.16399e-05
6.74 1.43603e-07
6.75 1.17599e-05
6.76 2.3347e-05
6.77 3.51441e-05
6.78 4.73377e-05
6.79 5.99466e-05
6.8 7.28155e-05
6.81 8.57113e-05
6.82 9.84382e-05
6.83 0.000110891
6.84 0.000123037
6.85 0.000134873
6.86 0.000146392
6.87 0.000157553
6.88 0.000168248
6.89 0.000178285
6.9 0.000187428
6.91 0.000195487
6.92 0.000202409
6.93 0.000208285
6.94 0.000213262
6.95 0.000217414
6.96 0.000220684
6.97 0.000222909
6.98 0.00022391
6.99 0.000223554
7 0.000221771
7.01 0.000218545
7.02 0.000213921
7.03 0.000208023
7.04 0.000201065
7.05 0.000193322
7.06 0.000185043
7.07 0.000176362
7.08 0.000167256
7.09 0.000157599
7.1 0.000147282
7.11 0.000136324
7.12 0.000124901
7.13 0.000113296
7.14 0.000101799
7.15 9.06163e-05
7.16 7.98215e-05
7.17 6.93766e-05
7.18 5.9202e-05
7.19 4.92482e-05
7.2 3.95226e-05
7.21 3.00669e-05
7.22 2.09309e-05
7.23 1.21795e-05
7.24 3.91551e-06
7.25 -3.7308e-06
7.26 -1.06579e-05
7.27 -1.68517e-05
7.28 -2.23898e-05
7.29 -2.73868e-05
7.3 -3.1932e-05
7.31 -3.60703e-05
7.32 -3.98397e-05
7.33 -4.33369e-05
7.34 -4.67424e-05
7.35 -5.0259e-05
7.36 -5.39952e-05
7.37 -5.78946e-05
7.38 -6.17916e-05
7.39 -6.55688e-05
7.4 -6.92885e-05
7.41 -7.31739e-05
7.42 -7.74365e-05
7.43 -8.20854e-05
7.44 -8.68942e-05
7.45 -9.15655e-05
7.46 -9.5962e-05
7.47 -0.000100219
7.48 -0.000104658
7.49 -0.00010957
7.5 -0.000115023
7.51 -0.000120791
7.52 -0.000126438
7.53 -0.000131474
7.54 -0.000135503
7.55 -0.000138337
7.56 -0.000140053
7.57 -0.000140974
7.58 -0.000141552
7.59 -0.000142181
7.6 -0.000143017
7.61 -0.000143887
7.62 -0.000144334
7.63 -0.000143778
7.64 -0.000141738
7.65 -0.000138001
7.66 -0.00013268
7.67 -0.000126148
7.68 -0.000118878
7.69 -0.000111274
7.7 -0.000103529
7.71 -9.55713e-05
7.72 -8.71542e-05
7.73 -7.8031e-05
7.74 -6.81353e-05
7.75 -5.7636e-05
7.76 -4.68279e-05
7.77 -3.59487e-05
7.78 -2.50726e-05
7.79 -1.41591e-05
7.8 -3.19343e-06
7.81 7.70194e-06
7.82 1.82618e-05
7.83 2.81668e-05
7.84 3.71548e-05
7.85 4.50934e-05
7.86 5.19998e-05
7.87 5.80093e-05
7.88 6.32943e-05
7.89 6.79614e-05
7.9 7.19881e-05
7.91 7.52474e-05
7.92 7.76078e-05
7.93 7.90225e-05
7.94 7.95315e-05
7.95 7.91874e-05
7.96 7.80037e-05
7.97 7.59823e-05
7.98 7.31763e-05
7.99 6.97027e-05
8 6.56962e-05
8.01 6.12672e-05
8.02 5.65211e-05
8.03 5.16026e-05
8.04 4.66918e-05
8.05 4.19363e-05
8.06 3.7379e-05
8.07 3.29537e-05
8.08 2.85544e-05
8.09 2.41294e-05
8.1 1.9749e-05
8.11 1.56185e-05
8.12 1.20302e-05
8.13 9.27591e-06
8.14 7.55596e-06
8.15 6.91658e-06
8.16 7.23666e-06
8.17 8.27668e-06
8.18 9.77839e-06
8.19 1.15665e-05
8.2 1.359e-05
8.21 1.5878e-05
8.22 1.84447e-05
8.23 2.12261e-05
8.24 2.41042e-05
8.25 2.69945e-05
8.26 2.99013e-05
8.27 3.28699e-05
8.28 3.58575e-05
8.29 3.86274e-05
8.3 4.07748e-05
8.31 4.18909e-05
8.32 4.17426e-05
8.33 4.0326e-05
8.34 3.77708e-05
8.35 3.42049e-05
8.36 2.96892e-05
8.37 2.42401e-05
8.38 1.78684e-05
8.39 1.05789e-05
8.4 2.33237e-06
8.41 -6.96692e-06
8.42 -1.74234e-05
8.43 -2.90635e-05
8.44 -4.1772e-05
8.45 -5.52951e-05
8.46 -6.92975e-05
8.47 -8.34231e-05
8.48 -9.73296e-05
8.49 -0.000110708
8.5 -0.000123294
8.51 -0.000134854
8.52 -0.000145134
8.53 -0.000153822
8.54 -0.000160565
8.55 -0.000165043
8.56 -0.000167049
8.57 -0.0001665
8.58 -0.000163359
8.59 -0.00015755
8.6 -0.000148927
8.61 -0.000137347
8.62 -0.00012277
8.63 -0.000105342
8.64 -8.53882e-05
8.65 -6.33536e-05
8.66 -3.97228e-05
8.67 -1.49359e-05
8.68 1.06725e-05
8.69 3.69033e-05
8.7 6.36797e-05
8.71 9.09715e-05
8.72 0.000118659
8.73 0.000146388
8.74 0.000173499
8.75 0.000199112
8.76 0.000222309
8.77 0.000242308
8.78 0.000258516
8.79 0.000270453
8.8 0.000277666
8.81 0.000279709
8.82 0.000276201
8.83 0.000266915
8.84 0.000251823
8.85 0.000231115
8.86 0.000205196
8.87 0.000174699
8.88 0.000140448
8.89 0.000103389
8.9 6.44569e-05
8.91 2.44505e-05
8.92 -1.60574e-05
8.93 -5.6769e-05
8.94 -9.76458e-05
8.95 -0.000138784
8.96 -0.000180176
8.97 -0.000221457
8.98 -0.000261787
8.99 -0.000299946
9 -0.000334564
9.01 -0.000364354
9.02 -0.000388192
9.03 -0.000405094
9.04 -0.00041422
9.05 -0.000415014
9.06 -0.000407435
9.07 -0.000392099
9.08 -0.00037019
9.09 -0.000343165
9.1 -0.000312393
9.11 -0.000278881
9.12 -0.000243179
9.13 -0.000205462
9.14 -0.000165768
9.15 -0.000124275
9.16 -8.14983e-05
9.17 -3.82918e-05
9.18 4.39962e-06
9.19 4.5921e-05
9.2 8.61765e-05
9.21 0.000125545
9.22 0.000164436
9.23 0.000202762
9.24 0.000239654
9.25 0.000273552
9.26 0.000302584
9.27 0.000324991
9.28 0.000339431
9.29 0.000345141
9.3 0.000342035
9.31 0.000330811
9.32 0.000312951
9.33 0.00029047
9.34 0.000265367
9.35 0.000239012
9.36 0.000211802
9.37 0.000183302
9.38 0.000152744
9.39 0.000119583
9.4 8.38163e-05
9.41 4.59901e-05
9.42 7.01553e-06
9.43 -3.20793e-05
9.44 -7.03817e-05
9.45 -0.000107273
9.46 -0.000142484
9.47 -0.000175974
9.48 -0.00020768
9.49 -0.000237252
9.5 -0.000263914
9.51 -0.000286502
9.52 -0.000303652
9.53 -0.000314093
9.54 -0.00031697
9.55 -0.000312098
9.56 -0.000300047
9.57 -0.000282032
9.58 -0.000259626
9.59 -0.000234401
9.6 -0.000207615
9.61 -0.000180014
9.62 -0.000151802
9.63 -0.000122746
9.64 -9.23962e-05
9.65 -6.03898e-05
9.66 -2.67284e-05
9.67 8.11008e-06
9.68 4.33205e-05
9.69 7.81181e-05
9.7 0.000112079
9.71 0.000145237
9.72 0.00017784
9.73 0.000209876
9.74 0.000240688
9.75 0.000268908
9.76 0.000292783
9.77 0.000310737
9.78 0.000321898
9.79 0.000326354
9.8 0.000325075
9.81 0.000319556
9.82 0.000311332
9.83 0.000301496
9.84 0.000290398
9.85 0.000277657
9.86 0.000262502
9.87 0.000244264
9.88 0.000222831
9.89 0.000198835
9.9 0.00017352
9.91 0.000148307
9.92 0.000124253
9.93 0.000101624
9.94 7.98149e-05
9.95 5.77162e-05
9.96 3.43595e-05
9.97 9.50391e-06
9.98 -1.61699e-05
9.99 -4.13493e-05
10 -6.46765e-05
10.01 -8.52844e-05
10.02 -0.000102992
10.03 -0.00011811
10.04 -0.000131042
10.05 -0.000141951
10.06 -0.000150643
10.07 -0.000156727
10.08 -0.00015996
10.09 -0.000160577
10.1 -0.00015939
10.11 -0.000157511
10.12 -0.000155832
10.13 -0.000154546
10.14 -0.000153025
10.15 -0.000150115
10.16 -0.000144711
10.17 -0.000136299
10.18 -0.00012522
10.19 -0.000112552
10.2 -9.96532e-05
10.21 -8.76051e-05
10.22 -7.67988e-05
10.23 -6.68556e-05
10.24 -5.68961e-05
10.25 -4.60147e-05
10.26 -3.3733e-05
10.27 -2.02352e-05
10.28 -6.29133e-06
10.29 7.09214e-06
10.3 1.91547e-05
10.31 2.9786e-05
10.32 3.96384e-05
10.33 4.98568e-05
10.34 6.15617e-05
10.35 7.53761e-05
10.36 9.12356e-05
10.37 0.000108532
10.38 0.000126449
10.39 0.000144302
10.4 0.000161743
10.41 0.000178829
10.42 0.000195977
10.43 0.000213861
10.44 0.000233201
10.45 0.000254463
10.46 0.000277546
10.47 0.000301651
10.48 0.000325463
10.49 0.000347603
10.5 0.000367129
10.51 0.000383866
10.52 0.000398382
10.53 0.000411606
10.54 0.000424218
10.55 0.000436093
10.56 0.000446081
10.57 0.000452293
10.58 0.000452777
10.59 0.000446294
10.6 0.00043283
10.61 0.000413614
10.62 0.000390616
10.63 0.000365737
10.64 0.000340071
10.65 0.000313585
10.66 0.000285317
10.67 0.000253952
10.68 0.000218489
10.69 0.000178712
10.7 0.000135331
10.71 8.97676e-05
10.72 4.36755e-05
10.73 -1.65455e-06
10.74 -4.58081e-05
10.75 -8.94776e-05
10.76 -0.000134291
10.77 -0.000182226
10.78 -0.000234741
10.79 -0.000291953
10.8 -0.000352265
10.81 -0.000412686
10.82 -0.000469757
10.83 -0.000520642
10.84 -0.000563906
10.85 -0.00059965
10.86 -0.000629086
10.87 -0.000653845
10.88 -0.000675348
10.89 -0.000694437
10.9 -0.000711264
10.91 -0.000725389
10.92 -0.000736036
10.93 -0.000742469
10.94 -0.000744367
10.95 -0.000741993
10.96 -0.000736045
10.97 -0.000727245
10.98 -0.000715922
10.99 -0.000701853
11 -0.000684462
11.01 -0.000663253
11.02 -0.000638198
11.03 -0.000609845
11.04 -0.000579113
11.05 -0.000546931
11.06 -0.000513943
11.07 -0.000480408
11.08 -0.000446264
11.09 -0.00041123
11.1 -0.0003749
11.11 -0.000336859
11.12 -0.00029686
11.13 -0.000254987
11.14 -0.000211628
11.15 -0.000167219
11.16 -0.000121895
11.17 -7.53467e-05
11.18 -2.70525e-05
11.19 2.32445e-05
11.2 7.51498e-05
11.21 0.000127599
11.22 0.000179251
11.23 0.000229068
11.24 0.000276734
11.25 0.000322643
11.26 0.000367417
11.27 0.000411218
11.28 0.00045325
11.29 0.000491741
11.3 0.000524448
11.31 0.000549433
11.32 0.000565765
11.33 0.000573833
11.34 0.00057518
11.35 0.000571985
11.36 0.000566387
11.37 0.0005599
11.38 0.000553047
11.39 0.000545301
11.4 0.000535355
11.41 0.000521666
11.42 0.000503131
11.43 0.000479582
11.44 0.000451889
11.45 0.000421625
11.46 0.00039053
11.47 0.000360044
11.48 0.000331083
11.49 0.000304017
11.5 0.000278792
11.51 0.000255117
11.52 0.000232641
11.53 0.000211058
11.54 0.000190116
11.55 0.000169601
11.56 0.000149385
11.57 0.000129571
11.58 0.000110651
11.59 9.35919e-05
11.6 7.97186e-05
11.61 7.03777e-05
11.62 6.64804e-05
11.63 6.81474e-05
11.64 7.46637e-05
11.65 8.47981e-05
11.66 9.73483e-05
11.67 0.000111636
11.68 0.000127696
11.69 0.000146057
11.7 0.000167249
11.71 0.000191307
11.72 0.000217538
11.73 0.000244642
11.74 0.000271142
11.75 0.000295908
11.76 0.000318543
11.77 0.000339398
11.78 0.000359176
11.79 0.000378312
11.8 0.000396412
11.81 0.00041204
11.82 0.00042293
11.83 0.000426559
11.84 0.000420934
11.85 0.00040531
11.86 0.000380573
11.87 0.000349023
11.88 0.000313582
11.89 0.000276717
11.9 0.000239553
11.91 0.000201536
11.92 0.000160801
11.93 0.000115039
11.94 6.24931e-05
11.95 2.69491e-06
11.96 -6.32966e-05
11.97 -0.000133194
11.98 -0.000204208
11.99 -0.000273938
12 -0.000341102
12.01 -0.000405772
12.02 -0.000468957
12.03 -0.000531695
12.04 -0.000593991
12.05 -0.000654102
12.06 -0.000708561
12.07 -0.000753047
12.08 -0.000783851
12.09 -0.000799336
12.1 -0.000800704
12.11 -0.000791672
12.12 -0.000777151
12.13 -0.000761551
12.14 -0.000747402
12.15 -0.000734834
12.16 -0.000721999
12.17 -0.000706208
12.18 -0.000685296
12.19 -0.000658678
12.2 -0.000627684
12.21 -0.000595019
12.22 -0.000563576
12.23 -0.000535121
12.24 -0.000509478
12.25 -0.000484614
12.26 -0.0004576
12.27 -0.000426004
12.28 -0.000389043
12.29 -0.000347926
12.3 -0.000305247
12.31 -0.000263723
12.32 -0.000224927
12.33 -0.000188658
12.34 -0.000153207
12.35 -0.000116322
12.36 -7.63082e-05
12.37 -3.27585e-05
12.38 1.33284e-05
12.39 5.99957e-05
12.4 0.000105082
12.41 0.000146957
12.42 0.000184957
12.43 0.000219355
12.44 0.000250919
12.45 0.000280305
12.46 0.000307569
12.47 0.000332031
12.48 0.000352528
12.49 0.000367914
12.5 0.000377597
12.51 0.000381887
12.52 0.000381974
12.53 0.000379529
12.54 0.000376056
12.55 0.00037231
12.56 0.000368042
12.57 0.000362162
12.58 0.00035327
12.59 0.000340325
12.6 0.000323193
12.61 0.000302796
12.62 0.000280779
12.63 0.000258842
12.64 0.000238047
12.65 0.000218429
12.66 0.00019906
12.67 0.000178511
12.68 0.000155533
12.69 0.000129666
12.7 0.000101545
12.71 7.28028e-05
12.72 4.55946e-05
12.73 2.19205e-05
12.74 2.97572e-06
12.75 -1.12087e-05
12.76 -2.16861e-05
12.77 -3.01058e-05
12.78 -3.80307e-05
12.79 -4.63335e-05
12.8 -5.4864e-05
12.81 -6.24808e-05
12.82 -6.74561e-05
12.83 -6.81474e-05
12.84 -6.36832e-05
12.85 -5.435e-05
12.86 -4.15087e-05
12.87 -2.71135e-05
12.88 -1.30827e-05
12.89 -7.57693e-07
12.9 9.42183e-06
12.91 1.79689e-05
12.92 2.60984e-05
12.93 3.52113e-05
12.94 4.62884e-05
12.95 5.94652e-05
12.96 7.39921e-05
12.97 8.85753e-05
12.98 0.000101905
12.99 0.000113117
13 0.000122004
13.01 0.000128909
13.02 0.000134404
13.03 0.000138921
13.04 0.000142554
13.05 0.000145087
13.06 0.000146215
13.07 0.00014578
13.08 0.000143881
13.09 0.000140816
13.1 0.000136958
13.11 0.00013268
13.12 0.000128366
13.13 0.000124422
13.14 0.000121191
13.15 0.000118794
13.16 0.000117021
13.17 0.000115443
13.18 0.000113704
13.19 0.000111824
13.2 0.000110272
13.21 0.000109755
13.22 0.000110851
13.23 0.00011372
13.24 0.000118035
13.25 0.000123119
13.26 0.000128168
13.27 0.000132415
13.28 0.000135223
13.29 0.000136134
13.3 0.000134936
13.31 0.000131709
13.32 0.00012676
13.33 0.000120371
13.34 0.00011248
13.35 0.000102482
13.36 8.93358e-05
13.37 7.19735e-05
13.38 4.97626e-05
13.39 2.27525e-05
13.4 -8.42307e-06
13.41 -4.28766e-05
13.42 -7.98002e-05
13.43 -0.000118648
13.44 -0.000159136
13.45 -0.000201125
13.46 -0.000244447
13.47 -0.000288788
13.48 -0.000333648
13.49 -0.000378397
13.5 -0.000422337
13.51 -0.000464715
13.52 -0.000504655
13.53 -0.000541093
13.54 -0.000572772
13.55 -0.000598354
13.56 -0.000616624
13.57 -0.00062673
13.58 -0.000628382
13.59 -0.000621938
13.6 -0.000608315
13.61 -0.000588744
13.62 -0.000564441
13.63 -0.000536334
13.64 -0.000504955
13.65 -0.000470558
13.66 -0.000433386
13.67 -0.000393955
13.68 -0.000353216
13.69 -0.000312479
13.7 -0.000273086
13.71 -0.000235927
13.72 -0.000201009
13.73 -0.000167342
13.74 -0.000133247
13.75 -9.69728e-05
13.76 -5.73334e-05
13.77 -1.41207e-05
13.78 3.17931e-05
13.79 7.86568e-05
13.8 0.000124298
13.81 0.000166749
13.82 0.000204848
13.83 0.000238555
13.84 0.000268776
13.85 0.00029675
13.86 0.000323309
13.87 0.000348437
13.88 0.00037139
13.89 0.000391295
13.9 0.000407854
13.91 0.000421731
13.92 0.000434425
13.93 0.000447744
13.94 0.000463177
13.95 0.000481519
13.96 0.000502892
13.97 0.000527068
13.98 0.000553817
13.99 0.000583063
14 0.000614797
14.01 0.000648892
14.02 0.00068494
14.03 0.000722142
14.04 0.000759195
14.05 0.000794223
14.06 0.000824848
14.07 0.000848554
14.08 0.000863319
14.09 0.000868268
14.1 0.000864011
14.11 0.000852405
14.12 0.000835828
14.13 0.000816277
14.14 0.000794708
14.15 0.000770869
14.16 0.000743639
14.17 0.000711663
14.18 0.000673966
14.19 0.00063029
14.2 0.000581018
14.21 0.000526766
14.22 0.000467896
14.23 0.00040425
14.24 0.000335203
14.25 0.000259927
14.26 0.000177713
14.27 8.82397e-05
14.28 -8.21719e-06
14.29 -0.000110663
14.3 -0.00021746
14.31 -0.000326703
14.32 -0.000436884
14.33 -0.000547502
14.34 -0.000659063
14.35 -0.000772166
14.36 -0.000886018
14.37 -0.000997137
14.38 -0.00109889
14.39 -0.00118226
14.4 -0.00123812
14.41 -0.00126083
14.42 -0.00125154
14.43 -0.00121891
14.44 -0.00117627
14.45 -0.00113639
14.46 -0.00110676
14.47 -0.00108742
14.48 -0.00107197
14.49 -0.00105103
14.5 -0.00101655
14.51 -0.000965244
14.52 -0.000899692
14.53 -0.000826814
14.54 -0.000754624
14.55 -0.000688753
14.56 -0.000630164
14.57 -0.000574962
14.58 -0.000516392
14.59 -0.000448273
14.6 -0.000368314
14.61 -0.000279667
14.62 -0.000189843
14.63 -0.000107459
14.64 -3.83631e-05
14.65 1.70535e-05
14.66 6.41586e-05
14.67 0.000111869
14.68 0.000168885
14.69 0.000239968
14.7 0.000323845
14.71 0.000413575
14.72 0.000499094
14.73 0.000570667
14.74 0.000621668
14.75 0.000649784
14.76 0.000656727
14.77 0.00064717
14.78 0.000627405
14.79 0.000603805
14.8 0.000581138
14.81 0.000561249
14.82 0.000542816
14.83 0.000522446
14.84 0.00049662
14.85 0.000463479
14.86 0.000423621
14.87 0.000379675
14.88 0.000335048
14.89 0.000292534
14.9 0.000253426
14.91 0.000217459
14.92 0.000183422
14.93 0.000150072
14.94 0.000116927
14.95 8.47251e-05
14.96 5.53684e-05
14.97 3.13203e-05
14.98 1.45792e-05
14.99 5.65815e-06
15 3.16479e-06
15.01 4.35219e-06
15.02 6.4405e-06
15.03 8.0073e-06
15.04 9.6859e-06
15.05 1.38295e-05
15.06 2.33717e-05
15.07 4.04665e-05
15.08 6.54778e-05
15.09 9.66397e-05
15.1 0.000130432
15.11 0.000162516
15.12 0.000188939
15.13 0.000207242
15.14 0.000217121
15.15 0.000220336
15.16 0.000219794
15.17 0.000218072
15.18 0.000215966
15.19 0.000211712
15.2 0.00020134
15.21 0.000180105
15.22 0.000144538
15.23 9.42724e-05
15.24 3.27491e-05
15.25 -3.36333e-05
15.26 -9.7641e-05
15.27 -0.000153671
15.28 -0.00019951
15.29 -0.00023672
15.3 -0.000269621
15.31 -0.000303428
15.32 -0.000342248
15.33 -0.000387563
15.34 -0.000437579
15.35 -0.000487699
15.36 -0.000532004
15.37 -0.000565179
15.38 -0.000584086
15.39 -0.000588477
15.4 -0.000580725
15.41 -0.000564855
15.42 -0.000545207
15.43 -0.000525145
15.44 -0.000506196
15.45 -0.000487883
15.46 -0.000468281
15.47 -0.000445028
15.48 -0.000416412
15.49 -0.000382131
15.5 -0.000343434
15.51 -0.00030257
15.52 -0.000261781
15.53 -0.000222342
15.54 -0.00018414
15.55 -0.000145986
15.56 -0.000106432
15.57 -6.46657e-05
15.58 -2.10324e-05
15.59 2.30554e-05
15.6 6.57465e-05
15.61 0.000105561
15.62 0.000141926
15.63 0.000175141
15.64 0.000205832
15.65 0.00023423
15.66 0.000259672
15.67 0.000280602
15.68 0.000295076
15.69 0.000301594
15.7 0.000299886
15.71 0.000291316
15.72 0.00027863
15.73 0.000265084
15.74 0.000253268
15.75 0.000244189
15.76 0.000237082
15.77 0.000230031
15.78 0.000221037
15.79 0.000208963
15.8 0.00019394
15.81 0.00017719
15.82 0.000160448
15.83 0.000145276
15.84 0.00013253
15.85 0.000122117
15.86 0.000113133
15.87 0.000104332
15.88 9.47525e-05
15.89 8.42736e-05
15.9 7.3855e-05
15.91 6.53622e-05
15.92 6.09929e-05
15.93 6.24768e-05
15.94 7.03586e-05
15.95 8.37075e-05
15.96 0.000100422
15.97 0.000117979
15.98 0.000134235
15.99 0.000147956
16 0.000158964
16.01 0.000168015
16.02 0.000176522
16.03 0.000186145
16.04 0.000198296
16.05 0.000213689
16.06 0.000232104
16.07 0.000252461
16.08 0.000273157
16.09 0.000292537
16.1 0.000309303
16.11 0.000322773
16.12 0.000332924
16.13 0.000340205
16.14 0.0003452
16.15 0.000348283
16.16 0.000349457
16.17 0.000348474
16.18 0.000345151
16.19 0.000339615
16.2 0.000332281
16.21 0.000323564
16.22 0.000313535
16.23 0.000301766
16.24 0.000287459
16.25 0.000269763
16.26 0.000248128
16.27 0.000222513
16.28 0.000193419
16.29 0.000161735
16.3 0.000128501
16.31 9.46227e-05
16.32 6.05978e-05
16.33 2.63096e-05
16.34 -9.00279e-06
16.35 -4.64985e-05
16.36 -8.72464e-05
16.37 -0.000131712
16.38 -0.000179501
16.39 -0.000229501
16.4 -0.000280298
16.41 -0.000330608
16.42 -0.000379512
16.43 -0.000426441
16.44 -0.000471021
16.45 -0.00051289
16.46 -0.000551557
16.47 -0.000586351
16.48 -0.000616448
16.49 -0.000640984
16.5 -0.000659214
16.51 -0.000670709
16.52 -0.000675515
16.53 -0.000674229
16.54 -0.000667904
16.55 -0.000657797
16.56 -0.00064503
16.57 -0.000630302
16.58 -0.000613749
16.59 -0.000594997
16.6 -0.000573374
16.61 -0.000548223
16.62 -0.000519228
16.63 -0.000486629
16.64 -0.000451241
16.65 -0.00041422
16.66 -0.000376675
16.67 -0.000339286
16.68 -0.000302093
16.69 -0.000264539
16.7 -0.000225742
16.71 -0.000184905
16.72 -0.000141684
16.73 -9.6373e-05
16.74 -4.98253e-05
16.75 -3.13552e-06
16.76 4.27595e-05
16.77 8.7375e-05
16.78 0.000130704
16.79 0.000172969
16.8 0.000214269
16.81 0.000254336
16.82 0.00029249
16.83 0.000327741
16.84 0.000358974
16.85 0.000385199
16.86 0.000405841
16.87 0.000420967
16.88 0.000431326
16.89 0.000438108
16.9 0.000442512
16.91 0.000445331
16.92 0.00044674
16.93 0.000446361
16.94 0.000443575
16.95 0.000437961
16.96 0.000429708
16.97 0.000419759
16.98 0.000409585
16.99 0.000400617
17 0.000393641
17.01 0.000388471
17.02 0.000384092
17.03 0.000379183
17.04 0.000372706
17.05 0.000364278
17.06 0.000354197
17.07 0.000343177
17.08 0.000331974
17.09 0.000321106
17.1 0.000310763
17.11 0.000300842
17.12 0.000291023
17.13 0.000280797
17.14 0.000269526
17.15 0.000256627
17.16 0.000241859
17.17 0.000225552
17.18 0.000208562
17.19 0.000191896
17.2 0.000176187
17.21 0.000161324
17.22 0.000146451
17.23 0.000130345
17.24 0.000111947
17.25 9.07541e-05
17.26 6.69056e-05
17.27 4.09917e-05
17.28 1.37501e-05
17.29 -1.41864e-05
17.3 -4.23925e-05
17.31 -7.05977e-05
17.32 -9.85695e-05
17.33 -0.000126039
17.34 -0.000152697
17.35 -0.000178224
17.36 -0.00020231
17.37 -0.00022467
17.38 -0.000245046
17.39 -0.00026319
17.4 -0.000278792
17.41 -0.000291398
17.42 -0.000300367
17.43 -0.000304959
17.44 -0.000304544
17.45 -0.000298836
17.46 -0.000288029
17.47 -0.000272772
17.48 -0.000254006
17.49 -0.000232732
17.5 -0.000209773
17.51 -0.000185613
17.52 -0.000160358
17.53 -0.000133833
17.54 -0.000105784
17.55 -7.61279e-05
17.56 -4.5154e-05
17.57 -1.35712e-05
17.58 1.76242e-05
17.59 4.74304e-05
17.6 7.51537e-05
17.61 0.000100575
17.62 0.000123848
17.63 0.000145168
17.64 0.000164405
17.65 0.000180913
17.66 0.000193623
17.67 0.000201356
17.68 0.000203191
17.69 0.000198743
17.7 0.00018824
17.71 0.000172411
17.72 0.000152216
17.73 0.000128515
17.74 0.0001018
17.75 7.20987e-05
17.76 3.91256e-05
17.77 2.58273e-06
17.78 -3.7525e-05
17.79 -8.07192e-05
17.8 -0.000126074
17.81 -0.000172381
17.82 -0.000218368
17.83 -0.000262943
17.84 -0.000305398
17.85 -0.000345483
17.86 -0.000383205
17.87 -0.00041838
17.88 -0.000450155
17.89 -0.000476825
17.9 -0.000496141
17.91 -0.00050603
17.92 -0.00050542
17.93 -0.000494757
17.94 -0.000475963
17.95 -0.000451815
17.96 -0.000425004
17.97 -0.000397275
17.98 -0.000369082
17.99 -0.000339877
18 -0.000308842
18.01 -0.000275566
18.02 -0.000240288
18.03 -0.000203656
18.04 -0.000166236
18.05 -0.00012815
18.06 -8.90148e-05
18.07 -4.82022e-05
18.08 -5.2446e-06
18.09 3.98187e-05
18.1 8.62667e-05
18.11 0.000132714
18.12 0.000177304
18.13 0.000218051
18.14 0.000253253
18.15 0.000281835
18.16 0.000303499
18.17 0.000318607
18.18 0.000327869
18.19 0.000331968
18.2 0.000331321
18.21 0.000326054
18.22 0.000316161
18.23 0.000301706
18.24 0.000282918
18.25 0.000260153
18.26 0.000233784
18.27 0.000204153
18.28 0.000171615
18.29 0.000136619
18.3 9.97513e-05
18.31 6.16876e-05
18.32 2.3086e-05
18.33 -1.55363e-05
18.34 -5.39076e-05
18.35 -9.20324e-05
18.36 -0.000130097
18.37 -0.000168263
18.38 -0.000206443
18.39 -0.000244169
18.4 -0.000280575
18.41 -0.000314468
18.42 -0.000344451
18.43 -0.000369114
18.44 -0.000387291
18.45 -0.000398344
18.46 -0.000402344
18.47 -0.000400067
18.48 -0.000392782
18.49 -0.000381974
18.5 -0.000369092
18.51 -0.000355386
18.52 -0.000341761
18.53 -0.000328641
18.54 -0.000315883
18.55 -0.000302851
18.56 -0.00028868
18.57 -0.00027262
18.58 -0.00025433
18.59 -0.000233989
18.6 -0.000212209
18.61 -0.000189802
18.62 -0.000167509
18.63 -0.000145792
18.64 -0.000124761
18.65 -0.000104225
18.66 -8.38833e-05
18.67 -6.35625e-05
18.68 -4.33885e-05
18.69 -2.37793e-05
18.7 -5.21883e-06
18.71 1.20842e-05
18.72 2.84562e-05
18.73 4.47612e-05
18.74 6.21129e-05
18.75 8.14216e-05
18.76 0.000103
18.77 0.000126415
18.78 0.000150662
18.79 0.000174577
18.8 0.000197354
18.81 0.000218955
18.82 0.000240205
18.83 0.0002625
18.84 0.000287218
18.85 0.000315115
18.86 0.000345989
18.87 0.000378773
18.88 0.00041196
18.89 0.000444158
18.9 0.000474494
18.91 0.000502751
18.92 0.000529195
18.93 0.000554216
18.94 0.000577947
18.95 0.000600058
18.96 0.000619813
18.97 0.000636345
18.98 0.000649
18.99 0.00065758
19 0.000662389
19.01 0.000664055
19.02 0.000663228
19.03 0.000660268
19.04 0.000655068
19.05 0.000647122
19.06 0.000635807
19.07 0.000620762
19.08 0.000602126
19.09 0.000580544
19.1 0.000556929
19.11 0.000532139
19.12 0.000506734
19.13 0.000480905
19.14 0.000454565
19.15 0.000427503
19.16 0.000399501
19.17 0.00037035
19.18 0.000339824
19.19 0.00030766
19.2 0.000273598
19.21 0.000237447
19.22 0.000199172
19.23 0.000158984
19.24 0.000117366
19.25 7.49809e-05
19.26 3.24907e-05
19.27 -9.65622e-06
19.28 -5.13726e-05
19.29 -9.29449e-05
19.3 -0.000134873
19.31 -0.000177578
19.32 -0.000221106
19.33 -0.000264973
19.34 -0.000308207
19.35 -0.000349568
19.36 -0.000387829
19.37 -0.000422044
19.38 -0.000451744
19.39 -0.000477031
19.4 -0.000498486
19.41 -0.000516902
19.42 -0.000532942
19.43 -0.000546945
19.44 -0.000558946
19.45 -0.000568852
19.46 -0.000576621
19.47 -0.000582342
19.48 -0.000586191
19.49 -0.000588333
19.5 -0.000588822
19.51 -0.000587581
19.52 -0.000584445
19.53 -0.000579274
19.54 -0.00057207
19.55 -0.000563048
19.56 -0.000552629
19.57 -0.000541346
19.58 -0.000529736
19.59 -0.000518229
19.6 -0.000507073
19.61 -0.000496289
19.62 -0.00048566
19.63 -0.000474778
19.64 -0.000463145
19.65 -0.00045032
19.66 -0.000436058
19.67 -0.00042039
19.68 -0.000403605
19.69 -0.000386137
19.7 -0.000368382
19.71 -0.000350525
19.72 -0.000332466
19.73 -0.000313892
19.74 -0.000294465
19.75 -0.000274005
19.76 -0.00025257
19.77 -0.000230382
19.78 -0.000207673
19.79 -0.000184542
19.8 -0.000160917
19.81 -0.000136612
19.82 -0.00011141
19.83 -8.51278e-05
19.84 -5.76726e-05
19.85 -2.90741e-05
19.86 5.19332e-07
19.87 3.09146e-05
19.88 6.19833e-05
19.89 9.37182e-05
19.9 0.000126185
19.91 0.000159407
19.92 0.000193285
19.93 0.000227584
19.94 0.000261986
19.95 0.000296172
19.96 0.000329895
19.97 0.000363045
19.98 0.000395683
19.99 0.00042799
20 0.000460147
20.01 0.000492157
20.02 0.000523703
20.03 0.000554125
20.04 0.000582556
20.05 0.000608188
20.06 0.000630529
20.07 0.000649546
20.08 0.000665613
20.09 0.000679305
20.1 0.000691104
20.11 0.000701162
20.12 0.000709193
20.13 0.000714536
20.14 0.000716362
20.15 0.000713975
20.16 0.00070708
20.17 0.000695917
20.18 0.000681196
20.19 0.000663859
20.2 0.000644755
20.21 0.000624362
20.22 0.000602682
20.23 0.000579313
20.24 0.000553677
20.25 0.000525252
20.26 0.000493747
20.27 0.000459164
20.28 0.000421768
20.29 0.000381976
20.3 0.000340232
20.31 0.000296894
20.32 0.000252148
20.33 0.00020595
20.34 0.000158033
20.35 0.000108018
20.36 5.56101e-05
20.37 7.90849e-07
20.38 -5.61109e-05
20.39 -0.000114547
20.4 -0.000173988
20.41 -0.000234104
20.42 -0.000294765
20.43 -0.000355873
20.44 -0.000417096
20.45 -0.000477652
20.46 -0.000536234
20.47 -0.000591149
20.48 -0.000640611
20.49 -0.000683124
20.5 -0.000717822
20.51 -0.000744678
20.52 -0.000764497
20.53 -0.000778676
20.54 -0.000788786
20.55 -0.000796138
20.56 -0.000801452
20.57 -0.000804752
20.58 -0.000805519
20.59 -0.000803048
20.6 -0.000796865
20.61 -0.000787024
20.62 -0.000774138
20.63 -0.000759158
20.64 -0.000742993
20.65 -0.000726161
20.66 -0.000708642
20.67 -0.000689992
20.68 -0.000669645
20.69 -0.00064722
20.7 -0.000622673
20.71 -0.000596277
20.72 -0.000568452
20.73 -0.000539579
20.74 -0.000509863
20.75 -0.000479284
20.76 -0.000447637
20.77 -0.000414623
20.78 -0.000379994
20.79 -0.000343699
20.8 -0.000305965
20.81 -0.000267242
20.82 -0.00022801
20.83 -0.000188548
20.84 -0.000148778
20.85 -0.000108285
20.86 -6.64983e-05
20.87 -2.29504e-05
20.88 2.24977e-05
20.89 6.95741e-05
20.9 0.000117674
20.91 0.000166039
20.92 0.000213941
20.93 0.000260806
20.94 0.000306286
20.95 0.000350286
20.96 0.000392938
20.97 0.000434462
20.98 0.000474949
20.99 0.000514172
21 0.000551523
21.01 0.000586171
21.02 0.000617371
21.03 0.000644794
21.04 0.000668657
21.05 0.000689619
21.06 0.000708469
21.07 0.000725798
21.08 0.000741775
21.09 0.000756109
21.1 0.000768177
21.11 0.000777264
21.12 0.000782795
21.13 0.000784467
21.14 0.00078225
21.15 0.000776288
21.16 0.00076676
21.17 0.000753759
21.18 0.000737266
21.19 0.000717202
21.2 0.000693512
21.21 0.00066625
21.22 0.000635604
21.23 0.00060188
21.24 0.000565427
21.25 0.000526544
21.26 0.000485421
21.27 0.000442148
21.28 0.000396736
21.29 0.000349123
21.3 0.000299183
21.31 0.000246809
21.32 0.000192047
21.33 0.000135174
21.34 7.66059e-05
21.35 1.66904e-05
21.36 -4.4464e-05
21.37 -0.000106982
21.38 -0.000171045
21.39 -0.000236672
21.4 -0.000303564
21.41 -0.000371048
21.42 -0.000438064
21.43 -0.000503188
21.44 -0.000564707
21.45 -0.000620719
21.46 -0.000669281
21.47 -0.00070861
21.48 -0.000737385
21.49 -0.000755141
21.5 -0.000762575
21.51 -0.000761552
21.52 -0.000754689
21.53 -0.000744635
21.54 -0.000733332
21.55 -0.00072156
21.56 -0.000708921
21.57 -0.000694231
21.58 -0.000676146
21.59 -0.000653754
21.6 -0.000626925
21.61 -0.000596323
21.62 -0.000563098
21.63 -0.000528427
21.64 -0.000493089
21.65 -0.000457246
21.66 -0.000420492
21.67 -0.000382123
21.68 -0.000341499
21.69 -0.000298348
21.7 -0.000252882
21.71 -0.000205693
21.72 -0.0001575
21.73 -0.000108908
21.74 -6.02926e-05
21.75 -1.18242e-05
21.76 3.64476e-05
21.77 8.45134e-05
21.78 0.000132343
21.79 0.000179808
21.8 0.000226602
21.81 0.000272188
21.82 0.000315792
21.83 0.000356446
21.84 0.000393069
21.85 0.000424625
21.86 0.000450294
21.87 0.000469646
21.88 0.000482733
21.89 0.000490085
21.9 0.000492585
21.91 0.00049125
21.92 0.000486972
21.93 0.000480291
21.94 0.000471308
21.95 0.000459803
21.96 0.000445539
21.97 0.000428578
21.98 0.000409438
21.99 0.000388981
22 0.000368127
22.01 0.00034754
22.02 0.000327439
22.03 0.0003076
22.04 0.000287543
22.05 0.000266817
22.06 0.000245251
22.07 0.000223068
22.08 0.000200832
22.09 0.000179272
22.1 0.000159066
22.11 0.000140659
22.12 0.000124149
22.13 0.00010929
22.14 9.56503e-05
22.15 8.29015e-05
22.16 7.10957e-05
22.17 6.07382e-05
22.18 5.25791e-05
22.19 4.72275e-05
22.2 4.4817e-05
22.21 4.49182e-05
22.22 4.67348e-05
22.23 4.94534e-05
22.24 5.25412e-05
22.25 5.58516e-05
22.26 5.95252e-05
22.27 6.37615e-05
22.28 6.8577e-05
22.29 7.3662e-05
22.3 7.8411e-05
22.31 8.21146e-05
22.32 8.41944e-05
22.33 8.43267e-05
22.34 8.23927e-05
22.35 7.83261e-05
22.36 7.20017e-05
22.37 6.32444e-05
22.38 5.19035e-05
22.39 3.78809e-05
22.4 2.10794e-05
22.41 1.35166e-06
22.42 -2.14716e-05
22.43 -4.74698e-05
22.44 -7.64977e-05
22.45 -0.000108111
22.46 -0.000141616
22.47 -0.00017625
22.48 -0.000211398
22.49 -0.000246721
22.5 -0.000282116
22.51 -0.000317497
22.52 -0.000352551
22.53 -0.000386598
22.54 -0.000418641
22.55 -0.000447532
22.56 -0.000472171
22.57 -0.000491651
22.58 -0.000505375
22.59 -0.000513107
22.6 -0.000515006
22.61 -0.000511578
22.62 -0.000503531
22.63 -0.000491547
22.64 -0.000476079
22.65 -0.000457317
22.66 -0.000435355
22.67 -0.00041043
22.68 -0.000383063
22.69 -0.000353981
22.7 -0.000323897
22.71 -0.000293287
22.72 -0.000262304
22.73 -0.000230865
22.74 -0.000198832
22.75 -0.000166192
22.76 -0.000133133
22.77 -0.000100028
22.78 -6.73644e-05
22.79 -3.56828e-05
22.8 -5.5337e-06
22.81 2.25759e-05
22.82 4.82489e-05
22.83 7.12183e-05
22.84 9.12856e-05
22.85 0.000108224
22.86 0.000121736
22.87 0.000131518
22.88 0.000137371
22.89 0.000139289
22.9 0.000137473
22.91 0.000132316
22.92 0.000124369
22.93 0.000114264
22.94 0.000102573
22.95 8.96794e-05
22.96 7.57578e-05
22.97 6.08989e-05
22.98 4.52959e-05
22.99 2.93727e-05
23 1.37744e-05
23.01 -7.67096e-07
23.02 -1.36066e-05
23.03 -2.43009e-05
23.04 -3.26209e-05
23.05 -3.84775e-05
23.06 -4.18127e-05
23.07 -4.25049e-05
23.08 -4.03176e-05
23.09 -3.49015e-05
23.1 -2.58497e-05
23.11 -1.28071e-05
23.12 4.38301e-06
23.13 2.55351e-05
23.14 5.00467e-05
23.15 7.69607e-05
23.16 0.000105176
23.17 0.000133735
23.18 0.000162066
23.19 0.000190044
23.2 0.000217836
23.21 0.000245612
23.22 0.000273247
23.23 0.000300181
23.24 0.000325475
23.25 0.000348019
23.26 0.000366785
23.27 0.000381013
23.28 0.000390276
23.29 0.000394443
23.3 0.000393624
23.31 0.000388134
23.32 0.000378495
23.33 0.000365397
23.34 0.000349602
23.35 0.000331829
23.36 0.000312694
23.37 0.000292725
23.38 0.00027238
23.39 0.000252002
23.4 0.00023172
23.41 0.000211391
23.42 0.000190663
23.43 0.000169152
23.44 0.00014663
23.45 0.000123129
23.46 9.89568e-05
23.47 7.46093e-05
23.48 5.06514e-05
23.49 2.75922e-05
23.5 5.81429e-06
23.51 -1.4409e-05
23.52 -3.28333e-05
23.53 -4.91835e-05
23.54 -6.318e-05
23.55 -7.46422e-05
23.56 -8.35935e-05
23.57 -9.0302e-05
23.58 -9.52379e-05
23.59 -9.89644e-05
23.6 -0.000101991
23.61 -0.000104629
23.62 -0.000106898
23.63 -0.000108533
23.64 -0.000109101
23.65 -0.000108205
23.66 -0.000105688
23.67 -0.000101762
23.68 -9.69902e-05
23.69 -9.21474e-05
23.7 -8.80046e-05
23.71 -8.51333e-05
23.72 -8.38237e-05
23.73 -8.41343e-05
23.74 -8.60072e-05
23.75 -8.93508e-05
23.76 -9.40445e-05
23.77 -9.99014e-05
23.78 -0.000106665
23.79 -0.000114082
23.8 -0.000122009
23.81 -0.000130468
23.82 -0.0001396
23.83 -0.000149528
23.84 -0.000160224
23.85 -0.00017146
23.86 -0.00018286
23.87 -0.000193991
23.88 -0.000204421
23.89 -0.000213723
23.9 -0.000221438
23.91 -0.000227085
23.92 -0.000230248
23.93 -0.000230747
23.94 -0.000228767
23.95 -0.000224823
23.96 -0.000219537
23.97 -0.000213348
23.98 -0.000206339
23.99 -0.000198288
24 -0.000188879
24.01 -0.000177929
24.02 -0.000165487
24.03 -0.000151795
24.04 -0.000137163
24.05 -0.000121841
24.06 -0.000105941
24.07 -8.94413e-05
24.08 -7.22451e-05
24.09 -5.42786e-05
24.1 -3.55632e-05
24.11 -1.62608e-05
24.12 3.3039e-06
24.13 2.26603e-05
24.14 4.12799e-05
24.15 5.87269e-05
24.16 7.48028e-05
24.17 8.95919e-05
24.18 0.000103367
24.19 0.000116409
24.2 0.000128848
24.21 0.000140609
24.22 0.000151479
24.23 0.000161217
24.24 0.00016964
24.25 0.000176653
24.26 0.00018225
24.27 0.000186531
24.28 0.000189714
24.29 0.000192107
24.3 0.000194027
24.31 0.000195739
24.32 0.000197406
24.33 0.000199061
24.34 0.000200581
24.35 0.000201708
24.36 0.000202157
24.37 0.000201757
24.38 0.00020056
24.39 0.000198817
24.4 0.000196845
24.41 0.000194848
24.42 0.00019282
24.43 0.000190558
24.44 0.000187755
24.45 0.00018413
24.46 0.000179557
24.47 0.000174121
24.48 0.000168085
24.49 0.00016174
24.5 0.000155214
24.51 0.000148352
24.52 0.000140718
24.53 0.000131715
24.54 0.000120775
24.55 0.000107549
24.56 9.2033e-05
24.57 7.45716e-05
24.58 5.57247e-05
24.59 3.60511e-05
24.6 1.58924e-05
24.61 -4.75217e-06
24.62 -2.61976e-05
24.63 -4.88852e-05
24.64 -7.31077e-05
24.65 -9.87855e-05
24.66 -0.000125413
24.67 -0.000152212
24.68 -0.000178412
24.69 -0.000203517
24.7 -0.000227415
24.71 -0.000250267
24.72 -0.000272271
24.73 -0.000293439
24.74 -0.000313508
24.75 -0.000332014
24.76 -0.000348434
24.77 -0.000362321
24.78 -0.000373405
24.79 -0.000381653
24.8 -0.00038728
24.81 -0.000390633
24.82 -0.000392005
24.83 -0.000391473
24.84 -0.000388882
24.85 -0.000383981
24.86 -0.000376583
24.87 -0.000366668
24.88 -0.000354385
24.89 -0.000339993
24.9 -0.000323763
24.91 -0.000305877
24.92 -0.000286372
24.93 -0.000265169
24.94 -0.000242191
24.95 -0.000217471
24.96 -0.000191187
24.97 -0.000163608
24.98 -0.000135013
24.99 -0.000105625
25 -7.5607e-05
25.01 -4.50875e-05
25.02 -1.4182e-05
25.03 1.69883e-05
25.04 4.82841e-05
25.05 7.95393e-05
25.06 0.000110564
25.07 0.000141159
25.08 0.000171139
25.09 0.000200343
25.1 0.000228624
25.11 0.000255821
25.12 0.000281706
25.13 0.000305948
25.14 0.000328135
25.15 0.000347858
25.16 0.000364838
25.17 0.00037903
25.18 0.000390609
25.19 0.000399847
25.2 0.000406947
25.21 0.000411936
25.22 0.000414692
25.23 0.000415069
25.24 0.000413043
25.25 0.000408784
25.26 0.000402618
25.27 0.000394885
25.28 0.000385777
25.29 0.00037527
25.3 0.000363169
25.31 0.000349261
25.32 0.000333447
25.33 0.000315774
25.34 0.000296388
25.35 0.000275466
25.36 0.000253201
25.37 0.000229824
25.38 0.000205586
25.39 0.000180702
25.4 0.000155289
25.41 0.000129371
25.42 0.000102943
25.43 7.60327e-05
25.44 4.87274e-05
25.45 2.11687e-05
25.46 -6.45435e-06
25.47 -3.39263e-05
25.48 -6.10362e-05
25.49 -8.75995e-05
25.5 -0.000113456
25.51 -0.000138441
25.52 -0.000162358
25.53 -0.000184975
25.54 -0.000206055
25.55 -0.000225411
25.56 -0.000242922
25.57 -0.000258511
25.58 -0.000272091
25.59 -0.000283532
25.6 -0.000292683
25.61 -0.000299434
25.62 -0.000303772
25.63 -0.000305787
25.64 -0.000305634
25.65 -0.0003035
25.66 -0.0002996
25.67 -0.000294177
25.68 -0.00028749
25.69 -0.000279763
25.7 -0.000271131
25.71 -0.000261631
25.72 -0.00025126
25.73 -0.000240078
25.74 -0.000228279
25.75 -0.000216201
25.76 -0.000204231
25.77 -0.000192682
25.78 -0.000181697
25.79 -0.000171245
25.8 -0.000161191
25.81 -0.000151401
25.82 -0.00014183
25.83 -0.00013255
25.84 -0.000123736
25.85 -0.000115622
25.86 -0.000108419
25.87 -0.000102224
25.88 -9.69592e-05
25.89 -9.2379e-05
25.9 -8.81403e-05
25.91 -8.39155e-05
25.92 -7.95057e-05
25.93 -7.49249e-05
25.94 -7.04098e-05
25.95 -6.63209e-05
25.96 -6.29538e-05
25.97 -6.03543e-05
25.98 -5.82362e-05
25.99 -5.60447e-05
26 -5.31259e-05
26.01 -4.89217e-05
26.02 -4.31211e-05
26.03 -3.57342e-05
26.04 -2.70743e-05
26.05 -1.76417e-05
26.06 -7.93738e-06
26.07 1.72424e-06
26.08 1.13381e-05
26.09 2.1226e-05
26.1 3.19225e-05
26.11 4.39395e-05
26.12 5.74856e-05
26.13 7.22822e-05
26.14 8.75966e-05
26.15 0.000102492
26.16 0.000116181
26.17 0.0001283
26.18 0.000138972
26.19 0.000148638
26.2 0.000157734
26.21 0.000166416
26.22 0.000174432
26.23 0.000181191
26.24 0.000185979
26.25 0.000188239
26.26 0.000187774
26.27 0.000184795
26.28 0.000179785
26.29 0.000173265
26.3 0.000165602
26.31 0.000156962
26.32 0.000147373
26.33 0.000136816
26.34 0.000125288
26.35 0.000112865
26.36 9.97526e-05
26.37 8.63113e-05
26.38 7.30061e-05
26.39 6.02633e-05
26.4 4.83084e-05
26.41 3.70948e-05
26.42 2.63878e-05
26.43 1.59573e-05
26.44 5.76393e-06
26.45 -3.95784e-06
26.46 -1.27552e-05
26.47 -2.01229e-05
26.48 -2.56952e-05
26.49 -2.93608e-05
26.5 -3.12372e-05
26.51 -3.15378e-05
26.52 -3.04376e-05
26.53 -2.80191e-05
26.54 -2.42965e-05
26.55 -1.92693e-05
26.56 -1.29698e-05
26.57 -5.5005e-06
26.58 2.9367e-06
26.59 1.20317e-05
26.6 2.13948e-05
26.61 3.06317e-05
26.62 3.94496e-05
26.63 4.77387e-05
26.64 5.55646e-05
26.65 6.30535e-05
26.66 7.02348e-05
26.67 7.69393e-05
26.68 8.28146e-05
26.69 8.74529e-05
26.7 9.0571e-05
26.71 9.21475e-05
26.72 9.24427e-05
26.73 9.18938e-05
26.74 9.09484e-05
26.75 8.99243e-05
26.76 8.89584e-05
26.77 8.80548e-05
26.78 8.71752e-05
26.79 8.6307e-05
26.8 8.54945e-05
26.81 8.48596e-05
26.82 8.46224e-05
26.83 8.50884e-05
26.84 8.65699e-05
26.85 8.92675e-05
26.86 9.31904e-05
26.87 9.81834e-05
26.88 0.000104048
26.89 0.000110677
26.9 0.000118136
26.91 0.000126658
26.92 0.00013655
26.93 0.00014804
26.94 0.000161127
26.95 0.000175544
26.96 0.000190871
26.97 0.000206692
26.98 0.000222703
26.99 0.000238698
27 0.000254499
27.01 0.000269891
27.02 0.000284601
27.03 0.000298314
27.04 0.000310675
27.05 0.000321271
27.06 0.00032963
27.07 0.000335277
27.08 0.000337828
27.09 0.000337089
27.1 0.000333079
27.11 0.00032597
27.12 0.000315975
27.13 0.000303252
27.14 0.000287874
27.15 0.000269864
27.16 0.000249273
27.17 0.000226215
27.18 0.000200844
27.19 0.000173303
27.2 0.000143708
27.21 0.000112165
27.22 7.87973e-05
27.23 4.37388e-05
27.24 7.09501e-06
27.25 -3.10736e-05
27.26 -7.0705e-05
27.27 -0.000111643
27.28 -0.000153568
27.29 -0.000195987
27.3 -0.000238273
27.31 -0.000279708
27.32 -0.000319522
27.33 -0.000356964
27.34 -0.000391371
27.35 -0.000422224
27.36 -0.000449125
27.37 -0.000471753
27.38 -0.000489834
27.39 -0.000503166
27.4 -0.00051169
27.41 -0.000515546
27.42 -0.000515087
27.43 -0.000510828
27.44 -0.000503383
27.45 -0.000493388
27.46 -0.000481407
27.47 -0.000467841
27.48 -0.000452893
27.49 -0.00043661
27.5 -0.000418996
27.51 -0.000400127
27.52 -0.000380218
27.53 -0.000359633
27.54 -0.000338818
27.55 -0.000318202
27.56 -0.000298091
27.57 -0.000278624
27.58 -0.000259794
27.59 -0.000241535
27.6 -0.000223823
27.61 -0.00020675
27.62 -0.000190534
27.63 -0.000175488
27.64 -0.00016195
27.65 -0.000150223
27.66 -0.000140521
27.67 -0.000132931
27.68 -0.000127371
27.69 -0.000123615
27.7 -0.000121367
27.71 -0.000120354
27.72 -0.000120399
27.73 -0.000121438
27.74 -0.000123489
27.75 -0.000126607
27.76 -0.000130821
27.77 -0.000136082
27.78 -0.000142231
27.79 -0.000149003
27.8 -0.000156045
27.81 -0.000162936
27.82 -0.00016923
27.83 -0.000174529
27.84 -0.000178554
27.85 -0.000181154
27.86 -0.000182247
27.87 -0.000181714
27.88 -0.000179324
27.89 -0.00017472
27.9 -0.00016748
27.91 -0.000157226
27.92 -0.000143768
27.93 -0.000127201
27.94 -0.000107911
27.95 -8.64449e-05
27.96 -6.33059e-05
27.97 -3.87781e-05
27.98 -1.28704e-05
27.99 1.45924e-05
28 4.37784e-05
28.01 7.46607e-05
28.02 0.000106933
28.03 0.000140066
28.04 0.000173443
28.05 0.000206496
28.06 0.000238766
28.07 0.000269887
28.08 0.00029952
28.09 0.000327315
28.1 0.000352905
28.11 0.000375933
28.12 0.000396086
28.13 0.000413127
28.14 0.000426932
28.15 0.000437535
28.16 0.000445176
28.17 0.000450271
28.18 0.00045331
28.19 0.000454701
28.2 0.00045464
28.21 0.000453078
28.22 0.000449819
28.23 0.000444701
28.24 0.000437734
28.25 0.000429116
28.26 0.000419129
28.27 0.000408012
28.28 0.00039587
28.29 0.000382652
28.3 0.00036823
28.31 0.000352519
28.32 0.000335575
28.33 0.000317556
28.34 0.000298602
28.35 0.000278719
28.36 0.00025778
28.37 0.000235617
28.38 0.000212131
28.39 0.000187329
28.4 0.000161317
28.41 0.00013427
28.42 0.000106408
28.43 7.79605e-05
28.44 4.90942e-05
28.45 1.98619e-05
28.46 -9.79816e-06
28.47 -3.99922e-05
28.48 -7.07697e-05
28.49 -0.00010205
28.5 -0.000133617
28.51 -0.000165176
28.52 -0.000196454
28.53 -0.000227264
28.54 -0.000257503
28.55 -0.000287084
28.56 -0.00031585
28.57 -0.000343524
28.58 -0.000369713
28.59 -0.000393986
28.6 -0.000415953
28.61 -0.000435318
28.62 -0.000451884
28.63 -0.00046552
28.64 -0.000476126
28.65 -0.000483604
28.66 -0.00048786
28.67 -0.000488833
28.68 -0.000486533
28.69 -0.000481084
28.7 -0.000472709
28.71 -0.000461679
28.72 -0.000448249
28.73 -0.00043262
28.74 -0.000414953
28.75 -0.000395388
28.76 -0.000374026
28.77 -0.000350897
28.78 -0.000325969
28.79 -0.000299233
28.8 -0.000270806
28.81 -0.00024096
28.82 -0.000210036
28.83 -0.000178305
28.84 -0.000145871
28.85 -0.000112676
28.86 -7.85814e-05
28.87 -4.35017e-05
28.88 -7.48687e-06
28.89 2.92599e-05
28.9 6.64405e-05
28.91 0.000103737
28.92 0.000140839
28.93 0.000177392
28.94 0.000212948
28.95 0.000246996
28.96 0.000279103
28.97 0.000309062
28.98 0.000336931
28.99 0.000362921
29 0.000387203
29.01 0.000409755
29.02 0.000430356
29.03 0.000448736
29.04 0.000464794
29.05 0.000478702
29.06 0.000490847
29.07 0.000501657
29.08 0.000511466
29.09 0.000520468
29.1 0.000528754
29.11 0.00053637
29.12 0.000543336
29.13 0.000549632
29.14 0.000555186
29.15 0.000559882
29.16 0.000563599
29.17 0.000566236
29.18 0.000567703
29.19 0.000567876
29.2 0.000566566
29.21 0.000563515
29.22 0.000558449
29.23 0.000551159
29.24 0.000541563
29.25 0.000529711
29.26 0.000515705
29.27 0.000499602
29.28 0.000481361
29.29 0.000460869
29.3 0.000438026
29.31 0.000412828
29.32 0.000385374
29.33 0.000355785
29.34 0.000324091
29.35 0.000290203
29.36 0.000253993
29.37 0.000215435
29.38 0.000174674
29.39 0.000131961
29.4 8.75199e-05
29.41 4.14604e-05
29.42 -6.18649e-06
29.43 -5.53898e-05
29.44 -0.000106072
29.45 -0.000158117
29.46 -0.000211368
29.47 -0.000265583
29.48 -0.000320341
29.49 -0.000374966
29.5 -0.000428517
29.51 -0.000479863
29.52 -0.000527807
29.53 -0.000571223
29.54 -0.00060915
29.55 -0.000640858
29.56 -0.000665903
29.57 -0.000684203
29.58 -0.000696114
29.59 -0.000702442
29.6 -0.000704304
29.61 -0.000702833
29.62 -0.000698855
29.63 -0.000692701
29.64 -0.000684252
29.65 -0.000673192
29.66 -0.000659309
29.67 -0.000642694
29.68 -0.000623744
29.69 -0.000603013
29.7 -0.000581017
29.71 -0.000558083
29.72 -0.000534321
29.73 -0.000509678
29.74 -0.000484021
29.75 -0.000457233
29.76 -0.000429298
29.77 -0.000400359
29.78 -0.000370712
29.79 -0.000340707
29.8 -0.000310589
29.81 -0.000280388
29.82 -0.000249925
29.83 -0.000218956
29.84 -0.000187367
29.85 -0.000155295
29.86 -0.000123103
29.87 -9.12434e-05
29.88 -6.00982e-05
29.89 -2.98939e-05
29.9 -7.04225e-07
29.91 2.7478e-05
29.92 5.46398e-05
29.93 8.06495e-05
29.94 0.0001052
29.95 0.000127841
29.96 0.000148101
29.97 0.000165642
29.98 0.000180341
29.99 0.000192284
30 0.000201677
30.01 0.00020876
30.02 0.000213751
30.03 0.000216809
30.04 0.000218032
30.05 0.000217491
30.06 0.000215283
30.07 0.000211589
30.08 0.000206669
30.09 0.000200813
30.1 0.000194272
30.11 0.000187236
30.12 0.000179851
30.13 0.000172261
30.14 0.000164629
30.15 0.000157147
30.16 0.000150034
30.17 0.000143513
30.18 0.000137772
30.19 0.000132912
30.2 0.000128935
30.21 0.000125784
30.22 0.000123414
30.23 0.000121874
30.24 0.000121346
30.25 0.000122098
30.26 0.000124376
30.27 0.000128285
30.28 0.000133723
30.29 0.000140412
30.3 0.000147995
30.31 0.000156182
30.32 0.000164832
30.33 0.000173905
30.34 0.000183317
30.35 0.000192831
30.36 0.000202082
30.37 0.000210724
30.38 0.000218541
30.39 0.00022544
30.4 0.00023135
30.41 0.000236138
30.42 0.000239594
30.43 0.000241463
30.44 0.000241464
30.45 0.000239287
30.46 0.000234625
30.47 0.000227266
30.48 0.000217193
30.49 0.000204634
30.5 0.000189993
30.51 0.000173716
30.52 0.000156121
30.53 0.000137293
30.54 0.000117075
30.55 9.51875e-05
30.56 7.14098e-05
30.57 4.57425e-05
30.58 1.84636e-05
30.59 -9.94225e-06
30.6 -3.89318e-05
30.61 -6.80427e-05
30.62 -9.69657e-05
30.63 -0.000125533
30.64 -0.000153644
30.65 -0.000181172
30.66 -0.000207878
30.67 -0.000233382
30.68 -0.000257184
30.69 -0.000278736
30.7 -0.000297537
30.71 -0.000313216
30.72 -0.000325587
30.73 -0.000334664
30.74 -0.000340619
30.75 -0.000343686
30.76 -0.000344045
30.77 -0.000341748
30.78 -0.000336747
30.79 -0.000329006
30.8 -0.000318601
30.81 -0.000305746
30.82 -0.000290726
30.83 -0.000273812
30.84 -0.000255217
30.85 -0.000235098
30.86 -0.000213582
30.87 -0.000190795
30.88 -0.000166882
30.89 -0.000142025
30.9 -0.000116444
30.91 -9.03791e-05
30.92 -6.40674e-05
30.93 -3.77362e-05
30.94 -1.16363e-05
30.95 1.39234e-05
30.96 3.85904e-05
30.97 6.20323e-05
30.98 8.39955e-05
30.99 0.000104294
31 0.000122733
31.01 0.00013904
31.02 0.000152876
31.03 0.000163939
31.04 0.000172086
31.05 0.000177412
31.06 0.000180193
31.07 0.000180757
31.08 0.000179353
31.09 0.000176115
31.1 0.000171117
31.11 0.000164449
31.12 0.000156242
31.13 0.000146639
31.14 0.00013577
31.15 0.00012377
31.16 0.000110852
31.17 9.73548e-05
31.18 8.36999e-05
31.19 7.02571e-05
31.2 5.72083e-05
31.21 4.45244e-05
31.22 3.20875e-05
31.23 1.9878e-05
31.24 8.09332e-06
31.25 -2.88137e-06
31.26 -1.26247e-05
31.27 -2.08495e-05
31.28 -2.74921e-05
31.29 -3.26784e-05
31.3 -3.65992e-05
31.31 -3.93782e-05
31.32 -4.10186e-05
31.33 -4.14495e-05
31.34 -4.06205e-05
31.35 -3.85729e-05
31.36 -3.54535e-05
31.37 -3.14855e-05
31.38 -2.69285e-05
31.39 -2.20513e-05
31.4 -1.71104e-05
31.41 -1.23165e-05
31.42 -7.80072e-06
31.43 -3.61923e-06
31.44 1.941e-07
31.45 3.56066e-06
31.46 6.3139e-06
31.47 8.19947e-06
31.48 8.9233e-06
31.49 8.24009e-06
31.5 6.05297e-06
31.51 2.47046e-06
31.52 -2.22925e-06
31.53 -7.71869e-06
31.54 -1.37517e-05
31.55 -2.02221e-05
31.56 -2.71256e-05
31.57 -3.44667e-05
31.58 -4.21776e-05
31.59 -5.00953e-05
31.6 -5.79916e-05
31.61 -6.56075e-05
31.62 -7.26577e-05
31.63 -7.88232e-05
31.64 -8.37737e-05
31.65 -8.72245e-05
31.66 -8.8993e-05
31.67 -8.90144e-05
31.68 -8.73036e-05
31.69 -8.38849e-05
31.7 -7.87308e-05
31.71 -7.17595e-05
31.72 -6.29086e-05
31.73 -5.22426e-05
31.74 -3.99969e-05
31.75 -2.65103e-05
31.76 -1.20929e-05
31.77 3.07015e-06
31.78 1.89125e-05
31.79 3.53932e-05
31.8 5.24046e-05
31.81 6.97565e-05
31.82 8.72288e-05
31.83 0.000104617
31.84 0.000121708
31.85 0.00013822
31.86 0.000153777
31.87 0.000167955
31.88 0.000180393
31.89 0.000190863
31.9 0.000199281
31.91 0.000205647
31.92 0.000209976
31.93 0.000212241
31.94 0.000212379
31.95 0.000210364
31.96 0.000206307
31.97 0.000200505
31.98 0.000193407
31.99 0.000185489
32 0.000177124
32.01 0.000168504
32.02 0.000159651
32.03 0.000150499
32.04 0.000140991
32.05 0.000131164
32.06 0.000121179
32.07 0.000111311
32.08 0.000101899
32.09 9.3279e-05
32.1 8.57101e-05
32.11 7.93285e-05
32.12 7.41382e-05
32.13 7.00449e-05
32.14 6.69217e-05
32.15 6.46793e-05
32.16 6.33086e-05
32.17 6.28728e-05
32.18 6.34518e-05
32.19 6.50627e-05
32.2 6.7592e-05
32.21 7.07777e-05
32.22 7.42573e-05
32.23 7.76577e-05
32.24 8.06782e-05
32.25 8.31223e-05
32.26 8.48659e-05
32.27 8.57822e-05
32.28 8.56664e-05
32.29 8.42177e-05
32.3 8.11064e-05
32.31 7.60865e-05
32.32 6.90634e-05
32.33 6.00606e-05
32.34 4.91176e-05
32.35 3.62085e-05
32.36 2.12505e-05
32.37 4.20073e-06
32.38 -1.48417e-05
32.39 -3.56203e-05
32.4 -5.78027e-05
32.41 -8.10812e-05
32.42 -0.000105209
32.43 -0.000129968
32.44 -0.000155121
32.45 -0.000180404
32.46 -0.000205533
32.47 -0.000230209
32.48 -0.000254081
32.49 -0.000276698
32.5 -0.000297486
32.51 -0.000315783
32.52 -0.000330942
32.53 -0.000342462
32.54 -0.000350097
32.55 -0.000353884
32.56 -0.000354106
32.57 -0.000351188
32.58 -0.000345588
32.59 -0.000337693
32.6 -0.000327781
32.61 -0.000316045
32.62 -0.00030265
32.63 -0.000287768
32.64 -0.000271576
32.65 -0.000254256
32.66 -0.000235996
32.67 -0.000216988
32.68 -0.00019742
32.69 -0.000177458
32.7 -0.000157224
32.71 -0.000136802
32.72 -0.000116294
32.73 -9.58846e-05
32.74 -7.58886e-05
32.75 -5.67059e-05
32.76 -3.87228e-05
32.77 -2.22119e-05
32.78 -7.29957e-06
32.79 5.98518e-06
32.8 1.76404e-05
32.81 2.76611e-05
32.82 3.60552e-05
32.83 4.2859e-05
32.84 4.8127e-05
32.85 5.19083e-05
32.86 5.42488e-05
32.87 5.52298e-05
32.88 5.50131e-05
32.89 5.38533e-05
32.9 5.20649e-05
32.91 4.9964e-05
32.92 4.78132e-05
32.93 4.57947e-05
32.94 4.40243e-05
32.95 4.26067e-05
32.96 4.17052e-05
32.97 4.15851e-05
32.98 4.25976e-05
32.99 4.51039e-05
33 4.93854e-05
33.01 5.5589e-05
33.02 6.37241e-05
33.03 7.37021e-05
33.04 8.53894e-05
33.05 9.86489e-05
33.06 0.000113353
33.07 0.000129377
33.08 0.000146578
33.09 0.00016479
33.1 0.00018382
33.11 0.00020344
33.12 0.000223374
33.13 0.000243268
33.14 0.000262675
33.15 0.000281078
33.16 0.000297942
33.17 0.000312773
33.18 0.000325149
33.19 0.000334724
33.2 0.000341225
33.21 0.000344458
33.22 0.00034433
33.23 0.000340875
33.24 0.000334253
33.25 0.00032471
33.26 0.000312526
33.27 0.000297964
33.28 0.000281257
33.29 0.00026261
33.3 0.000242206
33.31 0.000220204
33.32 0.000196748
33.33 0.000171957
33.34 0.000145913
33.35 0.000118655
33.36 9.02097e-05
33.37 6.06578e-05
33.38 3.01869e-05
33.39 -8.91961e-07
33.4 -3.21766e-05
33.41 -6.32319e-05
33.42 -9.36403e-05
33.43 -0.000123027
33.44 -0.000151061
33.45 -0.000177444
33.46 -0.000201892
33.47 -0.000224116
33.48 -0.000243831
33.49 -0.000260781
33.5 -0.000274793
33.51 -0.000285825
33.52 -0.00029398
33.53 -0.000299479
33.54 -0.000302605
33.55 -0.000303634
33.56 -0.000302807
33.57 -0.00030031
33.58 -0.000296288
33.59 -0.000290867
33.6 -0.000284182
33.61 -0.000276402
33.62 -0.00026774
33.63 -0.00025844
33.64 -0.000248738
33.65 -0.000238822
33.66 -0.000228804
33.67 -0.000218737
33.68 -0.000208652
33.69 -0.000198593
33.7 -0.000188646
33.71 -0.000178935
33.72 -0.000169603
33.73 -0.000160792
33.74 -0.000152615
33.75 -0.000145144
33.76 -0.000138399
33.77 -0.000132348
33.78 -0.000126918
33.79 -0.000122021
33.8 -0.000117576
33.81 -0.000113523
33.82 -0.000109799
33.83 -0.000106316
33.84 -0.000102952
33.85 -9.95644e-05
33.86 -9.60096e-05
33.87 -9.21547e-05
33.88 -8.787e-05
33.89 -8.30217e-05
33.9 -7.74709e-05
33.91 -7.10812e-05
33.92 -6.37289e-05
33.93 -5.5313e-05
33.94 -4.57636e-05
33.95 -3.50443e-05
33.96 -2.31455e-05
33.97 -1.00731e-05
33.98 4.15441e-06
33.99 1.94969e-05
34 3.58795e-05
34.01 5.31899e-05
34.02 7.12885e-05
34.03 9.00242e-05
34.04 0.000109246
34.05 0.000128803
34.06 0.000148536
34.07 0.000168268
34.08 0.000187795
34.09 0.000206881
34.1 0.000225261
34.11 0.000242646
34.12 0.000258737
34.13 0.000273245
34.14 0.000285912
34.15 0.000296545
34.16 0.000305026
34.17 0.000311323
34.18 0.000315474
34.19 0.000317563
34.2 0.000317697
34.21 0.000315988
34.22 0.000312538
34.23 0.000307449
34.24 0.00030082
34.25 0.000292753
34.26 0.000283353
34.27 0.000272721
34.28 0.000260947
34.29 0.000248114
34.3 0.000234301
34.31 0.000219592
34.32 0.000204082
34.33 0.000187885
34.34 0.000171123
34.35 0.000153929
34.36 0.000136437
34.37 0.00011878
34.38 0.000101084
34.39 8.34664e-05
34.4 6.60305e-05
34.41 4.8867e-05
34.42 3.20575e-05
34.43 1.568e-05
34.44 -1.86637e-07
34.45 -1.54625e-05
34.46 -3.00711e-05
34.47 -4.39452e-05
34.48 -5.70329e-05
34.49 -6.93012e-05
34.5 -8.07375e-05
34.51 -9.13488e-05
34.52 -0.000101159
34.53 -0.000110209
34.54 -0.000118547
34.55 -0.000126234
34.56 -0.00013333
34.57 -0.000139898
34.58 -0.000145999
34.59 -0.000151691
34.6 -0.00015703
34.61 -0.000162066
34.62 -0.000166842
34.63 -0.000171398
34.64 -0.000175765
34.65 -0.000179972
34.66 -0.000184041
34.67 -0.00018799
34.68 -0.00019183
34.69 -0.000195567
34.7 -0.000199192
34.71 -0.000202684
34.72 -0.000206009
34.73 -0.000209121
34.74 -0.00021196
34.75 -0.000214458
34.76 -0.000216545
34.77 -0.000218148
34.78 -0.000219195
34.79 -0.000219619
34.8 -0.000219357
34.81 -0.00021835
34.82 -0.000216545
34.83 -0.000213893
34.84 -0.00021035
34.85 -0.000205878
34.86 -0.000200446
34.87 -0.000194031
34.88 -0.000186619
34.89 -0.000178204
34.9 -0.000168794
34.91 -0.000158404
34.92 -0.000147061
34.93 -0.000134804
34.94 -0.000121681
34.95 -0.000107748
34.96 -9.30697e-05
34.97 -7.77178e-05
34.98 -6.17691e-05
34.99 -4.53058e-05
35 -2.84155e-05
35.01 -1.11917e-05
35.02 6.26511e-06
35.03 2.38472e-05
35.04 4.14397e-05
35.05 5.89207e-05
35.06 7.61621e-05
35.07 9.30308e-05
35.08 0.000109391
35.09 0.000125109
35.1 0.000140056
35.11 0.000154113
35.12 0.000167175
35.13 0.000179155
35.14 0.000189985
35.15 0.000199615
35.16 0.000208017
35.17 0.000215179
35.18 0.000221106
35.19 0.000225817
35.2 0.000229344
35.21 0.000231728
35.22 0.000233016
35.23 0.000233264
35.24 0.00023253
35.25 0.000230877
35.26 0.000228371
35.27 0.000225077
35.28 0.000221063
35.29 0.000216395
35.3 0.000211138
35.31 0.000205355
35.32 0.000199107
35.33 0.000192448
35.34 0.000185433
35.35 0.000178109
35.36 0.000170521
35.37 0.00016271
35.38 0.00015471
35.39 0.000146553
35.4 0.000138267
35.41 0.000129873
35.42 0.000121388
35.43 0.000112826
35.44 0.000104192
35.45 9.549e-05
35.46 8.67175e-05
35.47 7.78683e-05
35.48 6.8933e-05
35.49 5.98999e-05
35.5 5.07554e-05
35.51 4.14856e-05
35.52 3.20767e-05
35.53 2.25162e-05
35.54 1.27939e-05
35.55 2.90227e-06
35.56 -7.16277e-06
35.57 -1.74012e-05
35.58 -2.78084e-05
35.59 -3.83748e-05
35.6 -4.90853e-05
35.61 -5.99191e-05
35.62 -7.0849e-05
35.63 -8.18413e-05
35.64 -9.28556e-05
35.65 -0.000103845
35.66 -0.000114755
35.67 -0.000125527
35.68 -0.000136094
35.69 -0.000146387
35.7 -0.00015633
35.71 -0.000165849
35.72 -0.000174864
35.73 -0.000183299
35.74 -0.00019108
35.75 -0.000198136
35.76 -0.000204401
35.77 -0.000209817
35.78 -0.000214333
35.79 -0.00021791
35.8 -0.000220514
35.81 -0.000222124
35.82 -0.000222728
35.83 -0.000222321
35.84 -0.00022091
35.85 -0.000218508
35.86 -0.000215134
35.87 -0.000210815
35.88 -0.000205582
35.89 -0.000199473
35.9 -0.000192527
35.91 -0.00018479
35.92 -0.000176309
35.93 -0.000167134
35.94 -0.000157319
35.95 -0.000146919
35.96 -0.000135993
35.97 -0.000124601
35.98 -0.000112804
35.99 -0.000100666
36 -8.82518e-05
36.01 -7.5627e-05
36.02 -6.2857e-05
36.03 -5.00072e-05
36.04 -3.7142e-05
36.05 -2.43244e-05
36.06 -1.16154e-05
36.07 9.26704e-07
36.08 1.32466e-05
36.09 2.52927e-05
36.1 3.70176e-05
36.11 4.83784e-05
36.12 5.93372e-05
36.13 6.98612e-05
36.14 7.99232e-05
36.15 8.95013e-05
36.16 9.85788e-05
36.17 0.000107144
36.18 0.000115191
36.19 0.000122716
36.2 0.000129722
36.21 0.000136212
36.22 0.000142194
36.23 0.000147677
36.24 0.000152672
36.25 0.000157189
36.26 0.00016124
36.27 0.000164836
36.28 0.000167988
36.29 0.000170704
36.3 0.000172991
36.31 0.000174857
36.32 0.000176305
36.33 0.000177337
36.34 0.000177954
36.35 0.000178153
36.36 0.000177931
36.37 0.000177281
36.38 0.000176197
36.39 0.000174669
36.4 0.000172688
36.41 0.000170243
36.42 0.000167325
36.43 0.000163922
36.44 0.000160024
36.45 0.000155623
36.46 0.000150712
36.47 0.000145285
36.48 0.000139338
36.49 0.000132871
36.5 0.000125885
36.51 0.000118386
36.52 0.000110382
36.53 0.000101884
36.54 9.29089e-05
36.55 8.34754e-05
36.56 7.36073e-05
36.57 6.33326e-05
36.58 5.2683e-05
36.59 4.1695e-05
36.6 3.04088e-05
36.61 1.8869e-05
36.62 7.12398e-06
36.63 -4.77395e-06
36.64 -1.6769e-05
36.65 -2.88023e-05
36.66 -4.08119e-05
36.67 -5.27337e-05
36.68 -6.45016e-05
36.69 -7.60486e-05
36.7 -8.73072e-05
36.71 -9.82105e-05
36.72 -0.000108693
36.73 -0.000118692
36.74 -0.000128148
36.75 -0.000137007
36.76 -0.000145218
36.77 -0.00015274
36.78 -0.000159535
36.79 -0.000165576
36.8 -0.00017084
36.81 -0.000175314
36.82 -0.000178991
36.83 -0.000181872
36.84 -0.000183962
36.85 -0.000185274
36.86 -0.000185824
36.87 -0.000185635
36.88 -0.000184729
36.89 -0.000183136
36.9 -0.000180886
36.91 -0.00017801
36.92 -0.000174543
36.93 -0.000170518
36.94 -0.000165971
36.95 -0.000160938
36.96 -0.000155453
36.97 -0.000149552
36.98 -0.00014327
36.99 -0.00013664
37 -0.000129693
37.01 -0.000122463
37.02 -0.000114977
37.03 -0.000107264
37.04 -9.93503e-05
37.05 -9.12604e-05
37.06 -8.30171e-05
37.07 -7.46413e-05
37.08 -6.61524e-05
37.09 -5.75681e-05
37.1 -4.89049e-05
37.11 -4.01778e-05
37.12 -3.14007e-05
37.13 -2.25868e-05
37.14 -1.37485e-05
37.15 -4.89787e-06
37.16 3.95297e-06
37.17 1.27918e-05
37.18 2.16057e-05
37.19 3.03813e-05
37.2 3.91038e-05
37.21 4.77572e-05
37.22 5.6324e-05
37.23 6.4785e-05
37.24 7.31192e-05
37.25 8.13038e-05
37.26 8.93139e-05
37.27 9.7123e-05
37.28 0.000104703
37.29 0.000112023
37.3 0.000119053
37.31 0.00012576
37.32 0.000132111
37.33 0.000138073
37.34 0.000143612
37.35 0.000148696
37.36 0.000153293
37.37 0.000157373
37.38 0.000160908
37.39 0.000163871
37.4 0.000166241
37.41 0.000167998
37.42 0.000169125
37.43 0.00016961
37.44 0.000169443
37.45 0.00016862
37.46 0.00016714
37.47 0.000165005
37.48 0.000162221
37.49 0.000158798
37.5 0.00015475
37.51 0.000150092
37.52 0.000144845
37.53 0.000139031
37.54 0.000132676
37.55 0.000125808
37.56 0.000118458
37.57 0.000110658
37.58 0.000102444
37.59 9.38536e-05
37.6 8.49248e-05
37.61 7.56986e-05
37.62 6.62167e-05
37.63 5.6522e-05
37.64 4.66586e-05
37.65 3.66707e-05
37.66 2.66032e-05
37.67 1.65009e-05
37.68 6.40858e-06
37.69 -3.62985e-06
37.7 -1.35712e-05
37.71 -2.33735e-05
37.72 -3.29964e-05
37.73 -4.24013e-05
37.74 -5.15519e-05
37.75 -6.04142e-05
37.76 -6.8957e-05
37.77 -7.71518e-05
37.78 -8.49733e-05
37.79 -9.2399e-05
37.8 -9.94097e-05
37.81 -0.000105989
37.82 -0.000112125
37.83 -0.000117805
37.84 -0.000123024
37.85 -0.000127776
37.86 -0.000132057
37.87 -0.000135869
37.88 -0.000139211
37.89 -0.000142086
37.9 -0.000144499
37.91 -0.000146453
37.92 -0.000147956
37.93 -0.000149012
37.94 -0.000149628
37.95 -0.000149811
37.96 -0.000149567
37.97 -0.000148902
37.98 -0.000147824
37.99 -0.000146336
38 -0.000144446
38.01 -0.000142159
38.02 -0.000139479
38.03 -0.000136412
38.04 -0.000132962
38.05 -0.000129134
38.06 -0.000124933
38.07 -0.000120365
38.08 -0.000115435
38.09 -0.00011015
38.1 -0.000104517
38.11 -9.85437e-05
38.12 -9.22394e-05
38.13 -8.56147e-05
38.14 -7.86814e-05
38.15 -7.14531e-05
38.16 -6.3945e-05
38.17 -5.61744e-05
38.18 -4.81603e-05
38.19 -3.99239e-05
38.2 -3.14885e-05
38.21 -2.28794e-05
38.22 -1.41244e-05
38.23 -5.25297e-06
38.24 3.70294e-06
38.25 1.27096e-05
38.26 2.17315e-05
38.27 3.07314e-05
38.28 3.96705e-05
38.29 4.85089e-05
38.3 5.7206e-05
38.31 6.57204e-05
38.32 7.40106e-05
38.33 8.20356e-05
38.34 8.97549e-05
38.35 9.71293e-05
38.36 0.000104121
38.37 0.000110695
38.38 0.000116818
38.39 0.000122461
38.4 0.000127596
38.41 0.000132201
38.42 0.000136256
38.43 0.000139747
38.44 0.000142661
38.45 0.000144991
38.46 0.000146734
38.47 0.00014789
38.48 0.000148462
38.49 0.000148457
38.5 0.000147885
38.51 0.000146759
38.52 0.000145093
38.53 0.000142905
38.54 0.000140214
38.55 0.00013704
38.56 0.000133406
38.57 0.000129336
38.58 0.000124852
38.59 0.000119981
38.6 0.000114748
38.61 0.000109179
38.62 0.000103299
38.63 9.71352e-05
38.64 9.07131e-05
38.65 8.40583e-05
38.66 7.71961e-05
38.67 7.01514e-05
38.68 6.29483e-05
38.69 5.56106e-05
38.7 4.81611e-05
38.71 4.06223e-05
38.72 3.30157e-05
38.73 2.53623e-05
38.74 1.76824e-05
38.75 9.99575e-06
38.76 2.32145e-06
38.77 -5.32186e-06
38.78 -1.29159e-05
38.79 -2.04429e-05
38.8 -2.78852e-05
38.81 -3.52254e-05
38.82 -4.24461e-05
38.83 -4.953e-05
38.84 -5.64599e-05
38.85 -6.32182e-05
38.86 -6.97874e-05
38.87 -7.61498e-05
38.88 -8.22875e-05
38.89 -8.81824e-05
38.9 -9.38164e-05
38.91 -9.91712e-05
38.92 -0.000104229
38.93 -0.000108971
38.94 -0.00011338
38.95 -0.000117438
38.96 -0.000121129
38.97 -0.000124436
38.98 -0.000127344
38.99 -0.000129839
39 -0.000131906
39.01 -0.000133535
39.02 -0.000134715
39.03 -0.000135436
39.04 -0.000135691
39.05 -0.000135476
39.06 -0.000134786
39.07 -0.00013362
39.08 -0.000131978
39.09 -0.000129864
39.1 -0.000127281
39.11 -0.000124236
39.12 -0.000120738
39.13 -0.000116798
39.14 -0.000112428
39.15 -0.000107645
39.16 -0.000102464
39.17 -9.6904e-05
39.18 -9.09865e-05
39.19 -8.47333e-05
39.2 -7.81686e-05
39.21 -7.1318e-05
39.22 -6.42086e-05
39.23 -5.68688e-05
39.24 -4.93283e-05
39.25 -4.16178e-05
39.26 -3.3769e-05
39.27 -2.58144e-05
39.28 -1.77868e-05
39.29 -9.71971e-06
39.3 -1.64672e-06
39.31 6.3986e-06
39.32 1.43829e-05
39.33 2.22733e-05
39.34 3.00376e-05
39.35 3.76444e-05
39.36 4.50635e-05
39.37 5.22661e-05
39.38 5.92249e-05
39.39 6.59142e-05
39.4 7.23102e-05
39.41 7.83912e-05
39.42 8.41376e-05
39.43 8.95319e-05
39.44 9.45589e-05
39.45 9.92055e-05
39.46 0.000103461
39.47 0.000107317
39.48 0.000110766
39.49 0.000113805
39.5 0.00011643
39.51 0.000118641
39.52 0.000120438
39.53 0.000121823
39.54 0.000122799
39.55 0.000123371
39.56 0.000123545
39.57 0.000123326
39.58 0.000122721
39.59 0.000121737
39.6 0.000120384
39.61 0.000118668
39.62 0.000116598
39.63 0.000114183
39.64 0.000111433
39.65 0.000108357
39.66 0.000104963
39.67 0.000101262
39.68 9.72628e-05
39.69 9.29765e-05
39.7 8.84131e-05
39.71 8.35833e-05
39.72 7.84983e-05
39.73 7.31697e-05
39.74 6.76098e-05
39.75 6.18315e-05
39.76 5.58482e-05
39.77 4.96742e-05
39.78 4.33249e-05
39.79 3.68164e-05
39.8 3.01657e-05
39.81 2.3391e-05
39.82 1.65114e-05
39.83 9.54742e-06
39.84 2.52022e-06
39.85 -4.54773e-06
39.86 -1.1633e-05
39.87 -1.87113e-05
39.88 -2.57571e-05
39.89 -3.27446e-05
39.9 -3.9647e-05
39.91 -4.6437e-05
39.92 -5.30871e-05
39.93 -5.95696e-05
39.94 -6.58568e-05
39.95 -7.19214e-05
39.96 -7.77366e-05
39.97 -8.32762e-05
39.98 -8.85153e-05
39.99 -9.343e-05
40 -9.7998e-05
40.01 -0.000102199
40.02 -0.000106014
40.03 -0.000109426
40.04 -0.000112421
40.05 -0.000114987
40.06 -0.000117115
40.07 -0.000118796
40.08 -0.000120026
40.09 -0.000120802
40.1 -0.000121125
40.11 -0.000120997
40.12 -0.000120421
40.13 -0.000119405
40.14 -0.000117956
40.15 -0.000116086
40.16 -0.000113806
40.17 -0.00011113
40.18 -0.000108072
40.19 -0.000104649
40.2 -0.000100879
40.21 -9.6779e-05
40.22 -9.23694e-05
40.23 -8.76698e-05
40.24 -8.27009e-05
40.25 -7.74838e-05
40.26 -7.20401e-05
40.27 -6.63914e-05
40.28 -6.05597e-05
40.29 -5.4567e-05
40.3 -4.84352e-05
40.31 -4.21863e-05
40.32 -3.5842e-05
40.33 -2.94236e-05
40.34 -2.29523e-05
40.35 -1.64491e-05
40.36 -9.93426e-06
40.37 -3.42788e-06
40.38 3.05048e-06
40.39 9.48167e-06
40.4 1.58471e-05
40.41 2.21285e-05
40.42 2.83082e-05
40.43 3.43691e-05
40.44 4.02943e-05
40.45 4.60678e-05
40.46 5.16736e-05
40.47 5.70964e-05
40.48 6.23214e-05
40.49 6.73343e-05
40.5 7.21211e-05
40.51 7.66683e-05
40.52 8.0963e-05
40.53 8.49928e-05
40.54 8.87457e-05
40.55 9.22103e-05
40.56 9.53759e-05
40.57 9.82324e-05
40.58 0.00010077
40.59 0.000102981
40.6 0.000104856
40.61 0.000106388
40.62 0.000107571
40.63 0.0001084
40.64 0.00010887
40.65 0.000108978
40.66 0.000108722
40.67 0.000108099
40.68 0.000107111
40.69 0.000105758
40.7 0.000104043
40.71 0.000101968
40.72 9.95406e-05
40.73 9.67654e-05
40.74 9.36503e-05
40.75 9.02043e-05
40.76 8.64378e-05
40.77 8.23624e-05
40.78 7.79911e-05
40.79 7.33383e-05
40.8 6.84196e-05
40.81 6.32517e-05
40.82 5.78528e-05
40.83 5.2242e-05
40.84 4.64399e-05
40.85 4.04675e-05
40.86 3.43474e-05
40.87 2.81025e-05
40.88 2.17569e-05
40.89 1.53351e-05
40.9 8.86215e-06
40.91 2.36356e-06
40.92 -4.1349e-06
40.93 -1.06074e-05
40.94 -1.70281e-05
40.95 -2.33713e-05
40.96 -2.96118e-05
40.97 -3.57248e-05
40.98 -4.16861e-05
40.99 -4.74726e-05
41 -5.30619e-05
41.01 -5.84329e-05
41.02 -6.35658e-05
41.03 -6.84419e-05
41.04 -7.30443e-05
41.05 -7.73576e-05
41.06 -8.13679e-05
41.07 -8.5063e-05
41.08 -8.84326e-05
41.09 -9.14679e-05
41.1 -9.41619e-05
41.11 -9.6509e-05
41.12 -9.85056e-05
41.13 -0.000100149
41.14 -0.000101439
41.15 -0.000102377
41.16 -0.000102962
41.17 -0.0001032
41.18 -0.000103094
41.19 -0.000102648
41.2 -0.00010187
41.21 -0.000100765
41.22 -9.93421e-05
41.23 -9.76084e-05
41.24 -9.55729e-05
41.25 -9.32448e-05
41.26 -9.06339e-05
41.27 -8.775e-05
41.28 -8.46036e-05
41.29 -8.12055e-05
41.3 -7.75667e-05
41.31 -7.36986e-05
41.32 -6.96127e-05
41.33 -6.5321e-05
41.34 -6.08357e-05
41.35 -5.61694e-05
41.36 -5.1335e-05
41.37 -4.63458e-05
41.38 -4.12154e-05
41.39 -3.59578e-05
41.4 -3.05876e-05
41.41 -2.51198e-05
41.42 -1.95696e-05
41.43 -1.39531e-05
41.44 -8.28665e-06
41.45 -2.58716e-06
41.46 3.128e-06
41.47 8.84098e-06
41.48 1.45335e-05
41.49 2.01868e-05
41.5 2.5782e-05
41.51 3.12997e-05
41.52 3.67204e-05
41.53 4.20245e-05
41.54 4.71923e-05
41.55 5.22044e-05
41.56 5.70412e-05
41.57 6.1684e-05
41.58 6.61141e-05
41.59 7.03135e-05
41.6 7.42652e-05
41.61 7.79527e-05
41.62 8.13607e-05
41.63 8.44749e-05
41.64 8.72825e-05
41.65 8.97717e-05
41.66 9.19323e-05
41.67 9.37555e-05
41.68 9.52341e-05
41.69 9.63624e-05
41.7 9.71366e-05
41.71 9.75542e-05
41.72 9.76146e-05
41.73 9.73185e-05
41.74 9.66684e-05
41.75 9.56685e-05
41.76 9.43242e-05
41.77 9.26424e-05
41.78 9.06314e-05
41.79 8.8301e-05
41.8 8.56619e-05
41.81 8.27262e-05
41.82 7.95068e-05
41.83 7.60179e-05
41.84 7.22743e-05
41.85 6.82918e-05
41.86 6.40867e-05
41.87 5.96762e-05
41.88 5.50778e-05
41.89 5.03095e-05
41.9 4.53896e-05
41.91 4.0337e-05
41.92 3.51704e-05
41.93 2.99089e-05
41.94 2.45714e-05
41.95 1.91769e-05
41.96 1.37444e-05
41.97 8.29262e-06
41.98 2.84005e-06
41.99 -2.59506e-06
42 -7.99481e-06
42.01 -1.33417e-05
42.02 -1.86186e-05
42.03 -2.3809e-05
42.04 -2.88966e-05
42.05 -3.38661e-05
42.06 -3.87023e-05
42.07 -4.33908e-05
42.08 -4.7918e-05
42.09 -5.22706e-05
42.1 -5.64361e-05
42.11 -6.04027e-05
42.12 -6.41592e-05
42.13 -6.76951e-05
42.14 -7.10006e-05
42.15 -7.40665e-05
42.16 -7.68845e-05
42.17 -7.94466e-05
42.18 -8.17461e-05
42.19 -8.37763e-05
42.2 -8.55318e-05
42.21 -8.70077e-05
42.22 -8.81996e-05
42.23 -8.91042e-05
42.24 -8.97187e-05
42.25 -9.00412e-05
42.26 -9.00705e-05
42.27 -8.9806e-05
42.28 -8.92482e-05
42.29 -8.83983e-05
42.3 -8.72582e-05
42.31 -8.58308e-05
42.32 -8.41198e-05
42.33 -8.21297e-05
42.34 -7.98661e-05
42.35 -7.73351e-05
42.36 -7.45441e-05
42.37 -7.15013e-05
42.38 -6.82157e-05
42.39 -6.46973e-05
42.4 -6.0957e-05
42.41 -5.70067e-05
42.42 -5.28589e-05
42.43 -4.85274e-05
42.44 -4.40266e-05
42.45 -3.93715e-05
42.46 -3.45783e-05
42.47 -2.96637e-05
42.48 -2.46451e-05
42.49 -1.95405e-05
42.5 -1.43685e-05
42.51 -9.14811e-06
42.52 -3.89875e-06
42.53 1.35983e-06
42.54 6.6077e-06
42.55 1.18248e-05
42.56 1.69912e-05
42.57 2.20869e-05
42.58 2.70922e-05
42.59 3.19878e-05
42.6 3.67548e-05
42.61 4.1375e-05
42.62 4.58307e-05
42.63 5.01051e-05
42.64 5.41823e-05
42.65 5.80474e-05
42.66 6.16864e-05
42.67 6.50868e-05
42.68 6.82369e-05
42.69 7.11265e-05
42.7 7.37466e-05
42.71 7.60895e-05
42.72 7.81489e-05
42.73 7.99197e-05
42.74 8.13981e-05
42.75 8.25816e-05
42.76 8.34689e-05
42.77 8.406e-05
42.78 8.43558e-05
42.79 8.43586e-05
42.8 8.40715e-05
42.81 8.34985e-05
42.82 8.26447e-05
42.83 8.15159e-05
42.84 8.01186e-05
42.85 7.84601e-05
42.86 7.65484e-05
42.87 7.4392e-05
42.88 7.19998e-05
42.89 6.93815e-05
42.9 6.65469e-05
42.91 6.35065e-05
42.92 6.02709e-05
42.93 5.68512e-05
42.94 5.32588e-05
42.95 4.95053e-05
42.96 4.56027e-05
42.97 4.15632e-05
42.98 3.7399e-05
42.99 3.31231e-05
43 2.87481e-05
43.01 2.42873e-05
43.02 1.9754e-05
43.03 1.51617e-05
43.04 1.05243e-05
43.05 5.85565e-06
43.06 1.16992e-06
43.07 -3.51853e-06
43.08 -8.19523e-06
43.09 -1.28455e-05
43.1 -1.74547e-05
43.11 -2.2008e-05
43.12 -2.64905e-05
43.13 -3.08874e-05
43.14 -3.51839e-05
43.15 -3.93653e-05
43.16 -4.34171e-05
43.17 -4.73251e-05
43.18 -5.10752e-05
43.19 -5.46538e-05
43.2 -5.80478e-05
43.21 -6.12446e-05
43.22 -6.4232e-05
43.23 -6.69987e-05
43.24 -6.95341e-05
43.25 -7.18283e-05
43.26 -7.38724e-05
43.27 -7.56583e-05
43.28 -7.71791e-05
43.29 -7.84287e-05
43.3 -7.94022e-05
43.31 -8.00958e-05
43.32 -8.05069e-05
43.33 -8.06339e-05
43.34 -8.04765e-05
43.35 -8.00355e-05
43.36 -7.93129e-05
43.37 -7.83117e-05
43.38 -7.70361e-05
43.39 -7.54916e-05
43.4 -7.36846e-05
43.41 -7.16223e-05
43.42 -6.93133e-05
43.43 -6.67669e-05
43.44 -6.39934e-05
43.45 -6.10037e-05
43.46 -5.78098e-05
43.47 -5.44242e-05
43.48 -5.08602e-05
43.49 -4.71316e-05
43.5 -4.32526e-05
43.51 -3.92383e-05
43.52 -3.51036e-05
43.53 -3.08643e-05
43.54 -2.6536e-05
43.55 -2.21348e-05
43.56 -1.76768e-05
43.57 -1.31781e-05
43.58 -8.65483e-06
43.59 -4.12314e-06
43.6 4.01047e-07
43.61 4.90201e-06
43.62 9.36425e-06
43.63 1.37726e-05
43.64 1.81123e-05
43.65 2.23689e-05
43.66 2.65285e-05
43.67 3.05777e-05
43.68 3.45036e-05
43.69 3.82939e-05
43.7 4.19369e-05
43.71 4.54215e-05
43.72 4.87373e-05
43.73 5.18746e-05
43.74 5.48242e-05
43.75 5.75779e-05
43.76 6.01278e-05
43.77 6.24672e-05
43.78 6.45895e-05
43.79 6.64894e-05
43.8 6.81618e-05
43.81 6.96027e-05
43.82 7.08084e-05
43.83 7.17762e-05
43.84 7.2504e-05
43.85 7.29902e-05
43.86 7.3234e-05
43.87 7.32353e-05
43.88 7.29945e-05
43.89 7.25128e-05
43.9 7.17919e-05
43.91 7.08344e-05
43.92 6.96433e-05
43.93 6.82222e-05
43.94 6.65756e-05
43.95 6.47085e-05
43.96 6.26265e-05
43.97 6.03359e-05
43.98 5.78438e-05
43.99 5.51577e-05
44 5.22858e-05
44.01 4.92372e-05
44.02 4.60212e-05
44.03 4.2648e-05
44.04 3.91285e-05
44.05 3.54739e-05
44.06 3.16962e-05
44.07 2.78079e-05
44.08 2.3822e-05
44.09 1.9752e-05
44.1 1.56119e-05
44.11 1.14161e-05
44.12 7.17916e-06
44.13 2.91623e-06
44.14 -1.35743e-06
44.15 -5.62635e-06
44.16 -9.87495e-06
44.17 -1.40876e-05
44.18 -1.82487e-05
44.19 -2.23428e-05
44.2 -2.63545e-05
44.21 -3.02689e-05
44.22 -3.40713e-05
44.23 -3.77473e-05
44.24 -4.12834e-05
44.25 -4.46663e-05
44.26 -4.78835e-05
44.27 -5.09233e-05
44.28 -5.37748e-05
44.29 -5.64279e-05
44.3 -5.88732e-05
44.31 -6.11027e-05
44.32 -6.31089e-05
44.33 -6.48856e-05
44.34 -6.64274e-05
44.35 -6.77302e-05
44.36 -6.87907e-05
44.37 -6.96066e-05
44.38 -7.01768e-05
44.39 -7.0501e-05
44.4 -7.058e-05
44.41 -7.04153e-05
44.42 -7.00095e-05
44.43 -6.9366e-05
44.44 -6.84889e-05
44.45 -6.73833e-05
44.46 -6.60547e-05
44.47 -6.45094e-05
44.48 -6.27545e-05
44.49 -6.07975e-05
44.5 -5.86464e-05
44.51 -5.63098e-05
44.52 -5.37968e-05
44.53 -5.11166e-05
44.54 -4.82792e-05
44.55 -4.52946e-05
44.56 -4.21733e-05
44.57 -3.8926e-05
44.58 -3.55636e-05
44.59 -3.20974e-05
44.6 -2.85386e-05
44.61 -2.48988e-05
44.62 -2.11897e-05
44.63 -1.7423e-05
44.64 -1.36107e-05
44.65 -9.76483e-06
44.66 -5.89736e-06
44.67 -2.02045e-06
44.68 1.85377e-06
44.69 5.71314e-06
44.7 9.54554e-06
44.71 1.33389e-05
44.72 1.70811e-05
44.73 2.07603e-05
44.74 2.43646e-05
44.75 2.78825e-05
44.76 3.13023e-05
44.77 3.46129e-05
44.78 3.78033e-05
44.79 4.08627e-05
44.8 4.37808e-05
44.81 4.65476e-05
44.82 4.91536e-05
44.83 5.15897e-05
44.84 5.38472e-05
44.85 5.59183e-05
44.86 5.77954e-05
44.87 5.94718e-05
44.88 6.09413e-05
44.89 6.21985e-05
44.9 6.32388e-05
44.91 6.40581e-05
44.92 6.46535e-05
44.93 6.50225e-05
44.94 6.51638e-05
44.95 6.50766e-05
44.96 6.47613e-05
44.97 6.42189e-05
44.98 6.34513e-05
44.99 6.24613e-05
45 6.12527e-05
45.01 5.98298e-05
45.02 5.81979e-05
45.03 5.63633e-05
45.04 5.43326e-05
45.05 5.21136e-05
45.06 4.97146e-05
45.07 4.71445e-05
45.08 4.4413e-05
45.09 4.15302e-05
45.1 3.85071e-05
45.11 3.53549e-05
45.12 3.20853e-05
45.13 2.87105e-05
45.14 2.5243e-05
45.15 2.16957e-05
45.16 1.80815e-05
45.17 1.44138e-05
45.18 1.07059e-05
45.19 6.97137e-06
45.2 3.2236e-06
45.21 -5.23919e-07
45.22 -4.25782e-06
45.23 -7.96489e-06
45.24 -1.16321e-05
45.25 -1.52467e-05
45.26 -1.87963e-05
45.27 -2.22687e-05
45.28 -2.56522e-05
45.29 -2.89356e-05
45.3 -3.21079e-05
45.31 -3.51591e-05
45.32 -3.80792e-05
45.33 -4.0859e-05
45.34 -4.34901e-05
45.35 -4.59644e-05
45.36 -4.82746e-05
45.37 -5.04138e-05
45.38 -5.23761e-05
45.39 -5.4156e-05
45.4 -5.57487e-05
45.41 -5.715e-05
45.42 -5.83566e-05
45.43 -5.93655e-05
45.44 -6.01745e-05
45.45 -6.0782e-05
45.46 -6.11871e-05
45.47 -6.13894e-05
45.48 -6.13891e-05
45.49 -6.1187e-05
45.5 -6.07845e-05
45.51 -6.01835e-05
45.52 -5.93866e-05
45.53 -5.83967e-05
45.54 -5.72175e-05
45.55 -5.5853e-05
45.56 -5.43078e-05
45.57 -5.25871e-05
45.58 -5.06963e-05
45.59 -4.86417e-05
45.6 -4.64299e-05
45.61 -4.40678e-05
45.62 -4.1563e-05
45.63 -3.89235e-05
45.64 -3.61577e-05
45.65 -3.32745e-05
45.66 -3.02831e-05
45.67 -2.71933e-05
45.68 -2.4015e-05
45.69 -2.07588e-05
45.7 -1.74354e-05
45.71 -1.40559e-05
45.72 -1.06316e-05
45.73 -7.17416e-06
45.74 -3.69544e-06
45.75 -2.07436e-07
45.76 3.27772e-06
45.77 6.74779e-06
45.78 1.01905e-05
45.79 1.35936e-05
45.8 1.69449e-05
45.81 2.02324e-05
45.82 2.34441e-05
45.83 2.65683e-05
45.84 2.95937e-05
45.85 3.25093e-05
45.86 3.53044e-05
45.87 3.79688e-05
45.88 4.0493e-05
45.89 4.28677e-05
45.9 4.50845e-05
45.91 4.71356e-05
45.92 4.90137e-05
45.93 5.07125e-05
45.94 5.22262e-05
45.95 5.35498e-05
45.96 5.46793e-05
45.97 5.56113e-05
45.98 5.63431e-05
45.99 5.68732e-05
46 5.72005e-05
46.01 5.73249e-05
46.02 5.72471e-05
46.03 5.69684e-05
46.04 5.64909e-05
46.05 5.58176e-05
46.06 5.4952e-05
46.07 5.38983e-05
46.08 5.26613e-05
46.09 5.12465e-05
46.1 4.96599e-05
46.11 4.7908e-05
46.12 4.59979e-05
46.13 4.3937e-05
46.14 4.17332e-05
46.15 3.93949e-05
46.16 3.69307e-05
46.17 3.43495e-05
46.18 3.16605e-05
46.19 2.88734e-05
46.2 2.59977e-05
46.21 2.30434e-05
46.22 2.00205e-05
46.23 1.69392e-05
46.24 1.38098e-05
46.25 1.06426e-05
46.26 7.44811e-06
46.27 4.23668e-06
46.28 1.01876e-06
46.29 -2.19525e-06
46.3 -5.39501e-06
46.31 -8.57024e-06
46.32 -1.17108e-05
46.33 -1.48066e-05
46.34 -1.78477e-05
46.35 -2.08245e-05
46.36 -2.37274e-05
46.37 -2.6547e-05
46.38 -2.92744e-05
46.39 -3.19007e-05
46.4 -3.44174e-05
46.41 -3.68164e-05
46.42 -3.90897e-05
46.43 -4.12301e-05
46.44 -4.32304e-05
46.45 -4.5084e-05
46.46 -4.67847e-05
46.47 -4.83268e-05
46.48 -4.97052e-05
46.49 -5.09152e-05
46.5 -5.19526e-05
46.51 -5.28139e-05
46.52 -5.3496e-05
46.53 -5.39966e-05
46.54 -5.4314e-05
46.55 -5.44469e-05
46.56 -5.43948e-05
46.57 -5.4158e-05
46.58 -5.3737e-05
46.59 -5.31334e-05
46.6 -5.23493e-05
46.61 -5.13873e-05
46.62 -5.02509e-05
46.63 -4.89439e-05
46.64 -4.74712e-05
46.65 -4.58377e-05
46.66 -4.40495e-05
46.67 -4.21129e-05
46.68 -4.00348e-05
46.69 -3.78227e-05
46.7 -3.54846e-05
46.71 -3.3029e-05
46.72 -3.04646e-05
46.73 -2.78009e-05
46.74 -2.50475e-05
46.75 -2.22144e-05
46.76 -1.93118e-05
46.77 -1.63502e-05
46.78 -1.33405e-05
46.79 -1.02935e-05
46.8 -7.22018e-06
46.81 -4.13167e-06
46.82 -1.03905e-06
46.83 2.04659e-06
46.84 5.11425e-06
46.85 8.15303e-06
46.86 1.11522e-05
46.87 1.41013e-05
46.88 1.69899e-05
46.89 1.98081e-05
46.9 2.25463e-05
46.91 2.51952e-05
46.92 2.77458e-05
46.93 3.01898e-05
46.94 3.2519e-05
46.95 3.4726e-05
46.96 3.68038e-05
46.97 3.87459e-05
46.98 4.05464e-05
46.99 4.21998e-05
47 4.37014e-05
47.01 4.50469e-05
47.02 4.62326e-05
47.03 4.72555e-05
47.04 4.81129e-05
47.05 4.8803e-05
47.06 4.93243e-05
47.07 4.9676e-05
47.08 4.98578e-05
47.09 4.987e-05
47.1 4.97133e-05
47.11 4.9389e-05
47.12 4.88989e-05
47.13 4.82452e-05
47.14 4.74308e-05
47.15 4.64588e-05
47.16 4.53328e-05
47.17 4.40571e-05
47.18 4.2636e-05
47.19 4.10746e-05
47.2 3.93781e-05
47.21 3.75524e-05
47.22 3.56033e-05
47.23 3.35376e-05
47.24 3.13618e-05
47.25 2.90832e-05
47.26 2.67092e-05
47.27 2.42475e-05
47.28 2.17062e-05
47.29 1.90937e-05
47.3 1.64184e-05
47.31 1.36892e-05
47.32 1.09151e-05
47.33 8.10524e-06
47.34 5.26909e-06
47.35 2.41612e-06
47.36 -4.44053e-07
47.37 -3.30173e-06
47.38 -6.14717e-06
47.39 -8.97059e-06
47.4 -1.17623e-05
47.41 -1.45125e-05
47.42 -1.72117e-05
47.43 -1.98504e-05
47.44 -2.24193e-05
47.45 -2.49094e-05
47.46 -2.73118e-05
47.47 -2.9618e-05
47.48 -3.18198e-05
47.49 -3.39093e-05
47.5 -3.58792e-05
47.51 -3.77224e-05
47.52 -3.94326e-05
47.53 -4.10036e-05
47.54 -4.243e-05
47.55 -4.37069e-05
47.56 -4.483e-05
47.57 -4.57956e-05
47.58 -4.66005e-05
47.59 -4.72424e-05
47.6 -4.77192e-05
47.61 -4.80299e-05
47.62 -4.81738e-05
47.63 -4.81511e-05
47.64 -4.79624e-05
47.65 -4.7609e-05
47.66 -4.70929e-05
47.67 -4.64166e-05
47.68 -4.55831e-05
47.69 -4.45962e-05
47.7 -4.34599e-05
47.71 -4.2179e-05
47.72 -4.07587e-05
47.73 -3.92046e-05
47.74 -3.75226e-05
47.75 -3.57194e-05
47.76 -3.38017e-05
47.77 -3.17767e-05
47.78 -2.96518e-05
47.79 -2.74349e-05
47.8 -2.51338e-05
47.81 -2.27569e-05
47.82 -2.03125e-05
47.83 -1.78092e-05
47.84 -1.52558e-05
47.85 -1.26609e-05
47.86 -1.00335e-05
47.87 -7.38243e-06
47.88 -4.71668e-06
47.89 -2.04515e-06
47.9 6.23296e-07
47.91 3.27983e-06
47.92 5.91572e-06
47.93 8.52235e-06
47.94 1.10912e-05
47.95 1.3614e-05
47.96 1.60826e-05
47.97 1.84889e-05
47.98 2.08254e-05
47.99 2.30844e-05
48 2.52588e-05
48.01 2.73417e-05
48.02 2.93262e-05
48.03 3.12063e-05
48.04 3.29757e-05
48.05 3.4629e-05
48.06 3.61609e-05
48.07 3.75664e-05
48.08 3.88411e-05
48.09 3.99809e-05
48.1 4.09822e-05
48.11 4.18418e-05
48.12 4.25569e-05
48.13 4.31253e-05
48.14 4.35452e-05
48.15 4.38152e-05
48.16 4.39346e-05
48.17 4.3903e-05
48.18 4.37204e-05
48.19 4.33878e-05
48.2 4.2906e-05
48.21 4.2277e-05
48.22 4.15028e-05
48.23 4.05861e-05
48.24 3.953e-05
48.25 3.83383e-05
48.26 3.7015e-05
48.27 3.55648e-05
48.28 3.39927e-05
48.29 3.23042e-05
48.3 3.05051e-05
48.31 2.86019e-05
48.32 2.66012e-05
48.33 2.451e-05
48.34 2.23357e-05
48.35 2.00862e-05
48.36 1.77692e-05
48.37 1.53931e-05
48.38 1.29663e-05
48.39 1.04976e-05
48.4 7.99556e-06
48.41 5.46926e-06
48.42 2.92768e-06
48.43 3.79884e-07
48.44 -2.16506e-06
48.45 -4.69811e-06
48.46 -7.21027e-06
48.47 -9.69265e-06
48.48 -1.21365e-05
48.49 -1.45333e-05
48.5 -1.68745e-05
48.51 -1.91522e-05
48.52 -2.13584e-05
48.53 -2.34855e-05
48.54 -2.55265e-05
48.55 -2.74743e-05
48.56 -2.93226e-05
48.57 -3.10652e-05
48.58 -3.26965e-05
48.59 -3.42113e-05
48.6 -3.56049e-05
48.61 -3.68731e-05
48.62 -3.80119e-05
48.63 -3.90182e-05
48.64 -3.98892e-05
48.65 -4.06224e-05
48.66 -4.12162e-05
48.67 -4.16691e-05
48.68 -4.19804e-05
48.69 -4.21497e-05
48.7 -4.21772e-05
48.71 -4.20634e-05
48.72 -4.18093e-05
48.73 -4.14165e-05
48.74 -4.0887e-05
48.75 -4.02229e-05
48.76 -3.94272e-05
48.77 -3.8503e-05
48.78 -3.74538e-05
48.79 -3.62835e-05
48.8 -3.49964e-05
48.81 -3.3597e-05
48.82 -3.20904e-05
48.83 -3.04816e-05
48.84 -2.87762e-05
48.85 -2.69801e-05
48.86 -2.50993e-05
48.87 -2.314e-05
48.88 -2.11089e-05
48.89 -1.90126e-05
48.9 -1.68582e-05
48.91 -1.46528e-05
48.92 -1.24037e-05
48.93 -1.01183e-05
48.94 -7.80422e-06
48.95 -5.46912e-06
48.96 -3.12076e-06
48.97 -7.66981e-07
48.98 1.58435e-06
48.99 3.92534e-06
49 6.24812e-06
49.01 8.54484e-06
49.02 1.08077e-05
49.03 1.3029e-05
49.04 1.52012e-05
49.05 1.73169e-05
49.06 1.93686e-05
49.07 2.13495e-05
49.08 2.32526e-05
49.09 2.50713e-05
49.1 2.67993e-05
49.11 2.84307e-05
49.12 2.99597e-05
49.13 3.13812e-05
49.14 3.269e-05
49.15 3.38818e-05
49.16 3.49524e-05
49.17 3.58982e-05
49.18 3.67161e-05
49.19 3.74032e-05
49.2 3.79575e-05
49.21 3.8377e-05
49.22 3.86608e-05
49.23 3.88079e-05
49.24 3.88182e-05
49.25 3.8692e-05
49.26 3.843e-05
49.27 3.80337e-05
49.28 3.75047e-05
49.29 3.68453e-05
49.3 3.60583e-05
49.31 3.51468e-05
49.32 3.41145e-05
49.33 3.29655e-05
49.34 3.17041e-05
49.35 3.03352e-05
49.36 2.8864e-05
49.37 2.7296e-05
49.38 2.5637e-05
49.39 2.38933e-05
49.4 2.2071e-05
49.41 2.0177e-05
49.42 1.8218e-05
49.43 1.6201e-05
49.44 1.41332e-05
49.45 1.20219e-05
49.46 9.87455e-06
49.47 7.69858e-06
49.48 5.50154e-06
49.49 3.291e-06
49.5 1.0745e-06
49.51 -1.14042e-06
49.52 -3.34626e-06
49.53 -5.53564e-06
49.54 -7.70122e-06
49.55 -9.83584e-06
49.56 -1.19324e-05
49.57 -1.39841e-05
49.58 -1.59841e-05
49.59 -1.79261e-05
49.6 -1.98036e-05
49.61 -2.16107e-05
49.62 -2.33415e-05
49.63 -2.49906e-05
49.64 -2.65527e-05
49.65 -2.80228e-05
49.66 -2.93964e-05
49.67 -3.06691e-05
49.68 -3.1837e-05
49.69 -3.28964e-05
49.7 -3.38442e-05
49.71 -3.46773e-05
49.72 -3.53933e-05
49.73 -3.599e-05
49.74 -3.64656e-05
49.75 -3.68189e-05
49.76 -3.70487e-05
49.77 -3.71545e-05
49.78 -3.71362e-05
49.79 -3.69939e-05
49.8 -3.67283e-05
49.81 -3.63404e-05
49.82 -3.58317e-05
49.83 -3.52038e-05
49.84 -3.44592e-05
49.85 -3.36002e-05
49.86 -3.26301e-05
49.87 -3.1552e-05
49.88 -3.03697e-05
49.89 -2.90874e-05
49.9 -2.77093e-05
49.91 -2.62404e-05
49.92 -2.46856e-05
49.93 -2.30504e-05
49.94 -2.13404e-05
49.95 -1.95616e-05
49.96 -1.77201e-05
49.97 -1.58224e-05
49.98 -1.38751e-05
49.99 -1.1885e-05
50 -9.85904e-06
50.01 -7.80441e-06
50.02 -5.72828e-06
50.03 -3.63796e-06
50.04 -1.54081e-06
50.05 5.55788e-07
50.06 2.64446e-06
50.07 4.71786e-06
50.08 6.7687e-06
50.09 8.78978e-06
50.1 1.0774e-05
50.11 1.27145e-05
50.12 1.46045e-05
50.13 1.64374e-05
50.14 1.82069e-05
50.15 1.99069e-05
50.16 2.15317e-05
50.17 2.30757e-05
50.18 2.45339e-05
50.19 2.59012e-05
50.2 2.71733e-05
50.21 2.83461e-05
50.22 2.94158e-05
50.23 3.03791e-05
50.24 3.1233e-05
50.25 3.19751e-05
50.26 3.26033e-05
50.27 3.31157e-05
50.28 3.35113e-05
50.29 3.37891e-05
50.3 3.39486e-05
50.31 3.399e-05
50.32 3.39135e-05
50.33 3.37199e-05
50.34 3.34104e-05
50.35 3.29865e-05
50.36 3.24502e-05
50.37 3.18038e-05
50.38 3.10498e-05
50.39 3.01912e-05
50.4 2.92314e-05
50.41 2.81739e-05
50.42 2.70225e-05
50.43 2.57816e-05
50.44 2.44554e-05
50.45 2.30487e-05
50.46 2.15663e-05
50.47 2.00135e-05
50.48 1.83955e-05
50.49 1.67179e-05
50.5 1.49864e-05
50.51 1.32067e-05
50.52 1.1385e-05
50.53 9.52728e-06
50.54 7.63979e-06
50.55 5.72883e-06
50.56 3.80077e-06
50.57 1.86204e-06
50.58 -8.09004e-08
50.59 -2.02157e-06
50.6 -3.95351e-06
50.61 -5.87026e-06
50.62 -7.76542e-06
50.63 -9.63265e-06
50.64 -1.14657e-05
50.65 -1.32584e-05
50.66 -1.50047e-05
50.67 -1.66988e-05
50.68 -1.83349e-05
50.69 -1.99075e-05
50.7 -2.14112e-05
50.71 -2.2841e-05
50.72 -2.41921e-05
50.73 -2.54598e-05
50.74 -2.66398e-05
50.75 -2.77281e-05
50.76 -2.87211e-05
50.77 -2.96153e-05
50.78 -3.04079e-05
50.79 -3.10961e-05
50.8 -3.16776e-05
50.81 -3.21507e-05
50.82 -3.25136e-05
50.83 -3.27655e-05
50.84 -3.29054e-05
50.85 -3.29332e-05
50.86 -3.28489e-05
50.87 -3.26531e-05
50.88 -3.23465e-05
50.89 -3.19306e-05
50.9 -3.1407e-05
50.91 -3.07777e-05
50.92 -3.00453e-05
50.93 -2.92126e-05
50.94 -2.82827e-05
50.95 -2.72591e-05
50.96 -2.61457e-05
50.97 -2.49466e-05
50.98 -2.36662e-05
50.99 -2.23094e-05
51 -2.08809e-05
51.01 -1.93862e-05
51.02 -1.78304e-05
51.03 -1.62194e-05
51.04 -1.45587e-05
51.05 -1.28545e-05
51.06 -1.11127e-05
51.07 -9.33942e-06
51.08 -7.541e-06
51.09 -5.72369e-06
51.1 -3.89383e-06
51.11 -2.05775e-06
51.12 -2.2178e-07
51.13 1.60779e-06
51.14 3.42471e-06
51.15 5.22283e-06
51.16 6.99607e-06
51.17 8.7385e-06
51.18 1.04443e-05
51.19 1.21078e-05
51.2 1.37235e-05
51.21 1.52861e-05
51.22 1.67906e-05
51.23 1.8232e-05
51.24 1.96058e-05
51.25 2.09074e-05
51.26 2.21329e-05
51.27 2.32783e-05
51.28 2.434e-05
51.29 2.53148e-05
51.3 2.61996e-05
51.31 2.69918e-05
51.32 2.7689e-05
51.33 2.82891e-05
51.34 2.87904e-05
51.35 2.91914e-05
51.36 2.94912e-05
51.37 2.96888e-05
51.38 2.9784e-05
51.39 2.97765e-05
51.4 2.96667e-05
51.41 2.9455e-05
51.42 2.91425e-05
51.43 2.87303e-05
51.44 2.82199e-05
51.45 2.76133e-05
51.46 2.69125e-05
51.47 2.61201e-05
51.48 2.52389e-05
51.49 2.42719e-05
51.5 2.32224e-05
51.51 2.20942e-05
51.52 2.08911e-05
51.53 1.96172e-05
51.54 1.82769e-05
51.55 1.68749e-05
51.56 1.54159e-05
51.57 1.3905e-05
51.58 1.23475e-05
51.59 1.07486e-05
51.6 9.11398e-06
51.61 7.4492e-06
51.62 5.76004e-06
51.63 4.05237e-06
51.64 2.33212e-06
51.65 6.05255e-07
51.66 -1.12221e-06
51.67 -2.84427e-06
51.68 -4.55492e-06
51.69 -6.24823e-06
51.7 -7.9183e-06
51.71 -9.55932e-06
51.72 -1.11656e-05
51.73 -1.27316e-05
51.74 -1.42518e-05
51.75 -1.57211e-05
51.76 -1.71344e-05
51.77 -1.84868e-05
51.78 -1.97738e-05
51.79 -2.09909e-05
51.8 -2.21342e-05
51.81 -2.31998e-05
51.82 -2.41842e-05
51.83 -2.50842e-05
51.84 -2.58968e-05
51.85 -2.66197e-05
51.86 -2.72504e-05
51.87 -2.77872e-05
51.88 -2.82284e-05
51.89 -2.8573e-05
51.9 -2.882e-05
51.91 -2.8969e-05
51.92 -2.90198e-05
51.93 -2.89726e-05
51.94 -2.8828e-05
51.95 -2.85868e-05
51.96 -2.82503e-05
51.97 -2.78199e-05
51.98 -2.72975e-05
51.99 -2.66852e-05
52 -2.59855e-05
52.01 -2.52011e-05
52.02 -2.43349e-05
52.03 -2.33902e-05
52.04 -2.23704e-05
52.05 -2.12793e-05
52.06 -2.01208e-05
52.07 -1.8899e-05
52.08 -1.76182e-05
52.09 -1.62829e-05
52.1 -1.48977e-05
52.11 -1.34675e-05
52.12 -1.19971e-05
52.13 -1.04916e-05
52.14 -8.95603e-06
52.15 -7.39567e-06
52.16 -5.81576e-06
52.17 -4.22162e-06
52.18 -2.6186e-06
52.19 -1.01208e-06
52.2 5.9258e-07
52.21 2.19002e-06
52.22 3.77491e-06
52.23 5.34197e-06
52.24 6.88599e-06
52.25 8.40182e-06
52.26 9.88442e-06
52.27 1.13289e-05
52.28 1.27303e-05
52.29 1.40841e-05
52.3 1.53858e-05
52.31 1.6631e-05
52.32 1.78156e-05
52.33 1.89357e-05
52.34 1.99874e-05
52.35 2.09673e-05
52.36 2.18722e-05
52.37 2.26991e-05
52.38 2.34451e-05
52.39 2.41079e-05
52.4 2.46853e-05
52.41 2.51754e-05
52.42 2.55767e-05
52.43 2.58878e-05
52.44 2.61078e-05
52.45 2.6236e-05
52.46 2.62722e-05
52.47 2.62164e-05
52.48 2.60689e-05
52.49 2.58303e-05
52.5 2.55016e-05
52.51 2.50842e-05
52.52 2.45795e-05
52.53 2.39896e-05
52.54 2.33167e-05
52.55 2.25631e-05
52.56 2.17318e-05
52.57 2.08258e-05
52.58 1.98483e-05
52.59 1.8803e-05
52.6 1.76937e-05
52.61 1.65243e-05
52.62 1.52992e-05
52.63 1.40226e-05
52.64 1.26991e-05
52.65 1.13336e-05
52.66 9.93078e-06
52.67 8.49572e-06
52.68 7.03347e-06
52.69 5.54917e-06
52.7 4.04805e-06
52.71 2.53536e-06
52.72 1.01636e-06
52.73 -5.03662e-07
52.74 -2.01945e-06
52.75 -3.5258e-06
52.76 -5.01753e-06
52.77 -6.48957e-06
52.78 -7.9369e-06
52.79 -9.35465e-06
52.8 -1.07381e-05
52.81 -1.20825e-05
52.82 -1.33835e-05
52.83 -1.46367e-05
52.84 -1.58381e-05
52.85 -1.69838e-05
52.86 -1.807e-05
52.87 -1.90932e-05
52.88 -2.00502e-05
52.89 -2.0938e-05
52.9 -2.17538e-05
52.91 -2.2495e-05
52.92 -2.31595e-05
52.93 -2.37452e-05
52.94 -2.42504e-05
52.95 -2.46737e-05
52.96 -2.50138e-05
52.97 -2.52699e-05
52.98 -2.54414e-05
52.99 -2.55279e-05
53 -2.55293e-05
53.01 -2.5446e-05
53.02 -2.52783e-05
53.03 -2.50271e-05
53.04 -2.46934e-05
53.05 -2.42784e-05
53.06 -2.37839e-05
53.07 -2.32115e-05
53.08 -2.25633e-05
53.09 -2.18418e-05
53.1 -2.10493e-05
53.11 -2.01888e-05
53.12 -1.92632e-05
53.13 -1.82757e-05
53.14 -1.72298e-05
53.15 -1.6129e-05
53.16 -1.49772e-05
53.17 -1.37783e-05
53.18 -1.25365e-05
53.19 -1.12559e-05
53.2 -9.94105e-06
53.21 -8.59639e-06
53.22 -7.22655e-06
53.23 -5.83623e-06
53.24 -4.43022e-06
53.25 -3.01334e-06
53.26 -1.59046e-06
53.27 -1.66474e-07
53.28 1.25371e-06
53.29 2.66521e-06
53.3 4.06315e-06
53.31 5.44274e-06
53.32 6.79922e-06
53.33 8.12792e-06
53.34 9.42428e-06
53.35 1.06838e-05
53.36 1.19023e-05
53.37 1.30755e-05
53.38 1.41994e-05
53.39 1.52701e-05
53.4 1.62842e-05
53.41 1.72381e-05
53.42 1.81287e-05
53.43 1.89529e-05
53.44 1.97082e-05
53.45 2.0392e-05
53.46 2.1002e-05
53.47 2.15365e-05
53.48 2.19937e-05
53.49 2.23723e-05
53.5 2.26711e-05
53.51 2.28894e-05
53.52 2.30267e-05
53.53 2.30827e-05
53.54 2.30575e-05
53.55 2.29514e-05
53.56 2.27651e-05
53.57 2.24996e-05
53.58 2.21559e-05
53.59 2.17355e-05
53.6 2.12402e-05
53.61 2.06719e-05
53.62 2.00328e-05
53.63 1.93253e-05
53.64 1.85521e-05
53.65 1.7716e-05
53.66 1.68201e-05
53.67 1.58677e-05
53.68 1.48622e-05
53.69 1.38072e-05
53.7 1.27064e-05
53.71 1.15637e-05
53.72 1.03831e-05
53.73 9.16864e-06
53.74 7.92463e-06
53.75 6.65531e-06
53.76 5.36502e-06
53.77 4.05819e-06
53.78 2.73924e-06
53.79 1.41266e-06
53.8 8.29139e-08
53.81 -1.24551e-06
53.82 -2.56816e-06
53.83 -3.88059e-06
53.84 -5.17843e-06
53.85 -6.45735e-06
53.86 -7.71309e-06
53.87 -8.94147e-06
53.88 -1.01384e-05
53.89 -1.13e-05
53.9 -1.24223e-05
53.91 -1.35018e-05
53.92 -1.45347e-05
53.93 -1.55177e-05
53.94 -1.64476e-05
53.95 -1.73213e-05
53.96 -1.8136e-05
53.97 -1.8889e-05
53.98 -1.95778e-05
53.99 -2.02002e-05
54 -2.07543e-05
54.01 -2.12382e-05
54.02 -2.16503e-05
54.03 -2.19894e-05
54.04 -2.22545e-05
54.05 -2.24448e-05
54.06 -2.25596e-05
54.07 -2.25987e-05
54.08 -2.25622e-05
54.09 -2.24502e-05
54.1 -2.22633e-05
54.11 -2.20021e-05
54.12 -2.16678e-05
54.13 -2.12616e-05
54.14 -2.07849e-05
54.15 -2.02396e-05
54.16 -1.96277e-05
54.17 -1.89514e-05
54.18 -1.82131e-05
54.19 -1.74155e-05
54.2 -1.65615e-05
54.21 -1.56542e-05
54.22 -1.46967e-05
54.23 -1.36926e-05
54.24 -1.26453e-05
54.25 -1.15586e-05
54.26 -1.04364e-05
54.27 -9.28261e-06
54.28 -8.10133e-06
54.29 -6.89672e-06
54.3 -5.67302e-06
54.31 -4.43451e-06
54.32 -3.18553e-06
54.33 -1.93043e-06
54.34 -6.73573e-07
54.35 5.80678e-07
54.36 1.82799e-06
54.37 3.06407e-06
54.38 4.28467e-06
54.39 5.48563e-06
54.4 6.66286e-06
54.41 7.81236e-06
54.42 8.93026e-06
54.43 1.00128e-05
54.44 1.10564e-05
54.45 1.20576e-05
54.46 1.3013e-05
54.47 1.39196e-05
54.48 1.47744e-05
54.49 1.55747e-05
54.5 1.63178e-05
54.51 1.70015e-05
54.52 1.76236e-05
54.53 1.81822e-05
54.54 1.86756e-05
54.55 1.91023e-05
54.56 1.94611e-05
54.57 1.9751e-05
54.58 1.99713e-05
54.59 2.01213e-05
54.6 2.02008e-05
54.61 2.02098e-05
54.62 2.01484e-05
54.63 2.00171e-05
54.64 1.98164e-05
54.65 1.95472e-05
54.66 1.92107e-05
54.67 1.88081e-05
54.68 1.8341e-05
54.69 1.7811e-05
54.7 1.72202e-05
54.71 1.65706e-05
54.72 1.58645e-05
54.73 1.51045e-05
54.74 1.42932e-05
54.75 1.34335e-05
54.76 1.25283e-05
54.77 1.15808e-05
54.78 1.05942e-05
54.79 9.57195e-06
54.8 8.51758e-06
54.81 7.43469e-06
54.82 6.32698e-06
54.83 5.19826e-06
54.84 4.05237e-06
54.85 2.89324e-06
54.86 1.72483e-06
54.87 5.51132e-07
54.88 -6.23846e-07
54.89 -1.79609e-06
54.9 -2.9616e-06
54.91 -4.1164e-06
54.92 -5.25653e-06
54.93 -6.37812e-06
54.94 -7.47733e-06
54.95 -8.55043e-06
54.96 -9.59374e-06
54.97 -1.06037e-05
54.98 -1.1577e-05
54.99 -1.25102e-05
