0.01 -4.9536e-07
0.02 -4.87404e-07
0.03 -4.76884e-07
0.04 -5.11532e-07
0.05 -7.09043e-07
0.06 -1.22398e-06
0.07 -2.14729e-06
0.08 -3.40161e-06
0.09 -4.73597e-06
0.1 -5.86586e-06
0.11 -6.66823e-06
0.12 -7.27122e-06
0.13 -7.96401e-06
0.14 -9.0043e-06
0.15 -1.04734e-05
0.16 -1.2271e-05
0.17 -1.42214e-05
0.18 -1.61923e-05
0.19 -1.81578e-05
0.2 -2.01994e-05
0.21 -2.24556e-05
0.22 -2.50232e-05
0.23 -2.78587e-05
0.24 -3.07565e-05
0.25 -3.34554e-05
0.26 -3.58264e-05
0.27 -3.79937e-05
0.28 -4.02604e-05
0.29 -4.28774e-05
0.3 -4.58373e-05
0.31 -4.88592e-05
0.32 -5.15668e-05
0.33 -5.37123e-05
0.34 -5.52755e-05
0.35 -5.6393e-05
0.36 -5.72073e-05
0.37 -5.77714e-05
0.38 -5.80747e-05
0.39 -5.81298e-05
0.4 -5.8014e-05
0.41 -5.7816e-05
0.42 -5.75434e-05
0.43 -5.70822e-05
0.44 -5.62409e-05
0.45 -5.48331e-05
0.46 -5.27308e-05
0.47 -4.989e-05
0.48 -4.6393e-05
0.49 -4.24809e-05
0.5 -3.84888e-05
0.51 -3.46738e-05
0.52 -3.1055e-05
0.53 -2.74109e-05
0.54 -2.34557e-05
0.55 -1.90506e-05
0.56 -1.42701e-05
0.57 -9.29197e-06
0.58 -4.23716e-06
0.59 9.0045e-07
0.6 6.20766e-06
0.61 1.17389e-05
0.62 1.74063e-05
0.63 2.29433e-05
0.64 2.79831e-05
0.65 3.22366e-05
0.66 3.56805e-05
0.67 3.86307e-05
0.68 4.16289e-05
0.69 4.51764e-05
0.7 4.94474e-05
0.71 5.41541e-05
0.72 5.86613e-05
0.73 6.22986e-05
0.74 6.46879e-05
0.75 6.58922e-05
0.76 6.63151e-05
0.77 6.64692e-05
0.78 6.68002e-05
0.79 6.76251e-05
0.8 6.91019e-05
0.81 7.11676e-05
0.82 7.34979e-05
0.83 7.55764e-05
0.84 7.68735e-05
0.85 7.70455e-05
0.86 7.60513e-05
0.87 7.41623e-05
0.88 7.19086e-05
0.89 6.99798e-05
0.9 6.90646e-05
0.91 6.96152e-05
0.92 7.1596e-05
0.93 7.43666e-05
0.94 7.68407e-05
0.95 7.79157e-05
0.96 7.6978e-05
0.97 7.4212e-05
0.98 7.0532e-05
0.99 6.71713e-05
1 6.51395e-05
1.01 6.48039e-05
1.02 6.57613e-05
1.03 6.70301e-05
1.04 6.74624e-05
1.05 6.61785e-05
1.06 6.28332e-05
1.07 5.76583e-05
1.08 5.1358e-05
1.09 4.49317e-05
1.1 3.94348e-05
1.11 3.56702e-05
1.12 3.38756e-05
1.13 3.35344e-05
1.14 3.34296e-05
1.15 3.20132e-05
1.16 2.80264e-05
1.17 2.1127e-05
1.18 1.21836e-05
1.19 2.96589e-06
1.2 -4.72024e-06
1.21 -9.97502e-06
1.22 -1.32193e-05
1.23 -1.58214e-05
1.24 -1.92232e-05
1.25 -2.41622e-05
1.26 -3.04418e-05
1.27 -3.72679e-05
1.28 -4.38119e-05
1.29 -4.95993e-05
1.3 -5.45426e-05
1.31 -5.87207e-05
1.32 -6.21478e-05
1.33 -6.47322e-05
1.34 -6.64462e-05
1.35 -6.75266e-05
1.36 -6.84966e-05
1.37 -6.99583e-05
1.38 -7.22948e-05
1.39 -7.54624e-05
1.4 -7.89607e-05
1.41 -8.19784e-05
1.42 -8.36696e-05
1.43 -8.34797e-05
1.44 -8.13983e-05
1.45 -7.79924e-05
1.46 -7.4154e-05
1.47 -7.07012e-05
1.48 -6.80845e-05
1.49 -6.63298e-05
1.5 -6.51444e-05
1.51 -6.4039e-05
1.52 -6.24054e-05
1.53 -5.96262e-05
1.54 -5.52897e-05
1.55 -4.94571e-05
1.56 -4.27991e-05
1.57 -3.64378e-05
1.58 -3.14971e-05
1.59 -2.85804e-05
1.6 -2.74742e-05
1.61 -2.72568e-05
1.62 -2.67531e-05
1.63 -2.50653e-05
1.64 -2.19001e-05
1.65 -1.75752e-05
1.66 -1.27941e-05
1.67 -8.37081e-06
1.68 -5.03331e-06
1.69 -3.29631e-06
1.7 -3.34182e-06
1.71 -4.9146e-06
1.72 -7.33537e-06
1.73 -9.74164e-06
1.74 -1.15175e-05
1.75 -1.26573e-05
1.76 -1.37716e-05
1.77 -1.56771e-05
1.78 -1.88353e-05
1.79 -2.3054e-05
1.8 -2.76775e-05
1.81 -3.2091e-05
1.82 -3.61176e-05
1.83 -3.99995e-05
1.84 -4.4019e-05
1.85 -4.81332e-05
1.86 -5.19671e-05
1.87 -5.51487e-05
1.88 -5.76446e-05
1.89 -5.97842e-05
1.9 -6.19705e-05
1.91 -6.43482e-05
1.92 -6.67093e-05
1.93 -6.86896e-05
1.94 -7.00763e-05
1.95 -7.09831e-05
1.96 -7.17723e-05
1.97 -7.27732e-05
1.98 -7.39698e-05
1.99 -7.48694e-05
2 -7.46749e-05
2.01 -7.27074e-05
2.02 -6.88618e-05
2.03 -6.38067e-05
2.04 -5.8761e-05
2.05 -5.49124e-05
2.06 -5.27703e-05
2.07 -5.18182e-05
2.08 -5.06891e-05
2.09 -4.78095e-05
2.1 -4.21994e-05
2.11 -3.40077e-05
2.12 -2.44965e-05
2.13 -1.54648e-05
2.14 -8.39816e-06
2.15 -3.79154e-06
2.16 -1.00078e-06
2.17 1.32182e-06
2.18 4.47608e-06
2.19 9.06172e-06
2.2 1.47418e-05
2.21 2.04954e-05
2.22 2.51866e-05
2.23 2.81323e-05
2.24 2.93887e-05
2.25 2.96641e-05
2.26 2.99744e-05
2.27 3.12418e-05
2.28 3.3993e-05
2.29 3.82189e-05
2.3 4.33897e-05
2.31 4.86073e-05
2.32 5.28618e-05
2.33 5.53309e-05
2.34 5.56281e-05
2.35 5.39591e-05
2.36 5.11678e-05
2.37 4.8607e-05
2.38 4.77553e-05
2.39 4.96085e-05
2.4 5.40849e-05
2.41 5.98558e-05
2.42 6.48735e-05
2.43 6.73997e-05
2.44 6.69328e-05
2.45 6.44222e-05
2.46 6.16187e-05
2.47 6.00306e-05
2.48 6.01978e-05
2.49 6.16464e-05
2.5 6.33381e-05
2.51 6.42002e-05
2.52 6.34736e-05
2.53 6.08835e-05
2.54 5.67194e-05
2.55 5.17825e-05
2.56 4.7086e-05
2.57 4.33792e-05
2.58 4.07891e-05
2.59 3.88507e-05
2.6 3.69163e-05
2.61 3.46173e-05
2.62 3.20098e-05
2.63 2.93385e-05
2.64 2.66904e-05
2.65 2.38724e-05
2.66 2.06074e-05
2.67 1.68e-05
2.68 1.25641e-05
2.69 8.01433e-06
2.7 3.12825e-06
2.71 -2.09702e-06
2.72 -7.3176e-06
2.73 -1.17307e-05
2.74 -1.44228e-05
2.75 -1.49835e-05
2.76 -1.38962e-05
2.77 -1.23531e-05
2.78 -1.1584e-05
2.79 -1.21313e-05
2.8 -1.35186e-05
2.81 -1.45016e-05
2.82 -1.37435e-05
2.83 -1.05214e-05
2.84 -5.08557e-06
2.85 1.45696e-06
2.86 7.59918e-06
2.87 1.20165e-05
2.88 1.4098e-05
2.89 1.42682e-05
2.9 1.39396e-05
2.91 1.49812e-05
2.92 1.8823e-05
2.93 2.56468e-05
2.94 3.41964e-05
2.95 4.23979e-05
2.96 4.84477e-05
2.97 5.17008e-05
2.98 5.28444e-05
2.99 5.33524e-05
3 5.46607e-05
3.01 5.75794e-05
3.02 6.2174e-05
3.03 6.79669e-05
3.04 7.41701e-05
3.05 7.98407e-05
3.06 8.4061e-05
3.07 8.62067e-05
3.08 8.61771e-05
3.09 8.44036e-05
3.1 8.16071e-05
3.11 7.85023e-05
3.12 7.56863e-05
3.13 7.36928e-05
3.14 7.2981e-05
3.15 7.36999e-05
3.16 7.5359e-05
3.17 7.67468e-05
3.18 7.63404e-05
3.19 7.31025e-05
3.2 6.72331e-05
3.21 6.03478e-05
3.22 5.48465e-05
3.23 5.27479e-05
3.24 5.46337e-05
3.25 5.93289e-05
3.26 6.45045e-05
3.27 6.7837e-05
3.28 6.80675e-05
3.29 6.54488e-05
3.3 6.14751e-05
3.31 5.81256e-05
3.32 5.70013e-05
3.33 5.87168e-05
3.34 6.27794e-05
3.35 6.79697e-05
3.36 7.30116e-05
3.37 7.717e-05
3.38 8.04578e-05
3.39 8.33798e-05
3.4 8.64134e-05
3.41 8.95689e-05
3.42 9.22882e-05
3.43 9.37401e-05
3.44 9.33372e-05
3.45 9.11373e-05
3.46 8.784e-05
3.47 8.43345e-05
3.48 8.10573e-05
3.49 7.7616e-05
3.5 7.29971e-05
3.51 6.62525e-05
3.52 5.71987e-05
3.53 4.66229e-05
3.54 3.58384e-05
3.55 2.58889e-05
3.56 1.6934e-05
3.57 8.2323e-06
3.58 -1.26333e-06
3.59 -1.21228e-05
3.6 -2.40219e-05
3.61 -3.59718e-05
3.62 -4.70108e-05
3.63 -5.68411e-05
3.64 -6.59655e-05
3.65 -7.52667e-05
3.66 -8.53538e-05
3.67 -9.61039e-05
3.68 -0.000106631
3.69 -0.000115639
3.7 -0.000121926
3.71 -0.000124836
3.72 -0.000124507
3.73 -0.000121817
3.74 -0.000118015
3.75 -0.000114149
3.76 -0.000110558
3.77 -0.000106782
3.78 -0.000102003
3.79 -9.57638e-05
3.8 -8.8466e-05
3.81 -8.1279e-05
3.82 -7.55176e-05
3.83 -7.18887e-05
3.84 -7.00579e-05
3.85 -6.87777e-05
3.86 -6.65011e-05
3.87 -6.21573e-05
3.88 -5.57104e-05
3.89 -4.82628e-05
3.9 -4.16959e-05
3.91 -3.80038e-05
3.92 -3.85575e-05
3.93 -4.35534e-05
3.94 -5.18632e-05
3.95 -6.1388e-05
3.96 -6.98273e-05
3.97 -7.55944e-05
3.98 -7.85157e-05
3.99 -8.00005e-05
4 -8.25559e-05
4.01 -8.87435e-05
4.02 -9.99391e-05
4.03 -0.000115486
4.04 -0.000132771
4.05 -0.000148286
4.06 -0.000159179
4.07 -0.00016442
4.08 -0.000164993
4.09 -0.000163092
4.1 -0.000160934
4.11 -0.000159863
4.12 -0.000160086
4.13 -0.000160954
4.14 -0.000161423
4.15 -0.000160459
4.16 -0.000157274
4.17 -0.000151469
4.18 -0.000143084
4.19 -0.000132562
4.2 -0.000120615
4.21 -0.000108034
4.22 -9.55137e-05
4.23 -8.34902e-05
4.24 -7.19865e-05
4.25 -6.05359e-05
4.26 -4.83236e-05
4.27 -3.45533e-05
4.28 -1.88412e-05
4.29 -1.3916e-06
4.3 1.71345e-05
4.31 3.58844e-05
4.32 5.39658e-05
4.33 7.04697e-05
4.34 8.45608e-05
4.35 9.5765e-05
4.36 0.000104323
4.37 0.0001113
4.38 0.000118255
4.39 0.000126556
4.4 0.000136697
4.41 0.000148031
4.42 0.000159112
4.43 0.000168472
4.44 0.000175355
4.45 0.000179985
4.46 0.000183221
4.47 0.000185897
4.48 0.000188324
4.49 0.000190286
4.5 0.000191482
4.51 0.000192024
4.52 0.000192511
4.53 0.000193606
4.54 0.000195407
4.55 0.000197149
4.56 0.00019752
4.57 0.000195388
4.58 0.000190462
4.59 0.000183483
4.6 0.000175917
4.61 0.000169374
4.62 0.000165048
4.63 0.000163338
4.64 0.000163731
4.65 0.000164974
4.66 0.000165537
4.67 0.000164211
4.68 0.000160548
4.69 0.000154932
4.7 0.000148252
4.71 0.000141418
4.72 0.000135011
4.73 0.000129171
4.74 0.000123676
4.75 0.000118093
4.76 0.000111969
4.77 0.000105008
4.78 9.71214e-05
4.79 8.83403e-05
4.8 7.8716e-05
4.81 6.83587e-05
4.82 5.76318e-05
4.83 4.7291e-05
4.84 3.83255e-05
4.85 3.14696e-05
4.86 2.66477e-05
4.87 2.2747e-05
4.88 1.79515e-05
4.89 1.05653e-05
4.9 -6.09689e-08
4.91 -1.3049e-05
4.92 -2.63097e-05
4.93 -3.7514e-05
4.94 -4.51397e-05
4.95 -4.89998e-05
4.96 -5.00383e-05
4.97 -4.96761e-05
4.98 -4.91819e-05
4.99 -4.93518e-05
5 -5.04569e-05
5.01 -5.22627e-05
5.02 -5.40195e-05
5.03 -5.45202e-05
5.04 -5.2381e-05
5.05 -4.65562e-05
5.06 -3.68706e-05
5.07 -2.42609e-05
5.08 -1.05472e-05
5.09 2.17424e-06
5.1 1.22247e-05
5.11 1.88556e-05
5.12 2.24557e-05
5.13 2.44211e-05
5.14 2.67068e-05
5.15 3.11295e-05
5.16 3.86238e-05
5.17 4.87939e-05
5.18 6.00525e-05
5.19 7.03193e-05
5.2 7.79062e-05
5.21 8.21183e-05
5.22 8.33113e-05
5.23 8.25162e-05
5.24 8.09427e-05
5.25 7.95497e-05
5.26 7.87016e-05
5.27 7.79722e-05
5.28 7.62753e-05
5.29 7.24475e-05
5.3 6.60941e-05
5.31 5.81118e-05
5.32 5.03478e-05
5.33 4.44711e-05
5.34 4.07924e-05
5.35 3.79144e-05
5.36 3.35375e-05
5.37 2.58941e-05
5.38 1.48497e-05
5.39 1.99543e-06
5.4 -1.02175e-05
5.41 -1.96576e-05
5.42 -2.53099e-05
5.43 -2.73935e-05
5.44 -2.69754e-05
5.45 -2.54639e-05
5.46 -2.42445e-05
5.47 -2.4491e-05
5.48 -2.70573e-05
5.49 -3.23497e-05
5.5 -4.019e-05
5.51 -4.98066e-05
5.52 -6.00703e-05
5.53 -6.99085e-05
5.54 -7.86669e-05
5.55 -8.62484e-05
5.56 -9.30533e-05
5.57 -9.98896e-05
5.58 -0.000107945
5.59 -0.000118648
5.6 -0.00013321
5.61 -0.000151977
5.62 -0.000174074
5.63 -0.000197793
5.64 -0.00022162
5.65 -0.000245193
5.66 -0.000269416
5.67 -0.000295646
5.68 -0.000324638
5.69 -0.000356074
5.7 -0.00038892
5.71 -0.00042212
5.72 -0.000454919
5.73 -0.000486633
5.74 -0.000516316
5.75 -0.00054279
5.76 -0.000565065
5.77 -0.000582806
5.78 -0.000596513
5.79 -0.000607344
5.8 -0.000616746
5.81 -0.000626008
5.82 -0.000635776
5.83 -0.000645703
5.84 -0.000654538
5.85 -0.000660753
5.86 -0.000663395
5.87 -0.000662624
5.88 -0.000659533
5.89 -0.000655393
5.9 -0.000650885
5.91 -0.000645779
5.92 -0.000639126
5.93 -0.0006297
5.94 -0.000616387
5.95 -0.000598415
5.96 -0.000575475
5.97 -0.000547753
5.98 -0.000515838
5.99 -0.000480483
6 -0.000442343
6.01 -0.000401825
6.02 -0.000359119
6.03 -0.000314281
6.04 -0.00026722
6.05 -0.000217637
6.06 -0.000165101
6.07 -0.000109356
6.08 -5.06626e-05
6.09 1.01949e-05
6.1 7.23977e-05
6.11 0.000135742
6.12 0.00020086
6.13 0.000268716
6.14 0.000339664
6.15 0.000412757
6.16 0.000485797
6.17 0.000556042
6.18 0.000620987
6.19 0.000678713
6.2 0.000727729
6.21 0.000766708
6.22 0.00079457
6.23 0.000810981
6.24 0.00081687
6.25 0.000814447
6.26 0.000806557
6.27 0.000795697
6.28 0.000783303
6.29 0.000769673
6.3 0.000754457
6.31 0.000737308
6.32 0.000718288
6.33 0.000697882
6.34 0.000676764
6.35 0.000655539
6.36 0.000634606
6.37 0.000614125
6.38 0.000594002
6.39 0.000573888
6.4 0.000553223
6.41 0.000531434
6.42 0.000508243
6.43 0.000483909
6.44 0.000459172
6.45 0.00043485
6.46 0.000411295
6.47 0.000388075
6.48 0.000364145
6.49 0.000338428
6.5 0.000310449
6.51 0.000280633
6.52 0.000250124
6.53 0.00022025
6.54 0.000191924
6.55 0.000165254
6.56 0.00013948
6.57 0.000113274
6.58 8.53226e-05
6.59 5.49393e-05
6.6 2.24042e-05
6.61 -1.12816e-05
6.62 -4.51883e-05
6.63 -7.92578e-05
6.64 -0.000114434
6.65 -0.000151979
6.66 -0.000192537
6.67 -0.000235693
6.68 -0.000280289
6.69 -0.000325075
6.7 -0.000369013
6.71 -0.000411137
6.72 -0.000450428
6.73 -0.000486086
6.74 -0.000518006
6.75 -0.000546886
6.76 -0.000573571
6.77 -0.000598083
6.78 -0.000619201
6.79 -0.000635085
6.8 -0.00064457
6.81 -0.000648065
6.82 -0.000647261
6.83 -0.000643891
6.84 -0.000638641
6.85 -0.000631093
6.86 -0.000620672
6.87 -0.000607687
6.88 -0.00059356
6.89 -0.000580021
6.9 -0.000567901
6.91 -0.0005564
6.92 -0.000543332
6.93 -0.000526147
6.94 -0.00050305
6.95 -0.000473579
6.96 -0.000438465
6.97 -0.000399032
6.98 -0.000356544
6.99 -0.000311772
7 -0.000264838
7.01 -0.000215368
7.02 -0.000162922
7.03 -0.000107509
7.04 -4.98139e-05
7.05 9.18406e-06
7.06 6.90712e-05
7.07 0.000130712
7.08 0.000196095
7.09 0.000267168
7.1 0.00034431
7.11 0.000425475
7.12 0.000506666
7.13 0.000583469
7.14 0.000652694
7.15 0.00071317
7.16 0.000765439
7.17 0.000810749
7.18 0.000850055
7.19 0.000883458
7.2 0.000910168
7.21 0.00092885
7.22 0.000938239
7.23 0.000937885
7.24 0.000928747
7.25 0.000913271
7.26 0.00089468
7.27 0.000875715
7.28 0.000857518
7.29 0.000839337
7.3 0.000819248
7.31 0.000795409
7.32 0.000767105
7.33 0.00073505
7.34 0.000700948
7.35 0.000666682
7.36 0.000633538
7.37 0.000601745
7.38 0.000570407
7.39 0.000537803
7.4 0.000501977
7.41 0.000461431
7.42 0.000415673
7.43 0.000365382
7.44 0.000312117
7.45 0.000257687
7.46 0.000203497
7.47 0.000150121
7.48 9.72273e-05
7.49 4.3707e-05
7.5 -1.21389e-05
7.51 -7.23167e-05
7.52 -0.000138562
7.53 -0.000211481
7.54 -0.000289823
7.55 -0.000370509
7.56 -0.000449717
7.57 -0.000524598
7.58 -0.000594619
7.59 -0.00066155
7.6 -0.000727884
7.61 -0.000794463
7.62 -0.000858735
7.63 -0.000914914
7.64 -0.000956291
7.65 -0.000978453
7.66 -0.000981467
7.67 -0.000969702
7.68 -0.000949502
7.69 -0.000926216
7.7 -0.0009023
7.71 -0.000877273
7.72 -0.000849088
7.73 -0.000815787
7.74 -0.00077646
7.75 -0.000731279
7.76 -0.000681033
7.77 -0.000626692
7.78 -0.000569192
7.79 -0.000509267
7.8 -0.000447157
7.81 -0.000382383
7.82 -0.000313945
7.83 -0.000241052
7.84 -0.000163943
7.85 -8.41722e-05
7.86 -4.0219e-06
7.87 7.46766e-05
7.88 0.00015155
7.89 0.000227831
7.9 0.0003055
7.91 0.000385951
7.92 0.000469036
7.93 0.000552923
7.94 0.00063454
7.95 0.000710015
7.96 0.000774832
7.97 0.000824101
7.98 0.0008536
7.99 0.000861644
8 0.000850756
8.01 0.000827735
8.02 0.000801596
8.03 0.000780245
8.04 0.000767562
8.05 0.00076224
8.06 0.00075874
8.07 0.000749811
8.08 0.000729537
8.09 0.000695736
8.1 0.000650757
8.11 0.000600356
8.12 0.000551137
8.13 0.000507798
8.14 0.000471528
8.15 0.000440143
8.16 0.00040959
8.17 0.000375915
8.18 0.000336838
8.19 0.000292356
8.2 0.000244256
8.21 0.000194848
8.22 0.000145662
8.23 9.68495e-05
8.24 4.7592e-05
8.25 -2.91307e-06
8.26 -5.47309e-05
8.27 -0.000107246
8.28 -0.000159829
8.29 -0.000212415
8.3 -0.000265412
8.31 -0.000318896
8.32 -0.000371676
8.33 -0.00042105
8.34 -0.000463681
8.35 -0.000497188
8.36 -0.00052146
8.37 -0.000538771
8.38 -0.000552546
8.39 -0.000565549
8.4 -0.000578613
8.41 -0.000590633
8.42 -0.000599706
8.43 -0.000604556
8.44 -0.000605292
8.45 -0.000603179
8.46 -0.000599834
8.47 -0.000596528
8.48 -0.000594024
8.49 -0.000592795
8.5 -0.00059323
8.51 -0.000595572
8.52 -0.000599697
8.53 -0.00060509
8.54 -0.000611222
8.55 -0.00061812
8.56 -0.000626664
8.57 -0.000638306
8.58 -0.000654373
8.59 -0.00067539
8.6 -0.00070079
8.61 -0.000728974
8.62 -0.000757511
8.63 -0.000783445
8.64 -0.00080393
8.65 -0.000817152
8.66 -0.0008231
8.67 -0.000823517
8.68 -0.000820796
8.69 -0.000816377
8.7 -0.000809671
8.71 -0.000798305
8.72 -0.000779618
8.73 -0.000752456
8.74 -0.000718081
8.75 -0.000679627
8.76 -0.000640481
8.77 -0.000602681
8.78 -0.000566274
8.79 -0.000529819
8.8 -0.000491504
8.81 -0.000450126
8.82 -0.000405509
8.83 -0.000358399
8.84 -0.000310067
8.85 -0.000261771
8.86 -0.000214174
8.87 -0.000166902
8.88 -0.000118563
8.89 -6.74098e-05
8.9 -1.24492e-05
8.91 4.56807e-05
8.92 0.000104738
8.93 0.000161874
8.94 0.000214934
8.95 0.000263198
8.96 0.000307157
8.97 0.000347605
8.98 0.000384716
8.99 0.000417648
9 0.000444756
9.01 0.000464189
9.02 0.000474542
9.03 0.000475325
9.04 0.000467151
9.05 0.000451583
9.06 0.000430678
9.07 0.000406364
9.08 0.000379948
9.09 0.000351993
9.1 0.0003226
9.11 0.000291857
9.12 0.000260131
9.13 0.000228082
9.14 0.000196525
9.15 0.000166304
9.16 0.000138203
9.17 0.00011286
9.18 9.06517e-05
9.19 7.16055e-05
9.2 5.5385e-05
9.21 4.14316e-05
9.22 2.9274e-05
9.23 1.89217e-05
9.24 1.1157e-05
9.25 7.47861e-06
9.26 9.59364e-06
9.27 1.86364e-05
9.28 3.45261e-05
9.29 5.58777e-05
9.3 8.05978e-05
9.31 0.000106907
9.32 0.000134256
9.33 0.000163588
9.34 0.000196741
9.35 0.000235342
9.36 0.000279876
9.37 0.000329482
9.38 0.000382509
9.39 0.000437351
9.4 0.000492943
9.41 0.000548719
9.42 0.000604295
9.43 0.000659207
9.44 0.00071283
9.45 0.000764379
9.46 0.00081289
9.47 0.000857272
9.48 0.000896565
9.49 0.000930385
9.5 0.000959294
9.51 0.000984707
9.52 0.00100817
9.53 0.00103032
9.54 0.00105012
9.55 0.00106502
9.56 0.00107218
9.57 0.00106989
9.58 0.00105849
9.59 0.00104015
9.6 0.00101765
9.61 0.000993292
9.62 0.000968194
9.63 0.000942447
9.64 0.000915636
9.65 0.000887368
9.66 0.000857553
9.67 0.00082644
9.68 0.000794506
9.69 0.000762302
9.7 0.000730262
9.71 0.000698496
9.72 0.000666624
9.73 0.000633753
9.74 0.00059867
9.75 0.000560214
9.76 0.000517699
9.77 0.000471142
9.78 0.000421126
9.79 0.000368312
9.8 0.000312857
9.81 0.00025408
9.82 0.000190601
9.83 0.000120936
9.84 4.42843e-05
9.85 -3.88155e-05
9.86 -0.000126256
9.87 -0.000214792
9.88 -0.000301137
9.89 -0.00038328
9.9 -0.000461216
9.91 -0.000536511
9.92 -0.000610789
9.93 -0.000683995
9.94 -0.000753516
9.95 -0.000814644
9.96 -0.000862067
9.97 -0.000891593
9.98 -0.00090141
9.99 -0.000892534
10 -0.000868402
10.01 -0.000833789
10.02 -0.000793417
10.03 -0.000750773
10.04 -0.000707535
10.05 -0.000663727
10.06 -0.000618398
10.07 -0.000570462
10.08 -0.000519356
10.09 -0.000465331
10.1 -0.000409368
10.11 -0.000352808
10.12 -0.000296815
10.13 -0.00024188
10.14 -0.00018756
10.15 -0.000132649
10.16 -7.57834e-05
10.17 -1.61885e-05
10.18 4.58174e-05
10.19 0.000108839
10.2 0.000170894
10.21 0.00023008
10.22 0.000285105
10.23 0.000335516
10.24 0.00038159
10.25 0.000423886
10.26 0.00046254
10.27 0.000496567
10.28 0.000523595
10.29 0.000540453
10.3 0.000544535
10.31 0.000535227
10.32 0.000514467
10.33 0.000485981
10.34 0.000453587
10.35 0.000419584
10.36 0.000384119
10.37 0.000345785
10.38 0.000302893
10.39 0.000254595
10.4 0.000201264
10.41 0.000144078
10.42 8.42087e-05
10.43 2.21349e-05
10.44 -4.25923e-05
10.45 -0.000111119
10.46 -0.00018481
10.47 -0.000264748
10.48 -0.000351352
10.49 -0.000444198
10.5 -0.000542062
10.51 -0.000643163
10.52 -0.000745479
10.53 -0.000846998
10.54 -0.000945859
10.55 -0.00104042
10.56 -0.00112934
10.57 -0.00121161
10.58 -0.00128645
10.59 -0.00135307
10.6 -0.00141058
10.61 -0.00145812
10.62 -0.00149516
10.63 -0.00152163
10.64 -0.00153782
10.65 -0.00154415
10.66 -0.00154129
10.67 -0.00153071
10.68 -0.00151493
10.69 -0.00149717
10.7 -0.00148019
10.71 -0.00146511
10.72 -0.0014508
10.73 -0.0014344
10.74 -0.0014124
10.75 -0.00138199
10.76 -0.0013419
10.77 -0.00129279
10.78 -0.00123704
10.79 -0.00117823
10.8 -0.00112031
10.81 -0.00106657
10.82 -0.00101863
10.83 -0.000975884
10.84 -0.000935794
10.85 -0.00089484
10.86 -0.000849841
10.87 -0.000798976
10.88 -0.00074214
10.89 -0.000680578
10.9 -0.000616046
10.91 -0.000549878
10.92 -0.00048232
10.93 -0.000412375
10.94 -0.000338178
10.95 -0.000257731
10.96 -0.000169635
10.97 -7.3491e-05
10.98 3.02606e-05
10.99 0.000140961
11 0.000258485
11.01 0.000383709
11.02 0.000518372
11.03 0.000664182
11.04 0.000821397
11.05 0.00098744
11.06 0.00115613
11.07 0.00131769
11.08 0.00145958
11.09 0.00156861
11.1 0.00163511
11.11 0.00165774
11.12 0.00164583
11.13 0.00161661
11.14 0.00158823
11.15 0.0015726
11.16 0.00157173
11.17 0.00157845
11.18 0.00158097
11.19 0.00156873
11.2 0.00153722
11.21 0.00148965
11.22 0.00143493
11.23 0.00138331
11.24 0.00134189
11.25 0.00131209
11.26 0.00128988
11.27 0.0012684
11.28 0.00124152
11.29 0.0012067
11.3 0.00116591
11.31 0.00112445
11.32 0.00108844
11.33 0.00106212
11.34 0.00104585
11.35 0.00103564
11.36 0.0010243
11.37 0.00100417
11.38 0.000970306
11.39 0.00092269
11.4 0.00086607
11.41 0.00080754
11.42 0.000753136
11.43 0.000705324
11.44 0.000662496
11.45 0.000620342
11.46 0.000574049
11.47 0.000520176
11.48 0.000457619
11.49 0.000387644
11.5 0.000313276
11.51 0.000238268
11.52 0.000165856
11.53 9.76195e-05
11.54 3.29255e-05
11.55 -3.06569e-05
11.56 -9.6044e-05
11.57 -0.000165083
11.58 -0.000237607
11.59 -0.00031155
11.6 -0.000383869
11.61 -0.000451571
11.62 -0.000512238
11.63 -0.000563923
11.64 -0.000604758
11.65 -0.000632733
11.66 -0.000645928
11.67 -0.000643208
11.68 -0.000625057
11.69 -0.000593995
11.7 -0.000554183
11.71 -0.000510298
11.72 -0.000466198
11.73 -0.000424007
11.74 -0.000383947
11.75 -0.000344823
11.76 -0.0003048
11.77 -0.000262137
11.78 -0.000215755
11.79 -0.000165536
11.8 -0.000112355
11.81 -5.78002e-05
11.82 -3.64253e-06
11.83 4.87313e-05
11.84 9.8653e-05
11.85 0.000146098
11.86 0.000191275
11.87 0.00023416
11.88 0.000274262
11.89 0.000310719
11.9 0.000342617
11.91 0.000369309
11.92 0.000390579
11.93 0.000406628
11.94 0.000417973
11.95 0.000425324
11.96 0.000429465
11.97 0.000431123
11.98 0.000430815
11.99 0.000428742
12 0.000424871
12.01 0.00041925
12.02 0.000412419
12.03 0.000405591
12.04 0.000400296
12.05 0.000397589
12.06 0.000397289
12.07 0.000397798
12.08 0.000396663
12.09 0.000391596
12.1 0.000381392
12.11 0.000366271
12.12 0.000347512
12.13 0.000326651
12.14 0.000304699
12.15 0.000281772
12.16 0.000257215
12.17 0.000230046
12.18 0.000199411
12.19 0.000164837
12.2 0.000126262
12.21 8.39206e-05
12.22 3.818e-05
12.23 -1.06167e-05
12.24 -6.22601e-05
12.25 -0.000116697
12.26 -0.000173962
12.27 -0.000234097
12.28 -0.000297155
12.29 -0.000363347
12.3 -0.000433221
12.31 -0.000507588
12.32 -0.00058702
12.33 -0.00067113
12.34 -0.000758092
12.35 -0.000844754
12.36 -0.000927263
12.37 -0.00100189
12.38 -0.00106587
12.39 -0.00111802
12.4 -0.00115921
12.41 -0.00119204
12.42 -0.00121992
12.43 -0.00124566
12.44 -0.00127036
12.45 -0.00129319
12.46 -0.00131202
12.47 -0.00132463
12.48 -0.0013298
12.49 -0.00132782
12.5 -0.00132048
12.51 -0.00131034
12.52 -0.00129996
12.53 -0.00129118
12.54 -0.0012847
12.55 -0.00128011
12.56 -0.00127615
12.57 -0.00127111
12.58 -0.00126336
12.59 -0.00125175
12.6 -0.00123602
12.61 -0.00121685
12.62 -0.00119565
12.63 -0.00117399
12.64 -0.00115293
12.65 -0.00113272
12.66 -0.00111275
12.67 -0.00109198
12.68 -0.00106949
12.69 -0.00104502
12.7 -0.00101903
12.71 -0.000992458
12.72 -0.00096603
12.73 -0.000939704
12.74 -0.000912443
12.75 -0.000882575
12.76 -0.000848611
12.77 -0.000810101
12.78 -0.000768039
12.79 -0.000724515
12.8 -0.000681727
12.81 -0.000640881
12.82 -0.000601592
12.83 -0.0005621
12.84 -0.000520134
12.85 -0.000473904
12.86 -0.000422731
12.87 -0.000367075
12.88 -0.000308051
12.89 -0.000246723
12.9 -0.00018354
12.91 -0.000118129
12.92 -4.95136e-05
12.93 2.34087e-05
12.94 0.000101409
12.95 0.000184717
12.96 0.000273116
12.97 0.000366218
12.98 0.000463698
12.99 0.000565309
13 0.00067063
13.01 0.000778698
13.02 0.000887732
13.03 0.000995157
13.04 0.00109794
13.05 0.00119317
13.06 0.00127866
13.07 0.0013535
13.08 0.00141833
13.09 0.00147507
13.1 0.0015263
13.11 0.00157429
13.12 0.00162016
13.13 0.00166328
13.14 0.00170135
13.15 0.00173098
13.16 0.00174885
13.17 0.00175314
13.18 0.00174462
13.19 0.00172676
13.2 0.00170472
13.21 0.00168353
13.22 0.00166621
13.23 0.00165289
13.24 0.00164103
13.25 0.00162667
13.26 0.0016061
13.27 0.00157726
13.28 0.00154042
13.29 0.00149802
13.3 0.00145363
13.31 0.00141058
13.32 0.0013708
13.33 0.00133432
13.34 0.00129963
13.35 0.00126472
13.36 0.00122809
13.37 0.00118948
13.38 0.00114967
13.39 0.00110989
13.4 0.00107095
13.41 0.00103278
13.42 0.000994421
13.43 0.000954488
13.44 0.000911815
13.45 0.00086604
13.46 0.000817804
13.47 0.000768463
13.48 0.000719405
13.49 0.000671307
13.5 0.000623713
13.51 0.000575151
13.52 0.000523695
13.53 0.000467662
13.54 0.000406108
13.55 0.000338938
13.56 0.000266699
13.57 0.000190206
13.58 0.000110205
13.59 2.71699e-05
13.6 -5.87435e-05
13.61 -0.000147626
13.62 -0.000239706
13.63 -0.000335259
13.64 -0.000434492
13.65 -0.000537328
13.66 -0.000643024
13.67 -0.000749725
13.68 -0.000854194
13.69 -0.000951917
13.7 -0.00103765
13.71 -0.00110642
13.72 -0.00115497
13.73 -0.00118311
13.74 -0.00119445
13.75 -0.00119557
13.76 -0.00119395
13.77 -0.00119543
13.78 -0.00120248
13.79 -0.00121406
13.8 -0.00122679
13.81 -0.00123695
13.82 -0.00124218
13.83 -0.00124233
13.84 -0.00123909
13.85 -0.00123497
13.86 -0.00123189
13.87 -0.00123024
13.88 -0.00122863
13.89 -0.00122447
13.9 -0.00121518
13.91 -0.00119943
13.92 -0.00117786
13.93 -0.00115299
13.94 -0.00112832
13.95 -0.00110702
13.96 -0.0010907
13.97 -0.00107865
13.98 -0.00106794
13.99 -0.00105448
14 -0.00103457
14.01 -0.00100639
14.02 -0.000970641
14.03 -0.000930157
14.04 -0.000888567
14.05 -0.000848788
14.06 -0.000811975
14.07 -0.000777365
14.08 -0.000742937
14.09 -0.000706436
14.1 -0.000666231
14.11 -0.000621696
14.12 -0.000573144
14.13 -0.000521503
14.14 -0.000467905
14.15 -0.000413279
14.16 -0.000358034
14.17 -0.000301952
14.18 -0.000244418
14.19 -0.000184918
14.2 -0.000123527
14.21 -6.10526e-05
14.22 1.35511e-06
14.23 6.29173e-05
14.24 0.000123804
14.25 0.000185141
14.26 0.000248366
14.27 0.000314279
14.28 0.000382368
14.29 0.000450735
14.3 0.000516582
14.31 0.000576905
14.32 0.000629071
14.33 0.000671186
14.34 0.000702334
14.35 0.000722802
14.36 0.000734172
14.37 0.000739132
14.38 0.000740914
14.39 0.000742478
14.4 0.000745725
14.41 0.000751037
14.42 0.000757317
14.43 0.000762505
14.44 0.00076441
14.45 0.000761542
14.46 0.000753608
14.47 0.000741496
14.48 0.000726773
14.49 0.000710958
14.5 0.000694951
14.51 0.000678861
14.52 0.000662265
14.53 0.000644685
14.54 0.000625973
14.55 0.000606407
14.56 0.000586497
14.57 0.000566655
14.58 0.000546925
14.59 0.000526875
14.6 0.000505689
14.61 0.000482405
14.62 0.000456282
14.63 0.000427185
14.64 0.000395836
14.65 0.000363713
14.66 0.000332493
14.67 0.000303259
14.68 0.000275898
14.69 0.000249094
14.7 0.000220939
14.71 0.000189825
14.72 0.000155127
14.73 0.000117378
14.74 7.79741e-05
14.75 3.86032e-05
14.76 6.64527e-07
14.77 -3.51585e-05
14.78 -6.90541e-05
14.79 -0.000101906
14.8 -0.000134821
14.81 -0.00016854
14.82 -0.000203006
14.83 -0.000237344
14.84 -0.000270311
14.85 -0.000300915
14.86 -0.00032876
14.87 -0.000353904
14.88 -0.000376415
14.89 -0.000396051
14.9 -0.00041232
14.91 -0.000424843
14.92 -0.000433645
14.93 -0.000439152
14.94 -0.000441952
14.95 -0.000442544
14.96 -0.000441273
14.97 -0.000438437
14.98 -0.000434477
14.99 -0.000430075
15 -0.000426058
15.01 -0.00042314
15.02 -0.000421673
15.03 -0.000421549
15.04 -0.00042232
15.05 -0.000423477
15.06 -0.000424754
15.07 -0.000426286
15.08 -0.000428495
15.09 -0.00043171
15.1 -0.00043571
15.11 -0.000439513
15.12 -0.000441656
15.13 -0.000440872
15.14 -0.000436751
15.15 -0.000429946
15.16 -0.000421734
15.17 -0.000413238
15.18 -0.000404793
15.19 -0.000395823
15.2 -0.000385208
15.21 -0.000371825
15.22 -0.000354934
15.23 -0.000334298
15.24 -0.000310126
15.25 -0.000282904
15.26 -0.000253125
15.27 -0.000220931
15.28 -0.00018589
15.29 -0.000147082
15.3 -0.000103545
15.31 -5.48499e-05
15.32 -1.44029e-06
15.33 5.54951e-05
15.34 0.000114555
15.35 0.000174751
15.36 0.000235861
15.37 0.000298332
15.38 0.000362822
15.39 0.000429673
15.4 0.000498567
15.41 0.000568445
15.42 0.00063755
15.43 0.000703513
15.44 0.000763497
15.45 0.000814552
15.46 0.000854282
15.47 0.000881604
15.48 0.000897224
15.49 0.000903414
15.5 0.000903106
15.51 0.000898751
15.52 0.000891584
15.53 0.000881645
15.54 0.000868414
15.55 0.000851548
15.56 0.000831285
15.57 0.000808368
15.58 0.000783661
15.59 0.000757761
15.6 0.000730788
15.61 0.000702396
15.62 0.000671969
15.63 0.000638901
15.64 0.000602912
15.65 0.000564258
15.66 0.000523714
15.67 0.000482277
15.68 0.000440702
15.69 0.000399114
15.7 0.000356935
15.71 0.000313172
15.72 0.000266902
15.73 0.0002177
15.74 0.000165811
15.75 0.00011203
15.76 5.73998e-05
15.77 2.87139e-06
15.78 -5.08979e-05
15.79 -0.000103596
15.8 -0.000155195
15.81 -0.000205841
15.82 -0.000255717
15.83 -0.000304872
15.84 -0.000352999
15.85 -0.000399266
15.86 -0.000442292
15.87 -0.000480335
15.88 -0.000511635
15.89 -0.000534805
15.9 -0.000549175
15.91 -0.000554995
15.92 -0.000553447
15.93 -0.000546393
15.94 -0.00053589
15.95 -0.000523575
15.96 -0.000510146
15.97 -0.000495195
15.98 -0.000477532
15.99 -0.000455866
16 -0.000429516
16.01 -0.000398836
16.02 -0.000365222
16.03 -0.000330726
16.04 -0.000297426
16.05 -0.000266746
16.06 -0.000238971
16.07 -0.000213204
16.08 -0.000187876
16.09 -0.000161592
16.1 -0.000133924
16.11 -0.000105676
16.12 -7.85173e-05
16.13 -5.41472e-05
16.14 -3.34781e-05
16.15 -1.62765e-05
16.16 -1.45813e-06
16.17 1.21818e-05
16.18 2.52682e-05
16.19 3.75519e-05
16.2 4.80901e-05
16.21 5.56909e-05
16.22 5.93528e-05
16.23 5.85451e-05
16.24 5.33164e-05
16.25 4.42587e-05
16.26 3.23381e-05
16.27 1.86067e-05
16.28 3.86901e-06
16.29 -1.15593e-05
16.3 -2.78739e-05
16.31 -4.55522e-05
16.32 -6.4978e-05
16.33 -8.61251e-05
16.34 -0.000108468
16.35 -0.000131132
16.36 -0.000153148
16.37 -0.000173624
16.38 -0.000191778
16.39 -0.000206882
16.4 -0.000218238
16.41 -0.000225276
16.42 -0.000227707
16.43 -0.000225655
16.44 -0.00021963
16.45 -0.000210357
16.46 -0.000198538
16.47 -0.000184682
16.48 -0.000169072
16.49 -0.000151826
16.5 -0.000132969
16.51 -0.000112465
16.52 -9.02472e-05
16.53 -6.62876e-05
16.54 -4.07463e-05
16.55 -1.40979e-05
16.56 1.28889e-05
16.57 3.94015e-05
16.58 6.49932e-05
16.59 8.98964e-05
16.6 0.00011497
16.61 0.000141203
16.62 0.000169005
16.63 0.000197674
16.64 0.000225384
16.65 0.000249731
16.66 0.000268596
16.67 0.000280907
16.68 0.000286974
16.69 0.00028825
16.7 0.000286654
16.71 0.000283783
16.72 0.000280358
16.73 0.000276117
16.74 0.000270159
16.75 0.000261488
16.76 0.000249509
16.77 0.000234263
16.78 0.000216386
16.79 0.000196889
16.8 0.000176866
16.81 0.000157216
16.82 0.000138423
16.83 0.000120454
16.84 0.000102849
16.85 8.49974e-05
16.86 6.65168e-05
16.87 4.75383e-05
16.88 2.87576e-05
16.89 1.12041e-05
16.9 -4.16263e-06
16.91 -1.68019e-05
16.92 -2.66842e-05
16.93 -3.40889e-05
16.94 -3.92608e-05
16.95 -4.21539e-05
16.96 -4.24118e-05
16.97 -3.95609e-05
16.98 -3.32762e-05
16.99 -2.35498e-05
17 -1.06817e-05
17.01 4.87845e-06
17.02 2.27292e-05
17.03 4.26367e-05
17.04 6.45169e-05
17.05 8.82948e-05
17.06 0.000113718
17.07 0.000140211
17.08 0.000166852
17.09 0.000192512
17.1 0.000216158
17.11 0.000237171
17.12 0.000255486
17.13 0.000271427
17.14 0.000285275
17.15 0.000296818
17.16 0.000305161
17.17 0.000308916
17.18 0.000306699
17.19 0.000297659
17.2 0.000281753
17.21 0.000259661
17.22 0.000232436
17.23 0.000201123
17.24 0.000166503
17.25 0.000129044
17.26 8.89543e-05
17.27 4.62751e-05
17.28 9.42442e-07
17.29 -4.71513e-05
17.3 -9.8074e-05
17.31 -0.000151754
17.32 -0.000207915
17.33 -0.000266115
17.34 -0.000325874
17.35 -0.000386789
17.36 -0.000448499
17.37 -0.000510468
17.38 -0.000571725
17.39 -0.000630742
17.4 -0.000685594
17.41 -0.000734338
17.42 -0.000775478
17.43 -0.000808313
17.44 -0.000833093
17.45 -0.000850947
17.46 -0.000863626
17.47 -0.000873079
17.48 -0.000880906
17.49 -0.000887846
17.5 -0.00089354
17.51 -0.000896758
17.52 -0.000896062
17.53 -0.000890523
17.54 -0.0008801
17.55 -0.000865467
17.56 -0.000847483
17.57 -0.000826684
17.58 -0.000803107
17.59 -0.000776454
17.6 -0.000746381
17.61 -0.000712706
17.62 -0.000675454
17.63 -0.00063482
17.64 -0.000591157
17.65 -0.000544929
17.66 -0.000496566
17.67 -0.0004462
17.68 -0.000393424
17.69 -0.000337299
17.7 -0.000276719
17.71 -0.000210942
17.72 -0.000140005
17.73 -6.47464e-05
17.74 1.35477e-05
17.75 9.36668e-05
17.76 0.000174885
17.77 0.000257097
17.78 0.000340672
17.79 0.000426079
17.8 0.00051341
17.81 0.000601927
17.82 0.000689823
17.83 0.000774269
17.84 0.000851715
17.85 0.000918402
17.86 0.000971088
17.87 0.00100799
17.88 0.00102964
17.89 0.00103917
17.9 0.00104155
17.91 0.00104203
17.92 0.00104439
17.93 0.00104979
17.94 0.00105671
17.95 0.00106186
17.96 0.00106169
17.97 0.0010539
17.98 0.0010383
17.99 0.00101662
18 0.000991606
18.01 0.000965634
18.02 0.000939718
18.03 0.000913259
18.04 0.000884602
18.05 0.000852057
18.06 0.000814841
18.07 0.000773501
18.08 0.00072965
18.09 0.00068523
18.1 0.000641652
18.11 0.000599195
18.12 0.000556897
18.13 0.000512953
18.14 0.000465462
18.15 0.000413187
18.16 0.000356032
18.17 0.000295003
18.18 0.000231678
18.19 0.000167464
18.2 0.000102981
18.21 3.78774e-05
18.22 -2.88716e-05
18.23 -9.83852e-05
18.24 -0.000171306
18.25 -0.000247482
18.26 -0.000325961
18.27 -0.000405219
18.28 -0.000483467
18.29 -0.000558914
18.3 -0.00062988
18.31 -0.000694748
18.32 -0.000751826
18.33 -0.000799319
18.34 -0.000835638
18.35 -0.000860012
18.36 -0.000873084
18.37 -0.000877022
18.38 -0.000874946
18.39 -0.000869923
18.4 -0.000864042
18.41 -0.000858025
18.42 -0.000851478
18.43 -0.000843544
18.44 -0.000833548
18.45 -0.00082133
18.46 -0.000807196
18.47 -0.000791624
18.48 -0.000774976
18.49 -0.000757347
18.5 -0.000738585
18.51 -0.000718408
18.52 -0.000696575
18.53 -0.000673055
18.54 -0.000648132
18.55 -0.000622393
18.56 -0.000596571
18.57 -0.000571261
18.58 -0.000546606
18.59 -0.000522083
18.6 -0.00049655
18.61 -0.00046858
18.62 -0.000436985
18.63 -0.000401283
18.64 -0.000361903
18.65 -0.000320037
18.66 -0.00027723
18.67 -0.000234843
18.68 -0.000193579
18.69 -0.000153214
18.7 -0.000112667
18.71 -7.04198e-05
18.72 -2.51116e-05
18.73 2.39167e-05
18.74 7.63854e-05
18.75 0.000131218
18.76 0.000186967
18.77 0.000242291
18.78 0.00029627
18.79 0.000348458
18.8 0.000398731
18.81 0.000447085
18.82 0.000493526
18.83 0.000538056
18.84 0.000580652
18.85 0.000621165
18.86 0.000659178
18.87 0.000693973
18.88 0.000724728
18.89 0.000750887
18.9 0.000772475
18.91 0.00079014
18.92 0.000804902
18.93 0.000817761
18.94 0.000829368
18.95 0.000839897
18.96 0.000849112
18.97 0.000856574
18.98 0.000861885
18.99 0.000864855
19 0.000865503
19.01 0.00086387
19.02 0.000859797
19.03 0.000852844
19.04 0.000842508
19.05 0.000828592
19.06 0.000811496
19.07 0.000792137
19.08 0.000771503
19.09 0.000750123
19.1 0.000727821
19.11 0.000703899
19.12 0.000677607
19.13 0.000648548
19.14 0.000616807
19.15 0.000582785
19.16 0.000546939
19.17 0.000509566
19.18 0.000470715
19.19 0.00043021
19.2 0.000387763
19.21 0.000343166
19.22 0.000296475
19.23 0.000248065
19.24 0.000198451
19.25 0.000147951
19.26 9.63926e-05
19.27 4.31107e-05
19.28 -1.27394e-05
19.29 -7.17201e-05
19.3 -0.000133798
19.31 -0.000198332
19.32 -0.000264296
19.33 -0.000330561
19.34 -0.000396098
19.35 -0.000460061
19.36 -0.000521773
19.37 -0.000580624
19.38 -0.000635896
19.39 -0.000686635
19.4 -0.000731675
19.41 -0.000769894
19.42 -0.000800582
19.43 -0.000823728
19.44 -0.000840051
19.45 -0.000850766
19.46 -0.000857209
19.47 -0.00086047
19.48 -0.000861162
19.49 -0.000859395
19.5 -0.00085497
19.51 -0.000847721
19.52 -0.00083785
19.53 -0.000826037
19.54 -0.000813231
19.55 -0.000800231
19.56 -0.000787301
19.57 -0.000774071
19.58 -0.000759769
19.59 -0.000743637
19.6 -0.000725275
19.61 -0.000704737
19.62 -0.000682386
19.63 -0.000658645
19.64 -0.000633792
19.65 -0.000607846
19.66 -0.000580558
19.67 -0.000551497
19.68 -0.000520229
19.69 -0.000486556
19.7 -0.000450676
19.71 -0.000413139
19.72 -0.000374581
19.73 -0.00033541
19.74 -0.000295645
19.75 -0.000254998
19.76 -0.000213069
19.77 -0.00016951
19.78 -0.000124086
19.79 -7.66868e-05
19.8 -2.73915e-05
19.81 2.34424e-05
19.82 7.51609e-05
19.83 0.000126944
19.84 0.000178042
19.85 0.000227977
19.86 0.000276591
19.87 0.000323908
19.88 0.000369905
19.89 0.000414306
19.9 0.000456515
19.91 0.000495672
19.92 0.000530823
19.93 0.000561119
19.94 0.000586011
19.95 0.000605383
19.96 0.000619579
19.97 0.00062931
19.98 0.000635449
19.99 0.000638797
20 0.000639936
20.01 0.00063923
20.02 0.000636941
20.03 0.000633371
20.04 0.000628906
20.05 0.000623939
20.06 0.000618757
20.07 0.000613463
20.08 0.000607984
20.09 0.000602115
20.1 0.000595583
20.11 0.000588112
20.12 0.0005795
20.13 0.000569704
20.14 0.000558879
20.15 0.000547325
20.16 0.000535333
20.17 0.000522994
20.18 0.00051012
20.19 0.000496309
20.2 0.00048115
20.21 0.000464397
20.22 0.000446034
20.23 0.000426214
20.24 0.000405176
20.25 0.000383201
20.26 0.000360593
20.27 0.000337612
20.28 0.000314353
20.29 0.000290636
20.3 0.000266026
20.31 0.000240009
20.32 0.000212229
20.33 0.00018263
20.34 0.000151405
20.35 0.000118765
20.36 8.46932e-05
20.37 4.88475e-05
20.38 1.06836e-05
20.39 -3.02788e-05
20.4 -7.42089e-05
20.41 -0.000120862
20.42 -0.000169642
20.43 -0.000219763
20.44 -0.000270442
20.45 -0.000321085
20.46 -0.00037146
20.47 -0.000421771
20.48 -0.000472521
20.49 -0.00052418
20.5 -0.000576795
20.51 -0.000629759
20.52 -0.000681879
20.53 -0.000731662
20.54 -0.000777656
20.55 -0.000818702
20.56 -0.000854078
20.57 -0.000883566
20.58 -0.000907464
20.59 -0.000926493
20.6 -0.000941571
20.61 -0.000953519
20.62 -0.000962814
20.63 -0.000969508
20.64 -0.0009733
20.65 -0.000973704
20.66 -0.000970224
20.67 -0.000962528
20.68 -0.000950622
20.69 -0.000934946
20.7 -0.00091633
20.71 -0.000895737
20.72 -0.000873922
20.73 -0.000851144
20.74 -0.00082712
20.75 -0.00080121
20.76 -0.000772743
20.77 -0.000741297
20.78 -0.000706823
20.79 -0.000669593
20.8 -0.000630044
20.81 -0.00058861
20.82 -0.000545538
20.83 -0.000500767
20.84 -0.000453893
20.85 -0.000404304
20.86 -0.000351403
20.87 -0.000294809
20.88 -0.000234384
20.89 -0.000170113
20.9 -0.000101948
20.91 -2.97354e-05
20.92 4.67456e-05
20.93 0.000127705
20.94 0.000213277
20.95 0.00030348
20.96 0.000398159
20.97 0.000496836
20.98 0.000598471
20.99 0.000701208
21 0.000802288
21.01 0.000898226
21.02 0.000985273
21.03 0.00106004
21.04 0.00112019
21.05 0.00116508
21.06 0.00119604
21.07 0.00121614
21.08 0.00122926
21.09 0.00123888
21.1 0.00124717
21.11 0.00125465
21.12 0.00126058
21.13 0.00126363
21.14 0.00126263
21.15 0.00125706
21.16 0.00124733
21.17 0.00123455
21.18 0.00122005
21.19 0.00120469
21.2 0.00118847
21.21 0.00117045
21.22 0.00114923
21.23 0.00112361
21.24 0.00109311
21.25 0.00105813
21.26 0.00101978
21.27 0.000979417
21.28 0.000938179
21.29 0.000896631
21.3 0.000854574
21.31 0.000811104
21.32 0.000764913
21.33 0.000714764
21.34 0.000659966
21.35 0.000600613
21.36 0.000537453
21.37 0.000471413
21.38 0.000403031
21.39 0.000332147
21.4 0.000258047
21.41 0.000179992
21.42 9.77742e-05
21.43 1.19409e-05
21.44 -7.6466e-05
21.45 -0.000166515
21.46 -0.000257969
21.47 -0.000351487
21.48 -0.000448247
21.49 -0.000549101
21.5 -0.000653601
21.51 -0.000759372
21.52 -0.000862093
21.53 -0.000956044
21.54 -0.0010351
21.55 -0.00109419
21.56 -0.00113105
21.57 -0.00114765
21.58 -0.00115024
21.59 -0.0011474
21.6 -0.00114699
21.61 -0.00115341
21.62 -0.00116638
21.63 -0.00118168
21.64 -0.00119326
21.65 -0.00119597
21.66 -0.00118758
21.67 -0.00116947
21.68 -0.00114564
21.69 -0.00112061
21.7 -0.00109738
21.71 -0.00107635
21.72 -0.00105551
21.73 -0.00103177
21.74 -0.0010026
21.75 -0.000967175
21.76 -0.000926771
21.77 -0.000884116
21.78 -0.000842231
21.79 -0.000803192
21.8 -0.000767311
21.81 -0.000733052
21.82 -0.000697729
21.83 -0.00065868
21.84 -0.0006144
21.85 -0.000565122
21.86 -0.000512598
21.87 -0.000459227
21.88 -0.000406969
21.89 -0.000356561
21.9 -0.000307371
21.91 -0.00025787
21.92 -0.000206418
21.93 -0.000151933
21.94 -9.417e-05
21.95 -3.35729e-05
21.96 2.9124e-05
21.97 9.33095e-05
21.98 0.000158713
21.99 0.000225352
22 0.000293274
22.01 0.000362205
22.02 0.000431287
22.03 0.000498995
22.04 0.000563299
22.05 0.000622052
22.06 0.000673519
22.07 0.000716871
22.08 0.000752444
22.09 0.000781643
22.1 0.000806519
22.11 0.000829145
22.12 0.00085099
22.13 0.000872506
22.14 0.000893082
22.15 0.000911404
22.16 0.000926066
22.17 0.000936178
22.18 0.00094169
22.19 0.00094335
22.2 0.00094235
22.21 0.000939853
22.22 0.000936613
22.23 0.000932813
22.24 0.000928137
22.25 0.000922004
22.26 0.000913828
22.27 0.000903214
22.28 0.000890016
22.29 0.000874268
22.3 0.000856055
22.31 0.000835418
22.32 0.000812349
22.33 0.000786877
22.34 0.000759113
22.35 0.000729222
22.36 0.000697354
22.37 0.000663596
22.38 0.000628007
22.39 0.000590648
22.4 0.000551558
22.41 0.000510648
22.42 0.000467587
22.43 0.000421779
22.44 0.000372483
22.45 0.000319028
22.46 0.000261066
22.47 0.000198718
22.48 0.000132532
22.49 6.32453e-05
22.5 -8.53446e-06
22.51 -8.25712e-05
22.52 -0.000159037
22.53 -0.000238329
22.54 -0.000320746
22.55 -0.000406176
22.56 -0.000493895
22.57 -0.000582529
22.58 -0.000670123
22.59 -0.000754263
22.6 -0.000832229
22.61 -0.000901214
22.62 -0.000958689
22.63 -0.00100293
22.64 -0.00103359
22.65 -0.00105195
22.66 -0.00106071
22.67 -0.00106318
22.68 -0.00106226
22.69 -0.00105972
22.7 -0.0010559
22.71 -0.00105004
22.72 -0.00104082
22.73 -0.00102708
22.74 -0.00100836
22.75 -0.000985116
22.76 -0.000958568
22.77 -0.000930149
22.78 -0.000900938
22.79 -0.000871287
22.8 -0.000840839
22.81 -0.000808853
22.82 -0.000774644
22.83 -0.000737892
22.84 -0.000698772
22.85 -0.000657883
22.86 -0.000616052
22.87 -0.000574054
22.88 -0.000532303
22.89 -0.000490632
22.9 -0.000448264
22.91 -0.000404047
22.92 -0.000356886
22.93 -0.000306198
22.94 -0.00025216
22.95 -0.000195626
22.96 -0.000137729
22.97 -7.93671e-05
22.98 -2.08317e-05
22.99 3.82245e-05
23 9.84941e-05
23.01 0.000160557
23.02 0.000224491
23.03 0.000289705
23.04 0.000355017
23.05 0.000418874
23.06 0.000479587
23.07 0.000535505
23.08 0.000585123
23.09 0.000627186
23.1 0.000660793
23.11 0.000685501
23.12 0.000701395
23.13 0.000709074
23.14 0.000709561
23.15 0.000704141
23.16 0.000694134
23.17 0.000680653
23.18 0.000664402
23.19 0.000645616
23.2 0.00062418
23.21 0.00059991
23.22 0.000572874
23.23 0.000543573
23.24 0.000512845
23.25 0.000481507
23.26 0.000449955
23.27 0.000417951
23.28 0.000384756
23.29 0.000349539
23.3 0.000311846
23.31 0.000271889
23.32 0.00023054
23.33 0.000189053
23.34 0.000148626
23.35 0.000109998
23.36 7.3235e-05
23.37 3.77842e-05
23.38 2.79209e-06
23.39 -3.24657e-05
23.4 -6.82023e-05
23.41 -0.000103932
23.42 -0.000138535
23.43 -0.000170547
23.44 -0.00019857
23.45 -0.000221644
23.46 -0.000239422
23.47 -0.000252108
23.48 -0.000260227
23.49 -0.000264374
23.5 -0.000265071
23.51 -0.000262739
23.52 -0.000257731
23.53 -0.000250345
23.54 -0.000240806
23.55 -0.00022923
23.56 -0.000215642
23.57 -0.000200061
23.58 -0.000182611
23.59 -0.000163613
23.6 -0.000143557
23.61 -0.000122972
23.62 -0.000102241
23.63 -8.14825e-05
23.64 -6.0592e-05
23.65 -3.94418e-05
23.66 -1.81058e-05
23.67 3.03195e-06
23.68 2.33621e-05
23.69 4.22683e-05
23.7 5.93406e-05
23.71 7.44669e-05
23.72 8.77819e-05
23.73 9.95351e-05
23.74 0.000109963
23.75 0.000119219
23.76 0.000127356
23.77 0.000134343
23.78 0.000140096
23.79 0.000144505
23.8 0.000147471
23.81 0.000148954
23.82 0.000149028
23.83 0.00014792
23.84 0.000145964
23.85 0.000143493
23.86 0.000140697
23.87 0.000137555
23.88 0.000133884
23.89 0.000129495
23.9 0.000124354
23.91 0.000118641
23.92 0.000112666
23.93 0.000106717
23.94 0.000100943
23.95 9.53693e-05
23.96 8.99955e-05
23.97 8.4902e-05
23.98 8.02534e-05
23.99 7.62031e-05
24 7.27764e-05
24.01 6.98074e-05
24.02 6.69571e-05
24.03 6.37889e-05
24.04 5.98698e-05
24.05 5.48749e-05
24.06 4.86765e-05
24.07 4.13857e-05
24.08 3.33131e-05
24.09 2.48372e-05
24.1 1.62179e-05
24.11 7.46228e-06
24.12 -1.66218e-06
24.13 -1.14739e-05
24.14 -2.21991e-05
24.15 -3.38904e-05
24.16 -4.64667e-05
24.17 -5.98151e-05
24.18 -7.38696e-05
24.19 -8.86329e-05
24.2 -0.000104154
24.21 -0.000120477
24.22 -0.000137564
24.23 -0.000155222
24.24 -0.000173086
24.25 -0.000190687
24.26 -0.000207585
24.27 -0.0002235
24.28 -0.000238373
24.29 -0.000252327
24.3 -0.00026557
24.31 -0.000278288
24.32 -0.000290601
24.33 -0.000302577
24.34 -0.000314252
24.35 -0.000325613
24.36 -0.00033652
24.37 -0.000346656
24.38 -0.000355546
24.39 -0.000362695
24.4 -0.000367749
24.41 -0.000370607
24.42 -0.00037141
24.43 -0.00037045
24.44 -0.000368042
24.45 -0.00036441
24.46 -0.000359614
24.47 -0.000353524
24.48 -0.000345893
24.49 -0.000336498
24.5 -0.000325245
24.51 -0.000312162
24.52 -0.000297313
24.53 -0.000280695
24.54 -0.000262234
24.55 -0.000241876
24.56 -0.000219716
24.57 -0.000196071
24.58 -0.000171474
24.59 -0.000146549
24.6 -0.000121805
24.61 -9.74269e-05
24.62 -7.31659e-05
24.63 -4.84309e-05
24.64 -2.25595e-05
24.65 4.84493e-06
24.66 3.36752e-05
24.67 6.33031e-05
24.68 9.27935e-05
24.69 0.000121237
24.7 0.000148033
24.71 0.000173013
24.72 0.000196365
24.73 0.000218454
24.74 0.000239623
24.75 0.000260049
24.76 0.000279687
24.77 0.000298283
24.78 0.000315457
24.79 0.000330811
24.8 0.00034406
24.81 0.00035515
24.82 0.000364316
24.83 0.000372041
24.84 0.000378911
24.85 0.000385404
24.86 0.000391702
24.87 0.000397638
24.88 0.000402829
24.89 0.000406957
24.9 0.000410047
24.91 0.000412578
24.92 0.000415364
24.93 0.00041924
24.94 0.000424708
24.95 0.000431714
24.96 0.000439661
24.97 0.000447661
24.98 0.000454875
24.99 0.000460801
25 0.000465364
25.01 0.000468824
25.02 0.000471591
25.03 0.000474037
25.04 0.000476344
25.05 0.000478392
25.06 0.000479741
25.07 0.000479731
25.08 0.000477696
25.09 0.000473204
25.1 0.000466189
25.11 0.000456918
25.12 0.000445812
25.13 0.000433242
25.14 0.000419387
25.15 0.000404223
25.16 0.000387598
25.17 0.000369335
25.18 0.000349313
25.19 0.000327503
25.2 0.000303989
25.21 0.000278946
25.22 0.000252611
25.23 0.000225205
25.24 0.000196841
25.25 0.000167469
25.26 0.000136925
25.27 0.000105062
25.28 7.1909e-05
25.29 3.77176e-05
25.3 2.86933e-06
25.31 -3.22917e-05
25.32 -6.75732e-05
25.33 -0.000102925
25.34 -0.000138335
25.35 -0.000173718
25.36 -0.000208833
25.37 -0.000243287
25.38 -0.00027659
25.39 -0.000308251
25.4 -0.000337869
25.41 -0.000365156
25.42 -0.000389893
25.43 -0.000411852
25.44 -0.000430782
25.45 -0.00044648
25.46 -0.000458913
25.47 -0.000468287
25.48 -0.000474995
25.49 -0.000479482
25.5 -0.000482105
25.51 -0.000483089
25.52 -0.000482561
25.53 -0.00048062
25.54 -0.000477365
25.55 -0.000472887
25.56 -0.000467254
25.57 -0.000460537
25.58 -0.000452838
25.59 -0.000444321
25.6 -0.000435181
25.61 -0.000425597
25.62 -0.000415672
25.63 -0.000405417
25.64 -0.000394747
25.65 -0.000383508
25.66 -0.000371504
25.67 -0.000358545
25.68 -0.000344512
25.69 -0.000329428
25.7 -0.00031348
25.71 -0.000296954
25.72 -0.000280101
25.73 -0.000263006
25.74 -0.000245542
25.75 -0.000227449
25.76 -0.000208481
25.77 -0.000188535
25.78 -0.000167659
25.79 -0.000145984
25.8 -0.000123645
25.81 -0.000100755
25.82 -7.74398e-05
25.83 -5.38615e-05
25.84 -3.01698e-05
25.85 -6.42426e-06
25.86 1.74304e-05
25.87 4.14898e-05
25.88 6.57651e-05
25.89 9.01119e-05
25.9 0.000114276
25.91 0.000138032
25.92 0.000161319
25.93 0.000184259
25.94 0.00020701
25.95 0.00022954
25.96 0.00025147
25.97 0.000272114
25.98 0.000290706
25.99 0.000306702
26 0.000319971
26.01 0.000330792
26.02 0.00033965
26.03 0.000346962
26.04 0.000352873
26.05 0.000357201
26.06 0.000359555
26.07 0.00035952
26.08 0.000356852
26.09 0.000351578
26.1 0.00034402
26.11 0.000334726
26.12 0.000324318
26.13 0.000313308
26.14 0.000301946
26.15 0.000290163
26.16 0.000277659
26.17 0.000264069
26.18 0.000249105
26.19 0.00023261
26.2 0.000214536
26.21 0.000194932
26.22 0.000173961
26.23 0.000151926
26.24 0.000129229
26.25 0.00010625
26.26 8.32196e-05
26.27 6.01681e-05
26.28 3.69609e-05
26.29 1.33869e-05
26.3 -1.07614e-05
26.31 -3.56253e-05
26.32 -6.12201e-05
26.33 -8.73857e-05
26.34 -0.000113797
26.35 -0.000140061
26.36 -0.000165883
26.37 -0.000191182
26.38 -0.000216093
26.39 -0.000240838
26.4 -0.000265585
26.41 -0.000290358
26.42 -0.000315051
26.43 -0.000339455
26.44 -0.000363293
26.45 -0.000386237
26.46 -0.000407947
26.47 -0.000428129
26.48 -0.000446585
26.49 -0.000463212
26.5 -0.00047796
26.51 -0.000490772
26.52 -0.000501532
26.53 -0.00051005
26.54 -0.00051607
26.55 -0.000519322
26.56 -0.000519605
26.57 -0.00051685
26.58 -0.000511124
26.59 -0.000502568
26.6 -0.000491293
26.61 -0.000477347
26.62 -0.000460761
26.63 -0.000441654
26.64 -0.000420286
26.65 -0.000396987
26.66 -0.000372015
26.67 -0.000345429
26.68 -0.00031711
26.69 -0.000286896
26.7 -0.000254739
26.71 -0.000220784
26.72 -0.000185322
26.73 -0.000148663
26.74 -0.000111004
26.75 -7.23482e-05
26.76 -3.25231e-05
26.77 8.72442e-06
26.78 5.15785e-05
26.79 9.60187e-05
26.8 0.000141749
26.81 0.000188233
26.82 0.000234816
26.83 0.000280878
26.84 0.000325914
26.85 0.000369488
26.86 0.000411135
26.87 0.000450276
26.88 0.00048628
26.89 0.000518596
26.9 0.000546886
26.91 0.000571055
26.92 0.000591184
26.93 0.000607466
26.94 0.000620187
26.95 0.00062975
26.96 0.00063665
26.97 0.000641365
26.98 0.000644221
26.99 0.000645311
27 0.00064454
27.01 0.000641751
27.02 0.000636873
27.03 0.000630009
27.04 0.000621453
27.05 0.000611596
27.06 0.000600754
27.07 0.000588965
27.08 0.000575903
27.09 0.000560997
27.1 0.000543746
27.11 0.000524054
27.12 0.000502343
27.13 0.000479355
27.14 0.000455736
27.15 0.000431682
27.16 0.000406888
27.17 0.000380794
27.18 0.00035296
27.19 0.000323314
27.2 0.000292176
27.21 0.000260099
27.22 0.000227646
27.23 0.000195204
27.24 0.000162865
27.25 0.000130415
27.26 9.74442e-05
27.27 6.35709e-05
27.28 2.86616e-05
27.29 -7.05476e-06
27.3 -4.30491e-05
27.31 -7.86839e-05
27.32 -0.000113416
27.33 -0.000146907
27.34 -0.000179007
27.35 -0.000209655
27.36 -0.000238762
27.37 -0.000266135
27.38 -0.000291501
27.39 -0.000314576
27.4 -0.000335132
27.41 -0.000353006
27.42 -0.000368102
27.43 -0.00038041
27.44 -0.000390058
27.45 -0.000397332
27.46 -0.000402634
27.47 -0.000406367
27.48 -0.000408827
27.49 -0.000410157
27.5 -0.00041039
27.51 -0.000409552
27.52 -0.000407759
27.53 -0.00040526
27.54 -0.000402395
27.55 -0.000399465
27.56 -0.000396591
27.57 -0.000393621
27.58 -0.000390184
27.59 -0.00038589
27.6 -0.000380606
27.61 -0.000374633
27.62 -0.000368664
27.63 -0.000363488
27.64 -0.00035961
27.65 -0.000356987
27.66 -0.000355046
27.67 -0.000352973
27.68 -0.00035008
27.69 -0.000346078
27.7 -0.00034113
27.71 -0.000335704
27.72 -0.000330332
27.73 -0.000325392
27.74 -0.000320976
27.75 -0.000316875
27.76 -0.000312655
27.77 -0.000307801
27.78 -0.00030187
27.79 -0.000294621
27.8 -0.000286081
27.81 -0.000276521
27.82 -0.000266307
27.83 -0.000255702
27.84 -0.000244709
27.85 -0.000233053
27.86 -0.000220333
27.87 -0.000206231
27.88 -0.00019067
27.89 -0.000173839
27.9 -0.00015611
27.91 -0.000137888
27.92 -0.000119462
27.93 -0.000100892
27.94 -8.19882e-05
27.95 -6.23995e-05
27.96 -4.17834e-05
27.97 -1.99703e-05
27.98 2.95011e-06
27.99 2.66502e-05
28 5.06634e-05
28.01 7.45129e-05
28.02 9.78242e-05
28.03 0.00012039
28.04 0.000142162
28.05 0.000163184
28.06 0.000183495
28.07 0.000203048
28.08 0.000221664
28.09 0.000239048
28.1 0.000254841
28.11 0.000268697
28.12 0.000280336
28.13 0.000289574
28.14 0.000296357
28.15 0.000300792
28.16 0.000303153
28.17 0.000303813
28.18 0.000303103
28.19 0.000301181
28.2 0.000297983
28.21 0.000293301
28.22 0.000286926
28.23 0.000278791
28.24 0.000269022
28.25 0.000257919
28.26 0.000245873
28.27 0.000233264
28.28 0.000220373
28.29 0.000207331
28.3 0.000194131
28.31 0.000180705
28.32 0.000167048
28.33 0.000153319
28.34 0.000139854
28.35 0.000127078
28.36 0.000115371
28.37 0.00010497
28.38 9.59432e-05
28.39 8.82439e-05
28.4 8.18046e-05
28.41 7.66193e-05
28.42 7.27757e-05
28.43 7.0421e-05
28.44 6.96796e-05
28.45 7.0569e-05
28.46 7.29654e-05
28.47 7.66413e-05
28.48 8.13558e-05
28.49 8.69453e-05
28.5 9.33626e-05
28.51 0.000100639
28.52 0.000108792
28.53 0.000117749
28.54 0.00012734
28.55 0.000137352
28.56 0.000147588
28.57 0.000157861
28.58 0.000167942
28.59 0.00017751
28.6 0.000186199
28.61 0.000193704
28.62 0.00019988
28.63 0.000204729
28.64 0.000208314
28.65 0.000210651
28.66 0.000211664
28.67 0.000211225
28.68 0.000209241
28.69 0.000205712
28.7 0.000200723
28.71 0.000194379
28.72 0.000186747
28.73 0.000177853
28.74 0.000167713
28.75 0.000156379
28.76 0.000143936
28.77 0.000130496
28.78 0.000116203
28.79 0.000101247
28.8 8.58479e-05
28.81 7.01889e-05
28.82 5.43477e-05
28.83 3.82815e-05
28.84 2.18888e-05
28.85 5.1098e-06
28.86 -1.1996e-05
28.87 -2.92408e-05
28.88 -4.63671e-05
28.89 -6.31335e-05
28.9 -7.93795e-05
28.91 -9.50482e-05
28.92 -0.000110179
28.93 -0.000124886
28.94 -0.000139324
28.95 -0.000153636
28.96 -0.00016789
28.97 -0.000182046
28.98 -0.000195969
28.99 -0.000209502
29 -0.000222574
29.01 -0.000235278
29.02 -0.00024786
29.03 -0.000260588
29.04 -0.000273601
29.05 -0.000286818
29.06 -0.00029999
29.07 -0.000312852
29.08 -0.000325247
29.09 -0.000337154
29.1 -0.000348639
29.11 -0.000359781
29.12 -0.000370612
29.13 -0.000381087
29.14 -0.000391069
29.15 -0.000400324
29.16 -0.000408547
29.17 -0.000415409
29.18 -0.000420633
29.19 -0.000424064
29.2 -0.000425706
29.21 -0.000425675
29.22 -0.000424112
29.23 -0.000421088
29.24 -0.000416578
29.25 -0.000410486
29.26 -0.000402716
29.27 -0.000393218
29.28 -0.000382008
29.29 -0.000369136
29.3 -0.000354661
29.31 -0.000338629
29.32 -0.000321082
29.33 -0.000302094
29.34 -0.000281794
29.35 -0.000260367
29.36 -0.000238012
29.37 -0.000214872
29.38 -0.000190982
29.39 -0.00016627
29.4 -0.000140626
29.41 -0.000113998
29.42 -8.64537e-05
29.43 -5.81733e-05
29.44 -2.938e-05
29.45 -2.71226e-07
29.46 2.90061e-05
29.47 5.83321e-05
29.48 8.75795e-05
29.49 0.000116608
29.5 0.00014529
29.51 0.000173533
29.52 0.000201246
29.53 0.000228265
29.54 0.000254295
29.55 0.000278921
29.56 0.000301704
29.57 0.000322323
29.58 0.000340669
29.59 0.000356861
29.6 0.000371149
29.61 0.000383782
29.62 0.00039492
29.63 0.000404624
29.64 0.000412898
29.65 0.000419734
29.66 0.000425124
29.67 0.000429063
29.68 0.000431555
29.69 0.000432633
29.7 0.000432387
29.71 0.000430966
29.72 0.00042856
29.73 0.000425362
29.74 0.000421499
29.75 0.000416978
29.76 0.000411668
29.77 0.000405344
29.78 0.000397786
29.79 0.0003889
29.8 0.000378787
29.81 0.000367726
29.82 0.000356051
29.83 0.000343995
29.84 0.000331577
29.85 0.000318616
29.86 0.000304847
29.87 0.000290083
29.88 0.000274311
29.89 0.000257694
29.9 0.000240489
29.91 0.000222934
29.92 0.000205165
29.93 0.000187193
29.94 0.00016892
29.95 0.0001502
29.96 0.000130899
29.97 0.000110961
29.98 9.04399e-05
29.99 6.94873e-05
30 4.83043e-05
30.01 2.70651e-05
30.02 5.86035e-06
30.03 -1.53138e-05
30.04 -3.65141e-05
30.05 -5.77867e-05
30.06 -7.91187e-05
30.07 -0.000100427
30.08 -0.00012158
30.09 -0.000142422
30.1 -0.000162803
30.11 -0.000182581
30.12 -0.000201636
30.13 -0.000219868
30.14 -0.000237203
30.15 -0.000253579
30.16 -0.000268935
30.17 -0.000283201
30.18 -0.000296296
30.19 -0.000308149
30.2 -0.000318715
30.21 -0.000327985
30.22 -0.000335979
30.23 -0.000342724
30.24 -0.000348241
30.25 -0.00035253
30.26 -0.000355582
30.27 -0.000357385
30.28 -0.000357945
30.29 -0.000357297
30.3 -0.0003555
30.31 -0.000352623
30.32 -0.000348717
30.33 -0.000343798
30.34 -0.000337854
30.35 -0.000330871
30.36 -0.000322867
30.37 -0.0003139
30.38 -0.000304051
30.39 -0.000293392
30.4 -0.000281959
30.41 -0.000269751
30.42 -0.000256761
30.43 -0.000242996
30.44 -0.000228495
30.45 -0.000213306
30.46 -0.000197474
30.47 -0.000181037
30.48 -0.000164037
30.49 -0.000146534
30.5 -0.000128597
30.51 -0.000110282
30.52 -9.16183e-05
30.53 -7.26155e-05
30.54 -5.32957e-05
30.55 -3.37173e-05
30.56 -1.39839e-05
30.57 5.77255e-06
30.58 2.54246e-05
30.59 4.4882e-05
30.6 6.41037e-05
30.61 8.3083e-05
30.62 0.000101815
30.63 0.000120268
30.64 0.000138365
30.65 0.000155997
30.66 0.000173032
30.67 0.000189343
30.68 0.000204821
30.69 0.000219393
30.7 0.000233019
30.71 0.000245684
30.72 0.00025737
30.73 0.000268049
30.74 0.000277671
30.75 0.00028617
30.76 0.000293485
30.77 0.000299573
30.78 0.000304422
30.79 0.000308047
30.8 0.000310482
30.81 0.000311766
30.82 0.000311934
30.83 0.000311019
30.84 0.000309045
30.85 0.000306028
30.86 0.000301976
30.87 0.000296899
30.88 0.000290819
30.89 0.000283776
30.9 0.000275829
30.91 0.000267049
30.92 0.000257499
30.93 0.000247227
30.94 0.00023626
30.95 0.000224604
30.96 0.000212264
30.97 0.000199256
30.98 0.000185622
30.99 0.000171422
31 0.00015673
31.01 0.000141613
31.02 0.000126124
31.03 0.000110299
31.04 9.41634e-05
31.05 7.77401e-05
31.06 6.10569e-05
31.07 4.41515e-05
31.08 2.70733e-05
31.09 9.88295e-06
31.1 -7.34978e-06
31.11 -2.45514e-05
31.12 -4.1651e-05
31.13 -5.85854e-05
31.14 -7.53009e-05
31.15 -9.17507e-05
31.16 -0.000107888
31.17 -0.000123662
31.18 -0.000139011
31.19 -0.000153865
31.2 -0.000168154
31.21 -0.000181813
31.22 -0.000194783
31.23 -0.000207017
31.24 -0.000218475
31.25 -0.00022912
31.26 -0.000238918
31.27 -0.000247834
31.28 -0.000255835
31.29 -0.000262888
31.3 -0.000268967
31.31 -0.000274056
31.32 -0.000278148
31.33 -0.000281248
31.34 -0.000283366
31.35 -0.000284517
31.36 -0.000284713
31.37 -0.000283963
31.38 -0.000282279
31.39 -0.00027967
31.4 -0.000276152
31.41 -0.000271745
31.42 -0.000266475
31.43 -0.00026037
31.44 -0.000253459
31.45 -0.000245773
31.46 -0.000237337
31.47 -0.000228177
31.48 -0.00021832
31.49 -0.000207793
31.5 -0.000196626
31.51 -0.000184849
31.52 -0.000172496
31.53 -0.000159602
31.54 -0.000146202
31.55 -0.000132331
31.56 -0.000118026
31.57 -0.000103324
31.58 -8.82658e-05
31.59 -7.28954e-05
31.6 -5.72603e-05
31.61 -4.14111e-05
31.62 -2.54006e-05
31.63 -9.28244e-06
31.64 6.889e-06
31.65 2.30588e-05
31.66 3.91707e-05
31.67 5.51663e-05
31.68 7.09846e-05
31.69 8.65623e-05
31.7 0.000101834
31.71 0.000116733
31.72 0.000131194
31.73 0.000145153
31.74 0.000158548
31.75 0.00017132
31.76 0.000183414
31.77 0.00019478
31.78 0.00020537
31.79 0.000215142
31.8 0.00022406
31.81 0.000232094
31.82 0.00023922
31.83 0.000245421
31.84 0.000250685
31.85 0.000255008
31.86 0.000258389
31.87 0.000260832
31.88 0.000262346
31.89 0.000262942
31.9 0.000262638
31.91 0.000261449
31.92 0.000259399
31.93 0.00025651
31.94 0.000252807
31.95 0.000248314
31.96 0.000243058
31.97 0.000237064
31.98 0.000230358
31.99 0.000222966
32 0.000214913
32.01 0.000206226
32.02 0.000196928
32.03 0.000187046
32.04 0.000176607
32.05 0.000165644
32.06 0.000154192
32.07 0.000142286
32.08 0.000129957
32.09 0.000117235
32.1 0.000104148
32.11 9.0728e-05
32.12 7.70099e-05
32.13 6.30318e-05
32.14 4.88346e-05
32.15 3.44608e-05
32.16 1.99538e-05
32.17 5.35792e-06
32.18 -9.28146e-06
32.19 -2.39179e-05
32.2 -3.85038e-05
32.21 -5.29897e-05
32.22 -6.73238e-05
32.23 -8.14523e-05
32.24 -9.53193e-05
32.25 -0.000108868
32.26 -0.000122043
32.27 -0.000134789
32.28 -0.000147052
32.29 -0.00015878
32.3 -0.000169923
32.31 -0.000180431
32.32 -0.000190259
32.33 -0.000199362
32.34 -0.000207703
32.35 -0.000215248
32.36 -0.00022197
32.37 -0.000227848
32.38 -0.000232865
32.39 -0.00023701
32.4 -0.000240278
32.41 -0.000242667
32.42 -0.000244179
32.43 -0.000244821
32.44 -0.000244601
32.45 -0.000243533
32.46 -0.000241634
32.47 -0.000238923
32.48 -0.00023542
32.49 -0.000231148
32.5 -0.00022613
32.51 -0.00022039
32.52 -0.000213955
32.53 -0.00020685
32.54 -0.000199103
32.55 -0.000190741
32.56 -0.000181795
32.57 -0.000172294
32.58 -0.00016227
32.59 -0.000151753
32.6 -0.000140777
32.61 -0.000129374
32.62 -0.000117579
32.63 -0.000105426
32.64 -9.29515e-05
32.65 -8.01937e-05
32.66 -6.7191e-05
32.67 -5.39828e-05
32.68 -4.06098e-05
32.69 -2.71135e-05
32.7 -1.35363e-05
32.71 7.79654e-08
32.72 1.36848e-05
32.73 2.72384e-05
32.74 4.06921e-05
32.75 5.39984e-05
32.76 6.71095e-05
32.77 7.99772e-05
32.78 9.25533e-05
32.79 0.00010479
32.8 0.000116641
32.81 0.000128059
32.82 0.000139
32.83 0.000149421
32.84 0.000159282
32.85 0.000168543
32.86 0.000177171
32.87 0.000185133
32.88 0.000192402
32.89 0.000198953
32.9 0.000204765
32.91 0.000209824
32.92 0.000214116
32.93 0.000217633
32.94 0.000220372
32.95 0.00022233
32.96 0.00022351
32.97 0.000223919
32.98 0.000223563
32.99 0.000222453
33 0.000220602
33.01 0.000218023
33.02 0.000214734
33.03 0.000210751
33.04 0.000206092
33.05 0.000200777
33.06 0.000194828
33.07 0.000188265
33.08 0.000181112
33.09 0.000173393
33.1 0.000165131
33.11 0.000156354
33.12 0.000147087
33.13 0.000137359
33.14 0.000127197
33.15 0.000116633
33.16 0.000105696
33.17 9.44181e-05
33.18 8.28335e-05
33.19 7.09761e-05
33.2 5.88817e-05
33.21 4.65873e-05
33.22 3.41312e-05
33.23 2.1553e-05
33.24 8.89368e-06
33.25 -3.80448e-06
33.26 -1.64981e-05
33.27 -2.91429e-05
33.28 -4.16933e-05
33.29 -5.41034e-05
33.3 -6.63266e-05
33.31 -7.8316e-05
33.32 -9.00248e-05
33.33 -0.000101406
33.34 -0.000112415
33.35 -0.000123006
33.36 -0.000133136
33.37 -0.000142764
33.38 -0.000151851
33.39 -0.000160361
33.4 -0.00016826
33.41 -0.00017552
33.42 -0.000182114
33.43 -0.000188021
33.44 -0.000193222
33.45 -0.000197704
33.46 -0.000201458
33.47 -0.000204476
33.48 -0.000206757
33.49 -0.000208301
33.5 -0.000209113
33.51 -0.000209199
33.52 -0.00020857
33.53 -0.000207236
33.54 -0.000205211
33.55 -0.00020251
33.56 -0.000199151
33.57 -0.000195152
33.58 -0.000190532
33.59 -0.000185311
33.6 -0.000179511
33.61 -0.000173154
33.62 -0.000166263
33.63 -0.000158863
33.64 -0.000150977
33.65 -0.000142632
33.66 -0.000133854
33.67 -0.000124669
33.68 -0.000115106
33.69 -0.000105192
33.7 -9.4958e-05
33.71 -8.4433e-05
33.72 -7.36484e-05
33.73 -6.2636e-05
33.74 -5.14288e-05
33.75 -4.00605e-05
33.76 -2.85658e-05
33.77 -1.69804e-05
33.78 -5.34097e-06
33.79 6.31507e-06
33.8 1.79494e-05
33.81 2.95228e-05
33.82 4.09957e-05
33.83 5.23276e-05
33.84 6.34781e-05
33.85 7.44062e-05
33.86 8.50712e-05
33.87 9.54325e-05
33.88 0.00010545
33.89 0.000115086
33.9 0.000124301
33.91 0.000133059
33.92 0.000141326
33.93 0.00014907
33.94 0.00015626
33.95 0.000162871
33.96 0.000168878
33.97 0.00017426
33.98 0.000178999
33.99 0.000183082
34 0.000186497
34.01 0.000189238
34.02 0.000191299
34.03 0.00019268
34.04 0.000193382
34.05 0.000193408
34.06 0.000192767
34.07 0.000191466
34.08 0.000189516
34.09 0.00018693
34.1 0.000183723
34.11 0.000179911
34.12 0.00017551
34.13 0.00017054
34.14 0.00016502
34.15 0.000158971
34.16 0.000152415
34.17 0.000145376
34.18 0.000137877
34.19 0.000129944
34.2 0.000121601
34.21 0.000112877
34.22 0.000103799
34.23 9.43945e-05
34.24 8.46942e-05
34.25 7.4728e-05
34.26 6.45271e-05
34.27 5.41237e-05
34.28 4.35506e-05
34.29 3.28415e-05
34.3 2.20309e-05
34.31 1.11543e-05
34.32 2.47504e-07
34.33 -1.06528e-05
34.34 -2.15095e-05
34.35 -3.22851e-05
34.36 -4.29416e-05
34.37 -5.34412e-05
34.38 -6.37459e-05
34.39 -7.38179e-05
34.4 -8.36201e-05
34.41 -9.31157e-05
34.42 -0.000102269
34.43 -0.000111046
34.44 -0.000119413
34.45 -0.00012734
34.46 -0.000134796
34.47 -0.000141754
34.48 -0.00014819
34.49 -0.000154081
34.5 -0.000159409
34.51 -0.000164155
34.52 -0.000168307
34.53 -0.000171854
34.54 -0.000174786
34.55 -0.0001771
34.56 -0.000178792
34.57 -0.000179862
34.58 -0.000180312
34.59 -0.000180147
34.6 -0.000179372
34.61 -0.000177996
34.62 -0.00017603
34.63 -0.000173483
34.64 -0.00017037
34.65 -0.000166705
34.66 -0.000162503
34.67 -0.000157781
34.68 -0.000152557
34.69 -0.00014685
34.7 -0.000140679
34.71 -0.000134065
34.72 -0.00012703
34.73 -0.000119597
34.74 -0.00011179
34.75 -0.000103631
34.76 -9.5148e-05
34.77 -8.63657e-05
34.78 -7.73115e-05
34.79 -6.80133e-05
34.8 -5.84999e-05
34.81 -4.8801e-05
34.82 -3.89472e-05
34.83 -2.89697e-05
34.84 -1.8901e-05
34.85 -8.77374e-06
34.86 1.37822e-06
34.87 1.15206e-05
34.88 2.16186e-05
34.89 3.1637e-05
34.9 4.154e-05
34.91 5.12921e-05
34.92 6.08575e-05
34.93 7.02007e-05
34.94 7.92866e-05
34.95 8.80808e-05
34.96 9.65497e-05
34.97 0.000104661
34.98 0.000112384
34.99 0.000119688
35 0.000126547
35.01 0.000132935
35.02 0.000138828
35.03 0.000144207
35.04 0.000149053
35.05 0.00015335
35.06 0.000157087
35.07 0.000160252
35.08 0.000162838
35.09 0.000164841
35.1 0.000166259
35.11 0.000167091
35.12 0.00016734
35.13 0.000167011
35.14 0.00016611
35.15 0.000164645
35.16 0.000162627
35.17 0.000160067
35.18 0.000156978
35.19 0.000153374
35.2 0.000149272
35.21 0.000144687
35.22 0.000139637
35.23 0.000134142
35.24 0.000128221
35.25 0.000121893
35.26 0.000115182
35.27 0.000108108
35.28 0.000100696
35.29 9.29686e-05
35.3 8.49505e-05
35.31 7.66672e-05
35.32 6.81445e-05
35.33 5.94092e-05
35.34 5.04887e-05
35.35 4.14112e-05
35.36 3.22054e-05
35.37 2.29006e-05
35.38 1.35269e-05
35.39 4.11487e-06
35.4 -5.30456e-06
35.41 -1.46999e-05
35.42 -2.40394e-05
35.43 -3.3291e-05
35.44 -4.24225e-05
35.45 -5.14018e-05
35.46 -6.01969e-05
35.47 -6.87761e-05
35.48 -7.71081e-05
35.49 -8.51623e-05
35.5 -9.2909e-05
35.51 -0.00010032
35.52 -0.000107366
35.53 -0.000114024
35.54 -0.000120267
35.55 -0.000126074
35.56 -0.000131424
35.57 -0.000136298
35.58 -0.00014068
35.59 -0.000144557
35.6 -0.000147915
35.61 -0.000150747
35.62 -0.000153044
35.63 -0.000154803
35.64 -0.00015602
35.65 -0.000156694
35.66 -0.000156829
35.67 -0.000156426
35.68 -0.000155491
35.69 -0.000154032
35.7 -0.000152057
35.71 -0.000149576
35.72 -0.000146601
35.73 -0.000143144
35.74 -0.00013922
35.75 -0.000134845
35.76 -0.000130034
35.77 -0.000124805
35.78 -0.000119177
35.79 -0.000113169
35.8 -0.000106801
35.81 -0.000100095
35.82 -9.30736e-05
35.83 -8.57588e-05
35.84 -7.81746e-05
35.85 -7.03456e-05
35.86 -6.2297e-05
35.87 -5.40548e-05
35.88 -4.56457e-05
35.89 -3.7097e-05
35.9 -2.84365e-05
35.91 -1.96929e-05
35.92 -1.08951e-05
35.93 -2.07254e-06
35.94 6.74491e-06
35.95 1.55271e-05
35.96 2.42438e-05
35.97 3.28645e-05
35.98 4.13589e-05
35.99 4.96968e-05
36 5.78483e-05
36.01 6.57839e-05
36.02 7.34749e-05
36.03 8.08932e-05
36.04 8.80119e-05
36.05 9.48049e-05
36.06 0.000101248
36.07 0.000107317
36.08 0.000112992
36.09 0.000118253
36.1 0.000123081
36.11 0.00012746
36.12 0.000131378
36.13 0.000134821
36.14 0.000137781
36.15 0.00014025
36.16 0.000142221
36.17 0.000143692
36.18 0.000144661
36.19 0.000145128
36.2 0.000145096
36.21 0.000144567
36.22 0.000143548
36.23 0.000142045
36.24 0.000140067
36.25 0.000137623
36.26 0.000134724
36.27 0.000131383
36.28 0.000127612
36.29 0.000123426
36.3 0.000118841
36.31 0.000113872
36.32 0.000108538
36.33 0.000102855
36.34 9.68429e-05
36.35 9.05216e-05
36.36 8.39116e-05
36.37 7.70341e-05
36.38 6.99113e-05
36.39 6.25659e-05
36.4 5.50214e-05
36.41 4.73021e-05
36.42 3.94326e-05
36.43 3.14385e-05
36.44 2.33458e-05
36.45 1.51811e-05
36.46 6.97129e-06
36.47 -1.25606e-06
36.48 -9.47315e-06
36.49 -1.76519e-05
36.5 -2.5764e-05
36.51 -3.37812e-05
36.52 -4.16751e-05
36.53 -4.94176e-05
36.54 -5.69809e-05
36.55 -6.43375e-05
36.56 -7.14607e-05
36.57 -7.83243e-05
36.58 -8.49033e-05
36.59 -9.11735e-05
36.6 -9.71122e-05
36.61 -0.000102698
36.62 -0.000107911
36.63 -0.000112732
36.64 -0.000117145
36.65 -0.000121136
36.66 -0.000124691
36.67 -0.0001278
36.68 -0.000130454
36.69 -0.000132645
36.7 -0.000134368
36.71 -0.000135621
36.72 -0.000136401
36.73 -0.00013671
36.74 -0.00013655
36.75 -0.000135924
36.76 -0.000134837
36.77 -0.000133297
36.78 -0.000131312
36.79 -0.000128891
36.8 -0.000126045
36.81 -0.000122787
36.82 -0.000119128
36.83 -0.000115083
36.84 -0.000110668
36.85 -0.000105898
36.86 -0.00010079
36.87 -9.53611e-05
36.88 -8.9631e-05
36.89 -8.36184e-05
36.9 -7.73433e-05
36.91 -7.08264e-05
36.92 -6.4089e-05
36.93 -5.71531e-05
36.94 -5.00411e-05
36.95 -4.27764e-05
36.96 -3.53824e-05
36.97 -2.78833e-05
36.98 -2.03038e-05
36.99 -1.26688e-05
37 -5.0036e-06
37.01 2.6661e-06
37.02 1.03145e-05
37.03 1.79156e-05
37.04 2.54435e-05
37.05 3.2872e-05
37.06 4.01754e-05
37.07 4.73281e-05
37.08 5.43049e-05
37.09 6.10811e-05
37.1 6.76324e-05
37.11 7.39356e-05
37.12 7.99682e-05
37.13 8.57087e-05
37.14 9.11367e-05
37.15 9.62332e-05
37.16 0.00010098
37.17 0.000105362
37.18 0.000109364
37.19 0.000112972
37.2 0.000116175
37.21 0.000118963
37.22 0.000121329
37.23 0.000123265
37.24 0.000124768
37.25 0.000125834
37.26 0.000126462
37.27 0.000126653
37.28 0.000126407
37.29 0.000125729
37.3 0.000124623
37.31 0.000123095
37.32 0.000121153
37.33 0.000118806
37.34 0.000116062
37.35 0.000112933
37.36 0.000109432
37.37 0.00010557
37.38 0.000101363
37.39 9.68253e-05
37.4 9.19723e-05
37.41 8.6821e-05
37.42 8.13889e-05
37.43 7.56943e-05
37.44 6.97561e-05
37.45 6.3594e-05
37.46 5.72285e-05
37.47 5.06806e-05
37.48 4.39718e-05
37.49 3.71244e-05
37.5 3.0161e-05
37.51 2.31047e-05
37.52 1.59792e-05
37.53 8.80836e-06
37.54 1.61643e-06
37.55 -5.57212e-06
37.56 -1.27327e-05
37.57 -1.98405e-05
37.58 -2.6871e-05
37.59 -3.37995e-05
37.6 -4.06017e-05
37.61 -4.72536e-05
37.62 -5.37316e-05
37.63 -6.00126e-05
37.64 -6.60743e-05
37.65 -7.18951e-05
37.66 -7.74543e-05
37.67 -8.27324e-05
37.68 -8.77109e-05
37.69 -9.23724e-05
37.7 -9.67011e-05
37.71 -0.000100682
37.72 -0.000104303
37.73 -0.000107552
37.74 -0.000110419
37.75 -0.000112896
37.76 -0.000114975
37.77 -0.000116652
37.78 -0.000117923
37.79 -0.000118786
37.8 -0.00011924
37.81 -0.000119286
37.82 -0.000118927
37.83 -0.000118165
37.84 -0.000117006
37.85 -0.000115456
37.86 -0.000113523
37.87 -0.000111214
37.88 -0.000108539
37.89 -0.000105509
37.9 -0.000102136
37.91 -9.84312e-05
37.92 -9.44088e-05
37.93 -9.00827e-05
37.94 -8.5468e-05
37.95 -8.05805e-05
37.96 -7.54365e-05
37.97 -7.00533e-05
37.98 -6.44489e-05
37.99 -5.86415e-05
38 -5.26504e-05
38.01 -4.64953e-05
38.02 -4.01963e-05
38.03 -3.37741e-05
38.04 -2.72498e-05
38.05 -2.06452e-05
38.06 -1.39821e-05
38.07 -7.2828e-06
38.08 -5.69809e-07
38.09 6.13414e-06
38.1 1.28062e-05
38.11 1.94235e-05
38.12 2.59631e-05
38.13 3.24023e-05
38.14 3.87186e-05
38.15 4.48898e-05
38.16 5.0894e-05
38.17 5.671e-05
38.18 6.23172e-05
38.19 6.76956e-05
38.2 7.28262e-05
38.21 7.76909e-05
38.22 8.22726e-05
38.23 8.65555e-05
38.24 9.05246e-05
38.25 9.41668e-05
38.26 9.74699e-05
38.27 0.000100423
38.28 0.000103017
38.29 0.000105245
38.3 0.000107099
38.31 0.000108576
38.32 0.000109671
38.33 0.000110383
38.34 0.000110712
38.35 0.000110657
38.36 0.000110222
38.37 0.00010941
38.38 0.000108225
38.39 0.000106674
38.4 0.000104764
38.41 0.000102503
38.42 9.98991e-05
38.43 9.6964e-05
38.44 9.37083e-05
38.45 9.01442e-05
38.46 8.62846e-05
38.47 8.21433e-05
38.48 7.77347e-05
38.49 7.30742e-05
38.5 6.81778e-05
38.51 6.30619e-05
38.52 5.7744e-05
38.53 5.22418e-05
38.54 4.65737e-05
38.55 4.07587e-05
38.56 3.4816e-05
38.57 2.87655e-05
38.58 2.26274e-05
38.59 1.64221e-05
38.6 1.01706e-05
38.61 3.89378e-06
38.62 -2.38709e-06
38.63 -8.65071e-06
38.64 -1.48757e-05
38.65 -2.10408e-05
38.66 -2.71247e-05
38.67 -3.31064e-05
38.68 -3.89652e-05
38.69 -4.46807e-05
38.7 -5.02329e-05
38.71 -5.56025e-05
38.72 -6.07708e-05
38.73 -6.57196e-05
38.74 -7.0432e-05
38.75 -7.48914e-05
38.76 -7.90827e-05
38.77 -8.29916e-05
38.78 -8.6605e-05
38.79 -8.9911e-05
38.8 -9.28987e-05
38.81 -9.55589e-05
38.82 -9.78832e-05
38.83 -9.98649e-05
38.84 -0.000101499
38.85 -0.00010278
38.86 -0.000103706
38.87 -0.000104275
38.88 -0.000104487
38.89 -0.000104343
38.9 -0.000103845
38.91 -0.000102997
38.92 -0.000101802
38.93 -0.000100266
38.94 -9.83966e-05
38.95 -9.62007e-05
38.96 -9.36872e-05
38.97 -9.08655e-05
38.98 -8.77462e-05
38.99 -8.43406e-05
39 -8.06608e-05
39.01 -7.67198e-05
39.02 -7.25313e-05
39.03 -6.81097e-05
39.04 -6.34701e-05
39.05 -5.86281e-05
39.06 -5.36001e-05
39.07 -4.84031e-05
39.08 -4.30543e-05
39.09 -3.75718e-05
39.1 -3.19739e-05
39.11 -2.62795e-05
39.12 -2.05075e-05
39.13 -1.46776e-05
39.14 -8.80941e-06
39.15 -2.92287e-06
39.16 2.96194e-06
39.17 8.82488e-06
39.18 1.46458e-05
39.19 2.04046e-05
39.2 2.60812e-05
39.21 3.16561e-05
39.22 3.71097e-05
39.23 4.24229e-05
39.24 4.75773e-05
39.25 5.25547e-05
39.26 5.73378e-05
39.27 6.19099e-05
39.28 6.62553e-05
39.29 7.03588e-05
39.3 7.42066e-05
39.31 7.77855e-05
39.32 8.10838e-05
39.33 8.40906e-05
39.34 8.67963e-05
39.35 8.91924e-05
39.36 9.12718e-05
39.37 9.30285e-05
39.38 9.44577e-05
39.39 9.55559e-05
39.4 9.63208e-05
39.41 9.67514e-05
39.42 9.68478e-05
39.43 9.66112e-05
39.44 9.6044e-05
39.45 9.51497e-05
39.46 9.39329e-05
39.47 9.23992e-05
39.48 9.0555e-05
39.49 8.84079e-05
39.5 8.59663e-05
39.51 8.32395e-05
39.52 8.02375e-05
39.53 7.69713e-05
39.54 7.34524e-05
39.55 6.96934e-05
39.56 6.57071e-05
39.57 6.15073e-05
39.58 5.71083e-05
39.59 5.25251e-05
39.6 4.7773e-05
39.61 4.2868e-05
39.62 3.78265e-05
39.63 3.26654e-05
39.64 2.7402e-05
39.65 2.20539e-05
39.66 1.66391e-05
39.67 1.11756e-05
39.68 5.68206e-06
39.69 1.76911e-07
39.7 -5.3211e-06
39.71 -1.07932e-05
39.72 -1.62208e-05
39.73 -2.15851e-05
39.74 -2.68677e-05
39.75 -3.20503e-05
39.76 -3.71149e-05
39.77 -4.20439e-05
39.78 -4.68203e-05
39.79 -5.14274e-05
39.8 -5.58491e-05
39.81 -6.00702e-05
39.82 -6.40761e-05
39.83 -6.7853e-05
39.84 -7.13881e-05
39.85 -7.46693e-05
39.86 -7.76859e-05
39.87 -8.04279e-05
39.88 -8.28863e-05
39.89 -8.50537e-05
39.9 -8.69232e-05
39.91 -8.84895e-05
39.92 -8.97482e-05
39.93 -9.06963e-05
39.94 -9.13315e-05
39.95 -9.16532e-05
39.96 -9.16614e-05
39.97 -9.13574e-05
39.98 -9.07438e-05
39.99 -8.98238e-05
40 -8.86019e-05
40.01 -8.70834e-05
40.02 -8.52748e-05
40.03 -8.31832e-05
40.04 -8.08168e-05
40.05 -7.81844e-05
40.06 -7.52959e-05
40.07 -7.21617e-05
40.08 -6.87931e-05
40.09 -6.52019e-05
40.1 -6.14008e-05
40.11 -5.74028e-05
40.12 -5.32219e-05
40.13 -4.88722e-05
40.14 -4.43685e-05
40.15 -3.97263e-05
40.16 -3.49611e-05
40.17 -3.00892e-05
40.18 -2.5127e-05
40.19 -2.00912e-05
40.2 -1.4999e-05
40.21 -9.86743e-06
40.22 -4.71402e-06
40.23 4.43725e-07
40.24 5.58824e-06
40.25 1.0702e-05
40.26 1.57674e-05
40.27 2.07671e-05
40.28 2.5684e-05
40.29 3.05012e-05
40.3 3.52019e-05
40.31 3.97702e-05
40.32 4.41901e-05
40.33 4.84465e-05
40.34 5.25249e-05
40.35 5.64112e-05
40.36 6.00922e-05
40.37 6.35556e-05
40.38 6.67896e-05
40.39 6.97836e-05
40.4 7.25278e-05
40.41 7.50133e-05
40.42 7.72323e-05
40.43 7.91779e-05
40.44 8.08443e-05
40.45 8.22267e-05
40.46 8.33214e-05
40.47 8.41257e-05
40.48 8.4638e-05
40.49 8.48576e-05
40.5 8.4785e-05
40.51 8.44215e-05
40.52 8.37695e-05
40.53 8.28324e-05
40.54 8.16144e-05
40.55 8.01206e-05
40.56 7.83571e-05
40.57 7.63307e-05
40.58 7.40491e-05
40.59 7.15207e-05
40.6 6.87548e-05
40.61 6.57612e-05
40.62 6.25506e-05
40.63 5.91342e-05
40.64 5.55237e-05
40.65 5.17318e-05
40.66 4.77714e-05
40.67 4.3656e-05
40.68 3.93996e-05
40.69 3.50166e-05
40.7 3.0522e-05
40.71 2.59309e-05
40.72 2.1259e-05
40.73 1.6522e-05
40.74 1.1736e-05
40.75 6.91742e-06
40.76 2.08254e-06
40.77 -2.75207e-06
40.78 -7.56987e-06
40.79 -1.23543e-05
40.8 -1.70889e-05
40.81 -2.17574e-05
40.82 -2.63437e-05
40.83 -3.08319e-05
40.84 -3.52065e-05
40.85 -3.94523e-05
40.86 -4.35548e-05
40.87 -4.74997e-05
40.88 -5.12736e-05
40.89 -5.48635e-05
40.9 -5.82572e-05
40.91 -6.14432e-05
40.92 -6.44108e-05
40.93 -6.71504e-05
40.94 -6.96528e-05
40.95 -7.19101e-05
40.96 -7.39152e-05
40.97 -7.5662e-05
40.98 -7.71452e-05
40.99 -7.83607e-05
41 -7.93053e-05
41.01 -7.99768e-05
41.02 -8.0374e-05
41.03 -8.04966e-05
41.04 -8.03453e-05
41.05 -7.99217e-05
41.06 -7.92283e-05
41.07 -7.82687e-05
41.08 -7.7047e-05
41.09 -7.55684e-05
41.1 -7.38388e-05
41.11 -7.1865e-05
41.12 -6.96545e-05
41.13 -6.72155e-05
41.14 -6.45568e-05
41.15 -6.1688e-05
41.16 -5.86193e-05
41.17 -5.53614e-05
41.18 -5.19258e-05
41.19 -4.83242e-05
41.2 -4.45691e-05
41.21 -4.06732e-05
41.22 -3.66499e-05
41.23 -3.25128e-05
41.24 -2.8276e-05
41.25 -2.39537e-05
41.26 -1.95607e-05
41.27 -1.51117e-05
41.28 -1.06219e-05
41.29 -6.10643e-06
41.3 -1.58071e-06
41.31 2.93991e-06
41.32 7.44002e-06
41.33 1.19043e-05
41.34 1.63174e-05
41.35 2.06643e-05
41.36 2.49301e-05
41.37 2.91001e-05
41.38 3.316e-05
41.39 3.70959e-05
41.4 4.08943e-05
41.41 4.45422e-05
41.42 4.80271e-05
41.43 5.13373e-05
41.44 5.44614e-05
41.45 5.7389e-05
41.46 6.01103e-05
41.47 6.26164e-05
41.48 6.48989e-05
41.49 6.69507e-05
41.5 6.87653e-05
41.51 7.03369e-05
41.52 7.16611e-05
41.53 7.27339e-05
41.54 7.35525e-05
41.55 7.41149e-05
41.56 7.44202e-05
41.57 7.44681e-05
41.58 7.42594e-05
41.59 7.37957e-05
41.6 7.30795e-05
41.61 7.21142e-05
41.62 7.09039e-05
41.63 6.94535e-05
41.64 6.77688e-05
41.65 6.58562e-05
41.66 6.37228e-05
41.67 6.13766e-05
41.68 5.88261e-05
41.69 5.60804e-05
41.7 5.31492e-05
41.71 5.0043e-05
41.72 4.67725e-05
41.73 4.33491e-05
41.74 3.97847e-05
41.75 3.60916e-05
41.76 3.22823e-05
41.77 2.837e-05
41.78 2.4368e-05
41.79 2.029e-05
41.8 1.61499e-05
41.81 1.19618e-05
41.82 7.74003e-06
41.83 3.49894e-06
41.84 -7.4695e-07
41.85 -4.98315e-06
41.86 -9.19517e-06
41.87 -1.33686e-05
41.88 -1.74891e-05
41.89 -2.15427e-05
41.9 -2.55154e-05
41.91 -2.93936e-05
41.92 -3.3164e-05
41.93 -3.68138e-05
41.94 -4.03305e-05
41.95 -4.37023e-05
41.96 -4.69175e-05
41.97 -4.99655e-05
41.98 -5.28361e-05
41.99 -5.55196e-05
42 -5.80072e-05
42.01 -6.02909e-05
42.02 -6.23633e-05
42.03 -6.42177e-05
42.04 -6.58486e-05
42.05 -6.72509e-05
42.06 -6.84206e-05
42.07 -6.93544e-05
42.08 -7.00499e-05
42.09 -7.05055e-05
42.1 -7.07205e-05
42.11 -7.0695e-05
42.12 -7.043e-05
42.13 -6.99271e-05
42.14 -6.91889e-05
42.15 -6.82187e-05
42.16 -6.70206e-05
42.17 -6.55993e-05
42.18 -6.39604e-05
42.19 -6.211e-05
42.2 -6.0055e-05
42.21 -5.78028e-05
42.22 -5.53617e-05
42.23 -5.27403e-05
42.24 -4.99478e-05
42.25 -4.6994e-05
42.26 -4.38891e-05
42.27 -4.0644e-05
42.28 -3.72698e-05
42.29 -3.3778e-05
42.3 -3.01807e-05
42.31 -2.64901e-05
42.32 -2.27188e-05
42.33 -1.88797e-05
42.34 -1.49859e-05
42.35 -1.10506e-05
42.36 -7.08725e-06
42.37 -3.10942e-06
42.38 8.69327e-07
42.39 4.83538e-06
42.4 8.77516e-06
42.41 1.26752e-05
42.42 1.65221e-05
42.43 2.03027e-05
42.44 2.4004e-05
42.45 2.76133e-05
42.46 3.11183e-05
42.47 3.4507e-05
42.48 3.77678e-05
42.49 4.08897e-05
42.5 4.38619e-05
42.51 4.66746e-05
42.52 4.93183e-05
42.53 5.17842e-05
42.54 5.40642e-05
42.55 5.61508e-05
42.56 5.80372e-05
42.57 5.97177e-05
42.58 6.11868e-05
42.59 6.24403e-05
42.6 6.34744e-05
42.61 6.42863e-05
42.62 6.4874e-05
42.63 6.52361e-05
42.64 6.53723e-05
42.65 6.52828e-05
42.66 6.49687e-05
42.67 6.44318e-05
42.68 6.36749e-05
42.69 6.27011e-05
42.7 6.15145e-05
42.71 6.01199e-05
42.72 5.85226e-05
42.73 5.67287e-05
42.74 5.47448e-05
42.75 5.25781e-05
42.76 5.02366e-05
42.77 4.77285e-05
42.78 4.50627e-05
42.79 4.22486e-05
42.8 3.92961e-05
42.81 3.62152e-05
42.82 3.30169e-05
42.83 2.97119e-05
42.84 2.63116e-05
42.85 2.28278e-05
42.86 1.92723e-05
42.87 1.56572e-05
42.88 1.19949e-05
42.89 8.29782e-06
42.9 4.5786e-06
42.91 8.49904e-07
42.92 -2.87555e-06
42.93 -6.58506e-06
42.94 -1.0266e-05
42.95 -1.39058e-05
42.96 -1.7492e-05
42.97 -2.10124e-05
42.98 -2.4455e-05
42.99 -2.7808e-05
43 -3.10601e-05
43.01 -3.42002e-05
43.02 -3.72177e-05
43.03 -4.01023e-05
43.04 -4.28443e-05
43.05 -4.54345e-05
43.06 -4.78644e-05
43.07 -5.01258e-05
43.08 -5.22114e-05
43.09 -5.41143e-05
43.1 -5.58285e-05
43.11 -5.73485e-05
43.12 -5.86696e-05
43.13 -5.97879e-05
43.14 -6.07001e-05
43.15 -6.14036e-05
43.16 -6.18968e-05
43.17 -6.21784e-05
43.18 -6.22483e-05
43.19 -6.21069e-05
43.2 -6.17553e-05
43.21 -6.11954e-05
43.22 -6.04297e-05
43.23 -5.94615e-05
43.24 -5.82946e-05
43.25 -5.69337e-05
43.26 -5.5384e-05
43.27 -5.36511e-05
43.28 -5.17416e-05
43.29 -4.96623e-05
43.3 -4.74207e-05
43.31 -4.50249e-05
43.32 -4.24832e-05
43.33 -3.98047e-05
43.34 -3.69987e-05
43.35 -3.40749e-05
43.36 -3.10435e-05
43.37 -2.79149e-05
43.38 -2.47e-05
43.39 -2.14098e-05
43.4 -1.80556e-05
43.41 -1.46489e-05
43.42 -1.12013e-05
43.43 -7.72472e-06
43.44 -4.23099e-06
43.45 -7.32067e-07
43.46 2.76007e-06
43.47 6.23349e-06
43.48 9.67633e-06
43.49 1.30768e-05
43.5 1.64233e-05
43.51 1.97045e-05
43.52 2.2909e-05
43.53 2.60261e-05
43.54 2.90452e-05
43.55 3.19559e-05
43.56 3.47486e-05
43.57 3.74137e-05
43.58 3.99424e-05
43.59 4.23262e-05
43.6 4.45572e-05
43.61 4.66282e-05
43.62 4.85323e-05
43.63 5.02635e-05
43.64 5.18162e-05
43.65 5.31856e-05
43.66 5.43676e-05
43.67 5.53586e-05
43.68 5.61557e-05
43.69 5.6757e-05
43.7 5.71608e-05
43.71 5.73664e-05
43.72 5.73739e-05
43.73 5.71836e-05
43.74 5.6797e-05
43.75 5.62159e-05
43.76 5.5443e-05
43.77 5.44814e-05
43.78 5.33349e-05
43.79 5.20081e-05
43.8 5.05058e-05
43.81 4.88337e-05
43.82 4.69978e-05
43.83 4.50049e-05
43.84 4.28619e-05
43.85 4.05767e-05
43.86 3.81571e-05
43.87 3.56116e-05
43.88 3.29492e-05
43.89 3.0179e-05
43.9 2.73106e-05
43.91 2.43539e-05
43.92 2.13192e-05
43.93 1.82167e-05
43.94 1.50571e-05
43.95 1.18513e-05
43.96 8.61027e-06
43.97 5.345e-06
43.98 2.06671e-06
43.99 -1.21341e-06
44 -4.48414e-06
44.01 -7.7343e-06
44.02 -1.09528e-05
44.03 -1.41286e-05
44.04 -1.72509e-05
44.05 -2.0309e-05
44.06 -2.32925e-05
44.07 -2.61913e-05
44.08 -2.89955e-05
44.09 -3.16956e-05
44.1 -3.42824e-05
44.11 -3.67473e-05
44.12 -3.90819e-05
44.13 -4.12786e-05
44.14 -4.333e-05
44.15 -4.52294e-05
44.16 -4.69705e-05
44.17 -4.85478e-05
44.18 -4.99563e-05
44.19 -5.11916e-05
44.2 -5.22499e-05
44.21 -5.3128e-05
44.22 -5.38235e-05
44.23 -5.43345e-05
44.24 -5.46598e-05
44.25 -5.4799e-05
44.26 -5.4752e-05
44.27 -5.45197e-05
44.28 -5.41033e-05
44.29 -5.35049e-05
44.3 -5.27271e-05
44.31 -5.17731e-05
44.32 -5.06467e-05
44.33 -4.93521e-05
44.34 -4.78944e-05
44.35 -4.62788e-05
44.36 -4.45113e-05
44.37 -4.25984e-05
44.38 -4.05468e-05
44.39 -3.83638e-05
44.4 -3.60573e-05
44.41 -3.36352e-05
44.42 -3.11061e-05
44.43 -2.84787e-05
44.44 -2.57622e-05
44.45 -2.29658e-05
44.46 -2.00994e-05
44.47 -1.71727e-05
44.48 -1.41957e-05
44.49 -1.11787e-05
44.5 -8.13198e-06
44.51 -5.06597e-06
44.52 -1.99113e-06
44.53 1.08204e-06
44.54 4.14306e-06
44.55 7.1815e-06
44.56 1.0187e-05
44.57 1.31494e-05
44.58 1.60585e-05
44.59 1.89045e-05
44.6 2.16777e-05
44.61 2.43688e-05
44.62 2.69686e-05
44.63 2.94685e-05
44.64 3.18599e-05
44.65 3.41349e-05
44.66 3.62859e-05
44.67 3.83058e-05
44.68 4.01879e-05
44.69 4.1926e-05
44.7 4.35146e-05
44.71 4.49485e-05
44.72 4.62233e-05
44.73 4.73348e-05
44.74 4.82798e-05
44.75 4.90555e-05
44.76 4.96596e-05
44.77 5.00906e-05
44.78 5.03475e-05
44.79 5.04299e-05
44.8 5.0338e-05
44.81 5.00726e-05
44.82 4.96352e-05
44.83 4.90276e-05
44.84 4.82525e-05
44.85 4.7313e-05
44.86 4.62127e-05
44.87 4.49558e-05
44.88 4.3547e-05
44.89 4.19914e-05
44.9 4.02948e-05
44.91 3.84632e-05
44.92 3.65032e-05
44.93 3.44217e-05
44.94 3.2226e-05
44.95 2.9924e-05
44.96 2.75236e-05
44.97 2.50331e-05
44.98 2.24613e-05
44.99 1.9817e-05
45 1.71094e-05
45.01 1.43478e-05
45.02 1.15417e-05
45.03 8.70074e-06
45.04 5.83467e-06
45.05 2.95333e-06
45.06 6.65858e-08
45.07 -2.81568e-06
45.08 -5.68361e-06
45.09 -8.52741e-06
45.1 -1.13374e-05
45.11 -1.41039e-05
45.12 -1.68176e-05
45.13 -1.94692e-05
45.14 -2.20497e-05
45.15 -2.45505e-05
45.16 -2.6963e-05
45.17 -2.92791e-05
45.18 -3.14911e-05
45.19 -3.35916e-05
45.2 -3.55736e-05
45.21 -3.74305e-05
45.22 -3.91563e-05
45.23 -4.07453e-05
45.24 -4.21925e-05
45.25 -4.34932e-05
45.26 -4.46433e-05
45.27 -4.56394e-05
45.28 -4.64784e-05
45.29 -4.71578e-05
45.3 -4.76759e-05
45.31 -4.80314e-05
45.32 -4.82234e-05
45.33 -4.82518e-05
45.34 -4.8117e-05
45.35 -4.78199e-05
45.36 -4.7362e-05
45.37 -4.67454e-05
45.38 -4.59725e-05
45.39 -4.50465e-05
45.4 -4.3971e-05
45.41 -4.275e-05
45.42 -4.1388e-05
45.43 -3.989e-05
45.44 -3.82615e-05
45.45 -3.65083e-05
45.46 -3.46367e-05
45.47 -3.26532e-05
45.48 -3.05649e-05
45.49 -2.83791e-05
45.5 -2.61034e-05
45.51 -2.37456e-05
45.52 -2.1314e-05
45.53 -1.88169e-05
45.54 -1.62631e-05
45.55 -1.36611e-05
45.56 -1.102e-05
45.57 -8.3489e-06
45.58 -5.65684e-06
45.59 -2.95308e-06
45.6 -2.46849e-07
45.61 2.4526e-06
45.62 5.13605e-06
45.63 7.79436e-06
45.64 1.04185e-05
45.65 1.29994e-05
45.66 1.55285e-05
45.67 1.79971e-05
45.68 2.03968e-05
45.69 2.27195e-05
45.7 2.49575e-05
45.71 2.71031e-05
45.72 2.91491e-05
45.73 3.10888e-05
45.74 3.29157e-05
45.75 3.46237e-05
45.76 3.62073e-05
45.77 3.76613e-05
45.78 3.8981e-05
45.79 4.01622e-05
45.8 4.12012e-05
45.81 4.20947e-05
45.82 4.28402e-05
45.83 4.34355e-05
45.84 4.38788e-05
45.85 4.41692e-05
45.86 4.4306e-05
45.87 4.42892e-05
45.88 4.41194e-05
45.89 4.37974e-05
45.9 4.33249e-05
45.91 4.27039e-05
45.92 4.19369e-05
45.93 4.1027e-05
45.94 3.99776e-05
45.95 3.87927e-05
45.96 3.74766e-05
45.97 3.60343e-05
45.98 3.44709e-05
45.99 3.2792e-05
46 3.10037e-05
46.01 2.91123e-05
46.02 2.71245e-05
46.03 2.50471e-05
46.04 2.28876e-05
46.05 2.06534e-05
46.06 1.83523e-05
46.07 1.59922e-05
46.08 1.35813e-05
46.09 1.11279e-05
46.1 8.64042e-06
46.11 6.12743e-06
46.12 3.59753e-06
46.13 1.05938e-06
46.14 -1.47835e-06
46.15 -4.00698e-06
46.16 -6.5179e-06
46.17 -9.00255e-06
46.18 -1.14525e-05
46.19 -1.38594e-05
46.2 -1.62151e-05
46.21 -1.85116e-05
46.22 -2.07412e-05
46.23 -2.28964e-05
46.24 -2.49699e-05
46.25 -2.69548e-05
46.26 -2.88445e-05
46.27 -3.06326e-05
46.28 -3.23134e-05
46.29 -3.38811e-05
46.3 -3.53309e-05
46.31 -3.66578e-05
46.32 -3.78578e-05
46.33 -3.8927e-05
46.34 -3.9862e-05
46.35 -4.066e-05
46.36 -4.13187e-05
46.37 -4.18361e-05
46.38 -4.22109e-05
46.39 -4.24421e-05
46.4 -4.25293e-05
46.41 -4.24727e-05
46.42 -4.22728e-05
46.43 -4.19308e-05
46.44 -4.1448e-05
46.45 -4.08266e-05
46.46 -4.00691e-05
46.47 -3.91784e-05
46.48 -3.81579e-05
46.49 -3.70113e-05
46.5 -3.57429e-05
46.51 -3.43574e-05
46.52 -3.28596e-05
46.53 -3.1255e-05
46.54 -2.95494e-05
46.55 -2.77486e-05
46.56 -2.58591e-05
46.57 -2.38875e-05
46.58 -2.18406e-05
46.59 -1.97256e-05
46.6 -1.75499e-05
46.61 -1.53209e-05
46.62 -1.30464e-05
46.63 -1.07341e-05
46.64 -8.39217e-06
46.65 -6.02852e-06
46.66 -3.6513e-06
46.67 -1.26865e-06
46.68 1.11128e-06
46.69 3.48034e-06
46.7 5.83044e-06
46.71 8.15359e-06
46.72 1.04419e-05
46.73 1.26875e-05
46.74 1.48828e-05
46.75 1.70205e-05
46.76 1.90932e-05
46.77 2.10941e-05
46.78 2.30163e-05
46.79 2.48534e-05
46.8 2.65994e-05
46.81 2.82484e-05
46.82 2.97951e-05
46.83 3.12342e-05
46.84 3.25612e-05
46.85 3.37717e-05
46.86 3.4862e-05
46.87 3.58285e-05
46.88 3.66683e-05
46.89 3.73788e-05
46.9 3.7958e-05
46.91 3.84042e-05
46.92 3.87162e-05
46.93 3.88934e-05
46.94 3.89355e-05
46.95 3.88428e-05
46.96 3.86159e-05
46.97 3.82559e-05
46.98 3.77646e-05
46.99 3.71438e-05
47 3.63961e-05
47.01 3.55244e-05
47.02 3.45319e-05
47.03 3.34224e-05
47.04 3.21998e-05
47.05 3.08688e-05
47.06 2.94339e-05
47.07 2.79005e-05
47.08 2.62739e-05
47.09 2.45598e-05
47.1 2.27644e-05
47.11 2.08938e-05
47.12 1.89546e-05
47.13 1.69536e-05
47.14 1.48976e-05
47.15 1.27938e-05
47.16 1.06495e-05
47.17 8.47201e-06
47.18 6.26881e-06
47.19 4.04749e-06
47.2 1.81564e-06
47.21 -4.19096e-07
47.22 -2.64908e-06
47.23 -4.8667e-06
47.24 -7.06441e-06
47.25 -9.23471e-06
47.26 -1.13702e-05
47.27 -1.34638e-05
47.28 -1.55082e-05
47.29 -1.74966e-05
47.3 -1.94222e-05
47.31 -2.12787e-05
47.32 -2.30597e-05
47.33 -2.47594e-05
47.34 -2.6372e-05
47.35 -2.78922e-05
47.36 -2.93151e-05
47.37 -3.06358e-05
47.38 -3.18503e-05
47.39 -3.29544e-05
47.4 -3.39448e-05
47.41 -3.48183e-05
47.42 -3.55722e-05
47.43 -3.62041e-05
47.44 -3.67124e-05
47.45 -3.70954e-05
47.46 -3.73523e-05
47.47 -3.74826e-05
47.48 -3.7486e-05
47.49 -3.73629e-05
47.5 -3.71141e-05
47.51 -3.67408e-05
47.52 -3.62446e-05
47.53 -3.56275e-05
47.54 -3.48919e-05
47.55 -3.40406e-05
47.56 -3.30769e-05
47.57 -3.20043e-05
47.58 -3.08267e-05
47.59 -2.95485e-05
47.6 -2.81742e-05
47.61 -2.67088e-05
47.62 -2.51574e-05
47.63 -2.35256e-05
47.64 -2.1819e-05
47.65 -2.00437e-05
47.66 -1.82059e-05
47.67 -1.63119e-05
47.68 -1.43684e-05
47.69 -1.23821e-05
47.7 -1.03598e-05
47.71 -8.30848e-06
47.72 -6.23523e-06
47.73 -4.14716e-06
47.74 -2.05143e-06
47.75 4.48021e-08
47.76 2.13436e-06
47.77 4.21013e-06
47.78 6.26503e-06
47.79 8.29209e-06
47.8 1.02844e-05
47.81 1.22353e-05
47.82 1.41381e-05
47.83 1.59864e-05
47.84 1.77741e-05
47.85 1.9495e-05
47.86 2.11435e-05
47.87 2.27141e-05
47.88 2.42016e-05
47.89 2.56011e-05
47.9 2.69079e-05
47.91 2.81178e-05
47.92 2.92269e-05
47.93 3.02317e-05
47.94 3.1129e-05
47.95 3.19158e-05
47.96 3.259e-05
47.97 3.31493e-05
47.98 3.35923e-05
47.99 3.39176e-05
48 3.41245e-05
48.01 3.42125e-05
48.02 3.41818e-05
48.03 3.40326e-05
48.04 3.37659e-05
48.05 3.33828e-05
48.06 3.28849e-05
48.07 3.22742e-05
48.08 3.15531e-05
48.09 3.07244e-05
48.1 2.9791e-05
48.11 2.87565e-05
48.12 2.76247e-05
48.13 2.63996e-05
48.14 2.50855e-05
48.15 2.36873e-05
48.16 2.22098e-05
48.17 2.06582e-05
48.18 1.90381e-05
48.19 1.7355e-05
48.2 1.56149e-05
48.21 1.38238e-05
48.22 1.19879e-05
48.23 1.01136e-05
48.24 8.20728e-06
48.25 6.27561e-06
48.26 4.3252e-06
48.27 2.36275e-06
48.28 3.94985e-07
48.29 -1.57135e-06
48.3 -3.52952e-06
48.31 -5.47286e-06
48.32 -7.39474e-06
48.33 -9.28863e-06
48.34 -1.11481e-05
48.35 -1.29668e-05
48.36 -1.47387e-05
48.37 -1.64577e-05
48.38 -1.8118e-05
48.39 -1.97142e-05
48.4 -2.12408e-05
48.41 -2.26928e-05
48.42 -2.40654e-05
48.43 -2.5354e-05
48.44 -2.65544e-05
48.45 -2.76628e-05
48.46 -2.86755e-05
48.47 -2.95893e-05
48.48 -3.04013e-05
48.49 -3.1109e-05
48.5 -3.17102e-05
48.51 -3.22032e-05
48.52 -3.25865e-05
48.53 -3.28591e-05
48.54 -3.30204e-05
48.55 -3.30702e-05
48.56 -3.30084e-05
48.57 -3.28358e-05
48.58 -3.2553e-05
48.59 -3.21615e-05
48.6 -3.16628e-05
48.61 -3.10589e-05
48.62 -3.03521e-05
48.63 -2.95451e-05
48.64 -2.86409e-05
48.65 -2.76429e-05
48.66 -2.65546e-05
48.67 -2.538e-05
48.68 -2.41234e-05
48.69 -2.27891e-05
48.7 -2.1382e-05
48.71 -1.99069e-05
48.72 -1.8369e-05
48.73 -1.67738e-05
48.74 -1.51268e-05
48.75 -1.34337e-05
48.76 -1.17004e-05
48.77 -9.93282e-06
48.78 -8.13712e-06
48.79 -6.31947e-06
48.8 -4.48611e-06
48.81 -2.64332e-06
48.82 -7.97412e-07
48.83 1.0453e-06
48.84 2.87854e-06
48.85 4.69605e-06
48.86 6.49167e-06
48.87 8.25929e-06
48.88 9.99293e-06
48.89 1.16867e-05
48.9 1.3335e-05
48.91 1.49321e-05
48.92 1.64727e-05
48.93 1.79518e-05
48.94 1.93643e-05
48.95 2.07055e-05
48.96 2.19711e-05
48.97 2.31568e-05
48.98 2.42588e-05
48.99 2.52735e-05
49 2.61975e-05
49.01 2.70281e-05
49.02 2.77625e-05
49.03 2.83985e-05
49.04 2.89341e-05
49.05 2.93677e-05
49.06 2.96981e-05
49.07 2.99245e-05
49.08 3.00464e-05
49.09 3.00634e-05
49.1 2.9976e-05
49.11 2.97847e-05
49.12 2.94902e-05
49.13 2.90941e-05
49.14 2.85978e-05
49.15 2.80032e-05
49.16 2.73128e-05
49.17 2.6529e-05
49.18 2.56548e-05
49.19 2.46934e-05
49.2 2.36482e-05
49.21 2.25231e-05
49.22 2.1322e-05
49.23 2.00493e-05
49.24 1.87095e-05
49.25 1.73072e-05
49.26 1.58475e-05
49.27 1.43353e-05
49.28 1.2776e-05
49.29 1.11751e-05
49.3 9.53804e-06
49.31 7.8705e-06
49.32 6.17826e-06
49.33 4.46715e-06
49.34 2.74305e-06
49.35 1.01188e-06
49.36 -7.20431e-07
49.37 -2.44796e-06
49.38 -4.16482e-06
49.39 -5.86514e-06
49.4 -7.54317e-06
49.41 -9.19319e-06
49.42 -1.08096e-05
49.43 -1.2387e-05
49.44 -1.39201e-05
49.45 -1.54036e-05
49.46 -1.68327e-05
49.47 -1.82025e-05
49.48 -1.95085e-05
49.49 -2.07464e-05
49.5 -2.1912e-05
49.51 -2.30017e-05
49.52 -2.40117e-05
49.53 -2.4939e-05
49.54 -2.57803e-05
49.55 -2.65332e-05
49.56 -2.71953e-05
49.57 -2.77645e-05
49.58 -2.8239e-05
49.59 -2.86176e-05
49.6 -2.88991e-05
49.61 -2.90829e-05
49.62 -2.91685e-05
49.63 -2.9156e-05
49.64 -2.90456e-05
49.65 -2.88379e-05
49.66 -2.85339e-05
49.67 -2.81348e-05
49.68 -2.76424e-05
49.69 -2.70584e-05
49.7 -2.63852e-05
49.71 -2.56251e-05
49.72 -2.47811e-05
49.73 -2.38562e-05
49.74 -2.28538e-05
49.75 -2.17774e-05
49.76 -2.06309e-05
49.77 -1.94183e-05
49.78 -1.8144e-05
49.79 -1.68125e-05
49.8 -1.54283e-05
49.81 -1.39964e-05
49.82 -1.25217e-05
49.83 -1.10093e-05
49.84 -9.46456e-06
49.85 -7.89273e-06
49.86 -6.29926e-06
49.87 -4.68962e-06
49.88 -3.06935e-06
49.89 -1.44402e-06
49.9 1.80824e-07
49.91 1.79962e-06
49.92 3.40684e-06
49.93 4.99702e-06
49.94 6.56475e-06
49.95 8.10471e-06
49.96 9.61169e-06
49.97 1.10806e-05
49.98 1.25065e-05
49.99 1.38846e-05
50 1.52103e-05
50.01 1.64791e-05
50.02 1.76868e-05
50.03 1.88295e-05
50.04 1.99034e-05
50.05 2.09049e-05
50.06 2.18308e-05
50.07 2.26781e-05
50.08 2.34441e-05
50.09 2.41263e-05
50.1 2.47226e-05
50.11 2.52313e-05
50.12 2.56507e-05
50.13 2.59798e-05
50.14 2.62174e-05
50.15 2.63632e-05
50.16 2.64168e-05
50.17 2.63782e-05
50.18 2.62479e-05
50.19 2.60265e-05
50.2 2.5715e-05
50.21 2.53148e-05
50.22 2.48273e-05
50.23 2.42545e-05
50.24 2.35985e-05
50.25 2.28618e-05
50.26 2.20472e-05
50.27 2.11575e-05
50.28 2.0196e-05
50.29 1.91661e-05
50.3 1.80716e-05
50.31 1.69163e-05
50.32 1.57042e-05
50.33 1.44397e-05
50.34 1.31272e-05
50.35 1.17713e-05
50.36 1.03766e-05
50.37 8.94808e-06
50.38 7.49062e-06
50.39 6.00928e-06
50.4 4.50916e-06
50.41 2.99543e-06
50.42 1.47327e-06
50.43 -5.20999e-08
50.44 -1.57546e-06
50.45 -3.09161e-06
50.46 -4.59538e-06
50.47 -6.08167e-06
50.48 -7.54543e-06
50.49 -8.98171e-06
50.5 -1.03856e-05
50.51 -1.17525e-05
50.52 -1.30777e-05
50.53 -1.43568e-05
50.54 -1.55855e-05
50.55 -1.67598e-05
50.56 -1.78756e-05
50.57 -1.89294e-05
50.58 -1.99177e-05
50.59 -2.08373e-05
50.6 -2.1685e-05
50.61 -2.24584e-05
50.62 -2.31547e-05
50.63 -2.37719e-05
50.64 -2.43081e-05
50.65 -2.47615e-05
50.66 -2.51309e-05
50.67 -2.54152e-05
50.68 -2.56136e-05
50.69 -2.57257e-05
50.7 -2.57512e-05
50.71 -2.56904e-05
50.72 -2.55436e-05
50.73 -2.53116e-05
50.74 -2.49953e-05
50.75 -2.4596e-05
50.76 -2.41154e-05
50.77 -2.35552e-05
50.78 -2.29176e-05
50.79 -2.2205e-05
50.8 -2.14198e-05
50.81 -2.05651e-05
50.82 -1.96438e-05
50.83 -1.86594e-05
50.84 -1.76152e-05
50.85 -1.6515e-05
50.86 -1.53627e-05
50.87 -1.41624e-05
50.88 -1.29181e-05
50.89 -1.16344e-05
50.9 -1.03157e-05
50.91 -8.96643e-06
50.92 -7.59143e-06
50.93 -6.19539e-06
50.94 -4.78314e-06
50.95 -3.35954e-06
50.96 -1.92947e-06
50.97 -4.97844e-07
50.98 9.30452e-07
50.99 2.35054e-06
51 3.75758e-06
51.01 5.1468e-06
51.02 6.51347e-06
51.03 7.85298e-06
51.04 9.16079e-06
51.05 1.04325e-05
51.06 1.16639e-05
51.07 1.28508e-05
51.08 1.39892e-05
51.09 1.50754e-05
51.1 1.61058e-05
51.11 1.7077e-05
51.12 1.79857e-05
51.13 1.88291e-05
51.14 1.96044e-05
51.15 2.03091e-05
51.16 2.0941e-05
51.17 2.14981e-05
51.18 2.19787e-05
51.19 2.23812e-05
51.2 2.27046e-05
51.21 2.29479e-05
51.22 2.31105e-05
51.23 2.3192e-05
51.24 2.31924e-05
51.25 2.31119e-05
51.26 2.29508e-05
51.27 2.27101e-05
51.28 2.23906e-05
51.29 2.19938e-05
51.3 2.15211e-05
51.31 2.09743e-05
51.32 2.03554e-05
51.33 1.96669e-05
51.34 1.89111e-05
51.35 1.80908e-05
51.36 1.7209e-05
51.37 1.62688e-05
51.38 1.52735e-05
51.39 1.42268e-05
51.4 1.31322e-05
51.41 1.19936e-05
51.42 1.08151e-05
51.43 9.60061e-06
51.44 8.35448e-06
51.45 7.08101e-06
51.46 5.78461e-06
51.47 4.46974e-06
51.48 3.14096e-06
51.49 1.80281e-06
51.5 4.59901e-07
51.51 -8.83175e-07
51.52 -2.22183e-06
51.53 -3.55148e-06
51.54 -4.86762e-06
51.55 -6.16576e-06
51.56 -7.44151e-06
51.57 -8.69056e-06
51.58 -9.90867e-06
51.59 -1.10918e-05
51.6 -1.22358e-05
51.61 -1.33371e-05
51.62 -1.43919e-05
51.63 -1.53966e-05
51.64 -1.63481e-05
51.65 -1.7243e-05
51.66 -1.80786e-05
51.67 -1.8852e-05
51.68 -1.95608e-05
51.69 -2.02028e-05
51.7 -2.07757e-05
51.71 -2.1278e-05
51.72 -2.1708e-05
51.73 -2.20644e-05
51.74 -2.23463e-05
51.75 -2.25527e-05
51.76 -2.26832e-05
51.77 -2.27376e-05
51.78 -2.27158e-05
51.79 -2.26182e-05
51.8 -2.24451e-05
51.81 -2.21975e-05
51.82 -2.18763e-05
51.83 -2.14828e-05
51.84 -2.10186e-05
51.85 -2.04854e-05
51.86 -1.98851e-05
51.87 -1.92201e-05
51.88 -1.84927e-05
51.89 -1.77056e-05
51.9 -1.68616e-05
51.91 -1.59637e-05
51.92 -1.50151e-05
51.93 -1.40192e-05
51.94 -1.29795e-05
51.95 -1.18995e-05
51.96 -1.07832e-05
51.97 -9.63438e-06
51.98 -8.45705e-06
51.99 -7.25529e-06
