0.01 1.03562e-07
0.02 -3.94181e-08
0.03 -2.8765e-07
0.04 -5.95136e-07
0.05 -9.37086e-07
0.06 -1.31787e-06
0.07 -1.75651e-06
0.08 -2.26633e-06
0.09 -2.84864e-06
0.1 -3.49932e-06
0.11 -4.21427e-06
0.12 -4.98982e-06
0.13 -5.81712e-06
0.14 -6.67441e-06
0.15 -7.5345e-06
0.16 -8.38304e-06
0.17 -9.22281e-06
0.18 -1.00679e-05
0.19 -1.09337e-05
0.2 -1.18173e-05
0.21 -1.26918e-05
0.22 -1.3528e-05
0.23 -1.4316e-05
0.24 -1.5066e-05
0.25 -1.57935e-05
0.26 -1.65023e-05
0.27 -1.71863e-05
0.28 -1.78431e-05
0.29 -1.8478e-05
0.3 -1.90953e-05
0.31 -1.96922e-05
0.32 -2.02606e-05
0.33 -2.07935e-05
0.34 -2.12894e-05
0.35 -2.17571e-05
0.36 -2.22176e-05
0.37 -2.26813e-05
0.38 -2.31264e-05
0.39 -2.35295e-05
0.4 -2.38972e-05
0.41 -2.42583e-05
0.42 -2.4627e-05
0.43 -2.49742e-05
0.44 -2.52541e-05
0.45 -2.54481e-05
0.46 -2.55817e-05
0.47 -2.56978e-05
0.48 -2.58014e-05
0.49 -2.58615e-05
0.5 -2.58539e-05
0.51 -2.57774e-05
0.52 -2.56404e-05
0.53 -2.54535e-05
0.54 -2.52382e-05
0.55 -2.50042e-05
0.56 -2.46975e-05
0.57 -2.42442e-05
0.58 -2.36367e-05
0.59 -2.28991e-05
0.6 -2.20217e-05
0.61 -2.09875e-05
0.62 -1.97963e-05
0.63 -1.84669e-05
0.64 -1.70558e-05
0.65 -1.55846e-05
0.66 -1.39568e-05
0.67 -1.20691e-05
0.68 -9.94036e-06
0.69 -7.67978e-06
0.7 -5.4472e-06
0.71 -3.40387e-06
0.72 -1.58361e-06
0.73 1.05697e-07
0.74 1.71141e-06
0.75 3.21496e-06
0.76 4.64143e-06
0.77 6.01258e-06
0.78 7.27123e-06
0.79 8.33642e-06
0.8 9.1641e-06
0.81 9.75679e-06
0.82 1.01612e-05
0.83 1.04573e-05
0.84 1.07332e-05
0.85 1.10795e-05
0.86 1.15706e-05
0.87 1.22726e-05
0.88 1.32616e-05
0.89 1.45246e-05
0.9 1.59982e-05
0.91 1.76991e-05
0.92 1.96463e-05
0.93 2.1837e-05
0.94 2.43303e-05
0.95 2.71925e-05
0.96 3.0414e-05
0.97 3.39084e-05
0.98 3.74742e-05
0.99 4.07543e-05
1 4.34037e-05
1.01 4.53518e-05
1.02 4.68058e-05
1.03 4.80524e-05
1.04 4.9374e-05
1.05 5.09812e-05
1.06 5.2833e-05
1.07 5.45945e-05
1.08 5.58613e-05
1.09 5.64146e-05
1.1 5.62987e-05
1.11 5.57694e-05
1.12 5.51493e-05
1.13 5.45883e-05
1.14 5.3935e-05
1.15 5.28407e-05
1.16 5.08998e-05
1.17 4.78382e-05
1.18 4.37586e-05
1.19 3.90141e-05
1.2 3.38225e-05
1.21 2.82391e-05
1.22 2.24592e-05
1.23 1.70269e-05
1.24 1.26131e-05
1.25 9.46203e-06
1.26 7.28838e-06
1.27 5.83002e-06
1.28 5.17047e-06
1.29 5.53703e-06
1.3 7.1196e-06
1.31 9.93678e-06
1.32 1.37456e-05
1.33 1.82365e-05
1.34 2.32325e-05
1.35 2.87289e-05
1.36 3.47696e-05
1.37 4.11217e-05
1.38 4.7244e-05
1.39 5.27214e-05
1.4 5.74161e-05
1.41 6.11327e-05
1.42 6.36215e-05
1.43 6.49663e-05
1.44 6.55084e-05
1.45 6.53477e-05
1.46 6.42387e-05
1.47 6.19104e-05
1.48 5.83369e-05
1.49 5.38271e-05
1.5 4.87348e-05
1.51 4.31613e-05
1.52 3.71602e-05
1.53 3.08743e-05
1.54 2.44565e-05
1.55 1.8116e-05
1.56 1.21986e-05
1.57 7.13619e-06
1.58 3.18056e-06
1.59 2.89763e-07
1.6 -1.63719e-06
1.61 -2.59999e-06
1.62 -2.62968e-06
1.63 -1.89516e-06
1.64 -5.52846e-07
1.65 1.34558e-06
1.66 3.69823e-06
1.67 6.21111e-06
1.68 8.53882e-06
1.69 1.05084e-05
1.7 1.20496e-05
1.71 1.3037e-05
1.72 1.33876e-05
1.73 1.33299e-05
1.74 1.33333e-05
1.75 1.36059e-05
1.76 1.39497e-05
1.77 1.41149e-05
1.78 1.40251e-05
1.79 1.37064e-05
1.8 1.31169e-05
1.81 1.21164e-05
1.82 1.06119e-05
1.83 8.67159e-06
1.84 6.50479e-06
1.85 4.41897e-06
1.86 2.85192e-06
1.87 2.17209e-06
1.88 2.28866e-06
1.89 2.73318e-06
1.9 3.05031e-06
1.91 2.97487e-06
1.92 2.49124e-06
1.93 1.73116e-06
1.94 8.87271e-07
1.95 2.79062e-07
1.96 9.36643e-08
1.97 4.99928e-09
1.98 -6.32334e-07
1.99 -2.18731e-06
2 -4.44237e-06
2.01 -6.78163e-06
2.02 -8.57819e-06
2.03 -9.49907e-06
2.04 -9.66054e-06
2.05 -9.46883e-06
2.06 -9.3509e-06
2.07 -9.74365e-06
2.08 -1.09845e-05
2.09 -1.31604e-05
2.1 -1.62524e-05
2.11 -2.01124e-05
2.12 -2.42432e-05
2.13 -2.79903e-05
2.14 -3.10375e-05
2.15 -3.3591e-05
2.16 -3.60749e-05
2.17 -3.87013e-05
2.18 -4.12657e-05
2.19 -4.31413e-05
2.2 -4.36841e-05
2.21 -4.28915e-05
2.22 -4.13339e-05
2.23 -3.94995e-05
2.24 -3.74387e-05
2.25 -3.48037e-05
2.26 -3.12101e-05
2.27 -2.67136e-05
2.28 -2.18158e-05
2.29 -1.70992e-05
2.3 -1.29306e-05
2.31 -9.35615e-06
2.32 -6.36738e-06
2.33 -4.01679e-06
2.34 -2.28966e-06
2.35 -1.32331e-06
2.36 -1.26125e-06
2.37 -1.86376e-06
2.38 -2.91186e-06
2.39 -4.56462e-06
2.4 -6.89978e-06
2.41 -9.60398e-06
2.42 -1.23216e-05
2.43 -1.48982e-05
2.44 -1.72302e-05
2.45 -1.9201e-05
2.46 -2.083e-05
2.47 -2.22947e-05
2.48 -2.38062e-05
2.49 -2.54645e-05
2.5 -2.70843e-05
2.51 -2.81536e-05
2.52 -2.8026e-05
2.53 -2.62706e-05
2.54 -2.30504e-05
2.55 -1.91814e-05
2.56 -1.55871e-05
2.57 -1.27264e-05
2.58 -1.05486e-05
2.59 -8.812e-06
2.6 -7.46566e-06
2.61 -6.76396e-06
2.62 -6.97702e-06
2.63 -8.11896e-06
2.64 -9.97783e-06
2.65 -1.22107e-05
2.66 -1.44848e-05
2.67 -1.66586e-05
2.68 -1.8714e-05
2.69 -2.0541e-05
2.7 -2.20681e-05
2.71 -2.34652e-05
2.72 -2.48913e-05
2.73 -2.63462e-05
2.74 -2.78479e-05
2.75 -2.93383e-05
2.76 -3.05615e-05
2.77 -3.13569e-05
2.78 -3.18838e-05
2.79 -3.2416e-05
2.8 -3.29774e-05
2.81 -3.31119e-05
2.82 -3.21205e-05
2.83 -2.96682e-05
2.84 -2.60287e-05
2.85 -2.17633e-05
2.86 -1.72515e-05
2.87 -1.25272e-05
2.88 -7.54429e-06
2.89 -2.45414e-06
2.9 2.36016e-06
2.91 6.58587e-06
2.92 1.03422e-05
2.93 1.38816e-05
2.94 1.7103e-05
2.95 1.97431e-05
2.96 2.17872e-05
2.97 2.33916e-05
2.98 2.46495e-05
2.99 2.56032e-05
3 2.61298e-05
3.01 2.58389e-05
3.02 2.43474e-05
3.03 2.15487e-05
3.04 1.75358e-05
3.05 1.24403e-05
3.06 6.57989e-06
3.07 4.60851e-07
3.08 -5.69508e-06
3.09 -1.21964e-05
3.1 -1.95954e-05
3.11 -2.81971e-05
3.12 -3.78406e-05
3.13 -4.80327e-05
3.14 -5.80291e-05
3.15 -6.70244e-05
3.16 -7.45168e-05
3.17 -8.05435e-05
3.18 -8.56572e-05
3.19 -9.03471e-05
3.2 -9.44238e-05
3.21 -9.73567e-05
3.22 -9.88847e-05
3.23 -9.88718e-05
3.24 -9.69563e-05
3.25 -9.28132e-05
3.26 -8.663e-05
3.27 -7.90386e-05
3.28 -7.06735e-05
3.29 -6.18767e-05
3.3 -5.26455e-05
3.31 -4.26991e-05
3.32 -3.16811e-05
3.33 -1.96577e-05
3.34 -7.40625e-06
3.35 4.09683e-06
3.36 1.42223e-05
3.37 2.25838e-05
3.38 2.87966e-05
3.39 3.25577e-05
3.4 3.38643e-05
3.41 3.30068e-05
3.42 3.04401e-05
3.43 2.67529e-05
3.44 2.2493e-05
3.45 1.78711e-05
3.46 1.28176e-05
3.47 7.49616e-06
3.48 2.62337e-06
3.49 -9.79131e-07
3.5 -2.95655e-06
3.51 -3.3214e-06
3.52 -2.14279e-06
3.53 4.9936e-07
3.54 4.44932e-06
3.55 9.44566e-06
3.56 1.52473e-05
3.57 2.18411e-05
3.58 2.94633e-05
3.59 3.82698e-05
3.6 4.79642e-05
3.61 5.77779e-05
3.62 6.66773e-05
3.63 7.37513e-05
3.64 7.86933e-05
3.65 8.18623e-05
3.66 8.3901e-05
3.67 8.53205e-05
3.68 8.63437e-05
3.69 8.71672e-05
3.7 8.81163e-05
3.71 8.92864e-05
3.72 9.03182e-05
3.73 9.07191e-05
3.74 9.04208e-05
3.75 8.99582e-05
3.76 8.98737e-05
3.77 9.0095e-05
3.78 9.00492e-05
3.79 8.9134e-05
3.8 8.70872e-05
3.81 8.4166e-05
3.82 8.10214e-05
3.83 7.82844e-05
3.84 7.61683e-05
3.85 7.4553e-05
3.86 7.33081e-05
3.87 7.21032e-05
3.88 7.01928e-05
3.89 6.6682e-05
3.9 6.08384e-05
3.91 5.24519e-05
3.92 4.20004e-05
3.93 3.01848e-05
3.94 1.71592e-05
3.95 2.20886e-06
3.96 -1.56782e-05
3.97 -3.68452e-05
3.98 -6.04972e-05
3.99 -8.51501e-05
4 -0.00010946
4.01 -0.000132611
4.02 -0.000154251
4.03 -0.000174199
4.04 -0.000192198
4.05 -0.000208004
4.06 -0.000221588
4.07 -0.000233038
4.08 -0.000242288
4.09 -0.000248816
4.1 -0.000251616
4.11 -0.00024985
4.12 -0.000243491
4.13 -0.000233107
4.14 -0.000219511
4.15 -0.000203746
4.16 -0.000186782
4.17 -0.00016913
4.18 -0.000150771
4.19 -0.000131234
4.2 -0.000110033
4.21 -8.75951e-05
4.22 -6.61941e-05
4.23 -4.98166e-05
4.24 -4.24197e-05
4.25 -4.55522e-05
4.26 -5.74997e-05
4.27 -7.52688e-05
4.28 -9.70499e-05
4.29 -0.000122667
4.3 -0.000152924
4.31 -0.000188963
4.32 -0.000231413
4.33 -0.000279684
4.34 -0.000331973
4.35 -0.000385449
4.36 -0.000436502
4.37 -0.000481367
4.38 -0.000517051
4.39 -0.00054217
4.4 -0.000557246
4.41 -0.000564291
4.42 -0.000565682
4.43 -0.000562774
4.44 -0.000555441
4.45 -0.000542516
4.46 -0.000522384
4.47 -0.000493721
4.48 -0.000456012
4.49 -0.000409527
4.5 -0.000355221
4.51 -0.000294794
4.52 -0.000230718
4.53 -0.000166004
4.54 -0.000103496
4.55 -4.48512e-05
4.56 9.70635e-06
4.57 5.99328e-05
4.58 0.000104225
4.59 0.000139881
4.6 0.000163981
4.61 0.000174955
4.62 0.000175355
4.63 0.000173698
4.64 0.000181201
4.65 0.000204601
4.66 0.00024261
4.67 0.000288552
4.68 0.000335493
4.69 0.000380107
4.7 0.000423848
4.71 0.000471033
4.72 0.000524749
4.73 0.000583877
4.74 0.000643646
4.75 0.000698475
4.76 0.000744526
4.77 0.000780614
4.78 0.000807663
4.79 0.000827852
4.8 0.000844244
4.81 0.000860108
4.82 0.000877424
4.83 0.000895751
4.84 0.000912515
4.85 0.000924769
4.86 0.000931288
4.87 0.000933186
4.88 0.000932498
4.89 0.000929567
4.9 0.000920862
4.91 0.000900166
4.92 0.000863801
4.93 0.000814728
4.94 0.000761296
4.95 0.000712498
4.96 0.000673122
4.97 0.000642014
4.98 0.000614162
4.99 0.000584003
5 0.000547311
5.01 0.000500429
5.02 0.000440253
5.03 0.000367921
5.04 0.000290227
5.05 0.000214636
5.06 0.000143917
5.07 7.57991e-05
5.08 5.99555e-06
5.09 -6.90495e-05
5.1 -0.000150747
5.11 -0.000237493
5.12 -0.00032451
5.13 -0.00040546
5.14 -0.000475292
5.15 -0.000532428
5.16 -0.000579005
5.17 -0.00061944
5.18 -0.00065836
5.19 -0.00069863
5.2 -0.000740128
5.21 -0.000779629
5.22 -0.000811705
5.23 -0.00083078
5.24 -0.00083409
5.25 -0.000824223
5.26 -0.000808963
5.27 -0.000797452
5.28 -0.000795278
5.29 -0.000801631
5.3 -0.000810048
5.31 -0.000812765
5.32 -0.000805801
5.33 -0.000790754
5.34 -0.000772403
5.35 -0.000755023
5.36 -0.000740267
5.37 -0.00072645
5.38 -0.00070869
5.39 -0.00068105
5.4 -0.000639822
5.41 -0.000584647
5.42 -0.00051725
5.43 -0.000440299
5.44 -0.000357266
5.45 -0.000271877
5.46 -0.000186269
5.47 -9.96886e-05
5.48 -9.64108e-06
5.49 8.51963e-05
5.5 0.000182654
5.51 0.000277265
5.52 0.00036264
5.53 0.000434237
5.54 0.000491012
5.55 0.000534975
5.56 0.000569282
5.57 0.000596696
5.58 0.000618952
5.59 0.000636489
5.6 0.000648346
5.61 0.000652118
5.62 0.000644454
5.63 0.000622741
5.64 0.00058726
5.65 0.000541915
5.66 0.000492875
5.67 0.000446371
5.68 0.000406916
5.69 0.000376818
5.7 0.000356704
5.71 0.000345753
5.72 0.00034218
5.73 0.000344585
5.74 0.000353082
5.75 0.000369627
5.76 0.000396959
5.77 0.000436258
5.78 0.000485039
5.79 0.000536932
5.8 0.000584099
5.81 0.00062026
5.82 0.000641694
5.83 0.000646863
5.84 0.000636272
5.85 0.000612485
5.86 0.000579688
5.87 0.000542514
5.88 0.000504597
5.89 0.000467423
5.9 0.000430066
5.91 0.000390389
5.92 0.000346908
5.93 0.000299687
5.94 0.000249664
5.95 0.00019731
5.96 0.000142279
5.97 8.4456e-05
5.98 2.47496e-05
5.99 -3.55665e-05
6 -9.59099e-05
6.01 -0.000156189
6.02 -0.000215725
6.03 -0.00027322
6.04 -0.000327827
6.05 -0.000379864
6.06 -0.000430785
6.07 -0.00048252
6.08 -0.000536387
6.09 -0.000592356
6.1 -0.000649402
6.11 -0.000706483
6.12 -0.000762961
6.13 -0.00081811
6.14 -0.000870502
6.15 -0.000917704
6.16 -0.000956402
6.17 -0.000983563
6.18 -0.000998143
6.19 -0.0010013
6.2 -0.000994668
6.21 -0.000978684
6.22 -0.000952624
6.23 -0.000915516
6.24 -0.000866767
6.25 -0.000806461
6.26 -0.000735512
6.27 -0.00065636
6.28 -0.000574015
6.29 -0.000494629
6.3 -0.000421789
6.31 -0.000355994
6.32 -0.000297715
6.33 -0.0002483
6.34 -0.000208158
6.35 -0.000175612
6.36 -0.000147151
6.37 -0.000118446
6.38 -8.55917e-05
6.39 -4.63236e-05
6.4 -1.99089e-07
6.41 5.22665e-05
6.42 0.000109863
6.43 0.000170199
6.44 0.000229918
6.45 0.000285771
6.46 0.000335068
6.47 0.000375313
6.48 0.000403544
6.49 0.00041594
6.5 0.000408969
6.51 0.000381213
6.52 0.000333668
6.53 0.000269026
6.54 0.000191608
6.55 0.000107302
6.56 2.25735e-05
6.57 -5.65932e-05
6.58 -0.000125253
6.59 -0.000179445
6.6 -0.00021574
6.61 -0.000231362
6.62 -0.000225068
6.63 -0.000198025
6.64 -0.0001543
6.65 -0.000101174
6.66 -4.71518e-05
6.67 3.78029e-06
6.68 5.511e-05
6.69 0.000113288
6.7 0.000181916
6.71 0.000259985
6.72 0.000342692
6.73 0.000422775
6.74 0.000492459
6.75 0.000546112
6.76 0.000582289
6.77 0.000603877
6.78 0.000616527
6.79 0.000625979
6.8 0.000635319
6.81 0.000644094
6.82 0.000649879
6.83 0.000650902
6.84 0.00064785
6.85 0.000643312
6.86 0.000639426
6.87 0.000637087
6.88 0.000637258
6.89 0.000640996
6.9 0.000647282
6.91 0.000651336
6.92 0.000646469
6.93 0.000628294
6.94 0.000596271
6.95 0.000551986
6.96 0.000497502
6.97 0.000434556
6.98 0.000364527
6.99 0.00028914
7 0.000210709
7.01 0.000131034
7.02 4.99206e-05
7.03 -3.42537e-05
7.04 -0.000121815
7.05 -0.000210024
7.06 -0.000294065
7.07 -0.000369468
7.08 -0.000433852
7.09 -0.000487009
7.1 -0.000529896
7.11 -0.000563684
7.12 -0.000589192
7.13 -0.000606628
7.14 -0.000615909
7.15 -0.000617309
7.16 -0.000611247
7.17 -0.000597005
7.18 -0.000571807
7.19 -0.000531606
7.2 -0.000473436
7.21 -0.00039803
7.22 -0.000310548
7.23 -0.000218106
7.24 -0.000126155
7.25 -3.64313e-05
7.26 5.26652e-05
7.27 0.000143258
7.28 0.000234886
7.29 0.000323799
7.3 0.000404303
7.31 0.000469922
7.32 0.000513852
7.33 0.000531176
7.34 0.000522683
7.35 0.000495244
7.36 0.000457585
7.37 0.000415804
7.38 0.000371351
7.39 0.000321344
7.4 0.000260244
7.41 0.000182136
7.42 8.32053e-05
7.43 -3.63014e-05
7.44 -0.000171028
7.45 -0.000310592
7.46 -0.000441808
7.47 -0.000553156
7.48 -0.000638819
7.49 -0.000699322
7.5 -0.000739184
7.51 -0.000764398
7.52 -0.000780948
7.53 -0.000793778
7.54 -0.000805593
7.55 -0.000815313
7.56 -0.000817358
7.57 -0.000803174
7.58 -0.000765153
7.59 -0.000701071
7.6 -0.000615261
7.61 -0.000515576
7.62 -0.000409817
7.63 -0.000304327
7.64 -0.00020371
7.65 -0.000111002
7.66 -2.92402e-05
7.67 3.73613e-05
7.68 8.4819e-05
7.69 0.000111742
7.7 0.000120564
7.71 0.000116854
7.72 0.000106292
7.73 9.17753e-05
7.74 7.3731e-05
7.75 5.24205e-05
7.76 2.96405e-05
7.77 8.5214e-06
7.78 -8.32141e-06
7.79 -2.0373e-05
7.8 -2.94077e-05
7.81 -3.82204e-05
7.82 -4.83949e-05
7.83 -5.92756e-05
7.84 -6.94892e-05
7.85 -7.87995e-05
7.86 -8.82799e-05
7.87 -9.93782e-05
7.88 -0.000112874
7.89 -0.000128479
7.9 -0.000145196
7.91 -0.000161358
7.92 -0.000173746
7.93 -0.000177361
7.94 -0.000167853
7.95 -0.000144697
7.96 -0.000111103
7.97 -7.11228e-05
7.98 -2.76327e-05
7.99 1.74161e-05
8 6.19092e-05
8.01 0.000103827
8.02 0.000142795
8.03 0.000180087
8.04 0.000216138
8.05 0.000248186
8.06 0.000270532
8.07 0.000277488
8.08 0.000266998
8.09 0.000242421
8.1 0.000210858
8.11 0.000178562
8.12 0.000146943
8.13 0.000112925
8.14 7.26552e-05
8.15 2.42691e-05
8.16 -3.13792e-05
8.17 -9.089e-05
8.18 -0.000149498
8.19 -0.00020322
8.2 -0.000250379
8.21 -0.000291511
8.22 -0.000328598
8.23 -0.000364416
8.24 -0.000401779
8.25 -0.000442264
8.26 -0.000484648
8.27 -0.000525045
8.28 -0.000559059
8.29 -0.000583824
8.3 -0.00059917
8.31 -0.000607004
8.32 -0.00060856
8.33 -0.000602172
8.34 -0.000583801
8.35 -0.000549194
8.36 -0.000495517
8.37 -0.000422222
8.38 -0.000331585
8.39 -0.000228626
8.4 -0.000120298
8.41 -1.35805e-05
8.42 8.69442e-05
8.43 0.000179612
8.44 0.000264161
8.45 0.000340289
8.46 0.000407067
8.47 0.000462982
8.48 0.000506517
8.49 0.000536872
8.5 0.000554717
8.51 0.00056282
8.52 0.000565648
8.53 0.000567675
8.54 0.000571682
8.55 0.000577917
8.56 0.000584081
8.57 0.00058648
8.58 0.000582064
8.59 0.000570178
8.6 0.000553237
8.61 0.000535988
8.62 0.000523479
8.63 0.000518513
8.64 0.000520078
8.65 0.000524053
8.66 0.000525668
8.67 0.000521984
8.68 0.000512882
8.69 0.000500293
8.7 0.000486771
8.71 0.000474743
8.72 0.000466485
8.73 0.000463839
8.74 0.000467313
8.75 0.000475545
8.76 0.000485989
8.77 0.000496636
8.78 0.000507596
8.79 0.000521201
8.8 0.000540564
8.81 0.000567873
8.82 0.000603465
8.83 0.000645977
8.84 0.000692834
8.85 0.000740404
8.86 0.000783993
8.87 0.000818467
8.88 0.000840243
8.89 0.000849331
8.9 0.000849044
8.91 0.00084338
8.92 0.000834349
8.93 0.000821181
8.94 0.000801207
8.95 0.000771498
8.96 0.000730499
8.97 0.000678691
8.98 0.000617926
8.99 0.000550159
9 0.000476624
9.01 0.0003979
9.02 0.000314625
9.03 0.000228238
9.04 0.000141063
9.05 5.49514e-05
9.06 -3.04337e-05
9.07 -0.000116798
9.08 -0.000204923
9.09 -0.000294285
9.1 -0.000383729
9.11 -0.000471599
9.12 -0.000556376
9.13 -0.000637555
9.14 -0.000715777
9.15 -0.000792485
9.16 -0.000869365
9.17 -0.000947567
9.18 -0.00102649
9.19 -0.00110266
9.2 -0.00117024
9.21 -0.00122332
9.22 -0.00125836
9.23 -0.00127633
9.24 -0.00128335
9.25 -0.00128765
9.26 -0.00129421
9.27 -0.00130126
9.28 -0.0013015
9.29 -0.00128746
9.3 -0.00125712
9.31 -0.00121548
9.32 -0.00117074
9.33 -0.00112947
9.34 -0.00109528
9.35 -0.00107035
9.36 -0.00105671
9.37 -0.00105537
9.38 -0.00106358
9.39 -0.00107258
9.4 -0.00106905
9.41 -0.00104081
9.42 -0.000982518
9.43 -0.000896471
9.44 -0.000789288
9.45 -0.000666935
9.46 -0.000530789
9.47 -0.000377447
9.48 -0.000204298
9.49 -1.72577e-05
9.5 0.000168247
9.51 0.000333837
9.52 0.00046336
9.53 0.000543451
9.54 0.000564221
9.55 0.000523527
9.56 0.000430798
9.57 0.00030441
9.58 0.000163328
9.59 1.84595e-05
9.6 -0.000130559
9.61 -0.000290797
9.62 -0.000466822
9.63 -0.000652265
9.64 -0.000827374
9.65 -0.000965827
9.66 -0.00104772
9.67 -0.0010692
9.68 -0.00104159
9.69 -0.000982584
9.7 -0.000907872
9.71 -0.000826937
9.72 -0.000740943
9.73 -0.000642002
9.74 -0.000515961
9.75 -0.000348415
9.76 -0.000130427
9.77 0.000138141
9.78 0.000446685
9.79 0.000771329
9.8 0.00107437
9.81 0.00131505
9.82 0.00147006
9.83 0.00154792
9.84 0.00158738
9.85 0.00163557
9.86 0.00171415
9.87 0.00180223
9.88 0.0018569
9.89 0.00185379
9.9 0.00180659
9.91 0.00174962
9.92 0.00170754
9.93 0.00168214
9.94 0.00166003
9.95 0.00162677
9.96 0.00157585
9.97 0.00150912
9.98 0.00143177
9.99 0.00134861
10 0.00126482
10.01 0.00118835
10.02 0.00112944
10.03 0.00109531
10.04 0.00108438
10.05 0.00108616
10.06 0.00108743
10.07 0.00107993
10.08 0.00106441
10.09 0.00104837
10.1 0.00103959
10.11 0.0010402
10.12 0.00104532
10.13 0.00104587
10.14 0.00103239
10.15 0.000998305
10.16 0.000941815
10.17 0.000865732
10.18 0.000776099
10.19 0.000680568
10.2 0.000585582
10.21 0.000493522
10.22 0.00040344
10.23 0.000314634
10.24 0.000227699
10.25 0.000142685
10.26 5.89295e-05
10.27 -2.37294e-05
10.28 -0.000104725
10.29 -0.000183086
10.3 -0.000258707
10.31 -0.000333567
10.32 -0.000410803
10.33 -0.000493308
10.34 -0.000583401
10.35 -0.000682673
10.36 -0.000791305
10.37 -0.000907442
10.38 -0.00102764
10.39 -0.00114827
10.4 -0.00126657
10.41 -0.00138031
10.42 -0.00148657
10.43 -0.00158161
10.44 -0.00166281
10.45 -0.00173067
10.46 -0.00178817
10.47 -0.00183731
10.48 -0.00187612
10.49 -0.00189839
10.5 -0.0018973
10.51 -0.00187026
10.52 -0.00182091
10.53 -0.00175712
10.54 -0.00168782
10.55 -0.00162076
10.56 -0.00156139
10.57 -0.00151149
10.58 -0.00146805
10.59 -0.00142404
10.6 -0.00137157
10.61 -0.00130537
10.62 -0.00122458
10.63 -0.00113222
10.64 -0.00103306
10.65 -0.000931362
10.66 -0.000829326
10.67 -0.000726738
10.68 -0.00062154
10.69 -0.000510791
10.7 -0.0003919
10.71 -0.000263811
10.72 -0.000127694
10.73 1.28916e-05
10.74 0.00015186
10.75 0.000280643
10.76 0.000389865
10.77 0.000472957
10.78 0.000529278
10.79 0.000563316
10.8 0.000580648
10.81 0.000584863
10.82 0.000577036
10.83 0.000556459
10.84 0.000521508
10.85 0.000470357
10.86 0.000401679
10.87 0.000315677
10.88 0.000215656
10.89 0.000108475
10.9 2.72214e-06
10.91 -9.37825e-05
10.92 -0.000175724
10.93 -0.000240717
10.94 -0.000288253
10.95 -0.000318472
10.96 -0.000331726
10.97 -0.000328517
10.98 -0.000308902
10.99 -0.000271524
11 -0.000213831
11.01 -0.000133686
11.02 -3.08273e-05
11.03 9.27225e-05
11.04 0.000232967
11.05 0.00038433
11.06 0.000539335
11.07 0.000687607
11.08 0.000815905
11.09 0.000911392
11.1 0.000967869
11.11 0.000990158
11.12 0.000991818
11.13 0.000987696
11.14 0.000986907
11.15 0.00098986
11.16 0.00098941
11.17 0.000974901
11.18 0.000937911
11.19 0.000877209
11.2 0.000799306
11.21 0.000714401
11.22 0.000631676
11.23 0.000556702
11.24 0.000491027
11.25 0.000433259
11.26 0.000380523
11.27 0.000329744
11.28 0.000279321
11.29 0.000231154
11.3 0.000191181
11.31 0.000166924
11.32 0.000164258
11.33 0.000186426
11.34 0.00023503
11.35 0.000310622
11.36 0.000411326
11.37 0.000532248
11.38 0.00066762
11.39 0.000811176
11.4 0.000955073
11.41 0.00109076
11.42 0.00120975
11.43 0.00130587
11.44 0.00137842
11.45 0.00143065
11.46 0.00146421
11.47 0.00147559
11.48 0.00145858
11.49 0.0014108
11.5 0.00133814
11.51 0.00125194
11.52 0.00116135
11.53 0.0010684
11.54 0.000969759
11.55 0.000861337
11.56 0.000740591
11.57 0.000606333
11.58 0.000458784
11.59 0.000300406
11.6 0.000136549
11.61 -2.47095e-05
11.62 -0.000174034
11.63 -0.000303462
11.64 -0.000408714
11.65 -0.000490121
11.66 -0.000552193
11.67 -0.00060168
11.68 -0.000644837
11.69 -0.000685707
11.7 -0.000726294
11.71 -0.000767649
11.72 -0.000810459
11.73 -0.000854958
11.74 -0.000901073
11.75 -0.000949131
11.76 -0.00100073
11.77 -0.00105902
11.78 -0.00112756
11.79 -0.00120787
11.8 -0.00129728
11.81 -0.00138868
11.82 -0.0014727
11.83 -0.00154128
11.84 -0.0015907
11.85 -0.00162218
11.86 -0.00164036
11.87 -0.00165119
11.88 -0.00165986
11.89 -0.00166929
11.9 -0.00167916
11.91 -0.00168606
11.92 -0.00168476
11.93 -0.00167069
11.94 -0.00164222
11.95 -0.00160168
11.96 -0.00155422
11.97 -0.00150541
11.98 -0.00145891
11.99 -0.00141514
12 -0.00137141
12.01 -0.00132332
12.02 -0.00126643
12.03 -0.00119807
12.04 -0.00111854
12.05 -0.00103068
12.06 -0.00093818
12.07 -0.000843972
12.08 -0.000749638
12.09 -0.000654985
12.1 -0.00055794
12.11 -0.000455655
12.12 -0.000347005
12.13 -0.000234191
12.14 -0.000121696
12.15 -1.43019e-05
12.16 8.43336e-05
12.17 0.000172548
12.18 0.000250704
12.19 0.000320718
12.2 0.000385548
12.21 0.000448244
12.22 0.000510954
12.23 0.000574405
12.24 0.000637842
12.25 0.00069952
12.26 0.000757533
12.27 0.000810676
12.28 0.000859086
12.29 0.000903885
12.3 0.000945482
12.31 0.000982445
12.32 0.00101304
12.33 0.0010381
12.34 0.00106199
12.35 0.00109075
12.36 0.00112834
12.37 0.00117411
12.38 0.00122319
12.39 0.00126923
12.4 0.00130733
12.41 0.0013356
12.42 0.00135508
12.43 0.00136875
12.44 0.00138014
12.45 0.00139182
12.46 0.00140448
12.47 0.00141692
12.48 0.00142652
12.49 0.00143015
12.5 0.00142556
12.51 0.00141214
12.52 0.00139068
12.53 0.00136277
12.54 0.00133043
12.55 0.00129556
12.56 0.00125962
12.57 0.00122328
12.58 0.00118604
12.59 0.00114661
12.6 0.00110375
12.61 0.00105686
12.62 0.00100618
12.63 0.000952642
12.64 0.000897289
12.65 0.0008405
12.66 0.000781613
12.67 0.000718982
12.68 0.000650145
12.69 0.000572493
12.7 0.000484433
12.71 0.000386236
12.72 0.000279919
12.73 0.000168211
12.74 5.35761e-05
12.75 -6.17998e-05
12.76 -0.000175552
12.77 -0.000285
12.78 -0.000387277
12.79 -0.000479508
12.8 -0.000559149
12.81 -0.000624695
12.82 -0.000676399
12.83 -0.000716569
12.84 -0.000749455
12.85 -0.000780497
12.86 -0.000814858
12.87 -0.000855292
12.88 -0.000899992
12.89 -0.000943311
12.9 -0.000980229
12.91 -0.00101055
12.92 -0.00103941
12.93 -0.001074
12.94 -0.00111888
12.95 -0.00117307
12.96 -0.00123038
12.97 -0.00128239
12.98 -0.00132192
12.99 -0.00134538
13 -0.00135325
13.01 -0.00134925
13.02 -0.00133866
13.03 -0.00132628
13.04 -0.00131449
13.05 -0.00130244
13.06 -0.00128646
13.07 -0.00126176
13.08 -0.00122501
13.09 -0.0011762
13.1 -0.00111881
13.11 -0.0010582
13.12 -0.000999187
13.13 -0.000944356
13.14 -0.000893553
13.15 -0.000844671
13.16 -0.000795526
13.17 -0.000745239
13.18 -0.00069438
13.19 -0.000644612
13.2 -0.000598134
13.21 -0.000557227
13.22 -0.000523905
13.23 -0.000499109
13.24 -0.000481972
13.25 -0.000469927
13.26 -0.000459458
13.27 -0.000446937
13.28 -0.000429575
13.29 -0.000406284
13.3 -0.000377416
13.31 -0.000343466
13.32 -0.000304213
13.33 -0.000258857
13.34 -0.000206686
13.35 -0.000147601
13.36 -8.21153e-05
13.37 -1.10727e-05
13.38 6.42937e-05
13.39 0.000141877
13.4 0.000218679
13.41 0.000291535
13.42 0.000357965
13.43 0.000416896
13.44 0.000468836
13.45 0.000515246
13.46 0.000557826
13.47 0.000598031
13.48 0.000636618
13.49 0.000673446
13.5 0.000707619
13.51 0.000737866
13.52 0.000763241
13.53 0.000783764
13.54 0.000800425
13.55 0.00081498
13.56 0.000829494
13.57 0.000845402
13.58 0.00086303
13.59 0.000881812
13.6 0.000900542
13.61 0.000917805
13.62 0.000932938
13.63 0.00094662
13.64 0.000960153
13.65 0.000974134
13.66 0.000987636
13.67 0.000998169
13.68 0.00100264
13.69 0.000998996
13.7 0.000986933
13.71 0.000966939
13.72 0.000939599
13.73 0.000905919
13.74 0.000867647
13.75 0.000827011
13.76 0.000785971
13.77 0.000745429
13.78 0.00070486
13.79 0.000662868
13.8 0.00061836
13.81 0.000571049
13.82 0.000521093
13.83 0.000468801
13.84 0.000414856
13.85 0.000360548
13.86 0.000307507
13.87 0.000257435
13.88 0.000212302
13.89 0.000174069
13.9 0.000143634
13.91 0.000120523
13.92 0.000103954
13.93 9.39708e-05
13.94 9.14305e-05
13.95 9.67862e-05
13.96 0.000108672
13.97 0.000123925
13.98 0.000139338
13.99 0.00015285
14 0.000162923
14.01 0.000167882
14.02 0.000166354
14.03 0.00015783
14.04 0.000142672
14.05 0.000121683
14.06 9.53941e-05
14.07 6.36641e-05
14.08 2.61691e-05
14.09 -1.68148e-05
14.1 -6.4158e-05
14.11 -0.000114083
14.12 -0.000164494
14.13 -0.000213424
14.14 -0.000259455
14.15 -0.000301663
14.16 -0.000339241
14.17 -0.000371372
14.18 -0.00039739
14.19 -0.000417121
14.2 -0.000431301
14.21 -0.000441554
14.22 -0.000449662
14.23 -0.000456796
14.24 -0.000463375
14.25 -0.000469362
14.26 -0.0004746
14.27 -0.000478822
14.28 -0.000481651
14.29 -0.00048262
14.3 -0.000480946
14.31 -0.0004758
14.32 -0.000466942
14.33 -0.00045475
14.34 -0.000439953
14.35 -0.000423492
14.36 -0.00040634
14.37 -0.000389315
14.38 -0.000372794
14.39 -0.000356577
14.4 -0.000340335
14.41 -0.000324092
14.42 -0.000308072
14.43 -0.000292329
14.44 -0.000276749
14.45 -0.000261231
14.46 -0.000245751
14.47 -0.000230299
14.48 -0.000214907
14.49 -0.000199874
14.5 -0.00018568
14.51 -0.000172609
14.52 -0.000160637
14.53 -0.000149459
14.54 -0.000138562
14.55 -0.000127085
14.56 -0.000113649
14.57 -9.6901e-05
14.58 -7.62644e-05
14.59 -5.21609e-05
14.6 -2.55929e-05
14.61 2.5236e-06
14.62 3.16398e-05
14.63 6.15082e-05
14.64 9.19583e-05
14.65 0.000122479
14.66 0.000151927
14.67 0.000178795
14.68 0.00020167
14.69 0.000219383
14.7 0.000231071
14.71 0.000236186
14.72 0.000234601
14.73 0.000226914
14.74 0.000214421
14.75 0.000198749
14.76 0.000181392
14.77 0.000163214
14.78 0.000144427
14.79 0.000125047
14.8 0.000105174
14.81 8.48692e-05
14.82 6.40754e-05
14.83 4.28776e-05
14.84 2.16634e-05
14.85 8.15517e-07
14.86 -1.9756e-05
14.87 -4.08606e-05
14.88 -6.38145e-05
14.89 -8.99467e-05
14.9 -0.000120085
14.91 -0.000154142
14.92 -0.000191204
14.93 -0.000230027
14.94 -0.000269353
14.95 -0.000307997
14.96 -0.000344943
14.97 -0.000379364
14.98 -0.000410709
14.99 -0.000439007
15 -0.000464434
15.01 -0.000486138
15.02 -0.000502026
15.03 -0.000510006
15.04 -0.000509087
15.05 -0.000499386
15.06 -0.00048161
15.07 -0.000456405
15.08 -0.000424048
15.09 -0.000384806
15.1 -0.000339309
15.11 -0.000288314
15.12 -0.000232447
15.13 -0.000172511
15.14 -0.000109964
15.15 -4.7186e-05
15.16 1.23522e-05
15.17 6.47656e-05
15.18 0.000107337
15.19 0.00013915
15.2 0.000160409
15.21 0.000171818
15.22 0.000174353
15.23 0.000169249
15.24 0.000158071
15.25 0.000142295
15.26 0.000122603
15.27 9.8791e-05
15.28 7.04128e-05
15.29 3.76016e-05
15.3 1.32473e-06
15.31 -3.69742e-05
15.32 -7.57406e-05
15.33 -0.000113383
15.34 -0.000148336
15.35 -0.000179277
15.36 -0.000205191
15.37 -0.000225184
15.38 -0.000238616
15.39 -0.000245512
15.4 -0.000246518
15.41 -0.000242355
15.42 -0.000233542
15.43 -0.000220674
15.44 -0.000204732
15.45 -0.000186875
15.46 -0.000168166
15.47 -0.000149473
15.48 -0.000131382
15.49 -0.000114281
15.5 -9.85577e-05
15.51 -8.48261e-05
15.52 -7.41593e-05
15.53 -6.79443e-05
15.54 -6.74805e-05
15.55 -7.37671e-05
15.56 -8.73682e-05
15.57 -0.000108373
15.58 -0.000136603
15.59 -0.000171688
15.6 -0.000212882
15.61 -0.000258846
15.62 -0.000307581
15.63 -0.000356684
15.64 -0.000403593
15.65 -0.000445573
15.66 -0.000479862
15.67 -0.000504324
15.68 -0.000518191
15.69 -0.000522064
15.7 -0.000517246
15.71 -0.000505172
15.72 -0.000486991
15.73 -0.000463142
15.74 -0.000433236
15.75 -0.000396474
15.76 -0.000352342
15.77 -0.0003011
15.78 -0.000243756
15.79 -0.000181663
15.8 -0.000116414
15.81 -5.00376e-05
15.82 1.54353e-05
15.83 7.88317e-05
15.84 0.000139792
15.85 0.00019777
15.86 0.000251456
15.87 0.000299269
15.88 0.000340109
15.89 0.000373613
15.9 0.000400106
15.91 0.000420533
15.92 0.000436143
15.93 0.000448017
15.94 0.00045675
15.95 0.000462307
15.96 0.000464056
15.97 0.000461201
15.98 0.000453546
15.99 0.000442097
16 0.000429168
16.01 0.00041809
16.02 0.000412233
16.03 0.000413671
16.04 0.000422701
16.05 0.000438263
16.06 0.000458669
16.07 0.000482552
16.08 0.000509753
16.09 0.000541298
16.1 0.000578325
16.11 0.000621191
16.12 0.000669165
16.13 0.000720143
16.14 0.000770583
16.15 0.000816272
16.16 0.000853852
16.17 0.000882086
16.18 0.000901838
16.19 0.000915147
16.2 0.000924144
16.21 0.000930133
16.22 0.000933293
16.23 0.000933125
16.24 0.000929095
16.25 0.000921054
16.26 0.000909286
16.27 0.000894372
16.28 0.000877138
16.29 0.000858612
16.3 0.000839821
16.31 0.000821309
16.32 0.000802801
16.33 0.00078358
16.34 0.000763075
16.35 0.000741058
16.36 0.00071762
16.37 0.000693013
16.38 0.000667436
16.39 0.000640755
16.4 0.000612205
16.41 0.000580638
16.42 0.000545101
16.43 0.000504918
16.44 0.000459446
16.45 0.000407898
16.46 0.000349536
16.47 0.000284259
16.48 0.000212759
16.49 0.000136035
16.5 5.50783e-05
16.51 -2.91679e-05
16.52 -0.000115671
16.53 -0.000202855
16.54 -0.000288507
16.55 -0.000370192
16.56 -0.000445469
16.57 -0.000512086
16.58 -0.0005688
16.59 -0.000615982
16.6 -0.000655133
16.61 -0.000688039
16.62 -0.000716224
16.63 -0.000740548
16.64 -0.000760957
16.65 -0.000776748
16.66 -0.000787429
16.67 -0.000793531
16.68 -0.000796855
16.69 -0.000800041
16.7 -0.000805384
16.71 -0.000813555
16.72 -0.000823423
16.73 -0.000833037
16.74 -0.000840896
16.75 -0.000846752
16.76 -0.000851658
16.77 -0.000857421
16.78 -0.000865997
16.79 -0.000878963
16.8 -0.000896794
16.81 -0.00091843
16.82 -0.00094145
16.83 -0.000962426
16.84 -0.000977523
16.85 -0.000983831
16.86 -0.000980776
16.87 -0.00096997
16.88 -0.000953558
16.89 -0.000932907
16.9 -0.000908275
16.91 -0.000878998
16.92 -0.000844133
16.93 -0.000803261
16.94 -0.00075677
16.95 -0.000705786
16.96 -0.000651893
16.97 -0.000596532
16.98 -0.000540687
16.99 -0.000485027
17 -0.000429715
17.01 -0.00037411
17.02 -0.000317266
17.03 -0.000258753
17.04 -0.000198964
17.05 -0.000139033
17.06 -8.03524e-05
17.07 -2.39425e-05
17.08 2.98349e-05
17.09 8.12131e-05
17.1 0.000130664
17.11 0.000178464
17.12 0.00022451
17.13 0.000268513
17.14 0.000310438
17.15 0.00035057
17.16 0.000389222
17.17 0.000426818
17.18 0.000464257
17.19 0.000502714
17.2 0.000542926
17.21 0.000584905
17.22 0.000628216
17.23 0.000672111
17.24 0.000715708
17.25 0.00075834
17.26 0.00079951
17.27 0.000838696
17.28 0.000875268
17.29 0.000908266
17.3 0.000936253
17.31 0.000957707
17.32 0.000971654
17.33 0.000978033
17.34 0.000977676
17.35 0.000971903
17.36 0.000961938
17.37 0.000948595
17.38 0.000932295
17.39 0.000913269
17.4 0.000891704
17.41 0.000867655
17.42 0.000840977
17.43 0.000811455
17.44 0.000778968
17.45 0.000743635
17.46 0.000705787
17.47 0.000665697
17.48 0.000623421
17.49 0.000578822
17.5 0.000531755
17.51 0.000482271
17.52 0.000430636
17.53 0.000377346
17.54 0.000323083
17.55 0.000268573
17.56 0.000214668
17.57 0.000162321
17.58 0.000112271
17.59 6.4832e-05
17.6 1.99986e-05
17.61 -2.23119e-05
17.62 -6.21426e-05
17.63 -9.94152e-05
17.64 -0.000133899
17.65 -0.000165534
17.66 -0.000194792
17.67 -0.000222591
17.68 -0.000249921
17.69 -0.00027751
17.7 -0.000305815
17.71 -0.000335156
17.72 -0.000365532
17.73 -0.000396551
17.74 -0.000427693
17.75 -0.000458408
17.76 -0.000488341
17.77 -0.000517651
17.78 -0.00054672
17.79 -0.000575495
17.8 -0.00060313
17.81 -0.000628175
17.82 -0.000649229
17.83 -0.000665556
17.84 -0.000677294
17.85 -0.000685138
17.86 -0.000689921
17.87 -0.000692314
17.88 -0.000692573
17.89 -0.000690552
17.9 -0.000685849
17.91 -0.000677717
17.92 -0.000665234
17.93 -0.000648095
17.94 -0.00062721
17.95 -0.000604404
17.96 -0.000581539
17.97 -0.000559763
17.98 -0.000539353
17.99 -0.000520034
18 -0.000501406
18.01 -0.00048333
18.02 -0.000465962
18.03 -0.000449446
18.04 -0.000433732
18.05 -0.000418631
18.06 -0.000403789
18.07 -0.000388435
18.08 -0.000371295
18.09 -0.000350931
18.1 -0.000326225
18.11 -0.00029684
18.12 -0.000263489
18.13 -0.000227598
18.14 -0.000190613
18.15 -0.000153813
18.16 -0.000118348
18.17 -8.47861e-05
18.18 -5.30655e-05
18.19 -2.31675e-05
18.2 4.60628e-06
18.21 2.96637e-05
18.22 5.11236e-05
18.23 6.82925e-05
18.24 8.11912e-05
18.25 9.04101e-05
18.26 9.68885e-05
18.27 0.000101985
18.28 0.000107197
18.29 0.000113715
18.3 0.000122514
18.31 0.000134392
18.32 0.000149652
18.33 0.000168276
18.34 0.000190287
18.35 0.000215788
18.36 0.000245048
18.37 0.000278344
18.38 0.000315492
18.39 0.000355802
18.4 0.000398331
18.41 0.000441905
18.42 0.000484991
18.43 0.000525933
18.44 0.000563507
18.45 0.000597075
18.46 0.000626259
18.47 0.000650759
18.48 0.00067029
18.49 0.000684493
18.5 0.000693168
18.51 0.000696559
18.52 0.000695127
18.53 0.000689209
18.54 0.000678974
18.55 0.000664647
18.56 0.000646792
18.57 0.000626184
18.58 0.000603296
18.59 0.000578128
18.6 0.000550534
18.61 0.000520439
18.62 0.000487797
18.63 0.000452756
18.64 0.000415874
18.65 0.000377818
18.66 0.000338895
18.67 0.000299099
18.68 0.00025839
18.69 0.000216784
18.7 0.000174217
18.71 0.000130539
18.72 8.57752e-05
18.73 4.02909e-05
18.74 -5.29232e-06
18.75 -5.04303e-05
18.76 -9.49661e-05
18.77 -0.000138975
18.78 -0.000182553
18.79 -0.00022577
18.8 -0.000268518
18.81 -0.00031057
18.82 -0.000351851
18.83 -0.0003924
18.84 -0.00043232
18.85 -0.000471928
18.86 -0.00051167
18.87 -0.000551943
18.88 -0.000592924
18.89 -0.0006343
18.9 -0.000675297
18.91 -0.000715155
18.92 -0.000753517
18.93 -0.000790272
18.94 -0.000825047
18.95 -0.000857141
18.96 -0.000885796
18.97 -0.000910246
18.98 -0.000929835
18.99 -0.000944305
19 -0.000953891
19.01 -0.00095917
19.02 -0.000960954
19.03 -0.000960198
19.04 -0.000957753
19.05 -0.00095408
19.06 -0.000949135
19.07 -0.000942475
19.08 -0.000933575
19.09 -0.000922068
19.1 -0.000907633
19.11 -0.000889829
19.12 -0.000868176
19.13 -0.000842416
19.14 -0.000812653
19.15 -0.000779218
19.16 -0.000742325
19.17 -0.000701857
19.18 -0.000657605
19.19 -0.00060948
19.2 -0.000557519
19.21 -0.000502032
19.22 -0.000443579
19.23 -0.000382602
19.24 -0.000319287
19.25 -0.00025377
19.26 -0.000186357
19.27 -0.000117638
19.28 -4.83837e-05
19.29 2.05565e-05
19.3 8.82422e-05
19.31 0.000153741
19.32 0.000216536
19.33 0.00027679
19.34 0.000335135
19.35 0.000392314
19.36 0.000449025
19.37 0.000505834
19.38 0.000562944
19.39 0.000620153
19.4 0.000677192
19.41 0.000733868
19.42 0.000789748
19.43 0.000844042
19.44 0.000895856
19.45 0.000944543
19.46 0.000990213
19.47 0.00103402
19.48 0.00107765
19.49 0.00112216
19.5 0.00116722
19.51 0.00121105
19.52 0.00125129
19.53 0.00128606
19.54 0.00131436
19.55 0.00133609
19.56 0.00135173
19.57 0.0013619
19.58 0.00136693
19.59 0.00136672
19.6 0.00136079
19.61 0.00134844
19.62 0.00132896
19.63 0.00130201
19.64 0.00126793
19.65 0.00122764
19.66 0.00118232
19.67 0.00113303
19.68 0.00108035
19.69 0.00102426
19.7 0.000964497
19.71 0.000900814
19.72 0.000833043
19.73 0.000761276
19.74 0.000686182
19.75 0.000608748
19.76 0.000529752
19.77 0.000450053
19.78 0.0003709
19.79 0.000293513
19.8 0.000218952
19.81 0.000148385
19.82 8.29168e-05
19.83 2.31623e-05
19.84 -3.07948e-05
19.85 -7.91286e-05
19.86 -0.00012201
19.87 -0.000159574
19.88 -0.000192135
19.89 -0.000220494
19.9 -0.000245799
19.91 -0.000269012
19.92 -0.000290786
19.93 -0.000311733
19.94 -0.000332561
19.95 -0.000354076
19.96 -0.000376991
19.97 -0.000401591
19.98 -0.000427816
19.99 -0.000455738
20 -0.000485683
20.01 -0.000517981
20.02 -0.000552897
20.03 -0.000590615
20.04 -0.000631009
20.05 -0.000673227
20.06 -0.000715407
20.07 -0.000755058
20.08 -0.000790006
20.09 -0.000819278
20.1 -0.000843194
20.11 -0.000862644
20.12 -0.000878494
20.13 -0.000891511
20.14 -0.000902284
20.15 -0.000910995
20.16 -0.00091735
20.17 -0.000920668
20.18 -0.000920207
20.19 -0.00091566
20.2 -0.000907349
20.21 -0.000895996
20.22 -0.000882483
20.23 -0.00086761
20.24 -0.000851821
20.25 -0.000835073
20.26 -0.000816945
20.27 -0.000797042
20.28 -0.000775243
20.29 -0.000751599
20.3 -0.000726211
20.31 -0.000699141
20.32 -0.000670473
20.33 -0.000640371
20.34 -0.000608962
20.35 -0.000576306
20.36 -0.000542428
20.37 -0.000507266
20.38 -0.000470753
20.39 -0.000433098
20.4 -0.000394714
20.41 -0.000355912
20.42 -0.000317025
20.43 -0.000278648
20.44 -0.000241245
20.45 -0.000204653
20.46 -0.000168332
20.47 -0.000131913
20.48 -9.52553e-05
20.49 -5.83034e-05
20.5 -2.11012e-05
20.51 1.62151e-05
20.52 5.34744e-05
20.53 9.05101e-05
20.54 0.000127308
20.55 0.000164117
20.56 0.000201317
20.57 0.000239187
20.58 0.000277756
20.59 0.000316748
20.6 0.000355565
20.61 0.000393552
20.62 0.000430447
20.63 0.000466385
20.64 0.00050141
20.65 0.000535151
20.66 0.000566987
20.67 0.000596316
20.68 0.000622469
20.69 0.000644556
20.7 0.000661716
20.71 0.00067348
20.72 0.000679814
20.73 0.00068103
20.74 0.000677696
20.75 0.000670451
20.76 0.00065986
20.77 0.000646412
20.78 0.000630624
20.79 0.00061321
20.8 0.000595157
20.81 0.000577472
20.82 0.000560954
20.83 0.000546279
20.84 0.000534039
20.85 0.000524645
20.86 0.000518211
20.87 0.000514527
20.88 0.00051319
20.89 0.000513753
20.9 0.000515678
20.91 0.000518123
20.92 0.000519988
20.93 0.000520112
20.94 0.000517414
20.95 0.000510989
20.96 0.000500033
20.97 0.000483841
20.98 0.000461918
20.99 0.00043397
21 0.0003999
21.01 0.000359956
21.02 0.000314698
21.03 0.000264804
21.04 0.000211328
21.05 0.000155962
21.06 0.000100687
21.07 4.71666e-05
21.08 -3.46145e-06
21.09 -5.03244e-05
21.1 -9.25944e-05
21.11 -0.00012948
21.12 -0.000160269
21.13 -0.000184527
21.14 -0.000202464
21.15 -0.000215154
21.16 -0.000224194
21.17 -0.000231059
21.18 -0.000237043
21.19 -0.000243451
21.2 -0.000251275
21.21 -0.000260928
21.22 -0.000272652
21.23 -0.000286931
21.24 -0.000304391
21.25 -0.000325668
21.26 -0.00035118
21.27 -0.00038078
21.28 -0.00041377
21.29 -0.000449142
21.3 -0.000485682
21.31 -0.000522103
21.32 -0.000557245
21.33 -0.000590176
21.34 -0.000620183
21.35 -0.000646698
21.36 -0.000669082
21.37 -0.000686688
21.38 -0.000699171
21.39 -0.000706428
21.4 -0.000708319
21.41 -0.000704701
21.42 -0.00069552
21.43 -0.000680709
21.44 -0.000660391
21.45 -0.000635164
21.46 -0.000605857
21.47 -0.000573301
21.48 -0.000538479
21.49 -0.000502502
21.5 -0.000466151
21.51 -0.000429602
21.52 -0.00039293
21.53 -0.000356574
21.54 -0.000321177
21.55 -0.000287462
21.56 -0.000256238
21.57 -0.000228251
21.58 -0.000203936
21.59 -0.000183158
21.6 -0.000165128
21.61 -0.00014877
21.62 -0.000133193
21.63 -0.000117734
21.64 -0.000101677
21.65 -8.42466e-05
21.66 -6.48995e-05
21.67 -4.3268e-05
21.68 -1.88171e-05
21.69 9.19611e-06
21.7 4.1443e-05
21.71 7.82741e-05
21.72 0.000119642
21.73 0.000165081
21.74 0.000213741
21.75 0.000264483
21.76 0.000316002
21.77 0.0003671
21.78 0.000416828
21.79 0.000464435
21.8 0.000509419
21.81 0.000551344
21.82 0.000589588
21.83 0.000623502
21.84 0.000652607
21.85 0.00067658
21.86 0.000695316
21.87 0.000709028
21.88 0.000718196
21.89 0.000723509
21.9 0.000725681
21.91 0.000725083
21.92 0.000721724
21.93 0.000715598
21.94 0.00070682
21.95 0.00069556
21.96 0.000682093
21.97 0.000666721
21.98 0.000649604
21.99 0.000630839
22 0.00061052
22.01 0.000588594
22.02 0.000564741
22.03 0.000538441
22.04 0.000509257
22.05 0.000477179
22.06 0.00044253
22.07 0.00040571
22.08 0.000367216
22.09 0.000327515
22.1 0.000286912
22.11 0.000245703
22.12 0.000204182
22.13 0.000162485
22.14 0.000120808
22.15 7.96763e-05
22.16 3.96245e-05
22.17 8.3638e-07
22.18 -3.66132e-05
22.19 -7.24447e-05
22.2 -0.000106249
22.21 -0.000137768
22.22 -0.000167049
22.23 -0.000194286
22.24 -0.000219608
22.25 -0.000243093
22.26 -0.000264899
22.27 -0.000285419
22.28 -0.000305388
22.29 -0.000325628
22.3 -0.000346639
22.31 -0.000368696
22.32 -0.000392122
22.33 -0.000417253
22.34 -0.000444283
22.35 -0.000473128
22.36 -0.000503341
22.37 -0.000534065
22.38 -0.000564011
22.39 -0.000591778
22.4 -0.000616339
22.41 -0.000637031
22.42 -0.000653366
22.43 -0.00066521
22.44 -0.000672953
22.45 -0.000677218
22.46 -0.000678413
22.47 -0.00067673
22.48 -0.000672391
22.49 -0.000665593
22.5 -0.00065641
22.51 -0.00064506
22.52 -0.000632111
22.53 -0.000618065
22.54 -0.000602905
22.55 -0.000586229
22.56 -0.000567444
22.57 -0.000545815
22.58 -0.000520752
22.59 -0.000492142
22.6 -0.000460153
22.61 -0.000424923
22.62 -0.000386618
22.63 -0.000345589
22.64 -0.000302287
22.65 -0.000257161
22.66 -0.000210731
22.67 -0.000163629
22.68 -0.000116708
22.69 -7.09927e-05
22.7 -2.73439e-05
22.71 1.36808e-05
22.72 5.18016e-05
22.73 8.70499e-05
22.74 0.000119667
22.75 0.000149885
22.76 0.000177999
22.77 0.000204526
22.78 0.000230147
22.79 0.000255635
22.8 0.000281757
22.81 0.000309023
22.82 0.000337536
22.83 0.00036719
22.84 0.000397931
22.85 0.000429575
22.86 0.000461594
22.87 0.000493339
22.88 0.000524303
22.89 0.000554189
22.9 0.000582842
22.91 0.000609988
22.92 0.00063503
22.93 0.000657188
22.94 0.000675747
22.95 0.000690175
22.96 0.000700073
22.97 0.000705198
22.98 0.000705599
22.99 0.000701673
23 0.000693955
23.01 0.000682741
23.02 0.00066786
23.03 0.000648938
23.04 0.000625985
23.05 0.000599555
23.06 0.000570376
23.07 0.000539138
23.08 0.000506464
23.09 0.000472821
23.1 0.000438558
23.11 0.000403986
23.12 0.00036926
23.13 0.00033425
23.14 0.000298607
23.15 0.000262102
23.16 0.000225019
23.17 0.000187898
23.18 0.000150939
23.19 0.000113992
23.2 7.69177e-05
23.21 3.96937e-05
23.22 2.33031e-06
23.23 -3.51997e-05
23.24 -7.28357e-05
23.25 -0.00011022
23.26 -0.000146902
23.27 -0.000182617
23.28 -0.000217095
23.29 -0.000249964
23.3 -0.000280916
23.31 -0.000309876
23.32 -0.000336998
23.33 -0.000362369
23.34 -0.000385787
23.35 -0.000406842
23.36 -0.000425151
23.37 -0.000440579
23.38 -0.000453267
23.39 -0.000463402
23.4 -0.000470989
23.41 -0.000475988
23.42 -0.000478369
23.43 -0.000477995
23.44 -0.000474721
23.45 -0.000468557
23.46 -0.000459817
23.47 -0.000449253
23.48 -0.000437823
23.49 -0.000426391
23.5 -0.000415668
23.51 -0.000406011
23.52 -0.000397365
23.53 -0.000389686
23.54 -0.000383078
23.55 -0.000377438
23.56 -0.00037241
23.57 -0.000367683
23.58 -0.000363118
23.59 -0.000358701
23.6 -0.000354304
23.61 -0.000349504
23.62 -0.00034386
23.63 -0.000337147
23.64 -0.000329268
23.65 -0.000320176
23.66 -0.000309849
23.67 -0.000298105
23.68 -0.000284466
23.69 -0.000268364
23.7 -0.000249404
23.71 -0.000227465
23.72 -0.000202496
23.73 -0.00017428
23.74 -0.000142668
23.75 -0.00010787
23.76 -7.03528e-05
23.77 -3.06196e-05
23.78 1.10992e-05
23.79 5.48353e-05
23.8 0.000100249
23.81 0.000146342
23.82 0.000191972
23.83 0.000236187
23.84 0.000278118
23.85 0.000317061
23.86 0.000352605
23.87 0.000384549
23.88 0.000412771
23.89 0.000437152
23.9 0.000457627
23.91 0.000474277
23.92 0.000487267
23.93 0.00049668
23.94 0.00050253
23.95 0.000504906
23.96 0.00050405
23.97 0.00050031
23.98 0.000494107
23.99 0.000485987
24 0.000476532
24.01 0.000466166
24.02 0.000455135
24.03 0.0004437
24.04 0.000432274
24.05 0.000421271
24.06 0.000410902
24.07 0.000401142
24.08 0.000391775
24.09 0.000382564
24.1 0.00037333
24.11 0.000363864
24.12 0.000353858
24.13 0.0003428
24.14 0.000330121
24.15 0.000315508
24.16 0.000298942
24.17 0.000280635
24.18 0.00026086
24.19 0.000239702
24.2 0.000217177
24.21 0.000193488
24.22 0.000168854
24.23 0.000143345
24.24 0.00011715
24.25 9.07257e-05
24.26 6.45664e-05
24.27 3.89623e-05
24.28 1.40528e-05
24.29 -9.81976e-06
24.3 -3.21101e-05
24.31 -5.25673e-05
24.32 -7.12993e-05
24.33 -8.82797e-05
24.34 -0.000103202
24.35 -0.000115874
24.36 -0.000126386
24.37 -0.000134894
24.38 -0.000141593
24.39 -0.000146843
24.4 -0.000151005
24.41 -0.000154247
24.42 -0.000156671
24.43 -0.00015842
24.44 -0.000159652
24.45 -0.00016068
24.46 -0.000162057
24.47 -0.000164273
24.48 -0.000167631
24.49 -0.000172427
24.5 -0.000178915
24.51 -0.000187157
24.52 -0.000196998
24.53 -0.000208162
24.54 -0.000220418
24.55 -0.000233544
24.56 -0.00024719
24.57 -0.000261045
24.58 -0.000274969
24.59 -0.000288698
24.6 -0.000301514
24.61 -0.000312421
24.62 -0.000320669
24.63 -0.000325994
24.64 -0.000328423
24.65 -0.000327987
24.66 -0.000324669
24.67 -0.000318602
24.68 -0.000310238
24.69 -0.000300224
24.7 -0.000288992
24.71 -0.00027668
24.72 -0.000263514
24.73 -0.000249982
24.74 -0.000236535
24.75 -0.000223408
24.76 -0.000210833
24.77 -0.000199156
24.78 -0.000188551
24.79 -0.000178868
24.8 -0.00016981
24.81 -0.000161111
24.82 -0.000152703
24.83 -0.000144714
24.84 -0.000137079
24.85 -0.000129464
24.86 -0.000121695
24.87 -0.000113827
24.88 -0.000105764
24.89 -9.72869e-05
24.9 -8.83578e-05
24.91 -7.90709e-05
24.92 -6.94572e-05
24.93 -5.95276e-05
24.94 -4.9483e-05
24.95 -3.9725e-05
24.96 -3.05213e-05
24.97 -2.19633e-05
24.98 -1.42594e-05
24.99 -7.60006e-06
25 -1.93676e-06
25.01 2.81944e-06
25.02 6.62878e-06
25.03 9.43074e-06
25.04 1.13143e-05
25.05 1.24796e-05
25.06 1.30176e-05
25.07 1.28884e-05
25.08 1.21028e-05
25.09 1.07937e-05
25.1 9.10925e-06
25.11 7.06357e-06
25.12 4.59528e-06
25.13 1.77603e-06
25.14 -1.20516e-06
25.15 -4.25258e-06
25.16 -7.47404e-06
25.17 -1.09691e-05
25.18 -1.45089e-05
25.19 -1.75911e-05
25.2 -1.97842e-05
25.21 -2.09771e-05
25.22 -2.13386e-05
25.23 -2.10953e-05
25.24 -2.03495e-05
25.25 -1.9074e-05
25.26 -1.72931e-05
25.27 -1.50834e-05
25.28 -1.23027e-05
25.29 -8.61866e-06
25.3 -3.87789e-06
25.31 1.72421e-06
25.32 7.85459e-06
25.33 1.43162e-05
25.34 2.10611e-05
25.35 2.80438e-05
25.36 3.51364e-05
25.37 4.2138e-05
25.38 4.88258e-05
25.39 5.49553e-05
25.4 6.01666e-05
25.41 6.40716e-05
25.42 6.65173e-05
25.43 6.75858e-05
25.44 6.73551e-05
25.45 6.58051e-05
25.46 6.29031e-05
25.47 5.86923e-05
25.48 5.33856e-05
25.49 4.73895e-05
25.5 4.11341e-05
25.51 3.49708e-05
25.52 2.92252e-05
25.53 2.42264e-05
25.54 2.02799e-05
25.55 1.7507e-05
25.56 1.57422e-05
25.57 1.47726e-05
25.58 1.46981e-05
25.59 1.58273e-05
25.6 1.8203e-05
25.61 2.15064e-05
25.62 2.52767e-05
25.63 2.90116e-05
25.64 3.21853e-05
25.65 3.43481e-05
25.66 3.53118e-05
25.67 3.50696e-05
25.68 3.35326e-05
25.69 3.06801e-05
25.7 2.67865e-05
25.71 2.21831e-05
25.72 1.70455e-05
25.73 1.15367e-05
25.74 5.97244e-06
25.75 7.67833e-07
25.76 -3.60874e-06
25.77 -6.53192e-06
25.78 -7.38879e-06
25.79 -5.7627e-06
25.8 -1.30125e-06
25.81 6.11399e-06
25.82 1.61602e-05
25.83 2.83296e-05
25.84 4.21114e-05
25.85 5.70099e-05
25.86 7.26632e-05
25.87 8.88395e-05
25.88 0.000105292
25.89 0.000121664
25.9 0.000137438
25.91 0.000152015
25.92 0.000164919
25.93 0.000175864
25.94 0.000184738
25.95 0.000191637
25.96 0.000196741
25.97 0.000200138
25.98 0.000201928
25.99 0.000202302
26 0.000201388
26.01 0.00019924
26.02 0.000195996
26.03 0.000191949
26.04 0.000187439
26.05 0.000182724
26.06 0.000177943
26.07 0.000173211
26.08 0.000168708
26.09 0.000164714
26.1 0.000161601
26.11 0.000159647
26.12 0.000158885
26.13 0.000159266
26.14 0.000160782
26.15 0.000163387
26.16 0.00016701
26.17 0.000171592
26.18 0.000176999
26.19 0.000183056
26.2 0.000189546
26.21 0.000196192
26.22 0.00020272
26.23 0.000208899
26.24 0.000214571
26.25 0.00021969
26.26 0.000224299
26.27 0.000228481
26.28 0.000232323
26.29 0.000235792
26.3 0.00023849
26.31 0.000239713
26.32 0.000238947
26.33 0.00023614
26.34 0.0002314
26.35 0.000224647
26.36 0.000215639
26.37 0.000204241
26.38 0.000190356
26.39 0.000173727
26.4 0.00015418
26.41 0.000131793
26.42 0.000106649
26.43 7.87739e-05
26.44 4.84026e-05
26.45 1.60451e-05
26.46 -1.77562e-05
26.47 -5.26875e-05
26.48 -8.86007e-05
26.49 -0.000125232
26.5 -0.000161992
26.51 -0.000197932
26.52 -0.000231931
26.53 -0.000262967
26.54 -0.000290422
26.55 -0.00031417
26.56 -0.000334218
26.57 -0.00035047
26.58 -0.000362921
26.59 -0.000371764
26.6 -0.000377308
26.61 -0.000379918
26.62 -0.00037989
26.63 -0.00037737
26.64 -0.00037258
26.65 -0.000365936
26.66 -0.000357658
26.67 -0.00034777
26.68 -0.000336536
26.69 -0.00032436
26.7 -0.000311486
26.71 -0.000297991
26.72 -0.000283819
26.73 -0.000268814
26.74 -0.000252884
26.75 -0.00023599
26.76 -0.000217995
26.77 -0.00019885
26.78 -0.00017888
26.79 -0.00015855
26.8 -0.000138056
26.81 -0.00011736
26.82 -9.6498e-05
26.83 -7.56619e-05
26.84 -5.50639e-05
26.85 -3.49521e-05
26.86 -1.57773e-05
26.87 1.88589e-06
26.88 1.7559e-05
26.89 3.09958e-05
26.9 4.21779e-05
26.91 5.11766e-05
26.92 5.82091e-05
26.93 6.36974e-05
26.94 6.80372e-05
26.95 7.15019e-05
26.96 7.42847e-05
26.97 7.65053e-05
26.98 7.83299e-05
26.99 8.0048e-05
27 8.19964e-05
27.01 8.4463e-05
27.02 8.76035e-05
27.03 9.14661e-05
27.04 9.60624e-05
27.05 0.000101278
27.06 0.000106807
27.07 0.000112371
27.08 0.00011799
27.09 0.00012384
27.1 0.000130047
27.11 0.000136717
27.12 0.000143905
27.13 0.00015147
27.14 0.000159056
27.15 0.000166286
27.16 0.000172991
27.17 0.000179178
27.18 0.000184893
27.19 0.000190232
27.2 0.000195333
27.21 0.000200311
27.22 0.000205155
27.23 0.000209608
27.24 0.000213286
27.25 0.00021589
27.26 0.000217167
27.27 0.000216943
27.28 0.000215265
27.29 0.000212156
27.3 0.000207322
27.31 0.000200343
27.32 0.000190964
27.33 0.000179085
27.34 0.000164696
27.35 0.000147958
27.36 0.000129162
27.37 0.000108557
27.38 8.63855e-05
27.39 6.29528e-05
27.4 3.84363e-05
27.41 1.27842e-05
27.42 -1.39487e-05
27.43 -4.14132e-05
27.44 -6.91571e-05
27.45 -9.66289e-05
27.46 -0.000123149
27.47 -0.000148194
27.48 -0.000171603
27.49 -0.000193426
27.5 -0.000213688
27.51 -0.000232337
27.52 -0.000249256
27.53 -0.000264245
27.54 -0.00027712
27.55 -0.000287876
27.56 -0.000296637
27.57 -0.000303471
27.58 -0.000308328
27.59 -0.000311144
27.6 -0.000311962
27.61 -0.000310839
27.62 -0.000307811
27.63 -0.000302997
27.64 -0.000296657
27.65 -0.000289278
27.66 -0.000281569
27.67 -0.000274193
27.68 -0.000267612
27.69 -0.000262137
27.7 -0.00025783
27.71 -0.000254519
27.72 -0.000252059
27.73 -0.000250385
27.74 -0.000249293
27.75 -0.000248397
27.76 -0.000247401
27.77 -0.000246228
27.78 -0.000244951
27.79 -0.000243697
27.8 -0.000242561
27.81 -0.000241578
27.82 -0.000240633
27.83 -0.000239397
27.84 -0.00023754
27.85 -0.000234919
27.86 -0.000231459
27.87 -0.000226996
27.88 -0.000221389
27.89 -0.000214643
27.9 -0.000206794
27.91 -0.000197787
27.92 -0.000187507
27.93 -0.000175758
27.94 -0.00016224
27.95 -0.000146794
27.96 -0.000129586
27.97 -0.000110939
27.98 -9.11895e-05
27.99 -7.06262e-05
28 -4.93131e-05
28.01 -2.72292e-05
28.02 -4.53838e-06
28.03 1.84586e-05
28.04 4.14332e-05
28.05 6.40998e-05
28.06 8.62211e-05
28.07 0.000107497
28.08 0.000127633
28.09 0.000146547
28.1 0.000164368
28.11 0.000181269
28.12 0.000197382
28.13 0.000212779
28.14 0.000227385
28.15 0.000241025
28.16 0.000253559
28.17 0.00026492
28.18 0.000275083
28.19 0.000284042
28.2 0.000291808
28.21 0.00029841
28.22 0.000303956
28.23 0.000308642
28.24 0.00031264
28.25 0.000316048
28.26 0.000318965
28.27 0.000321504
28.28 0.000323693
28.29 0.000325461
28.3 0.000326762
28.31 0.000327547
28.32 0.000327597
28.33 0.000326606
28.34 0.000324386
28.35 0.000320887
28.36 0.000316096
28.37 0.000309948
28.38 0.00030231
28.39 0.000293137
28.4 0.000282543
28.41 0.000270691
28.42 0.000257759
28.43 0.000243942
28.44 0.000229386
28.45 0.000214206
28.46 0.000198539
28.47 0.000182492
28.48 0.000166218
28.49 0.000149974
28.5 0.000133984
28.51 0.000118384
28.52 0.000103365
28.53 8.91235e-05
28.54 7.56916e-05
28.55 6.29696e-05
28.56 5.08729e-05
28.57 3.93839e-05
28.58 2.85386e-05
28.59 1.83472e-05
28.6 8.72536e-06
28.61 -4.31346e-07
28.62 -9.21121e-06
28.63 -1.77678e-05
28.64 -2.6284e-05
28.65 -3.48842e-05
28.66 -4.36767e-05
28.67 -5.27965e-05
28.68 -6.23829e-05
28.69 -7.25291e-05
28.7 -8.32086e-05
28.71 -9.43199e-05
28.72 -0.000105805
28.73 -0.000117643
28.74 -0.00012977
28.75 -0.000142042
28.76 -0.000154241
28.77 -0.000166152
28.78 -0.0001776
28.79 -0.000188426
28.8 -0.000198481
28.81 -0.000207632
28.82 -0.000215759
28.83 -0.000222759
28.84 -0.00022855
28.85 -0.000233092
28.86 -0.000236404
28.87 -0.0002385
28.88 -0.000239365
28.89 -0.000239005
28.9 -0.000237462
28.91 -0.000234801
28.92 -0.000231114
28.93 -0.000226491
28.94 -0.000221022
28.95 -0.000214804
28.96 -0.000207936
28.97 -0.000200493
28.98 -0.00019253
28.99 -0.00018408
29 -0.00017517
29.01 -0.000165821
29.02 -0.000156057
29.03 -0.000145904
29.04 -0.000135387
29.05 -0.000124527
29.06 -0.000113348
29.07 -0.000101886
29.08 -9.01633e-05
29.09 -7.8187e-05
29.1 -6.59855e-05
29.11 -5.3626e-05
29.12 -4.12116e-05
29.13 -2.88489e-05
29.14 -1.65961e-05
29.15 -4.46636e-06
29.16 7.51222e-06
29.17 1.92794e-05
29.18 3.07803e-05
29.19 4.19847e-05
29.2 5.28798e-05
29.21 6.3458e-05
29.22 7.37003e-05
29.23 8.35734e-05
29.24 9.30511e-05
29.25 0.000102127
29.26 0.000110798
29.27 0.000119053
29.28 0.000126863
29.29 0.000134194
29.3 0.000141018
29.31 0.000147311
29.32 0.000153054
29.33 0.000158238
29.34 0.000162863
29.35 0.000166929
29.36 0.000170436
29.37 0.000173387
29.38 0.000175802
29.39 0.000177699
29.4 0.000179087
29.41 0.000179969
29.42 0.000180346
29.43 0.000180218
29.44 0.000179587
29.45 0.000178466
29.46 0.000176866
29.47 0.000174793
29.48 0.000172241
29.49 0.000169202
29.5 0.000165671
29.51 0.000161642
29.52 0.000157116
29.53 0.000152092
29.54 0.000146572
29.55 0.00014056
29.56 0.000134061
29.57 0.000127084
29.58 0.000119638
29.59 0.000111728
29.6 0.000103363
29.61 9.45562e-05
29.62 8.53257e-05
29.63 7.56973e-05
29.64 6.57007e-05
29.65 5.53669e-05
29.66 4.47275e-05
29.67 3.38158e-05
29.68 2.26682e-05
29.69 1.13243e-05
29.7 -1.71683e-07
29.71 -1.17717e-05
29.72 -2.34239e-05
29.73 -3.50732e-05
29.74 -4.66618e-05
29.75 -5.81306e-05
29.76 -6.94209e-05
29.77 -8.04749e-05
29.78 -9.12359e-05
29.79 -0.000101649
29.8 -0.000111659
29.81 -0.000121213
29.82 -0.000130262
29.83 -0.000138757
29.84 -0.000146656
29.85 -0.000153921
29.86 -0.000160521
29.87 -0.000166427
29.88 -0.000171618
29.89 -0.000176076
29.9 -0.00017979
29.91 -0.000182751
29.92 -0.000184957
29.93 -0.00018641
29.94 -0.000187118
29.95 -0.000187092
29.96 -0.000186347
29.97 -0.000184904
29.98 -0.000182788
29.99 -0.000180031
30 -0.000176659
30.01 -0.000172695
30.02 -0.000168165
30.03 -0.000163099
30.04 -0.00015753
30.05 -0.000151493
30.06 -0.000145021
30.07 -0.000138147
30.08 -0.000130904
30.09 -0.000123323
30.1 -0.000115437
30.11 -0.000107273
30.12 -9.88617e-05
30.13 -9.02304e-05
30.14 -8.14083e-05
30.15 -7.24247e-05
30.16 -6.33077e-05
30.17 -5.40836e-05
30.18 -4.47765e-05
30.19 -3.54084e-05
30.2 -2.60008e-05
30.21 -1.65752e-05
30.22 -7.15304e-06
30.23 2.24383e-06
30.24 1.15942e-05
30.25 2.08777e-05
30.26 3.00747e-05
30.27 3.91663e-05
30.28 4.81343e-05
30.29 5.69605e-05
30.3 6.56268e-05
30.31 7.4114e-05
30.32 8.24018e-05
30.33 9.04685e-05
30.34 9.82913e-05
30.35 0.000105846
30.36 0.00011311
30.37 0.000120057
30.38 0.000126662
30.39 0.000132901
30.4 0.000138746
30.41 0.000144172
30.42 0.000149152
30.43 0.00015366
30.44 0.000157672
30.45 0.000161164
30.46 0.000164115
30.47 0.000166505
30.48 0.000168317
30.49 0.000169536
30.5 0.000170149
30.51 0.000170147
30.52 0.000169521
30.53 0.000168269
30.54 0.00016639
30.55 0.000163886
30.56 0.000160765
30.57 0.000157035
30.58 0.00015271
30.59 0.000147806
30.6 0.000142341
30.61 0.000136337
30.62 0.000129818
30.63 0.000122811
30.64 0.000115347
30.65 0.000107458
30.66 9.9178e-05
30.67 9.05439e-05
30.68 8.15938e-05
30.69 7.23676e-05
30.7 6.29058e-05
30.71 5.32499e-05
30.72 4.34421e-05
30.73 3.35248e-05
30.74 2.35404e-05
30.75 1.35311e-05
30.76 3.53856e-06
30.77 -6.39637e-06
30.78 -1.6234e-05
30.79 -2.59358e-05
30.8 -3.5465e-05
30.81 -4.47861e-05
30.82 -5.38659e-05
30.83 -6.26729e-05
30.84 -7.11778e-05
30.85 -7.93537e-05
30.86 -8.7176e-05
30.87 -9.46227e-05
30.88 -0.000101674
30.89 -0.000108313
30.9 -0.000114525
30.91 -0.000120297
30.92 -0.000125619
30.93 -0.000130481
30.94 -0.000134876
30.95 -0.000138799
30.96 -0.000142246
30.97 -0.000145214
30.98 -0.0001477
30.99 -0.000149705
31 -0.000151228
31.01 -0.00015227
31.02 -0.000152833
31.03 -0.00015292
31.04 -0.000152533
31.05 -0.000151676
31.06 -0.000150355
31.07 -0.000148575
31.08 -0.00014634
31.09 -0.000143659
31.1 -0.000140539
31.11 -0.000136989
31.12 -0.000133017
31.13 -0.000128635
31.14 -0.000123853
31.15 -0.000118684
31.16 -0.000113141
31.17 -0.00010724
31.18 -0.000100994
31.19 -9.44213e-05
31.2 -8.75391e-05
31.21 -8.03661e-05
31.22 -7.2922e-05
31.23 -6.52277e-05
31.24 -5.73052e-05
31.25 -4.91775e-05
31.26 -4.08687e-05
31.27 -3.24042e-05
31.28 -2.38102e-05
31.29 -1.51141e-05
31.3 -6.34414e-06
31.31 2.47051e-06
31.32 1.12998e-05
31.33 2.0113e-05
31.34 2.88786e-05
31.35 3.75648e-05
31.36 4.6139e-05
31.37 5.45686e-05
31.38 6.28209e-05
31.39 7.08632e-05
31.4 7.8663e-05
31.41 8.61884e-05
31.42 9.3408e-05
31.43 0.000100291
31.44 0.00010681
31.45 0.000112935
31.46 0.000118641
31.47 0.000123903
31.48 0.0001287
31.49 0.000133011
31.5 0.000136818
31.51 0.000140107
31.52 0.000142865
31.53 0.000145083
31.54 0.000146753
31.55 0.000147872
31.56 0.000148437
31.57 0.00014845
31.58 0.000147915
31.59 0.000146839
31.6 0.00014523
31.61 0.000143101
31.62 0.000140464
31.63 0.000137336
31.64 0.000133733
31.65 0.000129677
31.66 0.000125186
31.67 0.000120285
31.68 0.000114996
31.69 0.000109344
31.7 0.000103356
31.71 9.70557e-05
31.72 9.04715e-05
31.73 8.36301e-05
31.74 7.65589e-05
31.75 6.92851e-05
31.76 6.18361e-05
31.77 5.4239e-05
31.78 4.65203e-05
31.79 3.87064e-05
31.8 3.0823e-05
31.81 2.28952e-05
31.82 1.49474e-05
31.83 7.00346e-06
31.84 -9.13644e-07
31.85 -8.78157e-06
31.86 -1.65787e-05
31.87 -2.42841e-05
31.88 -3.18774e-05
31.89 -3.93391e-05
31.9 -4.66498e-05
31.91 -5.37909e-05
31.92 -6.07442e-05
31.93 -6.74917e-05
31.94 -7.4016e-05
31.95 -8.02996e-05
31.96 -8.63254e-05
31.97 -9.20765e-05
31.98 -9.75361e-05
31.99 -0.000102688
32 -0.000107515
32.01 -0.000112001
32.02 -0.000116132
32.03 -0.000119891
32.04 -0.000123263
32.05 -0.000126236
32.06 -0.000128796
32.07 -0.000130931
32.08 -0.000132629
32.09 -0.000133883
32.1 -0.000134683
32.11 -0.000135023
32.12 -0.000134898
32.13 -0.000134306
32.14 -0.000133245
32.15 -0.000131716
32.16 -0.000129723
32.17 -0.000127269
32.18 -0.000124362
32.19 -0.000121011
32.2 -0.000117227
32.21 -0.000113022
32.22 -0.000108412
32.23 -0.000103414
32.24 -9.80459e-05
32.25 -9.23278e-05
32.26 -8.62818e-05
32.27 -7.99311e-05
32.28 -7.33002e-05
32.29 -6.64152e-05
32.3 -5.93028e-05
32.31 -5.19908e-05
32.32 -4.45081e-05
32.33 -3.68837e-05
32.34 -2.91474e-05
32.35 -2.13294e-05
32.36 -1.34598e-05
32.37 -5.56894e-06
32.38 2.31308e-06
32.39 1.01564e-05
32.4 1.79316e-05
32.41 2.56099e-05
32.42 3.3163e-05
32.43 4.05637e-05
32.44 4.77854e-05
32.45 5.48029e-05
32.46 6.15919e-05
32.47 6.81294e-05
32.48 7.43936e-05
32.49 8.03643e-05
32.5 8.60226e-05
32.51 9.13511e-05
32.52 9.63339e-05
32.53 0.000100957
32.54 0.000105207
32.55 0.000109072
32.56 0.000112544
32.57 0.000115614
32.58 0.000118276
32.59 0.000120524
32.6 0.000122354
32.61 0.000123764
32.62 0.000124753
32.63 0.000125322
32.64 0.000125471
32.65 0.000125205
32.66 0.000124527
32.67 0.000123442
32.68 0.000121956
32.69 0.000120078
32.7 0.000117815
32.71 0.000115177
32.72 0.000112175
32.73 0.000108819
32.74 0.000105122
32.75 0.000101097
32.76 9.67568e-05
32.77 9.21167e-05
32.78 8.71916e-05
32.79 8.19972e-05
32.8 7.65499e-05
32.81 7.08666e-05
32.82 6.49648e-05
32.83 5.88625e-05
32.84 5.25783e-05
32.85 4.61311e-05
32.86 3.95403e-05
32.87 3.2826e-05
32.88 2.60083e-05
32.89 1.91081e-05
32.9 1.21463e-05
32.91 5.14455e-06
32.92 -1.87539e-06
32.93 -8.89135e-06
32.94 -1.58809e-05
32.95 -2.28212e-05
32.96 -2.96895e-05
32.97 -3.64625e-05
32.98 -4.31172e-05
32.99 -4.96303e-05
33 -5.59786e-05
33.01 -6.21392e-05
33.02 -6.80894e-05
33.03 -7.38067e-05
33.04 -7.92695e-05
33.05 -8.44565e-05
33.06 -8.93473e-05
33.07 -9.39225e-05
33.08 -9.81637e-05
33.09 -0.000102054
33.1 -0.000105576
33.11 -0.000108718
33.12 -0.000111465
33.13 -0.000113807
33.14 -0.000115734
33.15 -0.000117239
33.16 -0.000118317
33.17 -0.000118963
33.18 -0.000119177
33.19 -0.000118958
33.2 -0.000118309
33.21 -0.000117234
33.22 -0.00011574
33.23 -0.000113833
33.24 -0.000111525
33.25 -0.000108826
33.26 -0.000105749
33.27 -0.000102309
33.28 -9.85206e-05
33.29 -9.44019e-05
33.3 -8.99706e-05
33.31 -8.52456e-05
33.32 -8.0247e-05
33.33 -7.49953e-05
33.34 -6.95117e-05
33.35 -6.38181e-05
33.36 -5.79364e-05
33.37 -5.18891e-05
33.38 -4.56985e-05
33.39 -3.93874e-05
33.4 -3.29781e-05
33.41 -2.64931e-05
33.42 -1.99544e-05
33.43 -1.33841e-05
33.44 -6.80357e-06
33.45 -2.34131e-07
33.46 6.3035e-06
33.47 1.2789e-05
33.48 1.92026e-05
33.49 2.55248e-05
33.5 3.1737e-05
33.51 3.78208e-05
33.52 4.37585e-05
33.53 4.95327e-05
33.54 5.5127e-05
33.55 6.0525e-05
33.56 6.57112e-05
33.57 7.06705e-05
33.58 7.53884e-05
33.59 7.98511e-05
33.6 8.40452e-05
33.61 8.7958e-05
33.62 9.15774e-05
33.63 9.48922e-05
33.64 9.78916e-05
33.65 0.000100566
33.66 0.000102906
33.67 0.000104904
33.68 0.000106552
33.69 0.000107844
33.7 0.000108776
33.71 0.000109344
33.72 0.000109544
33.73 0.000109374
33.74 0.000108836
33.75 0.000107929
33.76 0.000106656
33.77 0.00010502
33.78 0.000103027
33.79 0.000100681
33.8 9.79924e-05
33.81 9.49681e-05
33.82 9.16186e-05
33.83 8.79554e-05
33.84 8.3991e-05
33.85 7.9739e-05
33.86 7.52144e-05
33.87 7.04329e-05
33.88 6.54115e-05
33.89 6.0168e-05
33.9 5.47211e-05
33.91 4.90904e-05
33.92 4.3296e-05
33.93 3.73588e-05
33.94 3.13003e-05
33.95 2.51424e-05
33.96 1.89075e-05
33.97 1.2618e-05
33.98 6.29697e-06
33.99 -3.27285e-08
34 -6.34809e-06
34.01 -1.26262e-05
34.02 -1.88442e-05
34.03 -2.49797e-05
34.04 -3.10105e-05
34.05 -3.69148e-05
34.06 -4.26715e-05
34.07 -4.82601e-05
34.08 -5.36607e-05
34.09 -5.88543e-05
34.1 -6.38229e-05
34.11 -6.85493e-05
34.12 -7.30174e-05
34.13 -7.72122e-05
34.14 -8.112e-05
34.15 -8.47282e-05
34.16 -8.80254e-05
34.17 -9.10016e-05
34.18 -9.36483e-05
34.19 -9.5958e-05
34.2 -9.79248e-05
34.21 -9.9544e-05
34.22 -0.000100812
34.23 -0.000101728
34.24 -0.00010229
34.25 -0.000102499
34.26 -0.000102358
34.27 -0.000101868
34.28 -0.000101035
34.29 -9.98641e-05
34.3 -9.83609e-05
34.31 -9.65333e-05
34.32 -9.43896e-05
34.33 -9.19391e-05
34.34 -8.91918e-05
34.35 -8.61586e-05
34.36 -8.28511e-05
34.37 -7.92816e-05
34.38 -7.5463e-05
34.39 -7.14087e-05
34.4 -6.71327e-05
34.41 -6.26495e-05
34.42 -5.79739e-05
34.43 -5.31214e-05
34.44 -4.81075e-05
34.45 -4.29484e-05
34.46 -3.76603e-05
34.47 -3.22598e-05
34.48 -2.67639e-05
34.49 -2.11895e-05
34.5 -1.55541e-05
34.51 -9.87516e-06
34.52 -4.17035e-06
34.53 1.5425e-06
34.54 7.24541e-06
34.55 1.29203e-05
34.56 1.85491e-05
34.57 2.41136e-05
34.58 2.95957e-05
34.59 3.49773e-05
34.6 4.02403e-05
34.61 4.5367e-05
34.62 5.03397e-05
34.63 5.51411e-05
34.64 5.97542e-05
34.65 6.41626e-05
34.66 6.83502e-05
34.67 7.23017e-05
34.68 7.60025e-05
34.69 7.94385e-05
34.7 8.25969e-05
34.71 8.54656e-05
34.72 8.80336e-05
34.73 9.0291e-05
34.74 9.22292e-05
34.75 9.38408e-05
34.76 9.51195e-05
34.77 9.60608e-05
34.78 9.66612e-05
34.79 9.69187e-05
34.8 9.68329e-05
34.81 9.64046e-05
34.82 9.56361e-05
34.83 9.45312e-05
34.84 9.30949e-05
34.85 9.13337e-05
34.86 8.92552e-05
34.87 8.68684e-05
34.88 8.41834e-05
34.89 8.12114e-05
34.9 7.79648e-05
34.91 7.44568e-05
34.92 7.07015e-05
34.93 6.67138e-05
34.94 6.25095e-05
34.95 5.81048e-05
34.96 5.35167e-05
34.97 4.87626e-05
34.98 4.38602e-05
34.99 3.88276e-05
35 3.36833e-05
35.01 2.84456e-05
35.02 2.31334e-05
35.03 1.77651e-05
35.04 1.23596e-05
35.05 6.93526e-06
35.06 1.51054e-06
35.07 -3.89637e-06
35.08 -9.26753e-06
35.09 -1.45853e-05
35.1 -1.98324e-05
35.11 -2.4992e-05
35.12 -3.00475e-05
35.13 -3.4983e-05
35.14 -3.9783e-05
35.15 -4.44324e-05
35.16 -4.8917e-05
35.17 -5.32227e-05
35.18 -5.73366e-05
35.19 -6.12459e-05
35.2 -6.49388e-05
35.21 -6.8404e-05
35.22 -7.16312e-05
35.23 -7.46106e-05
35.24 -7.73331e-05
35.25 -7.97906e-05
35.26 -8.19757e-05
35.27 -8.38819e-05
35.28 -8.55035e-05
35.29 -8.68357e-05
35.3 -8.78745e-05
35.31 -8.86169e-05
35.32 -8.90608e-05
35.33 -8.92051e-05
35.34 -8.90495e-05
35.35 -8.85948e-05
35.36 -8.78427e-05
35.37 -8.67958e-05
35.38 -8.54577e-05
35.39 -8.3833e-05
35.4 -8.19271e-05
35.41 -7.97464e-05
35.42 -7.72983e-05
35.43 -7.4591e-05
35.44 -7.16336e-05
35.45 -6.8436e-05
35.46 -6.50089e-05
35.47 -6.1364e-05
35.48 -5.75135e-05
35.49 -5.34705e-05
35.5 -4.92489e-05
35.51 -4.48628e-05
35.52 -4.03274e-05
35.53 -3.56581e-05
35.54 -3.08712e-05
35.55 -2.59831e-05
35.56 -2.10108e-05
35.57 -1.59717e-05
35.58 -1.08834e-05
35.59 -5.76375e-06
35.6 -6.3082e-07
35.61 4.49723e-06
35.62 9.60223e-06
35.63 1.4666e-05
35.64 1.96705e-05
35.65 2.45978e-05
35.66 2.94303e-05
35.67 3.41507e-05
35.68 3.87421e-05
35.69 4.3188e-05
35.7 4.74728e-05
35.71 5.15811e-05
35.72 5.54984e-05
35.73 5.92111e-05
35.74 6.27061e-05
35.75 6.59716e-05
35.76 6.89965e-05
35.77 7.17707e-05
35.78 7.42852e-05
35.79 7.6532e-05
35.8 7.85043e-05
35.81 8.01963e-05
35.82 8.16034e-05
35.83 8.27222e-05
35.84 8.35501e-05
35.85 8.40861e-05
35.86 8.43298e-05
35.87 8.42823e-05
35.88 8.39455e-05
35.89 8.33225e-05
35.9 8.24172e-05
35.91 8.12345e-05
35.92 7.97803e-05
35.93 7.80612e-05
35.94 7.60849e-05
35.95 7.38594e-05
35.96 7.1394e-05
35.97 6.86981e-05
35.98 6.57822e-05
35.99 6.2657e-05
36 5.93339e-05
36.01 5.5825e-05
36.02 5.21424e-05
36.03 4.8299e-05
36.04 4.43078e-05
36.05 4.01823e-05
36.06 3.59362e-05
36.07 3.15836e-05
36.08 2.71386e-05
36.09 2.26157e-05
36.1 1.80294e-05
36.11 1.33946e-05
36.12 8.72599e-06
36.13 4.03856e-06
36.14 -6.52701e-07
36.15 -5.3328e-06
36.16 -9.98672e-06
36.17 -1.45995e-05
36.18 -1.91562e-05
36.19 -2.36422e-05
36.2 -2.80426e-05
36.21 -3.23431e-05
36.22 -3.65295e-05
36.23 -4.05878e-05
36.24 -4.45043e-05
36.25 -4.82658e-05
36.26 -5.18594e-05
36.27 -5.52728e-05
36.28 -5.84942e-05
36.29 -6.15122e-05
36.3 -6.43163e-05
36.31 -6.68966e-05
36.32 -6.92438e-05
36.33 -7.13495e-05
36.34 -7.32062e-05
36.35 -7.48073e-05
36.36 -7.6147e-05
36.37 -7.72205e-05
36.38 -7.8024e-05
36.39 -7.85546e-05
36.4 -7.88107e-05
36.41 -7.87915e-05
36.42 -7.84974e-05
36.43 -7.79296e-05
36.44 -7.70907e-05
36.45 -7.5984e-05
36.46 -7.46141e-05
36.47 -7.29864e-05
36.48 -7.11072e-05
36.49 -6.8984e-05
36.5 -6.66249e-05
36.51 -6.40392e-05
36.52 -6.12366e-05
36.53 -5.82279e-05
36.54 -5.50245e-05
36.55 -5.16384e-05
36.56 -4.80824e-05
36.57 -4.43695e-05
36.58 -4.05136e-05
36.59 -3.65288e-05
36.6 -3.24296e-05
36.61 -2.8231e-05
36.62 -2.3948e-05
36.63 -1.95959e-05
36.64 -1.51903e-05
36.65 -1.07466e-05
36.66 -6.28052e-06
36.67 -1.80758e-06
36.68 2.65675e-06
36.69 7.09712e-06
36.7 1.14984e-05
36.71 1.58456e-05
36.72 2.01241e-05
36.73 2.43197e-05
36.74 2.84185e-05
36.75 3.24068e-05
36.76 3.62718e-05
36.77 4.00009e-05
36.78 4.35821e-05
36.79 4.70039e-05
36.8 5.02556e-05
36.81 5.33271e-05
36.82 5.62086e-05
36.83 5.88915e-05
36.84 6.13676e-05
36.85 6.36294e-05
36.86 6.56703e-05
36.87 6.74843e-05
36.88 6.90662e-05
36.89 7.04116e-05
36.9 7.15169e-05
36.91 7.23792e-05
36.92 7.29964e-05
36.93 7.33673e-05
36.94 7.34912e-05
36.95 7.33685e-05
36.96 7.30002e-05
36.97 7.23881e-05
36.98 7.15347e-05
36.99 7.04434e-05
37 6.91182e-05
37.01 6.75639e-05
37.02 6.57859e-05
37.03 6.37905e-05
37.04 6.15844e-05
37.05 5.91754e-05
37.06 5.65714e-05
37.07 5.37813e-05
37.08 5.08144e-05
37.09 4.76808e-05
37.1 4.4391e-05
37.11 4.0956e-05
37.12 3.73874e-05
37.13 3.36971e-05
37.14 2.98976e-05
37.15 2.60018e-05
37.16 2.20229e-05
37.17 1.79744e-05
37.18 1.38701e-05
37.19 9.72406e-06
37.2 5.55063e-06
37.21 1.36416e-06
37.22 -2.82083e-06
37.23 -6.98977e-06
37.24 -1.11281e-05
37.25 -1.52214e-05
37.26 -1.92552e-05
37.27 -2.32153e-05
37.28 -2.70878e-05
37.29 -3.0859e-05
37.3 -3.45155e-05
37.31 -3.80446e-05
37.32 -4.14336e-05
37.33 -4.46708e-05
37.34 -4.77447e-05
37.35 -5.06446e-05
37.36 -5.33606e-05
37.37 -5.58832e-05
37.38 -5.82041e-05
37.39 -6.03153e-05
37.4 -6.22099e-05
37.41 -6.38819e-05
37.42 -6.53262e-05
37.43 -6.65383e-05
37.44 -6.75148e-05
37.45 -6.82533e-05
37.46 -6.87522e-05
37.47 -6.90108e-05
37.48 -6.90293e-05
37.49 -6.88087e-05
37.5 -6.8351e-05
37.51 -6.76589e-05
37.52 -6.67362e-05
37.53 -6.55871e-05
37.54 -6.42168e-05
37.55 -6.26311e-05
37.56 -6.08366e-05
37.57 -5.88406e-05
37.58 -5.66508e-05
37.59 -5.42756e-05
37.6 -5.1724e-05
37.61 -4.90054e-05
37.62 -4.61298e-05
37.63 -4.31074e-05
37.64 -3.99491e-05
37.65 -3.66658e-05
37.66 -3.3269e-05
37.67 -2.97704e-05
37.68 -2.61819e-05
37.69 -2.25156e-05
37.7 -1.87839e-05
37.71 -1.49991e-05
37.72 -1.11738e-05
37.73 -7.32066e-06
37.74 -3.45238e-06
37.75 4.18376e-07
37.76 4.27895e-06
37.77 8.11673e-06
37.78 1.19192e-05
37.79 1.56739e-05
37.8 1.93686e-05
37.81 2.29913e-05
37.82 2.65301e-05
37.83 2.99734e-05
37.84 3.33099e-05
37.85 3.65285e-05
37.86 3.96188e-05
37.87 4.25703e-05
37.88 4.53735e-05
37.89 4.80188e-05
37.9 5.04975e-05
37.91 5.28012e-05
37.92 5.49222e-05
37.93 5.68534e-05
37.94 5.85883e-05
37.95 6.01209e-05
37.96 6.14462e-05
37.97 6.25597e-05
37.98 6.34576e-05
37.99 6.41369e-05
38 6.45955e-05
38.01 6.48319e-05
38.02 6.48454e-05
38.03 6.46361e-05
38.04 6.42051e-05
38.05 6.35541e-05
38.06 6.26854e-05
38.07 6.16026e-05
38.08 6.03096e-05
38.09 5.88112e-05
38.1 5.7113e-05
38.11 5.52214e-05
38.12 5.31431e-05
38.13 5.0886e-05
38.14 4.84583e-05
38.15 4.58688e-05
38.16 4.3127e-05
38.17 4.02428e-05
38.18 3.72267e-05
38.19 3.40897e-05
38.2 3.0843e-05
38.21 2.74983e-05
38.22 2.40676e-05
38.23 2.05633e-05
38.24 1.69977e-05
38.25 1.33836e-05
38.26 9.73379e-06
38.27 6.06112e-06
38.28 2.3785e-06
38.29 -1.30116e-06
38.3 -4.96504e-06
38.31 -8.60043e-06
38.32 -1.21948e-05
38.33 -1.57358e-05
38.34 -1.92113e-05
38.35 -2.26095e-05
38.36 -2.59191e-05
38.37 -2.91288e-05
38.38 -3.22281e-05
38.39 -3.52066e-05
38.4 -3.80548e-05
38.41 -4.07633e-05
38.42 -4.33235e-05
38.43 -4.57272e-05
38.44 -4.79669e-05
38.45 -5.00356e-05
38.46 -5.19271e-05
38.47 -5.36357e-05
38.48 -5.51564e-05
38.49 -5.64848e-05
38.5 -5.76172e-05
38.51 -5.85505e-05
38.52 -5.92824e-05
38.53 -5.98113e-05
38.54 -6.0136e-05
38.55 -6.02563e-05
38.56 -6.01724e-05
38.57 -5.98853e-05
38.58 -5.93966e-05
38.59 -5.87085e-05
38.6 -5.78239e-05
38.61 -5.67462e-05
38.62 -5.54796e-05
38.63 -5.40286e-05
38.64 -5.23985e-05
38.65 -5.05951e-05
38.66 -4.86246e-05
38.67 -4.6494e-05
38.68 -4.42104e-05
38.69 -4.17818e-05
38.7 -3.92163e-05
38.71 -3.65227e-05
38.72 -3.371e-05
38.73 -3.07879e-05
38.74 -2.7766e-05
38.75 -2.46546e-05
38.76 -2.14642e-05
38.77 -1.82056e-05
38.78 -1.48897e-05
38.79 -1.15279e-05
38.8 -8.13144e-06
38.81 -4.71198e-06
38.82 -1.28116e-06
38.83 2.1493e-06
38.84 5.56765e-06
38.85 8.96212e-06
38.86 1.2321e-05
38.87 1.56328e-05
38.88 1.88859e-05
38.89 2.20692e-05
38.9 2.51715e-05
38.91 2.8182e-05
38.92 3.10904e-05
38.93 3.38866e-05
38.94 3.65607e-05
38.95 3.91036e-05
38.96 4.15065e-05
38.97 4.37611e-05
38.98 4.58596e-05
38.99 4.77951e-05
39 4.95609e-05
39.01 5.11512e-05
39.02 5.25607e-05
39.03 5.3785e-05
39.04 5.48201e-05
39.05 5.56631e-05
39.06 5.63114e-05
39.07 5.67635e-05
39.08 5.70183e-05
39.09 5.70756e-05
39.1 5.6936e-05
39.11 5.66006e-05
39.12 5.60714e-05
39.13 5.5351e-05
39.14 5.44426e-05
39.15 5.33501e-05
39.16 5.20781e-05
39.17 5.06318e-05
39.18 4.90168e-05
39.19 4.72394e-05
39.2 4.53064e-05
39.21 4.32251e-05
39.22 4.10033e-05
39.23 3.8649e-05
39.24 3.61709e-05
39.25 3.35779e-05
39.26 3.08792e-05
39.27 2.80844e-05
39.28 2.52032e-05
39.29 2.22458e-05
39.3 1.92223e-05
39.31 1.61432e-05
39.32 1.30188e-05
39.33 9.85995e-06
39.34 6.67716e-06
39.35 3.48116e-06
39.36 2.82658e-07
39.37 -2.9077e-06
39.38 -6.07931e-06
39.39 -9.22169e-06
39.4 -1.23245e-05
39.41 -1.53774e-05
39.42 -1.83705e-05
39.43 -2.1294e-05
39.44 -2.41382e-05
39.45 -2.68939e-05
39.46 -2.9552e-05
39.47 -3.2104e-05
39.48 -3.45414e-05
39.49 -3.68564e-05
39.5 -3.90414e-05
39.51 -4.10893e-05
39.52 -4.29933e-05
39.53 -4.47475e-05
39.54 -4.63459e-05
39.55 -4.77836e-05
39.56 -4.90557e-05
39.57 -5.01582e-05
39.58 -5.10876e-05
39.59 -5.1841e-05
39.6 -5.24159e-05
39.61 -5.28105e-05
39.62 -5.30238e-05
39.63 -5.30553e-05
39.64 -5.29049e-05
39.65 -5.25734e-05
39.66 -5.20621e-05
39.67 -5.1373e-05
39.68 -5.05087e-05
39.69 -4.94723e-05
39.7 -4.82675e-05
39.71 -4.68988e-05
39.72 -4.53712e-05
39.73 -4.36899e-05
39.74 -4.18612e-05
39.75 -3.98916e-05
39.76 -3.7788e-05
39.77 -3.5558e-05
39.78 -3.32096e-05
39.79 -3.07511e-05
39.8 -2.81913e-05
39.81 -2.55393e-05
39.82 -2.28045e-05
39.83 -1.99966e-05
39.84 -1.71255e-05
39.85 -1.42015e-05
39.86 -1.12348e-05
39.87 -8.23595e-06
39.88 -5.21549e-06
39.89 -2.18401e-06
39.9 8.47836e-07
39.91 3.86947e-06
39.92 6.87036e-06
39.93 9.84009e-06
39.94 1.27684e-05
39.95 1.56452e-05
39.96 1.84606e-05
39.97 2.1205e-05
39.98 2.3869e-05
39.99 2.64438e-05
40 2.89207e-05
40.01 3.12915e-05
40.02 3.35482e-05
40.03 3.56836e-05
40.04 3.76907e-05
40.05 3.95632e-05
40.06 4.1295e-05
40.07 4.28808e-05
40.08 4.43156e-05
40.09 4.55953e-05
40.1 4.6716e-05
40.11 4.76745e-05
40.12 4.84681e-05
40.13 4.90949e-05
40.14 4.95534e-05
40.15 4.98425e-05
40.16 4.9962e-05
40.17 4.99121e-05
40.18 4.96936e-05
40.19 4.93077e-05
40.2 4.87564e-05
40.21 4.8042e-05
40.22 4.71675e-05
40.23 4.61362e-05
40.24 4.49522e-05
40.25 4.36196e-05
40.26 4.21436e-05
40.27 4.05292e-05
40.28 3.87823e-05
40.29 3.69089e-05
40.3 3.49157e-05
40.31 3.28094e-05
40.32 3.05974e-05
40.33 2.82872e-05
40.34 2.58867e-05
40.35 2.3404e-05
40.36 2.08477e-05
40.37 1.82263e-05
40.38 1.55487e-05
40.39 1.28239e-05
40.4 1.00613e-05
40.41 7.27006e-06
40.42 4.4597e-06
40.43 1.63971e-06
40.44 -1.18035e-06
40.45 -3.99092e-06
40.46 -6.78246e-06
40.47 -9.54548e-06
40.48 -1.22706e-05
40.49 -1.49484e-05
40.5 -1.757e-05
40.51 -2.01262e-05
40.52 -2.26084e-05
40.53 -2.50081e-05
40.54 -2.73171e-05
40.55 -2.95275e-05
40.56 -3.16317e-05
40.57 -3.36226e-05
40.58 -3.54934e-05
40.59 -3.72378e-05
40.6 -3.88498e-05
40.61 -4.0324e-05
40.62 -4.16556e-05
40.63 -4.28402e-05
40.64 -4.38738e-05
40.65 -4.47532e-05
40.66 -4.54755e-05
40.67 -4.60388e-05
40.68 -4.64412e-05
40.69 -4.66818e-05
40.7 -4.67603e-05
40.71 -4.66766e-05
40.72 -4.64317e-05
40.73 -4.60267e-05
40.74 -4.54636e-05
40.75 -4.47448e-05
40.76 -4.38733e-05
40.77 -4.28526e-05
40.78 -4.16868e-05
40.79 -4.03803e-05
40.8 -3.89382e-05
40.81 -3.73659e-05
40.82 -3.56693e-05
40.83 -3.38547e-05
40.84 -3.19288e-05
40.85 -2.98985e-05
40.86 -2.77713e-05
40.87 -2.55548e-05
40.88 -2.32568e-05
40.89 -2.08856e-05
40.9 -1.84495e-05
40.91 -1.5957e-05
40.92 -1.34168e-05
40.93 -1.08377e-05
40.94 -8.22862e-06
40.95 -5.59849e-06
40.96 -2.95628e-06
40.97 -3.10959e-07
40.98 2.32851e-06
40.99 4.95326e-06
41 7.55448e-06
41.01 1.01235e-05
41.02 1.26517e-05
41.03 1.51308e-05
41.04 1.75526e-05
41.05 1.99091e-05
41.06 2.21925e-05
41.07 2.43955e-05
41.08 2.65107e-05
41.09 2.85315e-05
41.1 3.04511e-05
41.11 3.22635e-05
41.12 3.39627e-05
41.13 3.55433e-05
41.14 3.70003e-05
41.15 3.83291e-05
41.16 3.95254e-05
41.17 4.05854e-05
41.18 4.15059e-05
41.19 4.2284e-05
41.2 4.29174e-05
41.21 4.34041e-05
41.22 4.37428e-05
41.23 4.39325e-05
41.24 4.39728e-05
41.25 4.38639e-05
41.26 4.36063e-05
41.27 4.32011e-05
41.28 4.26499e-05
41.29 4.19548e-05
41.3 4.11183e-05
41.31 4.01435e-05
41.32 3.90339e-05
41.33 3.77935e-05
41.34 3.64267e-05
41.35 3.49383e-05
41.36 3.33337e-05
41.37 3.16185e-05
41.38 2.97988e-05
41.39 2.78809e-05
41.4 2.58717e-05
41.41 2.37782e-05
41.42 2.16077e-05
41.43 1.9368e-05
41.44 1.70667e-05
41.45 1.47122e-05
41.46 1.23124e-05
41.47 9.87601e-06
41.48 7.4114e-06
41.49 4.92722e-06
41.5 2.43214e-06
41.51 -6.51404e-08
41.52 -2.55593e-06
41.53 -5.03157e-06
41.54 -7.4835e-06
41.55 -9.90322e-06
41.56 -1.22824e-05
41.57 -1.46129e-05
41.58 -1.68866e-05
41.59 -1.90959e-05
41.6 -2.12333e-05
41.61 -2.32915e-05
41.62 -2.52636e-05
41.63 -2.7143e-05
41.64 -2.89235e-05
41.65 -3.05992e-05
41.66 -3.21648e-05
41.67 -3.3615e-05
41.68 -3.49454e-05
41.69 -3.61517e-05
41.7 -3.72301e-05
41.71 -3.81775e-05
41.72 -3.89911e-05
41.73 -3.96684e-05
41.74 -4.02077e-05
41.75 -4.06075e-05
41.76 -4.08671e-05
41.77 -4.09861e-05
41.78 -4.09644e-05
41.79 -4.08028e-05
41.8 -4.05022e-05
41.81 -4.0064e-05
41.82 -3.94904e-05
41.83 -3.87835e-05
41.84 -3.79464e-05
41.85 -3.69821e-05
41.86 -3.58944e-05
41.87 -3.46873e-05
41.88 -3.33652e-05
41.89 -3.19328e-05
41.9 -3.03954e-05
41.91 -2.87583e-05
41.92 -2.70273e-05
41.93 -2.52085e-05
41.94 -2.33081e-05
41.95 -2.13327e-05
41.96 -1.92892e-05
41.97 -1.71845e-05
41.98 -1.50258e-05
41.99 -1.28204e-05
42 -1.05759e-05
42.01 -8.29986e-06
42.02 -5.99998e-06
42.03 -3.68405e-06
42.04 -1.3599e-06
42.05 9.6463e-07
42.06 3.28168e-06
42.07 5.58345e-06
42.08 7.86215e-06
42.09 1.01101e-05
42.1 1.23197e-05
42.11 1.44836e-05
42.12 1.65943e-05
42.13 1.86448e-05
42.14 2.06282e-05
42.15 2.25377e-05
42.16 2.4367e-05
42.17 2.61098e-05
42.18 2.77603e-05
42.19 2.9313e-05
42.2 3.07625e-05
42.21 3.21042e-05
42.22 3.33335e-05
42.23 3.44464e-05
42.24 3.54391e-05
42.25 3.63084e-05
42.26 3.70517e-05
42.27 3.76664e-05
42.28 3.81507e-05
42.29 3.85032e-05
42.3 3.87229e-05
42.31 3.88094e-05
42.32 3.87625e-05
42.33 3.85828e-05
42.34 3.82712e-05
42.35 3.78291e-05
42.36 3.72583e-05
42.37 3.65612e-05
42.38 3.57405e-05
42.39 3.47994e-05
42.4 3.37414e-05
42.41 3.25706e-05
42.42 3.12913e-05
42.43 2.99082e-05
42.44 2.84266e-05
42.45 2.68517e-05
42.46 2.51893e-05
42.47 2.34454e-05
42.48 2.16263e-05
42.49 1.97385e-05
42.5 1.77886e-05
42.51 1.57837e-05
42.52 1.37306e-05
42.53 1.16368e-05
42.54 9.50935e-06
42.55 7.35578e-06
42.56 5.1835e-06
42.57 2.99999e-06
42.58 8.1275e-07
42.59 -1.37077e-06
42.6 -3.54313e-06
42.61 -5.69699e-06
42.62 -7.82508e-06
42.63 -9.92025e-06
42.64 -1.19755e-05
42.65 -1.3984e-05
42.66 -1.59391e-05
42.67 -1.78343e-05
42.68 -1.96633e-05
42.69 -2.14203e-05
42.7 -2.30994e-05
42.71 -2.46953e-05
42.72 -2.62027e-05
42.73 -2.76168e-05
42.74 -2.89331e-05
42.75 -3.01474e-05
42.76 -3.12559e-05
42.77 -3.22551e-05
42.78 -3.31418e-05
42.79 -3.39135e-05
42.8 -3.45677e-05
42.81 -3.51024e-05
42.82 -3.55162e-05
42.83 -3.5808e-05
42.84 -3.59769e-05
42.85 -3.60226e-05
42.86 -3.59453e-05
42.87 -3.57455e-05
42.88 -3.5424e-05
42.89 -3.49821e-05
42.9 -3.44216e-05
42.91 -3.37446e-05
42.92 -3.29536e-05
42.93 -3.20514e-05
42.94 -3.10413e-05
42.95 -2.99269e-05
42.96 -2.87121e-05
42.97 -2.74013e-05
42.98 -2.59991e-05
42.99 -2.45104e-05
43 -2.29404e-05
43.01 -2.12947e-05
43.02 -1.95789e-05
43.03 -1.77991e-05
43.04 -1.59614e-05
43.05 -1.40723e-05
43.06 -1.21384e-05
43.07 -1.01663e-05
43.08 -8.16296e-06
43.09 -6.1353e-06
43.1 -4.09037e-06
43.11 -2.03525e-06
43.12 2.29355e-08
43.13 2.07706e-06
43.14 4.12003e-06
43.15 6.1448e-06
43.16 8.14438e-06
43.17 1.01119e-05
43.18 1.20406e-05
43.19 1.39239e-05
43.2 1.57554e-05
43.21 1.75287e-05
43.22 1.9238e-05
43.23 2.08775e-05
43.24 2.24415e-05
43.25 2.3925e-05
43.26 2.5323e-05
43.27 2.66309e-05
43.28 2.78443e-05
43.29 2.89595e-05
43.3 2.99727e-05
43.31 3.08808e-05
43.32 3.1681e-05
43.33 3.23709e-05
43.34 3.29484e-05
43.35 3.34119e-05
43.36 3.37602e-05
43.37 3.39924e-05
43.38 3.41081e-05
43.39 3.41073e-05
43.4 3.39903e-05
43.41 3.3758e-05
43.42 3.34116e-05
43.43 3.29525e-05
43.44 3.23827e-05
43.45 3.17045e-05
43.46 3.09206e-05
43.47 3.00339e-05
43.48 2.90478e-05
43.49 2.7966e-05
43.5 2.67923e-05
43.51 2.55311e-05
43.52 2.41869e-05
43.53 2.27644e-05
43.54 2.12687e-05
43.55 1.97049e-05
43.56 1.80787e-05
43.57 1.63956e-05
43.58 1.46615e-05
43.59 1.28822e-05
43.6 1.1064e-05
43.61 9.21297e-06
43.62 7.33551e-06
43.63 5.43798e-06
43.64 3.52681e-06
43.65 1.60846e-06
43.66 -3.10567e-07
43.67 -2.22381e-06
43.68 -4.12482e-06
43.69 -6.00721e-06
43.7 -7.86464e-06
43.71 -9.69087e-06
43.72 -1.14798e-05
43.73 -1.32254e-05
43.74 -1.49218e-05
43.75 -1.65634e-05
43.76 -1.81447e-05
43.77 -1.96603e-05
43.78 -2.11053e-05
43.79 -2.24748e-05
43.8 -2.37643e-05
43.81 -2.49695e-05
43.82 -2.60863e-05
43.83 -2.71112e-05
43.84 -2.80407e-05
43.85 -2.88719e-05
43.86 -2.9602e-05
43.87 -3.02286e-05
43.88 -3.07499e-05
43.89 -3.11642e-05
43.9 -3.14703e-05
43.91 -3.16672e-05
43.92 -3.17546e-05
43.93 -3.17323e-05
43.94 -3.16007e-05
43.95 -3.13604e-05
43.96 -3.10124e-05
43.97 -3.05582e-05
43.98 -2.99995e-05
43.99 -2.93386e-05
44 -2.8578e-05
44.01 -2.77204e-05
44.02 -2.67692e-05
44.03 -2.57278e-05
44.04 -2.46e-05
44.05 -2.339e-05
44.06 -2.21021e-05
44.07 -2.07411e-05
44.08 -1.93116e-05
44.09 -1.7819e-05
44.1 -1.62686e-05
44.11 -1.46657e-05
44.12 -1.30162e-05
44.13 -1.13257e-05
44.14 -9.60036e-06
44.15 -7.84607e-06
44.16 -6.06899e-06
44.17 -4.27529e-06
44.18 -2.47118e-06
44.19 -6.62888e-07
44.2 1.14338e-06
44.21 2.94144e-06
44.22 4.72515e-06
44.23 6.48846e-06
44.24 8.22539e-06
44.25 9.9301e-06
44.26 1.15969e-05
44.27 1.32201e-05
44.28 1.47944e-05
44.29 1.63146e-05
44.3 1.77756e-05
44.31 1.91726e-05
44.32 2.05012e-05
44.33 2.17569e-05
44.34 2.29357e-05
44.35 2.40338e-05
44.36 2.50478e-05
44.37 2.59745e-05
44.38 2.68108e-05
44.39 2.75544e-05
44.4 2.82027e-05
44.41 2.87541e-05
44.42 2.92067e-05
44.43 2.95594e-05
44.44 2.98112e-05
44.45 2.99614e-05
44.46 3.00099e-05
44.47 2.99567e-05
44.48 2.98023e-05
44.49 2.95472e-05
44.5 2.91928e-05
44.51 2.87403e-05
44.52 2.81915e-05
44.53 2.75485e-05
44.54 2.68136e-05
44.55 2.59895e-05
44.56 2.50792e-05
44.57 2.40859e-05
44.58 2.30132e-05
44.59 2.18648e-05
44.6 2.06447e-05
44.61 1.93574e-05
44.62 1.80072e-05
44.63 1.65988e-05
44.64 1.51372e-05
44.65 1.36274e-05
44.66 1.20747e-05
44.67 1.04845e-05
44.68 8.8622e-06
44.69 7.21346e-06
44.7 5.54396e-06
44.71 3.85947e-06
44.72 2.16579e-06
44.73 4.68754e-07
44.74 -1.22581e-06
44.75 -2.91206e-06
44.76 -4.58423e-06
44.77 -6.23657e-06
44.78 -7.86343e-06
44.79 -9.45925e-06
44.8 -1.10186e-05
44.81 -1.25361e-05
44.82 -1.40067e-05
44.83 -1.54254e-05
44.84 -1.67873e-05
44.85 -1.80879e-05
44.86 -1.93229e-05
44.87 -2.04881e-05
44.88 -2.15797e-05
44.89 -2.2594e-05
44.9 -2.35277e-05
44.91 -2.43779e-05
44.92 -2.51418e-05
44.93 -2.5817e-05
44.94 -2.64014e-05
44.95 -2.68932e-05
44.96 -2.72911e-05
44.97 -2.75938e-05
44.98 -2.78006e-05
44.99 -2.79111e-05
45 -2.79252e-05
45.01 -2.78431e-05
45.02 -2.76654e-05
45.03 -2.7393e-05
45.04 -2.7027e-05
45.05 -2.65691e-05
45.06 -2.60212e-05
45.07 -2.53852e-05
45.08 -2.46637e-05
45.09 -2.38594e-05
45.1 -2.29753e-05
45.11 -2.20146e-05
45.12 -2.09808e-05
45.13 -1.98778e-05
45.14 -1.87093e-05
45.15 -1.74797e-05
45.16 -1.61932e-05
45.17 -1.48543e-05
45.18 -1.34678e-05
45.19 -1.20384e-05
45.2 -1.05712e-05
45.21 -9.07123e-06
45.22 -7.54359e-06
45.23 -5.99356e-06
45.24 -4.42644e-06
45.25 -2.84756e-06
45.26 -1.2623e-06
45.27 3.23967e-07
45.28 1.90587e-06
45.29 3.47808e-06
45.3 5.0353e-06
45.31 6.57228e-06
45.32 8.08387e-06
45.33 9.56502e-06
45.34 1.10108e-05
45.35 1.24163e-05
45.36 1.37769e-05
45.37 1.5088e-05
45.38 1.63454e-05
45.39 1.75448e-05
45.4 1.86823e-05
45.41 1.9754e-05
45.42 2.07566e-05
45.43 2.16868e-05
45.44 2.25413e-05
45.45 2.33176e-05
45.46 2.40131e-05
45.47 2.46256e-05
45.48 2.5153e-05
45.49 2.55939e-05
45.5 2.59468e-05
45.51 2.62106e-05
45.52 2.63847e-05
45.53 2.64686e-05
45.54 2.64622e-05
45.55 2.63657e-05
45.56 2.61796e-05
45.57 2.59047e-05
45.58 2.55421e-05
45.59 2.50933e-05
45.6 2.45599e-05
45.61 2.39441e-05
45.62 2.32479e-05
45.63 2.24742e-05
45.64 2.16256e-05
45.65 2.07052e-05
45.66 1.97165e-05
45.67 1.86629e-05
45.68 1.75482e-05
45.69 1.63764e-05
45.7 1.51517e-05
45.71 1.38785e-05
45.72 1.25612e-05
45.73 1.12044e-05
45.74 9.81309e-06
45.75 8.39196e-06
45.76 6.94605e-06
45.77 5.48039e-06
45.78 4.00008e-06
45.79 2.51024e-06
45.8 1.01604e-06
45.81 -4.77382e-07
45.82 -1.9649e-06
45.83 -3.44141e-06
45.84 -4.90187e-06
45.85 -6.34133e-06
45.86 -7.7549e-06
45.87 -9.13781e-06
45.88 -1.04854e-05
45.89 -1.17932e-05
45.9 -1.30568e-05
45.91 -1.4272e-05
45.92 -1.54348e-05
45.93 -1.65414e-05
45.94 -1.75881e-05
45.95 -1.85716e-05
45.96 -1.94887e-05
45.97 -2.03365e-05
45.98 -2.11122e-05
45.99 -2.18134e-05
46 -2.2438e-05
46.01 -2.2984e-05
46.02 -2.34498e-05
46.03 -2.38341e-05
46.04 -2.41357e-05
46.05 -2.43538e-05
46.06 -2.4488e-05
46.07 -2.45379e-05
46.08 -2.45037e-05
46.09 -2.43857e-05
46.1 -2.41844e-05
46.11 -2.39008e-05
46.12 -2.35361e-05
46.13 -2.30915e-05
46.14 -2.25689e-05
46.15 -2.19703e-05
46.16 -2.12977e-05
46.17 -2.05536e-05
46.18 -1.97408e-05
46.19 -1.88621e-05
46.2 -1.79206e-05
46.21 -1.69196e-05
46.22 -1.58628e-05
46.23 -1.47537e-05
46.24 -1.35963e-05
46.25 -1.23946e-05
46.26 -1.11527e-05
46.27 -9.87492e-06
46.28 -8.56574e-06
46.29 -7.22964e-06
46.3 -5.87124e-06
46.31 -4.49519e-06
46.32 -3.10625e-06
46.33 -1.70916e-06
46.34 -3.08727e-07
46.35 1.09025e-06
46.36 2.483e-06
46.37 3.86475e-06
46.38 5.23078e-06
46.39 6.57644e-06
46.4 7.89715e-06
46.41 9.18842e-06
46.42 1.04459e-05
46.43 1.16652e-05
46.44 1.28424e-05
46.45 1.39734e-05
46.46 1.50545e-05
46.47 1.60819e-05
46.48 1.70524e-05
46.49 1.79626e-05
46.5 1.88095e-05
46.51 1.95905e-05
46.52 2.03029e-05
46.53 2.09445e-05
46.54 2.15131e-05
46.55 2.20071e-05
46.56 2.24249e-05
46.57 2.27652e-05
46.58 2.30271e-05
46.59 2.32099e-05
46.6 2.33131e-05
46.61 2.33366e-05
46.62 2.32806e-05
46.63 2.31454e-05
46.64 2.29317e-05
46.65 2.26406e-05
46.66 2.22731e-05
46.67 2.18308e-05
46.68 2.13154e-05
46.69 2.07288e-05
46.7 2.00734e-05
46.71 1.93515e-05
46.72 1.85657e-05
46.73 1.7719e-05
46.74 1.68145e-05
46.75 1.58553e-05
46.76 1.48449e-05
46.77 1.3787e-05
46.78 1.26851e-05
46.79 1.15433e-05
46.8 1.03655e-05
46.81 9.15581e-06
46.82 7.91844e-06
46.83 6.65768e-06
46.84 5.37787e-06
46.85 4.08342e-06
46.86 2.77874e-06
46.87 1.46831e-06
46.88 1.56583e-07
46.89 -1.15199e-06
46.9 -2.45298e-06
46.91 -3.74198e-06
46.92 -5.01466e-06
46.93 -6.26675e-06
46.94 -7.49403e-06
46.95 -8.69241e-06
46.96 -9.8579e-06
46.97 -1.09866e-05
46.98 -1.20748e-05
46.99 -1.31188e-05
47 -1.41153e-05
47.01 -1.5061e-05
47.02 -1.59526e-05
47.03 -1.67874e-05
47.04 -1.75626e-05
47.05 -1.82757e-05
47.06 -1.89244e-05
47.07 -1.95067e-05
47.08 -2.00206e-05
47.09 -2.04645e-05
47.1 -2.08372e-05
47.11 -2.11374e-05
47.12 -2.13643e-05
47.13 -2.15172e-05
47.14 -2.15958e-05
47.15 -2.16e-05
47.16 -2.15298e-05
47.17 -2.13857e-05
47.18 -2.11683e-05
47.19 -2.08785e-05
47.2 -2.05174e-05
47.21 -2.00864e-05
47.22 -1.95872e-05
47.23 -1.90215e-05
47.24 -1.83914e-05
47.25 -1.76993e-05
47.26 -1.69477e-05
47.27 -1.61391e-05
47.28 -1.52767e-05
47.29 -1.43633e-05
47.3 -1.34024e-05
47.31 -1.23972e-05
47.32 -1.13513e-05
47.33 -1.02685e-05
47.34 -9.15244e-06
47.35 -8.00716e-06
47.36 -6.83663e-06
47.37 -5.64494e-06
47.38 -4.43623e-06
47.39 -3.21471e-06
47.4 -1.98461e-06
47.41 -7.50179e-07
47.42 4.84323e-07
47.43 1.71465e-06
47.44 2.93658e-06
47.45 4.14593e-06
47.46 5.33859e-06
47.47 6.51049e-06
47.48 7.65766e-06
47.49 8.77623e-06
47.5 9.86243e-06
47.51 1.09126e-05
47.52 1.19233e-05
47.53 1.28911e-05
47.54 1.38129e-05
47.55 1.46856e-05
47.56 1.55063e-05
47.57 1.62723e-05
47.58 1.69814e-05
47.59 1.7631e-05
47.6 1.82193e-05
47.61 1.87443e-05
47.62 1.92044e-05
47.63 1.95983e-05
47.64 1.99248e-05
47.65 2.0183e-05
47.66 2.03721e-05
47.67 2.04917e-05
47.68 2.05416e-05
47.69 2.05219e-05
47.7 2.04327e-05
47.71 2.02746e-05
47.72 2.00482e-05
47.73 1.97545e-05
47.74 1.93947e-05
47.75 1.89702e-05
47.76 1.84826e-05
47.77 1.79336e-05
47.78 1.73254e-05
47.79 1.666e-05
47.8 1.59399e-05
47.81 1.51677e-05
47.82 1.43461e-05
47.83 1.3478e-05
47.84 1.25664e-05
47.85 1.16146e-05
47.86 1.06259e-05
47.87 9.60363e-06
47.88 8.55143e-06
47.89 7.47291e-06
47.9 6.3718e-06
47.91 5.25188e-06
47.92 4.11701e-06
47.93 2.97108e-06
47.94 1.81802e-06
47.95 6.61767e-07
47.96 -4.93727e-07
47.97 -1.64452e-06
47.98 -2.78669e-06
47.99 -3.91636e-06
48 -5.02969e-06
48.01 -6.1229e-06
48.02 -7.19229e-06
48.03 -8.23425e-06
48.04 -9.24527e-06
48.05 -1.02219e-05
48.06 -1.1161e-05
48.07 -1.20592e-05
48.08 -1.29137e-05
48.09 -1.37216e-05
48.1 -1.44802e-05
48.11 -1.51869e-05
48.12 -1.58396e-05
48.13 -1.6436e-05
48.14 -1.69742e-05
48.15 -1.74526e-05
48.16 -1.78695e-05
48.17 -1.82237e-05
48.18 -1.85142e-05
48.19 -1.874e-05
48.2 -1.89006e-05
48.21 -1.89955e-05
48.22 -1.90247e-05
48.23 -1.8988e-05
48.24 -1.88859e-05
48.25 -1.87188e-05
48.26 -1.84876e-05
48.27 -1.8193e-05
48.28 -1.78364e-05
48.29 -1.74191e-05
48.3 -1.69427e-05
48.31 -1.6409e-05
48.32 -1.58199e-05
48.33 -1.51777e-05
48.34 -1.44847e-05
48.35 -1.37433e-05
48.36 -1.29563e-05
48.37 -1.21265e-05
48.38 -1.12569e-05
48.39 -1.03504e-05
48.4 -9.41038e-06
48.41 -8.44007e-06
48.42 -7.44288e-06
48.43 -6.42228e-06
48.44 -5.38182e-06
48.45 -4.32511e-06
48.46 -3.25578e-06
48.47 -2.17753e-06
48.48 -1.09404e-06
48.49 -9.0304e-09
48.5 1.07381e-06
48.51 2.1508e-06
48.52 3.21829e-06
48.53 4.27267e-06
48.54 5.31039e-06
48.55 6.32796e-06
48.56 7.32196e-06
48.57 8.28909e-06
48.58 9.22612e-06
48.59 1.01299e-05
48.6 1.09975e-05
48.61 1.18261e-05
48.62 1.26128e-05
48.63 1.33552e-05
48.64 1.40508e-05
48.65 1.46974e-05
48.66 1.52928e-05
48.67 1.58352e-05
48.68 1.63228e-05
48.69 1.67541e-05
48.7 1.71278e-05
48.71 1.74427e-05
48.72 1.76978e-05
48.73 1.78925e-05
48.74 1.80261e-05
48.75 1.80985e-05
48.76 1.81093e-05
48.77 1.80588e-05
48.78 1.79472e-05
48.79 1.77751e-05
48.8 1.75431e-05
48.81 1.72522e-05
48.82 1.69035e-05
48.83 1.64983e-05
48.84 1.60381e-05
48.85 1.55245e-05
48.86 1.49596e-05
48.87 1.43452e-05
48.88 1.36835e-05
48.89 1.29771e-05
48.9 1.22283e-05
48.91 1.14398e-05
48.92 1.06145e-05
48.93 9.75516e-06
48.94 8.86487e-06
48.95 7.94673e-06
48.96 7.00396e-06
48.97 6.03986e-06
48.98 5.05777e-06
48.99 4.06111e-06
49 3.05333e-06
49.01 2.03793e-06
49.02 1.0184e-06
49.03 -1.73123e-09
49.04 -1.01897e-06
49.05 -2.02982e-06
49.06 -3.03083e-06
49.07 -4.01859e-06
49.08 -4.98972e-06
49.09 -5.94093e-06
49.1 -6.86901e-06
49.11 -7.77082e-06
49.12 -8.64334e-06
49.13 -9.48365e-06
49.14 -1.02889e-05
49.15 -1.10565e-05
49.16 -1.17839e-05
49.17 -1.24686e-05
49.18 -1.31085e-05
49.19 -1.37015e-05
49.2 -1.42456e-05
49.21 -1.47392e-05
49.22 -1.51807e-05
49.23 -1.55686e-05
49.24 -1.59019e-05
49.25 -1.61795e-05
49.26 -1.64007e-05
49.27 -1.65647e-05
49.28 -1.66713e-05
49.29 -1.67202e-05
49.3 -1.67114e-05
49.31 -1.66451e-05
49.32 -1.65217e-05
49.33 -1.63417e-05
49.34 -1.61058e-05
49.35 -1.58152e-05
49.36 -1.54708e-05
49.37 -1.50739e-05
49.38 -1.46262e-05
49.39 -1.41291e-05
49.4 -1.35846e-05
49.41 -1.29946e-05
49.42 -1.23613e-05
49.43 -1.16868e-05
49.44 -1.09736e-05
49.45 -1.02241e-05
49.46 -9.44111e-06
49.47 -8.62726e-06
49.48 -7.78541e-06
49.49 -6.91848e-06
49.5 -6.02948e-06
49.51 -5.12149e-06
49.52 -4.19762e-06
49.53 -3.26107e-06
49.54 -2.31503e-06
49.55 -1.36276e-06
49.56 -4.07515e-07
49.57 5.47455e-07
49.58 1.49889e-06
49.59 2.44357e-06
49.6 3.37826e-06
49.61 4.29982e-06
49.62 5.20512e-06
49.63 6.09111e-06
49.64 6.95479e-06
49.65 7.79327e-06
49.66 8.60373e-06
49.67 9.38346e-06
49.68 1.01299e-05
49.69 1.08404e-05
49.7 1.15128e-05
49.71 1.21448e-05
49.72 1.27343e-05
49.73 1.32794e-05
49.74 1.37784e-05
49.75 1.42295e-05
49.76 1.46313e-05
49.77 1.49827e-05
49.78 1.52824e-05
49.79 1.55297e-05
49.8 1.57236e-05
49.81 1.58638e-05
49.82 1.59498e-05
49.83 1.59814e-05
49.84 1.59587e-05
49.85 1.5882e-05
49.86 1.57514e-05
49.87 1.55678e-05
49.88 1.53317e-05
49.89 1.50442e-05
49.9 1.47064e-05
49.91 1.43194e-05
49.92 1.38849e-05
49.93 1.34044e-05
49.94 1.28796e-05
49.95 1.23125e-05
49.96 1.17052e-05
49.97 1.10597e-05
49.98 1.03785e-05
49.99 9.66389e-06
