0.01 -1.34275e-07
0.02 -1.66904e-07
0.03 -2.68014e-07
0.04 -4.70612e-07
0.05 -7.72573e-07
0.06 -1.14105e-06
0.07 -1.54451e-06
0.08 -1.9795e-06
0.09 -2.46839e-06
0.1 -3.03525e-06
0.11 -3.68571e-06
0.12 -4.40735e-06
0.13 -5.18551e-06
0.14 -6.01641e-06
0.15 -6.90576e-06
0.16 -7.85753e-06
0.17 -8.86586e-06
0.18 -9.91726e-06
0.19 -1.10001e-05
0.2 -1.21112e-05
0.21 -1.32515e-05
0.22 -1.4416e-05
0.23 -1.55909e-05
0.24 -1.67624e-05
0.25 -1.7929e-05
0.26 -1.91015e-05
0.27 -2.02897e-05
0.28 -2.14889e-05
0.29 -2.26805e-05
0.3 -2.38445e-05
0.31 -2.49715e-05
0.32 -2.60627e-05
0.33 -2.71212e-05
0.34 -2.81438e-05
0.35 -2.91209e-05
0.36 -3.00451e-05
0.37 -3.09186e-05
0.38 -3.17495e-05
0.39 -3.25378e-05
0.4 -3.32702e-05
0.41 -3.39338e-05
0.42 -3.45313e-05
0.43 -3.50776e-05
0.44 -3.55749e-05
0.45 -3.59986e-05
0.46 -3.63128e-05
0.47 -3.65038e-05
0.48 -3.65953e-05
0.49 -3.66251e-05
0.5 -3.66085e-05
0.51 -3.65275e-05
0.52 -3.63515e-05
0.53 -3.60662e-05
0.54 -3.56855e-05
0.55 -3.52415e-05
0.56 -3.47539e-05
0.57 -3.41978e-05
0.58 -3.35065e-05
0.59 -3.26166e-05
0.6 -3.1509e-05
0.61 -3.02075e-05
0.62 -2.87436e-05
0.63 -2.71307e-05
0.64 -2.53697e-05
0.65 -2.34719e-05
0.66 -2.14542e-05
0.67 -1.93026e-05
0.68 -1.69612e-05
0.69 -1.43803e-05
0.7 -1.15815e-05
0.71 -8.68101e-06
0.72 -5.84137e-06
0.73 -3.17509e-06
0.74 -6.83833e-07
0.75 1.70439e-06
0.76 4.05016e-06
0.77 6.35919e-06
0.78 8.59633e-06
0.79 1.0718e-05
0.8 1.26949e-05
0.81 1.45183e-05
0.82 1.61902e-05
0.83 1.771e-05
0.84 1.90689e-05
0.85 2.02619e-05
0.86 2.13111e-05
0.87 2.22844e-05
0.88 2.32945e-05
0.89 2.44674e-05
0.9 2.58839e-05
0.91 2.75461e-05
0.92 2.93993e-05
0.93 3.13787e-05
0.94 3.34472e-05
0.95 3.56181e-05
0.96 3.79459e-05
0.97 4.04861e-05
0.98 4.32442e-05
0.99 4.61271e-05
1 4.89249e-05
1.01 5.13761e-05
1.02 5.33137e-05
1.03 5.47865e-05
1.04 5.60481e-05
1.05 5.74312e-05
1.06 5.91884e-05
1.07 6.13694e-05
1.08 6.37862e-05
1.09 6.61047e-05
1.1 6.80205e-05
1.11 6.94074e-05
1.12 7.03412e-05
1.13 7.09854e-05
1.14 7.14172e-05
1.15 7.15181e-05
1.16 7.10094e-05
1.17 6.96014e-05
1.18 6.71636e-05
1.19 6.3816e-05
1.2 5.98406e-05
1.21 5.54477e-05
1.22 5.06192e-05
1.23 4.52405e-05
1.24 3.94354e-05
1.25 3.37368e-05
1.26 2.88373e-05
1.27 2.51375e-05
1.28 2.25524e-05
1.29 2.07315e-05
1.3 1.94225e-05
1.31 1.8639e-05
1.32 1.85304e-05
1.33 1.91342e-05
1.34 2.02831e-05
1.35 2.17594e-05
1.36 2.35418e-05
1.37 2.58766e-05
1.38 2.90505e-05
1.39 3.30707e-05
1.4 3.75731e-05
1.41 4.20095e-05
1.42 4.58903e-05
1.43 4.89406e-05
1.44 5.11729e-05
1.45 5.28349e-05
1.46 5.41951e-05
1.47 5.53064e-05
1.48 5.59768e-05
1.49 5.59909e-05
1.5 5.53598e-05
1.51 5.4313e-05
1.52 5.30359e-05
1.53 5.1448e-05
1.54 4.92429e-05
1.55 4.61375e-05
1.56 4.2133e-05
1.57 3.76166e-05
1.58 3.3227e-05
1.59 2.95373e-05
1.6 2.67694e-05
1.61 2.47668e-05
1.62 2.32177e-05
1.63 2.18926e-05
1.64 2.07086e-05
1.65 1.96554e-05
1.66 1.87048e-05
1.67 1.77652e-05
1.68 1.66899e-05
1.69 1.53567e-05
1.7 1.37806e-05
1.71 1.21348e-05
1.72 1.06317e-05
1.73 9.3931e-06
1.74 8.46614e-06
1.75 7.91953e-06
1.76 7.83069e-06
1.77 8.16508e-06
1.78 8.73065e-06
1.79 9.28724e-06
1.8 9.68035e-06
1.81 9.84593e-06
1.82 9.70794e-06
1.83 9.12083e-06
1.84 7.94164e-06
1.85 6.16753e-06
1.86 4.03122e-06
1.87 1.98195e-06
1.88 5.02034e-07
1.89 -1.87578e-07
1.9 -3.1367e-07
1.91 -4.47029e-07
1.92 -1.17202e-06
1.93 -2.78123e-06
1.94 -5.20061e-06
1.95 -8.118e-06
1.96 -1.11563e-05
1.97 -1.40278e-05
1.98 -1.66604e-05
1.99 -1.91977e-05
2 -2.17927e-05
2.01 -2.4332e-05
2.02 -2.63629e-05
2.03 -2.73343e-05
2.04 -2.6979e-05
2.05 -2.55272e-05
2.06 -2.35728e-05
2.07 -2.17142e-05
2.08 -2.02748e-05
2.09 -1.92764e-05
2.1 -1.86251e-05
2.11 -1.83291e-05
2.12 -1.85275e-05
2.13 -1.92775e-05
2.14 -2.03397e-05
2.15 -2.12511e-05
2.16 -2.16626e-05
2.17 -2.16153e-05
2.18 -2.14809e-05
2.19 -2.16105e-05
2.2 -2.20059e-05
2.21 -2.23528e-05
2.22 -2.24234e-05
2.23 -2.24284e-05
2.24 -2.29026e-05
2.25 -2.41917e-05
2.26 -2.60203e-05
2.27 -2.75872e-05
2.28 -2.81621e-05
2.29 -2.76745e-05
2.3 -2.67856e-05
2.31 -2.6395e-05
2.32 -2.70206e-05
2.33 -2.85575e-05
2.34 -3.05147e-05
2.35 -3.24571e-05
2.36 -3.42963e-05
2.37 -3.6197e-05
2.38 -3.82178e-05
2.39 -4.01129e-05
2.4 -4.14908e-05
2.41 -4.20886e-05
2.42 -4.18899e-05
2.43 -4.10727e-05
2.44 -3.98849e-05
2.45 -3.85076e-05
2.46 -3.69755e-05
2.47 -3.52205e-05
2.48 -3.32079e-05
2.49 -3.10388e-05
2.5 -2.89018e-05
2.51 -2.6882e-05
2.52 -2.47751e-05
2.53 -2.20972e-05
2.54 -1.8355e-05
2.55 -1.34485e-05
2.56 -7.90238e-06
2.57 -2.67122e-06
2.58 1.39535e-06
2.59 4.00678e-06
2.6 5.42795e-06
2.61 6.04365e-06
2.62 5.91441e-06
2.63 4.74761e-06
2.64 2.28956e-06
2.65 -1.25274e-06
2.66 -5.15215e-06
2.67 -8.53539e-06
2.68 -1.09036e-05
2.69 -1.23821e-05
2.7 -1.35291e-05
2.71 -1.49313e-05
2.72 -1.69108e-05
2.73 -1.94673e-05
2.74 -2.24083e-05
2.75 -2.55338e-05
2.76 -2.87072e-05
2.77 -3.17906e-05
2.78 -3.46e-05
2.79 -3.69819e-05
2.8 -3.89108e-05
2.81 -4.0439e-05
2.82 -4.15058e-05
2.83 -4.18349e-05
2.84 -4.11121e-05
2.85 -3.93047e-05
2.86 -3.67718e-05
2.87 -3.40067e-05
2.88 -3.12513e-05
2.89 -2.8371e-05
2.9 -2.51138e-05
2.91 -2.14768e-05
2.92 -1.77826e-05
2.93 -1.43875e-05
2.94 -1.1375e-05
2.95 -8.55053e-06
2.96 -5.65191e-06
2.97 -2.51408e-06
2.98 9.01587e-07
2.99 4.54676e-06
3 8.31544e-06
3.01 1.20143e-05
3.02 1.53135e-05
3.03 1.77891e-05
3.04 1.90789e-05
3.05 1.90309e-05
3.06 1.7749e-05
3.07 1.55593e-05
3.08 1.2903e-05
3.09 1.01153e-05
3.1 7.17836e-06
3.11 3.66915e-06
3.12 -9.90568e-07
3.13 -7.15325e-06
3.14 -1.47176e-05
3.15 -2.31764e-05
3.16 -3.18664e-05
3.17 -4.0269e-05
3.18 -4.82181e-05
3.19 -5.58959e-05
3.2 -6.3552e-05
3.21 -7.11315e-05
3.22 -7.82029e-05
3.23 -8.42908e-05
3.24 -8.92236e-05
3.25 -9.31218e-05
3.26 -9.61232e-05
3.27 -9.82036e-05
3.28 -9.92277e-05
3.29 -9.90847e-05
3.3 -9.77394e-05
3.31 -9.51761e-05
3.32 -9.13195e-05
3.33 -8.60503e-05
3.34 -7.93849e-05
3.35 -7.16825e-05
3.36 -6.36145e-05
3.37 -5.5859e-05
3.38 -4.88154e-05
3.39 -4.25969e-05
3.4 -3.723e-05
3.41 -3.27957e-05
3.42 -2.9375e-05
3.43 -2.68693e-05
3.44 -2.48795e-05
3.45 -2.28006e-05
3.46 -2.01221e-05
3.47 -1.66848e-05
3.48 -1.26203e-05
3.49 -8.02943e-06
3.5 -2.77776e-06
3.51 3.36638e-06
3.52 1.0455e-05
3.53 1.82694e-05
3.54 2.64842e-05
3.55 3.48897e-05
3.56 4.34767e-05
3.57 5.2376e-05
3.58 6.1773e-05
3.59 7.18484e-05
3.6 8.2681e-05
3.61 9.40912e-05
3.62 0.00010553
3.63 0.000116146
3.64 0.00012507
3.65 0.000131811
3.66 0.000136495
3.67 0.00013976
3.68 0.000142352
3.69 0.000144768
3.7 0.000147215
3.71 0.000149814
3.72 0.000152691
3.73 0.0001558
3.74 0.000158729
3.75 0.000160812
3.76 0.000161495
3.77 0.000160573
3.78 0.000158065
3.79 0.00015395
3.8 0.000148109
3.81 0.000140544
3.82 0.000131668
3.83 0.000122316
3.84 0.0001134
3.85 0.00010541
3.86 9.81778e-05
3.87 9.10748e-05
3.88 8.33843e-05
3.89 7.45239e-05
3.9 6.40424e-05
3.91 5.15719e-05
3.92 3.69301e-05
3.93 2.03256e-05
3.94 2.37485e-06
3.95 -1.62649e-05
3.96 -3.54156e-05
3.97 -5.55346e-05
3.98 -7.72473e-05
3.99 -0.000100617
4 -0.000124837
4.01 -0.000148644
4.02 -0.000171097
4.03 -0.000192003
4.04 -0.000211694
4.05 -0.000230406
4.06 -0.000247894
4.07 -0.000263595
4.08 -0.000277114
4.09 -0.000288512
4.1 -0.000298068
4.11 -0.00030575
4.12 -0.000310954
4.13 -0.000312796
4.14 -0.00031067
4.15 -0.000304626
4.16 -0.000295373
4.17 -0.000283926
4.18 -0.000271137
4.19 -0.000257332
4.2 -0.000242264
4.21 -0.000225438
4.22 -0.000206786
4.23 -0.000187453
4.24 -0.000170094
4.25 -0.000158113
4.26 -0.000153947
4.27 -0.000157598
4.28 -0.000166812
4.29 -0.000178925
4.3 -0.00019284
4.31 -0.000209552
4.32 -0.000231042
4.33 -0.000258625
4.34 -0.000292057
4.35 -0.000329875
4.36 -0.000370411
4.37 -0.000412421
4.38 -0.000454892
4.39 -0.00049637
4.4 -0.000534624
4.41 -0.00056712
4.42 -0.000591986
4.43 -0.000608699
4.44 -0.000617921
4.45 -0.00062069
4.46 -0.000617634
4.47 -0.00060869
4.48 -0.000593347
4.49 -0.000571042
4.5 -0.000541384
4.51 -0.000504193
4.52 -0.000459628
4.53 -0.000408551
4.54 -0.000352898
4.55 -0.000295546
4.56 -0.000239443
4.57 -0.000186538
4.58 -0.000137469
4.59 -9.23027e-05
4.6 -5.15552e-05
4.61 -1.65039e-05
4.62 1.1824e-05
4.63 3.47939e-05
4.64 5.80092e-05
4.65 9.05129e-05
4.66 0.000140472
4.67 0.000209952
4.68 0.000293109
4.69 0.00037969
4.7 0.00046137
4.71 0.000536242
4.72 0.000608313
4.73 0.000682767
4.74 0.000760931
4.75 0.000838946
4.76 0.000910883
4.77 0.000973375
4.78 0.00102774
4.79 0.00107797
4.8 0.00112658
4.81 0.00117204
4.82 0.00120984
4.83 0.00123591
4.84 0.00124951
4.85 0.00125357
4.86 0.00125276
4.87 0.00125115
4.88 0.00125088
4.89 0.001252
4.9 0.00125242
4.91 0.00124768
4.92 0.00123142
4.93 0.00119796
4.94 0.00114606
4.95 0.00108122
4.96 0.00101389
4.97 0.000954264
4.98 0.000907126
4.99 0.000870379
5 0.000837785
5.01 0.00080295
5.02 0.00076114
5.03 0.000708711
5.04 0.000642781
5.05 0.000562543
5.06 0.000470542
5.07 0.00037192
5.08 0.00027203
5.09 0.000174316
5.1 7.96435e-05
5.11 -1.31611e-05
5.12 -0.000106248
5.13 -0.000201627
5.14 -0.000300393
5.15 -0.000402551
5.16 -0.000507262
5.17 -0.000612967
5.18 -0.000717137
5.19 -0.000816145
5.2 -0.000905862
5.21 -0.000982996
5.22 -0.0010463
5.23 -0.00109663
5.24 -0.00113569
5.25 -0.00116473
5.26 -0.00118426
5.27 -0.00119494
5.28 -0.00119853
5.29 -0.00119757
5.3 -0.00119404
5.31 -0.00118799
5.32 -0.00117785
5.33 -0.00116242
5.34 -0.00114286
5.35 -0.00112264
5.36 -0.00110499
5.37 -0.00108996
5.38 -0.00107345
5.39 -0.00104891
5.4 -0.00101063
5.41 -0.000956527
5.42 -0.000888657
5.43 -0.000811237
5.44 -0.000727874
5.45 -0.000640249
5.46 -0.000548808
5.47 -0.000454026
5.48 -0.00035666
5.49 -0.000256994
5.5 -0.000154395
5.51 -4.80683e-05
5.52 6.16103e-05
5.53 0.000172534
5.54 0.000281678
5.55 0.000386543
5.56 0.000485879
5.57 0.000578992
5.58 0.000664383
5.59 0.000739139
5.6 0.000799893
5.61 0.000844758
5.62 0.000874595
5.63 0.00089239
5.64 0.000901214
5.65 0.000902454
5.66 0.00089563
5.67 0.000879584
5.68 0.000853987
5.69 0.000820389
5.7 0.000782642
5.71 0.000746462
5.72 0.000717889
5.73 0.000701162
5.74 0.000697371
5.75 0.000704801
5.76 0.000720564
5.77 0.0007421
5.78 0.000767415
5.79 0.000794147
5.8 0.000818714
5.81 0.000836758
5.82 0.00084479
5.83 0.000841543
5.84 0.000827823
5.85 0.00080516
5.86 0.000774664
5.87 0.000737012
5.88 0.000693326
5.89 0.000645813
5.9 0.000597348
5.91 0.000550193
5.92 0.000504913
5.93 0.000460397
5.94 0.000414817
5.95 0.00036653
5.96 0.000314192
5.97 0.000256442
5.98 0.000192081
5.99 0.000120898
6 4.4305e-05
6.01 -3.50525e-05
6.02 -0.000114397
6.03 -0.00019177
6.04 -0.000266392
6.05 -0.000338683
6.06 -0.000410169
6.07 -0.000483195
6.08 -0.000560242
6.09 -0.000642884
6.1 -0.000730891
6.11 -0.000822134
6.12 -0.000913481
6.13 -0.00100204
6.14 -0.00108583
6.15 -0.00116334
6.16 -0.00123262
6.17 -0.00129057
6.18 -0.00133357
6.19 -0.00135903
6.2 -0.00136688
6.21 -0.00135933
6.22 -0.00133922
6.23 -0.00130808
6.24 -0.00126557
6.25 -0.00121061
6.26 -0.00114299
6.27 -0.00106443
6.28 -0.000978577
6.29 -0.000890511
6.3 -0.000805649
6.31 -0.000728075
6.32 -0.000659415
6.33 -0.000599391
6.34 -0.00054734
6.35 -0.000502822
6.36 -0.000464573
6.37 -0.000429002
6.38 -0.000390061
6.39 -0.000341085
6.4 -0.000277578
6.41 -0.000199021
6.42 -0.000108584
6.43 -1.12792e-05
6.44 8.79431e-05
6.45 0.000185136
6.46 0.000277343
6.47 0.000362126
6.48 0.00043703
6.49 0.000499173
6.5 0.00054515
6.51 0.000571638
6.52 0.000576645
6.53 0.000560568
6.54 0.000526273
6.55 0.000478226
6.56 0.000421319
6.57 0.000359956
6.58 0.000297669
6.59 0.00023734
6.6 0.000181912
6.61 0.000135114
6.62 0.000101409
6.63 8.47581e-05
6.64 8.67079e-05
6.65 0.000104833
6.66 0.000132462
6.67 0.000160496
6.68 0.00018147
6.69 0.000193696
6.7 0.000202095
6.71 0.000214699
6.72 0.000237606
6.73 0.000272162
6.74 0.000315677
6.75 0.000364067
6.76 0.000414064
6.77 0.000463773
6.78 0.000511934
6.79 0.000556949
6.8 0.000596521
6.81 0.000628062
6.82 0.000649668
6.83 0.000661299
6.84 0.000665631
6.85 0.000667857
6.86 0.000673906
6.87 0.000687622
6.88 0.000708827
6.89 0.00073396
6.9 0.000758675
6.91 0.000779851
6.92 0.000795429
6.93 0.000803131
6.94 0.000800191
6.95 0.000784467
6.96 0.000755523
6.97 0.000714503
6.98 0.000663069
6.99 0.000602576
7 0.000534267
7.01 0.000459991
7.02 0.000382216
7.03 0.000302808
7.04 0.000221689
7.05 0.000136977
7.06 4.68089e-05
7.07 -4.87517e-05
7.08 -0.000147425
7.09 -0.000246087
7.1 -0.000342325
7.11 -0.000434753
7.12 -0.000522018
7.13 -0.000601595
7.14 -0.000669641
7.15 -0.00072235
7.16 -0.000758083
7.17 -0.000778601
7.18 -0.000788033
7.19 -0.000789839
7.2 -0.000783971
7.21 -0.000766604
7.22 -0.000732904
7.23 -0.000680615
7.24 -0.000611504
7.25 -0.000529769
7.26 -0.000439135
7.27 -0.000341248
7.28 -0.000236577
7.29 -0.000126743
7.3 -1.59712e-05
7.31 8.96615e-05
7.32 0.00018436
7.33 0.000264217
7.34 0.000327536
7.35 0.000374521
7.36 0.000406776
7.37 0.000426425
7.38 0.000434889
7.39 0.000432105
7.4 0.000416791
7.41 0.000387433
7.42 0.000343007
7.43 0.000282954
7.44 0.000206885
7.45 0.000114973
7.46 9.13854e-06
7.47 -0.000106069
7.48 -0.000224155
7.49 -0.000338827
7.5 -0.000445942
7.51 -0.000543699
7.52 -0.000631214
7.53 -0.000707016
7.54 -0.000768934
7.55 -0.000815363
7.56 -0.000846495
7.57 -0.000863966
7.58 -0.000868848
7.59 -0.000859814
7.6 -0.000833585
7.61 -0.00078772
7.62 -0.000723448
7.63 -0.000646281
7.64 -0.00056411
7.65 -0.000484281
7.66 -0.000411562
7.67 -0.000348115
7.68 -0.000295082
7.69 -0.000254039
7.7 -0.000226653
7.71 -0.000212554
7.72 -0.000207465
7.73 -0.000204061
7.74 -0.000195613
7.75 -0.00017953
7.76 -0.000157728
7.77 -0.000133683
7.78 -0.00010905
7.79 -8.28484e-05
7.8 -5.35756e-05
7.81 -2.20175e-05
7.82 7.99642e-06
7.83 3.17442e-05
7.84 4.68465e-05
7.85 5.46951e-05
7.86 5.88581e-05
7.87 6.19861e-05
7.88 6.3898e-05
7.89 6.22441e-05
7.9 5.48462e-05
7.91 4.16474e-05
7.92 2.50595e-05
7.93 9.09454e-06
7.94 -1.84432e-06
7.95 -4.25506e-06
7.96 3.21586e-06
7.97 1.93388e-05
7.98 4.13019e-05
7.99 6.64405e-05
8 9.31293e-05
8.01 0.000120206
8.02 0.000146071
8.03 0.000168939
8.04 0.000188064
8.05 0.00020424
8.06 0.000218547
8.07 0.000230376
8.08 0.000236825
8.09 0.000234462
8.1 0.000222175
8.11 0.000202555
8.12 0.000180144
8.13 0.000157698
8.14 0.000133741
8.15 0.000103755
8.16 6.40086e-05
8.17 1.47663e-05
8.18 -3.96008e-05
8.19 -9.34747e-05
8.2 -0.000143554
8.21 -0.000190556
8.22 -0.000238054
8.23 -0.000289663
8.24 -0.000346874
8.25 -0.000408888
8.26 -0.000473877
8.27 -0.000539961
8.28 -0.000605076
8.29 -0.000666317
8.3 -0.000719921
8.31 -0.000762328
8.32 -0.000791499
8.33 -0.00080711
8.34 -0.000809332
8.35 -0.000797384
8.36 -0.000769304
8.37 -0.000723146
8.38 -0.00065862
8.39 -0.000577999
8.4 -0.000485818
8.41 -0.000387671
8.42 -0.000288605
8.43 -0.000191699
8.44 -9.75973e-05
8.45 -5.37568e-06
8.46 8.58409e-05
8.47 0.000175753
8.48 0.000262964
8.49 0.000345851
8.5 0.000423256
8.51 0.000494504
8.52 0.000559073
8.53 0.000616431
8.54 0.000666237
8.55 0.000708718
8.56 0.000744908
8.57 0.000776409
8.58 0.000804669
8.59 0.000830304
8.6 0.000852997
8.61 0.000872033
8.62 0.000886882
8.63 0.000897272
8.64 0.000902783
8.65 0.00090258
8.66 0.000895823
8.67 0.000882598
8.68 0.000864592
8.69 0.000844781
8.7 0.000826094
8.71 0.000809906
8.72 0.000795555
8.73 0.000781398
8.74 0.000766566
8.75 0.000751902
8.76 0.00073932
8.77 0.000730316
8.78 0.000725107
8.79 0.000723196
8.8 0.000724689
8.81 0.000730997
8.82 0.00074424
8.83 0.000765893
8.84 0.000795834
8.85 0.00083239
8.86 0.000872942
8.87 0.000914312
8.88 0.000952763
8.89 0.000984277
8.9 0.00100561
8.91 0.00101553
8.92 0.00101509
8.93 0.00100646
8.94 0.000991237
8.95 0.000969415
8.96 0.000939773
8.97 0.000901172
8.98 0.000853616
8.99 0.000798168
9 0.000735894
9.01 0.00066687
9.02 0.000590286
9.03 0.000505758
9.04 0.000414827
9.05 0.00032123
9.06 0.000229182
9.07 0.000140593
9.08 5.34942e-05
9.09 -3.68888e-05
9.1 -0.000135347
9.11 -0.000244311
9.12 -0.000363291
9.13 -0.000489987
9.14 -0.00062184
9.15 -0.000756769
9.16 -0.000892753
9.17 -0.00102706
9.18 -0.00115622
9.19 -0.00127699
9.2 -0.00138759
9.21 -0.00148781
9.22 -0.00157769
9.23 -0.00165558
9.24 -0.00171756
9.25 -0.00175912
9.26 -0.0017779
9.27 -0.00177534
9.28 -0.00175575
9.29 -0.00172375
9.3 -0.00168246
9.31 -0.00163443
9.32 -0.00158374
9.33 -0.0015364
9.34 -0.00149779
9.35 -0.00146957
9.36 -0.00144953
9.37 -0.00143466
9.38 -0.00142423
9.39 -0.00141945
9.4 -0.00141943
9.41 -0.00141715
9.42 -0.00139988
9.43 -0.00135449
9.44 -0.001274
9.45 -0.00116029
9.46 -0.00102116
9.47 -0.000864307
9.48 -0.00069324
9.49 -0.000508788
9.5 -0.000314941
9.51 -0.000122818
9.52 5.1924e-05
9.53 0.000195721
9.54 0.000300975
9.55 0.000364597
9.56 0.000385229
9.57 0.000363232
9.58 0.000302481
9.59 0.000210818
9.6 9.8141e-05
9.61 -2.69607e-05
9.62 -0.000160612
9.63 -0.000304568
9.64 -0.000461947
9.65 -0.000629233
9.66 -0.000791791
9.67 -0.000928877
9.68 -0.00102425
9.69 -0.00107193
9.7 -0.00107333
9.71 -0.00103239
9.72 -0.000954518
9.73 -0.000846568
9.74 -0.000714209
9.75 -0.00055963
9.76 -0.000383188
9.77 -0.000186133
9.78 3.02716e-05
9.79 0.00026812
9.8 0.000532989
9.81 0.000827899
9.82 0.00114454
9.83 0.00145828
9.84 0.00173273
9.85 0.00193611
9.86 0.00206289
9.87 0.00214109
9.88 0.00220957
9.89 0.00228172
9.9 0.00233623
9.91 0.00234572
9.92 0.00230689
9.93 0.00223978
9.94 0.00216751
9.95 0.00210167
9.96 0.00203959
9.97 0.00196984
9.98 0.00188377
9.99 0.00178563
10 0.00169054
10.01 0.00161186
10.02 0.0015514
10.03 0.00150204
10.04 0.00145781
10.05 0.00142012
10.06 0.00139484
10.07 0.001385
10.08 0.0013871
10.09 0.00139365
10.1 0.00139853
10.11 0.00140008
10.12 0.00139936
10.13 0.00139608
10.14 0.00138599
10.15 0.0013621
10.16 0.00131863
10.17 0.00125427
10.18 0.00117248
10.19 0.00107907
10.2 0.000979419
10.21 0.000877032
10.22 0.000773735
10.23 0.00067105
10.24 0.000571627
10.25 0.000479117
10.26 0.000395907
10.27 0.000320517
10.28 0.000247142
10.29 0.000168086
10.3 7.73431e-05
10.31 -2.72912e-05
10.32 -0.000144729
10.33 -0.000272689
10.34 -0.000409598
10.35 -0.000555287
10.36 -0.00071039
10.37 -0.000874921
10.38 -0.0010469
10.39 -0.00122215
10.4 -0.00139585
10.41 -0.00156515
10.42 -0.00173041
10.43 -0.00189337
10.44 -0.00205274
10.45 -0.00220074
10.46 -0.00232421
10.47 -0.00241049
10.48 -0.00245411
10.49 -0.00245935
10.5 -0.00243642
10.51 -0.00239503
10.52 -0.00234066
10.53 -0.00227596
10.54 -0.00220416
10.55 -0.00213067
10.56 -0.00206144
10.57 -0.00200021
10.58 -0.00194664
10.59 -0.0018965
10.6 -0.00184332
10.61 -0.00178098
10.62 -0.00170588
10.63 -0.00161786
10.64 -0.00151951
10.65 -0.00141445
10.66 -0.00130574
10.67 -0.00119529
10.68 -0.00108418
10.69 -0.000973194
10.7 -0.00086274
10.71 -0.000752182
10.72 -0.000639276
10.73 -0.000520485
10.74 -0.000392417
10.75 -0.000253968
10.76 -0.000108137
10.77 3.77813e-05
10.78 0.000174418
10.79 0.000294025
10.8 0.000393157
10.81 0.00047236
10.82 0.000533367
10.83 0.000576362
10.84 0.000599585
10.85 0.000601356
10.86 0.000582557
10.87 0.000547348
10.88 0.000501603
10.89 0.000450485
10.9 0.000397037
10.91 0.000342349
10.92 0.000286568
10.93 0.000229693
10.94 0.000171985
10.95 0.000114474
10.96 5.97052e-05
10.97 1.20025e-05
10.98 -2.32825e-05
10.99 -4.11208e-05
11 -3.78274e-05
11.01 -1.14759e-05
11.02 3.78875e-05
11.03 0.00010801
11.04 0.000194588
11.05 0.000292366
11.06 0.000397049
11.07 0.000506768
11.08 0.000621409
11.09 0.000739528
11.1 0.000855362
11.11 0.000959493
11.12 0.00104346
11.13 0.00110403
11.14 0.00114302
11.15 0.00116376
11.16 0.00116852
11.17 0.00115835
11.18 0.00113356
11.19 0.00109422
11.2 0.00104142
11.21 0.000978992
11.22 0.000913113
11.23 0.000849195
11.24 0.000788998
11.25 0.000730892
11.26 0.000672804
11.27 0.000614829
11.28 0.00055941
11.29 0.000509603
11.3 0.000467499
11.31 0.000434079
11.32 0.000410134
11.33 0.000397226
11.34 0.00039816
11.35 0.000416918
11.36 0.00045783
11.37 0.000523899
11.38 0.000615268
11.39 0.000729211
11.4 0.000861612
11.41 0.00100835
11.42 0.0011649
11.43 0.00132415
11.44 0.00147481
11.45 0.00160346
11.46 0.00169981
11.47 0.0017609
11.48 0.00179014
11.49 0.00179189
11.5 0.00176668
11.51 0.00171205
11.52 0.00162749
11.53 0.00151763
11.54 0.00139059
11.55 0.00125418
11.56 0.00111372
11.57 0.000972113
11.58 0.000830662
11.59 0.000689494
11.6 0.0005479
11.61 0.00040483
11.62 0.000259654
11.63 0.000112995
11.64 -3.27356e-05
11.65 -0.000173636
11.66 -0.000305648
11.67 -0.000426374
11.68 -0.000536062
11.69 -0.000636832
11.7 -0.000730778
11.71 -0.000818735
11.72 -0.000900931
11.73 -0.000978898
11.74 -0.00105672
11.75 -0.00114017
11.76 -0.00123392
11.77 -0.00133896
11.78 -0.00145199
11.79 -0.00156701
11.8 -0.00167757
11.81 -0.00177844
11.82 -0.00186633
11.83 -0.00193989
11.84 -0.00199934
11.85 -0.0020458
11.86 -0.00208093
11.87 -0.00210668
11.88 -0.0021251
11.89 -0.00213789
11.9 -0.00214597
11.91 -0.00214933
11.92 -0.00214697
11.93 -0.00213708
11.94 -0.00211742
11.95 -0.00208627
11.96 -0.00204361
11.97 -0.00199156
11.98 -0.00193376
11.99 -0.00187393
12 -0.00181446
12.01 -0.00175568
12.02 -0.00169615
12.03 -0.00163351
12.04 -0.00156531
12.05 -0.00148975
12.06 -0.00140593
12.07 -0.00131383
12.08 -0.00121425
12.09 -0.00110882
12.1 -0.000999934
12.11 -0.000890188
12.12 -0.000781569
12.13 -0.000675051
12.14 -0.000570886
12.15 -0.00046901
12.16 -0.000369071
12.17 -0.000270178
12.18 -0.000170881
12.19 -6.96204e-05
12.2 3.46767e-05
12.21 0.000142376
12.22 0.000253411
12.23 0.000367715
12.24 0.000485332
12.25 0.000605913
12.26 0.000727831
12.27 0.000847574
12.28 0.000960276
12.29 0.00106166
12.3 0.0011503
12.31 0.0012283
12.32 0.00129942
12.33 0.00136619
12.34 0.00142859
12.35 0.00148506
12.36 0.00153442
12.37 0.00157703
12.38 0.00161459
12.39 0.00164914
12.4 0.00168209
12.41 0.00171358
12.42 0.00174275
12.43 0.00176867
12.44 0.00179098
12.45 0.00180973
12.46 0.00182477
12.47 0.00183549
12.48 0.00184107
12.49 0.00184104
12.5 0.00183545
12.51 0.00182468
12.52 0.00180899
12.53 0.00178821
12.54 0.00176172
12.55 0.00172887
12.56 0.00168965
12.57 0.0016451
12.58 0.00159711
12.59 0.00154771
12.6 0.00149813
12.61 0.00144848
12.62 0.00139799
12.63 0.00134573
12.64 0.00129113
12.65 0.00123394
12.66 0.0011739
12.67 0.00111029
12.68 0.0010418
12.69 0.00096676
12.7 0.000883581
12.71 0.000791355
12.72 0.000690262
12.73 0.000581574
12.74 0.000467082
12.75 0.000348297
12.76 0.000226036
12.77 0.000100691
12.78 -2.71338e-05
12.79 -0.000156209
12.8 -0.000284735
12.81 -0.000410732
12.82 -0.000532392
12.83 -0.000648103
12.84 -0.000756153
12.85 -0.00085463
12.86 -0.000942134
12.87 -0.0010193
12.88 -0.0010898
12.89 -0.00115917
12.9 -0.00123163
12.91 -0.00130744
12.92 -0.00138323
12.93 -0.00145472
12.94 -0.00151921
12.95 -0.00157612
12.96 -0.00162591
12.97 -0.00166893
12.98 -0.00170485
12.99 -0.00173286
13 -0.00175242
13.01 -0.00176377
13.02 -0.00176783
13.03 -0.0017654
13.04 -0.00175652
13.05 -0.00174048
13.06 -0.00171646
13.07 -0.00168407
13.08 -0.00164345
13.09 -0.00159519
13.1 -0.00154039
13.11 -0.00148081
13.12 -0.00141872
13.13 -0.00135639
13.14 -0.00129534
13.15 -0.00123599
13.16 -0.00117802
13.17 -0.00112113
13.18 -0.00106573
13.19 -0.00101286
13.2 -0.000963529
13.21 -0.000918022
13.22 -0.000875951
13.23 -0.000836976
13.24 -0.000801425
13.25 -0.000770096
13.26 -0.00074331
13.27 -0.000719933
13.28 -0.000697118
13.29 -0.000671076
13.3 -0.000638447
13.31 -0.000597365
13.32 -0.000547512
13.33 -0.000489347
13.34 -0.000423377
13.35 -0.00035011
13.36 -0.000270521
13.37 -0.000186279
13.38 -9.92798e-05
13.39 -1.08551e-05
13.4 7.8594e-05
13.41 0.000169196
13.42 0.000260834
13.43 0.000352652
13.44 0.000443205
13.45 0.000531007
13.46 0.000614985
13.47 0.000694539
13.48 0.000769341
13.49 0.000839159
13.5 0.000903848
13.51 0.000963394
13.52 0.00101781
13.53 0.00106687
13.54 0.00110988
13.55 0.00114578
13.56 0.00117371
13.57 0.00119376
13.58 0.00120743
13.59 0.00121732
13.6 0.00122635
13.61 0.00123665
13.62 0.00124904
13.63 0.00126309
13.64 0.00127797
13.65 0.00129298
13.66 0.00130739
13.67 0.00131986
13.68 0.00132805
13.69 0.00132904
13.7 0.00132063
13.71 0.00130243
13.72 0.00127573
13.73 0.00124239
13.74 0.00120377
13.75 0.0011606
13.76 0.00111372
13.77 0.0010647
13.78 0.00101555
13.79 0.00096775
13.8 0.000921275
13.81 0.000874674
13.82 0.00082596
13.83 0.000773603
13.84 0.000716997
13.85 0.000656463
13.86 0.000593067
13.87 0.000528487
13.88 0.000464938
13.89 0.00040507
13.9 0.000351559
13.91 0.000306255
13.92 0.000269337
13.93 0.000239279
13.94 0.000213863
13.95 0.000191453
13.96 0.00017141
13.97 0.000153351
13.98 0.000136223
13.99 0.000118373
14 9.85574e-05
14.01 7.67094e-05
14.02 5.36286e-05
14.03 2.99946e-05
14.04 5.6669e-06
14.05 -2.02112e-05
14.06 -4.85795e-05
14.07 -7.99489e-05
14.08 -0.00011434
14.09 -0.000151465
14.1 -0.000190798
14.11 -0.000231482
14.12 -0.000272256
14.13 -0.000311616
14.14 -0.000348221
14.15 -0.000381332
14.16 -0.000410958
14.17 -0.000437563
14.18 -0.000461549
14.19 -0.000482943
14.2 -0.000501555
14.21 -0.000517477
14.22 -0.000531446
14.23 -0.000544659
14.24 -0.000558084
14.25 -0.000571844
14.26 -0.000585193
14.27 -0.000597059
14.28 -0.000606666
14.29 -0.000613749
14.3 -0.000618247
14.31 -0.000619813
14.32 -0.000617652
14.33 -0.000610944
14.34 -0.000599507
14.35 -0.000584155
14.36 -0.000566478
14.37 -0.000548224
14.38 -0.000530656
14.39 -0.000514192
14.4 -0.000498449
14.41 -0.000482647
14.42 -0.000466123
14.43 -0.000448575
14.44 -0.0004299
14.45 -0.00040992
14.46 -0.000388349
14.47 -0.000365038
14.48 -0.000340273
14.49 -0.00031484
14.5 -0.000289822
14.51 -0.000266202
14.52 -0.000244455
14.53 -0.000224335
14.54 -0.000204997
14.55 -0.000185326
14.56 -0.000164191
14.57 -0.000140503
14.58 -0.000113275
14.59 -8.19216e-05
14.6 -4.66433e-05
14.61 -8.53002e-06
14.62 3.084e-05
14.63 7.00525e-05
14.64 0.000108316
14.65 0.000145448
14.66 0.000181452
14.67 0.000216029
14.68 0.000248429
14.69 0.000277685
14.7 0.000302974
14.71 0.000323733
14.72 0.000339494
14.73 0.000349714
14.74 0.000353904
14.75 0.000352044
14.76 0.000344919
14.77 0.000334024
14.78 0.000321004
14.79 0.000307
14.8 0.000292345
14.81 0.000276702
14.82 0.000259383
14.83 0.000239604
14.84 0.000216676
14.85 0.000190165
14.86 0.000159972
14.87 0.000126225
14.88 8.90194e-05
14.89 4.8218e-05
14.9 3.46704e-06
14.91 -4.55664e-05
14.92 -9.88928e-05
14.93 -0.00015606
14.94 -0.000216257
14.95 -0.000278507
14.96 -0.000341731
14.97 -0.000404656
14.98 -0.000465725
14.99 -0.00052328
15 -0.000575997
15.01 -0.000623173
15.02 -0.000664437
15.03 -0.000699128
15.04 -0.000726066
15.05 -0.000743941
15.06 -0.000751907
15.07 -0.000749728
15.08 -0.000737404
15.09 -0.000714744
15.1 -0.000681482
15.11 -0.000637889
15.12 -0.000585266
15.13 -0.000525814
15.14 -0.000461992
15.15 -0.000395913
15.16 -0.000329232
15.17 -0.00026353
15.18 -0.00020064
15.19 -0.00014239
15.2 -8.99695e-05
15.21 -4.3577e-05
15.22 -2.67763e-06
15.23 3.34297e-05
15.24 6.52773e-05
15.25 9.33147e-05
15.26 0.000118059
15.27 0.000139884
15.28 0.000158525
15.29 0.000172823
15.3 0.000181109
15.31 0.000182033
15.32 0.000175247
15.33 0.000161547
15.34 0.000142525
15.35 0.000120045
15.36 9.58278e-05
15.37 7.12659e-05
15.38 4.744e-05
15.39 2.51286e-05
15.4 4.68914e-06
15.41 -1.40339e-05
15.42 -3.15386e-05
15.43 -4.82946e-05
15.44 -6.45014e-05
15.45 -8.01609e-05
15.46 -9.52951e-05
15.47 -0.000110042
15.48 -0.000124538
15.49 -0.000138718
15.5 -0.000152248
15.51 -0.000164721
15.52 -0.000176036
15.53 -0.000186769
15.54 -0.000198242
15.55 -0.000212212
15.56 -0.000230336
15.57 -0.000253725
15.58 -0.000282785
15.59 -0.000317317
15.6 -0.000356671
15.61 -0.000399773
15.62 -0.000445025
15.63 -0.00049034
15.64 -0.000533482
15.65 -0.000572573
15.66 -0.000606387
15.67 -0.000634253
15.68 -0.000655765
15.69 -0.000670636
15.7 -0.00067873
15.71 -0.000680076
15.72 -0.00067477
15.73 -0.000662821
15.74 -0.000644003
15.75 -0.000617837
15.76 -0.000583755
15.77 -0.000541455
15.78 -0.000491237
15.79 -0.000434067
15.8 -0.000371297
15.81 -0.000304319
15.82 -0.000234448
15.83 -0.000162904
15.84 -9.06462e-05
15.85 -1.81736e-05
15.86 5.4365e-05
15.87 0.000126744
15.88 0.000198358
15.89 0.000268333
15.9 0.00033587
15.91 0.000400422
15.92 0.00046155
15.93 0.000518605
15.94 0.000570548
15.95 0.000616106
15.96 0.000654208
15.97 0.0006844
15.98 0.000706998
15.99 0.000722935
16 0.000733469
16.01 0.000739996
16.02 0.000744029
16.03 0.000747216
16.04 0.000751165
16.05 0.000757173
16.06 0.000766052
16.07 0.000778141
16.08 0.000793522
16.09 0.000812322
16.1 0.000834878
16.11 0.000861553
16.12 0.000892365
16.13 0.000926744
16.14 0.000963529
16.15 0.00100107
16.16 0.00103739
16.17 0.0010705
16.18 0.00109887
16.19 0.00112177
16.2 0.00113922
16.21 0.00115162
16.22 0.00115934
16.23 0.00116248
16.24 0.0011611
16.25 0.00115558
16.26 0.0011467
16.27 0.00113542
16.28 0.00112238
16.29 0.00110766
16.3 0.00109093
16.31 0.00107199
16.32 0.00105105
16.33 0.00102867
16.34 0.00100535
16.35 0.000981316
16.36 0.000956542
16.37 0.000930866
16.38 0.000904105
16.39 0.000876017
16.4 0.000846154
16.41 0.000813712
16.42 0.000777604
16.43 0.000736788
16.44 0.000690586
16.45 0.000638697
16.46 0.000580884
16.47 0.000516722
16.48 0.000445757
16.49 0.000367929
16.5 0.000283826
16.51 0.000194491
16.52 0.000100954
16.53 3.89945e-06
16.54 -9.62499e-05
16.55 -0.000198958
16.56 -0.000303252
16.57 -0.000407603
16.58 -0.000510026
16.59 -0.000608365
16.6 -0.000700617
16.61 -0.000785083
16.62 -0.000860395
16.63 -0.00092572
16.64 -0.000981146
16.65 -0.00102787
16.66 -0.00106776
16.67 -0.00110233
16.68 -0.00113199
16.69 -0.00115604
16.7 -0.00117352
16.71 -0.00118426
16.72 -0.00118928
16.73 -0.00119048
16.74 -0.00118985
16.75 -0.00118894
16.76 -0.00118877
16.77 -0.00119015
16.78 -0.00119383
16.79 -0.00120045
16.8 -0.00121033
16.81 -0.00122331
16.82 -0.00123862
16.83 -0.0012549
16.84 -0.00127017
16.85 -0.00128192
16.86 -0.00128753
16.87 -0.00128504
16.88 -0.00127386
16.89 -0.0012547
16.9 -0.00122872
16.91 -0.00119678
16.92 -0.00115911
16.93 -0.00111574
16.94 -0.00106715
16.95 -0.0010145
16.96 -0.000959277
16.97 -0.000902679
16.98 -0.000845101
16.99 -0.000786254
17 -0.000725723
17.01 -0.000663479
17.02 -0.000599864
17.03 -0.000535196
17.04 -0.000469457
17.05 -0.000402373
17.06 -0.000333755
17.07 -0.00026374
17.08 -0.000192708
17.09 -0.000120955
17.1 -4.84549e-05
17.11 2.5089e-05
17.12 9.99185e-05
17.13 0.000175904
17.14 0.000252521
17.15 0.000329144
17.16 0.000405325
17.17 0.000480778
17.18 0.000555176
17.19 0.00062811
17.2 0.000699262
17.21 0.000768584
17.22 0.000836274
17.23 0.000902544
17.24 0.00096728
17.25 0.00102978
17.26 0.00108874
17.27 0.00114258
17.28 0.00118991
17.29 0.0012299
17.3 0.00126243
17.31 0.00128772
17.32 0.00130595
17.33 0.0013171
17.34 0.00132113
17.35 0.0013183
17.36 0.00130931
17.37 0.00129507
17.38 0.00127647
17.39 0.00125411
17.4 0.00122853
17.41 0.0012003
17.42 0.00117008
17.43 0.00113831
17.44 0.00110492
17.45 0.00106932
17.46 0.0010307
17.47 0.000988445
17.48 0.000942448
17.49 0.000893005
17.5 0.00084057
17.51 0.000785553
17.52 0.000728293
17.53 0.000669142
17.54 0.00060853
17.55 0.000546924
17.56 0.000484707
17.57 0.000422139
17.58 0.000359406
17.59 0.000296674
17.6 0.000234058
17.61 0.00017157
17.62 0.000109128
17.63 4.66401e-05
17.64 -1.58882e-05
17.65 -7.83018e-05
17.66 -0.000140389
17.67 -0.000202071
17.68 -0.00026349
17.69 -0.000324854
17.7 -0.00038613
17.71 -0.000446888
17.72 -0.000506438
17.73 -0.000564119
17.74 -0.000619482
17.75 -0.000672266
17.76 -0.000722208
17.77 -0.000768907
17.78 -0.000811877
17.79 -0.000850681
17.8 -0.000884953
17.81 -0.000914288
17.82 -0.000938204
17.83 -0.000956328
17.84 -0.000968725
17.85 -0.000976074
17.86 -0.000979467
17.87 -0.000979929
17.88 -0.000977989
17.89 -0.000973571
17.9 -0.000966239
17.91 -0.000955532
17.92 -0.000941117
17.93 -0.000922724
17.94 -0.000900203
17.95 -0.000873818
17.96 -0.000844536
17.97 -0.00081392
17.98 -0.000783587
17.99 -0.000754607
18 -0.000727275
18.01 -0.000701347
18.02 -0.000676481
18.03 -0.000652477
18.04 -0.000629147
18.05 -0.00060604
18.06 -0.000582364
18.07 -0.000557196
18.08 -0.000529768
18.09 -0.000499575
18.1 -0.000466284
18.11 -0.000429624
18.12 -0.000389457
18.13 -0.000346
18.14 -0.000299962
18.15 -0.000252439
18.16 -0.000204657
18.17 -0.000157741
18.18 -0.000112506
18.19 -6.93517e-05
18.2 -2.83545e-05
18.21 1.05036e-05
18.22 4.71249e-05
18.23 8.12451e-05
18.24 0.00011259
18.25 0.000141111
18.26 0.000167054
18.27 0.000190839
18.28 0.000212915
18.29 0.000233719
18.3 0.000253733
18.31 0.000273598
18.32 0.000294133
18.33 0.000316151
18.34 0.000340178
18.35 0.000366314
18.36 0.00039433
18.37 0.000423925
18.38 0.000454937
18.39 0.000487326
18.4 0.000521029
18.41 0.000555882
18.42 0.0005916
18.43 0.000627754
18.44 0.000663758
18.45 0.000698932
18.46 0.000732601
18.47 0.000764098
18.48 0.000792663
18.49 0.000817388
18.5 0.000837301
18.51 0.000851653
18.52 0.000860214
18.53 0.000863328
18.54 0.000861635
18.55 0.000855669
18.56 0.000845693
18.57 0.000831873
18.58 0.00081453
18.59 0.000794131
18.6 0.000771026
18.61 0.000745222
18.62 0.000716412
18.63 0.000684228
18.64 0.000648558
18.65 0.000609743
18.66 0.000568465
18.67 0.000525387
18.68 0.00048081
18.69 0.000434638
18.7 0.000386601
18.71 0.00033646
18.72 0.000284058
18.73 0.00022927
18.74 0.000172018
18.75 0.000112338
18.76 5.04111e-05
18.77 -1.35244e-05
18.78 -7.92419e-05
18.79 -0.000146521
18.8 -0.000215079
18.81 -0.000284508
18.82 -0.000354295
18.83 -0.000423925
18.84 -0.000492972
18.85 -0.000561117
18.86 -0.000628153
18.87 -0.000693993
18.88 -0.000758655
18.89 -0.000822168
18.9 -0.000884365
18.91 -0.000944683
18.92 -0.00100218
18.93 -0.0010558
18.94 -0.00110464
18.95 -0.00114801
18.96 -0.00118543
18.97 -0.00121658
18.98 -0.00124137
18.99 -0.00125999
19 -0.00127291
19.01 -0.00128074
19.02 -0.00128416
19.03 -0.00128383
19.04 -0.00128035
19.05 -0.00127434
19.06 -0.00126639
19.07 -0.0012569
19.08 -0.00124598
19.09 -0.00123341
19.1 -0.00121875
19.11 -0.00120144
19.12 -0.00118078
19.13 -0.001156
19.14 -0.00112643
19.15 -0.00109173
19.16 -0.00105211
19.17 -0.00100815
19.18 -0.000960485
19.19 -0.000909504
19.2 -0.000855309
19.21 -0.000797887
19.22 -0.00073731
19.23 -0.000673792
19.24 -0.000607541
19.25 -0.00053855
19.26 -0.000466575
19.27 -0.000391371
19.28 -0.000313008
19.29 -0.000231977
19.3 -0.000149024
19.31 -6.48391e-05
19.32 2.02018e-05
19.33 0.000106179
19.34 0.000193632
19.35 0.000283362
19.36 0.00037607
19.37 0.000471982
19.38 0.000570606
19.39 0.000670667
19.4 0.000770302
19.41 0.000867547
19.42 0.000960944
19.43 0.00104989
19.44 0.00113447
19.45 0.00121482
19.46 0.00129048
19.47 0.00136031
19.48 0.00142303
19.49 0.00147807
19.5 0.00152609
19.51 0.00156874
19.52 0.00160776
19.53 0.00164414
19.54 0.00167781
19.55 0.0017079
19.56 0.00173339
19.57 0.00175334
19.58 0.00176696
19.59 0.00177339
19.6 0.00177174
19.61 0.00176136
19.62 0.00174212
19.63 0.00171449
19.64 0.0016794
19.65 0.00163795
19.66 0.00159116
19.67 0.0015398
19.68 0.00148441
19.69 0.00142525
19.7 0.00136238
19.71 0.00129584
19.72 0.00122571
19.73 0.0011522
19.74 0.00107565
19.75 0.000996591
19.76 0.000915657
19.77 0.000833539
19.78 0.000750926
19.79 0.000668587
19.8 0.000587374
19.81 0.000508106
19.82 0.000431407
19.83 0.000357564
19.84 0.000286415
19.85 0.000217348
19.86 0.000149507
19.87 8.21347e-05
19.88 1.48506e-05
19.89 -5.23817e-05
19.9 -0.000119539
19.91 -0.000186755
19.92 -0.000254188
19.93 -0.000321657
19.94 -0.000388439
19.95 -0.000453445
19.96 -0.000515708
19.97 -0.000574823
19.98 -0.000631066
19.99 -0.000685186
20 -0.000738046
20.01 -0.000790236
20.02 -0.000841762
20.03 -0.000891957
20.04 -0.000939736
20.05 -0.000984068
20.06 -0.00102435
20.07 -0.00106044
20.08 -0.00109239
20.09 -0.00112021
20.1 -0.00114393
20.11 -0.00116376
20.12 -0.00118006
20.13 -0.0011931
20.14 -0.00120298
20.15 -0.00120967
20.16 -0.00121324
20.17 -0.00121393
20.18 -0.00121201
20.19 -0.00120756
20.2 -0.00120042
20.21 -0.00119031
20.22 -0.00117712
20.23 -0.00116102
20.24 -0.00114241
20.25 -0.00112178
20.26 -0.00109952
20.27 -0.00107578
20.28 -0.0010506
20.29 -0.00102401
20.3 -0.000996094
20.31 -0.000966833
20.32 -0.000935995
20.33 -0.000903161
20.34 -0.000867951
20.35 -0.000830276
20.36 -0.000790415
20.37 -0.000748876
20.38 -0.00070613
20.39 -0.000662429
20.4 -0.000617828
20.41 -0.00057232
20.42 -0.000525926
20.43 -0.000478749
20.44 -0.000430997
20.45 -0.000382886
20.46 -0.000334429
20.47 -0.000285315
20.48 -0.000235075
20.49 -0.000183355
20.5 -0.000130077
20.51 -7.53657e-05
20.52 -1.93891e-05
20.53 3.7734e-05
20.54 9.58981e-05
20.55 0.000154942
20.56 0.000214644
20.57 0.00027476
20.58 0.000335047
20.59 0.000395228
20.6 0.000454919
20.61 0.000513572
20.62 0.000570536
20.63 0.000625267
20.64 0.00067748
20.65 0.000727042
20.66 0.000773666
20.67 0.000816711
20.68 0.000855293
20.69 0.00088854
20.7 0.000915773
20.71 0.000936542
20.72 0.000950629
20.73 0.000958059
20.74 0.000959123
20.75 0.00095436
20.76 0.000944495
20.77 0.000930338
20.78 0.000912706
20.79 0.000892399
20.8 0.000870261
20.81 0.000847233
20.82 0.000824285
20.83 0.000802253
20.84 0.000781713
20.85 0.000763007
20.86 0.00074634
20.87 0.000731836
20.88 0.000719489
20.89 0.000709111
20.9 0.000700328
20.91 0.00069261
20.92 0.000685259
20.93 0.000677399
20.94 0.000668034
20.95 0.000656181
20.96 0.000640995
20.97 0.000621797
20.98 0.000598024
20.99 0.000569197
21 0.000534946
21.01 0.000495097
21.02 0.000449781
21.03 0.00039948
21.04 0.000344975
21.05 0.000287322
21.06 0.000227879
21.07 0.000168231
21.08 0.00010989
21.09 5.39074e-05
21.1 7.29886e-07
21.11 -4.96111e-05
21.12 -9.71395e-05
21.13 -0.000141695
21.14 -0.000182981
21.15 -0.000220865
21.16 -0.00025567
21.17 -0.000288157
21.18 -0.000319154
21.19 -0.0003492
21.2 -0.000378491
21.21 -0.000407078
21.22 -0.000435078
21.23 -0.000462782
21.24 -0.000490672
21.25 -0.000519307
21.26 -0.000549145
21.27 -0.000580363
21.28 -0.000612765
21.29 -0.00064585
21.3 -0.000679018
21.31 -0.000711742
21.32 -0.000743611
21.33 -0.00077425
21.34 -0.000803235
21.35 -0.000830053
21.36 -0.000854113
21.37 -0.000874772
21.38 -0.00089139
21.39 -0.000903453
21.4 -0.000910629
21.41 -0.000912712
21.42 -0.000909489
21.43 -0.000900679
21.44 -0.000885989
21.45 -0.000865311
21.46 -0.000838945
21.47 -0.000807662
21.48 -0.000772559
21.49 -0.00073485
21.5 -0.00069569
21.51 -0.000655982
21.52 -0.000616206
21.53 -0.000576459
21.54 -0.000536698
21.55 -0.000497
21.56 -0.00045764
21.57 -0.00041902
21.58 -0.000381559
21.59 -0.000345574
21.6 -0.000311163
21.61 -0.000278096
21.62 -0.000245837
21.63 -0.000213701
21.64 -0.000181003
21.65 -0.000147051
21.66 -0.000111102
21.67 -7.2455e-05
21.68 -3.06596e-05
21.69 1.4389e-05
21.7 6.25322e-05
21.71 0.0001135
21.72 0.000166998
21.73 0.000222713
21.74 0.000280278
21.75 0.00033924
21.76 0.000399034
21.77 0.000458988
21.78 0.000518389
21.79 0.000576561
21.8 0.000632916
21.81 0.000686944
21.82 0.000738132
21.83 0.000785861
21.84 0.000829395
21.85 0.000867997
21.86 0.000901072
21.87 0.00092827
21.88 0.000949512
21.89 0.000964971
21.9 0.000975038
21.91 0.000980251
21.92 0.000981158
21.93 0.0009782
21.94 0.000971718
21.95 0.000962037
21.96 0.000949512
21.97 0.00093448
21.98 0.000917153
21.99 0.000897539
22 0.000875504
22.01 0.000850913
22.02 0.000823733
22.03 0.000793968
22.04 0.000761529
22.05 0.000726207
22.06 0.000687819
22.07 0.000646387
22.08 0.000602185
22.09 0.000555655
22.1 0.000507246
22.11 0.000457318
22.12 0.000406129
22.13 0.000353885
22.14 0.000300744
22.15 0.000246827
22.16 0.000192257
22.17 0.000137141
22.18 8.14866e-05
22.19 2.52223e-05
22.2 -3.16044e-05
22.21 -8.86238e-05
22.22 -0.000145161
22.23 -0.00020048
22.24 -0.000254018
22.25 -0.000305427
22.26 -0.000354466
22.27 -0.00040093
22.28 -0.000444739
22.29 -0.000486119
22.3 -0.000525611
22.31 -0.00056385
22.32 -0.000601263
22.33 -0.000637949
22.34 -0.000673762
22.35 -0.000708471
22.36 -0.000741844
22.37 -0.000773636
22.38 -0.000803492
22.39 -0.000830881
22.4 -0.000855157
22.41 -0.000875756
22.42 -0.000892339
22.43 -0.000904771
22.44 -0.000913031
22.45 -0.000917214
22.46 -0.000917557
22.47 -0.000914414
22.48 -0.000908181
22.49 -0.000899259
22.5 -0.000888025
22.51 -0.000874794
22.52 -0.000859819
22.53 -0.000843352
22.54 -0.000825595
22.55 -0.000806539
22.56 -0.000785817
22.57 -0.000762743
22.58 -0.000736515
22.59 -0.000706497
22.6 -0.000672443
22.61 -0.000634476
22.62 -0.000592884
22.63 -0.000547929
22.64 -0.000499845
22.65 -0.000448974
22.66 -0.000395854
22.67 -0.000341172
22.68 -0.00028563
22.69 -0.000229831
22.7 -0.000174236
22.71 -0.000119148
22.72 -6.47053e-05
22.73 -1.09029e-05
22.74 4.23615e-05
22.75 9.52089e-05
22.76 0.000147696
22.77 0.0001998
22.78 0.000251487
22.79 0.000302807
22.8 0.000353912
22.81 0.000404974
22.82 0.000456018
22.83 0.000506801
22.84 0.000556871
22.85 0.000605761
22.86 0.000653101
22.87 0.000698525
22.88 0.000741536
22.89 0.000781516
22.9 0.000817928
22.91 0.000850521
22.92 0.000879343
22.93 0.000904533
22.94 0.000926086
22.95 0.000943778
22.96 0.000957237
22.97 0.000966062
22.98 0.000969912
22.99 0.000968587
23 0.000962117
23.01 0.000950778
23.02 0.000934961
23.03 0.000914968
23.04 0.000890934
23.05 0.000863018
23.06 0.000831643
23.07 0.000797519
23.08 0.000761391
23.09 0.000723761
23.1 0.000684795
23.11 0.000644486
23.12 0.000602896
23.13 0.000560243
23.14 0.000516731
23.15 0.00047231
23.16 0.00042665
23.17 0.000379405
23.18 0.000330481
23.19 0.000280013
23.2 0.00022815
23.21 0.000174909
23.22 0.000120238
23.23 6.41426e-05
23.24 6.74882e-06
23.25 -5.16961e-05
23.26 -0.000110834
23.27 -0.000170233
23.28 -0.000229443
23.29 -0.00028798
23.3 -0.000345239
23.31 -0.000400464
23.32 -0.000452889
23.33 -0.000501945
23.34 -0.000547336
23.35 -0.000588906
23.36 -0.000626431
23.37 -0.000659551
23.38 -0.000687889
23.39 -0.000711207
23.4 -0.000729436
23.41 -0.000742577
23.42 -0.000750628
23.43 -0.000753623
23.44 -0.000751719
23.45 -0.000745258
23.46 -0.000734772
23.47 -0.000720961
23.48 -0.000704663
23.49 -0.000686768
23.5 -0.000668094
23.51 -0.00064927
23.52 -0.000630664
23.53 -0.000612399
23.54 -0.000594481
23.55 -0.000576936
23.56 -0.000559772
23.57 -0.000542843
23.58 -0.000525823
23.59 -0.000508366
23.6 -0.000490319
23.61 -0.000471767
23.62 -0.000452871
23.63 -0.000433709
23.64 -0.000414258
23.65 -0.000394468
23.66 -0.000374316
23.67 -0.000353771
23.68 -0.000332673
23.69 -0.000310611
23.7 -0.000286964
23.71 -0.00026112
23.72 -0.000232723
23.73 -0.000201723
23.74 -0.000168198
23.75 -0.000132187
23.76 -9.37186e-05
23.77 -5.29516e-05
23.78 -1.02172e-05
23.79 3.41667e-05
23.8 8.00963e-05
23.81 0.000127605
23.82 0.000176561
23.83 0.000226483
23.84 0.000276633
23.85 0.000326244
23.86 0.000374678
23.87 0.000421448
23.88 0.000466104
23.89 0.000508115
23.9 0.000546825
23.91 0.000581571
23.92 0.000611885
23.93 0.000637624
23.94 0.000658905
23.95 0.000675907
23.96 0.00068874
23.97 0.000697453
23.98 0.000702146
23.99 0.000703068
24 0.000700651
24.01 0.00069544
24.02 0.000687947
24.03 0.000678542
24.04 0.00066749
24.05 0.000655095
24.06 0.00064177
24.07 0.000627926
24.08 0.000613762
24.09 0.000599146
24.1 0.000583709
24.11 0.000567063
24.12 0.000548966
24.13 0.000529296
24.14 0.000507894
24.15 0.000484479
24.16 0.000458751
24.17 0.000430606
24.18 0.000400277
24.19 0.000368239
24.2 0.000334938
24.21 0.00030061
24.22 0.000265299
24.23 0.000229005
24.24 0.000191791
24.25 0.000153836
24.26 0.000115449
24.27 7.70098e-05
24.28 3.88394e-05
24.29 1.15767e-06
24.3 -3.57839e-05
24.31 -7.1555e-05
24.32 -0.000105621
24.33 -0.000137568
24.34 -0.000167205
24.35 -0.00019446
24.36 -0.000219259
24.37 -0.000241519
24.38 -0.000261193
24.39 -0.000278305
24.4 -0.000292952
24.41 -0.000305255
24.42 -0.000315278
24.43 -0.000322993
24.44 -0.000328349
24.45 -0.000331385
24.46 -0.000332366
24.47 -0.000331815
24.48 -0.000330389
24.49 -0.000328684
24.5 -0.000327135
24.51 -0.000326032
24.52 -0.000325562
24.53 -0.000325807
24.54 -0.000326728
24.55 -0.000328189
24.56 -0.000330004
24.57 -0.000331982
24.58 -0.000334012
24.59 -0.000336134
24.6 -0.000338475
24.61 -0.000341019
24.62 -0.000343426
24.63 -0.000345126
24.64 -0.000345615
24.65 -0.000344655
24.66 -0.000342211
24.67 -0.000338247
24.68 -0.000332665
24.69 -0.00032548
24.7 -0.000317
24.71 -0.000307777
24.72 -0.000298355
24.73 -0.00028909
24.74 -0.000280142
24.75 -0.000271539
24.76 -0.000263217
24.77 -0.000255082
24.78 -0.000247088
24.79 -0.000239237
24.8 -0.000231495
24.81 -0.000223729
24.82 -0.000215771
24.83 -0.000207566
24.84 -0.00019924
24.85 -0.000190945
24.86 -0.000182644
24.87 -0.000174094
24.88 -0.000165018
24.89 -0.000155244
24.9 -0.000144738
24.91 -0.000133581
24.92 -0.000121928
24.93 -0.000109929
24.94 -9.7694e-05
24.95 -8.5351e-05
24.96 -7.3129e-05
24.97 -6.13216e-05
24.98 -5.01688e-05
24.99 -3.97851e-05
25 -3.0154e-05
25.01 -2.1153e-05
25.02 -1.26184e-05
25.03 -4.44032e-06
25.04 3.39651e-06
25.05 1.08705e-05
25.06 1.80007e-05
25.07 2.48322e-05
25.08 3.1349e-05
25.09 3.74377e-05
25.1 4.29488e-05
25.11 4.77745e-05
25.12 5.18546e-05
25.13 5.51455e-05
25.14 5.76287e-05
25.15 5.93353e-05
25.16 6.03019e-05
25.17 6.04797e-05
25.18 5.97366e-05
25.19 5.80174e-05
25.2 5.5503e-05
25.21 5.25657e-05
25.22 4.95213e-05
25.23 4.64066e-05
25.24 4.29917e-05
25.25 3.90077e-05
25.26 3.4368e-05
25.27 2.91909e-05
25.28 2.36805e-05
25.29 1.80499e-05
25.3 1.25334e-05
25.31 7.37677e-06
25.32 2.76936e-06
25.33 -1.19344e-06
25.34 -4.45524e-06
25.35 -6.92819e-06
25.36 -8.5121e-06
25.37 -9.19314e-06
25.38 -9.11053e-06
25.39 -8.51305e-06
25.4 -7.65226e-06
25.41 -6.71031e-06
25.42 -5.7742e-06
25.43 -4.81645e-06
25.44 -3.70865e-06
25.45 -2.31562e-06
25.46 -6.19859e-07
25.47 1.2383e-06
25.48 3.05736e-06
25.49 4.74469e-06
25.5 6.42231e-06
25.51 8.37438e-06
25.52 1.08907e-05
25.53 1.41491e-05
25.54 1.82184e-05
25.55 2.31237e-05
25.56 2.88535e-05
25.57 3.52889e-05
25.58 4.2189e-05
25.59 4.93177e-05
25.6 5.65698e-05
25.61 6.39226e-05
25.62 7.12624e-05
25.63 7.82817e-05
25.64 8.45375e-05
25.65 8.95931e-05
25.66 9.3145e-05
25.67 9.50762e-05
25.68 9.53985e-05
25.69 9.4128e-05
25.7 9.12491e-05
25.71 8.68221e-05
25.72 8.1088e-05
25.73 7.44393e-05
25.74 6.73006e-05
25.75 6.00343e-05
25.76 5.2922e-05
25.77 4.62178e-05
25.78 4.02282e-05
25.79 3.5333e-05
25.8 3.19364e-05
25.81 3.03928e-05
25.82 3.0908e-05
25.83 3.34477e-05
25.84 3.77391e-05
25.85 4.3382e-05
25.86 4.9995e-05
25.87 5.73227e-05
25.88 6.52577e-05
25.89 7.37781e-05
25.9 8.28497e-05
25.91 9.23598e-05
25.92 0.000102133
25.93 0.000112016
25.94 0.000121946
25.95 0.000131943
25.96 0.000142035
25.97 0.000152165
25.98 0.000162153
25.99 0.000171772
26 0.000180881
26.01 0.000189491
26.02 0.000197713
26.03 0.000205676
26.04 0.000213469
26.05 0.000221133
26.06 0.000228635
26.07 0.000235869
26.08 0.000242699
26.09 0.000249045
26.1 0.000254965
26.11 0.000260662
26.12 0.000266376
26.13 0.000272222
26.14 0.000278144
26.15 0.000283984
26.16 0.000289603
26.17 0.000294935
26.18 0.000299965
26.19 0.000304656
26.2 0.000308903
26.21 0.000312546
26.22 0.000315434
26.23 0.000317477
26.24 0.000318677
26.25 0.0003191
26.26 0.000318841
26.27 0.000317993
26.28 0.000316646
26.29 0.000314876
26.3 0.000312698
26.31 0.000309934
26.32 0.000306151
26.33 0.000300806
26.34 0.000293524
26.35 0.000284225
26.36 0.000272979
26.37 0.000259773
26.38 0.000244441
26.39 0.000226757
26.4 0.000206549
26.41 0.000183779
26.42 0.000158526
26.43 0.000130876
26.44 0.00010081
26.45 6.82361e-05
26.46 3.31657e-05
26.47 -4.17261e-06
26.48 -4.34078e-05
26.49 -8.41957e-05
26.5 -0.000126274
26.51 -0.000169324
26.52 -0.000212766
26.53 -0.000255701
26.54 -0.000297084
26.55 -0.000336039
26.56 -0.000372065
26.57 -0.000404961
26.58 -0.000434557
26.59 -0.000460553
26.6 -0.000482625
26.61 -0.000500668
26.62 -0.00051493
26.63 -0.000525902
26.64 -0.000534041
26.65 -0.000539582
26.66 -0.000542536
26.67 -0.000542764
26.68 -0.000540082
26.69 -0.000534423
26.7 -0.000525924
26.71 -0.000514853
26.72 -0.000501454
26.73 -0.000485824
26.74 -0.000467936
26.75 -0.000447765
26.76 -0.000425357
26.77 -0.000400785
26.78 -0.000374097
26.79 -0.000345369
26.8 -0.000314768
26.81 -0.000282504
26.82 -0.000248763
26.83 -0.00021372
26.84 -0.000177636
26.85 -0.000140897
26.86 -0.000103977
26.87 -6.73852e-05
26.88 -3.16382e-05
26.89 2.78221e-06
26.9 3.54896e-05
26.91 6.62229e-05
26.92 9.48211e-05
26.93 0.000121202
26.94 0.000145377
26.95 0.000167453
26.96 0.000187583
26.97 0.000205876
26.98 0.000222354
26.99 0.00023696
27 0.000249627
27.01 0.000260323
27.02 0.000269044
27.03 0.000275782
27.04 0.000280536
27.05 0.000283368
27.06 0.000284424
27.07 0.000283899
27.08 0.000281999
27.09 0.000278971
27.1 0.0002751
27.11 0.000270661
27.12 0.00026585
27.13 0.000260749
27.14 0.000255336
27.15 0.000249514
27.16 0.00024319
27.17 0.000236394
27.18 0.000229326
27.19 0.000222309
27.2 0.00021567
27.21 0.000209673
27.22 0.000204498
27.23 0.000200236
27.24 0.000196843
27.25 0.000194114
27.26 0.000191715
27.27 0.000189264
27.28 0.000186425
27.29 0.000182985
27.3 0.000178828
27.31 0.000173807
27.32 0.000167675
27.33 0.000160151
27.34 0.00015105
27.35 0.000140347
27.36 0.000128133
27.37 0.000114514
27.38 9.95165e-05
27.39 8.3095e-05
27.4 6.52167e-05
27.41 4.59025e-05
27.42 2.51957e-05
27.43 3.15169e-06
27.44 -2.01177e-05
27.45 -4.44032e-05
27.46 -6.93861e-05
27.47 -9.46653e-05
27.48 -0.000119855
27.49 -0.000144711
27.5 -0.000169179
27.51 -0.000193294
27.52 -0.000217028
27.53 -0.000240203
27.54 -0.00026252
27.55 -0.000283682
27.56 -0.00030352
27.57 -0.000322001
27.58 -0.000339117
27.59 -0.000354732
27.6 -0.000368582
27.61 -0.000380412
27.62 -0.000390138
27.63 -0.000397893
27.64 -0.00040396
27.65 -0.000408661
27.66 -0.000412323
27.67 -0.000415276
27.68 -0.000417823
27.69 -0.000420173
27.7 -0.000422362
27.71 -0.000424236
27.72 -0.000425505
27.73 -0.000425883
27.74 -0.000425212
27.75 -0.000423438
27.76 -0.000420502
27.77 -0.000416281
27.78 -0.000410681
27.79 -0.000403757
27.8 -0.000395752
27.81 -0.000386997
27.82 -0.000377765
27.83 -0.000368129
27.84 -0.000357927
27.85 -0.000346864
27.86 -0.000334698
27.87 -0.000321333
27.88 -0.000306773
27.89 -0.000291026
27.9 -0.00027409
27.91 -0.000256004
27.92 -0.000236878
27.93 -0.000216853
27.94 -0.000196004
27.95 -0.00017426
27.96 -0.000151438
27.97 -0.000127395
27.98 -0.000102159
27.99 -7.5935e-05
28 -4.89954e-05
28.01 -2.15375e-05
28.02 6.34355e-06
28.03 3.4539e-05
28.04 6.28027e-05
28.05 9.07625e-05
28.06 0.000118067
28.07 0.000144521
28.08 0.000170088
28.09 0.000194786
28.1 0.000218609
28.11 0.000241526
28.12 0.000263503
28.13 0.000284514
28.14 0.000304521
28.15 0.000323431
28.16 0.000341082
28.17 0.000357276
28.18 0.00037185
28.19 0.000384714
28.2 0.00039585
28.21 0.00040528
28.22 0.000413055
28.23 0.000419291
28.24 0.000424204
28.25 0.000428087
28.26 0.000431232
28.27 0.000433856
28.28 0.000436064
28.29 0.000437841
28.3 0.00043908
28.31 0.00043963
28.32 0.000439334
28.33 0.000438016
28.34 0.000435465
28.35 0.000431488
28.36 0.000425992
28.37 0.000419015
28.38 0.000410647
28.39 0.000400926
28.4 0.00038982
28.41 0.000377294
28.42 0.000363388
28.43 0.000348226
28.44 0.00033196
28.45 0.000314709
28.46 0.000296531
28.47 0.000277454
28.48 0.000257531
28.49 0.000236887
28.5 0.000215729
28.51 0.000194297
28.52 0.00017278
28.53 0.00015131
28.54 0.000129982
28.55 0.000108863
28.56 8.79828e-05
28.57 6.73365e-05
28.58 4.69314e-05
28.59 2.68228e-05
28.6 7.10179e-06
28.61 -1.21525e-05
28.62 -3.08946e-05
28.63 -4.90968e-05
28.64 -6.6731e-05
28.65 -8.37667e-05
28.66 -0.000100177
28.67 -0.000115961
28.68 -0.000131165
28.69 -0.000145896
28.7 -0.000160274
28.71 -0.000174353
28.72 -0.000188086
28.73 -0.000201357
28.74 -0.000214065
28.75 -0.000226164
28.76 -0.000237628
28.77 -0.000248402
28.78 -0.000258395
28.79 -0.00026752
28.8 -0.000275741
28.81 -0.000283076
28.82 -0.000289564
28.83 -0.00029522
28.84 -0.000300003
28.85 -0.000303835
28.86 -0.000306638
28.87 -0.000308381
28.88 -0.000309074
28.89 -0.000308736
28.9 -0.000307367
28.91 -0.000304955
28.92 -0.000301496
28.93 -0.000297026
28.94 -0.000291606
28.95 -0.000285306
28.96 -0.000278181
28.97 -0.000270264
28.98 -0.000261577
28.99 -0.000252133
29 -0.000241948
29.01 -0.00023104
29.02 -0.000219427
29.03 -0.00020713
29.04 -0.000194167
29.05 -0.000180562
29.06 -0.000166347
29.07 -0.000151565
29.08 -0.000136274
29.09 -0.000120535
29.1 -0.0001044
29.11 -8.79214e-05
29.12 -7.11651e-05
29.13 -5.42296e-05
29.14 -3.72368e-05
29.15 -2.02972e-05
29.16 -3.48144e-06
29.17 1.3172e-05
29.18 2.96236e-05
29.19 4.58126e-05
29.2 6.16707e-05
29.21 7.71497e-05
29.22 9.22354e-05
29.23 0.000106933
29.24 0.000121236
29.25 0.000135117
29.26 0.000148528
29.27 0.000161424
29.28 0.00017377
29.29 0.000185537
29.3 0.000196696
29.31 0.000207207
29.32 0.000217027
29.33 0.000226114
29.34 0.000234435
29.35 0.000241965
29.36 0.000248685
29.37 0.000254571
29.38 0.000259595
29.39 0.00026373
29.4 0.000266961
29.41 0.000269275
29.42 0.000270659
29.43 0.000271097
29.44 0.000270567
29.45 0.000269051
29.46 0.000266547
29.47 0.000263065
29.48 0.000258623
29.49 0.000253241
29.5 0.000246936
29.51 0.000239726
29.52 0.000231638
29.53 0.000222707
29.54 0.000212976
29.55 0.000202489
29.56 0.000191287
29.57 0.000179411
29.58 0.000166906
29.59 0.000153825
29.6 0.000140224
29.61 0.000126162
29.62 0.000111696
29.63 9.68818e-05
29.64 8.17754e-05
29.65 6.64355e-05
29.66 5.0922e-05
29.67 3.52944e-05
29.68 1.96096e-05
29.69 3.92226e-06
29.7 -1.17142e-05
29.71 -2.72463e-05
29.72 -4.26208e-05
29.73 -5.77854e-05
29.74 -7.26902e-05
29.75 -8.72881e-05
29.76 -0.000101535
29.77 -0.000115387
29.78 -0.000128805
29.79 -0.000141749
29.8 -0.000154182
29.81 -0.000166071
29.82 -0.000177383
29.83 -0.000188086
29.84 -0.000198149
29.85 -0.000207541
29.86 -0.000216232
29.87 -0.000224192
29.88 -0.000231394
29.89 -0.000237809
29.9 -0.000243413
29.91 -0.000248183
29.92 -0.000252098
29.93 -0.000255141
29.94 -0.000257298
29.95 -0.000258559
29.96 -0.000258916
29.97 -0.000258368
29.98 -0.000256914
29.99 -0.000254561
30 -0.000251324
30.01 -0.000247216
30.02 -0.000242255
30.03 -0.000236456
30.04 -0.000229837
30.05 -0.000222424
30.06 -0.00021425
30.07 -0.000205349
30.08 -0.000195759
30.09 -0.000185515
30.1 -0.000174656
30.11 -0.000163224
30.12 -0.000151264
30.13 -0.000138822
30.14 -0.000125947
30.15 -0.000112685
30.16 -9.90843e-05
30.17 -8.51946e-05
30.18 -7.10673e-05
30.19 -5.67551e-05
30.2 -4.23107e-05
30.21 -2.77863e-05
30.22 -1.32335e-05
30.23 1.29654e-06
30.24 1.57534e-05
30.25 3.00876e-05
30.26 4.42516e-05
30.27 5.82001e-05
30.28 7.189e-05
30.29 8.52799e-05
30.3 9.833e-05
30.31 0.000111002
30.32 0.000123259
30.33 0.000135066
30.34 0.000146389
30.35 0.000157194
30.36 0.000167451
30.37 0.000177129
30.38 0.000186198
30.39 0.000194631
30.4 0.000202402
30.41 0.000209485
30.42 0.000215857
30.43 0.000221498
30.44 0.000226387
30.45 0.000230506
30.46 0.000233841
30.47 0.000236378
30.48 0.000238106
30.49 0.000239019
30.5 0.000239111
30.51 0.000238381
30.52 0.00023683
30.53 0.000234465
30.54 0.000231293
30.55 0.000227328
30.56 0.000222582
30.57 0.000217075
30.58 0.000210828
30.59 0.000203863
30.6 0.000196207
30.61 0.000187888
30.62 0.000178936
30.63 0.000169384
30.64 0.000159266
30.65 0.00014862
30.66 0.000137485
30.67 0.0001259
30.68 0.000113908
30.69 0.000101553
30.7 8.88805e-05
30.71 7.59358e-05
30.72 6.27662e-05
30.73 4.94194e-05
30.74 3.59435e-05
30.75 2.23869e-05
30.76 8.79794e-06
30.77 -4.77491e-06
30.78 -1.82836e-05
30.79 -3.16807e-05
30.8 -4.49194e-05
30.81 -5.79538e-05
30.82 -7.07393e-05
30.83 -8.32327e-05
30.84 -9.53924e-05
30.85 -0.000107179
30.86 -0.000118554
30.87 -0.000129482
30.88 -0.000139929
30.89 -0.000149863
30.9 -0.000159256
30.91 -0.000168078
30.92 -0.000176305
30.93 -0.000183913
30.94 -0.000190879
30.95 -0.000197183
30.96 -0.000202807
30.97 -0.000207734
30.98 -0.000211951
30.99 -0.000215444
31 -0.000218203
31.01 -0.00022022
31.02 -0.00022149
31.03 -0.000222009
31.04 -0.000221777
31.05 -0.000220794
31.06 -0.000219065
31.07 -0.000216596
31.08 -0.000213396
31.09 -0.000209477
31.1 -0.000204852
31.11 -0.000199539
31.12 -0.000193556
31.13 -0.000186926
31.14 -0.00017967
31.15 -0.000171816
31.16 -0.000163392
31.17 -0.000154428
31.18 -0.000144955
31.19 -0.000135008
31.2 -0.000124622
31.21 -0.000113833
31.22 -0.00010268
31.23 -9.12025e-05
31.24 -7.94399e-05
31.25 -6.74344e-05
31.26 -5.5228e-05
31.27 -4.2864e-05
31.28 -3.03857e-05
31.29 -1.78372e-05
31.3 -5.2625e-06
31.31 7.29438e-06
31.32 1.97896e-05
31.33 3.21799e-05
31.34 4.44224e-05
31.35 5.64752e-05
31.36 6.82973e-05
31.37 7.98488e-05
31.38 9.10911e-05
31.39 0.000101987
31.4 0.0001125
31.41 0.000122597
31.42 0.000132244
31.43 0.000141411
31.44 0.000150068
31.45 0.000158189
31.46 0.000165748
31.47 0.000172721
31.48 0.000179088
31.49 0.000184828
31.5 0.000189925
31.51 0.000194364
31.52 0.000198131
31.53 0.000201214
31.54 0.000203606
31.55 0.0002053
31.56 0.000206292
31.57 0.000206578
31.58 0.00020616
31.59 0.00020504
31.6 0.000203224
31.61 0.000200717
31.62 0.00019753
31.63 0.000193675
31.64 0.000189165
31.65 0.000184019
31.66 0.000178253
31.67 0.000171889
31.68 0.000164949
31.69 0.000157459
31.7 0.000149444
31.71 0.000140934
31.72 0.000131959
31.73 0.000122551
31.74 0.000112744
31.75 0.000102571
31.76 9.20706e-05
31.77 8.12791e-05
31.78 7.02354e-05
31.79 5.89789e-05
31.8 4.75501e-05
31.81 3.59895e-05
31.82 2.43385e-05
31.83 1.26386e-05
31.84 9.31142e-07
31.85 -1.07425e-05
31.86 -2.23414e-05
31.87 -3.38252e-05
31.88 -4.51542e-05
31.89 -5.62897e-05
31.9 -6.71941e-05
31.91 -7.78308e-05
31.92 -8.8165e-05
31.93 -9.81629e-05
31.94 -0.000107793
31.95 -0.000117024
31.96 -0.000125828
31.97 -0.000134177
31.98 -0.000142047
31.99 -0.000149412
32 -0.000156253
32.01 -0.000162547
32.02 -0.000168277
32.03 -0.000173426
32.04 -0.000177978
32.05 -0.000181921
32.06 -0.000185242
32.07 -0.000187931
32.08 -0.000189983
32.09 -0.000191389
32.1 -0.000192147
32.11 -0.000192254
32.12 -0.000191711
32.13 -0.00019052
32.14 -0.000188686
32.15 -0.000186215
32.16 -0.000183115
32.17 -0.000179398
32.18 -0.000175076
32.19 -0.000170165
32.2 -0.000164681
32.21 -0.000158644
32.22 -0.000152075
32.23 -0.000144996
32.24 -0.000137433
32.25 -0.000129412
32.26 -0.000120961
32.27 -0.00011211
32.28 -0.00010289
32.29 -9.33342e-05
32.3 -8.34765e-05
32.31 -7.3352e-05
32.32 -6.29969e-05
32.33 -5.24481e-05
32.34 -4.17436e-05
32.35 -3.09219e-05
32.36 -2.00218e-05
32.37 -9.08237e-06
32.38 1.85705e-06
32.39 1.27574e-05
32.4 2.35799e-05
32.41 3.42862e-05
32.42 4.48388e-05
32.43 5.52008e-05
32.44 6.53366e-05
32.45 7.52117e-05
32.46 8.47928e-05
32.47 9.40482e-05
32.48 0.000102948
32.49 0.000111463
32.5 0.000119566
32.51 0.000127234
32.52 0.000134441
32.53 0.000141167
32.54 0.000147391
32.55 0.000153096
32.56 0.000158265
32.57 0.000162883
32.58 0.000166938
32.59 0.000170418
32.6 0.000173314
32.61 0.000175619
32.62 0.000177325
32.63 0.00017843
32.64 0.00017893
32.65 0.000178825
32.66 0.000178116
32.67 0.000176806
32.68 0.0001749
32.69 0.000172406
32.7 0.000169331
32.71 0.000165688
32.72 0.000161487
32.73 0.000156745
32.74 0.000151477
32.75 0.000145701
32.76 0.000139439
32.77 0.000132711
32.78 0.000125541
32.79 0.000117954
32.8 0.000109977
32.81 0.000101639
32.82 9.29677e-05
32.83 8.39947e-05
32.84 7.47518e-05
32.85 6.52717e-05
32.86 5.55882e-05
32.87 4.57357e-05
32.88 3.57493e-05
32.89 2.56646e-05
32.9 1.55174e-05
32.91 5.34368e-06
32.92 -4.82062e-06
32.93 -1.49397e-05
32.94 -2.49781e-05
32.95 -3.49008e-05
32.96 -4.46737e-05
32.97 -5.42631e-05
32.98 -6.36365e-05
32.99 -7.27626e-05
33 -8.16108e-05
33.01 -9.01522e-05
33.02 -9.8359e-05
33.03 -0.000106205
33.04 -0.000113665
33.05 -0.000120716
33.06 -0.000127336
33.07 -0.000133505
33.08 -0.000139204
33.09 -0.000144416
33.1 -0.000149125
33.11 -0.000153317
33.12 -0.000156981
33.13 -0.000160105
33.14 -0.000162681
33.15 -0.000164701
33.16 -0.000166159
33.17 -0.000167052
33.18 -0.000167377
33.19 -0.000167135
33.2 -0.000166326
33.21 -0.000164954
33.22 -0.000163024
33.23 -0.000160543
33.24 -0.000157519
33.25 -0.000153964
33.26 -0.00014989
33.27 -0.000145311
33.28 -0.000140243
33.29 -0.000134705
33.3 -0.000128715
33.31 -0.000122294
33.32 -0.000115467
33.33 -0.000108256
33.34 -0.000100688
33.35 -9.27887e-05
33.36 -8.45877e-05
33.37 -7.61139e-05
33.38 -6.73978e-05
33.39 -5.84706e-05
33.4 -4.93645e-05
33.41 -4.01123e-05
33.42 -3.0747e-05
33.43 -2.13025e-05
33.44 -1.18122e-05
33.45 -2.31021e-06
33.46 7.16996e-06
33.47 1.65949e-05
33.48 2.59317e-05
33.49 3.51479e-05
33.5 4.42121e-05
33.51 5.30933e-05
33.52 6.17619e-05
33.53 7.0189e-05
33.54 7.83473e-05
33.55 8.62104e-05
33.56 9.37532e-05
33.57 0.000100952
33.58 0.000107785
33.59 0.000114231
33.6 0.00012027
33.61 0.000125884
33.62 0.000131058
33.63 0.000135774
33.64 0.00014002
33.65 0.000143784
33.66 0.000147053
33.67 0.000149819
33.68 0.000152074
33.69 0.000153812
33.7 0.000155026
33.71 0.000155715
33.72 0.000155876
33.73 0.000155508
33.74 0.000154615
33.75 0.000153198
33.76 0.000151263
33.77 0.000148817
33.78 0.000145868
33.79 0.000142425
33.8 0.000138502
33.81 0.000134112
33.82 0.000129269
33.83 0.000123991
33.84 0.000118296
33.85 0.000112204
33.86 0.000105738
33.87 9.89186e-05
33.88 9.17714e-05
33.89 8.43216e-05
33.9 7.65957e-05
33.91 6.86214e-05
33.92 6.04273e-05
33.93 5.20428e-05
33.94 4.3498e-05
33.95 3.48236e-05
33.96 2.60506e-05
33.97 1.72105e-05
33.98 8.33484e-06
33.99 -5.44841e-07
34 -9.39709e-06
34.01 -1.81907e-05
34.02 -2.68951e-05
34.03 -3.54798e-05
34.04 -4.39156e-05
34.05 -5.21735e-05
34.06 -6.02258e-05
34.07 -6.80457e-05
34.08 -7.56075e-05
34.09 -8.28864e-05
34.1 -8.98593e-05
34.11 -9.6504e-05
34.12 -0.0001028
34.13 -0.000108727
34.14 -0.000114267
34.15 -0.000119404
34.16 -0.000124123
34.17 -0.000128408
34.18 -0.000132248
34.19 -0.000135632
34.2 -0.000138549
34.21 -0.000140991
34.22 -0.000142952
34.23 -0.000144426
34.24 -0.000145408
34.25 -0.000145897
34.26 -0.000145891
34.27 -0.000145391
34.28 -0.000144399
34.29 -0.00014292
34.3 -0.000140958
34.31 -0.00013852
34.32 -0.000135615
34.33 -0.000132254
34.34 -0.000128447
34.35 -0.000124209
34.36 -0.000119554
34.37 -0.000114499
34.38 -0.000109062
34.39 -0.000103261
34.4 -9.7118e-05
34.41 -9.06542e-05
34.42 -8.38927e-05
34.43 -7.68578e-05
34.44 -6.95745e-05
34.45 -6.20689e-05
34.46 -5.43679e-05
34.47 -4.64989e-05
34.48 -3.84902e-05
34.49 -3.03701e-05
34.5 -2.21677e-05
34.51 -1.3912e-05
34.52 -5.63217e-06
34.53 2.64277e-06
34.54 1.08839e-05
34.55 1.90626e-05
34.56 2.71506e-05
34.57 3.51205e-05
34.58 4.29451e-05
34.59 5.05982e-05
34.6 5.80543e-05
34.61 6.52889e-05
34.62 7.22784e-05
34.63 7.90003e-05
34.64 8.54331e-05
34.65 9.15564e-05
34.66 9.73509e-05
34.67 0.000102799
34.68 0.000107883
34.69 0.000112588
34.7 0.000116899
34.71 0.000120804
34.72 0.000124289
34.73 0.000127346
34.74 0.000129965
34.75 0.000132137
34.76 0.000133857
34.77 0.000135119
34.78 0.00013592
34.79 0.000136257
34.8 0.00013613
34.81 0.00013554
34.82 0.000134489
34.83 0.000132981
34.84 0.000131022
34.85 0.000128618
34.86 0.000125777
34.87 0.000122511
34.88 0.00011883
34.89 0.000114748
34.9 0.000110279
34.91 0.000105439
34.92 0.000100246
34.93 9.47175e-05
34.94 8.8874e-05
34.95 8.27362e-05
34.96 7.63263e-05
34.97 6.96674e-05
34.98 6.27835e-05
34.99 5.56992e-05
35 4.84402e-05
35.01 4.10324e-05
35.02 3.35024e-05
35.03 2.58772e-05
35.04 1.81839e-05
35.05 1.04499e-05
35.06 2.7023e-06
35.07 -5.03155e-06
35.08 -1.27247e-05
35.09 -2.03506e-05
35.1 -2.78831e-05
35.11 -3.52965e-05
35.12 -4.25658e-05
35.13 -4.96669e-05
35.14 -5.65762e-05
35.15 -6.32712e-05
35.16 -6.97302e-05
35.17 -7.59326e-05
35.18 -8.18587e-05
35.19 -8.74899e-05
35.2 -9.28087e-05
35.21 -9.77986e-05
35.22 -0.000102444
35.23 -0.000106732
35.24 -0.000110648
35.25 -0.000114181
35.26 -0.00011732
35.27 -0.000120056
35.28 -0.000122381
35.29 -0.000124287
35.3 -0.00012577
35.31 -0.000126824
35.32 -0.000127447
35.33 -0.000127637
35.34 -0.000127394
35.35 -0.000126719
35.36 -0.000125614
35.37 -0.000124084
35.38 -0.000122135
35.39 -0.000119772
35.4 -0.000117005
35.41 -0.000113843
35.42 -0.000110298
35.43 -0.000106381
35.44 -0.000102107
35.45 -9.74908e-05
35.46 -9.25492e-05
35.47 -8.72997e-05
35.48 -8.17611e-05
35.49 -7.5953e-05
35.5 -6.98965e-05
35.51 -6.36131e-05
35.52 -5.71253e-05
35.53 -5.04565e-05
35.54 -4.36305e-05
35.55 -3.66716e-05
35.56 -2.96047e-05
35.57 -2.24549e-05
35.58 -1.52476e-05
35.59 -8.00807e-06
35.6 -7.61857e-07
35.61 6.46577e-06
35.62 1.36497e-05
35.63 2.07652e-05
35.64 2.77879e-05
35.65 3.46939e-05
35.66 4.14599e-05
35.67 4.80634e-05
35.68 5.44825e-05
35.69 6.0696e-05
35.7 6.66837e-05
35.71 7.24264e-05
35.72 7.79056e-05
35.73 8.31039e-05
35.74 8.8005e-05
35.75 9.25934e-05
35.76 9.68549e-05
35.77 0.000100776
35.78 0.000104346
35.79 0.000107552
35.8 0.000110386
35.81 0.000112838
35.82 0.000114902
35.83 0.00011657
35.84 0.000117839
35.85 0.000118705
35.86 0.000119165
35.87 0.000119218
35.88 0.000118865
35.89 0.000118107
35.9 0.000116948
35.91 0.000115392
35.92 0.000113444
35.93 0.000111111
35.94 0.000108403
35.95 0.000105328
35.96 0.000101899
35.97 9.81261e-05
35.98 9.40241e-05
35.99 8.96076e-05
36 8.48923e-05
36.01 7.98952e-05
36.02 7.46343e-05
36.03 6.91284e-05
36.04 6.33973e-05
36.05 5.74614e-05
36.06 5.13422e-05
36.07 4.50613e-05
36.08 3.86412e-05
36.09 3.21048e-05
36.1 2.54751e-05
36.11 1.87756e-05
36.12 1.20298e-05
36.13 5.26125e-06
36.14 -1.50647e-06
36.15 -8.24998e-06
36.16 -1.49461e-05
36.17 -2.1572e-05
36.18 -2.81053e-05
36.19 -3.4524e-05
36.2 -4.08066e-05
36.21 -4.69324e-05
36.22 -5.28812e-05
36.23 -5.86336e-05
36.24 -6.4171e-05
36.25 -6.94756e-05
36.26 -7.45303e-05
36.27 -7.93192e-05
36.28 -8.3827e-05
36.29 -8.80396e-05
36.3 -9.19438e-05
36.31 -9.55274e-05
36.32 -9.87791e-05
36.33 -0.000101689
36.34 -0.000104248
36.35 -0.000106448
36.36 -0.000108283
36.37 -0.000109746
36.38 -0.000110834
36.39 -0.000111543
36.4 -0.000111871
36.41 -0.000111818
36.42 -0.000111384
36.43 -0.000110572
36.44 -0.000109383
36.45 -0.000107823
36.46 -0.000105898
36.47 -0.000103614
36.48 -0.000100979
36.49 -9.80042e-05
36.5 -9.46989e-05
36.51 -9.10755e-05
36.52 -8.71469e-05
36.53 -8.29275e-05
36.54 -7.84323e-05
36.55 -7.36776e-05
36.56 -6.86805e-05
36.57 -6.34591e-05
36.58 -5.8032e-05
36.59 -5.24188e-05
36.6 -4.66397e-05
36.61 -4.07152e-05
36.62 -3.46665e-05
36.63 -2.85151e-05
36.64 -2.22828e-05
36.65 -1.59917e-05
36.66 -9.66368e-06
36.67 -3.321e-06
36.68 3.01435e-06
36.69 9.32048e-06
36.7 1.55758e-05
36.71 2.17589e-05
36.72 2.78489e-05
36.73 3.38254e-05
36.74 3.96685e-05
36.75 4.53587e-05
36.76 5.08775e-05
36.77 5.62069e-05
36.78 6.13295e-05
36.79 6.62289e-05
36.8 7.08895e-05
36.81 7.52965e-05
36.82 7.94359e-05
36.83 8.32948e-05
36.84 8.6861e-05
36.85 9.01236e-05
36.86 9.30723e-05
36.87 9.5698e-05
36.88 9.79928e-05
36.89 9.99495e-05
36.9 0.000101562
36.91 0.000102826
36.92 0.000103738
36.93 0.000104294
36.94 0.000104495
36.95 0.000104338
36.96 0.000103826
36.97 0.00010296
36.98 0.000101744
36.99 0.000100183
37 9.82815e-05
37.01 9.60473e-05
37.02 9.34883e-05
37.03 9.06139e-05
37.04 8.74342e-05
37.05 8.39609e-05
37.06 8.02063e-05
37.07 7.6184e-05
37.08 7.19084e-05
37.09 6.73949e-05
37.1 6.26596e-05
37.11 5.77195e-05
37.12 5.25923e-05
37.13 4.72962e-05
37.14 4.18501e-05
37.15 3.62733e-05
37.16 3.05857e-05
37.17 2.48072e-05
37.18 1.89583e-05
37.19 1.30594e-05
37.2 7.1311e-06
37.21 1.19398e-06
37.22 -4.73144e-06
37.23 -1.06248e-05
37.24 -1.64659e-05
37.25 -2.2235e-05
37.26 -2.79125e-05
37.27 -3.34794e-05
37.28 -3.89171e-05
37.29 -4.42075e-05
37.3 -4.93333e-05
37.31 -5.42776e-05
37.32 -5.90243e-05
37.33 -6.3558e-05
37.34 -6.78641e-05
37.35 -7.19288e-05
37.36 -7.57391e-05
37.37 -7.9283e-05
37.38 -8.2549e-05
37.39 -8.55271e-05
37.4 -8.82079e-05
37.41 -9.05829e-05
37.42 -9.26448e-05
37.43 -9.43874e-05
37.44 -9.58052e-05
37.45 -9.68942e-05
37.46 -9.76511e-05
37.47 -9.80739e-05
37.48 -9.81617e-05
37.49 -9.79148e-05
37.5 -9.73344e-05
37.51 -9.6423e-05
37.52 -9.51842e-05
37.53 -9.36228e-05
37.54 -9.17447e-05
37.55 -8.95567e-05
37.56 -8.70669e-05
37.57 -8.42845e-05
37.58 -8.12195e-05
37.59 -7.78831e-05
37.6 -7.42874e-05
37.61 -7.04454e-05
37.62 -6.63708e-05
37.63 -6.20785e-05
37.64 -5.75837e-05
37.65 -5.29026e-05
37.66 -4.80519e-05
37.67 -4.30489e-05
37.68 -3.79114e-05
37.69 -3.26576e-05
37.7 -2.7306e-05
37.71 -2.18753e-05
37.72 -1.63848e-05
37.73 -1.08534e-05
37.74 -5.30032e-06
37.75 2.55191e-07
37.76 5.7941e-06
37.77 1.12975e-05
37.78 1.67466e-05
37.79 2.21232e-05
37.8 2.74091e-05
37.81 3.25866e-05
37.82 3.76386e-05
37.83 4.25485e-05
37.84 4.73e-05
37.85 5.18777e-05
37.86 5.62666e-05
37.87 6.04526e-05
37.88 6.44222e-05
37.89 6.81626e-05
37.9 7.16619e-05
37.91 7.4909e-05
37.92 7.78934e-05
37.93 8.06058e-05
37.94 8.30377e-05
37.95 8.51813e-05
37.96 8.70301e-05
37.97 8.85783e-05
37.98 8.98212e-05
37.99 9.0755e-05
38 9.13771e-05
38.01 9.16859e-05
38.02 9.16806e-05
38.03 9.13619e-05
38.04 9.07311e-05
38.05 8.9791e-05
38.06 8.85451e-05
38.07 8.69983e-05
38.08 8.51562e-05
38.09 8.30257e-05
38.1 8.06146e-05
38.11 7.79317e-05
38.12 7.49867e-05
38.13 7.17904e-05
38.14 6.83543e-05
38.15 6.46907e-05
38.16 6.0813e-05
38.17 5.6735e-05
38.18 5.24714e-05
38.19 4.80373e-05
38.2 4.34487e-05
38.21 3.87219e-05
38.22 3.38736e-05
38.23 2.8921e-05
38.24 2.38816e-05
38.25 1.87731e-05
38.26 1.36132e-05
38.27 8.42011e-06
38.28 3.2117e-06
38.29 -1.99402e-06
38.3 -7.17918e-06
38.31 -1.2326e-05
38.32 -1.74171e-05
38.33 -2.24352e-05
38.34 -2.73635e-05
38.35 -3.21854e-05
38.36 -3.68849e-05
38.37 -4.14465e-05
38.38 -4.58551e-05
38.39 -5.00964e-05
38.4 -5.41565e-05
38.41 -5.80222e-05
38.42 -6.16811e-05
38.43 -6.51215e-05
38.44 -6.83323e-05
38.45 -7.13033e-05
38.46 -7.40251e-05
38.47 -7.64891e-05
38.48 -7.86876e-05
38.49 -8.06138e-05
38.5 -8.22618e-05
38.51 -8.36264e-05
38.52 -8.47037e-05
38.53 -8.54904e-05
38.54 -8.59846e-05
38.55 -8.61849e-05
38.56 -8.60912e-05
38.57 -8.57043e-05
38.58 -8.5026e-05
38.59 -8.40591e-05
38.6 -8.28073e-05
38.61 -8.12755e-05
38.62 -7.94694e-05
38.63 -7.73956e-05
38.64 -7.50617e-05
38.65 -7.24763e-05
38.66 -6.96488e-05
38.67 -6.65894e-05
38.68 -6.33091e-05
38.69 -5.98197e-05
38.7 -5.61337e-05
38.71 -5.22644e-05
38.72 -4.82254e-05
38.73 -4.40312e-05
38.74 -3.96967e-05
38.75 -3.52372e-05
38.76 -3.06684e-05
38.77 -2.60064e-05
38.78 -2.12676e-05
38.79 -1.64684e-05
38.8 -1.16256e-05
38.81 -6.75591e-06
38.82 -1.87621e-06
38.83 2.99676e-06
38.84 7.84632e-06
38.85 1.2656e-05
38.86 1.74093e-05
38.87 2.20904e-05
38.88 2.66835e-05
38.89 3.11732e-05
38.9 3.55446e-05
38.91 3.97831e-05
38.92 4.38747e-05
38.93 4.78061e-05
38.94 5.15643e-05
38.95 5.51372e-05
38.96 5.8513e-05
38.97 6.16808e-05
38.98 6.46306e-05
38.99 6.73527e-05
39 6.98386e-05
39.01 7.20803e-05
39.02 7.40708e-05
39.03 7.58039e-05
39.04 7.72741e-05
39.05 7.8477e-05
39.06 7.94091e-05
39.07 8.00676e-05
39.08 8.04508e-05
39.09 8.0558e-05
39.1 8.03892e-05
39.11 7.99455e-05
39.12 7.92289e-05
39.13 7.82424e-05
39.14 7.69899e-05
39.15 7.54761e-05
39.16 7.37067e-05
39.17 7.16884e-05
39.18 6.94286e-05
39.19 6.69355e-05
39.2 6.42183e-05
39.21 6.12868e-05
39.22 5.81516e-05
39.23 5.4824e-05
39.24 5.1316e-05
39.25 4.76401e-05
39.26 4.38094e-05
39.27 3.98376e-05
39.28 3.57388e-05
39.29 3.15273e-05
39.3 2.72181e-05
39.31 2.28263e-05
39.32 1.83672e-05
39.33 1.38564e-05
39.34 9.30943e-06
39.35 4.74212e-06
39.36 1.70145e-07
39.37 -4.39084e-06
39.38 -8.92528e-06
39.39 -1.34178e-05
39.4 -1.78531e-05
39.41 -2.22164e-05
39.42 -2.64931e-05
39.43 -3.06688e-05
39.44 -3.47296e-05
39.45 -3.86623e-05
39.46 -4.24537e-05
39.47 -4.60915e-05
39.48 -4.95638e-05
39.49 -5.28593e-05
39.5 -5.59673e-05
39.51 -5.88778e-05
39.52 -6.15814e-05
39.53 -6.40694e-05
39.54 -6.6334e-05
39.55 -6.83679e-05
39.56 -7.01647e-05
39.57 -7.1719e-05
39.58 -7.30257e-05
39.59 -7.4081e-05
39.6 -7.48818e-05
39.61 -7.54258e-05
39.62 -7.57116e-05
39.63 -7.57387e-05
39.64 -7.55075e-05
39.65 -7.50191e-05
39.66 -7.42758e-05
39.67 -7.32805e-05
39.68 -7.2037e-05
39.69 -7.05501e-05
39.7 -6.88254e-05
39.71 -6.68692e-05
39.72 -6.46887e-05
39.73 -6.22918e-05
39.74 -5.96874e-05
39.75 -5.68847e-05
39.76 -5.38939e-05
39.77 -5.07257e-05
39.78 -4.73915e-05
39.79 -4.39032e-05
39.8 -4.02731e-05
39.81 -3.65142e-05
39.82 -3.26398e-05
39.83 -2.86634e-05
39.84 -2.45992e-05
39.85 -2.04614e-05
39.86 -1.62643e-05
39.87 -1.20227e-05
39.88 -7.75114e-06
39.89 -3.46449e-06
39.9 8.22517e-07
39.91 5.0952e-06
39.92 9.33897e-06
39.93 1.35394e-05
39.94 1.76822e-05
39.95 2.17536e-05
39.96 2.57397e-05
39.97 2.96272e-05
39.98 3.34033e-05
39.99 3.70554e-05
40 4.05714e-05
40.01 4.39398e-05
40.02 4.71496e-05
40.03 5.01903e-05
40.04 5.3052e-05
40.05 5.57255e-05
40.06 5.82022e-05
40.07 6.04741e-05
40.08 6.25341e-05
40.09 6.43757e-05
40.1 6.59931e-05
40.11 6.73814e-05
40.12 6.85362e-05
40.13 6.94541e-05
40.14 7.01326e-05
40.15 7.05697e-05
40.16 7.07646e-05
40.17 7.07169e-05
40.18 7.04274e-05
40.19 6.98975e-05
40.2 6.91294e-05
40.21 6.81263e-05
40.22 6.68921e-05
40.23 6.54315e-05
40.24 6.37499e-05
40.25 6.18535e-05
40.26 5.97493e-05
40.27 5.7445e-05
40.28 5.4949e-05
40.29 5.22701e-05
40.3 4.94181e-05
40.31 4.64032e-05
40.32 4.32361e-05
40.33 3.9928e-05
40.34 3.64908e-05
40.35 3.29365e-05
40.36 2.92776e-05
40.37 2.55271e-05
40.38 2.16979e-05
40.39 1.78036e-05
40.4 1.38576e-05
40.41 9.87355e-06
40.42 5.8653e-06
40.43 1.8466e-06
40.44 -2.16875e-06
40.45 -6.16705e-06
40.46 -1.01347e-05
40.47 -1.40581e-05
40.48 -1.79242e-05
40.49 -2.17199e-05
40.5 -2.54324e-05
40.51 -2.90493e-05
40.52 -3.25586e-05
40.53 -3.59487e-05
40.54 -3.92082e-05
40.55 -4.23266e-05
40.56 -4.52935e-05
40.57 -4.80993e-05
40.58 -5.07348e-05
40.59 -5.31915e-05
40.6 -5.54614e-05
40.61 -5.75373e-05
40.62 -5.94125e-05
40.63 -6.10812e-05
40.64 -6.2538e-05
40.65 -6.37785e-05
40.66 -6.47989e-05
40.67 -6.55962e-05
40.68 -6.61681e-05
40.69 -6.65131e-05
40.7 -6.66305e-05
40.71 -6.65203e-05
40.72 -6.61834e-05
40.73 -6.56213e-05
40.74 -6.48365e-05
40.75 -6.38321e-05
40.76 -6.26119e-05
40.77 -6.11806e-05
40.78 -5.95437e-05
40.79 -5.7707e-05
40.8 -5.56774e-05
40.81 -5.34623e-05
40.82 -5.10697e-05
40.83 -4.85083e-05
40.84 -4.57872e-05
40.85 -4.29162e-05
40.86 -3.99056e-05
40.87 -3.6766e-05
40.88 -3.35086e-05
40.89 -3.0145e-05
40.9 -2.66868e-05
40.91 -2.31463e-05
40.92 -1.95359e-05
40.93 -1.58681e-05
40.94 -1.21557e-05
40.95 -8.4116e-06
40.96 -4.64861e-06
40.97 -8.79708e-07
40.98 2.88218e-06
40.99 6.62423e-06
41 1.03337e-05
41.01 1.3998e-05
41.02 1.76049e-05
41.03 2.11421e-05
41.04 2.45978e-05
41.05 2.79605e-05
41.06 3.1219e-05
41.07 3.43626e-05
41.08 3.73808e-05
41.09 4.02637e-05
41.1 4.30019e-05
41.11 4.55864e-05
41.12 4.8009e-05
41.13 5.02616e-05
41.14 5.23372e-05
41.15 5.4229e-05
41.16 5.59311e-05
41.17 5.74381e-05
41.18 5.87453e-05
41.19 5.98487e-05
41.2 6.07449e-05
41.21 6.14314e-05
41.22 6.19062e-05
41.23 6.21682e-05
41.24 6.22168e-05
41.25 6.20523e-05
41.26 6.16757e-05
41.27 6.10888e-05
41.28 6.02939e-05
41.29 5.92941e-05
41.3 5.80934e-05
41.31 5.66962e-05
41.32 5.51077e-05
41.33 5.33338e-05
41.34 5.13809e-05
41.35 4.92562e-05
41.36 4.69673e-05
41.37 4.45224e-05
41.38 4.19304e-05
41.39 3.92004e-05
41.4 3.63421e-05
41.41 3.33658e-05
41.42 3.02818e-05
41.43 2.71012e-05
41.44 2.3835e-05
41.45 2.04947e-05
41.46 1.70919e-05
41.47 1.36386e-05
41.48 1.01467e-05
41.49 6.6282e-06
41.5 3.09535e-06
41.51 -4.39748e-07
41.52 -3.96497e-06
41.53 -7.46828e-06
41.54 -1.09378e-05
41.55 -1.43616e-05
41.56 -1.77284e-05
41.57 -2.10266e-05
41.58 -2.42452e-05
41.59 -2.73735e-05
41.6 -3.0401e-05
41.61 -3.33178e-05
41.62 -3.61141e-05
41.63 -3.87807e-05
41.64 -4.13089e-05
41.65 -4.36906e-05
41.66 -4.59178e-05
41.67 -4.79834e-05
41.68 -4.98809e-05
41.69 -5.16041e-05
41.7 -5.31475e-05
41.71 -5.45064e-05
41.72 -5.56766e-05
41.73 -5.66544e-05
41.74 -5.7437e-05
41.75 -5.80221e-05
41.76 -5.84082e-05
41.77 -5.85943e-05
41.78 -5.85804e-05
41.79 -5.83667e-05
41.8 -5.79546e-05
41.81 -5.73458e-05
41.82 -5.65428e-05
41.83 -5.55488e-05
41.84 -5.43676e-05
41.85 -5.30037e-05
41.86 -5.1462e-05
41.87 -4.97483e-05
41.88 -4.78689e-05
41.89 -4.58306e-05
41.9 -4.36406e-05
41.91 -4.1307e-05
41.92 -3.88379e-05
41.93 -3.62423e-05
41.94 -3.35293e-05
41.95 -3.07084e-05
41.96 -2.77898e-05
41.97 -2.47835e-05
41.98 -2.17002e-05
41.99 -1.85506e-05
42 -1.53457e-05
42.01 -1.20965e-05
42.02 -8.81441e-06
42.03 -5.51066e-06
42.04 -2.19665e-06
42.05 1.11628e-06
42.06 4.4168e-06
42.07 7.69367e-06
42.08 1.09358e-05
42.09 1.41321e-05
42.1 1.72719e-05
42.11 2.03445e-05
42.12 2.33398e-05
42.13 2.62477e-05
42.14 2.90585e-05
42.15 3.17629e-05
42.16 3.43519e-05
42.17 3.68171e-05
42.18 3.91503e-05
42.19 4.13439e-05
42.2 4.33908e-05
42.21 4.52843e-05
42.22 4.70185e-05
42.23 4.85876e-05
42.24 4.99868e-05
42.25 5.12117e-05
42.26 5.22585e-05
42.27 5.3124e-05
42.28 5.38056e-05
42.29 5.43014e-05
42.3 5.46101e-05
42.31 5.47311e-05
42.32 5.46643e-05
42.33 5.44103e-05
42.34 5.39705e-05
42.35 5.33467e-05
42.36 5.25414e-05
42.37 5.15578e-05
42.38 5.03996e-05
42.39 4.90712e-05
42.4 4.75775e-05
42.41 4.5924e-05
42.42 4.41167e-05
42.43 4.21622e-05
42.44 4.00675e-05
42.45 3.78402e-05
42.46 3.54882e-05
42.47 3.30199e-05
42.48 3.0444e-05
42.49 2.77697e-05
42.5 2.50063e-05
42.51 2.21637e-05
42.52 1.92516e-05
42.53 1.62804e-05
42.54 1.32604e-05
42.55 1.0202e-05
42.56 7.1158e-06
42.57 4.01248e-06
42.58 9.02691e-07
42.59 -2.2029e-06
42.6 -5.2937e-06
42.61 -8.35917e-06
42.62 -1.13889e-05
42.63 -1.43727e-05
42.64 -1.73004e-05
42.65 -2.01623e-05
42.66 -2.29487e-05
42.67 -2.56504e-05
42.68 -2.82583e-05
42.69 -3.07639e-05
42.7 -3.31589e-05
42.71 -3.54354e-05
42.72 -3.75859e-05
42.73 -3.96035e-05
42.74 -4.14816e-05
42.75 -4.32142e-05
42.76 -4.47956e-05
42.77 -4.6221e-05
42.78 -4.74858e-05
42.79 -4.8586e-05
42.8 -4.95183e-05
42.81 -5.02798e-05
42.82 -5.08684e-05
42.83 -5.12825e-05
42.84 -5.15209e-05
42.85 -5.15832e-05
42.86 -5.14697e-05
42.87 -5.1181e-05
42.88 -5.07186e-05
42.89 -5.00843e-05
42.9 -4.92807e-05
42.91 -4.83109e-05
42.92 -4.71786e-05
42.93 -4.58879e-05
42.94 -4.44438e-05
42.95 -4.28514e-05
42.96 -4.11165e-05
42.97 -3.92454e-05
42.98 -3.72448e-05
42.99 -3.51218e-05
43 -3.28841e-05
43.01 -3.05396e-05
43.02 -2.80965e-05
43.03 -2.55635e-05
43.04 -2.29495e-05
43.05 -2.02637e-05
43.06 -1.75154e-05
43.07 -1.47142e-05
43.08 -1.18699e-05
43.09 -8.99233e-06
43.1 -6.09141e-06
43.11 -3.17715e-06
43.12 -2.59575e-07
43.13 2.65133e-06
43.14 5.54561e-06
43.15 8.41342e-06
43.16 1.1245e-05
43.17 1.40308e-05
43.18 1.67614e-05
43.19 1.94277e-05
43.2 2.20206e-05
43.21 2.45316e-05
43.22 2.69522e-05
43.23 2.92745e-05
43.24 3.14907e-05
43.25 3.35937e-05
43.26 3.55764e-05
43.27 3.74325e-05
43.28 3.9156e-05
43.29 4.07412e-05
43.3 4.2183e-05
43.31 4.34771e-05
43.32 4.46191e-05
43.33 4.56057e-05
43.34 4.64338e-05
43.35 4.71009e-05
43.36 4.76052e-05
43.37 4.79452e-05
43.38 4.81202e-05
43.39 4.813e-05
43.4 4.79748e-05
43.41 4.76557e-05
43.42 4.71739e-05
43.43 4.65316e-05
43.44 4.57312e-05
43.45 4.4776e-05
43.46 4.36694e-05
43.47 4.24156e-05
43.48 4.10192e-05
43.49 3.94854e-05
43.5 3.78198e-05
43.51 3.60282e-05
43.52 3.41172e-05
43.53 3.20935e-05
43.54 2.99645e-05
43.55 2.77375e-05
43.56 2.54206e-05
43.57 2.30218e-05
43.58 2.05496e-05
43.59 1.80127e-05
43.6 1.54198e-05
43.61 1.278e-05
43.62 1.01025e-05
43.63 7.39645e-06
43.64 4.67128e-06
43.65 1.93633e-06
43.66 -7.99026e-07
43.67 -3.52544e-06
43.68 -6.23361e-06
43.69 -8.91434e-06
43.7 -1.15585e-05
43.71 -1.41573e-05
43.72 -1.67018e-05
43.73 -1.91836e-05
43.74 -2.15944e-05
43.75 -2.3926e-05
43.76 -2.61709e-05
43.77 -2.83214e-05
43.78 -3.03706e-05
43.79 -3.23116e-05
43.8 -3.41382e-05
43.81 -3.58444e-05
43.82 -3.74246e-05
43.83 -3.88738e-05
43.84 -4.01874e-05
43.85 -4.13611e-05
43.86 -4.23913e-05
43.87 -4.32748e-05
43.88 -4.40089e-05
43.89 -4.45915e-05
43.9 -4.50208e-05
43.91 -4.52957e-05
43.92 -4.54157e-05
43.93 -4.53806e-05
43.94 -4.5191e-05
43.95 -4.48478e-05
43.96 -4.43525e-05
43.97 -4.37071e-05
43.98 -4.29141e-05
43.99 -4.19767e-05
44 -4.08983e-05
44.01 -3.9683e-05
44.02 -3.83351e-05
44.03 -3.68597e-05
44.04 -3.5262e-05
44.05 -3.35479e-05
44.06 -3.17234e-05
44.07 -2.97952e-05
44.08 -2.777e-05
44.09 -2.5655e-05
44.1 -2.34578e-05
44.11 -2.11859e-05
44.12 -1.88475e-05
44.13 -1.64507e-05
44.14 -1.40038e-05
44.15 -1.15154e-05
44.16 -8.99414e-06
44.17 -6.44866e-06
44.18 -3.88778e-06
44.19 -1.3203e-06
44.2 1.24496e-06
44.21 3.79925e-06
44.22 6.33387e-06
44.23 8.84019e-06
44.24 1.13097e-05
44.25 1.37341e-05
44.26 1.61053e-05
44.27 1.84152e-05
44.28 2.06561e-05
44.29 2.28207e-05
44.3 2.49016e-05
44.31 2.6892e-05
44.32 2.87854e-05
44.33 3.05756e-05
44.34 3.22566e-05
44.35 3.38231e-05
44.36 3.52699e-05
44.37 3.65925e-05
44.38 3.77866e-05
44.39 3.88485e-05
44.4 3.97748e-05
44.41 4.05627e-05
44.42 4.12098e-05
44.43 4.17143e-05
44.44 4.20747e-05
44.45 4.22901e-05
44.46 4.23602e-05
44.47 4.22849e-05
44.48 4.20649e-05
44.49 4.17013e-05
44.5 4.11955e-05
44.51 4.05497e-05
44.52 3.97664e-05
44.53 3.88484e-05
44.54 3.77994e-05
44.55 3.66231e-05
44.56 3.53238e-05
44.57 3.39063e-05
44.58 3.23758e-05
44.59 3.07376e-05
44.6 2.89977e-05
44.61 2.71623e-05
44.62 2.52378e-05
44.63 2.32311e-05
44.64 2.11492e-05
44.65 1.89995e-05
44.66 1.67895e-05
44.67 1.45268e-05
44.68 1.22195e-05
44.69 9.87543e-06
44.7 7.50276e-06
44.71 5.1097e-06
44.72 2.70448e-06
44.73 2.95371e-07
44.74 -2.10939e-06
44.75 -4.50158e-06
44.76 -6.87305e-06
44.77 -9.21574e-06
44.78 -1.15217e-05
44.79 -1.37832e-05
44.8 -1.59926e-05
44.81 -1.81425e-05
44.82 -2.02257e-05
44.83 -2.22352e-05
44.84 -2.41644e-05
44.85 -2.60068e-05
44.86 -2.77565e-05
44.87 -2.94077e-05
44.88 -3.09549e-05
44.89 -3.23932e-05
44.9 -3.37178e-05
44.91 -3.49247e-05
44.92 -3.60098e-05
44.93 -3.69698e-05
44.94 -3.78018e-05
44.95 -3.85031e-05
44.96 -3.90716e-05
44.97 -3.95058e-05
44.98 -3.98045e-05
44.99 -3.99669e-05
45 -3.99927e-05
45.01 -3.98823e-05
45.02 -3.96363e-05
45.03 -3.92558e-05
45.04 -3.87425e-05
45.05 -3.80983e-05
45.06 -3.73258e-05
45.07 -3.6428e-05
45.08 -3.54082e-05
45.09 -3.42701e-05
45.1 -3.30179e-05
45.11 -3.16562e-05
45.12 -3.01899e-05
45.13 -2.86243e-05
45.14 -2.69649e-05
45.15 -2.52176e-05
45.16 -2.33887e-05
45.17 -2.14847e-05
45.18 -1.95121e-05
45.19 -1.7478e-05
45.2 -1.53894e-05
45.21 -1.32537e-05
45.22 -1.10782e-05
45.23 -8.87055e-06
45.24 -6.63833e-06
45.25 -4.38925e-06
45.26 -2.13104e-06
45.27 1.28549e-07
45.28 2.3818e-06
45.29 4.62102e-06
45.3 6.8386e-06
45.31 9.02703e-06
45.32 1.11789e-05
45.33 1.3287e-05
45.34 1.53441e-05
45.35 1.73435e-05
45.36 1.92784e-05
45.37 2.11424e-05
45.38 2.29294e-05
45.39 2.46333e-05
45.4 2.62487e-05
45.41 2.77701e-05
45.42 2.91927e-05
45.43 3.05118e-05
45.44 3.17232e-05
45.45 3.2823e-05
45.46 3.38077e-05
45.47 3.46742e-05
45.48 3.54198e-05
45.49 3.60422e-05
45.5 3.65397e-05
45.51 3.69107e-05
45.52 3.71543e-05
45.53 3.727e-05
45.54 3.72576e-05
45.55 3.71174e-05
45.56 3.68503e-05
45.57 3.64574e-05
45.58 3.59403e-05
45.59 3.53011e-05
45.6 3.45422e-05
45.61 3.36665e-05
45.62 3.26773e-05
45.63 3.15782e-05
45.64 3.03732e-05
45.65 2.90667e-05
45.66 2.76634e-05
45.67 2.61683e-05
45.68 2.45868e-05
45.69 2.29245e-05
45.7 2.11872e-05
45.71 1.93811e-05
45.72 1.75126e-05
45.73 1.55883e-05
45.74 1.36147e-05
45.75 1.15989e-05
45.76 9.5478e-06
45.77 7.46855e-06
45.78 5.36832e-06
45.79 3.25437e-06
45.8 1.13396e-06
45.81 -9.85649e-07
45.82 -3.0972e-06
45.83 -5.1935e-06
45.84 -7.26741e-06
45.85 -9.31192e-06
45.86 -1.13201e-05
45.87 -1.32852e-05
45.88 -1.52006e-05
45.89 -1.70599e-05
45.9 -1.88569e-05
45.91 -2.05856e-05
45.92 -2.22402e-05
45.93 -2.38154e-05
45.94 -2.5306e-05
45.95 -2.6707e-05
45.96 -2.80139e-05
45.97 -2.92225e-05
45.98 -3.03289e-05
45.99 -3.13295e-05
46 -3.22212e-05
46.01 -3.30013e-05
46.02 -3.36672e-05
46.03 -3.4217e-05
46.04 -3.46491e-05
46.05 -3.49623e-05
46.06 -3.51558e-05
46.07 -3.52291e-05
46.08 -3.51824e-05
46.09 -3.5016e-05
46.1 -3.47308e-05
46.11 -3.4328e-05
46.12 -3.38093e-05
46.13 -3.31767e-05
46.14 -3.24325e-05
46.15 -3.15797e-05
46.16 -3.06214e-05
46.17 -2.95611e-05
46.18 -2.84026e-05
46.19 -2.71501e-05
46.2 -2.58083e-05
46.21 -2.43817e-05
46.22 -2.28756e-05
46.23 -2.12952e-05
46.24 -1.96462e-05
46.25 -1.79344e-05
46.26 -1.61657e-05
46.27 -1.43464e-05
46.28 -1.24828e-05
46.29 -1.05814e-05
46.3 -8.64878e-06
46.31 -6.69165e-06
46.32 -4.71675e-06
46.33 -2.73089e-06
46.34 -7.40888e-07
46.35 1.24645e-06
46.36 3.22432e-06
46.37 5.186e-06
46.38 7.12482e-06
46.39 9.0342e-06
46.4 1.09077e-05
46.41 1.2739e-05
46.42 1.4522e-05
46.43 1.62507e-05
46.44 1.79192e-05
46.45 1.95222e-05
46.46 2.10542e-05
46.47 2.25102e-05
46.48 2.38854e-05
46.49 2.51753e-05
46.5 2.63757e-05
46.51 2.74828e-05
46.52 2.84929e-05
46.53 2.94028e-05
46.54 3.02097e-05
46.55 3.09111e-05
46.56 3.15048e-05
46.57 3.1989e-05
46.58 3.23623e-05
46.59 3.26237e-05
46.6 3.27726e-05
46.61 3.28086e-05
46.62 3.27321e-05
46.63 3.25433e-05
46.64 3.22434e-05
46.65 3.18334e-05
46.66 3.13152e-05
46.67 3.06907e-05
46.68 2.99623e-05
46.69 2.91327e-05
46.7 2.8205e-05
46.71 2.71825e-05
46.72 2.60692e-05
46.73 2.48688e-05
46.74 2.35858e-05
46.75 2.22248e-05
46.76 2.07905e-05
46.77 1.92881e-05
46.78 1.77229e-05
46.79 1.61004e-05
46.8 1.44263e-05
46.81 1.27064e-05
46.82 1.09467e-05
46.83 9.15336e-06
46.84 7.33261e-06
46.85 5.49072e-06
46.86 3.63404e-06
46.87 1.76896e-06
46.88 -9.81196e-08
46.89 -1.96082e-06
46.9 -3.81279e-06
46.91 -5.64772e-06
46.92 -7.4594e-06
46.93 -9.24168e-06
46.94 -1.09886e-05
46.95 -1.26942e-05
46.96 -1.43528e-05
46.97 -1.59589e-05
46.98 -1.7507e-05
46.99 -1.89922e-05
47 -2.04094e-05
47.01 -2.17539e-05
47.02 -2.30215e-05
47.03 -2.42078e-05
47.04 -2.53092e-05
47.05 -2.63219e-05
47.06 -2.72428e-05
47.07 -2.80689e-05
47.08 -2.87977e-05
47.09 -2.94268e-05
47.1 -2.99544e-05
47.11 -3.03789e-05
47.12 -3.06991e-05
47.13 -3.0914e-05
47.14 -3.10233e-05
47.15 -3.10267e-05
47.16 -3.09245e-05
47.17 -3.07174e-05
47.18 -3.04061e-05
47.19 -2.99921e-05
47.2 -2.9477e-05
47.21 -2.88627e-05
47.22 -2.81517e-05
47.23 -2.73464e-05
47.24 -2.645e-05
47.25 -2.54657e-05
47.26 -2.43971e-05
47.27 -2.32479e-05
47.28 -2.20224e-05
47.29 -2.0725e-05
47.3 -1.93601e-05
47.31 -1.79327e-05
47.32 -1.64478e-05
47.33 -1.49106e-05
47.34 -1.33265e-05
47.35 -1.1701e-05
47.36 -1.00399e-05
47.37 -8.3488e-06
47.38 -6.63364e-06
47.39 -4.90035e-06
47.4 -3.15489e-06
47.41 -1.40327e-06
47.42 3.4851e-07
47.43 2.09445e-06
47.44 3.82861e-06
47.45 5.54508e-06
47.46 7.23803e-06
47.47 8.90175e-06
47.48 1.05306e-05
47.49 1.21192e-05
47.5 1.36621e-05
47.51 1.51541e-05
47.52 1.65904e-05
47.53 1.79662e-05
47.54 1.92768e-05
47.55 2.05181e-05
47.56 2.16858e-05
47.57 2.27763e-05
47.58 2.37859e-05
47.59 2.47114e-05
47.6 2.55499e-05
47.61 2.62987e-05
47.62 2.69555e-05
47.63 2.75182e-05
47.64 2.79851e-05
47.65 2.83548e-05
47.66 2.86264e-05
47.67 2.87991e-05
47.68 2.88725e-05
47.69 2.88467e-05
47.7 2.87219e-05
47.71 2.84989e-05
47.72 2.81785e-05
47.73 2.77621e-05
47.74 2.72514e-05
47.75 2.66482e-05
47.76 2.5955e-05
47.77 2.51742e-05
47.78 2.43088e-05
47.79 2.33619e-05
47.8 2.23368e-05
47.81 2.12374e-05
47.82 2.00676e-05
47.83 1.88314e-05
47.84 1.75334e-05
47.85 1.6178e-05
47.86 1.47701e-05
47.87 1.33145e-05
47.88 1.18165e-05
47.89 1.02812e-05
47.9 8.71395e-06
47.91 7.12018e-06
47.92 5.50543e-06
47.93 3.87526e-06
47.94 2.23528e-06
47.95 5.91118e-07
47.96 -1.05159e-06
47.97 -2.68723e-06
47.98 -4.31024e-06
47.99 -5.9151e-06
48 -7.49637e-06
48.01 -9.0487e-06
48.02 -1.05669e-05
48.03 -1.20458e-05
48.04 -1.34804e-05
48.05 -1.48661e-05
48.06 -1.61981e-05
48.07 -1.74721e-05
48.08 -1.86838e-05
48.09 -1.98292e-05
48.1 -2.09047e-05
48.11 -2.19066e-05
48.12 -2.28318e-05
48.13 -2.36772e-05
48.14 -2.44401e-05
48.15 -2.51183e-05
48.16 -2.57094e-05
48.17 -2.62118e-05
48.18 -2.66238e-05
48.19 -2.69443e-05
48.2 -2.71725e-05
48.21 -2.73077e-05
48.22 -2.73497e-05
48.23 -2.72985e-05
48.24 -2.71546e-05
48.25 -2.69187e-05
48.26 -2.65917e-05
48.27 -2.61751e-05
48.28 -2.56703e-05
48.29 -2.50795e-05
48.3 -2.44047e-05
48.31 -2.36485e-05
48.32 -2.28137e-05
48.33 -2.19033e-05
48.34 -2.09206e-05
48.35 -1.98691e-05
48.36 -1.87526e-05
48.37 -1.75751e-05
48.38 -1.63407e-05
48.39 -1.50539e-05
48.4 -1.3719e-05
48.41 -1.23409e-05
48.42 -1.09243e-05
48.43 -9.4742e-06
48.44 -7.9956e-06
48.45 -6.49364e-06
48.46 -4.97351e-06
48.47 -3.44045e-06
48.48 -1.89975e-06
48.49 -3.56679e-07
48.5 1.18348e-06
48.51 2.71547e-06
48.52 4.23407e-06
48.53 5.73413e-06
48.54 7.21058e-06
48.55 8.65843e-06
48.56 1.00728e-05
48.57 1.14489e-05
48.58 1.27823e-05
48.59 1.40683e-05
48.6 1.53028e-05
48.61 1.64816e-05
48.62 1.76009e-05
48.63 1.8657e-05
48.64 1.96464e-05
48.65 2.05659e-05
48.66 2.14126e-05
48.67 2.21837e-05
48.68 2.28768e-05
48.69 2.34896e-05
48.7 2.40203e-05
48.71 2.44673e-05
48.72 2.48292e-05
48.73 2.51049e-05
48.74 2.52938e-05
48.75 2.53954e-05
48.76 2.54095e-05
48.77 2.53363e-05
48.78 2.51763e-05
48.79 2.49301e-05
48.8 2.45989e-05
48.81 2.41839e-05
48.82 2.36868e-05
48.83 2.31095e-05
48.84 2.2454e-05
48.85 2.17229e-05
48.86 2.09188e-05
48.87 2.00446e-05
48.88 1.91035e-05
48.89 1.80988e-05
48.9 1.70342e-05
48.91 1.59134e-05
48.92 1.47404e-05
48.93 1.35194e-05
48.94 1.22545e-05
48.95 1.09503e-05
48.96 9.61135e-06
48.97 8.24224e-06
48.98 6.84776e-06
48.99 5.43274e-06
49 4.00206e-06
49.01 2.56067e-06
49.02 1.11351e-06
49.03 -3.34454e-07
49.04 -1.77827e-06
49.05 -3.213e-06
49.06 -4.63378e-06
49.07 -6.03578e-06
49.08 -7.41425e-06
49.09 -8.76454e-06
49.1 -1.00821e-05
49.11 -1.13625e-05
49.12 -1.26015e-05
49.13 -1.37949e-05
49.14 -1.49388e-05
49.15 -1.60294e-05
49.16 -1.70631e-05
49.17 -1.80364e-05
49.18 -1.89463e-05
49.19 -1.97897e-05
49.2 -2.0564e-05
49.21 -2.12666e-05
49.22 -2.18953e-05
49.23 -2.24482e-05
49.24 -2.29235e-05
49.25 -2.33198e-05
49.26 -2.36359e-05
49.27 -2.3871e-05
49.28 -2.40244e-05
49.29 -2.40957e-05
49.3 -2.4085e-05
49.31 -2.39925e-05
49.32 -2.38186e-05
49.33 -2.35642e-05
49.34 -2.32303e-05
49.35 -2.28182e-05
49.36 -2.23295e-05
49.37 -2.17661e-05
49.38 -2.11301e-05
49.39 -2.04237e-05
49.4 -1.96497e-05
49.41 -1.88108e-05
49.42 -1.791e-05
49.43 -1.69505e-05
49.44 -1.59358e-05
49.45 -1.48695e-05
49.46 -1.37553e-05
49.47 -1.25971e-05
49.48 -1.13991e-05
49.49 -1.01654e-05
49.5 -8.90034e-06
49.51 -7.60827e-06
49.52 -6.2937e-06
49.53 -4.96119e-06
49.54 -3.61531e-06
49.55 -2.26072e-06
49.56 -9.0206e-07
49.57 4.56018e-07
49.58 1.80887e-06
49.59 3.15189e-06
49.6 4.48051e-06
49.61 5.79023e-06
49.62 7.07662e-06
49.63 8.33533e-06
49.64 9.56214e-06
49.65 1.07529e-05
49.66 1.19037e-05
49.67 1.30107e-05
49.68 1.40701e-05
49.69 1.50785e-05
49.7 1.60326e-05
49.71 1.69292e-05
49.72 1.77655e-05
49.73 1.85386e-05
49.74 1.92461e-05
49.75 1.98857e-05
49.76 2.04554e-05
49.77 2.09535e-05
49.78 2.13783e-05
49.79 2.17287e-05
49.8 2.20035e-05
49.81 2.2202e-05
49.82 2.23238e-05
49.83 2.23685e-05
49.84 2.23363e-05
49.85 2.22273e-05
49.86 2.20422e-05
49.87 2.17817e-05
49.88 2.14469e-05
49.89 2.10391e-05
49.9 2.056e-05
49.91 2.00112e-05
49.92 1.93949e-05
49.93 1.87133e-05
49.94 1.79689e-05
49.95 1.71643e-05
49.96 1.63026e-05
49.97 1.53867e-05
49.98 1.44199e-05
49.99 1.34056e-05
