0.01 -1.27482e-07
0.02 -1.15904e-07
0.03 -8.01338e-08
0.04 -8.73224e-09
0.05 9.72223e-08
0.06 2.2597e-07
0.07 3.66506e-07
0.08 5.17846e-07
0.09 6.8791e-07
0.1 8.84901e-07
0.11 1.11029e-06
0.12 1.35901e-06
0.13 1.62468e-06
0.14 1.90411e-06
0.15 2.19818e-06
0.16 2.5097e-06
0.17 2.84014e-06
0.18 3.18705e-06
0.19 3.54404e-06
0.2 3.90374e-06
0.21 4.26165e-06
0.22 4.61738e-06
0.23 4.97235e-06
0.24 5.3263e-06
0.25 5.67593e-06
0.26 6.01652e-06
0.27 6.34443e-06
0.28 6.65853e-06
0.29 6.96028e-06
0.3 7.25246e-06
0.31 7.53668e-06
0.32 7.81081e-06
0.33 8.06678e-06
0.34 8.29191e-06
0.35 8.47557e-06
0.36 8.61621e-06
0.37 8.72069e-06
0.38 8.79633e-06
0.39 8.84382e-06
0.4 8.85734e-06
0.41 8.83029e-06
0.42 8.76043e-06
0.43 8.65001e-06
0.44 8.50188e-06
0.45 8.3161e-06
0.46 8.08987e-06
0.47 7.82003e-06
0.48 7.5054e-06
0.49 7.14715e-06
0.5 6.74743e-06
0.51 6.30768e-06
0.52 5.828e-06
0.53 5.30785e-06
0.54 4.74758e-06
0.55 4.15098e-06
0.56 3.52799e-06
0.57 2.89018e-06
0.58 2.23721e-06
0.59 1.55098e-06
0.6 8.09831e-07
0.61 8.6755e-09
0.62 -8.37638e-07
0.63 -1.70963e-06
0.64 -2.59982e-06
0.65 -3.51491e-06
0.66 -4.46459e-06
0.67 -5.45022e-06
0.68 -6.4639e-06
0.69 -7.49622e-06
0.7 -8.54385e-06
0.71 -9.61046e-06
0.72 -1.07005e-05
0.73 -1.1807e-05
0.74 -1.2897e-05
0.75 -1.39094e-05
0.76 -1.47879e-05
0.77 -1.55402e-05
0.78 -1.62591e-05
0.79 -1.70511e-05
0.8 -1.79347e-05
0.81 -1.88279e-05
0.82 -1.96419e-05
0.83 -2.03695e-05
0.84 -2.10765e-05
0.85 -2.18222e-05
0.86 -2.25911e-05
0.87 -2.32962e-05
0.88 -2.3859e-05
0.89 -2.42993e-05
0.9 -2.47322e-05
0.91 -2.52673e-05
0.92 -2.59136e-05
0.93 -2.65864e-05
0.94 -2.7191e-05
0.95 -2.76781e-05
0.96 -2.80103e-05
0.97 -2.81236e-05
0.98 -2.79897e-05
0.99 -2.77145e-05
1 -2.75044e-05
1.01 -2.74976e-05
1.02 -2.76484e-05
1.03 -2.77919e-05
1.04 -2.78087e-05
1.05 -2.77183e-05
1.06 -2.76355e-05
1.07 -2.76636e-05
1.08 -2.78274e-05
1.09 -2.80689e-05
1.1 -2.8294e-05
1.11 -2.84466e-05
1.12 -2.85537e-05
1.13 -2.86919e-05
1.14 -2.88891e-05
1.15 -2.90601e-05
1.16 -2.9061e-05
1.17 -2.8833e-05
1.18 -2.84897e-05
1.19 -2.82423e-05
1.2 -2.822e-05
1.21 -2.83628e-05
1.22 -2.848e-05
1.23 -2.84054e-05
1.24 -2.81111e-05
1.25 -2.77107e-05
1.26 -2.73691e-05
1.27 -2.71886e-05
1.28 -2.71518e-05
1.29 -2.71599e-05
1.3 -2.71318e-05
1.31 -2.70687e-05
1.32 -2.70185e-05
1.33 -2.69749e-05
1.34 -2.68305e-05
1.35 -2.64538e-05
1.36 -2.58072e-05
1.37 -2.49742e-05
1.38 -2.4078e-05
1.39 -2.31993e-05
1.4 -2.2376e-05
1.41 -2.16406e-05
1.42 -2.10191e-05
1.43 -2.05023e-05
1.44 -2.00482e-05
1.45 -1.96191e-05
1.46 -1.92133e-05
1.47 -1.88594e-05
1.48 -1.85875e-05
1.49 -1.84151e-05
1.5 -1.83629e-05
1.51 -1.84683e-05
1.52 -1.87522e-05
1.53 -1.91785e-05
1.54 -1.96701e-05
1.55 -2.01547e-05
1.56 -2.05821e-05
1.57 -2.09413e-05
1.58 -2.13119e-05
1.59 -2.18749e-05
1.6 -2.27953e-05
1.61 -2.40526e-05
1.62 -2.54165e-05
1.63 -2.66233e-05
1.64 -2.7561e-05
1.65 -2.82822e-05
1.66 -2.88874e-05
1.67 -2.94229e-05
1.68 -2.98634e-05
1.69 -3.01538e-05
1.7 -3.0257e-05
1.71 -3.01728e-05
1.72 -2.99341e-05
1.73 -2.96172e-05
1.74 -2.93671e-05
1.75 -2.93681e-05
1.76 -2.97298e-05
1.77 -3.03988e-05
1.78 -3.12015e-05
1.79 -3.19668e-05
1.8 -3.26131e-05
1.81 -3.31636e-05
1.82 -3.37034e-05
1.83 -3.42883e-05
1.84 -3.4864e-05
1.85 -3.52899e-05
1.86 -3.54621e-05
1.87 -3.54057e-05
1.88 -3.52429e-05
1.89 -3.51008e-05
1.9 -3.50691e-05
1.91 -3.52196e-05
1.92 -3.5611e-05
1.93 -3.62201e-05
1.94 -3.68622e-05
1.95 -3.72425e-05
1.96 -3.71808e-05
1.97 -3.68307e-05
1.98 -3.66459e-05
1.99 -3.70461e-05
2 -3.80562e-05
2.01 -3.92673e-05
2.02 -4.01699e-05
2.03 -4.05401e-05
2.04 -4.05385e-05
2.05 -4.04889e-05
2.06 -4.05726e-05
2.07 -4.0678e-05
2.08 -4.05011e-05
2.09 -3.98068e-05
2.1 -3.86132e-05
2.11 -3.71303e-05
2.12 -3.55571e-05
2.13 -3.39792e-05
2.14 -3.2443e-05
2.15 -3.10297e-05
2.16 -2.97567e-05
2.17 -2.84356e-05
2.18 -2.67498e-05
2.19 -2.45231e-05
2.2 -2.18755e-05
2.21 -1.91105e-05
2.22 -1.64931e-05
2.23 -1.41145e-05
2.24 -1.18816e-05
2.25 -9.59185e-06
2.26 -7.07436e-06
2.27 -4.33752e-06
2.28 -1.59723e-06
2.29 8.77539e-07
2.3 2.9984e-06
2.31 4.96793e-06
2.32 7.16734e-06
2.33 9.92912e-06
2.34 1.33719e-05
2.35 1.73632e-05
2.36 2.1586e-05
2.37 2.56722e-05
2.38 2.93541e-05
2.39 3.25664e-05
2.4 3.54413e-05
2.41 3.81899e-05
2.42 4.09639e-05
2.43 4.38099e-05
2.44 4.66946e-05
2.45 4.95243e-05
2.46 5.2175e-05
2.47 5.45712e-05
2.48 5.67581e-05
2.49 5.88896e-05
2.5 6.11379e-05
2.51 6.3557e-05
2.52 6.59649e-05
2.53 6.79949e-05
2.54 6.93607e-05
2.55 7.00977e-05
2.56 7.05169e-05
2.57 7.09157e-05
2.58 7.13361e-05
2.59 7.15797e-05
2.6 7.14204e-05
2.61 7.07904e-05
2.62 6.97848e-05
2.63 6.85327e-05
2.64 6.70952e-05
2.65 6.54784e-05
2.66 6.3696e-05
2.67 6.18127e-05
2.68 5.99448e-05
2.69 5.81893e-05
2.7 5.6498e-05
2.71 5.46534e-05
2.72 5.24401e-05
2.73 4.98691e-05
2.74 4.72407e-05
2.75 4.49801e-05
2.76 4.33531e-05
2.77 4.22876e-05
2.78 4.14713e-05
2.79 4.06411e-05
2.8 3.97933e-05
2.81 3.91436e-05
2.82 3.89113e-05
2.83 3.91251e-05
2.84 3.95719e-05
2.85 3.99139e-05
2.86 3.99159e-05
2.87 3.96144e-05
2.88 3.92578e-05
2.89 3.90723e-05
2.9 3.90847e-05
2.91 3.91482e-05
2.92 3.91091e-05
2.93 3.89463e-05
2.94 3.87728e-05
2.95 3.87365e-05
2.96 3.89011e-05
2.97 3.91555e-05
2.98 3.92294e-05
2.99 3.886e-05
3 3.79969e-05
3.01 3.68702e-05
3.02 3.587e-05
3.03 3.53093e-05
3.04 3.52054e-05
3.05 3.52363e-05
3.06 3.4945e-05
3.07 3.40474e-05
3.08 3.25729e-05
3.09 3.07425e-05
3.1 2.87489e-05
3.11 2.66641e-05
3.12 2.45358e-05
3.13 2.25154e-05
3.14 2.08254e-05
3.15 1.95915e-05
3.16 1.87422e-05
3.17 1.80793e-05
3.18 1.74164e-05
3.19 1.66496e-05
3.2 1.57558e-05
3.21 1.47712e-05
3.22 1.37603e-05
3.23 1.27756e-05
3.24 1.18311e-05
3.25 1.09156e-05
3.26 1.00339e-05
3.27 9.2436e-06
3.28 8.64735e-06
3.29 8.31569e-06
3.3 8.21599e-06
3.31 8.24581e-06
3.32 8.33373e-06
3.33 8.47859e-06
3.34 8.6961e-06
3.35 8.97179e-06
3.36 9.28105e-06
3.37 9.61195e-06
3.38 9.94086e-06
3.39 1.02026e-05
3.4 1.03046e-05
3.41 1.01897e-05
3.42 9.90507e-06
3.43 9.6084e-06
3.44 9.46837e-06
3.45 9.52828e-06
3.46 9.66823e-06
3.47 9.71422e-06
3.48 9.58809e-06
3.49 9.34639e-06
3.5 9.07057e-06
3.51 8.7388e-06
3.52 8.22951e-06
3.53 7.43742e-06
3.54 6.37929e-06
3.55 5.22614e-06
3.56 4.23936e-06
3.57 3.61901e-06
3.58 3.36579e-06
3.59 3.27659e-06
3.6 3.08963e-06
3.61 2.67218e-06
3.62 2.0976e-06
3.63 1.55245e-06
3.64 1.17255e-06
3.65 9.60399e-07
3.66 8.3803e-07
3.67 7.58067e-07
3.68 7.54293e-07
3.69 8.7687e-07
3.7 1.07357e-06
3.71 1.15643e-06
3.72 9.3316e-07
3.73 4.02398e-07
3.74 -1.95024e-07
3.75 -5.54513e-07
3.76 -5.60487e-07
3.77 -3.81128e-07
3.78 -3.49692e-07
3.79 -7.59293e-07
3.8 -1.69796e-06
3.81 -2.98263e-06
3.82 -4.23236e-06
3.83 -5.08451e-06
3.84 -5.43271e-06
3.85 -5.48001e-06
3.86 -5.53974e-06
3.87 -5.76866e-06
3.88 -6.07777e-06
3.89 -6.26416e-06
3.9 -6.17756e-06
3.91 -5.73781e-06
3.92 -4.84708e-06
3.93 -3.38874e-06
3.94 -1.3657e-06
3.95 9.8928e-07
3.96 3.28469e-06
3.97 5.16488e-06
3.98 6.45725e-06
3.99 7.18769e-06
4 7.50945e-06
4.01 7.62278e-06
4.02 7.72037e-06
4.03 7.95942e-06
4.04 8.44368e-06
4.05 9.20991e-06
4.06 1.02465e-05
4.07 1.15316e-05
4.08 1.30242e-05
4.09 1.46195e-05
4.1 1.61557e-05
4.11 1.74709e-05
4.12 1.84439e-05
4.13 1.90174e-05
4.14 1.92235e-05
4.15 1.91717e-05
4.16 1.89693e-05
4.17 1.86274e-05
4.18 1.80193e-05
4.19 1.6918e-05
4.2 1.51097e-05
4.21 1.2557e-05
4.22 9.50101e-06
4.23 6.3744e-06
4.24 3.57539e-06
4.25 1.31318e-06
4.26 -3.67439e-07
4.27 -1.51501e-06
4.28 -2.28757e-06
4.29 -2.96731e-06
4.3 -3.84446e-06
4.31 -5.04807e-06
4.32 -6.4952e-06
4.33 -7.96969e-06
4.34 -9.20562e-06
4.35 -9.93777e-06
4.36 -9.98931e-06
4.37 -9.39043e-06
4.38 -8.39024e-06
4.39 -7.28512e-06
4.4 -6.21309e-06
4.41 -5.116e-06
4.42 -3.84909e-06
4.43 -2.27926e-06
4.44 -3.09185e-07
4.45 2.12877e-06
4.46 5.0517e-06
4.47 8.3818e-06
4.48 1.19574e-05
4.49 1.56138e-05
4.5 1.92222e-05
4.51 2.26435e-05
4.52 2.57135e-05
4.53 2.8329e-05
4.54 3.05404e-05
4.55 3.25417e-05
4.56 3.45627e-05
4.57 3.67317e-05
4.58 3.89765e-05
4.59 4.10351e-05
4.6 4.26037e-05
4.61 4.35363e-05
4.62 4.39195e-05
4.63 4.39212e-05
4.64 4.35478e-05
4.65 4.25958e-05
4.66 4.08907e-05
4.67 3.8557e-05
4.68 3.60054e-05
4.69 3.36541e-05
4.7 3.16761e-05
4.71 2.99871e-05
4.72 2.8418e-05
4.73 2.68832e-05
4.74 2.5425e-05
4.75 2.41483e-05
4.76 2.31165e-05
4.77 2.22752e-05
4.78 2.14564e-05
4.79 2.04798e-05
4.8 1.92979e-05
4.81 1.80465e-05
4.82 1.69169e-05
4.83 1.59627e-05
4.84 1.50489e-05
4.85 1.39825e-05
4.86 1.26718e-05
4.87 1.11707e-05
4.88 9.61551e-06
4.89 8.12719e-06
4.9 6.72045e-06
4.91 5.26224e-06
4.92 3.54589e-06
4.93 1.45644e-06
4.94 -9.28238e-07
4.95 -3.41286e-06
4.96 -5.86089e-06
4.97 -8.29783e-06
4.98 -1.08683e-05
4.99 -1.37291e-05
5 -1.6966e-05
5.01 -2.05363e-05
5.02 -2.42382e-05
5.03 -2.77575e-05
5.04 -3.08052e-05
5.05 -3.32772e-05
5.06 -3.53194e-05
5.07 -3.72201e-05
5.08 -3.91791e-05
5.09 -4.11284e-05
5.1 -4.27689e-05
5.11 -4.38264e-05
5.12 -4.43059e-05
5.13 -4.4493e-05
5.14 -4.46788e-05
5.15 -4.48654e-05
5.16 -4.47444e-05
5.17 -4.39843e-05
5.18 -4.25531e-05
5.19 -4.07538e-05
5.2 -3.89581e-05
5.21 -3.73195e-05
5.22 -3.57122e-05
5.23 -3.39005e-05
5.24 -3.1742e-05
5.25 -2.92424e-05
5.26 -2.64865e-05
5.27 -2.35924e-05
5.28 -2.07447e-05
5.29 -1.82213e-05
5.3 -1.63136e-05
5.31 -1.51651e-05
5.32 -1.46882e-05
5.33 -1.46539e-05
5.34 -1.48531e-05
5.35 -1.51734e-05
5.36 -1.55611e-05
5.37 -1.59462e-05
5.38 -1.62163e-05
5.39 -1.62517e-05
5.4 -1.59557e-05
5.41 -1.52131e-05
5.42 -1.382e-05
5.43 -1.14962e-05
5.44 -8.02644e-06
5.45 -3.44155e-06
5.46 1.92579e-06
5.47 7.59456e-06
5.48 1.31999e-05
5.49 1.86698e-05
5.5 2.41957e-05
5.51 3.00263e-05
5.52 3.62089e-05
5.53 4.24613e-05
5.54 4.83175e-05
5.55 5.34603e-05
5.56 5.79392e-05
5.57 6.20721e-05
5.58 6.61291e-05
5.59 7.00808e-05
5.6 7.36239e-05
5.61 7.64436e-05
5.62 7.84721e-05
5.63 7.99306e-05
5.64 8.11287e-05
5.65 8.21987e-05
5.66 8.29951e-05
5.67 8.32234e-05
5.68 8.26499e-05
5.69 8.12182e-05
5.7 7.90315e-05
5.71 7.62638e-05
5.72 7.31045e-05
5.73 6.97774e-05
5.74 6.65488e-05
5.75 6.3641e-05
5.76 6.11163e-05
5.77 5.88805e-05
5.78 5.68243e-05
5.79 5.49565e-05
5.8 5.33861e-05
5.81 5.21896e-05
5.82 5.13319e-05
5.83 5.07071e-05
5.84 5.01693e-05
5.85 4.94732e-05
5.86 4.82568e-05
5.87 4.62067e-05
5.88 4.33109e-05
5.89 3.9963e-05
5.9 3.679e-05
5.91 3.43122e-05
5.92 3.26698e-05
5.93 3.15582e-05
5.94 3.03896e-05
5.95 2.8613e-05
5.96 2.60008e-05
5.97 2.26967e-05
5.98 1.90051e-05
5.99 1.51198e-05
6 1.10132e-05
6.01 6.53203e-06
6.02 1.55522e-06
6.03 -3.94068e-06
6.04 -9.89801e-06
6.05 -1.61946e-05
6.06 -2.26459e-05
6.07 -2.90253e-05
6.08 -3.51097e-05
6.09 -4.07306e-05
6.1 -4.58153e-05
6.11 -5.03998e-05
6.12 -5.45673e-05
6.13 -5.832e-05
6.14 -6.14965e-05
6.15 -6.38395e-05
6.16 -6.51798e-05
6.17 -6.55806e-05
6.18 -6.53136e-05
6.19 -6.46773e-05
6.2 -6.38211e-05
6.21 -6.27357e-05
6.22 -6.13782e-05
6.23 -5.97661e-05
6.24 -5.79741e-05
6.25 -5.60963e-05
6.26 -5.42049e-05
6.27 -5.23083e-05
6.28 -5.03505e-05
6.29 -4.82638e-05
6.3 -4.60198e-05
6.31 -4.36324e-05
6.32 -4.11306e-05
6.33 -3.85428e-05
6.34 -3.58816e-05
6.35 -3.31244e-05
6.36 -3.0226e-05
6.37 -2.71714e-05
6.38 -2.401e-05
6.39 -2.0854e-05
6.4 -1.78548e-05
6.41 -1.51405e-05
6.42 -1.27172e-05
6.43 -1.04305e-05
6.44 -8.06206e-06
6.45 -5.49739e-06
6.46 -2.82564e-06
6.47 -2.79984e-07
6.48 1.9174e-06
6.49 3.64586e-06
6.5 4.85841e-06
6.51 5.52122e-06
6.52 5.58567e-06
6.53 4.9974e-06
6.54 3.74287e-06
6.55 1.90965e-06
6.56 -3.00967e-07
6.57 -2.63972e-06
6.58 -4.90232e-06
6.59 -6.95968e-06
6.6 -8.70704e-06
6.61 -1.00247e-05
6.62 -1.08218e-05
6.63 -1.11054e-05
6.64 -1.09672e-05
6.65 -1.04653e-05
6.66 -9.49098e-06
6.67 -7.74623e-06
6.68 -4.86541e-06
6.69 -6.09386e-07
6.7 4.986e-06
6.71 1.15815e-05
6.72 1.86043e-05
6.73 2.53465e-05
6.74 3.10777e-05
6.75 3.52052e-05
6.76 3.73968e-05
6.77 3.74936e-05
6.78 3.52223e-05
6.79 2.99703e-05
6.8 2.08902e-05
6.81 7.33549e-06
6.82 -1.06885e-05
6.83 -3.2416e-05
6.84 -5.6621e-05
6.85 -8.20849e-05
6.86 -0.000107904
6.87 -0.000133422
6.88 -0.000157889
6.89 -0.000180195
6.9 -0.000198973
6.91 -0.000212947
6.92 -0.000221217
6.93 -0.000223288
6.94 -0.000218955
6.95 -0.000208251
6.96 -0.000191528
6.97 -0.00016953
6.98 -0.000143386
6.99 -0.000114413
7 -8.36935e-05
7.01 -5.15794e-05
7.02 -1.75878e-05
7.03 1.90909e-05
7.04 5.88314e-05
7.05 0.000101153
7.06 0.000144862
7.07 0.000188516
7.08 0.000230847
7.09 0.000270989
7.1 0.000308453
7.11 0.000342946
7.12 0.000374152
7.13 0.000401573
7.14 0.00042441
7.15 0.00044154
7.16 0.000451714
7.17 0.000453994
7.18 0.000448136
7.19 0.000434595
7.2 0.000414137
7.21 0.000387465
7.22 0.000355216
7.23 0.000318241
7.24 0.000277777
7.25 0.00023529
7.26 0.00019218
7.27 0.000149695
7.28 0.000109046
7.29 7.1348e-05
7.3 3.72666e-05
7.31 6.72795e-06
7.32 -2.09827e-05
7.33 -4.67871e-05
7.34 -7.13708e-05
7.35 -9.49266e-05
7.36 -0.000117102
7.37 -0.000137148
7.38 -0.000154211
7.39 -0.000167582
7.4 -0.000176772
7.41 -0.000181448
7.42 -0.000181374
7.43 -0.000176446
7.44 -0.000166772
7.45 -0.000152727
7.46 -0.000134933
7.47 -0.000114201
7.48 -9.15002e-05
7.49 -6.80193e-05
7.5 -4.5286e-05
7.51 -2.51235e-05
7.52 -9.19124e-06
7.53 1.75614e-06
7.54 8.24816e-06
7.55 1.16425e-05
7.56 1.31688e-05
7.57 1.32595e-05
7.58 1.15549e-05
7.59 7.33206e-06
7.6 -6.89773e-08
7.61 -1.09827e-05
7.62 -2.52125e-05
7.63 -4.1834e-05
7.64 -5.92193e-05
7.65 -7.54702e-05
7.66 -8.90715e-05
7.67 -9.93182e-05
7.68 -0.000106285
7.69 -0.000110551
7.7 -0.000113027
7.71 -0.00011494
7.72 -0.00011768
7.73 -0.000122429
7.74 -0.000129792
7.75 -0.000139764
7.76 -0.000151988
7.77 -0.000166006
7.78 -0.00018121
7.79 -0.000196601
7.8 -0.000210601
7.81 -0.00022115
7.82 -0.000226163
7.83 -0.000224232
7.84 -0.000215188
7.85 -0.000200075
7.86 -0.000180474
7.87 -0.000157699
7.88 -0.000132512
7.89 -0.00010552
7.9 -7.78147e-05
7.91 -5.115e-05
7.92 -2.7313e-05
7.93 -7.16081e-06
7.94 9.76499e-06
7.95 2.46217e-05
7.96 3.8234e-05
7.97 5.06667e-05
7.98 6.17609e-05
7.99 7.19332e-05
8 8.22496e-05
8.01 9.36195e-05
8.02 0.000105945
8.03 0.00011813
8.04 0.000128959
8.05 0.000137977
8.06 0.000145589
8.07 0.000152441
8.08 0.000158795
8.09 0.000164426
8.1 0.000168917
8.11 0.000171895
8.12 0.000172998
8.13 0.000171687
8.14 0.000167157
8.15 0.000158537
8.16 0.000145279
8.17 0.000127453
8.18 0.000105722
8.19 8.1041e-05
8.2 5.43458e-05
8.21 2.65301e-05
8.22 -1.26608e-06
8.23 -2.74597e-05
8.24 -5.03941e-05
8.25 -6.91872e-05
8.26 -8.43201e-05
8.27 -9.73193e-05
8.28 -0.000109727
8.29 -0.000122206
8.3 -0.000134425
8.31 -0.000145666
8.32 -0.000155554
8.33 -0.000164299
8.34 -0.000172342
8.35 -0.000179788
8.36 -0.000186264
8.37 -0.000191316
8.38 -0.000194932
8.39 -0.000197601
8.4 -0.000199745
8.41 -0.00020101
8.42 -0.000200116
8.43 -0.000195583
8.44 -0.000186759
8.45 -0.000174182
8.46 -0.000158927
8.47 -0.000141634
8.48 -0.00012213
8.49 -9.98748e-05
8.5 -7.4635e-05
8.51 -4.67353e-05
8.52 -1.68219e-05
8.53 1.43946e-05
8.54 4.59958e-05
8.55 7.64345e-05
8.56 0.00010339
8.57 0.000124345
8.58 0.000137662
8.59 0.000143312
8.6 0.000142596
8.61 0.000137172
8.62 0.000128326
8.63 0.000116988
8.64 0.000104115
8.65 9.0678e-05
8.66 7.71021e-05
8.67 6.28025e-05
8.68 4.6431e-05
8.69 2.66967e-05
8.7 3.0871e-06
8.71 -2.4004e-05
8.72 -5.36512e-05
8.73 -8.47945e-05
8.74 -0.000116303
8.75 -0.000146757
8.76 -0.000174295
8.77 -0.000196825
8.78 -0.000212595
8.79 -0.000220735
8.8 -0.000221349
8.81 -0.000215143
8.82 -0.000202853
8.83 -0.000184853
8.84 -0.000161121
8.85 -0.000131529
8.86 -9.62642e-05
8.87 -5.61243e-05
8.88 -1.25337e-05
8.89 3.26289e-05
8.9 7.7281e-05
8.91 0.000119495
8.92 0.000157914
8.93 0.000191942
8.94 0.000221502
8.95 0.000246591
8.96 0.000267054
8.97 0.000282769
8.98 0.000293947
8.99 0.000301107
9 0.000304652
9.01 0.000304407
9.02 0.000299607
9.03 0.000289382
9.04 0.000273343
9.05 0.000251821
9.06 0.000225725
9.07 0.000196289
9.08 0.000164954
9.09 0.000133429
9.1 0.000103677
9.11 7.75608e-05
9.12 5.62159e-05
9.13 3.96618e-05
9.14 2.70598e-05
9.15 1.74589e-05
9.16 1.04278e-05
9.17 6.106e-06
9.18 4.7581e-06
9.19 6.35144e-06
9.2 1.06043e-05
9.21 1.74428e-05
9.22 2.73312e-05
9.23 4.09747e-05
9.24 5.84665e-05
9.25 7.85116e-05
9.26 9.83627e-05
9.27 0.000114598
9.28 0.000124281
9.29 0.000125759
9.3 0.000118684
9.31 0.000103413
9.32 8.04137e-05
9.33 5.01e-05
9.34 1.31591e-05
9.35 -2.8967e-05
9.36 -7.39321e-05
9.37 -0.000118992
9.38 -0.000161971
9.39 -0.000202009
9.4 -0.000239462
9.41 -0.000275034
9.42 -0.000308841
9.43 -0.000340136
9.44 -0.000367803
9.45 -0.000391109
9.46 -0.000410139
9.47 -0.000425652
9.48 -0.000438576
9.49 -0.000449521
9.5 -0.000458532
9.51 -0.000465137
9.52 -0.000468694
9.53 -0.000468846
9.54 -0.000465629
9.55 -0.000458984
9.56 -0.000448066
9.57 -0.000431104
9.58 -0.00040617
9.59 -0.000372342
9.6 -0.00033033
9.61 -0.000282008
9.62 -0.000229359
9.63 -0.000173879
9.64 -0.000116887
9.65 -6.01681e-05
9.66 -6.09132e-06
9.67 4.30811e-05
9.68 8.6063e-05
9.69 0.000122752
9.7 0.000153625
9.71 0.000178974
9.72 0.000198766
9.73 0.000213195
9.74 0.000223173
9.75 0.000229996
9.76 0.000234368
9.77 0.000235831
9.78 0.000233306
9.79 0.000226291
9.8 0.000215637
9.81 0.000203212
9.82 0.000190854
9.83 0.000179481
9.84 0.000168948
9.85 0.000158533
9.86 0.000147529
9.87 0.000135564
9.88 0.000122573
9.89 0.000108631
9.9 9.38832e-05
9.91 7.86671e-05
9.92 6.3698e-05
9.93 5.0088e-05
9.94 3.90591e-05
9.95 3.15204e-05
9.96 2.78641e-05
9.97 2.81258e-05
9.98 3.22498e-05
9.99 4.00804e-05
10 5.10262e-05
10.01 6.37571e-05
10.02 7.63584e-05
10.03 8.69897e-05
10.04 9.46284e-05
10.05 9.93402e-05
10.06 0.000101843
10.07 0.000102688
10.08 0.000101694
10.09 9.8057e-05
10.1 9.09426e-05
10.11 7.99496e-05
10.12 6.50667e-05
10.13 4.62989e-05
10.14 2.34135e-05
10.15 -3.92573e-06
10.16 -3.57232e-05
10.17 -7.12331e-05
10.18 -0.00010892
10.19 -0.00014694
10.2 -0.000183849
10.21 -0.000218892
10.22 -0.000251577
10.23 -0.000280956
10.24 -0.000305373
10.25 -0.000322927
10.26 -0.000332147
10.27 -0.000332343
10.28 -0.000323475
10.29 -0.000305871
10.3 -0.000280093
10.31 -0.000247075
10.32 -0.000208268
10.33 -0.000165424
10.34 -0.000120035
10.35 -7.29445e-05
10.36 -2.45789e-05
10.37 2.44063e-05
10.38 7.27123e-05
10.39 0.000118632
10.4 0.000160717
10.41 0.000198286
10.42 0.000231435
10.43 0.000260638
10.44 0.000286305
10.45 0.000308548
10.46 0.000327202
10.47 0.000341925
10.48 0.000352321
10.49 0.00035804
10.5 0.000358861
10.51 0.000354774
10.52 0.000346129
10.53 0.000333779
10.54 0.000319045
10.55 0.00030343
10.56 0.000288228
10.57 0.000274225
10.58 0.000261619
10.59 0.00025011
10.6 0.000239119
10.61 0.000228088
10.62 0.000216749
10.63 0.000205237
10.64 0.000193993
10.65 0.000183485
10.66 0.000173924
10.67 0.000165147
10.68 0.0001567
10.69 0.000147961
10.7 0.000138143
10.71 0.000126306
10.72 0.000111627
10.73 9.38042e-05
10.74 7.31577e-05
10.75 5.02479e-05
10.76 2.54126e-05
10.77 -1.28824e-06
10.78 -2.97386e-05
10.79 -5.94244e-05
10.8 -8.93878e-05
10.81 -0.00011852
10.82 -0.000145974
10.83 -0.00017141
10.84 -0.000194958
10.85 -0.000217031
10.86 -0.000238159
10.87 -0.000258914
10.88 -0.000279886
10.89 -0.000301611
10.9 -0.000324429
10.91 -0.000348337
10.92 -0.000372923
10.93 -0.000397427
10.94 -0.000420866
10.95 -0.000442122
10.96 -0.000459993
10.97 -0.000473234
10.98 -0.000480721
10.99 -0.000481701
11 -0.000476003
11.01 -0.000464052
11.02 -0.000446759
11.03 -0.000425397
11.04 -0.000401425
11.05 -0.000376139
11.06 -0.00035023
11.07 -0.000323618
11.08 -0.000295765
11.09 -0.000266257
11.1 -0.000235223
11.11 -0.000203312
11.12 -0.000171368
11.13 -0.000140104
11.14 -0.000109994
11.15 -8.13509e-05
11.16 -5.44816e-05
11.17 -2.97045e-05
11.18 -7.23747e-06
11.19 1.28899e-05
11.2 3.0783e-05
11.21 4.66043e-05
11.22 6.06333e-05
11.23 7.33929e-05
11.24 8.55888e-05
11.25 9.77916e-05
11.26 0.000110102
11.27 0.000122077
11.28 0.000132971
11.29 0.000142033
11.3 0.000148614
11.31 0.000152092
11.32 0.000151892
11.33 0.000147676
11.34 0.000139448
11.35 0.000127401
11.36 0.000111622
11.37 9.19336e-05
11.38 6.7992e-05
11.39 3.95965e-05
11.4 7.03042e-06
11.41 -2.86718e-05
11.42 -6.55389e-05
11.43 -0.000100681
11.44 -0.00013079
11.45 -0.000153123
11.46 -0.000166352
11.47 -0.000170577
11.48 -0.000166496
11.49 -0.000154485
11.5 -0.000134393
11.51 -0.000106109
11.52 -7.02774e-05
11.53 -2.84143e-05
11.54 1.76637e-05
11.55 6.65375e-05
11.56 0.000117392
11.57 0.000169567
11.58 0.000221889
11.59 0.000272459
11.6 0.000319198
11.61 0.000360625
11.62 0.000396073
11.63 0.000425219
11.64 0.00044758
11.65 0.000462531
11.66 0.000469741
11.67 0.000469514
11.68 0.000462631
11.69 0.000449841
11.7 0.000431518
11.71 0.000407845
11.72 0.000379422
11.73 0.000347824
11.74 0.000315519
11.75 0.000284964
11.76 0.000257411
11.77 0.000232386
11.78 0.000208253
11.79 0.000183286
11.8 0.000156336
11.81 0.000126731
11.82 9.39401e-05
11.83 5.7605e-05
11.84 1.7916e-05
11.85 -2.42116e-05
11.86 -6.74593e-05
11.87 -0.00011065
11.88 -0.000153035
11.89 -0.000194131
11.9 -0.000233325
11.91 -0.000269551
11.92 -0.000301308
11.93 -0.000326973
11.94 -0.000345187
11.95 -0.000355074
11.96 -0.000356249
11.97 -0.000348727
11.98 -0.000332893
11.99 -0.000309599
12 -0.000280211
12.01 -0.000246375
12.02 -0.000209567
12.03 -0.000170773
12.04 -0.000130661
12.05 -9.01143e-05
12.06 -5.05978e-05
12.07 -1.38574e-05
12.08 1.89095e-05
12.09 4.76873e-05
12.1 7.35089e-05
12.11 9.76951e-05
12.12 0.000121032
12.13 0.000143334
12.14 0.000163534
12.15 0.000180122
12.16 0.000191581
12.17 0.00019655
12.18 0.000193772
12.19 0.000182043
12.2 0.000160306
12.21 0.000127837
12.22 8.43467e-05
12.23 2.99135e-05
12.24 -3.51706e-05
12.25 -0.000110566
12.26 -0.000195999
12.27 -0.000291241
12.28 -0.0003958
12.29 -0.000508289
12.3 -0.000625683
12.31 -0.000742791
12.32 -0.000852299
12.33 -0.000945832
12.34 -0.00101622
12.35 -0.0010601
12.36 -0.00107899
12.37 -0.00107758
12.38 -0.0010604
12.39 -0.00102982
12.4 -0.000986911
12.41 -0.000933622
12.42 -0.000873499
12.43 -0.000809854
12.44 -0.00074342
12.45 -0.000671966
12.46 -0.00059223
12.47 -0.0005023
12.48 -0.000402582
12.49 -0.000295094
12.5 -0.000182248
12.51 -6.61616e-05
12.52 5.1361e-05
12.53 0.000168671
12.54 0.000284358
12.55 0.00039751
12.56 0.000507759
12.57 0.000614764
12.58 0.000717208
12.59 0.000811911
12.6 0.000893885
12.61 0.000957694
12.62 0.000999638
12.63 0.00101926
12.64 0.00101877
12.65 0.00100089
12.66 0.000967265
12.67 0.000918996
12.68 0.00085808
12.69 0.000787928
12.7 0.000712732
12.71 0.000636844
12.72 0.000564748
12.73 0.000501065
12.74 0.000449984
12.75 0.000414345
12.76 0.000395025
12.77 0.000390904
12.78 0.000399208
12.79 0.000416059
12.8 0.000437293
12.81 0.00045954
12.82 0.000481162
12.83 0.00050242
12.84 0.000524669
12.85 0.000549162
12.86 0.000576278
12.87 0.000605531
12.88 0.000635998
12.89 0.000666646
12.9 0.000696382
12.91 0.000724069
12.92 0.000748703
12.93 0.000769624
12.94 0.000786555
12.95 0.000799428
12.96 0.000808182
12.97 0.000812793
12.98 0.000813515
12.99 0.000811085
13 0.000806572
13.01 0.000800816
13.02 0.000793759
13.03 0.000784111
13.04 0.000769634
13.05 0.000747941
13.06 0.000717388
13.07 0.000677483
13.08 0.00062851
13.09 0.000570727
13.1 0.000503988
13.11 0.000428297
13.12 0.000344888
13.13 0.000256742
13.14 0.000167729
13.15 8.07173e-05
13.16 -3.85539e-06
13.17 -8.76567e-05
13.18 -0.000172624
13.19 -0.000259259
13.2 -0.000346507
13.21 -0.000433036
13.22 -0.000518468
13.23 -0.000603387
13.24 -0.000688351
13.25 -0.000773034
13.26 -0.000856376
13.27 -0.000937501
13.28 -0.00101634
13.29 -0.00109298
13.3 -0.00116602
13.31 -0.00123182
13.32 -0.00128575
13.33 -0.00132455
13.34 -0.00134755
13.35 -0.00135594
13.36 -0.00135114
13.37 -0.0013339
13.38 -0.00130494
13.39 -0.00126605
13.4 -0.00122048
13.41 -0.00117177
13.42 -0.00112217
13.43 -0.0010719
13.44 -0.00102021
13.45 -0.00096701
13.46 -0.000913655
13.47 -0.000862102
13.48 -0.000813426
13.49 -0.000767044
13.5 -0.000721182
13.51 -0.000673924
13.52 -0.000623965
13.53 -0.000570784
13.54 -0.000514556
13.55 -0.000456084
13.56 -0.000396781
13.57 -0.000338622
13.58 -0.000283967
13.59 -0.000235021
13.6 -0.000192919
13.61 -0.000157056
13.62 -0.00012531
13.63 -9.49501e-05
13.64 -6.33643e-05
13.65 -2.83187e-05
13.66 1.17547e-05
13.67 5.71943e-05
13.68 0.000106839
13.69 0.00015865
13.7 0.000210889
13.71 0.000262838
13.72 0.00031444
13.73 0.000365285
13.74 0.000413932
13.75 0.000458301
13.76 0.000496789
13.77 0.000528995
13.78 0.000555307
13.79 0.000575709
13.8 0.000588935
13.81 0.000592795
13.82 0.000585373
13.83 0.000566126
13.84 0.000536084
13.85 0.000497406
13.86 0.000453009
13.87 0.000406569
13.88 0.000362378
13.89 0.000324518
13.9 0.000295685
13.91 0.000276526
13.92 0.00026602
13.93 0.000262549
13.94 0.000264769
13.95 0.000271711
13.96 0.000282324
13.97 0.000295179
13.98 0.0003088
13.99 0.000322442
14 0.000336571
14.01 0.000352529
14.02 0.000371555
14.03 0.00039391
14.04 0.000418719
14.05 0.000444532
14.06 0.000470045
14.07 0.000494386
14.08 0.000516928
14.09 0.000536975
14.1 0.000553699
14.11 0.0005664
14.12 0.000574875
14.13 0.000579533
14.14 0.00058109
14.15 0.000580064
14.16 0.000576495
14.17 0.000570108
14.18 0.000560712
14.19 0.000548477
14.2 0.000533942
14.21 0.00051786
14.22 0.000501037
14.23 0.00048422
14.24 0.000467976
14.25 0.000452453
14.26 0.000437121
14.27 0.000420719
14.28 0.000401563
14.29 0.000378157
14.3 0.000349827
14.31 0.000316988
14.32 0.000280839
14.33 0.000242823
14.34 0.000204332
14.35 0.000166803
14.36 0.000131843
14.37 0.000101007
14.38 7.52589e-05
14.39 5.45807e-05
14.4 3.82331e-05
14.41 2.5539e-05
14.42 1.65514e-05
14.43 1.20966e-05
14.44 1.32076e-05
14.45 2.03829e-05
14.46 3.32083e-05
14.47 5.05208e-05
14.48 7.07588e-05
14.49 9.20909e-05
14.5 0.000112384
14.51 0.000129328
14.52 0.000140797
14.53 0.000145249
14.54 0.000141963
14.55 0.000131018
14.56 0.000113054
14.57 8.89678e-05
14.58 5.96587e-05
14.59 2.59119e-05
14.6 -1.15975e-05
14.61 -5.22784e-05
14.62 -9.56789e-05
14.63 -0.000141602
14.64 -0.00019018
14.65 -0.00024181
14.66 -0.000296977
14.67 -0.000356059
14.68 -0.000419219
14.69 -0.000486298
14.7 -0.000556634
14.71 -0.000628879
14.72 -0.000701099
14.73 -0.000771165
14.74 -0.000837132
14.75 -0.000897336
14.76 -0.000950274
14.77 -0.000994563
14.78 -0.00102915
14.79 -0.0010536
14.8 -0.00106811
14.81 -0.00107338
14.82 -0.00107019
14.83 -0.0010592
14.84 -0.00104083
14.85 -0.00101525
14.86 -0.000982466
14.87 -0.0009426
14.88 -0.000896133
14.89 -0.000844005
14.9 -0.000787285
14.91 -0.000726675
14.92 -0.000662296
14.93 -0.000593973
14.94 -0.000521734
14.95 -0.000446104
14.96 -0.000367974
14.97 -0.000288222
14.98 -0.000207397
14.99 -0.000125664
15 -4.29613e-05
15.01 4.08044e-05
15.02 0.000125675
15.03 0.000211672
15.04 0.000298798
15.05 0.000386796
15.06 0.000474722
15.07 0.000560682
15.08 0.000642084
15.09 0.00071637
15.1 0.000781768
15.11 0.00083761
15.12 0.000884137
15.13 0.000922043
15.14 0.000952031
15.15 0.000974524
15.16 0.00098953
15.17 0.000996666
15.18 0.000995392
15.19 0.000985439
15.2 0.000967145
15.21 0.000941345
15.22 0.000908878
15.23 0.000870195
15.24 0.000825422
15.25 0.000774818
15.26 0.000719169
15.27 0.000659767
15.28 0.000598092
15.29 0.000535507
15.3 0.000473172
15.31 0.000412048
15.32 0.000352932
15.33 0.000296512
15.34 0.000243344
15.35 0.000193706
15.36 0.000147493
15.37 0.000104334
15.38 6.38487e-05
15.39 2.58475e-05
15.4 -9.59251e-06
15.41 -4.21409e-05
15.42 -7.12781e-05
15.43 -9.64133e-05
15.44 -0.000117037
15.45 -0.00013292
15.46 -0.000144372
15.47 -0.000152378
15.48 -0.000158445
15.49 -0.000164227
15.5 -0.000171106
15.51 -0.000179913
15.52 -0.000190852
15.53 -0.000203686
15.54 -0.000218025
15.55 -0.00023344
15.56 -0.000249336
15.57 -0.000264866
15.58 -0.000279131
15.59 -0.000291585
15.6 -0.000302303
15.61 -0.000311859
15.62 -0.000320887
15.63 -0.000329647
15.64 -0.000337923
15.65 -0.000345302
15.66 -0.000351505
15.67 -0.000356475
15.68 -0.000360208
15.69 -0.000362634
15.7 -0.000363728
15.71 -0.000363706
15.72 -0.000363086
15.73 -0.000362564
15.74 -0.000362876
15.75 -0.000364733
15.76 -0.000368814
15.77 -0.000375697
15.78 -0.000385729
15.79 -0.000398951
15.8 -0.000415197
15.81 -0.000434264
15.82 -0.000455975
15.83 -0.000480107
15.84 -0.000506265
15.85 -0.000533787
15.86 -0.000561749
15.87 -0.000589095
15.88 -0.000614876
15.89 -0.000638522
15.9 -0.00066003
15.91 -0.000679939
15.92 -0.000699132
15.93 -0.000718561
15.94 -0.000738918
15.95 -0.000760369
15.96 -0.000782508
15.97 -0.000804593
15.98 -0.000825879
15.99 -0.000845779
16 -0.00086378
16.01 -0.000879217
16.02 -0.000891199
16.03 -0.000898834
16.04 -0.000901599
16.05 -0.000899585
16.06 -0.000893486
16.07 -0.000884358
16.08 -0.000873312
16.09 -0.000861253
16.1 -0.000848661
16.11 -0.000835451
16.12 -0.000820975
16.13 -0.000804319
16.14 -0.000784835
16.15 -0.000762518
16.16 -0.000737966
16.17 -0.000711994
16.18 -0.000685285
16.19 -0.000658208
16.2 -0.000630723
16.21 -0.00060233
16.22 -0.000572127
16.23 -0.00053903
16.24 -0.000502117
16.25 -0.000460837
16.26 -0.000414991
16.27 -0.000364525
16.28 -0.000309279
16.29 -0.000248859
16.3 -0.000182701
16.31 -0.00011023
16.32 -3.09453e-05
16.33 5.55593e-05
16.34 0.00014959
16.35 0.000251333
16.36 0.000360839
16.37 0.000477983
16.38 0.000602241
16.39 0.000732298
16.4 0.000865673
16.41 0.000998783
16.42 0.00112758
16.43 0.00124856
16.44 0.00135967
16.45 0.00146053
16.46 0.00155186
16.47 0.00163434
16.48 0.00170756
16.49 0.00177
16.5 0.00182016
16.51 0.00185794
16.52 0.00188518
16.53 0.00190464
16.54 0.00191848
16.55 0.00192742
16.56 0.00193124
16.57 0.00192984
16.58 0.00192386
16.59 0.00191424
16.6 0.0019014
16.61 0.00188481
16.62 0.0018633
16.63 0.0018358
16.64 0.00180188
16.65 0.00176185
16.66 0.00171627
16.67 0.00166563
16.68 0.00161024
16.69 0.0015504
16.7 0.00148662
16.71 0.00141948
16.72 0.00134939
16.73 0.0012764
16.74 0.00120031
16.75 0.00112091
16.76 0.00103823
16.77 0.000952436
16.78 0.000863677
16.79 0.000771851
16.8 0.000676688
16.81 0.000577912
16.82 0.000475342
16.83 0.000368896
16.84 0.000258622
16.85 0.000144739
16.86 2.76176e-05
16.87 -9.22809e-05
16.88 -0.000214463
16.89 -0.000338409
16.9 -0.000463499
16.91 -0.000588815
16.92 -0.000712844
16.93 -0.000833183
16.94 -0.000946578
16.95 -0.00104971
16.96 -0.00114067
16.97 -0.00122
16.98 -0.00129021
16.99 -0.00135357
17 -0.00141019
17.01 -0.00145787
17.02 -0.00149389
17.03 -0.00151714
17.04 -0.00152906
17.05 -0.00153293
17.06 -0.00153214
17.07 -0.0015285
17.08 -0.00152205
17.09 -0.0015124
17.1 -0.00150018
17.11 -0.00148694
17.12 -0.00147396
17.13 -0.00146121
17.14 -0.00144775
17.15 -0.00143302
17.16 -0.00141764
17.17 -0.001403
17.18 -0.00139031
17.19 -0.00137998
17.2 -0.0013718
17.21 -0.00136533
17.22 -0.00136025
17.23 -0.00135621
17.24 -0.00135271
17.25 -0.00134896
17.26 -0.0013442
17.27 -0.00133795
17.28 -0.00133013
17.29 -0.00132092
17.3 -0.00131044
17.31 -0.00129867
17.32 -0.00128541
17.33 -0.00127046
17.34 -0.00125376
17.35 -0.00123559
17.36 -0.00121648
17.37 -0.00119704
17.38 -0.00117765
17.39 -0.00115823
17.4 -0.00113827
17.41 -0.00111714
17.42 -0.00109429
17.43 -0.00106933
17.44 -0.00104192
17.45 -0.00101162
17.46 -0.000978
17.47 -0.000940936
17.48 -0.000900775
17.49 -0.00085811
17.5 -0.000813339
17.51 -0.000766406
17.52 -0.0007169
17.53 -0.000664326
17.54 -0.00060825
17.55 -0.000548251
17.56 -0.000483789
17.57 -0.000414199
17.58 -0.000338851
17.59 -0.000257428
17.6 -0.000170104
17.61 -7.74968e-05
17.62 1.95928e-05
17.63 0.000120462
17.64 0.000224558
17.65 0.000331227
17.66 0.000439404
17.67 0.000547491
17.68 0.000653416
17.69 0.000754694
17.7 0.000848578
17.71 0.000932559
17.72 0.00100516
17.73 0.00106648
17.74 0.00111798
17.75 0.00116148
17.76 0.00119804
17.77 0.00122756
17.78 0.00124944
17.79 0.00126357
17.8 0.00127097
17.81 0.00127357
17.82 0.00127341
17.83 0.00127192
17.84 0.00126974
17.85 0.0012672
17.86 0.00126467
17.87 0.0012626
17.88 0.00126117
17.89 0.00126016
17.9 0.00125922
17.91 0.0012583
17.92 0.00125788
17.93 0.00125874
17.94 0.00126157
17.95 0.0012668
17.96 0.00127471
17.97 0.00128562
17.98 0.00129993
17.99 0.00131787
18 0.00133928
18.01 0.00136353
18.02 0.00138961
18.03 0.00141644
18.04 0.00144293
18.05 0.00146797
18.06 0.00149032
18.07 0.00150878
18.08 0.00152248
18.09 0.0015312
18.1 0.00153522
18.11 0.00153508
18.12 0.0015311
18.13 0.00152328
18.14 0.00151136
18.15 0.00149508
18.16 0.00147428
18.17 0.00144885
18.18 0.00141875
18.19 0.00138386
18.2 0.00134408
18.21 0.00129931
18.22 0.00124956
18.23 0.00119484
18.24 0.00113507
18.25 0.00106993
18.26 0.000998951
18.27 0.000921687
18.28 0.000838001
18.29 0.000748053
18.3 0.000652127
18.31 0.000550482
18.32 0.000443356
18.33 0.000331036
18.34 0.00021386
18.35 9.21796e-05
18.36 -3.35814e-05
18.37 -0.000162751
18.38 -0.000294275
18.39 -0.000426778
18.4 -0.000558787
18.41 -0.000688825
18.42 -0.000815168
18.43 -0.000935528
18.44 -0.00104725
18.45 -0.0011484
18.46 -0.00123922
18.47 -0.00132241
18.48 -0.00140134
18.49 -0.0014772
18.5 -0.00154754
18.51 -0.00160764
18.52 -0.00165359
18.53 -0.00168465
18.54 -0.00170328
18.55 -0.00171329
18.56 -0.00171753
18.57 -0.001717
18.58 -0.00171182
18.59 -0.00170273
18.6 -0.00169134
18.61 -0.00167908
18.62 -0.00166595
18.63 -0.0016504
18.64 -0.00163035
18.65 -0.00160445
18.66 -0.00157252
18.67 -0.00153523
18.68 -0.00149341
18.69 -0.00144766
18.7 -0.00139843
18.71 -0.00134634
18.72 -0.00129231
18.73 -0.00123738
18.74 -0.00118224
18.75 -0.00112694
18.76 -0.00107095
18.77 -0.00101342
18.78 -0.000953515
18.79 -0.000890653
18.8 -0.000824619
18.81 -0.000755589
18.82 -0.000684003
18.83 -0.000610422
18.84 -0.000535443
18.85 -0.000459653
18.86 -0.000383525
18.87 -0.000307313
18.88 -0.000231023
18.89 -0.000154445
18.9 -7.72481e-05
18.91 8.96343e-07
18.92 8.02305e-05
18.93 0.000160907
18.94 0.00024297
18.95 0.000326238
18.96 0.000410113
18.97 0.000493446
18.98 0.000574621
18.99 0.000651916
19 0.000724011
19.01 0.000790414
19.02 0.000851597
19.03 0.000908713
19.04 0.000962992
19.05 0.00101511
19.06 0.0010648
19.07 0.00111097
19.08 0.00115216
19.09 0.00118723
19.1 0.00121561
19.11 0.00123713
19.12 0.00125174
19.13 0.00125945
19.14 0.00126048
19.15 0.00125533
19.16 0.00124464
19.17 0.00122898
19.18 0.00120883
19.19 0.0011846
19.2 0.0011566
19.21 0.00112498
19.22 0.00108967
19.23 0.00105052
19.24 0.00100749
19.25 0.000960898
19.26 0.000911405
19.27 0.000859785
19.28 0.000806627
19.29 0.000752299
19.3 0.000697176
19.31 0.000641895
19.32 0.000587365
19.33 0.000534486
19.34 0.000483826
19.35 0.000435507
19.36 0.000389336
19.37 0.000345064
19.38 0.000302629
19.39 0.000262182
19.4 0.000223905
19.41 0.000187787
19.42 0.000153599
19.43 0.000121087
19.44 9.01373e-05
19.45 6.07546e-05
19.46 3.29345e-05
19.47 6.61654e-06
19.48 -1.82688e-05
19.49 -4.1763e-05
19.5 -6.38941e-05
19.51 -8.47214e-05
19.52 -0.000104364
19.53 -0.00012298
19.54 -0.000140761
19.55 -0.000157978
19.56 -0.000174991
19.57 -0.00019211
19.58 -0.000209417
19.59 -0.000226773
19.6 -0.000244019
19.61 -0.000261152
19.62 -0.000278303
19.63 -0.000295612
19.64 -0.000313147
19.65 -0.000330908
19.66 -0.000348834
19.67 -0.000366847
19.68 -0.00038495
19.69 -0.000403284
19.7 -0.000422028
19.71 -0.000441239
19.72 -0.000460806
19.73 -0.000480535
19.74 -0.000500188
19.75 -0.000519364
19.76 -0.00053737
19.77 -0.000553283
19.78 -0.00056623
19.79 -0.000575696
19.8 -0.0005816
19.81 -0.000584147
19.82 -0.000583593
19.83 -0.000580116
19.84 -0.00057387
19.85 -0.000565096
19.86 -0.000554108
19.87 -0.000541144
19.88 -0.000526281
19.89 -0.000509594
19.9 -0.000491415
19.91 -0.000472403
19.92 -0.000453371
19.93 -0.000435083
19.94 -0.000418114
19.95 -0.000402756
19.96 -0.000388985
19.97 -0.000376548
19.98 -0.000365102
19.99 -0.0003543
20 -0.000343748
20.01 -0.000332949
20.02 -0.000321383
20.03 -0.000308751
20.04 -0.000295118
20.05 -0.000280809
20.06 -0.000266166
20.07 -0.000251399
20.08 -0.000236642
20.09 -0.000222077
20.1 -0.00020796
20.11 -0.000194533
20.12 -0.000181954
20.13 -0.000170276
20.14 -0.00015948
20.15 -0.000149511
20.16 -0.000140318
20.17 -0.000131787
20.18 -0.000123598
20.19 -0.000115173
20.2 -0.000105837
20.21 -9.50793e-05
20.22 -8.26608e-05
20.23 -6.84639e-05
20.24 -5.22579e-05
20.25 -3.37015e-05
20.26 -1.26258e-05
20.27 1.06885e-05
20.28 3.55312e-05
20.29 6.11183e-05
20.3 8.7031e-05
20.31 0.000113378
20.32 0.000140549
20.33 0.000168828
20.34 0.000198253
20.35 0.000228782
20.36 0.000260464
20.37 0.000293387
20.38 0.000327467
20.39 0.000362331
20.4 0.00039739
20.41 0.000432035
20.42 0.000465791
20.43 0.000498372
20.44 0.000529568
20.45 0.000559053
20.46 0.000586243
20.47 0.000610372
20.48 0.000630791
20.49 0.000647212
20.5 0.000659686
20.51 0.000668387
20.52 0.000673458
20.53 0.000674986
20.54 0.000673079
20.55 0.000667908
20.56 0.000659656
20.57 0.000648411
20.58 0.000634083
20.59 0.000616414
20.6 0.000595129
20.61 0.00057014
20.62 0.000541664
20.63 0.000510221
20.64 0.000476591
20.65 0.000441767
20.66 0.000406851
20.67 0.000372865
20.68 0.000340533
20.69 0.000310206
20.7 0.000281981
20.71 0.000255894
20.72 0.000232028
20.73 0.000210465
20.74 0.000191211
20.75 0.000174213
20.76 0.000159467
20.77 0.000147113
20.78 0.000137395
20.79 0.000130497
20.8 0.000126398
20.81 0.000124856
20.82 0.000125509
20.83 0.000128004
20.84 0.000132032
20.85 0.000137245
20.86 0.000143147
20.87 0.000149139
20.88 0.000154717
20.89 0.000159624
20.9 0.000163781
20.91 0.000167127
20.92 0.000169526
20.93 0.000170807
20.94 0.000170764
20.95 0.00016908
20.96 0.000165273
20.97 0.000158795
20.98 0.000149152
20.99 0.000135951
21 0.000118884
21.01 9.77536e-05
21.02 7.25777e-05
21.03 4.36591e-05
21.04 1.15045e-05
21.05 -2.33931e-05
21.06 -6.07209e-05
21.07 -0.0001003
21.08 -0.000141909
21.09 -0.000185226
21.1 -0.000229918
21.11 -0.000275689
21.12 -0.000322175
21.13 -0.000368817
21.14 -0.000414866
21.15 -0.000459489
21.16 -0.000501858
21.17 -0.000541212
21.18 -0.000576938
21.19 -0.000608641
21.2 -0.000636157
21.21 -0.0006595
21.22 -0.000678858
21.23 -0.000694656
21.24 -0.000707577
21.25 -0.000718405
21.26 -0.000727696
21.27 -0.000735537
21.28 -0.000741552
21.29 -0.000745094
21.3 -0.000745456
21.31 -0.00074205
21.32 -0.000734537
21.33 -0.000722894
21.34 -0.000707383
21.35 -0.000688487
21.36 -0.000666843
21.37 -0.000643103
21.38 -0.000617778
21.39 -0.000591159
21.4 -0.000563398
21.41 -0.000534612
21.42 -0.000504858
21.43 -0.000474017
21.44 -0.000441774
21.45 -0.000407817
21.46 -0.00037208
21.47 -0.000334833
21.48 -0.000296556
21.49 -0.000257732
21.5 -0.000218726
21.51 -0.000179783
21.52 -0.000141098
21.53 -0.000102884
21.54 -6.5354e-05
21.55 -2.86376e-05
21.56 7.28635e-06
21.57 4.25381e-05
21.58 7.72023e-05
21.59 0.000111239
21.6 0.000144503
21.61 0.000176829
21.62 0.000208116
21.63 0.000238357
21.64 0.000267608
21.65 0.000295911
21.66 0.00032328
21.67 0.000349756
21.68 0.000375459
21.69 0.000400585
21.7 0.000425344
21.71 0.000449892
21.72 0.000474304
21.73 0.000498589
21.74 0.000522714
21.75 0.000546602
21.76 0.00057016
21.77 0.000593313
21.78 0.00061599
21.79 0.000638085
21.8 0.000659446
21.81 0.000679956
21.82 0.000699648
21.83 0.000718776
21.84 0.000737739
21.85 0.000756899
21.86 0.00077637
21.87 0.000795976
21.88 0.000815355
21.89 0.000834071
21.9 0.00085161
21.91 0.000867366
21.92 0.000880722
21.93 0.000891151
21.94 0.000898244
21.95 0.000901667
21.96 0.000901071
21.97 0.000896035
21.98 0.000886186
21.99 0.000871353
22 0.000851532
22.01 0.000826718
22.02 0.00079686
22.03 0.000761938
22.04 0.000721968
22.05 0.000676919
22.06 0.000626695
22.07 0.000571189
22.08 0.00051031
22.09 0.000443974
22.1 0.000372117
22.11 0.000294723
22.12 0.000211873
22.13 0.000123795
22.14 3.08842e-05
22.15 -6.63059e-05
22.16 -0.000167074
22.17 -0.000270523
22.18 -0.000375485
22.19 -0.000480539
22.2 -0.00058415
22.21 -0.000684806
22.22 -0.000780998
22.23 -0.000871209
22.24 -0.000954239
22.25 -0.00102981
22.26 -0.00109894
22.27 -0.00116349
22.28 -0.00122511
22.29 -0.00128421
22.3 -0.00133975
22.31 -0.00139004
22.32 -0.00143381
22.33 -0.00147094
22.34 -0.00150227
22.35 -0.00152886
22.36 -0.00155122
22.37 -0.00156911
22.38 -0.00158199
22.39 -0.00158946
22.4 -0.00159151
22.41 -0.00158821
22.42 -0.00157938
22.43 -0.00156459
22.44 -0.00154344
22.45 -0.00151594
22.46 -0.00148257
22.47 -0.00144404
22.48 -0.00140105
22.49 -0.00135412
22.5 -0.00130359
22.51 -0.00124961
22.52 -0.0011922
22.53 -0.00113121
22.54 -0.00106633
22.55 -0.000997196
22.56 -0.000923522
22.57 -0.000845171
22.58 -0.000762183
22.59 -0.000674734
22.6 -0.00058306
22.61 -0.000487381
22.62 -0.000387908
22.63 -0.000284922
22.64 -0.000178858
22.65 -7.03164e-05
22.66 4.00126e-05
22.67 0.000151406
22.68 0.000263143
22.69 0.00037452
22.7 0.000484773
22.71 0.000592883
22.72 0.000697381
22.73 0.000796308
22.74 0.000887555
22.75 0.000969639
22.76 0.00104256
22.77 0.00110795
22.78 0.00116799
22.79 0.00122386
22.8 0.0012748
22.81 0.0013187
22.82 0.00135348
22.83 0.00137835
22.84 0.00139421
22.85 0.00140322
22.86 0.00140758
22.87 0.00140841
22.88 0.00140566
22.89 0.00139895
22.9 0.00138854
22.91 0.00137531
22.92 0.00136008
22.93 0.001343
22.94 0.00132366
22.95 0.00130166
22.96 0.00127713
22.97 0.00125072
22.98 0.00122335
22.99 0.00119575
23 0.00116838
23.01 0.00114136
23.02 0.00111463
23.03 0.00108807
23.04 0.00106155
23.05 0.00103488
23.06 0.00100764
23.07 0.000979178
23.08 0.00094883
23.09 0.000916178
23.1 0.000881158
23.11 0.000843965
23.12 0.000804887
23.13 0.000764236
23.14 0.000722345
23.15 0.000679555
23.16 0.000636143
23.17 0.000592262
23.18 0.000547904
23.19 0.000502885
23.2 0.000456883
23.21 0.000409542
23.22 0.000360596
23.23 0.000309955
23.24 0.000257705
23.25 0.000204041
23.26 0.000149225
23.27 9.36091e-05
23.28 3.7633e-05
23.29 -1.82426e-05
23.3 -7.36304e-05
23.31 -0.000128284
23.32 -0.000182108
23.33 -0.0002351
23.34 -0.00028722
23.35 -0.000338241
23.36 -0.000387716
23.37 -0.000435081
23.38 -0.000479785
23.39 -0.000521387
23.4 -0.000559632
23.41 -0.000594524
23.42 -0.000626338
23.43 -0.000655514
23.44 -0.000682536
23.45 -0.000707878
23.46 -0.000732041
23.47 -0.000755562
23.48 -0.000778938
23.49 -0.000802571
23.5 -0.000826782
23.51 -0.000851819
23.52 -0.000877815
23.53 -0.000904765
23.54 -0.000932582
23.55 -0.000961175
23.56 -0.000990416
23.57 -0.00101999
23.58 -0.00104934
23.59 -0.00107777
23.6 -0.00110477
23.61 -0.00113016
23.62 -0.00115394
23.63 -0.00117605
23.64 -0.00119626
23.65 -0.00121428
23.66 -0.00122997
23.67 -0.00124352
23.68 -0.00125531
23.69 -0.00126563
23.7 -0.00127445
23.71 -0.00128147
23.72 -0.00128635
23.73 -0.00128884
23.74 -0.00128879
23.75 -0.00128596
23.76 -0.00127989
23.77 -0.00126995
23.78 -0.00125547
23.79 -0.00123597
23.8 -0.00121126
23.81 -0.00118149
23.82 -0.0011469
23.83 -0.00110769
23.84 -0.00106389
23.85 -0.00101543
23.86 -0.000962366
23.87 -0.000904981
23.88 -0.000843784
23.89 -0.000779274
23.9 -0.000711663
23.91 -0.000640818
23.92 -0.000566485
23.93 -0.000488613
23.94 -0.00040747
23.95 -0.000323489
23.96 -0.000237037
23.97 -0.000148316
23.98 -5.74028e-05
23.99 3.56401e-05
24 0.000130672
24.01 0.000227455
24.02 0.000325729
24.03 0.000425233
24.04 0.000525511
24.05 0.000625634
24.06 0.000724127
24.07 0.000819238
24.08 0.000909486
24.09 0.000994232
24.1 0.00107388
24.11 0.00114946
24.12 0.00122173
24.13 0.00129048
24.14 0.00135445
24.15 0.00141205
24.16 0.00146225
24.17 0.00150495
24.18 0.00154082
24.19 0.00157068
24.2 0.001595
24.21 0.00161378
24.22 0.001627
24.23 0.00163493
24.24 0.00163809
24.25 0.0016368
24.26 0.00163097
24.27 0.00162016
24.28 0.001604
24.29 0.00158255
24.3 0.00155633
24.31 0.00152606
24.32 0.00149241
24.33 0.00145585
24.34 0.00141679
24.35 0.00137569
24.36 0.00133294
24.37 0.0012887
24.38 0.0012428
24.39 0.00119491
24.4 0.00114475
24.41 0.00109212
24.42 0.00103694
24.43 0.00097927
24.44 0.000919338
24.45 0.000857515
24.46 0.000794168
24.47 0.000729547
24.48 0.000663777
24.49 0.000596897
24.5 0.00052886
24.51 0.000459501
24.52 0.000388595
24.53 0.000316012
24.54 0.000241811
24.55 0.000166179
24.56 8.9294e-05
24.57 1.1271e-05
24.58 -6.77806e-05
24.59 -0.000147687
24.6 -0.000228226
24.61 -0.000309181
24.62 -0.000390288
24.63 -0.000471059
24.64 -0.000550653
24.65 -0.00062799
24.66 -0.000702101
24.67 -0.000772495
24.68 -0.000839283
24.69 -0.000902948
24.7 -0.000963881
24.71 -0.001022
24.72 -0.00107667
24.73 -0.00112698
24.74 -0.00117211
24.75 -0.0012117
24.76 -0.00124592
24.77 -0.00127527
24.78 -0.00130013
24.79 -0.00132055
24.8 -0.00133632
24.81 -0.00134732
24.82 -0.00135362
24.83 -0.00135544
24.84 -0.00135296
24.85 -0.00134625
24.86 -0.00133532
24.87 -0.00132022
24.88 -0.00130117
24.89 -0.00127859
24.9 -0.00125283
24.91 -0.00122405
24.92 -0.00119217
24.93 -0.00115716
24.94 -0.00111924
24.95 -0.00107878
24.96 -0.00103609
24.97 -0.000991274
24.98 -0.000944348
24.99 -0.000895489
25 -0.000845092
25.01 -0.000793645
25.02 -0.000741536
25.03 -0.000688965
25.04 -0.000635976
25.05 -0.000582533
25.06 -0.000528576
25.07 -0.000474028
25.08 -0.000418798
25.09 -0.000362768
25.1 -0.000305799
25.11 -0.000247746
25.12 -0.000188519
25.13 -0.000128145
25.14 -6.67929e-05
25.15 -4.69664e-06
25.16 5.79833e-05
25.17 0.000121223
25.18 0.000185044
25.19 0.000249303
25.2 0.000313528
25.21 0.000376946
25.22 0.00043874
25.23 0.000498323
25.24 0.000555425
25.25 0.000609955
25.26 0.000661788
25.27 0.000710714
25.28 0.000756583
25.29 0.000799442
25.3 0.000839456
25.31 0.000876695
25.32 0.000911009
25.33 0.000942108
25.34 0.000969762
25.35 0.000993932
25.36 0.00101474
25.37 0.00103233
25.38 0.00104676
25.39 0.00105788
25.4 0.00106537
25.41 0.00106882
25.42 0.00106788
25.43 0.00106238
25.44 0.0010523
25.45 0.0010377
25.46 0.00101863
25.47 0.000995235
25.48 0.000967778
25.49 0.000936625
25.5 0.000902191
25.51 0.000864874
25.52 0.000824985
25.53 0.000782693
25.54 0.00073802
25.55 0.000690909
25.56 0.000641334
25.57 0.000589391
25.58 0.000535248
25.59 0.000479006
25.6 0.000420623
25.61 0.000360033
25.62 0.000297346
25.63 0.000232868
25.64 0.000166922
25.65 9.96507e-05
25.66 3.10083e-05
25.67 -3.90632e-05
25.68 -0.000110451
25.69 -0.000182839
25.7 -0.000255811
25.71 -0.000328965
25.72 -0.000401902
25.73 -0.000474096
25.74 -0.000544785
25.75 -0.000613068
25.76 -0.00067817
25.77 -0.000739685
25.78 -0.000797598
25.79 -0.000852069
25.8 -0.000903178
25.81 -0.000950815
25.82 -0.000994765
25.83 -0.00103484
25.84 -0.00107096
25.85 -0.00110306
25.86 -0.00113116
25.87 -0.00115525
25.88 -0.00117537
25.89 -0.00119163
25.9 -0.00120412
25.91 -0.00121298
25.92 -0.00121828
25.93 -0.0012201
25.94 -0.00121852
25.95 -0.00121364
25.96 -0.00120558
25.97 -0.00119451
25.98 -0.0011806
25.99 -0.00116399
26 -0.00114483
26.01 -0.00112326
26.02 -0.00109936
26.03 -0.00107309
26.04 -0.00104433
26.05 -0.00101295
26.06 -0.000978889
26.07 -0.00094218
26.08 -0.000902805
26.09 -0.000860706
26.1 -0.000815905
26.11 -0.000768582
26.12 -0.000719005
26.13 -0.000667385
26.14 -0.000613821
26.15 -0.000558361
26.16 -0.000501057
26.17 -0.000441997
26.18 -0.00038134
26.19 -0.00031937
26.2 -0.00025649
26.21 -0.000193118
26.22 -0.000129543
26.23 -6.58649e-05
26.24 -2.08095e-06
26.25 6.17499e-05
26.26 0.000125385
26.27 0.000188409
26.28 0.000250334
26.29 0.000310683
26.3 0.000368988
26.31 0.000424734
26.32 0.000477362
26.33 0.000526374
26.34 0.000571528
26.35 0.000612942
26.36 0.00065099
26.37 0.000686059
26.38 0.000718382
26.39 0.000748008
26.4 0.000774898
26.41 0.000799097
26.42 0.00082081
26.43 0.000840304
26.44 0.000857772
26.45 0.000873347
26.46 0.000887183
26.47 0.000899458
26.48 0.000910287
26.49 0.000919629
26.5 0.000927309
26.51 0.000933114
26.52 0.000936882
26.53 0.000938519
26.54 0.000937968
26.55 0.000935158
26.56 0.000930027
26.57 0.000922661
26.58 0.000913416
26.59 0.000902791
26.6 0.000891137
26.61 0.000878516
26.62 0.000864852
26.63 0.000850154
26.64 0.000834612
26.65 0.000818501
26.66 0.000802008
26.67 0.000785118
26.68 0.000767681
26.69 0.000749614
26.7 0.000731046
26.71 0.000712264
26.72 0.000693549
26.73 0.000675028
26.74 0.000656668
26.75 0.000638385
26.76 0.000620154
26.77 0.000602024
26.78 0.000584054
26.79 0.000566249
26.8 0.000548563
26.81 0.000530959
26.82 0.000513471
26.83 0.000496219
26.84 0.000479363
26.85 0.000463023
26.86 0.00044719
26.87 0.000431696
26.88 0.00041626
26.89 0.000400583
26.9 0.000384429
26.91 0.000367643
26.92 0.000350148
26.93 0.000331914
26.94 0.000312885
26.95 0.000292958
26.96 0.000272028
26.97 0.000250019
26.98 0.000226855
26.99 0.000202428
27 0.000176595
27.01 0.000149197
27.02 0.000120095
27.03 8.9237e-05
27.04 5.6715e-05
27.05 2.27191e-05
27.06 -1.25983e-05
27.07 -4.92589e-05
27.08 -8.74685e-05
27.09 -0.000127451
27.1 -0.000169214
27.11 -0.000212444
27.12 -0.000256606
27.13 -0.000301157
27.14 -0.000345734
27.15 -0.000390203
27.16 -0.000434473
27.17 -0.000478234
27.18 -0.000520914
27.19 -0.000561945
27.2 -0.000601055
27.21 -0.000638262
27.22 -0.000673594
27.23 -0.000706797
27.24 -0.000737289
27.25 -0.000764404
27.26 -0.000787711
27.27 -0.000807115
27.28 -0.000822687
27.29 -0.000834466
27.3 -0.000842425
27.31 -0.000846622
27.32 -0.000847308
27.33 -0.000844826
27.34 -0.000839382
27.35 -0.000830933
27.36 -0.000819271
27.37 -0.000804197
27.38 -0.000785642
27.39 -0.000763733
27.4 -0.000738765
27.41 -0.000711069
27.42 -0.000680871
27.43 -0.000648247
27.44 -0.000613207
27.45 -0.000575817
27.46 -0.000536225
27.47 -0.000494599
27.48 -0.00045104
27.49 -0.000405572
27.5 -0.000358207
27.51 -0.000309012
27.52 -0.000258143
27.53 -0.000205844
27.54 -0.000152458
27.55 -9.8384e-05
27.56 -4.39374e-05
27.57 1.07138e-05
27.58 6.5414e-05
27.59 0.000119785
27.6 0.00017318
27.61 0.000224905
27.62 0.000274475
27.63 0.000321612
27.64 0.000366049
27.65 0.000407409
27.66 0.000445302
27.67 0.000479479
27.68 0.000509883
27.69 0.000536566
27.7 0.000559589
27.71 0.000579
27.72 0.000594902
27.73 0.000607498
27.74 0.000617014
27.75 0.000623562
27.76 0.000627119
27.77 0.000627643
27.78 0.000625175
27.79 0.000619799
27.8 0.000611513
27.81 0.000600211
27.82 0.000585766
27.83 0.000568082
27.84 0.000547096
27.85 0.000522818
27.86 0.000495362
27.87 0.000464909
27.88 0.00043161
27.89 0.000395536
27.9 0.00035672
27.91 0.000315234
27.92 0.00027122
27.93 0.00022485
27.94 0.000176279
27.95 0.000125663
27.96 7.32451e-05
27.97 1.93873e-05
27.98 -3.54735e-05
27.99 -9.09025e-05
28 -0.000146497
28.01 -0.000201844
28.02 -0.000256449
28.03 -0.000309697
28.04 -0.000360912
28.05 -0.00040946
28.06 -0.000454834
28.07 -0.000496649
28.08 -0.000534584
28.09 -0.000568351
28.1 -0.000597742
28.11 -0.000622684
28.12 -0.000643203
28.13 -0.000659352
28.14 -0.000671203
28.15 -0.000678897
28.16 -0.000682639
28.17 -0.00068263
28.18 -0.000679073
28.19 -0.00067224
28.2 -0.00066246
28.21 -0.000650007
28.22 -0.00063505
28.23 -0.000617777
28.24 -0.000598514
28.25 -0.000577691
28.26 -0.000555678
28.27 -0.000532681
28.28 -0.000508837
28.29 -0.000484379
28.3 -0.000459671
28.31 -0.00043509
28.32 -0.000410891
28.33 -0.00038717
28.34 -0.000363971
28.35 -0.000341422
28.36 -0.000319709
28.37 -0.000298925
28.38 -0.000278995
28.39 -0.000259743
28.4 -0.000240965
28.41 -0.000222468
28.42 -0.000204098
28.43 -0.000185744
28.44 -0.000167299
28.45 -0.000148602
28.46 -0.000129452
28.47 -0.000109658
28.48 -8.91074e-05
28.49 -6.78004e-05
28.5 -4.57746e-05
28.51 -2.29617e-05
28.52 8.6173e-07
28.53 2.59612e-05
28.54 5.25191e-05
28.55 8.06131e-05
28.56 0.000110241
28.57 0.000141332
28.58 0.000173768
28.59 0.000207431
28.6 0.000242232
28.61 0.000278079
28.62 0.000314781
28.63 0.000351946
28.64 0.000388964
28.65 0.00042512
28.66 0.000459723
28.67 0.00049218
28.68 0.000521971
28.69 0.000548619
28.7 0.000571722
28.71 0.000591014
28.72 0.000606426
28.73 0.000618052
28.74 0.000626057
28.75 0.000630592
28.76 0.000631836
28.77 0.000630119
28.78 0.00062596
28.79 0.000619943
28.8 0.000612511
28.81 0.000603836
28.82 0.000593821
28.83 0.000582266
28.84 0.000569051
28.85 0.000554193
28.86 0.000537729
28.87 0.000519631
28.88 0.000499903
28.89 0.000478752
28.9 0.000456619
28.91 0.000434013
28.92 0.000411301
28.93 0.000388634
28.94 0.000366043
28.95 0.000343557
28.96 0.000321219
28.97 0.000299055
28.98 0.000277057
28.99 0.000255182
29 0.000233333
29.01 0.000211395
29.02 0.000189305
29.03 0.000167103
29.04 0.00014494
29.05 0.000123032
29.06 0.000101558
29.07 8.05444e-05
29.08 5.98385e-05
29.09 3.92195e-05
29.1 1.85758e-05
29.11 -2.00223e-06
29.12 -2.2287e-05
29.13 -4.20802e-05
29.14 -6.13249e-05
29.15 -8.00342e-05
29.16 -9.81177e-05
29.17 -0.000115324
29.18 -0.00013136
29.19 -0.000146018
29.2 -0.000159219
29.21 -0.000171043
29.22 -0.000181739
29.23 -0.00019163
29.24 -0.00020091
29.25 -0.000209562
29.26 -0.000217486
29.27 -0.000224645
29.28 -0.000231102
29.29 -0.00023698
29.3 -0.000242372
29.31 -0.000247248
29.32 -0.000251479
29.33 -0.000254997
29.34 -0.000257935
29.35 -0.000260586
29.36 -0.000263188
29.37 -0.000265782
29.38 -0.000268298
29.39 -0.000270783
29.4 -0.000273475
29.41 -0.000276622
29.42 -0.000280294
29.43 -0.00028436
29.44 -0.000288575
29.45 -0.000292662
29.46 -0.00029635
29.47 -0.000299418
29.48 -0.00030171
29.49 -0.00030313
29.5 -0.000303611
29.51 -0.00030308
29.52 -0.000301426
29.53 -0.000298542
29.54 -0.000294391
29.55 -0.000289015
29.56 -0.000282454
29.57 -0.000274667
29.58 -0.000265542
29.59 -0.000254973
29.6 -0.00024294
29.61 -0.000229499
29.62 -0.000214685
29.63 -0.000198449
29.64 -0.000180762
29.65 -0.000161792
29.66 -0.000141921
29.67 -0.000121539
29.68 -0.000100882
29.69 -8.00572e-05
29.7 -5.92022e-05
29.71 -3.86031e-05
29.72 -1.86784e-05
29.73 1.36094e-07
29.74 1.74765e-05
29.75 3.30624e-05
29.76 4.66806e-05
29.77 5.81857e-05
29.78 6.74824e-05
29.79 7.44762e-05
29.8 7.90587e-05
29.81 8.11689e-05
29.82 8.08668e-05
29.83 7.83469e-05
29.84 7.38861e-05
29.85 6.77606e-05
29.86 6.0187e-05
29.87 5.13353e-05
29.88 4.13657e-05
29.89 3.04469e-05
29.9 1.87925e-05
29.91 6.70721e-06
29.92 -5.44022e-06
29.93 -1.73293e-05
29.94 -2.87676e-05
29.95 -3.96281e-05
29.96 -4.97238e-05
29.97 -5.87981e-05
29.98 -6.66371e-05
29.99 -7.31496e-05
30 -7.83581e-05
30.01 -8.23586e-05
30.02 -8.52538e-05
30.03 -8.70192e-05
30.04 -8.74097e-05
30.05 -8.60858e-05
30.06 -8.29165e-05
30.07 -7.81617e-05
30.08 -7.23255e-05
30.09 -6.58163e-05
30.1 -5.87147e-05
30.11 -5.08007e-05
30.12 -4.17685e-05
30.13 -3.14684e-05
30.14 -2.00174e-05
30.15 -7.70588e-06
30.16 5.19264e-06
30.17 1.85034e-05
30.18 3.20754e-05
30.19 4.57052e-05
30.2 5.91793e-05
30.21 7.23623e-05
30.22 8.52106e-05
30.23 9.771e-05
30.24 0.000109819
30.25 0.000121463
30.26 0.000132568
30.27 0.00014308
30.28 0.000153016
30.29 0.00016249
30.3 0.000171677
30.31 0.000180722
30.32 0.000189669
30.33 0.000198458
30.34 0.000206962
30.35 0.000215029
30.36 0.000222507
30.37 0.000229301
30.38 0.000235358
30.39 0.000240584
30.4 0.000244783
30.41 0.000247741
30.42 0.000249403
30.43 0.000249951
30.44 0.000249699
30.45 0.00024891
30.46 0.000247659
30.47 0.000245863
30.48 0.000243431
30.49 0.000240381
30.5 0.000236821
30.51 0.000232885
30.52 0.000228683
30.53 0.000224287
30.54 0.000219688
30.55 0.000214774
30.56 0.000209393
30.57 0.000203504
30.58 0.00019726
30.59 0.000190851
30.6 0.000184242
30.61 0.000177094
30.62 0.000169014
30.63 0.000159884
30.64 0.000149933
30.65 0.000139487
30.66 0.000128712
30.67 0.000117621
30.68 0.000106251
30.69 9.47401e-05
30.7 8.32335e-05
30.71 7.17533e-05
30.72 6.01439e-05
30.73 4.81467e-05
30.74 3.55759e-05
30.75 2.24599e-05
30.76 9.00375e-06
30.77 -4.59465e-06
30.78 -1.82939e-05
30.79 -3.21949e-05
30.8 -4.64191e-05
30.81 -6.10372e-05
30.82 -7.60971e-05
30.83 -9.16394e-05
30.84 -0.000107636
30.85 -0.000123935
30.86 -0.000140286
30.87 -0.000156429
30.88 -0.000172176
30.89 -0.000187428
30.9 -0.000202101
30.91 -0.000216041
30.92 -0.000229043
30.93 -0.000240961
30.94 -0.000251727
30.95 -0.000261226
30.96 -0.000269247
30.97 -0.000275593
30.98 -0.000280227
30.99 -0.000283267
31 -0.00028484
31.01 -0.000284963
31.02 -0.000283555
31.03 -0.000280505
31.04 -0.000275714
31.05 -0.00026907
31.06 -0.000260488
31.07 -0.000249984
31.08 -0.000237686
31.09 -0.000223702
31.1 -0.000207964
31.11 -0.000190208
31.12 -0.000170146
31.13 -0.000147657
31.14 -0.000122831
31.15 -9.58488e-05
31.16 -6.68639e-05
31.17 -3.59715e-05
31.18 -3.28638e-06
31.19 3.09477e-05
31.2 6.63424e-05
31.21 0.000102488
31.22 0.000139081
31.23 0.000175932
31.24 0.000212869
31.25 0.000249641
31.26 0.000285874
31.27 0.000321162
31.28 0.000355233
31.29 0.000388013
31.3 0.000419525
31.31 0.000449722
31.32 0.000478429
31.33 0.000505389
31.34 0.000530325
31.35 0.000552936
31.36 0.000572909
31.37 0.000589975
31.38 0.000603956
31.39 0.000614745
31.4 0.000622268
31.41 0.000626495
31.42 0.000627453
31.43 0.000625181
31.44 0.000619695
31.45 0.000611045
31.46 0.000599385
31.47 0.000584961
31.48 0.000568027
31.49 0.000548806
31.5 0.0005275
31.51 0.000504327
31.52 0.000479509
31.53 0.0004532
31.54 0.000425432
31.55 0.000396153
31.56 0.000365315
31.57 0.000332908
31.58 0.000298952
31.59 0.000263493
31.6 0.000226623
31.61 0.000188459
31.62 0.000149106
31.63 0.000108669
31.64 6.72775e-05
31.65 2.50756e-05
31.66 -1.78111e-05
31.67 -6.12851e-05
31.68 -0.000105274
31.69 -0.000149749
31.7 -0.000194713
31.71 -0.000240131
31.72 -0.000285862
31.73 -0.000331728
31.74 -0.000377632
31.75 -0.000423538
31.76 -0.000469336
31.77 -0.000514763
31.78 -0.000559433
31.79 -0.000602943
31.8 -0.000644987
31.81 -0.00068541
31.82 -0.000724091
31.83 -0.00076079
31.84 -0.000795136
31.85 -0.000826813
31.86 -0.000855705
31.87 -0.000881849
31.88 -0.000905267
31.89 -0.000925867
31.9 -0.000943494
31.91 -0.000958074
31.92 -0.000969682
31.93 -0.00097845
31.94 -0.000984395
31.95 -0.00098735
31.96 -0.000987049
31.97 -0.000983303
31.98 -0.000976097
31.99 -0.000965553
32 -0.000951818
32.01 -0.000934917
32.02 -0.000914729
32.03 -0.000891096
32.04 -0.000863965
32.05 -0.000833429
32.06 -0.000799686
32.07 -0.000762971
32.08 -0.000723484
32.09 -0.000681374
32.1 -0.000636813
32.11 -0.000590069
32.12 -0.000541456
32.13 -0.000491208
32.14 -0.000439448
32.15 -0.000386296
32.16 -0.000331934
32.17 -0.000276543
32.18 -0.000220208
32.19 -0.000162934
32.2 -0.000104757
32.21 -4.58362e-05
32.22 1.36141e-05
32.23 7.34528e-05
32.24 0.000133614
32.25 0.000193966
32.26 0.000254229
32.27 0.000314029
32.28 0.000372972
32.29 0.000430631
32.3 0.000486531
32.31 0.000540253
32.32 0.000591582
32.33 0.000640542
32.34 0.000687267
32.35 0.000731814
32.36 0.000774093
32.37 0.000813937
32.38 0.000851217
32.39 0.00088589
32.4 0.000917952
32.41 0.000947384
32.42 0.000974134
32.43 0.000998161
32.44 0.0010195
32.45 0.00103827
32.46 0.00105457
32.47 0.0010684
32.48 0.00107955
32.49 0.00108775
32.5 0.0010929
32.51 0.00109509
32.52 0.00109443
32.53 0.00109093
32.54 0.00108449
32.55 0.00107515
32.56 0.0010631
32.57 0.00104857
32.58 0.00103157
32.59 0.00101196
32.6 0.000989531
32.61 0.00096418
32.62 0.000935964
32.63 0.000905022
32.64 0.000871464
32.65 0.000835289
32.66 0.000796449
32.67 0.000754998
32.68 0.000711164
32.69 0.000665257
32.7 0.000617507
32.71 0.000568009
32.72 0.000516827
32.73 0.000464118
32.74 0.000410137
32.75 0.000355121
32.76 0.000299217
32.77 0.000242489
32.78 0.000184953
32.79 0.000126617
32.8 6.74944e-05
32.81 7.63807e-06
32.82 -5.283e-05
32.83 -0.000113712
32.84 -0.000174739
32.85 -0.000235543
32.86 -0.000295632
32.87 -0.000354446
32.88 -0.000411444
32.89 -0.000466189
32.9 -0.000518357
32.91 -0.000567705
32.92 -0.000614036
32.93 -0.000657235
32.94 -0.000697322
32.95 -0.000734412
32.96 -0.000768583
32.97 -0.000799796
32.98 -0.000827958
32.99 -0.000853067
33 -0.000875262
33.01 -0.00089472
33.02 -0.000911531
33.03 -0.000925684
33.04 -0.00093714
33.05 -0.000945877
33.06 -0.000951857
33.07 -0.000954976
33.08 -0.000955073
33.09 -0.000952008
33.1 -0.000945735
33.11 -0.000936334
33.12 -0.000923959
33.13 -0.000908778
33.14 -0.000890945
33.15 -0.000870636
33.16 -0.000848095
33.17 -0.000823603
33.18 -0.000797378
33.19 -0.000769511
33.2 -0.000740023
33.21 -0.00070897
33.22 -0.000676461
33.23 -0.000642596
33.24 -0.000607418
33.25 -0.000570928
33.26 -0.000533132
33.27 -0.000494075
33.28 -0.000453865
33.29 -0.000412678
33.3 -0.000370724
33.31 -0.000328165
33.32 -0.000285075
33.33 -0.000241466
33.34 -0.00019735
33.35 -0.00015279
33.36 -0.000107902
33.37 -6.28107e-05
33.38 -1.76272e-05
33.39 2.75515e-05
33.4 7.25881e-05
33.41 0.000117238
33.42 0.00016113
33.43 0.000203843
33.44 0.000245024
33.45 0.000284457
33.46 0.000322008
33.47 0.000357518
33.48 0.000390761
33.49 0.000421504
33.5 0.000449607
33.51 0.000475047
33.52 0.000497876
33.53 0.000518143
33.54 0.000535846
33.55 0.000550938
33.56 0.000563362
33.57 0.000573108
33.58 0.000580235
33.59 0.000584863
33.6 0.000587126
33.61 0.000587116
33.62 0.000584869
33.63 0.000580407
33.64 0.000573807
33.65 0.000565198
33.66 0.000554713
33.67 0.000542411
33.68 0.000528285
33.69 0.000512326
33.7 0.000494593
33.71 0.000475233
33.72 0.000454421
33.73 0.000432274
33.74 0.000408833
33.75 0.000384116
33.76 0.000358192
33.77 0.000331199
33.78 0.000303298
33.79 0.000274611
33.8 0.000245194
33.81 0.000215069
33.82 0.000184277
33.83 0.000152909
33.84 0.000121104
33.85 8.9003e-05
33.86 5.67208e-05
33.87 2.4345e-05
33.88 -8.02653e-06
33.89 -4.02551e-05
33.9 -7.21637e-05
33.91 -0.000103571
33.92 -0.00013433
33.93 -0.00016434
33.94 -0.000193515
33.95 -0.000221736
33.96 -0.000248842
33.97 -0.000274661
33.98 -0.000299051
33.99 -0.00032192
34 -0.000343208
34.01 -0.00036285
34.02 -0.000380763
34.03 -0.00039686
34.04 -0.000411079
34.05 -0.000423406
34.06 -0.00043386
34.07 -0.000442479
34.08 -0.000449295
34.09 -0.000454326
34.1 -0.000457585
34.11 -0.000459094
34.12 -0.000458885
34.13 -0.000456992
34.14 -0.000453447
34.15 -0.000448274
34.16 -0.000441494
34.17 -0.000433138
34.18 -0.00042325
34.19 -0.000411886
34.2 -0.000399109
34.21 -0.000384988
34.22 -0.000369591
34.23 -0.000352983
34.24 -0.000335227
34.25 -0.000316382
34.26 -0.000296504
34.27 -0.000275649
34.28 -0.000253875
34.29 -0.000231243
34.3 -0.000207823
34.31 -0.000183692
34.32 -0.000158932
34.33 -0.000133623
34.34 -0.00010785
34.35 -8.17002e-05
34.36 -5.52701e-05
34.37 -2.86557e-05
34.38 -1.95027e-06
34.39 2.47563e-05
34.4 5.1372e-05
34.41 7.77994e-05
34.42 0.000103936
34.43 0.000129676
34.44 0.000154916
34.45 0.000179554
34.46 0.000203488
34.47 0.000226619
34.48 0.000248849
34.49 0.000270089
34.5 0.000290258
34.51 0.00030929
34.52 0.000327133
34.53 0.00034374
34.54 0.000359073
34.55 0.0003731
34.56 0.000385792
34.57 0.000397128
34.58 0.000407092
34.59 0.000415667
34.6 0.000422841
34.61 0.0004286
34.62 0.000432937
34.63 0.000435845
34.64 0.000437328
34.65 0.000437388
34.66 0.000436037
34.67 0.000433285
34.68 0.000429151
34.69 0.000423656
34.7 0.000416824
34.71 0.000408684
34.72 0.000399265
34.73 0.000388598
34.74 0.000376716
34.75 0.000363658
34.76 0.000349462
34.77 0.000334174
34.78 0.000317841
34.79 0.000300514
34.8 0.000282248
34.81 0.000263102
34.82 0.000243136
34.83 0.000222414
34.84 0.000201001
34.85 0.000178965
34.86 0.000156376
34.87 0.000133303
34.88 0.000109822
34.89 8.60095e-05
34.9 6.1946e-05
34.91 3.77155e-05
34.92 1.34055e-05
34.93 -1.08931e-05
34.94 -3.50866e-05
34.95 -5.90794e-05
34.96 -8.2775e-05
34.97 -0.000106078
34.98 -0.000128895
34.99 -0.00015114
35 -0.000172736
35.01 -0.000193607
35.02 -0.000213678
35.03 -0.000232872
35.04 -0.00025112
35.05 -0.000268366
35.06 -0.000284568
35.07 -0.000299688
35.08 -0.000313692
35.09 -0.000326544
35.1 -0.000338213
35.11 -0.000348678
35.12 -0.000357918
35.13 -0.000365922
35.14 -0.000372675
35.15 -0.000378165
35.16 -0.000382381
35.17 -0.000385316
35.18 -0.000386969
35.19 -0.00038734
35.2 -0.000386435
35.21 -0.000384259
35.22 -0.000380821
35.23 -0.000376136
35.24 -0.00037022
35.25 -0.000363095
35.26 -0.000354787
35.27 -0.000345324
35.28 -0.000334737
35.29 -0.00032306
35.3 -0.000310333
35.31 -0.000296595
35.32 -0.000281894
35.33 -0.000266275
35.34 -0.000249788
35.35 -0.000232487
35.36 -0.000214425
35.37 -0.000195662
35.38 -0.000176258
35.39 -0.000156277
35.4 -0.000135784
35.41 -0.000114847
35.42 -9.3539e-05
35.43 -7.19326e-05
35.44 -5.0105e-05
35.45 -2.81351e-05
35.46 -6.10435e-06
35.47 1.59044e-05
35.48 3.78066e-05
35.49 5.95169e-05
35.5 8.09497e-05
35.51 0.00010202
35.52 0.000122645
35.53 0.000142744
35.54 0.000162241
35.55 0.000181061
35.56 0.000199139
35.57 0.000216413
35.58 0.000232826
35.59 0.000248329
35.6 0.000262879
35.61 0.000276438
35.62 0.000288973
35.63 0.000300455
35.64 0.000310859
35.65 0.000320165
35.66 0.000328354
35.67 0.00033541
35.68 0.000341321
35.69 0.000346076
35.7 0.000349665
35.71 0.000352085
35.72 0.000353332
35.73 0.000353406
35.74 0.000352311
35.75 0.000350052
35.76 0.000346641
35.77 0.000342089
35.78 0.000336414
35.79 0.000329634
35.8 0.000321772
35.81 0.000312855
35.82 0.000302912
35.83 0.000291975
35.84 0.00028008
35.85 0.000267266
35.86 0.000253574
35.87 0.00023905
35.88 0.000223739
35.89 0.000207694
35.9 0.000190965
35.91 0.00017361
35.92 0.000155684
35.93 0.000137249
35.94 0.000118366
35.95 9.91007e-05
35.96 7.95195e-05
35.97 5.96917e-05
35.98 3.96886e-05
35.99 1.95833e-05
36 -5.49291e-07
36.01 -2.06332e-05
36.02 -4.05918e-05
36.03 -6.03481e-05
36.04 -7.98258e-05
36.05 -9.89499e-05
36.06 -0.000117647
36.07 -0.000135848
36.08 -0.000153485
36.09 -0.000170496
36.1 -0.000186821
36.11 -0.000202409
36.12 -0.000217209
36.13 -0.000231179
36.14 -0.000244278
36.15 -0.000256473
36.16 -0.000267733
36.17 -0.00027803
36.18 -0.000287342
36.19 -0.000295647
36.2 -0.000302929
36.21 -0.000309171
36.22 -0.000314362
36.23 -0.000318491
36.24 -0.00032155
36.25 -0.000323534
36.26 -0.00032444
36.27 -0.00032427
36.28 -0.000323024
36.29 -0.00032071
36.3 -0.000317337
36.31 -0.000312915
36.32 -0.000307461
36.33 -0.000300993
36.34 -0.000293532
36.35 -0.000285102
36.36 -0.000275731
36.37 -0.00026545
36.38 -0.000254293
36.39 -0.000242296
36.4 -0.000229498
36.41 -0.000215942
36.42 -0.000201673
36.43 -0.000186737
36.44 -0.000171186
36.45 -0.00015507
36.46 -0.000138445
36.47 -0.000121367
36.48 -0.000103895
36.49 -8.6091e-05
36.5 -6.80177e-05
36.51 -4.97401e-05
36.52 -3.13249e-05
36.53 -1.28401e-05
36.54 5.64515e-06
36.55 2.40611e-05
36.56 4.23377e-05
36.57 6.04055e-05
36.58 7.81957e-05
36.59 9.56413e-05
36.6 0.000112677
36.61 0.000129241
36.62 0.000145274
36.63 0.00016072
36.64 0.000175528
36.65 0.000189651
36.66 0.000203045
36.67 0.000215672
36.68 0.000227497
36.69 0.000238488
36.7 0.000248618
36.71 0.000257861
36.72 0.000266197
36.73 0.000273607
36.74 0.000280073
36.75 0.000285582
36.76 0.000290122
36.77 0.000293684
36.78 0.000296259
36.79 0.000297844
36.8 0.000298436
36.81 0.000298035
36.82 0.000296645
36.83 0.00029427
36.84 0.000290919
36.85 0.000286604
36.86 0.000281339
36.87 0.000275141
36.88 0.000268031
36.89 0.000260032
36.9 0.000251169
36.91 0.000241472
36.92 0.000230974
36.93 0.000219707
36.94 0.000207711
36.95 0.000195025
36.96 0.000181691
36.97 0.000167755
36.98 0.000153263
36.99 0.000138266
37 0.000122814
37.01 0.000106962
37.02 9.0764e-05
37.03 7.42789e-05
37.04 5.75653e-05
37.05 4.06839e-05
37.06 2.36965e-05
37.07 6.66619e-06
37.08 -1.03436e-05
37.09 -2.72691e-05
37.1 -4.40466e-05
37.11 -6.06132e-05
37.12 -7.69069e-05
37.13 -9.28675e-05
37.14 -0.000108437
37.15 -0.00012356
37.16 -0.000138184
37.17 -0.000152259
37.18 -0.000165739
37.19 -0.000178583
37.2 -0.00019075
37.21 -0.000202207
37.22 -0.000212921
37.23 -0.000222863
37.24 -0.000232009
37.25 -0.000240334
37.26 -0.00024782
37.27 -0.000254447
37.28 -0.000260202
37.29 -0.00026507
37.3 -0.000269041
37.31 -0.000272105
37.32 -0.000274257
37.33 -0.000275492
37.34 -0.000275808
37.35 -0.000275205
37.36 -0.000273687
37.37 -0.000271259
37.38 -0.00026793
37.39 -0.00026371
37.4 -0.000258613
37.41 -0.000252656
37.42 -0.000245859
37.43 -0.000238243
37.44 -0.000229834
37.45 -0.000220659
37.46 -0.00021075
37.47 -0.000200137
37.48 -0.000188859
37.49 -0.000176952
37.5 -0.000164457
37.51 -0.000151417
37.52 -0.000137877
37.53 -0.000123883
37.54 -0.000109484
37.55 -9.47316e-05
37.56 -7.96776e-05
37.57 -6.43762e-05
37.58 -4.88828e-05
37.59 -3.32539e-05
37.6 -1.7547e-05
37.61 -1.82025e-06
37.62 1.38679e-05
37.63 2.94591e-05
37.64 4.48955e-05
37.65 6.01199e-05
37.66 7.50766e-05
37.67 8.97115e-05
37.68 0.000103972
37.69 0.00011781
37.7 0.000131177
37.71 0.000144029
37.72 0.000156325
37.73 0.000168028
37.74 0.000179102
37.75 0.000189515
37.76 0.000199238
37.77 0.000208245
37.78 0.000216513
37.79 0.00022402
37.8 0.000230748
37.81 0.000236679
37.82 0.0002418
37.83 0.000246099
37.84 0.000249564
37.85 0.000252189
37.86 0.000253966
37.87 0.000254892
37.88 0.000254966
37.89 0.000254188
37.9 0.000252561
37.91 0.000250092
37.92 0.000246788
37.93 0.00024266
37.94 0.000237722
37.95 0.000231989
37.96 0.000225481
37.97 0.000218219
37.98 0.000210226
37.99 0.00020153
38 0.000192159
38.01 0.000182146
38.02 0.000171524
38.03 0.000160329
38.04 0.000148601
38.05 0.000136379
38.06 0.000123706
38.07 0.000110626
38.08 9.71865e-05
38.09 8.34346e-05
38.1 6.94197e-05
38.11 5.51925e-05
38.12 4.08048e-05
38.13 2.63093e-05
38.14 1.17593e-05
38.15 -2.79152e-06
38.16 -1.72894e-05
38.17 -3.16809e-05
38.18 -4.59131e-05
38.19 -5.99342e-05
38.2 -7.36938e-05
38.21 -8.71429e-05
38.22 -0.000100235
38.23 -0.000112924
38.24 -0.000125169
38.25 -0.00013693
38.26 -0.00014817
38.27 -0.000158855
38.28 -0.000168952
38.29 -0.000178433
38.3 -0.00018727
38.31 -0.000195441
38.32 -0.000202924
38.33 -0.000209698
38.34 -0.000215747
38.35 -0.000221054
38.36 -0.000225608
38.37 -0.000229395
38.38 -0.000232408
38.39 -0.000234638
38.4 -0.000236081
38.41 -0.000236732
38.42 -0.000236591
38.43 -0.000235659
38.44 -0.00023394
38.45 -0.000231438
38.46 -0.000228163
38.47 -0.000224124
38.48 -0.000219336
38.49 -0.000213813
38.5 -0.000207575
38.51 -0.00020064
38.52 -0.000193034
38.53 -0.00018478
38.54 -0.000175908
38.55 -0.000166448
38.56 -0.000156431
38.57 -0.000145892
38.58 -0.000134869
38.59 -0.0001234
38.6 -0.000111524
38.61 -9.92848e-05
38.62 -8.67252e-05
38.63 -7.38905e-05
38.64 -6.08269e-05
38.65 -4.7582e-05
38.66 -3.42039e-05
38.67 -2.07418e-05
38.68 -7.24489e-06
38.69 6.23719e-06
38.7 1.96551e-05
38.71 3.29598e-05
38.72 4.61032e-05
38.73 5.9038e-05
38.74 7.17185e-05
38.75 8.41002e-05
38.76 9.61408e-05
38.77 0.0001078
38.78 0.000119039
38.79 0.000129822
38.8 0.000140116
38.81 0.000149888
38.82 0.000159111
38.83 0.000167758
38.84 0.000175803
38.85 0.000183226
38.86 0.000190006
38.87 0.000196124
38.88 0.000201564
38.89 0.000206314
38.9 0.000210359
38.91 0.000213689
38.92 0.000216297
38.93 0.000218175
38.94 0.000219319
38.95 0.000219725
38.96 0.000219394
38.97 0.000218326
38.98 0.000216526
38.99 0.000214
39 0.000210755
39.01 0.000206803
39.02 0.000202156
39.03 0.000196829
39.04 0.000190841
39.05 0.000184212
39.06 0.000176963
39.07 0.000169119
39.08 0.000160708
39.09 0.000151758
39.1 0.000142301
39.11 0.000132368
39.12 0.000121996
39.13 0.00011122
39.14 0.00010008
39.15 8.86144e-05
39.16 7.68648e-05
39.17 6.48736e-05
39.18 5.26842e-05
39.19 4.0341e-05
39.2 2.78889e-05
39.21 1.53734e-05
39.22 2.84024e-06
39.23 -9.66498e-06
39.24 -2.20969e-05
39.25 -3.44106e-05
39.26 -4.65622e-05
39.27 -5.85086e-05
39.28 -7.02081e-05
39.29 -8.16205e-05
39.3 -9.27074e-05
39.31 -0.000103432
39.32 -0.000113759
39.33 -0.000123657
39.34 -0.000133094
39.35 -0.000142042
39.36 -0.000150475
39.37 -0.000158368
39.38 -0.000165698
39.39 -0.000172445
39.4 -0.000178591
39.41 -0.000184118
39.42 -0.000189012
39.43 -0.000193259
39.44 -0.000196848
39.45 -0.00019977
39.46 -0.000202016
39.47 -0.000203582
39.48 -0.000204461
39.49 -0.000204653
39.5 -0.000204157
39.51 -0.000202976
39.52 -0.000201113
39.53 -0.000198573
39.54 -0.000195367
39.55 -0.000191504
39.56 -0.000186997
39.57 -0.000181861
39.58 -0.000176113
39.59 -0.000169772
39.6 -0.000162862
39.61 -0.000155404
39.62 -0.000147425
39.63 -0.000138953
39.64 -0.000130017
39.65 -0.000120649
39.66 -0.000110881
39.67 -0.00010075
39.68 -9.02898e-05
39.69 -7.95395e-05
39.7 -6.85375e-05
39.71 -5.73235e-05
39.72 -4.59382e-05
39.73 -3.44231e-05
39.74 -2.282e-05
39.75 -1.11711e-05
39.76 4.8131e-07
39.77 1.20951e-05
39.78 2.36286e-05
39.79 3.50405e-05
39.8 4.62906e-05
39.81 5.73397e-05
39.82 6.81495e-05
39.83 7.86835e-05
39.84 8.89064e-05
39.85 9.8785e-05
39.86 0.000108287
39.87 0.000117384
39.88 0.000126046
39.89 0.000134247
39.9 0.000141964
39.91 0.000149174
39.92 0.000155856
39.93 0.00016199
39.94 0.000167561
39.95 0.000172552
39.96 0.00017695
39.97 0.000180742
39.98 0.000183917
39.99 0.000186469
40 0.000188388
40.01 0.00018967
40.02 0.000190312
40.03 0.000190312
40.04 0.00018967
40.05 0.000188389
40.06 0.000186472
40.07 0.000183928
40.08 0.000180763
40.09 0.000176988
40.1 0.000172616
40.11 0.000167662
40.12 0.000162143
40.13 0.000156077
40.14 0.000149486
40.15 0.000142392
40.16 0.000134819
40.17 0.000126796
40.18 0.000118349
40.19 0.000109509
40.2 0.000100308
40.21 9.07773e-05
40.22 8.09525e-05
40.23 7.08686e-05
40.24 6.0562e-05
40.25 5.00701e-05
40.26 3.94309e-05
40.27 2.86829e-05
40.28 1.78651e-05
40.29 7.01656e-06
40.3 -3.82365e-06
40.31 -1.46167e-05
40.32 -2.53242e-05
40.33 -3.59083e-05
40.34 -4.63322e-05
40.35 -5.65598e-05
40.36 -6.65563e-05
40.37 -7.62882e-05
40.38 -8.57233e-05
40.39 -9.48311e-05
40.4 -0.000103582
40.41 -0.00011195
40.42 -0.000119908
40.43 -0.000127432
40.44 -0.000134499
40.45 -0.00014109
40.46 -0.000147184
40.47 -0.000152765
40.48 -0.000157816
40.49 -0.000162323
40.5 -0.000166272
40.51 -0.000169654
40.52 -0.000172459
40.53 -0.000174677
40.54 -0.000176304
40.55 -0.000177335
40.56 -0.000177767
40.57 -0.000177599
40.58 -0.000176831
40.59 -0.000175467
40.6 -0.000173511
40.61 -0.00017097
40.62 -0.000167852
40.63 -0.000164168
40.64 -0.000159931
40.65 -0.000155154
40.66 -0.000149854
40.67 -0.00014405
40.68 -0.000137762
40.69 -0.000131011
40.7 -0.000123822
40.71 -0.00011622
40.72 -0.000108231
40.73 -9.98857e-05
40.74 -9.12123e-05
40.75 -8.22424e-05
40.76 -7.30084e-05
40.77 -6.35436e-05
40.78 -5.38821e-05
40.79 -4.4059e-05
40.8 -3.41097e-05
40.81 -2.40703e-05
40.82 -1.39768e-05
40.83 -3.86546e-06
40.84 6.22749e-06
40.85 1.62663e-05
40.86 2.62155e-05
40.87 3.60404e-05
40.88 4.5707e-05
40.89 5.51824e-05
40.9 6.44346e-05
40.91 7.34329e-05
40.92 8.21477e-05
40.93 9.0551e-05
40.94 9.86161e-05
40.95 0.000106318
40.96 0.000113632
40.97 0.000120537
40.98 0.000127012
40.99 0.000133037
41 0.000138595
41.01 0.00014367
41.02 0.000148247
41.03 0.000152312
41.04 0.000155854
41.05 0.000158863
41.06 0.00016133
41.07 0.000163248
41.08 0.000164611
41.09 0.000165416
41.1 0.000165661
41.11 0.000165344
41.12 0.000164468
41.13 0.000163035
41.14 0.00016105
41.15 0.000158521
41.16 0.000155455
41.17 0.000151864
41.18 0.000147759
41.19 0.000143155
41.2 0.000138067
41.21 0.000132514
41.22 0.000126516
41.23 0.000120092
41.24 0.000113266
41.25 0.000106063
41.26 9.85077e-05
41.27 9.06274e-05
41.28 8.24505e-05
41.29 7.40064e-05
41.3 6.53255e-05
41.31 5.64393e-05
41.32 4.73797e-05
41.33 3.81795e-05
41.34 2.88718e-05
41.35 1.94901e-05
41.36 1.00679e-05
41.37 6.38897e-07
41.38 -8.76353e-06
41.39 -1.81063e-05
41.4 -2.73567e-05
41.41 -3.64828e-05
41.42 -4.54534e-05
41.43 -5.4238e-05
41.44 -6.28073e-05
41.45 -7.11331e-05
41.46 -7.91881e-05
41.47 -8.69466e-05
41.48 -9.43839e-05
41.49 -0.000101477
41.5 -0.000108203
41.51 -0.000114543
41.52 -0.000120476
41.53 -0.000125985
41.54 -0.000131054
41.55 -0.000135668
41.56 -0.000139813
41.57 -0.000143477
41.58 -0.000146649
41.59 -0.000149319
41.6 -0.000151481
41.61 -0.000153128
41.62 -0.000154254
41.63 -0.000154858
41.64 -0.000154936
41.65 -0.00015449
41.66 -0.000153521
41.67 -0.000152033
41.68 -0.00015003
41.69 -0.00014752
41.7 -0.000144511
41.71 -0.000141014
41.72 -0.000137041
41.73 -0.000132606
41.74 -0.000127724
41.75 -0.000122413
41.76 -0.000116691
41.77 -0.000110578
41.78 -0.000104098
41.79 -9.72717e-05
41.8 -9.01248e-05
41.81 -8.26827e-05
41.82 -7.49721e-05
41.83 -6.7021e-05
41.84 -5.88578e-05
41.85 -5.05122e-05
41.86 -4.2014e-05
41.87 -3.33938e-05
41.88 -2.46826e-05
41.89 -1.59116e-05
41.9 -7.11178e-06
41.91 1.68552e-06
41.92 1.04494e-05
41.93 1.91493e-05
41.94 2.7755e-05
41.95 3.6237e-05
41.96 4.45666e-05
41.97 5.27156e-05
41.98 6.06571e-05
41.99 6.83649e-05
42 7.58141e-05
42.01 8.29807e-05
42.02 8.9842e-05
42.03 9.63765e-05
42.04 0.000102564
42.05 0.000108385
42.06 0.000113823
42.07 0.00011886
42.08 0.000123482
42.09 0.000127674
42.1 0.000131425
42.11 0.000134722
42.12 0.000137557
42.13 0.00013992
42.14 0.000141805
42.15 0.000143207
42.16 0.00014412
42.17 0.000144543
42.18 0.000144475
42.19 0.000143916
42.2 0.000142869
42.21 0.000141336
42.22 0.000139324
42.23 0.00013684
42.24 0.000133892
42.25 0.000130491
42.26 0.000126648
42.27 0.000122378
42.28 0.000117695
42.29 0.000112616
42.3 0.000107159
42.31 0.000101344
42.32 9.51908e-05
42.33 8.87223e-05
42.34 8.19614e-05
42.35 7.49325e-05
42.36 6.7661e-05
42.37 6.01729e-05
42.38 5.24953e-05
42.39 4.46556e-05
42.4 3.66822e-05
42.41 2.86035e-05
42.42 2.04482e-05
42.43 1.22455e-05
42.44 4.0243e-06
42.45 -4.1865e-06
42.46 -1.23582e-05
42.47 -2.04626e-05
42.48 -2.84716e-05
42.49 -3.63581e-05
42.5 -4.40954e-05
42.51 -5.16578e-05
42.52 -5.902e-05
42.53 -6.61582e-05
42.54 -7.30491e-05
42.55 -7.96706e-05
42.56 -8.60019e-05
42.57 -9.20228e-05
42.58 -9.77148e-05
42.59 -0.00010306
42.6 -0.000108042
42.61 -0.000112646
42.62 -0.000116858
42.63 -0.000120665
42.64 -0.000124055
42.65 -0.000127019
42.66 -0.000129546
42.67 -0.000131631
42.68 -0.000133266
42.69 -0.000134447
42.7 -0.00013517
42.71 -0.000135434
42.72 -0.000135237
42.73 -0.000134581
42.74 -0.000133469
42.75 -0.000131904
42.76 -0.000129893
42.77 -0.000127442
42.78 -0.000124559
42.79 -0.000121256
42.8 -0.000117544
42.81 -0.000113436
42.82 -0.000108946
42.83 -0.000104092
42.84 -9.88896e-05
42.85 -9.3358e-05
42.86 -8.75171e-05
42.87 -8.13879e-05
42.88 -7.49923e-05
42.89 -6.83535e-05
42.9 -6.14953e-05
42.91 -5.44423e-05
42.92 -4.72199e-05
42.93 -3.98539e-05
42.94 -3.23707e-05
42.95 -2.47969e-05
42.96 -1.71594e-05
42.97 -9.48519e-06
42.98 -1.80126e-06
42.99 5.86556e-06
43 1.34887e-05
43.01 2.10418e-05
43.02 2.84992e-05
43.03 3.58355e-05
43.04 4.30261e-05
43.05 5.00471e-05
43.06 5.68753e-05
43.07 6.34884e-05
43.08 6.9865e-05
43.09 7.59847e-05
43.1 8.1828e-05
43.11 8.73764e-05
43.12 9.26126e-05
43.13 9.75202e-05
43.14 0.000102084
43.15 0.00010629
43.16 0.000110126
43.17 0.000113579
43.18 0.000116639
43.19 0.000119297
43.2 0.000121545
43.21 0.000123375
43.22 0.000124783
43.23 0.000125765
43.24 0.000126317
43.25 0.000126438
43.26 0.000126128
43.27 0.000125389
43.28 0.000124223
43.29 0.000122636
43.3 0.000120632
43.31 0.000118218
43.32 0.000115404
43.33 0.0001122
43.34 0.000108617
43.35 0.000104667
43.36 0.000100365
43.37 9.5727e-05
43.38 9.07688e-05
43.39 8.55084e-05
43.4 7.99649e-05
43.41 7.4158e-05
43.42 6.81087e-05
43.43 6.18387e-05
43.44 5.53705e-05
43.45 4.87274e-05
43.46 4.19331e-05
43.47 3.50118e-05
43.48 2.79881e-05
43.49 2.0887e-05
43.5 1.37335e-05
43.51 6.55282e-06
43.52 -6.30067e-07
43.53 -7.79017e-06
43.54 -1.49028e-05
43.55 -2.19436e-05
43.56 -2.88886e-05
43.57 -3.57144e-05
43.58 -4.23981e-05
43.59 -4.89177e-05
43.6 -5.52515e-05
43.61 -6.1379e-05
43.62 -6.72803e-05
43.63 -7.29365e-05
43.64 -7.83295e-05
43.65 -8.34422e-05
43.66 -8.82585e-05
43.67 -9.27634e-05
43.68 -9.69427e-05
43.69 -0.000100784
43.7 -0.000104274
43.71 -0.000107404
43.72 -0.000110162
43.73 -0.000112542
43.74 -0.000114535
43.75 -0.000116136
43.76 -0.000117339
43.77 -0.000118142
43.78 -0.000118542
43.79 -0.000118538
43.8 -0.000118131
43.81 -0.000117322
43.82 -0.000116115
43.83 -0.000114514
43.84 -0.000112525
43.85 -0.000110155
43.86 -0.000107413
43.87 -0.000104309
43.88 -0.000100853
43.89 -9.70587e-05
43.9 -9.29393e-05
43.91 -8.85096e-05
43.92 -8.37856e-05
43.93 -7.87843e-05
43.94 -7.35236e-05
43.95 -6.80225e-05
43.96 -6.23007e-05
43.97 -5.63788e-05
43.98 -5.02779e-05
43.99 -4.40199e-05
44 -3.76272e-05
44.01 -3.11223e-05
44.02 -2.45284e-05
44.03 -1.78687e-05
44.04 -1.11667e-05
44.05 -4.44566e-06
44.06 2.27094e-06
44.07 8.95993e-06
44.08 1.55983e-05
44.09 2.21635e-05
44.1 2.86332e-05
44.11 3.49858e-05
44.12 4.11999e-05
44.13 4.7255e-05
44.14 5.31312e-05
44.15 5.88094e-05
44.16 6.42711e-05
44.17 6.94987e-05
44.18 7.44755e-05
44.19 7.91857e-05
44.2 8.36144e-05
44.21 8.77476e-05
44.22 9.15724e-05
44.23 9.50769e-05
44.24 9.82501e-05
44.25 0.000101082
44.26 0.000103564
44.27 0.000105689
44.28 0.00010745
44.29 0.000108842
44.3 0.00010986
44.31 0.000110502
44.32 0.000110766
44.33 0.000110652
44.34 0.00011016
44.35 0.000109293
44.36 0.000108054
44.37 0.000106447
44.38 0.00010448
44.39 0.000102157
44.4 9.94895e-05
44.41 9.64855e-05
44.42 9.31563e-05
44.43 8.95138e-05
44.44 8.55713e-05
44.45 8.1343e-05
44.46 7.68439e-05
44.47 7.20905e-05
44.48 6.70997e-05
44.49 6.18894e-05
44.5 5.64784e-05
44.51 5.08859e-05
44.52 4.51321e-05
44.53 3.92373e-05
44.54 3.32225e-05
44.55 2.71091e-05
44.56 2.09185e-05
44.57 1.46724e-05
44.58 8.39288e-06
44.59 2.10159e-06
44.6 -4.17964e-06
44.61 -1.04292e-05
44.62 -1.66257e-05
44.63 -2.27482e-05
44.64 -2.87759e-05
44.65 -3.46886e-05
44.66 -4.04666e-05
44.67 -4.60908e-05
44.68 -5.15428e-05
44.69 -5.68046e-05
44.7 -6.18593e-05
44.71 -6.66905e-05
44.72 -7.12827e-05
44.73 -7.56212e-05
44.74 -7.96923e-05
44.75 -8.34831e-05
44.76 -8.69816e-05
44.77 -9.01768e-05
44.78 -9.30589e-05
44.79 -9.56187e-05
44.8 -9.78484e-05
44.81 -9.97412e-05
44.82 -0.000101291
44.83 -0.000102494
44.84 -0.000103345
44.85 -0.000103844
44.86 -0.000103988
44.87 -0.000103777
44.88 -0.000103214
44.89 -0.000102299
44.9 -0.000101037
44.91 -9.94323e-05
44.92 -9.74911e-05
44.93 -9.52205e-05
44.94 -9.26288e-05
44.95 -8.97254e-05
44.96 -8.65207e-05
44.97 -8.30265e-05
44.98 -7.92554e-05
44.99 -7.52208e-05
45 -7.09375e-05
45.01 -6.64207e-05
45.02 -6.16867e-05
45.03 -5.67524e-05
45.04 -5.16356e-05
45.05 -4.63545e-05
45.06 -4.09278e-05
45.07 -3.53748e-05
45.08 -2.97153e-05
45.09 -2.39691e-05
45.1 -1.81564e-05
45.11 -1.22976e-05
45.12 -6.41301e-06
45.13 -5.23106e-07
45.14 5.35185e-06
45.15 1.11917e-05
45.16 1.69766e-05
45.17 2.26868e-05
45.18 2.83032e-05
45.19 3.3807e-05
45.2 3.91798e-05
45.21 4.44039e-05
45.22 4.9462e-05
45.23 5.43377e-05
45.24 5.90151e-05
45.25 6.3479e-05
45.26 6.77152e-05
45.27 7.17099e-05
45.28 7.54505e-05
45.29 7.89252e-05
45.3 8.21228e-05
45.31 8.50333e-05
45.32 8.76477e-05
45.33 8.99578e-05
45.34 9.19563e-05
45.35 9.36372e-05
45.36 9.49953e-05
45.37 9.60267e-05
45.38 9.67283e-05
45.39 9.70983e-05
45.4 9.7136e-05
45.41 9.68416e-05
45.42 9.62167e-05
45.43 9.52639e-05
45.44 9.39869e-05
45.45 9.23906e-05
45.46 9.0481e-05
45.47 8.8265e-05
45.48 8.57508e-05
45.49 8.29476e-05
45.5 7.98656e-05
45.51 7.65159e-05
45.52 7.29106e-05
45.53 6.90628e-05
45.54 6.49862e-05
45.55 6.06956e-05
45.56 5.62063e-05
45.57 5.15343e-05
45.58 4.66964e-05
45.59 4.17098e-05
45.6 3.6592e-05
45.61 3.13614e-05
45.62 2.60362e-05
45.63 2.06352e-05
45.64 1.51774e-05
45.65 9.68165e-06
45.66 4.16711e-06
45.67 -1.34719e-06
45.68 -6.84231e-06
45.69 -1.22995e-05
45.7 -1.77001e-05
45.71 -2.3026e-05
45.72 -2.82592e-05
45.73 -3.33821e-05
45.74 -3.83779e-05
45.75 -4.32299e-05
45.76 -4.79221e-05
45.77 -5.24393e-05
45.78 -5.67667e-05
45.79 -6.08902e-05
45.8 -6.47966e-05
45.81 -6.84733e-05
45.82 -7.19085e-05
45.83 -7.50914e-05
45.84 -7.80118e-05
45.85 -8.06604e-05
45.86 -8.30291e-05
45.87 -8.51103e-05
45.88 -8.68976e-05
45.89 -8.83856e-05
45.9 -8.95698e-05
45.91 -9.04466e-05
45.92 -9.10137e-05
45.93 -9.12696e-05
45.94 -9.1214e-05
45.95 -9.08474e-05
45.96 -9.01718e-05
45.97 -8.91897e-05
45.98 -8.79052e-05
45.99 -8.6323e-05
46 -8.44491e-05
46.01 -8.22905e-05
46.02 -7.9855e-05
46.03 -7.71516e-05
46.04 -7.41901e-05
46.05 -7.09811e-05
46.06 -6.75364e-05
46.07 -6.38683e-05
46.08 -5.99899e-05
46.09 -5.59153e-05
46.1 -5.1659e-05
46.11 -4.72361e-05
46.12 -4.26624e-05
46.13 -3.79542e-05
46.14 -3.31281e-05
46.15 -2.82011e-05
46.16 -2.31905e-05
46.17 -1.81139e-05
46.18 -1.2989e-05
46.19 -7.83351e-06
46.2 -2.6654e-06
46.21 2.49761e-06
46.22 7.63781e-06
46.23 1.27377e-05
46.24 1.77799e-05
46.25 2.27474e-05
46.26 2.76236e-05
46.27 3.23921e-05
46.28 3.70371e-05
46.29 4.15431e-05
46.3 4.58955e-05
46.31 5.00798e-05
46.32 5.40825e-05
46.33 5.78905e-05
46.34 6.14915e-05
46.35 6.4874e-05
46.36 6.8027e-05
46.37 7.09405e-05
46.38 7.36053e-05
46.39 7.6013e-05
46.4 7.81559e-05
46.41 8.00274e-05
46.42 8.16216e-05
46.43 8.29338e-05
46.44 8.39601e-05
46.45 8.46974e-05
46.46 8.51437e-05
46.47 8.52981e-05
46.48 8.51605e-05
46.49 8.47318e-05
46.5 8.40141e-05
46.51 8.30103e-05
46.52 8.17242e-05
46.53 8.01608e-05
46.54 7.8326e-05
46.55 7.62264e-05
46.56 7.387e-05
46.57 7.12652e-05
46.58 6.84215e-05
46.59 6.53492e-05
46.6 6.20595e-05
46.61 5.85641e-05
46.62 5.48756e-05
46.63 5.10072e-05
46.64 4.69727e-05
46.65 4.27865e-05
46.66 3.84634e-05
46.67 3.40187e-05
46.68 2.94681e-05
46.69 2.48276e-05
46.7 2.01135e-05
46.71 1.53421e-05
46.72 1.05302e-05
46.73 5.69438e-06
46.74 8.51295e-07
46.75 -3.9824e-06
46.76 -8.79018e-06
46.77 -1.35557e-05
46.78 -1.82627e-05
46.79 -2.28955e-05
46.8 -2.74384e-05
46.81 -3.18762e-05
46.82 -3.61943e-05
46.83 -4.03782e-05
46.84 -4.44143e-05
46.85 -4.82892e-05
46.86 -5.19904e-05
46.87 -5.55057e-05
46.88 -5.88238e-05
46.89 -6.1934e-05
46.9 -6.48262e-05
46.91 -6.74913e-05
46.92 -6.99208e-05
46.93 -7.21069e-05
46.94 -7.40428e-05
46.95 -7.57225e-05
46.96 -7.71409e-05
46.97 -7.82935e-05
46.98 -7.91771e-05
46.99 -7.9789e-05
47 -8.01278e-05
47.01 -8.01927e-05
47.02 -7.99841e-05
47.03 -7.9503e-05
47.04 -7.87517e-05
47.05 -7.77332e-05
47.06 -7.64514e-05
47.07 -7.49113e-05
47.08 -7.31185e-05
47.09 -7.10798e-05
47.1 -6.88026e-05
47.11 -6.62953e-05
47.12 -6.35669e-05
47.13 -6.06273e-05
47.14 -5.74872e-05
47.15 -5.41577e-05
47.16 -5.06509e-05
47.17 -4.69793e-05
47.18 -4.31558e-05
47.19 -3.91942e-05
47.2 -3.51083e-05
47.21 -3.09128e-05
47.22 -2.66222e-05
47.23 -2.22517e-05
47.24 -1.78165e-05
47.25 -1.33322e-05
47.26 -8.8141e-06
47.27 -4.27799e-06
47.28 2.60551e-07
47.29 4.78597e-06
47.3 9.28282e-06
47.31 1.37358e-05
47.32 1.81299e-05
47.33 2.24502e-05
47.34 2.66823e-05
47.35 3.0812e-05
47.36 3.48255e-05
47.37 3.87097e-05
47.38 4.24516e-05
47.39 4.60391e-05
47.4 4.94603e-05
47.41 5.27041e-05
47.42 5.57599e-05
47.43 5.8618e-05
47.44 6.12692e-05
47.45 6.37049e-05
47.46 6.59174e-05
47.47 6.78997e-05
47.48 6.96456e-05
47.49 7.11497e-05
47.5 7.24073e-05
47.51 7.34147e-05
47.52 7.4169e-05
47.53 7.46681e-05
47.54 7.49108e-05
47.55 7.48966e-05
47.56 7.46262e-05
47.57 7.41009e-05
47.58 7.3323e-05
47.59 7.22957e-05
47.6 7.10229e-05
47.61 6.95095e-05
47.62 6.7761e-05
47.63 6.57841e-05
47.64 6.35859e-05
47.65 6.11745e-05
47.66 5.85586e-05
47.67 5.57476e-05
47.68 5.27517e-05
47.69 4.95817e-05
47.7 4.62488e-05
47.71 4.2765e-05
47.72 3.91426e-05
47.73 3.53944e-05
47.74 3.15337e-05
47.75 2.75741e-05
47.76 2.35294e-05
47.77 1.94139e-05
47.78 1.52419e-05
47.79 1.10278e-05
47.8 6.78624e-06
47.81 2.53188e-06
47.82 -1.72068e-06
47.83 -5.95688e-06
47.84 -1.01623e-05
47.85 -1.43226e-05
47.86 -1.84238e-05
47.87 -2.24521e-05
47.88 -2.63939e-05
47.89 -3.0236e-05
47.9 -3.39657e-05
47.91 -3.75707e-05
47.92 -4.1039e-05
47.93 -4.43592e-05
47.94 -4.75205e-05
47.95 -5.05125e-05
47.96 -5.33256e-05
47.97 -5.59506e-05
47.98 -5.83791e-05
47.99 -6.06034e-05
48 -6.26163e-05
48.01 -6.44115e-05
48.02 -6.59835e-05
48.03 -6.73272e-05
48.04 -6.84387e-05
48.05 -6.93147e-05
48.06 -6.99525e-05
48.07 -7.03506e-05
48.08 -7.0508e-05
48.09 -7.04247e-05
48.1 -7.01014e-05
48.11 -6.95396e-05
48.12 -6.87418e-05
48.13 -6.77112e-05
48.14 -6.64516e-05
48.15 -6.4968e-05
48.16 -6.32658e-05
48.17 -6.13513e-05
48.18 -5.92315e-05
48.19 -5.69142e-05
48.2 -5.44078e-05
48.21 -5.17213e-05
48.22 -4.88643e-05
48.23 -4.58471e-05
48.24 -4.26805e-05
48.25 -3.93757e-05
48.26 -3.59444e-05
48.27 -3.23987e-05
48.28 -2.87513e-05
48.29 -2.50148e-05
48.3 -2.12023e-05
48.31 -1.73272e-05
48.32 -1.3403e-05
48.33 -9.44317e-06
48.34 -5.46151e-06
48.35 -1.4717e-06
48.36 2.51259e-06
48.37 6.47772e-06
48.38 1.04102e-05
48.39 1.42967e-05
48.4 1.8124e-05
48.41 2.18794e-05
48.42 2.55501e-05
48.43 2.9124e-05
48.44 3.25892e-05
48.45 3.59341e-05
48.46 3.91477e-05
48.47 4.22194e-05
48.48 4.51393e-05
48.49 4.78977e-05
48.5 5.04857e-05
48.51 5.2895e-05
48.52 5.51178e-05
48.53 5.7147e-05
48.54 5.89761e-05
48.55 6.05995e-05
48.56 6.20119e-05
48.57 6.32091e-05
48.58 6.41875e-05
48.59 6.49441e-05
48.6 6.54769e-05
48.61 6.57845e-05
48.62 6.58663e-05
48.63 6.57225e-05
48.64 6.53539e-05
48.65 6.47624e-05
48.66 6.39503e-05
48.67 6.2921e-05
48.68 6.16783e-05
48.69 6.02269e-05
48.7 5.85723e-05
48.71 5.67205e-05
48.72 5.46784e-05
48.73 5.24534e-05
48.74 5.00534e-05
48.75 4.74873e-05
48.76 4.4764e-05
48.77 4.18935e-05
48.78 3.88859e-05
48.79 3.57519e-05
48.8 3.25025e-05
48.81 2.91494e-05
48.82 2.57041e-05
48.83 2.21789e-05
48.84 1.8586e-05
48.85 1.49379e-05
48.86 1.12474e-05
48.87 7.52719e-06
48.88 3.7901e-06
48.89 4.89969e-08
48.9 -3.68331e-06
48.91 -7.39408e-06
48.92 -1.10707e-05
48.93 -1.47007e-05
48.94 -1.82718e-05
48.95 -2.1772e-05
48.96 -2.51895e-05
48.97 -2.85131e-05
48.98 -3.17315e-05
48.99 -3.48342e-05
49 -3.78108e-05
49.01 -4.06517e-05
49.02 -4.33474e-05
49.03 -4.58892e-05
49.04 -4.82689e-05
49.05 -5.04787e-05
49.06 -5.25116e-05
49.07 -5.43611e-05
49.08 -5.60212e-05
49.09 -5.74868e-05
49.1 -5.87534e-05
49.11 -5.9817e-05
49.12 -6.06744e-05
49.13 -6.13232e-05
49.14 -6.17616e-05
49.15 -6.19886e-05
49.16 -6.20037e-05
49.17 -6.18074e-05
49.18 -6.14007e-05
49.19 -6.07856e-05
49.2 -5.99644e-05
49.21 -5.89405e-05
49.22 -5.77178e-05
49.23 -5.63008e-05
49.24 -5.46949e-05
49.25 -5.29059e-05
49.26 -5.09404e-05
49.27 -4.88055e-05
49.28 -4.6509e-05
49.29 -4.4059e-05
49.3 -4.14645e-05
49.31 -3.87345e-05
49.32 -3.58788e-05
49.33 -3.29076e-05
49.34 -2.98313e-05
49.35 -2.66608e-05
49.36 -2.34072e-05
49.37 -2.00818e-05
49.38 -1.66964e-05
49.39 -1.32626e-05
49.4 -9.79233e-06
49.41 -6.29766e-06
49.42 -2.79059e-06
49.43 7.16839e-07
49.44 4.21262e-06
49.45 7.68484e-06
49.46 1.11217e-05
49.47 1.45115e-05
49.48 1.78429e-05
49.49 2.11047e-05
49.5 2.42858e-05
49.51 2.73758e-05
49.52 3.03643e-05
49.53 3.32413e-05
49.54 3.59975e-05
49.55 3.86238e-05
49.56 4.11114e-05
49.57 4.34525e-05
49.58 4.56392e-05
49.59 4.76646e-05
49.6 4.95222e-05
49.61 5.1206e-05
49.62 5.27107e-05
49.63 5.40317e-05
49.64 5.51647e-05
49.65 5.61064e-05
49.66 5.6854e-05
49.67 5.74052e-05
49.68 5.77588e-05
49.69 5.79138e-05
49.7 5.78702e-05
49.71 5.76286e-05
49.72 5.719e-05
49.73 5.65566e-05
49.74 5.57307e-05
49.75 5.47158e-05
49.76 5.35156e-05
49.77 5.21346e-05
49.78 5.0578e-05
49.79 4.88514e-05
49.8 4.69613e-05
49.81 4.49143e-05
49.82 4.2718e-05
49.83 4.03802e-05
49.84 3.79092e-05
49.85 3.53139e-05
49.86 3.26034e-05
49.87 2.97874e-05
49.88 2.68758e-05
49.89 2.38787e-05
49.9 2.08068e-05
49.91 1.76708e-05
49.92 1.44815e-05
49.93 1.125e-05
49.94 7.98759e-06
49.95 4.70548e-06
49.96 1.41495e-06
49.97 -1.87271e-06
49.98 -5.14626e-06
49.99 -8.39455e-06
50 -1.16065e-05
50.01 -1.47714e-05
50.02 -1.78784e-05
50.03 -2.09171e-05
50.04 -2.38773e-05
50.05 -2.67492e-05
50.06 -2.95233e-05
50.07 -3.21902e-05
50.08 -3.47413e-05
50.09 -3.7168e-05
50.1 -3.94626e-05
50.11 -4.16174e-05
50.12 -4.36256e-05
50.13 -4.54806e-05
50.14 -4.71764e-05
50.15 -4.87078e-05
50.16 -5.00698e-05
50.17 -5.12581e-05
50.18 -5.22692e-05
50.19 -5.31e-05
50.2 -5.3748e-05
50.21 -5.42114e-05
50.22 -5.4489e-05
50.23 -5.45804e-05
50.24 -5.44854e-05
50.25 -5.4205e-05
50.26 -5.37404e-05
50.27 -5.30935e-05
50.28 -5.22671e-05
50.29 -5.12643e-05
50.3 -5.00889e-05
50.31 -4.87453e-05
50.32 -4.72384e-05
50.33 -4.55739e-05
50.34 -4.37578e-05
50.35 -4.17966e-05
50.36 -3.96974e-05
50.37 -3.74676e-05
50.38 -3.51154e-05
50.39 -3.2649e-05
50.4 -3.00772e-05
50.41 -2.7409e-05
50.42 -2.46539e-05
50.43 -2.18215e-05
50.44 -1.89218e-05
50.45 -1.59647e-05
50.46 -1.29608e-05
50.47 -9.92025e-06
50.48 -6.8537e-06
50.49 -3.77169e-06
50.5 -6.84805e-07
50.51 2.39637e-06
50.52 5.46133e-06
50.53 8.49962e-06
50.54 1.15009e-05
50.55 1.44551e-05
50.56 1.73522e-05
50.57 2.01826e-05
50.58 2.29366e-05
50.59 2.56051e-05
50.6 2.81793e-05
50.61 3.06506e-05
50.62 3.30108e-05
50.63 3.52523e-05
50.64 3.73676e-05
50.65 3.935e-05
50.66 4.11928e-05
50.67 4.28903e-05
50.68 4.4437e-05
50.69 4.58279e-05
50.7 4.70587e-05
50.71 4.81256e-05
50.72 4.90252e-05
50.73 4.97549e-05
50.74 5.03126e-05
50.75 5.06967e-05
50.76 5.09064e-05
50.77 5.09412e-05
50.78 5.08014e-05
50.79 5.0488e-05
50.8 5.00022e-05
50.81 4.93462e-05
50.82 4.85225e-05
50.83 4.75344e-05
50.84 4.63855e-05
50.85 4.50802e-05
50.86 4.36233e-05
50.87 4.20201e-05
50.88 4.02764e-05
50.89 3.83985e-05
50.9 3.63932e-05
50.91 3.42677e-05
50.92 3.20295e-05
50.93 2.96865e-05
50.94 2.72471e-05
50.95 2.47199e-05
50.96 2.21137e-05
50.97 1.94377e-05
50.98 1.67012e-05
50.99 1.39137e-05
51 1.1085e-05
51.01 8.22489e-06
51.02 5.34315e-06
51.03 2.44975e-06
51.04 -4.45387e-07
51.05 -3.33235e-06
51.06 -6.20128e-06
51.07 -9.04243e-06
51.08 -1.18462e-05
51.09 -1.4603e-05
51.1 -1.73037e-05
51.11 -1.99391e-05
51.12 -2.25004e-05
51.13 -2.49792e-05
51.14 -2.7367e-05
51.15 -2.96562e-05
51.16 -3.1839e-05
51.17 -3.39084e-05
51.18 -3.58575e-05
51.19 -3.768e-05
51.2 -3.937e-05
51.21 -4.09221e-05
51.22 -4.23313e-05
51.23 -4.35931e-05
51.24 -4.47036e-05
51.25 -4.56593e-05
51.26 -4.64573e-05
51.27 -4.70953e-05
51.28 -4.75714e-05
51.29 -4.78844e-05
51.3 -4.80335e-05
51.31 -4.80186e-05
51.32 -4.78401e-05
51.33 -4.74989e-05
51.34 -4.69966e-05
51.35 -4.63353e-05
51.36 -4.55175e-05
51.37 -4.45464e-05
51.38 -4.34257e-05
51.39 -4.21594e-05
51.4 -4.07524e-05
51.41 -3.92096e-05
51.42 -3.75368e-05
51.43 -3.57398e-05
51.44 -3.38253e-05
51.45 -3.18e-05
51.46 -2.96711e-05
51.47 -2.74462e-05
51.48 -2.51332e-05
51.49 -2.27401e-05
51.5 -2.02754e-05
51.51 -1.77477e-05
51.52 -1.51658e-05
51.53 -1.25387e-05
51.54 -9.8756e-06
51.55 -7.1856e-06
51.56 -4.47803e-06
51.57 -1.76219e-06
51.58 9.52609e-07
51.59 3.65708e-06
51.6 6.34201e-06
51.61 8.99827e-06
51.62 1.16169e-05
51.63 1.41889e-05
51.64 1.67058e-05
51.65 1.91591e-05
51.66 2.15406e-05
51.67 2.38423e-05
51.68 2.60566e-05
51.69 2.81761e-05
51.7 3.0194e-05
51.71 3.21034e-05
51.72 3.38983e-05
51.73 3.55728e-05
51.74 3.71214e-05
51.75 3.85392e-05
51.76 3.98216e-05
51.77 4.09646e-05
51.78 4.19647e-05
51.79 4.28187e-05
51.8 4.3524e-05
51.81 4.40786e-05
51.82 4.44809e-05
51.83 4.47299e-05
51.84 4.48251e-05
51.85 4.47665e-05
51.86 4.45545e-05
51.87 4.41904e-05
51.88 4.36756e-05
51.89 4.30123e-05
51.9 4.22029e-05
51.91 4.12508e-05
51.92 4.01593e-05
51.93 3.89326e-05
51.94 3.75751e-05
51.95 3.60918e-05
51.96 3.44881e-05
51.97 3.27697e-05
51.98 3.09429e-05
51.99 2.9014e-05
52 2.699e-05
52.01 2.48781e-05
52.02 2.26856e-05
52.03 2.04203e-05
52.04 1.80901e-05
52.05 1.57033e-05
52.06 1.3268e-05
52.07 1.07927e-05
52.08 8.28615e-06
52.09 5.75685e-06
52.1 3.21356e-06
52.11 6.65015e-07
52.12 -1.88005e-06
52.13 -4.41294e-06
52.14 -6.92503e-06
52.15 -9.40779e-06
52.16 -1.18528e-05
52.17 -1.42519e-05
52.18 -1.65969e-05
52.19 -1.88799e-05
52.2 -2.10934e-05
52.21 -2.323e-05
52.22 -2.52826e-05
52.23 -2.72443e-05
52.24 -2.91088e-05
52.25 -3.08698e-05
52.26 -3.25218e-05
52.27 -3.40592e-05
52.28 -3.54771e-05
52.29 -3.6771e-05
52.3 -3.79367e-05
52.31 -3.89707e-05
52.32 -3.98695e-05
52.33 -4.06306e-05
52.34 -4.12515e-05
52.35 -4.17306e-05
52.36 -4.20664e-05
52.37 -4.22582e-05
52.38 -4.23056e-05
52.39 -4.22088e-05
52.4 -4.19684e-05
52.41 -4.15856e-05
52.42 -4.10619e-05
52.43 -4.03995e-05
52.44 -3.9601e-05
52.45 -3.86694e-05
52.46 -3.76081e-05
52.47 -3.64212e-05
52.48 -3.51129e-05
52.49 -3.3688e-05
52.5 -3.21516e-05
52.51 -3.05093e-05
52.52 -2.8767e-05
52.53 -2.69309e-05
52.54 -2.50073e-05
52.55 -2.30033e-05
52.56 -2.09258e-05
52.57 -1.87821e-05
52.58 -1.65797e-05
52.59 -1.43264e-05
52.6 -1.20299e-05
52.61 -9.69829e-06
52.62 -7.33955e-06
52.63 -4.96185e-06
52.64 -2.57339e-06
52.65 -1.82353e-07
52.66 2.20307e-06
52.67 4.57474e-06
52.68 6.92459e-06
52.69 9.24465e-06
52.7 1.15271e-05
52.71 1.37641e-05
52.72 1.59483e-05
52.73 1.80723e-05
52.74 2.01291e-05
52.75 2.21117e-05
52.76 2.40136e-05
52.77 2.58284e-05
52.78 2.75504e-05
52.79 2.91737e-05
52.8 3.06931e-05
52.81 3.21036e-05
52.82 3.34008e-05
52.83 3.45803e-05
52.84 3.56386e-05
52.85 3.65723e-05
52.86 3.73784e-05
52.87 3.80546e-05
52.88 3.85987e-05
52.89 3.90093e-05
52.9 3.92853e-05
52.91 3.94259e-05
52.92 3.94311e-05
52.93 3.9301e-05
52.94 3.90365e-05
52.95 3.86388e-05
52.96 3.81094e-05
52.97 3.74506e-05
52.98 3.66648e-05
52.99 3.5755e-05
53 3.47247e-05
53.01 3.35776e-05
53.02 3.23178e-05
53.03 3.09501e-05
53.04 2.94793e-05
53.05 2.79106e-05
53.06 2.62498e-05
53.07 2.45027e-05
53.08 2.26754e-05
53.09 2.07745e-05
53.1 1.88066e-05
53.11 1.67787e-05
53.12 1.46978e-05
53.13 1.25711e-05
53.14 1.04061e-05
53.15 8.21036e-06
53.16 5.99134e-06
53.17 3.75674e-06
53.18 1.51426e-06
53.19 -7.28433e-07
53.2 -2.96366e-06
53.21 -5.1838e-06
53.22 -7.3813e-06
53.23 -9.54872e-06
53.24 -1.16787e-05
53.25 -1.37641e-05
53.26 -1.57979e-05
53.27 -1.77733e-05
53.28 -1.96837e-05
53.29 -2.15228e-05
53.3 -2.32843e-05
53.31 -2.49626e-05
53.32 -2.65521e-05
53.33 -2.80475e-05
53.34 -2.94441e-05
53.35 -3.07373e-05
53.36 -3.19229e-05
53.37 -3.29971e-05
53.38 -3.39566e-05
53.39 -3.47982e-05
53.4 -3.55195e-05
53.41 -3.61183e-05
53.42 -3.65926e-05
53.43 -3.69414e-05
53.44 -3.71635e-05
53.45 -3.72586e-05
53.46 -3.72266e-05
53.47 -3.70679e-05
53.48 -3.67833e-05
53.49 -3.63741e-05
53.5 -3.58419e-05
53.51 -3.51889e-05
53.52 -3.44176e-05
53.53 -3.35308e-05
53.54 -3.25319e-05
53.55 -3.14245e-05
53.56 -3.02127e-05
53.57 -2.89009e-05
53.58 -2.74937e-05
53.59 -2.59963e-05
53.6 -2.44139e-05
53.61 -2.27522e-05
53.62 -2.10171e-05
53.63 -1.92147e-05
53.64 -1.73513e-05
53.65 -1.54334e-05
53.66 -1.34678e-05
53.67 -1.14612e-05
53.68 -9.42074e-06
53.69 -7.35339e-06
53.7 -5.2663e-06
53.71 -3.16668e-06
53.72 -1.06172e-06
53.73 1.04135e-06
53.74 3.13536e-06
53.75 5.21317e-06
53.76 7.26771e-06
53.77 9.29203e-06
53.78 1.12793e-05
53.79 1.32228e-05
53.8 1.5116e-05
53.81 1.69526e-05
53.82 1.87265e-05
53.83 2.04317e-05
53.84 2.20626e-05
53.85 2.36139e-05
53.86 2.50803e-05
53.87 2.64572e-05
53.88 2.774e-05
53.89 2.89246e-05
53.9 3.00072e-05
53.91 3.09843e-05
53.92 3.18528e-05
53.93 3.26101e-05
53.94 3.32537e-05
53.95 3.37819e-05
53.96 3.41929e-05
53.97 3.44857e-05
53.98 3.46596e-05
53.99 3.47141e-05
54 3.46495e-05
54.01 3.44662e-05
54.02 3.41651e-05
54.03 3.37474e-05
54.04 3.3215e-05
54.05 3.25697e-05
54.06 3.18142e-05
54.07 3.09513e-05
54.08 2.99841e-05
54.09 2.89162e-05
54.1 2.77515e-05
54.11 2.64941e-05
54.12 2.51487e-05
54.13 2.37201e-05
54.14 2.22132e-05
54.15 2.06335e-05
54.16 1.89865e-05
54.17 1.72781e-05
54.18 1.55142e-05
54.19 1.3701e-05
54.2 1.18449e-05
54.21 9.95222e-06
54.22 8.02963e-06
54.23 6.08376e-06
54.24 4.12131e-06
54.25 2.14904e-06
54.26 1.73714e-07
54.27 -1.7979e-06
54.28 -3.75907e-06
54.29 -5.70312e-06
54.3 -7.62346e-06
54.31 -9.51358e-06
54.32 -1.13671e-05
54.33 -1.31778e-05
54.34 -1.49396e-05
54.35 -1.66465e-05
54.36 -1.8293e-05
54.37 -1.98735e-05
54.38 -2.13827e-05
54.39 -2.28159e-05
54.4 -2.41681e-05
54.41 -2.5435e-05
54.42 -2.66125e-05
54.43 -2.76967e-05
54.44 -2.86842e-05
54.45 -2.95719e-05
54.46 -3.03569e-05
54.47 -3.10368e-05
54.48 -3.16096e-05
54.49 -3.20734e-05
54.5 -3.24271e-05
54.51 -3.26695e-05
54.52 -3.28002e-05
54.53 -3.2819e-05
54.54 -3.2726e-05
54.55 -3.25218e-05
54.56 -3.22074e-05
54.57 -3.17841e-05
54.58 -3.12536e-05
54.59 -3.06178e-05
54.6 -2.98794e-05
54.61 -2.9041e-05
54.62 -2.81056e-05
54.63 -2.70768e-05
54.64 -2.59583e-05
54.65 -2.47541e-05
54.66 -2.34685e-05
54.67 -2.21062e-05
54.68 -2.06719e-05
54.69 -1.91707e-05
54.7 -1.7608e-05
54.71 -1.59892e-05
54.72 -1.43201e-05
54.73 -1.26064e-05
54.74 -1.08541e-05
54.75 -9.06937e-06
54.76 -7.25832e-06
54.77 -5.42722e-06
54.78 -3.5824e-06
54.79 -1.73019e-06
54.8 1.23049e-07
54.81 1.97098e-06
54.82 3.80731e-06
54.83 5.62578e-06
54.84 7.42022e-06
54.85 9.18457e-06
54.86 1.09129e-05
54.87 1.25993e-05
54.88 1.42382e-05
54.89 1.58242e-05
54.9 1.73518e-05
54.91 1.88161e-05
54.92 2.02122e-05
54.93 2.15355e-05
54.94 2.27816e-05
54.95 2.39466e-05
54.96 2.50265e-05
54.97 2.6018e-05
54.98 2.69178e-05
54.99 2.77231e-05
