0.01 -1.22768e-07
0.02 -8.05636e-08
0.03 4.98606e-08
0.04 3.10411e-07
0.05 6.97624e-07
0.06 1.16871e-06
0.07 1.68165e-06
0.08 2.22816e-06
0.09 2.83207e-06
0.1 3.52297e-06
0.11 4.31261e-06
0.12 5.19026e-06
0.13 6.13422e-06
0.14 7.12929e-06
0.15 8.17997e-06
0.16 9.31072e-06
0.17 1.05506e-05
0.18 1.19136e-05
0.19 1.33942e-05
0.2 1.49823e-05
0.21 1.66766e-05
0.22 1.84726e-05
0.23 2.03374e-05
0.24 2.22135e-05
0.25 2.40669e-05
0.26 2.59279e-05
0.27 2.78682e-05
0.28 2.99393e-05
0.29 3.21465e-05
0.3 3.44719e-05
0.31 3.68939e-05
0.32 3.93732e-05
0.33 4.18387e-05
0.34 4.42092e-05
0.35 4.64219e-05
0.36 4.84538e-05
0.37 5.03603e-05
0.38 5.22742e-05
0.39 5.42697e-05
0.4 5.62302e-05
0.41 5.79617e-05
0.42 5.94447e-05
0.43 6.0857e-05
0.44 6.23253e-05
0.45 6.37406e-05
0.46 6.48576e-05
0.47 6.55331e-05
0.48 6.58489e-05
0.49 6.60421e-05
0.5 6.63388e-05
0.51 6.68149e-05
0.52 6.73625e-05
0.53 6.77546e-05
0.54 6.77064e-05
0.55 6.68667e-05
0.56 6.48721e-05
0.57 6.1587e-05
0.58 5.73396e-05
0.59 5.28351e-05
0.6 4.8746e-05
0.61 4.53243e-05
0.62 4.2291e-05
0.63 3.89469e-05
0.64 3.43781e-05
0.65 2.78044e-05
0.66 1.90484e-05
0.67 8.76802e-06
0.68 -1.83958e-06
0.69 -1.1629e-05
0.7 -1.9943e-05
0.71 -2.67719e-05
0.72 -3.27171e-05
0.73 -3.87017e-05
0.74 -4.5475e-05
0.75 -5.32605e-05
0.76 -6.17178e-05
0.77 -7.00884e-05
0.78 -7.7549e-05
0.79 -8.37819e-05
0.8 -8.92684e-05
0.81 -9.47741e-05
0.82 -0.000100415
0.83 -0.000105436
0.84 -0.000109091
0.85 -0.000111558
0.86 -0.000113652
0.87 -0.000115696
0.88 -0.000117057
0.89 -0.000116967
0.9 -0.000115558
0.91 -0.000113926
0.92 -0.000113195
0.93 -0.000113453
0.94 -0.000113497
0.95 -0.000111841
0.96 -0.000108249
0.97 -0.000104169
0.98 -0.000101422
0.99 -0.000100501
1 -0.00010047
1.01 -0.000100523
1.02 -0.000101141
1.03 -0.000103307
1.04 -0.00010684
1.05 -0.000110085
1.06 -0.000111499
1.07 -0.00011127
1.08 -0.000111099
1.09 -0.000112653
1.1 -0.000116565
1.11 -0.000122518
1.12 -0.000129513
1.13 -0.000135958
1.14 -0.000140355
1.15 -0.000142427
1.16 -0.000143216
1.17 -0.000143712
1.18 -0.000143877
1.19 -0.00014358
1.2 -0.000144073
1.21 -0.000147433
1.22 -0.000154167
1.23 -0.000162281
1.24 -0.000169414
1.25 -0.000175131
1.26 -0.000180185
1.27 -0.000184114
1.28 -0.000185095
1.29 -0.00018254
1.3 -0.000178699
1.31 -0.00017684
1.32 -0.000178167
1.33 -0.000181067
1.34 -0.000183063
1.35 -0.000182957
1.36 -0.000181059
1.37 -0.000177934
1.38 -0.000173414
1.39 -0.000166838
1.4 -0.000157874
1.41 -0.000146932
1.42 -0.000135043
1.43 -0.000123388
1.44 -0.000112412
1.45 -0.000101211
1.46 -8.83626e-05
1.47 -7.36963e-05
1.48 -5.86952e-05
1.49 -4.47625e-05
1.5 -3.16396e-05
1.51 -1.80667e-05
1.52 -3.5397e-06
1.53 1.11456e-05
1.54 2.46585e-05
1.55 3.58359e-05
1.56 4.40662e-05
1.57 4.97987e-05
1.58 5.4631e-05
1.59 6.03604e-05
1.6 6.78742e-05
1.61 7.705e-05
1.62 8.73398e-05
1.63 9.79358e-05
1.64 0.000107414
1.65 0.000113834
1.66 0.000115896
1.67 0.000114258
1.68 0.000111351
1.69 0.000109409
1.7 0.000108691
1.71 0.000107822
1.72 0.000105688
1.73 0.000102601
1.74 9.94155e-05
1.75 9.57528e-05
1.76 8.98427e-05
1.77 8.05575e-05
1.78 6.90425e-05
1.79 5.76798e-05
1.8 4.78795e-05
1.81 3.96712e-05
1.82 3.31185e-05
1.83 2.89263e-05
1.84 2.72194e-05
1.85 2.65751e-05
1.86 2.50069e-05
1.87 2.16854e-05
1.88 1.74784e-05
1.89 1.41777e-05
1.9 1.34635e-05
1.91 1.62482e-05
1.92 2.23431e-05
1.93 3.03328e-05
1.94 3.78914e-05
1.95 4.27675e-05
1.96 4.40946e-05
1.97 4.30019e-05
1.98 4.16649e-05
1.99 4.13676e-05
2 4.14344e-05
2.01 4.00914e-05
2.02 3.61894e-05
2.03 2.99935e-05
2.04 2.26088e-05
2.05 1.50414e-05
2.06 7.84776e-06
2.07 1.33605e-06
2.08 -4.34191e-06
2.09 -9.44038e-06
2.1 -1.46107e-05
2.11 -2.02131e-05
2.12 -2.56404e-05
2.13 -2.96912e-05
2.14 -3.19486e-05
2.15 -3.36438e-05
2.16 -3.66619e-05
2.17 -4.17267e-05
2.18 -4.80185e-05
2.19 -5.43707e-05
2.2 -6.02723e-05
2.21 -6.58101e-05
2.22 -7.10556e-05
2.23 -7.55274e-05
2.24 -7.83108e-05
2.25 -7.90738e-05
2.26 -7.90278e-05
2.27 -8.03882e-05
2.28 -8.45479e-05
2.29 -9.10197e-05
2.3 -9.8374e-05
2.31 -0.000105795
2.32 -0.000113229
2.33 -0.000120346
2.34 -0.000126347
2.35 -0.000131189
2.36 -0.000136292
2.37 -0.000143389
2.38 -0.000153069
2.39 -0.000164975
2.4 -0.000178941
2.41 -0.000194996
2.42 -0.000212028
2.43 -0.000227406
2.44 -0.000238986
2.45 -0.000247297
2.46 -0.00025483
2.47 -0.000263126
2.48 -0.000271515
2.49 -0.00027878
2.5 -0.000284784
2.51 -0.000289566
2.52 -0.000291696
2.53 -0.000288988
2.54 -0.0002809
2.55 -0.000268967
2.56 -0.000254422
2.57 -0.000236627
2.58 -0.000214922
2.59 -0.000191233
2.6 -0.000169317
2.61 -0.000151272
2.62 -0.000135748
2.63 -0.000119737
2.64 -0.000101196
2.65 -7.98085e-05
2.66 -5.63096e-05
2.67 -3.20114e-05
2.68 -8.64254e-06
2.69 1.21253e-05
2.7 2.91955e-05
2.71 4.22601e-05
2.72 5.21181e-05
2.73 6.10474e-05
2.74 7.22451e-05
2.75 8.80911e-05
2.76 0.000108588
2.77 0.000131506
2.78 0.00015431
2.79 0.000176298
2.8 0.000199001
2.81 0.000224459
2.82 0.000253252
2.83 0.000284329
2.84 0.000316611
2.85 0.000350704
2.86 0.000389113
2.87 0.000434361
2.88 0.000486234
2.89 0.000541041
2.9 0.000594339
2.91 0.000644516
2.92 0.000693273
2.93 0.000742719
2.94 0.000792722
2.95 0.000841294
2.96 0.000886774
2.97 0.000928783
2.98 0.000967334
2.99 0.00100209
3 0.0010329
3.01 0.00106043
3.02 0.00108579
3.03 0.0011094
3.04 0.00113045
3.05 0.00114727
3.06 0.00115833
3.07 0.00116299
3.08 0.00116146
3.09 0.00115411
3.1 0.00114074
3.11 0.00112088
3.12 0.0010952
3.13 0.00106644
3.14 0.00103762
3.15 0.00100846
3.16 0.000974221
3.17 0.000929747
3.18 0.000874179
3.19 0.000810767
3.2 0.000742888
3.21 0.000671865
3.22 0.000598029
3.23 0.000521714
3.24 0.000442747
3.25 0.000360522
3.26 0.000275641
3.27 0.000190898
3.28 0.000109621
3.29 3.29147e-05
3.3 -4.07824e-05
3.31 -0.000113054
3.32 -0.00018287
3.33 -0.000247147
3.34 -0.000303941
3.35 -0.000354939
3.36 -0.000404528
3.37 -0.000455765
3.38 -0.000506882
3.39 -0.000552376
3.4 -0.000588288
3.41 -0.000615942
3.42 -0.000639465
3.43 -0.000659821
3.44 -0.000672683
3.45 -0.000672949
3.46 -0.000660853
3.47 -0.000643144
3.48 -0.000628471
3.49 -0.000621759
3.5 -0.000622355
3.51 -0.000626353
3.52 -0.000630018
3.53 -0.000631596
3.54 -0.000630987
3.55 -0.000628481
3.56 -0.000624357
3.57 -0.000620054
3.58 -0.000618951
3.59 -0.000624343
3.6 -0.00063587
3.61 -0.000648587
3.62 -0.000656504
3.63 -0.000657034
3.64 -0.000651346
3.65 -0.000640603
3.66 -0.000623175
3.67 -0.000596077
3.68 -0.000558018
3.69 -0.000510097
3.7 -0.000454448
3.71 -0.000393772
3.72 -0.000332153
3.73 -0.000274563
3.74 -0.000224139
3.75 -0.000179685
3.76 -0.000136383
3.77 -8.99193e-05
3.78 -4.04654e-05
3.79 7.86755e-06
3.8 5.17773e-05
3.81 9.22835e-05
3.82 0.000132958
3.83 0.000175155
3.84 0.000215958
3.85 0.000251175
3.86 0.000279671
3.87 0.000304045
3.88 0.000327431
3.89 0.000350716
3.9 0.000373197
3.91 0.000395131
3.92 0.000418719
3.93 0.000446287
3.94 0.000477553
3.95 0.000508753
3.96 0.000534537
3.97 0.00055078
3.98 0.000556085
3.99 0.000551693
4 0.000540328
4.01 0.000524005
4.02 0.000501873
4.03 0.000470556
4.04 0.000427531
4.05 0.0003741
4.06 0.000314062
4.07 0.000249204
4.08 0.000177142
4.09 9.4515e-05
4.1 1.90212e-06
4.11 -9.53215e-05
4.12 -0.000191102
4.13 -0.00028295
4.14 -0.000371829
4.15 -0.000458637
4.16 -0.00054178
4.17 -0.000618203
4.18 -0.000686052
4.19 -0.0007458
4.2 -0.000799299
4.21 -0.000848745
4.22 -0.000896678
4.23 -0.000945859
4.24 -0.00099833
4.25 -0.00105498
4.26 -0.00111623
4.27 -0.00118253
4.28 -0.00125337
4.29 -0.00132649
4.3 -0.00139885
4.31 -0.00146915
4.32 -0.0015388
4.33 -0.00161013
4.34 -0.00168323
4.35 -0.00175441
4.36 -0.0018183
4.37 -0.00187195
4.38 -0.00191676
4.39 -0.00195621
4.4 -0.0019915
4.41 -0.00201914
4.42 -0.00203292
4.43 -0.00202839
4.44 -0.00200584
4.45 -0.00196937
4.46 -0.00192368
4.47 -0.00187118
4.48 -0.00181117
4.49 -0.00174098
4.5 -0.00165841
4.51 -0.0015632
4.52 -0.00145641
4.53 -0.00133875
4.54 -0.00120994
4.55 -0.00106965
4.56 -0.000919145
4.57 -0.000761296
4.58 -0.000598006
4.59 -0.000427213
4.6 -0.000243027
4.61 -3.99465e-05
4.62 0.000182197
4.63 0.000417008
4.64 0.000654888
4.65 0.000887924
4.66 0.00111239
4.67 0.0013267
4.68 0.00152691
4.69 0.00170568
4.7 0.00185874
4.71 0.00199245
4.72 0.00212119
4.73 0.00225449
4.74 0.00238741
4.75 0.0025039
4.76 0.00258771
4.77 0.00263157
4.78 0.00264037
4.79 0.00262668
4.8 0.00260041
4.81 0.0025623
4.82 0.00250825
4.83 0.00243931
4.84 0.00236584
4.85 0.00230107
4.86 0.00225071
4.87 0.00220887
4.88 0.00216428
4.89 0.0021105
4.9 0.0020495
4.91 0.00198631
4.92 0.00192202
4.93 0.00185317
4.94 0.00177729
4.95 0.00169752
4.96 0.00162107
4.97 0.00155312
4.98 0.00149227
4.99 0.00143216
5 0.00136761
5.01 0.00129912
5.02 0.00123071
5.03 0.00116387
5.04 0.00109446
5.05 0.00101648
5.06 0.000928009
5.07 0.000832221
5.08 0.000733011
5.09 0.0006315
5.1 0.000527604
5.11 0.000423581
5.12 0.000323991
5.13 0.000231755
5.14 0.00014546
5.15 6.13508e-05
5.16 -2.29071e-05
5.17 -0.000107453
5.18 -0.00019248
5.19 -0.000279701
5.2 -0.000370935
5.21 -0.000465628
5.22 -0.000560103
5.23 -0.000649261
5.24 -0.000729053
5.25 -0.00079787
5.26 -0.000856455
5.27 -0.00090693
5.28 -0.000951598
5.29 -0.000991951
5.3 -0.00102813
5.31 -0.00105873
5.32 -0.00108099
5.33 -0.00109166
5.34 -0.00108873
5.35 -0.00107324
5.36 -0.00104964
5.37 -0.00102318
5.38 -0.000995822
5.39 -0.000964802
5.4 -0.000925704
5.41 -0.000876589
5.42 -0.000819545
5.43 -0.000759527
5.44 -0.000701309
5.45 -0.000645723
5.46 -0.000588816
5.47 -0.00052654
5.48 -0.000460994
5.49 -0.000400629
5.5 -0.000352748
5.51 -0.000315645
5.52 -0.000279169
5.53 -0.00023384
5.54 -0.000178996
5.55 -0.00012119
5.56 -6.54826e-05
5.57 -1.03363e-05
5.58 4.86012e-05
5.59 0.000111135
5.6 0.000169757
5.61 0.000214104
5.62 0.000238258
5.63 0.000244228
5.64 0.00023897
5.65 0.000228383
5.66 0.000213729
5.67 0.000192854
5.68 0.000163938
5.69 0.000127762
5.7 8.68509e-05
5.71 4.32593e-05
5.72 -2.51844e-06
5.73 -5.10864e-05
5.74 -0.000103202
5.75 -0.00015909
5.76 -0.000218497
5.77 -0.000281559
5.78 -0.000349185
5.79 -0.000421607
5.8 -0.000496107
5.81 -0.000566647
5.82 -0.000626538
5.83 -0.000671969
5.84 -0.000703442
5.85 -0.0007249
5.86 -0.00074218
5.87 -0.000761166
5.88 -0.000785476
5.89 -0.000814832
5.9 -0.000845567
5.91 -0.000872951
5.92 -0.000893523
5.93 -0.000905926
5.94 -0.000909985
5.95 -0.000905003
5.96 -0.000889047
5.97 -0.000860496
5.98 -0.000820797
5.99 -0.000775518
6 -0.000731798
6.01 -0.000693755
6.02 -0.000659994
6.03 -0.000625874
6.04 -0.000588375
6.05 -0.000548451
6.06 -0.000508789
6.07 -0.000470241
6.08 -0.000431254
6.09 -0.000390391
6.1 -0.000348325
6.11 -0.000307084
6.12 -0.000268288
6.13 -0.000232645
6.14 -0.000200199
6.15 -0.000170216
6.16 -0.000141603
6.17 -0.000114555
6.18 -9.1293e-05
6.19 -7.39075e-05
6.2 -6.15404e-05
6.21 -5.07415e-05
6.22 -3.88162e-05
6.23 -2.60971e-05
6.24 -1.47502e-05
6.25 -6.08911e-06
6.26 3.41348e-07
6.27 5.42504e-06
6.28 9.28913e-06
6.29 1.21037e-05
6.3 1.57436e-05
6.31 2.39404e-05
6.32 4.04325e-05
6.33 6.70161e-05
6.34 0.000103399
6.35 0.000148599
6.36 0.000202177
6.37 0.000264368
6.38 0.000335557
6.39 0.000415671
6.4 0.000503801
6.41 0.000598472
6.42 0.000698428
6.43 0.000802929
6.44 0.00091092
6.45 0.00101966
6.46 0.00112415
6.47 0.00121842
6.48 0.00129839
6.49 0.00136401
6.5 0.00141827
6.51 0.00146319
6.52 0.00149664
6.53 0.00151352
6.54 0.00151039
6.55 0.00148885
6.56 0.00145436
6.57 0.00141204
6.58 0.00136374
6.59 0.00130843
6.6 0.00124458
6.61 0.00117169
6.62 0.00109021
6.63 0.00100044
6.64 0.000902151
6.65 0.000795135
6.66 0.000679972
6.67 0.000558051
6.68 0.0004312
6.69 0.000301351
6.7 0.000169946
6.71 3.72205e-05
6.72 -9.75755e-05
6.73 -0.000234762
6.74 -0.000373209
6.75 -0.000511186
6.76 -0.000648129
6.77 -0.000784887
6.78 -0.000921499
6.79 -0.00105465
6.8 -0.00117806
6.81 -0.00128655
6.82 -0.00138035
6.83 -0.00146461
6.84 -0.00154372
6.85 -0.00161588
6.86 -0.00167362
6.87 -0.00170944
6.88 -0.00172106
6.89 -0.00171238
6.9 -0.00169023
6.91 -0.00165964
6.92 -0.0016213
6.93 -0.0015734
6.94 -0.00151577
6.95 -0.00145184
6.96 -0.00138612
6.97 -0.00131978
6.98 -0.00124915
6.99 -0.00116906
7 -0.0010777
7.01 -0.000978027
7.02 -0.000874351
7.03 -0.00076824
7.04 -0.00065784
7.05 -0.000540351
7.06 -0.00041487
7.07 -0.000283521
7.08 -0.000150496
7.09 -1.98675e-05
7.1 0.000106461
7.11 0.000229408
7.12 0.000351335
7.13 0.000473459
7.14 0.000594287
7.15 0.000710621
7.16 0.000819798
7.17 0.00092023
7.18 0.00100984
7.19 0.00108521
7.2 0.00114313
7.21 0.00118223
7.22 0.00120264
7.23 0.00120429
7.24 0.00118627
7.25 0.00114776
7.26 0.00108917
7.27 0.00101245
7.28 0.000920538
7.29 0.000816712
7.3 0.000703986
7.31 0.000584463
7.32 0.000458438
7.33 0.000323797
7.34 0.000177348
7.35 1.81522e-05
7.36 -0.000150224
7.37 -0.000321488
7.38 -0.000490877
7.39 -0.000657101
7.4 -0.000819643
7.41 -0.000974101
7.42 -0.00111054
7.43 -0.0012177
7.44 -0.00129051
7.45 -0.00133414
7.46 -0.00135936
7.47 -0.00137296
7.48 -0.00137289
7.49 -0.00135308
7.5 -0.00131184
7.51 -0.00125379
7.52 -0.00118409
7.53 -0.00110272
7.54 -0.00100511
7.55 -0.000887331
7.56 -0.000749872
7.57 -0.000597304
7.58 -0.000434856
7.59 -0.000265102
7.6 -8.73445e-05
7.61 9.96282e-05
7.62 0.00029366
7.63 0.000487971
7.64 0.000674023
7.65 0.000845544
7.66 0.000999438
7.67 0.00113329
7.68 0.00124349
7.69 0.00132739
7.7 0.00138695
7.71 0.00142837
7.72 0.00145601
7.73 0.00146749
7.74 0.00145634
7.75 0.00141887
7.76 0.00135689
7.77 0.00127462
7.78 0.00117545
7.79 0.00106207
7.8 0.00093748
7.81 0.000804474
7.82 0.00066487
7.83 0.00052014
7.84 0.000372368
7.85 0.000223977
7.86 7.69528e-05
7.87 -6.6897e-05
7.88 -0.000204906
7.89 -0.000333265
7.9 -0.000448025
7.91 -0.00054652
7.92 -0.000628157
7.93 -0.000694198
7.94 -0.00074688
7.95 -0.000788543
7.96 -0.000821025
7.97 -0.000845229
7.98 -0.000860857
7.99 -0.000866508
8 -0.000860056
8.01 -0.000839148
8.02 -0.000801934
8.03 -0.000748032
8.04 -0.000679027
8.05 -0.000597731
8.06 -0.000506476
8.07 -0.00040581
8.08 -0.000294747
8.09 -0.00017222
8.1 -3.83668e-05
8.11 0.000105579
8.12 0.000258651
8.13 0.000421305
8.14 0.000595018
8.15 0.00078056
8.16 0.000976099
8.17 0.00117626
8.18 0.00137331
8.19 0.00156121
8.2 0.0017404
8.21 0.00191808
8.22 0.00210173
8.23 0.00229106
8.24 0.00247684
8.25 0.00264731
8.26 0.00279412
8.27 0.00291331
8.28 0.00300391
8.29 0.00306672
8.3 0.00310203
8.31 0.00310753
8.32 0.00308102
8.33 0.00302621
8.34 0.00295445
8.35 0.00287907
8.36 0.002808
8.37 0.00274154
8.38 0.0026762
8.39 0.00260963
8.4 0.00254217
8.41 0.00247431
8.42 0.00240297
8.43 0.0023207
8.44 0.00221904
8.45 0.0020937
8.46 0.00194702
8.47 0.00178557
8.48 0.00161558
8.49 0.00144019
8.5 0.00126027
8.51 0.00107647
8.52 0.00088966
8.53 0.000699297
8.54 0.000501506
8.55 0.000288946
8.56 5.34505e-05
8.57 -0.00020929
8.58 -0.000495854
8.59 -0.000795674
8.6 -0.00109632
8.61 -0.00138818
8.62 -0.00166317
8.63 -0.0019112
8.64 -0.00212462
8.65 -0.00231026
8.66 -0.00249078
8.67 -0.00268559
8.68 -0.0028905
8.69 -0.00308017
8.7 -0.00322868
8.71 -0.00332552
8.72 -0.00337698
8.73 -0.00339684
8.74 -0.00339417
8.75 -0.00336876
8.76 -0.00331887
8.77 -0.00325155
8.78 -0.00318318
8.79 -0.00313013
8.8 -0.00309921
8.81 -0.00308531
8.82 -0.00307627
8.83 -0.00305986
8.84 -0.00302809
8.85 -0.00297755
8.86 -0.00290765
8.87 -0.00281897
8.88 -0.00271319
8.89 -0.00259406
8.9 -0.00246814
8.91 -0.00234353
8.92 -0.00222706
8.93 -0.00212119
8.94 -0.002023
8.95 -0.00192586
8.96 -0.00182239
8.97 -0.00170684
8.98 -0.00157578
8.99 -0.00142761
9 -0.00126213
9.01 -0.0010808
9.02 -0.000887485
9.03 -0.000688639
9.04 -0.000491484
9.05 -0.000300604
9.06 -0.000116106
9.07 6.38011e-05
9.08 0.000237734
9.09 0.000399076
9.1 0.000539817
9.11 0.000656845
9.12 0.000754239
9.13 0.000839032
9.14 0.000914641
9.15 0.000978448
9.16 0.00102562
9.17 0.00105465
9.18 0.00106844
9.19 0.00107
9.2 0.00105818
9.21 0.00102842
9.22 0.000977082
9.23 0.000904483
9.24 0.000814205
9.25 0.000710631
9.26 0.00059708
9.27 0.000475535
9.28 0.000347838
9.29 0.000217427
9.3 8.98372e-05
9.31 -2.89898e-05
9.32 -0.000135424
9.33 -0.000229645
9.34 -0.000314621
9.35 -0.00039331
9.36 -0.000466188
9.37 -0.000530871
9.38 -0.00058374
9.39 -0.000621889
9.4 -0.000643968
9.41 -0.000649648
9.42 -0.000638419
9.43 -0.000608862
9.44 -0.000559295
9.45 -0.000489448
9.46 -0.000401544
9.47 -0.000299383
9.48 -0.000186008
9.49 -6.20099e-05
9.5 7.3937e-05
9.51 0.000222795
9.52 0.000383165
9.53 0.000551446
9.54 0.000724035
9.55 0.000899095
9.56 0.00107532
9.57 0.00124845
9.58 0.00140991
9.59 0.00155107
9.6 0.00166996
9.61 0.00177232
9.62 0.00186466
9.63 0.00194703
9.64 0.00201367
9.65 0.00205912
9.66 0.00208143
9.67 0.00208076
9.68 0.00205851
9.69 0.00201849
9.7 0.00196654
9.71 0.00190723
9.72 0.00184208
9.73 0.00177175
9.74 0.0016985
9.75 0.00162516
9.76 0.00155216
9.77 0.00147644
9.78 0.00139378
9.79 0.00130187
9.8 0.00120155
9.81 0.00109559
9.82 0.00098651
9.83 0.00087525
9.84 0.000761361
9.85 0.000644498
9.86 0.000525787
9.87 0.000407745
9.88 0.000292653
9.89 0.000180893
9.9 7.09104e-05
9.91 -3.91865e-05
9.92 -0.000150182
9.93 -0.000261856
9.94 -0.000374111
9.95 -0.000487553
9.96 -0.000602643
9.97 -0.000718071
9.98 -0.000829837
9.99 -0.000932124
10 -0.00101975
10.01 -0.00109078
10.02 -0.00114732
10.03 -0.00119365
10.04 -0.0012331
10.05 -0.00126606
10.06 -0.00129049
10.07 -0.001304
10.08 -0.0013055
10.09 -0.00129585
10.1 -0.00127709
10.11 -0.00125096
10.12 -0.00121756
10.13 -0.0011752
10.14 -0.00112181
10.15 -0.0010566
10.16 -0.000980534
10.17 -0.000895759
10.18 -0.000804684
10.19 -0.000709526
10.2 -0.00061199
10.21 -0.000512969
10.22 -0.000412568
10.23 -0.000310531
10.24 -0.000206725
10.25 -0.000101493
10.26 4.2598e-06
10.27 0.000109466
10.28 0.000213447
10.29 0.000315805
10.3 0.000415539
10.31 0.000510313
10.32 0.000596638
10.33 0.000670796
10.34 0.000729861
10.35 0.000772457
10.36 0.000799088
10.37 0.00081176
10.38 0.000812796
10.39 0.000803545
10.4 0.000784037
10.41 0.000753858
10.42 0.000713145
10.43 0.000662556
10.44 0.000602461
10.45 0.000532587
10.46 0.000452677
10.47 0.000363442
10.48 0.000266868
10.49 0.000165786
10.5 6.31452e-05
10.51 -3.85972e-05
10.52 -0.000137985
10.53 -0.000234878
10.54 -0.000330283
10.55 -0.000425696
10.56 -0.000522325
10.57 -0.00062033
10.58 -0.000718095
10.59 -0.000812072
10.6 -0.000897859
10.61 -0.000972112
10.62 -0.00103381
10.63 -0.00108381
10.64 -0.00112333
10.65 -0.00115313
10.66 -0.00117398
10.67 -0.00118724
10.68 -0.0011944
10.69 -0.00119585
10.7 -0.00119058
10.71 -0.00117721
10.72 -0.00115514
10.73 -0.00112459
10.74 -0.00108576
10.75 -0.00103836
10.76 -0.000982048
10.77 -0.000916905
10.78 -0.000843586
10.79 -0.000762963
10.8 -0.000675812
10.81 -0.000582743
10.82 -0.000484262
10.83 -0.000380805
10.84 -0.000272636
10.85 -0.000159699
10.86 -4.16252e-05
10.87 8.19344e-05
10.88 0.000210814
10.89 0.000344063
10.9 0.000479989
10.91 0.000616205
10.92 0.000749455
10.93 0.000875609
10.94 0.000990421
10.95 0.00109105
10.96 0.00117746
10.97 0.00125237
10.98 0.00131926
10.99 0.00137994
11 0.00143365
11.01 0.00147857
11.02 0.00151352
11.03 0.00153849
11.04 0.00155419
11.05 0.00156168
11.06 0.00156209
11.07 0.00155599
11.08 0.00154302
11.09 0.00152272
11.1 0.00149552
11.11 0.00146275
11.12 0.00142578
11.13 0.00138534
11.14 0.00134171
11.15 0.00129504
11.16 0.00124535
11.17 0.0011922
11.18 0.00113448
11.19 0.00107085
11.2 0.00100036
11.21 0.000922949
11.22 0.000839486
11.23 0.000751392
11.24 0.000659935
11.25 0.00056572
11.26 0.000468713
11.27 0.000368784
11.28 0.000266355
11.29 0.00016265
11.3 5.93999e-05
11.31 -4.17404e-05
11.32 -0.00013962
11.33 -0.000233628
11.34 -0.000323473
11.35 -0.000408919
11.36 -0.000489495
11.37 -0.000564181
11.38 -0.000631279
11.39 -0.000688798
11.4 -0.000735362
11.41 -0.000771095
11.42 -0.000797735
11.43 -0.000817801
11.44 -0.000833384
11.45 -0.000845451
11.46 -0.000854033
11.47 -0.00085889
11.48 -0.000860101
11.49 -0.000858294
11.5 -0.000854587
11.51 -0.000850319
11.52 -0.00084666
11.53 -0.000844303
11.54 -0.000843368
11.55 -0.00084344
11.56 -0.000843691
11.57 -0.000843223
11.58 -0.000841682
11.59 -0.000839695
11.6 -0.000838528
11.61 -0.000838977
11.62 -0.000840477
11.63 -0.000841293
11.64 -0.000839602
11.65 -0.000834365
11.66 -0.000825231
11.67 -0.000811798
11.68 -0.000793156
11.69 -0.0007683
11.7 -0.000736965
11.71 -0.000700058
11.72 -0.000659317
11.73 -0.000616539
11.74 -0.000572941
11.75 -0.000528953
11.76 -0.000484447
11.77 -0.000439174
11.78 -0.000393072
11.79 -0.000346248
11.8 -0.000298731
11.81 -0.000250329
11.82 -0.000200828
11.83 -0.000150366
11.84 -9.95878e-05
11.85 -4.94505e-05
11.86 -8.70667e-07
11.87 4.54769e-05
11.88 8.91863e-05
11.89 0.000130185
11.9 0.000168903
11.91 0.000206283
11.92 0.000243397
11.93 0.000280899
11.94 0.000318772
11.95 0.000356503
11.96 0.000393412
11.97 0.000428904
11.98 0.000462556
11.99 0.000494142
12 0.000523661
12.01 0.000551381
12.02 0.00057778
12.03 0.000603392
12.04 0.000628549
12.05 0.000653074
12.06 0.000676124
12.07 0.000696421
12.08 0.000712718
12.09 0.000724191
12.1 0.000730614
12.11 0.000732382
12.12 0.000730381
12.13 0.000725711
12.14 0.000719428
12.15 0.000712471
12.16 0.000705705
12.17 0.000699821
12.18 0.000695139
12.19 0.000691566
12.2 0.000688829
12.21 0.000686678
12.22 0.000684722
12.23 0.000681995
12.24 0.000676783
12.25 0.000667084
12.26 0.000651413
12.27 0.000629335
12.28 0.000601324
12.29 0.000568114
12.3 0.000530016
12.31 0.00048667
12.32 0.000437327
12.33 0.000381406
12.34 0.000318927
12.35 0.0002505
12.36 0.000176834
12.37 9.81614e-05
12.38 1.41753e-05
12.39 -7.53895e-05
12.4 -0.000170087
12.41 -0.000268661
12.42 -0.00036956
12.43 -0.000471487
12.44 -0.000573437
12.45 -0.000674245
12.46 -0.000772135
12.47 -0.000864758
12.48 -0.000949795
12.49 -0.00102576
12.5 -0.00109248
12.51 -0.00115085
12.52 -0.00120198
12.53 -0.00124619
12.54 -0.00128271
12.55 -0.00131006
12.56 -0.00132714
12.57 -0.00133404
12.58 -0.00133219
12.59 -0.00132355
12.6 -0.00130961
12.61 -0.0012909
12.62 -0.00126736
12.63 -0.00123915
12.64 -0.00120702
12.65 -0.00117198
12.66 -0.00113467
12.67 -0.0010949
12.68 -0.00105193
12.69 -0.00100496
12.7 -0.000953556
12.71 -0.000897801
12.72 -0.000838035
12.73 -0.000774581
12.74 -0.000707524
12.75 -0.000636744
12.76 -0.000562141
12.77 -0.000483865
12.78 -0.000402276
12.79 -0.000317625
12.8 -0.000229727
12.81 -0.000138033
12.82 -4.20648e-05
12.83 5.82074e-05
12.84 0.00016242
12.85 0.000270122
12.86 0.000380834
12.87 0.000493693
12.88 0.000607028
12.89 0.000718386
12.9 0.00082511
12.91 0.000925168
12.92 0.00101774
12.93 0.00110326
12.94 0.00118277
12.95 0.00125695
12.96 0.00132543
12.97 0.00138681
12.98 0.00143927
12.99 0.0014813
13 0.00151233
13.01 0.00153317
13.02 0.00154577
13.03 0.00155218
13.04 0.00155349
13.05 0.00154976
13.06 0.00154077
13.07 0.0015269
13.08 0.00150907
13.09 0.00148812
13.1 0.00146429
13.11 0.00143719
13.12 0.00140635
13.13 0.00137153
13.14 0.00133272
13.15 0.00128997
13.16 0.00124326
13.17 0.00119264
13.18 0.00113826
13.19 0.00108045
13.2 0.00101953
13.21 0.000955754
13.22 0.00088926
13.23 0.000820013
13.24 0.000747888
13.25 0.000672791
13.26 0.000594685
13.27 0.00051352
13.28 0.000429186
13.29 0.000341677
13.3 0.000251323
13.31 0.000158821
13.32 6.49787e-05
13.33 -2.96159e-05
13.34 -0.000124749
13.35 -0.000220485
13.36 -0.000316941
13.37 -0.000414116
13.38 -0.000511788
13.39 -0.000609366
13.4 -0.000705725
13.41 -0.000799235
13.42 -0.000888239
13.43 -0.000971806
13.44 -0.00105021
13.45 -0.00112461
13.46 -0.00119604
13.47 -0.00126446
13.48 -0.00132864
13.49 -0.0013867
13.5 -0.00143712
13.51 -0.00147945
13.52 -0.00151447
13.53 -0.00154349
13.54 -0.00156755
13.55 -0.001587
13.56 -0.0016019
13.57 -0.00161253
13.58 -0.00161956
13.59 -0.00162347
13.6 -0.00162417
13.61 -0.00162097
13.62 -0.0016131
13.63 -0.0016002
13.64 -0.00158256
13.65 -0.00156094
13.66 -0.00153613
13.67 -0.00150853
13.68 -0.00147813
13.69 -0.00144468
13.7 -0.00140787
13.71 -0.00136744
13.72 -0.00132325
13.73 -0.00127522
13.74 -0.00122337
13.75 -0.00116775
13.76 -0.00110851
13.77 -0.00104591
13.78 -0.000980189
13.79 -0.000911482
13.8 -0.000839666
13.81 -0.000764537
13.82 -0.000686123
13.83 -0.000604855
13.84 -0.000521384
13.85 -0.000436172
13.86 -0.000349265
13.87 -0.00026046
13.88 -0.000169675
13.89 -7.71701e-05
13.9 1.65053e-05
13.91 0.00011073
13.92 0.000204992
13.93 0.000298889
13.94 0.000391937
13.95 0.000483248
13.96 0.000571332
13.97 0.000654242
13.98 0.000730153
13.99 0.00079809
14 0.000858398
14.01 0.000912593
14.02 0.000962511
14.03 0.0010092
14.04 0.00105235
14.05 0.0010908
14.06 0.0011235
14.07 0.00115009
14.08 0.00117072
14.09 0.00118578
14.1 0.0011958
14.11 0.00120149
14.12 0.00120343
14.13 0.00120195
14.14 0.00119701
14.15 0.00118834
14.16 0.00117551
14.17 0.00115816
14.18 0.00113628
14.19 0.00111032
14.2 0.00108094
14.21 0.00104871
14.22 0.00101399
14.23 0.000976979
14.24 0.000937956
14.25 0.000897351
14.26 0.000855795
14.27 0.000813897
14.28 0.000771925
14.29 0.000729766
14.3 0.000687274
14.31 0.000644517
14.32 0.00060159
14.33 0.000558367
14.34 0.000514643
14.35 0.00047046
14.36 0.000426098
14.37 0.000381708
14.38 0.000337043
14.39 0.000291633
14.4 0.000245237
14.41 0.000198205
14.42 0.000151383
14.43 0.000105573
14.44 6.09687e-05
14.45 1.70859e-05
14.46 -2.67968e-05
14.47 -7.10541e-05
14.48 -0.000115358
14.49 -0.000158792
14.5 -0.000200449
14.51 -0.000240077
14.52 -0.000278182
14.53 -0.000315489
14.54 -0.000352234
14.55 -0.000387908
14.56 -0.000421584
14.57 -0.000452468
14.58 -0.000480232
14.59 -0.000505035
14.6 -0.000527322
14.61 -0.000547506
14.62 -0.0005657
14.63 -0.000581676
14.64 -0.000595027
14.65 -0.000605328
14.66 -0.000612207
14.67 -0.000615349
14.68 -0.000614495
14.69 -0.000609468
14.7 -0.000600133
14.71 -0.000586293
14.72 -0.000567729
14.73 -0.000544373
14.74 -0.000516396
14.75 -0.000484099
14.76 -0.000447811
14.77 -0.000407975
14.78 -0.000365271
14.79 -0.000320539
14.8 -0.000274467
14.81 -0.000227326
14.82 -0.000178988
14.83 -0.00012916
14.84 -7.76265e-05
14.85 -2.43671e-05
14.86 3.03837e-05
14.87 8.61629e-05
14.88 0.0001424
14.89 0.000198549
14.9 0.000254111
14.91 0.000308599
14.92 0.000361617
14.93 0.000413022
14.94 0.00046288
14.95 0.000511072
14.96 0.000556985
14.97 0.000599674
14.98 0.000638383
14.99 0.000672863
15 0.000703208
15.01 0.000729443
15.02 0.000751273
15.03 0.000768204
15.04 0.000779908
15.05 0.000786548
15.06 0.000788801
15.07 0.000787521
15.08 0.000783305
15.09 0.000776305
15.1 0.000766395
15.11 0.000753436
15.12 0.000737348
15.13 0.000718083
15.14 0.000695696
15.15 0.000670463
15.16 0.000642753
15.17 0.000612695
15.18 0.000580142
15.19 0.000545101
15.2 0.000508187
15.21 0.000470469
15.22 0.000432751
15.23 0.000394953
15.24 0.000356224
15.25 0.000315729
15.26 0.00027342
15.27 0.000230045
15.28 0.000186371
15.29 0.00014234
15.3 9.69122e-05
15.31 4.8714e-05
15.32 -3.08393e-06
15.33 -5.83651e-05
15.34 -0.000116324
15.35 -0.000175988
15.36 -0.000236538
15.37 -0.000297324
15.38 -0.000357745
15.39 -0.000417157
15.4 -0.000474831
15.41 -0.000529947
15.42 -0.000581642
15.43 -0.000629125
15.44 -0.000671796
15.45 -0.00070924
15.46 -0.000741109
15.47 -0.000767021
15.48 -0.000786609
15.49 -0.00079968
15.5 -0.000806309
15.51 -0.000806788
15.52 -0.000801501
15.53 -0.000790873
15.54 -0.000775411
15.55 -0.000755718
15.56 -0.000732386
15.57 -0.000705864
15.58 -0.000676475
15.59 -0.000644537
15.6 -0.000610393
15.61 -0.000574275
15.62 -0.00053619
15.63 -0.000496041
15.64 -0.000453898
15.65 -0.000410112
15.66 -0.00036515
15.67 -0.000319374
15.68 -0.000272983
15.69 -0.00022613
15.7 -0.00017902
15.71 -0.00013191
15.72 -8.50389e-05
15.73 -3.85653e-05
15.74 7.44407e-06
15.75 5.29701e-05
15.76 9.79423e-05
15.77 0.000142134
15.78 0.000185148
15.79 0.000226521
15.8 0.000265835
15.81 0.000302707
15.82 0.00033667
15.83 0.000367131
15.84 0.000393572
15.85 0.000415895
15.86 0.000434559
15.87 0.000450317
15.88 0.000463742
15.89 0.000474937
15.9 0.000483626
15.91 0.00048947
15.92 0.000492341
15.93 0.000492357
15.94 0.000489709
15.95 0.000484478
15.96 0.000476599
15.97 0.000465943
15.98 0.000452396
15.99 0.000435886
16 0.000416412
16.01 0.000394069
16.02 0.000369002
16.03 0.000341281
16.04 0.00031083
16.05 0.000277491
16.06 0.000241177
16.07 0.000201979
16.08 0.000160135
16.09 0.000115909
16.1 6.95227e-05
16.11 2.12271e-05
16.12 -2.85759e-05
16.13 -7.93693e-05
16.14 -0.000130688
16.15 -0.000182199
16.16 -0.000233626
16.17 -0.000284646
16.18 -0.000334895
16.19 -0.000383994
16.2 -0.000431582
16.21 -0.000477335
16.22 -0.000520973
16.23 -0.000562248
16.24 -0.000600882
16.25 -0.000636508
16.26 -0.000668725
16.27 -0.000697272
16.28 -0.000722142
16.29 -0.000743485
16.3 -0.000761387
16.31 -0.000775799
16.32 -0.000786717
16.33 -0.000794381
16.34 -0.000799257
16.35 -0.000801816
16.36 -0.000802307
16.37 -0.000800746
16.38 -0.000797042
16.39 -0.000791123
16.4 -0.000782966
16.41 -0.000772592
16.42 -0.00076008
16.43 -0.000745602
16.44 -0.000729439
16.45 -0.00071193
16.46 -0.000693373
16.47 -0.000673944
16.48 -0.000653718
16.49 -0.000632714
16.5 -0.000610842
16.51 -0.000587792
16.52 -0.000563068
16.53 -0.000536247
16.54 -0.000507259
16.55 -0.000476424
16.56 -0.000444207
16.57 -0.000410887
16.58 -0.000376397
16.59 -0.000340444
16.6 -0.000302791
16.61 -0.000263437
16.62 -0.000222579
16.63 -0.000180386
16.64 -0.000136803
16.65 -9.15937e-05
16.66 -4.4591e-05
16.67 4.05881e-06
16.68 5.38953e-05
16.69 0.00010435
16.7 0.000154929
16.71 0.000205226
16.72 0.00025484
16.73 0.000303362
16.74 0.000350416
16.75 0.000395694
16.76 0.000438944
16.77 0.000479946
16.78 0.000518479
16.79 0.000554311
16.8 0.000587209
16.81 0.000616992
16.82 0.00064357
16.83 0.00066692
16.84 0.000687015
16.85 0.000703794
16.86 0.000717202
16.87 0.000727269
16.88 0.000734142
16.89 0.00073804
16.9 0.000739162
16.91 0.000737621
16.92 0.000733479
16.93 0.000726825
16.94 0.000717783
16.95 0.000706457
16.96 0.000692894
16.97 0.000677088
16.98 0.000659061
16.99 0.000638962
17 0.00061708
17.01 0.000593785
17.02 0.000569478
17.03 0.000544578
17.04 0.000519469
17.05 0.000494399
17.06 0.000469408
17.07 0.00044438
17.08 0.00041919
17.09 0.000393846
17.1 0.000368462
17.11 0.000343117
17.12 0.000317762
17.13 0.000292246
17.14 0.00026642
17.15 0.000240233
17.16 0.000213757
17.17 0.000187125
17.18 0.000160424
17.19 0.000133662
17.2 0.000106824
17.21 7.99691e-05
17.22 5.32443e-05
17.23 2.67842e-05
17.24 6.0652e-07
17.25 -2.53871e-05
17.26 -5.13287e-05
17.27 -7.72807e-05
17.28 -0.000103141
17.29 -0.000128602
17.3 -0.000153225
17.31 -0.000176648
17.32 -0.000198821
17.33 -0.000220001
17.34 -0.000240475
17.35 -0.000260256
17.36 -0.000279057
17.37 -0.000296528
17.38 -0.000312494
17.39 -0.000326977
17.4 -0.000340053
17.41 -0.000351704
17.42 -0.000361803
17.43 -0.00037022
17.44 -0.000376912
17.45 -0.000381929
17.46 -0.00038535
17.47 -0.0003872
17.48 -0.000387404
17.49 -0.000385821
17.5 -0.000382355
17.51 -0.000377061
17.52 -0.000370133
17.53 -0.000361811
17.54 -0.000352268
17.55 -0.000341584
17.56 -0.000329806
17.57 -0.00031699
17.58 -0.000303198
17.59 -0.000288477
17.6 -0.000272888
17.61 -0.000256525
17.62 -0.000239497
17.63 -0.00022191
17.64 -0.00020385
17.65 -0.000185387
17.66 -0.000166588
17.67 -0.000147549
17.68 -0.000128398
17.69 -0.000109213
17.7 -8.99489e-05
17.71 -7.0477e-05
17.72 -5.06693e-05
17.73 -3.04194e-05
17.74 -9.57981e-06
17.75 1.20539e-05
17.76 3.46062e-05
17.77 5.7934e-05
17.78 8.16172e-05
17.79 0.000105183
17.8 0.000128353
17.81 0.000151118
17.82 0.000173625
17.83 0.000196018
17.84 0.000218356
17.85 0.000240666
17.86 0.000263003
17.87 0.000285445
17.88 0.00030798
17.89 0.000330408
17.9 0.000352341
17.91 0.000373327
17.92 0.000393029
17.93 0.000411341
17.94 0.000428333
17.95 0.000444083
17.96 0.000458536
17.97 0.000471491
17.98 0.000482693
17.99 0.000491924
18 0.000499058
18.01 0.000504005
18.02 0.000506621
18.03 0.000506676
18.04 0.000503927
18.05 0.000498218
18.06 0.000489534
18.07 0.000478006
18.08 0.000463864
18.09 0.000447342
18.1 0.000428627
18.11 0.000407912
18.12 0.000385495
18.13 0.000361747
18.14 0.000336939
18.15 0.000311095
18.16 0.000284066
18.17 0.000255731
18.18 0.000226139
18.19 0.000195496
18.2 0.000164048
18.21 0.000131984
18.22 9.9448e-05
18.23 6.66445e-05
18.24 3.39389e-05
18.25 1.87214e-06
18.26 -2.89333e-05
18.27 -5.79827e-05
18.28 -8.51279e-05
18.29 -0.000110609
18.3 -0.000134868
18.31 -0.000158275
18.32 -0.000180975
18.33 -0.000202882
18.34 -0.000223763
18.35 -0.000243352
18.36 -0.000261466
18.37 -0.000278063
18.38 -0.000293218
18.39 -0.000307043
18.4 -0.000319632
18.41 -0.000331072
18.42 -0.000341484
18.43 -0.000351064
18.44 -0.000360069
18.45 -0.000368739
18.46 -0.00037719
18.47 -0.000385351
18.48 -0.000393002
18.49 -0.000399918
18.5 -0.00040599
18.51 -0.000411221
18.52 -0.000415647
18.53 -0.000419293
18.54 -0.000422194
18.55 -0.000424413
18.56 -0.000426021
18.57 -0.000427015
18.58 -0.000427242
18.59 -0.000426395
18.6 -0.000424113
18.61 -0.000420106
18.62 -0.000414197
18.63 -0.000406271
18.64 -0.000396181
18.65 -0.000383723
18.66 -0.00036873
18.67 -0.000351239
18.68 -0.000331549
18.69 -0.000310058
18.7 -0.000287025
18.71 -0.000262523
18.72 -0.000236581
18.73 -0.000209281
18.74 -0.000180701
18.75 -0.000150834
18.76 -0.000119606
18.77 -8.70042e-05
18.78 -5.31987e-05
18.79 -1.85102e-05
18.8 1.67303e-05
18.81 5.23277e-05
18.82 8.82717e-05
18.83 0.00012464
18.84 0.000161415
18.85 0.000198357
18.86 0.000235016
18.87 0.000270878
18.88 0.000305556
18.89 0.000338885
18.9 0.000370831
18.91 0.000401323
18.92 0.000430178
18.93 0.000457218
18.94 0.000482418
18.95 0.000505906
18.96 0.000527807
18.97 0.000548092
18.98 0.0005666
18.99 0.000583195
19 0.000597865
19.01 0.000610633
19.02 0.000621422
19.03 0.000630028
19.04 0.000636217
19.05 0.000639754
19.06 0.000640361
19.07 0.000637745
19.08 0.000631786
19.09 0.000622675
19.1 0.000610847
19.11 0.000596743
19.12 0.000580603
19.13 0.000562466
19.14 0.000542356
19.15 0.000520449
19.16 0.000497042
19.17 0.000472372
19.18 0.000446491
19.19 0.000419331
19.2 0.000390896
19.21 0.000361386
19.22 0.00033106
19.23 0.000300006
19.24 0.000268054
19.25 0.000234929
19.26 0.000200484
19.27 0.000164831
19.28 0.000128269
19.29 9.11018e-05
19.3 5.35152e-05
19.31 1.55558e-05
19.32 -2.27964e-05
19.33 -6.15028e-05
19.34 -0.00010038
19.35 -0.000139143
19.36 -0.000177537
19.37 -0.000215432
19.38 -0.000252808
19.39 -0.000289667
19.4 -0.000325956
19.41 -0.000361543
19.42 -0.000396265
19.43 -0.000430006
19.44 -0.000462718
19.45 -0.000494371
19.46 -0.00052487
19.47 -0.00055404
19.48 -0.00058168
19.49 -0.000607601
19.5 -0.000631659
19.51 -0.00065379
19.52 -0.000674046
19.53 -0.000692528
19.54 -0.000709252
19.55 -0.000724109
19.56 -0.000736947
19.57 -0.000747665
19.58 -0.000756227
19.59 -0.000762617
19.6 -0.000766785
19.61 -0.000768619
19.62 -0.000767938
19.63 -0.00076449
19.64 -0.000757919
19.65 -0.000747804
19.66 -0.00073377
19.67 -0.000715608
19.68 -0.000693297
19.69 -0.000666937
19.7 -0.00063667
19.71 -0.000602677
19.72 -0.000565216
19.73 -0.000524616
19.74 -0.000481218
19.75 -0.000435322
19.76 -0.000387191
19.77 -0.000337083
19.78 -0.000285248
19.79 -0.000231883
19.8 -0.000177126
19.81 -0.000121159
19.82 -6.4326e-05
19.83 -7.09903e-06
19.84 5.01006e-05
19.85 0.000107051
19.86 0.000163699
19.87 0.000219989
19.88 0.000275714
19.89 0.000330526
19.9 0.000384022
19.91 0.00043581
19.92 0.000485489
19.93 0.000532664
19.94 0.000577027
19.95 0.000618483
19.96 0.000657145
19.97 0.000693186
19.98 0.000726646
19.99 0.000757395
20 0.000785286
20.01 0.000810331
20.02 0.000832699
20.03 0.000852504
20.04 0.000869614
20.05 0.000883689
20.06 0.000894432
20.07 0.000901814
20.08 0.000906043
20.09 0.000907331
20.1 0.000905737
20.11 0.000901235
20.12 0.000893881
20.13 0.000883866
20.14 0.000871449
20.15 0.000856858
20.16 0.000840271
20.17 0.000821834
20.18 0.000801671
20.19 0.000779876
20.2 0.000756513
20.21 0.000731642
20.22 0.000705345
20.23 0.000677694
20.24 0.000648691
20.25 0.000618278
20.26 0.000586419
20.27 0.000553167
20.28 0.000518616
20.29 0.000482802
20.3 0.000445601
20.31 0.000406745
20.32 0.000366006
20.33 0.000323404
20.34 0.000279205
20.35 0.000233699
20.36 0.000187017
20.37 0.000139146
20.38 9.00614e-05
20.39 3.98125e-05
20.4 -1.14825e-05
20.41 -6.3672e-05
20.42 -0.000116602
20.43 -0.000170119
20.44 -0.000224045
20.45 -0.000278129
20.46 -0.000332035
20.47 -0.000385384
20.48 -0.000437809
20.49 -0.000488995
20.5 -0.000538702
20.51 -0.000586762
20.52 -0.000633029
20.53 -0.000677311
20.54 -0.000719352
20.55 -0.000758921
20.56 -0.000795906
20.57 -0.000830298
20.58 -0.000862109
20.59 -0.000891303
20.6 -0.000917759
20.61 -0.00094129
20.62 -0.00096171
20.63 -0.000978913
20.64 -0.000992898
20.65 -0.00100372
20.66 -0.00101142
20.67 -0.00101596
20.68 -0.00101721
20.69 -0.00101501
20.7 -0.00100932
20.71 -0.00100025
20.72 -0.000988053
20.73 -0.000972917
20.74 -0.000954925
20.75 -0.000934093
20.76 -0.000910445
20.77 -0.000884049
20.78 -0.000855015
20.79 -0.000823467
20.8 -0.000789516
20.81 -0.000753278
20.82 -0.000714915
20.83 -0.000674624
20.84 -0.000632626
20.85 -0.000589145
20.86 -0.000544378
20.87 -0.00049846
20.88 -0.000451465
20.89 -0.000403448
20.9 -0.000354486
20.91 -0.000304665
20.92 -0.000254052
20.93 -0.000202702
20.94 -0.000150686
20.95 -9.81372e-05
20.96 -4.53004e-05
20.97 7.47369e-06
20.98 5.9817e-05
20.99 0.000111447
21 0.000162185
21.01 0.000211855
21.02 0.00026014
21.03 0.000306585
21.04 0.000350768
21.05 0.000392453
21.06 0.00043158
21.07 0.000468107
21.08 0.000501916
21.09 0.000532856
21.1 0.000560862
21.11 0.000586003
21.12 0.000608405
21.13 0.000628144
21.14 0.000645195
21.15 0.000659517
21.16 0.000671175
21.17 0.000680349
21.18 0.000687212
21.19 0.000691798
21.2 0.000694003
21.21 0.000693734
21.22 0.000691036
21.23 0.000686059
21.24 0.000678908
21.25 0.000669552
21.26 0.000657883
21.27 0.000643864
21.28 0.000627613
21.29 0.000609368
21.3 0.000589403
21.31 0.000567964
21.32 0.000545277
21.33 0.000521553
21.34 0.00049696
21.35 0.000471593
21.36 0.000445514
21.37 0.000418822
21.38 0.000391631
21.39 0.000363948
21.4 0.000335653
21.41 0.000306635
21.42 0.000276921
21.43 0.000246643
21.44 0.000215913
21.45 0.00018474
21.46 0.000153099
21.47 0.000121031
21.48 8.86532e-05
21.49 5.60596e-05
21.5 2.3239e-05
21.51 -9.8688e-06
21.52 -4.3231e-05
21.53 -7.66468e-05
21.54 -0.000109807
21.55 -0.000142413
21.56 -0.00017424
21.57 -0.000205122
21.58 -0.000234908
21.59 -0.00026344
21.6 -0.000290564
21.61 -0.000316118
21.62 -0.00033993
21.63 -0.000361868
21.64 -0.000381917
21.65 -0.000400152
21.66 -0.000416608
21.67 -0.000431176
21.68 -0.000443672
21.69 -0.000453976
21.7 -0.000462083
21.71 -0.000468022
21.72 -0.000471823
21.73 -0.000473592
21.74 -0.000473566
21.75 -0.000472001
21.76 -0.000468975
21.77 -0.000464317
21.78 -0.000457789
21.79 -0.000449332
21.8 -0.000439136
21.81 -0.000427471
21.82 -0.000414493
21.83 -0.000400177
21.84 -0.000384387
21.85 -0.00036701
21.86 -0.000348061
21.87 -0.000327672
21.88 -0.000306004
21.89 -0.000283173
21.9 -0.000259272
21.91 -0.000234427
21.92 -0.000208778
21.93 -0.000182441
21.94 -0.000155516
21.95 -0.00012815
21.96 -0.0001006
21.97 -7.32217e-05
21.98 -4.63536e-05
21.99 -2.01882e-05
22 5.25715e-06
22.01 3.00231e-05
22.02 5.4057e-05
22.03 7.71701e-05
22.04 9.91236e-05
22.05 0.000119746
22.06 0.000138977
22.07 0.000156832
22.08 0.000173317
22.09 0.000188392
22.1 0.000202004
22.11 0.000214153
22.12 0.000224883
22.13 0.000234224
22.14 0.000242149
22.15 0.000248584
22.16 0.000253467
22.17 0.000256795
22.18 0.000258597
22.19 0.000258873
22.2 0.000257541
22.21 0.000254471
22.22 0.000249602
22.23 0.000242998
22.24 0.000234804
22.25 0.000225126
22.26 0.00021397
22.27 0.00020129
22.28 0.000187111
22.29 0.000171626
22.3 0.000155144
22.31 0.00013796
22.32 0.000120246
22.33 0.000102044
22.34 8.33598e-05
22.35 6.42716e-05
22.36 4.49674e-05
22.37 2.56502e-05
22.38 6.41569e-06
22.39 -1.27418e-05
22.4 -3.17817e-05
22.41 -5.04942e-05
22.42 -6.85253e-05
22.43 -8.55212e-05
22.44 -0.000101297
22.45 -0.000115914
22.46 -0.000129567
22.47 -0.000142364
22.48 -0.000154229
22.49 -0.000165011
22.5 -0.000174663
22.51 -0.000183266
22.52 -0.000190879
22.53 -0.000197394
22.54 -0.00020256
22.55 -0.000206145
22.56 -0.000208091
22.57 -0.000208516
22.58 -0.000207626
22.59 -0.000205643
22.6 -0.000202764
22.61 -0.000199139
22.62 -0.000194842
22.63 -0.000189878
22.64 -0.000184253
22.65 -0.000177994
22.66 -0.000171117
22.67 -0.000163594
22.68 -0.0001554
22.69 -0.000146591
22.7 -0.000137326
22.71 -0.000127809
22.72 -0.000118188
22.73 -0.000108469
22.74 -9.85342e-05
22.75 -8.82552e-05
22.76 -7.75873e-05
22.77 -6.65333e-05
22.78 -5.50139e-05
22.79 -4.2806e-05
22.8 -2.96349e-05
22.81 -1.53461e-05
22.82 -7.35275e-09
22.83 1.61219e-05
22.84 3.27027e-05
22.85 4.94389e-05
22.86 6.61738e-05
22.87 8.29164e-05
22.88 9.97747e-05
22.89 0.000116861
22.9 0.000134243
22.91 0.000151937
22.92 0.00016991
22.93 0.000188074
22.94 0.00020629
22.95 0.000224364
22.96 0.000242098
22.97 0.000259356
22.98 0.000276076
22.99 0.000292198
23 0.000307579
23.01 0.000322006
23.02 0.000335314
23.03 0.000347464
23.04 0.000358491
23.05 0.000368366
23.06 0.000376949
23.07 0.000384096
23.08 0.000389785
23.09 0.000394142
23.1 0.000397345
23.11 0.000399506
23.12 0.000400627
23.13 0.000400629
23.14 0.000399404
23.15 0.000396867
23.16 0.000392992
23.17 0.000387817
23.18 0.00038138
23.19 0.000373653
23.2 0.000364552
23.21 0.000354027
23.22 0.000342111
23.23 0.000328887
23.24 0.000314396
23.25 0.000298622
23.26 0.000281571
23.27 0.000263303
23.28 0.000243889
23.29 0.000223377
23.3 0.000201832
23.31 0.000179366
23.32 0.000156083
23.33 0.000131999
23.34 0.000107056
23.35 8.12373e-05
23.36 5.46624e-05
23.37 2.75344e-05
23.38 1.78007e-08
23.39 -2.7815e-05
23.4 -5.59354e-05
23.41 -8.42999e-05
23.42 -0.000112837
23.43 -0.000141454
23.44 -0.000170048
23.45 -0.000198535
23.46 -0.000226861
23.47 -0.000254931
23.48 -0.000282552
23.49 -0.000309475
23.5 -0.000335529
23.51 -0.000360707
23.52 -0.000385079
23.53 -0.000408625
23.54 -0.000431171
23.55 -0.00045251
23.56 -0.000472546
23.57 -0.000491324
23.58 -0.00050891
23.59 -0.000525275
23.6 -0.00054027
23.61 -0.000553703
23.62 -0.000565412
23.63 -0.000575282
23.64 -0.000583237
23.65 -0.000589238
23.66 -0.0005933
23.67 -0.000595464
23.68 -0.000595789
23.69 -0.000594344
23.7 -0.000591204
23.71 -0.000586426
23.72 -0.000580038
23.73 -0.000572013
23.74 -0.000562282
23.75 -0.000550778
23.76 -0.000537469
23.77 -0.000522346
23.78 -0.000505421
23.79 -0.00048675
23.8 -0.000466423
23.81 -0.000444494
23.82 -0.000420932
23.83 -0.000395691
23.84 -0.00036879
23.85 -0.000340279
23.86 -0.000310141
23.87 -0.000278288
23.88 -0.000244671
23.89 -0.000209359
23.9 -0.000172539
23.91 -0.000134448
23.92 -9.53317e-05
23.93 -5.53927e-05
23.94 -1.47407e-05
23.95 2.65867e-05
23.96 6.84999e-05
23.97 0.000110746
23.98 0.000152943
23.99 0.000194724
24 0.000235803
24.01 0.000275934
24.02 0.000314828
24.03 0.000352161
24.04 0.000387653
24.05 0.000421148
24.06 0.000452607
24.07 0.000482018
24.08 0.0005093
24.09 0.000534336
24.1 0.000557074
24.11 0.000577567
24.12 0.000595914
24.13 0.000612189
24.14 0.000626406
24.15 0.000638549
24.16 0.000648606
24.17 0.000656563
24.18 0.00066233
24.19 0.0006657
24.2 0.00066644
24.21 0.000664465
24.22 0.000659948
24.23 0.000653257
24.24 0.000644744
24.25 0.000634551
24.26 0.000622599
24.27 0.000608754
24.28 0.000592979
24.29 0.000575345
24.3 0.000555928
24.31 0.000534745
24.32 0.000511786
24.33 0.000487051
24.34 0.000460569
24.35 0.000432371
24.36 0.000402503
24.37 0.000371034
24.38 0.000338072
24.39 0.000303731
24.4 0.000268102
24.41 0.000231245
24.42 0.000193221
24.43 0.000154131
24.44 0.0001141
24.45 7.3245e-05
24.46 3.16817e-05
24.47 -1.0462e-05
24.48 -5.30336e-05
24.49 -9.58259e-05
24.5 -0.000138551
24.51 -0.000180884
24.52 -0.000222537
24.53 -0.00026327
24.54 -0.000302825
24.55 -0.00034089
24.56 -0.000377145
24.57 -0.000411351
24.58 -0.000443333
24.59 -0.000472906
24.6 -0.000499832
24.61 -0.000523879
24.62 -0.000544911
24.63 -0.000562907
24.64 -0.000577905
24.65 -0.000589939
24.66 -0.000599014
24.67 -0.000605118
24.68 -0.000608257
24.69 -0.000608513
24.7 -0.000606059
24.71 -0.000601116
24.72 -0.000593909
24.73 -0.000584645
24.74 -0.000573467
24.75 -0.000560426
24.76 -0.000545483
24.77 -0.000528586
24.78 -0.000509746
24.79 -0.000489059
24.8 -0.00046667
24.81 -0.00044271
24.82 -0.00041728
24.83 -0.000390484
24.84 -0.00036247
24.85 -0.000333398
24.86 -0.000303355
24.87 -0.000272288
24.88 -0.000240056
24.89 -0.000206549
24.9 -0.000171755
24.91 -0.000135713
24.92 -9.84391e-05
24.93 -5.99414e-05
24.94 -2.03077e-05
24.95 2.02391e-05
24.96 6.13845e-05
24.97 0.000102802
24.98 0.000144199
24.99 0.00018532
25 0.000225939
25.01 0.000265894
25.02 0.000305122
25.03 0.000343646
25.04 0.00038145
25.05 0.000418355
25.06 0.000454018
25.07 0.000488062
25.08 0.000520216
25.09 0.000550336
25.1 0.000578336
25.11 0.000604123
25.12 0.000627603
25.13 0.000648709
25.14 0.0006674
25.15 0.000683603
25.16 0.000697179
25.17 0.000707976
25.18 0.00071592
25.19 0.000721049
25.2 0.000723433
25.21 0.00072311
25.22 0.000720128
25.23 0.000714607
25.24 0.000706722
25.25 0.000696639
25.26 0.000684497
25.27 0.000670435
25.28 0.000654601
25.29 0.00063709
25.3 0.000617903
25.31 0.000596993
25.32 0.000574353
25.33 0.000550024
25.34 0.000524047
25.35 0.000496438
25.36 0.00046725
25.37 0.000436618
25.38 0.000404675
25.39 0.000371425
25.4 0.000336781
25.41 0.000300739
25.42 0.000263487
25.43 0.000225349
25.44 0.000186606
25.45 0.000147349
25.46 0.000107526
25.47 6.71351e-05
25.48 2.63854e-05
25.49 -1.43212e-05
25.5 -5.45412e-05
25.51 -9.39605e-05
25.52 -0.000132455
25.53 -0.000169993
25.54 -0.000206473
25.55 -0.000241659
25.56 -0.000275231
25.57 -0.000306898
25.58 -0.000336491
25.59 -0.000363974
25.6 -0.00038942
25.61 -0.00041294
25.62 -0.000434597
25.63 -0.000454348
25.64 -0.000472074
25.65 -0.000487668
25.66 -0.000501117
25.67 -0.000512509
25.68 -0.000521952
25.69 -0.00052948
25.7 -0.000535036
25.71 -0.000538565
25.72 -0.000540096
25.73 -0.00053973
25.74 -0.000537589
25.75 -0.000533776
25.76 -0.000528347
25.77 -0.00052131
25.78 -0.000512669
25.79 -0.000502477
25.8 -0.000490855
25.81 -0.000477963
25.82 -0.000463917
25.83 -0.000448699
25.84 -0.000432163
25.85 -0.000414159
25.86 -0.000394702
25.87 -0.000374019
25.88 -0.000352416
25.89 -0.000330074
25.9 -0.000306989
25.91 -0.000283112
25.92 -0.000258528
25.93 -0.000233463
25.94 -0.000208133
25.95 -0.000182621
25.96 -0.000156883
25.97 -0.00013089
25.98 -0.000104737
25.99 -7.86271e-05
26 -5.27694e-05
26.01 -2.72841e-05
26.02 -2.19172e-06
26.03 2.25322e-05
26.04 4.68724e-05
26.05 7.07217e-05
26.06 9.39044e-05
26.07 0.00011624
26.08 0.00013759
26.09 0.000157852
26.1 0.000176919
26.11 0.000194654
26.12 0.000210906
26.13 0.000225573
26.14 0.000238669
26.15 0.000250351
26.16 0.000260825
26.17 0.000270179
26.18 0.0002783
26.19 0.000284968
26.2 0.000290036
26.21 0.000293536
26.22 0.000295637
26.23 0.000296522
26.24 0.000296282
26.25 0.000294897
26.26 0.000292299
26.27 0.00028845
26.28 0.000283368
26.29 0.000277098
26.3 0.000269681
26.31 0.000261164
26.32 0.0002516
26.33 0.000241015
26.34 0.000229374
26.35 0.000216643
26.36 0.00020289
26.37 0.000188321
26.38 0.00017319
26.39 0.000157632
26.4 0.000141617
26.41 0.000125062
26.42 0.00010801
26.43 9.06924e-05
26.44 7.34026e-05
26.45 5.63186e-05
26.46 3.94587e-05
26.47 2.27924e-05
26.48 6.35108e-06
26.49 -9.77754e-06
26.5 -2.55479e-05
26.51 -4.10298e-05
26.52 -5.63582e-05
26.53 -7.16095e-05
26.54 -8.67328e-05
26.55 -0.000101583
26.56 -0.000115999
26.57 -0.000129874
26.58 -0.000143197
26.59 -0.000156044
26.6 -0.000168539
26.61 -0.000180762
26.62 -0.000192681
26.63 -0.000204195
26.64 -0.000215239
26.65 -0.000225816
26.66 -0.000235943
26.67 -0.00024559
26.68 -0.000254702
26.69 -0.000263252
26.7 -0.000271245
26.71 -0.000278688
26.72 -0.000285594
26.73 -0.000291995
26.74 -0.000297957
26.75 -0.000303515
26.76 -0.000308604
26.77 -0.000313077
26.78 -0.000316789
26.79 -0.000319644
26.8 -0.000321565
26.81 -0.000322428
26.82 -0.000322082
26.83 -0.000320445
26.84 -0.000317566
26.85 -0.000313573
26.86 -0.000308567
26.87 -0.000302561
26.88 -0.000295494
26.89 -0.000287283
26.9 -0.000277877
26.91 -0.000267307
26.92 -0.000255673
26.93 -0.000243089
26.94 -0.000229614
26.95 -0.000215266
26.96 -0.000200084
26.97 -0.000184183
26.98 -0.000167731
26.99 -0.00015087
27 -0.000133655
27.01 -0.000116068
27.02 -9.80782e-05
27.03 -7.96693e-05
27.04 -6.08391e-05
27.05 -4.16203e-05
27.06 -2.21125e-05
27.07 -2.48743e-06
27.08 1.70439e-05
27.09 3.62688e-05
27.1 5.49901e-05
27.11 7.3049e-05
27.12 9.03631e-05
27.13 0.000106916
27.14 0.000122674
27.15 0.000137519
27.16 0.000151298
27.17 0.000163913
27.18 0.000175325
27.19 0.000185471
27.2 0.0001942
27.21 0.000201328
27.22 0.000206773
27.23 0.000210612
27.24 0.000212994
27.25 0.00021401
27.26 0.00021368
27.27 0.000212048
27.28 0.000209229
27.29 0.000205322
27.3 0.000200327
27.31 0.000194176
27.32 0.00018686
27.33 0.000178514
27.34 0.00016942
27.35 0.000159881
27.36 0.00015008
27.37 0.000140048
27.38 0.000129749
27.39 0.000119177
27.4 0.000108378
27.41 9.74346e-05
27.42 8.64461e-05
27.43 7.55136e-05
27.44 6.47327e-05
27.45 5.41911e-05
27.46 4.39684e-05
27.47 3.41399e-05
27.48 2.47736e-05
27.49 1.59046e-05
27.5 7.5111e-06
27.51 -4.63715e-07
27.52 -8.05985e-06
27.53 -1.5272e-05
27.54 -2.20619e-05
27.55 -2.83976e-05
27.56 -3.43012e-05
27.57 -3.98646e-05
27.58 -4.52061e-05
27.59 -5.0415e-05
27.6 -5.5533e-05
27.61 -6.05627e-05
27.62 -6.54896e-05
27.63 -7.03238e-05
27.64 -7.51154e-05
27.65 -7.99165e-05
27.66 -8.47427e-05
27.67 -8.95932e-05
27.68 -9.44835e-05
27.69 -9.94274e-05
27.7 -0.000104388
27.71 -0.000109264
27.72 -0.000113922
27.73 -0.000118218
27.74 -0.000121982
27.75 -0.000125014
27.76 -0.000127144
27.77 -0.00012829
27.78 -0.000128444
27.79 -0.000127635
27.8 -0.000125957
27.81 -0.000123553
27.82 -0.000120537
27.83 -0.00011692
27.84 -0.000112666
27.85 -0.000107789
27.86 -0.000102379
27.87 -9.654e-05
27.88 -9.03339e-05
27.89 -8.37791e-05
27.9 -7.68762e-05
27.91 -6.9627e-05
27.92 -6.20285e-05
27.93 -5.40578e-05
27.94 -4.56781e-05
27.95 -3.68732e-05
27.96 -2.76887e-05
27.97 -1.82352e-05
27.98 -8.6364e-06
27.99 1.0341e-06
28 1.07625e-05
28.01 2.05437e-05
28.02 3.03118e-05
28.03 3.98914e-05
28.04 4.90129e-05
28.05 5.74135e-05
28.06 6.4932e-05
28.07 7.15164e-05
28.08 7.72004e-05
28.09 8.20994e-05
28.1 8.63677e-05
28.11 9.00898e-05
28.12 9.32158e-05
28.13 9.56369e-05
28.14 9.7337e-05
28.15 9.84733e-05
28.16 9.93107e-05
28.17 0.000100053
28.18 0.000100712
28.19 0.000101144
28.2 0.00010123
28.21 0.000101039
28.22 0.00010081
28.23 0.000100797
28.24 0.000101106
28.25 0.000101673
28.26 0.000102386
28.27 0.00010322
28.28 0.000104254
28.29 0.000105586
28.3 0.000107227
28.31 0.000109056
28.32 0.000110842
28.33 0.000112339
28.34 0.000113382
28.35 0.000113903
28.36 0.000113861
28.37 0.000113194
28.38 0.000111828
28.39 0.000109701
28.4 0.00010674
28.41 0.000102844
28.42 9.79539e-05
28.43 9.21627e-05
28.44 8.5724e-05
28.45 7.88852e-05
28.46 7.16743e-05
28.47 6.38888e-05
28.48 5.53299e-05
28.49 4.60393e-05
28.5 3.62854e-05
28.51 2.6345e-05
28.52 1.63298e-05
28.53 6.19872e-06
28.54 -4.09927e-06
28.55 -1.44991e-05
28.56 -2.48199e-05
28.57 -3.48807e-05
28.58 -4.46128e-05
28.59 -5.40552e-05
28.6 -6.32532e-05
28.61 -7.21722e-05
28.62 -8.07067e-05
28.63 -8.87873e-05
28.64 -9.64798e-05
28.65 -0.000103942
28.66 -0.000111253
28.67 -0.000118304
28.68 -0.000124862
28.69 -0.000130769
28.7 -0.000136059
28.71 -0.000140913
28.72 -0.000145484
28.73 -0.00014978
28.74 -0.00015368
28.75 -0.000157039
28.76 -0.000159748
28.77 -0.000161777
28.78 -0.000163204
28.79 -0.000164194
28.8 -0.000164905
28.81 -0.000165399
28.82 -0.000165639
28.83 -0.000165564
28.84 -0.000165166
28.85 -0.000164508
28.86 -0.000163645
28.87 -0.000162544
28.88 -0.000161099
28.89 -0.000159219
28.9 -0.000156879
28.91 -0.000154112
28.92 -0.000150951
28.93 -0.000147379
28.94 -0.000143324
28.95 -0.00013869
28.96 -0.000133385
28.97 -0.000127334
28.98 -0.000120491
28.99 -0.000112834
29 -0.000104354
29.01 -9.50502e-05
29.02 -8.49521e-05
29.03 -7.41246e-05
29.04 -6.26591e-05
29.05 -5.06487e-05
29.06 -3.81494e-05
29.07 -2.51527e-05
29.08 -1.16208e-05
29.09 2.42689e-06
29.1 1.68709e-05
29.11 3.15377e-05
29.12 4.62787e-05
29.13 6.10026e-05
29.14 7.56432e-05
29.15 9.01153e-05
29.16 0.00010431
29.17 0.000118129
29.18 0.000131514
29.19 0.000144456
29.2 0.00015697
29.21 0.000169072
29.22 0.000180792
29.23 0.00019216
29.24 0.00020319
29.25 0.000213884
29.26 0.000224259
29.27 0.000234358
29.28 0.000244223
29.29 0.000253852
29.3 0.000263191
29.31 0.000272158
29.32 0.000280681
29.33 0.000288701
29.34 0.000296181
29.35 0.00030313
29.36 0.000309588
29.37 0.000315564
29.38 0.000320973
29.39 0.000325641
29.4 0.000329385
29.41 0.000332084
29.42 0.000333705
29.43 0.000334249
29.44 0.00033368
29.45 0.000331885
29.46 0.000328728
29.47 0.000324143
29.48 0.000318178
29.49 0.000310956
29.5 0.000302578
29.51 0.000293072
29.52 0.00028241
29.53 0.000270584
29.54 0.000257648
29.55 0.000243695
29.56 0.0002288
29.57 0.000213004
29.58 0.00019634
29.59 0.00017888
29.6 0.000160749
29.61 0.00014209
29.62 0.000123015
29.63 0.000103573
29.64 8.37646e-05
29.65 6.35925e-05
29.66 4.31052e-05
29.67 2.24035e-05
29.68 1.60194e-06
29.69 -1.92089e-05
29.7 -3.99537e-05
29.71 -6.05289e-05
29.72 -8.07754e-05
29.73 -0.000100507
29.74 -0.000119578
29.75 -0.000137917
29.76 -0.000155496
29.77 -0.000172262
29.78 -0.000188138
29.79 -0.000203061
29.8 -0.000217016
29.81 -0.000230012
29.82 -0.000242053
29.83 -0.000253127
29.84 -0.000263223
29.85 -0.000272331
29.86 -0.000280438
29.87 -0.00028753
29.88 -0.000293592
29.89 -0.000298609
29.9 -0.000302577
29.91 -0.000305499
29.92 -0.000307383
29.93 -0.000308236
29.94 -0.00030806
29.95 -0.000306848
29.96 -0.000304605
29.97 -0.000301346
29.98 -0.000297092
29.99 -0.000291855
30 -0.000285633
30.01 -0.000278428
30.02 -0.000270261
30.03 -0.000261168
30.04 -0.0002512
30.05 -0.000240402
30.06 -0.000228811
30.07 -0.000216465
30.08 -0.000203414
30.09 -0.000189714
30.1 -0.000175416
30.11 -0.000160556
30.12 -0.000145157
30.13 -0.000129247
30.14 -0.000112873
30.15 -9.61002e-05
30.16 -7.90045e-05
30.17 -6.16561e-05
30.18 -4.41197e-05
30.19 -2.64634e-05
30.2 -8.76372e-06
30.21 8.89885e-06
30.22 2.64503e-05
30.23 4.38294e-05
30.24 6.09829e-05
30.25 7.78515e-05
30.26 9.43625e-05
30.27 0.000110436
30.28 0.000125999
30.29 0.000140989
30.3 0.000155352
30.31 0.000169033
30.32 0.000181976
30.33 0.000194131
30.34 0.000205455
30.35 0.000215916
30.36 0.000225492
30.37 0.000234167
30.38 0.000241926
30.39 0.000248757
30.4 0.000254648
30.41 0.000259593
30.42 0.000263597
30.43 0.000266662
30.44 0.000268791
30.45 0.000269975
30.46 0.000270209
30.47 0.000269487
30.48 0.000267811
30.49 0.000265192
30.5 0.000261643
30.51 0.000257175
30.52 0.000251802
30.53 0.000245538
30.54 0.000238402
30.55 0.000230418
30.56 0.000221611
30.57 0.000212007
30.58 0.000201631
30.59 0.000190514
30.6 0.000178688
30.61 0.000166193
30.62 0.00015307
30.63 0.000139367
30.64 0.000125133
30.65 0.000110421
30.66 9.52851e-05
30.67 7.97836e-05
30.68 6.39749e-05
30.69 4.79184e-05
30.7 3.16733e-05
30.71 1.52991e-05
30.72 -1.14432e-06
30.73 -1.75955e-05
30.74 -3.39922e-05
30.75 -5.02712e-05
30.76 -6.63696e-05
30.77 -8.22249e-05
30.78 -9.77764e-05
30.79 -0.000112965
30.8 -0.000127735
30.81 -0.000142032
30.82 -0.000155808
30.83 -0.000169016
30.84 -0.000181616
30.85 -0.00019357
30.86 -0.000204844
30.87 -0.000215407
30.88 -0.000225229
30.89 -0.000234285
30.9 -0.000242551
30.91 -0.000250004
30.92 -0.000256625
30.93 -0.000262395
30.94 -0.000267301
30.95 -0.000271329
30.96 -0.000274469
30.97 -0.000276714
30.98 -0.00027806
30.99 -0.000278504
31 -0.000278044
31.01 -0.000276684
31.02 -0.000274427
31.03 -0.000271278
31.04 -0.000267246
31.05 -0.000262341
31.06 -0.000256576
31.07 -0.00024996
31.08 -0.000242504
31.09 -0.000234224
31.1 -0.000225146
31.11 -0.000215306
31.12 -0.000204746
31.13 -0.000193501
31.14 -0.000181603
31.15 -0.000169087
31.16 -0.000155994
31.17 -0.000142372
31.18 -0.000128271
31.19 -0.000113742
31.2 -9.88334e-05
31.21 -8.35963e-05
31.22 -6.80861e-05
31.23 -5.23625e-05
31.24 -3.64882e-05
31.25 -2.05255e-05
31.26 -4.53591e-06
31.27 1.14196e-05
31.28 2.72795e-05
31.29 4.29816e-05
31.3 5.84642e-05
31.31 7.36679e-05
31.32 8.85361e-05
31.33 0.000103016
31.34 0.000117056
31.35 0.000130608
31.36 0.000143626
31.37 0.00015607
31.38 0.000167901
31.39 0.000179087
31.4 0.000189599
31.41 0.000199411
31.42 0.0002085
31.43 0.000216846
31.44 0.000224431
31.45 0.000231241
31.46 0.000237262
31.47 0.000242481
31.48 0.000246888
31.49 0.000250473
31.5 0.000253226
31.51 0.000255143
31.52 0.000256217
31.53 0.000256446
31.54 0.00025583
31.55 0.000254369
31.56 0.000252068
31.57 0.000248934
31.58 0.000244977
31.59 0.000240208
31.6 0.000234641
31.61 0.000228295
31.62 0.000221188
31.63 0.000213343
31.64 0.000204785
31.65 0.000195541
31.66 0.000185643
31.67 0.000175122
31.68 0.000164014
31.69 0.000152357
31.7 0.000140191
31.71 0.000127557
31.72 0.0001145
31.73 0.000101064
31.74 8.72975e-05
31.75 7.32487e-05
31.76 5.89675e-05
31.77 4.45054e-05
31.78 2.99146e-05
31.79 1.52484e-05
31.8 5.60918e-07
31.81 -1.40935e-05
31.82 -2.86604e-05
31.83 -4.30855e-05
31.84 -5.73152e-05
31.85 -7.12971e-05
31.86 -8.49802e-05
31.87 -9.83152e-05
31.88 -0.000111255
31.89 -0.000123756
31.9 -0.000135775
31.91 -0.000147273
31.92 -0.000158213
31.93 -0.000168562
31.94 -0.00017829
31.95 -0.000187367
31.96 -0.000195768
31.97 -0.000203471
31.98 -0.000210455
31.99 -0.000216703
32 -0.000222198
32.01 -0.000226928
32.02 -0.000230882
32.03 -0.00023405
32.04 -0.000236427
32.05 -0.000238006
32.06 -0.000238786
32.07 -0.000238765
32.08 -0.000237945
32.09 -0.00023633
32.1 -0.000233925
32.11 -0.000230738
32.12 -0.000226781
32.13 -0.000222066
32.14 -0.000216608
32.15 -0.000210426
32.16 -0.000203541
32.17 -0.000195975
32.18 -0.000187753
32.19 -0.000178904
32.2 -0.000169459
32.21 -0.000159449
32.22 -0.000148908
32.23 -0.000137875
32.24 -0.000126387
32.25 -0.000114485
32.26 -0.000102211
32.27 -8.96093e-05
32.28 -7.67256e-05
32.29 -6.36064e-05
32.3 -5.02997e-05
32.31 -3.6854e-05
32.32 -2.33189e-05
32.33 -9.74392e-06
32.34 3.82116e-06
32.35 1.73268e-05
32.36 3.07241e-05
32.37 4.3965e-05
32.38 5.70024e-05
32.39 6.97908e-05
32.4 8.22862e-05
32.41 9.44465e-05
32.42 0.000106232
32.43 0.000117603
32.44 0.000128526
32.45 0.000138967
32.46 0.000148894
32.47 0.000158278
32.48 0.000167093
32.49 0.000175313
32.5 0.000182916
32.51 0.000189882
32.52 0.000196191
32.53 0.000201826
32.54 0.000206772
32.55 0.000211016
32.56 0.000214545
32.57 0.000217351
32.58 0.000219425
32.59 0.000220761
32.6 0.000221356
32.61 0.000221207
32.62 0.000220315
32.63 0.000218684
32.64 0.000216317
32.65 0.000213222
32.66 0.000209409
32.67 0.00020489
32.68 0.00019968
32.69 0.000193795
32.7 0.000187255
32.71 0.000180082
32.72 0.000172301
32.73 0.000163936
32.74 0.000155019
32.75 0.000145578
32.76 0.000135647
32.77 0.000125262
32.78 0.000114458
32.79 0.000103274
32.8 9.17516e-05
32.81 7.99311e-05
32.82 6.78559e-05
32.83 5.55702e-05
32.84 4.31192e-05
32.85 3.0549e-05
32.86 1.7906e-05
32.87 5.23711e-06
32.88 -7.41078e-06
32.89 -1.9991e-05
32.9 -3.24573e-05
32.91 -4.47645e-05
32.92 -5.68681e-05
32.93 -6.87254e-05
32.94 -8.0295e-05
32.95 -9.15374e-05
32.96 -0.000102415
32.97 -0.000112893
32.98 -0.000122937
32.99 -0.000132518
33 -0.000141606
33.01 -0.000150176
33.02 -0.000158202
33.03 -0.000165663
33.04 -0.000172539
33.05 -0.000178812
33.06 -0.000184466
33.07 -0.000189486
33.08 -0.000193858
33.09 -0.000197573
33.1 -0.000200621
33.11 -0.000202993
33.12 -0.000204684
33.13 -0.000205689
33.14 -0.000206006
33.15 -0.000205634
33.16 -0.000204575
33.17 -0.000202831
33.18 -0.00020041
33.19 -0.000197317
33.2 -0.000193563
33.21 -0.000189161
33.22 -0.000184124
33.23 -0.000178469
33.24 -0.000172215
33.25 -0.000165383
33.26 -0.000157996
33.27 -0.000150079
33.28 -0.000141661
33.29 -0.000132769
33.3 -0.000123436
33.31 -0.000113693
33.32 -0.000103577
33.33 -9.31212e-05
33.34 -8.23646e-05
33.35 -7.13453e-05
33.36 -6.0103e-05
33.37 -4.86783e-05
33.38 -3.71124e-05
33.39 -2.54472e-05
33.4 -1.3725e-05
33.41 -1.98816e-06
33.42 9.72087e-06
33.43 2.13601e-05
33.44 3.28879e-05
33.45 4.42634e-05
33.46 5.54469e-05
33.47 6.63996e-05
33.48 7.70839e-05
33.49 8.7464e-05
33.5 9.75055e-05
33.51 0.000107176
33.52 0.000116444
33.53 0.00012528
33.54 0.000133658
33.55 0.000141552
33.56 0.000148939
33.57 0.000155796
33.58 0.000162105
33.59 0.000167846
33.6 0.000173005
33.61 0.000177565
33.62 0.000181515
33.63 0.000184844
33.64 0.000187543
33.65 0.000189603
33.66 0.00019102
33.67 0.00019179
33.68 0.00019191
33.69 0.000191382
33.7 0.000190207
33.71 0.00018839
33.72 0.000185936
33.73 0.000182854
33.74 0.000179155
33.75 0.000174851
33.76 0.000169956
33.77 0.000164488
33.78 0.000158465
33.79 0.000151909
33.8 0.000144842
33.81 0.000137288
33.82 0.000129276
33.83 0.000120833
33.84 0.000111988
33.85 0.000102775
33.86 9.32259e-05
33.87 8.33751e-05
33.88 7.32584e-05
33.89 6.29125e-05
33.9 5.2375e-05
33.91 4.16841e-05
33.92 3.08787e-05
33.93 1.99981e-05
33.94 9.08142e-06
33.95 -1.83191e-06
33.96 -1.27029e-05
33.97 -2.34929e-05
33.98 -3.41642e-05
33.99 -4.46795e-05
34 -5.50028e-05
34.01 -6.50993e-05
34.02 -7.49354e-05
34.03 -8.44789e-05
34.04 -9.36992e-05
34.05 -0.000102567
34.06 -0.000111055
34.07 -0.000119138
34.08 -0.00012679
34.09 -0.00013399
34.1 -0.000140716
34.11 -0.000146949
34.12 -0.000152671
34.13 -0.000157866
34.14 -0.000162518
34.15 -0.000166614
34.16 -0.000170143
34.17 -0.000173094
34.18 -0.000175458
34.19 -0.000177229
34.2 -0.000178402
34.21 -0.000178973
34.22 -0.000178939
34.23 -0.000178302
34.24 -0.000177064
34.25 -0.000175227
34.26 -0.000172799
34.27 -0.000169787
34.28 -0.000166202
34.29 -0.000162054
34.3 -0.000157359
34.31 -0.000152132
34.32 -0.000146392
34.33 -0.000140157
34.34 -0.000133451
34.35 -0.000126296
34.36 -0.000118718
34.37 -0.000110743
34.38 -0.000102401
34.39 -9.37209e-05
34.4 -8.4734e-05
34.41 -7.54729e-05
34.42 -6.59711e-05
34.43 -5.62631e-05
34.44 -4.63841e-05
34.45 -3.63701e-05
34.46 -2.62574e-05
34.47 -1.60827e-05
34.48 -5.88287e-06
34.49 4.30541e-06
34.5 1.44457e-05
34.51 2.45018e-05
34.52 3.44385e-05
34.53 4.4221e-05
34.54 5.38157e-05
34.55 6.31899e-05
34.56 7.23122e-05
34.57 8.11526e-05
34.58 8.96823e-05
34.59 9.78742e-05
34.6 0.000105703
34.61 0.000113143
34.62 0.000120174
34.63 0.000126773
34.64 0.000132921
34.65 0.000138601
34.66 0.000143797
34.67 0.000148492
34.68 0.000152674
34.69 0.000156332
34.7 0.000159454
34.71 0.000162033
34.72 0.00016406
34.73 0.000165531
34.74 0.000166441
34.75 0.000166787
34.76 0.00016657
34.77 0.000165791
34.78 0.000164451
34.79 0.000162556
34.8 0.000160112
34.81 0.000157128
34.82 0.000153614
34.83 0.000149581
34.84 0.000145044
34.85 0.000140018
34.86 0.000134521
34.87 0.000128572
34.88 0.000122191
34.89 0.000115402
34.9 0.000108229
34.91 0.000100696
34.92 9.28313e-05
34.93 8.46626e-05
34.94 7.62192e-05
34.95 6.75313e-05
34.96 5.86304e-05
34.97 4.95483e-05
34.98 4.03177e-05
34.99 3.09718e-05
35 2.15439e-05
35.01 1.20679e-05
35.02 2.57732e-06
35.03 -6.89422e-06
35.04 -1.63134e-05
35.05 -2.56475e-05
35.06 -3.48641e-05
35.07 -4.39316e-05
35.08 -5.28194e-05
35.09 -6.14976e-05
35.1 -6.99376e-05
35.11 -7.81115e-05
35.12 -8.59932e-05
35.13 -9.35572e-05
35.14 -0.00010078
35.15 -0.000107639
35.16 -0.000114112
35.17 -0.000120181
35.18 -0.000125826
35.19 -0.000131031
35.2 -0.000135779
35.21 -0.000140058
35.22 -0.000143853
35.23 -0.000147154
35.24 -0.000149951
35.25 -0.000152236
35.26 -0.000154001
35.27 -0.000155243
35.28 -0.000155956
35.29 -0.00015614
35.3 -0.000155794
35.31 -0.000154919
35.32 -0.000153519
35.33 -0.000151599
35.34 -0.000149165
35.35 -0.000146225
35.36 -0.000142792
35.37 -0.000138875
35.38 -0.000134489
35.39 -0.00012965
35.4 -0.000124375
35.41 -0.000118682
35.42 -0.000112592
35.43 -0.000106127
35.44 -9.9309e-05
35.45 -9.21638e-05
35.46 -8.47168e-05
35.47 -7.69948e-05
35.48 -6.90257e-05
35.49 -6.08385e-05
35.5 -5.24627e-05
35.51 -4.39285e-05
35.52 -3.52667e-05
35.53 -2.65084e-05
35.54 -1.7685e-05
35.55 -8.82789e-06
35.56 3.1469e-08
35.57 8.86193e-06
35.58 1.76327e-05
35.59 2.63133e-05
35.6 3.48742e-05
35.61 4.32861e-05
35.62 5.15211e-05
35.63 5.95517e-05
35.64 6.73518e-05
35.65 7.48961e-05
35.66 8.21606e-05
35.67 8.91224e-05
35.68 9.57597e-05
35.69 0.000102052
35.7 0.000107981
35.71 0.000113527
35.72 0.000118674
35.73 0.000123407
35.74 0.000127712
35.75 0.000131576
35.76 0.000134987
35.77 0.000137935
35.78 0.000140411
35.79 0.000142408
35.8 0.00014392
35.81 0.000144942
35.82 0.000145472
35.83 0.000145507
35.84 0.000145049
35.85 0.000144098
35.86 0.000142658
35.87 0.000140735
35.88 0.000138334
35.89 0.000135464
35.9 0.000132135
35.91 0.000128359
35.92 0.000124149
35.93 0.000119519
35.94 0.000114487
35.95 0.000109069
35.96 0.000103286
35.97 9.71577e-05
35.98 9.07061e-05
35.99 8.39545e-05
36 7.69273e-05
36.01 6.96496e-05
36.02 6.21477e-05
36.03 5.44485e-05
36.04 4.65799e-05
36.05 3.85702e-05
36.06 3.04479e-05
36.07 2.22423e-05
36.08 1.39825e-05
36.09 5.69799e-06
36.1 -2.58212e-06
36.11 -1.08287e-05
36.12 -1.9013e-05
36.13 -2.71068e-05
36.14 -3.50823e-05
36.15 -4.29123e-05
36.16 -5.05707e-05
36.17 -5.80318e-05
36.18 -6.52712e-05
36.19 -7.22651e-05
36.2 -7.89912e-05
36.21 -8.5428e-05
36.22 -9.15551e-05
36.23 -9.73534e-05
36.24 -0.000102805
36.25 -0.000107893
36.26 -0.000112602
36.27 -0.000116918
36.28 -0.000120828
36.29 -0.000124319
36.3 -0.000127382
36.31 -0.000130008
36.32 -0.000132189
36.33 -0.000133917
36.34 -0.000135189
36.35 -0.000136001
36.36 -0.000136351
36.37 -0.000136237
36.38 -0.000135661
36.39 -0.000134625
36.4 -0.000133134
36.41 -0.000131191
36.42 -0.000128806
36.43 -0.000125985
36.44 -0.000122739
36.45 -0.000119079
36.46 -0.000115019
36.47 -0.000110572
36.48 -0.000105756
36.49 -0.000100587
36.5 -9.50825e-05
36.51 -8.92637e-05
36.52 -8.3151e-05
36.53 -7.67662e-05
36.54 -7.01324e-05
36.55 -6.32732e-05
36.56 -5.62134e-05
36.57 -4.89782e-05
36.58 -4.15934e-05
36.59 -3.40854e-05
36.6 -2.64808e-05
36.61 -1.88067e-05
36.62 -1.109e-05
36.63 -3.35782e-06
36.64 4.36289e-06
36.65 1.20454e-05
36.66 1.96632e-05
36.67 2.71903e-05
36.68 3.46012e-05
36.69 4.18711e-05
36.7 4.89756e-05
36.71 5.58914e-05
36.72 6.25959e-05
36.73 6.90671e-05
36.74 7.52844e-05
36.75 8.12279e-05
36.76 8.68787e-05
36.77 9.2219e-05
36.78 9.72321e-05
36.79 0.000101902
36.8 0.000106215
36.81 0.000110158
36.82 0.000113717
36.83 0.000116883
36.84 0.000119645
36.85 0.000121995
36.86 0.000123926
36.87 0.000125432
36.88 0.000126509
36.89 0.000127153
36.9 0.000127362
36.91 0.000127137
36.92 0.000126479
36.93 0.00012539
36.94 0.000123873
36.95 0.000121936
36.96 0.000119584
36.97 0.000116827
36.98 0.000113674
36.99 0.000110136
37 0.000106226
37.01 0.000101959
37.02 9.7349e-05
37.03 9.24134e-05
37.04 8.71698e-05
37.05 8.16371e-05
37.06 7.58353e-05
37.07 6.97852e-05
37.08 6.35088e-05
37.09 5.70286e-05
37.1 5.03679e-05
37.11 4.35506e-05
37.12 3.6601e-05
37.13 2.95441e-05
37.14 2.24049e-05
37.15 1.52086e-05
37.16 7.98055e-06
37.17 7.46089e-07
37.18 -6.46963e-06
37.19 -1.36417e-05
37.2 -2.07454e-05
37.21 -2.77568e-05
37.22 -3.46521e-05
37.23 -4.14082e-05
37.24 -4.80027e-05
37.25 -5.4414e-05
37.26 -6.06212e-05
37.27 -6.66043e-05
37.28 -7.2344e-05
37.29 -7.78222e-05
37.3 -8.30215e-05
37.31 -8.79257e-05
37.32 -9.25194e-05
37.33 -9.67884e-05
37.34 -0.00010072
37.35 -0.000104301
37.36 -0.000107521
37.37 -0.00011037
37.38 -0.00011284
37.39 -0.000114923
37.4 -0.000116612
37.41 -0.000117903
37.42 -0.000118792
37.43 -0.000119276
37.44 -0.000119354
37.45 -0.000119027
37.46 -0.000118295
37.47 -0.000117162
37.48 -0.000115631
37.49 -0.000113709
37.5 -0.000111402
37.51 -0.000108718
37.52 -0.000105667
37.53 -0.000102261
37.54 -9.85109e-05
37.55 -9.44304e-05
37.56 -9.00342e-05
37.57 -8.53381e-05
37.58 -8.0359e-05
37.59 -7.51147e-05
37.6 -6.9624e-05
37.61 -6.39067e-05
37.62 -5.79831e-05
37.63 -5.18747e-05
37.64 -4.56031e-05
37.65 -3.91907e-05
37.66 -3.26604e-05
37.67 -2.60353e-05
37.68 -1.93389e-05
37.69 -1.25947e-05
37.7 -5.82634e-06
37.71 9.42567e-07
37.72 7.68856e-06
37.73 1.43884e-05
37.74 2.10191e-05
37.75 2.75582e-05
37.76 3.39835e-05
37.77 4.02735e-05
37.78 4.64073e-05
37.79 5.23646e-05
37.8 5.81259e-05
37.81 6.36724e-05
37.82 6.89862e-05
37.83 7.40503e-05
37.84 7.88484e-05
37.85 8.33654e-05
37.86 8.75869e-05
37.87 9.14999e-05
37.88 9.5092e-05
37.89 9.8352e-05
37.9 0.00010127
37.91 0.000103837
37.92 0.000106045
37.93 0.000107887
37.94 0.000109359
37.95 0.000110454
37.96 0.000111172
37.97 0.000111508
37.98 0.000111464
37.99 0.00011104
38 0.000110237
38.01 0.000109059
38.02 0.00010751
38.03 0.000105597
38.04 0.000103325
38.05 0.000100704
38.06 9.77431e-05
38.07 9.44528e-05
38.08 9.08451e-05
38.09 8.69331e-05
38.1 8.27308e-05
38.11 7.82534e-05
38.12 7.35169e-05
38.13 6.85385e-05
38.14 6.3336e-05
38.15 5.79279e-05
38.16 5.23337e-05
38.17 4.65733e-05
38.18 4.06672e-05
38.19 3.46364e-05
38.2 2.85021e-05
38.21 2.2286e-05
38.22 1.60099e-05
38.23 9.6958e-06
38.24 3.36553e-06
38.25 -2.95899e-06
38.26 -9.25603e-06
38.27 -1.55041e-05
38.28 -2.16819e-05
38.29 -2.77687e-05
38.3 -3.3744e-05
38.31 -3.9588e-05
38.32 -4.52812e-05
38.33 -5.0805e-05
38.34 -5.61414e-05
38.35 -6.12729e-05
38.36 -6.61831e-05
38.37 -7.0856e-05
38.38 -7.52769e-05
38.39 -7.94315e-05
38.4 -8.33066e-05
38.41 -8.68902e-05
38.42 -9.01708e-05
38.43 -9.31381e-05
38.44 -9.57828e-05
38.45 -9.80968e-05
38.46 -0.000100073
38.47 -0.000101705
38.48 -0.000102988
38.49 -0.000103918
38.5 -0.000104492
38.51 -0.00010471
38.52 -0.00010457
38.53 -0.000104074
38.54 -0.000103224
38.55 -0.000102023
38.56 -0.000100475
38.57 -9.85874e-05
38.58 -9.63659e-05
38.59 -9.38189e-05
38.6 -9.09556e-05
38.61 -8.77867e-05
38.62 -8.43234e-05
38.63 -8.05784e-05
38.64 -7.65651e-05
38.65 -7.22982e-05
38.66 -6.77928e-05
38.67 -6.30654e-05
38.68 -5.81328e-05
38.69 -5.30128e-05
38.7 -4.77236e-05
38.71 -4.22842e-05
38.72 -3.67139e-05
38.73 -3.10325e-05
38.74 -2.52601e-05
38.75 -1.9417e-05
38.76 -1.35237e-05
38.77 -7.60075e-06
38.78 -1.66877e-06
38.79 4.25178e-06
38.8 1.01405e-05
38.81 1.59774e-05
38.82 2.17426e-05
38.83 2.74166e-05
38.84 3.29805e-05
38.85 3.84157e-05
38.86 4.37042e-05
38.87 4.88287e-05
38.88 5.37724e-05
38.89 5.85193e-05
38.9 6.3054e-05
38.91 6.7362e-05
38.92 7.14295e-05
38.93 7.52436e-05
38.94 7.87922e-05
38.95 8.20641e-05
38.96 8.50491e-05
38.97 8.77378e-05
38.98 9.01219e-05
38.99 9.21941e-05
39 9.39479e-05
39.01 9.5378e-05
39.02 9.64803e-05
39.03 9.72515e-05
39.04 9.76895e-05
39.05 9.77933e-05
39.06 9.75631e-05
39.07 9.70001e-05
39.08 9.61068e-05
39.09 9.48865e-05
39.1 9.33439e-05
39.11 9.14849e-05
39.12 8.93161e-05
39.13 8.68456e-05
39.14 8.40823e-05
39.15 8.10363e-05
39.16 7.77185e-05
39.17 7.41409e-05
39.18 7.03164e-05
39.19 6.62587e-05
39.2 6.19824e-05
39.21 5.75028e-05
39.22 5.28358e-05
39.23 4.79981e-05
39.24 4.30069e-05
39.25 3.788e-05
39.26 3.26354e-05
39.27 2.72917e-05
39.28 2.18676e-05
39.29 1.63822e-05
39.3 1.08546e-05
39.31 5.30391e-06
39.32 -2.50556e-07
39.33 -5.78971e-06
39.34 -1.12946e-05
39.35 -1.67464e-05
39.36 -2.21267e-05
39.37 -2.74173e-05
39.38 -3.26004e-05
39.39 -3.76589e-05
39.4 -4.25758e-05
39.41 -4.7335e-05
39.42 -5.19207e-05
39.43 -5.63182e-05
39.44 -6.05129e-05
39.45 -6.44914e-05
39.46 -6.82408e-05
39.47 -7.17492e-05
39.48 -7.50052e-05
39.49 -7.79986e-05
39.5 -8.072e-05
39.51 -8.31606e-05
39.52 -8.5313e-05
39.53 -8.71704e-05
39.54 -8.87272e-05
39.55 -8.99786e-05
39.56 -9.09211e-05
39.57 -9.15518e-05
39.58 -9.18693e-05
39.59 -9.18729e-05
39.6 -9.15633e-05
39.61 -9.09419e-05
39.62 -9.00114e-05
39.63 -8.87754e-05
39.64 -8.72389e-05
39.65 -8.54075e-05
39.66 -8.3288e-05
39.67 -8.08883e-05
39.68 -7.82171e-05
39.69 -7.52843e-05
39.7 -7.21004e-05
39.71 -6.8677e-05
39.72 -6.50263e-05
39.73 -6.11617e-05
39.74 -5.70969e-05
39.75 -5.28465e-05
39.76 -4.84256e-05
39.77 -4.385e-05
39.78 -3.9136e-05
39.79 -3.43002e-05
39.8 -2.93596e-05
39.81 -2.43317e-05
39.82 -1.9234e-05
39.83 -1.40843e-05
39.84 -8.90057e-06
39.85 -3.70062e-06
39.86 1.49763e-06
39.87 6.67637e-06
39.88 1.18179e-05
39.89 1.69049e-05
39.9 2.19201e-05
39.91 2.68467e-05
39.92 3.16682e-05
39.93 3.63687e-05
39.94 4.09325e-05
39.95 4.53446e-05
39.96 4.95906e-05
39.97 5.36566e-05
39.98 5.75295e-05
39.99 6.11966e-05
40 6.46462e-05
40.01 6.78672e-05
40.02 7.08493e-05
40.03 7.35829e-05
40.04 7.60595e-05
40.05 7.82712e-05
40.06 8.02111e-05
40.07 8.18731e-05
40.08 8.32521e-05
40.09 8.4344e-05
40.1 8.51455e-05
40.11 8.56545e-05
40.12 8.58696e-05
40.13 8.57906e-05
40.14 8.54182e-05
40.15 8.47542e-05
40.16 8.38013e-05
40.17 8.25633e-05
40.18 8.10448e-05
40.19 7.92515e-05
40.2 7.71902e-05
40.21 7.48683e-05
40.22 7.22944e-05
40.23 6.94778e-05
40.24 6.64287e-05
40.25 6.31582e-05
40.26 5.9678e-05
40.27 5.60007e-05
40.28 5.21394e-05
40.29 4.8108e-05
40.3 4.39208e-05
40.31 3.95927e-05
40.32 3.5139e-05
40.33 3.05756e-05
40.34 2.59185e-05
40.35 2.1184e-05
40.36 1.63888e-05
40.37 1.15495e-05
40.38 6.6829e-06
40.39 1.80588e-06
40.4 -3.06478e-06
40.41 -7.9124e-06
40.42 -1.27205e-05
40.43 -1.74726e-05
40.44 -2.21528e-05
40.45 -2.67453e-05
40.46 -3.12348e-05
40.47 -3.56063e-05
40.48 -3.98454e-05
40.49 -4.3938e-05
40.5 -4.78707e-05
40.51 -5.16308e-05
40.52 -5.52059e-05
40.53 -5.85846e-05
40.54 -6.17559e-05
40.55 -6.47096e-05
40.56 -6.74364e-05
40.57 -6.99276e-05
40.58 -7.21753e-05
40.59 -7.41725e-05
40.6 -7.5913e-05
40.61 -7.73914e-05
40.62 -7.86032e-05
40.63 -7.9545e-05
40.64 -8.02139e-05
40.65 -8.06083e-05
40.66 -8.07272e-05
40.67 -8.05709e-05
40.68 -8.01402e-05
40.69 -7.94372e-05
40.7 -7.84647e-05
40.71 -7.72266e-05
40.72 -7.57275e-05
40.73 -7.39731e-05
40.74 -7.19698e-05
40.75 -6.97251e-05
40.76 -6.7247e-05
40.77 -6.45447e-05
40.78 -6.16278e-05
40.79 -5.85068e-05
40.8 -5.51931e-05
40.81 -5.16983e-05
40.82 -4.8035e-05
40.83 -4.42162e-05
40.84 -4.02555e-05
40.85 -3.61669e-05
40.86 -3.19648e-05
40.87 -2.7664e-05
40.88 -2.32795e-05
40.89 -1.88267e-05
40.9 -1.43212e-05
40.91 -9.77844e-06
40.92 -5.21427e-06
40.93 -6.44371e-07
40.94 3.91557e-06
40.95 8.44996e-06
40.96 1.29434e-05
40.97 1.73806e-05
40.98 2.17466e-05
40.99 2.60267e-05
41 3.02066e-05
41.01 3.42724e-05
41.02 3.82106e-05
41.03 4.20081e-05
41.04 4.56525e-05
41.05 4.91317e-05
41.06 5.24345e-05
41.07 5.55501e-05
41.08 5.84683e-05
41.09 6.11799e-05
41.1 6.36761e-05
41.11 6.59489e-05
41.12 6.79912e-05
41.13 6.97965e-05
41.14 7.13591e-05
41.15 7.26744e-05
41.16 7.37382e-05
41.17 7.45476e-05
41.18 7.51002e-05
41.19 7.53947e-05
41.2 7.54305e-05
41.21 7.52081e-05
41.22 7.47285e-05
41.23 7.39941e-05
41.24 7.30078e-05
41.25 7.17734e-05
41.26 7.02957e-05
41.27 6.85803e-05
41.28 6.66334e-05
41.29 6.44624e-05
41.3 6.20751e-05
41.31 5.94801e-05
41.32 5.66871e-05
41.33 5.37059e-05
41.34 5.05473e-05
41.35 4.72226e-05
41.36 4.37437e-05
41.37 4.01229e-05
41.38 3.63731e-05
41.39 3.25076e-05
41.4 2.854e-05
41.41 2.44841e-05
41.42 2.03543e-05
41.43 1.61648e-05
41.44 1.19304e-05
41.45 7.66551e-06
41.46 3.38499e-06
41.47 -8.96497e-07
41.48 -5.1643e-06
41.49 -9.40387e-06
41.5 -1.36008e-05
41.51 -1.7741e-05
41.52 -2.18104e-05
41.53 -2.57954e-05
41.54 -2.96827e-05
41.55 -3.34595e-05
41.56 -3.71131e-05
41.57 -4.06315e-05
41.58 -4.40032e-05
41.59 -4.72172e-05
41.6 -5.02629e-05
41.61 -5.31305e-05
41.62 -5.58108e-05
41.63 -5.8295e-05
41.64 -6.05752e-05
41.65 -6.26442e-05
41.66 -6.44954e-05
41.67 -6.61231e-05
41.68 -6.75221e-05
41.69 -6.86881e-05
41.7 -6.96177e-05
41.71 -7.03082e-05
41.72 -7.07576e-05
41.73 -7.09649e-05
41.74 -7.09298e-05
41.75 -7.06529e-05
41.76 -7.01355e-05
41.77 -6.938e-05
41.78 -6.83893e-05
41.79 -6.71672e-05
41.8 -6.57185e-05
41.81 -6.40484e-05
41.82 -6.21632e-05
41.83 -6.00697e-05
41.84 -5.77757e-05
41.85 -5.52894e-05
41.86 -5.26198e-05
41.87 -4.97765e-05
41.88 -4.67697e-05
41.89 -4.36102e-05
41.9 -4.03091e-05
41.91 -3.68782e-05
41.92 -3.33297e-05
41.93 -2.9676e-05
41.94 -2.59301e-05
41.95 -2.21051e-05
41.96 -1.82143e-05
41.97 -1.42713e-05
41.98 -1.02899e-05
41.99 -6.28374e-06
42 -2.26671e-06
42.01 1.74739e-06
42.02 5.74482e-06
42.03 9.71194e-06
42.04 1.36353e-05
42.05 1.75015e-05
42.06 2.12977e-05
42.07 2.5011e-05
42.08 2.8629e-05
42.09 3.21398e-05
42.1 3.55316e-05
42.11 3.87932e-05
42.12 4.19139e-05
42.13 4.48835e-05
42.14 4.76924e-05
42.15 5.03313e-05
42.16 5.27918e-05
42.17 5.50659e-05
42.18 5.71465e-05
42.19 5.90268e-05
42.2 6.07011e-05
42.21 6.21639e-05
42.22 6.3411e-05
42.23 6.44384e-05
42.24 6.52432e-05
42.25 6.58231e-05
42.26 6.61765e-05
42.27 6.63028e-05
42.28 6.6202e-05
42.29 6.58749e-05
42.3 6.53229e-05
42.31 6.45486e-05
42.32 6.35549e-05
42.33 6.23458e-05
42.34 6.09257e-05
42.35 5.93001e-05
42.36 5.74748e-05
42.37 5.54566e-05
42.38 5.32529e-05
42.39 5.08715e-05
42.4 4.83211e-05
42.41 4.56108e-05
42.42 4.27503e-05
42.43 3.97497e-05
42.44 3.66198e-05
42.45 3.33716e-05
42.46 3.00165e-05
42.47 2.65664e-05
42.48 2.30333e-05
42.49 1.94296e-05
42.5 1.57678e-05
42.51 1.20607e-05
42.52 8.32102e-06
42.53 4.56175e-06
42.54 7.95802e-07
42.55 -2.96393e-06
42.56 -6.7046e-06
42.57 -1.04135e-05
42.58 -1.4078e-05
42.59 -1.76857e-05
42.6 -2.12246e-05
42.61 -2.46826e-05
42.62 -2.80483e-05
42.63 -3.13104e-05
42.64 -3.44582e-05
42.65 -3.74811e-05
42.66 -4.03693e-05
42.67 -4.31132e-05
42.68 -4.57039e-05
42.69 -4.8133e-05
42.7 -5.03925e-05
42.71 -5.24753e-05
42.72 -5.43746e-05
42.73 -5.60843e-05
42.74 -5.75992e-05
42.75 -5.89144e-05
42.76 -6.00259e-05
42.77 -6.09304e-05
42.78 -6.16253e-05
42.79 -6.21084e-05
42.8 -6.23788e-05
42.81 -6.24358e-05
42.82 -6.22798e-05
42.83 -6.19116e-05
42.84 -6.1333e-05
42.85 -6.05464e-05
42.86 -5.95549e-05
42.87 -5.83623e-05
42.88 -5.69732e-05
42.89 -5.53928e-05
42.9 -5.36268e-05
42.91 -5.16817e-05
42.92 -4.95647e-05
42.93 -4.72833e-05
42.94 -4.48459e-05
42.95 -4.22611e-05
42.96 -3.95383e-05
42.97 -3.6687e-05
42.98 -3.37174e-05
42.99 -3.064e-05
43 -2.74657e-05
43.01 -2.42056e-05
43.02 -2.08712e-05
43.03 -1.7474e-05
43.04 -1.4026e-05
43.05 -1.0539e-05
43.06 -7.02519e-06
43.07 -3.49659e-06
43.08 3.46404e-08
43.09 3.55643e-06
43.1 7.05676e-06
43.11 1.05237e-05
43.12 1.39456e-05
43.13 1.73108e-05
43.14 2.06081e-05
43.15 2.38264e-05
43.16 2.6955e-05
43.17 2.99834e-05
43.18 3.29016e-05
43.19 3.57e-05
43.2 3.83695e-05
43.21 4.09011e-05
43.22 4.32868e-05
43.23 4.55187e-05
43.24 4.75897e-05
43.25 4.94931e-05
43.26 5.12228e-05
43.27 5.27733e-05
43.28 5.41398e-05
43.29 5.5318e-05
43.3 5.63043e-05
43.31 5.70958e-05
43.32 5.76902e-05
43.33 5.80859e-05
43.34 5.82818e-05
43.35 5.82779e-05
43.36 5.80744e-05
43.37 5.76724e-05
43.38 5.70739e-05
43.39 5.62811e-05
43.4 5.52972e-05
43.41 5.4126e-05
43.42 5.27718e-05
43.43 5.12398e-05
43.44 4.95354e-05
43.45 4.7665e-05
43.46 4.56352e-05
43.47 4.34536e-05
43.48 4.11277e-05
43.49 3.86661e-05
43.5 3.60774e-05
43.51 3.33708e-05
43.52 3.0556e-05
43.53 2.76429e-05
43.54 2.46416e-05
43.55 2.15628e-05
43.56 1.84173e-05
43.57 1.52159e-05
43.58 1.19698e-05
43.59 8.6903e-06
43.6 5.38871e-06
43.61 2.07641e-06
43.62 -1.23524e-06
43.63 -4.53489e-06
43.64 -7.81129e-06
43.65 -1.10533e-05
43.66 -1.42499e-05
43.67 -1.73903e-05
43.68 -2.0464e-05
43.69 -2.34606e-05
43.7 -2.63702e-05
43.71 -2.91829e-05
43.72 -3.18896e-05
43.73 -3.44813e-05
43.74 -3.69494e-05
43.75 -3.92858e-05
43.76 -4.1483e-05
43.77 -4.35337e-05
43.78 -4.54314e-05
43.79 -4.71701e-05
43.8 -4.8744e-05
43.81 -5.01484e-05
43.82 -5.13787e-05
43.83 -5.24312e-05
43.84 -5.33028e-05
43.85 -5.39908e-05
43.86 -5.44932e-05
43.87 -5.48089e-05
43.88 -5.49371e-05
43.89 -5.48778e-05
43.9 -5.46316e-05
43.91 -5.41997e-05
43.92 -5.3584e-05
43.93 -5.2787e-05
43.94 -5.18119e-05
43.95 -5.06623e-05
43.96 -4.93425e-05
43.97 -4.78575e-05
43.98 -4.62127e-05
43.99 -4.4414e-05
44 -4.24681e-05
44.01 -4.03819e-05
44.02 -3.81629e-05
44.03 -3.5819e-05
44.04 -3.33585e-05
44.05 -3.07902e-05
44.06 -2.81232e-05
44.07 -2.53667e-05
44.08 -2.25306e-05
44.09 -1.96247e-05
44.1 -1.66591e-05
44.11 -1.36442e-05
44.12 -1.05904e-05
44.13 -7.5083e-06
44.14 -4.4085e-06
44.15 -1.30167e-06
44.16 1.80156e-06
44.17 4.89059e-06
44.18 7.95491e-06
44.19 1.09841e-05
44.2 1.39679e-05
44.21 1.68963e-05
44.22 1.97594e-05
44.23 2.25476e-05
44.24 2.52517e-05
44.25 2.78626e-05
44.26 3.03716e-05
44.27 3.27705e-05
44.28 3.50513e-05
44.29 3.72067e-05
44.3 3.92295e-05
44.31 4.11131e-05
44.32 4.28516e-05
44.33 4.44393e-05
44.34 4.58712e-05
44.35 4.71426e-05
44.36 4.82498e-05
44.37 4.91891e-05
44.38 4.99579e-05
44.39 5.05538e-05
44.4 5.09752e-05
44.41 5.1221e-05
44.42 5.12908e-05
44.43 5.11847e-05
44.44 5.09035e-05
44.45 5.04484e-05
44.46 4.98214e-05
44.47 4.9025e-05
44.48 4.80623e-05
44.49 4.6937e-05
44.5 4.56532e-05
44.51 4.42158e-05
44.52 4.263e-05
44.53 4.09015e-05
44.54 3.90367e-05
44.55 3.70423e-05
44.56 3.49253e-05
44.57 3.26933e-05
44.58 3.03544e-05
44.59 2.79167e-05
44.6 2.53889e-05
44.61 2.27799e-05
44.62 2.00988e-05
44.63 1.73551e-05
44.64 1.45582e-05
44.65 1.17179e-05
44.66 8.84409e-06
44.67 5.94664e-06
44.68 3.03556e-06
44.69 1.20846e-07
44.7 -2.78752e-06
44.71 -5.67962e-06
44.72 -8.54561e-06
44.73 -1.13758e-05
44.74 -1.41605e-05
44.75 -1.68905e-05
44.76 -1.95566e-05
44.77 -2.21497e-05
44.78 -2.46614e-05
44.79 -2.70832e-05
44.8 -2.94072e-05
44.81 -3.16256e-05
44.82 -3.37312e-05
44.83 -3.5717e-05
44.84 -3.75767e-05
44.85 -3.93042e-05
44.86 -4.08939e-05
44.87 -4.23408e-05
44.88 -4.36402e-05
44.89 -4.47882e-05
44.9 -4.5781e-05
44.91 -4.66157e-05
44.92 -4.72897e-05
44.93 -4.78012e-05
44.94 -4.81488e-05
44.95 -4.83315e-05
44.96 -4.83492e-05
44.97 -4.82021e-05
44.98 -4.78911e-05
44.99 -4.74176e-05
45 -4.67836e-05
45.01 -4.59915e-05
45.02 -4.50445e-05
45.03 -4.3946e-05
45.04 -4.27002e-05
45.05 -4.13117e-05
45.06 -3.97856e-05
45.07 -3.81273e-05
45.08 -3.63428e-05
45.09 -3.44386e-05
45.1 -3.24215e-05
45.11 -3.02986e-05
45.12 -2.80775e-05
45.13 -2.5766e-05
45.14 -2.33722e-05
45.15 -2.09047e-05
45.16 -1.83719e-05
45.17 -1.57828e-05
45.18 -1.31463e-05
45.19 -1.04717e-05
45.2 -7.76823e-06
45.21 -5.04515e-06
45.22 -2.31186e-06
45.23 4.22245e-07
45.24 3.14781e-06
45.25 5.85552e-06
45.26 8.53618e-06
45.27 1.11807e-05
45.28 1.37801e-05
45.29 1.63256e-05
45.3 1.88088e-05
45.31 2.12212e-05
45.32 2.35548e-05
45.33 2.58019e-05
45.34 2.7955e-05
45.35 3.0007e-05
45.36 3.19512e-05
45.37 3.37812e-05
45.38 3.5491e-05
45.39 3.70751e-05
45.4 3.85284e-05
45.41 3.98463e-05
45.42 4.10245e-05
45.43 4.20595e-05
45.44 4.2948e-05
45.45 4.36872e-05
45.46 4.42751e-05
45.47 4.47099e-05
45.48 4.49906e-05
45.49 4.51164e-05
45.5 4.50874e-05
45.51 4.4904e-05
45.52 4.4567e-05
45.53 4.40781e-05
45.54 4.34392e-05
45.55 4.26529e-05
45.56 4.17221e-05
45.57 4.06504e-05
45.58 3.94417e-05
45.59 3.81006e-05
45.6 3.66319e-05
45.61 3.50409e-05
45.62 3.33333e-05
45.63 3.15154e-05
45.64 2.95935e-05
45.65 2.75745e-05
45.66 2.54655e-05
45.67 2.32741e-05
45.68 2.10078e-05
45.69 1.86747e-05
45.7 1.62829e-05
45.71 1.38408e-05
45.72 1.13567e-05
45.73 8.8394e-06
45.74 6.29752e-06
45.75 3.73982e-06
45.76 1.1751e-06
45.77 -1.38786e-06
45.78 -3.9403e-06
45.79 -6.47354e-06
45.8 -8.97896e-06
45.81 -1.14481e-05
45.82 -1.38726e-05
45.83 -1.62443e-05
45.84 -1.85552e-05
45.85 -2.07977e-05
45.86 -2.29642e-05
45.87 -2.50476e-05
45.88 -2.70409e-05
45.89 -2.89376e-05
45.9 -3.07314e-05
45.91 -3.24165e-05
45.92 -3.39874e-05
45.93 -3.5439e-05
45.94 -3.67667e-05
45.95 -3.79661e-05
45.96 -3.90335e-05
45.97 -3.99656e-05
45.98 -4.07595e-05
45.99 -4.14128e-05
46 -4.19235e-05
46.01 -4.22902e-05
46.02 -4.25121e-05
46.03 -4.25886e-05
46.04 -4.25198e-05
46.05 -4.23063e-05
46.06 -4.19491e-05
46.07 -4.14498e-05
46.08 -4.08103e-05
46.09 -4.00332e-05
46.1 -3.91214e-05
46.11 -3.80784e-05
46.12 -3.6908e-05
46.13 -3.56145e-05
46.14 -3.42026e-05
46.15 -3.26774e-05
46.16 -3.10445e-05
46.17 -2.93097e-05
46.18 -2.74791e-05
46.19 -2.55593e-05
46.2 -2.3557e-05
46.21 -2.14794e-05
46.22 -1.93337e-05
46.23 -1.71274e-05
46.24 -1.48684e-05
46.25 -1.25643e-05
46.26 -1.02233e-05
46.27 -7.85348e-06
46.28 -5.46298e-06
46.29 -3.06006e-06
46.3 -6.5297e-07
46.31 1.75004e-06
46.32 4.14078e-06
46.33 6.51109e-06
46.34 8.85293e-06
46.35 1.11584e-05
46.36 1.34196e-05
46.37 1.56291e-05
46.38 1.77795e-05
46.39 1.98634e-05
46.4 2.1874e-05
46.41 2.38047e-05
46.42 2.56489e-05
46.43 2.74008e-05
46.44 2.90544e-05
46.45 3.06045e-05
46.46 3.2046e-05
46.47 3.33742e-05
46.48 3.45848e-05
46.49 3.56742e-05
46.5 3.66387e-05
46.51 3.74754e-05
46.52 3.81818e-05
46.53 3.87556e-05
46.54 3.91954e-05
46.55 3.94998e-05
46.56 3.96682e-05
46.57 3.97002e-05
46.58 3.95961e-05
46.59 3.93564e-05
46.6 3.89825e-05
46.61 3.84757e-05
46.62 3.78381e-05
46.63 3.70722e-05
46.64 3.6181e-05
46.65 3.51677e-05
46.66 3.4036e-05
46.67 3.27901e-05
46.68 3.14346e-05
46.69 2.99743e-05
46.7 2.84145e-05
46.71 2.67607e-05
46.72 2.50188e-05
46.73 2.3195e-05
46.74 2.12957e-05
46.75 1.93277e-05
46.76 1.72978e-05
46.77 1.52131e-05
46.78 1.30808e-05
46.79 1.09086e-05
46.8 8.70371e-06
46.81 6.47394e-06
46.82 4.22694e-06
46.83 1.97045e-06
46.84 -2.87794e-07
46.85 -2.54006e-06
46.86 -4.77867e-06
46.87 -6.99599e-06
46.88 -9.18451e-06
46.89 -1.13368e-05
46.9 -1.34456e-05
46.91 -1.55039e-05
46.92 -1.75047e-05
46.93 -1.94413e-05
46.94 -2.13073e-05
46.95 -2.30965e-05
46.96 -2.4803e-05
46.97 -2.64212e-05
46.98 -2.79456e-05
46.99 -2.93715e-05
47 -3.06941e-05
47.01 -3.19091e-05
47.02 -3.30128e-05
47.03 -3.40015e-05
47.04 -3.48722e-05
47.05 -3.56222e-05
47.06 -3.62491e-05
47.07 -3.67512e-05
47.08 -3.7127e-05
47.09 -3.73755e-05
47.1 -3.74962e-05
47.11 -3.74889e-05
47.12 -3.73539e-05
47.13 -3.7092e-05
47.14 -3.67043e-05
47.15 -3.61926e-05
47.16 -3.55588e-05
47.17 -3.48053e-05
47.18 -3.3935e-05
47.19 -3.29512e-05
47.2 -3.18574e-05
47.21 -3.06578e-05
47.22 -2.93566e-05
47.23 -2.79584e-05
47.24 -2.64685e-05
47.25 -2.4892e-05
47.26 -2.32345e-05
47.27 -2.1502e-05
47.28 -1.97005e-05
47.29 -1.78364e-05
47.3 -1.59162e-05
47.31 -1.39466e-05
47.32 -1.19345e-05
47.33 -9.88689e-06
47.34 -7.81083e-06
47.35 -5.7135e-06
47.36 -3.60213e-06
47.37 -1.48398e-06
47.38 6.33702e-07
47.39 2.74367e-06
47.4 4.83875e-06
47.41 6.91181e-06
47.42 8.95583e-06
47.43 1.09639e-05
47.44 1.29293e-05
47.45 1.48453e-05
47.46 1.67056e-05
47.47 1.8504e-05
47.48 2.02344e-05
47.49 2.18912e-05
47.5 2.34689e-05
47.51 2.49622e-05
47.52 2.63663e-05
47.53 2.76766e-05
47.54 2.88889e-05
47.55 2.99992e-05
47.56 3.10041e-05
47.57 3.19002e-05
47.58 3.26849e-05
47.59 3.33556e-05
47.6 3.39104e-05
47.61 3.43476e-05
47.62 3.4666e-05
47.63 3.48648e-05
47.64 3.49435e-05
47.65 3.49022e-05
47.66 3.47413e-05
47.67 3.44615e-05
47.68 3.40642e-05
47.69 3.35509e-05
47.7 3.29236e-05
47.71 3.21848e-05
47.72 3.13371e-05
47.73 3.03839e-05
47.74 2.93285e-05
47.75 2.81749e-05
47.76 2.69271e-05
47.77 2.55898e-05
47.78 2.41676e-05
47.79 2.26657e-05
47.8 2.10893e-05
47.81 1.94442e-05
47.82 1.77359e-05
47.83 1.59707e-05
47.84 1.41546e-05
47.85 1.22939e-05
47.86 1.03953e-05
47.87 8.46521e-06
47.88 6.51036e-06
47.89 4.53752e-06
47.9 2.55347e-06
47.91 5.65036e-07
47.92 -1.42098e-06
47.93 -3.39779e-06
47.94 -5.35866e-06
47.95 -7.29693e-06
47.96 -9.20603e-06
47.97 -1.10795e-05
47.98 -1.29111e-05
47.99 -1.46945e-05
48 -1.6424e-05
48.01 -1.80936e-05
48.02 -1.96979e-05
48.03 -2.12314e-05
48.04 -2.26893e-05
48.05 -2.40666e-05
48.06 -2.53589e-05
48.07 -2.65619e-05
48.08 -2.76719e-05
48.09 -2.86851e-05
48.1 -2.95984e-05
48.11 -3.04089e-05
48.12 -3.11141e-05
48.13 -3.17118e-05
48.14 -3.22003e-05
48.15 -3.2578e-05
48.16 -3.2844e-05
48.17 -3.29976e-05
48.18 -3.30386e-05
48.19 -3.29671e-05
48.2 -3.27835e-05
48.21 -3.24887e-05
48.22 -3.2084e-05
48.23 -3.15711e-05
48.24 -3.09519e-05
48.25 -3.02288e-05
48.26 -2.94045e-05
48.27 -2.8482e-05
48.28 -2.74648e-05
48.29 -2.63565e-05
48.3 -2.51611e-05
48.31 -2.38829e-05
48.32 -2.25266e-05
48.33 -2.10968e-05
48.34 -1.95987e-05
48.35 -1.80376e-05
48.36 -1.64189e-05
48.37 -1.47484e-05
48.38 -1.30318e-05
48.39 -1.12752e-05
48.4 -9.48472e-06
48.41 -7.66647e-06
48.42 -5.82679e-06
48.43 -3.97201e-06
48.44 -2.10852e-06
48.45 -2.42717e-07
48.46 1.61902e-06
48.47 3.47033e-06
48.48 5.30492e-06
48.49 7.11655e-06
48.5 8.8991e-06
48.51 1.06465e-05
48.52 1.2353e-05
48.53 1.40127e-05
48.54 1.56202e-05
48.55 1.717e-05
48.56 1.8657e-05
48.57 2.00763e-05
48.58 2.14233e-05
48.59 2.26934e-05
48.6 2.38825e-05
48.61 2.49868e-05
48.62 2.60026e-05
48.63 2.69268e-05
48.64 2.77564e-05
48.65 2.84888e-05
48.66 2.91217e-05
48.67 2.96531e-05
48.68 3.00815e-05
48.69 3.04057e-05
48.7 3.06248e-05
48.71 3.07383e-05
48.72 3.0746e-05
48.73 3.06481e-05
48.74 3.04453e-05
48.75 3.01385e-05
48.76 2.97289e-05
48.77 2.92182e-05
48.78 2.86084e-05
48.79 2.79017e-05
48.8 2.71009e-05
48.81 2.62089e-05
48.82 2.52289e-05
48.83 2.41645e-05
48.84 2.30196e-05
48.85 2.17982e-05
48.86 2.05048e-05
48.87 1.91438e-05
48.88 1.77202e-05
48.89 1.6239e-05
48.9 1.47053e-05
48.91 1.31245e-05
48.92 1.15022e-05
48.93 9.84406e-06
48.94 8.15575e-06
48.95 6.44316e-06
48.96 4.71221e-06
48.97 2.96886e-06
48.98 1.2191e-06
48.99 -5.31081e-07
49 -2.27569e-06
49.01 -4.00879e-06
49.02 -5.72448e-06
49.03 -7.41694e-06
49.04 -9.08046e-06
49.05 -1.07094e-05
49.06 -1.22984e-05
49.07 -1.38419e-05
49.08 -1.5335e-05
49.09 -1.67726e-05
49.1 -1.81499e-05
49.11 -1.94624e-05
49.12 -2.07057e-05
49.13 -2.18758e-05
49.14 -2.29689e-05
49.15 -2.39814e-05
49.16 -2.49101e-05
49.17 -2.57519e-05
49.18 -2.65043e-05
49.19 -2.71647e-05
49.2 -2.77313e-05
49.21 -2.82022e-05
49.22 -2.85762e-05
49.23 -2.8852e-05
49.24 -2.90291e-05
49.25 -2.91071e-05
49.26 -2.90858e-05
49.27 -2.89656e-05
49.28 -2.87471e-05
49.29 -2.84313e-05
49.3 -2.80195e-05
49.31 -2.75133e-05
49.32 -2.69147e-05
49.33 -2.62259e-05
49.34 -2.54495e-05
49.35 -2.45884e-05
49.36 -2.36456e-05
49.37 -2.26246e-05
49.38 -2.15291e-05
49.39 -2.0363e-05
49.4 -1.91305e-05
49.41 -1.78358e-05
49.42 -1.64837e-05
49.43 -1.50789e-05
49.44 -1.36263e-05
49.45 -1.2131e-05
49.46 -1.05981e-05
49.47 -9.03318e-06
49.48 -7.4415e-06
49.49 -5.82862e-06
49.5 -4.2001e-06
49.51 -2.56156e-06
49.52 -9.18626e-07
49.53 7.2308e-07
49.54 2.35794e-06
49.55 3.98039e-06
49.56 5.58491e-06
49.57 7.16606e-06
49.58 8.71849e-06
49.59 1.0237e-05
49.6 1.17164e-05
49.61 1.31518e-05
49.62 1.45385e-05
49.63 1.58716e-05
49.64 1.7147e-05
49.65 1.83603e-05
49.66 1.95075e-05
49.67 2.0585e-05
49.68 2.15891e-05
49.69 2.25167e-05
49.7 2.33646e-05
49.71 2.41304e-05
49.72 2.48114e-05
49.73 2.54057e-05
49.74 2.59113e-05
49.75 2.63267e-05
49.76 2.66508e-05
49.77 2.68826e-05
49.78 2.70216e-05
49.79 2.70675e-05
49.8 2.70203e-05
49.81 2.68805e-05
49.82 2.66487e-05
49.83 2.6326e-05
49.84 2.59135e-05
49.85 2.54131e-05
49.86 2.48265e-05
49.87 2.4156e-05
49.88 2.3404e-05
49.89 2.25734e-05
49.9 2.16671e-05
49.91 2.06885e-05
49.92 1.9641e-05
49.93 1.85283e-05
49.94 1.73545e-05
49.95 1.61237e-05
49.96 1.48403e-05
49.97 1.35087e-05
49.98 1.21336e-05
49.99 1.07199e-05
50 9.27247e-06
50.01 7.7963e-06
50.02 6.29655e-06
50.03 4.77839e-06
50.04 3.24707e-06
50.05 1.70784e-06
50.06 1.65993e-07
50.07 -1.3732e-06
50.08 -2.90448e-06
50.09 -4.42263e-06
50.1 -5.9225e-06
50.11 -7.39902e-06
50.12 -8.84718e-06
50.13 -1.02621e-05
50.14 -1.16391e-05
50.15 -1.29734e-05
50.16 -1.42608e-05
50.17 -1.54967e-05
50.18 -1.66773e-05
50.19 -1.77985e-05
50.2 -1.88567e-05
50.21 -1.98484e-05
50.22 -2.07704e-05
50.23 -2.16198e-05
50.24 -2.23936e-05
50.25 -2.30896e-05
50.26 -2.37055e-05
50.27 -2.42394e-05
50.28 -2.46897e-05
50.29 -2.50549e-05
50.3 -2.53342e-05
50.31 -2.55266e-05
50.32 -2.56318e-05
50.33 -2.56496e-05
50.34 -2.55801e-05
50.35 -2.54238e-05
50.36 -2.51813e-05
50.37 -2.48539e-05
50.38 -2.44426e-05
50.39 -2.39492e-05
50.4 -2.33756e-05
50.41 -2.27238e-05
50.42 -2.19963e-05
50.43 -2.11958e-05
50.44 -2.03251e-05
50.45 -1.93874e-05
50.46 -1.83862e-05
50.47 -1.73248e-05
50.48 -1.62072e-05
50.49 -1.50373e-05
50.5 -1.38191e-05
50.51 -1.25571e-05
50.52 -1.12556e-05
50.53 -9.91908e-06
50.54 -8.55233e-06
50.55 -7.16004e-06
50.56 -5.74704e-06
50.57 -4.31821e-06
50.58 -2.87847e-06
50.59 -1.43276e-06
50.6 1.39433e-08
50.61 1.45671e-06
50.62 2.89061e-06
50.63 4.31077e-06
50.64 5.71237e-06
50.65 7.09067e-06
50.66 8.44102e-06
50.67 9.75887e-06
50.68 1.10398e-05
50.69 1.22795e-05
50.7 1.34739e-05
50.71 1.4619e-05
50.72 1.5711e-05
50.73 1.67463e-05
50.74 1.77215e-05
50.75 1.86334e-05
50.76 1.94791e-05
50.77 2.02558e-05
50.78 2.0961e-05
50.79 2.15925e-05
50.8 2.21483e-05
50.81 2.26267e-05
50.82 2.30263e-05
50.83 2.33457e-05
50.84 2.35843e-05
50.85 2.37412e-05
50.86 2.38162e-05
50.87 2.38092e-05
50.88 2.37204e-05
50.89 2.35503e-05
50.9 2.32997e-05
50.91 2.29696e-05
50.92 2.25613e-05
50.93 2.20764e-05
50.94 2.15167e-05
50.95 2.08843e-05
50.96 2.01816e-05
50.97 1.94111e-05
50.98 1.85756e-05
50.99 1.76782e-05
51 1.67219e-05
51.01 1.57103e-05
51.02 1.46469e-05
51.03 1.35355e-05
51.04 1.23801e-05
51.05 1.11845e-05
51.06 9.95316e-06
51.07 8.69023e-06
