0.01 -1.18655e-07
0.02 -5.05208e-08
0.03 1.54818e-07
0.04 5.47063e-07
0.05 1.0935e-06
0.06 1.71797e-06
0.07 2.3945e-06
0.08 3.17499e-06
0.09 4.11199e-06
0.1 5.19449e-06
0.11 6.40307e-06
0.12 7.79106e-06
0.13 9.42391e-06
0.14 1.12314e-05
0.15 1.30421e-05
0.16 1.48781e-05
0.17 1.71658e-05
0.18 2.04969e-05
0.19 2.5081e-05
0.2 3.04095e-05
0.21 3.55457e-05
0.22 3.99678e-05
0.23 4.41706e-05
0.24 4.91427e-05
0.25 5.51478e-05
0.26 6.13497e-05
0.27 6.67636e-05
0.28 7.12699e-05
0.29 7.55195e-05
0.3 7.99873e-05
0.31 8.43127e-05
0.32 8.7769e-05
0.33 9.0391e-05
0.34 9.33052e-05
0.35 9.781e-05
0.36 0.000104392
0.37 0.000112488
0.38 0.000120524
0.39 0.000126352
0.4 0.000129198
0.41 0.000131913
0.42 0.000139954
0.43 0.00015691
0.44 0.000181359
0.45 0.00020842
0.46 0.000234023
0.47 0.000257697
0.48 0.000281758
0.49 0.000307928
0.5 0.000334447
0.51 0.000356336
0.52 0.000368894
0.53 0.000371809
0.54 0.000370523
0.55 0.000372798
0.56 0.000381698
0.57 0.000390966
0.58 0.000389155
0.59 0.000369955
0.6 0.000337873
0.61 0.000303005
0.62 0.000270631
0.63 0.000236141
0.64 0.00019027
0.65 0.000130492
0.66 6.76288e-05
0.67 1.91111e-05
0.68 -6.23091e-06
0.69 -1.5833e-05
0.7 -2.47266e-05
0.71 -4.04575e-05
0.72 -5.82881e-05
0.73 -7.03826e-05
0.74 -7.70674e-05
0.75 -8.79796e-05
0.76 -0.000113391
0.77 -0.000155484
0.78 -0.000207281
0.79 -0.000258485
0.8 -0.000301963
0.81 -0.000335612
0.82 -0.000359508
0.83 -0.000372991
0.84 -0.000375312
0.85 -0.000367838
0.86 -0.000353466
0.87 -0.000333693
0.88 -0.000307554
0.89 -0.000273247
0.9 -0.000229531
0.91 -0.000176321
0.92 -0.000115522
0.93 -5.09905e-05
0.94 1.27315e-05
0.95 7.12494e-05
0.96 0.000121178
0.97 0.000162227
0.98 0.000197795
0.99 0.000231026
1 0.00025942
1.01 0.000274921
1.02 0.000272009
1.03 0.000257414
1.04 0.000249668
1.05 0.000263817
1.06 0.000295014
1.07 0.000321418
1.08 0.00032595
1.09 0.000313815
1.1 0.000308586
1.11 0.000332094
1.12 0.000385856
1.13 0.000448814
1.14 0.000493491
1.15 0.000506959
1.16 0.000497535
1.17 0.000480889
1.18 0.000461885
1.19 0.000436415
1.2 0.000410783
1.21 0.000405068
1.22 0.000427572
1.23 0.00045524
1.24 0.000452163
1.25 0.000406869
1.26 0.000343785
1.27 0.000296971
1.28 0.000277339
1.29 0.000265689
1.3 0.00023266
1.31 0.000164568
1.32 7.44195e-05
1.33 -9.86217e-06
1.34 -6.90137e-05
1.35 -0.000105069
1.36 -0.000132152
1.37 -0.000158546
1.38 -0.000179329
1.39 -0.000183221
1.4 -0.000163222
1.41 -0.000121586
1.42 -6.76543e-05
1.43 -1.21668e-05
1.44 3.77774e-05
1.45 8.15982e-05
1.46 0.000125985
1.47 0.000181184
1.48 0.000251513
1.49 0.000327616
1.5 0.00039087
1.51 0.000427986
1.52 0.000441339
1.53 0.000444662
1.54 0.000449072
1.55 0.000453752
1.56 0.000449969
1.57 0.000432926
1.58 0.00040838
1.59 0.000387587
1.6 0.000376749
1.61 0.000372258
1.62 0.00036682
1.63 0.000359896
1.64 0.000359948
1.65 0.000374639
1.66 0.000400161
1.67 0.000422505
1.68 0.000429016
1.69 0.000417319
1.7 0.000393618
1.71 0.000364335
1.72 0.000330515
1.73 0.000290188
1.74 0.000245451
1.75 0.000205899
1.76 0.000183267
1.77 0.000181394
1.78 0.000190834
1.79 0.000193307
1.8 0.000172676
1.81 0.000124129
1.82 5.4544e-05
1.83 -2.57589e-05
1.84 -0.000111778
1.85 -0.000204712
1.86 -0.000305067
1.87 -0.000405942
1.88 -0.000494083
1.89 -0.000559145
1.9 -0.000603537
1.91 -0.000643428
1.92 -0.00069886
1.93 -0.000780719
1.94 -0.000884157
1.95 -0.000992264
1.96 -0.00108739
1.97 -0.00116301
1.98 -0.0012275
1.99 -0.00129672
2 -0.00138254
2.01 -0.00148741
2.02 -0.00160816
2.03 -0.00174279
2.04 -0.00189279
2.05 -0.00205908
2.06 -0.00223632
2.07 -0.00241079
2.08 -0.00256329
2.09 -0.00267461
2.1 -0.00273133
2.11 -0.00273041
2.12 -0.00268071
2.13 -0.00259879
2.14 -0.00249933
2.15 -0.00238642
2.16 -0.00225399
2.17 -0.00209604
2.18 -0.00191647
2.19 -0.00172784
2.2 -0.00154061
2.21 -0.0013538
2.22 -0.00115519
2.23 -0.000929487
2.24 -0.000666052
2.25 -0.000360212
2.26 -8.66398e-06
2.27 0.000394079
2.28 0.00085088
2.29 0.00134994
2.3 0.00185655
2.31 0.00231907
2.32 0.00269071
2.33 0.00296084
2.34 0.00317242
2.35 0.00339261
2.36 0.00364618
2.37 0.00388288
2.38 0.0040248
2.39 0.00404228
2.4 0.00397403
2.41 0.00387883
2.42 0.00377994
2.43 0.00365768
2.44 0.00348573
2.45 0.00326687
2.46 0.00303658
2.47 0.00283808
2.48 0.0026924
2.49 0.00258631
2.5 0.00248568
2.51 0.00236091
2.52 0.00220167
2.53 0.00201161
2.54 0.00179465
2.55 0.0015494
2.56 0.00127466
2.57 0.00097649
2.58 0.000668211
2.59 0.000363113
2.6 6.64778e-05
2.61 -0.000225877
2.62 -0.000520398
2.63 -0.000816902
2.64 -0.00110843
2.65 -0.00139021
2.66 -0.00166522
2.67 -0.0019389
2.68 -0.00221411
2.69 -0.00249727
2.7 -0.00280313
2.71 -0.00314068
2.72 -0.00349275
2.73 -0.00381689
2.74 -0.00406899
2.75 -0.00422628
2.76 -0.00429402
2.77 -0.00429665
2.78 -0.00426234
2.79 -0.00421392
2.8 -0.00417132
2.81 -0.00415581
2.82 -0.00418572
2.83 -0.00426656
2.84 -0.00438492
2.85 -0.00451206
2.86 -0.00461581
2.87 -0.00467302
2.88 -0.00467415
2.89 -0.00461814
2.9 -0.004505
2.91 -0.00433482
2.92 -0.00411491
2.93 -0.00386787
2.94 -0.00363126
2.95 -0.00344451
2.96 -0.00332868
2.97 -0.003273
2.98 -0.003241
2.99 -0.0031946
3 -0.00311656
3.01 -0.00301269
3.02 -0.0028955
3.03 -0.0027684
3.04 -0.00262608
3.05 -0.00246774
3.06 -0.00230731
3.07 -0.00217035
3.08 -0.00208053
3.09 -0.0020464
3.1 -0.0020575
3.11 -0.00209257
3.12 -0.00213399
3.13 -0.00217704
3.14 -0.00222632
3.15 -0.00228318
3.16 -0.00233702
3.17 -0.00236879
3.18 -0.00236195
3.19 -0.00230961
3.2 -0.0022132
3.21 -0.00207851
3.22 -0.0019157
3.23 -0.00174117
3.24 -0.00157433
3.25 -0.00142806
3.26 -0.00130042
3.27 -0.00117564
3.28 -0.00103211
3.29 -0.000849118
3.3 -0.000608966
3.31 -0.000298871
3.32 8.59034e-05
3.33 0.000540117
3.34 0.00104829
3.35 0.00158441
3.36 0.00211131
3.37 0.00258203
3.38 0.00295237
3.39 0.00321262
3.4 0.00341226
3.41 0.00362723
3.42 0.00387948
3.43 0.00410202
3.44 0.00420284
3.45 0.00415648
3.46 0.00402033
3.47 0.00387177
3.48 0.00374673
3.49 0.00363708
3.5 0.00353048
3.51 0.00344251
3.52 0.00341193
3.53 0.00346633
3.54 0.00359094
3.55 0.00373122
3.56 0.00382888
3.57 0.00385765
3.58 0.00382662
3.59 0.00375477
3.6 0.00364886
3.61 0.00350682
3.62 0.00333732
3.63 0.003171
3.64 0.00304976
3.65 0.00300202
3.66 0.00302456
3.67 0.00308628
3.68 0.0031499
3.69 0.00319266
3.7 0.00320988
3.71 0.00320426
3.72 0.00317683
3.73 0.00312886
3.74 0.00306773
3.75 0.00300677
3.76 0.00295996
3.77 0.00293817
3.78 0.00294875
3.79 0.00299454
3.8 0.00307092
3.81 0.00316575
3.82 0.003265
3.83 0.00335954
3.84 0.00344636
3.85 0.0035248
3.86 0.00359399
3.87 0.00365361
3.88 0.00370487
3.89 0.00374882
3.9 0.00378371
3.91 0.00380451
3.92 0.00380436
3.93 0.00377565
3.94 0.00370997
3.95 0.00359977
3.96 0.00344545
3.97 0.00326409
3.98 0.0030883
3.99 0.00294936
4 0.00285582
4.01 0.0027873
4.02 0.00271117
4.03 0.00260799
4.04 0.00248306
4.05 0.00235563
4.06 0.00223817
4.07 0.00212566
4.08 0.00200297
4.09 0.00186157
4.1 0.0017108
4.11 0.00157568
4.12 0.0014832
4.13 0.00144649
4.14 0.00145911
4.15 0.00150438
4.16 0.00157089
4.17 0.00165843
4.18 0.00176925
4.19 0.00189388
4.2 0.00200589
4.21 0.00207037
4.22 0.00205935
4.23 0.0019643
4.24 0.00179899
4.25 0.00159227
4.26 0.00137399
4.27 0.00116047
4.28 0.000948203
4.29 0.00072047
4.3 0.000461506
4.31 0.000165014
4.32 -0.00017011
4.33 -0.00054843
4.34 -0.000976351
4.35 -0.0014485
4.36 -0.00193644
4.37 -0.0023939
4.38 -0.00278086
4.39 -0.0030947
4.4 -0.00337619
4.41 -0.00366282
4.42 -0.00392523
4.43 -0.00407051
4.44 -0.00402864
4.45 -0.00382699
4.46 -0.00356863
4.47 -0.00334612
4.48 -0.00318549
4.49 -0.00306156
4.5 -0.00294749
4.51 -0.00284573
4.52 -0.00278213
4.53 -0.00277704
4.54 -0.00282014
4.55 -0.00287201
4.56 -0.00289349
4.57 -0.00287626
4.58 -0.00284519
4.59 -0.00283142
4.6 -0.00284433
4.61 -0.00286782
4.62 -0.00287896
4.63 -0.00286654
4.64 -0.00283316
4.65 -0.00278583
4.66 -0.00272951
4.67 -0.00266975
4.68 -0.00261739
4.69 -0.0025865
4.7 -0.00258495
4.71 -0.00260566
4.72 -0.00262704
4.73 -0.00262473
4.74 -0.00258671
4.75 -0.0025191
4.76 -0.00243806
4.77 -0.00235665
4.78 -0.00227958
4.79 -0.00220815
4.8 -0.00214666
4.81 -0.00210139
4.82 -0.00207342
4.83 -0.00205433
4.84 -0.00203111
4.85 -0.00199707
4.86 -0.00195809
4.87 -0.00192716
4.88 -0.00191118
4.89 -0.00190239
4.9 -0.00188286
4.91 -0.00183793
4.92 -0.00176637
4.93 -0.00167874
4.94 -0.00158746
4.95 -0.00149905
4.96 -0.00141492
4.97 -0.00133684
4.98 -0.00126888
4.99 -0.00121339
5 -0.00116678
5.01 -0.00111949
5.02 -0.00105876
5.03 -0.000971329
5.04 -0.000846714
5.05 -0.000682108
5.06 -0.000486093
5.07 -0.000276696
5.08 -7.28714e-05
5.09 0.000115385
5.1 0.0002901
5.11 0.000457904
5.12 0.000618222
5.13 0.000758228
5.14 0.000859293
5.15 0.00090948
5.16 0.000912647
5.17 0.000887565
5.18 0.000856728
5.19 0.000831589
5.2 0.000804918
5.21 0.000757005
5.22 0.000671127
5.23 0.000544563
5.24 0.000385642
5.25 0.000201983
5.26 -6.32207e-06
5.27 -0.000242204
5.28 -0.00050268
5.29 -0.000776015
5.3 -0.00104726
5.31 -0.00130507
5.32 -0.00154277
5.33 -0.00175564
5.34 -0.00194233
5.35 -0.00211086
5.36 -0.00227747
5.37 -0.00245164
5.38 -0.00262242
5.39 -0.00276478
5.4 -0.00285917
5.41 -0.00290288
5.42 -0.00290803
5.43 -0.00289481
5.44 -0.0028823
5.45 -0.00287839
5.46 -0.00287844
5.47 -0.00287532
5.48 -0.00286703
5.49 -0.00285228
5.5 -0.00282447
5.51 -0.00277733
5.52 -0.00271638
5.53 -0.00265901
5.54 -0.00261971
5.55 -0.00259665
5.56 -0.00257462
5.57 -0.00254082
5.58 -0.00249609
5.59 -0.00245149
5.6 -0.00241547
5.61 -0.00238515
5.62 -0.00234895
5.63 -0.00229681
5.64 -0.00222809
5.65 -0.00215084
5.66 -0.00207375
5.67 -0.00199879
5.68 -0.00192169
5.69 -0.00184006
5.7 -0.00176164
5.71 -0.00170284
5.72 -0.00167473
5.73 -0.00166802
5.74 -0.0016544
5.75 -0.00160752
5.76 -0.00152538
5.77 -0.00143205
5.78 -0.00135675
5.79 -0.00130958
5.8 -0.00127553
5.81 -0.00122926
5.82 -0.0011549
5.83 -0.00105373
5.84 -0.000936143
5.85 -0.000808211
5.86 -0.000664513
5.87 -0.000491328
5.88 -0.000275315
5.89 -9.57439e-06
5.9 0.00030725
5.91 0.00067574
5.92 0.00109716
5.93 0.00156708
5.94 0.00206358
5.95 0.00254163
5.96 0.00295085
5.97 0.0032769
5.98 0.00356396
5.99 0.00387122
6 0.00419593
6.01 0.0044598
6.02 0.00458685
6.03 0.00458008
6.04 0.00450957
6.05 0.00444075
6.06 0.00439051
6.07 0.00434259
6.08 0.00428524
6.09 0.00423071
6.1 0.00420734
6.11 0.00423645
6.12 0.00431285
6.13 0.00440499
6.14 0.00447498
6.15 0.00450082
6.16 0.00448244
6.17 0.00443157
6.18 0.00435981
6.19 0.00427592
6.2 0.00418993
6.21 0.00411589
6.22 0.00406937
6.23 0.00406196
6.24 0.00409619
6.25 0.00416159
6.26 0.00423313
6.27 0.0042765
6.28 0.00426234
6.29 0.00418231
6.3 0.00405375
6.31 0.00390863
6.32 0.00377677
6.33 0.00367649
6.34 0.00361541
6.35 0.00359457
6.36 0.00361023
6.37 0.00365368
6.38 0.00371177
6.39 0.00376876
6.4 0.003809
6.41 0.00381995
6.42 0.00379443
6.43 0.00373148
6.44 0.00363655
6.45 0.00352196
6.46 0.00340536
6.47 0.00330406
6.48 0.00322715
6.49 0.00317162
6.5 0.00312637
6.51 0.00308059
6.52 0.00302899
6.53 0.00297031
6.54 0.00290231
6.55 0.00281904
6.56 0.00271286
6.57 0.00257968
6.58 0.00242346
6.59 0.00225724
6.6 0.00210018
6.61 0.00197094
6.62 0.00187923
6.63 0.00182038
6.64 0.00177838
6.65 0.00173599
6.66 0.00168356
6.67 0.00161897
6.68 0.00154055
6.69 0.00144276
6.7 0.00132006
6.71 0.00117421
6.72 0.00101639
6.73 0.00086171
6.74 0.000720795
6.75 0.000594955
6.76 0.000477055
6.77 0.000356541
6.78 0.000225195
6.79 7.98234e-05
6.8 -8.01312e-05
6.81 -0.000257888
6.82 -0.000461927
6.83 -0.000701619
6.84 -0.000977878
6.85 -0.00127635
6.86 -0.00156957
6.87 -0.0018287
6.88 -0.00203906
6.89 -0.00220883
6.9 -0.00235973
6.91 -0.00250237
6.92 -0.00262045
6.93 -0.00268542
6.94 -0.00268984
6.95 -0.00266282
6.96 -0.00264894
6.97 -0.00267183
6.98 -0.00271831
6.99 -0.00275679
7 -0.00276996
7.01 -0.00277068
7.02 -0.00278957
7.03 -0.00284898
7.04 -0.00294561
7.05 -0.00305241
7.06 -0.00313564
7.07 -0.00317404
7.08 -0.00316672
7.09 -0.0031251
7.1 -0.00305727
7.11 -0.00295981
7.12 -0.00282575
7.13 -0.00266081
7.14 -0.00248997
7.15 -0.0023447
7.16 -0.00224159
7.17 -0.00217246
7.18 -0.00211482
7.19 -0.00205198
7.2 -0.00198544
7.21 -0.00193118
7.22 -0.0019054
7.23 -0.00191115
7.24 -0.00193637
7.25 -0.00196472
7.26 -0.00199014
7.27 -0.00202182
7.28 -0.00207488
7.29 -0.00215538
7.3 -0.00225243
7.31 -0.00234281
7.32 -0.00240273
7.33 -0.00241812
7.34 -0.00238832
7.35 -0.00232284
7.36 -0.00223392
7.37 -0.00213014
7.38 -0.00201535
7.39 -0.00189383
7.4 -0.00177664
7.41 -0.00168191
7.42 -0.00162623
7.43 -0.00161337
7.44 -0.00162987
7.45 -0.00165071
7.46 -0.00165009
7.47 -0.00161133
7.48 -0.00153296
7.49 -0.0014277
7.5 -0.00131385
7.51 -0.00120442
7.52 -0.00110266
7.53 -0.00100648
7.54 -0.000915922
7.55 -0.000835517
7.56 -0.000769648
7.57 -0.000716283
7.58 -0.000665732
7.59 -0.000605727
7.6 -0.000528544
7.61 -0.000434898
7.62 -0.000332627
7.63 -0.000232132
7.64 -0.000142215
7.65 -6.87434e-05
7.66 -1.54377e-05
7.67 1.65624e-05
7.68 3.25946e-05
7.69 4.82404e-05
7.7 8.50224e-05
7.71 0.000156334
7.72 0.000254346
7.73 0.000351462
7.74 0.000417746
7.75 0.000440973
7.76 0.00043307
7.77 0.000418087
7.78 0.000412152
7.79 0.000412213
7.8 0.000402342
7.81 0.000371011
7.82 0.000323078
7.83 0.000275605
7.84 0.000242584
7.85 0.000223923
7.86 0.00020831
7.87 0.000185412
7.88 0.000155177
7.89 0.000126464
7.9 0.000107298
7.91 9.56191e-05
7.92 7.88548e-05
7.93 4.33024e-05
7.94 -1.50982e-05
7.95 -8.87027e-05
7.96 -0.000166095
7.97 -0.000241555
7.98 -0.000317181
7.99 -0.000396771
8 -0.000478196
8.01 -0.000551835
8.02 -0.000606745
8.03 -0.000638746
8.04 -0.000652732
8.05 -0.000657209
8.06 -0.000656138
8.07 -0.000645089
8.08 -0.000614785
8.09 -0.000558798
8.1 -0.000478632
8.11 -0.000382348
8.12 -0.00027965
8.13 -0.000178572
8.14 -8.43967e-05
8.15 1.65938e-06
8.16 8.37072e-05
8.17 0.000169793
8.18 0.000267504
8.19 0.000379542
8.2 0.000502603
8.21 0.00063035
8.22 0.000758048
8.23 0.00088514
8.24 0.00101361
8.25 0.00114333
8.26 0.00126803
8.27 0.00137631
8.28 0.0014583
8.29 0.00151332
8.3 0.00155083
8.31 0.00158349
8.32 0.00161811
8.33 0.00165257
8.34 0.00168136
8.35 0.00170416
8.36 0.00172891
8.37 0.00176648
8.38 0.001822
8.39 0.00189129
8.4 0.00196482
8.41 0.00203443
8.42 0.00209648
8.43 0.00214906
8.44 0.00218644
8.45 0.00219711
8.46 0.00216911
8.47 0.00209934
8.48 0.00199788
8.49 0.00188255
8.5 0.00176767
8.51 0.00165675
8.52 0.00154457
8.53 0.00142552
8.54 0.0012999
8.55 0.00117388
8.56 0.00105458
8.57 0.000944502
8.58 0.000838504
8.59 0.00072567
8.6 0.000595717
8.61 0.000446091
8.62 0.000284124
8.63 0.000122337
8.64 -2.90032e-05
8.65 -0.000165967
8.66 -0.000289516
8.67 -0.000401532
8.68 -0.000502564
8.69 -0.000592428
8.7 -0.00067147
8.71 -0.000739877
8.72 -0.000795106
8.73 -0.000830812
8.74 -0.000840261
8.75 -0.000821981
8.76 -0.000781538
8.77 -0.000726842
8.78 -0.000661333
8.79 -0.000581668
8.8 -0.000482009
8.81 -0.000361226
8.82 -0.000227503
8.83 -9.70687e-05
8.84 1.21617e-05
8.85 8.80332e-05
8.86 0.000128165
8.87 0.000138181
8.88 0.000125781
8.89 9.54596e-05
8.9 4.7812e-05
8.91 -1.72019e-05
8.92 -9.73045e-05
8.93 -0.000188639
8.94 -0.000289481
8.95 -0.000403223
8.96 -0.000537472
8.97 -0.000699103
8.98 -0.000888228
8.99 -0.00109498
9 -0.00130118
9.01 -0.00148611
9.02 -0.00163406
9.03 -0.00174126
9.04 -0.00181885
9.05 -0.00188685
9.06 -0.00195958
9.07 -0.00203501
9.08 -0.00210065
9.09 -0.00214969
9.1 -0.00218814
9.11 -0.00222594
9.12 -0.00226464
9.13 -0.00229475
9.14 -0.00230252
9.15 -0.00227881
9.16 -0.00222434
9.17 -0.00214892
9.18 -0.00206479
9.19 -0.00197887
9.2 -0.00189062
9.21 -0.00179737
9.22 -0.00170225
9.23 -0.00161717
9.24 -0.00155754
9.25 -0.00153164
9.26 -0.00153257
9.27 -0.00153985
9.28 -0.00153109
9.29 -0.00149577
9.3 -0.0014404
9.31 -0.00138091
9.32 -0.00132937
9.33 -0.00128643
9.34 -0.00124429
9.35 -0.001195
9.36 -0.0011356
9.37 -0.00106617
9.38 -0.000984285
9.39 -0.000882583
9.4 -0.000752871
9.41 -0.000592413
9.42 -0.000405607
9.43 -0.000199567
9.44 2.09297e-05
9.45 0.000253586
9.46 0.000494677
9.47 0.000736492
9.48 0.000969265
9.49 0.00118551
9.5 0.00138223
9.51 0.00155912
9.52 0.00171676
9.53 0.00185857
9.54 0.00199244
9.55 0.00212515
9.56 0.00225313
9.57 0.00236122
9.58 0.00243272
9.59 0.00246091
9.6 0.00245184
9.61 0.00241828
9.62 0.00237145
9.63 0.00231766
9.64 0.00226154
9.65 0.00221029
9.66 0.00217287
9.67 0.00215473
9.68 0.00215343
9.69 0.00215931
9.7 0.00216014
9.71 0.00214646
9.72 0.0021144
9.73 0.00206508
9.74 0.00200205
9.75 0.00192901
9.76 0.00184916
9.77 0.00176542
9.78 0.00168017
9.79 0.00159413
9.8 0.00150582
9.81 0.00141243
9.82 0.00131146
9.83 0.00120132
9.84 0.00108033
9.85 0.000945763
9.86 0.000794165
9.87 0.000623211
9.88 0.000433551
9.89 0.000229387
9.9 1.75115e-05
9.91 -0.000194405
9.92 -0.000399003
9.93 -0.00058936
9.94 -0.000759062
9.95 -0.000903379
9.96 -0.00102066
9.97 -0.00111244
9.98 -0.00118321
9.99 -0.00124158
10 -0.00130071
10.01 -0.00137331
10.02 -0.00146298
10.03 -0.00156079
10.04 -0.00165193
10.05 -0.00172583
10.06 -0.00177992
10.07 -0.00181609
10.08 -0.00183593
10.09 -0.00183949
10.1 -0.00182707
10.11 -0.00180123
10.12 -0.00176723
10.13 -0.00173094
10.14 -0.00169519
10.15 -0.00165752
10.16 -0.00161213
10.17 -0.00155418
10.18 -0.00148258
10.19 -0.00139917
10.2 -0.00130628
10.21 -0.00120627
10.22 -0.00110315
10.23 -0.00100333
10.24 -0.000913162
10.25 -0.000834985
10.26 -0.000765848
10.27 -0.000700042
10.28 -0.000632966
10.29 -0.00056298
10.3 -0.000490307
10.31 -0.000414753
10.32 -0.000334538
10.33 -0.000247268
10.34 -0.000152325
10.35 -5.28136e-05
10.36 4.48499e-05
10.37 0.000134023
10.38 0.000211351
10.39 0.0002777
10.4 0.000335867
10.41 0.000387433
10.42 0.000431712
10.43 0.000467338
10.44 0.000494465
10.45 0.000515254
10.46 0.00053243
10.47 0.000547662
10.48 0.000561295
10.49 0.000573325
10.5 0.00058442
10.51 0.000596073
10.52 0.00060998
10.53 0.000627408
10.54 0.00064917
10.55 0.000675983
10.56 0.000708485
10.57 0.000746598
10.58 0.000788772
10.59 0.000831981
10.6 0.000872966
10.61 0.000910277
10.62 0.000945484
10.63 0.000982074
10.64 0.00102253
10.65 0.00106598
10.66 0.00110838
10.67 0.00114474
10.68 0.00117172
10.69 0.00118901
10.7 0.001199
10.71 0.00120487
10.72 0.00120853
10.73 0.00120978
10.74 0.00120747
10.75 0.00120115
10.76 0.00119155
10.77 0.00117972
10.78 0.00116594
10.79 0.00114987
10.8 0.00113184
10.81 0.00111382
10.82 0.00109896
10.83 0.00108922
10.84 0.00108297
10.85 0.00107481
10.86 0.00105878
10.87 0.00103268
10.88 0.000999696
10.89 0.00096574
10.9 0.000934774
10.91 0.00090604
10.92 0.0008749
10.93 0.00083611
10.94 0.000786939
10.95 0.000728104
10.96 0.000662256
10.97 0.000591533
10.98 0.000516075
10.99 0.000434195
11 0.000343446
11.01 0.000241522
11.02 0.000126662
11.03 -2.19533e-06
11.04 -0.000145408
11.05 -0.000302987
11.06 -0.000475091
11.07 -0.000661981
11.08 -0.000863098
11.09 -0.00107563
11.1 -0.00129349
11.11 -0.00150774
11.12 -0.00170931
11.13 -0.00189299
11.14 -0.0020595
11.15 -0.00221252
11.16 -0.00235196
11.17 -0.00247024
11.18 -0.00255625
11.19 -0.00260365
11.2 -0.00261557
11.21 -0.00260119
11.22 -0.00256852
11.23 -0.00252073
11.24 -0.00245892
11.25 -0.00238727
11.26 -0.00231424
11.27 -0.00224872
11.28 -0.00219476
11.29 -0.00214941
11.3 -0.00210515
11.31 -0.0020548
11.32 -0.00199493
11.33 -0.00192572
11.34 -0.00184844
11.35 -0.00176345
11.36 -0.00167084
11.37 -0.00157258
11.38 -0.00147409
11.39 -0.00138326
11.4 -0.00130691
11.41 -0.00124709
11.42 -0.00120002
11.43 -0.00115839
11.44 -0.00111475
11.45 -0.00106342
11.46 -0.00100048
11.47 -0.000923145
11.48 -0.000829553
11.49 -0.000719012
11.5 -0.000592014
11.51 -0.000449861
11.52 -0.00029435
11.53 -0.000127566
11.54 4.85582e-05
11.55 0.000232684
11.56 0.00042369
11.57 0.000619583
11.58 0.000817095
11.59 0.00101234
11.6 0.00120097
11.61 0.00137739
11.62 0.00153524
11.63 0.00167082
11.64 0.0017858
11.65 0.00188453
11.66 0.00196774
11.67 0.00203029
11.68 0.0020659
11.69 0.00207364
11.7 0.00206015
11.71 0.00203741
11.72 0.00201794
11.73 0.00200956
11.74 0.00201306
11.75 0.00202506
11.76 0.00204281
11.77 0.00206545
11.78 0.00209052
11.79 0.00211046
11.8 0.00211449
11.81 0.00209533
11.82 0.00205465
11.83 0.00200193
11.84 0.00194796
11.85 0.0018987
11.86 0.00185408
11.87 0.00181152
11.88 0.00176977
11.89 0.00172973
11.9 0.00169242
11.91 0.00165648
11.92 0.00161742
11.93 0.00156919
11.94 0.00150713
11.95 0.0014309
11.96 0.00134567
11.97 0.0012607
11.98 0.00118583
11.99 0.00112743
12 0.00108634
12.01 0.00105924
12.02 0.00104214
12.03 0.00103331
12.04 0.00103322
12.05 0.00104229
12.06 0.00105863
12.07 0.00107734
12.08 0.00109144
12.09 0.00109359
12.1 0.00107888
12.11 0.00104722
12.12 0.00100328
12.13 0.000953351
12.14 0.000901213
12.15 0.000846186
12.16 0.000784503
12.17 0.000712456
12.18 0.000628752
12.19 0.000534699
12.2 0.000432953
12.21 0.000326322
12.22 0.00021709
12.23 0.000106574
12.24 -4.86843e-06
12.25 -0.000117006
12.26 -0.000228664
12.27 -0.000337642
12.28 -0.000441948
12.29 -0.000541131
12.3 -0.000636204
12.31 -0.000728046
12.32 -0.000815747
12.33 -0.000896603
12.34 -0.000967972
12.35 -0.00102948
12.36 -0.00108366
12.37 -0.00113421
12.38 -0.0011833
12.39 -0.00123004
12.4 -0.00127129
12.41 -0.00130415
12.42 -0.00132794
12.43 -0.00134435
12.44 -0.00135587
12.45 -0.00136414
12.46 -0.00136943
12.47 -0.00137157
12.48 -0.00137083
12.49 -0.00136774
12.5 -0.00136186
12.51 -0.00135091
12.52 -0.00133158
12.53 -0.0013016
12.54 -0.00126135
12.55 -0.00121364
12.56 -0.00116191
12.57 -0.00110835
12.58 -0.00105336
12.59 -0.000996335
12.6 -0.000936734
12.61 -0.000874631
12.62 -0.000810616
12.63 -0.000745294
12.64 -0.000678727
12.65 -0.000610199
12.66 -0.000538611
12.67 -0.00046324
12.68 -0.000384107
12.69 -0.000301511
12.7 -0.000215224
12.71 -0.00012431
12.72 -2.79124e-05
12.73 7.37171e-05
12.74 0.000178944
12.75 0.00028553
12.76 0.00039167
12.77 0.000496314
12.78 0.000598598
12.79 0.00069706
12.8 0.000789513
12.81 0.000873835
12.82 0.000949017
12.83 0.00101534
12.84 0.00107345
12.85 0.00112333
12.86 0.00116409
12.87 0.00119484
12.88 0.0012155
12.89 0.00122697
12.9 0.00123052
12.91 0.00122716
12.92 0.00121758
12.93 0.00120244
12.94 0.0011826
12.95 0.00115881
12.96 0.00113129
12.97 0.00109966
12.98 0.00106336
12.99 0.00102236
13 0.000977321
13.01 0.00092881
13.02 0.00087604
13.03 0.000816567
13.04 0.000747443
13.05 0.000666975
13.06 0.000575495
13.07 0.000474474
13.08 0.00036492
13.09 0.000246536
13.1 0.000118242
13.11 -2.07169e-05
13.12 -0.000170174
13.13 -0.000329338
13.14 -0.000497398
13.15 -0.000673563
13.16 -0.00085618
13.17 -0.0010413
13.18 -0.00122172
13.19 -0.00138809
13.2 -0.0015327
13.21 -0.00165418
13.22 -0.00175839
13.23 -0.00185319
13.24 -0.00194123
13.25 -0.00201734
13.26 -0.00207238
13.27 -0.00209972
13.28 -0.0020993
13.29 -0.00207699
13.3 -0.00203983
13.31 -0.00199135
13.32 -0.0019312
13.33 -0.00185874
13.34 -0.00177638
13.35 -0.00168907
13.36 -0.00160146
13.37 -0.00151625
13.38 -0.00143466
13.39 -0.00135736
13.4 -0.00128411
13.41 -0.00121307
13.42 -0.0011414
13.43 -0.00106686
13.44 -0.000988987
13.45 -0.000908767
13.46 -0.00082689
13.47 -0.000742013
13.48 -0.000650724
13.49 -0.000549874
13.5 -0.000439727
13.51 -0.000325101
13.52 -0.000212936
13.53 -0.000107854
13.54 -9.28239e-06
13.55 8.7408e-05
13.56 0.000186972
13.57 0.000291025
13.58 0.000397757
13.59 0.000503931
13.6 0.000606763
13.61 0.000704209
13.62 0.00079418
13.63 0.00087434
13.64 0.000943194
13.65 0.00100144
13.66 0.001052
13.67 0.00109845
13.68 0.00114327
13.69 0.00118728
13.7 0.00123025
13.71 0.00127175
13.72 0.00131166
13.73 0.00135032
13.74 0.00138843
13.75 0.00142663
13.76 0.00146505
13.77 0.00150349
13.78 0.00154205
13.79 0.00158155
13.8 0.00162313
13.81 0.00166735
13.82 0.00171335
13.83 0.00175879
13.84 0.00180056
13.85 0.00183575
13.86 0.00186267
13.87 0.00188122
13.88 0.00189266
13.89 0.00189888
13.9 0.00190163
13.91 0.00190206
13.92 0.00190074
13.93 0.00189787
13.94 0.00189347
13.95 0.00188745
13.96 0.00187956
13.97 0.00186919
13.98 0.00185513
13.99 0.00183528
14 0.00180673
14.01 0.00176671
14.02 0.00171364
14.03 0.00164731
14.04 0.00156843
14.05 0.00147818
14.06 0.00137843
14.07 0.00127224
14.08 0.00116421
14.09 0.00105971
14.1 0.000962937
14.11 0.000874338
14.12 0.000789788
14.13 0.000702825
14.14 0.000608693
14.15 0.000507096
14.16 0.000401652
14.17 0.000296863
14.18 0.000195201
14.19 9.62613e-05
14.2 -2.00808e-06
14.21 -0.000101349
14.22 -0.000201956
14.23 -0.000302585
14.24 -0.000401542
14.25 -0.000497383
14.26 -0.00058858
14.27 -0.0006728
14.28 -0.000747031
14.29 -0.000808783
14.3 -0.000857284
14.31 -0.000893657
14.32 -0.000920088
14.33 -0.000938867
14.34 -0.000952072
14.35 -0.000961845
14.36 -0.000970407
14.37 -0.000979399
14.38 -0.000989287
14.39 -0.000999723
14.4 -0.00101054
14.41 -0.00102234
14.42 -0.0010361
14.43 -0.00105242
14.44 -0.00107074
14.45 -0.00108915
14.46 -0.00110446
14.47 -0.00111273
14.48 -0.00111024
14.49 -0.00109479
14.5 -0.00106636
14.51 -0.00102689
14.52 -0.000979277
14.53 -0.000926582
14.54 -0.00087168
14.55 -0.000817041
14.56 -0.000764188
14.57 -0.000713078
14.58 -0.000662088
14.59 -0.000608886
14.6 -0.000551715
14.61 -0.000490329
14.62 -0.000426195
14.63 -0.000362148
14.64 -0.000301676
14.65 -0.000247726
14.66 -0.000201561
14.67 -0.000162682
14.68 -0.000129986
14.69 -0.000102981
14.7 -8.18922e-05
14.71 -6.6827e-05
14.72 -5.70805e-05
14.73 -5.10792e-05
14.74 -4.64785e-05
14.75 -4.02479e-05
14.76 -2.95023e-05
14.77 -1.3178e-05
14.78 6.89436e-06
14.79 2.66911e-05
14.8 4.18147e-05
14.81 4.91069e-05
14.82 4.75304e-05
14.83 3.829e-05
14.84 2.41171e-05
14.85 7.92772e-06
14.86 -8.43804e-06
14.87 -2.47327e-05
14.88 -4.19738e-05
14.89 -6.16604e-05
14.9 -8.50465e-05
14.91 -0.000112848
14.92 -0.000145418
14.93 -0.000182936
14.94 -0.00022493
14.95 -0.000269253
14.96 -0.000311907
14.97 -0.000348864
14.98 -0.000378596
14.99 -0.000402709
15 -0.000423891
15.01 -0.000443305
15.02 -0.000459924
15.03 -0.000472025
15.04 -0.000478857
15.05 -0.000480825
15.06 -0.00047845
15.07 -0.000471687
15.08 -0.000460558
15.09 -0.00044638
15.1 -0.000431943
15.11 -0.000420091
15.12 -0.000412016
15.13 -0.000406929
15.14 -0.000403223
15.15 -0.000399792
15.16 -0.000396399
15.17 -0.000393301
15.18 -0.000391002
15.19 -0.000390423
15.2 -0.000392878
15.21 -0.000399343
15.22 -0.000409371
15.23 -0.000420566
15.24 -0.000429194
15.25 -0.000431696
15.26 -0.000426287
15.27 -0.000413726
15.28 -0.000396779
15.29 -0.000378688
15.3 -0.000361624
15.31 -0.000346123
15.32 -0.00033164
15.33 -0.0003175
15.34 -0.000303411
15.35 -0.000289281
15.36 -0.000274802
15.37 -0.000259489
15.38 -0.000243217
15.39 -0.000226528
15.4 -0.00021004
15.41 -0.000193363
15.42 -0.000174708
15.43 -0.000151663
15.44 -0.000122467
15.45 -8.69342e-05
15.46 -4.64403e-05
15.47 -2.80736e-06
15.48 4.30721e-05
15.49 9.1579e-05
15.5 0.000143433
15.51 0.000198607
15.52 0.000256145
15.53 0.000314714
15.54 0.000373007
15.55 0.000429612
15.56 0.000482745
15.57 0.000530407
15.58 0.000570992
15.59 0.000603797
15.6 0.000628923
15.61 0.000646717
15.62 0.000657339
15.63 0.000660728
15.64 0.000656833
15.65 0.000645998
15.66 0.000629553
15.67 0.000610338
15.68 0.000592439
15.69 0.000579498
15.7 0.000572459
15.71 0.0005688
15.72 0.000564204
15.73 0.00055522
15.74 0.000540676
15.75 0.000521224
15.76 0.00049808
15.77 0.000472177
15.78 0.000444071
15.79 0.000414188
15.8 0.000382978
15.81 0.000350822
15.82 0.000317835
15.83 0.000283799
15.84 0.000248343
15.85 0.000211243
15.86 0.000172616
15.87 0.000132893
15.88 9.26184e-05
15.89 5.22668e-05
15.9 1.21675e-05
15.91 -2.73819e-05
15.92 -6.58792e-05
15.93 -0.000102507
15.94 -0.000136434
15.95 -0.000167489
15.96 -0.000196667
15.97 -0.000225873
15.98 -0.00025689
15.99 -0.000290335
16 -0.000325438
16.01 -0.000360876
16.02 -0.000395966
16.03 -0.000431186
16.04 -0.000467547
16.05 -0.000505452
16.06 -0.000544046
16.07 -0.00058159
16.08 -0.000616433
16.09 -0.000647764
16.1 -0.000675602
16.11 -0.000700288
16.12 -0.000722117
16.13 -0.000741427
16.14 -0.000758904
16.15 -0.000775633
16.16 -0.000792772
16.17 -0.000810987
16.18 -0.000829919
16.19 -0.000848083
16.2 -0.000863331
16.21 -0.000873601
16.22 -0.000877471
16.23 -0.000874232
16.24 -0.00086353
16.25 -0.000845175
16.26 -0.000819475
16.27 -0.000787638
16.28 -0.000751656
16.29 -0.0007137
16.3 -0.000675561
16.31 -0.000638533
16.32 -0.000603639
16.33 -0.000571602
16.34 -0.00054229
16.35 -0.000514342
16.36 -0.000485771
16.37 -0.000455331
16.38 -0.000423507
16.39 -0.000392243
16.4 -0.000363657
16.41 -0.000338918
16.42 -0.000318127
16.43 -0.000300915
16.44 -0.000286915
16.45 -0.000275658
16.46 -0.000266247
16.47 -0.000257442
16.48 -0.000248355
16.49 -0.00023905
16.5 -0.000230224
16.51 -0.000222139
16.52 -0.000213951
16.53 -0.000204322
16.54 -0.000192862
16.55 -0.000181007
16.56 -0.00017131
16.57 -0.00016569
16.58 -0.000164191
16.59 -0.000165271
16.6 -0.000167273
16.61 -0.000169869
16.62 -0.000174422
16.63 -0.000183223
16.64 -0.000198343
16.65 -0.0002207
16.66 -0.000249528
16.67 -0.000282511
16.68 -0.000316797
16.69 -0.000350425
16.7 -0.00038302
16.71 -0.000415087
16.72 -0.000446533
16.73 -0.000475828
16.74 -0.000500504
16.75 -0.000518478
16.76 -0.000529013
16.77 -0.000532629
16.78 -0.000530206
16.79 -0.000522153
16.8 -0.000508323
16.81 -0.000488715
16.82 -0.000464341
16.83 -0.000437442
16.84 -0.000410594
16.85 -0.000385214
16.86 -0.000360719
16.87 -0.000335222
16.88 -0.000307265
16.89 -0.000277045
16.9 -0.000246056
16.91 -0.000215559
16.92 -0.00018534
16.93 -0.000153904
16.94 -0.000119801
16.95 -8.28338e-05
16.96 -4.4057e-05
16.97 -4.60109e-06
16.98 3.55787e-05
16.99 7.78335e-05
17 0.000123659
17.01 0.000173249
17.02 0.000225018
17.03 0.000276466
17.04 0.000325635
17.05 0.000372034
17.06 0.000416499
17.07 0.000460278
17.08 0.000504041
17.09 0.000547417
17.1 0.00058925
17.11 0.000628346
17.12 0.0006641
17.13 0.000696546
17.14 0.000725905
17.15 0.000752151
17.16 0.000774925
17.17 0.000793716
17.18 0.000808019
17.19 0.000817335
17.2 0.000821123
17.21 0.000818875
17.22 0.000810406
17.23 0.000796206
17.24 0.000777602
17.25 0.000756634
17.26 0.000735723
17.27 0.000717139
17.28 0.000702302
17.29 0.000691294
17.3 0.000683051
17.31 0.000676168
17.32 0.000669696
17.33 0.000663317
17.34 0.000656968
17.35 0.000650381
17.36 0.000642962
17.37 0.000634105
17.38 0.000623667
17.39 0.000612161
17.4 0.000600401
17.41 0.000588851
17.42 0.000577231
17.43 0.00056472
17.44 0.000550594
17.45 0.000534744
17.46 0.000517657
17.47 0.000499876
17.48 0.000481387
17.49 0.000461523
17.5 0.000439528
17.51 0.000415295
17.52 0.000389568
17.53 0.00036334
17.54 0.000336931
17.55 0.000309628
17.56 0.000280298
17.57 0.000248437
17.58 0.000214683
17.59 0.000180343
17.6 0.000146429
17.61 0.000113091
17.62 7.9888e-05
17.63 4.6559e-05
17.64 1.35873e-05
17.65 -1.78979e-05
17.66 -4.67396e-05
17.67 -7.23819e-05
17.68 -9.50935e-05
17.69 -0.000115698
17.7 -0.000135015
17.71 -0.000153364
17.72 -0.000170489
17.73 -0.000185893
17.74 -0.000199269
17.75 -0.000210734
17.76 -0.000220791
17.77 -0.000230097
17.78 -0.000239144
17.79 -0.000248043
17.8 -0.000256532
17.81 -0.000264223
17.82 -0.000270898
17.83 -0.000276666
17.84 -0.00028188
17.85 -0.000286925
17.86 -0.000292068
17.87 -0.000297517
17.88 -0.000303629
17.89 -0.000310992
17.9 -0.000320262
17.91 -0.00033188
17.92 -0.000345952
17.93 -0.000362327
17.94 -0.000380699
17.95 -0.000400621
17.96 -0.000421364
17.97 -0.000441628
17.98 -0.000459255
17.99 -0.000471506
18 -0.000476159
18.01 -0.000472741
18.02 -0.000462781
18.03 -0.000448761
18.04 -0.000432698
18.05 -0.000415569
18.06 -0.000397836
18.07 -0.00038028
18.08 -0.000364148
18.09 -0.00035049
18.1 -0.000339487
18.11 -0.000330458
18.12 -0.000322469
18.13 -0.000314985
18.14 -0.000308078
18.15 -0.000302113
18.16 -0.000297181
18.17 -0.000292726
18.18 -0.00028754
18.19 -0.000279968
18.2 -0.000268151
18.21 -0.000250386
18.22 -0.000225667
18.23 -0.000194039
18.24 -0.000156332
18.25 -0.000113422
18.26 -6.57134e-05
18.27 -1.32781e-05
18.28 4.36425e-05
18.29 0.000104347
18.3 0.000167811
18.31 0.000233007
18.32 0.000299044
18.33 0.000365021
18.34 0.000429761
18.35 0.000491781
18.36 0.000549576
18.37 0.000602001
18.38 0.000648454
18.39 0.000688821
18.4 0.000723283
18.41 0.0007522
18.42 0.000776091
18.43 0.000795596
18.44 0.000811341
18.45 0.000823773
18.46 0.000833159
18.47 0.000839732
18.48 0.000843832
18.49 0.000845893
18.5 0.000846323
18.51 0.000845418
18.52 0.000843336
18.53 0.000840126
18.54 0.000835713
18.55 0.000829852
18.56 0.000822102
18.57 0.000811918
18.58 0.000798884
18.59 0.00078296
18.6 0.000764522
18.61 0.00074409
18.62 0.000721989
18.63 0.000698206
18.64 0.000672515
18.65 0.000644616
18.66 0.00061417
18.67 0.000580796
18.68 0.000544161
18.69 0.000504118
18.7 0.000460749
18.71 0.000414322
18.72 0.00036522
18.73 0.000313883
18.74 0.00026072
18.75 0.000206054
18.76 0.000150126
18.77 9.31818e-05
18.78 3.55514e-05
18.79 -2.23491e-05
18.8 -8.01352e-05
18.81 -0.000137591
18.82 -0.000194659
18.83 -0.000251312
18.84 -0.000307509
18.85 -0.00036335
18.86 -0.000419236
18.87 -0.00047579
18.88 -0.000533534
18.89 -0.000592557
18.9 -0.000652436
18.91 -0.000712429
18.92 -0.000771705
18.93 -0.000829438
18.94 -0.000884815
18.95 -0.000937064
18.96 -0.0009855
18.97 -0.00102952
18.98 -0.0010685
18.99 -0.00110173
19 -0.00112855
19.01 -0.00114855
19.02 -0.00116177
19.03 -0.00116863
19.04 -0.0011697
19.05 -0.00116537
19.06 -0.0011557
19.07 -0.00114052
19.08 -0.00111977
19.09 -0.00109377
19.1 -0.00106326
19.11 -0.00102914
19.12 -0.000992347
19.13 -0.000953793
19.14 -0.000914199
19.15 -0.000873792
19.16 -0.000832125
19.17 -0.000788346
19.18 -0.000741768
19.19 -0.000692215
19.2 -0.000639819
19.21 -0.000584559
19.22 -0.00052614
19.23 -0.000464387
19.24 -0.000399679
19.25 -0.000332884
19.26 -0.000264847
19.27 -0.000195932
19.28 -0.000126007
19.29 -5.48018e-05
19.3 1.77163e-05
19.31 9.12172e-05
19.32 0.000165154
19.33 0.000238983
19.34 0.000312258
19.35 0.000384547
19.36 0.000455239
19.37 0.000523464
19.38 0.000588237
19.39 0.000648794
19.4 0.000704892
19.41 0.000756822
19.42 0.000805134
19.43 0.000850261
19.44 0.000892302
19.45 0.000931058
19.46 0.00096622
19.47 0.000997558
19.48 0.00102499
19.49 0.00104853
19.5 0.00106822
19.51 0.00108409
19.52 0.00109615
19.53 0.00110448
19.54 0.0011092
19.55 0.00111046
19.56 0.00110838
19.57 0.00110301
19.58 0.00109434
19.59 0.00108237
19.6 0.00106715
19.61 0.0010488
19.62 0.00102742
19.63 0.00100314
19.64 0.000976036
19.65 0.000946208
19.66 0.000913764
19.67 0.000878822
19.68 0.000841496
19.69 0.000801877
19.7 0.000760038
19.71 0.000716051
19.72 0.000669997
19.73 0.00062197
19.74 0.000572066
19.75 0.00052037
19.76 0.000466962
19.77 0.000411922
19.78 0.000355337
19.79 0.00029731
19.8 0.000237948
19.81 0.000177361
19.82 0.00011566
19.83 5.29615e-05
19.84 -1.05994e-05
19.85 -7.48578e-05
19.86 -0.000139604
19.87 -0.000204568
19.88 -0.000269401
19.89 -0.000333667
19.9 -0.000396811
19.91 -0.000458091
19.92 -0.000516632
19.93 -0.000571712
19.94 -0.000623047
19.95 -0.000670776
19.96 -0.000715174
19.97 -0.000756358
19.98 -0.000794205
19.99 -0.000828495
20 -0.00085908
20.01 -0.000885947
20.02 -0.000909162
20.03 -0.000928786
20.04 -0.000944853
20.05 -0.000957402
20.06 -0.000966522
20.07 -0.000972353
20.08 -0.000975046
20.09 -0.000974697
20.1 -0.000971335
20.11 -0.000964949
20.12 -0.000955543
20.13 -0.00094317
20.14 -0.000927925
20.15 -0.000909923
20.16 -0.00088928
20.17 -0.000866112
20.18 -0.000840552
20.19 -0.000812748
20.2 -0.000782849
20.21 -0.000750985
20.22 -0.00071725
20.23 -0.000681707
20.24 -0.000644407
20.25 -0.000605404
20.26 -0.000564767
20.27 -0.000522578
20.28 -0.000478928
20.29 -0.000433919
20.3 -0.000387664
20.31 -0.000340293
20.32 -0.000291944
20.33 -0.000242757
20.34 -0.00019286
20.35 -0.000142374
20.36 -9.14136e-05
20.37 -4.00975e-05
20.38 1.14387e-05
20.39 6.30334e-05
20.4 0.000114491
20.41 0.000165573
20.42 0.000215998
20.43 0.000265445
20.44 0.000313565
20.45 0.000360015
20.46 0.00040448
20.47 0.000446707
20.48 0.000486519
20.49 0.000523812
20.5 0.000558547
20.51 0.000590715
20.52 0.000620324
20.53 0.000647371
20.54 0.000671847
20.55 0.000693736
20.56 0.000713021
20.57 0.000729698
20.58 0.000743767
20.59 0.000755234
20.6 0.000764111
20.61 0.000770407
20.62 0.000774137
20.63 0.000775322
20.64 0.000773989
20.65 0.000770174
20.66 0.00076392
20.67 0.00075528
20.68 0.000744314
20.69 0.000731091
20.7 0.000715684
20.71 0.00069817
20.72 0.000678623
20.73 0.000657116
20.74 0.00063372
20.75 0.000608504
20.76 0.000581538
20.77 0.000552897
20.78 0.000522657
20.79 0.000490899
20.8 0.000457713
20.81 0.000423188
20.82 0.000387423
20.83 0.000350514
20.84 0.000312561
20.85 0.000273664
20.86 0.000233922
20.87 0.000193435
20.88 0.000152307
20.89 0.000110647
20.9 6.85711e-05
20.91 2.6209e-05
20.92 -1.62968e-05
20.93 -5.87863e-05
20.94 -0.000101081
20.95 -0.000142985
20.96 -0.000184287
20.97 -0.000224764
20.98 -0.00026419
20.99 -0.000302346
21 -0.000339027
21.01 -0.000374057
21.02 -0.000407286
21.03 -0.000438603
21.04 -0.000467927
21.05 -0.000495201
21.06 -0.000520389
21.07 -0.000543467
21.08 -0.000564414
21.09 -0.000583214
21.1 -0.000599852
21.11 -0.000614317
21.12 -0.000626601
21.13 -0.000636698
21.14 -0.000644609
21.15 -0.000650337
21.16 -0.000653892
21.17 -0.000655286
21.18 -0.000654537
21.19 -0.000651669
21.2 -0.00064671
21.21 -0.000639695
21.22 -0.000630667
21.23 -0.00061967
21.24 -0.000606759
21.25 -0.000591989
21.26 -0.00057542
21.27 -0.000557116
21.28 -0.00053714
21.29 -0.000515558
21.3 -0.000492438
21.31 -0.000467847
21.32 -0.000441856
21.33 -0.000414538
21.34 -0.000385969
21.35 -0.000356227
21.36 -0.000325394
21.37 -0.000293557
21.38 -0.000260803
21.39 -0.000227224
21.4 -0.000192917
21.41 -0.000157979
21.42 -0.000122513
21.43 -8.66284e-05
21.44 -5.04383e-05
21.45 -1.40645e-05
21.46 2.23625e-05
21.47 5.87027e-05
21.48 9.48062e-05
21.49 0.000130514
21.5 0.00016566
21.51 0.000200072
21.52 0.000233581
21.53 0.000266022
21.54 0.00029724
21.55 0.000327096
21.56 0.000355472
21.57 0.00038227
21.58 0.000407413
21.59 0.000430845
21.6 0.000452522
21.61 0.000472414
21.62 0.000490497
21.63 0.000506753
21.64 0.000521165
21.65 0.000533718
21.66 0.000544401
21.67 0.000553201
21.68 0.000560111
21.69 0.000565126
21.7 0.000568248
21.71 0.000569481
21.72 0.000568839
21.73 0.000566338
21.74 0.000562002
21.75 0.000555861
21.76 0.000547947
21.77 0.000538299
21.78 0.00052696
21.79 0.000513973
21.8 0.000499387
21.81 0.000483254
21.82 0.000465626
21.83 0.000446562
21.84 0.000426119
21.85 0.000404361
21.86 0.000381354
21.87 0.000357166
21.88 0.00033187
21.89 0.000305539
21.9 0.000278251
21.91 0.000250085
21.92 0.000221124
21.93 0.000191451
21.94 0.000161155
21.95 0.000130328
21.96 9.90643e-05
21.97 6.7466e-05
21.98 3.56398e-05
21.99 3.69905e-06
22 -2.82365e-05
22.01 -6.00405e-05
22.02 -9.1581e-05
22.03 -0.000122722
22.04 -0.000153323
22.05 -0.000183248
22.06 -0.000212358
22.07 -0.000240525
22.08 -0.000267627
22.09 -0.000293556
22.1 -0.000318215
22.11 -0.000341524
22.12 -0.000363416
22.13 -0.000383837
22.14 -0.000402743
22.15 -0.000420101
22.16 -0.000435883
22.17 -0.000450067
22.18 -0.000462634
22.19 -0.000473569
22.2 -0.000482856
22.21 -0.000490486
22.22 -0.00049645
22.23 -0.000500742
22.24 -0.000503362
22.25 -0.000504313
22.26 -0.000503602
22.27 -0.000501243
22.28 -0.000497253
22.29 -0.000491654
22.3 -0.000484473
22.31 -0.00047574
22.32 -0.00046549
22.33 -0.000453763
22.34 -0.000440599
22.35 -0.000426044
22.36 -0.000410147
22.37 -0.000392959
22.38 -0.000374534
22.39 -0.000354931
22.4 -0.000334209
22.41 -0.000312432
22.42 -0.000289666
22.43 -0.00026598
22.44 -0.000241445
22.45 -0.000216136
22.46 -0.000190129
22.47 -0.000163504
22.48 -0.000136344
22.49 -0.000108737
22.5 -8.07735e-05
22.51 -5.25475e-05
22.52 -2.41592e-05
22.53 4.28747e-06
22.54 3.2684e-05
22.55 6.09179e-05
22.56 8.88736e-05
22.57 0.000116434
22.58 0.00014348
22.59 0.000169896
22.6 0.000195569
22.61 0.000220393
22.62 0.000244267
22.63 0.000267101
22.64 0.000288816
22.65 0.000309342
22.66 0.000328621
22.67 0.000346604
22.68 0.00036325
22.69 0.000378527
22.7 0.000392407
22.71 0.000404867
22.72 0.000415889
22.73 0.000425454
22.74 0.000433549
22.75 0.000440163
22.76 0.000445287
22.77 0.000448915
22.78 0.000451046
22.79 0.000451681
22.8 0.000450826
22.81 0.00044849
22.82 0.00044469
22.83 0.000439442
22.84 0.000432769
22.85 0.000424698
22.86 0.000415259
22.87 0.000404485
22.88 0.000392414
22.89 0.000379085
22.9 0.000364543
22.91 0.000348835
22.92 0.000332011
22.93 0.000314125
22.94 0.000295231
22.95 0.00027539
22.96 0.000254664
22.97 0.000233117
22.98 0.000210815
22.99 0.00018783
23 0.000164233
23.01 0.0001401
23.02 0.000115509
23.03 9.05418e-05
23.04 6.5284e-05
23.05 3.9824e-05
23.06 1.4254e-05
23.07 -1.13305e-05
23.08 -3.68309e-05
23.09 -6.21465e-05
23.1 -8.71748e-05
23.11 -0.000111813
23.12 -0.00013596
23.13 -0.000159517
23.14 -0.000182387
23.15 -0.000204481
23.16 -0.000225715
23.17 -0.000246014
23.18 -0.000265309
23.19 -0.000283541
23.2 -0.000300659
23.21 -0.000316619
23.22 -0.000331383
23.23 -0.000344921
23.24 -0.000357204
23.25 -0.000368211
23.26 -0.000377922
23.27 -0.000386321
23.28 -0.000393394
23.29 -0.00039913
23.3 -0.00040352
23.31 -0.000406558
23.32 -0.000408243
23.33 -0.000408575
23.34 -0.00040756
23.35 -0.000405204
23.36 -0.000401521
23.37 -0.000396526
23.38 -0.000390238
23.39 -0.000382682
23.4 -0.000373883
23.41 -0.000363871
23.42 -0.000352681
23.43 -0.00034035
23.44 -0.000326917
23.45 -0.000312426
23.46 -0.000296925
23.47 -0.000280462
23.48 -0.00026309
23.49 -0.000244864
23.5 -0.000225843
23.51 -0.000206087
23.52 -0.000185659
23.53 -0.000164625
23.54 -0.000143054
23.55 -0.000121016
23.56 -9.85872e-05
23.57 -7.58429e-05
23.58 -5.28633e-05
23.59 -2.97311e-05
23.6 -6.53141e-06
23.61 1.66481e-05
23.62 3.97181e-05
23.63 6.2588e-05
23.64 8.5167e-05
23.65 0.000107365
23.66 0.000129092
23.67 0.000150264
23.68 0.000170797
23.69 0.000190615
23.7 0.000209647
23.71 0.000227826
23.72 0.000245094
23.73 0.0002614
23.74 0.000276697
23.75 0.000290946
23.76 0.000304113
23.77 0.000316169
23.78 0.000327089
23.79 0.00033685
23.8 0.000345434
23.81 0.000352825
23.82 0.00035901
23.83 0.000363977
23.84 0.00036772
23.85 0.000370233
23.86 0.000371512
23.87 0.00037156
23.88 0.000370379
23.89 0.000367978
23.9 0.000364366
23.91 0.000359558
23.92 0.000353572
23.93 0.000346428
23.94 0.000338151
23.95 0.000328768
23.96 0.000318311
23.97 0.000306814
23.98 0.000294314
23.99 0.000280852
24 0.000266471
24.01 0.000251219
24.02 0.000235144
24.03 0.000218299
24.04 0.000200739
24.05 0.00018252
24.06 0.000163702
24.07 0.000144348
24.08 0.000124522
24.09 0.000104292
24.1 8.37279e-05
24.11 6.29012e-05
24.12 4.18867e-05
24.13 2.07612e-05
24.14 -3.96786e-07
24.15 -2.1507e-05
24.16 -4.24884e-05
24.17 -6.32594e-05
24.18 -8.37389e-05
24.19 -0.000103847
24.2 -0.000123506
24.21 -0.00014264
24.22 -0.000161178
24.23 -0.000179053
24.24 -0.000196204
24.25 -0.000212572
24.26 -0.000228108
24.27 -0.000242765
24.28 -0.000256501
24.29 -0.000269283
24.3 -0.000281078
24.31 -0.000291859
24.32 -0.000301602
24.33 -0.000310287
24.34 -0.000317896
24.35 -0.000324413
24.36 -0.000329827
24.37 -0.000334127
24.38 -0.000337304
24.39 -0.000339355
24.4 -0.000340277
24.41 -0.000340071
24.42 -0.000338739
24.43 -0.000336289
24.44 -0.00033273
24.45 -0.000328076
24.46 -0.000322341
24.47 -0.000315547
24.48 -0.000307715
24.49 -0.000298871
24.5 -0.000289044
24.51 -0.000278266
24.52 -0.000266574
24.53 -0.000254004
24.54 -0.000240597
24.55 -0.000226399
24.56 -0.000211455
24.57 -0.000195814
24.58 -0.000179529
24.59 -0.000162653
24.6 -0.000145243
24.61 -0.000127359
24.62 -0.00010906
24.63 -9.04113e-05
24.64 -7.14777e-05
24.65 -5.23271e-05
24.66 -3.30289e-05
24.67 -1.36544e-05
24.68 5.72404e-06
24.69 2.5033e-05
24.7 4.41989e-05
24.71 6.3148e-05
24.72 8.18078e-05
24.73 0.000100107
24.74 0.000117976
24.75 0.00013535
24.76 0.000152165
24.77 0.000168363
24.78 0.000183889
24.79 0.000198692
24.8 0.000212729
24.81 0.000225957
24.82 0.00023834
24.83 0.000249846
24.84 0.000260446
24.85 0.000270115
24.86 0.00027883
24.87 0.000286573
24.88 0.000293327
24.89 0.000299077
24.9 0.000303811
24.91 0.00030752
24.92 0.000310197
24.93 0.000311837
24.94 0.000312439
24.95 0.000312001
24.96 0.000310529
24.97 0.000308029
24.98 0.000304508
24.99 0.00029998
25 0.000294461
25.01 0.000287967
25.02 0.00028052
25.03 0.000272146
25.04 0.00026287
25.05 0.000252724
25.06 0.000241741
25.07 0.000229957
25.08 0.000217411
25.09 0.000204144
25.1 0.000190201
25.11 0.000175629
25.12 0.000160475
25.13 0.000144793
25.14 0.000128634
25.15 0.000112056
25.16 9.51153e-05
25.17 7.78721e-05
25.18 6.0388e-05
25.19 4.27262e-05
25.2 2.49515e-05
25.21 7.12955e-06
25.22 -1.06729e-05
25.23 -2.83887e-05
25.24 -4.5951e-05
25.25 -6.32933e-05
25.26 -8.03504e-05
25.27 -9.70585e-05
25.28 -0.000113356
25.29 -0.000129185
25.3 -0.000144489
25.31 -0.000159217
25.32 -0.00017332
25.33 -0.000186753
25.34 -0.000199476
25.35 -0.000211453
25.36 -0.00022265
25.37 -0.000233038
25.38 -0.00024259
25.39 -0.000251283
25.4 -0.000259096
25.41 -0.000266012
25.42 -0.000272014
25.43 -0.00027709
25.44 -0.000281227
25.45 -0.000284418
25.46 -0.000286655
25.47 -0.000287934
25.48 -0.000288255
25.49 -0.000287616
25.5 -0.000286022
25.51 -0.000283478
25.52 -0.000279994
25.53 -0.000275581
25.54 -0.000270254
25.55 -0.00026403
25.56 -0.000256929
25.57 -0.000248975
25.58 -0.000240193
25.59 -0.000230613
25.6 -0.000220266
25.61 -0.000209186
25.62 -0.000197411
25.63 -0.000184981
25.64 -0.000171936
25.65 -0.000158321
25.66 -0.000144184
25.67 -0.000129571
25.68 -0.000114535
25.69 -9.91279e-05
25.7 -8.34039e-05
25.71 -6.74193e-05
25.72 -5.1232e-05
25.73 -3.49009e-05
25.74 -1.84861e-05
25.75 -2.04855e-06
25.76 1.43505e-05
25.77 3.06498e-05
25.78 4.67882e-05
25.79 6.27057e-05
25.8 7.83434e-05
25.81 9.36442e-05
25.82 0.000108553
25.83 0.000123018
25.84 0.000136989
25.85 0.000150419
25.86 0.000163266
25.87 0.00017549
25.88 0.000187054
25.89 0.000197925
25.9 0.000208074
25.91 0.000217472
25.92 0.000226096
25.93 0.000233924
25.94 0.000240937
25.95 0.000247118
25.96 0.000252452
25.97 0.000256927
25.98 0.000260533
25.99 0.000263262
26 0.000265107
26.01 0.000266064
26.02 0.000266133
26.03 0.000265315
26.04 0.000263612
26.05 0.00026103
26.06 0.00025758
26.07 0.00025327
26.08 0.000248117
26.09 0.000242137
26.1 0.000235348
26.11 0.000227774
26.12 0.000219439
26.13 0.000210371
26.14 0.0002006
26.15 0.000190159
26.16 0.000179084
26.17 0.000167412
26.18 0.000155182
26.19 0.000142437
26.2 0.000129221
26.21 0.00011558
26.22 0.000101562
26.23 8.72175e-05
26.24 7.25965e-05
26.25 5.77522e-05
26.26 4.27387e-05
26.27 2.76108e-05
26.28 1.24243e-05
26.29 -2.76469e-06
26.3 -1.78998e-05
26.31 -3.2925e-05
26.32 -4.77848e-05
26.33 -6.24246e-05
26.34 -7.67913e-05
26.35 -9.08336e-05
26.36 -0.000104502
26.37 -0.000117749
26.38 -0.000130531
26.39 -0.000142807
26.4 -0.000154536
26.41 -0.000165683
26.42 -0.000176216
26.43 -0.000186104
26.44 -0.000195319
26.45 -0.000203838
26.46 -0.000211636
26.47 -0.000218695
26.48 -0.000224996
26.49 -0.000230524
26.5 -0.000235266
26.51 -0.000239209
26.52 -0.000242343
26.53 -0.000244663
26.54 -0.000246162
26.55 -0.000246836
26.56 -0.000246686
26.57 -0.000245711
26.58 -0.000243917
26.59 -0.000241308
26.6 -0.000237894
26.61 -0.000233685
26.62 -0.000228696
26.63 -0.000222942
26.64 -0.000216442
26.65 -0.000209219
26.66 -0.000201295
26.67 -0.000192698
26.68 -0.000183456
26.69 -0.0001736
26.7 -0.000163165
26.71 -0.000152187
26.72 -0.000140702
26.73 -0.000128752
26.74 -0.000116378
26.75 -0.000103623
26.76 -9.05336e-05
26.77 -7.7156e-05
26.78 -6.35384e-05
26.79 -4.97303e-05
26.8 -3.5782e-05
26.81 -2.17447e-05
26.82 -7.66992e-06
26.83 6.39046e-06
26.84 2.03847e-05
26.85 3.42615e-05
26.86 4.79703e-05
26.87 6.14614e-05
26.88 7.46869e-05
26.89 8.76001e-05
26.9 0.000100156
26.91 0.000112314
26.92 0.000124032
26.93 0.000135273
26.94 0.000146002
26.95 0.000156186
26.96 0.000165795
26.97 0.000174803
26.98 0.000183183
26.99 0.000190912
27 0.000197971
27.01 0.00020434
27.02 0.000210003
27.03 0.000214945
27.04 0.000219154
27.05 0.000222619
27.06 0.000225332
27.07 0.000227285
27.08 0.000228473
27.09 0.000228895
27.1 0.00022855
27.11 0.000227438
27.12 0.000225565
27.13 0.000222935
27.14 0.000219559
27.15 0.000215447
27.16 0.000210611
27.17 0.000205069
27.18 0.000198839
27.19 0.000191941
27.2 0.000184398
27.21 0.000176236
27.22 0.000167483
27.23 0.000158168
27.24 0.000148325
27.25 0.000137987
27.26 0.000127189
27.27 0.000115971
27.28 0.000104372
27.29 9.24335e-05
27.3 8.01975e-05
27.31 6.77086e-05
27.32 5.50118e-05
27.33 4.21535e-05
27.34 2.91804e-05
27.35 1.61402e-05
27.36 3.08038e-06
27.37 -9.95112e-06
27.38 -2.29069e-05
27.39 -3.57398e-05
27.4 -4.84039e-05
27.41 -6.0854e-05
27.42 -7.30463e-05
27.43 -8.49388e-05
27.44 -9.6491e-05
27.45 -0.000107665
27.46 -0.000118423
27.47 -0.000128733
27.48 -0.000138561
27.49 -0.000147878
27.5 -0.000156658
27.51 -0.000164874
27.52 -0.000172503
27.53 -0.000179524
27.54 -0.000185918
27.55 -0.000191668
27.56 -0.000196758
27.57 -0.000201175
27.58 -0.000204908
27.59 -0.000207946
27.6 -0.000210282
27.61 -0.000211909
27.62 -0.000212823
27.63 -0.000213022
27.64 -0.000212507
27.65 -0.000211279
27.66 -0.000209341
27.67 -0.000206702
27.68 -0.000203369
27.69 -0.000199352
27.7 -0.000194667
27.71 -0.000189327
27.72 -0.000183351
27.73 -0.000176759
27.74 -0.000169573
27.75 -0.000161818
27.76 -0.00015352
27.77 -0.000144709
27.78 -0.000135415
27.79 -0.00012567
27.8 -0.000115509
27.81 -0.000104969
27.82 -9.40853e-05
27.83 -8.28987e-05
27.84 -7.14489e-05
27.85 -5.97773e-05
27.86 -4.79264e-05
27.87 -3.59392e-05
27.88 -2.38594e-05
27.89 -1.17311e-05
27.9 4.01665e-07
27.91 1.24948e-05
27.92 2.45047e-05
27.93 3.63882e-05
27.94 4.81031e-05
27.95 5.96084e-05
27.96 7.08642e-05
27.97 8.18321e-05
27.98 9.24754e-05
27.99 0.000102759
28 0.00011265
28.01 0.000122117
28.02 0.000131132
28.03 0.000139666
28.04 0.000147695
28.05 0.000155195
28.06 0.000162145
28.07 0.000168526
28.08 0.000174319
28.09 0.000179509
28.1 0.000184082
28.11 0.000188024
28.12 0.000191327
28.13 0.00019398
28.14 0.000195976
28.15 0.00019731
28.16 0.000197978
28.17 0.00019798
28.18 0.000197315
28.19 0.000195985
28.2 0.000193996
28.21 0.000191353
28.22 0.000188066
28.23 0.000184145
28.24 0.000179604
28.25 0.000174457
28.26 0.000168723
28.27 0.00016242
28.28 0.00015557
28.29 0.000148197
28.3 0.000140327
28.31 0.000131986
28.32 0.000123205
28.33 0.000114014
28.34 0.000104446
28.35 9.4536e-05
28.36 8.43182e-05
28.37 7.38299e-05
28.38 6.31091e-05
28.39 5.21945e-05
28.4 4.11257e-05
28.41 2.99429e-05
28.42 1.86867e-05
28.43 7.39793e-06
28.44 -3.8826e-06
28.45 -1.51143e-05
28.46 -2.62571e-05
28.47 -3.72715e-05
28.48 -4.81188e-05
28.49 -5.87615e-05
28.5 -6.91631e-05
28.51 -7.92887e-05
28.52 -8.91046e-05
28.53 -9.85791e-05
28.54 -0.000107682
28.55 -0.000116384
28.56 -0.00012466
28.57 -0.000132484
28.58 -0.000139832
28.59 -0.000146684
28.6 -0.000153019
28.61 -0.000158819
28.62 -0.000164069
28.63 -0.000168753
28.64 -0.000172859
28.65 -0.000176374
28.66 -0.000179289
28.67 -0.000181596
28.68 -0.000183288
28.69 -0.000184361
28.7 -0.000184812
28.71 -0.00018464
28.72 -0.000183846
28.73 -0.000182432
28.74 -0.000180404
28.75 -0.000177768
28.76 -0.000174532
28.77 -0.000170708
28.78 -0.000166309
28.79 -0.00016135
28.8 -0.000155847
28.81 -0.000149819
28.82 -0.000143288
28.83 -0.000136276
28.84 -0.000128808
28.85 -0.000120909
28.86 -0.000112609
28.87 -0.000103936
28.88 -9.49221e-05
28.89 -8.55988e-05
28.9 -7.6e-05
28.91 -6.61602e-05
28.92 -5.61152e-05
28.93 -4.59012e-05
28.94 -3.55552e-05
28.95 -2.51147e-05
28.96 -1.46175e-05
28.97 -4.10127e-06
28.98 6.39619e-06
28.99 1.68375e-05
29 2.71856e-05
29.01 3.74044e-05
29.02 4.74582e-05
29.03 5.73128e-05
29.04 6.69347e-05
29.05 7.62918e-05
29.06 8.53536e-05
29.07 9.40906e-05
29.08 0.000102475
29.09 0.000110481
29.1 0.000118084
29.11 0.000125261
29.12 0.000131989
29.13 0.000138251
29.14 0.000144026
29.15 0.000149299
29.16 0.000154054
29.17 0.000158278
29.18 0.000161959
29.19 0.000165086
29.2 0.00016765
29.21 0.000169644
29.22 0.000171062
29.23 0.000171901
29.24 0.000172158
29.25 0.000171832
29.26 0.000170926
29.27 0.000169441
29.28 0.000167384
29.29 0.000164761
29.3 0.000161581
29.31 0.000157854
29.32 0.000153595
29.33 0.000148817
29.34 0.000143536
29.35 0.000137771
29.36 0.000131543
29.37 0.000124873
29.38 0.000117785
29.39 0.000110304
29.4 0.000102456
29.41 9.42699e-05
29.42 8.57748e-05
29.43 7.70014e-05
29.44 6.79811e-05
29.45 5.87467e-05
29.46 4.93314e-05
29.47 3.97693e-05
29.48 3.00949e-05
29.49 2.0343e-05
29.5 1.05487e-05
29.51 7.47043e-07
29.52 -9.02716e-06
29.53 -1.87394e-05
29.54 -2.83555e-05
29.55 -3.78422e-05
29.56 -4.7167e-05
29.57 -5.6298e-05
29.58 -6.52048e-05
29.59 -7.38579e-05
29.6 -8.22291e-05
29.61 -9.02915e-05
29.62 -9.80195e-05
29.63 -0.000105389
29.64 -0.000112378
29.65 -0.000118964
29.66 -0.000125127
29.67 -0.00013085
29.68 -0.000136116
29.69 -0.000140909
29.7 -0.000145214
29.71 -0.000149021
29.72 -0.000152316
29.73 -0.000155092
29.74 -0.000157339
29.75 -0.000159052
29.76 -0.000160225
29.77 -0.000160855
29.78 -0.00016094
29.79 -0.000160481
29.8 -0.000159479
29.81 -0.000157938
29.82 -0.000155863
29.83 -0.000153262
29.84 -0.000150142
29.85 -0.000146515
29.86 -0.000142394
29.87 -0.000137793
29.88 -0.000132727
29.89 -0.000127215
29.9 -0.000121276
29.91 -0.000114932
29.92 -0.000108203
29.93 -0.000101116
29.94 -9.36946e-05
29.95 -8.59659e-05
29.96 -7.79577e-05
29.97 -6.96988e-05
29.98 -6.12191e-05
29.99 -5.2549e-05
30 -4.372e-05
30.01 -3.47638e-05
30.02 -2.57125e-05
30.03 -1.65986e-05
30.04 -7.45476e-06
30.05 1.6867e-06
30.06 1.07935e-05
30.07 1.98336e-05
30.08 2.87758e-05
30.09 3.75892e-05
30.1 4.62438e-05
30.11 5.47104e-05
30.12 6.29609e-05
30.13 7.09682e-05
30.14 7.87063e-05
30.15 8.61504e-05
30.16 9.32769e-05
30.17 0.000100064
30.18 0.000106489
30.19 0.000112535
30.2 0.000118181
30.21 0.000123412
30.22 0.000128211
30.23 0.000132565
30.24 0.00013646
30.25 0.000139885
30.26 0.00014283
30.27 0.000145286
30.28 0.000147245
30.29 0.000148703
30.3 0.000149655
30.31 0.000150098
30.32 0.000150031
30.33 0.000149455
30.34 0.000148372
30.35 0.000146786
30.36 0.000144703
30.37 0.000142129
30.38 0.000139073
30.39 0.000135547
30.4 0.000131562
30.41 0.000127133
30.42 0.000122276
30.43 0.000117006
30.44 0.000111344
30.45 0.000105309
30.46 9.89234e-05
30.47 9.22092e-05
30.48 8.51907e-05
30.49 7.78934e-05
30.5 7.03434e-05
30.51 6.2568e-05
30.52 5.45951e-05
30.53 4.64535e-05
30.54 3.81725e-05
30.55 2.97816e-05
30.56 2.1311e-05
30.57 1.27908e-05
30.58 4.25122e-06
30.59 -4.27762e-06
30.6 -1.27659e-05
30.61 -2.1184e-05
30.62 -2.9503e-05
30.63 -3.76945e-05
30.64 -4.57307e-05
30.65 -5.35849e-05
30.66 -6.12309e-05
30.67 -6.86438e-05
30.68 -7.57995e-05
30.69 -8.26753e-05
30.7 -8.92492e-05
30.71 -9.55007e-05
30.72 -0.00010141
30.73 -0.00010696
30.74 -0.000112133
30.75 -0.000116913
30.76 -0.000121286
30.77 -0.000125238
30.78 -0.000128759
30.79 -0.000131837
30.8 -0.000134463
30.81 -0.000136629
30.82 -0.000138329
30.83 -0.000139558
30.84 -0.000140312
30.85 -0.000140589
30.86 -0.000140389
30.87 -0.000139713
30.88 -0.000138564
30.89 -0.000136944
30.9 -0.000134861
30.91 -0.000132322
30.92 -0.000129335
30.93 -0.000125911
30.94 -0.000122062
30.95 -0.000117802
30.96 -0.000113146
30.97 -0.00010811
30.98 -0.000102713
30.99 -9.69738e-05
31 -9.09129e-05
31.01 -8.45522e-05
31.02 -7.79144e-05
31.03 -7.10236e-05
31.04 -6.39045e-05
31.05 -5.65827e-05
31.06 -4.90846e-05
31.07 -4.1437e-05
31.08 -3.36674e-05
31.09 -2.58034e-05
31.1 -1.78731e-05
31.11 -9.90448e-06
31.12 -1.92572e-06
31.13 6.03528e-06
31.14 1.39508e-05
31.15 2.17936e-05
31.16 2.95367e-05
31.17 3.71539e-05
31.18 4.46196e-05
31.19 5.19089e-05
31.2 5.89977e-05
31.21 6.5863e-05
31.22 7.24826e-05
31.23 7.88351e-05
31.24 8.49006e-05
31.25 9.06599e-05
31.26 9.6095e-05
31.27 0.000101189
31.28 0.000105927
31.29 0.000110293
31.3 0.000114274
31.31 0.00011786
31.32 0.000121037
31.33 0.000123798
31.34 0.000126133
31.35 0.000128035
31.36 0.0001295
31.37 0.000130522
31.38 0.000131098
31.39 0.000131228
31.4 0.000130911
31.41 0.000130149
31.42 0.000128944
31.43 0.000127301
31.44 0.000125226
31.45 0.000122726
31.46 0.000119811
31.47 0.00011649
31.48 0.000112775
31.49 0.00010868
31.5 0.00010422
31.51 9.94092e-05
31.52 9.42663e-05
31.53 8.88094e-05
31.54 8.30581e-05
31.55 7.7033e-05
31.56 7.07558e-05
31.57 6.42492e-05
31.58 5.75364e-05
31.59 5.06416e-05
31.6 4.35894e-05
31.61 3.64052e-05
31.62 2.91144e-05
31.63 2.17431e-05
31.64 1.43173e-05
31.65 6.86309e-06
31.66 -5.93374e-07
31.67 -8.02615e-06
31.68 -1.54095e-05
31.69 -2.27182e-05
31.7 -2.99273e-05
31.71 -3.70124e-05
31.72 -4.39499e-05
31.73 -5.07167e-05
31.74 -5.72905e-05
31.75 -6.365e-05
31.76 -6.97745e-05
31.77 -7.56445e-05
31.78 -8.12412e-05
31.79 -8.65471e-05
31.8 -9.15453e-05
31.81 -9.62204e-05
31.82 -0.000100558
31.83 -0.000104544
31.84 -0.000108167
31.85 -0.000111416
31.86 -0.00011428
31.87 -0.000116752
31.88 -0.000118822
31.89 -0.000120486
31.9 -0.000121738
31.91 -0.000122575
31.92 -0.000122993
31.93 -0.000122993
31.94 -0.000122575
31.95 -0.00012174
31.96 -0.000120492
31.97 -0.000118836
31.98 -0.000116777
31.99 -0.000114322
32 -0.000111481
32.01 -0.000108264
32.02 -0.000104683
32.03 -0.000100749
32.04 -9.64782e-05
32.05 -9.18849e-05
32.06 -8.69858e-05
32.07 -8.17985e-05
32.08 -7.63416e-05
32.09 -7.06349e-05
32.1 -6.46988e-05
32.11 -5.85547e-05
32.12 -5.22245e-05
32.13 -4.57309e-05
32.14 -3.90971e-05
32.15 -3.23468e-05
32.16 -2.55039e-05
32.17 -1.85925e-05
32.18 -1.16371e-05
32.19 -4.66198e-06
32.2 2.3086e-06
32.21 9.25048e-06
32.22 1.61398e-05
32.23 2.2953e-05
32.24 2.9667e-05
32.25 3.62593e-05
32.26 4.27077e-05
32.27 4.89911e-05
32.28 5.50886e-05
32.29 6.09805e-05
32.3 6.66477e-05
32.31 7.2072e-05
32.32 7.7236e-05
32.33 8.21234e-05
32.34 8.67189e-05
32.35 9.10079e-05
32.36 9.4977e-05
32.37 9.8614e-05
32.38 0.000101908
32.39 0.000104848
32.4 0.000107425
32.41 0.000109632
32.42 0.000111461
32.43 0.000112908
32.44 0.000113968
32.45 0.000114637
32.46 0.000114915
32.47 0.0001148
32.48 0.000114294
32.49 0.000113399
32.5 0.000112118
32.51 0.000110455
32.52 0.000108418
32.53 0.000106013
32.54 0.000103249
32.55 0.000100136
32.56 9.66856e-05
32.57 9.29099e-05
32.58 8.88227e-05
32.59 8.44385e-05
32.6 7.97733e-05
32.61 7.48437e-05
32.62 6.96675e-05
32.63 6.42633e-05
32.64 5.86504e-05
32.65 5.28491e-05
32.66 4.688e-05
32.67 4.07645e-05
32.68 3.45242e-05
32.69 2.81814e-05
32.7 2.17583e-05
32.71 1.52777e-05
32.72 8.76228e-06
32.73 2.23465e-06
32.74 -4.28253e-06
32.75 -1.07668e-05
32.76 -1.7196e-05
32.77 -2.35482e-05
32.78 -2.9802e-05
32.79 -3.59364e-05
32.8 -4.19309e-05
32.81 -4.77659e-05
32.82 -5.34219e-05
32.83 -5.88808e-05
32.84 -6.41247e-05
32.85 -6.91367e-05
32.86 -7.39009e-05
32.87 -7.8402e-05
32.88 -8.26258e-05
32.89 -8.6559e-05
32.9 -9.01892e-05
32.91 -9.35051e-05
32.92 -9.64964e-05
32.93 -9.91537e-05
32.94 -0.000101469
32.95 -0.000103435
32.96 -0.000105045
32.97 -0.000106296
32.98 -0.000107183
32.99 -0.000107703
33 -0.000107856
33.01 -0.000107642
33.02 -0.000107061
33.03 -0.000106116
33.04 -0.000104811
33.05 -0.000103151
33.06 -0.000101141
33.07 -9.87895e-05
33.08 -9.61048e-05
33.09 -9.30965e-05
33.1 -8.97755e-05
33.11 -8.61539e-05
33.12 -8.22448e-05
33.13 -7.80621e-05
33.14 -7.3621e-05
33.15 -6.89375e-05
33.16 -6.40283e-05
33.17 -5.89111e-05
33.18 -5.36043e-05
33.19 -4.81267e-05
33.2 -4.24979e-05
33.21 -3.67379e-05
33.22 -3.08672e-05
33.23 -2.49064e-05
33.24 -1.88766e-05
33.25 -1.27989e-05
33.26 -6.69438e-06
33.27 -5.84338e-07
33.28 5.51018e-06
33.29 1.15683e-05
33.3 1.75692e-05
33.31 2.34927e-05
33.32 2.93188e-05
33.33 3.5028e-05
33.34 4.06012e-05
33.35 4.60201e-05
33.36 5.12669e-05
33.37 5.63244e-05
33.38 6.11762e-05
33.39 6.58067e-05
33.4 7.0201e-05
33.41 7.4345e-05
33.42 7.82256e-05
33.43 8.18304e-05
33.44 8.51482e-05
33.45 8.81685e-05
33.46 9.08817e-05
33.47 9.32796e-05
33.48 9.53547e-05
33.49 9.71005e-05
33.5 9.85119e-05
33.51 9.95845e-05
33.52 0.000100315
33.53 0.000100702
33.54 0.000100745
33.55 0.000100443
33.56 9.97988e-05
33.57 9.88143e-05
33.58 9.74935e-05
33.59 9.58415e-05
33.6 9.38644e-05
33.61 9.15695e-05
33.62 8.89651e-05
33.63 8.60609e-05
33.64 8.28672e-05
33.65 7.93956e-05
33.66 7.56588e-05
33.67 7.16701e-05
33.68 6.7444e-05
33.69 6.29955e-05
33.7 5.83408e-05
33.71 5.34963e-05
33.72 4.84795e-05
33.73 4.33082e-05
33.74 3.80008e-05
33.75 3.25761e-05
33.76 2.70532e-05
33.77 2.14516e-05
33.78 1.57909e-05
33.79 1.00909e-05
33.8 4.37132e-06
33.81 -1.34803e-06
33.82 -7.04748e-06
33.83 -1.27075e-05
33.84 -1.8309e-05
33.85 -2.38328e-05
33.86 -2.92605e-05
33.87 -3.45738e-05
33.88 -3.97552e-05
33.89 -4.47875e-05
33.9 -4.96542e-05
33.91 -5.43393e-05
33.92 -5.88276e-05
33.93 -6.31046e-05
33.94 -6.71565e-05
33.95 -7.09704e-05
33.96 -7.4534e-05
33.97 -7.78361e-05
33.98 -8.08661e-05
33.99 -8.36146e-05
34 -8.60729e-05
34.01 -8.82333e-05
34.02 -9.00892e-05
34.03 -9.16348e-05
34.04 -9.28656e-05
34.05 -9.37779e-05
34.06 -9.4369e-05
34.07 -9.46376e-05
34.08 -9.45832e-05
34.09 -9.42064e-05
34.1 -9.35091e-05
34.11 -9.24941e-05
34.12 -9.11653e-05
34.13 -8.95278e-05
34.14 -8.75877e-05
34.15 -8.53522e-05
34.16 -8.28294e-05
34.17 -8.00285e-05
34.18 -7.69598e-05
34.19 -7.36344e-05
34.2 -7.00641e-05
34.21 -6.6262e-05
34.22 -6.22417e-05
34.23 -5.80176e-05
34.24 -5.36049e-05
34.25 -4.90192e-05
34.26 -4.4277e-05
34.27 -3.93951e-05
34.28 -3.43907e-05
34.29 -2.92816e-05
34.3 -2.40857e-05
34.31 -1.88213e-05
34.32 -1.35067e-05
34.33 -8.16042e-06
34.34 -2.80096e-06
34.35 2.55321e-06
34.36 7.88374e-06
34.37 1.31724e-05
34.38 1.84013e-05
34.39 2.35527e-05
34.4 2.86094e-05
34.41 3.35545e-05
34.42 3.83714e-05
34.43 4.30444e-05
34.44 4.7558e-05
34.45 5.18974e-05
34.46 5.60485e-05
34.47 5.99979e-05
34.48 6.37328e-05
34.49 6.72412e-05
34.5 7.05118e-05
34.51 7.35343e-05
34.52 7.62991e-05
34.53 7.87974e-05
34.54 8.10213e-05
34.55 8.29641e-05
34.56 8.46195e-05
34.57 8.59827e-05
34.58 8.70495e-05
34.59 8.78168e-05
34.6 8.82826e-05
34.61 8.84457e-05
34.62 8.83061e-05
34.63 8.78648e-05
34.64 8.71237e-05
34.65 8.60859e-05
34.66 8.47555e-05
34.67 8.31374e-05
34.68 8.12377e-05
34.69 7.90634e-05
34.7 7.66226e-05
34.71 7.39241e-05
34.72 7.09777e-05
34.73 6.77941e-05
34.74 6.43848e-05
34.75 6.07621e-05
34.76 5.6939e-05
34.77 5.29291e-05
34.78 4.87468e-05
34.79 4.4407e-05
34.8 3.99251e-05
34.81 3.5317e-05
34.82 3.0599e-05
34.83 2.57876e-05
34.84 2.08998e-05
34.85 1.59526e-05
34.86 1.09632e-05
34.87 5.94897e-06
34.88 9.27195e-07
34.89 -4.08487e-06
34.9 -9.07008e-06
34.91 -1.40115e-05
34.92 -1.88923e-05
34.93 -2.3696e-05
34.94 -2.84067e-05
34.95 -3.30084e-05
34.96 -3.74859e-05
34.97 -4.18245e-05
34.98 -4.60098e-05
34.99 -5.00281e-05
35 -5.38663e-05
35.01 -5.75119e-05
35.02 -6.09531e-05
35.03 -6.4179e-05
35.04 -6.7179e-05
35.05 -6.99436e-05
35.06 -7.24642e-05
35.07 -7.47325e-05
35.08 -7.67417e-05
35.09 -7.84854e-05
35.1 -7.99582e-05
35.11 -8.11556e-05
35.12 -8.20742e-05
35.13 -8.27113e-05
35.14 -8.30653e-05
35.15 -8.31354e-05
35.16 -8.29219e-05
35.17 -8.2426e-05
35.18 -8.16499e-05
35.19 -8.05967e-05
35.2 -7.92705e-05
35.21 -7.76763e-05
35.22 -7.58202e-05
35.23 -7.37089e-05
35.24 -7.13502e-05
35.25 -6.87528e-05
35.26 -6.5926e-05
35.27 -6.28802e-05
35.28 -5.96261e-05
35.29 -5.61757e-05
35.3 -5.25412e-05
35.31 -4.87356e-05
35.32 -4.47725e-05
35.33 -4.0666e-05
35.34 -3.64306e-05
35.35 -3.20813e-05
35.36 -2.76334e-05
35.37 -2.31025e-05
35.38 -1.85045e-05
35.39 -1.38553e-05
35.4 -9.17125e-06
35.41 -4.46838e-06
35.42 2.37049e-07
35.43 4.92892e-06
35.44 9.5912e-06
35.45 1.4208e-05
35.46 1.87638e-05
35.47 2.32432e-05
35.48 2.76311e-05
35.49 3.19129e-05
35.5 3.60744e-05
35.51 4.01018e-05
35.52 4.39819e-05
35.53 4.77018e-05
35.54 5.12495e-05
35.55 5.46134e-05
35.56 5.77826e-05
35.57 6.0747e-05
35.58 6.34968e-05
35.59 6.60235e-05
35.6 6.83189e-05
35.61 7.03758e-05
35.62 7.21878e-05
35.63 7.37492e-05
35.64 7.50553e-05
35.65 7.61021e-05
35.66 7.68865e-05
35.67 7.74064e-05
35.68 7.76605e-05
35.69 7.76484e-05
35.7 7.73707e-05
35.71 7.68288e-05
35.72 7.6025e-05
35.73 7.49625e-05
35.74 7.36454e-05
35.75 7.20788e-05
35.76 7.02685e-05
35.77 6.82212e-05
35.78 6.59444e-05
35.79 6.34464e-05
35.8 6.07363e-05
35.81 5.78238e-05
35.82 5.47195e-05
35.83 5.14345e-05
35.84 4.79805e-05
35.85 4.43699e-05
35.86 4.06154e-05
35.87 3.67305e-05
35.88 3.27288e-05
35.89 2.86245e-05
35.9 2.44319e-05
35.91 2.01657e-05
35.92 1.58409e-05
35.93 1.14724e-05
35.94 7.07543e-06
35.95 2.6651e-06
35.96 -1.74342e-06
35.97 -6.13504e-06
35.98 -1.04948e-05
35.99 -1.48078e-05
36 -1.90596e-05
36.01 -2.32358e-05
36.02 -2.73224e-05
36.03 -3.13058e-05
36.04 -3.51728e-05
36.05 -3.89104e-05
36.06 -4.25065e-05
36.07 -4.59491e-05
36.08 -4.92271e-05
36.09 -5.23298e-05
36.1 -5.5247e-05
36.11 -5.79695e-05
36.12 -6.04884e-05
36.13 -6.27956e-05
36.14 -6.4884e-05
36.15 -6.67468e-05
36.16 -6.83782e-05
36.17 -6.97732e-05
36.18 -7.09275e-05
36.19 -7.18378e-05
36.2 -7.25013e-05
36.21 -7.29163e-05
36.22 -7.30819e-05
36.23 -7.29979e-05
36.24 -7.26652e-05
36.25 -7.20853e-05
36.26 -7.12607e-05
36.27 -7.01946e-05
36.28 -6.88913e-05
36.29 -6.73555e-05
36.3 -6.55931e-05
36.31 -6.36105e-05
36.32 -6.1415e-05
36.33 -5.90147e-05
36.34 -5.64181e-05
36.35 -5.36348e-05
36.36 -5.06746e-05
36.37 -4.75482e-05
36.38 -4.42667e-05
36.39 -4.08419e-05
36.4 -3.72859e-05
36.41 -3.36112e-05
36.42 -2.98309e-05
36.43 -2.59581e-05
36.44 -2.20066e-05
36.45 -1.799e-05
36.46 -1.39224e-05
36.47 -9.81782e-06
36.48 -5.69055e-06
36.49 -1.55477e-06
36.5 2.57533e-06
36.51 6.68564e-06
36.52 1.07622e-05
36.53 1.4791e-05
36.54 1.87587e-05
36.55 2.26518e-05
36.56 2.64572e-05
36.57 3.01623e-05
36.58 3.37548e-05
36.59 3.72226e-05
36.6 4.05545e-05
36.61 4.37395e-05
36.62 4.67671e-05
36.63 4.96274e-05
36.64 5.23113e-05
36.65 5.48099e-05
36.66 5.71154e-05
36.67 5.92203e-05
36.68 6.11179e-05
36.69 6.28023e-05
36.7 6.42682e-05
36.71 6.55111e-05
36.72 6.65272e-05
36.73 6.73136e-05
36.74 6.7868e-05
36.75 6.8189e-05
36.76 6.8276e-05
36.77 6.81291e-05
36.78 6.77493e-05
36.79 6.71384e-05
36.8 6.62988e-05
36.81 6.52339e-05
36.82 6.39479e-05
36.83 6.24455e-05
36.84 6.07323e-05
36.85 5.88147e-05
36.86 5.66997e-05
36.87 5.43949e-05
36.88 5.19088e-05
36.89 4.92502e-05
36.9 4.64288e-05
36.91 4.34546e-05
36.92 4.03381e-05
36.93 3.70905e-05
36.94 3.37233e-05
36.95 3.02483e-05
36.96 2.66779e-05
36.97 2.30244e-05
36.98 1.93007e-05
36.99 1.55197e-05
37 1.16947e-05
37.01 7.8388e-06
37.02 3.96535e-06
37.03 8.76686e-08
37.04 -3.78095e-06
37.05 -7.62731e-06
37.06 -1.14383e-05
37.07 -1.52011e-05
37.08 -1.89028e-05
37.09 -2.25312e-05
37.1 -2.6074e-05
37.11 -2.95194e-05
37.12 -3.28559e-05
37.13 -3.60725e-05
37.14 -3.91586e-05
37.15 -4.2104e-05
37.16 -4.48992e-05
37.17 -4.75349e-05
37.18 -5.00026e-05
37.19 -5.22944e-05
37.2 -5.44029e-05
37.21 -5.63213e-05
37.22 -5.80436e-05
37.23 -5.95644e-05
37.24 -6.0879e-05
37.25 -6.19832e-05
37.26 -6.28739e-05
37.27 -6.35483e-05
37.28 -6.40048e-05
37.29 -6.4242e-05
37.3 -6.42598e-05
37.31 -6.40584e-05
37.32 -6.3639e-05
37.33 -6.30034e-05
37.34 -6.21543e-05
37.35 -6.1095e-05
37.36 -5.98296e-05
37.37 -5.83627e-05
37.38 -5.67e-05
37.39 -5.48474e-05
37.4 -5.28118e-05
37.41 -5.06005e-05
37.42 -4.82216e-05
37.43 -4.56835e-05
37.44 -4.29955e-05
37.45 -4.0167e-05
37.46 -3.72081e-05
37.47 -3.41294e-05
37.48 -3.09417e-05
37.49 -2.76562e-05
37.5 -2.42845e-05
37.51 -2.08384e-05
37.52 -1.73299e-05
37.53 -1.37712e-05
37.54 -1.01746e-05
37.55 -6.55271e-06
37.56 -2.91787e-06
37.57 7.17414e-07
37.58 4.34069e-06
37.59 7.9396e-06
37.6 1.15019e-05
37.61 1.50156e-05
37.62 1.84687e-05
37.63 2.18498e-05
37.64 2.51473e-05
37.65 2.83505e-05
37.66 3.14485e-05
37.67 3.44311e-05
37.68 3.72886e-05
37.69 4.00114e-05
37.7 4.25907e-05
37.71 4.50181e-05
37.72 4.72857e-05
37.73 4.93862e-05
37.74 5.13128e-05
37.75 5.30594e-05
37.76 5.46205e-05
37.77 5.59911e-05
37.78 5.71671e-05
37.79 5.81448e-05
37.8 5.89214e-05
37.81 5.94946e-05
37.82 5.9863e-05
37.83 6.00255e-05
37.84 5.99823e-05
37.85 5.97337e-05
37.86 5.92811e-05
37.87 5.86264e-05
37.88 5.77724e-05
37.89 5.67223e-05
37.9 5.54801e-05
37.91 5.40505e-05
37.92 5.24388e-05
37.93 5.0651e-05
37.94 4.86934e-05
37.95 4.65733e-05
37.96 4.42983e-05
37.97 4.18766e-05
37.98 3.93167e-05
37.99 3.66279e-05
38 3.38196e-05
38.01 3.09019e-05
38.02 2.7885e-05
38.03 2.47794e-05
38.04 2.15962e-05
38.05 1.83464e-05
38.06 1.50414e-05
38.07 1.16926e-05
38.08 8.31162e-06
38.09 4.91015e-06
38.1 1.4999e-06
38.11 -1.90744e-06
38.12 -5.30023e-06
38.13 -8.6669e-06
38.14 -1.1996e-05
38.15 -1.52763e-05
38.16 -1.84968e-05
38.17 -2.16465e-05
38.18 -2.4715e-05
38.19 -2.76921e-05
38.2 -3.05677e-05
38.21 -3.33325e-05
38.22 -3.59772e-05
38.23 -3.84932e-05
38.24 -4.08722e-05
38.25 -4.31066e-05
38.26 -4.51889e-05
38.27 -4.71127e-05
38.28 -4.88716e-05
38.29 -5.046e-05
38.3 -5.1873e-05
38.31 -5.31061e-05
38.32 -5.41556e-05
38.33 -5.50182e-05
38.34 -5.56915e-05
38.35 -5.61735e-05
38.36 -5.6463e-05
38.37 -5.65594e-05
38.38 -5.64628e-05
38.39 -5.61739e-05
38.4 -5.56941e-05
38.41 -5.50255e-05
38.42 -5.41707e-05
38.43 -5.3133e-05
38.44 -5.19165e-05
38.45 -5.05256e-05
38.46 -4.89654e-05
38.47 -4.72418e-05
38.48 -4.53609e-05
38.49 -4.33297e-05
38.5 -4.11553e-05
38.51 -3.88456e-05
38.52 -3.64088e-05
38.53 -3.38537e-05
38.54 -3.11892e-05
38.55 -2.84247e-05
38.56 -2.55701e-05
38.57 -2.26353e-05
38.58 -1.96306e-05
38.59 -1.65665e-05
38.6 -1.34537e-05
38.61 -1.03029e-05
38.62 -7.12506e-06
38.63 -3.93113e-06
38.64 -7.32075e-07
38.65 2.46113e-06
38.66 5.63759e-06
38.67 8.78649e-06
38.68 1.18971e-05
38.69 1.4959e-05
38.7 1.79618e-05
38.71 2.08954e-05
38.72 2.37501e-05
38.73 2.65162e-05
38.74 2.91846e-05
38.75 3.17465e-05
38.76 3.41933e-05
38.77 3.65172e-05
38.78 3.87104e-05
38.79 4.07658e-05
38.8 4.26768e-05
38.81 4.44371e-05
38.82 4.60413e-05
38.83 4.74841e-05
38.84 4.8761e-05
38.85 4.98681e-05
38.86 5.08019e-05
38.87 5.15597e-05
38.88 5.21393e-05
38.89 5.2539e-05
38.9 5.27579e-05
38.91 5.27957e-05
38.92 5.26525e-05
38.93 5.23293e-05
38.94 5.18275e-05
38.95 5.11492e-05
38.96 5.02972e-05
38.97 4.92748e-05
38.98 4.80857e-05
38.99 4.67344e-05
39 4.52259e-05
39.01 4.35658e-05
39.02 4.176e-05
39.03 3.98151e-05
39.04 3.77381e-05
39.05 3.55363e-05
39.06 3.32178e-05
39.07 3.07906e-05
39.08 2.82633e-05
39.09 2.5645e-05
39.1 2.29448e-05
39.11 2.01721e-05
39.12 1.73367e-05
39.13 1.44484e-05
39.14 1.15173e-05
39.15 8.55347e-06
39.16 5.56724e-06
39.17 2.56886e-06
39.18 -4.31387e-07
39.19 -3.42322e-06
39.2 -6.39645e-06
39.21 -9.34095e-06
39.22 -1.22467e-05
39.23 -1.5104e-05
39.24 -1.79031e-05
39.25 -2.06346e-05
39.26 -2.32895e-05
39.27 -2.58588e-05
39.28 -2.83341e-05
39.29 -3.07071e-05
39.3 -3.297e-05
39.31 -3.51153e-05
39.32 -3.71361e-05
39.33 -3.90258e-05
39.34 -4.07783e-05
39.35 -4.23879e-05
39.36 -4.38494e-05
39.37 -4.51583e-05
39.38 -4.63104e-05
39.39 -4.73022e-05
39.4 -4.81306e-05
39.41 -4.87932e-05
39.42 -4.92881e-05
39.43 -4.9614e-05
39.44 -4.977e-05
39.45 -4.97561e-05
39.46 -4.95727e-05
39.47 -4.92207e-05
39.48 -4.87017e-05
39.49 -4.80178e-05
39.5 -4.71718e-05
39.51 -4.61669e-05
39.52 -4.50069e-05
39.53 -4.3696e-05
39.54 -4.22392e-05
39.55 -4.06417e-05
39.56 -3.89093e-05
39.57 -3.70483e-05
39.58 -3.50653e-05
39.59 -3.29675e-05
39.6 -3.07622e-05
39.61 -2.84574e-05
39.62 -2.60612e-05
39.63 -2.35819e-05
39.64 -2.10283e-05
39.65 -1.84094e-05
39.66 -1.57343e-05
39.67 -1.30123e-05
39.68 -1.02528e-05
39.69 -7.46547e-06
39.7 -4.65981e-06
39.71 -1.84551e-06
39.72 9.67769e-07
39.73 3.77042e-06
39.74 6.55288e-06
39.75 9.3057e-06
39.76 1.20195e-05
39.77 1.46853e-05
39.78 1.72939e-05
39.79 1.98366e-05
39.8 2.2305e-05
39.81 2.46908e-05
39.82 2.69861e-05
39.83 2.91832e-05
39.84 3.1275e-05
39.85 3.32546e-05
39.86 3.51156e-05
39.87 3.68517e-05
39.88 3.84576e-05
39.89 3.99279e-05
39.9 4.1258e-05
39.91 4.24437e-05
