0.01 -1.20867e-07
0.02 -6.63813e-08
0.03 1.01625e-07
0.04 4.36051e-07
0.05 9.30347e-07
0.06 1.52755e-06
0.07 2.17413e-06
0.08 2.86266e-06
0.09 3.6251e-06
0.1 4.49233e-06
0.11 5.46503e-06
0.12 6.52065e-06
0.13 7.64049e-06
0.14 8.82503e-06
0.15 1.00836e-05
0.16 1.1411e-05
0.17 1.27773e-05
0.18 1.41508e-05
0.19 1.55402e-05
0.2 1.70035e-05
0.21 1.85832e-05
0.22 2.02282e-05
0.23 2.18131e-05
0.24 2.32549e-05
0.25 2.45943e-05
0.26 2.59562e-05
0.27 2.74407e-05
0.28 2.9039e-05
0.29 3.06324e-05
0.3 3.20731e-05
0.31 3.32806e-05
0.32 3.42935e-05
0.33 3.52762e-05
0.34 3.64667e-05
0.35 3.80246e-05
0.36 3.98428e-05
0.37 4.15357e-05
0.38 4.27153e-05
0.39 4.33279e-05
0.4 4.37013e-05
0.41 4.42306e-05
0.42 4.49978e-05
0.43 4.56694e-05
0.44 4.57618e-05
0.45 4.5072e-05
0.46 4.39617e-05
0.47 4.32446e-05
0.48 4.36308e-05
0.49 4.5052e-05
0.5 4.64815e-05
0.51 4.66362e-05
0.52 4.51633e-05
0.53 4.32057e-05
0.54 4.25272e-05
0.55 4.37659e-05
0.56 4.55361e-05
0.57 4.55324e-05
0.58 4.27472e-05
0.59 3.8563e-05
0.6 3.55006e-05
0.61 3.48329e-05
0.62 3.54045e-05
0.63 3.4715e-05
0.64 3.12086e-05
0.65 2.57093e-05
0.66 2.06667e-05
0.67 1.76822e-05
0.68 1.54601e-05
0.69 1.04357e-05
0.7 1.43491e-07
0.71 -1.36604e-05
0.72 -2.56314e-05
0.73 -3.12868e-05
0.74 -3.11789e-05
0.75 -3.05496e-05
0.76 -3.46368e-05
0.77 -4.42601e-05
0.78 -5.59814e-05
0.79 -6.61479e-05
0.8 -7.40611e-05
0.81 -8.11555e-05
0.82 -8.81218e-05
0.83 -9.38946e-05
0.84 -9.7363e-05
0.85 -9.91446e-05
0.86 -0.000101182
0.87 -0.000104958
0.88 -0.000110476
0.89 -0.000116652
0.9 -0.000122138
0.91 -0.000125979
0.92 -0.000128355
0.93 -0.000130942
0.94 -0.000135722
0.95 -0.000142612
0.96 -0.0001486
0.97 -0.000150187
0.98 -0.000147029
0.99 -0.000142667
1 -0.000141349
1.01 -0.000144303
1.02 -0.000149285
1.03 -0.00015341
1.04 -0.000155911
1.05 -0.000158021
1.06 -0.000160771
1.07 -0.000163577
1.08 -0.000164926
1.09 -0.000163871
1.1 -0.000160768
1.11 -0.000157074
1.12 -0.000154785
1.13 -0.000155519
1.14 -0.000159187
1.15 -0.000163266
1.16 -0.000163935
1.17 -0.00015871
1.18 -0.000148336
1.19 -0.000136041
1.2 -0.000124781
1.21 -0.000115216
1.22 -0.000106255
1.23 -9.70195e-05
1.24 -8.78507e-05
1.25 -7.96429e-05
1.26 -7.25881e-05
1.27 -6.56383e-05
1.28 -5.72788e-05
1.29 -4.70738e-05
1.3 -3.6317e-05
1.31 -2.65959e-05
1.32 -1.74441e-05
1.33 -5.8022e-06
1.34 1.15325e-05
1.35 3.44571e-05
1.36 5.84381e-05
1.37 7.70473e-05
1.38 8.62514e-05
1.39 8.72808e-05
1.4 8.62958e-05
1.41 9.10522e-05
1.42 0.000106233
1.43 0.000130335
1.44 0.000156717
1.45 0.000178382
1.46 0.000192547
1.47 0.000201083
1.48 0.000206852
1.49 0.000210044
1.5 0.000208461
1.51 0.000201319
1.52 0.000192172
1.53 0.000187164
1.54 0.000189709
1.55 0.000196924
1.56 0.000201758
1.57 0.000198704
1.58 0.000187491
1.59 0.000172008
1.6 0.000156776
1.61 0.000144449
1.62 0.000135358
1.63 0.000128199
1.64 0.000121163
1.65 0.000113344
1.66 0.00010567
1.67 0.00010017
1.68 9.80137e-05
1.69 9.8376e-05
1.7 9.92543e-05
1.71 9.87809e-05
1.72 9.52503e-05
1.73 8.66003e-05
1.74 7.14228e-05
1.75 5.11773e-05
1.76 3.06981e-05
1.77 1.54706e-05
1.78 7.9424e-06
1.79 6.42811e-06
1.8 7.18282e-06
1.81 6.78749e-06
1.82 2.60003e-06
1.83 -7.72042e-06
1.84 -2.55259e-05
1.85 -4.93619e-05
1.86 -7.43356e-05
1.87 -9.44834e-05
1.88 -0.000106749
1.89 -0.000113023
1.9 -0.000118459
1.91 -0.000127679
1.92 -0.000141937
1.93 -0.00015921
1.94 -0.000176684
1.95 -0.000193074
1.96 -0.000208641
1.97 -0.000223561
1.98 -0.000236997
1.99 -0.000247907
2 -0.000256232
2.01 -0.00026288
2.02 -0.000268741
2.03 -0.000274324
2.04 -0.000280496
2.05 -0.000288799
2.06 -0.000300046
2.07 -0.000312356
2.08 -0.000321172
2.09 -0.000322388
2.1 -0.000316543
2.11 -0.000309845
2.12 -0.000309619
2.13 -0.000317593
2.14 -0.000328036
2.15 -0.000333263
2.16 -0.000331016
2.17 -0.000326147
2.18 -0.000325285
2.19 -0.000330165
2.2 -0.000336047
2.21 -0.00033625
2.22 -0.000328124
2.23 -0.000314893
2.24 -0.00030185
2.25 -0.000290889
2.26 -0.000278969
2.27 -0.000261828
2.28 -0.000238674
2.29 -0.000212786
2.3 -0.000187634
2.31 -0.000162891
2.32 -0.000134716
2.33 -0.000100222
2.34 -6.14307e-05
2.35 -2.40838e-05
2.36 7.93811e-06
2.37 3.64791e-05
2.38 6.6623e-05
2.39 0.00010055
2.4 0.000134803
2.41 0.000163925
2.42 0.000186039
2.43 0.000204212
2.44 0.000222821
2.45 0.000243535
2.46 0.000265122
2.47 0.000286393
2.48 0.00030832
2.49 0.000333232
2.5 0.000362822
2.51 0.000397306
2.52 0.000435865
2.53 0.000477288
2.54 0.000520477
2.55 0.00056518
2.56 0.000612301
2.57 0.000662548
2.58 0.000714076
2.59 0.000761792
2.6 0.000799772
2.61 0.000824648
2.62 0.000836521
2.63 0.000837009
2.64 0.000827328
2.65 0.000808488
2.66 0.000782114
2.67 0.000749591
2.68 0.000710099
2.69 0.000660339
2.7 0.000596945
2.71 0.000519234
2.72 0.000429407
2.73 0.000330182
2.74 0.000222533
2.75 0.000105699
2.76 -2.08897e-05
2.77 -0.000155427
2.78 -0.000292559
2.79 -0.000424233
2.8 -0.000542894
2.81 -0.000645183
2.82 -0.000732794
2.83 -0.000809157
2.84 -0.000874678
2.85 -0.000925165
2.86 -0.000955573
2.87 -0.000965823
2.88 -0.000962473
2.89 -0.000953728
2.9 -0.000942414
2.91 -0.000923694
2.92 -0.000889485
2.93 -0.000835922
2.94 -0.000768065
2.95 -0.000697202
2.96 -0.00063165
2.97 -0.00056911
2.98 -0.000498582
2.99 -0.000410462
3 -0.000305201
3.01 -0.000192679
3.02 -8.34823e-05
3.03 1.94369e-05
3.04 0.000120952
3.05 0.000226528
3.06 0.000335764
3.07 0.000442791
3.08 0.00054135
3.09 0.000628435
3.1 0.00070372
3.11 0.00076665
3.12 0.000814675
3.13 0.000844522
3.14 0.000855417
3.15 0.000851606
3.16 0.000842588
3.17 0.000840537
3.18 0.000854559
3.19 0.000883731
3.2 0.000914633
3.21 0.000928299
3.22 0.000913213
3.23 0.000873431
3.24 0.000824554
3.25 0.000781885
3.26 0.000750968
3.27 0.000725996
3.28 0.000694502
3.29 0.000644286
3.3 0.000569141
3.31 0.000470369
3.32 0.000352988
3.33 0.000219819
3.34 6.8805e-05
3.35 -0.000104238
3.36 -0.000300482
3.37 -0.000515602
3.38 -0.000741866
3.39 -0.000971428
3.4 -0.00119602
3.41 -0.00140366
3.42 -0.00157912
3.43 -0.00171238
3.44 -0.00180871
3.45 -0.00188739
3.46 -0.00196612
3.47 -0.00204506
3.48 -0.00210704
3.49 -0.00213312
3.5 -0.00211821
3.51 -0.00207398
3.52 -0.00201857
3.53 -0.00196242
3.54 -0.00190194
3.55 -0.00182636
3.56 -0.00173061
3.57 -0.00162206
3.58 -0.00151589
3.59 -0.00142381
3.6 -0.00134565
3.61 -0.00127013
3.62 -0.00118331
3.63 -0.00107756
3.64 -0.000954003
3.65 -0.000818153
3.66 -0.00067407
3.67 -0.000522584
3.68 -0.000363754
3.69 -0.000199477
3.7 -3.32737e-05
3.71 0.000131626
3.72 0.000293104
3.73 0.000449372
3.74 0.000598349
3.75 0.000738241
3.76 0.000868071
3.77 0.00098633
3.78 0.0010885
3.79 0.00116715
3.8 0.00121648
3.81 0.00123731
3.82 0.00123662
3.83 0.00122166
3.84 0.00119504
3.85 0.00115589
3.86 0.0011046
3.87 0.00104515
3.88 0.000982595
3.89 0.00091898
3.9 0.000852326
3.91 0.000780461
3.92 0.000707091
3.93 0.000644143
3.94 0.000606602
3.95 0.000603513
3.96 0.000633227
3.97 0.000687006
3.98 0.000757463
3.99 0.000844947
4 0.000957517
4.01 0.00110481
4.02 0.00128973
4.03 0.00150356
4.04 0.00172787
4.05 0.00194142
4.06 0.00212699
4.07 0.00227648
4.08 0.00239287
4.09 0.00248511
4.1 0.00255637
4.11 0.00259777
4.12 0.00259734
4.13 0.00255536
4.14 0.00248728
4.15 0.00241083
4.16 0.00233236
4.17 0.00224563
4.18 0.00214108
4.19 0.00201563
4.2 0.00187557
4.21 0.00173245
4.22 0.00159612
4.23 0.00147013
4.24 0.0013528
4.25 0.00124183
4.26 0.00113758
4.27 0.00104279
4.28 0.000961292
4.29 0.000898528
4.3 0.000862201
4.31 0.000859132
4.32 0.000889164
4.33 0.000943938
4.34 0.00101469
4.35 0.00110136
4.36 0.00121188
4.37 0.00135137
4.38 0.00151223
4.39 0.00167474
4.4 0.00181738
4.41 0.00192786
4.42 0.00200665
4.43 0.00206114
4.44 0.00209587
4.45 0.00210725
4.46 0.00208643
4.47 0.00202617
4.48 0.00192512
4.49 0.00178721
4.5 0.00161825
4.51 0.0014226
4.52 0.00120129
4.53 0.000952649
4.54 0.000674814
4.55 0.000367486
4.56 2.89708e-05
4.57 -0.000350709
4.58 -0.000791708
4.59 -0.00131061
4.6 -0.0018935
4.61 -0.00247829
4.62 -0.00297588
4.63 -0.00333469
4.64 -0.00359407
4.65 -0.00384732
4.66 -0.0041261
4.67 -0.00434183
4.68 -0.00437176
4.69 -0.00419003
4.7 -0.00388885
4.71 -0.0035864
4.72 -0.00334213
4.73 -0.00315181
4.74 -0.00299214
4.75 -0.00285872
4.76 -0.00277216
4.77 -0.00275522
4.78 -0.00280138
4.79 -0.00286336
4.8 -0.00287606
4.81 -0.00279587
4.82 -0.00262233
4.83 -0.00238699
4.84 -0.00212612
4.85 -0.00186306
4.86 -0.0016092
4.87 -0.00137347
4.88 -0.00116736
4.89 -0.00100065
4.9 -0.000872579
4.91 -0.00076712
4.92 -0.000656802
4.93 -0.000512485
4.94 -0.000312484
4.95 -4.76051e-05
4.96 0.000277126
4.97 0.000643261
4.98 0.00102347
4.99 0.00138907
5 0.00171527
5.01 0.00198127
5.02 0.00217205
5.03 0.00228755
5.04 0.00234903
5.05 0.0023889
5.06 0.0024321
5.07 0.0024899
5.08 0.00256725
5.09 0.00266802
5.1 0.00279341
5.11 0.00293948
5.12 0.00309433
5.13 0.00323413
5.14 0.0033251
5.15 0.00333672
5.16 0.00325868
5.17 0.00310754
5.18 0.00291646
5.19 0.0027149
5.2 0.0025136
5.21 0.00230633
5.22 0.00208476
5.23 0.00185162
5.24 0.00162004
5.25 0.00139931
5.26 0.00117942
5.27 0.000929752
5.28 0.000613678
5.29 0.000204506
5.3 -0.000311773
5.31 -0.000940604
5.32 -0.00166942
5.33 -0.00244211
5.34 -0.00315088
5.35 -0.00368575
5.36 -0.0040238
5.37 -0.00425778
5.38 -0.00449295
5.39 -0.00471234
5.4 -0.00478883
5.41 -0.00464029
5.42 -0.00433136
5.43 -0.00400859
5.44 -0.00376974
5.45 -0.00360952
5.46 -0.00346076
5.47 -0.00326702
5.48 -0.00303367
5.49 -0.00282863
5.5 -0.00272606
5.51 -0.0027346
5.52 -0.00277899
5.53 -0.00275772
5.54 -0.00262041
5.55 -0.00239135
5.56 -0.00212771
5.57 -0.0018652
5.58 -0.00160163
5.59 -0.00131959
5.6 -0.00101624
5.61 -0.000712437
5.62 -0.000436947
5.63 -0.000201347
5.64 1.34858e-05
5.65 0.000248489
5.66 0.000541174
5.67 0.000901825
5.68 0.00130769
5.69 0.00171722
5.7 0.00209097
5.71 0.00240765
5.72 0.00267349
5.73 0.00291663
5.74 0.00315677
5.75 0.00337309
5.76 0.00351421
5.77 0.00354799
5.78 0.00349545
5.79 0.00341261
5.8 0.00334472
5.81 0.00330015
5.82 0.00326219
5.83 0.00321761
5.84 0.00317125
5.85 0.00313735
5.86 0.00312033
5.87 0.00310256
5.88 0.00304869
5.89 0.00292495
5.9 0.00272134
5.91 0.00246049
5.92 0.00218524
5.93 0.00193291
5.94 0.00171564
5.95 0.00152158
5.96 0.00133267
5.97 0.00114105
5.98 0.000950149
5.99 0.000763229
6 0.000573218
6.01 0.000364284
6.02 0.0001238
6.03 -0.000144639
6.04 -0.000416692
6.05 -0.000655909
6.06 -0.000831271
6.07 -0.000930997
6.08 -0.000963057
6.09 -0.000946303
6.1 -0.000902635
6.11 -0.000853061
6.12 -0.000813543
6.13 -0.00079051
6.14 -0.000781956
6.15 -0.00078561
6.16 -0.000805344
6.17 -0.000847343
6.18 -0.00091009
6.19 -0.000979643
6.2 -0.00103532
6.21 -0.0010607
6.22 -0.00105156
6.23 -0.00101594
6.24 -0.000967753
6.25 -0.000918994
6.26 -0.000875346
6.27 -0.000836783
6.28 -0.000801526
6.29 -0.000769947
6.3 -0.000746058
6.31 -0.000736013
6.32 -0.000744437
6.33 -0.000771324
6.34 -0.000812767
6.35 -0.000865454
6.36 -0.000930823
6.37 -0.00101533
6.38 -0.00112753
6.39 -0.00127531
6.4 -0.00146459
6.41 -0.00169798
6.42 -0.00197194
6.43 -0.00227423
6.44 -0.00258586
6.45 -0.00288767
6.46 -0.00316586
6.47 -0.00341077
6.48 -0.00361152
6.49 -0.00375462
6.5 -0.00382989
6.51 -0.00383759
6.52 -0.00378959
6.53 -0.00370429
6.54 -0.00360033
6.55 -0.00349283
6.56 -0.00339221
6.57 -0.00330436
6.58 -0.00323052
6.59 -0.00316631
6.6 -0.00310023
6.61 -0.00301484
6.62 -0.00289464
6.63 -0.0027378
6.64 -0.00255958
6.65 -0.00238078
6.66 -0.00221169
6.67 -0.0020483
6.68 -0.00188359
6.69 -0.00171989
6.7 -0.00156854
6.71 -0.00143811
6.72 -0.00132434
6.73 -0.00121117
6.74 -0.00108024
6.75 -0.000919987
6.76 -0.000728324
6.77 -0.000508949
6.78 -0.00026539
6.79 1.70802e-06
6.8 0.000291754
6.81 0.00059871
6.82 0.000908931
6.83 0.00120593
6.84 0.00147805
6.85 0.00172096
6.86 0.00193447
6.87 0.00212284
6.88 0.00230082
6.89 0.00249165
6.9 0.0027088
6.91 0.00293949
6.92 0.00315222
6.93 0.00332218
6.94 0.00344791
6.95 0.00354502
6.96 0.00362678
6.97 0.00369072
6.98 0.00372238
6.99 0.00371072
7 0.00366104
7.01 0.00359516
7.02 0.00353924
7.03 0.00350858
7.04 0.00350096
7.05 0.00350303
7.06 0.00350248
7.07 0.00349444
7.08 0.00347821
7.09 0.00345065
7.1 0.00340388
7.11 0.00332852
7.12 0.00321921
7.13 0.00307853
7.14 0.0029168
7.15 0.0027477
7.16 0.00258206
7.17 0.00242481
7.18 0.00227659
7.19 0.00213683
7.2 0.00200408
7.21 0.00187383
7.22 0.00173756
7.23 0.00158545
7.24 0.00141095
7.25 0.00121375
7.26 0.000999422
7.27 0.000776389
7.28 0.000552394
7.29 0.000333358
7.3 0.000125682
7.31 -6.02304e-05
7.32 -0.000209547
7.33 -0.00030757
7.34 -0.000346519
7.35 -0.000330019
7.36 -0.000273116
7.37 -0.000198418
7.38 -0.000129811
7.39 -8.53905e-05
7.4 -7.23116e-05
7.41 -8.62523e-05
7.42 -0.000115719
7.43 -0.00014833
7.44 -0.000175464
7.45 -0.000193702
7.46 -0.00020406
7.47 -0.000210966
7.48 -0.000221755
7.49 -0.000246015
7.5 -0.000293775
7.51 -0.00037245
7.52 -0.000484006
7.53 -0.000624464
7.54 -0.000786248
7.55 -0.00096076
7.56 -0.00113797
7.57 -0.00130389
7.58 -0.00144065
7.59 -0.00153154
7.6 -0.00156806
7.61 -0.0015529
7.62 -0.00149633
7.63 -0.00140912
7.64 -0.00129887
7.65 -0.00117314
7.66 -0.00104492
7.67 -0.000931994
7.68 -0.00084764
7.69 -0.000790741
7.7 -0.000745653
7.71 -0.000692795
7.72 -0.000620976
7.73 -0.000531865
7.74 -0.000435088
7.75 -0.000340078
7.76 -0.000251654
7.77 -0.000171365
7.78 -0.000101333
7.79 -4.61405e-05
7.8 -1.11675e-05
7.81 5.97702e-07
7.82 -9.39602e-06
7.83 -3.54047e-05
7.84 -6.95526e-05
7.85 -0.000105272
7.86 -0.000140378
7.87 -0.000178006
7.88 -0.000225191
7.89 -0.000290598
7.9 -0.000382736
7.91 -0.000508677
7.92 -0.000672915
7.93 -0.000876551
7.94 -0.00111671
7.95 -0.0013856
7.96 -0.00167
7.97 -0.00195349
7.98 -0.00222274
7.99 -0.00247303
8 -0.00270633
8.01 -0.00292312
8.02 -0.0031171
8.03 -0.00327746
8.04 -0.00339348
8.05 -0.00345836
8.06 -0.00347368
8.07 -0.00345036
8.08 -0.00340095
8.09 -0.00333026
8.1 -0.00323628
8.11 -0.00311965
8.12 -0.00298877
8.13 -0.002855
8.14 -0.00272344
8.15 -0.00258828
8.16 -0.00243713
8.17 -0.00226133
8.18 -0.00206355
8.19 -0.00185551
8.2 -0.00164797
8.21 -0.00144215
8.22 -0.00123005
8.23 -0.00100221
8.24 -0.000754867
8.25 -0.000490499
8.26 -0.000212396
8.27 8.03731e-05
8.28 0.000391722
8.29 0.000721288
8.3 0.00105866
8.31 0.00138585
8.32 0.00168481
8.33 0.0019419
8.34 0.00215076
8.35 0.00231976
8.36 0.002475
8.37 0.00264308
8.38 0.00282446
8.39 0.00298959
8.4 0.00310409
8.41 0.00315527
8.42 0.00315567
8.43 0.00312633
8.44 0.00307808
8.45 0.00300791
8.46 0.00291205
8.47 0.00279988
8.48 0.00269286
8.49 0.00261002
8.5 0.00255432
8.51 0.00251162
8.52 0.00246196
8.53 0.00239286
8.54 0.00230413
8.55 0.00220263
8.56 0.00209394
8.57 0.0019785
8.58 0.00185333
8.59 0.00171619
8.6 0.00156853
8.61 0.00141582
8.62 0.00126559
8.63 0.00112444
8.64 0.000995475
8.65 0.000877339
8.66 0.000765401
8.67 0.000654296
8.68 0.000540531
8.69 0.00042398
8.7 0.000307933
8.71 0.000197982
8.72 0.000100194
8.73 1.90558e-05
8.74 -4.39802e-05
8.75 -9.03584e-05
8.76 -0.000122644
8.77 -0.000142563
8.78 -0.000150664
8.79 -0.000147934
8.8 -0.000137856
8.81 -0.000126876
8.82 -0.00012226
8.83 -0.000128332
8.84 -0.000143929
8.85 -0.000163538
8.86 -0.000181454
8.87 -0.000195489
8.88 -0.000207315
8.89 -0.000219796
8.9 -0.000234051
8.91 -0.000248691
8.92 -0.000261458
8.93 -0.000271753
8.94 -0.000282174
8.95 -0.000297943
8.96 -0.000324433
8.97 -0.000364267
8.98 -0.000415864
8.99 -0.000474379
9 -0.000534152
9.01 -0.000590876
9.02 -0.000642365
9.03 -0.000688322
9.04 -0.00073013
9.05 -0.000770998
9.06 -0.000815741
9.07 -0.000869356
9.08 -0.000934732
9.09 -0.00101104
9.1 -0.00109425
9.11 -0.00117929
9.12 -0.00126219
9.13 -0.00134057
9.14 -0.00141277
9.15 -0.00147698
9.16 -0.00153134
9.17 -0.00157498
9.18 -0.0016088
9.19 -0.00163522
9.2 -0.00165697
9.21 -0.00167596
9.22 -0.00169285
9.23 -0.00170713
9.24 -0.00171715
9.25 -0.00172008
9.26 -0.00171213
9.27 -0.00168944
9.28 -0.00164941
9.29 -0.0015917
9.3 -0.00151806
9.31 -0.00143116
9.32 -0.00133332
9.33 -0.0012259
9.34 -0.00110975
9.35 -0.000986244
9.36 -0.000857857
9.37 -0.000727523
9.38 -0.000596685
9.39 -0.000463675
9.4 -0.000324342
9.41 -0.000175074
9.42 -1.59244e-05
9.43 0.000148891
9.44 0.000313664
9.45 0.000474845
9.46 0.000632742
9.47 0.000789919
9.48 0.000947466
9.49 0.001102
9.5 0.00124638
9.51 0.00137444
9.52 0.00148654
9.53 0.00159026
9.54 0.00169464
9.55 0.00180232
9.56 0.00190681
9.57 0.00199724
9.58 0.00206611
9.59 0.00211399
9.6 0.00214806
9.61 0.00217609
9.62 0.00220054
9.63 0.00221764
9.64 0.00222173
9.65 0.00221069
9.66 0.00218768
9.67 0.00215836
9.68 0.00212648
9.69 0.00209169
9.7 0.00205059
9.71 0.00199976
9.72 0.00193811
9.73 0.00186676
9.74 0.00178729
9.75 0.0017001
9.76 0.00160452
9.77 0.00150008
9.78 0.00138743
9.79 0.0012679
9.8 0.00114211
9.81 0.0010091
9.82 0.000866932
9.83 0.000714158
9.84 0.000551026
9.85 0.000379434
9.86 0.000201848
9.87 2.04033e-05
9.88 -0.000162663
9.89 -0.000343665
9.9 -0.000517
9.91 -0.000676588
9.92 -0.000817974
9.93 -0.000938995
9.94 -0.00103877
9.95 -0.00111717
9.96 -0.0011763
9.97 -0.00122201
9.98 -0.00126195
9.99 -0.00130054
10 -0.00133618
10.01 -0.00136428
10.02 -0.00138249
10.03 -0.00139225
10.04 -0.00139586
10.05 -0.00139395
10.06 -0.00138603
10.07 -0.00137251
10.08 -0.00135529
10.09 -0.0013369
10.1 -0.00131947
10.11 -0.0013039
10.12 -0.00128933
10.13 -0.00127352
10.14 -0.00125413
10.15 -0.00122995
10.16 -0.00120094
10.17 -0.00116715
10.18 -0.00112792
10.19 -0.001082
10.2 -0.00102845
10.21 -0.000967307
10.22 -0.000899254
10.23 -0.000824824
10.24 -0.000743833
10.25 -0.000655755
10.26 -0.000560544
10.27 -0.000458968
10.28 -0.000352046
10.29 -0.000240186
10.3 -0.000122971
10.31 1.11088e-07
10.32 0.000128649
10.33 0.000260891
10.34 0.000394135
10.35 0.000525348
10.36 0.000651352
10.37 0.000768546
10.38 0.000872829
10.39 0.000960484
10.4 0.00103003
10.41 0.00108377
10.42 0.00112723
10.43 0.00116617
10.44 0.00120327
10.45 0.00123726
10.46 0.001265
10.47 0.00128437
10.48 0.00129553
10.49 0.00130021
10.5 0.00130018
10.51 0.00129644
10.52 0.00128943
10.53 0.00128018
10.54 0.00127103
10.55 0.00126506
10.56 0.00126439
10.57 0.00126871
10.58 0.00127524
10.59 0.00127979
10.6 0.00127834
10.61 0.00126824
10.62 0.00124878
10.63 0.00122068
10.64 0.00118511
10.65 0.00114274
10.66 0.00109366
10.67 0.0010376
10.68 0.000974462
10.69 0.000904704
10.7 0.000829779
10.71 0.000752154
10.72 0.000674562
10.73 0.000598541
10.74 0.000523194
10.75 0.000445272
10.76 0.00036085
10.77 0.000267605
10.78 0.000166142
10.79 5.93945e-05
10.8 -4.93934e-05
10.81 -0.000158466
10.82 -0.000267827
10.83 -0.000378061
10.84 -0.000488889
10.85 -0.00059868
10.86 -0.000705183
10.87 -0.000806786
10.88 -0.000903264
10.89 -0.000995591
10.9 -0.00108515
10.91 -0.00117293
10.92 -0.00125909
10.93 -0.00134298
10.94 -0.00142337
10.95 -0.00149872
10.96 -0.00156722
10.97 -0.00162685
10.98 -0.0016758
10.99 -0.00171319
11 -0.00173975
11.01 -0.00175782
11.02 -0.00177061
11.03 -0.00178098
11.04 -0.0017903
11.05 -0.00179813
11.06 -0.00180286
11.07 -0.00180307
11.08 -0.00179852
11.09 -0.00179032
11.1 -0.00178008
11.11 -0.00176901
11.12 -0.00175736
11.13 -0.00174458
11.14 -0.00172966
11.15 -0.0017114
11.16 -0.0016883
11.17 -0.00165887
11.18 -0.00162211
11.19 -0.00157791
11.2 -0.00152674
11.21 -0.00146885
11.22 -0.00140365
11.23 -0.00132979
11.24 -0.00124576
11.25 -0.00115052
11.26 -0.00104385
11.27 -0.000926383
11.28 -0.000799362
11.29 -0.00066436
11.3 -0.000523152
11.31 -0.000377541
11.32 -0.00022903
11.33 -7.84914e-05
11.34 7.36887e-05
11.35 0.000226903
11.36 0.000379639
11.37 0.000529617
11.38 0.0006747
11.39 0.000813504
11.4 0.000944939
11.41 0.00106744
11.42 0.00117957
11.43 0.00128224
11.44 0.00137995
11.45 0.00147864
11.46 0.0015812
11.47 0.00168491
11.48 0.00178349
11.49 0.00187136
11.5 0.00194647
11.51 0.0020102
11.52 0.0020655
11.53 0.00211465
11.54 0.00215787
11.55 0.00219387
11.56 0.00222185
11.57 0.0022426
11.58 0.00225748
11.59 0.00226651
11.6 0.0022682
11.61 0.00226113
11.62 0.00224546
11.63 0.00222275
11.64 0.00219449
11.65 0.00216103
11.66 0.00212165
11.67 0.00207543
11.68 0.00202183
11.69 0.00196061
11.7 0.00189128
11.71 0.00181295
11.72 0.0017245
11.73 0.00162492
11.74 0.00151357
11.75 0.00139001
11.76 0.00125376
11.77 0.00110425
11.78 0.000940928
11.79 0.00076349
11.8 0.000571717
11.81 0.000364959
11.82 0.000141803
11.83 -9.91877e-05
11.84 -0.000357473
11.85 -0.000628572
11.86 -0.00090415
11.87 -0.00117411
11.88 -0.00142773
11.89 -0.00165265
11.9 -0.00183672
11.91 -0.0019772
11.92 -0.00208875
11.93 -0.00219476
11.94 -0.00230544
11.95 -0.00240713
11.96 -0.00247557
11.97 -0.00249696
11.98 -0.00247647
11.99 -0.00243178
12 -0.00237972
12.01 -0.0023257
12.02 -0.00226405
12.03 -0.00218945
12.04 -0.00210694
12.05 -0.00203004
12.06 -0.00196954
12.07 -0.00192481
12.08 -0.00188494
12.09 -0.00183742
12.1 -0.0017762
12.11 -0.00170326
12.12 -0.00162423
12.13 -0.00154322
12.14 -0.0014611
12.15 -0.0013775
12.16 -0.0012936
12.17 -0.00121288
12.18 -0.00113888
12.19 -0.00107198
12.2 -0.00100793
12.21 -0.000939594
12.22 -0.000860874
12.23 -0.000769666
12.24 -0.000667656
12.25 -0.000557686
12.26 -0.000441527
12.27 -0.000319948
12.28 -0.000194429
12.29 -6.83688e-05
12.3 5.37048e-05
12.31 0.000168371
12.32 0.000274999
12.33 0.000375346
12.34 0.000471459
12.35 0.000563691
12.36 0.000650411
12.37 0.000729358
12.38 0.000799258
12.39 0.000860369
12.4 0.000913817
12.41 0.000960488
12.42 0.00100033
12.43 0.00103253
12.44 0.00105641
12.45 0.00107241
12.46 0.00108224
12.47 0.00108811
12.48 0.00109188
12.49 0.00109475
12.5 0.00109766
12.51 0.00110149
12.52 0.0011069
12.53 0.00111401
12.54 0.00112224
12.55 0.00113025
12.56 0.00113604
12.57 0.0011373
12.58 0.00113212
12.59 0.00111967
12.6 0.00110052
12.61 0.00107627
12.62 0.00104873
12.63 0.00101914
12.64 0.000987876
12.65 0.000954782
12.66 0.000919802
12.67 0.000883314
12.68 0.000846041
12.69 0.000808779
12.7 0.000772176
12.71 0.000736501
12.72 0.000701443
12.73 0.000666187
12.74 0.00062985
12.75 0.000591925
12.76 0.00055238
12.77 0.0005115
12.78 0.000469856
12.79 0.000428476
12.8 0.000388847
12.81 0.000352379
12.82 0.000319523
12.83 0.000289148
12.84 0.000258675
12.85 0.000224989
12.86 0.00018569
12.87 0.000140016
12.88 8.9094e-05
12.89 3.54666e-05
12.9 -1.79002e-05
12.91 -6.87484e-05
12.92 -0.000116269
12.93 -0.000161076
12.94 -0.000204508
12.95 -0.000247736
12.96 -0.000291169
12.97 -0.000334303
12.98 -0.000375926
12.99 -0.000414603
13 -0.000449217
13.01 -0.000479211
13.02 -0.000504332
13.03 -0.000524128
13.04 -0.0005377
13.05 -0.000543991
13.06 -0.000542423
13.07 -0.00053346
13.08 -0.000518689
13.09 -0.000500322
13.1 -0.000480412
13.11 -0.000460225
13.12 -0.000440109
13.13 -0.000419809
13.14 -0.000398883
13.15 -0.000376854
13.16 -0.000353135
13.17 -0.000327102
13.18 -0.000298554
13.19 -0.000268204
13.2 -0.000237597
13.21 -0.00020828
13.22 -0.000180743
13.23 -0.000153944
13.24 -0.000125862
13.25 -9.4764e-05
13.26 -6.02443e-05
13.27 -2.33038e-05
13.28 1.44709e-05
13.29 5.18751e-05
13.3 8.84992e-05
13.31 0.000124423
13.32 0.000159545
13.33 0.00019307
13.34 0.000223573
13.35 0.000249637
13.36 0.000270584
13.37 0.000286681
13.38 0.000298624
13.39 0.000306739
13.4 0.000310626
13.41 0.000309537
13.42 0.000303129
13.43 0.000291842
13.44 0.000276527
13.45 0.000257614
13.46 0.00023456
13.47 0.000206128
13.48 0.000171273
13.49 0.000129958
13.5 8.33205e-05
13.51 3.32003e-05
13.52 -1.85768e-05
13.53 -7.07173e-05
13.54 -0.000122602
13.55 -0.000174137
13.56 -0.000225513
13.57 -0.000277006
13.58 -0.000328827
13.59 -0.000380934
13.6 -0.000432802
13.61 -0.000483274
13.62 -0.000530716
13.63 -0.000573449
13.64 -0.000610222
13.65 -0.000640386
13.66 -0.000663697
13.67 -0.000680062
13.68 -0.000689547
13.69 -0.000692638
13.7 -0.000690378
13.71 -0.000684054
13.72 -0.000674503
13.73 -0.000661507
13.74 -0.000643874
13.75 -0.000620279
13.76 -0.000590218
13.77 -0.000554366
13.78 -0.000514176
13.79 -0.000471207
13.8 -0.000426628
13.81 -0.000381045
13.82 -0.000334603
13.83 -0.000287215
13.84 -0.000238772
13.85 -0.000189264
13.86 -0.000138763
13.87 -8.73488e-05
13.88 -3.50721e-05
13.89 1.78888e-05
13.9 7.08771e-05
13.91 0.000122478
13.92 0.000170702
13.93 0.000213604
13.94 0.000249806
13.95 0.000278582
13.96 0.000299724
13.97 0.000313609
13.98 0.00032151
13.99 0.00032569
14 0.000328762
14.01 0.000332449
14.02 0.000336554
14.03 0.000339178
14.04 0.000338327
14.05 0.000333796
14.06 0.000327698
14.07 0.000323101
14.08 0.00032192
14.09 0.000323929
14.1 0.000327695
14.11 0.000332448
14.12 0.000339172
14.13 0.000350037
14.14 0.000366758
14.15 0.000389362
14.16 0.000416349
14.17 0.000446046
14.18 0.000477889
14.19 0.000512574
14.2 0.000551063
14.21 0.000593395
14.22 0.000638249
14.23 0.000683376
14.24 0.0007264
14.25 0.000765343
14.26 0.000798654
14.27 0.000824965
14.28 0.000843023
14.29 0.000852002
14.3 0.000851899
14.31 0.000843422
14.32 0.00082732
14.33 0.000803705
14.34 0.000772047
14.35 0.000731852
14.36 0.000683417
14.37 0.00062801
14.38 0.000567442
14.39 0.000503437
14.4 0.000437243
14.41 0.000369566
14.42 0.00030066
14.43 0.000230484
14.44 0.000158975
14.45 8.64088e-05
14.46 1.36727e-05
14.47 -5.78037e-05
14.48 -0.000126496
14.49 -0.000191327
14.5 -0.000251858
14.51 -0.000307994
14.52 -0.000359551
14.53 -0.000406213
14.54 -0.000448046
14.55 -0.000486089
14.56 -0.000522298
14.57 -0.00055865
14.58 -0.000596152
14.59 -0.000634723
14.6 -0.000674033
14.61 -0.000714378
14.62 -0.000756614
14.63 -0.000801134
14.64 -0.00084679
14.65 -0.000890802
14.66 -0.000929952
14.67 -0.000962249
14.68 -0.000987693
14.69 -0.0010074
14.7 -0.00102186
14.71 -0.00103
14.72 -0.00102976
14.73 -0.00101961
14.74 -0.000999668
14.75 -0.000971655
14.76 -0.000938113
14.77 -0.00090141
14.78 -0.000863053
14.79 -0.00082351
14.8 -0.000782571
14.81 -0.000739936
14.82 -0.000695536
14.83 -0.00064938
14.84 -0.000601191
14.85 -0.000550453
14.86 -0.000497066
14.87 -0.000442071
14.88 -0.000387511
14.89 -0.000335254
14.9 -0.000285701
14.91 -0.000237588
14.92 -0.000189041
14.93 -0.000138954
14.94 -8.75553e-05
14.95 -3.59154e-05
14.96 1.49516e-05
14.97 6.45408e-05
14.98 0.000112647
14.99 0.000158916
15 0.000202662
15.01 0.000243083
15.02 0.000279661
15.03 0.000312432
15.04 0.000341934
15.05 0.000368866
15.06 0.000393693
15.07 0.000416459
15.08 0.000436913
15.09 0.000454745
15.1 0.00046971
15.11 0.000481612
15.12 0.000490372
15.13 0.000496208
15.14 0.000499741
15.15 0.000501812
15.16 0.000503077
15.17 0.000503693
15.18 0.000503374
15.19 0.0005018
15.2 0.000498942
15.21 0.000494905
15.22 0.000489415
15.23 0.000481564
15.24 0.000470294
15.25 0.000455281
15.26 0.000437277
15.27 0.000417465
15.28 0.000396422
15.29 0.000373706
15.3 0.000348403
15.31 0.000319997
15.32 0.000288696
15.33 0.000255019
15.34 0.000219243
15.35 0.000181333
15.36 0.000141328
15.37 9.96931e-05
15.38 5.72413e-05
15.39 1.48039e-05
15.4 -2.69825e-05
15.41 -6.7631e-05
15.42 -0.000106695
15.43 -0.000143768
15.44 -0.000178567
15.45 -0.000210943
15.46 -0.000240762
15.47 -0.000267701
15.48 -0.000291147
15.49 -0.000310392
15.5 -0.000325106
15.51 -0.000335708
15.52 -0.000343234
15.53 -0.00034869
15.54 -0.000352385
15.55 -0.000353805
15.56 -0.000352084
15.57 -0.000346718
15.58 -0.000338013
15.59 -0.000327051
15.6 -0.00031521
15.61 -0.000303513
15.62 -0.000292178
15.63 -0.000280609
15.64 -0.00026777
15.65 -0.000252601
15.66 -0.000234202
15.67 -0.000211886
15.68 -0.000185272
15.69 -0.000154394
15.7 -0.000119638
15.71 -8.15423e-05
15.72 -4.06472e-05
15.73 2.49978e-06
15.74 4.73418e-05
15.75 9.34558e-05
15.76 0.0001407
15.77 0.000189107
15.78 0.000238563
15.79 0.000288679
15.8 0.000339081
15.81 0.000389794
15.82 0.000441158
15.83 0.000493213
15.84 0.000545097
15.85 0.000595045
15.86 0.000641064
15.87 0.000681755
15.88 0.000716671
15.89 0.000746032
15.9 0.000770176
15.91 0.00078932
15.92 0.0008038
15.93 0.000814469
15.94 0.000822755
15.95 0.000830091
15.96 0.000837121
15.97 0.000843446
15.98 0.000848218
15.99 0.000851024
16 0.00085225
16.01 0.000852614
16.02 0.000852338
16.03 0.000850745
16.04 0.000846627
16.05 0.000838951
16.06 0.000827164
16.07 0.000810934
16.08 0.000789697
16.09 0.000762551
16.1 0.000728628
16.11 0.000687641
16.12 0.000640074
16.13 0.000586737
16.14 0.000528037
16.15 0.000463651
16.16 0.000392921
16.17 0.000315563
16.18 0.000232065
16.19 0.000143566
16.2 5.14928e-05
16.21 -4.27474e-05
16.22 -0.000137904
16.23 -0.000232845
16.24 -0.000326356
16.25 -0.000416914
16.26 -0.000502667
16.27 -0.000581758
16.28 -0.000652774
16.29 -0.000715027
16.3 -0.000768516
16.31 -0.000813738
16.32 -0.000851494
16.33 -0.000882667
16.34 -0.00090788
16.35 -0.0009272
16.36 -0.000940185
16.37 -0.000946332
16.38 -0.000945567
16.39 -0.000938341
16.4 -0.000925359
16.41 -0.000907301
16.42 -0.000884881
16.43 -0.000859101
16.44 -0.00083133
16.45 -0.000802938
16.46 -0.00077471
16.47 -0.000746631
16.48 -0.000718318
16.49 -0.000689662
16.5 -0.000661009
16.51 -0.000632719
16.52 -0.000604611
16.53 -0.000575856
16.54 -0.000545427
16.55 -0.000512738
16.56 -0.000477922
16.57 -0.000441507
16.58 -0.000403815
16.59 -0.000364667
16.6 -0.000323763
16.61 -0.000281334
16.62 -0.000238266
16.63 -0.000195413
16.64 -0.000152763
16.65 -0.000109364
16.66 -6.4185e-05
16.67 -1.71492e-05
16.68 3.05254e-05
16.69 7.69748e-05
16.7 0.000120783
16.71 0.000161586
16.72 0.000199665
16.73 0.000234987
16.74 0.000266728
16.75 0.000293821
16.76 0.000315967
16.77 0.000334056
16.78 0.000349634
16.79 0.000363974
16.8 0.000377517
16.81 0.000389913
16.82 0.000400459
16.83 0.000408654
16.84 0.000414602
16.85 0.000419018
16.86 0.00042286
16.87 0.000426934
16.88 0.000431784
16.89 0.000437827
16.9 0.000445458
16.91 0.000454952
16.92 0.00046621
16.93 0.000478568
16.94 0.000490859
16.95 0.000501821
16.96 0.000510619
16.97 0.000517067
16.98 0.000521324
16.99 0.000523336
17 0.000522543
17.01 0.000518109
17.02 0.000509447
17.03 0.000496568
17.04 0.00047999
17.05 0.000460343
17.06 0.000437992
17.07 0.000412934
17.08 0.00038505
17.09 0.000354473
17.1 0.000321776
17.11 0.000287769
17.12 0.000253069
17.13 0.000217847
17.14 0.000182015
17.15 0.00014575
17.16 0.00010986
17.17 7.56359e-05
17.18 4.42716e-05
17.19 1.63057e-05
17.2 -8.48614e-06
17.21 -3.07105e-05
17.22 -5.09113e-05
17.23 -6.94971e-05
17.24 -8.70151e-05
17.25 -0.000104345
17.26 -0.000122457
17.27 -0.000141863
17.28 -0.00016229
17.29 -0.000182941
17.3 -0.000203168
17.31 -0.000222985
17.32 -0.000243024
17.33 -0.000264085
17.34 -0.000286748
17.35 -0.000311311
17.36 -0.000337962
17.37 -0.0003669
17.38 -0.000398238
17.39 -0.000431761
17.4 -0.000466794
17.41 -0.000502373
17.42 -0.000537722
17.43 -0.000572646
17.44 -0.000607454
17.45 -0.000642384
17.46 -0.000676945
17.47 -0.000709711
17.48 -0.00073872
17.49 -0.00076225
17.5 -0.000779443
17.51 -0.000790372
17.52 -0.000795522
17.53 -0.000795088
17.54 -0.000788627
17.55 -0.000775292
17.56 -0.000754396
17.57 -0.000725836
17.58 -0.000690062
17.59 -0.000647714
17.6 -0.00059929
17.61 -0.000545217
17.62 -0.00048631
17.63 -0.000424177
17.64 -0.000360985
17.65 -0.000298521
17.66 -0.000237239
17.67 -0.000176155
17.68 -0.000113786
17.69 -4.94082e-05
17.7 1.64226e-05
17.71 8.23851e-05
17.72 0.000147274
17.73 0.000210404
17.74 0.000271331
17.75 0.000329363
17.76 0.000383415
17.77 0.000432297
17.78 0.000475168
17.79 0.0005118
17.8 0.000542564
17.81 0.000568211
17.82 0.000589658
17.83 0.000607892
17.84 0.000623991
17.85 0.000638987
17.86 0.000653399
17.87 0.000666774
17.88 0.000677819
17.89 0.000685288
17.9 0.000688994
17.91 0.000690089
17.92 0.000690292
17.93 0.000690687
17.94 0.000691074
17.95 0.000690341
17.96 0.000687401
17.97 0.000681858
17.98 0.000673978
17.99 0.000664184
18 0.000652676
18.01 0.000639459
18.02 0.000624562
18.03 0.000608097
18.04 0.000590115
18.05 0.000570478
18.06 0.000548869
18.07 0.000524895
18.08 0.00049813
18.09 0.000468014
18.1 0.00043381
18.11 0.000394813
18.12 0.000350744
18.13 0.000301906
18.14 0.000248805
18.15 0.000191536
18.16 0.000129578
18.17 6.23034e-05
18.18 -1.017e-05
18.19 -8.65327e-05
18.2 -0.000164606
18.21 -0.000242161
18.22 -0.000317609
18.23 -0.000390158
18.24 -0.00045944
18.25 -0.000525006
18.26 -0.000586105
18.27 -0.0006419
18.28 -0.000691941
18.29 -0.000736514
18.3 -0.00077656
18.31 -0.000813203
18.32 -0.000847241
18.33 -0.000878999
18.34 -0.000908561
18.35 -0.000936094
18.36 -0.000961954
18.37 -0.000986547
18.38 -0.00101015
18.39 -0.00103282
18.4 -0.00105445
18.41 -0.00107482
18.42 -0.00109351
18.43 -0.00110958
18.44 -0.00112166
18.45 -0.00112841
18.46 -0.00112915
18.47 -0.00112395
18.48 -0.00111313
18.49 -0.00109676
18.5 -0.00107459
18.51 -0.0010465
18.52 -0.00101293
18.53 -0.000974805
18.54 -0.000933244
18.55 -0.000889228
18.56 -0.000843636
18.57 -0.000797372
18.58 -0.000751251
18.59 -0.000705694
18.6 -0.000660627
18.61 -0.000615777
18.62 -0.000571065
18.63 -0.000526683
18.64 -0.000482833
18.65 -0.000439451
18.66 -0.000396264
18.67 -0.000353138
18.68 -0.000310321
18.69 -0.000268264
18.7 -0.000227193
18.71 -0.000186845
18.72 -0.000146638
18.73 -0.000106035
18.74 -6.46856e-05
18.75 -2.22155e-05
18.76 2.19661e-05
18.77 6.85324e-05
18.78 0.00011788
18.79 0.000169918
18.8 0.000224201
18.81 0.000280211
18.82 0.000337532
18.83 0.000395867
18.84 0.000455059
18.85 0.000515139
18.86 0.000576266
18.87 0.000638461
18.88 0.000701264
18.89 0.000763589
18.9 0.000823924
18.91 0.000880742
18.92 0.000932813
18.93 0.000979233
18.94 0.00101931
18.95 0.00105251
18.96 0.00107866
18.97 0.00109812
18.98 0.00111186
18.99 0.00112118
19 0.00112732
19.01 0.00113098
19.02 0.00113212
19.03 0.00113019
19.04 0.00112464
19.05 0.00111535
19.06 0.00110253
19.07 0.00108632
19.08 0.00106641
19.09 0.00104218
19.1 0.0010133
19.11 0.0009803
19.12 0.000944529
19.13 0.000907367
19.14 0.000869396
19.15 0.000830246
19.16 0.000789291
19.17 0.000746534
19.18 0.000702806
19.19 0.000659062
19.2 0.00061545
19.21 0.000571029
19.22 0.000524368
19.23 0.000474407
19.24 0.000420852
19.25 0.000363937
19.26 0.000303987
19.27 0.000241247
19.28 0.000176012
19.29 0.000108823
19.3 4.05048e-05
19.31 -2.79276e-05
19.32 -9.54291e-05
19.33 -0.0001611
19.34 -0.000224234
19.35 -0.000284128
19.36 -0.000339827
19.37 -0.000390198
19.38 -0.000434454
19.39 -0.000472713
19.4 -0.000505988
19.41 -0.000535479
19.42 -0.00056166
19.43 -0.000583973
19.44 -0.000601378
19.45 -0.000613234
19.46 -0.000619681
19.47 -0.000621285
19.48 -0.000618477
19.49 -0.000611412
19.5 -0.000600387
19.51 -0.000586297
19.52 -0.000570612
19.53 -0.000554854
19.54 -0.000540017
19.55 -0.000526331
19.56 -0.000513441
19.57 -0.000500784
19.58 -0.000487894
19.59 -0.000474592
19.6 -0.000461075
19.61 -0.000447875
19.62 -0.000435636
19.63 -0.00042481
19.64 -0.000415435
19.65 -0.000407095
19.66 -0.000398986
19.67 -0.000390002
19.68 -0.000378882
19.69 -0.000364479
19.7 -0.000346022
19.71 -0.000323192
19.72 -0.000296043
19.73 -0.000264902
19.74 -0.000230365
19.75 -0.000193346
19.76 -0.000155059
19.77 -0.000116801
19.78 -7.95619e-05
19.79 -4.3641e-05
19.8 -8.566e-06
19.81 2.65457e-05
19.82 6.23442e-05
19.83 9.87688e-05
19.84 0.000135065
19.85 0.00017023
19.86 0.000203481
19.87 0.000234401
19.88 0.000262736
19.89 0.000288167
19.9 0.000310383
19.91 0.000329474
19.92 0.000346291
19.93 0.000362274
19.94 0.000378644
19.95 0.000395586
19.96 0.000412161
19.97 0.0004271
19.98 0.000439759
19.99 0.000450393
20 0.00045964
20.01 0.000467821
20.02 0.000474751
20.03 0.000480127
20.04 0.000483968
20.05 0.000486595
20.06 0.000488158
20.07 0.000488243
20.08 0.000486007
20.09 0.000480769
20.1 0.000472475
20.11 0.00046164
20.12 0.000448844
20.13 0.000434259
20.14 0.00041756
20.15 0.000398278
20.16 0.000376283
20.17 0.000352036
20.18 0.000326351
20.19 0.00029983
20.2 0.000272405
20.21 0.000243423
20.22 0.000212218
20.23 0.000178712
20.24 0.000143547
20.25 0.000107669
20.26 7.17375e-05
20.27 3.58596e-05
20.28 -1.27579e-07
20.29 -3.60662e-05
20.3 -7.10687e-05
20.31 -0.000103701
20.32 -0.000132703
20.33 -0.000157689
20.34 -0.000179218
20.35 -0.00019815
20.36 -0.000214853
20.37 -0.000228933
20.38 -0.000239683
20.39 -0.000246737
20.4 -0.000250324
20.41 -0.000250996
20.42 -0.000249189
20.43 -0.000245058
20.44 -0.000238681
20.45 -0.000230385
20.46 -0.000220866
20.47 -0.000211028
20.48 -0.000201639
20.49 -0.000193035
20.5 -0.000185095
20.51 -0.000177478
20.52 -0.000169935
20.53 -0.000162493
20.54 -0.000155387
20.55 -0.000148787
20.56 -0.000142508
20.57 -0.000135989
20.58 -0.000128602
20.59 -0.000120088
20.6 -0.000110761
20.61 -0.000101299
20.62 -9.22616e-05
20.63 -8.37153e-05
20.64 -7.52834e-05
20.65 -6.65268e-05
20.66 -5.72491e-05
20.67 -4.74768e-05
20.68 -3.72449e-05
20.69 -2.64503e-05
20.7 -1.49133e-05
20.71 -2.59657e-06
20.72 1.01921e-05
20.73 2.2811e-05
20.74 3.45392e-05
20.75 4.49001e-05
20.76 5.38228e-05
20.77 6.15111e-05
20.78 6.8091e-05
20.79 7.33273e-05
20.8 7.6697e-05
20.81 7.77636e-05
20.82 7.64402e-05
20.83 7.28514e-05
20.84 6.69936e-05
20.85 5.86252e-05
20.86 4.75186e-05
20.87 3.37853e-05
20.88 1.79073e-05
20.89 4.21091e-07
20.9 -1.84299e-05
20.91 -3.87124e-05
20.92 -6.04588e-05
20.93 -8.32913e-05
20.94 -0.000106382
20.95 -0.000128814
20.96 -0.000150042
20.97 -0.000170073
20.98 -0.000189218
20.99 -0.000207649
21 -0.00022511
21.01 -0.000240956
21.02 -0.000254395
21.03 -0.000264704
21.04 -0.00027127
21.05 -0.000273526
21.06 -0.000270943
21.07 -0.000263218
21.08 -0.000250534
21.09 -0.000233674
21.1 -0.000213909
21.11 -0.000192733
21.12 -0.00017155
21.13 -0.00015136
21.14 -0.000132561
21.15 -0.000115039
21.16 -9.84892e-05
21.17 -8.27717e-05
21.18 -6.8024e-05
21.19 -5.44673e-05
21.2 -4.21077e-05
21.21 -3.06545e-05
21.22 -1.97674e-05
21.23 -9.38917e-06
21.24 1.87853e-07
21.25 8.61151e-06
21.26 1.58377e-05
21.27 2.2224e-05
21.28 2.82548e-05
21.29 3.41565e-05
21.3 3.98121e-05
21.31 4.50993e-05
21.32 5.03071e-05
21.33 5.61774e-05
21.34 6.35125e-05
21.35 7.27168e-05
21.36 8.37118e-05
21.37 9.62781e-05
21.38 0.000110459
21.39 0.000126654
21.4 0.000145366
21.41 0.000166803
21.42 0.00019063
21.43 0.00021602
21.44 0.000241971
21.45 0.000267688
21.46 0.000292796
21.47 0.000317279
21.48 0.000341192
21.49 0.00036436
21.5 0.000386285
21.51 0.000406286
21.52 0.000423717
21.53 0.000438089
21.54 0.000449077
21.55 0.000456504
21.56 0.000460384
21.57 0.00046104
21.58 0.000459179
21.59 0.000455793
21.6 0.000451814
21.61 0.000447729
21.62 0.000443462
21.63 0.00043858
21.64 0.000432605
21.65 0.000425193
21.66 0.000416167
21.67 0.000405487
21.68 0.000393189
21.69 0.000379258
21.7 0.000363529
21.71 0.000345706
21.72 0.000325513
21.73 0.000302868
21.74 0.000277962
21.75 0.000251227
21.76 0.000223297
21.77 0.000195
21.78 0.000167279
21.79 0.000140917
21.8 0.000116164
21.81 9.25329e-05
21.82 6.8961e-05
21.83 4.43416e-05
21.84 1.81196e-05
21.85 -9.5073e-06
21.86 -3.79594e-05
21.87 -6.68498e-05
21.88 -9.62054e-05
21.89 -0.000126172
21.9 -0.0001566
21.91 -0.000186998
21.92 -0.000216893
21.93 -0.000246151
21.94 -0.000274896
21.95 -0.000303198
21.96 -0.000330905
21.97 -0.000357787
21.98 -0.00038376
21.99 -0.000408896
22 -0.000433189
22.01 -0.00045636
22.02 -0.000477975
22.03 -0.000497795
22.04 -0.000516048
22.05 -0.000533354
22.06 -0.000550314
22.07 -0.000567054
22.08 -0.000583049
22.09 -0.000597394
22.1 -0.00060938
22.11 -0.000618975
22.12 -0.000626836
22.13 -0.000633859
22.14 -0.000640616
22.15 -0.000647101
22.16 -0.000652903
22.17 -0.000657594
22.18 -0.000661008
22.19 -0.000663215
22.2 -0.000664296
22.21 -0.000664158
22.22 -0.000662622
22.23 -0.000659639
22.24 -0.000655355
22.25 -0.000649902
22.26 -0.000643099
22.27 -0.000634396
22.28 -0.000623117
22.29 -0.000608839
22.3 -0.000591577
22.31 -0.000571644
22.32 -0.000549369
22.33 -0.000524945
22.34 -0.000498484
22.35 -0.000470167
22.36 -0.000440319
22.37 -0.00040932
22.38 -0.000377458
22.39 -0.000344871
22.4 -0.00031163
22.41 -0.000277883
22.42 -0.000243926
22.43 -0.000210087
22.44 -0.00017652
22.45 -0.000143082
22.46 -0.000109443
22.47 -7.53494e-05
22.48 -4.08129e-05
22.49 -6.05157e-06
22.5 2.87335e-05
22.51 6.35026e-05
22.52 9.83262e-05
22.53 0.000133262
22.54 0.000168299
22.55 0.000203366
22.56 0.000238341
22.57 0.000273051
22.58 0.000307295
22.59 0.00034087
22.6 0.00037358
22.61 0.000405201
22.62 0.000435455
22.63 0.000464001
22.64 0.00049042
22.65 0.000514234
22.66 0.000534976
22.67 0.000552243
22.68 0.000565713
22.69 0.000575127
22.7 0.000580316
22.71 0.000581288
22.72 0.00057827
22.73 0.000571637
22.74 0.000561782
22.75 0.000549075
22.76 0.000533913
22.77 0.000516726
22.78 0.000497885
22.79 0.000477667
22.8 0.000456331
22.81 0.000434191
22.82 0.000411494
22.83 0.000388214
22.84 0.000364049
22.85 0.000338689
22.86 0.000312151
22.87 0.000284908
22.88 0.000257676
22.89 0.000231012
22.9 0.000205051
22.91 0.000179576
22.92 0.000154306
22.93 0.000129084
22.94 0.000103827
22.95 7.83734e-05
22.96 5.24406e-05
22.97 2.57792e-05
22.98 -1.63229e-06
22.99 -2.95691e-05
23 -5.77693e-05
23.01 -8.61812e-05
23.02 -0.000115032
23.03 -0.000144678
23.04 -0.000175363
23.05 -0.000207045
23.06 -0.000239401
23.07 -0.000271979
23.08 -0.000304346
23.09 -0.000336139
23.1 -0.000367035
23.11 -0.000396716
23.12 -0.000424843
23.13 -0.000451025
23.14 -0.000474803
23.15 -0.000495721
23.16 -0.00051344
23.17 -0.00052785
23.18 -0.000539077
23.19 -0.000547367
23.2 -0.000552885
23.21 -0.000555605
23.22 -0.000555428
23.23 -0.000552437
23.24 -0.000547023
23.25 -0.000539684
23.26 -0.00053065
23.27 -0.0005197
23.28 -0.000506377
23.29 -0.000490397
23.3 -0.000471824
23.31 -0.000450878
23.32 -0.000427635
23.33 -0.000401977
23.34 -0.000373851
23.35 -0.000343522
23.36 -0.000311501
23.37 -0.000278217
23.38 -0.000243777
23.39 -0.000208043
23.4 -0.000170929
23.41 -0.000132612
23.42 -9.34871e-05
23.43 -5.39238e-05
23.44 -1.40336e-05
23.45 2.6336e-05
23.46 6.73753e-05
23.47 0.000109046
23.48 0.000150993
23.49 0.000192696
23.5 0.000233696
23.51 0.000273695
23.52 0.000312475
23.53 0.000349781
23.54 0.000385317
23.55 0.000418842
23.56 0.000450275
23.57 0.000479735
23.58 0.000507491
23.59 0.000533813
23.6 0.000558799
23.61 0.000582246
23.62 0.000603708
23.63 0.000622682
23.64 0.00063882
23.65 0.000652023
23.66 0.000662387
23.67 0.000670075
23.68 0.000675213
23.69 0.000677873
23.7 0.000678139
23.71 0.000676193
23.72 0.000672353
23.73 0.000667019
23.74 0.000660539
23.75 0.000653077
23.76 0.000644567
23.77 0.000634782
23.78 0.000623471
23.79 0.000610488
23.8 0.000595844
23.81 0.000579626
23.82 0.000561854
23.83 0.000542409
23.84 0.000521115
23.85 0.000497922
23.86 0.000473003
23.87 0.000446663
23.88 0.000419154
23.89 0.000390587
23.9 0.000361012
23.91 0.000330575
23.92 0.000299578
23.93 0.000268371
23.94 0.000237182
23.95 0.00020605
23.96 0.000174935
23.97 0.00014389
23.98 0.000113124
23.99 8.29069e-05
24 5.3429e-05
24.01 2.47309e-05
24.02 -3.26532e-06
24.03 -3.06811e-05
24.04 -5.76218e-05
24.05 -8.41444e-05
24.06 -0.000110237
24.07 -0.000135813
24.08 -0.000160725
24.09 -0.00018482
24.1 -0.000207984
24.11 -0.000230168
24.12 -0.000251374
24.13 -0.00027162
24.14 -0.00029093
24.15 -0.000309326
24.16 -0.000326828
24.17 -0.000343459
24.18 -0.000359239
24.19 -0.00037417
24.2 -0.000388219
24.21 -0.000401299
24.22 -0.00041329
24.23 -0.000424057
24.24 -0.000433471
24.25 -0.00044142
24.26 -0.000447829
24.27 -0.000452678
24.28 -0.000456007
24.29 -0.000457887
24.3 -0.000458383
24.31 -0.00045754
24.32 -0.000455398
24.33 -0.000452003
24.34 -0.000447395
24.35 -0.00044158
24.36 -0.00043452
24.37 -0.000426149
24.38 -0.000416428
24.39 -0.000405375
24.4 -0.000393067
24.41 -0.000379608
24.42 -0.000365093
24.43 -0.000349594
24.44 -0.000333171
24.45 -0.000315884
24.46 -0.000297787
24.47 -0.000278918
24.48 -0.000259289
24.49 -0.000238908
24.5 -0.000217801
24.51 -0.000196029
24.52 -0.000173682
24.53 -0.000150856
24.54 -0.000127644
24.55 -0.000104138
24.56 -8.04419e-05
24.57 -5.66706e-05
24.58 -3.2944e-05
24.59 -9.37243e-06
24.6 1.3952e-05
24.61 3.69531e-05
24.62 5.95627e-05
24.63 8.17134e-05
24.64 0.000103336
24.65 0.000124364
24.66 0.000144727
24.67 0.00016436
24.68 0.000183192
24.69 0.000201155
24.7 0.000218187
24.71 0.000234237
24.72 0.000249269
24.73 0.000263259
24.74 0.00027619
24.75 0.000288052
24.76 0.000298842
24.77 0.000308553
24.78 0.00031718
24.79 0.000324708
24.8 0.000331117
24.81 0.000336381
24.82 0.000340474
24.83 0.000343371
24.84 0.000345053
24.85 0.00034551
24.86 0.000344737
24.87 0.000342742
24.88 0.000339539
24.89 0.000335152
24.9 0.000329608
24.91 0.000322938
24.92 0.000315169
24.93 0.000306329
24.94 0.000296444
24.95 0.00028554
24.96 0.000273646
24.97 0.000260792
24.98 0.00024702
24.99 0.000232385
25 0.00021696
25.01 0.000200821
25.02 0.000184026
25.03 0.00016662
25.04 0.000148651
25.05 0.000130184
25.06 0.000111298
25.07 9.20691e-05
25.08 7.25646e-05
25.09 5.28407e-05
25.1 3.29542e-05
25.11 1.29716e-05
25.12 -7.02907e-06
25.13 -2.6965e-05
25.14 -4.67547e-05
25.15 -6.63211e-05
25.16 -8.55884e-05
25.17 -0.000104479
25.18 -0.000122914
25.19 -0.000140818
25.2 -0.000158122
25.21 -0.000174769
25.22 -0.000190709
25.23 -0.000205895
25.24 -0.000220286
25.25 -0.000233839
25.26 -0.00024652
25.27 -0.000258295
25.28 -0.000269137
25.29 -0.000279018
25.3 -0.000287915
25.31 -0.000295805
25.32 -0.000302667
25.33 -0.000308488
25.34 -0.000313258
25.35 -0.00031697
25.36 -0.00031962
25.37 -0.000321207
25.38 -0.000321729
25.39 -0.000321188
25.4 -0.00031959
25.41 -0.000316938
25.42 -0.000313241
25.43 -0.000308507
25.44 -0.00030275
25.45 -0.000295986
25.46 -0.000288236
25.47 -0.000279525
25.48 -0.000269885
25.49 -0.000259347
25.5 -0.00024795
25.51 -0.000235733
25.52 -0.000222738
25.53 -0.000209012
25.54 -0.000194598
25.55 -0.000179547
25.56 -0.000163906
25.57 -0.000147729
25.58 -0.000131069
25.59 -0.000113984
25.6 -9.6534e-05
25.61 -7.87812e-05
25.62 -6.07909e-05
25.63 -4.26302e-05
25.64 -2.43675e-05
25.65 -6.072e-06
25.66 1.21872e-05
25.67 3.03416e-05
25.68 4.83237e-05
25.69 6.60676e-05
25.7 8.35089e-05
25.71 0.000100585
25.72 0.000117237
25.73 0.000133406
25.74 0.000149038
25.75 0.00016408
25.76 0.000178485
25.77 0.000192206
25.78 0.000205203
25.79 0.000217438
25.8 0.000228877
25.81 0.000239491
25.82 0.000249253
25.83 0.000258139
25.84 0.000266129
25.85 0.000273203
25.86 0.000279345
25.87 0.00028454
25.88 0.000288775
25.89 0.00029204
25.9 0.000294324
25.91 0.000295624
25.92 0.000295934
25.93 0.000295255
25.94 0.000293589
25.95 0.000290944
25.96 0.000287327
25.97 0.000282753
25.98 0.000277235
25.99 0.000270794
26 0.00026345
26.01 0.000255227
26.02 0.000246152
26.03 0.000236254
26.04 0.000225566
26.05 0.000214123
26.06 0.000201963
26.07 0.000189127
26.08 0.000175659
26.09 0.000161604
26.1 0.000147013
26.11 0.000131935
26.12 0.000116424
26.13 0.000100535
26.14 8.43249e-05
26.15 6.7852e-05
26.16 5.11759e-05
26.17 3.43579e-05
26.18 1.746e-05
26.19 5.45373e-07
26.2 -1.63222e-05
26.21 -3.30789e-05
26.22 -4.96612e-05
26.23 -6.60061e-05
26.24 -8.20525e-05
26.25 -9.7741e-05
26.26 -0.000113015
26.27 -0.000127821
26.28 -0.000142108
26.29 -0.000155831
26.3 -0.000168945
26.31 -0.000181413
26.32 -0.000193197
26.33 -0.000204267
26.34 -0.000214592
26.35 -0.000224147
26.36 -0.000232908
26.37 -0.000240852
26.38 -0.000247963
26.39 -0.000254221
26.4 -0.000259614
26.41 -0.000264127
26.42 -0.000267752
26.43 -0.00027048
26.44 -0.000272304
26.45 -0.000273221
26.46 -0.000273229
26.47 -0.00027233
26.48 -0.000270526
26.49 -0.000267824
26.5 -0.000264232
26.51 -0.000259762
26.52 -0.000254427
26.53 -0.000248245
26.54 -0.000241235
26.55 -0.000233422
26.56 -0.00022483
26.57 -0.000215488
26.58 -0.000205429
26.59 -0.000194685
26.6 -0.000183293
26.61 -0.000171292
26.62 -0.000158722
26.63 -0.000145627
26.64 -0.000132052
26.65 -0.000118043
26.66 -0.000103649
26.67 -8.89222e-05
26.68 -7.39134e-05
26.69 -5.8677e-05
26.7 -4.32682e-05
26.71 -2.77434e-05
26.72 -1.21598e-05
26.73 3.42518e-06
26.74 1.89536e-05
26.75 3.43681e-05
26.76 4.96117e-05
26.77 6.46284e-05
26.78 7.93638e-05
26.79 9.3765e-05
26.8 0.000107781
26.81 0.000121363
26.82 0.000134466
26.83 0.000147047
26.84 0.000159064
26.85 0.000170481
26.86 0.000181263
26.87 0.000191379
26.88 0.000200801
26.89 0.000209504
26.9 0.000217463
26.91 0.00022466
26.92 0.000231075
26.93 0.000236694
26.94 0.000241502
26.95 0.000245488
26.96 0.000248642
26.97 0.000250957
26.98 0.000252427
26.99 0.000253051
27 0.000252826
27.01 0.000251756
27.02 0.000249843
27.03 0.000247095
27.04 0.000243521
27.05 0.000239133
27.06 0.000233946
27.07 0.000227976
27.08 0.000221244
27.09 0.000213771
27.1 0.000205583
27.11 0.000196708
27.12 0.000187175
27.13 0.000177016
27.14 0.000166267
27.15 0.000154964
27.16 0.000143146
27.17 0.000130856
27.18 0.000118135
27.19 0.00010503
27.2 9.15859e-05
27.21 7.78518e-05
27.22 6.3877e-05
27.23 4.97121e-05
27.24 3.54088e-05
27.25 2.10193e-05
27.26 6.59654e-06
27.27 -7.80658e-06
27.28 -2.21372e-05
27.29 -3.63428e-05
27.3 -5.03719e-05
27.31 -6.4174e-05
27.32 -7.76999e-05
27.33 -9.09025e-05
27.34 -0.000103737
27.35 -0.000116159
27.36 -0.000128129
27.37 -0.000139609
27.38 -0.000150564
27.39 -0.000160959
27.4 -0.000170766
27.41 -0.000179955
27.42 -0.000188502
27.43 -0.000196382
27.44 -0.000203575
27.45 -0.000210062
27.46 -0.000215826
27.47 -0.000220851
27.48 -0.000225125
27.49 -0.000228636
27.5 -0.000231376
27.51 -0.000233337
27.52 -0.000234514
27.53 -0.000234905
27.54 -0.00023451
27.55 -0.000233329
27.56 -0.000231367
27.57 -0.00022863
27.58 -0.000225127
27.59 -0.000220869
27.6 -0.000215871
27.61 -0.000210149
27.62 -0.000203721
27.63 -0.00019661
27.64 -0.000188838
27.65 -0.000180433
27.66 -0.000171422
27.67 -0.000161838
27.68 -0.000151712
27.69 -0.000141081
27.7 -0.00012998
27.71 -0.00011845
27.72 -0.00010653
27.73 -9.42643e-05
27.74 -8.16954e-05
27.75 -6.88691e-05
27.76 -5.58319e-05
27.77 -4.26313e-05
27.78 -2.93157e-05
27.79 -1.5934e-05
27.8 -2.53551e-06
27.81 1.08306e-05
27.82 2.41154e-05
27.83 3.72704e-05
27.84 5.02479e-05
27.85 6.30015e-05
27.86 7.54863e-05
27.87 8.76589e-05
27.88 9.94778e-05
27.89 0.000110904
27.9 0.000121899
27.91 0.00013243
27.92 0.000142463
27.93 0.000151968
27.94 0.000160917
27.95 0.000169286
27.96 0.000177051
27.97 0.00018419
27.98 0.000190684
27.99 0.000196517
28 0.000201674
28.01 0.00020614
28.02 0.000209904
28.03 0.000212957
28.04 0.00021529
28.05 0.000216899
28.06 0.000217778
28.07 0.000217926
28.08 0.000217344
28.09 0.000216032
28.1 0.000213996
28.11 0.000211243
28.12 0.000207781
28.13 0.000203621
28.14 0.000198778
28.15 0.000193267
28.16 0.000187107
28.17 0.000180318
28.18 0.000172924
28.19 0.000164949
28.2 0.00015642
28.21 0.000147369
28.22 0.000137825
28.23 0.000127822
28.24 0.000117395
28.25 0.000106582
28.26 9.54197e-05
28.27 8.39492e-05
28.28 7.22113e-05
28.29 6.02483e-05
28.3 4.81035e-05
28.31 3.5821e-05
28.32 2.34454e-05
28.33 1.10218e-05
28.34 -1.40467e-06
28.35 -1.37889e-05
28.36 -2.60862e-05
28.37 -3.82524e-05
28.38 -5.02443e-05
28.39 -6.20197e-05
28.4 -7.35377e-05
28.41 -8.4759e-05
28.42 -9.56458e-05
28.43 -0.000106162
28.44 -0.000116275
28.45 -0.000125951
28.46 -0.00013516
28.47 -0.000143876
28.48 -0.000152072
28.49 -0.000159724
28.5 -0.000166811
28.51 -0.000173311
28.52 -0.000179209
28.53 -0.000184486
28.54 -0.000189129
28.55 -0.000193125
28.56 -0.000196464
28.57 -0.000199136
28.58 -0.000201134
28.59 -0.000202453
28.6 -0.00020309
28.61 -0.000203043
28.62 -0.000202313
28.63 -0.000200903
28.64 -0.000198817
28.65 -0.000196062
28.66 -0.000192648
28.67 -0.000188586
28.68 -0.000183889
28.69 -0.000178574
28.7 -0.000172657
28.71 -0.000166161
28.72 -0.000159106
28.73 -0.000151518
28.74 -0.000143422
28.75 -0.000134847
28.76 -0.000125823
28.77 -0.000116381
28.78 -0.000106557
28.79 -9.63839e-05
28.8 -8.58989e-05
28.81 -7.51397e-05
28.82 -6.41452e-05
28.83 -5.29553e-05
28.84 -4.16105e-05
28.85 -3.01521e-05
28.86 -1.86217e-05
28.87 -7.06117e-06
28.88 4.48767e-06
28.89 1.59833e-05
28.9 2.73845e-05
28.91 3.8651e-05
28.92 4.97432e-05
28.93 6.06227e-05
28.94 7.12523e-05
28.95 8.15965e-05
28.96 9.16209e-05
28.97 0.000101293
28.98 0.000110583
28.99 0.00011946
29 0.000127899
29.01 0.000135873
29.02 0.000143359
29.03 0.000150336
29.04 0.000156783
29.05 0.000162683
29.06 0.000168017
29.07 0.000172773
29.08 0.000176936
29.09 0.000180494
29.1 0.000183438
29.11 0.00018576
29.12 0.000187453
29.13 0.000188513
29.14 0.000188936
29.15 0.000188721
29.16 0.00018787
29.17 0.000186386
29.18 0.000184273
29.19 0.000181538
29.2 0.000178191
29.21 0.000174242
29.22 0.000169705
29.23 0.000164595
29.24 0.00015893
29.25 0.000152729
29.26 0.000146014
29.27 0.000138807
29.28 0.000131135
29.29 0.000123023
29.3 0.000114502
29.31 0.0001056
29.32 9.63502e-05
29.33 8.67853e-05
29.34 7.69398e-05
29.35 6.68493e-05
29.36 5.65502e-05
29.37 4.60798e-05
29.38 3.54761e-05
29.39 2.47777e-05
29.4 1.40232e-05
29.41 3.25142e-06
29.42 -7.49876e-06
29.43 -1.81889e-05
29.44 -2.87811e-05
29.45 -3.92381e-05
29.46 -4.95234e-05
29.47 -5.96016e-05
29.48 -6.94386e-05
29.49 -7.90015e-05
29.5 -8.82589e-05
29.51 -9.71809e-05
29.52 -0.000105739
29.53 -0.000113907
29.54 -0.000121659
29.55 -0.000128972
29.56 -0.000135825
29.57 -0.000142197
29.58 -0.00014807
29.59 -0.000153426
29.6 -0.000158252
29.61 -0.000162533
29.62 -0.000166257
29.63 -0.000169413
29.64 -0.000171994
29.65 -0.000173991
29.66 -0.000175399
29.67 -0.000176214
29.68 -0.000176434
29.69 -0.000176059
29.7 -0.00017509
29.71 -0.000173531
29.72 -0.000171386
29.73 -0.000168664
29.74 -0.000165374
29.75 -0.000161526
29.76 -0.000157133
29.77 -0.000152211
29.78 -0.000146777
29.79 -0.00014085
29.8 -0.000134449
29.81 -0.000127598
29.82 -0.000120321
29.83 -0.000112643
29.84 -0.000104592
29.85 -9.6197e-05
29.86 -8.74872e-05
29.87 -7.84942e-05
29.88 -6.92505e-05
29.89 -5.97894e-05
29.9 -5.0145e-05
29.91 -4.03522e-05
29.92 -3.04463e-05
29.93 -2.04629e-05
29.94 -1.0438e-05
29.95 -4.07335e-07
29.96 9.59329e-06
29.97 1.95285e-05
29.98 2.93636e-05
29.99 3.90642e-05
30 4.85971e-05
30.01 5.79299e-05
30.02 6.70312e-05
30.03 7.58709e-05
30.04 8.44203e-05
30.05 9.26517e-05
30.06 0.000100539
30.07 0.000108058
30.08 0.000115185
30.09 0.000121899
30.1 0.000128179
30.11 0.000134006
30.12 0.000139365
30.13 0.000144238
30.14 0.000148611
30.15 0.000152472
30.16 0.00015581
30.17 0.000158615
30.18 0.000160879
30.19 0.000162595
30.2 0.000163759
30.21 0.000164367
30.22 0.000164417
30.23 0.000163911
30.24 0.000162849
30.25 0.000161235
30.26 0.000159076
30.27 0.000156378
30.28 0.000153151
30.29 0.000149406
30.3 0.000145156
30.31 0.000140416
30.32 0.000135201
30.33 0.000129531
30.34 0.000123426
30.35 0.000116906
30.36 0.000109996
30.37 0.00010272
30.38 9.51034e-05
30.39 8.71744e-05
30.4 7.89612e-05
30.41 7.04936e-05
30.42 6.18019e-05
30.43 5.29177e-05
30.44 4.38729e-05
30.45 3.47002e-05
30.46 2.54327e-05
30.47 1.61036e-05
30.48 6.74613e-06
30.49 -2.60629e-06
30.5 -1.19207e-05
30.51 -2.11643e-05
30.52 -3.03051e-05
30.53 -3.93116e-05
30.54 -4.81531e-05
30.55 -5.67998e-05
30.56 -6.52231e-05
30.57 -7.33952e-05
30.58 -8.12898e-05
30.59 -8.88817e-05
30.6 -9.61468e-05
30.61 -0.000103063
30.62 -0.000109608
30.63 -0.000115763
30.64 -0.000121509
30.65 -0.000126828
30.66 -0.000131706
30.67 -0.000136127
30.68 -0.000140078
30.69 -0.000143549
30.7 -0.000146528
30.71 -0.000149007
30.72 -0.000150979
30.73 -0.000152438
30.74 -0.000153379
30.75 -0.000153801
30.76 -0.000153701
30.77 -0.000153082
30.78 -0.000151944
30.79 -0.000150292
30.8 -0.000148131
30.81 -0.00014547
30.82 -0.000142317
30.83 -0.000138683
30.84 -0.000134581
30.85 -0.000130025
30.86 -0.000125031
30.87 -0.000119618
30.88 -0.000113803
30.89 -0.000107608
30.9 -0.000101054
30.91 -9.41661e-05
30.92 -8.69678e-05
30.93 -7.94854e-05
30.94 -7.17456e-05
30.95 -6.37765e-05
30.96 -5.56067e-05
30.97 -4.72657e-05
30.98 -3.87835e-05
30.99 -3.01906e-05
31 -2.15177e-05
31.01 -1.27958e-05
31.02 -4.05597e-06
31.03 4.67097e-06
31.04 1.33544e-05
31.05 2.19639e-05
31.06 3.047e-05
31.07 3.88433e-05
31.08 4.70556e-05
31.09 5.50793e-05
31.1 6.28878e-05
31.11 7.04556e-05
31.12 7.77582e-05
31.13 8.47721e-05
31.14 9.14753e-05
31.15 9.78467e-05
31.16 0.000103867
31.17 0.000109517
31.18 0.000114779
31.19 0.000119639
31.2 0.000124081
31.21 0.000128092
31.22 0.000131661
31.23 0.000134775
31.24 0.000137428
31.25 0.000139609
31.26 0.000141314
31.27 0.000142536
31.28 0.000143274
31.29 0.000143523
31.3 0.000143286
31.31 0.000142561
31.32 0.000141353
31.33 0.000139665
31.34 0.000137504
31.35 0.000134876
31.36 0.000131792
31.37 0.000128262
31.38 0.000124299
31.39 0.000119917
31.4 0.00011513
31.41 0.000109957
31.42 0.000104415
31.43 9.85248e-05
31.44 9.2307e-05
31.45 8.5784e-05
31.46 7.89793e-05
31.47 7.19172e-05
31.48 6.46233e-05
31.49 5.71237e-05
31.5 4.94453e-05
31.51 4.16159e-05
31.52 3.36633e-05
31.53 2.56159e-05
31.54 1.75025e-05
31.55 9.35176e-06
31.56 1.19238e-06
31.57 -6.94704e-06
31.58 -1.50382e-05
31.59 -2.30531e-05
31.6 -3.09644e-05
31.61 -3.87452e-05
31.62 -4.63693e-05
31.63 -5.38113e-05
31.64 -6.10468e-05
31.65 -6.80521e-05
31.66 -7.48047e-05
31.67 -8.12829e-05
31.68 -8.74661e-05
31.69 -9.33351e-05
31.7 -9.88714e-05
31.71 -0.000104058
31.72 -0.000108879
31.73 -0.00011332
31.74 -0.000117366
31.75 -0.000121006
31.76 -0.000124229
31.77 -0.000127025
31.78 -0.000129386
31.79 -0.000131304
31.8 -0.000132774
31.81 -0.000133791
31.82 -0.000134353
31.83 -0.000134457
31.84 -0.000134105
31.85 -0.000133298
31.86 -0.000132038
31.87 -0.00013033
31.88 -0.000128181
31.89 -0.000125598
31.9 -0.00012259
31.91 -0.000119168
31.92 -0.000115344
31.93 -0.000111132
31.94 -0.000106546
31.95 -0.000101604
31.96 -9.63229e-05
31.97 -9.07214e-05
31.98 -8.482e-05
31.99 -7.86398e-05
32 -7.2203e-05
32.01 -6.55329e-05
32.02 -5.86535e-05
32.03 -5.15894e-05
32.04 -4.43661e-05
32.05 -3.70094e-05
32.06 -2.95456e-05
32.07 -2.20012e-05
32.08 -1.44029e-05
32.09 -6.77764e-06
32.1 8.47923e-07
32.11 8.44721e-06
32.12 1.59939e-05
32.13 2.34622e-05
32.14 3.08265e-05
32.15 3.8062e-05
32.16 4.51445e-05
32.17 5.20506e-05
32.18 5.87574e-05
32.19 6.52434e-05
32.2 7.14874e-05
32.21 7.74696e-05
32.22 8.31709e-05
32.23 8.85736e-05
32.24 9.36606e-05
32.25 9.84163e-05
32.26 0.000102826
32.27 0.000106876
32.28 0.000110554
32.29 0.000113848
32.3 0.00011675
32.31 0.000119249
32.32 0.000121338
32.33 0.000123012
32.34 0.000124265
32.35 0.000125093
32.36 0.000125494
32.37 0.000125467
32.38 0.000125013
32.39 0.000124134
32.4 0.000122833
32.41 0.000121114
32.42 0.000118985
32.43 0.000116451
32.44 0.000113524
32.45 0.000110212
32.46 0.000106529
32.47 0.000102487
32.48 9.80997e-05
32.49 9.33842e-05
32.5 8.8357e-05
32.51 8.3036e-05
32.52 7.74405e-05
32.53 7.15905e-05
32.54 6.55071e-05
32.55 5.9212e-05
32.56 5.2728e-05
32.57 4.60781e-05
32.58 3.92862e-05
32.59 3.23765e-05
32.6 2.53735e-05
32.61 1.8302e-05
32.62 1.1187e-05
32.63 4.05329e-06
32.64 -3.07413e-06
32.65 -1.01706e-05
32.66 -1.72117e-05
32.67 -2.41733e-05
32.68 -3.10318e-05
32.69 -3.77642e-05
32.7 -4.43479e-05
32.71 -5.07612e-05
32.72 -5.69829e-05
32.73 -6.29928e-05
32.74 -6.87716e-05
32.75 -7.43005e-05
32.76 -7.95621e-05
32.77 -8.45396e-05
32.78 -8.92174e-05
32.79 -9.35808e-05
32.8 -9.76164e-05
32.81 -0.000101311
32.82 -0.000104655
32.83 -0.000107636
32.84 -0.000110246
32.85 -0.000112476
32.86 -0.000114321
32.87 -0.000115774
32.88 -0.000116831
32.89 -0.000117489
32.9 -0.000117747
32.91 -0.000117603
32.92 -0.00011706
32.93 -0.000116119
32.94 -0.000114784
32.95 -0.000113059
32.96 -0.000110952
32.97 -0.00010847
32.98 -0.000105621
32.99 -0.000102416
33 -9.88673e-05
33.01 -9.49866e-05
33.02 -9.07883e-05
33.03 -8.62875e-05
33.04 -8.15003e-05
33.05 -7.64439e-05
33.06 -7.11366e-05
33.07 -6.55974e-05
33.08 -5.98462e-05
33.09 -5.39036e-05
33.1 -4.77909e-05
33.11 -4.15299e-05
33.12 -3.51428e-05
33.13 -2.86523e-05
33.14 -2.20815e-05
33.15 -1.54533e-05
33.16 -8.79096e-06
33.17 -2.11781e-06
33.18 4.54308e-06
33.19 1.11688e-05
33.2 1.77366e-05
33.21 2.42242e-05
33.22 3.06096e-05
33.23 3.68716e-05
33.24 4.29892e-05
33.25 4.89422e-05
33.26 5.47112e-05
33.27 6.02773e-05
33.28 6.56225e-05
33.29 7.07297e-05
33.3 7.55825e-05
33.31 8.01655e-05
33.32 8.44642e-05
33.33 8.84651e-05
33.34 9.21556e-05
33.35 9.55243e-05
33.36 9.85605e-05
33.37 0.000101255
33.38 0.000103599
33.39 0.000105586
33.4 0.00010721
33.41 0.000108465
33.42 0.000109349
33.43 0.000109858
33.44 0.000109991
33.45 0.000109749
33.46 0.000109132
33.47 0.000108144
33.48 0.000106787
33.49 0.000105067
33.5 0.000102991
33.51 0.000100566
33.52 9.78001e-05
33.53 9.47043e-05
33.54 9.12895e-05
33.55 8.7568e-05
33.56 8.35532e-05
33.57 7.92597e-05
33.58 7.47028e-05
33.59 6.9899e-05
33.6 6.48655e-05
33.61 5.96205e-05
33.62 5.41827e-05
33.63 4.85716e-05
33.64 4.28072e-05
33.65 3.69101e-05
33.66 3.09011e-05
33.67 2.48015e-05
33.68 1.86328e-05
33.69 1.24166e-05
33.7 6.17466e-06
33.71 -7.13874e-08
33.72 -6.29996e-06
33.73 -1.24897e-05
33.74 -1.86194e-05
33.75 -2.46684e-05
33.76 -3.06162e-05
33.77 -3.6443e-05
33.78 -4.21294e-05
33.79 -4.76567e-05
33.8 -5.30066e-05
33.81 -5.81618e-05
33.82 -6.31056e-05
33.83 -6.78221e-05
33.84 -7.22961e-05
33.85 -7.65134e-05
33.86 -8.04606e-05
33.87 -8.41254e-05
33.88 -8.7496e-05
33.89 -9.05621e-05
33.9 -9.3314e-05
33.91 -9.57431e-05
33.92 -9.78421e-05
33.93 -9.96044e-05
33.94 -0.000101025
33.95 -0.000102099
33.96 -0.000102824
33.97 -0.000103197
33.98 -0.000103219
33.99 -0.000102889
34 -0.000102209
34.01 -0.000101181
34.02 -9.98107e-05
34.03 -9.8102e-05
34.04 -9.60613e-05
34.05 -9.36964e-05
34.06 -9.10157e-05
34.07 -8.80291e-05
34.08 -8.47472e-05
34.09 -8.11821e-05
34.1 -7.73465e-05
34.11 -7.32543e-05
34.12 -6.89201e-05
34.13 -6.43597e-05
34.14 -5.95892e-05
34.15 -5.46258e-05
34.16 -4.94873e-05
34.17 -4.41919e-05
34.18 -3.87585e-05
34.19 -3.32062e-05
34.2 -2.75549e-05
34.21 -2.18242e-05
34.22 -1.60344e-05
34.23 -1.02057e-05
34.24 -4.35821e-06
34.25 1.48771e-06
34.26 7.31198e-06
34.27 1.30947e-05
34.28 1.88161e-05
34.29 2.44569e-05
34.3 2.99982e-05
34.31 3.54213e-05
34.32 4.07083e-05
34.33 4.58416e-05
34.34 5.08045e-05
34.35 5.55807e-05
34.36 6.01547e-05
34.37 6.45118e-05
34.38 6.86378e-05
34.39 7.25195e-05
34.4 7.61447e-05
34.41 7.95018e-05
34.42 8.25802e-05
34.43 8.53702e-05
34.44 8.7863e-05
34.45 9.0051e-05
34.46 9.19273e-05
34.47 9.34862e-05
34.48 9.4723e-05
34.49 9.5634e-05
34.5 9.62168e-05
34.51 9.64699e-05
34.52 9.63928e-05
34.53 9.59865e-05
34.54 9.52526e-05
34.55 9.41943e-05
34.56 9.28156e-05
34.57 9.11217e-05
34.58 8.9119e-05
34.59 8.68148e-05
34.6 8.42177e-05
34.61 8.13369e-05
34.62 7.81831e-05
34.63 7.47676e-05
34.64 7.11028e-05
34.65 6.72019e-05
34.66 6.30789e-05
34.67 5.87487e-05
34.68 5.42266e-05
34.69 4.95289e-05
34.7 4.46724e-05
34.71 3.96742e-05
34.72 3.45521e-05
34.73 2.93243e-05
34.74 2.4009e-05
34.75 1.86249e-05
34.76 1.31909e-05
34.77 7.72578e-06
34.78 2.24852e-06
34.79 -3.22202e-06
34.8 -8.6671e-06
34.81 -1.40681e-05
34.82 -1.94068e-05
34.83 -2.46652e-05
34.84 -2.98255e-05
34.85 -3.48706e-05
34.86 -3.97837e-05
34.87 -4.45486e-05
34.88 -4.91497e-05
34.89 -5.35719e-05
34.9 -5.78009e-05
34.91 -6.18228e-05
34.92 -6.56249e-05
34.93 -6.91949e-05
34.94 -7.25213e-05
34.95 -7.55936e-05
34.96 -7.8402e-05
34.97 -8.09377e-05
34.98 -8.31927e-05
34.99 -8.51601e-05
35 -8.68336e-05
35.01 -8.82082e-05
35.02 -8.92798e-05
35.03 -9.00452e-05
35.04 -9.05025e-05
35.05 -9.06504e-05
35.06 -9.0489e-05
35.07 -9.00193e-05
35.08 -8.92435e-05
35.09 -8.81645e-05
35.1 -8.67867e-05
35.11 -8.51152e-05
35.12 -8.31562e-05
35.13 -8.09169e-05
35.14 -7.84057e-05
35.15 -7.56316e-05
35.16 -7.26047e-05
35.17 -6.93359e-05
35.18 -6.58371e-05
35.19 -6.21209e-05
35.2 -5.82006e-05
35.21 -5.40903e-05
35.22 -4.98046e-05
35.23 -4.53588e-05
35.24 -4.07688e-05
35.25 -3.60508e-05
35.26 -3.12216e-05
35.27 -2.6298e-05
35.28 -2.12974e-05
35.29 -1.62374e-05
35.3 -1.11354e-05
35.31 -6.0093e-06
35.32 -8.767e-07
35.33 4.24472e-06
35.34 9.33744e-06
35.35 1.43841e-05
35.36 1.93676e-05
35.37 2.42712e-05
35.38 2.90784e-05
35.39 3.37731e-05
35.4 3.83398e-05
35.41 4.27634e-05
35.42 4.70293e-05
35.43 5.11236e-05
35.44 5.50329e-05
35.45 5.87446e-05
35.46 6.22467e-05
35.47 6.55278e-05
35.48 6.85776e-05
35.49 7.13863e-05
35.5 7.3945e-05
35.51 7.62456e-05
35.52 7.82809e-05
35.53 8.00447e-05
35.54 8.15314e-05
35.55 8.27366e-05
35.56 8.36567e-05
35.57 8.42891e-05
35.58 8.46322e-05
35.59 8.46853e-05
35.6 8.44487e-05
35.61 8.39237e-05
35.62 8.31127e-05
35.63 8.20187e-05
35.64 8.06462e-05
35.65 7.90002e-05
35.66 7.70869e-05
35.67 7.49134e-05
35.68 7.24877e-05
35.69 6.98185e-05
35.7 6.69156e-05
35.71 6.37895e-05
35.72 6.04513e-05
35.73 5.69133e-05
35.74 5.31879e-05
35.75 4.92885e-05
35.76 4.52291e-05
35.77 4.10239e-05
35.78 3.6688e-05
35.79 3.22367e-05
35.8 2.76856e-05
35.81 2.30507e-05
35.82 1.83482e-05
35.83 1.35946e-05
35.84 8.80624e-06
35.85 3.99978e-06
35.86 -8.08249e-07
35.87 -5.60136e-06
35.88 -1.03632e-05
35.89 -1.50776e-05
35.9 -1.97285e-05
35.91 -2.43003e-05
35.92 -2.87778e-05
35.93 -3.31458e-05
35.94 -3.739e-05
35.95 -4.14963e-05
35.96 -4.54512e-05
35.97 -4.92416e-05
35.98 -5.28553e-05
35.99 -5.62804e-05
36 -5.95059e-05
36.01 -6.25214e-05
36.02 -6.53172e-05
36.03 -6.78844e-05
36.04 -7.02148e-05
36.05 -7.2301e-05
36.06 -7.41366e-05
36.07 -7.57158e-05
36.08 -7.70338e-05
36.09 -7.80866e-05
36.1 -7.88711e-05
36.11 -7.93852e-05
36.12 -7.96277e-05
36.13 -7.95981e-05
36.14 -7.92971e-05
36.15 -7.87262e-05
36.16 -7.78879e-05
36.17 -7.67854e-05
36.18 -7.5423e-05
36.19 -7.3806e-05
36.2 -7.19403e-05
36.21 -6.98328e-05
36.22 -6.74913e-05
36.23 -6.49243e-05
36.24 -6.21411e-05
36.25 -5.91518e-05
36.26 -5.59671e-05
36.27 -5.25985e-05
36.28 -4.9058e-05
36.29 -4.53584e-05
36.3 -4.15126e-05
36.31 -3.75344e-05
36.32 -3.34378e-05
36.33 -2.92374e-05
36.34 -2.49477e-05
36.35 -2.0584e-05
36.36 -1.61613e-05
36.37 -1.16951e-05
36.38 -7.20077e-06
36.39 -2.69392e-06
36.4 1.81001e-06
36.41 6.2956e-06
36.42 1.07476e-05
36.43 1.51508e-05
36.44 1.94904e-05
36.45 2.37518e-05
36.46 2.79208e-05
36.47 3.19833e-05
36.48 3.5926e-05
36.49 3.97358e-05
36.5 4.34e-05
36.51 4.69069e-05
36.52 5.02448e-05
36.53 5.34029e-05
36.54 5.63709e-05
36.55 5.91394e-05
36.56 6.16995e-05
36.57 6.40428e-05
36.58 6.61621e-05
36.59 6.80506e-05
36.6 6.97024e-05
36.61 7.11124e-05
36.62 7.22764e-05
36.63 7.31907e-05
36.64 7.38529e-05
36.65 7.42611e-05
36.66 7.44145e-05
36.67 7.43129e-05
36.68 7.39572e-05
36.69 7.3349e-05
36.7 7.2491e-05
36.71 7.13865e-05
36.72 7.00398e-05
36.73 6.84559e-05
36.74 6.66407e-05
36.75 6.46011e-05
36.76 6.23443e-05
36.77 5.98786e-05
36.78 5.7213e-05
36.79 5.43571e-05
36.8 5.13211e-05
36.81 4.81159e-05
36.82 4.4753e-05
36.83 4.12444e-05
36.84 3.76024e-05
36.85 3.384e-05
36.86 2.99705e-05
36.87 2.60074e-05
36.88 2.19647e-05
36.89 1.78565e-05
36.9 1.3697e-05
36.91 9.50085e-06
36.92 5.28239e-06
36.93 1.05621e-06
36.94 -3.1632e-06
36.95 -7.3614e-06
36.96 -1.15241e-05
36.97 -1.56372e-05
36.98 -1.96868e-05
36.99 -2.36592e-05
37 -2.75412e-05
37.01 -3.13198e-05
37.02 -3.49824e-05
37.03 -3.8517e-05
37.04 -4.19119e-05
37.05 -4.51558e-05
37.06 -4.82383e-05
37.07 -5.11493e-05
37.08 -5.38794e-05
37.09 -5.64197e-05
37.1 -5.87621e-05
37.11 -6.08992e-05
37.12 -6.28241e-05
37.13 -6.45308e-05
37.14 -6.60139e-05
37.15 -6.7269e-05
37.16 -6.82922e-05
37.17 -6.90805e-05
37.18 -6.96317e-05
37.19 -6.99444e-05
37.2 -7.00181e-05
37.21 -6.98528e-05
37.22 -6.94497e-05
37.23 -6.88106e-05
37.24 -6.79381e-05
37.25 -6.68356e-05
37.26 -6.55075e-05
37.27 -6.39586e-05
37.28 -6.21948e-05
37.29 -6.02226e-05
37.3 -5.80492e-05
37.31 -5.56824e-05
37.32 -5.31308e-05
37.33 -5.04036e-05
37.34 -4.75107e-05
37.35 -4.44623e-05
37.36 -4.12693e-05
37.37 -3.7943e-05
37.38 -3.44953e-05
37.39 -3.09382e-05
37.4 -2.72843e-05
37.41 -2.35465e-05
37.42 -1.97377e-05
37.43 -1.58713e-05
37.44 -1.19607e-05
37.45 -8.01947e-06
37.46 -4.06115e-06
37.47 -9.93771e-08
37.48 3.85228e-06
37.49 7.78032e-06
37.5 1.16714e-05
37.51 1.55123e-05
37.52 1.92902e-05
37.53 2.29922e-05
37.54 2.6606e-05
37.55 3.01195e-05
37.56 3.3521e-05
37.57 3.67994e-05
37.58 3.99437e-05
37.59 4.29437e-05
37.6 4.57895e-05
37.61 4.84718e-05
37.62 5.0982e-05
37.63 5.33119e-05
37.64 5.54541e-05
37.65 5.74017e-05
37.66 5.91486e-05
37.67 6.06892e-05
37.68 6.20188e-05
37.69 6.31333e-05
37.7 6.40294e-05
37.71 6.47044e-05
37.72 6.51565e-05
37.73 6.53847e-05
37.74 6.53885e-05
37.75 6.51685e-05
37.76 6.47258e-05
37.77 6.40624e-05
37.78 6.31809e-05
37.79 6.20849e-05
37.8 6.07785e-05
37.81 5.92667e-05
37.82 5.75551e-05
37.83 5.56499e-05
37.84 5.35582e-05
37.85 5.12875e-05
37.86 4.8846e-05
37.87 4.62425e-05
37.88 4.34864e-05
37.89 4.05874e-05
37.9 3.75559e-05
37.91 3.44027e-05
37.92 3.11388e-05
37.93 2.77759e-05
37.94 2.43257e-05
37.95 2.08002e-05
37.96 1.72118e-05
37.97 1.35731e-05
37.98 9.89651e-06
37.99 6.19485e-06
38 2.48087e-06
38.01 -1.2327e-06
38.02 -4.93314e-06
38.03 -8.60784e-06
38.04 -1.22443e-05
38.05 -1.58303e-05
38.06 -1.93536e-05
38.07 -2.28025e-05
38.08 -2.61654e-05
38.09 -2.94311e-05
38.1 -3.25887e-05
38.11 -3.56278e-05
38.12 -3.85383e-05
38.13 -4.13108e-05
38.14 -4.39361e-05
38.15 -4.64057e-05
38.16 -4.87116e-05
38.17 -5.08463e-05
38.18 -5.28031e-05
38.19 -5.45756e-05
38.2 -5.61583e-05
38.21 -5.75461e-05
38.22 -5.87349e-05
38.23 -5.9721e-05
38.24 -6.05015e-05
38.25 -6.10741e-05
38.26 -6.14373e-05
38.27 -6.15903e-05
38.28 -6.1533e-05
38.29 -6.12661e-05
38.3 -6.07908e-05
38.31 -6.01092e-05
38.32 -5.92241e-05
38.33 -5.81389e-05
38.34 -5.68577e-05
38.35 -5.53854e-05
38.36 -5.37273e-05
38.37 -5.18896e-05
38.38 -4.9879e-05
38.39 -4.77027e-05
38.4 -4.53686e-05
38.41 -4.28851e-05
38.42 -4.0261e-05
38.43 -3.75057e-05
38.44 -3.46291e-05
38.45 -3.16411e-05
38.46 -2.85525e-05
38.47 -2.53741e-05
38.48 -2.21169e-05
38.49 -1.87925e-05
38.5 -1.54124e-05
38.51 -1.19883e-05
38.52 -8.53211e-06
38.53 -5.05575e-06
38.54 -1.57118e-06
38.55 1.90963e-06
38.56 5.3748e-06
38.57 8.8125e-06
38.58 1.22111e-05
38.59 1.5559e-05
38.6 1.8845e-05
38.61 2.20581e-05
38.62 2.51874e-05
38.63 2.82226e-05
38.64 3.11536e-05
38.65 3.39706e-05
38.66 3.66644e-05
38.67 3.9226e-05
38.68 4.16473e-05
38.69 4.39201e-05
38.7 4.60373e-05
38.71 4.79919e-05
38.72 4.97778e-05
38.73 5.13891e-05
38.74 5.28209e-05
38.75 5.40687e-05
38.76 5.51286e-05
38.77 5.59974e-05
38.78 5.66726e-05
38.79 5.71523e-05
38.8 5.74354e-05
38.81 5.75211e-05
38.82 5.74097e-05
38.83 5.7102e-05
38.84 5.65993e-05
38.85 5.59039e-05
38.86 5.50185e-05
38.87 5.39465e-05
38.88 5.26921e-05
38.89 5.12599e-05
38.9 4.96551e-05
38.91 4.78837e-05
38.92 4.59522e-05
38.93 4.38674e-05
38.94 4.1637e-05
38.95 3.92688e-05
38.96 3.67714e-05
38.97 3.41536e-05
38.98 3.14248e-05
38.99 2.85945e-05
39 2.56727e-05
39.01 2.26696e-05
39.02 1.95959e-05
39.03 1.64621e-05
39.04 1.32793e-05
39.05 1.00584e-05
39.06 6.81056e-06
39.07 3.54702e-06
39.08 2.78967e-07
39.09 -2.9824e-06
39.1 -6.22595e-06
39.11 -9.44065e-06
39.12 -1.26156e-05
39.13 -1.574e-05
39.14 -1.88035e-05
39.15 -2.17956e-05
39.16 -2.47064e-05
39.17 -2.75263e-05
39.18 -3.02457e-05
39.19 -3.28557e-05
39.2 -3.53477e-05
39.21 -3.77136e-05
39.22 -3.99455e-05
39.23 -4.20363e-05
39.24 -4.39791e-05
39.25 -4.57676e-05
39.26 -4.73963e-05
39.27 -4.88598e-05
39.28 -5.01535e-05
39.29 -5.12736e-05
39.3 -5.22164e-05
39.31 -5.29792e-05
39.32 -5.35598e-05
39.33 -5.39566e-05
39.34 -5.41686e-05
39.35 -5.41955e-05
39.36 -5.40376e-05
39.37 -5.36958e-05
39.38 -5.31717e-05
39.39 -5.24675e-05
39.4 -5.15859e-05
39.41 -5.05303e-05
39.42 -4.93048e-05
39.43 -4.79138e-05
39.44 -4.63626e-05
39.45 -4.46568e-05
39.46 -4.28026e-05
39.47 -4.08066e-05
39.48 -3.86762e-05
39.49 -3.64188e-05
39.5 -3.40426e-05
39.51 -3.15559e-05
39.52 -2.89676e-05
39.53 -2.62869e-05
39.54 -2.3523e-05
39.55 -2.06859e-05
39.56 -1.77852e-05
39.57 -1.48313e-05
39.58 -1.18342e-05
39.59 -8.80447e-06
39.6 -5.75252e-06
39.61 -2.68885e-06
39.62 3.7602e-07
39.63 3.4316e-06
39.64 6.46747e-06
39.65 9.4733e-06
39.66 1.24389e-05
39.67 1.53543e-05
39.68 1.82096e-05
39.69 2.09953e-05
39.7 2.3702e-05
39.71 2.63208e-05
39.72 2.88429e-05
39.73 3.12599e-05
39.74 3.35641e-05
39.75 3.57476e-05
39.76 3.78036e-05
39.77 3.97251e-05
39.78 4.15061e-05
39.79 4.31408e-05
39.8 4.4624e-05
39.81 4.5951e-05
39.82 4.71175e-05
39.83 4.81201e-05
39.84 4.89557e-05
39.85 4.96217e-05
39.86 5.01163e-05
39.87 5.04382e-05
39.88 5.05866e-05
39.89 5.05614e-05
39.9 5.03631e-05
39.91 4.99927e-05
39.92 4.94518e-05
39.93 4.87427e-05
39.94 4.78681e-05
39.95 4.68314e-05
39.96 4.56365e-05
39.97 4.42878e-05
39.98 4.27903e-05
39.99 4.11495e-05
40 3.93712e-05
40.01 3.74619e-05
40.02 3.54285e-05
40.03 3.32782e-05
40.04 3.10187e-05
40.05 2.86579e-05
40.06 2.62042e-05
40.07 2.36663e-05
40.08 2.10531e-05
40.09 1.83737e-05
40.1 1.56374e-05
40.11 1.28539e-05
40.12 1.00326e-05
40.13 7.18356e-06
40.14 4.31641e-06
40.15 1.44106e-06
40.16 -1.43262e-06
40.17 -4.29481e-06
40.18 -7.13575e-06
40.19 -9.94579e-06
40.2 -1.27154e-05
40.21 -1.54353e-05
40.22 -1.80962e-05
40.23 -2.06893e-05
40.24 -2.32058e-05
40.25 -2.56374e-05
40.26 -2.79761e-05
40.27 -3.0214e-05
40.28 -3.23439e-05
40.29 -3.43586e-05
40.3 -3.62518e-05
40.31 -3.8017e-05
40.32 -3.96488e-05
40.33 -4.11418e-05
40.34 -4.24913e-05
40.35 -4.3693e-05
40.36 -4.47432e-05
40.37 -4.56386e-05
40.38 -4.63765e-05
40.39 -4.69547e-05
40.4 -4.73717e-05
40.41 -4.76264e-05
40.42 -4.77182e-05
40.43 -4.76471e-05
40.44 -4.74139e-05
40.45 -4.70196e-05
40.46 -4.64659e-05
40.47 -4.57552e-05
40.48 -4.489e-05
40.49 -4.38738e-05
40.5 -4.27104e-05
40.51 -4.1404e-05
40.52 -3.99595e-05
40.53 -3.83821e-05
40.54 -3.66776e-05
40.55 -3.4852e-05
40.56 -3.29119e-05
40.57 -3.08643e-05
40.58 -2.87163e-05
40.59 -2.64757e-05
40.6 -2.41503e-05
40.61 -2.17482e-05
40.62 -1.9278e-05
40.63 -1.67482e-05
40.64 -1.41677e-05
40.65 -1.15454e-05
40.66 -8.89038e-06
40.67 -6.21189e-06
40.68 -3.51912e-06
40.69 -8.21321e-07
40.7 1.87227e-06
40.71 4.55245e-06
40.72 7.2101e-06
40.73 9.83619e-06
40.74 1.24218e-05
40.75 1.49583e-05
40.76 1.74371e-05
40.77 1.98499e-05
40.78 2.21886e-05
40.79 2.44455e-05
40.8 2.6613e-05
40.81 2.8684e-05
40.82 3.06517e-05
40.83 3.25096e-05
40.84 3.42517e-05
40.85 3.58723e-05
40.86 3.73661e-05
40.87 3.87284e-05
40.88 3.99549e-05
40.89 4.10416e-05
40.9 4.19852e-05
40.91 4.27828e-05
40.92 4.3432e-05
40.93 4.39309e-05
40.94 4.42781e-05
40.95 4.44728e-05
40.96 4.45147e-05
40.97 4.44039e-05
40.98 4.41412e-05
40.99 4.37278e-05
41 4.31654e-05
41.01 4.24563e-05
41.02 4.16033e-05
41.03 4.06095e-05
41.04 3.94787e-05
41.05 3.8215e-05
41.06 3.68231e-05
41.07 3.53081e-05
41.08 3.36754e-05
41.09 3.19309e-05
41.1 3.00808e-05
41.11 2.81317e-05
41.12 2.60906e-05
41.13 2.39646e-05
41.14 2.17613e-05
41.15 1.94883e-05
41.16 1.71537e-05
41.17 1.47656e-05
41.18 1.23323e-05
41.19 9.86228e-06
41.2 7.36407e-06
41.21 4.84629e-06
41.22 2.31763e-06
41.23 -2.13257e-07
41.24 -2.73769e-06
41.25 -5.24707e-06
41.26 -7.73285e-06
41.27 -1.01866e-05
41.28 -1.26e-05
41.29 -1.4965e-05
41.3 -1.72735e-05
41.31 -1.95179e-05
41.32 -2.16907e-05
41.33 -2.37845e-05
41.34 -2.57926e-05
41.35 -2.77082e-05
41.36 -2.95251e-05
41.37 -3.12373e-05
41.38 -3.28392e-05
41.39 -3.43257e-05
41.4 -3.56918e-05
41.41 -3.69334e-05
41.42 -3.80463e-05
41.43 -3.90272e-05
41.44 -3.9873e-05
41.45 -4.0581e-05
41.46 -4.11493e-05
41.47 -4.15761e-05
41.48 -4.18604e-05
41.49 -4.20015e-05
41.5 -4.19991e-05
41.51 -4.18537e-05
41.52 -4.15661e-05
41.53 -4.11375e-05
41.54 -4.05697e-05
41.55 -3.9865e-05
41.56 -3.90261e-05
41.57 -3.80561e-05
41.58 -3.69587e-05
41.59 -3.57379e-05
41.6 -3.43982e-05
41.61 -3.29444e-05
41.62 -3.13817e-05
41.63 -2.97158e-05
41.64 -2.79527e-05
41.65 -2.60985e-05
41.66 -2.41599e-05
41.67 -2.21437e-05
41.68 -2.0057e-05
41.69 -1.79071e-05
41.7 -1.57015e-05
41.71 -1.34479e-05
41.72 -1.11543e-05
41.73 -8.82839e-06
41.74 -6.47838e-06
41.75 -4.11234e-06
41.76 -1.73839e-06
41.77 6.35317e-07
41.78 3.00067e-06
41.79 5.34959e-06
41.8 7.67411e-06
41.81 9.96634e-06
41.82 1.22185e-05
41.83 1.44231e-05
41.84 1.65726e-05
41.85 1.86599e-05
41.86 2.0678e-05
41.87 2.26202e-05
41.88 2.44801e-05
41.89 2.62514e-05
41.9 2.79285e-05
41.91 2.95057e-05
41.92 3.0978e-05
41.93 3.23406e-05
41.94 3.35891e-05
41.95 3.47195e-05
41.96 3.57282e-05
41.97 3.66121e-05
41.98 3.73684e-05
41.99 3.79949e-05
42 3.84897e-05
42.01 3.88514e-05
42.02 3.90792e-05
42.03 3.91724e-05
42.04 3.91311e-05
42.05 3.89557e-05
42.06 3.86471e-05
42.07 3.82068e-05
42.08 3.76364e-05
42.09 3.69382e-05
42.1 3.61149e-05
42.11 3.51696e-05
42.12 3.41058e-05
42.13 3.29275e-05
42.14 3.16388e-05
42.15 3.02446e-05
42.16 2.87497e-05
42.17 2.71596e-05
42.18 2.54799e-05
42.19 2.37166e-05
42.2 2.18759e-05
42.21 1.99643e-05
42.22 1.79886e-05
42.23 1.59556e-05
42.24 1.38725e-05
42.25 1.17465e-05
42.26 9.58506e-06
42.27 7.39556e-06
42.28 5.1856e-06
42.29 2.96281e-06
42.3 7.34803e-07
42.31 -1.49077e-06
42.32 -3.70633e-06
42.33 -5.9043e-06
42.34 -8.07724e-06
42.35 -1.02178e-05
42.36 -1.23187e-05
42.37 -1.43729e-05
42.38 -1.63735e-05
42.39 -1.83139e-05
42.4 -2.01874e-05
42.41 -2.1988e-05
42.42 -2.37097e-05
42.43 -2.53467e-05
42.44 -2.68937e-05
42.45 -2.83456e-05
42.46 -2.96978e-05
42.47 -3.09458e-05
42.48 -3.20856e-05
42.49 -3.31136e-05
42.5 -3.40265e-05
42.51 -3.48215e-05
42.52 -3.54962e-05
42.53 -3.60485e-05
42.54 -3.64768e-05
42.55 -3.67799e-05
42.56 -3.69571e-05
42.57 -3.70081e-05
42.58 -3.69329e-05
42.59 -3.67321e-05
42.6 -3.64067e-05
42.61 -3.5958e-05
42.62 -3.53879e-05
42.63 -3.46985e-05
42.64 -3.38926e-05
42.65 -3.29731e-05
42.66 -3.19435e-05
42.67 -3.08074e-05
42.68 -2.95691e-05
42.69 -2.82331e-05
42.7 -2.6804e-05
42.71 -2.52871e-05
42.72 -2.36877e-05
42.73 -2.20115e-05
42.74 -2.02645e-05
42.75 -1.84527e-05
42.76 -1.65826e-05
42.77 -1.46607e-05
42.78 -1.26937e-05
42.79 -1.06884e-05
42.8 -8.65184e-06
42.81 -6.59102e-06
42.82 -4.51307e-06
42.83 -2.42513e-06
42.84 -3.34374e-07
42.85 1.75204e-06
42.86 3.827e-06
42.87 5.88344e-06
42.88 7.91437e-06
42.89 9.91292e-06
42.9 1.18723e-05
42.91 1.37861e-05
42.92 1.56476e-05
42.93 1.74508e-05
42.94 1.91897e-05
42.95 2.08584e-05
42.96 2.24514e-05
42.97 2.39635e-05
42.98 2.53897e-05
42.99 2.67254e-05
43 2.79662e-05
43.01 2.91082e-05
43.02 3.01475e-05
43.03 3.10811e-05
43.04 3.19058e-05
43.05 3.26192e-05
43.06 3.3219e-05
43.07 3.37035e-05
43.08 3.40714e-05
43.09 3.43215e-05
43.1 3.44533e-05
43.11 3.44666e-05
43.12 3.43617e-05
43.13 3.41392e-05
43.14 3.38001e-05
43.15 3.33458e-05
43.16 3.27781e-05
43.17 3.20993e-05
43.18 3.13118e-05
43.19 3.04188e-05
43.2 2.94233e-05
43.21 2.83292e-05
43.22 2.71403e-05
43.23 2.58609e-05
43.24 2.44957e-05
43.25 2.30495e-05
43.26 2.15274e-05
43.27 1.99349e-05
43.28 1.82775e-05
43.29 1.65612e-05
43.3 1.47918e-05
43.31 1.29756e-05
43.32 1.1119e-05
43.33 9.22833e-06
43.34 7.31018e-06
43.35 5.3712e-06
43.36 3.41805e-06
43.37 1.45747e-06
43.38 -5.03842e-07
43.39 -2.45916e-06
43.4 -4.40183e-06
43.41 -6.32524e-06
43.42 -8.22285e-06
43.43 -1.00883e-05
43.44 -1.19152e-05
43.45 -1.36975e-05
43.46 -1.54291e-05
43.47 -1.71044e-05
43.48 -1.87176e-05
43.49 -2.02636e-05
43.5 -2.1737e-05
43.51 -2.31332e-05
43.52 -2.44475e-05
43.53 -2.56756e-05
43.54 -2.68136e-05
43.55 -2.78577e-05
43.56 -2.88046e-05
43.57 -2.96514e-05
43.58 -3.03953e-05
43.59 -3.10341e-05
43.6 -3.15658e-05
43.61 -3.19889e-05
43.62 -3.23021e-05
43.63 -3.25047e-05
43.64 -3.25961e-05
43.65 -3.25764e-05
43.66 -3.24459e-05
43.67 -3.22052e-05
43.68 -3.18554e-05
43.69 -3.1398e-05
43.7 -3.08348e-05
43.71 -3.01679e-05
43.72 -2.93999e-05
43.73 -2.85336e-05
43.74 -2.75722e-05
43.75 -2.65193e-05
43.76 -2.53785e-05
43.77 -2.41542e-05
43.78 -2.28505e-05
43.79 -2.14723e-05
43.8 -2.00243e-05
43.81 -1.85117e-05
43.82 -1.69399e-05
43.83 -1.53143e-05
43.84 -1.36407e-05
43.85 -1.19248e-05
43.86 -1.01727e-05
43.87 -8.39049e-06
43.88 -6.58428e-06
43.89 -4.76033e-06
43.9 -2.92491e-06
43.91 -1.08434e-06
43.92 7.55082e-07
43.93 2.58707e-06
43.94 4.40538e-06
43.95 6.20384e-06
43.96 7.97635e-06
43.97 9.71691e-06
43.98 1.14197e-05
43.99 1.30789e-05
44 1.46891e-05
44.01 1.62447e-05
44.02 1.77408e-05
44.03 1.91722e-05
44.04 2.05344e-05
44.05 2.18227e-05
44.06 2.30329e-05
44.07 2.41612e-05
44.08 2.52039e-05
44.09 2.61576e-05
44.1 2.70192e-05
44.11 2.77861e-05
44.12 2.84558e-05
44.13 2.90263e-05
44.14 2.94958e-05
44.15 2.98631e-05
44.16 3.0127e-05
44.17 3.02869e-05
44.18 3.03425e-05
44.19 3.02938e-05
44.2 3.01413e-05
44.21 2.98857e-05
44.22 2.95281e-05
44.23 2.90699e-05
44.24 2.8513e-05
44.25 2.78595e-05
44.26 2.71118e-05
44.27 2.62727e-05
44.28 2.53454e-05
44.29 2.43331e-05
44.3 2.32395e-05
44.31 2.20687e-05
44.32 2.08246e-05
44.33 1.95119e-05
44.34 1.81351e-05
44.35 1.66991e-05
44.36 1.5209e-05
44.37 1.36699e-05
44.38 1.20874e-05
44.39 1.04668e-05
44.4 8.81385e-06
44.41 7.13428e-06
44.42 5.43389e-06
44.43 3.71855e-06
44.44 1.99415e-06
44.45 2.66619e-07
44.46 -1.45813e-06
44.47 -3.17421e-06
44.48 -4.87577e-06
44.49 -6.55705e-06
44.5 -8.21233e-06
44.51 -9.83604e-06
44.52 -1.14227e-05
44.53 -1.2967e-05
44.54 -1.44637e-05
44.55 -1.59079e-05
44.56 -1.72948e-05
44.57 -1.86197e-05
44.58 -1.98783e-05
44.59 -2.10665e-05
44.6 -2.21803e-05
44.61 -2.32162e-05
44.62 -2.41707e-05
44.63 -2.50409e-05
44.64 -2.58239e-05
44.65 -2.65173e-05
44.66 -2.71189e-05
44.67 -2.7627e-05
44.68 -2.80398e-05
44.69 -2.83563e-05
44.7 -2.85757e-05
44.71 -2.86973e-05
44.72 -2.87211e-05
44.73 -2.8647e-05
44.74 -2.84757e-05
44.75 -2.82079e-05
44.76 -2.78447e-05
44.77 -2.73877e-05
44.78 -2.68386e-05
44.79 -2.61994e-05
44.8 -2.54726e-05
44.81 -2.46609e-05
44.82 -2.37673e-05
44.83 -2.27949e-05
44.84 -2.17473e-05
44.85 -2.06283e-05
44.86 -1.94418e-05
44.87 -1.81921e-05
44.88 -1.68836e-05
44.89 -1.55209e-05
44.9 -1.41088e-05
44.91 -1.26522e-05
44.92 -1.11563e-05
44.93 -9.62628e-06
44.94 -8.06742e-06
44.95 -6.48512e-06
44.96 -4.88487e-06
44.97 -3.27218e-06
44.98 -1.65259e-06
44.99 -3.16612e-08
