0.01 2.06953e-07
0.02 4.40951e-07
0.03 7.85237e-07
0.04 1.02005e-06
0.05 9.4987e-07
0.06 4.60969e-07
0.07 -4.13184e-07
0.08 -1.47793e-06
0.09 -2.51878e-06
0.1 -3.37394e-06
0.11 -4.01131e-06
0.12 -4.55537e-06
0.13 -5.18406e-06
0.14 -6.06755e-06
0.15 -7.29482e-06
0.16 -8.8458e-06
0.17 -1.05497e-05
0.18 -1.20735e-05
0.19 -1.31203e-05
0.2 -1.35666e-05
0.21 -1.34961e-05
0.22 -1.31529e-05
0.23 -1.27697e-05
0.24 -1.24598e-05
0.25 -1.22271e-05
0.26 -1.20374e-05
0.27 -1.17937e-05
0.28 -1.13312e-05
0.29 -1.04956e-05
0.3 -9.17978e-06
0.31 -7.44485e-06
0.32 -5.53172e-06
0.33 -3.71181e-06
0.34 -2.1814e-06
0.35 -1.02007e-06
0.36 -2.53837e-07
0.37 1.62722e-07
0.38 3.48824e-07
0.39 4.35875e-07
0.4 5.55571e-07
0.41 6.88181e-07
0.42 6.18055e-07
0.43 1.10925e-07
0.44 -9.44458e-07
0.45 -2.51518e-06
0.46 -4.49743e-06
0.47 -6.69486e-06
0.48 -8.82046e-06
0.49 -1.06077e-05
0.5 -1.18724e-05
0.51 -1.26064e-05
0.52 -1.29701e-05
0.53 -1.32068e-05
0.54 -1.3572e-05
0.55 -1.41456e-05
0.56 -1.47766e-05
0.57 -1.51116e-05
0.58 -1.46645e-05
0.59 -1.31673e-05
0.6 -1.07522e-05
0.61 -7.81789e-06
0.62 -4.85347e-06
0.63 -2.22852e-06
0.64 -1.0816e-07
0.65 1.58001e-06
0.66 3.12216e-06
0.67 4.86798e-06
0.68 7.10551e-06
0.69 9.87348e-06
0.7 1.2891e-05
0.71 1.56995e-05
0.72 1.78369e-05
0.73 1.90956e-05
0.74 1.96331e-05
0.75 1.98001e-05
0.76 1.99321e-05
0.77 2.02551e-05
0.78 2.08712e-05
0.79 2.16894e-05
0.8 2.24361e-05
0.81 2.28482e-05
0.82 2.2842e-05
0.83 2.25637e-05
0.84 2.23365e-05
0.85 2.2461e-05
0.86 2.3039e-05
0.87 2.40175e-05
0.88 2.52711e-05
0.89 2.66117e-05
0.9 2.7825e-05
0.91 2.87832e-05
0.92 2.95356e-05
0.93 3.02242e-05
0.94 3.09613e-05
0.95 3.18207e-05
0.96 3.28384e-05
0.97 3.39299e-05
0.98 3.48603e-05
0.99 3.53802e-05
1 3.53512e-05
1.01 3.47835e-05
1.02 3.38123e-05
1.03 3.25759e-05
1.04 3.11314e-05
1.05 2.94679e-05
1.06 2.75413e-05
1.07 2.53054e-05
1.08 2.27307e-05
1.09 1.98765e-05
1.1 1.69463e-05
1.11 1.41859e-05
1.12 1.17914e-05
1.13 9.77361e-06
1.14 7.87573e-06
1.15 5.8483e-06
1.16 3.64912e-06
1.17 1.47845e-06
1.18 -2.37874e-07
1.19 -1.15842e-06
1.2 -1.20693e-06
1.21 -5.48252e-07
1.22 4.55848e-07
1.23 1.42483e-06
1.24 2.04744e-06
1.25 2.17464e-06
1.26 1.87629e-06
1.27 1.32512e-06
1.28 6.93339e-07
1.29 5.64783e-08
1.3 -6.45489e-07
1.31 -1.60029e-06
1.32 -3.05585e-06
1.33 -5.25604e-06
1.34 -8.40537e-06
1.35 -1.25251e-05
1.36 -1.74401e-05
1.37 -2.28099e-05
1.38 -2.8182e-05
1.39 -3.32519e-05
1.4 -3.79501e-05
1.41 -4.23924e-05
1.42 -4.67788e-05
1.43 -5.12635e-05
1.44 -5.59383e-05
1.45 -6.06515e-05
1.46 -6.49449e-05
1.47 -6.83321e-05
1.48 -7.05181e-05
1.49 -7.14692e-05
1.5 -7.13615e-05
1.51 -7.04436e-05
1.52 -6.89092e-05
1.53 -6.69594e-05
1.54 -6.48751e-05
1.55 -6.27624e-05
1.56 -6.04404e-05
1.57 -5.76369e-05
1.58 -5.41916e-05
1.59 -5.01807e-05
1.6 -4.58537e-05
1.61 -4.16053e-05
1.62 -3.79195e-05
1.63 -3.52026e-05
1.64 -3.37317e-05
1.65 -3.34451e-05
1.66 -3.38717e-05
1.67 -3.44438e-05
1.68 -3.47193e-05
1.69 -3.45611e-05
1.7 -3.41392e-05
1.71 -3.37062e-05
1.72 -3.34193e-05
1.73 -3.32398e-05
1.74 -3.29406e-05
1.75 -3.21904e-05
1.76 -3.06757e-05
1.77 -2.81796e-05
1.78 -2.4642e-05
1.79 -2.02066e-05
1.8 -1.51658e-05
1.81 -9.78046e-06
1.82 -4.09673e-06
1.83 1.97719e-06
1.84 8.52963e-06
1.85 1.55436e-05
1.86 2.27939e-05
1.87 3.00069e-05
1.88 3.69876e-05
1.89 4.35183e-05
1.9 4.93133e-05
1.91 5.40974e-05
1.92 5.77058e-05
1.93 6.01843e-05
1.94 6.17991e-05
1.95 6.2853e-05
1.96 6.35606e-05
1.97 6.40501e-05
1.98 6.44151e-05
1.99 6.47521e-05
2 6.51486e-05
2.01 6.56123e-05
2.02 6.60171e-05
2.03 6.62944e-05
2.04 6.65636e-05
2.05 6.70262e-05
2.06 6.78443e-05
2.07 6.90045e-05
2.08 7.02916e-05
2.09 7.15027e-05
2.1 7.26125e-05
2.11 7.37025e-05
2.12 7.48613e-05
2.13 7.60719e-05
2.14 7.71637e-05
2.15 7.79193e-05
2.16 7.81302e-05
2.17 7.76462e-05
2.18 7.63927e-05
2.19 7.43736e-05
2.2 7.17081e-05
2.21 6.85156e-05
2.22 6.48255e-05
2.23 6.0602e-05
2.24 5.57661e-05
2.25 5.02571e-05
2.26 4.40774e-05
2.27 3.7339e-05
2.28 3.02866e-05
2.29 2.32115e-05
2.3 1.63723e-05
2.31 9.91756e-06
2.32 3.85986e-06
2.33 -1.87553e-06
2.34 -7.40241e-06
2.35 -1.27703e-05
2.36 -1.79275e-05
2.37 -2.27131e-05
2.38 -2.68831e-05
2.39 -3.02336e-05
2.4 -3.26605e-05
2.41 -3.42991e-05
2.42 -3.55682e-05
2.43 -3.69337e-05
2.44 -3.87422e-05
2.45 -4.10218e-05
2.46 -4.34281e-05
2.47 -4.55755e-05
2.48 -4.72777e-05
2.49 -4.85494e-05
2.5 -4.95279e-05
2.51 -5.04079e-05
2.52 -5.14008e-05
2.53 -5.26474e-05
2.54 -5.41473e-05
2.55 -5.57955e-05
2.56 -5.74746e-05
2.57 -5.90422e-05
2.58 -6.03478e-05
2.59 -6.13127e-05
2.6 -6.19262e-05
2.61 -6.23042e-05
2.62 -6.26662e-05
2.63 -6.31453e-05
2.64 -6.37096e-05
2.65 -6.42081e-05
2.66 -6.44749e-05
2.67 -6.43867e-05
2.68 -6.38533e-05
2.69 -6.27788e-05
2.7 -6.1011e-05
2.71 -5.8569e-05
2.72 -5.57855e-05
2.73 -5.30739e-05
2.74 -5.0748e-05
2.75 -4.8877e-05
2.76 -4.7302e-05
2.77 -4.57869e-05
2.78 -4.41076e-05
2.79 -4.21296e-05
2.8 -3.97758e-05
2.81 -3.70952e-05
2.82 -3.42836e-05
2.83 -3.14799e-05
2.84 -2.86309e-05
2.85 -2.55869e-05
2.86 -2.22614e-05
2.87 -1.85745e-05
2.88 -1.44226e-05
2.89 -9.78905e-06
2.9 -4.80199e-06
2.91 2.70335e-07
2.92 5.11495e-06
2.93 9.49362e-06
2.94 1.32985e-05
2.95 1.65815e-05
2.96 1.95075e-05
2.97 2.23103e-05
2.98 2.52659e-05
2.99 2.84806e-05
3 3.17867e-05
3.01 3.48847e-05
3.02 3.74822e-05
3.03 3.93979e-05
3.04 4.05701e-05
3.05 4.10776e-05
3.06 4.11248e-05
3.07 4.09423e-05
3.08 4.07152e-05
3.09 4.05455e-05
3.1 4.04873e-05
3.11 4.05745e-05
3.12 4.08807e-05
3.13 4.14502e-05
3.14 4.22154e-05
3.15 4.31053e-05
3.16 4.40616e-05
3.17 4.51552e-05
3.18 4.66304e-05
3.19 4.86028e-05
3.2 5.09085e-05
3.21 5.31883e-05
3.22 5.50252e-05
3.23 5.61779e-05
3.24 5.66708e-05
3.25 5.66377e-05
3.26 5.61916e-05
3.27 5.5455e-05
3.28 5.46093e-05
3.29 5.38386e-05
3.3 5.32646e-05
3.31 5.28232e-05
3.32 5.22481e-05
3.33 5.11851e-05
3.34 4.9264e-05
3.35 4.63607e-05
3.36 4.26677e-05
3.37 3.85576e-05
3.38 3.44823e-05
3.39 3.07299e-05
3.4 2.73807e-05
3.41 2.43e-05
3.42 2.11702e-05
3.43 1.76594e-05
3.44 1.34888e-05
3.45 8.62281e-06
3.46 3.31902e-06
3.47 -1.98328e-06
3.48 -6.79315e-06
3.49 -1.08619e-05
3.5 -1.42905e-05
3.51 -1.73654e-05
3.52 -2.03319e-05
3.53 -2.3308e-05
3.54 -2.62945e-05
3.55 -2.90894e-05
3.56 -3.1312e-05
3.57 -3.25712e-05
3.58 -3.26288e-05
3.59 -3.16096e-05
3.6 -3.00455e-05
3.61 -2.84719e-05
3.62 -2.70832e-05
3.63 -2.58013e-05
3.64 -2.44265e-05
3.65 -2.27242e-05
3.66 -2.0483e-05
3.67 -1.76201e-05
3.68 -1.42687e-05
3.69 -1.07885e-05
3.7 -7.70466e-06
3.71 -5.45733e-06
3.72 -4.21311e-06
3.73 -3.95611e-06
3.74 -4.64283e-06
3.75 -6.22348e-06
3.76 -8.64806e-06
3.77 -1.19017e-05
3.78 -1.59988e-05
3.79 -2.09911e-05
3.8 -2.69216e-05
3.81 -3.37262e-05
3.82 -4.11846e-05
3.83 -4.88923e-05
3.84 -5.62961e-05
3.85 -6.28384e-05
3.86 -6.80437e-05
3.87 -7.16247e-05
3.88 -7.35086e-05
3.89 -7.37343e-05
3.9 -7.23881e-05
3.91 -6.95374e-05
3.92 -6.52334e-05
3.93 -5.95626e-05
3.94 -5.27006e-05
3.95 -4.49416e-05
3.96 -3.67007e-05
3.97 -2.84113e-05
3.98 -2.04094e-05
3.99 -1.295e-05
4 -6.19601e-06
4.01 -1.76876e-07
4.02 5.23006e-06
4.03 1.01888e-05
4.04 1.47844e-05
4.05 1.88981e-05
4.06 2.21524e-05
4.07 2.4205e-05
4.08 2.49562e-05
4.09 2.45639e-05
4.1 2.33905e-05
4.11 2.17987e-05
4.12 2.00554e-05
4.13 1.82767e-05
4.14 1.64226e-05
4.15 1.43871e-05
4.16 1.20501e-05
4.17 9.44575e-06
4.18 6.85336e-06
4.19 4.65042e-06
4.2 3.16224e-06
4.21 2.54824e-06
4.22 2.75901e-06
4.23 3.51298e-06
4.24 4.32643e-06
4.25 4.71749e-06
4.26 4.35014e-06
4.27 3.19789e-06
4.28 1.57159e-06
4.29 -1.59953e-07
4.3 -1.77528e-06
4.31 -3.24468e-06
4.32 -4.65077e-06
4.33 -5.9768e-06
4.34 -6.94579e-06
4.35 -7.27514e-06
4.36 -6.89313e-06
4.37 -5.88844e-06
4.38 -4.49617e-06
4.39 -2.83892e-06
4.4 -8.43134e-07
4.41 1.51567e-06
4.42 4.09185e-06
4.43 6.5874e-06
4.44 8.68298e-06
4.45 1.02362e-05
4.46 1.13511e-05
4.47 1.21982e-05
4.48 1.28777e-05
4.49 1.33877e-05
4.5 1.36488e-05
4.51 1.3558e-05
4.52 1.29591e-05
4.53 1.17567e-05
4.54 1.00056e-05
4.55 7.86091e-06
4.56 5.57169e-06
4.57 3.26931e-06
4.58 8.17645e-07
4.59 -1.99368e-06
4.6 -5.31112e-06
4.61 -9.09608e-06
4.62 -1.30676e-05
4.63 -1.69289e-05
4.64 -2.05085e-05
4.65 -2.37563e-05
4.66 -2.67265e-05
4.67 -2.94019e-05
4.68 -3.159e-05
4.69 -3.30685e-05
4.7 -3.36683e-05
4.71 -3.32259e-05
4.72 -3.15509e-05
4.73 -2.85208e-05
4.74 -2.42112e-05
4.75 -1.89431e-05
4.76 -1.32482e-05
4.77 -7.61062e-06
4.78 -2.28387e-06
4.79 2.74534e-06
4.8 7.70968e-06
4.81 1.28041e-05
4.82 1.80553e-05
4.83 2.33209e-05
4.84 2.83508e-05
4.85 3.29602e-05
4.86 3.71103e-05
4.87 4.07848e-05
4.88 4.38709e-05
4.89 4.63326e-05
4.9 4.8327e-05
4.91 5.0147e-05
4.92 5.21398e-05
4.93 5.45484e-05
4.94 5.75053e-05
4.95 6.09471e-05
4.96 6.45792e-05
4.97 6.80331e-05
4.98 7.08967e-05
4.99 7.29353e-05
5 7.41769e-05
5.01 7.47703e-05
5.02 7.4904e-05
5.03 7.46723e-05
5.04 7.40754e-05
5.05 7.29844e-05
5.06 7.11623e-05
5.07 6.84607e-05
5.08 6.49367e-05
5.09 6.08897e-05
5.1 5.67756e-05
5.11 5.30187e-05
5.12 4.98576e-05
5.13 4.72786e-05
5.14 4.50554e-05
5.15 4.28691e-05
5.16 4.0442e-05
5.17 3.76389e-05
5.18 3.44922e-05
5.19 3.11523e-05
5.2 2.77845e-05
5.21 2.44803e-05
5.22 2.12044e-05
5.23 1.78865e-05
5.24 1.45533e-05
5.25 1.13159e-05
5.26 8.38432e-06
5.27 5.86677e-06
5.28 3.61552e-06
5.29 1.41439e-06
5.3 -9.34494e-07
5.31 -3.41707e-06
5.32 -5.73471e-06
5.33 -7.60501e-06
5.34 -8.91958e-06
5.35 -9.82013e-06
5.36 -1.06717e-05
5.37 -1.18539e-05
5.38 -1.36543e-05
5.39 -1.62411e-05
5.4 -1.96714e-05
5.41 -2.38678e-05
5.42 -2.86177e-05
5.43 -3.35889e-05
5.44 -3.83684e-05
5.45 -4.27319e-05
5.46 -4.67443e-05
5.47 -5.06558e-05
5.48 -5.47599e-05
5.49 -5.92471e-05
5.5 -6.42365e-05
5.51 -6.95813e-05
5.52 -7.47932e-05
5.53 -7.93751e-05
5.54 -8.30147e-05
5.55 -8.57517e-05
5.56 -8.79627e-05
5.57 -9.00489e-05
5.58 -9.22257e-05
5.59 -9.45703e-05
5.6 -9.71473e-05
5.61 -9.98404e-05
5.62 -0.000102269
5.63 -0.000104017
5.64 -0.000104832
5.65 -0.000104717
5.66 -0.000103834
5.67 -0.000102381
5.68 -0.000100489
5.69 -9.81695e-05
5.7 -9.53962e-05
5.71 -9.20266e-05
5.72 -8.78208e-05
5.73 -8.26337e-05
5.74 -7.65306e-05
5.75 -6.97822e-05
5.76 -6.27523e-05
5.77 -5.57401e-05
5.78 -4.88634e-05
5.79 -4.20745e-05
5.8 -3.52211e-05
5.81 -2.81894e-05
5.82 -2.10352e-05
5.83 -1.39113e-05
5.84 -7.01228e-06
5.85 -4.61573e-07
5.86 5.79057e-06
5.87 1.1791e-05
5.88 1.74914e-05
5.89 2.28511e-05
5.9 2.79021e-05
5.91 3.28059e-05
5.92 3.78284e-05
5.93 4.31862e-05
5.94 4.89813e-05
5.95 5.51851e-05
5.96 6.16537e-05
5.97 6.81663e-05
5.98 7.44105e-05
5.99 8.01904e-05
6 8.55735e-05
6.01 9.07326e-05
6.02 9.58182e-05
6.03 0.000100864
6.04 0.000105759
6.05 0.000110355
6.06 0.000114555
6.07 0.000118254
6.08 0.000121306
6.09 0.000123559
6.1 0.000124862
6.11 0.0001252
6.12 0.000124728
6.13 0.000123543
6.14 0.000121556
6.15 0.000118526
6.16 0.000114167
6.17 0.000108399
6.18 0.000101457
6.19 9.36842e-05
6.2 8.53563e-05
6.21 7.67033e-05
6.22 6.79865e-05
6.23 5.94204e-05
6.24 5.10841e-05
6.25 4.29934e-05
6.26 3.51904e-05
6.27 2.7798e-05
6.28 2.10301e-05
6.29 1.51394e-05
6.3 1.03378e-05
6.31 6.65383e-06
6.32 3.85171e-06
6.33 1.54731e-06
6.34 -6.62579e-07
6.35 -3.174e-06
6.36 -6.3843e-06
6.37 -1.06049e-05
6.38 -1.60102e-05
6.39 -2.24511e-05
6.4 -2.93444e-05
6.41 -3.6238e-05
6.42 -4.31687e-05
6.43 -5.04708e-05
6.44 -5.85283e-05
6.45 -6.75342e-05
6.46 -7.7469e-05
6.47 -8.80834e-05
6.48 -9.89185e-05
6.49 -0.000109366
6.5 -0.000118695
6.51 -0.000126428
6.52 -0.000132553
6.53 -0.00013727
6.54 -0.000140714
6.55 -0.000142928
6.56 -0.000143961
6.57 -0.000143812
6.58 -0.000142464
6.59 -0.00013991
6.6 -0.000136192
6.61 -0.000131573
6.62 -0.000126543
6.63 -0.000121579
6.64 -0.000116892
6.65 -0.000112461
6.66 -0.000108146
6.67 -0.000103741
6.68 -9.90449e-05
6.69 -9.39563e-05
6.7 -8.85553e-05
6.71 -8.30131e-05
6.72 -7.74859e-05
6.73 -7.20252e-05
6.74 -6.65106e-05
6.75 -6.07246e-05
6.76 -5.44256e-05
6.77 -4.74463e-05
6.78 -3.97745e-05
6.79 -3.15357e-05
6.8 -2.29708e-05
6.81 -1.42355e-05
6.82 -5.25347e-06
6.83 4.08347e-06
6.84 1.37562e-05
6.85 2.36279e-05
6.86 3.34885e-05
6.87 4.31692e-05
6.88 5.25968e-05
6.89 6.17948e-05
6.9 7.08947e-05
6.91 8.00098e-05
6.92 8.91508e-05
6.93 9.82228e-05
6.94 0.000107012
6.95 0.000115286
6.96 0.000122869
6.97 0.000129625
6.98 0.000135456
6.99 0.00014032
7 0.000144239
7.01 0.000147171
7.02 0.000148927
7.03 0.00014938
7.04 0.000148655
7.05 0.000146952
7.06 0.000144395
7.07 0.000141006
7.08 0.000136715
7.09 0.000131565
7.1 0.000125806
7.11 0.000119705
7.12 0.000113402
7.13 0.000106943
7.14 0.000100348
7.15 9.36576e-05
7.16 8.68945e-05
7.17 8.00988e-05
7.18 7.33573e-05
7.19 6.67872e-05
7.2 6.05383e-05
7.21 5.48062e-05
7.22 4.98344e-05
7.23 4.5826e-05
7.24 4.28977e-05
7.25 4.1053e-05
7.26 4.01968e-05
7.27 4.01493e-05
7.28 4.06135e-05
7.29 4.13086e-05
7.3 4.20222e-05
7.31 4.25964e-05
7.32 4.2914e-05
7.33 4.27967e-05
7.34 4.19865e-05
7.35 4.01818e-05
7.36 3.70947e-05
7.37 3.24723e-05
7.38 2.61012e-05
7.39 1.78892e-05
7.4 7.90119e-06
7.41 -3.61732e-06
7.42 -1.62633e-05
7.43 -2.9614e-05
7.44 -4.32955e-05
7.45 -5.7111e-05
7.46 -7.10691e-05
7.47 -8.52263e-05
7.48 -9.9595e-05
7.49 -0.000113982
7.5 -0.000127957
7.51 -0.000141033
7.52 -0.000152797
7.53 -0.000163062
7.54 -0.000171906
7.55 -0.000179507
7.56 -0.000185997
7.57 -0.000191468
7.58 -0.000196007
7.59 -0.000199571
7.6 -0.000201935
7.61 -0.00020281
7.62 -0.000201989
7.63 -0.000199671
7.64 -0.000196586
7.65 -0.000193594
7.66 -0.000191335
7.67 -0.000189982
7.68 -0.000189203
7.69 -0.000188452
7.7 -0.000187162
7.71 -0.000184891
7.72 -0.000181336
7.73 -0.000176396
7.74 -0.000170189
7.75 -0.000162931
7.76 -0.000154832
7.77 -0.000145922
7.78 -0.000136039
7.79 -0.000124941
7.8 -0.000112478
7.81 -9.86793e-05
7.82 -8.37071e-05
7.83 -6.78778e-05
7.84 -5.15783e-05
7.85 -3.50942e-05
7.86 -1.85092e-05
7.87 -1.66677e-06
7.88 1.57589e-05
7.89 3.39016e-05
7.9 5.24415e-05
7.91 7.07704e-05
7.92 8.81772e-05
7.93 0.000104195
7.94 0.00011881
7.95 0.000132218
7.96 0.00014465
7.97 0.000156191
7.98 0.000166676
7.99 0.00017585
8 0.000183439
8.01 0.000189163
8.02 0.000192767
8.03 0.000194169
8.04 0.000193581
8.05 0.000191408
8.06 0.000188102
8.07 0.000183968
8.08 0.000179095
8.09 0.000173496
8.1 0.00016726
8.11 0.000160604
8.12 0.000153818
8.13 0.000147279
8.14 0.000141419
8.15 0.000136568
8.16 0.000132849
8.17 0.000130147
8.18 0.000128147
8.19 0.000126541
8.2 0.000125174
8.21 0.000124069
8.22 0.000123397
8.23 0.000123341
8.24 0.000124003
8.25 0.000125334
8.26 0.000127119
8.27 0.000128973
8.28 0.000130378
8.29 0.000130926
8.3 0.000130494
8.31 0.000129145
8.32 0.000126986
8.33 0.000123989
8.34 0.000119901
8.35 0.000114368
8.36 0.000107073
8.37 9.78119e-05
8.38 8.65452e-05
8.39 7.3341e-05
8.4 5.83306e-05
8.41 4.16975e-05
8.42 2.36494e-05
8.43 4.41737e-06
8.44 -1.57388e-05
8.45 -3.65515e-05
8.46 -5.77184e-05
8.47 -7.88758e-05
8.48 -9.95975e-05
8.49 -0.000119481
8.5 -0.000138259
8.51 -0.00015562
8.52 -0.000171076
8.53 -0.000184076
8.54 -0.00019409
8.55 -0.000200816
8.56 -0.000204267
8.57 -0.00020482
8.58 -0.00020326
8.59 -0.000200429
8.6 -0.000197039
8.61 -0.00019347
8.62 -0.000189701
8.63 -0.000185557
8.64 -0.000180846
8.65 -0.000175592
8.66 -0.000170087
8.67 -0.000164737
8.68 -0.000159906
8.69 -0.000155728
8.7 -0.000152059
8.71 -0.000148557
8.72 -0.000144857
8.73 -0.000140688
8.74 -0.000135962
8.75 -0.000130741
8.76 -0.000125129
8.77 -0.000119259
8.78 -0.000113231
8.79 -0.000107089
8.8 -0.000100848
8.81 -9.44592e-05
8.82 -8.78621e-05
8.83 -8.10488e-05
8.84 -7.40809e-05
8.85 -6.72356e-05
8.86 -6.10198e-05
8.87 -5.59965e-05
8.88 -5.26468e-05
8.89 -5.10665e-05
8.9 -5.08346e-05
8.91 -5.13998e-05
8.92 -5.23727e-05
8.93 -5.34913e-05
8.94 -5.45091e-05
8.95 -5.52636e-05
8.96 -5.57522e-05
8.97 -5.6122e-05
8.98 -5.66118e-05
8.99 -5.74079e-05
9 -5.86226e-05
9.01 -6.00797e-05
9.02 -6.1256e-05
9.03 -6.14654e-05
9.04 -5.99287e-05
9.05 -5.61332e-05
9.06 -4.99405e-05
9.07 -4.14483e-05
9.08 -3.08919e-05
9.09 -1.85168e-05
9.1 -4.61314e-06
9.11 1.05801e-05
9.12 2.68896e-05
9.13 4.42041e-05
9.14 6.24478e-05
9.15 8.16193e-05
9.16 0.000101914
9.17 0.000123385
9.18 0.000145822
9.19 0.000168963
9.2 0.000192651
9.21 0.000216902
9.22 0.000241757
9.23 0.000266963
9.24 0.000291753
9.25 0.000315169
9.26 0.000336358
9.27 0.00035467
9.28 0.000369682
9.29 0.000381179
9.3 0.000389215
9.31 0.000394
9.32 0.000395792
9.33 0.00039477
9.34 0.000390933
9.35 0.000384145
9.36 0.000374217
9.37 0.000361157
9.38 0.000345327
9.39 0.000327335
9.4 0.000307895
9.41 0.000287543
9.42 0.000266478
9.43 0.000244676
9.44 0.000222001
9.45 0.000198523
9.46 0.000174687
9.47 0.000151101
9.48 0.000128365
9.49 0.000106818
9.5 8.64224e-05
9.51 6.69401e-05
9.52 4.80734e-05
9.53 2.95945e-05
9.54 1.14175e-05
9.55 -6.3151e-06
9.56 -2.32028e-05
9.57 -3.86732e-05
9.58 -5.21047e-05
9.59 -6.30819e-05
9.6 -7.14901e-05
9.61 -7.754e-05
9.62 -8.16725e-05
9.63 -8.42544e-05
9.64 -8.54446e-05
9.65 -8.5281e-05
9.66 -8.38743e-05
9.67 -8.16105e-05
9.68 -7.92591e-05
9.69 -7.77795e-05
9.7 -7.81305e-05
9.71 -8.1031e-05
9.72 -8.67632e-05
9.73 -9.51989e-05
9.74 -0.000105792
9.75 -0.00011784
9.76 -0.0001307
9.77 -0.000143983
9.78 -0.000157705
9.79 -0.00017198
9.8 -0.000186795
9.81 -0.000201977
9.82 -0.000217243
9.83 -0.000232336
9.84 -0.000247134
9.85 -0.000261545
9.86 -0.000275409
9.87 -0.000288348
9.88 -0.000299615
9.89 -0.000308315
9.9 -0.000313515
9.91 -0.000314633
9.92 -0.000311706
9.93 -0.000305019
9.94 -0.000294877
9.95 -0.000281482
9.96 -0.000264946
9.97 -0.0002455
9.98 -0.000223633
9.99 -0.00019981
10 -0.000174295
10.01 -0.000147305
10.02 -0.000119108
10.03 -9.0242e-05
10.04 -6.14988e-05
10.05 -3.37559e-05
10.06 -7.90653e-06
10.07 1.54511e-05
10.08 3.61079e-05
10.09 5.41078e-05
10.1 6.96746e-05
10.11 8.31083e-05
10.12 9.47843e-05
10.13 0.000105083
10.14 0.000114333
10.15 0.00012267
10.16 0.000129977
10.17 0.00013607
10.18 0.000140781
10.19 0.00014403
10.2 0.000145738
10.21 0.000145971
10.22 0.000145097
10.23 0.0001436
10.24 0.000142055
10.25 0.000140817
10.26 0.000139883
10.27 0.000139165
10.28 0.000138622
10.29 0.000138379
10.3 0.00013864
10.31 0.000139502
10.32 0.000140814
10.33 0.000142193
10.34 0.000143102
10.35 0.00014293
10.36 0.000141118
10.37 0.00013733
10.38 0.000131609
10.39 0.000124255
10.4 0.000115655
10.41 0.000106229
10.42 9.63794e-05
10.43 8.63085e-05
10.44 7.59523e-05
10.45 6.51177e-05
10.46 5.36614e-05
10.47 4.16893e-05
10.48 2.96109e-05
10.49 1.79374e-05
10.5 7.08213e-06
10.51 -2.845e-06
10.52 -1.21342e-05
10.53 -2.11239e-05
10.54 -2.99465e-05
10.55 -3.84338e-05
10.56 -4.60849e-05
10.57 -5.24865e-05
10.58 -5.75483e-05
10.59 -6.13341e-05
10.6 -6.39194e-05
10.61 -6.54578e-05
10.62 -6.62936e-05
10.63 -6.69132e-05
10.64 -6.78576e-05
10.65 -6.94072e-05
10.66 -7.14646e-05
10.67 -7.3901e-05
10.68 -7.68388e-05
10.69 -8.0649e-05
10.7 -8.57608e-05
10.71 -9.24119e-05
10.72 -0.000100496
10.73 -0.00010974
10.74 -0.000119879
10.75 -0.000130696
10.76 -0.000142022
10.77 -0.000153781
10.78 -0.000166077
10.79 -0.000178973
10.8 -0.000192316
10.81 -0.000205727
10.82 -0.000218589
10.83 -0.00023038
10.84 -0.000240887
10.85 -0.000250154
10.86 -0.000258422
10.87 -0.00026593
10.88 -0.000272811
10.89 -0.000278781
10.9 -0.000282944
10.91 -0.000284189
10.92 -0.000281489
10.93 -0.000274532
10.94 -0.000264028
10.95 -0.000251023
10.96 -0.000236377
10.97 -0.00022056
10.98 -0.000203716
10.99 -0.000185848
11 -0.000166951
11.01 -0.000146957
11.02 -0.000125666
11.03 -0.000102937
11.04 -7.86891e-05
11.05 -5.30212e-05
11.06 -2.61387e-05
11.07 1.70447e-06
11.08 3.00722e-05
11.09 5.85536e-05
11.1 8.66952e-05
11.11 0.000113914
11.12 0.000139466
11.13 0.000162597
11.14 0.00018281
11.15 0.000199961
11.16 0.000214358
11.17 0.000226322
11.18 0.000235911
11.19 0.000243019
11.2 0.000247444
11.21 0.000249026
11.22 0.000247595
11.23 0.000243137
11.24 0.000235932
11.25 0.000226415
11.26 0.000215128
11.27 0.00020257
11.28 0.000189133
11.29 0.000175205
11.3 0.000161222
11.31 0.000147625
11.32 0.000134764
11.33 0.000122866
11.34 0.000111984
11.35 0.000102045
11.36 9.29084e-05
11.37 8.44244e-05
11.38 7.65479e-05
11.39 6.93289e-05
11.4 6.2899e-05
11.41 5.75956e-05
11.42 5.39737e-05
11.43 5.25674e-05
11.44 5.36903e-05
11.45 5.72852e-05
11.46 6.29194e-05
11.47 6.994e-05
11.48 7.75841e-05
11.49 8.51837e-05
11.5 9.22488e-05
11.51 9.84574e-05
11.52 0.00010362
11.53 0.000107685
11.54 0.000110751
11.55 0.000112821
11.56 0.000113671
11.57 0.000112608
11.58 0.000108385
11.59 9.99499e-05
11.6 8.69078e-05
11.61 6.96595e-05
11.62 4.93093e-05
11.63 2.69261e-05
11.64 3.15538e-06
11.65 -2.18718e-05
11.66 -4.84469e-05
11.67 -7.67707e-05
11.68 -0.000106667
11.69 -0.000137358
11.7 -0.000167409
11.71 -0.000195198
11.72 -0.000219315
11.73 -0.000238846
11.74 -0.000253506
11.75 -0.00026351
11.76 -0.000269337
11.77 -0.000271474
11.78 -0.000270226
11.79 -0.000265712
11.8 -0.000258073
11.81 -0.000247559
11.82 -0.000234677
11.83 -0.000220221
11.84 -0.000205146
11.85 -0.000190397
11.86 -0.000176649
11.87 -0.00016428
11.88 -0.000153376
11.89 -0.000143925
11.9 -0.000136004
11.91 -0.000129701
11.92 -0.00012507
11.93 -0.000122097
11.94 -0.000120691
11.95 -0.000120724
11.96 -0.00012202
11.97 -0.000124309
11.98 -0.00012721
11.99 -0.000130273
12 -0.000133044
12.01 -0.000135057
12.02 -0.000135808
12.03 -0.000134844
12.04 -0.00013183
12.05 -0.000126715
12.06 -0.000119842
12.07 -0.000111718
12.08 -0.000102855
12.09 -9.36217e-05
12.1 -8.42092e-05
12.11 -7.45915e-05
12.12 -6.44883e-05
12.13 -5.3444e-05
12.14 -4.08366e-05
12.15 -2.61755e-05
12.16 -9.22231e-06
12.17 9.94682e-06
12.18 3.09439e-05
12.19 5.34929e-05
12.2 7.75974e-05
12.21 0.000103545
12.22 0.000131768
12.23 0.000162452
12.24 0.000195345
12.25 0.000229668
12.26 0.000264175
12.27 0.000297599
12.28 0.000328973
12.29 0.000357816
12.3 0.000384179
12.31 0.000408365
12.32 0.000430688
12.33 0.000451353
12.34 0.000470441
12.35 0.00048785
12.36 0.000503391
12.37 0.000516881
12.38 0.000528248
12.39 0.00053772
12.4 0.000545751
12.41 0.000553014
12.42 0.000560267
12.43 0.000568041
12.44 0.000576558
12.45 0.000585399
12.46 0.000593445
12.47 0.000599179
12.48 0.000600905
12.49 0.000597435
12.5 0.000588403
12.51 0.000573981
12.52 0.000554567
12.53 0.000530641
12.54 0.000502797
12.55 0.00047172
12.56 0.000438276
12.57 0.00040323
12.58 0.000367171
12.59 0.000330644
12.6 0.000294192
12.61 0.000258438
12.62 0.000223895
12.63 0.000190985
12.64 0.000160054
12.65 0.000131222
12.66 0.000104397
12.67 7.93001e-05
12.68 5.55555e-05
12.69 3.29684e-05
12.7 1.17021e-05
12.71 -7.83538e-06
12.72 -2.51109e-05
12.73 -3.97973e-05
12.74 -5.19735e-05
12.75 -6.20876e-05
12.76 -7.08926e-05
12.77 -7.92223e-05
12.78 -8.7843e-05
12.79 -9.73645e-05
12.8 -0.000108243
12.81 -0.000120817
12.82 -0.000135413
12.83 -0.000152327
12.84 -0.00017176
12.85 -0.000194011
12.86 -0.000219461
12.87 -0.00024844
12.88 -0.000281079
12.89 -0.000317143
12.9 -0.000356068
12.91 -0.000397064
12.92 -0.000439248
12.93 -0.000481768
12.94 -0.000523853
12.95 -0.000564713
12.96 -0.000603463
12.97 -0.000639203
12.98 -0.000671071
12.99 -0.000698422
13 -0.000720924
13.01 -0.000738452
13.02 -0.000751024
13.03 -0.0007589
13.04 -0.000762657
13.05 -0.000763008
13.06 -0.000760627
13.07 -0.000756051
13.08 -0.000749694
13.09 -0.000741912
13.1 -0.000733062
13.11 -0.000723437
13.12 -0.000713171
13.13 -0.000702319
13.14 -0.0006909
13.15 -0.000678988
13.16 -0.000666736
13.17 -0.00065427
13.18 -0.000641645
13.19 -0.000628816
13.2 -0.00061569
13.21 -0.000602149
13.22 -0.000588086
13.23 -0.000573265
13.24 -0.000557225
13.25 -0.000539269
13.26 -0.000518458
13.27 -0.000494011
13.28 -0.000465524
13.29 -0.000432839
13.3 -0.000395905
13.31 -0.000354631
13.32 -0.000308902
13.33 -0.000258689
13.34 -0.000204163
13.35 -0.000145644
13.36 -8.35988e-05
13.37 -1.8717e-05
13.38 4.80018e-05
13.39 0.000115235
13.4 0.000181433
13.41 0.00024502
13.42 0.000304585
13.43 0.000359202
13.44 0.000408625
13.45 0.000453112
13.46 0.000493275
13.47 0.000529765
13.48 0.000563064
13.49 0.000593435
13.5 0.000620868
13.51 0.00064527
13.52 0.00066668
13.53 0.000685384
13.54 0.000702
13.55 0.000717547
13.56 0.000733239
13.57 0.000749945
13.58 0.000767786
13.59 0.000785919
13.6 0.000802823
13.61 0.000816876
13.62 0.000826814
13.63 0.00083214
13.64 0.000833039
13.65 0.000830166
13.66 0.000824345
13.67 0.000816037
13.68 0.000805143
13.69 0.000791052
13.7 0.000772921
13.71 0.000750119
13.72 0.000722531
13.73 0.000690703
13.74 0.000655763
13.75 0.000619007
13.76 0.000581512
13.77 0.000543848
13.78 0.000506025
13.79 0.00046775
13.8 0.000428767
13.81 0.000389094
13.82 0.000349108
13.83 0.000309464
13.84 0.000270876
13.85 0.00023399
13.86 0.000199267
13.87 0.000166837
13.88 0.000136517
13.89 0.000107672
13.9 7.92246e-05
13.91 5.02587e-05
13.92 2.03542e-05
13.93 -1.03367e-05
13.94 -4.12291e-05
13.95 -7.17683e-05
13.96 -0.000101621
13.97 -0.000130675
13.98 -0.000158867
13.99 -0.000186293
14 -0.000213274
14.01 -0.000240212
14.02 -0.000267528
14.03 -0.000295526
14.04 -0.00032451
14.05 -0.000354777
14.06 -0.000386637
14.07 -0.000420487
14.08 -0.000456666
14.09 -0.000495339
14.1 -0.000536299
14.11 -0.000578921
14.12 -0.000622251
14.13 -0.000665013
14.14 -0.000705736
14.15 -0.000742887
14.16 -0.000774983
14.17 -0.000801059
14.18 -0.000820895
14.19 -0.000834815
14.2 -0.000843426
14.21 -0.000847256
14.22 -0.00084661
14.23 -0.000841609
14.24 -0.000832311
14.25 -0.000818745
14.26 -0.000800926
14.27 -0.000779007
14.28 -0.000753335
14.29 -0.000724371
14.3 -0.000692528
14.31 -0.000658132
14.32 -0.000621437
14.33 -0.000582621
14.34 -0.00054188
14.35 -0.000499314
14.36 -0.0004549
14.37 -0.000408734
14.38 -0.000361164
14.39 -0.000312883
14.4 -0.000264888
14.41 -0.000218213
14.42 -0.000173782
14.43 -0.000132075
14.44 -9.29845e-05
14.45 -5.58939e-05
14.46 -1.97497e-05
14.47 1.63507e-05
14.48 5.28441e-05
14.49 8.9649e-05
14.5 0.000126241
14.51 0.000162226
14.52 0.000197644
14.53 0.000232828
14.54 0.000268128
14.55 0.00030358
14.56 0.000338687
14.57 0.000372634
14.58 0.00040453
14.59 0.000433516
14.6 0.000458967
14.61 0.000480703
14.62 0.000499166
14.63 0.000515373
14.64 0.000530671
14.65 0.000546276
14.66 0.000562961
14.67 0.000580742
14.68 0.000598903
14.69 0.00061654
14.7 0.000632941
14.71 0.00064789
14.72 0.000661593
14.73 0.000674413
14.74 0.000686604
14.75 0.00069822
14.76 0.000709173
14.77 0.000719065
14.78 0.000727211
14.79 0.000732939
14.8 0.000735877
14.81 0.000736038
14.82 0.000733677
14.83 0.000729055
14.84 0.000722171
14.85 0.000712831
14.86 0.000700787
14.87 0.000685703
14.88 0.000667197
14.89 0.000644933
14.9 0.000618697
14.91 0.000588492
14.92 0.000554504
14.93 0.000516969
14.94 0.000476054
14.95 0.000431759
14.96 0.000383941
14.97 0.000332524
14.98 0.000277678
14.99 0.000219894
15 0.000159982
15.01 9.88618e-05
15.02 3.74018e-05
15.03 -2.36749e-05
15.04 -8.38664e-05
15.05 -0.000142867
15.06 -0.000200585
15.07 -0.000256957
15.08 -0.000311831
15.09 -0.000365002
15.1 -0.000416263
15.11 -0.000465517
15.12 -0.000512795
15.13 -0.000558189
15.14 -0.000601696
15.15 -0.000643117
15.16 -0.000681997
15.17 -0.000717747
15.18 -0.000749903
15.19 -0.000778354
15.2 -0.000803499
15.21 -0.000826063
15.22 -0.000846687
15.23 -0.000865455
15.24 -0.000881594
15.25 -0.000893679
15.26 -0.000900128
15.27 -0.000899828
15.28 -0.000892542
15.29 -0.000878941
15.3 -0.000860314
15.31 -0.000838033
15.32 -0.000813128
15.33 -0.000786006
15.34 -0.000756472
15.35 -0.000724006
15.36 -0.000688096
15.37 -0.000648564
15.38 -0.000605689
15.39 -0.000560254
15.4 -0.000513409
15.41 -0.000466239
15.42 -0.000419473
15.43 -0.000373292
15.44 -0.000327418
15.45 -0.000281388
15.46 -0.00023481
15.47 -0.000187621
15.48 -0.000140115
15.49 -9.27281e-05
15.5 -4.57662e-05
15.51 6.69139e-07
15.52 4.66548e-05
15.53 9.2344e-05
15.54 0.000137773
15.55 0.000182753
15.56 0.000226741
15.57 0.000268937
15.58 0.000308431
15.59 0.000344417
15.6 0.000376391
15.61 0.000404257
15.62 0.000428319
15.63 0.000449179
15.64 0.000467651
15.65 0.000484336
15.66 0.000499447
15.67 0.000513084
15.68 0.000525393
15.69 0.000536635
15.7 0.000546951
15.71 0.000556249
15.72 0.000564237
15.73 0.000570427
15.74 0.000574392
15.75 0.000575946
15.76 0.000575271
15.77 0.000572788
15.78 0.000568922
15.79 0.000563974
15.8 0.000557994
15.81 0.000550908
15.82 0.000542633
15.83 0.000533003
15.84 0.000521778
15.85 0.000508659
15.86 0.000493348
15.87 0.000475762
15.88 0.000456092
15.89 0.000434824
15.9 0.000412681
15.91 0.000390209
15.92 0.000367556
15.93 0.000344664
15.94 0.000321488
15.95 0.000298055
15.96 0.000274437
15.97 0.000250748
15.98 0.000227158
15.99 0.000204012
16 0.000181861
16.01 0.000161206
16.02 0.000142308
16.03 0.000125184
16.04 0.000109735
16.05 9.58527e-05
16.06 8.34621e-05
16.07 7.24416e-05
16.08 6.25095e-05
16.09 5.31612e-05
16.1 4.36333e-05
16.11 3.32847e-05
16.12 2.18623e-05
16.13 9.35682e-06
16.14 -4.11077e-06
16.15 -1.8494e-05
16.16 -3.3864e-05
16.17 -5.04697e-05
16.18 -6.88067e-05
16.19 -8.93746e-05
16.2 -0.00011255
16.21 -0.000138304
16.22 -0.000166054
16.23 -0.000194755
16.24 -0.000222978
16.25 -0.000249428
16.26 -0.000273203
16.27 -0.000293987
16.28 -0.000312082
16.29 -0.0003277
16.3 -0.000340594
16.31 -0.000350113
16.32 -0.000355449
16.33 -0.000356013
16.34 -0.000351594
16.35 -0.000342665
16.36 -0.000330458
16.37 -0.000316554
16.38 -0.000302491
16.39 -0.000289382
16.4 -0.000277801
16.41 -0.000267835
16.42 -0.000259291
16.43 -0.000252028
16.44 -0.000246123
16.45 -0.000242001
16.46 -0.000240282
16.47 -0.000241528
16.48 -0.000245986
16.49 -0.000253366
16.5 -0.000262881
16.51 -0.000273442
16.52 -0.000283947
16.53 -0.000293626
16.54 -0.000302194
16.55 -0.000309716
16.56 -0.000316363
16.57 -0.000322321
16.58 -0.000327753
16.59 -0.000332678
16.6 -0.000336974
16.61 -0.000340417
16.62 -0.0003428
16.63 -0.000344108
16.64 -0.000344544
16.65 -0.000344308
16.66 -0.000343312
16.67 -0.000341219
16.68 -0.000337513
16.69 -0.00033165
16.7 -0.000323202
16.71 -0.000311859
16.72 -0.000297481
16.73 -0.000280022
16.74 -0.000259483
16.75 -0.000235915
16.76 -0.000209386
16.77 -0.000180014
16.78 -0.000147996
16.79 -0.0001136
16.8 -7.7181e-05
16.81 -3.91938e-05
16.82 -1.97546e-07
16.83 3.93106e-05
16.84 7.90174e-05
16.85 0.000118616
16.86 0.000157666
16.87 0.000195569
16.88 0.000231626
16.89 0.000265398
16.9 0.000296948
16.91 0.000326706
16.92 0.000355311
16.93 0.000383232
16.94 0.000410532
16.95 0.00043692
16.96 0.000461778
16.97 0.000484453
16.98 0.000504423
16.99 0.000521547
17 0.000536227
17.01 0.00054916
17.02 0.000561113
17.03 0.000572665
17.04 0.000584038
17.05 0.000595165
17.06 0.000605797
17.07 0.000615499
17.08 0.000623704
17.09 0.000629761
17.1 0.000632961
17.11 0.000632773
17.12 0.000628914
17.13 0.000621231
17.14 0.000609599
17.15 0.000593776
17.16 0.00057342
17.17 0.000548283
17.18 0.000518374
17.19 0.000483982
17.2 0.000445656
17.21 0.000404109
17.22 0.000360186
17.23 0.000314705
17.24 0.000268347
17.25 0.00022157
17.26 0.000174548
17.27 0.000127506
17.28 8.0914e-05
17.29 3.5445e-05
17.3 -8.1668e-06
17.31 -4.92811e-05
17.32 -8.74351e-05
17.33 -0.000122432
17.34 -0.00015434
17.35 -0.000183462
17.36 -0.000210256
17.37 -0.000235089
17.38 -0.000258091
17.39 -0.000279284
17.4 -0.000298752
17.41 -0.000316689
17.42 -0.000333408
17.43 -0.000349235
17.44 -0.000364442
17.45 -0.000379328
17.46 -0.000394231
17.47 -0.000409475
17.48 -0.000425234
17.49 -0.000441418
17.5 -0.000457647
17.51 -0.000473306
17.52 -0.000487709
17.53 -0.000500306
17.54 -0.000510849
17.55 -0.000519251
17.56 -0.000525396
17.57 -0.000529153
17.58 -0.000530336
17.59 -0.000528794
17.6 -0.000524461
17.61 -0.000517333
17.62 -0.000507522
17.63 -0.000495207
17.64 -0.000480625
17.65 -0.000463991
17.66 -0.000445395
17.67 -0.000425002
17.68 -0.000403187
17.69 -0.000380448
17.7 -0.000357337
17.71 -0.000334332
17.72 -0.000311797
17.73 -0.000289909
17.74 -0.000268626
17.75 -0.000247888
17.76 -0.00022775
17.77 -0.000208436
17.78 -0.000190308
17.79 -0.000173681
17.8 -0.00015867
17.81 -0.000145162
17.82 -0.000132839
17.83 -0.00012128
17.84 -0.000110072
17.85 -9.88709e-05
17.86 -8.74398e-05
17.87 -7.56334e-05
17.88 -6.33355e-05
17.89 -5.04276e-05
17.9 -3.67554e-05
17.91 -2.20991e-05
17.92 -6.2003e-06
17.93 1.10665e-05
17.94 2.95525e-05
17.95 4.8894e-05
17.96 6.86015e-05
17.97 8.82252e-05
17.98 0.00010745
17.99 0.000126117
18 0.000144218
18.01 0.000161818
18.02 0.00017902
18.03 0.000195905
18.04 0.000212531
18.05 0.000228842
18.06 0.000244632
18.07 0.000259694
18.08 0.00027391
18.09 0.000287343
18.1 0.000300228
18.11 0.000312778
18.12 0.000325058
18.13 0.000336909
18.14 0.000347972
18.15 0.000357935
18.16 0.000366704
18.17 0.000374367
18.18 0.000381129
18.19 0.000387122
18.2 0.000392288
18.21 0.000396386
18.22 0.000398989
18.23 0.000399651
18.24 0.000398033
18.25 0.00039402
18.26 0.000387809
18.27 0.000379724
18.28 0.000370053
18.29 0.000358931
18.3 0.000346288
18.31 0.000331961
18.32 0.000315818
18.33 0.000297863
18.34 0.000278296
18.35 0.000257472
18.36 0.000235835
18.37 0.000213778
18.38 0.00019155
18.39 0.00016934
18.4 0.000147381
18.41 0.000125989
18.42 0.000105589
18.43 8.67136e-05
18.44 6.99753e-05
18.45 5.59092e-05
18.46 4.48393e-05
18.47 3.68232e-05
18.48 3.16526e-05
18.49 2.89973e-05
18.5 2.85142e-05
18.51 2.98695e-05
18.52 3.27139e-05
18.53 3.68194e-05
18.54 4.21607e-05
18.55 4.85043e-05
18.56 5.51303e-05
18.57 6.10908e-05
18.58 6.54986e-05
18.59 6.76144e-05
18.6 6.68262e-05
18.61 6.26822e-05
18.62 5.49213e-05
18.63 4.35176e-05
18.64 2.869e-05
18.65 1.06264e-05
18.66 -1.06804e-05
18.67 -3.52496e-05
18.68 -6.28982e-05
18.69 -9.32025e-05
18.7 -0.000125556
18.71 -0.000159314
18.72 -0.000193926
18.73 -0.00022896
18.74 -0.000264115
18.75 -0.000299079
18.76 -0.000333428
18.77 -0.000366622
18.78 -0.000397994
18.79 -0.000426842
18.8 -0.000452482
18.81 -0.000474451
18.82 -0.000492651
18.83 -0.000507196
18.84 -0.000518263
18.85 -0.000526031
18.86 -0.000530677
18.87 -0.000532296
18.88 -0.000530886
18.89 -0.000526447
18.9 -0.000519073
18.91 -0.00050907
18.92 -0.000496957
18.93 -0.000483261
18.94 -0.000468323
18.95 -0.000452276
18.96 -0.000435065
18.97 -0.000416554
18.98 -0.000396573
18.99 -0.000375018
19 -0.000351908
19.01 -0.000327201
19.02 -0.000300687
19.03 -0.000272089
19.04 -0.000241177
19.05 -0.000207928
19.06 -0.0001726
19.07 -0.000135781
19.08 -9.84329e-05
19.09 -6.15745e-05
19.1 -2.6067e-05
19.11 7.53624e-06
19.12 3.90655e-05
19.13 6.85024e-05
19.14 9.58459e-05
19.15 0.000120975
19.16 0.000143623
19.17 0.000163457
19.18 0.000180155
19.19 0.000193647
19.2 0.000204221
19.21 0.000212404
19.22 0.000218771
19.23 0.000223767
19.24 0.000227618
19.25 0.000230363
19.26 0.000231967
19.27 0.000232566
19.28 0.000232622
19.29 0.000232894
19.3 0.000234282
19.31 0.000237477
19.32 0.000242706
19.33 0.000249671
19.34 0.000257648
19.35 0.000265756
19.36 0.000273204
19.37 0.000279629
19.38 0.000285212
19.39 0.000290465
19.4 0.000295942
19.41 0.000301858
19.42 0.000307919
19.43 0.000313485
19.44 0.000317827
19.45 0.000320367
19.46 0.000320816
19.47 0.000319218
19.48 0.000315878
19.49 0.000311173
19.5 0.000305356
19.51 0.000298572
19.52 0.000290954
19.53 0.000282645
19.54 0.000273897
19.55 0.000265071
19.56 0.000256631
19.57 0.000249035
19.58 0.000242569
19.59 0.00023734
19.6 0.000233254
19.61 0.000230149
19.62 0.000227916
19.63 0.000226471
19.64 0.000225746
19.65 0.000225608
19.66 0.000225802
19.67 0.000225851
19.68 0.000224978
19.69 0.000222425
19.7 0.000217675
19.71 0.000210518
19.72 0.000201047
19.73 0.00018942
19.74 0.000175751
19.75 0.000160082
19.76 0.00014243
19.77 0.000122867
19.78 0.00010157
19.79 7.88771e-05
19.8 5.52845e-05
19.81 3.13761e-05
19.82 7.70577e-06
19.83 -1.53479e-05
19.84 -3.76814e-05
19.85 -5.93675e-05
19.86 -8.05118e-05
19.87 -0.000101059
19.88 -0.00012066
19.89 -0.000138903
19.9 -0.000155512
19.91 -0.000170411
19.92 -0.000183743
19.93 -0.000195772
19.94 -0.000206825
19.95 -0.000217247
19.96 -0.000227355
19.97 -0.000237405
19.98 -0.000247573
19.99 -0.000257971
20 -0.000268684
20.01 -0.000279678
20.02 -0.000290706
20.03 -0.000301512
20.04 -0.000311947
20.05 -0.000321924
20.06 -0.000331371
20.07 -0.000340183
20.08 -0.000348255
20.09 -0.000355509
20.1 -0.000361905
20.11 -0.000367434
20.12 -0.000372109
20.13 -0.000375884
20.14 -0.000378626
20.15 -0.000380159
20.16 -0.000380286
20.17 -0.000378905
20.18 -0.000376053
20.19 -0.000371809
20.2 -0.00036623
20.21 -0.000359331
20.22 -0.000351111
20.23 -0.000341524
20.24 -0.000330447
20.25 -0.000317766
20.26 -0.000303445
20.27 -0.000287526
20.28 -0.000270096
20.29 -0.000251283
20.3 -0.000231247
20.31 -0.000210125
20.32 -0.000188019
20.33 -0.000165029
20.34 -0.000141316
20.35 -0.000117113
20.36 -9.27128e-05
20.37 -6.83164e-05
20.38 -4.39113e-05
20.39 -1.93807e-05
20.4 5.40964e-06
20.41 3.05059e-05
20.42 5.58157e-05
20.43 8.11321e-05
20.44 0.000106124
20.45 0.000130412
20.46 0.000153593
20.47 0.000175482
20.48 0.000196262
20.49 0.000216306
20.5 0.000236047
20.51 0.000255766
20.52 0.000275541
20.53 0.000295343
20.54 0.000315115
20.55 0.000334903
20.56 0.000354857
20.57 0.00037517
20.58 0.000395969
20.59 0.000417262
20.6 0.000438899
20.61 0.000460522
20.62 0.000481581
20.63 0.000501393
20.64 0.000519232
20.65 0.000534514
20.66 0.000546865
20.67 0.000556114
20.68 0.000562213
20.69 0.000565056
20.7 0.000564399
20.71 0.000559879
20.72 0.000551088
20.73 0.000537727
20.74 0.000519683
20.75 0.000497098
20.76 0.000470356
20.77 0.00043998
20.78 0.00040653
20.79 0.000370404
20.8 0.000331746
20.81 0.000290544
20.82 0.00024677
20.83 0.000200612
20.84 0.0001526
20.85 0.000103551
20.86 5.44532e-05
20.87 6.3037e-06
20.88 -4.00005e-05
20.89 -8.37368e-05
20.9 -0.000124369
20.91 -0.000161535
20.92 -0.000195021
20.93 -0.000224672
20.94 -0.000250381
20.95 -0.000272129
20.96 -0.000290079
20.97 -0.000304623
20.98 -0.000316381
20.99 -0.000326026
21 -0.000334125
21.01 -0.000341056
21.02 -0.000347004
21.03 -0.00035216
21.04 -0.000356861
21.05 -0.000361476
21.06 -0.00036623
21.07 -0.000371206
21.08 -0.000376318
21.09 -0.000381359
21.1 -0.000386073
21.11 -0.000390039
21.12 -0.000392712
21.13 -0.000393563
21.14 -0.000392191
21.15 -0.000388421
21.16 -0.000382232
21.17 -0.000373707
21.18 -0.000362985
21.19 -0.000350142
21.2 -0.000335178
21.21 -0.000318126
21.22 -0.00029917
21.23 -0.000278617
21.24 -0.000256862
21.25 -0.00023433
21.26 -0.000211428
21.27 -0.000188572
21.28 -0.000166163
21.29 -0.00014454
21.3 -0.000123955
21.31 -0.000104506
21.32 -8.61505e-05
21.33 -6.88372e-05
21.34 -5.25785e-05
21.35 -3.74266e-05
21.36 -2.33925e-05
21.37 -1.03715e-05
21.38 1.88823e-06
21.39 1.36354e-05
21.4 2.49978e-05
21.41 3.61313e-05
21.42 4.73217e-05
21.43 5.88442e-05
21.44 7.08028e-05
21.45 8.31876e-05
21.46 9.59689e-05
21.47 0.000109076
21.48 0.000122375
21.49 0.000135692
21.5 0.000148848
21.51 0.000161723
21.52 0.000174291
21.53 0.000186565
21.54 0.000198555
21.55 0.000210272
21.56 0.000221743
21.57 0.000232943
21.58 0.00024373
21.59 0.000253893
21.6 0.000263195
21.61 0.000271383
21.62 0.000278177
21.63 0.000283322
21.64 0.000286619
21.65 0.000287928
21.66 0.000287164
21.67 0.000284334
21.68 0.000279568
21.69 0.000273053
21.7 0.000264979
21.71 0.000255551
21.72 0.000244999
21.73 0.000233485
21.74 0.00022101
21.75 0.000207609
21.76 0.000193484
21.77 0.000178966
21.78 0.000164454
21.79 0.00015024
21.8 0.000136436
21.81 0.000123018
21.82 0.000109871
21.83 9.68029e-05
21.84 8.35163e-05
21.85 6.97974e-05
21.86 5.56384e-05
21.87 4.11579e-05
21.88 2.65072e-05
21.89 1.18144e-05
21.9 -2.79123e-06
21.91 -1.72532e-05
21.92 -3.15947e-05
21.93 -4.58856e-05
21.94 -6.02196e-05
21.95 -7.46131e-05
21.96 -8.90088e-05
21.97 -0.000103231
21.98 -0.000117001
21.99 -0.000130127
22 -0.000142596
22.01 -0.000154521
22.02 -0.000166021
22.03 -0.000177214
22.04 -0.000188234
22.05 -0.000199155
22.06 -0.000209966
22.07 -0.000220597
22.08 -0.000230983
22.09 -0.000241174
22.1 -0.000251387
22.11 -0.000261853
22.12 -0.000272648
22.13 -0.000283728
22.14 -0.00029497
22.15 -0.000306183
22.16 -0.00031713
22.17 -0.000327573
22.18 -0.000337344
22.19 -0.000346276
22.2 -0.000354148
22.21 -0.000360717
22.22 -0.000365736
22.23 -0.00036894
22.24 -0.000370039
22.25 -0.000368762
22.26 -0.000364921
22.27 -0.000358413
22.28 -0.000349219
22.29 -0.000337376
22.3 -0.00032296
22.31 -0.00030606
22.32 -0.000286781
22.33 -0.000265284
22.34 -0.000241817
22.35 -0.000216723
22.36 -0.000190426
22.37 -0.000163359
22.38 -0.000135923
22.39 -0.000108454
22.4 -8.12166e-05
22.41 -5.43935e-05
22.42 -2.8077e-05
22.43 -2.39028e-06
22.44 2.24377e-05
22.45 4.61663e-05
22.46 6.86362e-05
22.47 8.98232e-05
22.48 0.000109844
22.49 0.000128943
22.5 0.000147473
22.51 0.000165794
22.52 0.000184194
22.53 0.000202827
22.54 0.000221694
22.55 0.000240673
22.56 0.000259544
22.57 0.000278138
22.58 0.000296392
22.59 0.000314327
22.6 0.00033199
22.61 0.000349387
22.62 0.000366471
22.63 0.000383095
22.64 0.000399038
22.65 0.00041396
22.66 0.000427407
22.67 0.000438952
22.68 0.000448268
22.69 0.000455131
22.7 0.000459371
22.71 0.000460808
22.72 0.000459239
22.73 0.000454506
22.74 0.000446584
22.75 0.00043552
22.76 0.000421404
22.77 0.00040435
22.78 0.000384497
22.79 0.00036204
22.8 0.000337212
22.81 0.00031029
22.82 0.00028158
22.83 0.000251395
22.84 0.000220054
22.85 0.000187827
22.86 0.000154902
22.87 0.000121475
22.88 8.78129e-05
22.89 5.42546e-05
22.9 2.1181e-05
22.91 -1.09734e-05
22.92 -4.17094e-05
22.93 -7.06176e-05
22.94 -9.74823e-05
22.95 -0.000122245
22.96 -0.000144937
22.97 -0.000165649
22.98 -0.000184531
22.99 -0.000201718
23 -0.000217301
23.01 -0.000231311
23.02 -0.000243729
23.03 -0.000254597
23.04 -0.000264059
23.05 -0.000272402
23.06 -0.000280022
23.07 -0.000287301
23.08 -0.000294517
23.09 -0.000301766
23.1 -0.000308947
23.11 -0.00031583
23.12 -0.000322135
23.13 -0.000327562
23.14 -0.000331799
23.15 -0.000334629
23.16 -0.000335975
23.17 -0.000335835
23.18 -0.000334214
23.19 -0.000331115
23.2 -0.000326589
23.21 -0.000320687
23.22 -0.000313449
23.23 -0.000304869
23.24 -0.00029487
23.25 -0.000283404
23.26 -0.000270487
23.27 -0.000256191
23.28 -0.00024061
23.29 -0.000223837
23.3 -0.000205993
23.31 -0.000187146
23.32 -0.000167286
23.33 -0.000146441
23.34 -0.000124764
23.35 -0.000102462
23.36 -7.96906e-05
23.37 -5.66306e-05
23.38 -3.35283e-05
23.39 -1.06515e-05
23.4 1.1768e-05
23.41 3.36336e-05
23.42 5.5003e-05
23.43 7.59474e-05
23.44 9.64363e-05
23.45 0.000116374
23.46 0.000135674
23.47 0.000154198
23.48 0.000171698
23.49 0.000187942
23.5 0.000202808
23.51 0.000216283
23.52 0.000228426
23.53 0.000239297
23.54 0.000248919
23.55 0.000257278
23.56 0.000264355
23.57 0.00027012
23.58 0.000274544
23.59 0.000277646
23.6 0.000279519
23.61 0.000280289
23.62 0.000280063
23.63 0.00027896
23.64 0.000277136
23.65 0.000274709
23.66 0.000271704
23.67 0.00026813
23.68 0.000264038
23.69 0.000259499
23.7 0.00025455
23.71 0.000249161
23.72 0.000243226
23.73 0.000236714
23.74 0.000229767
23.75 0.000222563
23.76 0.000215202
23.77 0.000207722
23.78 0.000200161
23.79 0.000192586
23.8 0.000185083
23.81 0.000177656
23.82 0.000170149
23.83 0.000162379
23.84 0.000154224
23.85 0.000145604
23.86 0.000136419
23.87 0.000126501
23.88 0.000115621
23.89 0.000103544
23.9 9.00815e-05
23.91 7.51513e-05
23.92 5.87905e-05
23.93 4.11042e-05
23.94 2.22265e-05
23.95 2.27795e-06
23.96 -1.86564e-05
23.97 -4.04454e-05
23.98 -6.28612e-05
23.99 -8.56013e-05
24 -0.000108307
24.01 -0.000130601
24.02 -0.00015211
24.03 -0.000172546
24.04 -0.000191788
24.05 -0.000209839
24.06 -0.000226785
24.07 -0.000242621
24.08 -0.000257147
24.09 -0.000270067
24.1 -0.000281077
24.11 -0.000289983
24.12 -0.000296736
24.13 -0.000301403
24.14 -0.000304132
24.15 -0.000305087
24.16 -0.000304414
24.17 -0.000302202
24.18 -0.000298491
24.19 -0.000293333
24.2 -0.00028686
24.21 -0.000279312
24.22 -0.000271024
24.23 -0.000262364
24.24 -0.000253663
24.25 -0.000245157
24.26 -0.000236972
24.27 -0.000229082
24.28 -0.000221309
24.29 -0.000213501
24.3 -0.000205639
24.31 -0.000197759
24.32 -0.00018984
24.33 -0.000181842
24.34 -0.000173751
24.35 -0.000165547
24.36 -0.000157175
24.37 -0.000148511
24.38 -0.000139373
24.39 -0.00012965
24.4 -0.000119389
24.41 -0.000108694
24.42 -9.7612e-05
24.43 -8.61928e-05
24.44 -7.45489e-05
24.45 -6.27197e-05
24.46 -5.05673e-05
24.47 -3.79039e-05
24.48 -2.46163e-05
24.49 -1.06653e-05
24.5 3.95318e-06
24.51 1.92373e-05
24.52 3.51899e-05
24.53 5.17751e-05
24.54 6.88879e-05
24.55 8.63848e-05
24.56 0.000104097
24.57 0.00012188
24.58 0.000139617
24.59 0.000157162
24.6 0.000174313
24.61 0.000190894
24.62 0.000206845
24.63 0.000222215
24.64 0.00023713
24.65 0.000251657
24.66 0.000265713
24.67 0.000279102
24.68 0.000291537
24.69 0.000302751
24.7 0.000312541
24.71 0.000320842
24.72 0.000327773
24.73 0.000333494
24.74 0.000338114
24.75 0.00034167
24.76 0.000344148
24.77 0.000345521
24.78 0.000345771
24.79 0.000344937
24.8 0.000343135
24.81 0.00034048
24.82 0.000336989
24.83 0.000332619
24.84 0.000327295
24.85 0.000320899
24.86 0.000313293
24.87 0.00030434
24.88 0.000293947
24.89 0.000282064
24.9 0.000268654
24.91 0.000253686
24.92 0.000237134
24.93 0.000219003
24.94 0.000199372
24.95 0.000178326
24.96 0.000155923
24.97 0.000132289
24.98 0.000107686
24.99 8.24032e-05
25 5.66576e-05
25.01 3.06445e-05
25.02 4.59046e-06
25.03 -2.12543e-05
25.04 -4.66559e-05
25.05 -7.14492e-05
25.06 -9.55581e-05
25.07 -0.000118908
25.08 -0.000141349
25.09 -0.000162778
25.1 -0.000183232
25.11 -0.000202761
25.12 -0.000221318
25.13 -0.000238788
25.14 -0.000255048
25.15 -0.000270021
25.16 -0.000283688
25.17 -0.000296026
25.18 -0.000306964
25.19 -0.000316477
25.2 -0.000324655
25.21 -0.000331693
25.22 -0.00033786
25.23 -0.000343368
25.24 -0.00034831
25.25 -0.000352733
25.26 -0.000356694
25.27 -0.000360208
25.28 -0.000363164
25.29 -0.000365405
25.3 -0.000366779
25.31 -0.000367195
25.32 -0.000366621
25.33 -0.000364973
25.34 -0.000362046
25.35 -0.000357586
25.36 -0.000351388
25.37 -0.000343291
25.38 -0.000333172
25.39 -0.000320982
25.4 -0.000306779
25.41 -0.000290661
25.42 -0.000272705
25.43 -0.000252985
25.44 -0.000231599
25.45 -0.00020866
25.46 -0.000184297
25.47 -0.000158681
25.48 -0.000132052
25.49 -0.000104732
25.5 -7.71097e-05
25.51 -4.95178e-05
25.52 -2.21521e-05
25.53 4.85551e-06
25.54 3.13589e-05
25.55 5.71996e-05
25.56 8.22318e-05
25.57 0.000106292
25.58 0.000129175
25.59 0.000150691
25.6 0.000170724
25.61 0.000189256
25.62 0.000206362
25.63 0.00022211
25.64 0.000236468
25.65 0.000249388
25.66 0.000260871
25.67 0.000270943
25.68 0.00027962
25.69 0.000286933
25.7 0.000292959
25.71 0.00029772
25.72 0.000301101
25.73 0.000302979
25.74 0.000303336
25.75 0.000302247
25.76 0.000299863
25.77 0.000296283
25.78 0.000291501
25.79 0.000285526
25.8 0.000278463
25.81 0.000270493
25.82 0.000261825
25.83 0.000252628
25.84 0.000243009
25.85 0.000233088
25.86 0.000223029
25.87 0.000212971
25.88 0.000202966
25.89 0.000192964
25.9 0.000182849
25.91 0.000172529
25.92 0.000161988
25.93 0.000151151
25.94 0.000139771
25.95 0.000127617
25.96 0.000114636
25.97 0.000100879
25.98 8.64226e-05
25.99 7.13469e-05
26 5.57674e-05
26.01 3.98339e-05
26.02 2.37222e-05
26.03 7.53315e-06
26.04 -8.78377e-06
26.05 -2.52552e-05
26.06 -4.17666e-05
26.07 -5.81224e-05
26.08 -7.41386e-05
26.09 -8.97229e-05
26.1 -0.00010489
26.11 -0.000119737
26.12 -0.000134409
26.13 -0.00014899
26.14 -0.000163429
26.15 -0.000177513
26.16 -0.000190858
26.17 -0.000203135
26.18 -0.00021422
26.19 -0.000224109
26.2 -0.000232823
26.21 -0.000240322
26.22 -0.000246461
26.23 -0.000251091
26.24 -0.000254135
26.25 -0.000255537
26.26 -0.000255242
26.27 -0.000253269
26.28 -0.000249777
26.29 -0.000244988
26.3 -0.000239071
26.31 -0.000232182
26.32 -0.000224503
26.33 -0.000216169
26.34 -0.000207234
26.35 -0.000197673
26.36 -0.000187397
26.37 -0.000176373
26.38 -0.000164668
26.39 -0.000152454
26.4 -0.000140001
26.41 -0.000127587
26.42 -0.000115468
26.43 -0.000103841
26.44 -9.28348e-05
26.45 -8.25424e-05
26.46 -7.30363e-05
26.47 -6.43269e-05
26.48 -5.63117e-05
26.49 -4.88957e-05
26.5 -4.20451e-05
26.51 -3.57676e-05
26.52 -3.00752e-05
26.53 -2.48967e-05
26.54 -2.00819e-05
26.55 -1.54466e-05
26.56 -1.08306e-05
26.57 -6.14195e-06
26.58 -1.35286e-06
26.59 3.53405e-06
26.6 8.52422e-06
26.61 1.35519e-05
26.62 1.8429e-05
26.63 2.29681e-05
26.64 2.70691e-05
26.65 3.07753e-05
26.66 3.42569e-05
26.67 3.76728e-05
26.68 4.1099e-05
26.69 4.45406e-05
26.7 4.79948e-05
26.71 5.1458e-05
26.72 5.49142e-05
26.73 5.83239e-05
26.74 6.15989e-05
26.75 6.47591e-05
26.76 6.80042e-05
26.77 7.1568e-05
26.78 7.5592e-05
26.79 8.00661e-05
26.8 8.48695e-05
26.81 8.98584e-05
26.82 9.49329e-05
26.83 0.000100024
26.84 0.000105053
26.85 0.000110015
26.86 0.000115023
26.87 0.00012019
26.88 0.000125518
26.89 0.000130898
26.9 0.000136153
26.91 0.000141065
26.92 0.000145392
26.93 0.000148976
26.94 0.0001518
26.95 0.00015392
26.96 0.00015537
26.97 0.000156134
26.98 0.000156137
26.99 0.000155274
27 0.000153445
27.01 0.000150574
27.02 0.000146635
27.03 0.000141716
27.04 0.000136055
27.05 0.00012992
27.06 0.000123503
27.07 0.000116914
27.08 0.000110205
27.09 0.000103418
27.1 9.66212e-05
27.11 8.98551e-05
27.12 8.30976e-05
27.13 7.63202e-05
27.14 6.95191e-05
27.15 6.27219e-05
27.16 5.59691e-05
27.17 4.92941e-05
27.18 4.274e-05
27.19 3.63216e-05
27.2 3.00194e-05
27.21 2.38862e-05
27.22 1.81158e-05
27.23 1.29059e-05
27.24 8.34211e-06
27.25 4.3005e-06
27.26 4.05081e-07
27.27 -3.66436e-06
27.28 -7.98882e-06
27.29 -1.25293e-05
27.3 -1.72483e-05
27.31 -2.21849e-05
27.32 -2.74303e-05
27.33 -3.30684e-05
27.34 -3.9152e-05
27.35 -4.56975e-05
27.36 -5.26783e-05
27.37 -6.00601e-05
27.38 -6.78074e-05
27.39 -7.57997e-05
27.4 -8.38141e-05
27.41 -9.16451e-05
27.42 -9.92061e-05
27.43 -0.000106489
27.44 -0.000113471
27.45 -0.000120067
27.46 -0.000126133
27.47 -0.000131507
27.48 -0.00013607
27.49 -0.000139761
27.5 -0.000142565
27.51 -0.000144527
27.52 -0.000145744
27.53 -0.000146307
27.54 -0.000146251
27.55 -0.000145588
27.56 -0.000144329
27.57 -0.000142472
27.58 -0.000139989
27.59 -0.000136863
27.6 -0.00013313
27.61 -0.00012877
27.62 -0.000123627
27.63 -0.000117563
27.64 -0.000110587
27.65 -0.000102741
27.66 -9.40093e-05
27.67 -8.43491e-05
27.68 -7.3759e-05
27.69 -6.22964e-05
27.7 -5.00653e-05
27.71 -3.71508e-05
27.72 -2.35885e-05
27.73 -9.4165e-06
27.74 5.2747e-06
27.75 2.03615e-05
27.76 3.57322e-05
27.77 5.1273e-05
27.78 6.68508e-05
27.79 8.2376e-05
27.8 9.78439e-05
27.81 0.000113226
27.82 0.000128388
27.83 0.000143121
27.84 0.000157179
27.85 0.000170368
27.86 0.00018258
27.87 0.000193782
27.88 0.000204013
27.89 0.000213311
27.9 0.000221676
27.91 0.000229074
27.92 0.000235457
27.93 0.000240739
27.94 0.000244793
27.95 0.000247519
27.96 0.000248889
27.97 0.000248948
27.98 0.000247777
27.99 0.000245412
28 0.000241796
28.01 0.000236894
28.02 0.000230795
28.03 0.000223618
28.04 0.000215424
28.05 0.000206278
28.06 0.000196292
28.07 0.000185605
28.08 0.000174319
28.09 0.00016252
28.1 0.000150313
28.11 0.000137811
28.12 0.000125136
28.13 0.000112389
28.14 9.96296e-05
28.15 8.69119e-05
28.16 7.43038e-05
28.17 6.18249e-05
28.18 4.93934e-05
28.19 3.69036e-05
28.2 2.42881e-05
28.21 1.14943e-05
28.22 -1.54959e-06
28.23 -1.48992e-05
28.24 -2.85461e-05
28.25 -4.24287e-05
28.26 -5.64431e-05
28.27 -7.04596e-05
28.28 -8.43278e-05
28.29 -9.78754e-05
28.3 -0.000110908
28.31 -0.000123279
28.32 -0.00013494
28.33 -0.000145858
28.34 -0.00015596
28.35 -0.000165101
28.36 -0.000173077
28.37 -0.000179746
28.38 -0.000185094
28.39 -0.000189188
28.4 -0.000192129
28.41 -0.00019409
28.42 -0.000195363
28.43 -0.000196259
28.44 -0.000197028
28.45 -0.000197804
28.46 -0.000198608
28.47 -0.000199495
28.48 -0.000200634
28.49 -0.000202209
28.5 -0.000204293
28.51 -0.000206844
28.52 -0.000209729
28.53 -0.000212741
28.54 -0.000215612
28.55 -0.000218084
28.56 -0.000219979
28.57 -0.000221186
28.58 -0.000221642
28.59 -0.000221266
28.6 -0.000219896
28.61 -0.000217363
28.62 -0.000213557
28.63 -0.000208401
28.64 -0.000201846
28.65 -0.00019385
28.66 -0.000184375
28.67 -0.000173451
28.68 -0.000161192
28.69 -0.000147806
28.7 -0.000133587
28.71 -0.00011881
28.72 -0.000103675
28.73 -8.8325e-05
28.74 -7.28607e-05
28.75 -5.73284e-05
28.76 -4.16834e-05
28.77 -2.58934e-05
28.78 -1.00111e-05
28.79 5.80257e-06
28.8 2.12863e-05
28.81 3.6192e-05
28.82 5.03414e-05
28.83 6.36476e-05
28.84 7.60846e-05
28.85 8.76211e-05
28.86 9.81843e-05
28.87 0.000107691
28.88 0.000116105
28.89 0.000123433
28.9 0.00012974
28.91 0.000135113
28.92 0.000139637
28.93 0.000143402
28.94 0.000146469
28.95 0.000148857
28.96 0.000150518
28.97 0.000151381
28.98 0.000151406
28.99 0.000150591
29 0.000148983
29.01 0.000146658
29.02 0.000143711
29.03 0.000140192
29.04 0.000136067
29.05 0.000131293
29.06 0.000125879
29.07 0.000119868
29.08 0.00011332
29.09 0.000106303
29.1 9.89137e-05
29.11 9.12778e-05
29.12 8.3559e-05
29.13 7.58633e-05
29.14 6.81797e-05
29.15 6.04632e-05
29.16 5.26988e-05
29.17 4.49327e-05
29.18 3.72533e-05
29.19 2.97307e-05
29.2 2.23833e-05
29.21 1.51584e-05
29.22 7.94294e-06
29.23 6.06404e-07
29.24 -6.96425e-06
29.25 -1.4815e-05
29.26 -2.28956e-05
29.27 -3.10476e-05
29.28 -3.90114e-05
29.29 -4.65551e-05
29.3 -5.3567e-05
29.31 -6.00136e-05
29.32 -6.58782e-05
29.33 -7.1152e-05
29.34 -7.58386e-05
29.35 -7.99549e-05
29.36 -8.35415e-05
29.37 -8.65974e-05
29.38 -8.90594e-05
29.39 -9.09221e-05
29.4 -9.23205e-05
29.41 -9.34173e-05
29.42 -9.42774e-05
29.43 -9.4909e-05
29.44 -9.53194e-05
29.45 -9.5534e-05
29.46 -9.55953e-05
29.47 -9.5563e-05
29.48 -9.55266e-05
29.49 -9.55365e-05
29.5 -9.55577e-05
29.51 -9.55095e-05
29.52 -9.529e-05
29.53 -9.48492e-05
29.54 -9.42249e-05
29.55 -9.34157e-05
29.56 -9.23009e-05
29.57 -9.07332e-05
29.58 -8.86235e-05
29.59 -8.5902e-05
29.6 -8.24604e-05
29.61 -7.81951e-05
29.62 -7.30649e-05
29.63 -6.70779e-05
29.64 -6.02616e-05
29.65 -5.26774e-05
29.66 -4.44313e-05
29.67 -3.56353e-05
29.68 -2.63951e-05
29.69 -1.67711e-05
29.7 -6.76551e-06
29.71 3.5835e-06
29.72 1.41564e-05
29.73 2.47831e-05
29.74 3.52926e-05
29.75 4.55475e-05
29.76 5.54501e-05
29.77 6.49442e-05
29.78 7.40156e-05
29.79 8.26963e-05
29.8 9.10598e-05
29.81 9.91678e-05
29.82 0.000107029
29.83 0.000114614
29.84 0.000121883
29.85 0.000128804
29.86 0.000135361
29.87 0.000141559
29.88 0.00014742
29.89 0.000152979
29.9 0.000158275
29.91 0.00016328
29.92 0.000167864
29.93 0.000171865
29.94 0.00017515
29.95 0.000177655
29.96 0.000179388
29.97 0.000180382
29.98 0.000180663
29.99 0.000180222
30 0.000179004
30.01 0.000176943
30.02 0.000174003
30.03 0.000170156
30.04 0.000165376
30.05 0.000159663
30.06 0.000153056
30.07 0.000145625
30.08 0.000137447
30.09 0.000128593
30.1 0.000119128
30.11 0.000109132
30.12 9.87309e-05
30.13 8.80735e-05
30.14 7.73102e-05
30.15 6.65709e-05
30.16 5.59492e-05
30.17 4.55205e-05
30.18 3.5351e-05
30.19 2.54949e-05
30.2 1.59846e-05
30.21 6.83964e-06
30.22 -1.9237e-06
30.23 -1.02725e-05
30.24 -1.81436e-05
30.25 -2.54853e-05
30.26 -3.22824e-05
30.27 -3.85559e-05
30.28 -4.4351e-05
30.29 -4.97212e-05
30.3 -5.47261e-05
30.31 -5.94159e-05
30.32 -6.3825e-05
30.33 -6.79772e-05
30.34 -7.18893e-05
30.35 -7.5597e-05
30.36 -7.91684e-05
30.37 -8.26967e-05
30.38 -8.62889e-05
30.39 -9.0024e-05
30.4 -9.39293e-05
30.41 -9.79927e-05
30.42 -0.000102181
30.43 -0.00010647
30.44 -0.000110863
30.45 -0.000115369
30.46 -0.000119985
30.47 -0.000124686
30.48 -0.000129411
30.49 -0.000134076
30.5 -0.000138576
30.51 -0.000142789
30.52 -0.000146577
30.53 -0.000149834
30.54 -0.000152513
30.55 -0.000154602
30.56 -0.000156095
30.57 -0.000156972
30.58 -0.000157188
30.59 -0.00015669
30.6 -0.000155427
30.61 -0.000153357
30.62 -0.000150454
30.63 -0.000146716
30.64 -0.000142165
30.65 -0.000136838
30.66 -0.000130774
30.67 -0.000124009
30.68 -0.000116573
30.69 -0.000108497
30.7 -9.98147e-05
30.71 -9.05728e-05
30.72 -8.08327e-05
30.73 -7.06701e-05
30.74 -6.01676e-05
30.75 -4.94049e-05
30.76 -3.8452e-05
30.77 -2.73707e-05
30.78 -1.62217e-05
30.79 -5.06503e-06
30.8 6.03755e-06
30.81 1.70157e-05
30.82 2.77886e-05
30.83 3.82674e-05
30.84 4.83624e-05
30.85 5.79941e-05
30.86 6.70996e-05
30.87 7.56366e-05
30.88 8.35821e-05
30.89 9.09211e-05
30.9 9.76379e-05
30.91 0.000103713
30.92 0.000109125
30.93 0.000113854
30.94 0.000117892
30.95 0.00012124
30.96 0.000123908
30.97 0.000125912
30.98 0.00012728
30.99 0.000128045
31 0.000128241
31.01 0.000127903
31.02 0.000127068
31.03 0.000125775
31.04 0.000124068
31.05 0.000121993
31.06 0.000119598
31.07 0.000116933
31.08 0.000114047
31.09 0.000110981
31.1 0.000107768
31.11 0.000104436
31.12 0.000101011
31.13 9.7519e-05
31.14 9.39816e-05
31.15 9.04185e-05
31.16 8.68462e-05
31.17 8.32773e-05
31.18 7.97187e-05
31.19 7.61711e-05
31.2 7.26284e-05
31.21 6.90784e-05
31.22 6.5505e-05
31.23 6.18888e-05
31.24 5.82078e-05
31.25 5.44401e-05
31.26 5.05659e-05
31.27 4.65649e-05
31.28 4.24153e-05
31.29 3.80936e-05
31.3 3.35759e-05
31.31 2.88396e-05
31.32 2.38653e-05
31.33 1.8637e-05
31.34 1.31425e-05
31.35 7.37356e-06
31.36 1.32717e-06
31.37 -4.99362e-06
31.38 -1.1579e-05
31.39 -1.8412e-05
31.4 -2.54687e-05
31.41 -3.27181e-05
31.42 -4.01223e-05
31.43 -4.76366e-05
31.44 -5.52103e-05
31.45 -6.27884e-05
31.46 -7.03134e-05
31.47 -7.77252e-05
31.48 -8.4962e-05
31.49 -9.19606e-05
31.5 -9.86569e-05
31.51 -0.000104987
31.52 -0.000110889
31.53 -0.000116304
31.54 -0.000121175
31.55 -0.000125454
31.56 -0.000129095
31.57 -0.00013206
31.58 -0.00013432
31.59 -0.000135853
31.6 -0.000136644
31.61 -0.000136688
31.62 -0.000135987
31.63 -0.000134551
31.64 -0.000132398
31.65 -0.000129553
31.66 -0.000126048
31.67 -0.000121917
31.68 -0.000117203
31.69 -0.00011195
31.7 -0.000106208
31.71 -0.000100029
31.72 -9.34672e-05
31.73 -8.6581e-05
31.74 -7.94287e-05
31.75 -7.2069e-05
31.76 -6.45598e-05
31.77 -5.69576e-05
31.78 -4.93162e-05
31.79 -4.16863e-05
31.8 -3.41149e-05
31.81 -2.66447e-05
31.82 -1.93142e-05
31.83 -1.21571e-05
31.84 -5.20243e-06
31.85 1.52557e-06
31.86 8.00747e-06
31.87 1.42285e-05
31.88 2.01784e-05
31.89 2.58512e-05
31.9 3.1245e-05
31.91 3.63614e-05
31.92 4.1206e-05
31.93 4.57871e-05
31.94 5.0116e-05
31.95 5.42063e-05
31.96 5.80734e-05
31.97 6.17338e-05
31.98 6.52029e-05
31.99 6.84952e-05
32 7.16263e-05
32.01 7.46124e-05
32.02 7.74669e-05
32.03 8.01997e-05
32.04 8.28173e-05
32.05 8.53232e-05
32.06 8.77185e-05
32.07 9.00008e-05
32.08 9.21645e-05
32.09 9.42009e-05
32.1 9.60986e-05
32.11 9.78438e-05
32.12 9.94203e-05
32.13 0.00010081
32.14 0.000101993
32.15 0.000102947
32.16 0.00010365
32.17 0.000104079
32.18 0.000104214
32.19 0.000104034
32.2 0.000103517
32.21 0.000102645
32.22 0.000101401
32.23 9.97684e-05
32.24 9.77343e-05
32.25 9.52875e-05
32.26 9.242e-05
32.27 8.91268e-05
32.28 8.54064e-05
32.29 8.12605e-05
32.3 7.66946e-05
32.31 7.17182e-05
32.32 6.63445e-05
32.33 6.05906e-05
32.34 5.44777e-05
32.35 4.80312e-05
32.36 4.12803e-05
32.37 3.42582e-05
32.38 2.70012e-05
32.39 1.95489e-05
32.4 1.19432e-05
32.41 4.22828e-06
32.42 -3.54998e-06
32.43 -1.13444e-05
32.44 -1.91069e-05
32.45 -2.6789e-05
32.46 -3.43424e-05
32.47 -4.17193e-05
32.48 -4.88732e-05
32.49 -5.57596e-05
32.5 -6.23361e-05
32.51 -6.85635e-05
32.52 -7.44059e-05
32.53 -7.98313e-05
32.54 -8.48118e-05
32.55 -8.93241e-05
32.56 -9.33497e-05
32.57 -9.6875e-05
32.58 -9.98914e-05
32.59 -0.000102395
32.6 -0.000104388
32.61 -0.000105875
32.62 -0.000106867
32.63 -0.000107379
32.64 -0.000107427
32.65 -0.000107034
32.66 -0.000106223
32.67 -0.00010502
32.68 -0.000103452
32.69 -0.00010155
32.7 -9.93419e-05
32.71 -9.68578e-05
32.72 -9.4127e-05
32.73 -9.11777e-05
32.74 -8.80369e-05
32.75 -8.473e-05
32.76 -8.12803e-05
32.77 -7.7709e-05
32.78 -7.4035e-05
32.79 -7.02746e-05
32.8 -6.64414e-05
32.81 -6.25468e-05
32.82 -5.85993e-05
32.83 -5.4605e-05
32.84 -5.05675e-05
32.85 -4.64886e-05
32.86 -4.23677e-05
32.87 -3.82028e-05
32.88 -3.39902e-05
32.89 -2.97253e-05
32.9 -2.54027e-05
32.91 -2.10168e-05
32.92 -1.65617e-05
32.93 -1.20323e-05
32.94 -7.42401e-06
32.95 -2.73378e-06
32.96 2.04e-06
32.97 6.89691e-06
32.98 1.18343e-05
32.99 1.68469e-05
33 2.19269e-05
33.01 2.70634e-05
33.02 3.22427e-05
33.03 3.7448e-05
33.04 4.26596e-05
33.05 4.78551e-05
33.06 5.30093e-05
33.07 5.80947e-05
33.08 6.3082e-05
33.09 6.79401e-05
33.1 7.26368e-05
33.11 7.71391e-05
33.12 8.14139e-05
33.13 8.54284e-05
33.14 8.91506e-05
33.15 9.25495e-05
33.16 9.55962e-05
33.17 9.82638e-05
33.18 0.000100528
33.19 0.000102367
33.2 0.000103763
33.21 0.000104701
33.22 0.000105169
33.23 0.00010516
33.24 0.000104671
33.25 0.000103701
33.26 0.000102255
33.27 0.00010034
33.28 9.79685e-05
33.29 9.51544e-05
33.3 9.19164e-05
33.31 8.82759e-05
33.32 8.4257e-05
33.33 7.98865e-05
33.34 7.51934e-05
33.35 7.02084e-05
33.36 6.49639e-05
33.37 5.94933e-05
33.38 5.38309e-05
33.39 4.80116e-05
33.4 4.207e-05
33.41 3.60407e-05
33.42 2.99577e-05
33.43 2.38539e-05
33.44 1.77611e-05
33.45 1.17097e-05
33.46 5.72808e-06
33.47 -1.57048e-07
33.48 -5.9212e-06
33.49 -1.15421e-05
33.5 -1.69999e-05
33.51 -2.22772e-05
33.52 -2.73588e-05
33.53 -3.22324e-05
33.54 -3.68877e-05
33.55 -4.13172e-05
33.56 -4.55153e-05
33.57 -4.94788e-05
33.58 -5.32064e-05
33.59 -5.66986e-05
33.6 -5.99575e-05
33.61 -6.29864e-05
33.62 -6.57898e-05
33.63 -6.8373e-05
33.64 -7.07416e-05
33.65 -7.29015e-05
33.66 -7.48586e-05
33.67 -7.66183e-05
33.68 -7.81855e-05
33.69 -7.95641e-05
33.7 -8.07575e-05
33.71 -8.17676e-05
33.72 -8.25954e-05
33.73 -8.32406e-05
33.74 -8.37019e-05
33.75 -8.39767e-05
33.76 -8.40613e-05
33.77 -8.39511e-05
33.78 -8.36407e-05
33.79 -8.31237e-05
33.8 -8.23934e-05
33.81 -8.14426e-05
33.82 -8.02639e-05
33.83 -7.885e-05
33.84 -7.71937e-05
33.85 -7.52884e-05
33.86 -7.31282e-05
33.87 -7.0708e-05
33.88 -6.80241e-05
33.89 -6.50741e-05
33.9 -6.1857e-05
33.91 -5.8374e-05
33.92 -5.4628e-05
33.93 -5.0624e-05
33.94 -4.63696e-05
33.95 -4.18745e-05
33.96 -3.71508e-05
33.97 -3.22132e-05
33.98 -2.70789e-05
33.99 -2.17675e-05
34 -1.63007e-05
34.01 -1.07026e-05
34.02 -4.9993e-06
34.03 7.81453e-07
34.04 6.61022e-06
34.05 1.24563e-05
34.06 1.82881e-05
34.07 2.40733e-05
34.08 2.97792e-05
34.09 3.53734e-05
34.1 4.08235e-05
34.11 4.60984e-05
34.12 5.11677e-05
34.13 5.60026e-05
34.14 6.05763e-05
34.15 6.48639e-05
34.16 6.8843e-05
34.17 7.24936e-05
34.18 7.57989e-05
34.19 7.87448e-05
34.2 8.13202e-05
34.21 8.35173e-05
34.22 8.53313e-05
34.23 8.67605e-05
34.24 8.7806e-05
34.25 8.84719e-05
34.26 8.87651e-05
34.27 8.86945e-05
34.28 8.82717e-05
34.29 8.751e-05
34.3 8.64244e-05
34.31 8.50316e-05
34.32 8.33491e-05
34.33 8.13954e-05
34.34 7.91896e-05
34.35 7.67509e-05
34.36 7.40988e-05
34.37 7.12523e-05
34.38 6.82303e-05
34.39 6.50507e-05
34.4 6.17308e-05
34.41 5.82869e-05
34.42 5.47342e-05
34.43 5.10869e-05
34.44 4.73579e-05
34.45 4.35587e-05
34.46 3.97e-05
34.47 3.5791e-05
34.48 3.18399e-05
34.49 2.78539e-05
34.5 2.38391e-05
34.51 1.98008e-05
34.52 1.57439e-05
34.53 1.16724e-05
34.54 7.58993e-06
34.55 3.50013e-06
34.56 -5.93572e-07
34.57 -4.68762e-06
34.58 -8.77816e-06
34.59 -1.28609e-05
34.6 -1.69309e-05
34.61 -2.09825e-05
34.62 -2.50092e-05
34.63 -2.90035e-05
34.64 -3.29567e-05
34.65 -3.68592e-05
34.66 -4.07002e-05
34.67 -4.44676e-05
34.68 -4.81484e-05
34.69 -5.17284e-05
34.7 -5.51927e-05
34.71 -5.85253e-05
34.72 -6.17098e-05
34.73 -6.47291e-05
34.74 -6.75661e-05
34.75 -7.02034e-05
34.76 -7.26238e-05
34.77 -7.48106e-05
34.78 -7.67474e-05
34.79 -7.84189e-05
34.8 -7.98107e-05
34.81 -8.09096e-05
34.82 -8.1704e-05
34.83 -8.21835e-05
34.84 -8.234e-05
34.85 -8.21669e-05
34.86 -8.16597e-05
34.87 -8.08161e-05
34.88 -7.96359e-05
34.89 -7.81214e-05
34.9 -7.62767e-05
34.91 -7.41085e-05
34.92 -7.16257e-05
34.93 -6.88392e-05
34.94 -6.57621e-05
34.95 -6.24095e-05
34.96 -5.87983e-05
34.97 -5.49471e-05
34.98 -5.08763e-05
34.99 -4.66073e-05
35 -4.21629e-05
35.01 -3.75668e-05
35.02 -3.28434e-05
35.03 -2.80177e-05
35.04 -2.31149e-05
35.05 -1.81603e-05
35.06 -1.31791e-05
35.07 -8.19597e-06
35.08 -3.23503e-06
35.09 1.68038e-06
35.1 6.52794e-06
35.11 1.12865e-05
35.12 1.59363e-05
35.13 2.04589e-05
35.14 2.48376e-05
35.15 2.90573e-05
35.16 3.31045e-05
35.17 3.69677e-05
35.18 4.06369e-05
35.19 4.4104e-05
35.2 4.73626e-05
35.21 5.0408e-05
35.22 5.32369e-05
35.23 5.58475e-05
35.24 5.82392e-05
35.25 6.04127e-05
35.26 6.23694e-05
35.27 6.41118e-05
35.28 6.56429e-05
35.29 6.69662e-05
35.3 6.80853e-05
35.31 6.90043e-05
35.32 6.97269e-05
35.33 7.02569e-05
35.34 7.05977e-05
35.35 7.07525e-05
35.36 7.07239e-05
35.37 7.05143e-05
35.38 7.01254e-05
35.39 6.95584e-05
35.4 6.88142e-05
35.41 6.78931e-05
35.42 6.6795e-05
35.43 6.55197e-05
35.44 6.40667e-05
35.45 6.24352e-05
35.46 6.06248e-05
35.47 5.86348e-05
35.48 5.64651e-05
35.49 5.41157e-05
35.5 5.15875e-05
35.51 4.88818e-05
35.52 4.60006e-05
35.53 4.2947e-05
35.54 3.97251e-05
35.55 3.63401e-05
35.56 3.27984e-05
35.57 2.91076e-05
35.58 2.52768e-05
35.59 2.13165e-05
35.6 1.72383e-05
35.61 1.30555e-05
35.62 8.78252e-06
35.63 4.43524e-06
35.64 3.06577e-08
35.65 -4.41311e-06
35.66 -8.87693e-06
35.67 -1.33408e-05
35.68 -1.77842e-05
35.69 -2.21858e-05
35.7 -2.65241e-05
35.71 -3.07776e-05
35.72 -3.49247e-05
35.73 -3.8944e-05
35.74 -4.2815e-05
35.75 -4.65175e-05
35.76 -5.00324e-05
35.77 -5.33416e-05
35.78 -5.64284e-05
35.79 -5.92774e-05
35.8 -6.18749e-05
35.81 -6.42089e-05
35.82 -6.6269e-05
35.83 -6.80469e-05
35.84 -6.95361e-05
35.85 -7.0732e-05
35.86 -7.16321e-05
35.87 -7.22357e-05
35.88 -7.25441e-05
35.89 -7.25601e-05
35.9 -7.22887e-05
35.91 -7.17361e-05
35.92 -7.09102e-05
35.93 -6.98202e-05
35.94 -6.84766e-05
35.95 -6.68909e-05
35.96 -6.50756e-05
35.97 -6.30438e-05
35.98 -6.08095e-05
35.99 -5.83867e-05
36 -5.57902e-05
36.01 -5.30346e-05
36.02 -5.01345e-05
36.03 -4.71046e-05
36.04 -4.39593e-05
36.05 -4.07124e-05
36.06 -3.73777e-05
36.07 -3.39683e-05
36.08 -3.04965e-05
36.09 -2.69744e-05
36.1 -2.34131e-05
36.11 -1.98233e-05
36.12 -1.6215e-05
36.13 -1.25973e-05
36.14 -8.97896e-06
36.15 -5.36805e-06
36.16 -1.77207e-06
36.17 1.80195e-06
36.18 5.34739e-06
36.19 8.85799e-06
36.2 1.23277e-05
36.21 1.57508e-05
36.22 1.91215e-05
36.23 2.2434e-05
36.24 2.56826e-05
36.25 2.88614e-05
36.26 3.19642e-05
36.27 3.49846e-05
36.28 3.79157e-05
36.29 4.07506e-05
36.3 4.34816e-05
36.31 4.61009e-05
36.32 4.86002e-05
36.33 5.09708e-05
36.34 5.32038e-05
36.35 5.529e-05
36.36 5.72201e-05
36.37 5.89845e-05
36.38 6.05737e-05
36.39 6.19784e-05
36.4 6.31895e-05
36.41 6.41982e-05
36.42 6.4996e-05
36.43 6.55754e-05
36.44 6.59292e-05
36.45 6.60513e-05
36.46 6.59364e-05
36.47 6.55804e-05
36.48 6.49803e-05
36.49 6.41342e-05
36.5 6.30418e-05
36.51 6.1704e-05
36.52 6.01233e-05
36.53 5.83034e-05
36.54 5.62497e-05
36.55 5.39691e-05
36.56 5.14699e-05
36.57 4.87618e-05
36.58 4.5856e-05
36.59 4.27649e-05
36.6 3.95022e-05
36.61 3.60826e-05
36.62 3.2522e-05
36.63 2.88372e-05
36.64 2.50456e-05
36.65 2.11652e-05
36.66 1.72148e-05
36.67 1.32131e-05
36.68 9.1793e-06
36.69 5.1323e-06
36.7 1.09103e-06
36.71 -2.92597e-06
36.72 -6.9006e-06
36.73 -1.08154e-05
36.74 -1.46535e-05
36.75 -1.83991e-05
36.76 -2.20371e-05
36.77 -2.55538e-05
36.78 -2.89364e-05
36.79 -3.21731e-05
36.8 -3.52537e-05
36.81 -3.81691e-05
36.82 -4.09113e-05
36.83 -4.34738e-05
36.84 -4.58511e-05
36.85 -4.80391e-05
36.86 -5.00346e-05
36.87 -5.18355e-05
36.88 -5.34409e-05
36.89 -5.48504e-05
36.9 -5.60648e-05
36.91 -5.70852e-05
36.92 -5.79137e-05
36.93 -5.85526e-05
36.94 -5.90047e-05
36.95 -5.92731e-05
36.96 -5.93611e-05
36.97 -5.92724e-05
36.98 -5.90103e-05
36.99 -5.85786e-05
37 -5.79808e-05
37.01 -5.72205e-05
37.02 -5.6301e-05
37.03 -5.52257e-05
37.04 -5.39979e-05
37.05 -5.26207e-05
37.06 -5.10973e-05
37.07 -4.94307e-05
37.08 -4.7624e-05
37.09 -4.56804e-05
37.1 -4.36031e-05
37.11 -4.13954e-05
37.12 -3.90611e-05
37.13 -3.66041e-05
37.14 -3.40285e-05
37.15 -3.1339e-05
37.16 -2.85408e-05
37.17 -2.56394e-05
37.18 -2.26412e-05
37.19 -1.95529e-05
37.2 -1.63819e-05
37.21 -1.31365e-05
37.22 -9.82555e-06
37.23 -6.45856e-06
37.24 -3.04584e-06
37.25 4.01643e-07
37.26 3.87224e-06
37.27 7.3537e-06
37.28 1.08332e-05
37.29 1.42973e-05
37.3 1.77323e-05
37.31 2.1124e-05
37.32 2.44581e-05
37.33 2.77199e-05
37.34 3.0895e-05
37.35 3.39687e-05
37.36 3.69269e-05
37.37 3.97555e-05
37.38 4.24409e-05
37.39 4.49703e-05
37.4 4.73313e-05
37.41 4.95123e-05
37.42 5.15029e-05
37.43 5.32934e-05
37.44 5.48752e-05
37.45 5.62412e-05
37.46 5.7385e-05
37.47 5.83018e-05
37.48 5.89882e-05
37.49 5.94418e-05
37.5 5.96617e-05
37.51 5.96485e-05
37.52 5.94039e-05
37.53 5.89308e-05
37.54 5.82336e-05
37.55 5.73176e-05
37.56 5.61895e-05
37.57 5.48567e-05
37.58 5.33278e-05
37.59 5.1612e-05
37.6 4.97195e-05
37.61 4.76611e-05
37.62 4.54478e-05
37.63 4.30915e-05
37.64 4.06042e-05
37.65 3.79981e-05
37.66 3.52855e-05
37.67 3.24789e-05
37.68 2.95905e-05
37.69 2.66325e-05
37.7 2.36169e-05
37.71 2.05554e-05
37.72 1.74591e-05
37.73 1.4339e-05
37.74 1.12056e-05
37.75 8.06888e-06
37.76 4.9383e-06
37.77 1.82289e-06
37.78 -1.26883e-06
37.79 -4.32884e-06
37.8 -7.34957e-06
37.81 -1.03239e-05
37.82 -1.32451e-05
37.83 -1.61069e-05
37.84 -1.89032e-05
37.85 -2.16284e-05
37.86 -2.42768e-05
37.87 -2.68431e-05
37.88 -2.93223e-05
37.89 -3.17092e-05
37.9 -3.39987e-05
37.91 -3.61859e-05
37.92 -3.82657e-05
37.93 -4.0233e-05
37.94 -4.20827e-05
37.95 -4.38097e-05
37.96 -4.54087e-05
37.97 -4.68744e-05
37.98 -4.82017e-05
37.99 -4.93853e-05
38 -5.042e-05
38.01 -5.13008e-05
38.02 -5.20227e-05
38.03 -5.25812e-05
38.04 -5.29718e-05
38.05 -5.31905e-05
38.06 -5.32339e-05
38.07 -5.30987e-05
38.08 -5.27825e-05
38.09 -5.22835e-05
38.1 -5.16006e-05
38.11 -5.07332e-05
38.12 -4.96819e-05
38.13 -4.84479e-05
38.14 -4.70335e-05
38.15 -4.54419e-05
38.16 -4.3677e-05
38.17 -4.1744e-05
38.18 -3.96489e-05
38.19 -3.73988e-05
38.2 -3.50016e-05
38.21 -3.2466e-05
38.22 -2.9802e-05
38.23 -2.702e-05
38.24 -2.41313e-05
38.25 -2.1148e-05
38.26 -1.80826e-05
38.27 -1.49483e-05
38.28 -1.17587e-05
38.29 -8.52768e-06
38.3 -5.26945e-06
38.31 -1.99828e-06
38.32 1.2715e-06
38.33 4.52561e-06
38.34 7.74998e-06
38.35 1.09308e-05
38.36 1.40546e-05
38.37 1.71085e-05
38.38 2.00799e-05
38.39 2.29572e-05
38.4 2.57292e-05
38.41 2.83856e-05
38.42 3.09168e-05
38.43 3.33142e-05
38.44 3.557e-05
38.45 3.76774e-05
38.46 3.96302e-05
38.47 4.14236e-05
38.48 4.30534e-05
38.49 4.45162e-05
38.5 4.58097e-05
38.51 4.69323e-05
38.52 4.78832e-05
38.53 4.86624e-05
38.54 4.92704e-05
38.55 4.97085e-05
38.56 4.99785e-05
38.57 5.00827e-05
38.58 5.00239e-05
38.59 4.98051e-05
38.6 4.943e-05
38.61 4.89022e-05
38.62 4.82257e-05
38.63 4.74048e-05
38.64 4.64438e-05
38.65 4.53471e-05
38.66 4.41193e-05
38.67 4.2765e-05
38.68 4.12889e-05
38.69 3.96956e-05
38.7 3.799e-05
38.71 3.61769e-05
38.72 3.42611e-05
38.73 3.22476e-05
38.74 3.01413e-05
38.75 2.79474e-05
38.76 2.56711e-05
38.77 2.33178e-05
38.78 2.0893e-05
38.79 1.84026e-05
38.8 1.58525e-05
38.81 1.3249e-05
38.82 1.05986e-05
38.83 7.90819e-06
38.84 5.1849e-06
38.85 2.43622e-06
38.86 -3.30036e-07
38.87 -3.1057e-06
38.88 -5.88228e-06
38.89 -8.65098e-06
38.9 -1.14027e-05
38.91 -1.4128e-05
38.92 -1.68172e-05
38.93 -1.94607e-05
38.94 -2.20483e-05
38.95 -2.457e-05
38.96 -2.70157e-05
38.97 -2.93753e-05
38.98 -3.16388e-05
38.99 -3.37964e-05
39 -3.58387e-05
39.01 -3.77562e-05
39.02 -3.95402e-05
39.03 -4.11824e-05
39.04 -4.2675e-05
39.05 -4.40107e-05
39.06 -4.51832e-05
39.07 -4.61867e-05
39.08 -4.70163e-05
39.09 -4.76679e-05
39.1 -4.81384e-05
39.11 -4.84255e-05
39.12 -4.8528e-05
39.13 -4.84456e-05
39.14 -4.81788e-05
39.15 -4.77293e-05
39.16 -4.70996e-05
39.17 -4.62933e-05
39.18 -4.53146e-05
39.19 -4.41688e-05
39.2 -4.28619e-05
39.21 -4.14006e-05
39.22 -3.97925e-05
39.23 -3.80455e-05
39.24 -3.61682e-05
39.25 -3.41698e-05
39.26 -3.20598e-05
39.27 -2.9848e-05
39.28 -2.75444e-05
39.29 -2.51594e-05
39.3 -2.27032e-05
39.31 -2.01863e-05
39.32 -1.76191e-05
39.33 -1.50117e-05
39.34 -1.23744e-05
39.35 -9.71697e-06
39.36 -7.04912e-06
39.37 -4.38021e-06
39.38 -1.71927e-06
39.39 9.25007e-07
39.4 3.54432e-06
39.41 6.13075e-06
39.42 8.67677e-06
39.43 1.11752e-05
39.44 1.36194e-05
39.45 1.6003e-05
39.46 1.83199e-05
39.47 2.05645e-05
39.48 2.27315e-05
39.49 2.4816e-05
39.5 2.68132e-05
39.51 2.87186e-05
39.52 3.05281e-05
39.53 3.22375e-05
39.54 3.38432e-05
39.55 3.53413e-05
39.56 3.67286e-05
39.57 3.80015e-05
39.58 3.9157e-05
39.59 4.01918e-05
39.6 4.11031e-05
39.61 4.18882e-05
39.62 4.25442e-05
39.63 4.30689e-05
39.64 4.34598e-05
39.65 4.3715e-05
39.66 4.38326e-05
39.67 4.38111e-05
39.68 4.36492e-05
39.69 4.33461e-05
39.7 4.29012e-05
39.71 4.23144e-05
39.72 4.1586e-05
39.73 4.07169e-05
39.74 3.97083e-05
39.75 3.85622e-05
39.76 3.72809e-05
39.77 3.58674e-05
39.78 3.43254e-05
39.79 3.26591e-05
39.8 3.08733e-05
39.81 2.89734e-05
39.82 2.69656e-05
39.83 2.48565e-05
39.84 2.26534e-05
39.85 2.03641e-05
39.86 1.79969e-05
39.87 1.55607e-05
39.88 1.30648e-05
39.89 1.05189e-05
39.9 7.93299e-06
39.91 5.31748e-06
39.92 2.68291e-06
39.93 4.0042e-08
39.94 -2.6003e-06
39.95 -5.22723e-06
39.96 -7.82993e-06
39.97 -1.03977e-05
39.98 -1.29199e-05
39.99 -1.53863e-05
40 -1.7787e-05
40.01 -2.01123e-05
40.02 -2.2353e-05
40.03 -2.45005e-05
40.04 -2.65466e-05
40.05 -2.84838e-05
40.06 -3.03051e-05
40.07 -3.20044e-05
40.08 -3.35759e-05
40.09 -3.50148e-05
40.1 -3.63169e-05
40.11 -3.74787e-05
40.12 -3.84975e-05
40.13 -3.93711e-05
40.14 -4.00983e-05
40.15 -4.06782e-05
40.16 -4.11108e-05
40.17 -4.13967e-05
40.18 -4.1537e-05
40.19 -4.15332e-05
40.2 -4.13876e-05
40.21 -4.11027e-05
40.22 -4.06817e-05
40.23 -4.01278e-05
40.24 -3.94449e-05
40.25 -3.86369e-05
40.26 -3.77082e-05
40.27 -3.66632e-05
40.28 -3.55067e-05
40.29 -3.42436e-05
40.3 -3.28787e-05
40.31 -3.14172e-05
40.32 -2.98643e-05
40.33 -2.82251e-05
40.34 -2.65051e-05
40.35 -2.47095e-05
40.36 -2.28438e-05
40.37 -2.09134e-05
40.38 -1.89237e-05
40.39 -1.68804e-05
40.4 -1.47889e-05
40.41 -1.2655e-05
40.42 -1.04844e-05
40.43 -8.28293e-06
40.44 -6.05644e-06
40.45 -3.81098e-06
40.46 -1.55267e-06
40.47 7.12245e-07
40.48 2.97739e-06
40.49 5.23626e-06
40.5 7.48224e-06
40.51 9.70857e-06
40.52 1.19084e-05
40.53 1.40747e-05
40.54 1.62004e-05
40.55 1.82785e-05
40.56 2.03017e-05
40.57 2.22629e-05
40.58 2.41549e-05
40.59 2.59705e-05
40.6 2.77029e-05
40.61 2.9345e-05
40.62 3.08902e-05
40.63 3.23321e-05
40.64 3.36645e-05
40.65 3.48815e-05
40.66 3.59777e-05
40.67 3.6948e-05
40.68 3.77878e-05
40.69 3.84931e-05
40.7 3.90603e-05
40.71 3.94865e-05
40.72 3.97695e-05
40.73 3.99074e-05
40.74 3.98994e-05
40.75 3.97451e-05
40.76 3.94449e-05
40.77 3.89999e-05
40.78 3.84118e-05
40.79 3.7683e-05
40.8 3.68168e-05
40.81 3.58169e-05
40.82 3.46877e-05
40.83 3.34342e-05
40.84 3.20621e-05
40.85 3.05773e-05
40.86 2.89865e-05
40.87 2.72967e-05
40.88 2.55154e-05
40.89 2.36502e-05
40.9 2.17092e-05
40.91 1.97006e-05
40.92 1.76328e-05
40.93 1.55145e-05
40.94 1.33542e-05
40.95 1.11605e-05
40.96 8.94209e-06
40.97 6.70743e-06
40.98 4.46493e-06
40.99 2.22284e-06
41 -1.0805e-08
41.01 -2.2282e-06
41.02 -4.42179e-06
41.03 -6.58431e-06
41.04 -8.70881e-06
41.05 -1.07886e-05
41.06 -1.28175e-05
41.07 -1.47894e-05
41.08 -1.66987e-05
41.09 -1.85401e-05
41.1 -2.03087e-05
41.11 -2.19999e-05
41.12 -2.36094e-05
41.13 -2.51333e-05
41.14 -2.65677e-05
41.15 -2.79095e-05
41.16 -2.91555e-05
41.17 -3.03029e-05
41.18 -3.13491e-05
41.19 -3.22919e-05
41.2 -3.3129e-05
41.21 -3.38588e-05
41.22 -3.44796e-05
41.23 -3.49898e-05
41.24 -3.53885e-05
41.25 -3.56744e-05
41.26 -3.58469e-05
41.27 -3.59055e-05
41.28 -3.58497e-05
41.29 -3.56795e-05
41.3 -3.5395e-05
41.31 -3.49967e-05
41.32 -3.44852e-05
41.33 -3.38615e-05
41.34 -3.31269e-05
41.35 -3.22829e-05
41.36 -3.13314e-05
41.37 -3.02747e-05
41.38 -2.91155e-05
41.39 -2.78566e-05
41.4 -2.65015e-05
41.41 -2.5054e-05
41.42 -2.35181e-05
41.43 -2.18985e-05
41.44 -2.02e-05
41.45 -1.8428e-05
41.46 -1.65882e-05
41.47 -1.46867e-05
41.48 -1.27299e-05
41.49 -1.07246e-05
41.5 -8.67792e-06
41.51 -6.5972e-06
41.52 -4.49007e-06
41.53 -2.36438e-06
41.54 -2.28147e-07
41.55 1.91046e-06
41.56 4.04319e-06
41.57 6.16172e-06
41.58 8.25774e-06
41.59 1.0323e-05
41.6 1.23493e-05
41.61 1.43286e-05
41.62 1.6253e-05
41.63 1.8115e-05
41.64 1.99073e-05
41.65 2.16229e-05
41.66 2.32551e-05
41.67 2.47978e-05
41.68 2.62452e-05
41.69 2.7592e-05
41.7 2.88335e-05
41.71 2.99653e-05
41.72 3.09838e-05
41.73 3.18859e-05
41.74 3.26688e-05
41.75 3.33306e-05
41.76 3.38698e-05
41.77 3.42855e-05
41.78 3.45774e-05
41.79 3.47455e-05
41.8 3.47906e-05
41.81 3.47139e-05
41.82 3.45169e-05
41.83 3.42018e-05
41.84 3.37711e-05
41.85 3.32275e-05
41.86 3.25745e-05
41.87 3.18154e-05
41.88 3.09541e-05
41.89 2.99948e-05
41.9 2.89417e-05
41.91 2.77994e-05
41.92 2.65725e-05
41.93 2.52659e-05
41.94 2.38845e-05
41.95 2.24334e-05
41.96 2.09176e-05
41.97 1.93425e-05
41.98 1.77132e-05
41.99 1.6035e-05
42 1.43132e-05
42.01 1.25532e-05
42.02 1.07602e-05
42.03 8.93967e-06
42.04 7.09688e-06
42.05 5.2372e-06
42.06 3.36602e-06
42.07 1.48869e-06
42.08 -3.89399e-07
42.09 -2.26287e-06
42.1 -4.12634e-06
42.11 -5.9744e-06
42.12 -7.80164e-06
42.13 -9.60266e-06
42.14 -1.13721e-05
42.15 -1.31045e-05
42.16 -1.47944e-05
42.17 -1.64367e-05
42.18 -1.80259e-05
42.19 -1.95568e-05
42.2 -2.10243e-05
42.21 -2.24232e-05
42.22 -2.37487e-05
42.23 -2.49958e-05
42.24 -2.61599e-05
42.25 -2.72366e-05
42.26 -2.82217e-05
42.27 -2.91111e-05
42.28 -2.99011e-05
42.29 -3.05884e-05
42.3 -3.11699e-05
42.31 -3.16428e-05
42.32 -3.20048e-05
42.33 -3.22541e-05
42.34 -3.23891e-05
42.35 -3.24088e-05
42.36 -3.23127e-05
42.37 -3.21008e-05
42.38 -3.17733e-05
42.39 -3.13313e-05
42.4 -3.07762e-05
42.41 -3.01099e-05
42.42 -2.93349e-05
42.43 -2.8454e-05
42.44 -2.74706e-05
42.45 -2.63887e-05
42.46 -2.52124e-05
42.47 -2.39466e-05
42.48 -2.25962e-05
42.49 -2.11669e-05
42.5 -1.96643e-05
42.51 -1.80947e-05
42.52 -1.64643e-05
42.53 -1.47797e-05
42.54 -1.30478e-05
42.55 -1.12754e-05
42.56 -9.46954e-06
42.57 -7.63737e-06
42.58 -5.78601e-06
42.59 -3.92256e-06
42.6 -2.0541e-06
42.61 -1.87618e-07
42.62 1.67e-06
42.63 3.51203e-06
42.64 5.33192e-06
42.65 7.12332e-06
42.66 8.8801e-06
42.67 1.05964e-05
42.68 1.22666e-05
42.69 1.38854e-05
42.7 1.54477e-05
42.71 1.69488e-05
42.72 1.83844e-05
42.73 1.97502e-05
42.74 2.10425e-05
42.75 2.22578e-05
42.76 2.3393e-05
42.77 2.44452e-05
42.78 2.54119e-05
42.79 2.62907e-05
42.8 2.70798e-05
42.81 2.77773e-05
42.82 2.8382e-05
42.83 2.88926e-05
42.84 2.93082e-05
42.85 2.96281e-05
42.86 2.9852e-05
42.87 2.99795e-05
42.88 3.00108e-05
42.89 2.99461e-05
42.9 2.97858e-05
42.91 2.95306e-05
42.92 2.91814e-05
42.93 2.87393e-05
42.94 2.82057e-05
42.95 2.7582e-05
42.96 2.68701e-05
42.97 2.6072e-05
42.98 2.51898e-05
42.99 2.42262e-05
43 2.31836e-05
43.01 2.20653e-05
43.02 2.08742e-05
43.03 1.96139e-05
43.04 1.82881e-05
43.05 1.69008e-05
43.06 1.54561e-05
43.07 1.39585e-05
43.08 1.24128e-05
43.09 1.08238e-05
43.1 9.19684e-06
43.11 7.53716e-06
43.12 5.85039e-06
43.13 4.1423e-06
43.14 2.41881e-06
43.15 6.8601e-07
43.16 -1.04992e-06
43.17 -2.7827e-06
43.18 -4.50597e-06
43.19 -6.21337e-06
43.2 -7.8985e-06
43.21 -9.55502e-06
43.22 -1.11766e-05
43.23 -1.27572e-05
43.24 -1.42906e-05
43.25 -1.5771e-05
43.26 -1.71926e-05
43.27 -1.85501e-05
43.28 -1.98382e-05
43.29 -2.10521e-05
43.3 -2.21871e-05
43.31 -2.32391e-05
43.32 -2.42042e-05
43.33 -2.50789e-05
43.34 -2.58601e-05
43.35 -2.65453e-05
43.36 -2.71322e-05
43.37 -2.7619e-05
43.38 -2.80045e-05
43.39 -2.82878e-05
43.4 -2.84683e-05
43.41 -2.85462e-05
43.42 -2.85219e-05
43.43 -2.83962e-05
43.44 -2.81703e-05
43.45 -2.78459e-05
43.46 -2.74251e-05
43.47 -2.69101e-05
43.48 -2.63037e-05
43.49 -2.56089e-05
43.5 -2.48288e-05
43.51 -2.39671e-05
43.52 -2.30275e-05
43.53 -2.2014e-05
43.54 -2.09308e-05
43.55 -1.97821e-05
43.56 -1.85724e-05
43.57 -1.73063e-05
43.58 -1.59885e-05
43.59 -1.46237e-05
43.6 -1.32167e-05
43.61 -1.17724e-05
43.62 -1.02956e-05
43.63 -8.79124e-06
43.64 -7.26422e-06
43.65 -5.71942e-06
43.66 -4.1617e-06
43.67 -2.59591e-06
43.68 -1.02685e-06
43.69 5.40706e-07
43.7 2.10203e-06
43.71 3.65245e-06
43.72 5.18733e-06
43.73 6.70213e-06
43.74 8.19232e-06
43.75 9.65348e-06
43.76 1.10812e-05
43.77 1.24713e-05
43.78 1.38195e-05
43.79 1.51216e-05
43.8 1.63736e-05
43.81 1.75717e-05
43.82 1.8712e-05
43.83 1.97908e-05
43.84 2.08046e-05
43.85 2.17499e-05
43.86 2.26236e-05
43.87 2.34225e-05
43.88 2.41438e-05
43.89 2.47848e-05
43.9 2.5343e-05
43.91 2.58163e-05
43.92 2.62027e-05
43.93 2.65004e-05
43.94 2.67082e-05
43.95 2.68249e-05
43.96 2.68496e-05
43.97 2.67821e-05
43.98 2.66221e-05
43.99 2.63698e-05
44 2.6026e-05
44.01 2.55914e-05
44.02 2.50674e-05
44.03 2.44557e-05
44.04 2.37583e-05
44.05 2.29776e-05
44.06 2.21163e-05
44.07 2.11777e-05
44.08 2.01651e-05
44.09 1.90822e-05
44.1 1.79331e-05
44.11 1.67222e-05
44.12 1.5454e-05
44.13 1.41335e-05
44.14 1.27658e-05
44.15 1.13559e-05
44.16 9.90955e-06
44.17 8.43214e-06
44.18 6.92941e-06
44.19 5.40711e-06
44.2 3.87106e-06
44.21 2.32709e-06
44.22 7.81013e-07
44.23 -7.61381e-07
44.24 -2.29438e-06
44.25 -3.81236e-06
44.26 -5.30983e-06
44.27 -6.78144e-06
44.28 -8.22199e-06
44.29 -9.62649e-06
44.3 -1.09902e-05
44.31 -1.23084e-05
44.32 -1.3577e-05
44.33 -1.47917e-05
44.34 -1.59488e-05
44.35 -1.70448e-05
44.36 -1.80764e-05
44.37 -1.90407e-05
44.38 -1.99348e-05
44.39 -2.07564e-05
44.4 -2.15035e-05
44.41 -2.2174e-05
44.42 -2.27665e-05
44.43 -2.32797e-05
44.44 -2.37125e-05
44.45 -2.40641e-05
44.46 -2.43341e-05
44.47 -2.4522e-05
44.48 -2.4628e-05
44.49 -2.46521e-05
44.5 -2.45948e-05
44.51 -2.44567e-05
44.52 -2.42387e-05
44.53 -2.39417e-05
44.54 -2.3567e-05
44.55 -2.3116e-05
44.56 -2.25903e-05
44.57 -2.19918e-05
44.58 -2.13223e-05
44.59 -2.05841e-05
44.6 -1.97796e-05
44.61 -1.89111e-05
44.62 -1.79814e-05
44.63 -1.69934e-05
44.64 -1.595e-05
44.65 -1.48545e-05
44.66 -1.37102e-05
44.67 -1.25207e-05
44.68 -1.12896e-05
44.69 -1.00208e-05
44.7 -8.7183e-06
44.71 -7.38618e-06
44.72 -6.02873e-06
44.73 -4.65035e-06
44.74 -3.25557e-06
44.75 -1.84899e-06
44.76 -4.35343e-07
44.77 9.80589e-07
44.78 2.39395e-06
44.79 3.79984e-06
44.8 5.19332e-06
44.81 6.56948e-06
44.82 7.92339e-06
44.83 9.25017e-06
44.84 1.0545e-05
44.85 1.18031e-05
44.86 1.30199e-05
44.87 1.41908e-05
44.88 1.53115e-05
44.89 1.63779e-05
44.9 1.73858e-05
44.91 1.83316e-05
44.92 1.92117e-05
44.93 2.00229e-05
44.94 2.07621e-05
44.95 2.14267e-05
44.96 2.20142e-05
44.97 2.25226e-05
44.98 2.29501e-05
44.99 2.32954e-05
45 2.35573e-05
45.01 2.37351e-05
45.02 2.38286e-05
45.03 2.38376e-05
45.04 2.37626e-05
45.05 2.36041e-05
45.06 2.33631e-05
45.07 2.30411e-05
45.08 2.26397e-05
45.09 2.21607e-05
45.1 2.16064e-05
45.11 2.09794e-05
45.12 2.02823e-05
45.13 1.95182e-05
45.14 1.86903e-05
45.15 1.78019e-05
45.16 1.68567e-05
45.17 1.58583e-05
45.18 1.48107e-05
45.19 1.37179e-05
45.2 1.25839e-05
45.21 1.14129e-05
45.22 1.02092e-05
45.23 8.97706e-06
45.24 7.72082e-06
45.25 6.44481e-06
45.26 5.15336e-06
45.27 3.85082e-06
45.28 2.54147e-06
45.29 1.22959e-06
45.3 -8.06001e-08
45.31 -1.38493e-06
45.32 -2.6793e-06
45.33 -3.95968e-06
45.34 -5.22211e-06
45.35 -6.46272e-06
45.36 -7.67774e-06
45.37 -8.86348e-06
45.38 -1.00164e-05
45.39 -1.11329e-05
45.4 -1.22097e-05
45.41 -1.32436e-05
45.42 -1.42314e-05
45.43 -1.51701e-05
45.44 -1.60569e-05
45.45 -1.68889e-05
45.46 -1.76637e-05
45.47 -1.83787e-05
45.48 -1.90317e-05
45.49 -1.96206e-05
45.5 -2.01434e-05
45.51 -2.05983e-05
45.52 -2.09838e-05
45.53 -2.12985e-05
45.54 -2.15412e-05
45.55 -2.17109e-05
45.56 -2.18069e-05
45.57 -2.18287e-05
45.58 -2.1776e-05
45.59 -2.16489e-05
45.6 -2.14474e-05
45.61 -2.11722e-05
45.62 -2.08239e-05
45.63 -2.04035e-05
45.64 -1.99124e-05
45.65 -1.93521e-05
45.66 -1.87244e-05
45.67 -1.80313e-05
45.68 -1.72753e-05
45.69 -1.64588e-05
45.7 -1.55849e-05
45.71 -1.46564e-05
45.72 -1.36768e-05
45.73 -1.26495e-05
45.74 -1.15784e-05
45.75 -1.04673e-05
45.76 -9.32022e-06
45.77 -8.14151e-06
45.78 -6.93552e-06
45.79 -5.70672e-06
45.8 -4.4597e-06
45.81 -3.1991e-06
45.82 -1.92961e-06
45.83 -6.55962e-07
45.84 6.17124e-07
45.85 1.88494e-06
45.86 3.14284e-06
45.87 4.3862e-06
45.88 5.61053e-06
45.89 6.81141e-06
45.9 7.98457e-06
45.91 9.12585e-06
45.92 1.02313e-05
45.93 1.12971e-05
45.94 1.23196e-05
45.95 1.32955e-05
45.96 1.42216e-05
45.97 1.50948e-05
45.98 1.59124e-05
45.99 1.6672e-05
46 1.73713e-05
46.01 1.80082e-05
46.02 1.85811e-05
46.03 1.90884e-05
46.04 1.95288e-05
46.05 1.99014e-05
46.06 2.02053e-05
46.07 2.04401e-05
46.08 2.06054e-05
46.09 2.07011e-05
46.1 2.07274e-05
46.11 2.06847e-05
46.12 2.05735e-05
46.13 2.03946e-05
46.14 2.0149e-05
46.15 1.98378e-05
46.16 1.94624e-05
46.17 1.90243e-05
46.18 1.85251e-05
46.19 1.79668e-05
46.2 1.73512e-05
46.21 1.66806e-05
46.22 1.59572e-05
46.23 1.51835e-05
46.24 1.4362e-05
46.25 1.34953e-05
46.26 1.25863e-05
46.27 1.16379e-05
46.28 1.06532e-05
46.29 9.63523e-06
46.3 8.58727e-06
46.31 7.51266e-06
46.32 6.41482e-06
46.33 5.29726e-06
46.34 4.16356e-06
46.35 3.01738e-06
46.36 1.86244e-06
46.37 7.02493e-07
46.38 -4.58644e-07
46.39 -1.61713e-06
46.4 -2.76911e-06
46.41 -3.91071e-06
46.42 -5.03806e-06
46.43 -6.14731e-06
46.44 -7.23463e-06
46.45 -8.29627e-06
46.46 -9.32849e-06
46.47 -1.03277e-05
46.48 -1.12902e-05
46.49 -1.22128e-05
46.5 -1.3092e-05
46.51 -1.39246e-05
46.52 -1.47077e-05
46.53 -1.54384e-05
46.54 -1.6114e-05
46.55 -1.6732e-05
46.56 -1.72902e-05
46.57 -1.77865e-05
46.58 -1.82192e-05
46.59 -1.85866e-05
46.6 -1.88876e-05
46.61 -1.91209e-05
46.62 -1.9286e-05
46.63 -1.93821e-05
46.64 -1.94092e-05
46.65 -1.93673e-05
46.66 -1.92566e-05
46.67 -1.90779e-05
46.68 -1.88318e-05
46.69 -1.85196e-05
46.7 -1.81427e-05
46.71 -1.77026e-05
46.72 -1.72012e-05
46.73 -1.66406e-05
46.74 -1.60232e-05
46.75 -1.53514e-05
46.76 -1.46279e-05
46.77 -1.38556e-05
46.78 -1.30375e-05
46.79 -1.21769e-05
46.8 -1.12769e-05
46.81 -1.03411e-05
46.82 -9.37289e-06
46.83 -8.37591e-06
46.84 -7.35379e-06
46.85 -6.31024e-06
46.86 -5.24898e-06
46.87 -4.17376e-06
46.88 -3.08834e-06
46.89 -1.99645e-06
46.9 -9.0181e-07
46.91 1.91893e-07
46.92 1.28102e-06
46.93 2.36199e-06
46.94 3.43129e-06
46.95 4.48547e-06
46.96 5.52118e-06
46.97 6.53514e-06
46.98 7.52419e-06
46.99 8.48526e-06
47 9.41538e-06
47.01 1.03117e-05
47.02 1.11715e-05
47.03 1.19922e-05
47.04 1.27714e-05
47.05 1.35065e-05
47.06 1.41956e-05
47.07 1.48364e-05
47.08 1.54271e-05
47.09 1.59658e-05
47.1 1.64511e-05
47.11 1.68813e-05
47.12 1.72551e-05
47.13 1.75715e-05
47.14 1.78293e-05
47.15 1.80279e-05
47.16 1.81665e-05
47.17 1.82448e-05
47.18 1.82623e-05
47.19 1.8219e-05
47.2 1.8115e-05
47.21 1.79505e-05
47.22 1.77261e-05
47.23 1.74424e-05
47.24 1.71002e-05
47.25 1.67007e-05
47.26 1.62451e-05
47.27 1.57348e-05
47.28 1.51716e-05
47.29 1.45572e-05
47.3 1.38937e-05
47.31 1.31834e-05
47.32 1.24286e-05
47.33 1.1632e-05
47.34 1.07963e-05
47.35 9.92434e-06
47.36 9.01927e-06
47.37 8.08427e-06
47.38 7.12265e-06
47.39 6.13785e-06
47.4 5.1334e-06
47.41 4.11292e-06
47.42 3.08011e-06
47.43 2.03869e-06
47.44 9.92464e-07
47.45 -5.47852e-08
47.46 -1.09925e-06
47.47 -2.13713e-06
47.48 -3.16468e-06
47.49 -4.17818e-06
47.5 -5.17398e-06
47.51 -6.14851e-06
47.52 -7.0983e-06
47.53 -8.01998e-06
47.54 -8.91031e-06
47.55 -9.76619e-06
47.56 -1.05847e-05
47.57 -1.1363e-05
47.58 -1.20985e-05
47.59 -1.27888e-05
47.6 -1.34316e-05
47.61 -1.40249e-05
47.62 -1.45668e-05
47.63 -1.50557e-05
47.64 -1.54902e-05
47.65 -1.58691e-05
47.66 -1.61913e-05
47.67 -1.64561e-05
47.68 -1.6663e-05
47.69 -1.68114e-05
47.7 -1.69013e-05
47.71 -1.69328e-05
47.72 -1.6906e-05
47.73 -1.68215e-05
47.74 -1.66798e-05
47.75 -1.64817e-05
47.76 -1.62282e-05
47.77 -1.59206e-05
47.78 -1.556e-05
47.79 -1.5148e-05
47.8 -1.46861e-05
47.81 -1.41762e-05
47.82 -1.36201e-05
47.83 -1.30198e-05
47.84 -1.23776e-05
47.85 -1.16955e-05
47.86 -1.09759e-05
47.87 -1.02214e-05
47.88 -9.4344e-06
47.89 -8.61757e-06
47.9 -7.77359e-06
47.91 -6.90525e-06
47.92 -6.01537e-06
47.93 -5.10686e-06
47.94 -4.18267e-06
47.95 -3.24577e-06
47.96 -2.29922e-06
47.97 -1.34608e-06
47.98 -3.89426e-07
47.99 5.67622e-07
48 1.52195e-06
48.01 2.47044e-06
48.02 3.40997e-06
48.03 4.33745e-06
48.04 5.24981e-06
48.05 6.144e-06
48.06 7.01702e-06
48.07 7.86594e-06
48.08 8.68787e-06
48.09 9.48001e-06
48.1 1.02396e-05
48.11 1.09641e-05
48.12 1.16509e-05
48.13 1.22977e-05
48.14 1.29021e-05
48.15 1.3462e-05
48.16 1.39754e-05
48.17 1.44406e-05
48.18 1.48558e-05
48.19 1.52195e-05
48.2 1.55305e-05
48.21 1.57876e-05
48.22 1.59899e-05
48.23 1.61366e-05
48.24 1.62274e-05
48.25 1.62619e-05
48.26 1.624e-05
48.27 1.61618e-05
48.28 1.60278e-05
48.29 1.58384e-05
48.3 1.55944e-05
48.31 1.52969e-05
48.32 1.4947e-05
48.33 1.45461e-05
48.34 1.40957e-05
48.35 1.35978e-05
48.36 1.30541e-05
48.37 1.24668e-05
48.38 1.18382e-05
48.39 1.11707e-05
48.4 1.04668e-05
48.41 9.72923e-06
48.42 8.96071e-06
48.43 8.16413e-06
48.44 7.34245e-06
48.45 6.49871e-06
48.46 5.63597e-06
48.47 4.75738e-06
48.48 3.86608e-06
48.49 2.96525e-06
48.5 2.05807e-06
48.51 1.14772e-06
48.52 2.3734e-07
48.53 -6.69933e-07
48.54 -1.57102e-06
48.55 -2.46289e-06
48.56 -3.34257e-06
48.57 -4.20716e-06
48.58 -5.05384e-06
48.59 -5.87985e-06
48.6 -6.68257e-06
48.61 -7.45943e-06
48.62 -8.208e-06
48.63 -8.92594e-06
48.64 -9.61103e-06
48.65 -1.02612e-05
48.66 -1.08744e-05
48.67 -1.14489e-05
48.68 -1.19829e-05
48.69 -1.24748e-05
48.7 -1.29232e-05
48.71 -1.33267e-05
48.72 -1.36843e-05
48.73 -1.39948e-05
48.74 -1.42574e-05
48.75 -1.44713e-05
48.76 -1.4636e-05
48.77 -1.47509e-05
48.78 -1.48159e-05
48.79 -1.48307e-05
48.8 -1.47954e-05
48.81 -1.47102e-05
48.82 -1.45752e-05
48.83 -1.43911e-05
48.84 -1.41584e-05
48.85 -1.38778e-05
48.86 -1.35504e-05
48.87 -1.31773e-05
48.88 -1.27595e-05
48.89 -1.22985e-05
48.9 -1.17959e-05
48.91 -1.12533e-05
48.92 -1.06725e-05
48.93 -1.00555e-05
48.94 -9.40425e-06
48.95 -8.72108e-06
48.96 -8.00828e-06
48.97 -7.26826e-06
48.98 -6.50359e-06
48.99 -5.7169e-06
49 -4.91092e-06
49.01 -4.08846e-06
49.02 -3.25239e-06
49.03 -2.40566e-06
49.04 -1.55124e-06
49.05 -6.92163e-07
49.06 1.68531e-07
49.07 1.02778e-06
49.08 1.88254e-06
49.09 2.72975e-06
49.1 3.56641e-06
49.11 4.38953e-06
49.12 5.19619e-06
49.13 5.98352e-06
49.14 6.74873e-06
49.15 7.48914e-06
49.16 8.20213e-06
49.17 8.88522e-06
49.18 9.53605e-06
49.19 1.01524e-05
49.2 1.07321e-05
49.21 1.12732e-05
49.22 1.1774e-05
49.23 1.22328e-05
49.24 1.26482e-05
49.25 1.30188e-05
49.26 1.33435e-05
49.27 1.36214e-05
49.28 1.38517e-05
49.29 1.40337e-05
49.3 1.41672e-05
49.31 1.42519e-05
49.32 1.42877e-05
49.33 1.42747e-05
49.34 1.42133e-05
49.35 1.41038e-05
49.36 1.3947e-05
49.37 1.37436e-05
49.38 1.34945e-05
49.39 1.32008e-05
49.4 1.28638e-05
49.41 1.24848e-05
49.42 1.20653e-05
49.43 1.16069e-05
49.44 1.11113e-05
49.45 1.05803e-05
49.46 1.00159e-05
49.47 9.42007e-06
49.48 8.79492e-06
49.49 8.14264e-06
49.5 7.46548e-06
49.51 6.76573e-06
49.52 6.04579e-06
49.53 5.30806e-06
49.54 4.55502e-06
49.55 3.78915e-06
49.56 3.01299e-06
49.57 2.2291e-06
49.58 1.44004e-06
49.59 6.4839e-07
49.6 -1.4326e-07
49.61 -9.32332e-07
49.62 -1.71625e-06
49.63 -2.49247e-06
49.64 -3.25845e-06
49.65 -4.01169e-06
49.66 -4.74972e-06
49.67 -5.47012e-06
49.68 -6.17052e-06
49.69 -6.8486e-06
49.7 -7.50212e-06
49.71 -8.1289e-06
49.72 -8.72684e-06
49.73 -9.29393e-06
49.74 -9.82827e-06
49.75 -1.0328e-05
49.76 -1.07915e-05
49.77 -1.12171e-05
49.78 -1.16034e-05
49.79 -1.19491e-05
49.8 -1.22528e-05
49.81 -1.25137e-05
49.82 -1.27307e-05
49.83 -1.29032e-05
49.84 -1.30304e-05
49.85 -1.31121e-05
49.86 -1.31478e-05
49.87 -1.31375e-05
49.88 -1.30812e-05
49.89 -1.29792e-05
49.9 -1.28319e-05
49.91 -1.26397e-05
49.92 -1.24035e-05
49.93 -1.21241e-05
49.94 -1.18025e-05
49.95 -1.14401e-05
49.96 -1.10381e-05
49.97 -1.0598e-05
49.98 -1.01215e-05
49.99 -9.61038e-06
50 -9.06653e-06
50.01 -8.49198e-06
50.02 -7.88886e-06
50.03 -7.2594e-06
50.04 -6.60593e-06
50.05 -5.93083e-06
50.06 -5.23659e-06
50.07 -4.52574e-06
50.08 -3.80084e-06
50.09 -3.06451e-06
50.1 -2.3194e-06
50.11 -1.56816e-06
50.12 -8.13445e-07
50.13 -5.7916e-08
50.14 6.9579e-07
50.15 1.44506e-06
50.16 2.18731e-06
50.17 2.92001e-06
50.18 3.64068e-06
50.19 4.3469e-06
50.2 5.03632e-06
50.21 5.70667e-06
50.22 6.35575e-06
50.23 6.98146e-06
50.24 7.58179e-06
50.25 8.15485e-06
50.26 8.69882e-06
50.27 9.21202e-06
50.28 9.69287e-06
50.29 1.01399e-05
50.3 1.05518e-05
50.31 1.09273e-05
50.32 1.12653e-05
50.33 1.15649e-05
50.34 1.18251e-05
50.35 1.20454e-05
50.36 1.22251e-05
50.37 1.23636e-05
50.38 1.24608e-05
50.39 1.25165e-05
50.4 1.25304e-05
50.41 1.25027e-05
50.42 1.24336e-05
50.43 1.23234e-05
50.44 1.21725e-05
50.45 1.19816e-05
50.46 1.17512e-05
50.47 1.14822e-05
50.48 1.11755e-05
50.49 1.08322e-05
50.5 1.04535e-05
50.51 1.00406e-05
50.52 9.59496e-06
50.53 9.11804e-06
50.54 8.61146e-06
50.55 8.07692e-06
50.56 7.51624e-06
50.57 6.93129e-06
50.58 6.32406e-06
50.59 5.6966e-06
50.6 5.05105e-06
50.61 4.38961e-06
50.62 3.71453e-06
50.63 3.02814e-06
50.64 2.33279e-06
50.65 1.63088e-06
50.66 9.24837e-07
50.67 2.1711e-07
50.68 -4.89841e-07
50.69 -1.19355e-06
50.7 -1.89157e-06
50.71 -2.58145e-06
50.72 -3.26078e-06
50.73 -3.92718e-06
50.74 -4.57832e-06
50.75 -5.21191e-06
50.76 -5.82574e-06
50.77 -6.41766e-06
50.78 -6.98562e-06
50.79 -7.52763e-06
50.8 -8.04183e-06
50.81 -8.52644e-06
50.82 -8.97981e-06
50.83 -9.40041e-06
50.84 -9.78681e-06
50.85 -1.01377e-05
50.86 -1.04521e-05
50.87 -1.07288e-05
50.88 -1.0967e-05
50.89 -1.1166e-05
50.9 -1.13253e-05
50.91 -1.14444e-05
50.92 -1.1523e-05
50.93 -1.1561e-05
50.94 -1.15585e-05
50.95 -1.15157e-05
50.96 -1.14327e-05
50.97 -1.13102e-05
50.98 -1.11486e-05
50.99 -1.09488e-05
51 -1.07115e-05
51.01 -1.04379e-05
51.02 -1.01289e-05
51.03 -9.78576e-06
51.04 -9.40988e-06
51.05 -9.00265e-06
51.06 -8.5656e-06
51.07 -8.10035e-06
51.08 -7.60859e-06
51.09 -7.09211e-06
51.1 -6.55273e-06
51.11 -5.99238e-06
51.12 -5.41301e-06
51.13 -4.81664e-06
51.14 -4.20531e-06
51.15 -3.58113e-06
51.16 -2.9462e-06
51.17 -2.30268e-06
51.18 -1.65272e-06
51.19 -9.98493e-07
51.2 -3.42167e-07
51.21 3.14085e-07
51.22 9.68101e-07
51.23 1.61773e-06
51.24 2.26085e-06
51.25 2.89535e-06
51.26 3.51916e-06
51.27 4.13024e-06
51.28 4.72662e-06
51.29 5.30633e-06
51.3 5.8675e-06
51.31 6.40829e-06
51.32 6.92693e-06
51.33 7.42174e-06
51.34 7.89108e-06
51.35 8.33342e-06
51.36 8.74731e-06
51.37 9.13137e-06
51.38 9.48434e-06
51.39 9.80505e-06
51.4 1.00924e-05
51.41 1.03455e-05
51.42 1.05635e-05
51.43 1.07456e-05
51.44 1.08913e-05
51.45 1.1e-05
51.46 1.10714e-05
51.47 1.11052e-05
51.48 1.11014e-05
51.49 1.106e-05
51.5 1.09812e-05
51.51 1.08652e-05
51.52 1.07124e-05
51.53 1.05235e-05
51.54 1.02991e-05
51.55 1.004e-05
51.56 9.74713e-06
51.57 9.42162e-06
51.58 9.06461e-06
51.59 8.67741e-06
51.6 8.26141e-06
51.61 7.81813e-06
51.62 7.34918e-06
51.63 6.85625e-06
51.64 6.34115e-06
51.65 5.80572e-06
51.66 5.25191e-06
51.67 4.68172e-06
51.68 4.09721e-06
51.69 3.50047e-06
51.7 2.89364e-06
51.71 2.27889e-06
51.72 1.65841e-06
51.73 1.03441e-06
51.74 4.09082e-07
51.75 -2.1537e-07
51.76 -8.36761e-07
51.77 -1.45293e-06
51.78 -2.06175e-06
51.79 -2.66111e-06
51.8 -3.24898e-06
51.81 -3.82337e-06
51.82 -4.38232e-06
51.83 -4.92399e-06
51.84 -5.44656e-06
51.85 -5.94833e-06
51.86 -6.42767e-06
51.87 -6.88301e-06
51.88 -7.31292e-06
51.89 -7.71604e-06
51.9 -8.0911e-06
51.91 -8.43696e-06
51.92 -8.75256e-06
51.93 -9.03697e-06
51.94 -9.28936e-06
51.95 -9.509e-06
51.96 -9.69528e-06
51.97 -9.84772e-06
51.98 -9.96591e-06
51.99 -1.00496e-05
