0.01 1.26809e-07
0.02 6.90733e-08
0.03 -3.25957e-08
0.04 -1.61036e-07
0.05 -3.06787e-07
0.06 -4.71135e-07
0.07 -6.6117e-07
0.08 -8.82972e-07
0.09 -1.13859e-06
0.1 -1.42713e-06
0.11 -1.74654e-06
0.12 -2.09475e-06
0.13 -2.46829e-06
0.14 -2.85985e-06
0.15 -3.26097e-06
0.16 -3.66581e-06
0.17 -4.06888e-06
0.18 -4.46537e-06
0.19 -4.85615e-06
0.2 -5.24865e-06
0.21 -5.65428e-06
0.22 -6.08327e-06
0.23 -6.53789e-06
0.24 -7.00744e-06
0.25 -7.47026e-06
0.26 -7.90754e-06
0.27 -8.31235e-06
0.28 -8.68237e-06
0.29 -9.02345e-06
0.3 -9.36305e-06
0.31 -9.73498e-06
0.32 -1.01498e-05
0.33 -1.05887e-05
0.34 -1.10163e-05
0.35 -1.13961e-05
0.36 -1.17056e-05
0.37 -1.195e-05
0.38 -1.21637e-05
0.39 -1.23986e-05
0.4 -1.27042e-05
0.41 -1.31007e-05
0.42 -1.35715e-05
0.43 -1.40726e-05
0.44 -1.45419e-05
0.45 -1.49172e-05
0.46 -1.51522e-05
0.47 -1.52314e-05
0.48 -1.51828e-05
0.49 -1.50697e-05
0.5 -1.49603e-05
0.51 -1.48896e-05
0.52 -1.48521e-05
0.53 -1.48209e-05
0.54 -1.47513e-05
0.55 -1.45855e-05
0.56 -1.42759e-05
0.57 -1.38079e-05
0.58 -1.322e-05
0.59 -1.25992e-05
0.6 -1.20384e-05
0.61 -1.16059e-05
0.62 -1.13176e-05
0.63 -1.10887e-05
0.64 -1.07436e-05
0.65 -1.0126e-05
0.66 -9.21442e-06
0.67 -8.12322e-06
0.68 -6.98428e-06
0.69 -5.83774e-06
0.7 -4.66836e-06
0.71 -3.51644e-06
0.72 -2.46636e-06
0.73 -1.5234e-06
0.74 -6.10829e-07
0.75 2.90275e-07
0.76 1.10863e-06
0.77 1.81991e-06
0.78 2.52367e-06
0.79 3.29422e-06
0.8 4.02538e-06
0.81 4.53441e-06
0.82 4.78952e-06
0.83 4.98295e-06
0.84 5.36231e-06
0.85 5.99471e-06
0.86 6.75161e-06
0.87 7.48165e-06
0.88 8.07848e-06
0.89 8.43118e-06
0.9 8.45467e-06
0.91 8.19951e-06
0.92 7.86303e-06
0.93 7.6496e-06
0.94 7.64839e-06
0.95 7.81856e-06
0.96 8.00944e-06
0.97 7.97842e-06
0.98 7.42966e-06
0.99 6.21541e-06
1 4.60507e-06
1.01 3.2319e-06
1.02 2.6837e-06
1.03 3.15648e-06
1.04 4.41943e-06
1.05 5.92576e-06
1.06 7.01302e-06
1.07 7.24045e-06
1.08 6.67507e-06
1.09 5.87311e-06
1.1 5.55662e-06
1.11 6.23639e-06
1.12 7.93027e-06
1.13 1.01441e-05
1.14 1.22489e-05
1.15 1.38529e-05
1.16 1.48084e-05
1.17 1.5125e-05
1.18 1.50443e-05
1.19 1.50721e-05
1.2 1.57856e-05
1.21 1.7488e-05
1.22 1.99596e-05
1.23 2.25222e-05
1.24 2.42863e-05
1.25 2.45007e-05
1.26 2.29072e-05
1.27 1.98175e-05
1.28 1.59817e-05
1.29 1.22981e-05
1.3 9.37169e-06
1.31 7.28713e-06
1.32 5.65308e-06
1.33 3.7897e-06
1.34 1.15348e-06
1.35 -2.33545e-06
1.36 -6.39332e-06
1.37 -1.05994e-05
1.38 -1.44901e-05
1.39 -1.76101e-05
1.4 -1.95914e-05
1.41 -2.03249e-05
1.42 -2.01935e-05
1.43 -1.99278e-05
1.44 -2.00361e-05
1.45 -2.05382e-05
1.46 -2.12892e-05
1.47 -2.23253e-05
1.48 -2.36288e-05
1.49 -2.46457e-05
1.5 -2.44434e-05
1.51 -2.25885e-05
1.52 -1.97628e-05
1.53 -1.72568e-05
1.54 -1.59554e-05
1.55 -1.58939e-05
1.56 -1.64454e-05
1.57 -1.68433e-05
1.58 -1.66952e-05
1.59 -1.60969e-05
1.6 -1.54124e-05
1.61 -1.50056e-05
1.62 -1.51003e-05
1.63 -1.57322e-05
1.64 -1.66643e-05
1.65 -1.73829e-05
1.66 -1.73246e-05
1.67 -1.62274e-05
1.68 -1.43099e-05
1.69 -1.20327e-05
1.7 -9.74067e-06
1.71 -7.61253e-06
1.72 -5.73508e-06
1.73 -4.09795e-06
1.74 -2.63113e-06
1.75 -1.33615e-06
1.76 -4.08133e-07
1.77 -1.26986e-07
1.78 -5.1995e-07
1.79 -1.24531e-06
1.8 -1.83666e-06
1.81 -1.95948e-06
1.82 -1.55431e-06
1.83 -8.3871e-07
1.84 -1.41521e-07
1.85 2.62215e-07
1.86 2.47405e-07
1.87 -1.4215e-07
1.88 -7.42464e-07
1.89 -1.24074e-06
1.9 -1.29197e-06
1.91 -8.95642e-07
1.92 -4.47545e-07
1.93 -3.22956e-07
1.94 -5.73521e-07
1.95 -9.47935e-07
1.96 -1.02737e-06
1.97 -4.42529e-07
1.98 9.28981e-07
1.99 3.00047e-06
2 5.61855e-06
2.01 8.5857e-06
2.02 1.16349e-05
2.03 1.45108e-05
2.04 1.71731e-05
2.05 1.99099e-05
2.06 2.3136e-05
2.07 2.7052e-05
2.08 3.15378e-05
2.09 3.63153e-05
2.1 4.1102e-05
2.11 4.56105e-05
2.12 4.9529e-05
2.13 5.26437e-05
2.14 5.50041e-05
2.15 5.69402e-05
2.16 5.87736e-05
2.17 6.03707e-05
2.18 6.11293e-05
2.19 6.04848e-05
2.2 5.83225e-05
2.21 5.49352e-05
2.22 5.07544e-05
2.23 4.62137e-05
2.24 4.1701e-05
2.25 3.74399e-05
2.26 3.34305e-05
2.27 2.95856e-05
2.28 2.58529e-05
2.29 2.21163e-05
2.3 1.81992e-05
2.31 1.41577e-05
2.32 1.04064e-05
2.33 7.41379e-06
2.34 5.35661e-06
2.35 4.15661e-06
2.36 3.78827e-06
2.37 4.3243e-06
2.38 5.5855e-06
2.39 7.00064e-06
2.4 7.97517e-06
2.41 8.35024e-06
2.42 8.51714e-06
2.43 9.04172e-06
2.44 1.02231e-05
2.45 1.20985e-05
2.46 1.46128e-05
2.47 1.75531e-05
2.48 2.04623e-05
2.49 2.27916e-05
2.5 2.41183e-05
2.51 2.41773e-05
2.52 2.28977e-05
2.53 2.06994e-05
2.54 1.85142e-05
2.55 1.70716e-05
2.56 1.62894e-05
2.57 1.55471e-05
2.58 1.43635e-05
2.59 1.26704e-05
2.6 1.0524e-05
2.61 7.77289e-06
2.62 4.19113e-06
2.63 -3.88355e-08
2.64 -4.11775e-06
2.65 -7.10905e-06
2.66 -8.6549e-06
2.67 -9.1659e-06
2.68 -9.36224e-06
2.69 -9.73346e-06
2.7 -1.03885e-05
2.71 -1.11626e-05
2.72 -1.17623e-05
2.73 -1.19626e-05
2.74 -1.17597e-05
2.75 -1.12561e-05
2.76 -1.04848e-05
2.77 -9.48266e-06
2.78 -8.33034e-06
2.79 -7.02313e-06
2.8 -5.49854e-06
2.81 -3.88837e-06
2.82 -2.69526e-06
2.83 -2.53396e-06
2.84 -3.5518e-06
2.85 -5.23885e-06
2.86 -6.86276e-06
2.87 -7.84986e-06
2.88 -7.85709e-06
2.89 -6.9758e-06
2.9 -5.88496e-06
2.91 -5.40923e-06
2.92 -5.88921e-06
2.93 -7.09591e-06
2.94 -8.56102e-06
2.95 -9.77776e-06
2.96 -1.01913e-05
2.97 -9.39796e-06
2.98 -7.43885e-06
2.99 -4.74647e-06
3 -1.96513e-06
3.01 2.07834e-07
3.02 1.2912e-06
3.03 1.25999e-06
3.04 5.55139e-07
3.05 -1.964e-07
3.06 -5.13864e-07
3.07 -3.8129e-08
3.08 1.65673e-06
3.09 4.82504e-06
3.1 9.10562e-06
3.11 1.3483e-05
3.12 1.66923e-05
3.13 1.79055e-05
3.14 1.72969e-05
3.15 1.5911e-05
3.16 1.50499e-05
3.17 1.56684e-05
3.18 1.77356e-05
3.19 2.00046e-05
3.2 2.08015e-05
3.21 1.91266e-05
3.22 1.50695e-05
3.23 9.66271e-06
3.24 4.4603e-06
3.25 8.6877e-07
3.26 -5.33769e-07
3.27 -2.96058e-07
3.28 2.52479e-07
3.29 -2.83351e-07
3.3 -2.7247e-06
3.31 -6.90766e-06
3.32 -1.17312e-05
3.33 -1.5746e-05
3.34 -1.78567e-05
3.35 -1.7834e-05
3.36 -1.64429e-05
3.37 -1.50143e-05
3.38 -1.47573e-05
3.39 -1.61868e-05
3.4 -1.88937e-05
3.41 -2.17563e-05
3.42 -2.34872e-05
3.43 -2.32166e-05
3.44 -2.07123e-05
3.45 -1.6306e-05
3.46 -1.07855e-05
3.47 -5.14612e-06
3.48 -2.96415e-07
3.49 3.14237e-06
3.5 5.23024e-06
3.51 7.04356e-06
3.52 1.01053e-05
3.53 1.51219e-05
3.54 2.13274e-05
3.55 2.70757e-05
3.56 3.10038e-05
3.57 3.26493e-05
3.58 3.22546e-05
3.59 3.04122e-05
3.6 2.78499e-05
3.61 2.51886e-05
3.62 2.27635e-05
3.63 2.06093e-05
3.64 1.84978e-05
3.65 1.60401e-05
3.66 1.2966e-05
3.67 9.36299e-06
3.68 5.57164e-06
3.69 1.94232e-06
3.7 -1.20647e-06
3.71 -3.53532e-06
3.72 -4.80392e-06
3.73 -5.06083e-06
3.74 -4.68538e-06
3.75 -4.27783e-06
3.76 -4.47492e-06
3.77 -5.66029e-06
3.78 -7.69319e-06
3.79 -1.00759e-05
3.8 -1.23924e-05
3.81 -1.44026e-05
3.82 -1.58767e-05
3.83 -1.67579e-05
3.84 -1.75016e-05
3.85 -1.88052e-05
3.86 -2.10097e-05
3.87 -2.40239e-05
3.88 -2.74816e-05
3.89 -3.08206e-05
3.9 -3.35831e-05
3.91 -3.56424e-05
3.92 -3.70368e-05
3.93 -3.78118e-05
3.94 -3.80717e-05
3.95 -3.79842e-05
3.96 -3.7738e-05
3.97 -3.74856e-05
3.98 -3.72047e-05
3.99 -3.67505e-05
4 -3.61821e-05
4.01 -3.59591e-05
4.02 -3.66749e-05
4.03 -3.85967e-05
4.04 -4.14978e-05
4.05 -4.47639e-05
4.06 -4.76474e-05
4.07 -4.97591e-05
4.08 -5.14464e-05
4.09 -5.35587e-05
4.1 -5.67603e-05
4.11 -6.08274e-05
4.12 -6.44862e-05
4.13 -6.6289e-05
4.14 -6.58131e-05
4.15 -6.39065e-05
4.16 -6.18861e-05
4.17 -6.06627e-05
4.18 -6.03973e-05
4.19 -6.04685e-05
4.2 -5.96165e-05
4.21 -5.65217e-05
4.22 -5.08125e-05
4.23 -4.35873e-05
4.24 -3.6676e-05
4.25 -3.13869e-05
4.26 -2.79838e-05
4.27 -2.60165e-05
4.28 -2.4712e-05
4.29 -2.31135e-05
4.3 -2.03357e-05
4.31 -1.60801e-05
4.32 -1.09677e-05
4.33 -6.32669e-06
4.34 -3.61597e-06
4.35 -3.8197e-06
4.36 -6.94165e-06
4.37 -1.17512e-05
4.38 -1.62632e-05
4.39 -1.88352e-05
4.4 -1.88912e-05
4.41 -1.69171e-05
4.42 -1.40991e-05
4.43 -1.18502e-05
4.44 -1.13074e-05
4.45 -1.27876e-05
4.46 -1.55295e-05
4.47 -1.80968e-05
4.48 -1.92057e-05
4.49 -1.84389e-05
4.5 -1.64275e-05
4.51 -1.43851e-05
4.52 -1.33011e-05
4.53 -1.34279e-05
4.54 -1.43592e-05
4.55 -1.53881e-05
4.56 -1.57986e-05
4.57 -1.5024e-05
4.58 -1.26843e-05
4.59 -8.53331e-06
4.6 -2.5506e-06
4.61 4.91347e-06
4.62 1.34521e-05
4.63 2.32821e-05
4.64 3.53561e-05
4.65 5.02243e-05
4.66 6.65648e-05
4.67 8.10649e-05
4.68 8.99736e-05
4.69 9.09943e-05
4.7 8.42281e-05
4.71 7.18763e-05
4.72 5.70837e-05
4.73 4.25957e-05
4.74 2.9847e-05
4.75 1.86905e-05
4.76 7.37103e-06
4.77 -7.0238e-06
4.78 -2.69688e-05
4.79 -5.25774e-05
4.8 -8.11341e-05
4.81 -0.000108579
4.82 -0.000131587
4.83 -0.000148716
4.84 -0.000160407
4.85 -0.000168264
4.86 -0.000173729
4.87 -0.00017664
4.88 -0.000174803
4.89 -0.000165026
4.9 -0.0001447
4.91 -0.000112729
4.92 -6.9315e-05
4.93 -1.56231e-05
4.94 4.55578e-05
4.95 0.000109296
4.96 0.000169904
4.97 0.000223379
4.98 0.000268481
4.99 0.000305832
5 0.000336333
5.01 0.000360089
5.02 0.000376458
5.03 0.000385095
5.04 0.000386725
5.05 0.000382637
5.06 0.000373793
5.07 0.000360523
5.08 0.000342876
5.09 0.000321033
5.1 0.000295281
5.11 0.000265861
5.12 0.000232926
5.13 0.000196816
5.14 0.000158661
5.15 0.000120794
5.16 8.64011e-05
5.17 5.80547e-05
5.18 3.62579e-05
5.19 1.962e-05
5.2 6.03316e-06
5.21 -6.68879e-06
5.22 -2.04096e-05
5.23 -3.59264e-05
5.24 -5.246e-05
5.25 -6.8104e-05
5.26 -8.13453e-05
5.27 -9.21573e-05
5.28 -0.000101353
5.29 -0.000109528
5.3 -0.000116961
5.31 -0.000123726
5.32 -0.000129417
5.33 -0.000133123
5.34 -0.00013384
5.35 -0.000130816
5.36 -0.000123615
5.37 -0.000112031
5.38 -9.60767e-05
5.39 -7.60047e-05
5.4 -5.24145e-05
5.41 -2.64966e-05
5.42 -6.03542e-08
5.43 2.48809e-05
5.44 4.67503e-05
5.45 6.43959e-05
5.46 7.63159e-05
5.47 8.04609e-05
5.48 7.49882e-05
5.49 5.9138e-05
5.5 3.35537e-05
5.51 -3.47972e-09
5.52 -3.92497e-05
5.53 -8.22248e-05
5.54 -0.000127888
5.55 -0.000175588
5.56 -0.000223917
5.57 -0.000270233
5.58 -0.000311152
5.59 -0.000343457
5.6 -0.000364845
5.61 -0.000374536
5.62 -0.000373662
5.63 -0.000365002
5.64 -0.000352237
5.65 -0.000338859
5.66 -0.00032665
5.67 -0.00031496
5.68 -0.000301737
5.69 -0.000285015
5.7 -0.00026363
5.71 -0.000237295
5.72 -0.000206616
5.73 -0.000173133
5.74 -0.000138744
5.75 -0.000104467
5.76 -6.96439e-05
5.77 -3.23616e-05
5.78 9.17782e-06
5.79 5.5166e-05
5.8 0.000103846
5.81 0.000152622
5.82 0.000199301
5.83 0.000242603
5.84 0.000282237
5.85 0.000318461
5.86 0.000351065
5.87 0.000378794
5.88 0.00040016
5.89 0.000414615
5.9 0.000422651
5.91 0.000425006
5.92 0.000421957
5.93 0.000413169
5.94 0.000398226
5.95 0.000377416
5.96 0.000351972
5.97 0.000323745
5.98 0.000294651
5.99 0.00026623
6 0.000239576
6.01 0.000215384
6.02 0.000193596
6.03 0.000172839
6.04 0.000150608
6.05 0.000124516
6.06 9.35476e-05
6.07 5.83401e-05
6.08 2.05621e-05
6.09 -1.80868e-05
6.1 -5.66434e-05
6.11 -9.46311e-05
6.12 -0.000130873
6.13 -0.000163218
6.14 -0.000189912
6.15 -0.000210475
6.16 -0.000224898
6.17 -0.000232605
6.18 -0.000232671
6.19 -0.000224989
6.2 -0.000211234
6.21 -0.000194688
6.22 -0.000178368
6.23 -0.000162704
6.24 -0.000145325
6.25 -0.000123256
6.26 -9.52803e-05
6.27 -6.26984e-05
6.28 -2.84542e-05
6.29 4.1379e-06
6.3 3.20072e-05
6.31 5.25618e-05
6.32 6.46868e-05
6.33 6.97799e-05
6.34 7.08252e-05
6.35 7.02575e-05
6.36 6.88515e-05
6.37 6.59865e-05
6.38 6.04304e-05
6.39 5.13084e-05
6.4 3.90461e-05
6.41 2.57208e-05
6.42 1.43872e-05
6.43 7.67075e-06
6.44 6.84302e-06
6.45 1.18542e-05
6.46 2.15619e-05
6.47 3.39156e-05
6.48 4.63909e-05
6.49 5.63126e-05
6.5 6.08783e-05
6.51 5.76477e-05
6.52 4.56166e-05
6.53 2.56894e-05
6.54 -2.82497e-07
6.55 -3.10072e-05
6.56 -6.6047e-05
6.57 -0.000104761
6.58 -0.000145714
6.59 -0.000187374
6.6 -0.00022878
6.61 -0.000269258
6.62 -0.000307786
6.63 -0.00034259
6.64 -0.000370978
6.65 -0.00038973
6.66 -0.000396238
6.67 -0.000389522
6.68 -0.000370424
6.69 -0.000341568
6.7 -0.000307012
6.71 -0.000271195
6.72 -0.00023746
6.73 -0.000207007
6.74 -0.000179229
6.75 -0.000152876
6.76 -0.000126862
6.77 -0.00010087
6.78 -7.61981e-05
6.79 -5.55975e-05
6.8 -4.13834e-05
6.81 -3.37971e-05
6.82 -3.10631e-05
6.83 -3.0347e-05
6.84 -2.86237e-05
6.85 -2.3343e-05
6.86 -1.32861e-05
6.87 7.11527e-07
6.88 1.61328e-05
6.89 3.00681e-05
6.9 4.04771e-05
6.91 4.69859e-05
6.92 5.0877e-05
6.93 5.40483e-05
6.94 5.74954e-05
6.95 6.04623e-05
6.96 6.07078e-05
6.97 5.54899e-05
6.98 4.27649e-05
6.99 2.18612e-05
7 -6.24074e-06
7.01 -3.86745e-05
7.02 -7.14525e-05
7.03 -0.000100669
7.04 -0.000122641
7.05 -0.000133785
7.06 -0.000131508
7.07 -0.000115456
7.08 -8.72038e-05
7.09 -4.85965e-05
7.1 -9.28987e-07
7.11 5.46811e-05
7.12 0.000117083
7.13 0.000185333
7.14 0.000258372
7.15 0.000334131
7.16 0.000409211
7.17 0.000479563
7.18 0.000541565
7.19 0.000592925
7.2 0.000633397
7.21 0.000665004
7.22 0.000691079
7.23 0.000714569
7.24 0.000736946
7.25 0.000757937
7.26 0.000775391
7.27 0.000785715
7.28 0.00078544
7.29 0.000772856
7.3 0.000748265
7.31 0.000713186
7.32 0.000669744
7.33 0.000620256
7.34 0.000566417
7.35 0.00050858
7.36 0.000445937
7.37 0.000377632
7.38 0.00030378
7.39 0.000225241
7.4 0.000142674
7.41 5.64991e-05
7.42 -3.21483e-05
7.43 -0.00012106
7.44 -0.000207631
7.45 -0.000289541
7.46 -0.000365241
7.47 -0.000434355
7.48 -0.000497329
7.49 -0.00055428
7.5 -0.000604209
7.51 -0.000645462
7.52 -0.000676702
7.53 -0.000697293
7.54 -0.000706844
7.55 -0.000704465
7.56 -0.000688613
7.57 -0.000657983
7.58 -0.000612919
7.59 -0.000556404
7.6 -0.000493654
7.61 -0.000429801
7.62 -0.000367204
7.63 -0.000304675
7.64 -0.000239011
7.65 -0.000167752
7.66 -9.15177e-05
7.67 -1.42079e-05
7.68 5.87574e-05
7.69 0.000122217
7.7 0.000172129
7.71 0.000206111
7.72 0.000223943
7.73 0.000227603
7.74 0.000220554
7.75 0.000206479
7.76 0.00018788
7.77 0.000165284
7.78 0.00013767
7.79 0.000103864
7.8 6.40278e-05
7.81 2.03809e-05
7.82 -2.298e-05
7.83 -6.10198e-05
7.84 -8.93138e-05
7.85 -0.000105428
7.86 -0.000109417
7.87 -0.000103333
7.88 -8.99687e-05
7.89 -7.16572e-05
7.9 -5.01199e-05
7.91 -2.69962e-05
7.92 -3.95852e-06
7.93 1.77793e-05
7.94 3.77686e-05
7.95 5.54428e-05
7.96 6.87099e-05
7.97 7.41529e-05
7.98 6.92292e-05
7.99 5.4403e-05
8 3.31567e-05
8.01 1.01759e-05
8.02 -1.05826e-05
8.03 -2.6978e-05
8.04 -3.8564e-05
8.05 -4.55872e-05
8.06 -4.82239e-05
8.07 -4.65465e-05
8.08 -4.09474e-05
8.09 -3.27748e-05
8.1 -2.47279e-05
8.11 -2.01441e-05
8.12 -2.15053e-05
8.13 -2.99246e-05
8.14 -4.55715e-05
8.15 -6.78766e-05
8.16 -9.56761e-05
8.17 -0.000127501
8.18 -0.000162212
8.19 -0.000199694
8.2 -0.000240458
8.21 -0.000284614
8.22 -0.000331635
8.23 -0.00038071
8.24 -0.000430832
8.25 -0.00048046
8.26 -0.000527344
8.27 -0.000568727
8.28 -0.000601466
8.29 -0.000623137
8.3 -0.000633944
8.31 -0.000636379
8.32 -0.000632841
8.33 -0.000624218
8.34 -0.000610231
8.35 -0.000590628
8.36 -0.000565963
8.37 -0.000537515
8.38 -0.000506788
8.39 -0.000475013
8.4 -0.000442988
8.41 -0.00041121
8.42 -0.000379877
8.43 -0.000348689
8.44 -0.000316635
8.45 -0.000282121
8.46 -0.000243742
8.47 -0.000201105
8.48 -0.00015488
8.49 -0.000106165
8.5 -5.5757e-05
8.51 -3.86821e-06
8.52 4.93591e-05
8.53 0.000102904
8.54 0.000154508
8.55 0.00020155
8.56 0.00024262
8.57 0.000278243
8.58 0.000309689
8.59 0.000337373
8.6 0.000360792
8.61 0.000379251
8.62 0.000392185
8.63 0.000399259
8.64 0.000400291
8.65 0.000395147
8.66 0.00038403
8.67 0.000367929
8.68 0.000348773
8.69 0.000329188
8.7 0.000311632
8.71 0.000297403
8.72 0.000286454
8.73 0.000277814
8.74 0.000270021
8.75 0.000261621
8.76 0.000251589
8.77 0.000239524
8.78 0.000225779
8.79 0.00021114
8.8 0.000196068
8.81 0.000180546
8.82 0.000164552
8.83 0.000148081
8.84 0.00013078
8.85 0.000111971
8.86 9.09551e-05
8.87 6.74164e-05
8.88 4.19858e-05
8.89 1.65539e-05
8.9 -6.18448e-06
8.91 -2.36625e-05
8.92 -3.42623e-05
8.93 -3.76276e-05
8.94 -3.42661e-05
8.95 -2.47747e-05
8.96 -9.2091e-06
8.97 1.30759e-05
8.98 4.31285e-05
8.99 8.18351e-05
9 0.000129215
9.01 0.000183814
9.02 0.000242468
9.03 0.000300616
9.04 0.000353423
9.05 0.000397326
9.06 0.000431024
9.07 0.0004554
9.08 0.000472787
9.09 0.000486046
9.1 0.000497659
9.11 0.00050882
9.12 0.000518993
9.13 0.000526399
9.14 0.000529069
9.15 0.000525835
9.16 0.000516935
9.17 0.000503939
9.18 0.000488946
9.19 0.000473547
9.2 0.00045838
9.21 0.000443399
9.22 0.000428505
9.23 0.00041407
9.24 0.000400811
9.25 0.000389215
9.26 0.00037936
9.27 0.000371182
9.28 0.000364991
9.29 0.000361646
9.3 0.000361749
9.31 0.000364799
9.32 0.000369521
9.33 0.000374731
9.34 0.000379717
9.35 0.000384142
9.36 0.000387925
9.37 0.000391099
9.38 0.000393357
9.39 0.00039375
9.4 0.000391091
9.41 0.000384582
9.42 0.000373832
9.43 0.000358583
9.44 0.000338607
9.45 0.000313818
9.46 0.000284573
9.47 0.000251914
9.48 0.000217371
9.49 0.000182359
9.5 0.000147543
9.51 0.000112557
9.52 7.62042e-05
9.53 3.71141e-05
9.54 -5.40278e-06
9.55 -5.09302e-05
9.56 -9.83126e-05
9.57 -0.000146614
9.58 -0.00019614
9.59 -0.000248491
9.6 -0.000305437
9.61 -0.000368032
9.62 -0.000436684
9.63 -0.000511361
9.64 -0.000591333
9.65 -0.000674645
9.66 -0.000758196
9.67 -0.000838656
9.68 -0.000913537
9.69 -0.000981648
9.7 -0.00104274
9.71 -0.00109707
9.72 -0.00114525
9.73 -0.00118768
9.74 -0.00122398
9.75 -0.00125297
9.76 -0.00127324
9.77 -0.00128366
9.78 -0.00128391
9.79 -0.00127453
9.8 -0.00125655
9.81 -0.00123105
9.82 -0.00119872
9.83 -0.00115999
9.84 -0.00111521
9.85 -0.00106479
9.86 -0.00100889
9.87 -0.000946993
9.88 -0.000877697
9.89 -0.000799086
9.9 -0.000709723
9.91 -0.000609939
9.92 -0.000502268
9.93 -0.00039033
9.94 -0.000276835
9.95 -0.000162037
9.96 -4.44191e-05
9.97 7.65873e-05
9.98 0.000198493
9.99 0.00031565
10 0.000420747
10.01 0.000507652
10.02 0.000573884
10.03 0.000620634
10.04 0.000651422
10.05 0.000670991
10.06 0.000684028
10.07 0.000693351
10.08 0.000698235
10.09 0.000694238
10.1 0.000675102
10.11 0.000636016
10.12 0.000576839
10.13 0.000503937
10.14 0.000429186
10.15 0.000365437
10.16 0.000320716
10.17 0.000294996
10.18 0.000281066
10.19 0.000268932
10.2 0.000251266
10.21 0.000226567
10.22 0.000198932
10.23 0.000175347
10.24 0.000161938
10.25 0.000160942
10.26 0.00016999
10.27 0.000184037
10.28 0.000198395
10.29 0.000211
10.3 0.000223379
10.31 0.000240264
10.32 0.000267859
10.33 0.000311498
10.34 0.000373908
10.35 0.000454262
10.36 0.000547408
10.37 0.000643814
10.38 0.000731841
10.39 0.000801849
10.4 0.000848898
10.41 0.000872625
10.42 0.000876242
10.43 0.00086524
10.44 0.000844642
10.45 0.000816227
10.46 0.00077791
10.47 0.000725281
10.48 0.000654275
10.49 0.00056387
10.5 0.00045756
10.51 0.000342351
10.52 0.000226357
10.53 0.000116712
10.54 1.68878e-05
10.55 -7.46691e-05
10.56 -0.000162022
10.57 -0.000248599
10.58 -0.000335818
10.59 -0.000422497
10.6 -0.000505297
10.61 -0.00058042
10.62 -0.000645109
10.63 -0.000698106
10.64 -0.000739612
10.65 -0.000770785
10.66 -0.000792917
10.67 -0.000807066
10.68 -0.000813447
10.69 -0.000810222
10.7 -0.000793699
10.71 -0.000760656
10.72 -0.000710924
10.73 -0.000648157
10.74 -0.000578131
10.75 -0.000505632
10.76 -0.000432064
10.77 -0.000355464
10.78 -0.00027298
10.79 -0.000183833
10.8 -9.02799e-05
10.81 3.20637e-06
10.82 9.07729e-05
10.83 0.000166287
10.84 0.000224815
10.85 0.000263603
10.86 0.000282666
10.87 0.000284738
10.88 0.000274013
10.89 0.000254344
10.9 0.000227784
10.91 0.000193775
10.92 0.000149458
10.93 9.13249e-05
10.94 1.7456e-05
10.95 -7.05748e-05
10.96 -0.000166492
10.97 -0.000260209
10.98 -0.000341173
10.99 -0.000400942
11 -0.00043403
11.01 -0.000439357
11.02 -0.000421108
11.03 -0.00038666
11.04 -0.000343541
11.05 -0.000297499
11.06 -0.000251112
11.07 -0.000203466
11.08 -0.000151841
11.09 -9.45448e-05
11.1 -3.27455e-05
11.11 2.98662e-05
11.12 8.84873e-05
11.13 0.000138742
11.14 0.000178306
11.15 0.000207975
11.16 0.000231358
11.17 0.000253359
11.18 0.000278332
11.19 0.000308754
11.2 0.000344909
11.21 0.000385435
11.22 0.000428032
11.23 0.000470088
11.24 0.000509262
11.25 0.000543463
11.26 0.000570857
11.27 0.000590701
11.28 0.000603676
11.29 0.000610882
11.3 0.000612382
11.31 0.000606709
11.32 0.000591978
11.33 0.000567465
11.34 0.000534295
11.35 0.000495234
11.36 0.000453982
11.37 0.000414071
11.38 0.000378005
11.39 0.000346957
11.4 0.000320608
11.41 0.000297272
11.42 0.000274753
11.43 0.000251252
11.44 0.000225638
11.45 0.000197343
11.46 0.000166327
11.47 0.000133248
11.48 9.94482e-05
11.49 6.68434e-05
11.5 3.78383e-05
11.51 1.45634e-05
11.52 -2.07404e-06
11.53 -1.21682e-05
11.54 -1.58069e-05
11.55 -1.26657e-05
11.56 -2.44506e-06
11.57 1.45311e-05
11.58 3.69791e-05
11.59 6.26121e-05
11.6 8.84308e-05
11.61 0.000111412
11.62 0.000129058
11.63 0.000139482
11.64 0.000141626
11.65 0.000135346
11.66 0.000120775
11.67 9.77886e-05
11.68 6.598e-05
11.69 2.45842e-05
11.7 -2.76316e-05
11.71 -9.20312e-05
11.72 -0.000169372
11.73 -0.000259007
11.74 -0.000358492
11.75 -0.000463872
11.76 -0.000570227
11.77 -0.000672084
11.78 -0.000764112
11.79 -0.000842355
11.8 -0.000905556
11.81 -0.000955744
11.82 -0.000997204
11.83 -0.0010343
11.84 -0.00106947
11.85 -0.00110226
11.86 -0.00112994
11.87 -0.0011492
11.88 -0.0011581
11.89 -0.00115679
11.9 -0.00114724
11.91 -0.00113204
11.92 -0.00111329
11.93 -0.00109173
11.94 -0.00106654
11.95 -0.00103567
11.96 -0.000996797
11.97 -0.000948276
11.98 -0.00088976
11.99 -0.000822224
12 -0.000747281
12.01 -0.000666297
12.02 -0.000579758
12.03 -0.000486996
12.04 -0.000386342
12.05 -0.000275761
12.06 -0.000153871
12.07 -2.10484e-05
12.08 0.0001197
12.09 0.000262344
12.1 0.000398267
12.11 0.000518109
12.12 0.000614524
12.13 0.000684274
12.14 0.000729131
12.15 0.000755406
12.16 0.000771686
12.17 0.000785626
12.18 0.000801091
12.19 0.000816687
12.2 0.000826799
12.21 0.00082512
12.22 0.000809065
12.23 0.000782615
12.24 0.000755447
12.25 0.000738394
12.26 0.000737838
12.27 0.0007525
12.28 0.000774357
12.29 0.000792634
12.3 0.000798482
12.31 0.000788268
12.32 0.000764421
12.33 0.000733724
12.34 0.000703672
12.35 0.000678762
12.36 0.000658766
12.37 0.000639369
12.38 0.000614199
12.39 0.000577285
12.4 0.000525249
12.41 0.000458536
12.42 0.000381173
12.43 0.000299266
12.44 0.000218732
12.45 0.000143053
12.46 7.2366e-05
12.47 4.53512e-06
12.48 -6.2794e-05
12.49 -0.000130599
12.5 -0.000197548
12.51 -0.000259942
12.52 -0.000313345
12.53 -0.000355014
12.54 -0.000385024
12.55 -0.000405688
12.56 -0.000420283
12.57 -0.000431845
12.58 -0.00044223
12.59 -0.000451552
12.6 -0.000458187
12.61 -0.000459376
12.62 -0.000452139
12.63 -0.000434329
12.64 -0.000405777
12.65 -0.000369047
12.66 -0.000328835
12.67 -0.000289924
12.68 -0.000255002
12.69 -0.000223827
12.7 -0.000194036
12.71 -0.000162736
12.72 -0.000127897
12.73 -8.93298e-05
12.74 -4.91397e-05
12.75 -1.10585e-05
12.76 2.10874e-05
12.77 4.48376e-05
12.78 5.99181e-05
12.79 6.80324e-05
12.8 7.17442e-05
12.81 7.31749e-05
12.82 7.31678e-05
12.83 7.12437e-05
12.84 6.62513e-05
12.85 5.71961e-05
12.86 4.38107e-05
12.87 2.67795e-05
12.88 7.74985e-06
12.89 -1.08381e-05
12.9 -2.63715e-05
12.91 -3.70253e-05
12.92 -4.23557e-05
12.93 -4.30037e-05
12.94 -3.97386e-05
12.95 -3.26549e-05
12.96 -2.09676e-05
12.97 -3.41519e-06
12.98 2.09633e-05
12.99 5.23177e-05
13 8.99341e-05
13.01 0.000132366
13.02 0.00017766
13.03 0.000223557
13.04 0.000267818
13.05 0.000308801
13.06 0.000345903
13.07 0.000379526
13.08 0.000410726
13.09 0.000440667
13.1 0.000469957
13.11 0.000498264
13.12 0.000524597
13.13 0.000547998
13.14 0.000567998
13.15 0.000584398
13.16 0.000596819
13.17 0.000604837
13.18 0.000608316
13.19 0.000607488
13.2 0.000602993
13.21 0.000595284
13.22 0.000583759
13.23 0.000566962
13.24 0.000543488
13.25 0.000512586
13.26 0.000473973
13.27 0.000427303
13.28 0.000372316
13.29 0.000309429
13.3 0.000239714
13.31 0.000164402
13.32 8.46904e-05
13.33 1.87803e-06
13.34 -8.25147e-05
13.35 -0.000166552
13.36 -0.000247542
13.37 -0.000322233
13.38 -0.00038767
13.39 -0.000441973
13.4 -0.000484782
13.41 -0.000517406
13.42 -0.000542362
13.43 -0.000562378
13.44 -0.000579381
13.45 -0.000593919
13.46 -0.000605129
13.47 -0.000611148
13.48 -0.00060992
13.49 -0.000600153
13.5 -0.000581927
13.51 -0.000556879
13.52 -0.000527943
13.53 -0.000498373
13.54 -0.000470412
13.55 -0.000444352
13.56 -0.00041846
13.57 -0.000389814
13.58 -0.000355709
13.59 -0.000314976
13.6 -0.000268592
13.61 -0.000219263
13.62 -0.000170227
13.63 -0.000123951
13.64 -8.14372e-05
13.65 -4.24192e-05
13.66 -6.11741e-06
13.67 2.79088e-05
13.68 5.90668e-05
13.69 8.55888e-05
13.7 0.000105111
13.71 0.000115369
13.72 0.000114657
13.73 0.000102274
13.74 7.88527e-05
13.75 4.61891e-05
13.76 6.61942e-06
13.77 -3.77343e-05
13.78 -8.56074e-05
13.79 -0.000136684
13.8 -0.000190982
13.81 -0.000248029
13.82 -0.00030628
13.83 -0.000363102
13.84 -0.000415477
13.85 -0.000460751
13.86 -0.000497112
13.87 -0.000524077
13.88 -0.000542656
13.89 -0.000554892
13.9 -0.000563072
13.91 -0.000568834
13.92 -0.00057245
13.93 -0.000572724
13.94 -0.000567549
13.95 -0.00055492
13.96 -0.000533863
13.97 -0.000504652
13.98 -0.00046839
13.99 -0.000426519
14 -0.000380461
14.01 -0.000331473
14.02 -0.00028078
14.03 -0.000229893
14.04 -0.000180762
14.05 -0.000135506
14.06 -9.58965e-05
14.07 -6.27783e-05
14.08 -3.57308e-05
14.09 -1.343e-05
14.1 5.50171e-06
14.11 2.1824e-05
14.12 3.54687e-05
14.13 4.56651e-05
14.14 5.12615e-05
14.15 5.11767e-05
14.16 4.48885e-05
14.17 3.28457e-05
14.18 1.66806e-05
14.19 -1.07118e-06
14.2 -1.7822e-05
14.21 -3.168e-05
14.22 -4.16577e-05
14.23 -4.75742e-05
14.24 -4.96487e-05
14.25 -4.78152e-05
14.26 -4.1322e-05
14.27 -2.89896e-05
14.28 -9.68856e-06
14.29 1.72732e-05
14.3 5.18673e-05
14.31 9.35011e-05
14.32 0.000141533
14.33 0.000195648
14.34 0.000255955
14.35 0.000322835
14.36 0.000396436
14.37 0.00047599
14.38 0.000559377
14.39 0.000643235
14.4 0.000723504
14.41 0.000796335
14.42 0.00085916
14.43 0.000911471
14.44 0.000954796
14.45 0.000991722
14.46 0.00102453
14.47 0.00105398
14.48 0.00107885
14.49 0.0010967
14.5 0.00110543
14.51 0.00110422
14.52 0.00109358
14.53 0.00107474
14.54 0.00104929
14.55 0.00101883
14.56 0.000984493
14.57 0.000946454
14.58 0.000903937
14.59 0.000855742
14.6 0.000801032
14.61 0.00073976
14.62 0.000672693
14.63 0.00060141
14.64 0.000528018
14.65 0.000454274
14.66 0.000380864
14.67 0.000307568
14.68 0.000233944
14.69 0.000160082
14.7 8.70068e-05
14.71 1.64342e-05
14.72 -4.97203e-05
14.73 -0.000109737
14.74 -0.000162436
14.75 -0.000207399
14.76 -0.00024492
14.77 -0.000275714
14.78 -0.000300574
14.79 -0.00032014
14.8 -0.000334761
14.81 -0.000344584
14.82 -0.000349801
14.83 -0.000350619
14.84 -0.000347286
14.85 -0.000340323
14.86 -0.00033071
14.87 -0.00031991
14.88 -0.000309712
14.89 -0.000302015
14.9 -0.000298556
14.91 -0.000300583
14.92 -0.00030853
14.93 -0.000321737
14.94 -0.000338564
14.95 -0.000357143
14.96 -0.000376261
14.97 -0.000395705
14.98 -0.000416021
14.99 -0.000437899
15 -0.000461469
15.01 -0.000485932
15.02 -0.000509652
15.03 -0.000530591
15.04 -0.000547013
15.05 -0.000558096
15.06 -0.000563917
15.07 -0.000564998
15.08 -0.000561994
15.09 -0.000555539
15.1 -0.000546046
15.11 -0.000533577
15.12 -0.000517929
15.13 -0.000498976
15.14 -0.000476934
15.15 -0.000452385
15.16 -0.000426179
15.17 -0.000399248
15.18 -0.00037252
15.19 -0.000346886
15.2 -0.000322939
15.21 -0.000300797
15.22 -0.000280355
15.23 -0.000261551
15.24 -0.000244549
15.25 -0.000229922
15.26 -0.000218454
15.27 -0.000210615
15.28 -0.000206324
15.29 -0.000205111
15.3 -0.000206381
15.31 -0.000209554
15.32 -0.000214069
15.33 -0.000219365
15.34 -0.000224962
15.35 -0.000230592
15.36 -0.000236284
15.37 -0.000242163
15.38 -0.000248142
15.39 -0.000253861
15.4 -0.000258919
15.41 -0.000263077
15.42 -0.000266295
15.43 -0.00026861
15.44 -0.000269989
15.45 -0.000270257
15.46 -0.000269123
15.47 -0.000266059
15.48 -0.00026009
15.49 -0.000249973
15.5 -0.000234765
15.51 -0.000214206
15.52 -0.000188632
15.53 -0.000158635
15.54 -0.000124754
15.55 -8.72637e-05
15.56 -4.61066e-05
15.57 -1.03486e-06
15.58 4.81101e-05
15.59 0.000101066
15.6 0.000156927
15.61 0.000214215
15.62 0.000271157
15.63 0.000325975
15.64 0.00037724
15.65 0.000424111
15.66 0.000466287
15.67 0.000503846
15.68 0.000537015
15.69 0.000565924
15.7 0.000590535
15.71 0.000610697
15.72 0.000626132
15.73 0.000636581
15.74 0.000642007
15.75 0.000642596
15.76 0.000638857
15.77 0.000632011
15.78 0.000623973
15.79 0.000616591
15.8 0.000610738
15.81 0.000606042
15.82 0.00060119
15.83 0.000594272
15.84 0.000583183
15.85 0.000566074
15.86 0.000541736
15.87 0.000509882
15.88 0.000471138
15.89 0.00042668
15.9 0.000377795
15.91 0.000325506
15.92 0.00027042
15.93 0.000212924
15.94 0.00015357
15.95 9.33548e-05
15.96 3.36384e-05
15.97 -2.42433e-05
15.98 -7.91312e-05
15.99 -0.00012993
16 -0.000175747
16.01 -0.000216324
16.02 -0.000252206
16.03 -0.000284348
16.04 -0.000313559
16.05 -0.000340266
16.06 -0.000364611
16.07 -0.000386694
16.08 -0.000406707
16.09 -0.000424764
16.1 -0.000440723
16.11 -0.000454218
16.12 -0.000464876
16.13 -0.000472564
16.14 -0.000477516
16.15 -0.000480361
16.16 -0.000481975
16.17 -0.00048306
16.18 -0.000483665
16.19 -0.000483003
16.2 -0.000479669
16.21 -0.000472098
16.22 -0.00045899
16.23 -0.000439662
16.24 -0.000414432
16.25 -0.00038468
16.26 -0.000352267
16.27 -0.00031872
16.28 -0.000284659
16.29 -0.000249726
16.3 -0.000213072
16.31 -0.000174003
16.32 -0.000132378
16.33 -8.87578e-05
16.34 -4.43807e-05
16.35 -9.48853e-07
16.36 3.9833e-05
16.37 7.67644e-05
16.38 0.000109463
16.39 0.000138421
16.4 0.000164711
16.41 0.000189362
16.42 0.000212887
16.43 0.000235221
16.44 0.000255774
16.45 0.000273585
16.46 0.000287844
16.47 0.000298406
16.48 0.000305813
16.49 0.000310993
16.5 0.000314995
16.51 0.000318771
16.52 0.000323056
16.53 0.000328232
16.54 0.00033415
16.55 0.000340166
16.56 0.000345381
16.57 0.000348916
16.58 0.000350258
16.59 0.000349555
16.6 0.000347529
16.61 0.000345088
16.62 0.000342863
16.63 0.000340951
16.64 0.000339127
16.65 0.000337199
16.66 0.000335112
16.67 0.000332954
16.68 0.000330933
16.69 0.000329177
16.7 0.000327388
16.71 0.000324744
16.72 0.000320444
16.73 0.000314363
16.74 0.000306841
16.75 0.000297981
16.76 0.000287464
16.77 0.000274897
16.78 0.000260138
16.79 0.000243313
16.8 0.000224721
16.81 0.000204814
16.82 0.000184094
16.83 0.000162914
16.84 0.000141461
16.85 0.00011987
16.86 9.82111e-05
16.87 7.6408e-05
16.88 5.43268e-05
16.89 3.19802e-05
16.9 9.60868e-06
16.91 -1.23852e-05
16.92 -3.36516e-05
16.93 -5.42411e-05
16.94 -7.46673e-05
16.95 -9.55421e-05
16.96 -0.000117195
16.97 -0.000139519
16.98 -0.000162097
16.99 -0.000184427
17 -0.000205955
17.01 -0.000226105
17.02 -0.000244405
17.03 -0.000260571
17.04 -0.000274501
17.05 -0.00028619
17.06 -0.000295626
17.07 -0.000302755
17.08 -0.000307528
17.09 -0.000309896
17.1 -0.000309768
17.11 -0.000307025
17.12 -0.000301668
17.13 -0.00029407
17.14 -0.000285089
17.15 -0.000275979
17.16 -0.000268185
17.17 -0.000262604
17.18 -0.000258996
17.19 -0.000256672
17.2 -0.000255438
17.21 -0.00025563
17.22 -0.0002578
17.23 -0.000262626
17.24 -0.000270952
17.25 -0.00028363
17.26 -0.000301044
17.27 -0.00032267
17.28 -0.000347189
17.29 -0.000373057
17.3 -0.000399012
17.31 -0.000424269
17.32 -0.000448374
17.33 -0.000470855
17.34 -0.000491003
17.35 -0.000508147
17.36 -0.000522025
17.37 -0.00053267
17.38 -0.00054006
17.39 -0.000543978
17.4 -0.000544174
17.41 -0.00054063
17.42 -0.000533542
17.43 -0.000523083
17.44 -0.000509221
17.45 -0.000491664
17.46 -0.000470068
17.47 -0.000444358
17.48 -0.00041476
17.49 -0.000381652
17.5 -0.00034534
17.51 -0.000305948
17.52 -0.000263551
17.53 -0.000218351
17.54 -0.000170696
17.55 -0.000120982
17.56 -6.96546e-05
17.57 -1.73618e-05
17.58 3.49537e-05
17.59 8.61008e-05
17.6 0.000134786
17.61 0.000179855
17.62 0.000220498
17.63 0.000256263
17.64 0.00028687
17.65 0.000312011
17.66 0.000331458
17.67 0.000345369
17.68 0.000354312
17.69 0.000359066
17.7 0.000360422
17.71 0.000358995
17.72 0.000355029
17.73 0.000348352
17.74 0.000338679
17.75 0.000326118
17.76 0.000311383
17.77 0.000295619
17.78 0.000280137
17.79 0.000266016
17.8 0.000253788
17.81 0.000243446
17.82 0.000234548
17.83 0.000226429
17.84 0.000218521
17.85 0.000210706
17.86 0.000203615
17.87 0.000198619
17.88 0.000197348
17.89 0.000200958
17.9 0.000209547
17.91 0.000222158
17.92 0.000237359
17.93 0.000253886
17.94 0.000270945
17.95 0.000288202
17.96 0.000305706
17.97 0.000323816
17.98 0.000342999
17.99 0.000363492
18 0.000385055
18.01 0.000406948
18.02 0.00042812
18.03 0.000447475
18.04 0.000464176
18.05 0.0004779
18.06 0.000488921
18.07 0.000497969
18.08 0.000505807
18.09 0.00051284
18.1 0.000519071
18.11 0.000524202
18.12 0.000527703
18.13 0.000528983
18.14 0.00052764
18.15 0.000523463
18.16 0.000516291
18.17 0.000506053
18.18 0.000492794
18.19 0.000476523
18.2 0.000457113
18.21 0.000434302
18.22 0.000407762
18.23 0.000377298
18.24 0.000343061
18.25 0.000305641
18.26 0.000265947
18.27 0.000224962
18.28 0.000183585
18.29 0.00014243
18.3 0.000101693
18.31 6.14445e-05
18.32 2.20639e-05
18.33 -1.55698e-05
18.34 -5.01266e-05
18.35 -8.00892e-05
18.36 -0.000104143
18.37 -0.000121635
18.38 -0.000132823
18.39 -0.000138612
18.4 -0.000140197
18.41 -0.00013898
18.42 -0.000136336
18.43 -0.000133149
18.44 -0.000129643
18.45 -0.000125687
18.46 -0.000121244
18.47 -0.000116683
18.48 -0.000112835
18.49 -0.000110734
18.5 -0.000111136
18.51 -0.000114291
18.52 -0.000120115
18.53 -0.00012838
18.54 -0.000138798
18.55 -0.00015104
18.56 -0.000164674
18.57 -0.000179178
18.58 -0.00019407
18.59 -0.000208966
18.6 -0.000223544
18.61 -0.000237515
18.62 -0.000250636
18.63 -0.000262756
18.64 -0.000273844
18.65 -0.000283939
18.66 -0.000292965
18.67 -0.000300602
18.68 -0.000306367
18.69 -0.000309868
18.7 -0.000310991
18.71 -0.000309893
18.72 -0.000306882
18.73 -0.000302225
18.74 -0.000295956
18.75 -0.000287837
18.76 -0.000277411
18.77 -0.000263985
18.78 -0.000246788
18.79 -0.000225573
18.8 -0.000201085
18.81 -0.000174732
18.82 -0.000147914
18.83 -0.000121577
18.84 -9.60739e-05
18.85 -7.13312e-05
18.86 -4.71658e-05
18.87 -2.35361e-05
18.88 -7.40431e-07
18.89 2.04309e-05
18.9 3.88606e-05
18.91 5.35195e-05
18.92 6.37759e-05
18.93 6.95373e-05
18.94 7.12147e-05
18.95 6.94378e-05
18.96 6.4684e-05
18.97 5.70495e-05
18.98 4.62463e-05
18.99 3.18685e-05
19 1.38247e-05
19.01 -7.44301e-06
19.02 -3.11109e-05
19.03 -5.62433e-05
19.04 -8.19709e-05
19.05 -0.000107631
19.06 -0.000132952
19.07 -0.00015804
19.08 -0.000183044
19.09 -0.000207897
19.1 -0.000232259
19.11 -0.000255531
19.12 -0.000276942
19.13 -0.00029574
19.14 -0.000311453
19.15 -0.000324096
19.16 -0.000333996
19.17 -0.0003414
19.18 -0.000346344
19.19 -0.000348748
19.2 -0.000348534
19.21 -0.00034575
19.22 -0.000340561
19.23 -0.000333259
19.24 -0.000324386
19.25 -0.000314697
19.26 -0.000304956
19.27 -0.000295744
19.28 -0.000287353
19.29 -0.0002798
19.3 -0.000272927
19.31 -0.000266551
19.32 -0.000260582
19.33 -0.000254932
19.34 -0.000249424
19.35 -0.000243904
19.36 -0.00023837
19.37 -0.000232993
19.38 -0.000227988
19.39 -0.000223519
19.4 -0.000219783
19.41 -0.000217018
19.42 -0.000215299
19.43 -0.000214403
19.44 -0.000213973
19.45 -0.00021378
19.46 -0.0002138
19.47 -0.000214161
19.48 -0.000214983
19.49 -0.000216161
19.5 -0.000217319
19.51 -0.000217924
19.52 -0.00021735
19.53 -0.000214983
19.54 -0.00021042
19.55 -0.000203538
19.56 -0.000194425
19.57 -0.000183303
19.58 -0.000170412
19.59 -0.000155894
19.6 -0.000139742
19.61 -0.000121842
19.62 -0.000102082
19.63 -8.04413e-05
19.64 -5.69892e-05
19.65 -3.19485e-05
19.66 -5.68392e-06
19.67 2.14809e-05
19.68 4.92662e-05
19.69 7.7304e-05
19.7 0.00010518
19.71 0.000132568
19.72 0.000159255
19.73 0.000185063
19.74 0.000209785
19.75 0.000233121
19.76 0.000254682
19.77 0.000274188
19.78 0.000291644
19.79 0.000307247
19.8 0.000321127
19.81 0.000333236
19.82 0.000343543
19.83 0.000352284
19.84 0.000360008
19.85 0.000367397
19.86 0.000375006
19.87 0.000383109
19.88 0.000391761
19.89 0.00040093
19.9 0.000410574
19.91 0.000420673
19.92 0.000431234
19.93 0.000442274
19.94 0.000453813
19.95 0.000465877
19.96 0.000478471
19.97 0.000491545
19.98 0.000505062
19.99 0.000519105
20 0.000533733
20.01 0.00054876
20.02 0.000563824
20.03 0.000578577
20.04 0.000592739
20.05 0.000605967
20.06 0.00061781
20.07 0.00062782
20.08 0.000635638
20.09 0.000641054
20.1 0.000643996
20.11 0.000644457
20.12 0.000642398
20.13 0.000637763
20.14 0.000630605
20.15 0.000621127
20.16 0.00060962
20.17 0.000596427
20.18 0.000581748
20.19 0.000565351
20.2 0.000546633
20.21 0.000525019
20.22 0.000500267
20.23 0.00047251
20.24 0.000442205
20.25 0.000409989
20.26 0.000376527
20.27 0.000342566
20.28 0.000308905
20.29 0.000276054
20.3 0.000244043
20.31 0.000212682
20.32 0.000181871
20.33 0.000151734
20.34 0.000122598
20.35 9.48473e-05
20.36 6.86702e-05
20.37 4.38313e-05
20.38 1.97808e-05
20.39 -4.01923e-06
20.4 -2.79324e-05
20.41 -5.21352e-05
20.42 -7.66683e-05
20.43 -0.000101543
20.44 -0.000126799
20.45 -0.000152487
20.46 -0.00017866
20.47 -0.000205429
20.48 -0.000233036
20.49 -0.000261739
20.5 -0.000291657
20.51 -0.000322817
20.52 -0.000355207
20.53 -0.000388719
20.54 -0.000423025
20.55 -0.00045754
20.56 -0.000491613
20.57 -0.000524784
20.58 -0.00055682
20.59 -0.000587511
20.6 -0.000616523
20.61 -0.000643403
20.62 -0.000667648
20.63 -0.000688789
20.64 -0.000706452
20.65 -0.000720387
20.66 -0.000730533
20.67 -0.000736955
20.68 -0.000739696
20.69 -0.000738814
20.7 -0.000734423
20.71 -0.000726614
20.72 -0.000715444
20.73 -0.000701
20.74 -0.000683485
20.75 -0.000663316
20.76 -0.000641081
20.77 -0.000617371
20.78 -0.000592506
20.79 -0.000566428
20.8 -0.000538935
20.81 -0.000509957
20.82 -0.000479634
20.83 -0.000448229
20.84 -0.000415977
20.85 -0.000383021
20.86 -0.000349429
20.87 -0.000315316
20.88 -0.000280933
20.89 -0.000246694
20.9 -0.000213093
20.91 -0.000180561
20.92 -0.000149464
20.93 -0.000120198
20.94 -9.31648e-05
20.95 -6.86507e-05
20.96 -4.68434e-05
20.97 -2.79506e-05
20.98 -1.21441e-05
20.99 5.46491e-07
21 1.02256e-05
21.01 1.71073e-05
21.02 2.1478e-05
21.03 2.37272e-05
21.04 2.4504e-05
21.05 2.46951e-05
21.06 2.51291e-05
21.07 2.63849e-05
21.08 2.88217e-05
21.09 3.26837e-05
21.1 3.82168e-05
21.11 4.56537e-05
21.12 5.51271e-05
21.13 6.66971e-05
21.14 8.03899e-05
21.15 9.61273e-05
21.16 0.000113677
21.17 0.000132746
21.18 0.000153047
21.19 0.000174254
21.2 0.000196014
21.21 0.000218054
21.22 0.000240166
21.23 0.000262069
21.24 0.000283306
21.25 0.000303214
21.26 0.000321032
21.27 0.000336159
21.28 0.000348355
21.29 0.000357574
21.3 0.000363659
21.31 0.00036634
21.32 0.000365405
21.33 0.000360758
21.34 0.000352449
21.35 0.000340695
21.36 0.000325848
21.37 0.000308302
21.38 0.000288376
21.39 0.000266323
21.4 0.000242418
21.41 0.000216953
21.42 0.000190213
21.43 0.000162531
21.44 0.000134378
21.45 0.000106294
21.46 7.86732e-05
21.47 5.17e-05
21.48 2.55349e-05
21.49 4.33337e-07
21.5 -2.33009e-05
21.51 -4.53772e-05
21.52 -6.55919e-05
21.53 -8.38231e-05
21.54 -9.99686e-05
21.55 -0.000114006
21.56 -0.000126024
21.57 -0.000136114
21.58 -0.000144229
21.59 -0.000150142
21.6 -0.000153567
21.61 -0.000154339
21.62 -0.000152438
21.63 -0.000147952
21.64 -0.000141046
21.65 -0.000131956
21.66 -0.00012096
21.67 -0.000108304
21.68 -9.42885e-05
21.69 -7.93971e-05
21.7 -6.42289e-05
21.71 -4.93524e-05
21.72 -3.51789e-05
21.73 -2.19039e-05
21.74 -9.57619e-06
21.75 1.86893e-06
21.76 1.26931e-05
21.77 2.33235e-05
21.78 3.41389e-05
21.79 4.53034e-05
21.8 5.66948e-05
21.81 6.79754e-05
21.82 7.88333e-05
21.83 8.91564e-05
21.84 9.89853e-05
21.85 0.000108372
21.86 0.000117327
21.87 0.000125843
21.88 0.000133899
21.89 0.000141419
21.9 0.000148198
21.91 0.000153961
21.92 0.000158535
21.93 0.000161849
21.94 0.000163862
21.95 0.000164592
21.96 0.000164192
21.97 0.000162926
21.98 0.000161047
21.99 0.000158656
22 0.000155691
22.01 0.000151994
22.02 0.000147371
22.03 0.0001416
22.04 0.000134618
22.05 0.000126719
22.06 0.000118377
22.07 0.00010998
22.08 0.000101758
22.09 9.37415e-05
22.1 8.5733e-05
22.11 7.73853e-05
22.12 6.83538e-05
22.13 5.8477e-05
22.14 4.79066e-05
22.15 3.70317e-05
22.16 2.62338e-05
22.17 1.58104e-05
22.18 5.98451e-06
22.19 -3.26482e-06
22.2 -1.22531e-05
22.21 -2.13142e-05
22.22 -3.05265e-05
22.23 -3.96653e-05
22.24 -4.82614e-05
22.25 -5.57431e-05
22.26 -6.16602e-05
22.27 -6.58045e-05
22.28 -6.81954e-05
22.29 -6.91193e-05
22.3 -6.91671e-05
22.31 -6.90432e-05
22.32 -6.92227e-05
22.33 -6.97667e-05
22.34 -7.04291e-05
22.35 -7.08656e-05
22.36 -7.08213e-05
22.37 -7.03279e-05
22.38 -6.9705e-05
22.39 -6.93063e-05
22.4 -6.93692e-05
22.41 -7.00388e-05
22.42 -7.13312e-05
22.43 -7.30467e-05
22.44 -7.47766e-05
22.45 -7.60658e-05
22.46 -7.66983e-05
22.47 -7.68948e-05
22.48 -7.71478e-05
22.49 -7.78351e-05
22.5 -7.90544e-05
22.51 -8.06885e-05
22.52 -8.24641e-05
22.53 -8.39959e-05
22.54 -8.48684e-05
22.55 -8.47943e-05
22.56 -8.37889e-05
22.57 -8.21504e-05
22.58 -8.0236e-05
22.59 -7.82014e-05
22.6 -7.58019e-05
22.61 -7.24501e-05
22.62 -6.75483e-05
22.63 -6.06874e-05
22.64 -5.16521e-05
22.65 -4.04831e-05
22.66 -2.74374e-05
22.67 -1.27621e-05
22.68 3.45654e-06
22.69 2.1314e-05
22.7 4.0971e-05
22.71 6.24722e-05
22.72 8.57361e-05
22.73 0.000110585
22.74 0.000136697
22.75 0.000163613
22.76 0.000190783
22.77 0.00021766
22.78 0.000243831
22.79 0.000268955
22.8 0.000292644
22.81 0.000314436
22.82 0.000333819
22.83 0.000350321
22.84 0.000363569
22.85 0.000373286
22.86 0.000379306
22.87 0.000381608
22.88 0.000380303
22.89 0.00037559
22.9 0.000367655
22.91 0.000356692
22.92 0.000342971
22.93 0.000326782
22.94 0.000308397
22.95 0.000288185
22.96 0.000266673
22.97 0.000244466
22.98 0.000222089
22.99 0.0001998
23 0.000177639
23.01 0.000155607
23.02 0.000133731
23.03 0.000112105
23.04 9.09187e-05
23.05 7.03394e-05
23.06 5.03677e-05
23.07 3.09237e-05
23.08 1.20083e-05
23.09 -6.27212e-06
23.1 -2.37403e-05
23.11 -4.02362e-05
23.12 -5.55877e-05
23.13 -6.95043e-05
23.14 -8.17787e-05
23.15 -9.25598e-05
23.16 -0.000102274
23.17 -0.000111418
23.18 -0.000120502
23.19 -0.00013002
23.2 -0.000140328
23.21 -0.000151569
23.22 -0.000163678
23.23 -0.000176405
23.24 -0.000189517
23.25 -0.000203085
23.26 -0.000217533
23.27 -0.000233408
23.28 -0.000251084
23.29 -0.000270597
23.3 -0.000291678
23.31 -0.000313828
23.32 -0.000336399
23.33 -0.000358759
23.34 -0.00038048
23.35 -0.000401365
23.36 -0.000421385
23.37 -0.000440636
23.38 -0.000459204
23.39 -0.000476988
23.4 -0.00049365
23.41 -0.000508681
23.42 -0.000521557
23.43 -0.000531894
23.44 -0.000539493
23.45 -0.000544327
23.46 -0.000546448
23.47 -0.000545838
23.48 -0.00054244
23.49 -0.000536159
23.5 -0.000526773
23.51 -0.000514012
23.52 -0.000497686
23.53 -0.000477693
23.54 -0.000454102
23.55 -0.00042723
23.56 -0.000397509
23.57 -0.000365302
23.58 -0.000330901
23.59 -0.00029454
23.6 -0.000256348
23.61 -0.000216448
23.62 -0.000175165
23.63 -0.00013308
23.64 -9.0864e-05
23.65 -4.91364e-05
23.66 -8.49499e-06
23.67 3.05626e-05
23.68 6.78933e-05
23.69 0.000103662
23.7 0.000137965
23.71 0.000170655
23.72 0.000201493
23.73 0.000230308
23.74 0.000257005
23.75 0.000281519
23.76 0.000303849
23.77 0.000324178
23.78 0.000342867
23.79 0.000360307
23.8 0.000376734
23.81 0.00039214
23.82 0.000406343
23.83 0.000419208
23.84 0.000430874
23.85 0.000441688
23.86 0.000451957
23.87 0.000461852
23.88 0.000471368
23.89 0.000480288
23.9 0.000488271
23.91 0.00049493
23.92 0.000499812
23.93 0.000502426
23.94 0.000502355
23.95 0.000499345
23.96 0.000493334
23.97 0.000484405
23.98 0.000472672
23.99 0.000458245
24 0.000441204
24.01 0.000421526
24.02 0.00039915
24.03 0.000374172
24.04 0.000346909
24.05 0.000317749
24.06 0.000287104
24.07 0.000255477
24.08 0.000223327
24.09 0.000190917
24.1 0.000158381
24.11 0.000125884
24.12 9.36547e-05
24.13 6.18557e-05
24.14 3.05823e-05
24.15 3.24525e-08
24.16 -2.94919e-05
24.17 -5.7692e-05
24.18 -8.4316e-05
24.19 -0.00010923
24.2 -0.000132517
24.21 -0.000154486
24.22 -0.000175534
24.23 -0.000196027
24.24 -0.000216258
24.25 -0.000236446
24.26 -0.000256745
24.27 -0.000277183
24.28 -0.000297615
24.29 -0.000317837
24.3 -0.000337769
24.31 -0.000357513
24.32 -0.00037728
24.33 -0.000397217
24.34 -0.000417271
24.35 -0.000437194
24.36 -0.000456596
24.37 -0.000474958
24.38 -0.000491698
24.39 -0.000506256
24.4 -0.000518234
24.41 -0.000527453
24.42 -0.000533849
24.43 -0.000537389
24.44 -0.000538085
24.45 -0.000535929
24.46 -0.000530797
24.47 -0.000522573
24.48 -0.000511356
24.49 -0.000497425
24.5 -0.00048104
24.51 -0.000462282
24.52 -0.000441172
24.53 -0.000417954
24.54 -0.000393063
24.55 -0.000366751
24.56 -0.000338842
24.57 -0.000308962
24.58 -0.000276884
24.59 -0.000242632
24.6 -0.000206419
24.61 -0.000168603
24.62 -0.000129623
24.63 -8.98433e-05
24.64 -4.95428e-05
24.65 -8.99766e-06
24.66 3.16287e-05
24.67 7.229e-05
24.68 0.000112844
24.69 0.00015301
24.7 0.000192345
24.71 0.000230132
24.72 0.000265552
24.73 0.000298039
24.74 0.000327444
24.75 0.000353989
24.76 0.000378068
24.77 0.000400116
24.78 0.00042056
24.79 0.00043973
24.8 0.000457807
24.81 0.000474928
24.82 0.000491308
24.83 0.000507201
24.84 0.000522852
24.85 0.000538457
24.86 0.000554082
24.87 0.000569544
24.88 0.000584364
24.89 0.000597899
24.9 0.000609598
24.91 0.000619095
24.92 0.000626213
24.93 0.000630985
24.94 0.000633586
24.95 0.00063424
24.96 0.000633076
24.97 0.000630021
24.98 0.000624829
24.99 0.000617176
25 0.000606796
25.01 0.000593621
25.02 0.00057784
25.03 0.000559825
25.04 0.000539863
25.05 0.000517982
25.06 0.000493984
25.07 0.000467593
25.08 0.000438618
25.09 0.000407044
25.1 0.000372965
25.11 0.000336521
25.12 0.00029795
25.13 0.000257554
25.14 0.000215607
25.15 0.000172351
25.16 0.000128015
25.17 8.28316e-05
25.18 3.71766e-05
25.19 -8.33071e-06
25.2 -5.30231e-05
25.21 -9.63479e-05
25.22 -0.000137854
25.23 -0.000177259
25.24 -0.000214508
25.25 -0.000249591
25.26 -0.00028238
25.27 -0.000312788
25.28 -0.000340837
25.29 -0.000366558
25.3 -0.000390071
25.31 -0.000411666
25.32 -0.000431743
25.33 -0.000450641
25.34 -0.000468495
25.35 -0.000485384
25.36 -0.000501595
25.37 -0.000517499
25.38 -0.000533281
25.39 -0.000548889
25.4 -0.000563978
25.41 -0.000577906
25.42 -0.000590025
25.43 -0.000599943
25.44 -0.000607554
25.45 -0.000612889
25.46 -0.000616035
25.47 -0.000617178
25.48 -0.000616502
25.49 -0.000614032
25.5 -0.000609612
25.51 -0.000603006
25.52 -0.000594072
25.53 -0.000582902
25.54 -0.000569864
25.55 -0.00055544
25.56 -0.000539883
25.57 -0.000523074
25.58 -0.000504843
25.59 -0.000485233
25.6 -0.000464375
25.61 -0.00044233
25.62 -0.000419113
25.63 -0.000394728
25.64 -0.000369098
25.65 -0.000342195
25.66 -0.000314237
25.67 -0.000285513
25.68 -0.000256104
25.69 -0.000225967
25.7 -0.000195121
25.71 -0.000163579
25.72 -0.000131269
25.73 -9.81241e-05
25.74 -6.41176e-05
25.75 -2.93043e-05
25.76 6.07678e-06
25.77 4.17331e-05
25.78 7.7604e-05
25.79 0.00011381
25.8 0.000150321
25.81 0.000186885
25.82 0.000223292
25.83 0.000259498
25.84 0.000295468
25.85 0.000331094
25.86 0.000366317
25.87 0.000401184
25.88 0.000435737
25.89 0.000469905
25.9 0.000503552
25.91 0.000536539
25.92 0.000568622
25.93 0.000599401
25.94 0.00062841
25.95 0.000655253
25.96 0.000679647
25.97 0.000701332
25.98 0.000719987
25.99 0.000735241
26 0.000746735
26.01 0.00075419
26.02 0.000757471
26.03 0.000756607
26.04 0.000751723
26.05 0.000742983
26.06 0.000730569
26.07 0.000714709
26.08 0.000695722
26.09 0.000673927
26.1 0.000649549
26.11 0.000622712
26.12 0.000593536
26.13 0.000562281
26.14 0.000529354
26.15 0.000495067
26.16 0.000459445
26.17 0.000422387
26.18 0.000383919
26.19 0.000344218
26.2 0.00030353
26.21 0.000262109
26.22 0.000220175
26.23 0.000177935
26.24 0.000135616
26.25 9.35192e-05
26.26 5.20197e-05
26.27 1.14645e-05
26.28 -2.79479e-05
26.29 -6.61421e-05
26.3 -0.000103025
26.31 -0.000138399
26.32 -0.00017198
26.33 -0.000203525
26.34 -0.000232984
26.35 -0.000260462
26.36 -0.000286151
26.37 -0.000310282
26.38 -0.000333057
26.39 -0.000354707
26.4 -0.000375522
26.41 -0.000395794
26.42 -0.000415788
26.43 -0.000435701
26.44 -0.000455567
26.45 -0.000475333
26.46 -0.000495033
26.47 -0.000514683
26.48 -0.0005341
26.49 -0.000552959
26.5 -0.000570924
26.51 -0.000587604
26.52 -0.000602555
26.53 -0.000615452
26.54 -0.000626168
26.55 -0.000634616
26.56 -0.000640713
26.57 -0.0006445
26.58 -0.000646108
26.59 -0.000645608
26.6 -0.000643014
26.61 -0.000638262
26.62 -0.000631192
26.63 -0.000621678
26.64 -0.00060971
26.65 -0.00059537
26.66 -0.000578899
26.67 -0.000560693
26.68 -0.000541108
26.69 -0.000520337
26.7 -0.000498498
26.71 -0.000475729
26.72 -0.000452133
26.73 -0.000427703
26.74 -0.000402396
26.75 -0.000376293
26.76 -0.00034966
26.77 -0.000322795
26.78 -0.00029585
26.79 -0.000268921
26.8 -0.000242217
26.81 -0.000215973
26.82 -0.000190248
26.83 -0.000164918
26.84 -0.000139854
26.85 -0.00011506
26.86 -9.06369e-05
26.87 -6.67193e-05
26.88 -4.34432e-05
26.89 -2.08405e-05
26.9 1.2545e-06
26.91 2.31245e-05
26.92 4.50803e-05
26.93 6.74678e-05
26.94 9.05927e-05
26.95 0.00011461
26.96 0.000139461
26.97 0.000164898
26.98 0.000190677
26.99 0.000216735
27 0.000243161
27.01 0.000270073
27.02 0.000297522
27.03 0.000325433
27.04 0.000353583
27.05 0.000381631
27.06 0.000409112
27.07 0.000435484
27.08 0.000460407
27.09 0.000483937
27.1 0.000506258
27.11 0.000527408
27.12 0.000547325
27.13 0.000565876
27.14 0.000582819
27.15 0.000597775
27.16 0.000610275
27.17 0.000620002
27.18 0.000626958
27.19 0.000631326
27.2 0.000633269
27.21 0.000632859
27.22 0.000630043
27.23 0.000624622
27.24 0.000616364
27.25 0.000605139
27.26 0.00059094
27.27 0.000573958
27.28 0.000554658
27.29 0.000533607
27.3 0.000511188
27.31 0.000487454
27.32 0.000462202
27.33 0.000435141
27.34 0.000406041
27.35 0.000374887
27.36 0.000341916
27.37 0.000307519
27.38 0.00027222
27.39 0.000236569
27.4 0.00020094
27.41 0.000165514
27.42 0.000130383
27.43 9.56293e-05
27.44 6.13781e-05
27.45 2.78378e-05
27.46 -4.66774e-06
27.47 -3.57906e-05
27.48 -6.53128e-05
27.49 -9.3173e-05
27.5 -0.000119476
27.51 -0.000144462
27.52 -0.000168364
27.53 -0.000191361
27.54 -0.000213587
27.55 -0.000235109
27.56 -0.000255919
27.57 -0.000275977
27.58 -0.000295291
27.59 -0.000313992
27.6 -0.000332341
27.61 -0.000350655
27.62 -0.00036921
27.63 -0.000388091
27.64 -0.000407158
27.65 -0.000426139
27.66 -0.000444641
27.67 -0.000462144
27.68 -0.00047812
27.69 -0.00049212
27.7 -0.000503819
27.71 -0.000513082
27.72 -0.000519897
27.73 -0.000524274
27.74 -0.000526222
27.75 -0.000525774
27.76 -0.000522977
27.77 -0.000517849
27.78 -0.000510395
27.79 -0.000500623
27.8 -0.000488598
27.81 -0.000474496
27.82 -0.000458544
27.83 -0.00044096
27.84 -0.000421926
27.85 -0.000401551
27.86 -0.000379923
27.87 -0.000357202
27.88 -0.000333565
27.89 -0.000309083
27.9 -0.000283777
27.91 -0.000257774
27.92 -0.00023135
27.93 -0.000204876
27.94 -0.000178616
27.95 -0.000152586
27.96 -0.000126715
27.97 -0.000101034
27.98 -7.56556e-05
27.99 -5.06629e-05
28 -2.60732e-05
28.01 -1.9599e-06
28.02 2.15205e-05
28.03 4.42914e-05
28.04 6.64772e-05
28.05 8.83238e-05
28.06 0.00011003
28.07 0.000131688
28.08 0.000153335
28.09 0.000174957
28.1 0.000196474
28.11 0.000217786
28.12 0.000238849
28.13 0.000259729
28.14 0.000280567
28.15 0.000301449
28.16 0.000322349
28.17 0.000343158
28.18 0.000363706
28.19 0.00038377
28.2 0.000403118
28.21 0.000421566
28.22 0.000438981
28.23 0.000455192
28.24 0.000469944
28.25 0.000482986
28.26 0.000494109
28.27 0.000503069
28.28 0.000509645
28.29 0.000513786
28.3 0.000515554
28.31 0.000514941
28.32 0.000511863
28.33 0.000506285
28.34 0.000498268
28.35 0.000487872
28.36 0.000475081
28.37 0.000459877
28.38 0.000442306
28.39 0.000422478
28.4 0.000400589
28.41 0.000376864
28.42 0.000351516
28.43 0.000324744
28.44 0.000296769
28.45 0.000267892
28.46 0.000238452
28.47 0.000208757
28.48 0.00017905
28.49 0.000149513
28.5 0.00012029
28.51 9.1535e-05
28.52 6.34321e-05
28.53 3.61327e-05
28.54 9.74413e-06
28.55 -1.56422e-05
28.56 -3.99597e-05
28.57 -6.31678e-05
28.58 -8.5249e-05
28.59 -0.00010624
28.6 -0.000126213
28.61 -0.000145221
28.62 -0.000163325
28.63 -0.000180625
28.64 -0.000197204
28.65 -0.000213121
28.66 -0.000228476
28.67 -0.000243413
28.68 -0.000258026
28.69 -0.000272357
28.7 -0.000286451
28.71 -0.000300384
28.72 -0.000314234
28.73 -0.000328009
28.74 -0.000341632
28.75 -0.000354978
28.76 -0.000367897
28.77 -0.000380223
28.78 -0.000391754
28.79 -0.000402285
28.8 -0.000411662
28.81 -0.000419794
28.82 -0.000426613
28.83 -0.000432039
28.84 -0.000435966
28.85 -0.000438259
28.86 -0.000438757
28.87 -0.00043729
28.88 -0.000433747
28.89 -0.000428125
28.9 -0.000420508
28.91 -0.000411005
28.92 -0.000399719
28.93 -0.000386743
28.94 -0.000372171
28.95 -0.00035607
28.96 -0.000338487
28.97 -0.000319496
28.98 -0.00029921
28.99 -0.000277767
29 -0.000255338
29.01 -0.000232117
29.02 -0.000208293
29.03 -0.000184009
29.04 -0.000159354
29.05 -0.000134382
29.06 -0.000109163
29.07 -8.38274e-05
29.08 -5.85338e-05
29.09 -3.34512e-05
29.1 -8.74061e-06
29.11 1.54641e-05
29.12 3.90617e-05
29.13 6.19891e-05
29.14 8.42227e-05
29.15 0.000105749
29.16 0.000126532
29.17 0.000146527
29.18 0.000165704
29.19 0.000184042
29.2 0.000201513
29.21 0.0002181
29.22 0.000233823
29.23 0.000248738
29.24 0.000262906
29.25 0.000276365
29.26 0.000289117
29.27 0.000301139
29.28 0.000312412
29.29 0.000322917
29.3 0.000332619
29.31 0.000341472
29.32 0.000349418
29.33 0.000356394
29.34 0.000362336
29.35 0.000367178
29.36 0.000370851
29.37 0.000373293
29.38 0.000374448
29.39 0.000374287
29.4 0.000372802
29.41 0.000369999
29.42 0.000365885
29.43 0.000360471
29.44 0.000353765
29.45 0.000345782
29.46 0.000336543
29.47 0.000326077
29.48 0.000314424
29.49 0.000301637
29.5 0.000287781
29.51 0.000272928
29.52 0.000257154
29.53 0.000240536
29.54 0.000223152
29.55 0.000205076
29.56 0.000186387
29.57 0.000167165
29.58 0.000147494
29.59 0.000127461
29.6 0.000107153
29.61 8.66528e-05
29.62 6.60429e-05
29.63 4.54002e-05
29.64 2.47978e-05
29.65 4.30548e-06
29.66 -1.60108e-05
29.67 -3.60882e-05
29.68 -5.58672e-05
29.69 -7.52934e-05
29.7 -9.4319e-05
29.71 -0.000112903
29.72 -0.00013101
29.73 -0.000148608
29.74 -0.000165669
29.75 -0.000182161
29.76 -0.000198052
29.77 -0.000213306
29.78 -0.000227884
29.79 -0.000241747
29.8 -0.000254853
29.81 -0.000267161
29.82 -0.000278628
29.83 -0.000289213
29.84 -0.000298871
29.85 -0.000307556
29.86 -0.000315223
29.87 -0.000321824
29.88 -0.000327316
29.89 -0.000331659
29.9 -0.000334819
29.91 -0.000336771
29.92 -0.000337494
29.93 -0.000336979
29.94 -0.000335221
29.95 -0.000332224
29.96 -0.000328001
29.97 -0.00032257
29.98 -0.000315954
29.99 -0.000308179
30 -0.000299286
30.01 -0.000289325
30.02 -0.000278349
30.03 -0.000266411
30.04 -0.000253567
30.05 -0.000239875
30.06 -0.000225398
30.07 -0.000210204
30.08 -0.000194361
30.09 -0.000177942
30.1 -0.000161023
30.11 -0.000143682
30.12 -0.000125996
30.13 -0.000108043
30.14 -8.98946e-05
30.15 -7.16224e-05
30.16 -5.32933e-05
30.17 -3.49721e-05
30.18 -1.67211e-05
30.19 1.40055e-06
30.2 1.93379e-05
30.21 3.7041e-05
30.22 5.44646e-05
30.23 7.15681e-05
30.24 8.83146e-05
30.25 0.00010467
30.26 0.000120603
30.27 0.000136083
30.28 0.000151081
30.29 0.00016557
30.3 0.000179521
30.31 0.000192907
30.32 0.000205699
30.33 0.00021787
30.34 0.000229388
30.35 0.000240219
30.36 0.000250326
30.37 0.000259669
30.38 0.000268205
30.39 0.00027589
30.4 0.00028268
30.41 0.000288532
30.42 0.000293407
30.43 0.00029727
30.44 0.00030009
30.45 0.000301843
30.46 0.00030251
30.47 0.000302079
30.48 0.000300545
30.49 0.000297909
30.5 0.000294177
30.51 0.000289364
30.52 0.000283488
30.53 0.000276577
30.54 0.00026866
30.55 0.000259774
30.56 0.000249961
30.57 0.000239266
30.58 0.000227739
30.59 0.000215434
30.6 0.000202407
30.61 0.000188718
30.62 0.000174431
30.63 0.000159608
30.64 0.000144316
30.65 0.000128619
30.66 0.000112585
30.67 9.62793e-05
30.68 7.97667e-05
30.69 6.31117e-05
30.7 4.63772e-05
30.71 2.9624e-05
30.72 1.29107e-05
30.73 -3.70689e-06
30.74 -2.0176e-05
30.75 -3.6447e-05
30.76 -5.24736e-05
30.77 -6.82127e-05
30.78 -8.36241e-05
30.79 -9.867e-05
30.8 -0.000113315
30.81 -0.000127525
30.82 -0.000141268
30.83 -0.000154512
30.84 -0.000167227
30.85 -0.000179382
30.86 -0.000190947
30.87 -0.00020189
30.88 -0.000212183
30.89 -0.000221792
30.9 -0.000230686
30.91 -0.000238834
30.92 -0.000246202
30.93 -0.00025276
30.94 -0.000258476
30.95 -0.000263321
30.96 -0.000267267
30.97 -0.000270292
30.98 -0.000272374
30.99 -0.000273498
31 -0.000273654
31.01 -0.000272835
31.02 -0.00027104
31.03 -0.000268275
31.04 -0.000264549
31.05 -0.000259876
31.06 -0.000254277
31.07 -0.000247775
31.08 -0.0002404
31.09 -0.000232183
31.1 -0.000223161
31.11 -0.000213375
31.12 -0.000202867
31.13 -0.000191684
31.14 -0.000179874
31.15 -0.000167489
31.16 -0.000154582
31.17 -0.000141206
31.18 -0.000127417
31.19 -0.000113272
31.2 -9.88264e-05
31.21 -8.41364e-05
31.22 -6.92574e-05
31.23 -5.42439e-05
31.24 -3.9149e-05
31.25 -2.40243e-05
31.26 -8.9196e-06
31.27 6.11721e-06
31.28 2.10402e-05
31.29 3.58054e-05
31.3 5.0371e-05
31.31 6.46969e-05
31.32 7.87448e-05
31.33 9.2478e-05
31.34 0.000105861
31.35 0.00011886
31.36 0.00013144
31.37 0.00014357
31.38 0.000155216
31.39 0.000166347
31.4 0.000176929
31.41 0.000186932
31.42 0.000196323
31.43 0.000205071
31.44 0.000213142
31.45 0.000220507
31.46 0.000227134
31.47 0.000232995
31.48 0.000238061
31.49 0.000242308
31.5 0.000245713
31.51 0.000248256
31.52 0.000249924
31.53 0.000250704
31.54 0.00025059
31.55 0.00024958
31.56 0.000247675
31.57 0.000244884
31.58 0.000241216
31.59 0.000236688
31.6 0.00023132
31.61 0.000225135
31.62 0.000218161
31.63 0.00021043
31.64 0.000201975
31.65 0.000192835
31.66 0.00018305
31.67 0.000172663
31.68 0.000161719
31.69 0.000150264
31.7 0.000138347
31.71 0.000126018
31.72 0.000113325
31.73 0.000100321
31.74 8.70546e-05
31.75 7.35769e-05
31.76 5.99374e-05
31.77 4.61848e-05
31.78 3.2367e-05
31.79 1.85303e-05
31.8 4.7197e-06
31.81 -9.02148e-06
31.82 -2.26515e-05
31.83 -3.61303e-05
31.84 -4.94195e-05
31.85 -6.24821e-05
31.86 -7.52827e-05
31.87 -8.77871e-05
31.88 -9.99621e-05
31.89 -0.000111776
31.9 -0.000123196
31.91 -0.000134192
31.92 -0.000144735
31.93 -0.000154792
31.94 -0.000164336
31.95 -0.000173336
31.96 -0.000181763
31.97 -0.00018959
31.98 -0.000196787
31.99 -0.000203327
32 -0.000209184
32.01 -0.000214333
32.02 -0.000218751
32.03 -0.000222417
32.04 -0.000225312
32.05 -0.000227422
32.06 -0.000228733
32.07 -0.000229238
32.08 -0.000228932
32.09 -0.000227814
32.1 -0.000225886
32.11 -0.000223157
32.12 -0.000219637
32.13 -0.000215341
32.14 -0.000210286
32.15 -0.000204494
32.16 -0.000197991
32.17 -0.000190804
32.18 -0.000182965
32.19 -0.000174506
32.2 -0.000165465
32.21 -0.00015588
32.22 -0.000145789
32.23 -0.000135236
32.24 -0.000124263
32.25 -0.000112913
32.26 -0.000101233
32.27 -8.92656e-05
32.28 -7.70573e-05
32.29 -6.46528e-05
32.3 -5.20971e-05
32.31 -3.94341e-05
32.32 -2.67073e-05
32.33 -1.39593e-05
32.34 -1.23134e-06
32.35 1.1436e-05
32.36 2.40037e-05
32.37 3.64337e-05
32.38 4.86892e-05
32.39 6.07344e-05
32.4 7.25348e-05
32.41 8.40566e-05
32.42 9.5267e-05
32.43 0.000106134
32.44 0.000116627
32.45 0.000126714
32.46 0.000136366
32.47 0.000145554
32.48 0.000154249
32.49 0.000162422
32.5 0.000170048
32.51 0.000177099
32.52 0.00018355
32.53 0.000189376
32.54 0.000194556
32.55 0.000199068
32.56 0.000202894
32.57 0.000206016
32.58 0.000208421
32.59 0.000210097
32.6 0.000211037
32.61 0.000211234
32.62 0.000210688
32.63 0.000209401
32.64 0.000207376
32.65 0.000204623
32.66 0.000201154
32.67 0.000196982
32.68 0.000192128
32.69 0.00018661
32.7 0.000180453
32.71 0.000173683
32.72 0.00016633
32.73 0.000158423
32.74 0.000149996
32.75 0.000141083
32.76 0.000131721
32.77 0.000121947
32.78 0.0001118
32.79 0.000101319
32.8 9.05429e-05
32.81 7.95131e-05
32.82 6.82694e-05
32.83 5.68519e-05
32.84 4.53006e-05
32.85 3.36548e-05
32.86 2.19536e-05
32.87 1.02349e-05
32.88 -1.4636e-06
32.89 -1.31054e-05
32.9 -2.46548e-05
32.91 -3.60767e-05
32.92 -4.73372e-05
32.93 -5.84029e-05
32.94 -6.92414e-05
32.95 -7.9821e-05
32.96 -9.01105e-05
32.97 -0.00010008
32.98 -0.000109698
32.99 -0.000118937
33 -0.000127768
33.01 -0.000136163
33.02 -0.000144094
33.03 -0.000151536
33.04 -0.000158462
33.05 -0.000164848
33.06 -0.00017067
33.07 -0.000175907
33.08 -0.000180538
33.09 -0.000184545
33.1 -0.00018791
33.11 -0.00019062
33.12 -0.000192663
33.13 -0.000194029
33.14 -0.000194714
33.15 -0.000194712
33.16 -0.000194024
33.17 -0.000192654
33.18 -0.000190605
33.19 -0.000187888
33.2 -0.000184514
33.21 -0.000180498
33.22 -0.000175857
33.23 -0.00017061
33.24 -0.000164781
33.25 -0.000158394
33.26 -0.000151475
33.27 -0.000144054
33.28 -0.00013616
33.29 -0.000127826
33.3 -0.000119085
33.31 -0.000109971
33.32 -0.00010052
33.33 -9.07671e-05
33.34 -8.07493e-05
33.35 -7.05031e-05
33.36 -6.00654e-05
33.37 -4.94731e-05
33.38 -3.87628e-05
33.39 -2.79707e-05
33.4 -1.71327e-05
33.41 -6.28413e-06
33.42 4.54019e-06
33.43 1.53062e-05
33.44 2.59804e-05
33.45 3.65301e-05
33.46 4.69233e-05
33.47 5.71285e-05
33.48 6.7115e-05
33.49 7.68528e-05
33.5 8.63126e-05
33.51 9.54654e-05
33.52 0.000104283
33.53 0.000112739
33.54 0.000120805
33.55 0.000128456
33.56 0.000135667
33.57 0.000142413
33.58 0.000148672
33.59 0.00015442
33.6 0.000159639
33.61 0.000164307
33.62 0.000168408
33.63 0.000171926
33.64 0.000174846
33.65 0.000177158
33.66 0.000178852
33.67 0.000179921
33.68 0.00018036
33.69 0.000180169
33.7 0.000179347
33.71 0.0001779
33.72 0.000175832
33.73 0.000173153
33.74 0.000169875
33.75 0.000166012
33.76 0.000161579
33.77 0.000156597
33.78 0.000151084
33.79 0.000145065
33.8 0.000138564
33.81 0.000131606
33.82 0.00012422
33.83 0.000116436
33.84 0.000108282
33.85 9.97906e-05
33.86 9.09935e-05
33.87 8.19233e-05
33.88 7.2613e-05
33.89 6.30962e-05
33.9 5.34063e-05
33.91 4.35769e-05
33.92 3.36415e-05
33.93 2.36335e-05
33.94 1.35859e-05
33.95 3.53142e-06
33.96 -6.4977e-06
33.97 -1.64696e-05
33.98 -2.6353e-05
33.99 -3.61169e-05
34 -4.57313e-05
34.01 -5.51662e-05
34.02 -6.43925e-05
34.03 -7.33817e-05
34.04 -8.21056e-05
34.05 -9.0537e-05
34.06 -9.8649e-05
34.07 -0.000106416
34.08 -0.000113812
34.09 -0.000120813
34.1 -0.000127395
34.11 -0.000133536
34.12 -0.000139215
34.13 -0.000144412
34.14 -0.000149107
34.15 -0.000153284
34.16 -0.000156928
34.17 -0.000160024
34.18 -0.000162561
34.19 -0.00016453
34.2 -0.000165923
34.21 -0.000166735
34.22 -0.000166964
34.23 -0.000166609
34.24 -0.000165672
34.25 -0.000164157
34.26 -0.000162073
34.27 -0.000159427
34.28 -0.000156232
34.29 -0.000152501
34.3 -0.00014825
34.31 -0.000143497
34.32 -0.000138261
34.33 -0.000132564
34.34 -0.000126428
34.35 -0.000119877
34.36 -0.000112939
34.37 -0.000105638
34.38 -9.80041e-05
34.39 -9.00644e-05
34.4 -8.18487e-05
34.41 -7.33869e-05
34.42 -6.47092e-05
34.43 -5.58463e-05
34.44 -4.68288e-05
34.45 -3.76877e-05
34.46 -2.84536e-05
34.47 -1.91574e-05
34.48 -9.82954e-06
34.49 -5.00237e-07
34.5 8.80053e-06
34.51 1.80431e-05
34.52 2.71984e-05
34.53 3.62374e-05
34.54 4.51318e-05
34.55 5.38536e-05
34.56 6.23755e-05
34.57 7.06705e-05
34.58 7.87122e-05
34.59 8.6475e-05
34.6 9.39337e-05
34.61 0.000101064
34.62 0.000107842
34.63 0.000114245
34.64 0.000120252
34.65 0.000125842
34.66 0.000130995
34.67 0.000135693
34.68 0.000139919
34.69 0.000143659
34.7 0.000146898
34.71 0.000149624
34.72 0.000151828
34.73 0.000153502
34.74 0.00015464
34.75 0.000155238
34.76 0.000155295
34.77 0.00015481
34.78 0.000153788
34.79 0.000152232
34.8 0.00015015
34.81 0.000147552
34.82 0.000144448
34.83 0.000140851
34.84 0.000136778
34.85 0.000132243
34.86 0.000127267
34.87 0.000121868
34.88 0.000116069
34.89 0.000109891
34.9 0.00010336
34.91 9.64982e-05
34.92 8.93329e-05
34.93 8.18903e-05
34.94 7.41973e-05
34.95 6.62817e-05
34.96 5.81715e-05
34.97 4.98948e-05
34.98 4.14803e-05
34.99 3.29565e-05
35 2.43521e-05
35.01 1.56956e-05
35.02 7.01538e-06
35.03 -1.6602e-06
35.04 -1.03032e-05
35.05 -1.88857e-05
35.06 -2.73805e-05
35.07 -3.57604e-05
35.08 -4.39987e-05
35.09 -5.20693e-05
35.1 -5.99462e-05
35.11 -6.76043e-05
35.12 -7.50189e-05
35.13 -8.21659e-05
35.14 -8.90219e-05
35.15 -9.55643e-05
35.16 -0.000101771
35.17 -0.000107622
35.18 -0.000113097
35.19 -0.000118176
35.2 -0.000122843
35.21 -0.000127081
35.22 -0.000130876
35.23 -0.000134213
35.24 -0.000137082
35.25 -0.000139471
35.26 -0.000141373
35.27 -0.000142781
35.28 -0.000143691
35.29 -0.0001441
35.3 -0.000144007
35.31 -0.000143414
35.32 -0.000142323
35.33 -0.000140742
35.34 -0.000138675
35.35 -0.000136133
35.36 -0.000133126
35.37 -0.000129667
35.38 -0.00012577
35.39 -0.00012145
35.4 -0.000116726
35.41 -0.000111615
35.42 -0.000106137
35.43 -0.000100313
35.44 -9.41661e-05
35.45 -8.77178e-05
35.46 -8.09923e-05
35.47 -7.4014e-05
35.48 -6.68078e-05
35.49 -5.93993e-05
35.5 -5.18143e-05
35.51 -4.4079e-05
35.52 -3.62199e-05
35.53 -2.82634e-05
35.54 -2.02363e-05
35.55 -1.21651e-05
35.56 -4.07639e-06
35.57 4.00331e-06
35.58 1.20477e-05
35.59 2.00308e-05
35.6 2.79266e-05
35.61 3.57097e-05
35.62 4.33548e-05
35.63 5.08373e-05
35.64 5.81328e-05
35.65 6.52175e-05
35.66 7.20681e-05
35.67 7.86621e-05
35.68 8.49774e-05
35.69 9.09931e-05
35.7 9.66888e-05
35.71 0.000102045
35.72 0.000107044
35.73 0.000111668
35.74 0.000115901
35.75 0.000119729
35.76 0.000123138
35.77 0.000126116
35.78 0.000128654
35.79 0.000130742
35.8 0.000132374
35.81 0.000133544
35.82 0.00013425
35.83 0.000134489
35.84 0.000134261
35.85 0.000133569
35.86 0.000132417
35.87 0.00013081
35.88 0.000128755
35.89 0.000126261
35.9 0.000123339
35.91 0.000120001
35.92 0.00011626
35.93 0.000112132
35.94 0.000107632
35.95 0.000102779
35.96 9.75899e-05
35.97 9.20854e-05
35.98 8.62857e-05
35.99 8.02119e-05
36 7.38863e-05
36.01 6.73313e-05
36.02 6.05704e-05
36.03 5.3627e-05
36.04 4.65252e-05
36.05 3.92893e-05
36.06 3.1944e-05
36.07 2.45138e-05
36.08 1.70235e-05
36.09 9.49801e-06
36.1 1.96204e-06
36.11 -5.55971e-06
36.12 -1.30427e-05
36.13 -2.04625e-05
36.14 -2.7795e-05
36.15 -3.50164e-05
36.16 -4.2103e-05
36.17 -4.90319e-05
36.18 -5.57802e-05
36.19 -6.23257e-05
36.2 -6.8647e-05
36.21 -7.47228e-05
36.22 -8.0533e-05
36.23 -8.60579e-05
36.24 -9.1279e-05
36.25 -9.61785e-05
36.26 -0.00010074
36.27 -0.000104947
36.28 -0.000108786
36.29 -0.000112243
36.3 -0.000115306
36.31 -0.000117966
36.32 -0.000120213
36.33 -0.000122039
36.34 -0.00012344
36.35 -0.000124409
36.36 -0.000124946
36.37 -0.000125049
36.38 -0.000124718
36.39 -0.000123956
36.4 -0.000122767
36.41 -0.000121157
36.42 -0.000119132
36.43 -0.000116701
36.44 -0.000113875
36.45 -0.000110664
36.46 -0.000107083
36.47 -0.000103144
36.48 -9.88626e-05
36.49 -9.4256e-05
36.5 -8.9341e-05
36.51 -8.41359e-05
36.52 -7.866e-05
36.53 -7.29331e-05
36.54 -6.69757e-05
36.55 -6.08089e-05
36.56 -5.44546e-05
36.57 -4.79347e-05
36.58 -4.12717e-05
36.59 -3.44885e-05
36.6 -2.7608e-05
36.61 -2.06534e-05
36.62 -1.3648e-05
36.63 -6.615e-06
36.64 4.22185e-07
36.65 7.44034e-06
36.66 1.44164e-05
36.67 2.13272e-05
36.68 2.81503e-05
36.69 3.48631e-05
36.7 4.14435e-05
36.71 4.78697e-05
36.72 5.41205e-05
36.73 6.01752e-05
36.74 6.60136e-05
36.75 7.16161e-05
36.76 7.69639e-05
36.77 8.2039e-05
36.78 8.68243e-05
36.79 9.13036e-05
36.8 9.54615e-05
36.81 9.92841e-05
36.82 0.000102758
36.83 0.000105873
36.84 0.000108616
36.85 0.00011098
36.86 0.000112957
36.87 0.00011454
36.88 0.000115724
36.89 0.000116507
36.9 0.000116886
36.91 0.000116861
36.92 0.000116433
36.93 0.000115606
36.94 0.000114382
36.95 0.000112769
36.96 0.000110772
36.97 0.000108401
36.98 0.000105664
36.99 0.000102574
37 9.91414e-05
37.01 9.53805e-05
37.02 9.13053e-05
37.03 8.69312e-05
37.04 8.22744e-05
37.05 7.7352e-05
37.06 7.21817e-05
37.07 6.67823e-05
37.08 6.11727e-05
37.09 5.53728e-05
37.1 4.94027e-05
37.11 4.3283e-05
37.12 3.70347e-05
37.13 3.06791e-05
37.14 2.42376e-05
37.15 1.77319e-05
37.16 1.11838e-05
37.17 4.61496e-06
37.18 -1.95264e-06
37.19 -8.49728e-06
37.2 -1.49973e-05
37.21 -2.14311e-05
37.22 -2.77775e-05
37.23 -3.40154e-05
37.24 -4.01241e-05
37.25 -4.60833e-05
37.26 -5.18731e-05
37.27 -5.74742e-05
37.28 -6.28678e-05
37.29 -6.80357e-05
37.3 -7.29605e-05
37.31 -7.76256e-05
37.32 -8.20151e-05
37.33 -8.61143e-05
37.34 -8.99092e-05
37.35 -9.3387e-05
37.36 -9.6536e-05
37.37 -9.93456e-05
37.38 -0.000101806
37.39 -0.000103911
37.4 -0.000105651
37.41 -0.000107023
37.42 -0.000108022
37.43 -0.000108645
37.44 -0.000108892
37.45 -0.000108762
37.46 -0.000108258
37.47 -0.000107381
37.48 -0.000106136
37.49 -0.000104529
37.5 -0.000102567
37.51 -0.000100258
37.52 -9.76107e-05
37.53 -9.46363e-05
37.54 -9.13461e-05
37.55 -8.77527e-05
37.56 -8.38697e-05
37.57 -7.97114e-05
37.58 -7.52932e-05
37.59 -7.06311e-05
37.6 -6.57419e-05
37.61 -6.06431e-05
37.62 -5.53525e-05
37.63 -4.98887e-05
37.64 -4.42706e-05
37.65 -3.85176e-05
37.66 -3.26494e-05
37.67 -2.66859e-05
37.68 -2.06473e-05
37.69 -1.45539e-05
37.7 -8.42613e-06
37.71 -2.28455e-06
37.72 3.85038e-06
37.73 9.95823e-06
37.74 1.60186e-05
37.75 2.20115e-05
37.76 2.79167e-05
37.77 3.37148e-05
37.78 3.93863e-05
37.79 4.49122e-05
37.8 5.02741e-05
37.81 5.54541e-05
37.82 6.04346e-05
37.83 6.51989e-05
37.84 6.97309e-05
37.85 7.40155e-05
37.86 7.80381e-05
37.87 8.17851e-05
37.88 8.5244e-05
37.89 8.84032e-05
37.9 9.12521e-05
37.91 9.37814e-05
37.92 9.59828e-05
37.93 9.78491e-05
37.94 9.93747e-05
37.95 0.000100555
37.96 0.000101387
37.97 0.000101867
37.98 0.000101997
37.99 0.000101775
38 0.000101205
38.01 0.000100289
38.02 9.90307e-05
38.03 9.74366e-05
38.04 9.55132e-05
38.05 9.32682e-05
38.06 9.07106e-05
38.07 8.78503e-05
38.08 8.46983e-05
38.09 8.12665e-05
38.1 7.75677e-05
38.11 7.36154e-05
38.12 6.94241e-05
38.13 6.50088e-05
38.14 6.03853e-05
38.15 5.557e-05
38.16 5.05797e-05
38.17 4.54319e-05
38.18 4.01442e-05
38.19 3.47349e-05
38.2 2.92225e-05
38.21 2.36258e-05
38.22 1.79636e-05
38.23 1.2255e-05
38.24 6.51939e-06
38.25 7.75898e-07
38.26 -4.9562e-06
38.27 -1.06577e-05
38.28 -1.63095e-05
38.29 -2.18928e-05
38.3 -2.73888e-05
38.31 -3.27791e-05
38.32 -3.80456e-05
38.33 -4.31707e-05
38.34 -4.81372e-05
38.35 -5.29284e-05
38.36 -5.75281e-05
38.37 -6.19208e-05
38.38 -6.60918e-05
38.39 -7.0027e-05
38.4 -7.37132e-05
38.41 -7.7138e-05
38.42 -8.02901e-05
38.43 -8.31589e-05
38.44 -8.5735e-05
38.45 -8.801e-05
38.46 -8.99766e-05
38.47 -9.16286e-05
38.48 -9.29611e-05
38.49 -9.397e-05
38.5 -9.46529e-05
38.51 -9.50081e-05
38.52 -9.50353e-05
38.53 -9.47355e-05
38.54 -9.41107e-05
38.55 -9.3164e-05
38.56 -9.18999e-05
38.57 -9.03237e-05
38.58 -8.84419e-05
38.59 -8.62622e-05
38.6 -8.37929e-05
38.61 -8.10436e-05
38.62 -7.80248e-05
38.63 -7.47476e-05
38.64 -7.12241e-05
38.65 -6.74673e-05
38.66 -6.34905e-05
38.67 -5.9308e-05
38.68 -5.49347e-05
38.69 -5.0386e-05
38.7 -4.56776e-05
38.71 -4.08259e-05
38.72 -3.58477e-05
38.73 -3.07601e-05
38.74 -2.55804e-05
38.75 -2.03262e-05
38.76 -1.50153e-05
38.77 -9.66579e-06
38.78 -4.29562e-06
38.79 1.07711e-06
38.8 6.4343e-06
38.81 1.1758e-05
38.82 1.70302e-05
38.83 2.22333e-05
38.84 2.73497e-05
38.85 3.23623e-05
38.86 3.72542e-05
38.87 4.20089e-05
38.88 4.66103e-05
38.89 5.10431e-05
38.9 5.52922e-05
38.91 5.93433e-05
38.92 6.31829e-05
38.93 6.67979e-05
38.94 7.01764e-05
38.95 7.33069e-05
38.96 7.61792e-05
38.97 7.87837e-05
38.98 8.1112e-05
38.99 8.31565e-05
39 8.49108e-05
39.01 8.63695e-05
39.02 8.75281e-05
39.03 8.83836e-05
39.04 8.89337e-05
39.05 8.91773e-05
39.06 8.91145e-05
39.07 8.87465e-05
39.08 8.80755e-05
39.09 8.71048e-05
39.1 8.58386e-05
39.11 8.42824e-05
39.12 8.24424e-05
39.13 8.0326e-05
39.14 7.79413e-05
39.15 7.52975e-05
39.16 7.24043e-05
39.17 6.92727e-05
39.18 6.59139e-05
39.19 6.23401e-05
39.2 5.85643e-05
39.21 5.45998e-05
39.22 5.04606e-05
39.23 4.61612e-05
39.24 4.17166e-05
39.25 3.71421e-05
39.26 3.24537e-05
39.27 2.76672e-05
39.28 2.27992e-05
39.29 1.78661e-05
39.3 1.28847e-05
39.31 7.87194e-06
39.32 2.84469e-06
39.33 -2.18007e-06
39.34 -7.18538e-06
39.35 -1.21544e-05
39.36 -1.70703e-05
39.37 -2.19167e-05
39.38 -2.66772e-05
39.39 -3.13357e-05
39.4 -3.58766e-05
39.41 -4.02845e-05
39.42 -4.45447e-05
39.43 -4.86429e-05
39.44 -5.25651e-05
39.45 -5.62983e-05
39.46 -5.983e-05
39.47 -6.31483e-05
39.48 -6.62422e-05
39.49 -6.91013e-05
39.5 -7.17164e-05
39.51 -7.40789e-05
39.52 -7.61811e-05
39.53 -7.80162e-05
39.54 -7.95787e-05
39.55 -8.08637e-05
39.56 -8.18675e-05
39.57 -8.25872e-05
39.58 -8.30214e-05
39.59 -8.31691e-05
39.6 -8.30307e-05
39.61 -8.26075e-05
39.62 -8.19019e-05
39.63 -8.09172e-05
39.64 -7.96575e-05
39.65 -7.81281e-05
39.66 -7.63351e-05
39.67 -7.42855e-05
39.68 -7.19871e-05
39.69 -6.94485e-05
39.7 -6.66792e-05
39.71 -6.36892e-05
39.72 -6.04896e-05
39.73 -5.70917e-05
39.74 -5.35076e-05
39.75 -4.97502e-05
39.76 -4.58326e-05
39.77 -4.17684e-05
39.78 -3.75719e-05
39.79 -3.32575e-05
39.8 -2.88402e-05
39.81 -2.43351e-05
39.82 -1.97575e-05
39.83 -1.51232e-05
39.84 -1.0448e-05
39.85 -5.74758e-06
39.86 -1.03806e-06
39.87 3.66464e-06
39.88 8.34461e-06
39.89 1.2986e-05
39.9 1.75732e-05
39.91 2.20906e-05
39.92 2.6523e-05
39.93 3.08554e-05
39.94 3.50732e-05
39.95 3.91621e-05
39.96 4.31085e-05
39.97 4.6899e-05
39.98 5.05209e-05
39.99 5.3962e-05
40 5.72108e-05
40.01 6.02565e-05
40.02 6.30891e-05
40.03 6.56991e-05
40.04 6.80781e-05
40.05 7.02183e-05
40.06 7.21129e-05
40.07 7.3756e-05
40.08 7.51424e-05
40.09 7.62681e-05
40.1 7.71298e-05
40.11 7.77253e-05
40.12 7.80533e-05
40.13 7.81134e-05
40.14 7.79062e-05
40.15 7.74332e-05
40.16 7.66969e-05
40.17 7.57005e-05
40.18 7.44483e-05
40.19 7.29454e-05
40.2 7.11977e-05
40.21 6.9212e-05
40.22 6.69958e-05
40.23 6.45572e-05
40.24 6.19054e-05
40.25 5.905e-05
40.26 5.60013e-05
40.27 5.27701e-05
40.28 4.93681e-05
40.29 4.58071e-05
40.3 4.20997e-05
40.31 3.82588e-05
40.32 3.42977e-05
40.33 3.02301e-05
40.34 2.60701e-05
40.35 2.18319e-05
40.36 1.753e-05
40.37 1.3179e-05
40.38 8.79391e-06
40.39 4.38951e-06
40.4 -1.92062e-08
40.41 -4.4173e-06
40.42 -8.78987e-06
40.43 -1.31221e-05
40.44 -1.73994e-05
40.45 -2.16072e-05
40.46 -2.57313e-05
40.47 -2.97579e-05
40.48 -3.36733e-05
40.49 -3.74644e-05
40.5 -4.11183e-05
40.51 -4.46228e-05
40.52 -4.79662e-05
40.53 -5.11372e-05
40.54 -5.41253e-05
40.55 -5.69206e-05
40.56 -5.95139e-05
40.57 -6.18965e-05
40.58 -6.40609e-05
40.59 -6.59999e-05
40.6 -6.77075e-05
40.61 -6.91783e-05
40.62 -7.04077e-05
40.63 -7.13923e-05
40.64 -7.21292e-05
40.65 -7.26165e-05
40.66 -7.28533e-05
40.67 -7.28394e-05
40.68 -7.25757e-05
40.69 -7.20636e-05
40.7 -7.13058e-05
40.71 -7.03055e-05
40.72 -6.90669e-05
40.73 -6.75949e-05
40.74 -6.58952e-05
40.75 -6.39744e-05
40.76 -6.18396e-05
40.77 -5.94988e-05
40.78 -5.69605e-05
40.79 -5.4234e-05
40.8 -5.13289e-05
40.81 -4.82558e-05
40.82 -4.50255e-05
40.83 -4.16493e-05
40.84 -3.81392e-05
40.85 -3.45073e-05
40.86 -3.07662e-05
40.87 -2.6929e-05
40.88 -2.30088e-05
40.89 -1.90191e-05
40.9 -1.49736e-05
40.91 -1.08862e-05
40.92 -6.77074e-06
40.93 -2.64129e-06
40.94 1.48808e-06
40.95 5.60336e-06
40.96 9.69056e-06
40.97 1.37358e-05
40.98 1.77255e-05
40.99 2.1646e-05
41 2.54841e-05
41.01 2.92269e-05
41.02 3.28617e-05
41.03 3.63763e-05
41.04 3.97589e-05
41.05 4.29981e-05
41.06 4.60831e-05
41.07 4.90037e-05
41.08 5.17501e-05
41.09 5.43133e-05
41.1 5.66848e-05
41.11 5.88569e-05
41.12 6.08227e-05
41.13 6.25757e-05
41.14 6.41105e-05
41.15 6.54224e-05
41.16 6.65074e-05
41.17 6.73623e-05
41.18 6.79849e-05
41.19 6.83736e-05
41.2 6.85277e-05
41.21 6.84473e-05
41.22 6.81334e-05
41.23 6.75877e-05
41.24 6.68128e-05
41.25 6.5812e-05
41.26 6.45893e-05
41.27 6.31495e-05
41.28 6.14982e-05
41.29 5.96417e-05
41.3 5.75869e-05
41.31 5.53412e-05
41.32 5.29129e-05
41.33 5.03108e-05
41.34 4.75442e-05
41.35 4.46228e-05
41.36 4.15571e-05
41.37 3.83578e-05
41.38 3.50361e-05
41.39 3.16035e-05
41.4 2.80721e-05
41.41 2.44539e-05
41.42 2.07615e-05
41.43 1.70076e-05
41.44 1.3205e-05
41.45 9.36683e-06
41.46 5.50608e-06
41.47 1.63599e-06
41.48 -2.23029e-06
41.49 -6.07958e-06
41.5 -9.89882e-06
41.51 -1.36751e-05
41.52 -1.73955e-05
41.53 -2.10475e-05
41.54 -2.46187e-05
41.55 -2.80972e-05
41.56 -3.14711e-05
41.57 -3.47292e-05
41.58 -3.78604e-05
41.59 -4.08543e-05
41.6 -4.3701e-05
41.61 -4.63909e-05
41.62 -4.89151e-05
41.63 -5.12654e-05
41.64 -5.3434e-05
41.65 -5.54139e-05
41.66 -5.71987e-05
41.67 -5.87828e-05
41.68 -6.01612e-05
41.69 -6.13297e-05
41.7 -6.22848e-05
41.71 -6.30237e-05
41.72 -6.35445e-05
41.73 -6.38461e-05
41.74 -6.39279e-05
41.75 -6.37903e-05
41.76 -6.34343e-05
41.77 -6.28618e-05
41.78 -6.20753e-05
41.79 -6.10782e-05
41.8 -5.98744e-05
41.81 -5.84687e-05
41.82 -5.68663e-05
41.83 -5.50734e-05
41.84 -5.30964e-05
41.85 -5.09428e-05
41.86 -4.86202e-05
41.87 -4.61371e-05
41.88 -4.35023e-05
41.89 -4.07251e-05
41.9 -3.78154e-05
41.91 -3.47834e-05
41.92 -3.16397e-05
41.93 -2.83951e-05
41.94 -2.50611e-05
41.95 -2.16491e-05
41.96 -1.81708e-05
41.97 -1.46383e-05
41.98 -1.10637e-05
41.99 -7.45925e-06
42 -3.83721e-06
42.01 -2.09988e-07
42.02 3.41006e-06
42.03 7.01061e-06
42.04 1.05794e-05
42.05 1.41044e-05
42.06 1.75736e-05
42.07 2.09752e-05
42.08 2.42978e-05
42.09 2.75302e-05
42.1 3.06615e-05
42.11 3.36811e-05
42.12 3.65789e-05
42.13 3.93454e-05
42.14 4.19711e-05
42.15 4.44476e-05
42.16 4.67664e-05
42.17 4.89202e-05
42.18 5.09017e-05
42.19 5.27047e-05
42.2 5.43234e-05
42.21 5.57526e-05
42.22 5.69879e-05
42.23 5.80256e-05
42.24 5.88625e-05
42.25 5.94963e-05
42.26 5.99255e-05
42.27 6.01489e-05
42.28 6.01666e-05
42.29 5.99788e-05
42.3 5.95869e-05
42.31 5.89927e-05
42.32 5.81988e-05
42.33 5.72085e-05
42.34 5.60258e-05
42.35 5.4655e-05
42.36 5.31016e-05
42.37 5.13712e-05
42.38 4.94702e-05
42.39 4.74056e-05
42.4 4.51848e-05
42.41 4.28158e-05
42.42 4.03071e-05
42.43 3.76674e-05
42.44 3.49063e-05
42.45 3.20333e-05
42.46 2.90584e-05
42.47 2.59921e-05
42.48 2.28449e-05
42.49 1.96278e-05
42.5 1.63519e-05
42.51 1.30284e-05
42.52 9.66882e-06
42.53 6.28457e-06
42.54 2.88727e-06
42.55 -5.11477e-07
42.56 -3.90009e-06
42.57 -7.26704e-06
42.58 -1.06009e-05
42.59 -1.38903e-05
42.6 -1.71242e-05
42.61 -2.02915e-05
42.62 -2.33817e-05
42.63 -2.63843e-05
42.64 -2.92892e-05
42.65 -3.20867e-05
42.66 -3.47674e-05
42.67 -3.73224e-05
42.68 -3.97433e-05
42.69 -4.20219e-05
42.7 -4.41508e-05
42.71 -4.61231e-05
42.72 -4.79323e-05
42.73 -4.95727e-05
42.74 -5.10389e-05
42.75 -5.23265e-05
42.76 -5.34313e-05
42.77 -5.43502e-05
42.78 -5.50803e-05
42.79 -5.56197e-05
42.8 -5.59671e-05
42.81 -5.61216e-05
42.82 -5.60834e-05
42.83 -5.5853e-05
42.84 -5.54318e-05
42.85 -5.48216e-05
42.86 -5.40251e-05
42.87 -5.30455e-05
42.88 -5.18867e-05
42.89 -5.05529e-05
42.9 -4.90494e-05
42.91 -4.73816e-05
42.92 -4.55556e-05
42.93 -4.35781e-05
42.94 -4.14562e-05
42.95 -3.91975e-05
42.96 -3.681e-05
42.97 -3.43022e-05
42.98 -3.16829e-05
42.99 -2.89613e-05
43 -2.61469e-05
43.01 -2.32495e-05
43.02 -2.02791e-05
43.03 -1.72461e-05
43.04 -1.41608e-05
43.05 -1.1034e-05
43.06 -7.87632e-06
43.07 -4.69865e-06
43.08 -1.51184e-06
43.09 1.6732e-06
43.1 4.84562e-06
43.11 7.99462e-06
43.12 1.11095e-05
43.13 1.41796e-05
43.14 1.71947e-05
43.15 2.01444e-05
43.16 2.30189e-05
43.17 2.58085e-05
43.18 2.85038e-05
43.19 3.10957e-05
43.2 3.35756e-05
43.21 3.59353e-05
43.22 3.8167e-05
43.23 4.02632e-05
43.24 4.22171e-05
43.25 4.40224e-05
43.26 4.56731e-05
43.27 4.7164e-05
43.28 4.84904e-05
43.29 4.96481e-05
43.3 5.06335e-05
43.31 5.14438e-05
43.32 5.20766e-05
43.33 5.25301e-05
43.34 5.28034e-05
43.35 5.28958e-05
43.36 5.28076e-05
43.37 5.25396e-05
43.38 5.20931e-05
43.39 5.14702e-05
43.4 5.06734e-05
43.41 4.97059e-05
43.42 4.85715e-05
43.43 4.72745e-05
43.44 4.58198e-05
43.45 4.42126e-05
43.46 4.2459e-05
43.47 4.05652e-05
43.48 3.8538e-05
43.49 3.63848e-05
43.5 3.4113e-05
43.51 3.17309e-05
43.52 2.92467e-05
43.53 2.66692e-05
43.54 2.40073e-05
43.55 2.12704e-05
43.56 1.84679e-05
43.57 1.56094e-05
43.58 1.2705e-05
43.59 9.76444e-06
43.6 6.79799e-06
43.61 3.81577e-06
43.62 8.27979e-07
43.63 -2.15519e-06
43.64 -5.12356e-06
43.65 -8.06703e-06
43.66 -1.09756e-05
43.67 -1.38395e-05
43.68 -1.66489e-05
43.69 -1.93943e-05
43.7 -2.20667e-05
43.71 -2.46568e-05
43.72 -2.71561e-05
43.73 -2.95563e-05
43.74 -3.18492e-05
43.75 -3.40273e-05
43.76 -3.60835e-05
43.77 -3.80108e-05
43.78 -3.98031e-05
43.79 -4.14544e-05
43.8 -4.29595e-05
43.81 -4.43136e-05
43.82 -4.55123e-05
43.83 -4.65519e-05
43.84 -4.74293e-05
43.85 -4.81418e-05
43.86 -4.86875e-05
43.87 -4.90648e-05
43.88 -4.92729e-05
43.89 -4.93116e-05
43.9 -4.9181e-05
43.91 -4.88821e-05
43.92 -4.84164e-05
43.93 -4.77859e-05
43.94 -4.69931e-05
43.95 -4.60411e-05
43.96 -4.49337e-05
43.97 -4.3675e-05
43.98 -4.22697e-05
43.99 -4.0723e-05
44 -3.90404e-05
44.01 -3.72282e-05
44.02 -3.52926e-05
44.03 -3.32408e-05
44.04 -3.10799e-05
44.05 -2.88177e-05
44.06 -2.64619e-05
44.07 -2.4021e-05
44.08 -2.15034e-05
44.09 -1.89178e-05
44.1 -1.62733e-05
44.11 -1.35791e-05
44.12 -1.08443e-05
44.13 -8.07841e-06
44.14 -5.29097e-06
44.15 -2.49151e-06
44.16 3.10374e-07
44.17 3.10513e-06
44.18 5.88321e-06
44.19 8.63519e-06
44.2 1.13517e-05
44.21 1.40236e-05
44.22 1.66417e-05
44.23 1.91973e-05
44.24 2.16818e-05
44.25 2.40868e-05
44.26 2.64042e-05
44.27 2.86263e-05
44.28 3.07458e-05
44.29 3.27556e-05
44.3 3.46491e-05
44.31 3.642e-05
44.32 3.80626e-05
44.33 3.95715e-05
44.34 4.0942e-05
44.35 4.21696e-05
44.36 4.32504e-05
44.37 4.41813e-05
44.38 4.49592e-05
44.39 4.55819e-05
44.4 4.60478e-05
44.41 4.63555e-05
44.42 4.65045e-05
44.43 4.64946e-05
44.44 4.63263e-05
44.45 4.60006e-05
44.46 4.55189e-05
44.47 4.48833e-05
44.48 4.40964e-05
44.49 4.31613e-05
44.5 4.20815e-05
44.51 4.0861e-05
44.52 3.95045e-05
44.53 3.80168e-05
44.54 3.64035e-05
44.55 3.46702e-05
44.56 3.28232e-05
44.57 3.0869e-05
44.58 2.88147e-05
44.59 2.66674e-05
44.6 2.44347e-05
44.61 2.21244e-05
44.62 1.97445e-05
44.63 1.73034e-05
44.64 1.48094e-05
44.65 1.22712e-05
44.66 9.69761e-06
44.67 7.09743e-06
44.68 4.47959e-06
44.69 1.85307e-06
44.7 -7.73151e-07
44.71 -3.39011e-06
44.72 -5.98888e-06
44.73 -8.56065e-06
44.74 -1.10967e-05
44.75 -1.35884e-05
44.76 -1.60273e-05
44.77 -1.84053e-05
44.78 -2.07144e-05
44.79 -2.29467e-05
44.8 -2.50948e-05
44.81 -2.71516e-05
44.82 -2.91102e-05
44.83 -3.09641e-05
44.84 -3.27073e-05
44.85 -3.4334e-05
44.86 -3.58389e-05
44.87 -3.72172e-05
44.88 -3.84644e-05
44.89 -3.95765e-05
44.9 -4.05502e-05
44.91 -4.13823e-05
44.92 -4.20704e-05
44.93 -4.26125e-05
44.94 -4.3007e-05
44.95 -4.32531e-05
44.96 -4.33502e-05
44.97 -4.32983e-05
44.98 -4.30981e-05
44.99 -4.27505e-05
45 -4.22572e-05
45.01 -4.16201e-05
45.02 -4.08419e-05
45.03 -3.99256e-05
45.04 -3.88745e-05
45.05 -3.76928e-05
45.06 -3.63846e-05
45.07 -3.49548e-05
45.08 -3.34086e-05
45.09 -3.17515e-05
45.1 -2.99895e-05
45.11 -2.81288e-05
45.12 -2.61761e-05
45.13 -2.41381e-05
45.14 -2.20221e-05
45.15 -1.98354e-05
45.16 -1.75858e-05
45.17 -1.52809e-05
45.18 -1.29288e-05
45.19 -1.05376e-05
45.2 -8.11554e-06
45.21 -5.67101e-06
45.22 -3.21238e-06
45.23 -7.48054e-07
45.24 1.71353e-06
45.25 4.16397e-06
45.26 6.59494e-06
45.27 8.99815e-06
45.28 1.13655e-05
45.29 1.36889e-05
45.3 1.59606e-05
45.31 1.81728e-05
45.32 2.03183e-05
45.33 2.23897e-05
45.34 2.43802e-05
45.35 2.62831e-05
45.36 2.80921e-05
45.37 2.98013e-05
45.38 3.1405e-05
45.39 3.2898e-05
45.4 3.42754e-05
45.41 3.55328e-05
45.42 3.66661e-05
45.43 3.76719e-05
45.44 3.85469e-05
45.45 3.92884e-05
45.46 3.98943e-05
45.47 4.03628e-05
45.48 4.06926e-05
45.49 4.0883e-05
45.5 4.09337e-05
45.51 4.08448e-05
45.52 4.06169e-05
45.53 4.02513e-05
45.54 3.97495e-05
45.55 3.91135e-05
45.56 3.8346e-05
45.57 3.74497e-05
45.58 3.64281e-05
45.59 3.52851e-05
45.6 3.40247e-05
45.61 3.26516e-05
45.62 3.11709e-05
45.63 2.95876e-05
45.64 2.79077e-05
45.65 2.61369e-05
45.66 2.42816e-05
45.67 2.23483e-05
45.68 2.03437e-05
45.69 1.82749e-05
45.7 1.61492e-05
45.71 1.39738e-05
45.72 1.17562e-05
45.73 9.50432e-06
45.74 7.22572e-06
45.75 4.92829e-06
45.76 2.61992e-06
45.77 3.08513e-07
45.78 -1.99804e-06
45.79 -4.29186e-06
45.8 -6.56516e-06
45.81 -8.81021e-06
45.82 -1.10194e-05
45.83 -1.31853e-05
45.84 -1.53005e-05
45.85 -1.7358e-05
45.86 -1.93508e-05
45.87 -2.12723e-05
45.88 -2.31161e-05
45.89 -2.4876e-05
45.9 -2.65462e-05
45.91 -2.81212e-05
45.92 -2.95958e-05
45.93 -3.09653e-05
45.94 -3.22251e-05
45.95 -3.33712e-05
45.96 -3.44e-05
45.97 -3.53083e-05
45.98 -3.60931e-05
45.99 -3.67522e-05
46 -3.72835e-05
46.01 -3.76856e-05
46.02 -3.79574e-05
46.03 -3.80983e-05
46.04 -3.81082e-05
46.05 -3.79872e-05
46.06 -3.77363e-05
46.07 -3.73564e-05
46.08 -3.68494e-05
46.09 -3.62171e-05
46.1 -3.54621e-05
46.11 -3.45873e-05
46.12 -3.3596e-05
46.13 -3.24917e-05
46.14 -3.12787e-05
46.15 -2.99612e-05
46.16 -2.8544e-05
46.17 -2.70322e-05
46.18 -2.54313e-05
46.19 -2.37468e-05
46.2 -2.19847e-05
46.21 -2.01512e-05
46.22 -1.82528e-05
46.23 -1.6296e-05
46.24 -1.42878e-05
46.25 -1.2235e-05
46.26 -1.01447e-05
46.27 -8.02423e-06
46.28 -5.88085e-06
46.29 -3.72193e-06
46.3 -1.55488e-06
46.31 6.12894e-07
46.32 2.77397e-06
46.33 4.92099e-06
46.34 7.04666e-06
46.35 9.14374e-06
46.36 1.12052e-05
46.37 1.32239e-05
46.38 1.51932e-05
46.39 1.71065e-05
46.4 1.89572e-05
46.41 2.07393e-05
46.42 2.24467e-05
46.43 2.40739e-05
46.44 2.56154e-05
46.45 2.70661e-05
46.46 2.84214e-05
46.47 2.96767e-05
46.48 3.0828e-05
46.49 3.18716e-05
46.5 3.28043e-05
46.51 3.3623e-05
46.52 3.43253e-05
46.53 3.4909e-05
46.54 3.53724e-05
46.55 3.57143e-05
46.56 3.59337e-05
46.57 3.60302e-05
46.58 3.60038e-05
46.59 3.58549e-05
46.6 3.55843e-05
46.61 3.51932e-05
46.62 3.46832e-05
46.63 3.40564e-05
46.64 3.33152e-05
46.65 3.24625e-05
46.66 3.15014e-05
46.67 3.04355e-05
46.68 2.92687e-05
46.69 2.80051e-05
46.7 2.66494e-05
46.71 2.52064e-05
46.72 2.36813e-05
46.73 2.20794e-05
46.74 2.04064e-05
46.75 1.86682e-05
46.76 1.68708e-05
46.77 1.50206e-05
46.78 1.31239e-05
46.79 1.11874e-05
46.8 9.21778e-06
46.81 7.22178e-06
46.82 5.2063e-06
46.83 3.17828e-06
46.84 1.14465e-06
46.85 -8.87613e-07
46.86 -2.91159e-06
46.87 -4.92038e-06
46.88 -6.90716e-06
46.89 -8.86518e-06
46.9 -1.07878e-05
46.91 -1.26686e-05
46.92 -1.45012e-05
46.93 -1.62795e-05
46.94 -1.79974e-05
46.95 -1.96493e-05
46.96 -2.12296e-05
46.97 -2.27332e-05
46.98 -2.4155e-05
46.99 -2.54904e-05
47 -2.6735e-05
47.01 -2.78847e-05
47.02 -2.89359e-05
47.03 -2.98852e-05
47.04 -3.07296e-05
47.05 -3.14664e-05
47.06 -3.20934e-05
47.07 -3.26087e-05
47.08 -3.30108e-05
47.09 -3.32986e-05
47.1 -3.34714e-05
47.11 -3.35288e-05
47.12 -3.34711e-05
47.13 -3.32985e-05
47.14 -3.30121e-05
47.15 -3.26131e-05
47.16 -3.21031e-05
47.17 -3.14841e-05
47.18 -3.07585e-05
47.19 -2.9929e-05
47.2 -2.89988e-05
47.21 -2.79712e-05
47.22 -2.68501e-05
47.23 -2.56394e-05
47.24 -2.43435e-05
47.25 -2.2967e-05
47.26 -2.15149e-05
47.27 -1.99922e-05
47.28 -1.84044e-05
47.29 -1.67569e-05
47.3 -1.50557e-05
47.31 -1.33065e-05
47.32 -1.15155e-05
47.33 -9.68897e-06
47.34 -7.83311e-06
47.35 -5.95438e-06
47.36 -4.05924e-06
47.37 -2.1542e-06
47.38 -2.45792e-07
47.39 1.65946e-06
47.4 3.55505e-06
47.41 5.43453e-06
47.42 7.2915e-06
47.43 9.11968e-06
47.44 1.09129e-05
47.45 1.2665e-05
47.46 1.43703e-05
47.47 1.60229e-05
47.48 1.76173e-05
47.49 1.91482e-05
47.5 2.06105e-05
47.51 2.19994e-05
47.52 2.33102e-05
47.53 2.45387e-05
47.54 2.56809e-05
47.55 2.67331e-05
47.56 2.76918e-05
47.57 2.85541e-05
47.58 2.93172e-05
47.59 2.99787e-05
47.6 3.05366e-05
47.61 3.09892e-05
47.62 3.13353e-05
47.63 3.1574e-05
47.64 3.17046e-05
47.65 3.1727e-05
47.66 3.16414e-05
47.67 3.14484e-05
47.68 3.11488e-05
47.69 3.0744e-05
47.7 3.02356e-05
47.71 2.96255e-05
47.72 2.89162e-05
47.73 2.81103e-05
47.74 2.72107e-05
47.75 2.62208e-05
47.76 2.51442e-05
47.77 2.39848e-05
47.78 2.27467e-05
47.79 2.14343e-05
47.8 2.00523e-05
47.81 1.86056e-05
47.82 1.70993e-05
47.83 1.55386e-05
47.84 1.39291e-05
47.85 1.22762e-05
47.86 1.05858e-05
47.87 8.86373e-06
47.88 7.11591e-06
47.89 5.34839e-06
47.9 3.56725e-06
47.91 1.77858e-06
47.92 -1.14687e-08
47.93 -1.79679e-06
47.94 -3.57131e-06
47.95 -5.32897e-06
47.96 -7.06381e-06
47.97 -8.76996e-06
47.98 -1.04416e-05
47.99 -1.20732e-05
48 -1.36593e-05
48.01 -1.51944e-05
48.02 -1.66735e-05
48.03 -1.80916e-05
48.04 -1.94441e-05
48.05 -2.07264e-05
48.06 -2.19343e-05
48.07 -2.30639e-05
48.08 -2.41116e-05
48.09 -2.50738e-05
48.1 -2.59475e-05
48.11 -2.673e-05
48.12 -2.74187e-05
48.13 -2.80116e-05
48.14 -2.85068e-05
48.15 -2.89028e-05
48.16 -2.91987e-05
48.17 -2.93935e-05
48.18 -2.94869e-05
48.19 -2.94788e-05
48.2 -2.93694e-05
48.21 -2.91595e-05
48.22 -2.88499e-05
48.23 -2.84419e-05
48.24 -2.79373e-05
48.25 -2.73378e-05
48.26 -2.66459e-05
48.27 -2.58641e-05
48.28 -2.49953e-05
48.29 -2.40427e-05
48.3 -2.30097e-05
48.31 -2.19001e-05
48.32 -2.07178e-05
48.33 -1.94671e-05
48.34 -1.81523e-05
48.35 -1.67781e-05
48.36 -1.53494e-05
48.37 -1.38712e-05
48.38 -1.23486e-05
48.39 -1.07869e-05
48.4 -9.19151e-06
48.41 -7.56804e-06
48.42 -5.92205e-06
48.43 -4.25922e-06
48.44 -2.58527e-06
48.45 -9.05931e-07
48.46 7.73033e-07
48.47 2.44589e-06
48.48 4.10695e-06
48.49 5.75055e-06
48.5 7.37112e-06
48.51 8.96317e-06
48.52 1.05213e-05
48.53 1.20403e-05
48.54 1.35151e-05
48.55 1.49407e-05
48.56 1.63123e-05
48.57 1.76255e-05
48.58 1.88757e-05
48.59 2.0059e-05
48.6 2.11714e-05
48.61 2.22092e-05
48.62 2.31692e-05
48.63 2.40481e-05
48.64 2.48432e-05
48.65 2.5552e-05
48.66 2.61723e-05
48.67 2.67021e-05
48.68 2.71398e-05
48.69 2.74842e-05
48.7 2.77343e-05
48.71 2.78895e-05
48.72 2.79495e-05
48.73 2.79143e-05
48.74 2.77842e-05
48.75 2.756e-05
48.76 2.72427e-05
48.77 2.68334e-05
48.78 2.6334e-05
48.79 2.57462e-05
48.8 2.50724e-05
48.81 2.43149e-05
48.82 2.34767e-05
48.83 2.25608e-05
48.84 2.15704e-05
48.85 2.05092e-05
48.86 1.93809e-05
48.87 1.81896e-05
48.88 1.69394e-05
48.89 1.56349e-05
48.9 1.42805e-05
48.91 1.2881e-05
48.92 1.14413e-05
48.93 9.96634e-06
48.94 8.46134e-06
48.95 6.93147e-06
48.96 5.382e-06
48.97 3.81829e-06
48.98 2.24569e-06
48.99 6.69598e-07
49 -9.04588e-07
49.01 -2.4715e-06
49.02 -4.0258e-06
49.03 -5.5622e-06
49.04 -7.0755e-06
49.05 -8.56058e-06
49.06 -1.00124e-05
49.07 -1.14261e-05
49.08 -1.2797e-05
49.09 -1.41204e-05
49.1 -1.53919e-05
49.11 -1.66074e-05
49.12 -1.77627e-05
49.13 -1.8854e-05
49.14 -1.98779e-05
49.15 -2.08309e-05
49.16 -2.17099e-05
49.17 -2.25122e-05
49.18 -2.32351e-05
49.19 -2.38764e-05
49.2 -2.4434e-05
49.21 -2.49063e-05
49.22 -2.52919e-05
49.23 -2.55896e-05
49.24 -2.57986e-05
49.25 -2.59184e-05
49.26 -2.59489e-05
49.27 -2.58902e-05
49.28 -2.57426e-05
49.29 -2.55069e-05
49.3 -2.51841e-05
49.31 -2.47755e-05
49.32 -2.42827e-05
49.33 -2.37076e-05
49.34 -2.30524e-05
49.35 -2.23195e-05
49.36 -2.15116e-05
49.37 -2.06317e-05
49.38 -1.96828e-05
49.39 -1.86685e-05
49.4 -1.75923e-05
49.41 -1.6458e-05
49.42 -1.52698e-05
49.43 -1.40316e-05
49.44 -1.2748e-05
49.45 -1.14234e-05
49.46 -1.00624e-05
49.47 -8.66973e-06
49.48 -7.25024e-06
49.49 -5.80884e-06
49.5 -4.3505e-06
49.51 -2.88023e-06
49.52 -1.4031e-06
49.53 7.58462e-08
49.54 1.55154e-06
49.55 3.01895e-06
49.56 4.47308e-06
49.57 5.90899e-06
49.58 7.32181e-06
49.59 8.70678e-06
49.6 1.00592e-05
49.61 1.13746e-05
49.62 1.26484e-05
49.63 1.38766e-05
49.64 1.50548e-05
49.65 1.61794e-05
49.66 1.72464e-05
49.67 1.82525e-05
49.68 1.91942e-05
49.69 2.00686e-05
49.7 2.08729e-05
49.71 2.16043e-05
49.72 2.22606e-05
49.73 2.28398e-05
49.74 2.334e-05
49.75 2.37597e-05
49.76 2.40977e-05
49.77 2.4353e-05
49.78 2.45249e-05
49.79 2.46131e-05
49.8 2.46174e-05
49.81 2.4538e-05
49.82 2.43755e-05
49.83 2.41305e-05
49.84 2.38041e-05
49.85 2.33977e-05
49.86 2.29127e-05
49.87 2.23511e-05
49.88 2.17149e-05
49.89 2.10065e-05
49.9 2.02285e-05
49.91 1.93837e-05
49.92 1.84752e-05
49.93 1.75062e-05
49.94 1.64802e-05
49.95 1.54008e-05
49.96 1.42718e-05
49.97 1.30972e-05
49.98 1.18812e-05
49.99 1.06279e-05
