0.01 -1.40274e-07
0.02 -1.93369e-07
0.03 -2.84251e-07
0.04 -2.77711e-07
0.05 8.89427e-08
0.06 1.06704e-06
0.07 2.74683e-06
0.08 5.01722e-06
0.09 7.64562e-06
0.1 1.03994e-05
0.11 1.31187e-05
0.12 1.57142e-05
0.13 1.81337e-05
0.14 2.03648e-05
0.15 2.24706e-05
0.16 2.45934e-05
0.17 2.6886e-05
0.18 2.94009e-05
0.19 3.20436e-05
0.2 3.46836e-05
0.21 3.73184e-05
0.22 4.00473e-05
0.23 4.28457e-05
0.24 4.54193e-05
0.25 4.73467e-05
0.26 4.8412e-05
0.27 4.88094e-05
0.28 4.89883e-05
0.29 4.92706e-05
0.3 4.9599e-05
0.31 4.96275e-05
0.32 4.90429e-05
0.33 4.78129e-05
0.34 4.61539e-05
0.35 4.42879e-05
0.36 4.22368e-05
0.37 3.98436e-05
0.38 3.69948e-05
0.39 3.38297e-05
0.4 3.07267e-05
0.41 2.80666e-05
0.42 2.59582e-05
0.43 2.41477e-05
0.44 2.2187e-05
0.45 1.97235e-05
0.46 1.66999e-05
0.47 1.33195e-05
0.48 9.78935e-06
0.49 6.05574e-06
0.5 1.78444e-06
0.51 -3.37473e-06
0.52 -9.43555e-06
0.53 -1.5935e-05
0.54 -2.21645e-05
0.55 -2.75894e-05
0.56 -3.20936e-05
0.57 -3.58743e-05
0.58 -3.91399e-05
0.59 -4.1918e-05
0.6 -4.41413e-05
0.61 -4.58891e-05
0.62 -4.75163e-05
0.63 -4.95241e-05
0.64 -5.22583e-05
0.65 -5.56769e-05
0.66 -5.93646e-05
0.67 -6.2773e-05
0.68 -6.5511e-05
0.69 -6.74939e-05
0.7 -6.88799e-05
0.71 -6.99022e-05
0.72 -7.07645e-05
0.73 -7.16742e-05
0.74 -7.29412e-05
0.75 -7.4972e-05
0.76 -7.80349e-05
0.77 -8.19482e-05
0.78 -8.60163e-05
0.79 -8.93546e-05
0.8 -9.14321e-05
0.81 -9.24119e-05
0.82 -9.29652e-05
0.83 -9.37175e-05
0.84 -9.48175e-05
0.85 -9.59677e-05
0.86 -9.68134e-05
0.87 -9.72936e-05
0.88 -9.76462e-05
0.89 -9.8118e-05
0.9 -9.86708e-05
0.91 -9.8954e-05
0.92 -9.85703e-05
0.93 -9.74009e-05
0.94 -9.57167e-05
0.95 -9.39969e-05
0.96 -9.26111e-05
0.97 -9.16214e-05
0.98 -9.08448e-05
0.99 -9.00875e-05
1 -8.93466e-05
1.01 -8.88093e-05
1.02 -8.86335e-05
1.03 -8.87015e-05
1.04 -8.85891e-05
1.05 -8.78078e-05
1.06 -8.61624e-05
1.07 -8.39331e-05
1.08 -8.16933e-05
1.09 -7.99079e-05
1.1 -7.86642e-05
1.11 -7.77078e-05
1.12 -7.66288e-05
1.13 -7.50063e-05
1.14 -7.2533e-05
1.15 -6.9137e-05
1.16 -6.49972e-05
1.17 -6.03984e-05
1.18 -5.55367e-05
1.19 -5.04421e-05
1.2 -4.50819e-05
1.21 -3.95079e-05
1.22 -3.38605e-05
1.23 -2.82152e-05
1.24 -2.2443e-05
1.25 -1.62365e-05
1.26 -9.28593e-06
1.27 -1.4643e-06
1.28 7.10651e-06
1.29 1.61362e-05
1.3 2.53283e-05
1.31 3.44999e-05
1.32 4.35651e-05
1.33 5.24226e-05
1.34 6.08833e-05
1.35 6.87319e-05
1.36 7.58883e-05
1.37 8.25144e-05
1.38 8.8931e-05
1.39 9.53812e-05
1.4 0.000101816
1.41 0.000107884
1.42 0.000113187
1.43 0.000117597
1.44 0.000121356
1.45 0.000124845
1.46 0.000128188
1.47 0.000131031
1.48 0.000132768
1.49 0.000133038
1.5 0.000132036
1.51 0.000130365
1.52 0.000128572
1.53 0.000126801
1.54 0.0001249
1.55 0.000122813
1.56 0.000120798
1.57 0.000119234
1.58 0.000118221
1.59 0.000117389
1.6 0.0001161
1.61 0.00011386
1.62 0.000110642
1.63 0.000106858
1.64 0.000102986
1.65 9.9149e-05
1.66 9.50036e-05
1.67 9.00322e-05
1.68 8.40317e-05
1.69 7.73757e-05
1.7 7.07744e-05
1.71 6.47379e-05
1.72 5.92397e-05
1.73 5.38717e-05
1.74 4.83178e-05
1.75 4.26997e-05
1.76 3.74899e-05
1.77 3.30897e-05
1.78 2.94302e-05
1.79 2.59239e-05
1.8 2.18321e-05
1.81 1.6766e-05
1.82 1.09537e-05
1.83 5.09181e-06
1.84 -1.11966e-07
1.85 -4.34915e-06
1.86 -7.77141e-06
1.87 -1.07265e-05
1.88 -1.347e-05
1.89 -1.60943e-05
1.9 -1.86369e-05
1.91 -2.11786e-05
1.92 -2.38119e-05
1.93 -2.65388e-05
1.94 -2.9248e-05
1.95 -3.1797e-05
1.96 -3.40691e-05
1.97 -3.59343e-05
1.98 -3.72052e-05
1.99 -3.76961e-05
2 -3.73799e-05
2.01 -3.65016e-05
2.02 -3.55009e-05
2.03 -3.47849e-05
2.04 -3.4547e-05
2.05 -3.47722e-05
2.06 -3.5382e-05
2.07 -3.63411e-05
2.08 -3.75827e-05
2.09 -3.88412e-05
2.1 -3.96291e-05
2.11 -3.94469e-05
2.12 -3.80652e-05
2.13 -3.5634e-05
2.14 -3.25228e-05
2.15 -2.90564e-05
2.16 -2.54132e-05
2.17 -2.17509e-05
2.18 -1.83681e-05
2.19 -1.56989e-05
2.2 -1.41285e-05
2.21 -1.37769e-05
2.22 -1.43873e-05
2.23 -1.53769e-05
2.24 -1.60277e-05
2.25 -1.57187e-05
2.26 -1.40953e-05
2.27 -1.11112e-05
2.28 -6.9433e-06
2.29 -1.85973e-06
2.3 3.87628e-06
2.31 1.00313e-05
2.32 1.63861e-05
2.33 2.27337e-05
2.34 2.8923e-05
2.35 3.49224e-05
2.36 4.08538e-05
2.37 4.69383e-05
2.38 5.33294e-05
2.39 5.99264e-05
2.4 6.63164e-05
2.41 7.19178e-05
2.42 7.62566e-05
2.43 7.91853e-05
2.44 8.08866e-05
2.45 8.16968e-05
2.46 8.19501e-05
2.47 8.1953e-05
2.48 8.20055e-05
2.49 8.23498e-05
2.5 8.30353e-05
2.51 8.38148e-05
2.52 8.4185e-05
2.53 8.35765e-05
2.54 8.16025e-05
2.55 7.823e-05
2.56 7.37885e-05
2.57 6.88232e-05
2.58 6.3862e-05
2.59 5.92265e-05
2.6 5.49954e-05
2.61 5.1112e-05
2.62 4.75259e-05
2.63 4.42535e-05
2.64 4.13203e-05
2.65 3.86579e-05
2.66 3.60606e-05
2.67 3.32598e-05
2.68 3.01023e-05
2.69 2.66959e-05
2.7 2.33616e-05
2.71 2.03913e-05
2.72 1.77767e-05
2.73 1.51398e-05
2.74 1.19761e-05
2.75 8.02743e-06
2.76 3.45402e-06
2.77 -1.35509e-06
2.78 -6.19896e-06
2.79 -1.13453e-05
2.8 -1.73832e-05
2.81 -2.47509e-05
2.82 -3.33342e-05
2.83 -4.24684e-05
2.84 -5.13517e-05
2.85 -5.95305e-05
2.86 -6.70986e-05
2.87 -7.44911e-05
2.88 -8.20417e-05
2.89 -8.96657e-05
2.9 -9.69429e-05
2.91 -0.000103521
2.92 -0.000109499
2.93 -0.000115438
2.94 -0.000121917
2.95 -0.000128979
2.96 -0.000135982
2.97 -0.000142025
2.98 -0.000146645
2.99 -0.000150205
3 -0.000153544
3.01 -0.000157148
3.02 -0.000160578
3.03 -0.000162638
3.04 -0.000162228
3.05 -0.000159142
3.06 -0.000154119
3.07 -0.000148157
3.08 -0.000141753
3.09 -0.000134732
3.1 -0.000126741
3.11 -0.000117863
3.12 -0.000108767
3.13 -0.000100286
3.14 -9.28233e-05
3.15 -8.61106e-05
3.16 -7.94647e-05
3.17 -7.23054e-05
3.18 -6.45317e-05
3.19 -5.65165e-05
3.2 -4.87642e-05
3.21 -4.15224e-05
3.22 -3.46241e-05
3.23 -2.76489e-05
3.24 -2.02821e-05
3.25 -1.2574e-05
3.26 -4.84272e-06
3.27 2.69183e-06
3.28 1.01865e-05
3.29 1.80907e-05
3.3 2.6742e-05
3.31 3.60046e-05
3.32 4.53127e-05
3.33 5.40919e-05
3.34 6.21971e-05
3.35 6.99964e-05
3.36 7.80327e-05
3.37 8.65738e-05
3.38 9.54406e-05
3.39 0.000104238
3.4 0.00011278
3.41 0.00012132
3.42 0.000130373
3.43 0.000140258
3.44 0.000150733
3.45 0.000161032
3.46 0.000170308
3.47 0.000178165
3.48 0.000184849
3.49 0.000190972
3.5 0.000196999
3.51 0.000202886
3.52 0.000208189
3.53 0.000212468
3.54 0.000215606
3.55 0.000217769
3.56 0.000219129
3.57 0.000219664
3.58 0.000219198
3.59 0.000217603
3.6 0.000214946
3.61 0.000211464
3.62 0.000207444
3.63 0.000203119
3.64 0.000198643
3.65 0.000194096
3.66 0.00018948
3.67 0.000184722
3.68 0.000179729
3.69 0.000174463
3.7 0.000168968
3.71 0.000163309
3.72 0.000157475
3.73 0.000151357
3.74 0.00014486
3.75 0.000138037
3.76 0.000131125
3.77 0.000124427
3.78 0.000118199
3.79 0.000112624
3.8 0.00010781
3.81 0.000103753
3.82 0.000100319
3.83 9.72818e-05
3.84 9.44103e-05
3.85 9.15281e-05
3.86 8.8519e-05
3.87 8.53209e-05
3.88 8.19595e-05
3.89 7.85848e-05
3.9 7.54004e-05
3.91 7.24904e-05
3.92 6.96865e-05
3.93 6.66094e-05
3.94 6.2888e-05
3.95 5.83944e-05
3.96 5.33026e-05
3.97 4.79451e-05
3.98 4.26137e-05
3.99 3.74748e-05
4 3.26421e-05
4.01 2.827e-05
4.02 2.44763e-05
4.03 2.11185e-05
4.04 1.76648e-05
4.05 1.33446e-05
4.06 7.53139e-06
4.07 9.42169e-08
4.08 -8.52186e-06
4.09 -1.75306e-05
4.1 -2.62122e-05
4.11 -3.42275e-05
4.12 -4.16431e-05
4.13 -4.8694e-05
4.14 -5.54868e-05
4.15 -6.18679e-05
4.16 -6.75324e-05
4.17 -7.22619e-05
4.18 -7.61255e-05
4.19 -7.94977e-05
4.2 -8.28477e-05
4.21 -8.64409e-05
4.22 -9.01737e-05
4.23 -9.36617e-05
4.24 -9.65086e-05
4.25 -9.85418e-05
4.26 -9.98394e-05
4.27 -0.000100592
4.28 -0.000101
4.29 -0.000101295
4.3 -0.000101774
4.31 -0.00010273
4.32 -0.000104339
4.33 -0.000106595
4.34 -0.000109365
4.35 -0.000112462
4.36 -0.000115675
4.37 -0.000118762
4.38 -0.000121495
4.39 -0.000123788
4.4 -0.000125764
4.41 -0.000127703
4.42 -0.00012994
4.43 -0.000132808
4.44 -0.000136614
4.45 -0.0001416
4.46 -0.000147837
4.47 -0.00015512
4.48 -0.000163009
4.49 -0.000171008
4.5 -0.00017878
4.51 -0.000186234
4.52 -0.000193466
4.53 -0.000200612
4.54 -0.000207755
4.55 -0.000214931
4.56 -0.000222232
4.57 -0.000229874
4.58 -0.000238101
4.59 -0.000246965
4.6 -0.000256199
4.61 -0.00026532
4.62 -0.000273915
4.63 -0.000281903
4.64 -0.000289581
4.65 -0.000297413
4.66 -0.00030566
4.67 -0.000314109
4.68 -0.000322177
4.69 -0.000329352
4.7 -0.000335578
4.71 -0.000341232
4.72 -0.00034661
4.73 -0.00035136
4.74 -0.000354406
4.75 -0.000354527
4.76 -0.000351207
4.77 -0.000345111
4.78 -0.000337732
4.79 -0.000330449
4.8 -0.000323704
4.81 -0.000316848
4.82 -0.000308665
4.83 -0.000298071
4.84 -0.000284474
4.85 -0.000267673
4.86 -0.000247595
4.87 -0.000224205
4.88 -0.000197674
4.89 -0.0001686
4.9 -0.000138065
4.91 -0.000107386
4.92 -7.75931e-05
4.93 -4.89525e-05
4.94 -2.09048e-05
4.95 7.57173e-06
4.96 3.75911e-05
4.97 7.01207e-05
4.98 0.000105497
4.99 0.000142771
5 0.000179621
5.01 0.00021326
5.02 0.000241904
5.03 0.000265659
5.04 0.000285937
5.05 0.000303929
5.06 0.000319534
5.07 0.000331611
5.08 0.00033909
5.09 0.000341855
5.1 0.000340747
5.11 0.000336877
5.12 0.000330898
5.13 0.000322774
5.14 0.000312169
5.15 0.00029903
5.16 0.000283856
5.17 0.000267455
5.18 0.000250479
5.19 0.000233138
5.2 0.00021524
5.21 0.000196432
5.22 0.000176474
5.23 0.000155389
5.24 0.000133454
5.25 0.000111072
5.26 8.87077e-05
5.27 6.69165e-05
5.28 4.63844e-05
5.29 2.78475e-05
5.3 1.18415e-05
5.31 -1.56899e-06
5.32 -1.28719e-05
5.33 -2.29269e-05
5.34 -3.26426e-05
5.35 -4.27092e-05
5.36 -5.34844e-05
5.37 -6.50095e-05
5.38 -7.70667e-05
5.39 -8.92245e-05
5.4 -0.000100891
5.41 -0.000111454
5.42 -0.000120574
5.43 -0.000128496
5.44 -0.000136111
5.45 -0.000144664
5.46 -0.000155262
5.47 -0.000168517
5.48 -0.000184487
5.49 -0.000202776
5.5 -0.000222468
5.51 -0.000241974
5.52 -0.000259321
5.53 -0.000272965
5.54 -0.000282611
5.55 -0.000289312
5.56 -0.000294612
5.57 -0.000299383
5.58 -0.000303306
5.59 -0.000305302
5.6 -0.00030434
5.61 -0.000299955
5.62 -0.000292339
5.63 -0.000282173
5.64 -0.000270286
5.65 -0.000257232
5.66 -0.000242992
5.67 -0.000226989
5.68 -0.000208426
5.69 -0.000186736
5.7 -0.000161908
5.71 -0.000134543
5.72 -0.000105649
5.73 -7.62219e-05
5.74 -4.66013e-05
5.75 -1.5997e-05
5.76 1.71592e-05
5.77 5.4164e-05
5.78 9.52363e-05
5.79 0.000139523
5.8 0.000185486
5.81 0.000231142
5.82 0.000274234
5.83 0.00031268
5.84 0.000345269
5.85 0.000372101
5.86 0.000394248
5.87 0.000412889
5.88 0.000428827
5.89 0.00044275
5.9 0.000455692
5.91 0.000468982
5.92 0.000483547
5.93 0.000499071
5.94 0.000513637
5.95 0.000524334
5.96 0.000528969
5.97 0.000527842
5.98 0.000523991
5.99 0.000521435
6 0.000522578
6.01 0.000526717
6.02 0.000530732
6.03 0.000531186
6.04 0.000526096
6.05 0.000515205
6.06 0.000499034
6.07 0.00047794
6.08 0.000452177
6.09 0.000422785
6.1 0.000392166
6.11 0.000363506
6.12 0.000339146
6.13 0.000319137
6.14 0.000301297
6.15 0.000282782
6.16 0.000261934
6.17 0.000239055
6.18 0.000215778
6.19 0.000193815
6.2 0.000174071
6.21 0.000156611
6.22 0.000141171
6.23 0.000127654
6.24 0.000116283
6.25 0.000107464
6.26 0.00010158
6.27 9.88641e-05
6.28 9.92507e-05
6.29 0.000102188
6.3 0.00010652
6.31 0.000110588
6.32 0.000112591
6.33 0.000111018
6.34 0.0001049
6.35 9.38589e-05
6.36 7.81683e-05
6.37 5.88863e-05
6.38 3.78239e-05
6.39 1.70748e-05
6.4 -1.91718e-06
6.41 -1.9179e-05
6.42 -3.61526e-05
6.43 -5.4686e-05
6.44 -7.57845e-05
6.45 -9.9055e-05
6.46 -0.000123202
6.47 -0.000147052
6.48 -0.000170224
6.49 -0.000193041
6.5 -0.000215933
6.51 -0.000238899
6.52 -0.000261231
6.53 -0.000281573
6.54 -0.000298333
6.55 -0.000310294
6.56 -0.000317032
6.57 -0.000318912
6.58 -0.000316704
6.59 -0.000311162
6.6 -0.000302848
6.61 -0.000292202
6.62 -0.000279546
6.63 -0.000264935
6.64 -0.000248072
6.65 -0.000228463
6.66 -0.000205735
6.67 -0.000179878
6.68 -0.000151336
6.69 -0.000120947
6.7 -8.97863e-05
6.71 -5.89772e-05
6.72 -2.95053e-05
6.73 -2.11707e-06
6.74 2.26737e-05
6.75 4.45408e-05
6.76 6.3394e-05
6.77 7.94846e-05
6.78 9.33725e-05
6.79 0.00010569
6.8 0.000116872
6.81 0.000127023
6.82 0.000135894
6.83 0.000142885
6.84 0.000147059
6.85 0.000147312
6.86 0.000142862
6.87 0.000133812
6.88 0.000121292
6.89 0.000106983
6.9 9.23528e-05
6.91 7.81925e-05
6.92 6.47628e-05
6.93 5.23158e-05
6.94 4.14921e-05
6.95 3.32563e-05
6.96 2.84296e-05
6.97 2.71894e-05
6.98 2.88619e-05
6.99 3.20755e-05
7 3.51029e-05
7.01 3.62679e-05
7.02 3.44971e-05
7.03 2.98134e-05
7.04 2.32973e-05
7.05 1.64344e-05
7.06 1.0348e-05
7.07 5.49374e-06
7.08 1.92937e-06
7.09 -2.72425e-07
7.1 -9.7756e-07
7.11 -2.77171e-07
7.12 1.41372e-06
7.13 3.71819e-06
7.14 6.82675e-06
7.15 1.16047e-05
7.16 1.89408e-05
7.17 2.87683e-05
7.18 3.96125e-05
7.19 4.91486e-05
7.2 5.55313e-05
7.21 5.84626e-05
7.22 5.89984e-05
7.23 5.82676e-05
7.24 5.62919e-05
7.25 5.19047e-05
7.26 4.36791e-05
7.27 3.09397e-05
7.28 1.40485e-05
7.29 -6.09642e-06
7.3 -2.87945e-05
7.31 -5.39144e-05
7.32 -8.17594e-05
7.33 -0.000112703
7.34 -0.000146961
7.35 -0.000184609
7.36 -0.000225697
7.37 -0.000270226
7.38 -0.000318004
7.39 -0.000368518
7.4 -0.000421017
7.41 -0.000474676
7.42 -0.000528563
7.43 -0.000581336
7.44 -0.000630931
7.45 -0.000674598
7.46 -0.000709415
7.47 -0.000733056
7.48 -0.000744467
7.49 -0.000744099
7.5 -0.00073354
7.51 -0.000714856
7.52 -0.000690166
7.53 -0.000661631
7.54 -0.000631474
7.55 -0.000601616
7.56 -0.00057286
7.57 -0.000544292
7.58 -0.000513698
7.59 -0.00047891
7.6 -0.000439105
7.61 -0.000395154
7.62 -0.000348921
7.63 -0.000302244
7.64 -0.000256337
7.65 -0.000211835
7.66 -0.000169109
7.67 -0.000128461
7.68 -9.00943e-05
7.69 -5.40996e-05
7.7 -2.06295e-05
7.71 9.83193e-06
7.72 3.65104e-05
7.73 5.87585e-05
7.74 7.64718e-05
7.75 9.00497e-05
7.76 9.97958e-05
7.77 0.00010527
7.78 0.000105263
7.79 9.85063e-05
7.8 8.45376e-05
7.81 6.40296e-05
7.82 3.83477e-05
7.83 8.76198e-06
7.84 -2.40507e-05
7.85 -5.98989e-05
7.86 -9.85353e-05
7.87 -0.000139202
7.88 -0.000180686
7.89 -0.000221842
7.9 -0.000262151
7.91 -0.000301856
7.92 -0.000341508
7.93 -0.000381256
7.94 -0.000420393
7.95 -0.00045745
7.96 -0.000490729
7.97 -0.000518866
7.98 -0.000541049
7.99 -0.000556867
8 -0.000565994
8.01 -0.000568073
8.02 -0.000562972
8.03 -0.000551185
8.04 -0.000533948
8.05 -0.000512832
8.06 -0.000488976
8.07 -0.000462509
8.08 -0.000432596
8.09 -0.000398071
8.1 -0.000358171
8.11 -0.000312908
8.12 -0.000262965
8.13 -0.000209387
8.14 -0.000153379
8.15 -9.62406e-05
8.16 -3.92619e-05
8.17 1.65386e-05
8.18 7.06741e-05
8.19 0.000123236
8.2 0.000174634
8.21 0.000225179
8.22 0.000274796
8.23 0.000323008
8.24 0.000369179
8.25 0.000412803
8.26 0.000453641
8.27 0.000491659
8.28 0.000526856
8.29 0.000559154
8.3 0.000588481
8.31 0.000614955
8.32 0.00063897
8.33 0.000661034
8.34 0.000681428
8.35 0.00069996
8.36 0.000716045
8.37 0.000729084
8.38 0.000738894
8.39 0.000745882
8.4 0.000750845
8.41 0.000754614
8.42 0.000757823
8.43 0.000760908
8.44 0.000764207
8.45 0.000767981
8.46 0.00077234
8.47 0.000777116
8.48 0.000781675
8.49 0.000784781
8.5 0.000784777
8.51 0.000780082
8.52 0.000769804
8.53 0.000754014
8.54 0.000733404
8.55 0.000708595
8.56 0.000679688
8.57 0.0006464
8.58 0.000608595
8.59 0.000566687
8.6 0.000521536
8.61 0.000474019
8.62 0.000424781
8.63 0.000374407
8.64 0.000323748
8.65 0.000273992
8.66 0.000226372
8.67 0.000181795
8.68 0.000140793
8.69 0.000103818
8.7 7.15197e-05
8.71 4.47134e-05
8.72 2.41302e-05
8.73 1.01826e-05
8.74 2.85604e-06
8.75 1.69651e-06
8.76 5.82582e-06
8.77 1.40733e-05
8.78 2.54038e-05
8.79 3.94599e-05
8.8 5.67407e-05
8.81 7.81591e-05
8.82 0.00010419
8.83 0.000134255
8.84 0.000166875
8.85 0.000200429
8.86 0.000233811
8.87 0.000266508
8.88 0.00029822
8.89 0.000328534
8.9 0.000356951
8.91 0.000383157
8.92 0.000407128
8.93 0.000428906
8.94 0.000448207
8.95 0.000464202
8.96 0.000475617
8.97 0.000481076
8.98 0.000479558
8.99 0.000470738
9 0.00045503
9.01 0.000433384
9.02 0.000407097
9.03 0.000377753
9.04 0.000347145
9.05 0.00031702
9.06 0.00028861
9.07 0.000262195
9.08 0.000236897
9.09 0.000210881
9.1 0.000181958
9.11 0.000148381
9.12 0.000109483
9.13 6.58341e-05
9.14 1.88422e-05
9.15 -2.99136e-05
9.16 -7.91691e-05
9.17 -0.000128087
9.18 -0.000176191
9.19 -0.000223338
9.2 -0.000269692
9.21 -0.000315604
9.22 -0.000361411
9.23 -0.000407285
9.24 -0.000453214
9.25 -0.00049909
9.26 -0.000544779
9.27 -0.000590127
9.28 -0.000634954
9.29 -0.000679076
9.3 -0.000722395
9.31 -0.000764966
9.32 -0.000807001
9.33 -0.00084875
9.34 -0.000890172
9.35 -0.000930602
9.36 -0.000968727
9.37 -0.001003
9.38 -0.00103227
9.39 -0.00105614
9.4 -0.0010748
9.41 -0.00108843
9.42 -0.00109683
9.43 -0.00109952
9.44 -0.0010961
9.45 -0.00108646
9.46 -0.00107057
9.47 -0.00104834
9.48 -0.00101964
9.49 -0.000984676
9.5 -0.000944527
9.51 -0.000901257
9.52 -0.000857176
9.53 -0.000813639
9.54 -0.000770334
9.55 -0.000725685
9.56 -0.000678106
9.57 -0.00062713
9.58 -0.000573619
9.59 -0.000519064
9.6 -0.000464673
9.61 -0.000410934
9.62 -0.000357834
9.63 -0.000305356
9.64 -0.000253775
9.65 -0.000203512
9.66 -0.000154686
9.67 -0.000106758
9.68 -5.86474e-05
9.69 -9.24732e-06
9.7 4.20011e-05
9.71 9.48334e-05
9.72 0.000148203
9.73 0.000200536
9.74 0.000250143
9.75 0.000295698
9.76 0.000336561
9.77 0.000372816
9.78 0.000405037
9.79 0.000433978
9.8 0.000460343
9.81 0.000484707
9.82 0.000507516
9.83 0.000529112
9.84 0.000549731
9.85 0.000569491
9.86 0.000588348
9.87 0.000606064
9.88 0.000622242
9.89 0.000636423
9.9 0.000648231
9.91 0.000657453
9.92 0.000664017
9.93 0.000667866
9.94 0.000668806
9.95 0.000666449
9.96 0.000660299
9.97 0.000649939
9.98 0.000635191
9.99 0.000616142
10 0.000593063
10.01 0.000566306
10.02 0.00053627
10.03 0.000503413
10.04 0.000468262
10.05 0.000431351
10.06 0.000393171
10.07 0.000354145
10.08 0.000314666
10.09 0.000275131
10.1 0.000235971
10.11 0.000197648
10.12 0.000160583
10.13 0.000125035
10.14 9.09771e-05
10.15 5.80759e-05
10.16 2.58313e-05
10.17 -6.18415e-06
10.18 -3.81417e-05
10.19 -6.99295e-05
10.2 -0.000101247
10.21 -0.000131718
10.22 -0.000160954
10.23 -0.000188588
10.24 -0.000214318
10.25 -0.000237994
10.26 -0.00025968
10.27 -0.000279644
10.28 -0.000298224
10.29 -0.000315664
10.3 -0.000332049
10.31 -0.000347364
10.32 -0.000361582
10.33 -0.000374653
10.34 -0.000386319
10.35 -0.000395929
10.36 -0.000402507
10.37 -0.000405112
10.38 -0.000403235
10.39 -0.000396915
10.4 -0.000386515
10.41 -0.000372364
10.42 -0.000354575
10.43 -0.000333131
10.44 -0.000308057
10.45 -0.000279464
10.46 -0.000247475
10.47 -0.000212139
10.48 -0.000173478
10.49 -0.00013164
10.5 -8.70167e-05
10.51 -4.02312e-05
10.52 8.04072e-06
10.53 5.7288e-05
10.54 0.000107286
10.55 0.000158044
10.56 0.000209606
10.57 0.00026183
10.58 0.000314289
10.59 0.000366317
10.6 0.000417174
10.61 0.000466199
10.62 0.000512879
10.63 0.000556821
10.64 0.000597659
10.65 0.000634982
10.66 0.000668308
10.67 0.000697138
10.68 0.000721059
10.69 0.000739868
10.7 0.000753612
10.71 0.000762533
10.72 0.000766941
10.73 0.000767118
10.74 0.000763336
10.75 0.000755966
10.76 0.000745566
10.77 0.000732832
10.78 0.000718422
10.79 0.000702801
10.8 0.000686309
10.81 0.000669403
10.82 0.000652837
10.83 0.000637535
10.84 0.000624133
10.85 0.000612522
10.86 0.000601806
10.87 0.000590771
10.88 0.00057857
10.89 0.000565161
10.9 0.00055119
10.91 0.000537478
10.92 0.00052452
10.93 0.000512304
10.94 0.000500488
10.95 0.000488676
10.96 0.000476559
10.97 0.00046385
10.98 0.000450076
10.99 0.000434474
11 0.00041613
11.01 0.000394322
11.02 0.000368764
11.03 0.000339584
11.04 0.000307075
11.05 0.000271446
11.06 0.000232786
11.07 0.000191182
11.08 0.000146828
11.09 9.99821e-05
11.1 5.08712e-05
11.11 -3.6541e-07
11.12 -5.37047e-05
11.13 -0.000109256
11.14 -0.000167213
11.15 -0.000227726
11.16 -0.000290753
11.17 -0.000355984
11.18 -0.000422857
11.19 -0.000490606
11.2 -0.000558295
11.21 -0.000624841
11.22 -0.000689097
11.23 -0.00075001
11.24 -0.000806773
11.25 -0.000858906
11.26 -0.000906167
11.27 -0.000948397
11.28 -0.000985427
11.29 -0.00101714
11.3 -0.00104356
11.31 -0.00106484
11.32 -0.00108119
11.33 -0.00109275
11.34 -0.00109968
11.35 -0.00110227
11.36 -0.00110114
11.37 -0.00109712
11.38 -0.00109107
11.39 -0.00108362
11.4 -0.00107512
11.41 -0.0010657
11.42 -0.00105541
11.43 -0.00104424
11.44 -0.00103199
11.45 -0.00101827
11.46 -0.00100262
11.47 -0.000984618
11.48 -0.000964101
11.49 -0.000941131
11.5 -0.000915933
11.51 -0.000888785
11.52 -0.00085989
11.53 -0.000829255
11.54 -0.000796703
11.55 -0.000762041
11.56 -0.000725273
11.57 -0.000686723
11.58 -0.000646915
11.59 -0.000606327
11.6 -0.000565192
11.61 -0.000523482
11.62 -0.000481031
11.63 -0.000437674
11.64 -0.000393305
11.65 -0.000347883
11.66 -0.000301426
11.67 -0.000254037
11.68 -0.000205924
11.69 -0.000157392
11.7 -0.000108807
11.71 -6.05255e-05
11.72 -1.28415e-05
11.73 3.40754e-05
11.74 8.0245e-05
11.75 0.000125925
11.76 0.000171589
11.77 0.0002178
11.78 0.00026497
11.79 0.00031314
11.8 0.000361921
11.81 0.00041065
11.82 0.000458649
11.83 0.000505434
11.84 0.000550783
11.85 0.000594683
11.86 0.000637253
11.87 0.000678679
11.88 0.000719128
11.89 0.000758625
11.9 0.000796988
11.91 0.000833858
11.92 0.000868776
11.93 0.000901225
11.94 0.000930586
11.95 0.000956088
11.96 0.000976879
11.97 0.000992228
11.98 0.00100175
11.99 0.00100549
12 0.00100388
12.01 0.00099752
12.02 0.000987066
12.03 0.000973142
12.04 0.000956285
12.05 0.000936887
12.06 0.000915146
12.07 0.000891107
12.08 0.000864797
12.09 0.000836369
12.1 0.000806109
12.11 0.000774304
12.12 0.000741078
12.13 0.000706351
12.14 0.000669926
12.15 0.000631616
12.16 0.000591289
12.17 0.000548803
12.18 0.000503938
12.19 0.00045642
12.2 0.000406007
12.21 0.000352597
12.22 0.000296335
12.23 0.000237679
12.24 0.000177419
12.25 0.00011658
12.26 5.61342e-05
12.27 -3.31766e-06
12.28 -6.16164e-05
12.29 -0.000118776
12.3 -0.000174597
12.31 -0.000228475
12.32 -0.000279505
12.33 -0.000326784
12.34 -0.00036969
12.35 -0.00040802
12.36 -0.000441974
12.37 -0.000472036
12.38 -0.000498763
12.39 -0.000522567
12.4 -0.000543573
12.41 -0.000561636
12.42 -0.000576501
12.43 -0.000588017
12.44 -0.00059624
12.45 -0.000601391
12.46 -0.000603705
12.47 -0.000603308
12.48 -0.000600204
12.49 -0.000594356
12.5 -0.000585857
12.51 -0.000575057
12.52 -0.000562551
12.53 -0.00054902
12.54 -0.000535013
12.55 -0.000520825
12.56 -0.000506549
12.57 -0.000492238
12.58 -0.000478007
12.59 -0.000463983
12.6 -0.000450144
12.61 -0.000436172
12.62 -0.000421441
12.63 -0.000405183
12.64 -0.000386825
12.65 -0.000366287
12.66 -0.000343995
12.67 -0.000320559
12.68 -0.000296409
12.69 -0.000271662
12.7 -0.000246234
12.71 -0.000220048
12.72 -0.00019317
12.73 -0.000165832
12.74 -0.000138359
12.75 -0.000111055
12.76 -8.40987e-05
12.77 -5.74885e-05
12.78 -3.10811e-05
12.79 -4.68734e-06
12.8 2.18344e-05
12.81 4.8541e-05
12.82 7.54228e-05
12.83 0.000102458
12.84 0.000129698
12.85 0.000157318
12.86 0.000185565
12.87 0.000214567
12.88 0.000244109
12.89 0.000273547
12.9 0.000302011
12.91 0.000328794
12.92 0.000353641
12.93 0.000376723
12.94 0.000398285
12.95 0.000418254
12.96 0.000436135
12.97 0.000451279
12.98 0.000463314
12.99 0.000472419
13 0.000479218
13.01 0.00048442
13.02 0.000488485
13.03 0.000491515
13.04 0.00049334
13.05 0.000493645
13.06 0.000492028
13.07 0.000488033
13.08 0.000481192
13.09 0.000471149
13.1 0.000457816
13.11 0.000441472
13.12 0.000422682
13.13 0.000402057
13.14 0.000379967
13.15 0.000356395
13.16 0.000331009
13.17 0.000303364
13.18 0.00027314
13.19 0.000240267
13.2 0.000204943
13.21 0.000167548
13.22 0.000128492
13.23 8.80939e-05
13.24 4.65798e-05
13.25 4.20804e-06
13.26 -3.86322e-05
13.27 -8.14571e-05
13.28 -0.000123846
13.29 -0.000165577
13.3 -0.000206596
13.31 -0.000246836
13.32 -0.000285996
13.33 -0.000323463
13.34 -0.000358475
13.35 -0.000390426
13.36 -0.000419067
13.37 -0.000444504
13.38 -0.00046706
13.39 -0.000487138
13.4 -0.000505119
13.41 -0.000521292
13.42 -0.000535849
13.43 -0.000548953
13.44 -0.000560841
13.45 -0.000571874
13.46 -0.000582504
13.47 -0.000593186
13.48 -0.000604297
13.49 -0.000616081
13.5 -0.000628532
13.51 -0.000641302
13.52 -0.00065377
13.53 -0.000665301
13.54 -0.000675476
13.55 -0.00068412
13.56 -0.000691125
13.57 -0.000696291
13.58 -0.000699345
13.59 -0.000700107
13.6 -0.000698601
13.61 -0.000694986
13.62 -0.000689373
13.63 -0.000681675
13.64 -0.00067162
13.65 -0.00065886
13.66 -0.000643098
13.67 -0.000624154
13.68 -0.000601992
13.69 -0.000576721
13.7 -0.000548532
13.71 -0.00051761
13.72 -0.000484082
13.73 -0.000448059
13.74 -0.00040973
13.75 -0.000369402
13.76 -0.000327437
13.77 -0.000284127
13.78 -0.000239608
13.79 -0.000193879
13.8 -0.000146923
13.81 -9.88326e-05
13.82 -4.98556e-05
13.83 -3.29405e-07
13.84 4.94357e-05
13.85 9.92303e-05
13.86 0.000148914
13.87 0.000198311
13.88 0.000247113
13.89 0.00029487
13.9 0.000341051
13.91 0.000385132
13.92 0.000426622
13.93 0.000465025
13.94 0.000499796
13.95 0.000530341
13.96 0.000556111
13.97 0.000576729
13.98 0.000592075
13.99 0.000602311
14 0.000607881
14.01 0.000609497
14.02 0.00060798
14.03 0.000603998
14.04 0.000597912
14.05 0.000589853
14.06 0.000579986
14.07 0.000568694
14.08 0.000556514
14.09 0.000543872
14.1 0.000530908
14.11 0.000517553
14.12 0.000503816
14.13 0.000490009
14.14 0.000476684
14.15 0.000464279
14.16 0.000452743
14.17 0.000441411
14.18 0.000429274
14.19 0.000415473
14.2 0.000399703
14.21 0.000382283
14.22 0.000363873
14.23 0.000345114
14.24 0.000326541
14.25 0.000308782
14.26 0.000292662
14.27 0.000278965
14.28 0.00026794
14.29 0.000259003
14.3 0.000251
14.31 0.000242881
14.32 0.000234204
14.33 0.0002251
14.34 0.000215868
14.35 0.000206607
14.36 0.000197175
14.37 0.000187384
14.38 0.000177177
14.39 0.000166616
14.4 0.000155762
14.41 0.000144589
14.42 0.000133026
14.43 0.000121048
14.44 0.000108687
14.45 9.59331e-05
14.46 8.26178e-05
14.47 6.84476e-05
14.48 5.3265e-05
14.49 3.73682e-05
14.5 2.15787e-05
14.51 6.94849e-06
14.52 -5.69508e-06
14.53 -1.60418e-05
14.54 -2.42622e-05
14.55 -3.07487e-05
14.56 -3.58641e-05
14.57 -3.98467e-05
14.58 -4.28313e-05
14.59 -4.48904e-05
14.6 -4.60563e-05
14.61 -4.63179e-05
14.62 -4.55702e-05
14.63 -4.35601e-05
14.64 -3.992e-05
14.65 -3.43137e-05
14.66 -2.66122e-05
14.67 -1.69839e-05
14.68 -5.86009e-06
14.69 6.17956e-06
14.7 1.85289e-05
14.71 3.06522e-05
14.72 4.21685e-05
14.73 5.2923e-05
14.74 6.30143e-05
14.75 7.27268e-05
14.76 8.23486e-05
14.77 9.19607e-05
14.78 0.000101352
14.79 0.000110114
14.8 0.000117818
14.81 0.00012413
14.82 0.000128806
14.83 0.000131638
14.84 0.000132476
14.85 0.000131339
14.86 0.000128462
14.87 0.0001242
14.88 0.00011889
14.89 0.000112801
14.9 0.000106248
14.91 9.97324e-05
14.92 9.39088e-05
14.93 8.93333e-05
14.94 8.61692e-05
14.95 8.4075e-05
14.96 8.23511e-05
14.97 8.02346e-05
14.98 7.71702e-05
14.99 7.2961e-05
15 6.78315e-05
15.01 6.24018e-05
15.02 5.74869e-05
15.03 5.37666e-05
15.04 5.1523e-05
15.05 5.06146e-05
15.06 5.06623e-05
15.07 5.12675e-05
15.08 5.20926e-05
15.09 5.28106e-05
15.1 5.30629e-05
15.11 5.25087e-05
15.12 5.0901e-05
15.13 4.81002e-05
15.14 4.40179e-05
15.15 3.85597e-05
15.16 3.16344e-05
15.17 2.32045e-05
15.18 1.32867e-05
15.19 1.87296e-06
15.2 -1.11547e-05
15.21 -2.6013e-05
15.22 -4.28744e-05
15.23 -6.16907e-05
15.24 -8.21344e-05
15.25 -0.000103715
15.26 -0.000125983
15.27 -0.000148691
15.28 -0.000171829
15.29 -0.00019554
15.3 -0.000219966
15.31 -0.000245116
15.32 -0.000270884
15.33 -0.000297158
15.34 -0.000323863
15.35 -0.000350833
15.36 -0.000377657
15.37 -0.000403639
15.38 -0.000427913
15.39 -0.000449637
15.4 -0.000468182
15.41 -0.00048326
15.42 -0.000494949
15.43 -0.000503599
15.44 -0.000509607
15.45 -0.000513194
15.46 -0.00051433
15.47 -0.000512862
15.48 -0.000508723
15.49 -0.000502055
15.5 -0.000493142
15.51 -0.000482216
15.52 -0.000469301
15.53 -0.000454245
15.54 -0.000436911
15.55 -0.000417373
15.56 -0.000395914
15.57 -0.000372814
15.58 -0.000348146
15.59 -0.00032177
15.6 -0.000293532
15.61 -0.0002635
15.62 -0.000232081
15.63 -0.000199966
15.64 -0.000167913
15.65 -0.000136503
15.66 -0.000105977
15.67 -7.62173e-05
15.68 -4.68741e-05
15.69 -1.7541e-05
15.7 1.21188e-05
15.71 4.23343e-05
15.72 7.32508e-05
15.73 0.000104923
15.74 0.000137183
15.75 0.000169479
15.76 0.000200915
15.77 0.000230538
15.78 0.000257715
15.79 0.000282295
15.8 0.000304488
15.81 0.000324603
15.82 0.000342903
15.83 0.000359644
15.84 0.000375127
15.85 0.000389635
15.86 0.000403263
15.87 0.000415812
15.88 0.000426872
15.89 0.000436066
15.9 0.000443274
15.91 0.000448699
15.92 0.00045271
15.93 0.000455604
15.94 0.000457436
15.95 0.00045804
15.96 0.000457192
15.97 0.000454765
15.98 0.000450757
15.99 0.000445201
16 0.000438093
16.01 0.000429439
16.02 0.000419338
16.03 0.000408
16.04 0.000395638
16.05 0.000382326
16.06 0.000367979
16.07 0.000352493
16.08 0.000335922
16.09 0.000318529
16.1 0.000300643
16.11 0.000282424
16.12 0.000263715
16.13 0.000244078
16.14 0.000222978
16.15 0.000200021
16.16 0.000175122
16.17 0.000148547
16.18 0.000120775
16.19 9.22542e-05
16.2 6.31869e-05
16.21 3.34833e-05
16.22 2.90884e-06
16.23 -2.86906e-05
16.24 -6.12512e-05
16.25 -9.45132e-05
16.26 -0.000128135
16.27 -0.000161788
16.28 -0.000195202
16.29 -0.000228161
16.3 -0.000260473
16.31 -0.000291919
16.32 -0.000322214
16.33 -0.00035098
16.34 -0.000377734
16.35 -0.000401916
16.36 -0.000423006
16.37 -0.000440715
16.38 -0.00045512
16.39 -0.000466649
16.4 -0.0004759
16.41 -0.000483402
16.42 -0.000489464
16.43 -0.000494156
16.44 -0.000497398
16.45 -0.000499075
16.46 -0.000499137
16.47 -0.000497669
16.48 -0.000494902
16.49 -0.000491169
16.5 -0.000486797
16.51 -0.000481997
16.52 -0.000476777
16.53 -0.000470944
16.54 -0.000464232
16.55 -0.000456506
16.56 -0.000447898
16.57 -0.000438799
16.58 -0.000429654
16.59 -0.000420716
16.6 -0.000411886
16.61 -0.000402741
16.62 -0.000392704
16.63 -0.000381247
16.64 -0.00036805
16.65 -0.000353066
16.66 -0.000336457
16.67 -0.000318472
16.68 -0.000299368
16.69 -0.000279405
16.7 -0.000258864
16.71 -0.000238002
16.72 -0.000216908
16.73 -0.000195391
16.74 -0.000173027
16.75 -0.000149382
16.76 -0.000124248
16.77 -9.77204e-05
16.78 -7.01004e-05
16.79 -4.17313e-05
16.8 -1.29016e-05
16.81 1.61651e-05
16.82 4.53156e-05
16.83 7.4504e-05
16.84 0.000103786
16.85 0.00013323
16.86 0.000162796
16.87 0.000192297
16.88 0.000221475
16.89 0.000250132
16.9 0.000278186
16.91 0.0003056
16.92 0.000332236
16.93 0.000357774
16.94 0.000381751
16.95 0.000403717
16.96 0.000423371
16.97 0.000440588
16.98 0.000455316
16.99 0.000467436
17 0.000476761
17.01 0.000483162
17.02 0.000486702
17.03 0.00048764
17.04 0.000486335
17.05 0.000483154
17.06 0.000478423
17.07 0.000472417
17.08 0.000465332
17.09 0.00045723
17.1 0.000448019
17.11 0.00043748
17.12 0.000425352
17.13 0.000411428
17.14 0.000395638
17.15 0.000378117
17.16 0.000359232
17.17 0.000339528
17.18 0.000319577
17.19 0.000299796
17.2 0.00028036
17.21 0.000261255
17.22 0.000242389
17.23 0.000223646
17.24 0.000204843
17.25 0.000185686
17.26 0.000165809
17.27 0.000144913
17.28 0.000122924
17.29 0.000100054
17.3 7.67521e-05
17.31 5.3556e-05
17.32 3.09407e-05
17.33 9.20799e-06
17.34 -1.15417e-05
17.35 -3.13673e-05
17.36 -5.04093e-05
17.37 -6.88183e-05
17.38 -8.67139e-05
17.39 -0.00010418
17.4 -0.000121289
17.41 -0.000138101
17.42 -0.000154585
17.43 -0.000170496
17.44 -0.000185369
17.45 -0.000198662
17.46 -0.000209957
17.47 -0.000219069
17.48 -0.00022603
17.49 -0.000231039
17.5 -0.000234426
17.51 -0.000236613
17.52 -0.000237993
17.53 -0.000238725
17.54 -0.000238588
17.55 -0.000237031
17.56 -0.000233441
17.57 -0.000227464
17.58 -0.000219161
17.59 -0.000208896
17.6 -0.000197088
17.61 -0.000184001
17.62 -0.000169744
17.63 -0.000154407
17.64 -0.000138216
17.65 -0.000121566
17.66 -0.000104924
17.67 -8.86975e-05
17.68 -7.31462e-05
17.69 -5.83829e-05
17.7 -4.4415e-05
17.71 -3.1167e-05
17.72 -1.84655e-05
17.73 -6.03763e-06
17.74 6.3909e-06
17.75 1.89242e-05
17.76 3.13805e-05
17.77 4.33435e-05
17.78 5.43691e-05
17.79 6.42077e-05
17.8 7.28905e-05
17.81 8.06448e-05
17.82 8.77273e-05
17.83 9.43046e-05
17.84 0.000100448
17.85 0.000106193
17.86 0.000111541
17.87 0.0001164
17.88 0.000120548
17.89 0.000123719
17.9 0.000125782
17.91 0.000126868
17.92 0.000127306
17.93 0.000127413
17.94 0.000127326
17.95 0.000127022
17.96 0.000126469
17.97 0.000125749
17.98 0.000125049
17.99 0.000124541
18 0.000124261
18.01 0.000124053
18.02 0.000123602
18.03 0.000122493
18.04 0.000120279
18.05 0.00011655
18.06 0.000111031
18.07 0.000103697
18.08 9.4824e-05
18.09 8.49213e-05
18.1 7.45567e-05
18.11 6.41664e-05
18.12 5.39383e-05
18.13 4.37979e-05
18.14 3.34477e-05
18.15 2.24561e-05
18.16 1.04558e-05
18.17 -2.60623e-06
18.18 -1.63499e-05
18.19 -3.00928e-05
18.2 -4.31593e-05
18.21 -5.51489e-05
18.22 -6.5986e-05
18.23 -7.57749e-05
18.24 -8.46286e-05
18.25 -9.2611e-05
18.26 -9.97759e-05
18.27 -0.000106207
18.28 -0.000111992
18.29 -0.000117155
18.3 -0.000121646
18.31 -0.000125406
18.32 -0.000128463
18.33 -0.000130963
18.34 -0.000133084
18.35 -0.000134914
18.36 -0.000136413
18.37 -0.0001375
18.38 -0.000138149
18.39 -0.000138406
18.4 -0.000138321
18.41 -0.0001379
18.42 -0.000137134
18.43 -0.000136071
18.44 -0.000134858
18.45 -0.000133681
18.46 -0.000132665
18.47 -0.000131803
18.48 -0.000130966
18.49 -0.00012996
18.5 -0.000128596
18.51 -0.000126722
18.52 -0.000124235
18.53 -0.000121072
18.54 -0.000117204
18.55 -0.000112626
18.56 -0.000107358
18.57 -0.000101441
18.58 -9.49377e-05
18.59 -8.79e-05
18.6 -8.03062e-05
18.61 -7.19946e-05
18.62 -6.26675e-05
18.63 -5.19827e-05
18.64 -3.96862e-05
18.65 -2.57035e-05
18.66 -1.01469e-05
18.67 6.74215e-06
18.68 2.46686e-05
18.69 4.33469e-05
18.7 6.2558e-05
18.71 8.21866e-05
18.72 0.000102197
18.73 0.000122548
18.74 0.00014312
18.75 0.000163706
18.76 0.000184078
18.77 0.000204063
18.78 0.000223533
18.79 0.000242335
18.8 0.00026019
18.81 0.000276685
18.82 0.000291383
18.83 0.00030399
18.84 0.000314431
18.85 0.000322786
18.86 0.000329146
18.87 0.000333513
18.88 0.000335823
18.89 0.000336041
18.9 0.000334239
18.91 0.000330596
18.92 0.000325295
18.93 0.000318426
18.94 0.00030998
18.95 0.00029993
18.96 0.000288352
18.97 0.000275454
18.98 0.000261491
18.99 0.000246625
19 0.000230865
19.01 0.000214124
19.02 0.00019634
19.03 0.000177569
19.04 0.000157983
19.05 0.00013781
19.06 0.00011724
19.07 9.63559e-05
19.08 7.51545e-05
19.09 5.36289e-05
19.1 3.18632e-05
19.11 1.00603e-05
19.12 -1.15214e-05
19.13 -3.26807e-05
19.14 -5.33611e-05
19.15 -7.36626e-05
19.16 -9.37712e-05
19.17 -0.00011386
19.18 -0.000134025
19.19 -0.000154288
19.2 -0.000174622
19.21 -0.00019496
19.22 -0.000215174
19.23 -0.000235064
19.24 -0.000254412
19.25 -0.000273079
19.26 -0.000291053
19.27 -0.000308423
19.28 -0.000325263
19.29 -0.000341561
19.3 -0.000357211
19.31 -0.000372097
19.32 -0.000386174
19.33 -0.000399521
19.34 -0.000412288
19.35 -0.000424597
19.36 -0.000436415
19.37 -0.000447489
19.38 -0.000457419
19.39 -0.00046582
19.4 -0.000472456
19.41 -0.000477272
19.42 -0.000480343
19.43 -0.000481812
19.44 -0.000481841
19.45 -0.000480557
19.46 -0.000477992
19.47 -0.000474059
19.48 -0.000468602
19.49 -0.000461502
19.5 -0.000452751
19.51 -0.000442451
19.52 -0.000430718
19.53 -0.000417574
19.54 -0.000402894
19.55 -0.000386448
19.56 -0.000368039
19.57 -0.000347653
19.58 -0.000325523
19.59 -0.000302078
19.6 -0.000277768
19.61 -0.000252881
19.62 -0.000227465
19.63 -0.00020139
19.64 -0.000174498
19.65 -0.000146733
19.66 -0.000118169
19.67 -8.89619e-05
19.68 -5.9316e-05
19.69 -2.94867e-05
19.7 2.25628e-07
19.71 2.95432e-05
19.72 5.83074e-05
19.73 8.65231e-05
19.74 0.00011429
19.75 0.00014167
19.76 0.000168589
19.77 0.000194836
19.78 0.000220135
19.79 0.000244197
19.8 0.000266769
19.81 0.000287655
19.82 0.00030673
19.83 0.000323951
19.84 0.000339332
19.85 0.000352931
19.86 0.000364847
19.87 0.000375252
19.88 0.000384417
19.89 0.000392686
19.9 0.000400374
19.91 0.000407654
19.92 0.000414532
19.93 0.000420935
19.94 0.000426848
19.95 0.000432363
19.96 0.000437608
19.97 0.000442618
19.98 0.000447288
19.99 0.000451429
20 0.000454835
20.01 0.000457297
20.02 0.000458622
20.03 0.000458687
20.04 0.000457513
20.05 0.000455251
20.06 0.0004521
20.07 0.000448175
20.08 0.000443422
20.09 0.000437622
20.1 0.000430511
20.11 0.000421924
20.12 0.000411897
20.13 0.000400629
20.14 0.000388302
20.15 0.0003749
20.16 0.000360183
20.17 0.000343857
20.18 0.000325771
20.19 0.000305971
20.2 0.000284619
20.21 0.00026187
20.22 0.00023784
20.23 0.000212673
20.24 0.000186596
20.25 0.000159919
20.26 0.000132936
20.27 0.000105815
20.28 7.85927e-05
20.29 5.12717e-05
20.3 2.39418e-05
20.31 -3.18857e-06
20.32 -2.98959e-05
20.33 -5.60836e-05
20.34 -8.18124e-05
20.35 -0.000107184
20.36 -0.000132192
20.37 -0.000156669
20.38 -0.000180358
20.39 -0.000203028
20.4 -0.000224556
20.41 -0.000244929
20.42 -0.00026417
20.43 -0.000282255
20.44 -0.000299098
20.45 -0.000314601
20.46 -0.000328731
20.47 -0.000341524
20.48 -0.000353005
20.49 -0.00036309
20.5 -0.000371561
20.51 -0.000378154
20.52 -0.000382688
20.53 -0.000385166
20.54 -0.000385782
20.55 -0.000384842
20.56 -0.000382642
20.57 -0.000379361
20.58 -0.000375051
20.59 -0.000369705
20.6 -0.000363321
20.61 -0.000355895
20.62 -0.000347407
20.63 -0.000337837
20.64 -0.000327232
20.65 -0.000315752
20.66 -0.000303649
20.67 -0.000291163
20.68 -0.0002784
20.69 -0.000265264
20.7 -0.000251506
20.71 -0.000236884
20.72 -0.000221348
20.73 -0.000205128
20.74 -0.00018863
20.75 -0.000172198
20.76 -0.000155951
20.77 -0.000139803
20.78 -0.00012361
20.79 -0.000107305
20.8 -9.09127e-05
20.81 -7.44712e-05
20.82 -5.7952e-05
20.83 -4.12535e-05
20.84 -2.42414e-05
20.85 -6.80065e-06
20.86 1.11059e-05
20.87 2.93954e-05
20.88 4.78851e-05
20.89 6.63752e-05
20.9 8.47334e-05
20.91 0.000102913
20.92 0.0001209
20.93 0.000138647
20.94 0.000156066
20.95 0.000173073
20.96 0.000189648
20.97 0.000205832
20.98 0.000221667
20.99 0.000237106
21 0.000251978
21.01 0.000266035
21.02 0.000279052
21.03 0.000290924
21.04 0.000301687
21.05 0.000311476
21.06 0.00032043
21.07 0.000328614
21.08 0.000335989
21.09 0.000342435
21.1 0.00034782
21.11 0.000352065
21.12 0.000355158
21.13 0.000357098
21.14 0.000357818
21.15 0.000357159
21.16 0.000354925
21.17 0.000350987
21.18 0.00034536
21.19 0.000338185
21.2 0.000329638
21.21 0.000319837
21.22 0.000308795
21.23 0.000296441
21.24 0.000282681
21.25 0.000267474
21.26 0.000250873
21.27 0.000233035
21.28 0.000214206
21.29 0.000194682
21.3 0.000174754
21.31 0.000154654
21.32 0.000134514
21.33 0.000114356
21.34 9.4139e-05
21.35 7.38216e-05
21.36 5.33908e-05
21.37 3.28357e-05
21.38 1.21099e-05
21.39 -8.86772e-06
21.4 -3.01615e-05
21.41 -5.17521e-05
21.42 -7.34947e-05
21.43 -9.51357e-05
21.44 -0.000116402
21.45 -0.000137106
21.46 -0.000157174
21.47 -0.000176582
21.48 -0.000195283
21.49 -0.000213196
21.5 -0.000230235
21.51 -0.000246319
21.52 -0.000261375
21.53 -0.000275326
21.54 -0.000288135
21.55 -0.000299848
21.56 -0.000310637
21.57 -0.000320779
21.58 -0.000330568
21.59 -0.000340192
21.6 -0.00034963
21.61 -0.000358659
21.62 -0.000366979
21.63 -0.000374388
21.64 -0.000380846
21.65 -0.000386402
21.66 -0.000391075
21.67 -0.000394819
21.68 -0.000397581
21.69 -0.000399365
21.7 -0.000400257
21.71 -0.000400379
21.72 -0.000399831
21.73 -0.000398635
21.74 -0.000396726
21.75 -0.000393962
21.76 -0.00039018
21.77 -0.000385265
21.78 -0.000379181
21.79 -0.000371957
21.8 -0.000363648
21.81 -0.000354298
21.82 -0.000343953
21.83 -0.000332698
21.84 -0.00032065
21.85 -0.000307908
21.86 -0.000294474
21.87 -0.000280229
21.88 -0.000265006
21.89 -0.000248713
21.9 -0.000231415
21.91 -0.000213299
21.92 -0.000194594
21.93 -0.000175503
21.94 -0.00015619
21.95 -0.000136802
21.96 -0.000117455
21.97 -9.82059e-05
21.98 -7.90463e-05
21.99 -5.99612e-05
22 -4.09966e-05
22.01 -2.22712e-05
22.02 -3.92053e-06
22.03 1.39809e-05
22.04 3.14593e-05
22.05 4.86166e-05
22.06 6.55583e-05
22.07 8.23251e-05
22.08 9.88756e-05
22.09 0.000115132
22.1 0.000131064
22.11 0.000146739
22.12 0.000162296
22.13 0.000177843
22.14 0.00019339
22.15 0.000208867
22.16 0.00022422
22.17 0.000239497
22.18 0.000254854
22.19 0.000270482
22.2 0.0002865
22.21 0.000302915
22.22 0.00031965
22.23 0.00033661
22.24 0.000353711
22.25 0.00037085
22.26 0.000387873
22.27 0.000404583
22.28 0.000420777
22.29 0.00043628
22.3 0.000450963
22.31 0.00046473
22.32 0.00047749
22.33 0.000489122
22.34 0.000499459
22.35 0.000508312
22.36 0.000515525
22.37 0.000520998
22.38 0.000524652
22.39 0.000526359
22.4 0.000525912
22.41 0.000523097
22.42 0.000517809
22.43 0.000510116
22.44 0.000500202
22.45 0.000488242
22.46 0.000474319
22.47 0.000458444
22.48 0.000440626
22.49 0.000420918
22.5 0.000399435
22.51 0.000376367
22.52 0.000351995
22.53 0.000326676
22.54 0.000300771
22.55 0.00027453
22.56 0.000248019
22.57 0.000221133
22.58 0.000193711
22.59 0.000165649
22.6 0.000136978
22.61 0.000107839
22.62 7.84064e-05
22.63 4.88039e-05
22.64 1.90937e-05
22.65 -1.06553e-05
22.66 -4.02881e-05
22.67 -6.95337e-05
22.68 -9.80376e-05
22.69 -0.000125429
22.7 -0.000151406
22.71 -0.000175799
22.72 -0.000198589
22.73 -0.000219869
22.74 -0.000239796
22.75 -0.000258568
22.76 -0.000276407
22.77 -0.00029351
22.78 -0.000309989
22.79 -0.000325817
22.8 -0.000340847
22.81 -0.000354881
22.82 -0.000367755
22.83 -0.00037938
22.84 -0.000389758
22.85 -0.000398985
22.86 -0.000407234
22.87 -0.000414694
22.88 -0.000421481
22.89 -0.000427583
22.9 -0.000432873
22.91 -0.00043721
22.92 -0.000440526
22.93 -0.000442842
22.94 -0.000444213
22.95 -0.000444632
22.96 -0.000444
22.97 -0.000442173
22.98 -0.000439059
22.99 -0.000434677
23 -0.000429146
23.01 -0.000422615
23.02 -0.000415194
23.03 -0.000406952
23.04 -0.00039794
23.05 -0.000388202
23.06 -0.00037773
23.07 -0.000366401
23.08 -0.00035401
23.09 -0.000340405
23.1 -0.000325604
23.11 -0.000309788
23.12 -0.000293162
23.13 -0.00027581
23.14 -0.000257689
23.15 -0.000238768
23.16 -0.000219167
23.17 -0.000199165
23.18 -0.000179051
23.19 -0.000158978
23.2 -0.000138927
23.21 -0.000118816
23.22 -9.86257e-05
23.23 -7.84415e-05
23.24 -5.83962e-05
23.25 -3.8604e-05
23.26 -1.91528e-05
23.27 -1.43249e-07
23.28 1.83071e-05
23.29 3.61204e-05
23.3 5.33055e-05
23.31 6.99361e-05
23.32 8.60744e-05
23.33 0.000101707
23.34 0.000116738
23.35 0.000131038
23.36 0.000144543
23.37 0.000157316
23.38 0.000169527
23.39 0.000181343
23.4 0.000192811
23.41 0.000203842
23.42 0.000214293
23.43 0.000224077
23.44 0.000233184
23.45 0.000241619
23.46 0.000249366
23.47 0.000256444
23.48 0.000262964
23.49 0.000269123
23.5 0.000275127
23.51 0.000281118
23.52 0.000287121
23.53 0.000293026
23.54 0.000298613
23.55 0.000303622
23.56 0.000307831
23.57 0.000311099
23.58 0.000313345
23.59 0.00031451
23.6 0.000314547
23.61 0.000313429
23.62 0.000311173
23.63 0.000307819
23.64 0.000303428
23.65 0.000298087
23.66 0.000291916
23.67 0.000285044
23.68 0.000277565
23.69 0.000269495
23.7 0.000260788
23.71 0.000251384
23.72 0.000241256
23.73 0.000230422
23.74 0.000218902
23.75 0.000206669
23.76 0.000193645
23.77 0.000179748
23.78 0.000164953
23.79 0.00014931
23.8 0.000132929
23.81 0.000115933
23.82 9.84355e-05
23.83 8.05567e-05
23.84 6.24623e-05
23.85 4.44e-05
23.86 2.66747e-05
23.87 9.57518e-06
23.88 -6.69411e-06
23.89 -2.203e-05
23.9 -3.64078e-05
23.91 -4.98556e-05
23.92 -6.24436e-05
23.93 -7.42787e-05
23.94 -8.54863e-05
23.95 -9.61765e-05
23.96 -0.000106411
23.97 -0.000116192
23.98 -0.000125502
23.99 -0.000134342
24 -0.000142738
24.01 -0.000150667
24.02 -0.000157993
24.03 -0.000164456
24.04 -0.00016976
24.05 -0.000173696
24.06 -0.000176218
24.07 -0.000177439
24.08 -0.00017754
24.09 -0.000176678
24.1 -0.000174934
24.11 -0.000172324
24.12 -0.000168866
24.13 -0.00016463
24.14 -0.000159736
24.15 -0.000154292
24.16 -0.00014832
24.17 -0.000141754
24.18 -0.000134524
24.19 -0.000126678
24.2 -0.000118397
24.21 -0.000109894
24.22 -0.000101289
24.23 -9.25661e-05
24.24 -8.36291e-05
24.25 -7.4371e-05
24.26 -6.47088e-05
24.27 -5.4579e-05
24.28 -4.39493e-05
24.29 -3.28452e-05
24.3 -2.13323e-05
24.31 -9.4539e-06
24.32 2.78106e-06
24.33 1.53311e-05
24.34 2.80688e-05
24.35 4.08076e-05
24.36 5.33641e-05
24.37 6.55841e-05
24.38 7.73385e-05
24.39 8.85252e-05
24.4 9.90891e-05
24.41 0.000109033
24.42 0.000118398
24.43 0.000127227
24.44 0.000135563
24.45 0.000143475
24.46 0.000151053
24.47 0.000158357
24.48 0.000165376
24.49 0.000172035
24.5 0.000178242
24.51 0.000183919
24.52 0.000189012
24.53 0.00019348
24.54 0.000197274
24.55 0.000200318
24.56 0.000202521
24.57 0.00020381
24.58 0.000204163
24.59 0.000203602
24.6 0.000202159
24.61 0.000199844
24.62 0.000196654
24.63 0.000192607
24.64 0.00018778
24.65 0.000182303
24.66 0.0001763
24.67 0.000169816
24.68 0.000162813
24.69 0.000155236
24.7 0.000147102
24.71 0.000138515
24.72 0.00012958
24.73 0.000120286
24.74 0.000110491
24.75 0.000100036
24.76 8.88899e-05
24.77 7.72054e-05
24.78 6.52197e-05
24.79 5.3083e-05
24.8 4.07586e-05
24.81 2.80715e-05
24.82 1.48636e-05
24.83 1.11769e-06
24.84 -1.30645e-05
24.85 -2.75892e-05
24.86 -4.2442e-05
24.87 -5.76295e-05
24.88 -7.30839e-05
24.89 -8.86578e-05
24.9 -0.000104232
24.91 -0.000119826
24.92 -0.000135564
24.93 -0.000151524
24.94 -0.000167596
24.95 -0.000183481
24.96 -0.000198826
24.97 -0.000213359
24.98 -0.000226959
24.99 -0.000239623
25 -0.000251389
25.01 -0.000262292
25.02 -0.000272359
25.03 -0.000281629
25.04 -0.000290181
25.05 -0.000298116
25.06 -0.000305478
25.07 -0.000312159
25.08 -0.000317911
25.09 -0.000322473
25.1 -0.000325707
25.11 -0.000327638
25.12 -0.000328394
25.13 -0.000328126
25.14 -0.000326969
25.15 -0.000325033
25.16 -0.000322383
25.17 -0.00031901
25.18 -0.000314806
25.19 -0.000309595
25.2 -0.00030319
25.21 -0.000295471
25.22 -0.000286453
25.23 -0.000276309
25.24 -0.000265318
25.25 -0.00025376
25.26 -0.000241825
25.27 -0.000229599
25.28 -0.0002171
25.29 -0.000204313
25.3 -0.000191219
25.31 -0.000177788
25.32 -0.00016397
25.33 -0.000149691
25.34 -0.000134899
25.35 -0.000119628
25.36 -0.000104007
25.37 -8.82012e-05
25.38 -7.23389e-05
25.39 -5.64976e-05
25.4 -4.07294e-05
25.41 -2.50865e-05
25.42 -9.62242e-06
25.43 5.61789e-06
25.44 2.05928e-05
25.45 3.52467e-05
25.46 4.95021e-05
25.47 6.32645e-05
25.48 7.64125e-05
25.49 8.87791e-05
25.5 0.000100173
25.51 0.000110461
25.52 0.000119674
25.53 0.000128056
25.54 0.000135952
25.55 0.000143615
25.56 0.000151059
25.57 0.000158087
25.58 0.000164479
25.59 0.000170179
25.6 0.00017532
25.61 0.000180093
25.62 0.000184606
25.63 0.000188866
25.64 0.000192849
25.65 0.000196565
25.66 0.000200032
25.67 0.000203204
25.68 0.00020595
25.69 0.000208124
25.7 0.000209672
25.71 0.000210689
25.72 0.000211353
25.73 0.00021179
25.74 0.000211984
25.75 0.000211781
25.76 0.000210978
25.77 0.000209419
25.78 0.000207048
25.79 0.000203894
25.8 0.000200036
25.81 0.000195549
25.82 0.000190467
25.83 0.000184781
25.84 0.000178487
25.85 0.000171642
25.86 0.000164365
25.87 0.000156768
25.88 0.000148868
25.89 0.000140566
25.9 0.0001317
25.91 0.000122117
25.92 0.000111729
25.93 0.000100549
25.94 8.87056e-05
25.95 7.64431e-05
25.96 6.4058e-05
25.97 5.17846e-05
25.98 3.97125e-05
25.99 2.77974e-05
26 1.59566e-05
26.01 4.16644e-06
26.02 -7.51666e-06
26.03 -1.90152e-05
26.04 -3.03006e-05
26.05 -4.14095e-05
26.06 -5.24034e-05
26.07 -6.33137e-05
26.08 -7.41125e-05
26.09 -8.47229e-05
26.1 -9.50522e-05
26.11 -0.000105025
26.12 -0.000114604
26.13 -0.000123781
26.14 -0.000132562
26.15 -0.00014093
26.16 -0.000148826
26.17 -0.000156156
26.18 -0.000162807
26.19 -0.000168671
26.2 -0.000173669
26.21 -0.000177786
26.22 -0.000181082
26.23 -0.000183676
26.24 -0.00018569
26.25 -0.000187188
26.26 -0.00018814
26.27 -0.00018845
26.28 -0.000188022
26.29 -0.000186823
26.3 -0.000184881
26.31 -0.000182231
26.32 -0.000178877
26.33 -0.000174802
26.34 -0.000170012
26.35 -0.000164542
26.36 -0.000158409
26.37 -0.000151562
26.38 -0.000143887
26.39 -0.000135289
26.4 -0.000125768
26.41 -0.000115412
26.42 -0.000104319
26.43 -9.25107e-05
26.44 -7.9953e-05
26.45 -6.66507e-05
26.46 -5.27059e-05
26.47 -3.82647e-05
26.48 -2.34217e-05
26.49 -8.18373e-06
26.5 7.46996e-06
26.51 2.34957e-05
26.52 3.97435e-05
26.53 5.5987e-05
26.54 7.19768e-05
26.55 8.74805e-05
26.56 0.000102331
26.57 0.000116487
26.58 0.000130049
26.59 0.000143201
26.6 0.000156087
26.61 0.000168698
26.62 0.000180844
26.63 0.000192228
26.64 0.000202602
26.65 0.000211886
26.66 0.000220172
26.67 0.000227597
26.68 0.000234217
26.69 0.000239971
26.7 0.000244785
26.71 0.000248696
26.72 0.000251865
26.73 0.000254466
26.74 0.000256561
26.75 0.000258092
26.76 0.000258973
26.77 0.000259186
26.78 0.000258788
26.79 0.000257831
26.8 0.000256301
26.81 0.000254112
26.82 0.000251165
26.83 0.0002474
26.84 0.000242815
26.85 0.000237452
26.86 0.000231361
26.87 0.000224587
26.88 0.000217181
26.89 0.000209254
26.9 0.000200988
26.91 0.000192591
26.92 0.000184189
26.93 0.000175746
26.94 0.000167076
26.95 0.000157963
26.96 0.000148288
26.97 0.00013808
26.98 0.000127442
26.99 0.000116433
27 0.000105008
27.01 9.30664e-05
27.02 8.05318e-05
27.03 6.73748e-05
27.04 5.35825e-05
27.05 3.9121e-05
27.06 2.39406e-05
27.07 8.02413e-06
27.08 -8.55852e-06
27.09 -2.5627e-05
27.1 -4.29108e-05
27.11 -6.01035e-05
27.12 -7.69387e-05
27.13 -9.32501e-05
27.14 -0.000108981
27.15 -0.000124139
27.16 -0.000138731
27.17 -0.000152726
27.18 -0.000166058
27.19 -0.000178662
27.2 -0.000190522
27.21 -0.000201684
27.22 -0.000212183
27.23 -0.000221946
27.24 -0.000230766
27.25 -0.000238398
27.26 -0.000244716
27.27 -0.000249794
27.28 -0.000253833
27.29 -0.000257016
27.3 -0.000259429
27.31 -0.000261105
27.32 -0.000262078
27.33 -0.00026238
27.34 -0.00026199
27.35 -0.000260834
27.36 -0.000258813
27.37 -0.000255843
27.38 -0.000251875
27.39 -0.000246885
27.4 -0.000240894
27.41 -0.000233997
27.42 -0.000226337
27.43 -0.000218043
27.44 -0.000209178
27.45 -0.000199745
27.46 -0.000189742
27.47 -0.000179192
27.48 -0.000168148
27.49 -0.000156677
27.5 -0.000144851
27.51 -0.00013274
27.52 -0.000120404
27.53 -0.000107867
27.54 -9.51253e-05
27.55 -8.21642e-05
27.56 -6.89839e-05
27.57 -5.55837e-05
27.58 -4.19207e-05
27.59 -2.78859e-05
27.6 -1.33553e-05
27.61 1.70798e-06
27.62 1.71921e-05
27.63 3.28731e-05
27.64 4.85222e-05
27.65 6.3993e-05
27.66 7.92279e-05
27.67 9.41915e-05
27.68 0.000108793
27.69 0.000122862
27.7 0.000136206
27.71 0.000148689
27.72 0.000160266
27.73 0.000170928
27.74 0.000180637
27.75 0.000189307
27.76 0.00019685
27.77 0.000203244
27.78 0.000208531
27.79 0.000212776
27.8 0.000216011
27.81 0.000218234
27.82 0.00021944
27.83 0.00021964
27.84 0.000218866
27.85 0.000217152
27.86 0.000214519
27.87 0.000210967
27.88 0.000206497
27.89 0.000201156
27.9 0.000195027
27.91 0.000188186
27.92 0.000180633
27.93 0.000172269
27.94 0.000162962
27.95 0.000152644
27.96 0.00014137
27.97 0.000129285
27.98 0.000116557
27.99 0.000103312
28 8.96363e-05
28.01 7.55851e-05
28.02 6.11911e-05
28.03 4.64417e-05
28.04 3.12618e-05
28.05 1.55386e-05
28.06 -8.02165e-07
28.07 -1.7717e-05
28.08 -3.5038e-05
28.09 -5.25528e-05
28.1 -7.01091e-05
28.11 -8.76561e-05
28.12 -0.00010518
28.13 -0.000122604
28.14 -0.000139776
28.15 -0.000156558
28.16 -0.000172906
28.17 -0.00018885
28.18 -0.000204384
28.19 -0.0002194
28.2 -0.000233712
28.21 -0.000247159
28.22 -0.000259661
28.23 -0.000271184
28.24 -0.000281641
28.25 -0.000290846
28.26 -0.00029856
28.27 -0.000304619
28.28 -0.000309002
28.29 -0.000311815
28.3 -0.000313202
28.31 -0.000313275
28.32 -0.000312085
28.33 -0.000309618
28.34 -0.000305805
28.35 -0.00030055
28.36 -0.000293776
28.37 -0.000285472
28.38 -0.000275701
28.39 -0.000264574
28.4 -0.000252194
28.41 -0.000238627
28.42 -0.000223911
28.43 -0.000208089
28.44 -0.000191243
28.45 -0.000173496
28.46 -0.000154973
28.47 -0.00013575
28.48 -0.000115847
28.49 -9.52768e-05
28.5 -7.41097e-05
28.51 -5.25002e-05
28.52 -3.06817e-05
28.53 -8.92867e-06
28.54 1.25138e-05
28.55 3.35003e-05
28.56 5.39961e-05
28.57 7.40126e-05
28.58 9.35257e-05
28.59 0.00011245
28.6 0.000130701
28.61 0.000148274
28.62 0.000165256
28.63 0.000181743
28.64 0.000197738
28.65 0.000213129
28.66 0.000227753
28.67 0.000241507
28.68 0.000254399
28.69 0.000266505
28.7 0.000277885
28.71 0.000288508
28.72 0.000298243
28.73 0.000306913
28.74 0.000314386
28.75 0.000320648
28.76 0.000325804
28.77 0.000330006
28.78 0.000333342
28.79 0.000335783
28.8 0.000337217
28.81 0.000337551
28.82 0.000336768
28.83 0.000334897
28.84 0.000331942
28.85 0.000327834
28.86 0.000322466
28.87 0.000315777
28.88 0.000307804
28.89 0.000298661
28.9 0.00028846
28.91 0.000277239
28.92 0.000264967
28.93 0.000251599
28.94 0.000237135
28.95 0.00022161
28.96 0.000205049
28.97 0.000187447
28.98 0.000168805
28.99 0.00014919
29 0.000128755
29.01 0.000107693
29.02 8.61841e-05
29.03 6.43803e-05
29.04 4.24142e-05
29.05 2.03926e-05
29.06 -1.61744e-06
29.07 -2.35912e-05
29.08 -4.55302e-05
29.09 -6.7434e-05
29.1 -8.92585e-05
29.11 -0.000110876
29.12 -0.000132065
29.13 -0.000152563
29.14 -0.000172171
29.15 -0.000190854
29.16 -0.000208715
29.17 -0.000225869
29.18 -0.000242318
29.19 -0.000257936
29.2 -0.000272569
29.21 -0.000286149
29.22 -0.00029871
29.23 -0.000310315
29.24 -0.000320948
29.25 -0.000330489
29.26 -0.000338794
29.27 -0.000345794
29.28 -0.000351533
29.29 -0.000356098
29.3 -0.000359539
29.31 -0.000361843
29.32 -0.000362994
29.33 -0.000363023
29.34 -0.000361992
29.35 -0.000359911
29.36 -0.000356674
29.37 -0.00035209
29.38 -0.000345995
29.39 -0.000338352
29.4 -0.000329253
29.41 -0.000318818
29.42 -0.000307103
29.43 -0.000294106
29.44 -0.000279824
29.45 -0.000264303
29.46 -0.000247619
29.47 -0.000229834
29.48 -0.000210987
29.49 -0.000191131
29.5 -0.000170365
29.51 -0.000148808
29.52 -0.000126557
29.53 -0.000103677
29.54 -8.02389e-05
29.55 -5.63587e-05
29.56 -3.21932e-05
29.57 -7.89059e-06
29.58 1.64504e-05
29.59 4.07731e-05
29.6 6.50185e-05
29.61 8.90879e-05
29.62 0.000112841
29.63 0.000136126
29.64 0.000158813
29.65 0.000180795
29.66 0.000201964
29.67 0.000222158
29.68 0.000241176
29.69 0.000258834
29.7 0.000275047
29.71 0.000289864
29.72 0.000303416
29.73 0.000315822
29.74 0.000327118
29.75 0.000337257
29.76 0.000346178
29.77 0.000353866
29.78 0.000360363
29.79 0.000365704
29.8 0.000369856
29.81 0.000372701
29.82 0.000374096
29.83 0.000373964
29.84 0.000372328
29.85 0.000369269
29.86 0.000364866
29.87 0.000359163
29.88 0.000352187
29.89 0.00034399
29.9 0.000334664
29.91 0.000324317
29.92 0.000313027
29.93 0.000300803
29.94 0.0002876
29.95 0.000273372
29.96 0.000258123
29.97 0.000241923
29.98 0.000224879
29.99 0.000207098
30 0.000188661
30.01 0.000169619
30.02 0.000150004
30.03 0.000129864
30.04 0.000109269
30.05 8.8309e-05
30.06 6.70737e-05
30.07 4.56435e-05
30.08 2.4096e-05
30.09 2.51526e-06
30.1 -1.89976e-05
30.11 -4.03209e-05
30.12 -6.13188e-05
30.13 -8.18588e-05
30.14 -0.000101836
30.15 -0.000121187
30.16 -0.000139868
30.17 -0.000157826
30.18 -0.000174979
30.19 -0.000191238
30.2 -0.000206535
30.21 -0.000220835
30.22 -0.00023412
30.23 -0.000246378
30.24 -0.000257588
30.25 -0.000267727
30.26 -0.000276777
30.27 -0.00028474
30.28 -0.000291633
30.29 -0.00029748
30.3 -0.000302299
30.31 -0.000306108
30.32 -0.00030893
30.33 -0.000310801
30.34 -0.000311754
30.35 -0.000311803
30.36 -0.000310939
30.37 -0.000309148
30.38 -0.000306429
30.39 -0.000302794
30.4 -0.00029825
30.41 -0.000292787
30.42 -0.000286388
30.43 -0.000279056
30.44 -0.000270827
30.45 -0.000261755
30.46 -0.000251895
30.47 -0.000241282
30.48 -0.000229932
30.49 -0.000217849
30.5 -0.000205046
30.51 -0.000191546
30.52 -0.000177382
30.53 -0.000162599
30.54 -0.000147246
30.55 -0.000131378
30.56 -0.000115052
30.57 -9.83256e-05
30.58 -8.12591e-05
30.59 -6.39155e-05
30.6 -4.63615e-05
30.61 -2.86662e-05
30.62 -1.09018e-05
30.63 6.85515e-06
30.64 2.45268e-05
30.65 4.20401e-05
30.66 5.93301e-05
30.67 7.63362e-05
30.68 9.29942e-05
30.69 0.000109232
30.7 0.000124976
30.71 0.000140162
30.72 0.000154731
30.73 0.000168629
30.74 0.000181801
30.75 0.000194194
30.76 0.000205774
30.77 0.000216518
30.78 0.00022641
30.79 0.000235435
30.8 0.000243579
30.81 0.000250836
30.82 0.000257207
30.83 0.000262694
30.84 0.000267296
30.85 0.000271011
30.86 0.000273835
30.87 0.000275764
30.88 0.000276798
30.89 0.000276936
30.9 0.000276178
30.91 0.000274526
30.92 0.000271988
30.93 0.000268578
30.94 0.000264311
30.95 0.000259204
30.96 0.000253267
30.97 0.000246512
30.98 0.000238948
30.99 0.000230592
31 0.000221466
31.01 0.000211596
31.02 0.000201013
31.03 0.000189751
31.04 0.000177848
31.05 0.000165344
31.06 0.000152281
31.07 0.00013871
31.08 0.000124682
31.09 0.000110248
31.1 9.54575e-05
31.11 8.03547e-05
31.12 6.49852e-05
31.13 4.93972e-05
31.14 3.36432e-05
31.15 1.77797e-05
31.16 1.86711e-06
31.17 -1.40321e-05
31.18 -2.98545e-05
31.19 -4.55368e-05
31.2 -6.10159e-05
31.21 -7.62294e-05
31.22 -9.11157e-05
31.23 -0.000105616
31.24 -0.000119678
31.25 -0.000133251
31.26 -0.000146294
31.27 -0.000158765
31.28 -0.000170626
31.29 -0.000181839
31.3 -0.000192369
31.31 -0.000202186
31.32 -0.000211265
31.33 -0.000219584
31.34 -0.000227124
31.35 -0.000233867
31.36 -0.0002398
31.37 -0.000244911
31.38 -0.000249195
31.39 -0.000252646
31.4 -0.000255262
31.41 -0.000257039
31.42 -0.000257976
31.43 -0.00025807
31.44 -0.000257321
31.45 -0.000255729
31.46 -0.000253299
31.47 -0.000250035
31.48 -0.000245947
31.49 -0.000241044
31.5 -0.000235342
31.51 -0.000228856
31.52 -0.00022161
31.53 -0.000213625
31.54 -0.000204927
31.55 -0.000195543
31.56 -0.000185502
31.57 -0.000174835
31.58 -0.000163578
31.59 -0.000151766
31.6 -0.000139438
31.61 -0.000126636
31.62 -0.000113404
31.63 -9.97901e-05
31.64 -8.58441e-05
31.65 -7.16181e-05
31.66 -5.71654e-05
31.67 -4.25406e-05
31.68 -2.77991e-05
31.69 -1.2997e-05
31.7 1.80938e-06
31.71 1.65636e-05
31.72 3.12096e-05
31.73 4.56922e-05
31.74 5.99567e-05
31.75 7.39498e-05
31.76 8.76196e-05
31.77 0.000100916
31.78 0.000113793
31.79 0.000126206
31.8 0.000138113
31.81 0.000149478
31.82 0.000160267
31.83 0.000170451
31.84 0.000180001
31.85 0.000188894
31.86 0.00019711
31.87 0.000204629
31.88 0.000211435
31.89 0.000217511
31.9 0.000222844
31.91 0.000227422
31.92 0.000231235
31.93 0.000234272
31.94 0.000236527
31.95 0.000237995
31.96 0.000238672
31.97 0.000238557
31.98 0.00023765
31.99 0.000235956
32 0.00023348
32.01 0.000230232
32.02 0.000226221
32.03 0.000221456
32.04 0.00021595
32.05 0.000209719
32.06 0.000202782
32.07 0.000195163
32.08 0.000186885
32.09 0.000177975
32.1 0.000168462
32.11 0.000158378
32.12 0.000147757
32.13 0.000136639
32.14 0.00012506
32.15 0.000113062
32.16 0.000100687
32.17 8.79778e-05
32.18 7.49814e-05
32.19 6.1745e-05
32.2 4.83172e-05
32.21 3.47477e-05
32.22 2.10873e-05
32.23 7.38717e-06
32.24 -6.30065e-06
32.25 -1.99242e-05
32.26 -3.34318e-05
32.27 -4.67731e-05
32.28 -5.98988e-05
32.29 -7.27614e-05
32.3 -8.53149e-05
32.31 -9.75157e-05
32.32 -0.000109322
32.33 -0.000120696
32.34 -0.000131601
32.35 -0.000142003
32.36 -0.000151871
32.37 -0.000161177
32.38 -0.000169894
32.39 -0.000178
32.4 -0.000185473
32.41 -0.000192294
32.42 -0.000198446
32.43 -0.000203915
32.44 -0.000208688
32.45 -0.000212753
32.46 -0.000216101
32.47 -0.000218724
32.48 -0.000220616
32.49 -0.000221773
32.5 -0.000222191
32.51 -0.000221869
32.52 -0.000220808
32.53 -0.000219012
32.54 -0.000216485
32.55 -0.000213235
32.56 -0.000209271
32.57 -0.000204607
32.58 -0.000199257
32.59 -0.000193238
32.6 -0.000186569
32.61 -0.000179273
32.62 -0.000171373
32.63 -0.000162897
32.64 -0.000153873
32.65 -0.000144332
32.66 -0.000134307
32.67 -0.000123833
32.68 -0.000112948
32.69 -0.00010169
32.7 -9.01001e-05
32.71 -7.82197e-05
32.72 -6.60924e-05
32.73 -5.37627e-05
32.74 -4.12759e-05
32.75 -2.86781e-05
32.76 -1.60157e-05
32.77 -3.33557e-06
32.78 9.31583e-06
32.79 2.18922e-05
32.8 3.43477e-05
32.81 4.66377e-05
32.82 5.87184e-05
32.83 7.05474e-05
32.84 8.20842e-05
32.85 9.32897e-05
32.86 0.000104127
32.87 0.000114562
32.88 0.00012456
32.89 0.000134093
32.9 0.000143131
32.91 0.000151649
32.92 0.000159621
32.93 0.000167027
32.94 0.000173846
32.95 0.00018006
32.96 0.000185651
32.97 0.000190606
32.98 0.00019491
32.99 0.000198552
33 0.000201523
33.01 0.000203814
33.02 0.000205419
33.03 0.000206333
33.04 0.000206554
33.05 0.000206081
33.06 0.000204916
33.07 0.000203062
33.08 0.000200525
33.09 0.000197312
33.1 0.000193434
33.11 0.000188902
33.12 0.000183733
33.13 0.000177943
33.14 0.00017155
33.15 0.000164578
33.16 0.000157049
33.17 0.00014899
33.18 0.000140428
33.19 0.000131395
33.2 0.000121921
33.21 0.000112041
33.22 0.00010179
33.23 9.12052e-05
33.24 8.03251e-05
33.25 6.91891e-05
33.26 5.78381e-05
33.27 4.63138e-05
33.28 3.46585e-05
33.29 2.29151e-05
33.3 1.11269e-05
33.31 -6.62917e-07
33.32 -1.24113e-05
33.33 -2.40756e-05
33.34 -3.5614e-05
33.35 -4.69854e-05
33.36 -5.81503e-05
33.37 -6.90701e-05
33.38 -7.9708e-05
33.39 -9.00288e-05
33.4 -9.99992e-05
33.41 -0.000109588
33.42 -0.000118764
33.43 -0.000127502
33.44 -0.000135775
33.45 -0.000143558
33.46 -0.00015083
33.47 -0.000157571
33.48 -0.000163762
33.49 -0.000169386
33.5 -0.000174428
33.51 -0.000178873
33.52 -0.00018271
33.53 -0.000185929
33.54 -0.000188519
33.55 -0.000190475
33.56 -0.00019179
33.57 -0.00019246
33.58 -0.000192484
33.59 -0.000191861
33.6 -0.000190594
33.61 -0.000188685
33.62 -0.000186142
33.63 -0.000182971
33.64 -0.000179184
33.65 -0.000174792
33.66 -0.00016981
33.67 -0.000164255
33.68 -0.000158146
33.69 -0.000151503
33.7 -0.00014435
33.71 -0.000136711
33.72 -0.000128613
33.73 -0.000120086
33.74 -0.000111159
33.75 -0.000101863
33.76 -9.22338e-05
33.77 -8.23046e-05
33.78 -7.21117e-05
33.79 -6.16921e-05
33.8 -5.10838e-05
33.81 -4.03255e-05
33.82 -2.94564e-05
33.83 -1.85162e-05
33.84 -7.54465e-06
33.85 3.41862e-06
33.86 1.43341e-05
33.87 2.51628e-05
33.88 3.58663e-05
33.89 4.64072e-05
33.9 5.67491e-05
33.91 6.68567e-05
33.92 7.6696e-05
33.93 8.62348e-05
33.94 9.54421e-05
33.95 0.000104289
33.96 0.000112747
33.97 0.000120791
33.98 0.000128396
33.99 0.00013554
34 0.000142203
34.01 0.000148365
34.02 0.000154008
34.03 0.000159116
34.04 0.000163675
34.05 0.000167673
34.06 0.000171097
34.07 0.000173939
34.08 0.00017619
34.09 0.000177843
34.1 0.000178895
34.11 0.000179342
34.12 0.000179183
34.13 0.000178418
34.14 0.000177051
34.15 0.000175085
34.16 0.000172528
34.17 0.000169388
34.18 0.000165675
34.19 0.000161402
34.2 0.000156583
34.21 0.000151235
34.22 0.000145377
34.23 0.000139029
34.24 0.000132213
34.25 0.000124954
34.26 0.000117276
34.27 0.000109208
34.28 0.000100779
34.29 9.20178e-05
34.3 8.29574e-05
34.31 7.36301e-05
34.32 6.40697e-05
34.33 5.43109e-05
34.34 4.4389e-05
34.35 3.43401e-05
34.36 2.42006e-05
34.37 1.40068e-05
34.38 3.7956e-06
34.39 -6.3967e-06
34.4 -1.65339e-05
34.41 -2.65804e-05
34.42 -3.65013e-05
34.43 -4.62624e-05
34.44 -5.58305e-05
34.45 -6.51735e-05
34.46 -7.42608e-05
34.47 -8.30626e-05
34.48 -9.15508e-05
34.49 -9.96986e-05
34.5 -0.000107481
34.51 -0.000114873
34.52 -0.000121854
34.53 -0.000128402
34.54 -0.000134497
34.55 -0.000140123
34.56 -0.000145262
34.57 -0.000149899
34.58 -0.000154021
34.59 -0.000157616
34.6 -0.000160673
34.61 -0.000163183
34.62 -0.000165139
34.63 -0.000166536
34.64 -0.000167368
34.65 -0.000167633
34.66 -0.000167332
34.67 -0.000166464
34.68 -0.000165033
34.69 -0.000163043
34.7 -0.000160502
34.71 -0.000157417
34.72 -0.0001538
34.73 -0.000149663
34.74 -0.00014502
34.75 -0.000139887
34.76 -0.000134282
34.77 -0.000128225
34.78 -0.000121738
34.79 -0.000114843
34.8 -0.000107566
34.81 -9.99321e-05
34.82 -9.1969e-05
34.83 -8.37056e-05
34.84 -7.51716e-05
34.85 -6.63981e-05
34.86 -5.74169e-05
34.87 -4.82605e-05
34.88 -3.89621e-05
34.89 -2.95553e-05
34.9 -2.0074e-05
34.91 -1.05524e-05
34.92 -1.02433e-06
34.93 8.47626e-06
34.94 1.79159e-05
34.95 2.72617e-05
34.96 3.64813e-05
34.97 4.55432e-05
34.98 5.44168e-05
34.99 6.30725e-05
35 7.14819e-05
35.01 7.96176e-05
35.02 8.74538e-05
35.03 9.49657e-05
35.04 0.00010213
35.05 0.000108925
35.06 0.000115329
35.07 0.000121324
35.08 0.000126891
35.09 0.000132015
35.1 0.000136679
35.11 0.000140872
35.12 0.000144579
35.13 0.00014779
35.14 0.000150496
35.15 0.000152689
35.16 0.000154362
35.17 0.00015551
35.18 0.000156131
35.19 0.000156221
35.2 0.000155783
35.21 0.000154816
35.22 0.000153324
35.23 0.000151313
35.24 0.000148789
35.25 0.000145761
35.26 0.00014224
35.27 0.000138237
35.28 0.000133767
35.29 0.000128846
35.3 0.00012349
35.31 0.000117719
35.32 0.000111553
35.33 0.000105014
35.34 9.81257e-05
35.35 9.09128e-05
35.36 8.34012e-05
35.37 7.56179e-05
35.38 6.7591e-05
35.39 5.93495e-05
35.4 5.0923e-05
35.41 4.23419e-05
35.42 3.36371e-05
35.43 2.48397e-05
35.44 1.59813e-05
35.45 7.09333e-06
35.46 -1.79276e-06
35.47 -1.06457e-05
35.48 -1.94346e-05
35.49 -2.81291e-05
35.5 -3.66992e-05
35.51 -4.5116e-05
35.52 -5.33512e-05
35.53 -6.13773e-05
35.54 -6.91681e-05
35.55 -7.66982e-05
35.56 -8.39436e-05
35.57 -9.08811e-05
35.58 -9.74891e-05
35.59 -0.000103747
35.6 -0.000109636
35.61 -0.000115137
35.62 -0.000120234
35.63 -0.000124911
35.64 -0.000129156
35.65 -0.000132954
35.66 -0.000136294
35.67 -0.000139167
35.68 -0.000141563
35.69 -0.000143477
35.7 -0.000144901
35.71 -0.000145832
35.72 -0.000146268
35.73 -0.000146207
35.74 -0.00014565
35.75 -0.000144599
35.76 -0.000143057
35.77 -0.000141031
35.78 -0.000138527
35.79 -0.000135555
35.8 -0.000132125
35.81 -0.000128248
35.82 -0.000123939
35.83 -0.000119213
35.84 -0.000114086
35.85 -0.000108578
35.86 -0.000102708
35.87 -9.64965e-05
35.88 -8.99663e-05
35.89 -8.31408e-05
35.9 -7.60447e-05
35.91 -6.87035e-05
35.92 -6.11437e-05
35.93 -5.33925e-05
35.94 -4.54778e-05
35.95 -3.74279e-05
35.96 -2.92718e-05
35.97 -2.10384e-05
35.98 -1.27569e-05
35.99 -4.45673e-06
36 3.83313e-06
36.01 1.20838e-05
36.02 2.02666e-05
36.03 2.83537e-05
36.04 3.63174e-05
36.05 4.4131e-05
36.06 5.17685e-05
36.07 5.92046e-05
36.08 6.64151e-05
36.09 7.33768e-05
36.1 8.00673e-05
36.11 8.64654e-05
36.12 9.25511e-05
36.13 9.83054e-05
36.14 0.000103711
36.15 0.00010875
36.16 0.000113408
36.17 0.00011767
36.18 0.000121524
36.19 0.000124958
36.2 0.000127962
36.21 0.000130526
36.22 0.000132642
36.23 0.000134304
36.24 0.000135508
36.25 0.00013625
36.26 0.000136527
36.27 0.000136339
36.28 0.000135687
36.29 0.000134574
36.3 0.000133003
36.31 0.00013098
36.32 0.000128513
36.33 0.00012561
36.34 0.000122281
36.35 0.000118539
36.36 0.000114396
36.37 0.000109867
36.38 0.000104969
36.39 9.97198e-05
36.4 9.41372e-05
36.41 8.82416e-05
36.42 8.20544e-05
36.43 7.55978e-05
36.44 6.8895e-05
36.45 6.19703e-05
36.46 5.48485e-05
36.47 4.75552e-05
36.48 4.01165e-05
36.49 3.25592e-05
36.5 2.49101e-05
36.51 1.71964e-05
36.52 9.44538e-06
36.53 1.68429e-06
36.54 -6.05975e-06
36.55 -1.37599e-05
36.56 -2.13895e-05
36.57 -2.89226e-05
36.58 -3.63337e-05
36.59 -4.35978e-05
36.6 -5.06907e-05
36.61 -5.75892e-05
36.62 -6.42707e-05
36.63 -7.07135e-05
36.64 -7.68971e-05
36.65 -8.28017e-05
36.66 -8.84088e-05
36.67 -9.37008e-05
36.68 -9.86613e-05
36.69 -0.000103275
36.7 -0.000107527
36.71 -0.000111406
36.72 -0.000114898
36.73 -0.000117994
36.74 -0.000120685
36.75 -0.00012296
36.76 -0.000124815
36.77 -0.000126244
36.78 -0.000127242
36.79 -0.000127806
36.8 -0.000127936
36.81 -0.00012763
36.82 -0.000126891
36.83 -0.000125722
36.84 -0.000124126
36.85 -0.00012211
36.86 -0.00011968
36.87 -0.000116846
36.88 -0.000113618
36.89 -0.000110006
36.9 -0.000106025
36.91 -0.000101688
36.92 -9.70112e-05
36.93 -9.20109e-05
36.94 -8.67052e-05
36.95 -8.11133e-05
36.96 -7.52552e-05
36.97 -6.91519e-05
36.98 -6.28253e-05
36.99 -5.62983e-05
37 -4.9594e-05
37.01 -4.27365e-05
37.02 -3.57503e-05
37.03 -2.86602e-05
37.04 -2.14912e-05
37.05 -1.42688e-05
37.06 -7.01813e-06
37.07 2.35344e-07
37.08 7.46649e-06
37.09 1.46504e-05
37.1 2.17624e-05
37.11 2.87783e-05
37.12 3.56745e-05
37.13 4.24279e-05
37.14 4.9016e-05
37.15 5.54172e-05
37.16 6.16105e-05
37.17 6.75759e-05
37.18 7.3294e-05
37.19 7.87468e-05
37.2 8.39168e-05
37.21 8.87877e-05
37.22 9.33442e-05
37.23 9.75722e-05
37.24 0.000101458
37.25 0.000104991
37.26 0.000108158
37.27 0.000110952
37.28 0.000113362
37.29 0.000115382
37.3 0.000117005
37.31 0.000118227
37.32 0.000119044
37.33 0.000119454
37.34 0.000119456
37.35 0.000119051
37.36 0.00011824
37.37 0.000117026
37.38 0.000115414
37.39 0.00011341
37.4 0.000111022
37.41 0.000108257
37.42 0.000105127
37.43 0.000101642
37.44 9.78141e-05
37.45 9.36583e-05
37.46 8.9189e-05
37.47 8.44224e-05
37.48 7.93757e-05
37.49 7.4067e-05
37.5 6.85155e-05
37.51 6.27409e-05
37.52 5.67642e-05
37.53 5.06067e-05
37.54 4.42904e-05
37.55 3.78378e-05
37.56 3.12718e-05
37.57 2.46157e-05
37.58 1.7893e-05
37.59 1.11273e-05
37.6 4.34215e-06
37.61 -2.43881e-06
37.62 -9.1922e-06
37.63 -1.58949e-05
37.64 -2.25239e-05
37.65 -2.9057e-05
37.66 -3.54722e-05
37.67 -4.1748e-05
37.68 -4.78637e-05
37.69 -5.37993e-05
37.7 -5.95353e-05
37.71 -6.50532e-05
37.72 -7.03353e-05
37.73 -7.53646e-05
37.74 -8.01251e-05
37.75 -8.46019e-05
37.76 -8.87807e-05
37.77 -9.26486e-05
37.78 -9.61934e-05
37.79 -9.9404e-05
37.8 -0.000102271
37.81 -0.000104784
37.82 -0.000106937
37.83 -0.000108723
37.84 -0.000110136
37.85 -0.000111172
37.86 -0.000111829
37.87 -0.000112103
37.88 -0.000111996
37.89 -0.000111508
37.9 -0.00011064
37.91 -0.000109397
37.92 -0.000107782
37.93 -0.000105802
37.94 -0.000103465
37.95 -0.000100778
37.96 -9.77513e-05
37.97 -9.43959e-05
37.98 -9.07238e-05
37.99 -8.67484e-05
38 -8.24839e-05
38.01 -7.79457e-05
38.02 -7.31501e-05
38.03 -6.81143e-05
38.04 -6.28566e-05
38.05 -5.73956e-05
38.06 -5.17509e-05
38.07 -4.59428e-05
38.08 -3.99918e-05
38.09 -3.39192e-05
38.1 -2.77465e-05
38.11 -2.14955e-05
38.12 -1.51881e-05
38.13 -8.84632e-06
38.14 -2.49237e-06
38.15 3.85179e-06
38.16 1.01643e-05
38.17 1.64236e-05
38.18 2.26083e-05
38.19 2.86976e-05
38.2 3.46709e-05
38.21 4.05085e-05
38.22 4.61909e-05
38.23 5.16995e-05
38.24 5.70162e-05
38.25 6.21239e-05
38.26 6.70059e-05
38.27 7.16467e-05
38.28 7.60314e-05
38.29 8.01461e-05
38.3 8.39778e-05
38.31 8.75144e-05
38.32 9.07449e-05
38.33 9.36592e-05
38.34 9.62482e-05
38.35 9.85039e-05
38.36 0.00010042
38.37 0.000101989
38.38 0.000103208
38.39 0.000104073
38.4 0.000104581
38.41 0.000104732
38.42 0.000104524
38.43 0.00010396
38.44 0.000103042
38.45 0.000101773
38.46 0.000100159
38.47 9.82044e-05
38.48 9.59175e-05
38.49 9.33064e-05
38.5 9.03806e-05
38.51 8.71506e-05
38.52 8.36282e-05
38.53 7.98261e-05
38.54 7.57579e-05
38.55 7.14384e-05
38.56 6.68829e-05
38.57 6.2108e-05
38.58 5.71306e-05
38.59 5.19685e-05
38.6 4.66402e-05
38.61 4.11645e-05
38.62 3.55611e-05
38.63 2.98495e-05
38.64 2.405e-05
38.65 1.81829e-05
38.66 1.22688e-05
38.67 6.32819e-06
38.68 3.81664e-07
38.69 -5.55027e-06
38.7 -1.14473e-05
38.71 -1.72893e-05
38.72 -2.30564e-05
38.73 -2.87293e-05
38.74 -3.42889e-05
38.75 -3.97168e-05
38.76 -4.49949e-05
38.77 -5.01058e-05
38.78 -5.50329e-05
38.79 -5.97602e-05
38.8 -6.42722e-05
38.81 -6.85545e-05
38.82 -7.25933e-05
38.83 -7.63757e-05
38.84 -7.98897e-05
38.85 -8.31242e-05
38.86 -8.6069e-05
38.87 -8.87148e-05
38.88 -9.10533e-05
38.89 -9.30774e-05
38.9 -9.47807e-05
38.91 -9.61582e-05
38.92 -9.72057e-05
38.93 -9.79201e-05
38.94 -9.82997e-05
38.95 -9.83436e-05
38.96 -9.80521e-05
38.97 -9.74268e-05
38.98 -9.64703e-05
38.99 -9.51862e-05
39 -9.35796e-05
39.01 -9.16565e-05
39.02 -8.94238e-05
39.03 -8.68899e-05
39.04 -8.4064e-05
39.05 -8.09563e-05
39.06 -7.75781e-05
39.07 -7.39417e-05
39.08 -7.00601e-05
39.09 -6.59474e-05
39.1 -6.16183e-05
39.11 -5.70883e-05
39.12 -5.23736e-05
39.13 -4.74912e-05
39.14 -4.24583e-05
39.15 -3.72928e-05
39.16 -3.20131e-05
39.17 -2.66376e-05
39.18 -2.11854e-05
39.19 -1.56756e-05
39.2 -1.01272e-05
39.21 -4.55963e-06
39.22 1.00794e-06
39.23 6.55638e-06
39.24 1.20667e-05
39.25 1.75202e-05
39.26 2.28985e-05
39.27 2.81833e-05
39.28 3.33572e-05
39.29 3.84028e-05
39.3 4.33035e-05
39.31 4.80431e-05
39.32 5.26063e-05
39.33 5.6978e-05
39.34 6.11442e-05
39.35 6.50914e-05
39.36 6.88069e-05
39.37 7.2279e-05
39.38 7.54964e-05
39.39 7.84491e-05
39.4 8.11277e-05
39.41 8.35239e-05
39.42 8.56301e-05
39.43 8.74398e-05
39.44 8.89474e-05
39.45 9.01486e-05
39.46 9.10396e-05
39.47 9.1618e-05
39.48 9.18823e-05
39.49 9.18322e-05
39.5 9.14682e-05
39.51 9.07922e-05
39.52 8.98069e-05
39.53 8.85161e-05
39.54 8.69247e-05
39.55 8.50388e-05
39.56 8.28652e-05
39.57 8.04119e-05
39.58 7.76878e-05
39.59 7.4703e-05
39.6 7.14681e-05
39.61 6.79948e-05
39.62 6.42957e-05
39.63 6.0384e-05
39.64 5.62738e-05
39.65 5.19797e-05
39.66 4.75171e-05
39.67 4.29018e-05
39.68 3.81503e-05
39.69 3.32793e-05
39.7 2.83061e-05
39.71 2.32481e-05
39.72 1.81231e-05
39.73 1.29489e-05
39.74 7.74348e-06
39.75 2.52494e-06
39.76 -2.68877e-06
39.77 -7.87977e-06
39.78 -1.30303e-05
39.79 -1.8123e-05
39.8 -2.31404e-05
39.81 -2.80659e-05
39.82 -3.28829e-05
39.83 -3.75753e-05
39.84 -4.21277e-05
39.85 -4.65249e-05
39.86 -5.07527e-05
39.87 -5.47973e-05
39.88 -5.86453e-05
39.89 -6.22846e-05
39.9 -6.57032e-05
39.91 -6.88903e-05
39.92 -7.18357e-05
39.93 -7.453e-05
39.94 -7.69648e-05
39.95 -7.91324e-05
39.96 -8.10261e-05
39.97 -8.26399e-05
39.98 -8.39691e-05
39.99 -8.50096e-05
40 -8.57585e-05
40.01 -8.62137e-05
40.02 -8.63742e-05
40.03 -8.62399e-05
40.04 -8.58119e-05
40.05 -8.50921e-05
40.06 -8.40834e-05
40.07 -8.27898e-05
40.08 -8.12162e-05
40.09 -7.93685e-05
40.1 -7.72535e-05
40.11 -7.48791e-05
40.12 -7.22538e-05
40.13 -6.93873e-05
40.14 -6.62898e-05
40.15 -6.29727e-05
40.16 -5.94477e-05
40.17 -5.57276e-05
40.18 -5.18256e-05
40.19 -4.77557e-05
40.2 -4.35323e-05
40.21 -3.91705e-05
40.22 -3.46857e-05
40.23 -3.00936e-05
40.24 -2.54104e-05
40.25 -2.06526e-05
40.26 -1.58367e-05
40.27 -1.09795e-05
40.28 -6.09784e-06
40.29 -1.2085e-06
40.3 3.67171e-06
40.31 8.52608e-06
40.32 1.33381e-05
40.33 1.80915e-05
40.34 2.27701e-05
40.35 2.73584e-05
40.36 3.18409e-05
40.37 3.62027e-05
40.38 4.04295e-05
40.39 4.45072e-05
40.4 4.84225e-05
40.41 5.21626e-05
40.42 5.57153e-05
40.43 5.90691e-05
40.44 6.22132e-05
40.45 6.51375e-05
40.46 6.78326e-05
40.47 7.02899e-05
40.48 7.25017e-05
40.49 7.44611e-05
40.5 7.61618e-05
40.51 7.75987e-05
40.52 7.87675e-05
40.53 7.96646e-05
40.54 8.02874e-05
40.55 8.06345e-05
40.56 8.07051e-05
40.57 8.04994e-05
40.58 8.00186e-05
40.59 7.92649e-05
40.6 7.82413e-05
40.61 7.69518e-05
40.62 7.54014e-05
40.63 7.35957e-05
40.64 7.15415e-05
40.65 6.92464e-05
40.66 6.67188e-05
40.67 6.39677e-05
40.68 6.10033e-05
40.69 5.78361e-05
40.7 5.44775e-05
40.71 5.09397e-05
40.72 4.72352e-05
40.73 4.33772e-05
40.74 3.93795e-05
40.75 3.52562e-05
40.76 3.10219e-05
40.77 2.66914e-05
40.78 2.228e-05
40.79 1.78032e-05
40.8 1.32764e-05
40.81 8.7154e-06
40.82 4.136e-06
40.83 -4.46046e-07
40.84 -5.01504e-06
40.85 -9.55537e-06
40.86 -1.40516e-05
40.87 -1.84885e-05
40.88 -2.28512e-05
40.89 -2.71249e-05
40.9 -3.12955e-05
40.91 -3.5349e-05
40.92 -3.92721e-05
40.93 -4.30518e-05
40.94 -4.66757e-05
40.95 -5.01319e-05
40.96 -5.34093e-05
40.97 -5.64972e-05
40.98 -5.93856e-05
40.99 -6.20653e-05
41 -6.45277e-05
41.01 -6.6765e-05
41.02 -6.87701e-05
41.03 -7.05367e-05
41.04 -7.20594e-05
41.05 -7.33335e-05
41.06 -7.43551e-05
41.07 -7.51213e-05
41.08 -7.563e-05
41.09 -7.58799e-05
41.1 -7.58707e-05
41.11 -7.56027e-05
41.12 -7.50775e-05
41.13 -7.42973e-05
41.14 -7.32653e-05
41.15 -7.19853e-05
41.16 -7.04623e-05
41.17 -6.8702e-05
41.18 -6.67108e-05
41.19 -6.44961e-05
41.2 -6.2066e-05
41.21 -5.94292e-05
41.22 -5.65952e-05
41.23 -5.35743e-05
41.24 -5.03773e-05
41.25 -4.70156e-05
41.26 -4.35011e-05
41.27 -3.98465e-05
41.28 -3.60646e-05
41.29 -3.21688e-05
41.3 -2.81728e-05
41.31 -2.40906e-05
41.32 -1.99365e-05
41.33 -1.57251e-05
41.34 -1.14709e-05
41.35 -7.1887e-06
41.36 -2.89328e-06
41.37 1.4006e-06
41.38 5.67824e-06
41.39 9.92503e-06
41.4 1.41266e-05
41.41 1.82686e-05
41.42 2.23372e-05
41.43 2.63187e-05
41.44 3.01998e-05
41.45 3.39675e-05
41.46 3.76094e-05
41.47 4.11135e-05
41.48 4.44683e-05
41.49 4.76627e-05
41.5 5.06863e-05
41.51 5.35294e-05
41.52 5.61827e-05
41.53 5.86378e-05
41.54 6.08867e-05
41.55 6.29223e-05
41.56 6.47383e-05
41.57 6.63289e-05
41.58 6.76891e-05
41.59 6.8815e-05
41.6 6.97031e-05
41.61 7.03508e-05
41.62 7.07566e-05
41.63 7.09193e-05
41.64 7.08391e-05
41.65 7.05166e-05
41.66 6.99533e-05
41.67 6.91518e-05
41.68 6.81151e-05
41.69 6.68473e-05
41.7 6.53533e-05
41.71 6.36385e-05
41.72 6.17093e-05
41.73 5.95729e-05
41.74 5.72369e-05
41.75 5.47098e-05
41.76 5.20008e-05
41.77 4.91197e-05
41.78 4.60766e-05
41.79 4.28825e-05
41.8 3.95487e-05
41.81 3.6087e-05
41.82 3.25098e-05
41.83 2.88295e-05
41.84 2.50592e-05
41.85 2.12119e-05
41.86 1.73013e-05
41.87 1.33408e-05
41.88 9.34412e-06
41.89 5.32518e-06
41.9 1.29776e-06
41.91 -2.72431e-06
41.92 -6.7273e-06
41.93 -1.06976e-05
41.94 -1.46217e-05
41.95 -1.84863e-05
41.96 -2.22785e-05
41.97 -2.59856e-05
41.98 -2.95951e-05
41.99 -3.30951e-05
42 -3.6474e-05
42.01 -3.97205e-05
42.02 -4.28241e-05
42.03 -4.57746e-05
42.04 -4.85623e-05
42.05 -5.11783e-05
42.06 -5.36139e-05
42.07 -5.58615e-05
42.08 -5.79138e-05
42.09 -5.97643e-05
42.1 -6.14072e-05
42.11 -6.28373e-05
42.12 -6.40502e-05
42.13 -6.50422e-05
42.14 -6.58105e-05
42.15 -6.63528e-05
42.16 -6.66678e-05
42.17 -6.67548e-05
42.18 -6.6614e-05
42.19 -6.62463e-05
42.2 -6.56534e-05
42.21 -6.48378e-05
42.22 -6.38027e-05
42.23 -6.25521e-05
42.24 -6.10907e-05
42.25 -5.94239e-05
42.26 -5.7558e-05
42.27 -5.54997e-05
42.28 -5.32565e-05
42.29 -5.08365e-05
42.3 -4.82485e-05
42.31 -4.55018e-05
42.32 -4.26061e-05
42.33 -3.95718e-05
42.34 -3.64097e-05
42.35 -3.31309e-05
42.36 -2.97471e-05
42.37 -2.62702e-05
42.38 -2.27123e-05
42.39 -1.90858e-05
42.4 -1.54036e-05
42.41 -1.16782e-05
42.42 -7.92269e-06
42.43 -4.14998e-06
42.44 -3.73036e-07
42.45 3.39519e-06
42.46 7.14183e-06
42.47 1.08541e-05
42.48 1.45195e-05
42.49 1.81256e-05
42.5 2.16603e-05
42.51 2.51117e-05
42.52 2.84683e-05
42.53 3.1719e-05
42.54 3.48529e-05
42.55 3.78598e-05
42.56 4.07297e-05
42.57 4.34533e-05
42.58 4.60217e-05
42.59 4.84265e-05
42.6 5.066e-05
42.61 5.2715e-05
42.62 5.45849e-05
42.63 5.62639e-05
42.64 5.77467e-05
42.65 5.90286e-05
42.66 6.01057e-05
42.67 6.09749e-05
42.68 6.16335e-05
42.69 6.20798e-05
42.7 6.23127e-05
42.71 6.23318e-05
42.72 6.21375e-05
42.73 6.17309e-05
42.74 6.11138e-05
42.75 6.02887e-05
42.76 5.92589e-05
42.77 5.80283e-05
42.78 5.66016e-05
42.79 5.49841e-05
42.8 5.31816e-05
42.81 5.12008e-05
42.82 4.90489e-05
42.83 4.67337e-05
42.84 4.42634e-05
42.85 4.16469e-05
42.86 3.88935e-05
42.87 3.60131e-05
42.88 3.30158e-05
42.89 2.99122e-05
42.9 2.67132e-05
42.91 2.34302e-05
42.92 2.00745e-05
42.93 1.66578e-05
42.94 1.31922e-05
42.95 9.68951e-06
42.96 6.16192e-06
42.97 2.62158e-06
42.98 -9.19354e-07
42.99 -4.44876e-06
43 -7.95461e-06
43.01 -1.1425e-05
43.02 -1.48481e-05
43.03 -1.82124e-05
43.04 -2.15066e-05
43.05 -2.47197e-05
43.06 -2.78408e-05
43.07 -3.08597e-05
43.08 -3.37663e-05
43.09 -3.65511e-05
43.1 -3.92047e-05
43.11 -4.17187e-05
43.12 -4.40847e-05
43.13 -4.62951e-05
43.14 -4.83428e-05
43.15 -5.02211e-05
43.16 -5.19241e-05
43.17 -5.34463e-05
43.18 -5.47831e-05
43.19 -5.59303e-05
43.2 -5.68843e-05
43.21 -5.76424e-05
43.22 -5.82024e-05
43.23 -5.85628e-05
43.24 -5.87227e-05
43.25 -5.86822e-05
43.26 -5.84416e-05
43.27 -5.80023e-05
43.28 -5.73661e-05
43.29 -5.65357e-05
43.3 -5.55143e-05
43.31 -5.43058e-05
43.32 -5.29148e-05
43.33 -5.13463e-05
43.34 -4.96062e-05
43.35 -4.77008e-05
43.36 -4.56371e-05
43.37 -4.34224e-05
43.38 -4.10647e-05
43.39 -3.85725e-05
43.4 -3.59546e-05
43.41 -3.32204e-05
43.42 -3.03794e-05
43.43 -2.74417e-05
43.44 -2.44177e-05
43.45 -2.1318e-05
43.46 -1.81533e-05
43.47 -1.49347e-05
43.48 -1.16734e-05
43.49 -8.38062e-06
43.5 -5.0678e-06
43.51 -1.7463e-06
43.52 1.57248e-06
43.53 4.8772e-06
43.54 8.15661e-06
43.55 1.13996e-05
43.56 1.45951e-05
43.57 1.77325e-05
43.58 2.08011e-05
43.59 2.37907e-05
43.6 2.66913e-05
43.61 2.94933e-05
43.62 3.21874e-05
43.63 3.47646e-05
43.64 3.72166e-05
43.65 3.95353e-05
43.66 4.17131e-05
43.67 4.3743e-05
43.68 4.56184e-05
43.69 4.73334e-05
43.7 4.88823e-05
43.71 5.02604e-05
43.72 5.14633e-05
43.73 5.24874e-05
43.74 5.33295e-05
43.75 5.39871e-05
43.76 5.44585e-05
43.77 5.47423e-05
43.78 5.4838e-05
43.79 5.47457e-05
43.8 5.44661e-05
43.81 5.40005e-05
43.82 5.3351e-05
43.83 5.252e-05
43.84 5.15109e-05
43.85 5.03275e-05
43.86 4.89741e-05
43.87 4.74559e-05
43.88 4.57784e-05
43.89 4.39476e-05
43.9 4.19702e-05
43.91 3.98534e-05
43.92 3.76047e-05
43.93 3.52322e-05
43.94 3.27442e-05
43.95 3.01496e-05
43.96 2.74576e-05
43.97 2.46776e-05
43.98 2.18195e-05
43.99 1.88932e-05
44 1.59089e-05
44.01 1.2877e-05
44.02 9.80812e-06
44.03 6.71276e-06
44.04 3.60162e-06
44.05 4.85411e-07
44.06 -2.6252e-06
44.07 -5.71959e-06
44.08 -8.78722e-06
44.09 -1.18177e-05
44.1 -1.48007e-05
44.11 -1.77263e-05
44.12 -2.05845e-05
44.13 -2.33659e-05
44.14 -2.60612e-05
44.15 -2.86613e-05
44.16 -3.11577e-05
44.17 -3.35422e-05
44.18 -3.58068e-05
44.19 -3.79443e-05
44.2 -3.99476e-05
44.21 -4.18103e-05
44.22 -4.35263e-05
44.23 -4.50901e-05
44.24 -4.64969e-05
44.25 -4.77421e-05
44.26 -4.88219e-05
44.27 -4.97329e-05
44.28 -5.04725e-05
44.29 -5.10385e-05
44.3 -5.14294e-05
44.31 -5.16442e-05
44.32 -5.16824e-05
44.33 -5.15445e-05
44.34 -5.12312e-05
44.35 -5.0744e-05
44.36 -5.00849e-05
44.37 -4.92566e-05
44.38 -4.82621e-05
44.39 -4.71054e-05
44.4 -4.57906e-05
44.41 -4.43228e-05
44.42 -4.27071e-05
44.43 -4.09495e-05
44.44 -3.90564e-05
44.45 -3.70345e-05
44.46 -3.48911e-05
44.47 -3.26338e-05
44.48 -3.02706e-05
44.49 -2.78099e-05
44.5 -2.52603e-05
44.51 -2.26309e-05
44.52 -1.99308e-05
44.53 -1.71694e-05
44.54 -1.43565e-05
44.55 -1.15017e-05
44.56 -8.61496e-06
44.57 -5.70624e-06
44.58 -2.78555e-06
44.59 1.37077e-07
44.6 3.05164e-06
44.61 5.9482e-06
44.62 8.8169e-06
44.63 1.1648e-05
44.64 1.4432e-05
44.65 1.71594e-05
44.66 1.98211e-05
44.67 2.24082e-05
44.68 2.4912e-05
44.69 2.73243e-05
44.7 2.96371e-05
44.71 3.18427e-05
44.72 3.39338e-05
44.73 3.59036e-05
44.74 3.77458e-05
44.75 3.94543e-05
44.76 4.10237e-05
44.77 4.24488e-05
44.78 4.37253e-05
44.79 4.48491e-05
44.8 4.58166e-05
44.81 4.6625e-05
44.82 4.72719e-05
44.83 4.77553e-05
44.84 4.80741e-05
44.85 4.82275e-05
44.86 4.82153e-05
44.87 4.80379e-05
44.88 4.76962e-05
44.89 4.71919e-05
44.9 4.6527e-05
44.91 4.57041e-05
44.92 4.47263e-05
44.93 4.35974e-05
44.94 4.23216e-05
44.95 4.09036e-05
44.96 3.93484e-05
44.97 3.76619e-05
44.98 3.585e-05
44.99 3.39193e-05
45 3.18767e-05
45.01 2.97294e-05
45.02 2.7485e-05
45.03 2.51516e-05
45.04 2.27372e-05
45.05 2.02504e-05
45.06 1.76999e-05
45.07 1.50946e-05
45.08 1.24435e-05
45.09 9.75592e-06
45.1 7.04104e-06
45.11 4.30827e-06
45.12 1.567e-06
45.13 -1.17336e-06
45.14 -3.90346e-06
45.15 -6.61398e-06
45.16 -9.29573e-06
45.17 -1.19396e-05
45.18 -1.45367e-05
45.19 -1.70782e-05
45.2 -1.95557e-05
45.21 -2.19609e-05
45.22 -2.42856e-05
45.23 -2.65223e-05
45.24 -2.86636e-05
45.25 -3.07022e-05
45.26 -3.26317e-05
45.27 -3.44456e-05
45.28 -3.61381e-05
45.29 -3.77036e-05
45.3 -3.91372e-05
45.31 -4.04343e-05
45.32 -4.15908e-05
45.33 -4.2603e-05
45.34 -4.34678e-05
45.35 -4.41826e-05
45.36 -4.47454e-05
45.37 -4.51544e-05
45.38 -4.54087e-05
45.39 -4.55077e-05
45.4 -4.54515e-05
45.41 -4.52405e-05
45.42 -4.48758e-05
45.43 -4.4359e-05
45.44 -4.36921e-05
45.45 -4.28779e-05
45.46 -4.19194e-05
45.47 -4.08201e-05
45.48 -3.95843e-05
45.49 -3.82163e-05
45.5 -3.67213e-05
45.51 -3.51045e-05
45.52 -3.33719e-05
45.53 -3.15297e-05
45.54 -2.95843e-05
45.55 -2.75427e-05
45.56 -2.54122e-05
45.57 -2.32003e-05
45.58 -2.09147e-05
45.59 -1.85635e-05
45.6 -1.61549e-05
45.61 -1.36972e-05
45.62 -1.11991e-05
45.63 -8.66915e-06
45.64 -6.11614e-06
45.65 -3.54886e-06
45.66 -9.76127e-07
45.67 1.59324e-06
45.68 4.15045e-06
45.69 6.68681e-06
45.7 9.1937e-06
45.71 1.16626e-05
45.72 1.40853e-05
45.73 1.64535e-05
45.74 1.87593e-05
45.75 2.0995e-05
45.76 2.31531e-05
45.77 2.52266e-05
45.78 2.72084e-05
45.79 2.90922e-05
45.8 3.08717e-05
45.81 3.25411e-05
45.82 3.4095e-05
45.83 3.55284e-05
45.84 3.68366e-05
45.85 3.80155e-05
45.86 3.90614e-05
45.87 3.99711e-05
45.88 4.07417e-05
45.89 4.13709e-05
45.9 4.18569e-05
45.91 4.21983e-05
45.92 4.23944e-05
45.93 4.24447e-05
45.94 4.23495e-05
45.95 4.21093e-05
45.96 4.17253e-05
45.97 4.11992e-05
45.98 4.0533e-05
45.99 3.97293e-05
46 3.87913e-05
46.01 3.77223e-05
46.02 3.65264e-05
46.03 3.52079e-05
46.04 3.37717e-05
46.05 3.22229e-05
46.06 3.0567e-05
46.07 2.88101e-05
46.08 2.69584e-05
46.09 2.50183e-05
46.1 2.29969e-05
46.11 2.09011e-05
46.12 1.87385e-05
46.13 1.65164e-05
46.14 1.42428e-05
46.15 1.19255e-05
46.16 9.5725e-06
46.17 7.19203e-06
46.18 4.79227e-06
46.19 2.38147e-06
46.2 -3.20776e-08
46.21 -2.44012e-06
46.22 -4.83444e-06
46.23 -7.2069e-06
46.24 -9.54943e-06
46.25 -1.18541e-05
46.26 -1.41132e-05
46.27 -1.6319e-05
46.28 -1.84643e-05
46.29 -2.05417e-05
46.3 -2.25445e-05
46.31 -2.44659e-05
46.32 -2.62996e-05
46.33 -2.80396e-05
46.34 -2.96801e-05
46.35 -3.12158e-05
46.36 -3.26418e-05
46.37 -3.39533e-05
46.38 -3.51463e-05
46.39 -3.62169e-05
46.4 -3.71617e-05
46.41 -3.79778e-05
46.42 -3.86628e-05
46.43 -3.92145e-05
46.44 -3.96314e-05
46.45 -3.99124e-05
46.46 -4.00568e-05
46.47 -4.00645e-05
46.48 -3.99356e-05
46.49 -3.9671e-05
46.5 -3.92718e-05
46.51 -3.87398e-05
46.52 -3.8077e-05
46.53 -3.7286e-05
46.54 -3.63697e-05
46.55 -3.53317e-05
46.56 -3.41757e-05
46.57 -3.2906e-05
46.58 -3.15272e-05
46.59 -3.00442e-05
46.6 -2.84624e-05
46.61 -2.67874e-05
46.62 -2.50251e-05
46.63 -2.3182e-05
46.64 -2.12643e-05
46.65 -1.92789e-05
46.66 -1.72328e-05
46.67 -1.51331e-05
46.68 -1.29871e-05
46.69 -1.08023e-05
46.7 -8.58631e-06
46.71 -6.34673e-06
46.72 -4.09129e-06
46.73 -1.82776e-06
46.74 4.36091e-07
46.75 2.69254e-06
46.76 4.93388e-06
46.77 7.15249e-06
46.78 9.34086e-06
46.79 1.14916e-05
46.8 1.35974e-05
46.81 1.56513e-05
46.82 1.76463e-05
46.83 1.95758e-05
46.84 2.14334e-05
46.85 2.3213e-05
46.86 2.49085e-05
46.87 2.65145e-05
46.88 2.80257e-05
46.89 2.94372e-05
46.9 3.07444e-05
46.91 3.19431e-05
46.92 3.30295e-05
46.93 3.4e-05
46.94 3.48518e-05
46.95 3.5582e-05
46.96 3.61886e-05
46.97 3.66698e-05
46.98 3.70241e-05
46.99 3.72506e-05
47 3.73489e-05
47.01 3.7319e-05
47.02 3.71611e-05
47.03 3.68761e-05
47.04 3.64654e-05
47.05 3.59305e-05
47.06 3.52735e-05
47.07 3.44971e-05
47.08 3.36041e-05
47.09 3.25978e-05
47.1 3.14819e-05
47.11 3.02606e-05
47.12 2.89382e-05
47.13 2.75195e-05
47.14 2.60095e-05
47.15 2.44137e-05
47.16 2.27378e-05
47.17 2.09875e-05
47.18 1.91693e-05
47.19 1.72893e-05
47.2 1.53542e-05
47.21 1.33708e-05
47.22 1.1346e-05
47.23 9.28682e-06
47.24 7.20036e-06
47.25 5.09384e-06
47.26 2.97454e-06
47.27 8.49725e-07
47.28 -1.27332e-06
47.29 -3.38734e-06
47.3 -5.48512e-06
47.31 -7.55955e-06
47.32 -9.60359e-06
47.33 -1.16103e-05
47.34 -1.3573e-05
47.35 -1.54851e-05
47.36 -1.73401e-05
47.37 -1.91318e-05
47.38 -2.08544e-05
47.39 -2.2502e-05
47.4 -2.40694e-05
47.41 -2.55512e-05
47.42 -2.69426e-05
47.43 -2.82392e-05
47.44 -2.94367e-05
47.45 -3.05313e-05
47.46 -3.15195e-05
47.47 -3.23981e-05
47.48 -3.31645e-05
47.49 -3.38162e-05
47.5 -3.43513e-05
47.51 -3.47683e-05
47.52 -3.50659e-05
47.53 -3.52435e-05
47.54 -3.53007e-05
47.55 -3.52375e-05
47.56 -3.50546e-05
47.57 -3.47527e-05
47.58 -3.43331e-05
47.59 -3.37977e-05
47.6 -3.31483e-05
47.61 -3.23877e-05
47.62 -3.15185e-05
47.63 -3.0544e-05
47.64 -2.94679e-05
47.65 -2.82939e-05
47.66 -2.70264e-05
47.67 -2.56699e-05
47.68 -2.42292e-05
47.69 -2.27095e-05
47.7 -2.11163e-05
47.71 -1.9455e-05
47.72 -1.77316e-05
47.73 -1.59521e-05
47.74 -1.41227e-05
47.75 -1.22498e-05
47.76 -1.034e-05
47.77 -8.39984e-06
47.78 -6.43605e-06
47.79 -4.4554e-06
47.8 -2.4647e-06
47.81 -4.70807e-07
47.82 1.51947e-06
47.83 3.49934e-06
47.84 5.46205e-06
47.85 7.40095e-06
47.86 9.30947e-06
47.87 1.11812e-05
47.88 1.30097e-05
47.89 1.4789e-05
47.9 1.65131e-05
47.91 1.81763e-05
47.92 1.97729e-05
47.93 2.12978e-05
47.94 2.27458e-05
47.95 2.41123e-05
47.96 2.53928e-05
47.97 2.6583e-05
47.98 2.76792e-05
47.99 2.86778e-05
48 2.95757e-05
48.01 3.03701e-05
48.02 3.10583e-05
48.03 3.16384e-05
48.04 3.21086e-05
48.05 3.24676e-05
48.06 3.27144e-05
48.07 3.28483e-05
48.08 3.28693e-05
48.09 3.27774e-05
48.1 3.25733e-05
48.11 3.22578e-05
48.12 3.18324e-05
48.13 3.12988e-05
48.14 3.06589e-05
48.15 2.99153e-05
48.16 2.90706e-05
48.17 2.81282e-05
48.18 2.70913e-05
48.19 2.59637e-05
48.2 2.47496e-05
48.21 2.34533e-05
48.22 2.20794e-05
48.23 2.06328e-05
48.24 1.91186e-05
48.25 1.75422e-05
48.26 1.59091e-05
48.27 1.4225e-05
48.28 1.24959e-05
48.29 1.07278e-05
48.3 8.92672e-06
48.31 7.09903e-06
48.32 5.25101e-06
48.33 3.38902e-06
48.34 1.51947e-06
48.35 -3.51216e-07
48.36 -2.21666e-06
48.37 -4.07048e-06
48.38 -5.90639e-06
48.39 -7.71815e-06
48.4 -9.49963e-06
48.41 -1.12448e-05
48.42 -1.29479e-05
48.43 -1.4603e-05
48.44 -1.62048e-05
48.45 -1.77479e-05
48.46 -1.9227e-05
48.47 -2.06375e-05
48.48 -2.19745e-05
48.49 -2.32337e-05
48.5 -2.44111e-05
48.51 -2.55027e-05
48.52 -2.65051e-05
48.53 -2.7415e-05
48.54 -2.82296e-05
48.55 -2.89463e-05
48.56 -2.95629e-05
48.57 -3.00775e-05
48.58 -3.04885e-05
48.59 -3.07949e-05
48.6 -3.09958e-05
48.61 -3.10908e-05
48.62 -3.10797e-05
48.63 -3.09629e-05
48.64 -3.0741e-05
48.65 -3.0415e-05
48.66 -2.99863e-05
48.67 -2.94564e-05
48.68 -2.88276e-05
48.69 -2.81021e-05
48.7 -2.72827e-05
48.71 -2.63724e-05
48.72 -2.53745e-05
48.73 -2.42926e-05
48.74 -2.31306e-05
48.75 -2.18927e-05
48.76 -2.05833e-05
48.77 -1.92071e-05
48.78 -1.77689e-05
48.79 -1.62737e-05
48.8 -1.47269e-05
48.81 -1.31339e-05
48.82 -1.15001e-05
48.83 -9.83143e-06
48.84 -8.13352e-06
48.85 -6.41229e-06
48.86 -4.67369e-06
48.87 -2.92371e-06
48.88 -1.16836e-06
48.89 5.86345e-07
48.9 2.33441e-06
48.91 4.06987e-06
48.92 5.78682e-06
48.93 7.47946e-06
48.94 9.14204e-06
48.95 1.0769e-05
48.96 1.23548e-05
48.97 1.38941e-05
48.98 1.53819e-05
48.99 1.68132e-05
49 1.81831e-05
49.01 1.94873e-05
49.02 2.07213e-05
49.03 2.18812e-05
49.04 2.29632e-05
49.05 2.39637e-05
49.06 2.48795e-05
49.07 2.57077e-05
49.08 2.64458e-05
49.09 2.70913e-05
49.1 2.76422e-05
49.11 2.8097e-05
49.12 2.84543e-05
49.13 2.87131e-05
49.14 2.88728e-05
49.15 2.89329e-05
49.16 2.88936e-05
49.17 2.87552e-05
49.18 2.85184e-05
49.19 2.81843e-05
49.2 2.77541e-05
49.21 2.72297e-05
49.22 2.66129e-05
49.23 2.59062e-05
49.24 2.51122e-05
49.25 2.42337e-05
49.26 2.3274e-05
49.27 2.22365e-05
49.28 2.1125e-05
49.29 1.99435e-05
49.3 1.86961e-05
49.31 1.73873e-05
49.32 1.60217e-05
49.33 1.46042e-05
49.34 1.31396e-05
49.35 1.16332e-05
49.36 1.00901e-05
49.37 8.51577e-06
49.38 6.91563e-06
49.39 5.29522e-06
49.4 3.66013e-06
49.41 2.016e-06
49.42 3.68455e-07
49.43 -1.27686e-06
49.44 -2.91432e-06
49.45 -4.53835e-06
49.46 -6.14344e-06
49.47 -7.72416e-06
49.48 -9.27515e-06
49.49 -1.07912e-05
49.5 -1.22672e-05
49.51 -1.36982e-05
49.52 -1.50795e-05
49.53 -1.64064e-05
49.54 -1.76746e-05
49.55 -1.88798e-05
49.56 -2.00181e-05
49.57 -2.10858e-05
49.58 -2.20794e-05
49.59 -2.29956e-05
49.6 -2.38316e-05
49.61 -2.45846e-05
49.62 -2.52523e-05
49.63 -2.58327e-05
49.64 -2.63238e-05
49.65 -2.67243e-05
49.66 -2.70329e-05
49.67 -2.7249e-05
49.68 -2.73718e-05
49.69 -2.74012e-05
49.7 -2.73374e-05
49.71 -2.71807e-05
49.72 -2.6932e-05
49.73 -2.65922e-05
49.74 -2.61627e-05
49.75 -2.56453e-05
49.76 -2.50418e-05
49.77 -2.43546e-05
49.78 -2.35862e-05
49.79 -2.27394e-05
49.8 -2.18173e-05
49.81 -2.08231e-05
49.82 -1.97606e-05
49.83 -1.86335e-05
49.84 -1.74457e-05
49.85 -1.62016e-05
49.86 -1.49054e-05
49.87 -1.35618e-05
49.88 -1.21755e-05
49.89 -1.07513e-05
49.9 -9.29412e-06
49.91 -7.8091e-06
49.92 -6.30137e-06
49.93 -4.77612e-06
49.94 -3.23864e-06
49.95 -1.69419e-06
49.96 -1.48083e-07
49.97 1.3944e-06
49.98 2.92799e-06
49.99 4.44747e-06
50 5.94768e-06
50.01 7.42354e-06
50.02 8.87008e-06
50.03 1.02824e-05
50.04 1.16558e-05
50.05 1.29857e-05
50.06 1.42676e-05
50.07 1.54972e-05
50.08 1.66706e-05
50.09 1.77837e-05
50.1 1.88331e-05
50.11 1.98152e-05
50.12 2.07268e-05
50.13 2.1565e-05
50.14 2.23272e-05
50.15 2.30108e-05
50.16 2.36137e-05
50.17 2.41341e-05
50.18 2.45704e-05
50.19 2.49213e-05
50.2 2.51858e-05
50.21 2.53631e-05
50.22 2.5453e-05
50.23 2.54552e-05
50.24 2.53699e-05
50.25 2.51977e-05
50.26 2.49394e-05
50.27 2.4596e-05
50.28 2.41688e-05
50.29 2.36597e-05
50.3 2.30704e-05
50.31 2.24031e-05
50.32 2.16605e-05
50.33 2.0845e-05
50.34 1.99598e-05
50.35 1.9008e-05
50.36 1.7993e-05
50.37 1.69185e-05
50.38 1.57882e-05
50.39 1.46061e-05
50.4 1.33765e-05
50.41 1.21036e-05
50.42 1.07919e-05
50.43 9.44598e-06
50.44 8.07051e-06
50.45 6.67028e-06
50.46 5.25012e-06
50.47 3.81496e-06
50.48 2.36972e-06
50.49 9.1938e-07
50.5 -5.31092e-07
50.51 -1.97674e-06
50.52 -3.41263e-06
50.53 -4.83389e-06
50.54 -6.23568e-06
50.55 -7.61328e-06
50.56 -8.96202e-06
50.57 -1.02774e-05
50.58 -1.15549e-05
50.59 -1.27904e-05
50.6 -1.39797e-05
50.61 -1.51188e-05
50.62 -1.62041e-05
50.63 -1.72318e-05
50.64 -1.81987e-05
50.65 -1.91015e-05
50.66 -1.99374e-05
50.67 -2.07037e-05
50.68 -2.13978e-05
50.69 -2.20177e-05
50.7 -2.25613e-05
50.71 -2.30269e-05
50.72 -2.34133e-05
50.73 -2.37191e-05
50.74 -2.39437e-05
50.75 -2.40863e-05
50.76 -2.41467e-05
50.77 -2.41249e-05
50.78 -2.40212e-05
50.79 -2.3836e-05
50.8 -2.35702e-05
50.81 -2.3225e-05
50.82 -2.28016e-05
50.83 -2.23017e-05
50.84 -2.17272e-05
50.85 -2.10802e-05
50.86 -2.03631e-05
50.87 -1.95785e-05
50.88 -1.87293e-05
50.89 -1.78185e-05
50.9 -1.68494e-05
50.91 -1.58254e-05
50.92 -1.47502e-05
50.93 -1.36275e-05
50.94 -1.24613e-05
50.95 -1.12558e-05
50.96 -1.00151e-05
50.97 -8.74349e-06
50.98 -7.44549e-06
50.99 -6.12556e-06
51 -4.78827e-06
51.01 -3.43824e-06
51.02 -2.08011e-06
51.03 -7.18536e-07
51.04 6.4181e-07
51.05 1.99628e-06
51.06 3.34027e-06
51.07 4.66921e-06
51.08 5.97859e-06
51.09 7.26398e-06
51.1 8.52106e-06
51.11 9.7456e-06
51.12 1.09335e-05
51.13 1.20808e-05
51.14 1.31836e-05
51.15 1.42384e-05
51.16 1.52415e-05
51.17 1.61898e-05
51.18 1.70801e-05
51.19 1.79094e-05
51.2 1.86752e-05
51.21 1.9375e-05
51.22 2.00064e-05
51.23 2.05676e-05
51.24 2.10567e-05
51.25 2.14723e-05
51.26 2.18131e-05
51.27 2.20781e-05
51.28 2.22667e-05
51.29 2.23782e-05
51.3 2.24126e-05
51.31 2.23698e-05
51.32 2.22502e-05
51.33 2.20545e-05
51.34 2.17833e-05
51.35 2.1438e-05
51.36 2.10197e-05
51.37 2.05301e-05
51.38 1.9971e-05
51.39 1.93445e-05
51.4 1.86529e-05
51.41 1.78988e-05
51.42 1.70848e-05
51.43 1.62138e-05
51.44 1.52891e-05
51.45 1.43138e-05
51.46 1.32914e-05
51.47 1.22256e-05
51.48 1.112e-05
51.49 9.97867e-06
51.5 8.80544e-06
51.51 7.60445e-06
51.52 6.37988e-06
51.53 5.13596e-06
51.54 3.87699e-06
51.55 2.60733e-06
51.56 1.33133e-06
51.57 5.33678e-08
51.58 -1.22218e-06
51.59 -2.49095e-06
51.6 -3.74864e-06
51.61 -4.99097e-06
51.62 -6.21373e-06
51.63 -7.4128e-06
51.64 -8.58412e-06
51.65 -9.72377e-06
51.66 -1.08279e-05
51.67 -1.18929e-05
51.68 -1.29152e-05
51.69 -1.38914e-05
51.7 -1.48182e-05
51.71 -1.56926e-05
51.72 -1.65118e-05
51.73 -1.72731e-05
51.74 -1.7974e-05
51.75 -1.86123e-05
51.76 -1.9186e-05
51.77 -1.96932e-05
51.78 -2.01323e-05
51.79 -2.0502e-05
51.8 -2.08013e-05
51.81 -2.10292e-05
51.82 -2.11852e-05
51.83 -2.12689e-05
51.84 -2.12801e-05
51.85 -2.1219e-05
51.86 -2.1086e-05
51.87 -2.08816e-05
51.88 -2.06069e-05
51.89 -2.02627e-05
51.9 -1.98506e-05
51.91 -1.9372e-05
51.92 -1.88288e-05
51.93 -1.8223e-05
51.94 -1.75567e-05
51.95 -1.68324e-05
51.96 -1.60527e-05
51.97 -1.52204e-05
51.98 -1.43386e-05
51.99 -1.34102e-05
