0.01 -4.96286e-07
0.02 -4.93758e-07
0.03 -4.92168e-07
0.04 -5.07521e-07
0.05 -5.69536e-07
0.06 -7.06304e-07
0.07 -9.23322e-07
0.08 -1.19595e-06
0.09 -1.48407e-06
0.1 -1.75876e-06
0.11 -2.02126e-06
0.12 -2.30194e-06
0.13 -2.64258e-06
0.14 -3.07527e-06
0.15 -3.6107e-06
0.16 -4.23962e-06
0.17 -4.94292e-06
0.18 -5.70241e-06
0.19 -6.50677e-06
0.2 -7.3527e-06
0.21 -8.24397e-06
0.22 -9.19012e-06
0.23 -1.02038e-05
0.24 -1.12961e-05
0.25 -1.24707e-05
0.26 -1.37212e-05
0.27 -1.50333e-05
0.28 -1.63905e-05
0.29 -1.77802e-05
0.3 -1.91969e-05
0.31 -2.06405e-05
0.32 -2.21115e-05
0.33 -2.36071e-05
0.34 -2.51184e-05
0.35 -2.66314e-05
0.36 -2.81289e-05
0.37 -2.95946e-05
0.38 -3.10168e-05
0.39 -3.23903e-05
0.4 -3.37144e-05
0.41 -3.4989e-05
0.42 -3.62104e-05
0.43 -3.73688e-05
0.44 -3.84489e-05
0.45 -3.94339e-05
0.46 -4.03094e-05
0.47 -4.10653e-05
0.48 -4.16928e-05
0.49 -4.21846e-05
0.5 -4.25398e-05
0.51 -4.27687e-05
0.52 -4.28887e-05
0.53 -4.2911e-05
0.54 -4.28312e-05
0.55 -4.26296e-05
0.56 -4.22829e-05
0.57 -4.17816e-05
0.58 -4.11427e-05
0.59 -4.04038e-05
0.6 -3.96019e-05
0.61 -3.87517e-05
0.62 -3.78401e-05
0.63 -3.6841e-05
0.64 -3.57372e-05
0.65 -3.45324e-05
0.66 -3.32493e-05
0.67 -3.19163e-05
0.68 -3.05542e-05
0.69 -2.91693e-05
0.7 -2.77574e-05
0.71 -2.63156e-05
0.72 -2.48505e-05
0.73 -2.33771e-05
0.74 -2.19041e-05
0.75 -2.04181e-05
0.76 -1.88845e-05
0.77 -1.72772e-05
0.78 -1.56165e-05
0.79 -1.39755e-05
0.8 -1.24395e-05
0.81 -1.10499e-05
0.82 -9.77701e-06
0.83 -8.5383e-06
0.84 -7.24081e-06
0.85 -5.8235e-06
0.86 -4.2867e-06
0.87 -2.69697e-06
0.88 -1.1568e-06
0.89 2.51222e-07
0.9 1.50949e-06
0.91 2.66721e-06
0.92 3.80266e-06
0.93 4.9788e-06
0.94 6.22422e-06
0.95 7.54556e-06
0.96 8.94531e-06
0.97 1.04107e-05
0.98 1.18791e-05
0.99 1.3235e-05
1 1.43735e-05
1.01 1.52934e-05
1.02 1.61286e-05
1.03 1.70754e-05
1.04 1.82625e-05
1.05 1.9663e-05
1.06 2.11138e-05
1.07 2.24231e-05
1.08 2.34807e-05
1.09 2.42985e-05
1.1 2.49738e-05
1.11 2.56191e-05
1.12 2.63128e-05
1.13 2.70863e-05
1.14 2.7929e-05
1.15 2.87905e-05
1.16 2.95874e-05
1.17 3.02279e-05
1.18 3.06529e-05
1.19 3.08682e-05
1.2 3.09446e-05
1.21 3.09847e-05
1.22 3.1074e-05
1.23 3.12367e-05
1.24 3.14135e-05
1.25 3.14871e-05
1.26 3.13493e-05
1.27 3.09682e-05
1.28 3.04042e-05
1.29 2.97659e-05
1.3 2.91466e-05
1.31 2.85863e-05
1.32 2.80682e-05
1.33 2.75354e-05
1.34 2.69207e-05
1.35 2.61836e-05
1.36 2.5332e-05
1.37 2.44102e-05
1.38 2.3455e-05
1.39 2.24608e-05
1.4 2.13895e-05
1.41 2.0215e-05
1.42 1.89584e-05
1.43 1.76786e-05
1.44 1.64293e-05
1.45 1.52285e-05
1.46 1.40704e-05
1.47 1.29527e-05
1.48 1.18728e-05
1.49 1.07931e-05
1.5 9.62901e-06
1.51 8.29295e-06
1.52 6.76479e-06
1.53 5.12374e-06
1.54 3.50966e-06
1.55 2.04089e-06
1.56 7.47828e-07
1.57 -4.35787e-07
1.58 -1.62623e-06
1.59 -2.92503e-06
1.6 -4.37672e-06
1.61 -5.9664e-06
1.62 -7.64463e-06
1.63 -9.35493e-06
1.64 -1.10522e-05
1.65 -1.27196e-05
1.66 -1.43856e-05
1.67 -1.61192e-05
1.68 -1.7986e-05
1.69 -1.99858e-05
1.7 -2.20276e-05
1.71 -2.39737e-05
1.72 -2.57283e-05
1.73 -2.73032e-05
1.74 -2.88101e-05
1.75 -3.0387e-05
1.76 -3.21151e-05
1.77 -3.39797e-05
1.78 -3.58944e-05
1.79 -3.77558e-05
1.8 -3.94853e-05
1.81 -4.10293e-05
1.82 -4.23333e-05
1.83 -4.33353e-05
1.84 -4.3998e-05
1.85 -4.43437e-05
1.86 -4.44519e-05
1.87 -4.4414e-05
1.88 -4.42773e-05
1.89 -4.40158e-05
1.9 -4.35427e-05
1.91 -4.27539e-05
1.92 -4.15769e-05
1.93 -3.99921e-05
1.94 -3.80153e-05
1.95 -3.56636e-05
1.96 -3.2941e-05
1.97 -2.98513e-05
1.98 -2.64151e-05
1.99 -2.26704e-05
2 -1.86571e-05
2.01 -1.44067e-05
2.02 -9.94845e-06
2.03 -5.31673e-06
2.04 -5.42383e-07
2.05 4.36657e-06
2.06 9.43274e-06
2.07 1.46927e-05
2.08 2.01596e-05
2.09 2.5776e-05
2.1 3.13848e-05
2.11 3.67591e-05
2.12 4.17016e-05
2.13 4.61572e-05
2.14 5.02495e-05
2.15 5.41955e-05
2.16 5.81497e-05
2.17 6.20942e-05
2.18 6.58541e-05
2.19 6.92079e-05
2.2 7.19998e-05
2.21 7.4182e-05
2.22 7.57909e-05
2.23 7.68992e-05
2.24 7.75765e-05
2.25 7.7868e-05
2.26 7.77916e-05
2.27 7.7352e-05
2.28 7.65544e-05
2.29 7.54133e-05
2.3 7.39562e-05
2.31 7.22224e-05
2.32 7.02489e-05
2.33 6.80469e-05
2.34 6.55944e-05
2.35 6.28649e-05
2.36 5.9877e-05
2.37 5.673e-05
2.38 5.35867e-05
2.39 5.06101e-05
2.4 4.79005e-05
2.41 4.5471e-05
2.42 4.32592e-05
2.43 4.11585e-05
2.44 3.90658e-05
2.45 3.69415e-05
2.46 3.4849e-05
2.47 3.29274e-05
2.48 3.12969e-05
2.49 2.99711e-05
2.5 2.88614e-05
2.51 2.7877e-05
2.52 2.70337e-05
2.53 2.64638e-05
2.54 2.62917e-05
2.55 2.64743e-05
2.56 2.67606e-05
2.57 2.68235e-05
2.58 2.64546e-05
2.59 2.56651e-05
2.6 2.46325e-05
2.61 2.35648e-05
2.62 2.26006e-05
2.63 2.17926e-05
2.64 2.11303e-05
2.65 2.05376e-05
2.66 1.9844e-05
2.67 1.87961e-05
2.68 1.71455e-05
2.69 1.47837e-05
2.7 1.18478e-05
2.71 8.71384e-06
2.72 5.8264e-06
2.73 3.43703e-06
2.74 1.43466e-06
2.75 -5.80451e-07
2.76 -3.02091e-06
2.77 -6.04048e-06
2.78 -9.45538e-06
2.79 -1.28813e-05
2.8 -1.5951e-05
2.81 -1.84578e-05
2.82 -2.03784e-05
2.83 -2.18276e-05
2.84 -2.29983e-05
2.85 -2.40912e-05
2.86 -2.52234e-05
2.87 -2.63477e-05
2.88 -2.72419e-05
2.89 -2.75983e-05
2.9 -2.7173e-05
2.91 -2.59199e-05
2.92 -2.4026e-05
2.93 -2.18107e-05
2.94 -1.95364e-05
2.95 -1.72653e-05
2.96 -1.48579e-05
2.97 -1.20977e-05
2.98 -8.84305e-06
2.99 -5.12387e-06
3 -1.14467e-06
3.01 2.80545e-06
3.02 6.50028e-06
3.03 9.90364e-06
3.04 1.31839e-05
3.05 1.65889e-05
3.06 2.0273e-05
3.07 2.42121e-05
3.08 2.82475e-05
3.09 3.21687e-05
3.1 3.5755e-05
3.11 3.87964e-05
3.12 4.11437e-05
3.13 4.27728e-05
3.14 4.38003e-05
3.15 4.44323e-05
3.16 4.48917e-05
3.17 4.53582e-05
3.18 4.59066e-05
3.19 4.64318e-05
3.2 4.66324e-05
3.21 4.61378e-05
3.22 4.47329e-05
3.23 4.25065e-05
3.24 3.97989e-05
3.25 3.70154e-05
3.26 3.44654e-05
3.27 3.23174e-05
3.28 3.06269e-05
3.29 2.93335e-05
3.3 2.82104e-05
3.31 2.68703e-05
3.32 2.492e-05
3.33 2.22006e-05
3.34 1.89363e-05
3.35 1.5667e-05
3.36 1.2997e-05
3.37 1.13049e-05
3.38 1.05725e-05
3.39 1.0407e-05
3.4 1.0232e-05
3.41 9.56457e-06
3.42 8.25376e-06
3.43 6.54228e-06
3.44 4.90488e-06
3.45 3.76537e-06
3.46 3.27285e-06
3.47 3.26382e-06
3.48 3.40659e-06
3.49 3.41148e-06
3.5 3.16616e-06
3.51 2.73097e-06
3.52 2.24249e-06
3.53 1.81659e-06
3.54 1.49551e-06
3.55 1.22738e-06
3.56 8.66551e-07
3.57 2.16462e-07
3.58 -8.66986e-07
3.59 -2.3642e-06
3.6 -4.07415e-06
3.61 -5.72695e-06
3.62 -7.14929e-06
3.63 -8.3714e-06
3.64 -9.62847e-06
3.65 -1.12713e-05
3.66 -1.36153e-05
3.67 -1.67742e-05
3.68 -2.05542e-05
3.69 -2.44921e-05
3.7 -2.80542e-05
3.71 -3.09086e-05
3.72 -3.31089e-05
3.73 -3.50619e-05
3.74 -3.72834e-05
3.75 -4.00858e-05
3.76 -4.33899e-05
3.77 -4.67756e-05
3.78 -4.97195e-05
3.79 -5.18524e-05
3.8 -5.30896e-05
3.81 -5.3606e-05
3.82 -5.37257e-05
3.83 -5.37777e-05
3.84 -5.39478e-05
3.85 -5.41762e-05
3.86 -5.41722e-05
3.87 -5.35545e-05
3.88 -5.2048e-05
3.89 -4.96341e-05
3.9 -4.65724e-05
3.91 -4.32719e-05
3.92 -4.00791e-05
3.93 -3.71052e-05
3.94 -3.41874e-05
3.95 -3.09995e-05
3.96 -2.72542e-05
3.97 -2.28937e-05
3.98 -1.81608e-05
3.99 -1.34918e-05
4 -9.26872e-06
4.01 -5.57803e-06
4.02 -2.15482e-06
4.03 1.42597e-06
4.04 5.4432e-06
4.05 9.83108e-06
4.06 1.42196e-05
4.07 1.81695e-05
4.08 2.14345e-05
4.09 2.40789e-05
4.1 2.63924e-05
4.11 2.86834e-05
4.12 3.10921e-05
4.13 3.35247e-05
4.14 3.5717e-05
4.15 3.73746e-05
4.16 3.83215e-05
4.17 3.85922e-05
4.18 3.84193e-05
4.19 3.81185e-05
4.2 3.79464e-05
4.21 3.80121e-05
4.22 3.82697e-05
4.23 3.85557e-05
4.24 3.86441e-05
4.25 3.83352e-05
4.26 3.75732e-05
4.27 3.65225e-05
4.28 3.55234e-05
4.29 3.49207e-05
4.3 3.48482e-05
4.31 3.51021e-05
4.32 3.52088e-05
4.33 3.46794e-05
4.34 3.33091e-05
4.35 3.13305e-05
4.36 2.93136e-05
4.37 2.78581e-05
4.38 2.72541e-05
4.39 2.7311e-05
4.4 2.74476e-05
4.41 2.69885e-05
4.42 2.55011e-05
4.43 2.299e-05
4.44 1.98499e-05
4.45 1.66142e-05
4.46 1.36433e-05
4.47 1.09345e-05
4.48 8.15608e-06
4.49 4.86076e-06
4.5 7.19487e-07
4.51 -4.361e-06
4.52 -1.02634e-05
4.53 -1.67545e-05
4.54 -2.35692e-05
4.55 -3.04674e-05
4.56 -3.7298e-05
4.57 -4.40786e-05
4.58 -5.10353e-05
4.59 -5.85395e-05
4.6 -6.69387e-05
4.61 -7.63583e-05
4.62 -8.65887e-05
4.63 -9.71337e-05
4.64 -0.000107412
4.65 -0.000117029
4.66 -0.000125975
4.67 -0.000134643
4.68 -0.000143607
4.69 -0.000153288
4.7 -0.000163703
4.71 -0.000174438
4.72 -0.000184826
4.73 -0.000194195
4.74 -0.000202087
4.75 -0.000208363
4.76 -0.000213208
4.77 -0.000217055
4.78 -0.000220444
4.79 -0.000223798
4.8 -0.000227197
4.81 -0.000230252
4.82 -0.000232207
4.83 -0.000232267
4.84 -0.000229979
4.85 -0.000225484
4.86 -0.000219475
4.87 -0.000212854
4.88 -0.000206272
4.89 -0.000199855
4.9 -0.000193242
4.91 -0.000185861
4.92 -0.000177215
4.93 -0.000167075
4.94 -0.000155529
4.95 -0.000142937
4.96 -0.000129814
4.97 -0.000116689
4.98 -0.000103929
4.99 -9.15971e-05
5 -7.94184e-05
5.01 -6.69193e-05
5.02 -5.37221e-05
5.03 -3.98188e-05
5.04 -2.56324e-05
5.05 -1.18012e-05
5.06 1.17069e-06
5.07 1.3153e-05
5.08 2.43699e-05
5.09 3.5175e-05
5.1 4.57893e-05
5.11 5.61569e-05
5.12 6.59897e-05
5.13 7.49566e-05
5.14 8.28768e-05
5.15 8.97835e-05
5.16 9.58421e-05
5.17 0.000101217
5.18 0.000106009
5.19 0.000110303
5.2 0.00011426
5.21 0.000118128
5.22 0.0001221
5.23 0.000126124
5.24 0.000129828
5.25 0.000132677
5.26 0.0001343
5.27 0.000134786
5.28 0.000134719
5.29 0.000134909
5.3 0.000135989
5.31 0.000138114
5.32 0.00014091
5.33 0.000143653
5.34 0.00014563
5.35 0.000146511
5.36 0.000146524
5.37 0.000146312
5.38 0.000146546
5.39 0.000147567
5.4 0.00014926
5.41 0.000151189
5.42 0.000152852
5.43 0.000153899
5.44 0.000154219
5.45 0.000153902
5.46 0.000153119
5.47 0.000151982
5.48 0.00015046
5.49 0.000148387
5.5 0.000145558
5.51 0.000141859
5.52 0.000137362
5.53 0.000132316
5.54 0.000127032
5.55 0.000121734
5.56 0.000116446
5.57 0.000110977
5.58 0.000104999
5.59 9.81933e-05
5.6 9.04253e-05
5.61 8.18357e-05
5.62 7.28073e-05
5.63 6.38031e-05
5.64 5.51494e-05
5.65 4.68736e-05
5.66 3.87025e-05
5.67 3.0241e-05
5.68 2.12316e-05
5.69 1.1738e-05
5.7 2.13512e-06
5.71 -7.08823e-06
5.72 -1.55946e-05
5.73 -2.33593e-05
5.74 -3.06186e-05
5.75 -3.76498e-05
5.76 -4.45582e-05
5.77 -5.1223e-05
5.78 -5.74108e-05
5.79 -6.29405e-05
5.8 -6.77617e-05
5.81 -7.19094e-05
5.82 -7.54173e-05
5.83 -7.82757e-05
5.84 -8.04391e-05
5.85 -8.18452e-05
5.86 -8.24365e-05
5.87 -8.22024e-05
5.88 -8.12295e-05
5.89 -7.9722e-05
5.9 -7.79566e-05
5.91 -7.61722e-05
5.92 -7.44375e-05
5.93 -7.25822e-05
5.94 -7.0262e-05
5.95 -6.71429e-05
5.96 -6.30953e-05
5.97 -5.82748e-05
5.98 -5.30467e-05
5.99 -4.78139e-05
6 -4.28548e-05
6.01 -3.82465e-05
6.02 -3.38915e-05
6.03 -2.961e-05
6.04 -2.52334e-05
6.05 -2.06421e-05
6.06 -1.57554e-05
6.07 -1.05214e-05
6.08 -4.92408e-06
6.09 1.01096e-06
6.1 7.22423e-06
6.11 1.36319e-05
6.12 2.01297e-05
6.13 2.65831e-05
6.14 3.28131e-05
6.15 3.86185e-05
6.16 4.38689e-05
6.17 4.86248e-05
6.18 5.31695e-05
6.19 5.78836e-05
6.2 6.30227e-05
6.21 6.85478e-05
6.22 7.41186e-05
6.23 7.92487e-05
6.24 8.35303e-05
6.25 8.68181e-05
6.26 8.92969e-05
6.27 9.14078e-05
6.28 9.36625e-05
6.29 9.64249e-05
6.3 9.97519e-05
6.31 0.000103351
6.32 0.000106676
6.33 0.000109137
6.34 0.000110362
6.35 0.000110398
6.36 0.000109705
6.37 0.000108935
6.38 0.000108599
6.39 0.000108817
6.4 0.00010929
6.41 0.000109478
6.42 0.000108895
6.43 0.000107345
6.44 0.00010497
6.45 0.000102114
6.46 9.91048e-05
6.47 9.60968e-05
6.48 9.30419e-05
6.49 8.97944e-05
6.5 8.62813e-05
6.51 8.26274e-05
6.52 7.91351e-05
6.53 7.6095e-05
6.54 7.35398e-05
6.55 7.11334e-05
6.56 6.82863e-05
6.57 6.44045e-05
6.58 5.91041e-05
6.59 5.23251e-05
6.6 4.43619e-05
6.61 3.58059e-05
6.62 2.73663e-05
6.63 1.9601e-05
6.64 1.26815e-05
6.65 6.33262e-06
6.66 -2.48589e-08
6.67 -7.01416e-06
6.68 -1.50507e-05
6.69 -2.41815e-05
6.7 -3.40658e-05
6.71 -4.41178e-05
6.72 -5.37553e-05
6.73 -6.26243e-05
6.74 -7.06914e-05
6.75 -7.81975e-05
6.76 -8.55279e-05
6.77 -9.30481e-05
6.78 -0.00010094
6.79 -0.000109093
6.8 -0.000117125
6.81 -0.000124561
6.82 -0.0001311
6.83 -0.000136782
6.84 -0.000141942
6.85 -0.000146956
6.86 -0.000151953
6.87 -0.000156665
6.88 -0.000160521
6.89 -0.000162932
6.9 -0.000163611
6.91 -0.000162753
6.92 -0.000160939
6.93 -0.000158815
6.94 -0.000156691
6.95 -0.000154322
6.96 -0.000151027
6.97 -0.000146097
6.98 -0.00013927
6.99 -0.000130935
7 -0.000121931
7.01 -0.000113078
7.02 -0.000104753
7.03 -9.67756e-05
7.04 -8.86167e-05
7.05 -7.97413e-05
7.06 -6.98769e-05
7.07 -5.91279e-05
7.08 -4.79374e-05
7.09 -3.69181e-05
7.1 -2.66009e-05
7.11 -1.72027e-05
7.12 -8.54037e-06
7.13 -1.53508e-07
7.14 8.43078e-06
7.15 1.74606e-05
7.16 2.68941e-05
7.17 3.64992e-05
7.18 4.59882e-05
7.19 5.50803e-05
7.2 6.3501e-05
7.21 7.0992e-05
7.22 7.73664e-05
7.23 8.25705e-05
7.24 8.66979e-05
7.25 8.99547e-05
7.26 9.26068e-05
7.27 9.49407e-05
7.28 9.7242e-05
7.29 9.97691e-05
7.3 0.000102684
7.31 0.000105951
7.32 0.000109268
7.33 0.00011213
7.34 0.000114042
7.35 0.000114783
7.36 0.000114566
7.37 0.000113942
7.38 0.000113478
7.39 0.000113371
7.4 0.000113277
7.41 0.000112497
7.42 0.000110437
7.43 0.000107034
7.44 0.000102848
7.45 9.87487e-05
7.46 9.54019e-05
7.47 9.28819e-05
7.48 9.06261e-05
7.49 8.7724e-05
7.5 8.33639e-05
7.51 7.72021e-05
7.52 6.94863e-05
7.53 6.09193e-05
7.54 5.2376e-05
7.55 4.46026e-05
7.56 3.79734e-05
7.57 3.23509e-05
7.58 2.7103e-05
7.59 2.13148e-05
7.6 1.41454e-05
7.61 5.18269e-06
7.62 -5.37268e-06
7.63 -1.67815e-05
7.64 -2.80476e-05
7.65 -3.82642e-05
7.66 -4.68849e-05
7.67 -5.38431e-05
7.68 -5.95202e-05
7.69 -6.4593e-05
7.7 -6.97855e-05
7.71 -7.55731e-05
7.72 -8.19575e-05
7.73 -8.84547e-05
7.74 -9.43377e-05
7.75 -9.90059e-05
7.76 -0.000102253
7.77 -0.000104291
7.78 -0.000105563
7.79 -0.000106494
7.8 -0.000107313
7.81 -0.000107994
7.82 -0.000108302
7.83 -0.000107893
7.84 -0.000106447
7.85 -0.000103824
7.86 -0.000100175
7.87 -9.59582e-05
7.88 -9.17653e-05
7.89 -8.80439e-05
7.9 -8.48494e-05
7.91 -8.18121e-05
7.92 -7.83611e-05
7.93 -7.40691e-05
7.94 -6.88941e-05
7.95 -6.31784e-05
7.96 -5.74487e-05
7.97 -5.21801e-05
7.98 -4.76642e-05
7.99 -4.39904e-05
8 -4.10742e-05
8.01 -3.86966e-05
8.02 -3.65853e-05
8.03 -3.45561e-05
8.04 -3.26457e-05
8.05 -3.11159e-05
8.06 -3.02872e-05
8.07 -3.02946e-05
8.08 -3.09362e-05
8.09 -3.17408e-05
8.1 -3.22355e-05
8.11 -3.2242e-05
8.12 -3.19917e-05
8.13 -3.19627e-05
8.14 -3.2542e-05
8.15 -3.37359e-05
8.16 -3.51157e-05
8.17 -3.60303e-05
8.18 -3.59449e-05
8.19 -3.46899e-05
8.2 -3.24772e-05
8.21 -2.97179e-05
8.22 -2.68038e-05
8.23 -2.39964e-05
8.24 -2.14345e-05
8.25 -1.91702e-05
8.26 -1.71666e-05
8.27 -1.52769e-05
8.28 -1.3269e-05
8.29 -1.09235e-05
8.3 -8.13999e-06
8.31 -4.96306e-06
8.32 -1.50933e-06
8.33 2.11363e-06
8.34 5.80783e-06
8.35 9.41175e-06
8.36 1.26585e-05
8.37 1.52689e-05
8.38 1.71581e-05
8.39 1.85945e-05
8.4 2.01356e-05
8.41 2.23338e-05
8.42 2.53869e-05
8.43 2.89649e-05
8.44 3.23337e-05
8.45 3.47175e-05
8.46 3.57136e-05
8.47 3.55299e-05
8.48 3.48962e-05
8.49 3.46761e-05
8.5 3.53817e-05
8.51 3.68529e-05
8.52 3.82917e-05
8.53 3.86591e-05
8.54 3.72401e-05
8.55 3.40797e-05
8.56 3.00524e-05
8.57 2.65132e-05
8.58 2.46855e-05
8.59 2.50831e-05
8.6 2.7254e-05
8.61 2.99661e-05
8.62 3.17331e-05
8.63 3.14372e-05
8.64 2.87786e-05
8.65 2.43715e-05
8.66 1.94683e-05
8.67 1.54339e-05
8.68 1.31765e-05
8.69 1.27606e-05
8.7 1.33723e-05
8.71 1.3666e-05
8.72 1.23393e-05
8.73 8.67752e-06
8.74 2.82849e-06
8.75 -4.30902e-06
8.76 -1.15471e-05
8.77 -1.80208e-05
8.78 -2.3632e-05
8.79 -2.90427e-05
8.8 -3.51929e-05
8.81 -4.26491e-05
8.82 -5.12265e-05
8.83 -6.01343e-05
8.84 -6.8518e-05
8.85 -7.59953e-05
8.86 -8.28121e-05
8.87 -8.95582e-05
8.88 -9.67065e-05
8.89 -0.000104302
8.9 -0.000111925
8.91 -0.000118843
8.92 -0.000124245
8.93 -0.000127478
8.94 -0.000128261
8.95 -0.000126797
8.96 -0.000123706
8.97 -0.000119765
8.98 -0.000115596
8.99 -0.000111424
9 -0.000107041
9.01 -0.000101948
9.02 -9.55897e-05
9.03 -8.76391e-05
9.04 -7.82485e-05
9.05 -6.81924e-05
9.06 -5.87334e-05
9.07 -5.11644e-05
9.08 -4.62259e-05
9.09 -4.37564e-05
9.1 -4.28054e-05
9.11 -4.20919e-05
9.12 -4.04953e-05
9.13 -3.7356e-05
9.14 -3.25691e-05
9.15 -2.65558e-05
9.16 -2.01669e-05
9.17 -1.44787e-05
9.18 -1.04477e-05
9.19 -8.52993e-06
9.2 -8.49534e-06
9.21 -9.5843e-06
9.22 -1.0925e-05
9.23 -1.19634e-05
9.24 -1.2676e-05
9.25 -1.34934e-05
9.26 -1.50266e-05
9.27 -1.77496e-05
9.28 -2.17676e-05
9.29 -2.67509e-05
9.3 -3.20546e-05
9.31 -3.69749e-05
9.32 -4.10268e-05
9.33 -4.41045e-05
9.34 -4.64405e-05
9.35 -4.83813e-05
9.36 -5.00976e-05
9.37 -5.13984e-05
9.38 -5.17718e-05
9.39 -5.06327e-05
9.4 -4.76125e-05
9.41 -4.27037e-05
9.42 -3.61875e-05
9.43 -2.84299e-05
9.44 -1.96933e-05
9.45 -1.00586e-05
9.46 5.41948e-07
9.47 1.22318e-05
9.48 2.50961e-05
9.49 3.9128e-05
9.5 5.42337e-05
9.51 7.0233e-05
9.52 8.67577e-05
9.53 0.000103066
9.54 0.00011799
9.55 0.000130223
9.56 0.000138866
9.57 0.000143888
9.58 0.00014616
9.59 0.000147088
9.6 0.000148073
9.61 0.00015006
9.62 0.000153281
9.63 0.000157214
9.64 0.000160764
9.65 0.000162618
9.66 0.000161695
9.67 0.000157566
9.68 0.000150688
9.69 0.00014225
9.7 0.000133662
9.71 0.000125944
9.72 0.000119377
9.73 0.000113568
9.74 0.000107855
9.75 0.000101754
9.76 9.52112e-05
9.77 8.85513e-05
9.78 8.2216e-05
9.79 7.65004e-05
9.8 7.14737e-05
9.81 6.709e-05
9.82 6.3357e-05
9.83 6.04197e-05
9.84 5.85303e-05
9.85 5.7994e-05
9.86 5.91514e-05
9.87 6.23356e-05
9.88 6.77055e-05
9.89 7.49732e-05
9.9 8.31905e-05
9.91 9.08129e-05
9.92 9.61461e-05
9.93 9.80181e-05
9.94 9.62923e-05
9.95 9.18718e-05
9.96 8.61647e-05
9.97 8.03258e-05
9.98 7.46985e-05
9.99 6.87236e-05
10 6.12841e-05
10.01 5.12259e-05
10.02 3.77553e-05
10.03 2.05783e-05
10.04 -1.63983e-07
10.05 -2.40418e-05
10.06 -5.0479e-05
10.07 -7.88486e-05
10.08 -0.00010851
10.09 -0.000138811
10.1 -0.000169115
10.11 -0.000198888
10.12 -0.00022781
10.13 -0.000255816
10.14 -0.000282988
10.15 -0.000309362
10.16 -0.000334743
10.17 -0.000358605
10.18 -0.000380091
10.19 -0.000398107
10.2 -0.000411456
10.21 -0.000419007
10.22 -0.000419942
10.23 -0.000414006
10.24 -0.00040166
10.25 -0.000383993
10.26 -0.000362363
10.27 -0.000337919
10.28 -0.000311277
10.29 -0.000282527
10.3 -0.000251506
10.31 -0.000218097
10.32 -0.000182303
10.33 -0.000144074
10.34 -0.000103079
10.35 -5.8731e-05
10.36 -1.05366e-05
10.37 4.14641e-05
10.38 9.64792e-05
10.39 0.000153123
10.4 0.000209831
10.41 0.000265249
10.42 0.000318332
10.43 0.000368134
10.44 0.000413514
10.45 0.000453043
10.46 0.000485229
10.47 0.000508915
10.48 0.000523568
10.49 0.000529314
10.5 0.000526771
10.51 0.000516869
10.52 0.000500791
10.53 0.000480047
10.54 0.000456506
10.55 0.000432138
10.56 0.000408423
10.57 0.000385784
10.58 0.000363458
10.59 0.000339941
10.6 0.000313746
10.61 0.00028411
10.62 0.00025139
10.63 0.000217052
10.64 0.000183281
10.65 0.000152325
10.66 0.000125749
10.67 0.000103905
10.68 8.58878e-05
10.69 7.00675e-05
10.7 5.49302e-05
10.71 3.97577e-05
10.72 2.47219e-05
10.73 1.04142e-05
10.74 -2.6727e-06
10.75 -1.4198e-05
10.76 -2.36108e-05
10.77 -2.99284e-05
10.78 -3.20779e-05
10.79 -2.95918e-05
10.8 -2.30108e-05
10.81 -1.35551e-05
10.82 -2.31251e-06
10.83 1.03488e-05
10.84 2.46705e-05
10.85 4.08963e-05
10.86 5.87582e-05
10.87 7.7453e-05
10.88 9.60318e-05
10.89 0.000113833
10.9 0.000130637
10.91 0.000146482
10.92 0.000161326
10.93 0.000174838
10.94 0.000186413
10.95 0.000195312
10.96 0.000200764
10.97 0.000201997
10.98 0.000198312
10.99 0.000189293
11 0.000175056
11.01 0.000156316
11.02 0.000134221
11.03 0.000110064
11.04 8.50687e-05
11.05 6.02885e-05
11.06 3.64941e-05
11.07 1.39391e-05
11.08 -7.90609e-06
11.09 -3.03847e-05
11.1 -5.52413e-05
11.11 -8.38542e-05
11.12 -0.000116492
11.13 -0.000152
11.14 -0.000188062
11.15 -0.000221882
11.16 -0.000251007
11.17 -0.000274006
11.18 -0.000290822
11.19 -0.000302625
11.2 -0.000311232
11.21 -0.000318364
11.22 -0.000325078
11.23 -0.000331589
11.24 -0.000337492
11.25 -0.000342209
11.26 -0.000345455
11.27 -0.000347483
11.28 -0.000349006
11.29 -0.000350878
11.3 -0.00035371
11.31 -0.000357675
11.32 -0.000362532
11.33 -0.000367814
11.34 -0.000372987
11.35 -0.000377497
11.36 -0.000380771
11.37 -0.000382333
11.38 -0.000382089
11.39 -0.000380531
11.4 -0.000378596
11.41 -0.000377127
11.42 -0.000376297
11.43 -0.000375435
11.44 -0.00037339
11.45 -0.000369171
11.46 -0.000362463
11.47 -0.000353756
11.48 -0.000344075
11.49 -0.000334459
11.5 -0.00032541
11.51 -0.000316589
11.52 -0.000306903
11.53 -0.000294953
11.54 -0.000279557
11.55 -0.000260079
11.56 -0.000236445
11.57 -0.00020898
11.58 -0.000178211
11.59 -0.000144727
11.6 -0.000109044
11.61 -7.15168e-05
11.62 -3.23583e-05
11.63 8.17224e-06
11.64 4.95381e-05
11.65 9.0881e-05
11.66 0.000131286
11.67 0.000170188
11.68 0.000207561
11.69 0.00024371
11.7 0.000278785
11.71 0.00031239
11.72 0.000343501
11.73 0.000370682
11.74 0.000392422
11.75 0.000407455
11.76 0.000414974
11.77 0.000414748
11.78 0.000407123
11.79 0.000392921
11.8 0.000373282
11.81 0.000349484
11.82 0.000322788
11.83 0.000294311
11.84 0.000264931
11.85 0.000235238
11.86 0.000205553
11.87 0.000176061
11.88 0.00014701
11.89 0.000118855
11.9 9.22403e-05
11.91 6.78406e-05
11.92 4.62371e-05
11.93 2.79591e-05
11.94 1.36275e-05
11.95 3.98806e-06
11.96 -3.12577e-07
11.97 8.69948e-07
11.98 6.82834e-06
11.99 1.59741e-05
12 2.62866e-05
12.01 3.61272e-05
12.02 4.49936e-05
12.03 5.37282e-05
12.04 6.39957e-05
12.05 7.73323e-05
12.06 9.43524e-05
12.07 0.000114583
12.08 0.000136929
12.09 0.000160322
12.1 0.000184014
12.11 0.000207395
12.12 0.000229654
12.13 0.000249757
12.14 0.000266834
12.15 0.000280643
12.16 0.000291633
12.17 0.000300479
12.18 0.000307384
12.19 0.000311661
12.2 0.000311903
12.21 0.000306634
12.22 0.000294988
12.23 0.000276998
12.24 0.000253425
12.25 0.000225395
12.26 0.000194157
12.27 0.000161025
12.28 0.000127373
12.29 9.44801e-05
12.3 6.32358e-05
12.31 3.38991e-05
12.32 6.08128e-06
12.33 -2.09986e-05
12.34 -4.81345e-05
12.35 -7.58326e-05
12.36 -0.000104188
12.37 -0.000132883
12.38 -0.000161228
12.39 -0.000188216
12.4 -0.000212629
12.41 -0.000233246
12.42 -0.000249129
12.43 -0.000259864
12.44 -0.000265655
12.45 -0.000267221
12.46 -0.000265561
12.47 -0.000261689
12.48 -0.000256468
12.49 -0.000250576
12.5 -0.000244603
12.51 -0.000239167
12.52 -0.000234955
12.53 -0.000232591
12.54 -0.00023235
12.55 -0.000233839
12.56 -0.000235852
12.57 -0.00023656
12.58 -0.000234046
12.59 -0.000227032
12.6 -0.000215492
12.61 -0.000200823
12.62 -0.000185429
12.63 -0.000171902
12.64 -0.000162174
12.65 -0.000156976
12.66 -0.000155756
12.67 -0.000157015
12.68 -0.000158905
12.69 -0.000159893
12.7 -0.000159239
12.71 -0.000157131
12.72 -0.000154489
12.73 -0.000152573
12.74 -0.000152564
12.75 -0.000155245
12.76 -0.000160835
12.77 -0.000168976
12.78 -0.000178879
12.79 -0.000189572
12.8 -0.000200166
12.81 -0.000210047
12.82 -0.000218943
12.83 -0.000226842
12.84 -0.00023378
12.85 -0.000239575
12.86 -0.000243677
12.87 -0.000245263
12.88 -0.000243547
12.89 -0.000238123
12.9 -0.000229145
12.91 -0.000217296
12.92 -0.000203605
12.93 -0.000189176
12.94 -0.000174826
12.95 -0.000160642
12.96 -0.000145627
12.97 -0.000127731
12.98 -0.000104458
12.99 -7.38482e-05
13 -3.53873e-05
13.01 9.60443e-06
13.02 5.82789e-05
13.03 0.000107101
13.04 0.000152899
13.05 0.000193768
13.06 0.000229541
13.07 0.000261631
13.08 0.000292316
13.09 0.000323695
13.1 0.000356717
13.11 0.000390689
13.12 0.000423486
13.13 0.000452329
13.14 0.000474716
13.15 0.000489027
13.16 0.000494611
13.17 0.000491549
13.18 0.000480421
13.19 0.00046222
13.2 0.000438334
13.21 0.000410436
13.22 0.000380205
13.23 0.000348985
13.24 0.00031757
13.25 0.000286227
13.26 0.000254871
13.27 0.000223192
13.28 0.000190657
13.29 0.000156481
13.3 0.000119713
13.31 7.94959e-05
13.32 3.54046e-05
13.33 -1.22549e-05
13.34 -6.22584e-05
13.35 -0.000112464
13.36 -0.000160093
13.37 -0.000202314
13.38 -0.000237012
13.39 -0.000263389
13.4 -0.000282106
13.41 -0.000294845
13.42 -0.000303463
13.43 -0.000309118
13.44 -0.000311779
13.45 -0.000310342
13.46 -0.000303205
13.47 -0.000288964
13.48 -0.000266928
13.49 -0.000237372
13.5 -0.000201591
13.51 -0.000161736
13.52 -0.000120385
13.53 -7.98624e-05
13.54 -4.15368e-05
13.55 -5.44759e-06
13.56 2.95015e-05
13.57 6.48555e-05
13.58 0.000101788
13.59 0.000140566
13.6 0.000180519
13.61 0.000220419
13.62 0.000258966
13.63 0.000295109
13.64 0.000328078
13.65 0.000357254
13.66 0.00038209
13.67 0.000402186
13.68 0.000417406
13.69 0.000427888
13.7 0.000433933
13.71 0.000435916
13.72 0.00043434
13.73 0.000429956
13.74 0.000423798
13.75 0.000417007
13.76 0.000410486
13.77 0.000404519
13.78 0.000398574
13.79 0.000391388
13.8 0.000381375
13.81 0.000367195
13.82 0.000348234
13.83 0.000324763
13.84 0.000297736
13.85 0.000268469
13.86 0.00023842
13.87 0.000209093
13.88 0.000181823
13.89 0.000157357
13.9 0.000135449
13.91 0.000114852
13.92 9.39089e-05
13.93 7.14718e-05
13.94 4.76088e-05
13.95 2.36392e-05
13.96 1.50959e-06
13.97 -1.70824e-05
13.98 -3.13243e-05
13.99 -4.14337e-05
14 -4.83597e-05
14.01 -5.32528e-05
14.02 -5.69356e-05
14.03 -5.95731e-05
14.04 -6.06928e-05
14.05 -5.95761e-05
14.06 -5.58519e-05
14.07 -4.99655e-05
14.08 -4.32226e-05
14.09 -3.73233e-05
14.1 -3.36085e-05
14.11 -3.24235e-05
14.12 -3.29338e-05
14.13 -3.34567e-05
14.14 -3.2084e-05
14.15 -2.72926e-05
14.16 -1.83989e-05
14.17 -5.87482e-06
14.18 8.52494e-06
14.19 2.20578e-05
14.2 3.18675e-05
14.21 3.61703e-05
14.22 3.50995e-05
14.23 3.06271e-05
14.24 2.55174e-05
14.25 2.18736e-05
14.26 2.00777e-05
14.27 1.86748e-05
14.28 1.51724e-05
14.29 7.20178e-06
14.3 -6.63519e-06
14.31 -2.65765e-05
14.32 -5.20196e-05
14.33 -8.19682e-05
14.34 -0.000115342
14.35 -0.000151135
14.36 -0.00018854
14.37 -0.000227071
14.38 -0.000266591
14.39 -0.000307161
14.4 -0.000348754
14.41 -0.000391006
14.42 -0.00043316
14.43 -0.000474223
14.44 -0.000513222
14.45 -0.000549429
14.46 -0.000582437
14.47 -0.000612083
14.48 -0.000638268
14.49 -0.000660782
14.5 -0.000679231
14.51 -0.000693049
14.52 -0.000701582
14.53 -0.000704217
14.54 -0.000700554
14.55 -0.000690547
14.56 -0.000674508
14.57 -0.000653027
14.58 -0.000626918
14.59 -0.000597271
14.6 -0.000565507
14.61 -0.000533228
14.62 -0.000501773
14.63 -0.000471687
14.64 -0.000442436
14.65 -0.000412623
14.66 -0.000380608
14.67 -0.000345215
14.68 -0.000306115
14.69 -0.000263698
14.7 -0.000218646
14.71 -0.000171611
14.72 -0.000123234
14.73 -7.43312e-05
14.74 -2.58901e-05
14.75 2.12869e-05
14.76 6.70787e-05
14.77 0.000112258
14.78 0.000158173
14.79 0.000206044
14.8 0.000256267
14.81 0.00030804
14.82 0.000359382
14.83 0.00040749
14.84 0.000449334
14.85 0.000482377
14.86 0.000505228
14.87 0.000517991
14.88 0.000522163
14.89 0.000520091
14.9 0.000514178
14.91 0.000506115
14.92 0.000496472
14.93 0.000484824
14.94 0.000470341
14.95 0.000452535
14.96 0.000431743
14.97 0.000409055
14.98 0.000385697
14.99 0.000362285
15 0.000338453
15.01 0.000313112
15.02 0.000285107
15.03 0.000253882
15.04 0.000219793
15.05 0.00018399
15.06 0.00014799
15.07 0.000113186
15.08 8.05331e-05
15.09 5.0485e-05
15.1 2.30661e-05
15.11 -2.05609e-06
15.12 -2.55054e-05
15.13 -4.80166e-05
15.14 -7.00894e-05
15.15 -9.16207e-05
15.16 -0.000111739
15.17 -0.000128974
15.18 -0.000141716
15.19 -0.000148751
15.2 -0.000149681
15.21 -0.000145056
15.22 -0.000136229
15.23 -0.000125013
15.24 -0.000113244
15.25 -0.000102349
15.26 -9.30267e-05
15.27 -8.51753e-05
15.28 -7.81609e-05
15.29 -7.13639e-05
15.3 -6.47501e-05
15.31 -5.91432e-05
15.32 -5.60392e-05
15.33 -5.70995e-05
15.34 -6.3654e-05
15.35 -7.64854e-05
15.36 -9.58894e-05
15.37 -0.000121745
15.38 -0.000153383
15.39 -0.000189434
15.4 -0.000228089
15.41 -0.000267829
15.42 -0.000308095
15.43 -0.000349221
15.44 -0.000391611
15.45 -0.000434821
15.46 -0.000477343
15.47 -0.000517256
15.48 -0.000553189
15.49 -0.000584884
15.5 -0.000612925
15.51 -0.000637772
15.52 -0.000658754
15.53 -0.000673727
15.54 -0.000679735
15.55 -0.000674324
15.56 -0.000656682
15.57 -0.00062799
15.58 -0.000590948
15.59 -0.000548917
15.6 -0.000505122
15.61 -0.000462093
15.62 -0.000421257
15.63 -0.000382661
15.64 -0.000344947
15.65 -0.000305743
15.66 -0.000262406
15.67 -0.00021279
15.68 -0.000155849
15.69 -9.19248e-05
15.7 -2.25785e-05
15.71 5.00975e-05
15.72 0.000124437
15.73 0.000199895
15.74 0.000277071
15.75 0.000357029
15.76 0.000440268
15.77 0.000525868
15.78 0.000611213
15.79 0.00069239
15.8 0.000765061
15.81 0.000825519
15.82 0.000871609
15.83 0.000903254
15.84 0.000922356
15.85 0.000932091
15.86 0.000935787
15.87 0.000935861
15.88 0.000933262
15.89 0.000927605
15.9 0.000917837
15.91 0.000902975
15.92 0.000882598
15.93 0.000856967
15.94 0.000826941
15.95 0.000793874
15.96 0.00075946
15.97 0.000725402
15.98 0.00069287
15.99 0.000661997
16 0.000631773
16.01 0.000600536
16.02 0.000566863
16.03 0.000530392
16.04 0.000492106
16.05 0.000453951
16.06 0.000418076
16.07 0.000386134
16.08 0.000358939
16.09 0.000336479
16.1 0.000318131
16.11 0.000302903
16.12 0.000289622
16.13 0.000277053
16.14 0.00026405
16.15 0.000249747
16.16 0.00023374
16.17 0.000216177
16.18 0.000197665
16.19 0.000178995
16.2 0.00016079
16.21 0.00014322
16.22 0.000125892
16.23 0.000107951
16.24 8.83005e-05
16.25 6.58993e-05
16.26 4.00491e-05
16.27 1.05904e-05
16.28 -2.19937e-05
16.29 -5.65833e-05
16.3 -9.16724e-05
16.31 -0.000125935
16.32 -0.000158766
16.33 -0.00019027
16.34 -0.000220586
16.35 -0.00024915
16.36 -0.000274571
16.37 -0.000295325
16.38 -0.000310714
16.39 -0.000321375
16.4 -0.000328968
16.41 -0.000335266
16.42 -0.00034118
16.43 -0.000346228
16.44 -0.000348687
16.45 -0.000346315
16.46 -0.000337252
16.47 -0.000320776
16.48 -0.000297727
16.49 -0.000270499
16.5 -0.000242507
16.51 -0.000217183
16.52 -0.000196839
16.53 -0.000181884
16.54 -0.000170808
16.55 -0.000160973
16.56 -0.000149873
16.57 -0.000136352
16.58 -0.000121336
16.59 -0.000107899
16.6 -0.000100589
16.61 -0.000104003
16.62 -0.000120827
16.63 -0.000150055
16.64 -0.000186561
16.65 -0.000222766
16.66 -0.000251892
16.67 -0.000271064
16.68 -0.000282445
16.69 -0.000291795
16.7 -0.000305432
16.71 -0.000327368
16.72 -0.000357986
16.73 -0.00039448
16.74 -0.000432374
16.75 -0.000467265
16.76 -0.000496225
16.77 -0.000518579
16.78 -0.000535846
16.79 -0.000550766
16.8 -0.000565691
16.81 -0.000581071
16.82 -0.000594848
16.83 -0.000603161
16.84 -0.000602054
16.85 -0.000589316
16.86 -0.000565527
16.87 -0.000533792
16.88 -0.000498371
16.89 -0.000462924
16.9 -0.000429223
16.91 -0.000396816
16.92 -0.000363635
16.93 -0.000327092
16.94 -0.000285126
16.95 -0.000236817
16.96 -0.000182495
16.97 -0.000123437
16.98 -6.1283e-05
16.99 2.6486e-06
17 6.78958e-05
17.01 0.000134972
17.02 0.000204965
17.03 0.000278768
17.04 0.000356283
17.05 0.00043596
17.06 0.000514864
17.07 0.000589252
17.08 0.000655416
17.09 0.000710484
17.1 0.000752863
17.11 0.000782224
17.12 0.000799159
17.13 0.000804776
17.14 0.000800427
17.15 0.000787547
17.16 0.000767534
17.17 0.000741634
17.18 0.000710832
17.19 0.000675788
17.2 0.00063682
17.21 0.000594016
17.22 0.000547441
17.23 0.000497361
17.24 0.000444304
17.25 0.000388909
17.26 0.000331659
17.27 0.000272701
17.28 0.000211863
17.29 0.000148836
17.3 8.33571e-05
17.31 1.52834e-05
17.32 -5.5455e-05
17.33 -0.000128926
17.34 -0.000205159
17.35 -0.000283958
17.36 -0.000364629
17.37 -0.0004458
17.38 -0.000525438
17.39 -0.000601034
17.4 -0.000669813
17.41 -0.000728917
17.42 -0.000775713
17.43 -0.000808421
17.44 -0.000826966
17.45 -0.000833525
17.46 -0.000832182
17.47 -0.000827594
17.48 -0.000823263
17.49 -0.000820339
17.5 -0.000817532
17.51 -0.000812065
17.52 -0.00080111
17.53 -0.000783014
17.54 -0.000757894
17.55 -0.000727473
17.56 -0.000694302
17.57 -0.000660697
17.58 -0.000627803
17.59 -0.000595226
17.6 -0.000561365
17.61 -0.000524243
17.62 -0.000482363
17.63 -0.000435216
17.64 -0.000383313
17.65 -0.000327876
17.66 -0.000270373
17.67 -0.000212077
17.68 -0.000153744
17.69 -9.55346e-05
17.7 -3.71689e-05
17.71 2.17428e-05
17.72 8.13745e-05
17.73 0.000141518
17.74 0.000201645
17.75 0.000261126
17.76 0.000319443
17.77 0.000376184
17.78 0.000430795
17.79 0.000482205
17.8 0.000528588
17.81 0.000567502
17.82 0.000596462
17.83 0.000613768
17.84 0.000619261
17.85 0.000614648
17.86 0.000603169
17.87 0.000588676
17.88 0.000574413
17.89 0.000562032
17.9 0.000551274
17.91 0.000540448
17.92 0.000527412
17.93 0.00051053
17.94 0.000489213
17.95 0.000463979
17.96 0.000436179
17.97 0.000407574
17.98 0.000379805
17.99 0.000353864
18 0.000329787
18.01 0.00030681
18.02 0.000283945
18.03 0.000260617
18.04 0.000236983
18.05 0.000213759
18.06 0.00019173
18.07 0.000171276
18.08 0.000152126
18.09 0.000133433
18.1 0.000114127
18.11 9.34175e-05
18.12 7.12577e-05
18.13 4.85563e-05
18.14 2.69915e-05
18.15 8.44027e-06
18.16 -5.77858e-06
18.17 -1.55081e-05
18.18 -2.18695e-05
18.19 -2.67655e-05
18.2 -3.19896e-05
18.21 -3.84182e-05
18.22 -4.56985e-05
18.23 -5.25264e-05
18.24 -5.72843e-05
18.25 -5.86956e-05
18.26 -5.62379e-05
18.27 -5.0211e-05
18.28 -4.15044e-05
18.29 -3.12096e-05
18.3 -2.02347e-05
18.31 -9.0239e-06
18.32 2.55785e-06
18.33 1.51163e-05
18.34 2.9386e-05
18.35 4.57825e-05
18.36 6.41042e-05
18.37 8.3575e-05
18.38 0.000103171
18.39 0.000121977
18.4 0.000139378
18.41 0.000155071
18.42 0.000169027
18.43 0.000181434
18.44 0.000192578
18.45 0.000202653
18.46 0.000211544
18.47 0.000218737
18.48 0.000223417
18.49 0.000224717
18.5 0.000221992
18.51 0.000214975
18.52 0.000203773
18.53 0.000188775
18.54 0.000170553
18.55 0.00014981
18.56 0.000127326
18.57 0.000103834
18.58 7.97857e-05
18.59 5.51366e-05
18.6 2.9264e-05
18.61 1.1266e-06
18.62 -3.03991e-05
18.63 -6.61412e-05
18.64 -0.000106353
18.65 -0.000150604
18.66 -0.000197832
18.67 -0.000246529
18.68 -0.000295043
18.69 -0.00034195
18.7 -0.000386305
18.71 -0.000427628
18.72 -0.000465566
18.73 -0.000499513
18.74 -0.000528481
18.75 -0.000551329
18.76 -0.000567158
18.77 -0.000575584
18.78 -0.000576749
18.79 -0.000571139
18.8 -0.000559291
18.81 -0.000541574
18.82 -0.000518115
18.83 -0.00048894
18.84 -0.000454195
18.85 -0.000414284
18.86 -0.000369798
18.87 -0.000321302
18.88 -0.000269126
18.89 -0.00021329
18.9 -0.000153582
18.91 -8.97077e-05
18.92 -2.141e-05
18.93 5.14836e-05
18.94 0.000129066
18.95 0.00021135
18.96 0.0002982
18.97 0.000389167
18.98 0.000483244
18.99 0.000578662
19 0.000672909
19.01 0.000763009
19.02 0.000845864
19.03 0.000918431
19.04 0.000977802
19.05 0.00102155
19.06 0.00104853
19.07 0.00105973
19.08 0.00105851
19.09 0.00104971
19.1 0.00103811
19.11 0.00102686
19.12 0.00101678
19.13 0.00100657
19.14 0.000993845
19.15 0.000976357
19.16 0.000953034
19.17 0.00092432
19.18 0.000891762
19.19 0.000857149
19.2 0.000821715
19.21 0.0007858
19.22 0.000749042
19.23 0.000710865
19.24 0.000670938
19.25 0.000629359
19.26 0.000586544
19.27 0.000542983
19.28 0.00049902
19.29 0.000454742
19.3 0.000409901
19.31 0.000363838
19.32 0.000315461
19.33 0.000263415
19.34 0.000206477
19.35 0.000144018
19.36 7.62394e-05
19.37 4.01737e-06
19.38 -7.15977e-05
19.39 -0.000149949
19.4 -0.000231099
19.41 -0.000315762
19.42 -0.000404909
19.43 -0.000499272
19.44 -0.000598908
19.45 -0.00070291
19.46 -0.000809254
19.47 -0.000914751
19.48 -0.00101518
19.49 -0.00110573
19.5 -0.00118197
19.51 -0.00124095
19.52 -0.00128218
19.53 -0.00130766
19.54 -0.001321
19.55 -0.00132596
19.56 -0.00132513
19.57 -0.00131932
19.58 -0.00130794
19.59 -0.00128999
19.6 -0.00126519
19.61 -0.00123455
19.62 -0.00120005
19.63 -0.00116388
19.64 -0.00112738
19.65 -0.00109057
19.66 -0.00105212
19.67 -0.00101005
19.68 -0.000962604
19.69 -0.000909227
19.7 -0.000850928
19.71 -0.000790142
19.72 -0.000729987
19.73 -0.000673189
19.74 -0.000621039
19.75 -0.000572856
19.76 -0.000526279
19.77 -0.000478318
19.78 -0.000426701
19.79 -0.000370864
19.8 -0.000312088
19.81 -0.000252696
19.82 -0.000194752
19.83 -0.000138941
19.84 -8.41974e-05
19.85 -2.82057e-05
19.86 3.15519e-05
19.87 9.6696e-05
19.88 0.00016723
19.89 0.000241435
19.9 0.000316353
19.91 0.000388641
19.92 0.000455389
19.93 0.000514599
19.94 0.000565205
19.95 0.000606785
19.96 0.000639281
19.97 0.000662914
19.98 0.000678252
19.99 0.000686277
20 0.000688295
20.01 0.000685772
20.02 0.000680186
20.03 0.00067291
20.04 0.000665063
20.05 0.000657291
20.06 0.000649618
20.07 0.000641505
20.08 0.000632198
20.09 0.000621197
20.1 0.000608557
20.11 0.000594847
20.12 0.000580811
20.13 0.000566939
20.14 0.000553175
20.15 0.000538865
20.16 0.000522952
20.17 0.00050433
20.18 0.000482199
20.19 0.000456313
20.2 0.000427069
20.21 0.000395438
20.22 0.000362749
20.23 0.000330342
20.24 0.000299154
20.25 0.000269352
20.26 0.000240206
20.27 0.000210325
20.28 0.00017823
20.29 0.000142997
20.3 0.000104632
20.31 6.40264e-05
20.32 2.25042e-05
20.33 -1.8795e-05
20.34 -5.94064e-05
20.35 -9.96699e-05
20.36 -0.000140457
20.37 -0.000182656
20.38 -0.000226697
20.39 -0.000272339
20.4 -0.000318753
20.41 -0.000364806
20.42 -0.000409362
20.43 -0.000451528
20.44 -0.000490807
20.45 -0.000527125
20.46 -0.000560702
20.47 -0.000591811
20.48 -0.000620574
20.49 -0.000646895
20.5 -0.000670556
20.51 -0.000691368
20.52 -0.000709277
20.53 -0.000724387
20.54 -0.000736924
20.55 -0.000747151
20.56 -0.000755267
20.57 -0.000761297
20.58 -0.000765073
20.59 -0.000766389
20.6 -0.000765301
20.61 -0.000762374
20.62 -0.000758648
20.63 -0.000755277
20.64 -0.00075304
20.65 -0.000752044
20.66 -0.000751754
20.67 -0.000751289
20.68 -0.00074983
20.69 -0.000746929
20.7 -0.000742614
20.71 -0.000737237
20.72 -0.000731164
20.73 -0.000724458
20.74 -0.00071671
20.75 -0.000707078
20.76 -0.000694524
20.77 -0.000678181
20.78 -0.000657702
20.79 -0.000633383
20.8 -0.000605989
20.81 -0.00057639
20.82 -0.000545209
20.83 -0.000512629
20.84 -0.000478356
20.85 -0.000441701
20.86 -0.000401753
20.87 -0.000357668
20.88 -0.000308985
20.89 -0.000255843
20.9 -0.000198929
20.91 -0.000139103
20.92 -7.68572e-05
20.93 -1.19288e-05
20.94 5.66388e-05
20.95 0.000129965
20.96 0.000208637
20.97 0.000292291
20.98 0.000379728
20.99 0.000469427
21 0.000560076
21.01 0.000650753
21.02 0.000740688
21.03 0.000828791
21.04 0.000913286
21.05 0.000991647
21.06 0.00106097
21.07 0.00111875
21.08 0.00116394
21.09 0.00119752
21.1 0.00122252
21.11 0.00124291
21.12 0.00126231
21.13 0.00128277
21.14 0.00130438
21.15 0.00132547
21.16 0.00134348
21.17 0.00135591
21.18 0.00136117
21.19 0.00135911
21.2 0.00135082
21.21 0.00133813
21.22 0.00132285
21.23 0.00130619
21.24 0.00128846
21.25 0.00126913
21.26 0.00124715
21.27 0.00122149
21.28 0.00119159
21.29 0.00115764
21.3 0.0011205
21.31 0.0010813
21.32 0.00104097
21.33 0.000999924
21.34 0.00095797
21.35 0.000914467
21.36 0.000868704
21.37 0.000820306
21.38 0.000769468
21.39 0.000716868
21.4 0.000663319
21.41 0.000609371
21.42 0.000555041
21.43 0.000499757
21.44 0.000442453
21.45 0.000381789
21.46 0.000316507
21.47 0.000245854
21.48 0.000169898
21.49 8.95095e-05
21.5 5.97214e-06
21.51 -7.96289e-05
21.52 -0.00016691
21.53 -0.000256318
21.54 -0.000348782
21.55 -0.000445015
21.56 -0.000544689
21.57 -0.000645848
21.58 -0.000744811
21.59 -0.000836688
21.6 -0.000916295
21.61 -0.000979126
21.62 -0.00102221
21.63 -0.00104486
21.64 -0.00104907
21.65 -0.00103935
21.66 -0.00102155
21.67 -0.00100109
21.68 -0.000981402
21.69 -0.000963103
21.7 -0.000944352
21.71 -0.000922032
21.72 -0.000893334
21.73 -0.000857061
21.74 -0.000814086
21.75 -0.00076679
21.76 -0.000717796
21.77 -0.000668682
21.78 -0.000619308
21.79 -0.000568
21.8 -0.00051241
21.81 -0.000450638
21.82 -0.000382111
21.83 -0.000307876
21.84 -0.000230186
21.85 -0.000151583
21.86 -7.39031e-05
21.87 2.38685e-06
21.88 7.82799e-05
21.89 0.000155744
21.9 0.000236844
21.91 0.000322759
21.92 0.00041304
21.93 0.000505387
21.94 0.000596056
21.95 0.000680672
21.96 0.000754989
21.97 0.000815258
21.98 0.00085835
21.99 0.000882179
22 0.000886616
22.01 0.000874302
22.02 0.000850399
22.03 0.00082096
22.04 0.00079069
22.05 0.000761364
22.06 0.000731677
22.07 0.000698397
22.08 0.000658095
22.09 0.0006086
22.1 0.000549694
22.11 0.000482918
22.12 0.000410744
22.13 0.000335545
22.14 0.000258772
22.15 0.000180606
22.16 0.000100155
22.17 1.60537e-05
22.18 -7.28696e-05
22.19 -0.000167189
22.2 -0.000266827
22.21 -0.000371168
22.22 -0.000479112
22.23 -0.000589112
22.24 -0.000699298
22.25 -0.000807588
22.26 -0.000911376
22.27 -0.00100669
22.28 -0.00108763
22.29 -0.00114734
22.3 -0.00118096
22.31 -0.00118873
22.32 -0.00117704
22.33 -0.00115615
22.34 -0.001136
22.35 -0.00112254
22.36 -0.00111626
22.37 -0.00111324
22.38 -0.00110766
22.39 -0.0010947
22.4 -0.00107258
22.41 -0.00104301
22.42 -0.00101016
22.43 -0.000978546
22.44 -0.00095103
22.45 -0.000927686
22.46 -0.000905897
22.47 -0.000881605
22.48 -0.000851171
22.49 -0.000813012
22.5 -0.000768321
22.51 -0.000720526
22.52 -0.000673765
22.53 -0.000631081
22.54 -0.000593173
22.55 -0.000558206
22.56 -0.000522695
22.57 -0.000483001
22.58 -0.000436786
22.59 -0.000383838
22.6 -0.00032592
22.61 -0.000265803
22.62 -0.000205976
22.63 -0.00014765
22.64 -9.04342e-05
22.65 -3.27256e-05
22.66 2.74257e-05
22.67 9.13858e-05
22.68 0.000159302
22.69 0.000229993
22.7 0.000301359
22.71 0.000371078
22.72 0.000437232
22.73 0.000498598
22.74 0.000554513
22.75 0.000604472
22.76 0.00064776
22.77 0.000683368
22.78 0.000710268
22.79 0.000727901
22.8 0.000736616
22.81 0.00073781
22.82 0.000733648
22.83 0.000726469
22.84 0.000718114
22.85 0.00070945
22.86 0.00070026
22.87 0.000689547
22.88 0.00067612
22.89 0.000659221
22.9 0.000638945
22.91 0.000616252
22.92 0.000592597
22.93 0.000569364
22.94 0.000547365
22.95 0.000526614
22.96 0.000506462
22.97 0.000486
22.98 0.000464525
22.99 0.000441869
23 0.000418492
23.01 0.000395326
23.02 0.000373483
23.03 0.000353883
23.04 0.000336974
23.05 0.000322603
23.06 0.000310135
23.07 0.000298765
23.08 0.000287897
23.09 0.000277419
23.1 0.000267736
23.11 0.000259577
23.12 0.000253673
23.13 0.000250493
23.14 0.000250109
23.15 0.000252226
23.16 0.000256301
23.17 0.000261698
23.18 0.000267857
23.19 0.000274418
23.2 0.000281279
23.21 0.000288568
23.22 0.000296493
23.23 0.000305102
23.24 0.000314087
23.25 0.000322755
23.26 0.000330213
23.27 0.000335655
23.28 0.000338574
23.29 0.000338811
23.3 0.000336454
23.31 0.000331667
23.32 0.000324548
23.33 0.000315031
23.34 0.000302866
23.35 0.000287681
23.36 0.000269103
23.37 0.000246911
23.38 0.000221153
23.39 0.000192201
23.4 0.000160718
23.41 0.000127508
23.42 9.32845e-05
23.43 5.84324e-05
23.44 2.28748e-05
23.45 -1.38763e-05
23.46 -5.25019e-05
23.47 -9.35937e-05
23.48 -0.000137425
23.49 -0.000183837
23.5 -0.000232238
23.51 -0.000281697
23.52 -0.000331079
23.53 -0.000379212
23.54 -0.000425037
23.55 -0.000467703
23.56 -0.00050659
23.57 -0.000541276
23.58 -0.000571518
23.59 -0.000597269
23.6 -0.000618679
23.61 -0.000636043
23.62 -0.000649702
23.63 -0.000659969
23.64 -0.000667121
23.65 -0.000671413
23.66 -0.000673072
23.67 -0.000672263
23.68 -0.000669088
23.69 -0.000663602
23.7 -0.000655846
23.71 -0.000645861
23.72 -0.000633715
23.73 -0.000619522
23.74 -0.000603443
23.75 -0.000585644
23.76 -0.000566247
23.77 -0.00054533
23.78 -0.000522999
23.79 -0.000499447
23.8 -0.000474911
23.81 -0.000449537
23.82 -0.000423265
23.83 -0.000395876
23.84 -0.000367185
23.85 -0.000337245
23.86 -0.000306353
23.87 -0.000274858
23.88 -0.000242913
23.89 -0.000210389
23.9 -0.000176977
23.91 -0.000142406
23.92 -0.000106614
23.93 -6.98156e-05
23.94 -3.24447e-05
23.95 4.94548e-06
23.96 4.17733e-05
23.97 7.74934e-05
23.98 0.000111654
23.99 0.000143954
24 0.000174272
24.01 0.000202627
24.02 0.000229067
24.03 0.00025354
24.04 0.000275831
24.05 0.000295614
24.06 0.000312597
24.07 0.000326674
24.08 0.000338002
24.09 0.000346955
24.1 0.000353993
24.11 0.000359539
24.12 0.000363916
24.13 0.000367321
24.14 0.000369864
24.15 0.000371645
24.16 0.000372865
24.17 0.000373906
24.18 0.000375304
24.19 0.000377619
24.2 0.000381251
24.21 0.000386318
24.22 0.000392678
24.23 0.000400051
24.24 0.000408133
24.25 0.000416666
24.26 0.000425462
24.27 0.000434456
24.28 0.000443732
24.29 0.000453494
24.3 0.000463977
24.31 0.00047531
24.32 0.000487375
24.33 0.000499692
24.34 0.000511409
24.35 0.000521464
24.36 0.000528882
24.37 0.000533073
24.38 0.000533938
24.39 0.000531736
24.4 0.000526795
24.41 0.000519266
24.42 0.000509069
24.43 0.000496029
24.44 0.000480034
24.45 0.000461094
24.46 0.000439277
24.47 0.000414621
24.48 0.000387119
24.49 0.000356766
24.5 0.000323607
24.51 0.000287718
24.52 0.000249141
24.53 0.000207837
24.54 0.000163705
24.55 0.000116654
24.56 6.66973e-05
24.57 1.39886e-05
24.58 -4.12276e-05
24.59 -9.87185e-05
24.6 -0.000158339
24.61 -0.000219998
24.62 -0.000283504
24.63 -0.000348404
24.64 -0.0004139
24.65 -0.000478884
24.66 -0.000542034
24.67 -0.000601909
24.68 -0.00065703
24.69 -0.000705984
24.7 -0.000747592
24.71 -0.000781142
24.72 -0.000806609
24.73 -0.000824759
24.74 -0.000837036
24.75 -0.000845239
24.76 -0.000851081
24.77 -0.0008558
24.78 -0.000859969
24.79 -0.000863546
24.8 -0.000866091
24.81 -0.000867044
24.82 -0.000865959
24.83 -0.000862664
24.84 -0.000857279
24.85 -0.000850082
24.86 -0.000841288
24.87 -0.000830882
24.88 -0.00081862
24.89 -0.000804181
24.9 -0.000787377
24.91 -0.00076827
24.92 -0.00074712
24.93 -0.00072417
24.94 -0.000699427
24.95 -0.000672593
24.96 -0.000643212
24.97 -0.000610908
24.98 -0.000575551
24.99 -0.000537268
25 -0.000496326
25.01 -0.000452984
25.02 -0.000407403
25.03 -0.000359618
25.04 -0.000309554
25.05 -0.000257073
25.06 -0.00020204
25.07 -0.000144424
25.08 -8.43353e-05
25.09 -2.19984e-05
25.1 4.23396e-05
25.11 0.000108494
25.12 0.000176374
25.13 0.000245955
25.14 0.000317199
25.15 0.000389937
25.16 0.000463698
25.17 0.000537513
25.18 0.000609767
25.19 0.000678213
25.2 0.000740239
25.21 0.000793354
25.22 0.000835756
25.23 0.000866798
25.24 0.000887174
25.25 0.000898752
25.26 0.000904075
25.27 0.000905684
25.28 0.000905502
25.29 0.000904485
25.3 0.00090266
25.31 0.000899493
25.32 0.000894368
25.33 0.000886953
25.34 0.000877335
25.35 0.000865924
25.36 0.000853241
25.37 0.000839674
25.38 0.000825323
25.39 0.000809955
25.4 0.000793102
25.41 0.000774233
25.42 0.000752941
25.43 0.000729071
25.44 0.000702768
25.45 0.00067439
25.46 0.000644328
25.47 0.000612804
25.48 0.000579778
25.49 0.00054501
25.5 0.000508234
25.51 0.00046935
25.52 0.000428539
25.53 0.000386254
25.54 0.000343054
25.55 0.000299364
25.56 0.000255281
25.57 0.000210556
25.58 0.000164738
25.59 0.000117417
25.6 6.84033e-05
25.61 1.78007e-05
25.62 -3.40412e-05
25.63 -8.66401e-05
25.64 -0.000139506
25.65 -0.000192226
25.66 -0.000244476
25.67 -0.000295931
25.68 -0.000346122
25.69 -0.000394306
25.7 -0.000439424
25.71 -0.000480184
25.72 -0.000515272
25.73 -0.000543649
25.74 -0.000564827
25.75 -0.000578997
25.76 -0.000586943
25.77 -0.000589798
25.78 -0.000588751
25.79 -0.000584806
25.8 -0.000578627
25.81 -0.000570476
25.82 -0.000560265
25.83 -0.000547743
25.84 -0.000532745
25.85 -0.000515409
25.86 -0.000496232
25.87 -0.000475948
25.88 -0.000455301
25.89 -0.000434822
25.9 -0.000414709
25.91 -0.000394881
25.92 -0.000375158
25.93 -0.000355452
25.94 -0.000335891
25.95 -0.000316806
25.96 -0.000298629
25.97 -0.000281759
25.98 -0.00026646
25.99 -0.00025282
26 -0.000240788
26.01 -0.000230243
26.02 -0.000221083
26.03 -0.000213295
26.04 -0.000207004
26.05 -0.000202487
26.06 -0.000200104
26.07 -0.000200173
26.08 -0.000202797
26.09 -0.000207765
26.1 -0.000214575
26.11 -0.000222587
26.12 -0.000231243
26.13 -0.000240205
26.14 -0.00024938
26.15 -0.00025882
26.16 -0.000268586
26.17 -0.00027864
26.18 -0.000288756
26.19 -0.000298453
26.2 -0.000306976
26.21 -0.000313378
26.22 -0.000316732
26.23 -0.000316373
26.24 -0.000312042
26.25 -0.000303855
26.26 -0.000292112
26.27 -0.000277042
26.28 -0.00025862
26.29 -0.000236545
26.3 -0.000210365
26.31 -0.000179707
26.32 -0.000144478
26.33 -0.000104981
26.34 -6.18587e-05
26.35 -1.58873e-05
26.36 3.22978e-05
26.37 8.23984e-05
26.38 0.00013447
26.39 0.000188765
26.4 0.0002455
26.41 0.000304641
26.42 0.00036579
26.43 0.000428171
26.44 0.000490661
26.45 0.000551836
26.46 0.000610046
26.47 0.000663541
26.48 0.000710692
26.49 0.00075024
26.5 0.000781535
26.51 0.000804696
26.52 0.000820613
26.53 0.000830759
26.54 0.00083685
26.55 0.000840458
26.56 0.00084269
26.57 0.00084402
26.58 0.000844335
26.59 0.000843191
26.6 0.000840183
26.61 0.000835271
26.62 0.000828866
26.63 0.000821644
26.64 0.000814205
26.65 0.000806789
26.66 0.000799196
26.67 0.000790913
26.68 0.000781382
26.69 0.000770249
26.7 0.000757526
26.71 0.000743575
26.72 0.000728941
26.73 0.000714116
26.74 0.000699352
26.75 0.000684584
26.76 0.00066947
26.77 0.000653477
26.78 0.000636001
26.79 0.000616527
26.8 0.000594804
26.81 0.000570944
26.82 0.000545334
26.83 0.000518368
26.84 0.000490151
26.85 0.000460414
26.86 0.000428664
26.87 0.00039447
26.88 0.000357619
26.89 0.000318085
26.9 0.000275874
26.91 0.000230909
26.92 0.000183015
26.93 0.000131977
26.94 7.76077e-05
26.95 1.97649e-05
26.96 -4.16492e-05
26.97 -0.000106688
26.98 -0.000175332
26.99 -0.000247444
27 -0.000322743
27.01 -0.000400825
27.02 -0.000481198
27.03 -0.000563274
27.04 -0.000646291
27.05 -0.000729169
27.06 -0.000810389
27.07 -0.000887959
27.08 -0.000959564
27.09 -0.00102293
27.1 -0.00107635
27.11 -0.00111917
27.12 -0.00115213
27.13 -0.00117711
27.14 -0.00119662
27.15 -0.00121294
27.16 -0.00122735
27.17 -0.00123985
27.18 -0.00124936
27.19 -0.00125437
27.2 -0.00125379
27.21 -0.00124744
27.22 -0.00123607
27.23 -0.00122093
27.24 -0.00120322
27.25 -0.00118363
27.26 -0.00116229
27.27 -0.00113887
27.28 -0.00111281
27.29 -0.00108364
27.3 -0.00105119
27.31 -0.00101577
27.32 -0.00097813
27.33 -0.000939223
27.34 -0.000899819
27.35 -0.000860187
27.36 -0.000819981
27.37 -0.00077838
27.38 -0.00073443
27.39 -0.000687429
27.4 -0.000637178
27.41 -0.000583944
27.42 -0.000528159
27.43 -0.000470056
27.44 -0.000409461
27.45 -0.000345861
27.46 -0.000278641
27.47 -0.000207337
27.48 -0.000131798
27.49 -5.22493e-05
27.5 3.07565e-05
27.51 0.000116499
27.52 0.000204342
27.53 0.00029397
27.54 0.000385416
27.55 0.000478768
27.56 0.000573613
27.57 0.00066847
27.58 0.000760489
27.59 0.000845595
27.6 0.000919058
27.61 0.000976428
27.62 0.00101476
27.63 0.00103384
27.64 0.00103676
27.65 0.00102933
27.66 0.00101817
27.67 0.00100853
27.68 0.00100274
27.69 0.000999944
27.7 0.000997147
27.71 0.000990848
27.72 0.000978658
27.73 0.000960201
27.74 0.000937031
27.75 0.000911721
27.76 0.000886641
27.77 0.000862976
27.78 0.000840376
27.79 0.000817295
27.8 0.000791824
27.81 0.000762635
27.82 0.000729654
27.83 0.000694151
27.84 0.000658184
27.85 0.000623628
27.86 0.000591257
27.87 0.000560359
27.88 0.000529041
27.89 0.000495039
27.9 0.000456618
27.91 0.000413194
27.92 0.000365477
27.93 0.00031511
27.94 0.000263992
27.95 0.000213561
27.96 0.000164311
27.97 0.000115715
27.98 6.65371e-05
27.99 1.53893e-05
28 -3.8721e-05
28.01 -9.60433e-05
28.02 -0.000156048
28.03 -0.000217672
28.04 -0.000279712
28.05 -0.000341167
28.06 -0.000401389
28.07 -0.000460014
28.08 -0.000516735
28.09 -0.000571031
28.1 -0.00062203
28.11 -0.000668638
28.12 -0.000709902
28.13 -0.000745437
28.14 -0.000775651
28.15 -0.000801666
28.16 -0.000824939
28.17 -0.000846781
28.18 -0.000867975
28.19 -0.000888587
28.2 -0.000908029
28.21 -0.00092531
28.22 -0.000939407
28.23 -0.000949655
28.24 -0.000956013
28.25 -0.000959068
28.26 -0.000959761
28.27 -0.00095893
28.28 -0.000956898
28.29 -0.000953309
28.3 -0.000947291
28.31 -0.000937855
28.32 -0.000924311
28.33 -0.000906481
28.34 -0.000884651
28.35 -0.000859326
28.36 -0.000830969
28.37 -0.000799845
28.38 -0.000766008
28.39 -0.000729378
28.4 -0.000689841
28.41 -0.000647324
28.42 -0.000601809
28.43 -0.000553315
28.44 -0.000501862
28.45 -0.000447426
28.46 -0.000389859
28.47 -0.0003288
28.48 -0.000263664
28.49 -0.000193793
28.5 -0.000118731
28.51 -3.8445e-05
28.52 4.66329e-05
28.53 0.000135755
28.54 0.000228137
28.55 0.000323256
28.56 0.000421017
28.57 0.000521617
28.58 0.000625059
28.59 0.000730457
28.6 0.000835475
28.61 0.000936221
28.62 0.0010277
28.63 0.0011048
28.64 0.00116358
28.65 0.00120264
28.66 0.00122403
28.67 0.0012329
28.68 0.00123597
28.69 0.0012392
28.7 0.00124591
28.71 0.00125599
28.72 0.00126656
28.73 0.0012736
28.74 0.00127376
28.75 0.00126581
28.76 0.00125087
28.77 0.00123173
28.78 0.00121132
28.79 0.00119143
28.8 0.00117202
28.81 0.0011515
28.82 0.00112767
28.83 0.00109886
28.84 0.00106468
28.85 0.00102618
28.86 0.000985327
28.87 0.000944202
28.88 0.000904159
28.89 0.000865305
28.9 0.000826494
28.91 0.000785821
28.92 0.000741397
28.93 0.000692075
28.94 0.000637832
28.95 0.000579656
28.96 0.000519028
28.97 0.000457232
28.98 0.000394789
28.99 0.000331277
29 0.000265598
29.01 0.000196558
29.02 0.000123431
29.03 4.62452e-05
29.04 -3.43238e-05
29.05 -0.000117369
29.06 -0.000202256
29.07 -0.000288929
29.08 -0.000377814
29.09 -0.000469279
29.1 -0.000562901
29.11 -0.000656893
29.12 -0.000748009
29.13 -0.000831944
29.14 -0.000904085
29.15 -0.000960498
29.16 -0.000999048
29.17 -0.00102039
29.18 -0.00102825
29.19 -0.0010285
29.2 -0.00102724
29.21 -0.0010287
29.22 -0.00103395
29.23 -0.00104098
29.24 -0.00104601
29.25 -0.00104529
29.26 -0.00103669
29.27 -0.00102038
29.28 -0.000998542
29.29 -0.000974237
29.3 -0.000949993
29.31 -0.000926828
29.32 -0.000904021
29.33 -0.000879695
29.34 -0.000851847
29.35 -0.000819295
29.36 -0.000782148
29.37 -0.000741623
29.38 -0.000699418
29.39 -0.000656936
29.4 -0.000614698
29.41 -0.000572138
29.42 -0.00052781
29.43 -0.000479938
29.44 -0.000427117
29.45 -0.000368872
29.46 -0.000305822
29.47 -0.000239351
29.48 -0.000170978
29.49 -0.000101738
29.5 -3.18561e-05
29.51 3.91999e-05
29.52 0.000112385
29.53 0.000188633
29.54 0.000268446
29.55 0.000351638
29.56 0.000437249
29.57 0.000523606
29.58 0.000608471
29.59 0.000689212
29.6 0.000762999
29.61 0.000827013
29.62 0.000878787
29.63 0.000916705
29.64 0.0009406
29.65 0.000952108
29.66 0.000954455
29.67 0.000951593
29.68 0.000947028
29.69 0.000942849
29.7 0.000939363
29.71 0.000935403
29.72 0.000929139
29.73 0.000919023
29.74 0.00090448
29.75 0.000886096
29.76 0.000865283
29.77 0.00084361
29.78 0.000822107
29.79 0.000800824
29.8 0.000778864
29.81 0.000754874
29.82 0.00072776
29.83 0.000697248
29.84 0.000663981
29.85 0.000629166
29.86 0.000593971
29.87 0.000559012
29.88 0.000524103
29.89 0.000488348
29.9 0.000450468
29.91 0.000409251
29.92 0.000363955
29.93 0.000314531
29.94 0.00026158
29.95 0.000206062
29.96 0.00014888
29.97 9.04931e-05
29.98 3.0701e-05
29.99 -3.13118e-05
30 -9.66594e-05
30.01 -0.000166306
30.02 -0.0002407
30.03 -0.000319656
30.04 -0.000402473
30.05 -0.000488182
30.06 -0.000575737
30.07 -0.000664067
30.08 -0.000751971
30.09 -0.000837963
30.1 -0.000920227
30.11 -0.00099678
30.12 -0.00106585
30.13 -0.00112634
30.14 -0.00117816
30.15 -0.00122231
30.16 -0.00126049
30.17 -0.00129461
30.18 -0.00132611
30.19 -0.00135565
30.2 -0.00138296
30.21 -0.00140706
30.22 -0.00142671
30.23 -0.0014409
30.24 -0.00144924
30.25 -0.00145215
30.26 -0.00145061
30.27 -0.00144575
30.28 -0.00143838
30.29 -0.00142871
30.3 -0.00141646
30.31 -0.00140109
30.32 -0.00138223
30.33 -0.00135984
30.34 -0.00133431
30.35 -0.00130624
30.36 -0.00127623
30.37 -0.0012447
30.38 -0.00121175
30.39 -0.0011772
30.4 -0.00114066
30.41 -0.00110174
30.42 -0.00106018
30.43 -0.00101591
30.44 -0.000969066
30.45 -0.00091994
30.46 -0.000868974
30.47 -0.00081661
30.48 -0.00076305
30.49 -0.000708029
30.5 -0.000650724
30.51 -0.000589907
30.52 -0.000524259
30.53 -0.00045268
30.54 -0.000374449
30.55 -0.000289226
30.56 -0.00019701
30.57 -9.81689e-05
30.58 6.48271e-06
30.59 0.000115725
30.6 0.000228265
30.61 0.000343331
30.62 0.000461206
30.63 0.000583177
30.64 0.000710603
30.65 0.000843425
30.66 0.000978973
30.67 0.00111167
30.68 0.00123358
30.69 0.00133561
30.7 0.00140971
30.71 0.00145214
30.72 0.00146614
30.73 0.00146186
30.74 0.0014528
30.75 0.00145054
30.76 0.00146058
30.77 0.001481
30.78 0.00150429
30.79 0.00152128
30.8 0.00152539
30.81 0.00151541
30.82 0.00149538
30.83 0.00147221
30.84 0.00145219
30.85 0.00143833
30.86 0.00142947
30.87 0.00142133
30.88 0.00140875
30.89 0.00138805
30.9 0.0013586
30.91 0.00132295
30.92 0.00128563
30.93 0.00125118
30.94 0.00122229
30.95 0.00119883
30.96 0.00117798
30.97 0.00115546
30.98 0.00112725
30.99 0.00109117
31 0.00104765
31.01 0.00099938
31.02 0.000950161
31.03 0.000903346
31.04 0.000860665
31.05 0.000821795
31.06 0.000784741
31.07 0.000746785
31.08 0.000705599
31.09 0.000660055
31.1 0.00061044
31.11 0.00055804
31.12 0.000504338
31.13 0.000450252
31.14 0.000395733
31.15 0.000339914
31.16 0.000281671
31.17 0.000220258
31.18 0.000155637
31.19 8.83799e-05
31.2 1.92837e-05
31.21 -5.10289e-05
31.22 -0.000122334
31.23 -0.000194827
31.24 -0.000268972
31.25 -0.00034519
31.26 -0.000423438
31.27 -0.000502794
31.28 -0.000581244
31.29 -0.000655816
31.3 -0.000723075
31.31 -0.000779859
31.32 -0.000824113
31.33 -0.000855558
31.34 -0.000875952
31.35 -0.000888699
31.36 -0.000897857
31.37 -0.000906929
31.38 -0.000917913
31.39 -0.000931003
31.4 -0.000944956
31.41 -0.000957887
31.42 -0.000968131
31.43 -0.000974849
31.44 -0.000978219
31.45 -0.000979187
31.46 -0.00097894
31.47 -0.000978327
31.48 -0.000977498
31.49 -0.000975925
31.5 -0.000972758
31.51 -0.00096733
31.52 -0.000959496
31.53 -0.000949638
31.54 -0.000938391
31.55 -0.000926272
31.56 -0.00091342
31.57 -0.000899516
31.58 -0.000883902
31.59 -0.000865845
31.6 -0.000844863
31.61 -0.000820944
31.62 -0.000794575
31.63 -0.000766565
31.64 -0.000737769
31.65 -0.000708808
31.66 -0.000679894
31.67 -0.000650778
31.68 -0.000620851
31.69 -0.000589373
31.7 -0.000555753
31.71 -0.000519754
31.72 -0.000481525
31.73 -0.000441471
31.74 -0.000400045
31.75 -0.000357562
31.76 -0.00031411
31.77 -0.000269568
31.78 -0.00022374
31.79 -0.000176511
31.8 -0.000127927
31.81 -7.81745e-05
31.82 -2.74759e-05
31.83 2.39996e-05
31.84 7.61601e-05
31.85 0.000128938
31.86 0.000182201
31.87 0.000235683
31.88 0.000288946
31.89 0.000341374
31.9 0.000392176
31.91 0.00044041
31.92 0.000485049
31.93 0.000525112
31.94 0.000559837
31.95 0.000588865
31.96 0.000612335
31.97 0.000630836
31.98 0.000645233
31.99 0.000656456
32 0.000665335
32.01 0.000672518
32.02 0.000678437
32.03 0.000683316
32.04 0.000687214
32.05 0.000690104
32.06 0.000691963
32.07 0.000692822
32.08 0.000692787
32.09 0.000692018
32.1 0.000690645
32.11 0.000688674
32.12 0.000685924
32.13 0.000682066
32.14 0.000676746
32.15 0.000669704
32.16 0.000660832
32.17 0.000650137
32.18 0.000637638
32.19 0.000623266
32.2 0.000606825
32.21 0.000588045
32.22 0.00056671
32.23 0.000542777
32.24 0.000516415
32.25 0.000487928
32.26 0.000457615
32.27 0.000425638
32.28 0.000391966
32.29 0.000356417
32.3 0.000318745
32.31 0.000278742
32.32 0.000236304
32.33 0.000191449
32.34 0.000144303
32.35 9.50774e-05
32.36 4.40565e-05
32.37 -8.4417e-06
32.38 -6.21303e-05
32.39 -0.000116822
32.4 -0.00017243
32.41 -0.000228875
32.42 -0.000285932
32.43 -0.0003431
32.44 -0.000399564
32.45 -0.000454249
32.46 -0.000505931
32.47 -0.000553351
32.48 -0.000595292
32.49 -0.000630652
32.5 -0.000658544
32.51 -0.000678471
32.52 -0.00069052
32.53 -0.000695451
32.54 -0.000694562
32.55 -0.000689335
32.56 -0.000681027
32.57 -0.000670391
32.58 -0.000657634
32.59 -0.000642611
32.6 -0.000625098
32.61 -0.00060502
32.62 -0.000582535
32.63 -0.000557993
32.64 -0.000531821
32.65 -0.000504382
32.66 -0.000475869
32.67 -0.0004463
32.68 -0.000415581
32.69 -0.000383631
32.7 -0.000350457
32.71 -0.000316176
32.72 -0.00028098
32.73 -0.000245095
32.74 -0.000208731
32.75 -0.000172042
32.76 -0.000135078
32.77 -9.77822e-05
32.78 -6.00555e-05
32.79 -2.18816e-05
32.8 1.65752e-05
32.81 5.49688e-05
32.82 9.28685e-05
32.83 0.000129873
32.84 0.000165666
32.85 0.000200008
32.86 0.000232681
32.87 0.000263451
32.88 0.000292063
32.89 0.0003183
32.9 0.00034208
32.91 0.0003635
32.92 0.000382806
32.93 0.000400309
32.94 0.000416309
32.95 0.00043106
32.96 0.000444764
32.97 0.000457572
32.98 0.000469561
32.99 0.000480725
33 0.000490994
33.01 0.000500336
33.02 0.000508853
33.03 0.000516806
33.04 0.000524505
33.05 0.000532137
33.06 0.000539659
33.07 0.000546813
33.08 0.000553256
33.09 0.000558685
33.1 0.000562917
33.11 0.000565886
33.12 0.000567581
33.13 0.000567988
33.14 0.00056706
33.15 0.000564718
33.16 0.000560854
33.17 0.000555325
33.18 0.000547968
33.19 0.000538631
33.2 0.000527234
33.21 0.000513804
33.22 0.000498473
33.23 0.000481415
33.24 0.000462757
33.25 0.000442502
33.26 0.00042053
33.27 0.000396668
33.28 0.00037081
33.29 0.000343002
33.3 0.000313434
33.31 0.000282361
33.32 0.000249989
33.33 0.000216397
33.34 0.00018152
33.35 0.000145207
33.36 0.000107312
33.37 6.77866e-05
33.38 2.67246e-05
33.39 -1.56541e-05
33.4 -5.90581e-05
33.41 -0.000103188
33.42 -0.000147772
33.43 -0.000192567
33.44 -0.000237334
33.45 -0.000281795
33.46 -0.000325592
33.47 -0.000368255
33.48 -0.000409197
33.49 -0.00044777
33.5 -0.000483345
33.51 -0.000515408
33.52 -0.000543631
33.53 -0.000567909
33.54 -0.00058836
33.55 -0.000605292
33.56 -0.000619125
33.57 -0.000630305
33.58 -0.000639239
33.59 -0.000646259
33.6 -0.000651621
33.61 -0.000655517
33.62 -0.000658079
33.63 -0.00065939
33.64 -0.000659501
33.65 -0.00065846
33.66 -0.000656327
33.67 -0.000653167
33.68 -0.000649033
33.69 -0.000643945
33.7 -0.000637878
33.71 -0.000630779
33.72 -0.000622574
33.73 -0.000613205
33.74 -0.000602642
33.75 -0.000590888
33.76 -0.000577964
33.77 -0.000563882
33.78 -0.000548625
33.79 -0.000532154
33.8 -0.000514429
33.81 -0.000495427
33.82 -0.000475153
33.83 -0.00045362
33.84 -0.00043084
33.85 -0.000406819
33.86 -0.000381566
33.87 -0.000355102
33.88 -0.000327458
33.89 -0.00029866
33.9 -0.00026872
33.91 -0.000237633
33.92 -0.000205394
33.93 -0.000172008
33.94 -0.000137511
33.95 -0.000101959
33.96 -6.54214e-05
33.97 -2.7975e-05
33.98 1.02922e-05
33.99 4.92663e-05
34 8.87975e-05
34.01 0.0001287
34.02 0.00016876
34.03 0.000208739
34.04 0.000248369
34.05 0.000287338
34.06 0.000325285
34.07 0.000361798
34.08 0.000396437
34.09 0.000428765
34.1 0.000458384
34.11 0.00048497
34.12 0.000508305
34.13 0.000528293
34.14 0.000544971
34.15 0.000558493
34.16 0.000569098
34.17 0.000577067
34.18 0.00058267
34.19 0.00058613
34.2 0.000587612
34.21 0.000587236
34.22 0.0005851
34.23 0.000581305
34.24 0.000575968
34.25 0.000569208
34.26 0.000561139
34.27 0.000551852
34.28 0.00054141
34.29 0.000529852
34.3 0.000517198
34.31 0.000503462
34.32 0.000488657
34.33 0.000472807
34.34 0.000455943
34.35 0.0004381
34.36 0.000419315
34.37 0.000399615
34.38 0.000379018
34.39 0.00035753
34.4 0.000335153
34.41 0.000311889
34.42 0.000287753
34.43 0.000262776
34.44 0.000237001
34.45 0.000210472
34.46 0.000183232
34.47 0.000155319
34.48 0.000126762
34.49 9.75978e-05
34.5 6.78724e-05
34.51 3.76475e-05
34.52 7.00325e-06
34.53 -2.39638e-05
34.54 -5.51425e-05
34.55 -8.64098e-05
34.56 -0.000117633
34.57 -0.000148668
34.58 -0.000179362
34.59 -0.000209546
34.6 -0.000239034
34.61 -0.000267628
34.62 -0.000295115
34.63 -0.000321278
34.64 -0.000345909
34.65 -0.000368813
34.66 -0.000389827
34.67 -0.00040882
34.68 -0.000425705
34.69 -0.000440437
34.7 -0.00045301
34.71 -0.000463454
34.72 -0.000471825
34.73 -0.000478197
34.74 -0.000482656
34.75 -0.000485292
34.76 -0.000486195
34.77 -0.000485451
34.78 -0.000483141
34.79 -0.000479342
34.8 -0.000474125
34.81 -0.000467558
34.82 -0.000459705
34.83 -0.000450625
34.84 -0.00044037
34.85 -0.000428987
34.86 -0.000416517
34.87 -0.000402996
34.88 -0.000388457
34.89 -0.000372928
34.9 -0.000356441
34.91 -0.000339023
34.92 -0.000320707
34.93 -0.000301524
34.94 -0.000281505
34.95 -0.000260684
34.96 -0.000239095
34.97 -0.000216773
34.98 -0.000193756
34.99 -0.000170083
35 -0.000145799
35.01 -0.000120948
35.02 -9.55811e-05
35.03 -6.97539e-05
35.04 -4.35295e-05
35.05 -1.69804e-05
35.06 9.81142e-06
35.07 3.67556e-05
35.08 6.37544e-05
35.09 9.07022e-05
35.1 0.000117485
35.11 0.000143979
35.12 0.000170052
35.13 0.000195562
35.14 0.000220361
35.15 0.000244299
35.16 0.000267226
35.17 0.000288995
35.18 0.000309466
35.19 0.000328515
35.2 0.000346032
35.21 0.00036193
35.22 0.000376144
35.23 0.000388636
35.24 0.000399387
35.25 0.000408404
35.26 0.000415712
35.27 0.000421349
35.28 0.000425365
35.29 0.000427815
35.3 0.000428755
35.31 0.000428245
35.32 0.00042634
35.33 0.000423098
35.34 0.000418573
35.35 0.000412816
35.36 0.000405879
35.37 0.000397809
35.38 0.000388648
35.39 0.000378437
35.4 0.000367212
35.41 0.000355006
35.42 0.000341853
35.43 0.000327782
35.44 0.000312825
35.45 0.000297014
35.46 0.000280381
35.47 0.000262958
35.48 0.000244778
35.49 0.000225876
35.5 0.000206286
35.51 0.000186043
35.52 0.000165187
35.53 0.000143759
35.54 0.000121804
35.55 9.93692e-05
35.56 7.65087e-05
35.57 5.328e-05
35.58 2.97458e-05
35.59 5.97475e-06
35.6 -1.79585e-05
35.61 -4.19726e-05
35.62 -6.59794e-05
35.63 -8.98837e-05
35.64 -0.000113584
35.65 -0.000136971
35.66 -0.000159933
35.67 -0.00018235
35.68 -0.000204103
35.69 -0.000225069
35.7 -0.000245127
35.71 -0.000264159
35.72 -0.000282056
35.73 -0.000298715
35.74 -0.00031405
35.75 -0.000327987
35.76 -0.000340471
35.77 -0.000351465
35.78 -0.000360949
35.79 -0.00036892
35.8 -0.000375389
35.81 -0.000380379
35.82 -0.000383922
35.83 -0.000386055
35.84 -0.00038682
35.85 -0.000386264
35.86 -0.00038443
35.87 -0.000381367
35.88 -0.000377121
35.89 -0.000371736
35.9 -0.000365257
35.91 -0.000357725
35.92 -0.00034918
35.93 -0.000339658
35.94 -0.000329196
35.95 -0.000317827
35.96 -0.000305585
35.97 -0.000292502
35.98 -0.000278611
35.99 -0.000263946
36 -0.000248539
36.01 -0.000232425
36.02 -0.000215638
36.03 -0.000198213
36.04 -0.000180188
36.05 -0.000161601
36.06 -0.000142491
36.07 -0.000122902
36.08 -0.000102878
36.09 -8.24684e-05
36.1 -6.17252e-05
36.11 -4.07041e-05
36.12 -1.94653e-05
36.13 1.92701e-06
36.14 2.34037e-05
36.15 4.48909e-05
36.16 6.63101e-05
36.17 8.75778e-05
36.18 0.000108607
36.19 0.000129305
36.2 0.000149577
36.21 0.000169327
36.22 0.000188456
36.23 0.000206865
36.24 0.000224457
36.25 0.000241139
36.26 0.000256823
36.27 0.000271429
36.28 0.000284887
36.29 0.000297138
36.3 0.000308134
36.31 0.000317841
36.32 0.000326237
36.33 0.000333314
36.34 0.000339073
36.35 0.000343524
36.36 0.000346686
36.37 0.000348585
36.38 0.000349249
36.39 0.000348712
36.4 0.000347009
36.41 0.000344177
36.42 0.000340253
36.43 0.000335274
36.44 0.000329277
36.45 0.000322298
36.46 0.000314372
36.47 0.000305534
36.48 0.000295816
36.49 0.000285251
36.5 0.000273873
36.51 0.000261712
36.52 0.000248803
36.53 0.000235177
36.54 0.00022087
36.55 0.000205915
36.56 0.000190348
36.57 0.000174204
36.58 0.000157523
36.59 0.000140342
36.6 0.000122704
36.61 0.00010465
36.62 8.62272e-05
36.63 6.74834e-05
36.64 4.84698e-05
36.65 2.9241e-05
36.66 9.85495e-06
36.67 -9.62709e-06
36.68 -2.91402e-05
36.69 -4.86158e-05
36.7 -6.7982e-05
36.71 -8.71635e-05
36.72 -0.000106082
36.73 -0.000124658
36.74 -0.000142808
36.75 -0.000160448
36.76 -0.000177495
36.77 -0.000193867
36.78 -0.000209483
36.79 -0.000224265
36.8 -0.000238142
36.81 -0.000251049
36.82 -0.000262929
36.83 -0.000273732
36.84 -0.000283419
36.85 -0.000291961
36.86 -0.000299339
36.87 -0.000305541
36.88 -0.000310568
36.89 -0.000314424
36.9 -0.000317123
36.91 -0.000318682
36.92 -0.000319123
36.93 -0.000318474
36.94 -0.000316761
36.95 -0.000314015
36.96 -0.000310266
36.97 -0.000305547
36.98 -0.000299889
36.99 -0.000293323
37 -0.000285882
37.01 -0.000277596
37.02 -0.000268497
37.03 -0.000258616
37.04 -0.000247984
37.05 -0.000236632
37.06 -0.000224593
37.07 -0.000211899
37.08 -0.000198583
37.09 -0.00018468
37.1 -0.000170224
37.11 -0.000155251
37.12 -0.000139798
37.13 -0.000123905
37.14 -0.000107611
37.15 -9.09597e-05
37.16 -7.39944e-05
37.17 -5.67623e-05
37.18 -3.93126e-05
37.19 -2.16971e-05
37.2 -3.97045e-06
37.21 1.38101e-05
37.22 3.15846e-05
37.23 4.92903e-05
37.24 6.68619e-05
37.25 8.42319e-05
37.26 0.000101331
37.27 0.000118088
37.28 0.00013443
37.29 0.000150286
37.3 0.000165583
37.31 0.000180251
37.32 0.000194221
37.33 0.000207428
37.34 0.000219812
37.35 0.000231318
37.36 0.000241896
37.37 0.000251507
37.38 0.000260115
37.39 0.000267694
37.4 0.000274227
37.41 0.000279703
37.42 0.000284118
37.43 0.000287475
37.44 0.000289782
37.45 0.000291053
37.46 0.000291304
37.47 0.000290556
37.48 0.000288832
37.49 0.000286157
37.5 0.000282557
37.51 0.00027806
37.52 0.000272692
37.53 0.000266484
37.54 0.000259462
37.55 0.000251657
37.56 0.000243097
37.57 0.000233813
37.58 0.000223834
37.59 0.00021319
37.6 0.000201913
37.61 0.000190034
37.62 0.000177587
37.63 0.000164604
37.64 0.000151121
37.65 0.000137172
37.66 0.000122794
37.67 0.000108026
37.68 9.2907e-05
37.69 7.74783e-05
37.7 6.17831e-05
37.71 4.58666e-05
37.72 2.9776e-05
37.73 1.35605e-05
37.74 -2.72838e-06
37.75 -1.9037e-05
37.76 -3.53095e-05
37.77 -5.14884e-05
37.78 -6.75141e-05
37.79 -8.33254e-05
37.8 -9.88601e-05
37.81 -0.000114055
37.82 -0.000128846
37.83 -0.00014317
37.84 -0.000156965
37.85 -0.000170169
37.86 -0.000182724
37.87 -0.000194574
37.88 -0.000205668
37.89 -0.000215959
37.9 -0.000225405
37.91 -0.000233971
37.92 -0.000241628
37.93 -0.000248353
37.94 -0.000254129
37.95 -0.000258946
37.96 -0.000262801
37.97 -0.000265693
37.98 -0.000267628
37.99 -0.000268618
38 -0.000268674
38.01 -0.000267815
38.02 -0.000266058
38.03 -0.000263425
38.04 -0.000259938
38.05 -0.000255622
38.06 -0.000250501
38.07 -0.000244601
38.08 -0.000237947
38.09 -0.000230568
38.1 -0.00022249
38.11 -0.000213741
38.12 -0.00020435
38.13 -0.000194346
38.14 -0.000183761
38.15 -0.000172623
38.16 -0.000160965
38.17 -0.000148821
38.18 -0.000136222
38.19 -0.000123204
38.2 -0.000109803
38.21 -9.60557e-05
38.22 -8.20006e-05
38.23 -6.76777e-05
38.24 -5.31286e-05
38.25 -3.83964e-05
38.26 -2.35261e-05
38.27 -8.5644e-06
38.28 6.44037e-06
38.29 2.14381e-05
38.3 3.63773e-05
38.31 5.12046e-05
38.32 6.58657e-05
38.33 8.03053e-05
38.34 9.4467e-05
38.35 0.000108294
38.36 0.000121731
38.37 0.00013472
38.38 0.000147208
38.39 0.000159141
38.4 0.000170467
38.41 0.00018114
38.42 0.000191115
38.43 0.000200351
38.44 0.000208813
38.45 0.00021647
38.46 0.000223297
38.47 0.000229273
38.48 0.000234385
38.49 0.000238622
38.5 0.00024198
38.51 0.000244459
38.52 0.000246063
38.53 0.0002468
38.54 0.00024668
38.55 0.000245719
38.56 0.000243931
38.57 0.000241335
38.58 0.000237951
38.59 0.000233799
38.6 0.000228903
38.61 0.000223284
38.62 0.000216968
38.63 0.00020998
38.64 0.000202345
38.65 0.000194089
38.66 0.00018524
38.67 0.000175826
38.68 0.000165875
38.69 0.000155419
38.7 0.000144486
38.71 0.000133108
38.72 0.000121318
38.73 0.00010915
38.74 9.66379e-05
38.75 8.38175e-05
38.76 7.07261e-05
38.77 5.74019e-05
38.78 4.38848e-05
38.79 3.0216e-05
38.8 1.64381e-05
38.81 2.59516e-06
38.82 -1.12673e-05
38.83 -2.51025e-05
38.84 -3.88624e-05
38.85 -5.2498e-05
38.86 -6.59593e-05
38.87 -7.91957e-05
38.88 -9.21562e-05
38.89 -0.00010479
38.9 -0.000117046
38.91 -0.000128874
38.92 -0.000140226
38.93 -0.000151055
38.94 -0.000161316
38.95 -0.000170966
38.96 -0.000179968
38.97 -0.000188287
38.98 -0.00019589
38.99 -0.000202752
39 -0.000208849
39.01 -0.000214166
39.02 -0.000218687
39.03 -0.000222406
39.04 -0.000225316
39.05 -0.000227419
39.06 -0.000228716
39.07 -0.000229215
39.08 -0.000228925
39.09 -0.000227857
39.1 -0.000226027
39.11 -0.000223448
39.12 -0.000220141
39.13 -0.000216123
39.14 -0.000211415
39.15 -0.000206038
39.16 -0.000200016
39.17 -0.000193371
39.18 -0.000186127
39.19 -0.000178311
39.2 -0.000169947
39.21 -0.000161064
39.22 -0.000151688
39.23 -0.000141848
39.24 -0.000131574
39.25 -0.000120895
39.26 -0.000109844
39.27 -9.84532e-05
39.28 -8.67549e-05
39.29 -7.4784e-05
39.3 -6.2576e-05
39.31 -5.01676e-05
39.32 -3.75967e-05
39.33 -2.49025e-05
39.34 -1.21251e-05
39.35 6.9405e-07
39.36 1.35124e-05
39.37 2.62864e-05
39.38 3.89716e-05
39.39 5.15229e-05
39.4 6.38946e-05
39.41 7.60404e-05
39.42 8.79144e-05
39.43 9.94703e-05
39.44 0.000110663
39.45 0.000121448
39.46 0.000131781
39.47 0.000141622
39.48 0.00015093
39.49 0.00015967
39.5 0.000167807
39.51 0.00017531
39.52 0.000182152
39.53 0.00018831
39.54 0.000193764
39.55 0.000198498
39.56 0.000202502
39.57 0.000205766
39.58 0.000208287
39.59 0.000210064
39.6 0.000211099
39.61 0.000211397
39.62 0.000210967
39.63 0.000209819
39.64 0.000207965
39.65 0.000205419
39.66 0.000202198
39.67 0.000198318
39.68 0.000193798
39.69 0.000188659
39.7 0.00018292
39.71 0.000176604
39.72 0.000169733
39.73 0.000162333
39.74 0.000154426
39.75 0.000146039
39.76 0.000137199
39.77 0.000127933
39.78 0.000118268
39.79 0.000108235
39.8 9.78631e-05
39.81 8.71835e-05
39.82 7.62283e-05
39.83 6.50304e-05
39.84 5.3624e-05
39.85 4.20442e-05
39.86 3.03269e-05
39.87 1.85094e-05
39.88 6.62976e-06
39.89 -5.27291e-06
39.9 -1.71587e-05
39.91 -2.89869e-05
39.92 -4.07162e-05
39.93 -5.23046e-05
39.94 -6.371e-05
39.95 -7.48901e-05
39.96 -8.58027e-05
39.97 -9.64061e-05
39.98 -0.000106659
39.99 -0.000116522
40 -0.000125955
40.01 -0.000134922
40.02 -0.000143388
40.03 -0.00015132
40.04 -0.000158688
40.05 -0.000165465
40.06 -0.000171628
40.07 -0.000177155
40.08 -0.000182029
40.09 -0.000186238
40.1 -0.000189769
40.11 -0.000192618
40.12 -0.000194779
40.13 -0.000196251
40.14 -0.000197038
40.15 -0.000197144
40.16 -0.000196576
40.17 -0.000195343
40.18 -0.000193456
40.19 -0.000190928
40.2 -0.000187775
40.21 -0.000184011
40.22 -0.000179655
40.23 -0.000174724
40.24 -0.000169239
40.25 -0.00016322
40.26 -0.000156689
40.27 -0.000149668
40.28 -0.000142182
40.29 -0.000134254
40.3 -0.000125909
40.31 -0.000117175
40.32 -0.000108078
40.33 -9.86452e-05
40.34 -8.89066e-05
40.35 -7.88914e-05
40.36 -6.86302e-05
40.37 -5.81546e-05
40.38 -4.74968e-05
40.39 -3.66902e-05
40.4 -2.5769e-05
40.41 -1.47682e-05
40.42 -3.72374e-06
40.43 7.32786e-06
40.44 1.83493e-05
40.45 2.93027e-05
40.46 4.01497e-05
40.47 5.08517e-05
40.48 6.13699e-05
40.49 7.16657e-05
40.5 8.17005e-05
40.51 9.14365e-05
40.52 0.000100836
40.53 0.000109864
40.54 0.000118486
40.55 0.000126667
40.56 0.000134377
40.57 0.000141586
40.58 0.000148269
40.59 0.000154401
40.6 0.000159962
40.61 0.000164932
40.62 0.000169296
40.63 0.000173043
40.64 0.000176163
40.65 0.000178651
40.66 0.000180501
40.67 0.000181714
40.68 0.000182292
40.69 0.000182239
40.7 0.00018156
40.71 0.000180265
40.72 0.000178363
40.73 0.000175867
40.74 0.00017279
40.75 0.000169146
40.76 0.000164953
40.77 0.000160226
40.78 0.000154985
40.79 0.000149249
40.8 0.000143038
40.81 0.000136375
40.82 0.000129282
40.83 0.000121781
40.84 0.000113897
40.85 0.000105655
40.86 9.70812e-05
40.87 8.82021e-05
40.88 7.90452e-05
40.89 6.9639e-05
40.9 6.00127e-05
40.91 5.01964e-05
40.92 4.0221e-05
40.93 3.01181e-05
40.94 1.99203e-05
40.95 9.66055e-06
40.96 -6.27175e-07
40.97 -1.09085e-05
40.98 -2.11484e-05
40.99 -3.13115e-05
41 -4.13623e-05
41.01 -5.12649e-05
41.02 -6.09835e-05
41.03 -7.04825e-05
41.04 -7.97268e-05
41.05 -8.86819e-05
41.06 -9.73139e-05
41.07 -0.00010559
41.08 -0.00011348
41.09 -0.000120953
41.1 -0.000127981
41.11 -0.000134539
41.12 -0.000140602
41.13 -0.000146151
41.14 -0.000151165
41.15 -0.000155629
41.16 -0.000159529
41.17 -0.000162855
41.18 -0.000165599
41.19 -0.000167754
41.2 -0.000169319
41.21 -0.000170292
41.22 -0.000170675
41.23 -0.000170472
41.24 -0.00016969
41.25 -0.000168335
41.26 -0.000166418
41.27 -0.000163949
41.28 -0.00016094
41.29 -0.000157407
41.3 -0.000153363
41.31 -0.000148825
41.32 -0.000143811
41.33 -0.000138339
41.34 -0.000132428
41.35 -0.000126099
41.36 -0.000119374
41.37 -0.000112274
41.38 -0.000104823
41.39 -9.70442e-05
41.4 -8.89626e-05
41.41 -8.06036e-05
41.42 -7.19936e-05
41.43 -6.31596e-05
41.44 -5.41295e-05
41.45 -4.49318e-05
41.46 -3.55959e-05
41.47 -2.61517e-05
41.48 -1.66299e-05
41.49 -7.0618e-06
41.5 2.52087e-06
41.51 1.20858e-05
41.52 2.16004e-05
41.53 3.10317e-05
41.54 4.03466e-05
41.55 4.95121e-05
41.56 5.84952e-05
41.57 6.72631e-05
41.58 7.57838e-05
41.59 8.40256e-05
41.6 9.19581e-05
41.61 9.95515e-05
41.62 0.000106778
41.63 0.00011361
41.64 0.000120023
41.65 0.000125994
41.66 0.000131502
41.67 0.000136527
41.68 0.000141054
41.69 0.000145067
41.7 0.000148554
41.71 0.000151508
41.72 0.000153919
41.73 0.000155783
41.74 0.000157098
41.75 0.000157863
41.76 0.00015808
41.77 0.000157753
41.78 0.000156887
41.79 0.000155489
41.8 0.000153568
41.81 0.000151134
41.82 0.0001482
41.83 0.000144778
41.84 0.000140882
41.85 0.000136527
41.86 0.000131731
41.87 0.000126511
41.88 0.000120884
41.89 0.000114872
41.9 0.000108493
41.91 0.000101769
41.92 9.47222e-05
41.93 8.73753e-05
41.94 7.97518e-05
41.95 7.1876e-05
41.96 6.3773e-05
41.97 5.54687e-05
41.98 4.69894e-05
41.99 3.83626e-05
42 2.96158e-05
42.01 2.07776e-05
42.02 1.1877e-05
42.03 2.94349e-06
42.04 -5.99308e-06
42.05 -1.49024e-05
42.06 -2.37539e-05
42.07 -3.25168e-05
42.08 -4.11605e-05
42.09 -4.96542e-05
42.1 -5.79675e-05
42.11 -6.60703e-05
42.12 -7.39331e-05
42.13 -8.1527e-05
42.14 -8.88242e-05
42.15 -9.57978e-05
42.16 -0.000102422
42.17 -0.000108674
42.18 -0.000114529
42.19 -0.000119968
42.2 -0.000124971
42.21 -0.000129522
42.22 -0.000133605
42.23 -0.000137209
42.24 -0.000140322
42.25 -0.000142935
42.26 -0.000145044
42.27 -0.000146643
42.28 -0.00014773
42.29 -0.000148306
42.3 -0.000148371
42.31 -0.00014793
42.32 -0.000146988
42.33 -0.000145551
42.34 -0.000143628
42.35 -0.000141229
42.36 -0.000138364
42.37 -0.000135047
42.38 -0.000131289
42.39 -0.000127107
42.4 -0.000122516
42.41 -0.000117532
42.42 -0.000112172
42.43 -0.000106457
42.44 -0.000100404
42.45 -9.40335e-05
42.46 -8.73672e-05
42.47 -8.04266e-05
42.48 -7.3234e-05
42.49 -6.58127e-05
42.5 -5.81865e-05
42.51 -5.03801e-05
42.52 -4.24185e-05
42.53 -3.43275e-05
42.54 -2.61335e-05
42.55 -1.78634e-05
42.56 -9.54448e-06
42.57 -1.20446e-06
42.58 7.12855e-06
42.59 1.54262e-05
42.6 2.366e-05
42.61 3.18014e-05
42.62 3.98218e-05
42.63 4.76928e-05
42.64 5.53865e-05
42.65 6.2875e-05
42.66 7.01314e-05
42.67 7.71294e-05
42.68 8.38435e-05
42.69 9.02494e-05
42.7 9.63238e-05
42.71 0.000102045
42.72 0.000107393
42.73 0.000112349
42.74 0.000116895
42.75 0.000121017
42.76 0.000124702
42.77 0.000127937
42.78 0.000130714
42.79 0.000133026
42.8 0.000134866
42.81 0.000136231
42.82 0.00013712
42.83 0.000137531
42.84 0.000137468
42.85 0.000136933
42.86 0.000135932
42.87 0.000134471
42.88 0.000132557
42.89 0.0001302
42.9 0.00012741
42.91 0.0001242
42.92 0.000120581
42.93 0.000116568
42.94 0.000112175
42.95 0.000107419
42.96 0.000102316
42.97 9.68825e-05
42.98 9.11384e-05
42.99 8.51024e-05
43 7.87945e-05
43.01 7.22354e-05
43.02 6.54465e-05
43.03 5.84499e-05
43.04 5.12684e-05
43.05 4.39252e-05
43.06 3.64442e-05
43.07 2.88501e-05
43.08 2.11676e-05
43.09 1.34223e-05
43.1 5.63995e-06
43.11 -2.15335e-06
43.12 -9.93119e-06
43.13 -1.7667e-05
43.14 -2.53341e-05
43.15 -3.29058e-05
43.16 -4.03557e-05
43.17 -4.76573e-05
43.18 -5.47847e-05
43.19 -6.17125e-05
43.2 -6.84157e-05
43.21 -7.48703e-05
43.22 -8.10531e-05
43.23 -8.69418e-05
43.24 -9.25154e-05
43.25 -9.77542e-05
43.26 -0.00010264
43.27 -0.000107155
43.28 -0.000111286
43.29 -0.000115017
43.3 -0.000118338
43.31 -0.000121238
43.32 -0.000123709
43.33 -0.000125745
43.34 -0.00012734
43.35 -0.000128491
43.36 -0.000129197
43.37 -0.000129459
43.38 -0.000129278
43.39 -0.000128658
43.4 -0.000127603
43.41 -0.00012612
43.42 -0.000124216
43.43 -0.0001219
43.44 -0.000119182
43.45 -0.000116073
43.46 -0.000112585
43.47 -0.000108731
43.48 -0.000104526
43.49 -9.99841e-05
43.5 -9.5122e-05
43.51 -8.99559e-05
43.52 -8.45037e-05
43.53 -7.87834e-05
43.54 -7.28142e-05
43.55 -6.66157e-05
43.56 -6.02084e-05
43.57 -5.36132e-05
43.58 -4.68517e-05
43.59 -3.9946e-05
43.6 -3.29189e-05
43.61 -2.57935e-05
43.62 -1.85933e-05
43.63 -1.13423e-05
43.64 -4.06475e-06
43.65 3.21476e-06
43.66 1.04715e-05
43.67 1.76807e-05
43.68 2.48175e-05
43.69 3.1857e-05
43.7 3.87747e-05
43.71 4.55462e-05
43.72 5.21476e-05
43.73 5.85554e-05
43.74 6.47468e-05
43.75 7.06997e-05
43.76 7.6393e-05
43.77 8.18064e-05
43.78 8.69208e-05
43.79 9.17184e-05
43.8 9.61825e-05
43.81 0.000100298
43.82 0.000104051
43.83 0.000107429
43.84 0.000110423
43.85 0.000113022
43.86 0.000115219
43.87 0.000117009
43.88 0.000118387
43.89 0.000119351
43.9 0.0001199
43.91 0.000120034
43.92 0.000119755
43.93 0.000119066
43.94 0.000117972
43.95 0.000116479
43.96 0.000114594
43.97 0.000112326
43.98 0.000109684
43.99 0.000106678
44 0.00010332
44.01 9.96226e-05
44.02 9.55995e-05
44.03 9.12646e-05
44.04 8.66333e-05
44.05 8.17215e-05
44.06 7.65459e-05
44.07 7.11238e-05
44.08 6.54735e-05
44.09 5.96137e-05
44.1 5.35638e-05
44.11 4.73438e-05
44.12 4.09741e-05
44.13 3.4476e-05
44.14 2.78707e-05
44.15 2.11803e-05
44.16 1.44271e-05
44.17 7.63367e-06
44.18 8.22913e-07
44.19 -5.98209e-06
44.2 -1.27581e-05
44.21 -1.9482e-05
44.22 -2.61304e-05
44.23 -3.26803e-05
44.24 -3.91087e-05
44.25 -4.53932e-05
44.26 -5.15116e-05
44.27 -5.74422e-05
44.28 -6.31641e-05
44.29 -6.86571e-05
44.3 -7.39017e-05
44.31 -7.88796e-05
44.32 -8.35733e-05
44.33 -8.79666e-05
44.34 -9.20444e-05
44.35 -9.57932e-05
44.36 -9.92005e-05
44.37 -0.000102255
44.38 -0.000104948
44.39 -0.000107271
44.4 -0.000109218
44.41 -0.000110783
44.42 -0.000111962
44.43 -0.000112755
44.44 -0.000113159
44.45 -0.000113176
44.46 -0.000112808
44.47 -0.000112057
44.48 -0.000110929
44.49 -0.00010943
44.5 -0.000107565
44.51 -0.000105344
44.52 -0.000102775
44.53 -9.98686e-05
44.54 -9.66354e-05
44.55 -9.30877e-05
44.56 -8.92381e-05
44.57 -8.51004e-05
44.58 -8.06891e-05
44.59 -7.60192e-05
44.6 -7.11068e-05
44.61 -6.59683e-05
44.62 -6.06212e-05
44.63 -5.50831e-05
44.64 -4.93726e-05
44.65 -4.35086e-05
44.66 -3.75106e-05
44.67 -3.13984e-05
44.68 -2.51925e-05
44.69 -1.89134e-05
44.7 -1.25824e-05
44.71 -6.22058e-06
44.72 1.50472e-07
44.73 6.50913e-06
44.74 1.28337e-05
44.75 1.91024e-05
44.76 2.52937e-05
44.77 3.1386e-05
44.78 3.73581e-05
44.79 4.31892e-05
44.8 4.88589e-05
44.81 5.43471e-05
44.82 5.96346e-05
44.83 6.47029e-05
44.84 6.95342e-05
44.85 7.41118e-05
44.86 7.84197e-05
44.87 8.24432e-05
44.88 8.61687e-05
44.89 8.95837e-05
44.9 9.26773e-05
44.91 9.54393e-05
44.92 9.78615e-05
44.93 9.99365e-05
44.94 0.000101659
44.95 0.000103023
44.96 0.000104028
44.97 0.00010467
44.98 0.000104949
44.99 0.000104866
45 0.000104424
45.01 0.000103625
45.02 0.000102474
45.03 0.000100976
45.04 9.91389e-05
45.05 9.69693e-05
45.06 9.44762e-05
45.07 9.16693e-05
45.08 8.8559e-05
45.09 8.51569e-05
45.1 8.1475e-05
45.11 7.75265e-05
45.12 7.33252e-05
45.13 6.88854e-05
45.14 6.42225e-05
45.15 5.93521e-05
45.16 5.42907e-05
45.17 4.90553e-05
45.18 4.36634e-05
45.19 3.8133e-05
45.2 3.24826e-05
45.21 2.6731e-05
45.22 2.08976e-05
45.23 1.50018e-05
45.24 9.06362e-06
45.25 3.10303e-06
45.26 -2.85973e-06
45.27 -8.80434e-06
45.28 -1.47105e-05
45.29 -2.05578e-05
45.3 -2.63261e-05
45.31 -3.19954e-05
45.32 -3.75461e-05
45.33 -4.29587e-05
45.34 -4.82144e-05
45.35 -5.32948e-05
45.36 -5.81821e-05
45.37 -6.28594e-05
45.38 -6.73104e-05
45.39 -7.15197e-05
45.4 -7.54729e-05
45.41 -7.91565e-05
45.42 -8.25583e-05
45.43 -8.5667e-05
45.44 -8.84725e-05
45.45 -9.0966e-05
45.46 -9.314e-05
45.47 -9.49879e-05
45.48 -9.65046e-05
45.49 -9.76863e-05
45.5 -9.85304e-05
45.51 -9.90354e-05
45.52 -9.92014e-05
45.53 -9.90291e-05
45.54 -9.85208e-05
45.55 -9.76798e-05
45.56 -9.65104e-05
45.57 -9.50181e-05
45.58 -9.32092e-05
45.59 -9.10913e-05
45.6 -8.86726e-05
45.61 -8.59623e-05
45.62 -8.29707e-05
45.63 -7.97085e-05
45.64 -7.61875e-05
45.65 -7.24201e-05
45.66 -6.84194e-05
45.67 -6.41992e-05
45.68 -5.9774e-05
45.69 -5.51588e-05
45.7 -5.03693e-05
45.71 -4.54216e-05
45.72 -4.03322e-05
45.73 -3.51183e-05
45.74 -2.97974e-05
45.75 -2.43873e-05
45.76 -1.89062e-05
45.77 -1.33725e-05
45.78 -7.80507e-06
45.79 -2.22263e-06
45.8 3.35579e-06
45.81 8.91117e-06
45.82 1.44245e-05
45.83 1.98768e-05
45.84 2.52493e-05
45.85 3.05234e-05
45.86 3.56808e-05
45.87 4.07037e-05
45.88 4.55745e-05
45.89 5.02764e-05
45.9 5.4793e-05
45.91 5.91088e-05
45.92 6.32087e-05
45.93 6.70789e-05
45.94 7.07061e-05
45.95 7.4078e-05
45.96 7.71836e-05
45.97 8.00127e-05
45.98 8.2556e-05
45.99 8.48058e-05
46 8.67551e-05
46.01 8.83983e-05
46.02 8.97309e-05
46.03 9.07494e-05
46.04 9.14517e-05
46.05 9.18367e-05
46.06 9.19044e-05
46.07 9.1656e-05
46.08 9.10938e-05
46.09 9.02208e-05
46.1 8.90415e-05
46.11 8.75612e-05
46.12 8.57859e-05
46.13 8.37229e-05
46.14 8.13801e-05
46.15 7.87664e-05
46.16 7.58915e-05
46.17 7.27657e-05
46.18 6.94002e-05
46.19 6.58069e-05
46.2 6.19983e-05
46.21 5.79875e-05
46.22 5.37884e-05
46.23 4.94151e-05
46.24 4.48827e-05
46.25 4.02063e-05
46.26 3.54018e-05
46.27 3.04854e-05
46.28 2.54736e-05
46.29 2.03834e-05
46.3 1.5232e-05
46.31 1.00367e-05
46.32 4.81514e-06
46.33 -4.14857e-07
46.34 -5.63551e-06
46.35 -1.0829e-05
46.36 -1.59774e-05
46.37 -2.10632e-05
46.38 -2.60688e-05
46.39 -3.09769e-05
46.4 -3.57704e-05
46.41 -4.0433e-05
46.42 -4.49483e-05
46.43 -4.93008e-05
46.44 -5.34754e-05
46.45 -5.74579e-05
46.46 -6.12345e-05
46.47 -6.47924e-05
46.48 -6.81197e-05
46.49 -7.12051e-05
46.5 -7.40384e-05
46.51 -7.66106e-05
46.52 -7.89134e-05
46.53 -8.09396e-05
46.54 -8.26832e-05
46.55 -8.41391e-05
46.56 -8.53033e-05
46.57 -8.61729e-05
46.58 -8.67462e-05
46.59 -8.70223e-05
46.6 -8.70015e-05
46.61 -8.66852e-05
46.62 -8.60756e-05
46.63 -8.51759e-05
46.64 -8.39905e-05
46.65 -8.25245e-05
46.66 -8.07838e-05
46.67 -7.87753e-05
46.68 -7.65068e-05
46.69 -7.39868e-05
46.7 -7.12245e-05
46.71 -6.82298e-05
46.72 -6.50135e-05
46.73 -6.15868e-05
46.74 -5.79617e-05
46.75 -5.41508e-05
46.76 -5.01671e-05
46.77 -4.60243e-05
46.78 -4.17364e-05
46.79 -3.73181e-05
46.8 -3.27842e-05
46.81 -2.81501e-05
46.82 -2.34314e-05
46.83 -1.86443e-05
46.84 -1.38047e-05
46.85 -8.92924e-06
46.86 -4.03437e-06
46.87 8.63233e-07
46.88 5.74686e-06
46.89 1.05998e-05
46.9 1.54055e-05
46.91 2.01473e-05
46.92 2.48091e-05
46.93 2.93747e-05
46.94 3.38284e-05
46.95 3.81548e-05
46.96 4.23391e-05
46.97 4.63668e-05
46.98 5.02242e-05
46.99 5.3898e-05
47 5.73758e-05
47.01 6.06457e-05
47.02 6.36968e-05
47.03 6.6519e-05
47.04 6.9103e-05
47.05 7.14406e-05
47.06 7.35242e-05
47.07 7.53474e-05
47.08 7.69049e-05
47.09 7.8192e-05
47.1 7.92054e-05
47.11 7.99425e-05
47.12 8.04019e-05
47.13 8.0583e-05
47.14 8.04864e-05
47.15 8.01133e-05
47.16 7.94662e-05
47.17 7.85482e-05
47.18 7.73636e-05
47.19 7.59173e-05
47.2 7.42152e-05
47.21 7.22638e-05
47.22 7.00706e-05
47.23 6.76438e-05
47.24 6.49921e-05
47.25 6.21251e-05
47.26 5.9053e-05
47.27 5.57866e-05
47.28 5.23373e-05
47.29 4.87171e-05
47.3 4.49383e-05
47.31 4.1014e-05
47.32 3.69575e-05
47.33 3.27827e-05
47.34 2.85037e-05
47.35 2.41351e-05
47.36 1.96917e-05
47.37 1.51885e-05
47.38 1.0641e-05
47.39 6.06442e-06
47.4 1.47451e-06
47.41 -3.11314e-06
47.42 -7.68284e-06
47.43 -1.2219e-05
47.44 -1.6706e-05
47.45 -2.11284e-05
47.46 -2.54712e-05
47.47 -2.97193e-05
47.48 -3.38581e-05
47.49 -3.78735e-05
47.5 -4.17516e-05
47.51 -4.54791e-05
47.52 -4.90434e-05
47.53 -5.24322e-05
47.54 -5.56342e-05
47.55 -5.86385e-05
47.56 -6.14351e-05
47.57 -6.40149e-05
47.58 -6.63693e-05
47.59 -6.8491e-05
47.6 -7.03731e-05
47.61 -7.20099e-05
47.62 -7.33966e-05
47.63 -7.45291e-05
47.64 -7.54046e-05
47.65 -7.60208e-05
47.66 -7.63767e-05
47.67 -7.64719e-05
47.68 -7.63071e-05
47.69 -7.58838e-05
47.7 -7.52045e-05
47.71 -7.42724e-05
47.72 -7.30915e-05
47.73 -7.16667e-05
47.74 -7.00037e-05
47.75 -6.81089e-05
47.76 -6.59894e-05
47.77 -6.36531e-05
47.78 -6.11083e-05
47.79 -5.83644e-05
47.8 -5.54309e-05
47.81 -5.23183e-05
47.82 -4.90373e-05
47.83 -4.55994e-05
47.84 -4.20163e-05
47.85 -3.83004e-05
47.86 -3.44645e-05
47.87 -3.05215e-05
47.88 -2.64849e-05
47.89 -2.23685e-05
47.9 -1.81863e-05
47.91 -1.39524e-05
47.92 -9.68128e-06
47.93 -5.3875e-06
47.94 -1.08567e-06
47.95 3.20952e-06
47.96 7.48341e-06
47.97 1.17214e-05
47.98 1.59089e-05
47.99 2.00317e-05
48 2.40755e-05
48.01 2.80266e-05
48.02 3.18714e-05
48.03 3.55967e-05
48.04 3.91897e-05
48.05 4.26383e-05
48.06 4.59306e-05
48.07 4.90556e-05
48.08 5.20027e-05
48.09 5.47621e-05
48.1 5.73247e-05
48.11 5.96819e-05
48.12 6.18262e-05
48.13 6.37507e-05
48.14 6.54494e-05
48.15 6.69172e-05
48.16 6.81496e-05
48.17 6.91432e-05
48.18 6.98953e-05
48.19 7.04043e-05
48.2 7.06692e-05
48.21 7.06899e-05
48.22 7.04673e-05
48.23 7.0003e-05
48.24 6.92993e-05
48.25 6.83595e-05
48.26 6.71877e-05
48.27 6.57885e-05
48.28 6.41674e-05
48.29 6.23306e-05
48.3 6.0285e-05
48.31 5.8038e-05
48.32 5.55979e-05
48.33 5.29733e-05
48.34 5.01735e-05
48.35 4.72084e-05
48.36 4.40883e-05
48.37 4.08241e-05
48.38 3.7427e-05
48.39 3.39087e-05
48.4 3.02812e-05
48.41 2.6557e-05
48.42 2.27488e-05
48.43 1.88697e-05
48.44 1.49327e-05
48.45 1.09513e-05
48.46 6.93921e-06
48.47 2.90997e-06
48.48 -1.12261e-06
48.49 -5.14478e-06
48.5 -9.14278e-06
48.51 -1.31029e-05
48.52 -1.70117e-05
48.53 -2.08557e-05
48.54 -2.46217e-05
48.55 -2.82969e-05
48.56 -3.18687e-05
48.57 -3.53249e-05
48.58 -3.86538e-05
48.59 -4.1844e-05
48.6 -4.48846e-05
48.61 -4.77656e-05
48.62 -5.04771e-05
48.63 -5.30102e-05
48.64 -5.53566e-05
48.65 -5.75085e-05
48.66 -5.94591e-05
48.67 -6.12021e-05
48.68 -6.27321e-05
48.69 -6.40446e-05
48.7 -6.51355e-05
48.71 -6.60019e-05
48.72 -6.66416e-05
48.73 -6.7053e-05
48.74 -6.72356e-05
48.75 -6.71896e-05
48.76 -6.69157e-05
48.77 -6.64158e-05
48.78 -6.56923e-05
48.79 -6.47484e-05
48.8 -6.35881e-05
48.81 -6.22159e-05
48.82 -6.06372e-05
48.83 -5.8858e-05
48.84 -5.68849e-05
48.85 -5.4725e-05
48.86 -5.23862e-05
48.87 -4.98768e-05
48.88 -4.72057e-05
48.89 -4.43823e-05
48.9 -4.14165e-05
48.91 -3.83185e-05
48.92 -3.5099e-05
48.93 -3.17692e-05
48.94 -2.83405e-05
48.95 -2.48245e-05
48.96 -2.12335e-05
48.97 -1.75795e-05
48.98 -1.38752e-05
48.99 -1.01331e-05
49 -6.36594e-06
49.01 -2.58669e-06
49.02 1.1918e-06
49.03 4.95661e-06
49.04 8.6949e-06
49.05 1.23939e-05
49.06 1.60409e-05
49.07 1.96235e-05
49.08 2.31295e-05
49.09 2.65468e-05
49.1 2.98638e-05
49.11 3.30693e-05
49.12 3.61523e-05
49.13 3.91025e-05
49.14 4.19097e-05
49.15 4.45648e-05
49.16 4.70587e-05
49.17 4.93832e-05
49.18 5.15306e-05
49.19 5.34941e-05
49.2 5.52673e-05
49.21 5.68445e-05
49.22 5.8221e-05
49.23 5.93925e-05
49.24 6.03556e-05
49.25 6.11077e-05
49.26 6.16469e-05
49.27 6.19719e-05
49.28 6.20824e-05
49.29 6.19787e-05
49.3 6.16618e-05
49.31 6.11335e-05
49.32 6.03963e-05
49.33 5.94533e-05
49.34 5.83085e-05
49.35 5.69662e-05
49.36 5.54317e-05
49.37 5.37107e-05
49.38 5.18096e-05
49.39 4.97353e-05
49.4 4.74951e-05
49.41 4.50973e-05
49.42 4.25501e-05
49.43 3.98626e-05
49.44 3.70441e-05
49.45 3.41045e-05
49.46 3.10539e-05
49.47 2.79028e-05
49.48 2.46621e-05
49.49 2.13429e-05
49.5 1.79566e-05
49.51 1.45147e-05
49.52 1.10291e-05
49.53 7.51161e-06
49.54 3.97429e-06
49.55 4.29218e-07
49.56 -3.11149e-06
49.57 -6.63573e-06
49.58 -1.01315e-05
49.59 -1.35868e-05
49.6 -1.69898e-05
49.61 -2.0329e-05
49.62 -2.35929e-05
49.63 -2.67705e-05
49.64 -2.98508e-05
49.65 -3.28235e-05
49.66 -3.56785e-05
49.67 -3.84061e-05
49.68 -4.09973e-05
49.69 -4.34432e-05
49.7 -4.57358e-05
49.71 -4.78675e-05
49.72 -4.98314e-05
49.73 -5.16211e-05
49.74 -5.32308e-05
49.75 -5.46555e-05
49.76 -5.58909e-05
49.77 -5.69332e-05
49.78 -5.77794e-05
49.79 -5.84273e-05
49.8 -5.88751e-05
49.81 -5.91219e-05
49.82 -5.91677e-05
49.83 -5.90128e-05
49.84 -5.86584e-05
49.85 -5.81064e-05
49.86 -5.73592e-05
49.87 -5.642e-05
49.88 -5.52925e-05
49.89 -5.39812e-05
49.9 -5.24911e-05
49.91 -5.08276e-05
49.92 -4.8997e-05
49.93 -4.70058e-05
49.94 -4.48612e-05
49.95 -4.25709e-05
49.96 -4.01429e-05
49.97 -3.75858e-05
49.98 -3.49085e-05
49.99 -3.21203e-05
50 -2.92309e-05
50.01 -2.62502e-05
50.02 -2.31885e-05
50.03 -2.00563e-05
50.04 -1.68644e-05
50.05 -1.36237e-05
50.06 -1.03453e-05
50.07 -7.04043e-06
50.08 -3.72032e-06
50.09 -3.96368e-07
50.1 2.92009e-06
50.11 6.21772e-06
50.12 9.48527e-06
50.13 1.27116e-05
50.14 1.58857e-05
50.15 1.89967e-05
50.16 2.2034e-05
50.17 2.49874e-05
50.18 2.78469e-05
50.19 3.06026e-05
50.2 3.32453e-05
50.21 3.57662e-05
50.22 3.81568e-05
50.23 4.04091e-05
50.24 4.25156e-05
50.25 4.44695e-05
50.26 4.62643e-05
50.27 4.78944e-05
50.28 4.93544e-05
50.29 5.06399e-05
50.3 5.17468e-05
50.31 5.2672e-05
50.32 5.34126e-05
50.33 5.39668e-05
50.34 5.43332e-05
50.35 5.45111e-05
50.36 5.45005e-05
50.37 5.4302e-05
50.38 5.39167e-05
50.39 5.33467e-05
50.4 5.25944e-05
50.41 5.16629e-05
50.42 5.05559e-05
50.43 4.92777e-05
50.44 4.7833e-05
50.45 4.62273e-05
50.46 4.44664e-05
50.47 4.25567e-05
50.48 4.0505e-05
50.49 3.83187e-05
50.5 3.60054e-05
50.51 3.35733e-05
50.52 3.10308e-05
50.53 2.83869e-05
50.54 2.56507e-05
50.55 2.28315e-05
50.56 1.99393e-05
50.57 1.69838e-05
50.58 1.39753e-05
50.59 1.09241e-05
50.6 7.84056e-06
50.61 4.73533e-06
50.62 1.619e-06
50.63 -1.49777e-06
50.64 -4.60433e-06
50.65 -7.69007e-06
50.66 -1.07445e-05
50.67 -1.37571e-05
50.68 -1.67177e-05
50.69 -1.96161e-05
50.7 -2.24427e-05
50.71 -2.51876e-05
50.72 -2.78417e-05
50.73 -3.03959e-05
50.74 -3.28418e-05
50.75 -3.5171e-05
50.76 -3.73758e-05
50.77 -3.94488e-05
50.78 -4.13833e-05
50.79 -4.31729e-05
50.8 -4.48117e-05
50.81 -4.62946e-05
50.82 -4.76167e-05
50.83 -4.87741e-05
50.84 -4.97632e-05
50.85 -5.0581e-05
50.86 -5.12253e-05
50.87 -5.16942e-05
50.88 -5.19868e-05
50.89 -5.21026e-05
50.9 -5.20417e-05
50.91 -5.18048e-05
50.92 -5.13932e-05
50.93 -5.08089e-05
50.94 -5.00544e-05
50.95 -4.91328e-05
50.96 -4.80475e-05
50.97 -4.68029e-05
50.98 -4.54036e-05
50.99 -4.38547e-05
51 -4.21619e-05
51.01 -4.03312e-05
51.02 -3.83694e-05
51.03 -3.62832e-05
51.04 -3.40802e-05
51.05 -3.17679e-05
51.06 -2.93546e-05
51.07 -2.68485e-05
51.08 -2.42584e-05
51.09 -2.15932e-05
51.1 -1.88622e-05
51.11 -1.60747e-05
51.12 -1.32403e-05
51.13 -1.03688e-05
51.14 -7.46985e-06
51.15 -4.55354e-06
51.16 -1.6298e-06
51.17 1.29138e-06
51.18 4.20002e-06
51.19 7.0862e-06
51.2 9.94008e-06
51.21 1.27519e-05
51.22 1.55122e-05
51.23 1.82115e-05
51.24 2.08406e-05
51.25 2.33907e-05
51.26 2.58532e-05
51.27 2.82197e-05
51.28 3.04823e-05
51.29 3.26334e-05
51.3 3.46659e-05
51.31 3.6573e-05
51.32 3.83485e-05
51.33 3.99866e-05
51.34 4.14819e-05
51.35 4.28297e-05
51.36 4.40257e-05
51.37 4.50663e-05
51.38 4.59482e-05
51.39 4.66689e-05
51.4 4.72263e-05
51.41 4.76191e-05
51.42 4.78462e-05
51.43 4.79075e-05
51.44 4.78032e-05
51.45 4.75342e-05
51.46 4.71017e-05
51.47 4.65078e-05
51.48 4.5755e-05
51.49 4.48462e-05
51.5 4.3785e-05
51.51 4.25754e-05
51.52 4.1222e-05
51.53 3.97296e-05
51.54 3.81038e-05
51.55 3.63503e-05
51.56 3.44755e-05
51.57 3.2486e-05
51.58 3.03888e-05
51.59 2.81912e-05
51.6 2.5901e-05
51.61 2.35262e-05
51.62 2.10748e-05
51.63 1.85556e-05
51.64 1.5977e-05
51.65 1.33481e-05
51.66 1.06779e-05
51.67 7.97548e-06
51.68 5.25016e-06
51.69 2.51127e-06
51.7 -2.3181e-07
51.71 -2.96971e-06
51.72 -5.69309e-06
51.73 -8.39263e-06
51.74 -1.10592e-05
51.75 -1.36836e-05
51.76 -1.6257e-05
51.77 -1.87706e-05
51.78 -2.12159e-05
51.79 -2.35848e-05
51.8 -2.5869e-05
51.81 -2.80611e-05
51.82 -3.01536e-05
51.83 -3.21395e-05
51.84 -3.40123e-05
51.85 -3.57658e-05
51.86 -3.73942e-05
51.87 -3.88922e-05
51.88 -4.0255e-05
51.89 -4.14783e-05
51.9 -4.25581e-05
51.91 -4.34913e-05
51.92 -4.4275e-05
51.93 -4.49068e-05
51.94 -4.53851e-05
51.95 -4.57086e-05
51.96 -4.58767e-05
51.97 -4.58892e-05
51.98 -4.57466e-05
51.99 -4.54497e-05
52 -4.5e-05
52.01 -4.43995e-05
52.02 -4.36506e-05
52.03 -4.27564e-05
52.04 -4.17202e-05
52.05 -4.05459e-05
52.06 -3.9238e-05
52.07 -3.78011e-05
52.08 -3.62406e-05
52.09 -3.4562e-05
52.1 -3.27713e-05
52.11 -3.08748e-05
52.12 -2.88794e-05
52.13 -2.67918e-05
52.14 -2.46195e-05
52.15 -2.23699e-05
52.16 -2.0051e-05
52.17 -1.76707e-05
52.18 -1.52373e-05
52.19 -1.2759e-05
52.2 -1.02446e-05
52.21 -7.70247e-06
52.22 -5.14147e-06
52.23 -2.57034e-06
52.24 2.12716e-09
52.25 2.56714e-06
52.26 5.11594e-06
52.27 7.63985e-06
52.28 1.01303e-05
52.29 1.25787e-05
52.3 1.49769e-05
52.31 1.73167e-05
52.32 1.95902e-05
52.33 2.17897e-05
52.34 2.39077e-05
52.35 2.59373e-05
52.36 2.78717e-05
52.37 2.97043e-05
52.38 3.14291e-05
52.39 3.30404e-05
52.4 3.4533e-05
52.41 3.5902e-05
52.42 3.7143e-05
52.43 3.82522e-05
52.44 3.92259e-05
52.45 4.00612e-05
52.46 4.07557e-05
52.47 4.13072e-05
52.48 4.17144e-05
52.49 4.19762e-05
52.5 4.20921e-05
52.51 4.20621e-05
52.52 4.18868e-05
52.53 4.15671e-05
52.54 4.11045e-05
52.55 4.05011e-05
52.56 3.97591e-05
52.57 3.88816e-05
52.58 3.78718e-05
52.59 3.67337e-05
52.6 3.54713e-05
52.61 3.40893e-05
52.62 3.25926e-05
52.63 3.09868e-05
52.64 2.92773e-05
52.65 2.74705e-05
52.66 2.55725e-05
52.67 2.359e-05
52.68 2.15301e-05
52.69 1.93997e-05
52.7 1.72064e-05
52.71 1.49578e-05
52.72 1.26615e-05
52.73 1.03256e-05
52.74 7.95795e-06
52.75 5.56682e-06
52.76 3.16036e-06
52.77 7.46834e-07
52.78 -1.66551e-06
52.79 -4.06844e-06
52.8 -6.45374e-06
52.81 -8.8133e-06
52.82 -1.11391e-05
52.83 -1.34232e-05
52.84 -1.56578e-05
52.85 -1.78355e-05
52.86 -1.99488e-05
52.87 -2.19907e-05
52.88 -2.39542e-05
52.89 -2.58328e-05
52.9 -2.76202e-05
52.91 -2.93105e-05
52.92 -3.08982e-05
52.93 -3.23779e-05
52.94 -3.37449e-05
52.95 -3.49947e-05
52.96 -3.61234e-05
52.97 -3.71273e-05
52.98 -3.80034e-05
52.99 -3.87489e-05
53 -3.93618e-05
53.01 -3.98401e-05
53.02 -4.01827e-05
53.03 -4.03887e-05
53.04 -4.04578e-05
53.05 -4.03902e-05
53.06 -4.01864e-05
53.07 -3.98475e-05
53.08 -3.9375e-05
53.09 -3.87709e-05
53.1 -3.80377e-05
53.11 -3.71782e-05
53.12 -3.61955e-05
53.13 -3.50935e-05
53.14 -3.38761e-05
53.15 -3.25477e-05
53.16 -3.11133e-05
53.17 -2.95779e-05
53.18 -2.79469e-05
53.19 -2.62262e-05
53.2 -2.44218e-05
53.21 -2.254e-05
53.22 -2.05874e-05
53.23 -1.85708e-05
53.24 -1.64972e-05
53.25 -1.43738e-05
53.26 -1.22079e-05
53.27 -1.0007e-05
53.28 -7.77858e-06
53.29 -5.53038e-06
53.3 -3.27009e-06
53.31 -1.00544e-06
53.32 1.25583e-06
53.33 3.50599e-06
53.34 5.73737e-06
53.35 7.94238e-06
53.36 1.01135e-05
53.37 1.22434e-05
53.38 1.43248e-05
53.39 1.63508e-05
53.4 1.83144e-05
53.41 2.02091e-05
53.42 2.20285e-05
53.43 2.37666e-05
53.44 2.54175e-05
53.45 2.69758e-05
53.46 2.84364e-05
53.47 2.97944e-05
53.48 3.10454e-05
53.49 3.21855e-05
53.5 3.32109e-05
53.51 3.41185e-05
53.52 3.49054e-05
53.53 3.55692e-05
53.54 3.61081e-05
53.55 3.65204e-05
53.56 3.6805e-05
53.57 3.69615e-05
53.58 3.69895e-05
53.59 3.68893e-05
53.6 3.66616e-05
53.61 3.63076e-05
53.62 3.58286e-05
53.63 3.52268e-05
53.64 3.45046e-05
53.65 3.36645e-05
53.66 3.271e-05
53.67 3.16444e-05
53.68 3.04717e-05
53.69 2.91961e-05
53.7 2.78223e-05
53.71 2.63552e-05
53.72 2.47999e-05
53.73 2.3162e-05
53.74 2.14472e-05
53.75 1.96615e-05
53.76 1.78113e-05
53.77 1.59028e-05
53.78 1.39428e-05
53.79 1.1938e-05
53.8 9.89532e-06
53.81 7.82187e-06
53.82 5.72473e-06
53.83 3.61113e-06
53.84 1.4883e-06
53.85 -6.36488e-07
53.86 -2.75597e-06
53.87 -4.8629e-06
53.88 -6.95012e-06
53.89 -9.0105e-06
53.9 -1.10371e-05
53.91 -1.30229e-05
53.92 -1.49614e-05
53.93 -1.68458e-05
53.94 -1.867e-05
53.95 -2.04277e-05
53.96 -2.21132e-05
53.97 -2.37206e-05
53.98 -2.52448e-05
53.99 -2.66806e-05
54 -2.80234e-05
54.01 -2.92688e-05
54.02 -3.04127e-05
54.03 -3.14514e-05
54.04 -3.23817e-05
54.05 -3.32006e-05
54.06 -3.39057e-05
54.07 -3.44947e-05
54.08 -3.49659e-05
54.09 -3.53181e-05
54.1 -3.55504e-05
54.11 -3.56623e-05
54.12 -3.56536e-05
54.13 -3.55249e-05
54.14 -3.52768e-05
54.15 -3.49104e-05
54.16 -3.44275e-05
54.17 -3.38298e-05
54.18 -3.31197e-05
54.19 -3.23001e-05
54.2 -3.13738e-05
54.21 -3.03444e-05
54.22 -2.92157e-05
54.23 -2.79916e-05
54.24 -2.66766e-05
54.25 -2.52755e-05
54.26 -2.37931e-05
54.27 -2.22347e-05
54.28 -2.06059e-05
54.29 -1.89122e-05
54.3 -1.71596e-05
54.31 -1.53543e-05
54.32 -1.35024e-05
54.33 -1.16104e-05
54.34 -9.68475e-06
54.35 -7.7322e-06
54.36 -5.75942e-06
54.37 -3.77317e-06
54.38 -1.78026e-06
54.39 2.12475e-07
54.4 2.19824e-06
54.41 4.17025e-06
54.42 6.12181e-06
54.43 8.04626e-06
54.44 9.93709e-06
54.45 1.17879e-05
54.46 1.35924e-05
54.47 1.53445e-05
54.48 1.70384e-05
54.49 1.86683e-05
54.5 2.02289e-05
54.51 2.17148e-05
54.52 2.31213e-05
54.53 2.44436e-05
54.54 2.56774e-05
54.55 2.68187e-05
54.56 2.78637e-05
54.57 2.88093e-05
54.58 2.96522e-05
54.59 3.039e-05
54.6 3.10204e-05
54.61 3.15413e-05
54.62 3.19515e-05
54.63 3.22497e-05
54.64 3.24352e-05
54.65 3.25077e-05
54.66 3.24671e-05
54.67 3.23141e-05
54.68 3.20493e-05
54.69 3.16739e-05
54.7 3.11896e-05
54.71 3.05982e-05
54.72 2.99021e-05
54.73 2.91038e-05
54.74 2.82065e-05
54.75 2.72133e-05
54.76 2.61279e-05
54.77 2.49542e-05
54.78 2.36964e-05
54.79 2.23591e-05
54.8 2.09469e-05
54.81 1.94648e-05
54.82 1.79181e-05
54.83 1.63121e-05
54.84 1.46525e-05
54.85 1.29451e-05
54.86 1.11957e-05
54.87 9.41042e-06
54.88 7.59544e-06
54.89 5.75699e-06
54.9 3.9014e-06
54.91 2.03505e-06
54.92 1.64323e-07
54.93 -1.70437e-06
54.94 -3.56466e-06
54.95 -5.41019e-06
54.96 -7.23469e-06
54.97 -9.03196e-06
54.98 -1.07959e-05
54.99 -1.25205e-05
