0.01 -1.46556e-08
0.02 -5.92421e-07
0.03 -1.5918e-06
0.04 -2.82393e-06
0.05 -4.18862e-06
0.06 -5.70254e-06
0.07 -7.43888e-06
0.08 -9.45055e-06
0.09 -1.17412e-05
0.1 -1.42874e-05
0.11 -1.70697e-05
0.12 -2.00669e-05
0.13 -2.32269e-05
0.14 -2.64714e-05
0.15 -2.97344e-05
0.16 -3.29763e-05
0.17 -3.61822e-05
0.18 -3.9378e-05
0.19 -4.26208e-05
0.2 -4.59387e-05
0.21 -4.92957e-05
0.22 -5.2617e-05
0.23 -5.58305e-05
0.24 -5.89074e-05
0.25 -6.18502e-05
0.26 -6.46463e-05
0.27 -6.73113e-05
0.28 -6.99412e-05
0.29 -7.26339e-05
0.3 -7.53731e-05
0.31 -7.80268e-05
0.32 -8.05106e-05
0.33 -8.28713e-05
0.34 -8.51119e-05
0.35 -8.71292e-05
0.36 -8.89222e-05
0.37 -9.05998e-05
0.38 -9.21816e-05
0.39 -9.3635e-05
0.4 -9.49978e-05
0.41 -9.63231e-05
0.42 -9.76017e-05
0.43 -9.8731e-05
0.44 -9.96549e-05
0.45 -0.000100538
0.46 -0.000101473
0.47 -0.000102213
0.48 -0.000102665
0.49 -0.000103259
0.5 -0.000104335
0.51 -0.000105606
0.52 -0.000106651
0.53 -0.000107546
0.54 -0.000108494
0.55 -0.000109255
0.56 -0.000109537
0.57 -0.000109603
0.58 -0.000109858
0.59 -0.000110257
0.6 -0.000110564
0.61 -0.000110565
0.62 -0.000109961
0.63 -0.000108641
0.64 -0.000106882
0.65 -0.000105036
0.66 -0.000103073
0.67 -0.000100462
0.68 -9.67759e-05
0.69 -9.24795e-05
0.7 -8.8427e-05
0.71 -8.45897e-05
0.72 -8.04472e-05
0.73 -7.63739e-05
0.74 -7.3179e-05
0.75 -7.07592e-05
0.76 -6.85251e-05
0.77 -6.64249e-05
0.78 -6.48174e-05
0.79 -6.42399e-05
0.8 -6.49458e-05
0.81 -6.57822e-05
0.82 -6.46956e-05
0.83 -6.11634e-05
0.84 -5.7026e-05
0.85 -5.41767e-05
0.86 -5.21698e-05
0.87 -4.92259e-05
0.88 -4.51024e-05
0.89 -4.11521e-05
0.9 -3.77309e-05
0.91 -3.37676e-05
0.92 -2.87675e-05
0.93 -2.30693e-05
0.94 -1.718e-05
0.95 -1.21638e-05
0.96 -8.46551e-06
0.97 -4.73437e-06
0.98 5.00787e-08
0.99 4.93005e-06
1 8.16099e-06
1.01 8.37882e-06
1.02 5.17297e-06
1.03 -5.22942e-07
1.04 -7.3993e-06
1.05 -1.48042e-05
1.06 -2.22356e-05
1.07 -2.96435e-05
1.08 -3.86512e-05
1.09 -5.08264e-05
1.1 -6.46293e-05
1.11 -7.66361e-05
1.12 -8.51735e-05
1.13 -9.09888e-05
1.14 -9.59827e-05
1.15 -0.000101905
1.16 -0.000108531
1.17 -0.000114099
1.18 -0.000118453
1.19 -0.000123028
1.2 -0.000127886
1.21 -0.000132435
1.22 -0.000137866
1.23 -0.000145712
1.24 -0.000155549
1.25 -0.000165885
1.26 -0.000176191
1.27 -0.000187314
1.28 -0.000200085
1.29 -0.00021449
1.3 -0.0002304
1.31 -0.000247506
1.32 -0.000265176
1.33 -0.000283712
1.34 -0.000303891
1.35 -0.00032544
1.36 -0.00034779
1.37 -0.000370446
1.38 -0.000392551
1.39 -0.000413698
1.4 -0.000433473
1.41 -0.000450741
1.42 -0.000465472
1.43 -0.000479195
1.44 -0.000492661
1.45 -0.000505613
1.46 -0.000518412
1.47 -0.000531999
1.48 -0.000547275
1.49 -0.000564527
1.5 -0.000582739
1.51 -0.000600549
1.52 -0.000617191
1.53 -0.000631968
1.54 -0.000644967
1.55 -0.000657509
1.56 -0.0006702
1.57 -0.000682375
1.58 -0.000693272
1.59 -0.000702532
1.6 -0.000711198
1.61 -0.000721676
1.62 -0.000733826
1.63 -0.000742506
1.64 -0.000741679
1.65 -0.000729912
1.66 -0.000712433
1.67 -0.000697911
1.68 -0.000690497
1.69 -0.000686063
1.7 -0.000678202
1.71 -0.000665399
1.72 -0.000649881
1.73 -0.000633251
1.74 -0.000615889
1.75 -0.00059749
1.76 -0.000578291
1.77 -0.000561013
1.78 -0.000548684
1.79 -0.000540144
1.8 -0.000530414
1.81 -0.000515521
1.82 -0.000495568
1.83 -0.00047326
1.84 -0.000450641
1.85 -0.000428646
1.86 -0.00040902
1.87 -0.000393563
1.88 -0.000380374
1.89 -0.000364387
1.9 -0.000343738
1.91 -0.000321675
1.92 -0.000301016
1.93 -0.000280957
1.94 -0.000259188
1.95 -0.000234065
1.96 -0.000205055
1.97 -0.000172419
1.98 -0.000136683
1.99 -9.78875e-05
2 -5.53815e-05
2.01 -9.5776e-06
2.02 3.6751e-05
2.03 8.03343e-05
2.04 0.000120099
2.05 0.000157587
2.06 0.000194621
2.07 0.000231149
2.08 0.000266686
2.09 0.00030266
2.1 0.000340788
2.11 0.000379014
2.12 0.000411457
2.13 0.00043387
2.14 0.000448715
2.15 0.000464178
2.16 0.000486423
2.17 0.000512427
2.18 0.000532785
2.19 0.000541753
2.2 0.000542577
2.21 0.000543095
2.22 0.000547799
2.23 0.000555454
2.24 0.000563807
2.25 0.000573312
2.26 0.000585175
2.27 0.000598653
2.28 0.000611901
2.29 0.000623938
2.3 0.000633427
2.31 0.000635772
2.32 0.000625927
2.33 0.000605949
2.34 0.000586178
2.35 0.000576803
2.36 0.000578442
2.37 0.000581992
2.38 0.000577903
2.39 0.000562993
2.4 0.000537717
2.41 0.000502312
2.42 0.000459883
2.43 0.000419023
2.44 0.000386297
2.45 0.000357829
2.46 0.00032472
2.47 0.000284069
2.48 0.000238284
2.49 0.000187577
2.5 0.000130712
2.51 7.08737e-05
2.52 1.55727e-05
2.53 -2.78808e-05
2.54 -5.61896e-05
2.55 -7.2292e-05
2.56 -8.36475e-05
2.57 -9.74326e-05
2.58 -0.00011787
2.59 -0.000145288
2.6 -0.0001752
2.61 -0.000200027
2.62 -0.00021224
2.63 -0.00020776
2.64 -0.000189883
2.65 -0.00016798
2.66 -0.000151336
2.67 -0.000146138
2.68 -0.000154426
2.69 -0.000171054
2.7 -0.000185011
2.71 -0.000187694
2.72 -0.000178489
2.73 -0.000162837
2.74 -0.000148196
2.75 -0.000141716
2.76 -0.000147789
2.77 -0.000164062
2.78 -0.000179957
2.79 -0.000183443
2.8 -0.000171613
2.81 -0.000152009
2.82 -0.000133281
2.83 -0.000118031
2.84 -0.000104313
2.85 -9.02068e-05
2.86 -7.65265e-05
2.87 -6.63002e-05
2.88 -6.00032e-05
2.89 -5.1588e-05
2.9 -3.29665e-05
2.91 -3.27443e-06
2.92 2.9068e-05
2.93 5.52553e-05
2.94 7.55463e-05
2.95 9.8165e-05
2.96 0.000130837
2.97 0.000175504
2.98 0.000230114
2.99 0.00029443
3 0.000373181
3.01 0.000470529
3.02 0.000581692
3.03 0.000695547
3.04 0.000807121
3.05 0.000922245
3.06 0.00104773
3.07 0.00118207
3.08 0.00131767
3.09 0.00144813
3.1 0.00157186
3.11 0.00169056
3.12 0.00180431
3.13 0.00190883
3.14 0.00200023
3.15 0.00208283
3.16 0.00216693
3.17 0.00225658
3.18 0.00234401
3.19 0.0024177
3.2 0.00247237
3.21 0.00251033
3.22 0.00253769
3.23 0.00256111
3.24 0.00258597
3.25 0.00261712
3.26 0.00265878
3.27 0.00271044
3.28 0.00276518
3.29 0.00281362
3.3 0.00284755
3.31 0.00286183
3.32 0.0028579
3.33 0.00284478
3.34 0.00283456
3.35 0.00283654
3.36 0.00285319
3.37 0.00287869
3.38 0.00290205
3.39 0.00291281
3.4 0.00290562
3.41 0.0028823
3.42 0.00284973
3.43 0.00281379
3.44 0.00277402
3.45 0.00272462
3.46 0.00266027
3.47 0.00258043
3.48 0.00248918
3.49 0.0023923
3.5 0.00229444
3.51 0.00219991
3.52 0.00211465
3.53 0.0020424
3.54 0.00197701
3.55 0.00190261
3.56 0.00180411
3.57 0.00167681
3.58 0.00152723
3.59 0.00136741
3.6 0.00120765
3.61 0.00105192
3.62 0.000897835
3.63 0.000738535
3.64 0.000565322
3.65 0.000370881
3.66 0.000151472
3.67 -9.09066e-05
3.68 -0.000347138
3.69 -0.000605064
3.7 -0.00085641
3.71 -0.00109739
3.72 -0.0013247
3.73 -0.00153713
3.74 -0.00174164
3.75 -0.00195517
3.76 -0.00219741
3.77 -0.00247373
3.78 -0.00275744
3.79 -0.00299703
3.8 -0.00315938
3.81 -0.00326972
3.82 -0.00339223
3.83 -0.00356116
3.84 -0.00374201
3.85 -0.00386741
3.86 -0.00389848
3.87 -0.00384445
3.88 -0.0037398
3.89 -0.00362138
3.9 -0.00352222
3.91 -0.00346674
3.92 -0.00346107
3.93 -0.00348781
3.94 -0.00351356
3.95 -0.00350682
3.96 -0.00345195
3.97 -0.0033508
3.98 -0.00321809
3.99 -0.0030761
4 -0.00294796
4.01 -0.00284895
4.02 -0.00277961
4.03 -0.00272547
4.04 -0.00266349
4.05 -0.00257241
4.06 -0.00244304
4.07 -0.00228128
4.08 -0.00210204
4.09 -0.00192064
4.1 -0.00174507
4.11 -0.00157091
4.12 -0.00138403
4.13 -0.00117064
4.14 -0.000925628
4.15 -0.000653278
4.16 -0.000363212
4.17 -6.63634e-05
4.18 0.000223666
4.19 0.000484414
4.2 0.000685393
4.21 0.000802407
4.22 0.000834646
4.23 0.000806407
4.24 0.000750084
4.25 0.000687223
4.26 0.000622291
4.27 0.000548041
4.28 0.000452037
4.29 0.000318328
4.3 0.000129655
4.31 -0.000124564
4.32 -0.000438185
4.33 -0.000782803
4.34 -0.00111055
4.35 -0.00136709
4.36 -0.00151599
4.37 -0.00156441
4.38 -0.0015645
4.39 -0.00157913
4.4 -0.00163636
4.41 -0.00171284
4.42 -0.00176167
4.43 -0.00175492
4.44 -0.001697
4.45 -0.00160497
4.46 -0.00148966
4.47 -0.00135604
4.48 -0.00121029
4.49 -0.00105906
4.5 -0.000902525
4.51 -0.000730366
4.52 -0.000523953
4.53 -0.000263988
4.54 5.78454e-05
4.55 0.000429199
4.56 0.00081591
4.57 0.00117011
4.58 0.00144607
4.59 0.00162174
4.6 0.00171595
4.61 0.00178432
4.62 0.00188697
4.63 0.00204649
4.64 0.00222878
4.65 0.00236985
4.66 0.00243422
4.67 0.00244728
4.68 0.00246118
4.69 0.00249529
4.7 0.00252344
4.71 0.00251341
4.72 0.00246432
4.73 0.00240606
4.74 0.0023703
4.75 0.00236464
4.76 0.00237207
4.77 0.00236971
4.78 0.00234695
4.79 0.00231077
4.8 0.00227585
4.81 0.00224925
4.82 0.00222587
4.83 0.00219732
4.84 0.00216096
4.85 0.00211931
4.86 0.00207371
4.87 0.00202113
4.88 0.00195938
4.89 0.00189501
4.9 0.0018413
4.91 0.00180651
4.92 0.00178741
4.93 0.00177423
4.94 0.00175837
4.95 0.00173544
4.96 0.00170412
4.97 0.00166497
4.98 0.00162275
4.99 0.00158972
5 0.00158164
5.01 0.00160591
5.02 0.00165251
5.03 0.00169755
5.04 0.00171754
5.05 0.00170285
5.06 0.0016596
5.07 0.0015996
5.08 0.00152937
5.09 0.00144949
5.1 0.00136113
5.11 0.00126696
5.12 0.0011642
5.13 0.00104055
5.14 0.000880575
5.15 0.000677785
5.16 0.00044062
5.17 0.000186478
5.18 -7.08518e-05
5.19 -0.000328556
5.2 -0.000589341
5.21 -0.000847497
5.22 -0.00108066
5.23 -0.0012613
5.24 -0.00138146
5.25 -0.00146161
5.26 -0.00153321
5.27 -0.00161624
5.28 -0.00170889
5.29 -0.00178908
5.3 -0.00182775
5.31 -0.00181136
5.32 -0.00175557
5.33 -0.00169385
5.34 -0.00164987
5.35 -0.00161952
5.36 -0.00157895
5.37 -0.00150812
5.38 -0.00140414
5.39 -0.00127557
5.4 -0.00113126
5.41 -0.000976077
5.42 -0.0008141
5.43 -0.000653146
5.44 -0.0005052
5.45 -0.000381858
5.46 -0.000288541
5.47 -0.000223325
5.48 -0.000180749
5.49 -0.000157661
5.5 -0.000158386
5.51 -0.000193729
5.52 -0.000273779
5.53 -0.000402619
5.54 -0.000579118
5.55 -0.000799385
5.56 -0.00105376
5.57 -0.00131938
5.58 -0.00156097
5.59 -0.00174566
5.6 -0.00186038
5.61 -0.00191872
5.62 -0.00195044
5.63 -0.00197778
5.64 -0.00200154
5.65 -0.00201321
5.66 -0.00201319
5.67 -0.00200812
5.68 -0.00199489
5.69 -0.00195802
5.7 -0.00188317
5.71 -0.00176858
5.72 -0.00162536
5.73 -0.0014714
5.74 -0.00132496
5.75 -0.00119832
5.76 -0.00109197
5.77 -0.000994409
5.78 -0.000888728
5.79 -0.000762595
5.8 -0.000617469
5.81 -0.00046794
5.82 -0.000330363
5.83 -0.00021555
5.84 -0.000131911
5.85 -8.84165e-05
5.86 -9.04409e-05
5.87 -0.000135214
5.88 -0.000213994
5.89 -0.000317037
5.9 -0.000434216
5.91 -0.000552997
5.92 -0.000660857
5.93 -0.000750862
5.94 -0.000821429
5.95 -0.000870331
5.96 -0.000892783
5.97 -0.000886938
5.98 -0.000858287
5.99 -0.000815225
6 -0.00076145
6.01 -0.000695477
6.02 -0.000615744
6.03 -0.000523783
6.04 -0.000423603
6.05 -0.000318549
6.06 -0.000207397
6.07 -8.31561e-05
6.08 6.36571e-05
6.09 0.000238937
6.1 0.000439462
6.11 0.000650884
6.12 0.000850268
6.13 0.00101339
6.14 0.00112485
6.15 0.00118417
6.16 0.00120561
6.17 0.0012146
6.18 0.00123689
6.19 0.00128048
6.2 0.00132942
6.21 0.00136176
6.22 0.00136999
6.23 0.00136042
6.24 0.00133946
6.25 0.00130691
6.26 0.00125974
6.27 0.00119641
6.28 0.00111548
6.29 0.00101334
6.3 0.000886551
6.31 0.000734216
6.32 0.000555067
6.33 0.000346622
6.34 0.000110485
6.35 -0.000145178
6.36 -0.000409285
6.37 -0.000671104
6.38 -0.000920632
6.39 -0.00114877
6.4 -0.00134972
6.41 -0.00152474
6.42 -0.00168376
6.43 -0.00184281
6.44 -0.00201614
6.45 -0.00220162
6.46 -0.00237179
6.47 -0.00249325
6.48 -0.00256514
6.49 -0.0026308
6.5 -0.00274058
6.51 -0.00290178
6.52 -0.00306781
6.53 -0.003176
6.54 -0.00319414
6.55 -0.00313547
6.56 -0.00304086
6.57 -0.00295327
6.58 -0.00290148
6.59 -0.00289516
6.6 -0.00292826
6.61 -0.00298621
6.62 -0.00305119
6.63 -0.00310344
6.64 -0.00312379
6.65 -0.00310156
6.66 -0.00304269
6.67 -0.00296888
6.68 -0.00290467
6.69 -0.00286024
6.7 -0.00282442
6.71 -0.00277421
6.72 -0.00269211
6.73 -0.00257587
6.74 -0.00243557
6.75 -0.00228562
6.76 -0.00213845
6.77 -0.00200178
6.78 -0.00187719
6.79 -0.00175963
6.8 -0.00163936
6.81 -0.00150482
6.82 -0.00134394
6.83 -0.00114607
6.84 -0.000906231
6.85 -0.000627412
6.86 -0.000317914
6.87 1.38437e-05
6.88 0.000361516
6.89 0.000715564
6.9 0.0010558
6.91 0.00135377
6.92 0.00158861
6.93 0.00176422
6.94 0.00191143
6.95 0.00207203
6.96 0.002272
6.97 0.00249621
6.98 0.00268938
6.99 0.00280008
7 0.00283573
7.01 0.00286416
7.02 0.00294965
7.03 0.00309169
7.04 0.00323326
7.05 0.00331991
7.06 0.00333827
7.07 0.00330667
7.08 0.00325089
7.09 0.00319427
7.1 0.00315733
7.11 0.00315425
7.12 0.00318636
7.13 0.00324151
7.14 0.00330126
7.15 0.00334761
7.16 0.0033653
7.17 0.00334693
7.18 0.00330005
7.19 0.00324444
7.2 0.00320024
7.21 0.00317931
7.22 0.00318296
7.23 0.00320239
7.24 0.00322346
7.25 0.00323517
7.26 0.00323506
7.27 0.00322831
7.28 0.00322305
7.29 0.00322524
7.3 0.00323589
7.31 0.00325172
7.32 0.00326846
7.33 0.00328377
7.34 0.00329669
7.35 0.00330484
7.36 0.00330361
7.37 0.00328858
7.38 0.00325786
7.39 0.00321272
7.4 0.00315707
7.41 0.00309536
7.42 0.00302942
7.43 0.00295832
7.44 0.00288106
7.45 0.00279752
7.46 0.00270729
7.47 0.00260993
7.48 0.00250629
7.49 0.00239763
7.5 0.00228289
7.51 0.00215696
7.52 0.00201278
7.53 0.00184557
7.54 0.00165488
7.55 0.00144287
7.56 0.00121189
7.57 0.0009634
7.58 0.000697294
7.59 0.000410305
7.6 9.42136e-05
7.61 -0.000260152
7.62 -0.000648272
7.63 -0.00103736
7.64 -0.00137216
7.65 -0.00160436
7.66 -0.00172321
7.67 -0.00176305
7.68 -0.0017842
7.69 -0.00183907
7.7 -0.00193851
7.71 -0.00204178
7.72 -0.00208867
7.73 -0.00205261
7.74 -0.0019612
7.75 -0.00186322
7.76 -0.00178277
7.77 -0.00170882
7.78 -0.0016204
7.79 -0.00151174
7.8 -0.00139237
7.81 -0.00127021
7.82 -0.00114231
7.83 -0.00100011
7.84 -0.000838835
7.85 -0.00066225
7.86 -0.000481239
7.87 -0.000306857
7.88 -0.00014291
7.89 1.37411e-05
7.9 0.000166346
7.91 0.000313282
7.92 0.000448034
7.93 0.000562515
7.94 0.000649696
7.95 0.000703145
7.96 0.0007178
7.97 0.000694209
7.98 0.000640193
7.99 0.000565252
8 0.0004731
8.01 0.000359685
8.02 0.000216787
8.03 3.64715e-05
8.04 -0.000187189
8.05 -0.000455937
8.06 -0.000760786
8.07 -0.00107528
8.08 -0.00135877
8.09 -0.00157595
8.1 -0.00172073
8.11 -0.0018233
8.12 -0.0019318
8.13 -0.00207876
8.14 -0.00225531
8.15 -0.00241713
8.16 -0.00252341
8.17 -0.002574
8.18 -0.00260668
8.19 -0.00265921
8.2 -0.00273736
8.21 -0.00281541
8.22 -0.00286106
8.23 -0.00285969
8.24 -0.00281946
8.25 -0.00275904
8.26 -0.0026954
8.27 -0.00264081
8.28 -0.0026032
8.29 -0.00258491
8.3 -0.00258203
8.31 -0.00258577
8.32 -0.0025848
8.33 -0.00256778
8.34 -0.00252674
8.35 -0.00246106
8.36 -0.00237937
8.37 -0.00229545
8.38 -0.00221917
8.39 -0.00214939
8.4 -0.00207538
8.41 -0.00198545
8.42 -0.00187475
8.43 -0.00174693
8.44 -0.0016098
8.45 -0.00146921
8.46 -0.00132643
8.47 -0.00117914
8.48 -0.00102267
8.49 -0.000849787
8.5 -0.000651509
8.51 -0.000420575
8.52 -0.000155276
8.53 0.000138446
8.54 0.000446015
8.55 0.000744045
8.56 0.00100446
8.57 0.00120578
8.58 0.0013464
8.59 0.00144886
8.6 0.00155013
8.61 0.00168414
8.62 0.00186561
8.63 0.0020796
8.64 0.00228372
8.65 0.0024306
8.66 0.00250153
8.67 0.00252152
8.68 0.00253585
8.69 0.0025691
8.7 0.00260753
8.71 0.00261718
8.72 0.00257262
8.73 0.00246879
8.74 0.00231492
8.75 0.00212751
8.76 0.0019285
8.77 0.00174153
8.78 0.00158444
8.79 0.00146386
8.8 0.0013734
8.81 0.00129284
8.82 0.00119111
8.83 0.00103597
8.84 0.000806733
8.85 0.000502783
8.86 0.000142831
8.87 -0.000244852
8.88 -0.000632964
8.89 -0.000997595
8.9 -0.00131537
8.91 -0.00156723
8.92 -0.00175212
8.93 -0.00189817
8.94 -0.00205421
8.95 -0.00225727
8.96 -0.00249527
8.97 -0.00270195
8.98 -0.0028048
8.99 -0.00279108
9 -0.00272179
9.01 -0.00267116
9.02 -0.00265741
9.03 -0.00263886
9.04 -0.00256693
9.05 -0.00242861
9.06 -0.00224279
9.07 -0.00203624
9.08 -0.00183332
9.09 -0.00165706
9.1 -0.00152484
9.11 -0.00144118
9.12 -0.00139652
9.13 -0.00136991
9.14 -0.00133211
9.15 -0.0012525
9.16 -0.00111108
9.17 -0.00090938
9.18 -0.000671859
9.19 -0.00043492
9.2 -0.000231128
9.21 -7.82924e-05
9.22 2.33318e-05
9.23 8.52018e-05
9.24 0.000120428
9.25 0.000137751
9.26 0.000141401
9.27 0.000132448
9.28 0.000109335
9.29 6.91806e-05
9.3 1.03886e-05
9.31 -6.56303e-05
9.32 -0.00015526
9.33 -0.000255076
9.34 -0.00036328
9.35 -0.000478939
9.36 -0.00059956
9.37 -0.000718733
9.38 -0.000825455
9.39 -0.000906595
9.4 -0.000952392
9.41 -0.000959241
9.42 -0.000927261
9.43 -0.000857984
9.44 -0.00075479
9.45 -0.0006239
9.46 -0.000473348
9.47 -0.00030925
9.48 -0.000133503
9.49 5.44283e-05
9.5 0.000255149
9.51 0.000467493
9.52 0.000685598
9.53 0.000896757
9.54 0.00108334
9.55 0.00122948
9.56 0.00133052
9.57 0.0013979
9.58 0.00145184
9.59 0.00150607
9.6 0.00155707
9.61 0.00158691
9.62 0.00158024
9.63 0.00154183
9.64 0.00149614
9.65 0.00146921
9.66 0.00147191
9.67 0.00149793
9.68 0.00153272
9.69 0.00156489
9.7 0.00159134
9.71 0.00161415
9.72 0.00163495
9.73 0.00165262
9.74 0.00166531
9.75 0.00167359
9.76 0.00168034
9.77 0.00168736
9.78 0.0016936
9.79 0.00169705
9.8 0.00169764
9.81 0.00169869
9.82 0.00170637
9.83 0.00172649
9.84 0.00176058
9.85 0.00180421
9.86 0.00184884
9.87 0.0018852
9.88 0.00190612
9.89 0.00190817
9.9 0.00189288
9.91 0.00186584
9.92 0.00183341
9.93 0.00179996
9.94 0.00176834
9.95 0.00174182
9.96 0.00172367
9.97 0.00171461
9.98 0.00171166
9.99 0.00171039
10 0.00170794
10.01 0.00170372
10.02 0.00169816
10.03 0.00169128
10.04 0.00168233
10.05 0.00167033
10.06 0.00165505
10.07 0.00163711
10.08 0.00161644
10.09 0.00159084
10.1 0.001557
10.11 0.0015123
10.12 0.00145543
10.13 0.00138568
10.14 0.00130213
10.15 0.00120355
10.16 0.00108809
10.17 0.000953043
10.18 0.000795473
10.19 0.000613294
10.2 0.000406112
10.21 0.00017623
10.22 -7.08204e-05
10.23 -0.000326338
10.24 -0.000577501
10.25 -0.000806461
10.26 -0.000994265
10.27 -0.00112973
10.28 -0.00121656
10.29 -0.00127342
10.3 -0.00132664
10.31 -0.00139815
10.32 -0.00149394
10.33 -0.00159943
10.34 -0.00168809
10.35 -0.00174154
10.36 -0.00176637
10.37 -0.00179125
10.38 -0.00184472
10.39 -0.00193443
10.4 -0.00204461
10.41 -0.00214838
10.42 -0.00222328
10.43 -0.00226087
10.44 -0.0022676
10.45 -0.0022594
10.46 -0.00225431
10.47 -0.00226634
10.48 -0.00230142
10.49 -0.00235542
10.5 -0.00241554
10.51 -0.0024657
10.52 -0.00249343
10.53 -0.00249515
10.54 -0.00247716
10.55 -0.00245224
10.56 -0.00243348
10.57 -0.0024278
10.58 -0.00243241
10.59 -0.00243659
10.6 -0.0024282
10.61 -0.00239981
10.62 -0.00235048
10.63 -0.00228416
10.64 -0.0022076
10.65 -0.00212853
10.66 -0.00205322
10.67 -0.00198421
10.68 -0.00191993
10.69 -0.00185676
10.7 -0.00179282
10.71 -0.00173008
10.72 -0.00167231
10.73 -0.00162184
10.74 -0.00157846
10.75 -0.00154025
10.76 -0.00150435
10.77 -0.00146816
10.78 -0.00143062
10.79 -0.00139135
10.8 -0.00134851
10.81 -0.0012997
10.82 -0.00124432
10.83 -0.00118382
10.84 -0.00111945
10.85 -0.00105046
10.86 -0.000974918
10.87 -0.000892256
10.88 -0.000804052
10.89 -0.000711886
10.9 -0.000615081
10.91 -0.000510891
10.92 -0.000396817
10.93 -0.000272905
10.94 -0.000142409
10.95 -1.10494e-05
10.96 0.000113763
10.97 0.000223896
10.98 0.000313421
10.99 0.000382289
11 0.000437223
11.01 0.00048841
11.02 0.000543888
11.03 0.000606403
11.04 0.000675398
11.05 0.000750602
11.06 0.000832914
11.07 0.00092326
11.08 0.00102216
11.09 0.00113007
11.1 0.00124685
11.11 0.00137034
11.12 0.00149575
11.13 0.00161778
11.14 0.00173355
11.15 0.00184313
11.16 0.00194732
11.17 0.00204503
11.18 0.00213195
11.19 0.00220152
11.2 0.00224771
11.21 0.00226786
11.22 0.00226376
11.23 0.00224074
11.24 0.00220569
11.25 0.00216505
11.26 0.00212358
11.27 0.00208421
11.28 0.0020487
11.29 0.00201807
11.3 0.00199215
11.31 0.00196968
11.32 0.0019488
11.33 0.0019274
11.34 0.00190403
11.35 0.0018787
11.36 0.00185207
11.37 0.00182418
11.38 0.00179416
11.39 0.00176104
11.4 0.00172433
11.41 0.00168376
11.42 0.00163928
11.43 0.00159157
11.44 0.00154189
11.45 0.00149134
11.46 0.00143946
11.47 0.00138366
11.48 0.00132052
11.49 0.00124807
11.5 0.00116703
11.51 0.0010802
11.52 0.000990295
11.53 0.000898625
11.54 0.000805255
11.55 0.000709633
11.56 0.000610754
11.57 0.000507116
11.58 0.000397211
11.59 0.000280559
11.6 0.000158669
11.61 3.52931e-05
11.62 -8.45011e-05
11.63 -0.000196015
11.64 -0.000296432
11.65 -0.000385277
11.66 -0.000463569
11.67 -0.000532615
11.68 -0.000593353
11.69 -0.000646204
11.7 -0.000691728
11.71 -0.0007317
11.72 -0.000768716
11.73 -0.000805035
11.74 -0.000842542
11.75 -0.000882328
11.76 -0.000923417
11.77 -0.000962951
11.78 -0.000998368
11.79 -0.00102957
11.8 -0.00105874
11.81 -0.0010876
11.82 -0.00111525
11.83 -0.00113835
11.84 -0.00115196
11.85 -0.00115037
11.86 -0.0011286
11.87 -0.00108418
11.88 -0.00101818
11.89 -0.000934622
11.9 -0.000838616
11.91 -0.000733952
11.92 -0.000621216
11.93 -0.000497797
11.94 -0.000359974
11.95 -0.00020544
11.96 -3.45806e-05
11.97 0.000149141
11.98 0.000338453
11.99 0.000521877
12 0.000685334
12.01 0.00081582
12.02 0.000906192
12.03 0.000958879
12.04 0.000985621
12.05 0.00100288
12.06 0.00102507
12.07 0.00105788
12.08 0.00109511
12.09 0.0011223
12.1 0.00112596
12.11 0.00110255
12.12 0.00106149
12.13 0.00102108
12.14 0.00100027
12.15 0.0010109
12.16 0.00105276
12.17 0.00111405
12.18 0.00117804
12.19 0.00123198
12.2 0.00127238
12.21 0.00130433
12.22 0.00133692
12.23 0.00137838
12.24 0.00143278
12.25 0.00149806
12.26 0.00156649
12.27 0.00162714
12.28 0.00166922
12.29 0.00168597
12.3 0.00167761
12.31 0.00165146
12.32 0.00161801
12.33 0.00158411
12.34 0.00154816
12.35 0.00150288
12.36 0.00144278
12.37 0.00136778
12.38 0.00128121
12.39 0.00118608
12.4 0.00108299
12.41 0.000971478
12.42 0.00085185
12.43 0.000724062
12.44 0.000586085
12.45 0.000434534
12.46 0.000266837
12.47 8.36292e-05
12.48 -0.000109732
12.49 -0.00030356
12.5 -0.000485701
12.51 -0.000643923
12.52 -0.000768698
12.53 -0.000856185
12.54 -0.000910156
12.55 -0.000941405
12.56 -0.000964537
12.57 -0.000992692
12.58 -0.00103195
12.59 -0.00107805
12.6 -0.00111764
12.61 -0.00113504
12.62 -0.00112181
12.63 -0.00108332
12.64 -0.00103646
12.65 -0.000999975
12.66 -0.000984223
12.67 -0.000986573
12.68 -0.000993538
12.69 -0.000987966
12.7 -0.0009574
12.71 -0.000898957
12.72 -0.000818842
12.73 -0.000728452
12.74 -0.000639902
12.75 -0.000562313
12.76 -0.000499033
12.77 -0.000446306
12.78 -0.000394616
12.79 -0.000333143
12.8 -0.000255687
12.81 -0.000164467
12.82 -6.90232e-05
12.83 1.8526e-05
12.84 8.82485e-05
12.85 0.000135276
12.86 0.000160986
12.87 0.000171758
12.88 0.000174977
12.89 0.000175207
12.9 0.000173068
12.91 0.000165932
12.92 0.000149117
12.93 0.000117565
12.94 6.7815e-05
12.95 -4.00831e-07
12.96 -8.38859e-05
12.97 -0.000177629
12.98 -0.000277361
12.99 -0.000381064
13 -0.000488498
13.01 -0.000599512
13.02 -0.000712453
13.03 -0.00082357
13.04 -0.000927567
13.05 -0.00101919
13.06 -0.00109559
13.07 -0.00115808
13.08 -0.00121093
13.09 -0.00125774
13.1 -0.0012984
13.11 -0.00132829
13.12 -0.00134041
13.13 -0.00132999
13.14 -0.00129851
13.15 -0.00125366
13.16 -0.0012059
13.17 -0.00116444
13.18 -0.00113463
13.19 -0.00111633
13.2 -0.00110305
13.21 -0.00108334
13.22 -0.00104538
13.23 -0.00098277
13.24 -0.000897577
13.25 -0.000799036
13.26 -0.000699152
13.27 -0.000607574
13.28 -0.000527884
13.29 -0.000456952
13.3 -0.000387454
13.31 -0.00031164
13.32 -0.000224496
13.33 -0.000125509
13.34 -1.84571e-05
13.35 9.06614e-05
13.36 0.00019634
13.37 0.000295586
13.38 0.000388547
13.39 0.000477698
13.4 0.000566265
13.41 0.000656813
13.42 0.000750427
13.43 0.00084658
13.44 0.000943559
13.45 0.00103913
13.46 0.00113104
13.47 0.0012171
13.48 0.00129499
13.49 0.00136226
13.5 0.00141786
13.51 0.00146429
13.52 0.00150827
13.53 0.00155777
13.54 0.00161637
13.55 0.00167879
13.56 0.00173192
13.57 0.00176189
13.58 0.00176181
13.59 0.00173487
13.6 0.00169145
13.61 0.00164359
13.62 0.00160054
13.63 0.00156705
13.64 0.00154291
13.65 0.00152309
13.66 0.0014992
13.67 0.00146315
13.68 0.00141058
13.69 0.00134215
13.7 0.00126255
13.71 0.00117828
13.72 0.00109482
13.73 0.00101427
13.74 0.000934572
13.75 0.000850888
13.76 0.000758
13.77 0.000652436
13.78 0.000533371
13.79 0.000402206
13.8 0.000261352
13.81 0.000113068
13.82 -4.1077e-05
13.83 -0.000199862
13.84 -0.000361657
13.85 -0.000523928
13.86 -0.00068292
13.87 -0.00083382
13.88 -0.000972352
13.89 -0.00109736
13.9 -0.00121265
13.91 -0.00132676
13.92 -0.00144991
13.93 -0.00158777
13.94 -0.00173513
13.95 -0.00187539
13.96 -0.00199025
13.97 -0.00207537
13.98 -0.0021473
13.99 -0.00223272
14 -0.00234799
14.01 -0.00248569
14.02 -0.0026184
14.03 -0.00271602
14.04 -0.00276283
14.05 -0.00276186
14.06 -0.00272834
14.07 -0.00268161
14.08 -0.00263989
14.09 -0.00261591
14.1 -0.00261335
14.11 -0.00262624
14.12 -0.00264206
14.13 -0.00264654
14.14 -0.00262871
14.15 -0.00258512
14.16 -0.00252131
14.17 -0.00244953
14.18 -0.00238303
14.19 -0.00232971
14.2 -0.00228864
14.21 -0.00225144
14.22 -0.00220731
14.23 -0.00214821
14.24 -0.00207172
14.25 -0.00198151
14.26 -0.00188488
14.27 -0.00178894
14.28 -0.00169783
14.29 -0.00161158
14.3 -0.00152653
14.31 -0.0014369
14.32 -0.00133724
14.33 -0.00122483
14.34 -0.00110094
14.35 -0.000970408
14.36 -0.000839411
14.37 -0.00071269
14.38 -0.000591849
14.39 -0.000475075
14.4 -0.000358259
14.41 -0.000237446
14.42 -0.000111268
14.43 1.79422e-05
14.44 0.000144839
14.45 0.000263236
14.46 0.000368312
14.47 0.00045787
14.48 0.000532854
14.49 0.000597047
14.5 0.000655656
14.51 0.000713538
14.52 0.00077408
14.53 0.000838915
14.54 0.000908232
14.55 0.000981419
14.56 0.00105733
14.57 0.00113366
14.58 0.00120618
14.59 0.00126954
14.6 0.0013201
14.61 0.00135917
14.62 0.00139379
14.63 0.00143347
14.64 0.00148442
14.65 0.00154523
14.66 0.00160702
14.67 0.00165813
14.68 0.00169059
14.69 0.00170423
14.7 0.00170532
14.71 0.0017021
14.72 0.00170103
14.73 0.00170501
14.74 0.00171311
14.75 0.00172119
14.76 0.00172368
14.77 0.00171564
14.78 0.00169485
14.79 0.00166312
14.8 0.00162587
14.81 0.00158994
14.82 0.00156076
14.83 0.00154055
14.84 0.00152789
14.85 0.00151881
14.86 0.00150893
14.87 0.00149544
14.88 0.00147804
14.89 0.00145847
14.9 0.00143955
14.91 0.00142379
14.92 0.00141229
14.93 0.00140415
14.94 0.00139658
14.95 0.00138576
14.96 0.0013685
14.97 0.00134372
14.98 0.00131256
14.99 0.00127725
15 0.00123976
15.01 0.00120114
15.02 0.00116145
15.03 0.00111941
15.04 0.00107261
15.05 0.00101893
15.06 0.00095776
15.07 0.000889629
15.08 0.000815351
15.09 0.000735434
15.1 0.000649684
15.11 0.000557095
15.12 0.000455977
15.13 0.000344341
15.14 0.000220406
15.15 8.31778e-05
15.16 -6.6664e-05
15.17 -0.000225995
15.18 -0.0003895
15.19 -0.000550869
15.2 -0.000704215
15.21 -0.000845179
15.22 -0.000971715
15.23 -0.00108502
15.24 -0.00119024
15.25 -0.00129534
15.26 -0.00140744
15.27 -0.00152713
15.28 -0.00164433
15.29 -0.00174145
15.3 -0.00180552
15.31 -0.00184026
15.32 -0.00186561
15.33 -0.00190289
15.34 -0.00195802
15.35 -0.00201715
15.36 -0.00205733
15.37 -0.0020624
15.38 -0.00203086
15.39 -0.0019728
15.4 -0.00190246
15.41 -0.00183322
15.42 -0.0017753
15.43 -0.0017336
15.44 -0.00170603
15.45 -0.00168403
15.46 -0.00165554
15.47 -0.0016095
15.48 -0.00154017
15.49 -0.0014493
15.5 -0.00134489
15.51 -0.00123727
15.52 -0.00113404
15.53 -0.00103673
15.54 -0.000940844
15.55 -0.000838748
15.56 -0.000723457
15.57 -0.000591396
15.58 -0.000443358
15.59 -0.000283652
15.6 -0.000118158
15.61 4.72296e-05
15.62 0.000206903
15.63 0.000355305
15.64 0.000487149
15.65 0.000598289
15.66 0.000686811
15.67 0.000753463
15.68 0.000801054
15.69 0.000833544
15.7 0.000855552
15.71 0.000872014
15.72 0.000886976
15.73 0.000901549
15.74 0.000912843
15.75 0.000915564
15.76 0.000905867
15.77 0.000884931
15.78 0.000859525
15.79 0.000839031
15.8 0.000831035
15.81 0.000838199
15.82 0.000857729
15.83 0.000883092
15.84 0.00090714
15.85 0.000925522
15.86 0.000938482
15.87 0.000950221
15.88 0.000966715
15.89 0.000993045
15.9 0.00103105
15.91 0.00107824
15.92 0.00112864
15.93 0.00117501
15.94 0.0012114
15.95 0.00123494
15.96 0.0012466
15.97 0.00125041
15.98 0.00125145
15.99 0.0012534
16 0.00125706
16.01 0.00126045
16.02 0.00126004
16.03 0.00125238
16.04 0.00123517
16.05 0.00120761
16.06 0.00117015
16.07 0.00112374
16.08 0.00106934
16.09 0.00100763
16.1 0.000938614
16.11 0.00086168
16.12 0.000776113
16.13 0.000681782
16.14 0.000579526
16.15 0.000470834
16.16 0.000356989
16.17 0.000238574
16.18 0.000115719
16.19 -1.13989e-05
16.2 -0.000142143
16.21 -0.000275238
16.22 -0.000408681
16.23 -0.000539565
16.24 -0.000664333
16.25 -0.000779788
16.26 -0.000884317
16.27 -0.000978509
16.28 -0.00106501
16.29 -0.00114773
16.3 -0.00122979
16.31 -0.00131049
16.32 -0.00138366
16.33 -0.00144035
16.34 -0.0014755
16.35 -0.00149372
16.36 -0.00150822
16.37 -0.0015321
16.38 -0.00156873
16.39 -0.00160887
16.4 -0.00163648
16.41 -0.00163862
16.42 -0.00161182
16.43 -0.00156196
16.44 -0.00149954
16.45 -0.00143503
16.46 -0.00137602
16.47 -0.0013257
16.48 -0.00128221
16.49 -0.00123937
16.5 -0.0011888
16.51 -0.00112296
16.52 -0.00103803
16.53 -0.000935187
16.54 -0.000819863
16.55 -0.00069899
16.56 -0.000577444
16.57 -0.000455908
16.58 -0.000331368
16.59 -0.000199602
16.6 -5.80766e-05
16.61 9.20455e-05
16.62 0.000245282
16.63 0.000393092
16.64 0.000526814
16.65 0.000640449
16.66 0.000732161
16.67 0.000804809
16.68 0.000865256
16.69 0.000922258
16.7 0.000983746
16.71 0.00105436
16.72 0.00113342
16.73 0.00121382
16.74 0.00128363
16.75 0.00133159
16.76 0.00135387
16.77 0.00135771
16.78 0.00135842
16.79 0.00137129
16.8 0.00140348
16.81 0.00145021
16.82 0.00149703
16.83 0.00152714
16.84 0.00152954
16.85 0.00150323
16.86 0.00145628
16.87 0.00140136
16.88 0.00135065
16.89 0.00131196
16.9 0.00128673
16.91 0.00127001
16.92 0.00125276
16.93 0.0012257
16.94 0.0011833
16.95 0.00112585
16.96 0.00105857
16.97 0.000988488
16.98 0.000920941
16.99 0.000857393
17 0.000795323
17.01 0.000729845
17.02 0.00065591
17.03 0.000570108
17.04 0.000471983
17.05 0.000364446
17.06 0.000252744
17.07 0.00014237
17.08 3.70129e-05
17.09 -6.21646e-05
17.1 -0.000155582
17.11 -0.000243608
17.12 -0.00032544
17.13 -0.000398937
17.14 -0.000461208
17.15 -0.000509614
17.16 -0.000542783
17.17 -0.000561146
17.18 -0.000566826
17.19 -0.000563014
17.2 -0.000552828
17.21 -0.00053786
17.22 -0.000517256
17.23 -0.000488008
17.24 -0.000446454
17.25 -0.000390531
17.26 -0.000321638
17.27 -0.000244613
17.28 -0.000165749
17.29 -9.0297e-05
17.3 -2.07609e-05
17.31 4.32515e-05
17.32 0.000103682
17.33 0.000162324
17.34 0.000219774
17.35 0.000275
17.36 0.000325496
17.37 0.000368194
17.38 0.000400847
17.39 0.000423228
17.4 0.000437424
17.41 0.000446864
17.42 0.000454671
17.43 0.000462445
17.44 0.000469911
17.45 0.0004752
17.46 0.00047553
17.47 0.000467959
17.48 0.000449935
17.49 0.000419943
17.5 0.0003783
17.51 0.000327291
17.52 0.000270412
17.53 0.000211387
17.54 0.000153382
17.55 9.84856e-05
17.56 4.73833e-05
17.57 -6.51306e-07
17.58 -4.70727e-05
17.59 -9.29462e-05
17.6 -0.000138224
17.61 -0.000181938
17.62 -0.000222723
17.63 -0.000258948
17.64 -0.00028892
17.65 -0.000311654
17.66 -0.000327474
17.67 -0.000337631
17.68 -0.000343324
17.69 -0.000345071
17.7 -0.000342824
17.71 -0.000336397
17.72 -0.000325705
17.73 -0.000310816
17.74 -0.000291924
17.75 -0.00026929
17.76 -0.000243323
17.77 -0.000214924
17.78 -0.000185751
17.79 -0.000158071
17.8 -0.000134297
17.81 -0.00011657
17.82 -0.00010651
17.83 -0.000104814
17.84 -0.000110847
17.85 -0.000122999
17.86 -0.000139699
17.87 -0.000160188
17.88 -0.000185
17.89 -0.000216038
17.9 -0.000255654
17.91 -0.000305232
17.92 -0.000364458
17.93 -0.000431692
17.94 -0.000504551
17.95 -0.000580129
17.96 -0.000655382
17.97 -0.000727551
17.98 -0.00079448
17.99 -0.000855109
18 -0.000909786
18.01 -0.00095979
18.02 -0.00100628
18.03 -0.0010495
18.04 -0.00108883
18.05 -0.00112348
18.06 -0.00115302
18.07 -0.00117742
18.08 -0.00119693
18.09 -0.00121228
18.1 -0.00122482
18.11 -0.00123624
18.12 -0.00124762
18.13 -0.0012586
18.14 -0.00126732
18.15 -0.00127137
18.16 -0.00126902
18.17 -0.00125979
18.18 -0.00124418
18.19 -0.0012229
18.2 -0.00119641
18.21 -0.00116498
18.22 -0.00112894
18.23 -0.00108854
18.24 -0.00104371
18.25 -0.00099412
18.26 -0.000939544
18.27 -0.000879888
18.28 -0.000815101
18.29 -0.00074532
18.3 -0.000670837
18.31 -0.000591765
18.32 -0.000507913
18.33 -0.000418897
18.34 -0.000324425
18.35 -0.000224571
18.36 -0.000119775
18.37 -1.07712e-05
18.38 0.000101221
18.39 0.000214302
18.4 0.000326002
18.41 0.000433672
18.42 0.000534986
18.43 0.000628387
18.44 0.000713424
18.45 0.000790839
18.46 0.000862325
18.47 0.000930079
18.48 0.000996114
18.49 0.00106099
18.5 0.00112248
18.51 0.00117591
18.52 0.00121691
18.53 0.00124511
18.54 0.00126561
18.55 0.00128622
18.56 0.00131227
18.57 0.00134297
18.58 0.0013722
18.59 0.0013926
18.6 0.0013996
18.61 0.00139295
18.62 0.00137603
18.63 0.00135412
18.64 0.00133245
18.65 0.00131449
18.66 0.00130086
18.67 0.00128924
18.68 0.00127534
18.69 0.00125474
18.7 0.00122453
18.71 0.00118423
18.72 0.00113586
18.73 0.00108312
18.74 0.0010299
18.75 0.000978697
18.76 0.000929402
18.77 0.000879512
18.78 0.000825697
18.79 0.000765515
18.8 0.000698171
18.81 0.000624419
18.82 0.000546057
18.83 0.000465266
18.84 0.000384021
18.85 0.00030372
18.86 0.000224976
18.87 0.000147696
18.88 7.16488e-05
18.89 -2.73776e-06
18.9 -7.39115e-05
18.91 -0.00013938
18.92 -0.000196665
18.93 -0.000244393
18.94 -0.000282573
18.95 -0.000312301
18.96 -0.000335459
18.97 -0.000354117
18.98 -0.000369705
18.99 -0.000382662
19 -0.000392695
19.01 -0.000399291
19.02 -0.000401906
19.03 -0.000399689
19.04 -0.000391852
19.05 -0.000378975
19.06 -0.000363488
19.07 -0.000348495
19.08 -0.000336598
19.09 -0.000329625
19.1 -0.00032815
19.11 -0.000330873
19.12 -0.000335033
19.13 -0.000337678
19.14 -0.000336813
19.15 -0.000331899
19.16 -0.00032366
19.17 -0.000313507
19.18 -0.000302831
19.19 -0.000292362
19.2 -0.000281795
19.21 -0.000269797
19.22 -0.000254506
19.23 -0.000234415
19.24 -0.000209048
19.25 -0.000178933
19.26 -0.000145067
19.27 -0.000108294
19.28 -6.89883e-05
19.29 -2.70362e-05
19.3 1.81198e-05
19.31 6.71561e-05
19.32 0.000120399
19.33 0.000177572
19.34 0.000237709
19.35 0.000299236
19.36 0.000360482
19.37 0.000420438
19.38 0.000478798
19.39 0.000535131
19.4 0.000588448
19.41 0.000637693
19.42 0.000682321
19.43 0.000722331
19.44 0.000757935
19.45 0.00078922
19.46 0.000816086
19.47 0.000838408
19.48 0.000856157
19.49 0.000869275
19.5 0.000877486
19.51 0.000880407
19.52 0.000877844
19.53 0.000869978
19.54 0.000857416
19.55 0.000840912
19.56 0.00082074
19.57 0.000796783
19.58 0.0007693
19.59 0.0007388
19.6 0.000705118
19.61 0.000667401
19.62 0.000624985
19.63 0.000577859
19.64 0.000526411
19.65 0.000471015
19.66 0.000411757
19.67 0.000348468
19.68 0.000281011
19.69 0.000209357
19.7 0.000133359
19.71 5.26429e-05
19.72 -3.31373e-05
19.73 -0.000123963
19.74 -0.00021936
19.75 -0.000318531
19.76 -0.000420409
19.77 -0.000523727
19.78 -0.000627416
19.79 -0.000731064
19.8 -0.000834969
19.81 -0.000939888
19.82 -0.00104684
19.83 -0.00115655
19.84 -0.00126835
19.85 -0.00137918
19.86 -0.00148434
19.87 -0.00158013
19.88 -0.00166705
19.89 -0.00175044
19.9 -0.00183716
19.91 -0.00192986
19.92 -0.00202328
19.93 -0.00210574
19.94 -0.00216536
19.95 -0.00219621
19.96 -0.00220028
19.97 -0.00218557
19.98 -0.0021625
19.99 -0.00214038
20 -0.00212487
20.01 -0.00211674
20.02 -0.00211229
20.03 -0.00210538
20.04 -0.00209028
20.05 -0.00206389
20.06 -0.00202672
20.07 -0.00198232
20.08 -0.00193561
20.09 -0.00189059
20.1 -0.00184861
20.11 -0.00180803
20.12 -0.00176558
20.13 -0.00171836
20.14 -0.00166553
20.15 -0.00160868
20.16 -0.00155095
20.17 -0.00149542
20.18 -0.00144363
20.19 -0.00139492
20.2 -0.00134686
20.21 -0.00129618
20.22 -0.00123994
20.23 -0.00117652
20.24 -0.00110598
20.25 -0.00102985
20.26 -0.000950327
20.27 -0.000869198
20.28 -0.000787024
20.29 -0.000703111
20.3 -0.00061596
20.31 -0.000523835
20.32 -0.000425433
20.33 -0.000320422
20.34 -0.000209611
20.35 -9.48456e-05
20.36 2.1248e-05
20.37 0.000135711
20.38 0.000245758
20.39 0.000349113
20.4 0.000444209
20.41 0.000530376
20.42 0.000607971
20.43 0.000678365
20.44 0.000743819
20.45 0.000807161
20.46 0.000871365
20.47 0.000939046
20.48 0.00101167
20.49 0.00108842
20.5 0.0011655
20.51 0.00123705
20.52 0.00129829
20.53 0.00134904
20.54 0.00139486
20.55 0.0014438
20.56 0.00150089
20.57 0.00156388
20.58 0.0016234
20.59 0.0016676
20.6 0.00168845
20.61 0.00168534
20.62 0.00166428
20.63 0.00163436
20.64 0.00160379
20.65 0.00157755
20.66 0.00155665
20.67 0.00153859
20.68 0.00151874
20.69 0.00149236
20.7 0.00145665
20.71 0.001412
20.72 0.00136192
20.73 0.0013117
20.74 0.00126628
20.75 0.00122825
20.76 0.00119691
20.77 0.00116902
20.78 0.00114062
20.79 0.00110875
20.8 0.00107256
20.81 0.00103323
20.82 0.000993023
20.83 0.000954157
20.84 0.000917857
20.85 0.000883975
20.86 0.000851113
20.87 0.000817123
20.88 0.0007798
20.89 0.00073746
20.9 0.00068935
20.91 0.000635968
20.92 0.000578858
20.93 0.000519628
20.94 0.000458988
20.95 0.000396569
20.96 0.000331312
20.97 0.000262101
20.98 0.000188499
20.99 0.000111217
21 3.21157e-05
21.01 -4.60961e-05
21.02 -0.000120499
21.03 -0.000188772
21.04 -0.000249675
21.05 -0.000303011
21.06 -0.000349357
21.07 -0.000389702
21.08 -0.000424996
21.09 -0.000455766
21.1 -0.00048201
21.11 -0.000503379
21.12 -0.000519502
21.13 -0.000530127
21.14 -0.000534977
21.15 -0.000533709
21.16 -0.000526358
21.17 -0.000513924
21.18 -0.000498387
21.19 -0.000481961
21.2 -0.000465973
21.21 -0.000450027
21.22 -0.00043211
21.23 -0.000409624
21.24 -0.00038055
21.25 -0.000344182
21.26 -0.000301316
21.27 -0.000253887
21.28 -0.00020416
21.29 -0.000153886
21.3 -0.000103763
21.31 -5.34279e-05
21.32 -2.01334e-06
21.33 5.11353e-05
21.34 0.000106007
21.35 0.000161759
21.36 0.000216869
21.37 0.00026968
21.38 0.000319013
21.39 0.000364523
21.4 0.000406752
21.41 0.000446897
21.42 0.000486415
21.43 0.000526498
21.44 0.000567626
21.45 0.000609455
21.46 0.000650869
21.47 0.000690309
21.48 0.000726529
21.49 0.00075941
21.5 0.000790256
21.51 0.000821364
21.52 0.000855114
21.53 0.000892709
21.54 0.000933143
21.55 0.000973338
21.56 0.00100915
21.57 0.00103666
21.58 0.00105355
21.59 0.00105993
21.6 0.00105816
21.61 0.00105167
21.62 0.00104338
21.63 0.00103461
21.64 0.00102488
21.65 0.00101251
21.66 0.000995532
21.67 0.000972467
21.68 0.00094279
21.69 0.000907132
21.7 0.000867113
21.71 0.000824782
21.72 0.000781922
21.73 0.000739469
21.74 0.0006972
21.75 0.000653977
21.76 0.000608667
21.77 0.000561087
21.78 0.000512263
21.79 0.000463904
21.8 0.000417503
21.81 0.000373681
21.82 0.000332441
21.83 0.000293901
21.84 0.000258201
21.85 0.000224626
21.86 0.000191671
21.87 0.000158401
21.88 0.000125277
21.89 9.35251e-05
21.9 6.39965e-05
21.91 3.66263e-05
21.92 1.06719e-05
21.93 -1.48691e-05
21.94 -4.10325e-05
21.95 -6.86785e-05
21.96 -9.83615e-05
21.97 -0.000130352
21.98 -0.000164605
21.99 -0.000200764
22 -0.00023838
22.01 -0.000277229
22.02 -0.000317459
22.03 -0.000359523
22.04 -0.00040397
22.05 -0.000451202
22.06 -0.000501277
22.07 -0.00055383
22.08 -0.000608214
22.09 -0.000663734
22.1 -0.000719746
22.11 -0.000775638
22.12 -0.000830857
22.13 -0.000884947
22.14 -0.000937526
22.15 -0.000988275
22.16 -0.00103703
22.17 -0.00108377
22.18 -0.0011285
22.19 -0.00117107
22.2 -0.00121128
22.21 -0.00124901
22.22 -0.00128417
22.23 -0.00131662
22.24 -0.00134622
22.25 -0.00137265
22.26 -0.00139524
22.27 -0.00141312
22.28 -0.00142567
22.29 -0.00143277
22.3 -0.00143461
22.31 -0.00143155
22.32 -0.00142418
22.33 -0.00141333
22.34 -0.00139964
22.35 -0.00138316
22.36 -0.00136348
22.37 -0.00134051
22.38 -0.00131456
22.39 -0.00128586
22.4 -0.00125468
22.41 -0.00122157
22.42 -0.00118667
22.43 -0.00114924
22.44 -0.00110872
22.45 -0.00106536
22.46 -0.00101939
22.47 -0.000970375
22.48 -0.000917831
22.49 -0.000861671
22.5 -0.000802063
22.51 -0.000739156
22.52 -0.000672958
22.53 -0.000603308
22.54 -0.000529924
22.55 -0.000452432
22.56 -0.000370462
22.57 -0.000283869
22.58 -0.000193178
22.59 -9.99603e-05
22.6 -6.44182e-06
22.61 8.53064e-05
22.62 0.000173687
22.63 0.000257572
22.64 0.000336076
22.65 0.000408142
22.66 0.000472705
22.67 0.000529382
22.68 0.00057876
22.69 0.000622147
22.7 0.000661226
22.71 0.000697604
22.72 0.000732167
22.73 0.000764639
22.74 0.000793715
22.75 0.000817819
22.76 0.000836233
22.77 0.00084993
22.78 0.000861401
22.79 0.000873321
22.8 0.000886882
22.81 0.000900812
22.82 0.000911721
22.83 0.000915769
22.84 0.000910668
22.85 0.000896737
22.86 0.000876435
22.87 0.000852841
22.88 0.000828174
22.89 0.000803066
22.9 0.000776641
22.91 0.000747053
22.92 0.00071219
22.93 0.000670394
22.94 0.000620998
22.95 0.000564518
22.96 0.000502465
22.97 0.000436792
22.98 0.000369095
22.99 0.000300029
23 0.000229317
23.01 0.000156238
23.02 8.03193e-05
23.03 1.8947e-06
23.04 -7.77752e-05
23.05 -0.000156834
23.06 -0.000233262
23.07 -0.00030522
23.08 -0.000371464
23.09 -0.000431651
23.1 -0.000486214
23.11 -0.000536019
23.12 -0.000582058
23.13 -0.000625185
23.14 -0.000665919
23.15 -0.000704305
23.16 -0.000739744
23.17 -0.000771015
23.18 -0.000796868
23.19 -0.000817111
23.2 -0.000833477
23.21 -0.000849339
23.22 -0.000868173
23.23 -0.000891708
23.24 -0.00091888
23.25 -0.000946141
23.26 -0.00096896
23.27 -0.000983672
23.28 -0.000988858
23.29 -0.000985689
23.3 -0.000977065
23.31 -0.00096612
23.32 -0.000954891
23.33 -0.000943704
23.34 -0.000931395
23.35 -0.000915972
23.36 -0.000895312
23.37 -0.000867876
23.38 -0.00083334
23.39 -0.000792743
23.4 -0.000747991
23.41 -0.000701001
23.42 -0.000652864
23.43 -0.000603556
23.44 -0.000552217
23.45 -0.000497694
23.46 -0.00043913
23.47 -0.000376436
23.48 -0.0003104
23.49 -0.000242379
23.5 -0.0001737
23.51 -0.000105194
23.52 -3.72064e-05
23.53 3.02128e-05
23.54 9.71693e-05
23.55 0.000163663
23.56 0.000229356
23.57 0.00029359
23.58 0.000355521
23.59 0.000414319
23.6 0.000469539
23.61 0.000521493
23.62 0.000571319
23.63 0.000620531
23.64 0.000670235
23.65 0.000720567
23.66 0.000770739
23.67 0.000819409
23.68 0.000865171
23.69 0.000907374
23.7 0.000946861
23.71 0.000985751
23.72 0.00102608
23.73 0.0010683
23.74 0.00111068
23.75 0.00114989
23.76 0.00118229
23.77 0.00120554
23.78 0.0012194
23.79 0.00122547
23.8 0.00122627
23.81 0.00122423
23.82 0.00122064
23.83 0.00121541
23.84 0.00120728
23.85 0.00119446
23.86 0.00117535
23.87 0.00114943
23.88 0.00111784
23.89 0.00108278
23.9 0.00104625
23.91 0.00100896
23.92 0.000970197
23.93 0.000928523
23.94 0.000882574
23.95 0.000831503
23.96 0.000774915
23.97 0.00071273
23.98 0.000645192
23.99 0.000572807
24 0.000496078
24.01 0.000415279
24.02 0.000330392
24.03 0.000241302
24.04 0.000148217
24.05 5.20701e-05
24.06 -4.53544e-05
24.07 -0.00014168
24.08 -0.000234671
24.09 -0.00032266
24.1 -0.000404088
24.11 -0.000477272
24.12 -0.000541188
24.13 -0.000596164
24.14 -0.000643941
24.15 -0.00068729
24.16 -0.000728915
24.17 -0.000770034
24.18 -0.000809844
24.19 -0.000845966
24.2 -0.000875441
24.21 -0.000896324
24.22 -0.000909295
24.23 -0.000918056
24.24 -0.000927906
24.25 -0.000943032
24.26 -0.000964017
24.27 -0.000987184
24.28 -0.00100632
24.29 -0.00101589
24.3 -0.00101371
24.31 -0.00100135
24.32 -0.000982768
24.33 -0.000962498
24.34 -0.000944129
24.35 -0.000929044
24.36 -0.000915935
24.37 -0.000901517
24.38 -0.000882095
24.39 -0.000854993
24.4 -0.000819351
24.41 -0.000776262
24.42 -0.000728131
24.43 -0.000677572
24.44 -0.000626546
24.45 -0.000575761
24.46 -0.000524136
24.47 -0.000469029
24.48 -0.000407722
24.49 -0.000339119
24.5 -0.000264325
24.51 -0.000185948
24.52 -0.000106894
24.53 -2.94119e-05
24.54 4.55212e-05
24.55 0.000118394
24.56 0.000190462
24.57 0.000262487
24.58 0.000334025
24.59 0.000403658
24.6 0.000469623
24.61 0.000530507
24.62 0.000585947
24.63 0.000636935
24.64 0.000685257
24.65 0.000732543
24.66 0.000779574
24.67 0.000825761
24.68 0.000869196
24.69 0.000907852
24.7 0.000941214
24.71 0.000971017
24.72 0.00100062
24.73 0.0010332
24.74 0.00106965
24.75 0.00110758
24.76 0.00114253
24.77 0.00117043
24.78 0.00118953
24.79 0.00120064
24.8 0.00120635
24.81 0.00120984
24.82 0.00121362
24.83 0.00121845
24.84 0.00122335
24.85 0.00122657
24.86 0.00122611
24.87 0.00121986
24.88 0.00120632
24.89 0.00118547
24.9 0.00115866
24.91 0.00112791
24.92 0.00109492
24.93 0.00106033
24.94 0.00102387
24.95 0.000984772
24.96 0.000942137
24.97 0.000895203
24.98 0.000843598
24.99 0.000787537
25 0.000727739
25.01 0.000665042
25.02 0.000600029
25.03 0.00053276
25.04 0.000462661
25.05 0.000389095
25.06 0.000312163
25.07 0.000232518
25.08 0.000150672
25.09 6.72631e-05
25.1 -1.61925e-05
25.11 -9.77272e-05
25.12 -0.00017618
25.13 -0.000251483
25.14 -0.000323878
25.15 -0.000393294
25.16 -0.000459358
25.17 -0.000521695
25.18 -0.000580222
25.19 -0.000635225
25.2 -0.000687194
25.21 -0.000736676
25.22 -0.000784131
25.23 -0.000829481
25.24 -0.000871704
25.25 -0.000909233
25.26 -0.000941236
25.27 -0.000968891
25.28 -0.000995329
25.29 -0.00102396
25.3 -0.00105637
25.31 -0.00109111
25.32 -0.00112416
25.33 -0.00115094
25.34 -0.00116855
25.35 -0.00117689
25.36 -0.00117841
25.37 -0.00117669
25.38 -0.00117463
25.39 -0.00117318
25.4 -0.00117147
25.41 -0.00116776
25.42 -0.00116053
25.43 -0.00114892
25.44 -0.00113276
25.45 -0.00111234
25.46 -0.00108829
25.47 -0.00106172
25.48 -0.00103407
25.49 -0.00100626
25.5 -0.000977698
25.51 -0.00094641
25.52 -0.000910405
25.53 -0.000868816
25.54 -0.000821994
25.55 -0.000770973
25.56 -0.000716834
25.57 -0.00066033
25.58 -0.000601747
25.59 -0.000541032
25.6 -0.000478084
25.61 -0.000412839
25.62 -0.000345346
25.63 -0.000276031
25.64 -0.000205864
25.65 -0.000136218
25.66 -6.8542e-05
25.67 -4.00888e-06
25.68 5.67049e-05
25.69 0.000113412
25.7 0.000166197
25.71 0.000215134
25.72 0.0002602
25.73 0.000301373
25.74 0.000338651
25.75 0.000372093
25.76 0.000401961
25.77 0.000428818
25.78 0.000453387
25.79 0.000476316
25.8 0.000498053
25.81 0.000518885
25.82 0.000538997
25.83 0.000558524
25.84 0.000577844
25.85 0.000597829
25.86 0.000619479
25.87 0.000643249
25.88 0.000668665
25.89 0.000694415
25.9 0.000718855
25.91 0.000740588
25.92 0.000758839
25.93 0.000773557
25.94 0.000785179
25.95 0.00079411
25.96 0.000800532
25.97 0.000804606
25.98 0.000806444
25.99 0.000805812
26 0.000802151
26.01 0.000795051
26.02 0.000784656
26.03 0.000771506
26.04 0.000756207
26.05 0.000739369
26.06 0.000721601
26.07 0.000703435
26.08 0.000685148
26.09 0.000666668
26.1 0.000647809
26.11 0.000628447
26.12 0.000608451
26.13 0.000587629
26.14 0.000565799
26.15 0.000542878
26.16 0.000518864
26.17 0.000493817
26.18 0.000467774
26.19 0.000440617
26.2 0.00041209
26.21 0.00038192
26.22 0.000349953
26.23 0.000316228
26.24 0.000280869
26.25 0.000244022
26.26 0.000205928
26.27 0.000166868
26.28 0.000127144
26.29 8.71223e-05
26.3 4.71718e-05
26.31 7.63095e-06
26.32 -3.1095e-05
26.33 -6.85359e-05
26.34 -0.000104198
26.35 -0.000137544
26.36 -0.000168118
26.37 -0.000195818
26.38 -0.000220922
26.39 -0.000243822
26.4 -0.000264776
26.41 -0.000283921
26.42 -0.00030139
26.43 -0.000317276
26.44 -0.000331474
26.45 -0.000343824
26.46 -0.000354414
26.47 -0.000363618
26.48 -0.000371859
26.49 -0.000379377
26.5 -0.000386132
26.51 -0.000391918
26.52 -0.000396667
26.53 -0.0004006
26.54 -0.000403961
26.55 -0.000406775
26.56 -0.000409003
26.57 -0.000410754
26.58 -0.000412282
26.59 -0.000413984
26.6 -0.000416255
26.61 -0.000419102
26.62 -0.000422086
26.63 -0.00042474
26.64 -0.000426749
26.65 -0.000427718
26.66 -0.000427095
26.67 -0.00042445
26.68 -0.00041971
26.69 -0.00041293
26.7 -0.000403991
26.71 -0.000392734
26.72 -0.000379156
26.73 -0.00036329
26.74 -0.000345085
26.75 -0.000324575
26.76 -0.000302077
26.77 -0.000278123
26.78 -0.000253323
26.79 -0.000228177
26.8 -0.000202875
26.81 -0.000177337
26.82 -0.000151413
26.83 -0.000125058
26.84 -9.84346e-05
26.85 -7.19023e-05
26.86 -4.58128e-05
26.87 -2.02499e-05
26.88 4.91435e-06
26.89 2.97888e-05
26.9 5.43666e-05
26.91 7.84939e-05
26.92 0.000101916
26.93 0.000124402
26.94 0.000145715
26.95 0.000165576
26.96 0.000183745
26.97 0.000200057
26.98 0.000214496
26.99 0.000227238
27 0.000238435
27.01 0.000248069
27.02 0.000256058
27.03 0.000262298
27.04 0.000266631
27.05 0.000268855
27.06 0.000268813
27.07 0.000266526
27.08 0.000262089
27.09 0.000255494
27.1 0.000246612
27.11 0.000235285
27.12 0.000221383
27.13 0.000204836
27.14 0.000185648
27.15 0.000163913
27.16 0.000139865
27.17 0.000113919
27.18 8.65708e-05
27.19 5.82473e-05
27.2 2.92115e-05
27.21 -4.49148e-07
27.22 -3.06974e-05
27.23 -6.1388e-05
27.24 -9.22489e-05
27.25 -0.000122941
27.26 -0.000153131
27.27 -0.000182625
27.28 -0.000211423
27.29 -0.000239661
27.3 -0.00026761
27.31 -0.000295641
27.32 -0.000324071
27.33 -0.000353038
27.34 -0.000382503
27.35 -0.00041238
27.36 -0.000442694
27.37 -0.000473621
27.38 -0.000505346
27.39 -0.000537958
27.4 -0.000571439
27.41 -0.000605645
27.42 -0.000640262
27.43 -0.000674788
27.44 -0.000708553
27.45 -0.000740833
27.46 -0.000771002
27.47 -0.000798678
27.48 -0.000823753
27.49 -0.000846231
27.5 -0.000866045
27.51 -0.000883064
27.52 -0.000897162
27.53 -0.00090819
27.54 -0.000915903
27.55 -0.000920071
27.56 -0.000920595
27.57 -0.00091746
27.58 -0.000910731
27.59 -0.000900589
27.6 -0.00088725
27.61 -0.000870893
27.62 -0.000851671
27.63 -0.000829753
27.64 -0.000805338
27.65 -0.000778556
27.66 -0.000749421
27.67 -0.000717999
27.68 -0.000684458
27.69 -0.000648896
27.7 -0.000611325
27.71 -0.0005718
27.72 -0.000530435
27.73 -0.000487375
27.74 -0.000442744
27.75 -0.000396591
27.76 -0.000348898
27.77 -0.0002996
27.78 -0.000248618
27.79 -0.000195878
27.8 -0.000141318
27.81 -8.49335e-05
27.82 -2.68682e-05
27.83 3.2592e-05
27.84 9.30616e-05
27.85 0.000154113
27.86 0.000215314
27.87 0.000276194
27.88 0.000336272
27.89 0.000395188
27.9 0.000452762
27.91 0.000508923
27.92 0.000563634
27.93 0.000616856
27.94 0.000668585
27.95 0.000718889
27.96 0.000767806
27.97 0.000815268
27.98 0.00086124
27.99 0.000905969
28 0.000950069
28.01 0.000994216
28.02 0.0010386
28.03 0.00108259
28.04 0.00112481
28.05 0.00116362
28.06 0.00119763
28.07 0.00122618
28.08 0.00124942
28.09 0.00126808
28.1 0.00128295
28.11 0.00129449
28.12 0.00130266
28.13 0.00130713
28.14 0.00130745
28.15 0.00130318
28.16 0.00129411
28.17 0.0012803
28.18 0.00126211
28.19 0.00124013
28.2 0.00121501
28.21 0.00118708
28.22 0.0011563
28.23 0.00112247
28.24 0.00108543
28.25 0.00104513
28.26 0.00100164
28.27 0.000955146
28.28 0.000905915
28.29 0.000854243
28.3 0.000800428
28.31 0.000744693
28.32 0.000687156
28.33 0.000627922
28.34 0.000567147
28.35 0.000505014
28.36 0.000441757
28.37 0.000377735
28.38 0.000313413
28.39 0.000249273
28.4 0.000185807
28.41 0.000123507
28.42 6.28075e-05
28.43 4.05872e-06
28.44 -5.24304e-05
28.45 -0.000106338
28.46 -0.000157348
28.47 -0.000205221
28.48 -0.000249831
28.49 -0.000291226
28.5 -0.000329689
28.51 -0.000365733
28.52 -0.000400002
28.53 -0.000433119
28.54 -0.000465555
28.55 -0.000497525
28.56 -0.000528941
28.57 -0.000559466
28.58 -0.000588725
28.59 -0.000616644
28.6 -0.000643698
28.61 -0.000670847
28.62 -0.000699088
28.63 -0.000728775
28.64 -0.000759174
28.65 -0.000788631
28.66 -0.000815179
28.67 -0.000837234
28.68 -0.000854095
28.69 -0.000866025
28.7 -0.000873963
28.71 -0.000879014
28.72 -0.000881919
28.73 -0.000882746
28.74 -0.000880963
28.75 -0.000875796
28.76 -0.000866605
28.77 -0.000853142
28.78 -0.000835625
28.79 -0.000814682
28.8 -0.000791157
28.81 -0.000765801
28.82 -0.000738991
28.83 -0.000710663
28.84 -0.000680425
28.85 -0.000647764
28.86 -0.0006123
28.87 -0.000573985
28.88 -0.000533123
28.89 -0.000490265
28.9 -0.000446014
28.91 -0.000400828
28.92 -0.000354939
28.93 -0.000308374
28.94 -0.000261071
28.95 -0.000213027
28.96 -0.000164407
28.97 -0.000115589
28.98 -6.71021e-05
28.99 -1.94944e-05
29 2.67731e-05
29.01 7.13946e-05
29.02 0.000114246
29.03 0.000155356
29.04 0.000194823
29.05 0.000232724
29.06 0.000269063
29.07 0.00030379
29.08 0.000336861
29.09 0.000368291
29.1 0.000398177
29.11 0.000426683
29.12 0.000454015
29.13 0.000480394
29.14 0.000506036
29.15 0.000531173
29.16 0.000556034
29.17 0.000580771
29.18 0.000605344
29.19 0.000629427
29.2 0.000652401
29.21 0.000673454
29.22 0.000691782
29.23 0.000706808
29.24 0.000718302
29.25 0.000726352
29.26 0.000731216
29.27 0.000733148
29.28 0.000732278
29.29 0.00072857
29.3 0.000721852
29.31 0.000711912
29.32 0.000698621
29.33 0.00068202
29.34 0.000662327
29.35 0.000639881
29.36 0.00061505
29.37 0.000588135
29.38 0.000559305
29.39 0.000528606
29.4 0.00049602
29.41 0.000461543
29.42 0.000425247
29.43 0.000387316
29.44 0.000348027
29.45 0.000307712
29.46 0.000266689
29.47 0.000225219
29.48 0.0001835
29.49 0.000141699
29.5 9.999e-05
29.51 5.85869e-05
29.52 1.77557e-05
29.53 -2.21999e-05
29.54 -6.09795e-05
29.55 -9.83366e-05
29.56 -0.000134122
29.57 -0.000168296
29.58 -0.000200921
29.59 -0.000232115
29.6 -0.000262015
29.61 -0.000290736
29.62 -0.000318351
29.63 -0.000344899
29.64 -0.000370402
29.65 -0.000394904
29.66 -0.000418504
29.67 -0.000441365
29.68 -0.000463698
29.69 -0.000485707
29.7 -0.000507498
29.71 -0.000529006
29.72 -0.000549954
29.73 -0.00056989
29.74 -0.000588282
29.75 -0.000604639
29.76 -0.00061862
29.77 -0.000630067
29.78 -0.00063898
29.79 -0.000645429
29.8 -0.000649474
29.81 -0.0006511
29.82 -0.00065022
29.83 -0.00064671
29.84 -0.000640477
29.85 -0.000631512
29.86 -0.000619916
29.87 -0.000605884
29.88 -0.000589656
29.89 -0.000571459
29.9 -0.000551455
29.91 -0.000529731
29.92 -0.000506309
29.93 -0.000481195
29.94 -0.00045442
29.95 -0.00042608
29.96 -0.000396338
29.97 -0.000365405
29.98 -0.000333505
29.99 -0.000300845
30 -0.0002676
30.01 -0.000233911
30.02 -0.0001999
30.03 -0.000165695
30.04 -0.000131452
30.05 -9.73587e-05
30.06 -6.36251e-05
30.07 -3.0456e-05
30.08 1.97303e-06
30.09 3.35329e-05
30.1 6.41445e-05
30.11 9.37703e-05
30.12 0.000122398
30.13 0.000150026
30.14 0.000176652
30.15 0.000202276
30.16 0.000226902
30.17 0.000250553
30.18 0.000273276
30.19 0.00029514
30.2 0.000316232
30.21 0.000336643
30.22 0.000356449
30.23 0.000375697
30.24 0.000394389
30.25 0.00041247
30.26 0.000429826
30.27 0.000446289
30.28 0.000461654
30.29 0.000475698
30.3 0.000488216
30.31 0.000499029
30.32 0.000508006
30.33 0.000515052
30.34 0.000520105
30.35 0.000523117
30.36 0.000524051
30.37 0.000522876
30.38 0.00051957
30.39 0.000514134
30.4 0.000506593
30.41 0.000497004
30.42 0.000485445
30.43 0.000472016
30.44 0.000456821
30.45 0.000439963
30.46 0.000421536
30.47 0.000401634
30.48 0.000380348
30.49 0.000357775
30.5 0.000334027
30.51 0.000309226
30.52 0.000283504
30.53 0.000257001
30.54 0.000229854
30.55 0.000202202
30.56 0.000174177
30.57 0.000145912
30.58 0.00011754
30.59 8.91955e-05
30.6 6.10108e-05
30.61 3.31147e-05
30.62 5.62555e-06
30.63 -2.13541e-05
30.64 -4.77409e-05
30.65 -7.34717e-05
30.66 -9.85019e-05
30.67 -0.000122802
30.68 -0.000146354
30.69 -0.000169147
30.7 -0.000191175
30.71 -0.000212439
30.72 -0.00023294
30.73 -0.000252688
30.74 -0.000271691
30.75 -0.000289959
30.76 -0.000307497
30.77 -0.000324304
30.78 -0.00034036
30.79 -0.000355629
30.8 -0.000370051
30.81 -0.000383543
30.82 -0.000396003
30.83 -0.000407314
30.84 -0.000417358
30.85 -0.000426022
30.86 -0.000433205
30.87 -0.000438824
30.88 -0.000442815
30.89 -0.00044513
30.9 -0.000445738
30.91 -0.00044462
30.92 -0.000441767
30.93 -0.000437187
30.94 -0.000430898
30.95 -0.000422932
30.96 -0.000413338
30.97 -0.000402171
30.98 -0.0003895
30.99 -0.000375394
31 -0.000359932
31.01 -0.000343191
31.02 -0.000325255
31.03 -0.000306211
31.04 -0.000286153
31.05 -0.000265181
31.06 -0.000243402
31.07 -0.000220927
31.08 -0.000197868
31.09 -0.00017434
31.1 -0.000150454
31.11 -0.000126321
31.12 -0.000102047
31.13 -7.77351e-05
31.14 -5.34872e-05
31.15 -2.93989e-05
31.16 -5.56019e-06
31.17 1.7947e-05
31.18 4.10502e-05
31.19 6.36879e-05
31.2 8.58091e-05
31.21 0.000107373
31.22 0.000128348
31.23 0.00014871
31.24 0.000168438
31.25 0.000187517
31.26 0.000205934
31.27 0.000223674
31.28 0.000240726
31.29 0.000257075
31.3 0.000272704
31.31 0.000287589
31.32 0.000301701
31.33 0.000315
31.34 0.000327435
31.35 0.000338946
31.36 0.000349465
31.37 0.000358917
31.38 0.000367225
31.39 0.000374316
31.4 0.000380123
31.41 0.000384588
31.42 0.000387664
31.43 0.000389314
31.44 0.000389514
31.45 0.000388249
31.46 0.000385515
31.47 0.000381316
31.48 0.000375669
31.49 0.000368598
31.5 0.000360139
31.51 0.000350335
31.52 0.000339238
31.53 0.000326905
31.54 0.0003134
31.55 0.000298791
31.56 0.000283149
31.57 0.00026655
31.58 0.000249075
31.59 0.000230808
31.6 0.000211837
31.61 0.000192254
31.62 0.000172149
31.63 0.000151618
31.64 0.000130754
31.65 0.000109647
31.66 8.8389e-05
31.67 6.70655e-05
31.68 4.57606e-05
31.69 2.45538e-05
31.7 3.51925e-06
31.71 -1.72744e-05
31.72 -3.77653e-05
31.73 -5.78983e-05
31.74 -7.76254e-05
31.75 -9.69049e-05
31.76 -0.000115701
31.77 -0.000133982
31.78 -0.000151719
31.79 -0.000168888
31.8 -0.000185464
31.81 -0.000201424
31.82 -0.000216744
31.83 -0.000231399
31.84 -0.000245363
31.85 -0.000258607
31.86 -0.000271096
31.87 -0.000282794
31.88 -0.000293656
31.89 -0.000303635
31.9 -0.000312678
31.91 -0.000320731
31.92 -0.000327739
31.93 -0.00033365
31.94 -0.000338416
31.95 -0.000341995
31.96 -0.000344352
31.97 -0.000345462
31.98 -0.000345306
31.99 -0.000343875
32 -0.000341169
32.01 -0.000337194
32.02 -0.000331964
32.03 -0.000325503
32.04 -0.000317839
32.05 -0.000309008
32.06 -0.000299055
32.07 -0.000288026
32.08 -0.000275975
32.09 -0.00026296
32.1 -0.000249044
32.11 -0.000234292
32.12 -0.000218774
32.13 -0.000202562
32.14 -0.000185731
32.15 -0.000168359
32.16 -0.000150524
32.17 -0.000132305
32.18 -0.000113781
32.19 -9.50283e-05
32.2 -7.61232e-05
32.21 -5.71392e-05
32.22 -3.8147e-05
32.23 -1.9214e-05
32.24 -4.04122e-07
32.25 1.82233e-05
32.26 3.66131e-05
32.27 5.47149e-05
32.28 7.24831e-05
32.29 8.98761e-05
32.3 0.000106856
32.31 0.000123389
32.32 0.000139442
32.33 0.000154985
32.34 0.000169989
32.35 0.000184425
32.36 0.000198265
32.37 0.000211477
32.38 0.000224033
32.39 0.000235899
32.4 0.000247041
32.41 0.000257424
32.42 0.000267006
32.43 0.000275749
32.44 0.00028361
32.45 0.000290546
32.46 0.000296516
32.47 0.000301481
32.48 0.000305406
32.49 0.000308261
32.5 0.000310021
32.51 0.000310669
32.52 0.000310192
32.53 0.000308585
32.54 0.000305852
32.55 0.000301999
32.56 0.000297042
32.57 0.000291002
32.58 0.000283905
32.59 0.000275785
32.6 0.000266679
32.61 0.000256629
32.62 0.000245683
32.63 0.000233891
32.64 0.000221309
32.65 0.000207993
32.66 0.000194005
32.67 0.000179408
32.68 0.000164267
32.69 0.000148649
32.7 0.000132621
32.71 0.00011625
32.72 9.96047e-05
32.73 8.27509e-05
32.74 6.5754e-05
32.75 4.86773e-05
32.76 3.15821e-05
32.77 1.45268e-05
32.78 -2.43278e-06
32.79 -1.92441e-05
32.8 -3.58579e-05
32.81 -5.22281e-05
32.82 -6.83119e-05
32.83 -8.40694e-05
32.84 -9.94633e-05
32.85 -0.000114458
32.86 -0.000129021
32.87 -0.00014312
32.88 -0.000156723
32.89 -0.000169799
32.9 -0.000182317
32.91 -0.000194247
32.92 -0.000205557
32.93 -0.000216215
32.94 -0.000226187
32.95 -0.000235439
32.96 -0.000243937
32.97 -0.000251644
32.98 -0.000258526
32.99 -0.000264548
33 -0.000269677
33.01 -0.000273884
33.02 -0.00027714
33.03 -0.000279424
33.04 -0.000280719
33.05 -0.00028101
33.06 -0.000280292
33.07 -0.000278563
33.08 -0.000275826
33.09 -0.000272092
33.1 -0.000267374
33.11 -0.000261694
33.12 -0.000255075
33.13 -0.000247548
33.14 -0.000239146
33.15 -0.000229908
33.16 -0.000219876
33.17 -0.000209094
33.18 -0.000197611
33.19 -0.00018548
33.2 -0.000172752
33.21 -0.000159484
33.22 -0.000145732
33.23 -0.000131555
33.24 -0.000117012
33.25 -0.000102162
33.26 -8.70629e-05
33.27 -7.17733e-05
33.28 -5.63501e-05
33.29 -4.08489e-05
33.3 -2.53235e-05
33.31 -9.82589e-06
33.32 5.59431e-06
33.33 2.08896e-05
33.34 3.60149e-05
33.35 5.09275e-05
33.36 6.5587e-05
33.37 7.99548e-05
33.38 9.39943e-05
33.39 0.000107671
33.4 0.00012095
33.41 0.000133799
33.42 0.000146187
33.43 0.000158081
33.44 0.00016945
33.45 0.000180262
33.46 0.000190487
33.47 0.000200093
33.48 0.000209049
33.49 0.000217322
33.5 0.000224882
33.51 0.000231698
33.52 0.00023774
33.53 0.000242978
33.54 0.000247388
33.55 0.000250944
33.56 0.000253627
33.57 0.00025542
33.58 0.00025631
33.59 0.000256289
33.6 0.000255354
33.61 0.000253505
33.62 0.00025075
33.63 0.000247098
33.64 0.000242564
33.65 0.000237168
33.66 0.000230933
33.67 0.000223887
33.68 0.000216061
33.69 0.00020749
33.7 0.000198212
33.71 0.000188268
33.72 0.000177701
33.73 0.000166557
33.74 0.000154884
33.75 0.000142731
33.76 0.000130149
33.77 0.000117189
33.78 0.000103902
33.79 9.03415e-05
33.8 7.65585e-05
33.81 6.26042e-05
33.82 4.8529e-05
33.83 3.43822e-05
33.84 2.02117e-05
33.85 6.06386e-06
33.86 -8.01651e-06
33.87 -2.19863e-05
33.88 -3.58043e-05
33.89 -4.94308e-05
33.9 -6.28277e-05
33.91 -7.59587e-05
33.92 -8.87885e-05
33.93 -0.000101283
33.94 -0.000113409
33.95 -0.000125135
33.96 -0.000136429
33.97 -0.000147259
33.98 -0.000157596
33.99 -0.000167407
34 -0.000176665
34.01 -0.000185338
34.02 -0.000193397
34.03 -0.000200813
34.04 -0.000207559
34.05 -0.000213607
34.06 -0.000218931
34.07 -0.000223507
34.08 -0.000227313
34.09 -0.000230331
34.1 -0.000232544
34.11 -0.00023394
34.12 -0.00023451
34.13 -0.000234249
34.14 -0.000233155
34.15 -0.000231232
34.16 -0.000228488
34.17 -0.000224932
34.18 -0.00022058
34.19 -0.00021545
34.2 -0.000209565
34.21 -0.00020295
34.22 -0.000195635
34.23 -0.000187651
34.24 -0.000179032
34.25 -0.000169817
34.26 -0.000160043
34.27 -0.000149752
34.28 -0.000138987
34.29 -0.000127792
34.3 -0.000116212
34.31 -0.000104293
34.32 -9.20814e-05
34.33 -7.9623e-05
34.34 -6.69642e-05
34.35 -5.41507e-05
34.36 -4.12277e-05
34.37 -2.82394e-05
34.38 -1.52291e-05
34.39 -2.23896e-06
34.4 1.06901e-05
34.41 2.35183e-05
34.42 3.62074e-05
34.43 4.87202e-05
34.44 6.10207e-05
34.45 7.3074e-05
34.46 8.48465e-05
34.47 9.6305e-05
34.48 0.000107418
34.49 0.000118153
34.5 0.00012848
34.51 0.000138368
34.52 0.000147789
34.53 0.000156712
34.54 0.000165109
34.55 0.000172953
34.56 0.000180216
34.57 0.000186871
34.58 0.000192895
34.59 0.000198262
34.6 0.00020295
34.61 0.000206941
34.62 0.000210215
34.63 0.000212757
34.64 0.000214555
34.65 0.0002156
34.66 0.000215886
34.67 0.000215411
34.68 0.000214174
34.69 0.000212182
34.7 0.000209442
34.71 0.000205965
34.72 0.000201766
34.73 0.000196864
34.74 0.00019128
34.75 0.000185038
34.76 0.000178164
34.77 0.000170688
34.78 0.000162641
34.79 0.000154058
34.8 0.000144975
34.81 0.000135427
34.82 0.000125455
34.83 0.000115098
34.84 0.000104395
34.85 9.33894e-05
34.86 8.21215e-05
34.87 7.06331e-05
34.88 5.89656e-05
34.89 4.71601e-05
34.9 3.52575e-05
34.91 2.32977e-05
34.92 1.132e-05
34.93 -6.37013e-07
34.94 -1.25359e-05
34.95 -2.43401e-05
34.96 -3.60138e-05
34.97 -4.75223e-05
34.98 -5.88319e-05
34.99 -6.99096e-05
35 -8.07232e-05
35.01 -9.12413e-05
35.02 -0.000101433
35.03 -0.000111269
35.04 -0.000120718
35.05 -0.000129754
35.06 -0.000138346
35.07 -0.000146468
35.08 -0.000154093
35.09 -0.000161195
35.1 -0.000167749
35.11 -0.000173731
35.12 -0.000179119
35.13 -0.000183892
35.14 -0.000188031
35.15 -0.000191518
35.16 -0.000194339
35.17 -0.000196481
35.18 -0.000197934
35.19 -0.000198693
35.2 -0.000198752
35.21 -0.000198112
35.22 -0.000196775
35.23 -0.000194745
35.24 -0.000192033
35.25 -0.000188648
35.26 -0.000184607
35.27 -0.000179926
35.28 -0.000174625
35.29 -0.000168727
35.3 -0.000162257
35.31 -0.000155241
35.32 -0.00014771
35.33 -0.000139693
35.34 -0.000131224
35.35 -0.000122336
35.36 -0.000113065
35.37 -0.000103446
35.38 -9.35156e-05
35.39 -8.33118e-05
35.4 -7.28719e-05
35.41 -6.22336e-05
35.42 -5.14344e-05
35.43 -4.05118e-05
35.44 -2.9503e-05
35.45 -1.84446e-05
35.46 -7.37273e-06
35.47 3.67714e-06
35.48 1.46702e-05
35.49 2.55722e-05
35.5 3.63499e-05
35.51 4.69706e-05
35.52 5.74021e-05
35.53 6.76133e-05
35.54 7.75736e-05
35.55 8.72529e-05
35.56 9.66219e-05
35.57 0.000105652
35.58 0.000114315
35.59 0.000122584
35.6 0.000130432
35.61 0.000137833
35.62 0.000144762
35.63 0.000151196
35.64 0.000157112
35.65 0.000162489
35.66 0.000167305
35.67 0.000171544
35.68 0.000175189
35.69 0.000178225
35.7 0.000180639
35.71 0.000182423
35.72 0.000183568
35.73 0.000184071
35.74 0.000183928
35.75 0.000183141
35.76 0.000181714
35.77 0.000179651
35.78 0.000176964
35.79 0.000173663
35.8 0.000169762
35.81 0.000165278
35.82 0.000160231
35.83 0.000154641
35.84 0.000148531
35.85 0.000141927
35.86 0.000134856
35.87 0.000127346
35.88 0.000119427
35.89 0.00011113
35.9 0.000102487
35.91 9.35299e-05
35.92 8.42931e-05
35.93 7.48101e-05
35.94 6.51152e-05
35.95 5.52427e-05
35.96 4.52269e-05
35.97 3.51019e-05
35.98 2.49019e-05
35.99 1.46603e-05
36 4.41061e-06
36.01 -5.81447e-06
36.02 -1.59826e-05
36.03 -2.6062e-05
36.04 -3.60214e-05
36.05 -4.58302e-05
36.06 -5.54582e-05
36.07 -6.4876e-05
36.08 -7.40546e-05
36.09 -8.29657e-05
36.1 -9.15815e-05
36.11 -9.98749e-05
36.12 -0.00010782
36.13 -0.00011539
36.14 -0.000122561
36.15 -0.000129309
36.16 -0.00013561
36.17 -0.000141444
36.18 -0.000146789
36.19 -0.000151626
36.2 -0.000155937
36.21 -0.000159706
36.22 -0.000162919
36.23 -0.000165564
36.24 -0.00016763
36.25 -0.00016911
36.26 -0.000169997
36.27 -0.000170289
36.28 -0.000169986
36.29 -0.000169088
36.3 -0.0001676
36.31 -0.000165528
36.32 -0.000162883
36.33 -0.000159675
36.34 -0.000155918
36.35 -0.000151628
36.36 -0.000146822
36.37 -0.000141522
36.38 -0.000135748
36.39 -0.000129523
36.4 -0.000122874
36.41 -0.000115825
36.42 -0.000108404
36.43 -0.00010064
36.44 -9.25613e-05
36.45 -8.41987e-05
36.46 -7.55827e-05
36.47 -6.67442e-05
36.48 -5.77146e-05
36.49 -4.85253e-05
36.5 -3.9208e-05
36.51 -2.97941e-05
36.52 -2.03152e-05
36.53 -1.08023e-05
36.54 -1.28645e-06
36.55 8.20181e-06
36.56 1.76323e-05
36.57 2.69751e-05
36.58 3.62009e-05
36.59 4.52808e-05
36.6 5.41863e-05
36.61 6.28897e-05
36.62 7.13634e-05
36.63 7.95808e-05
36.64 8.75156e-05
36.65 9.51424e-05
36.66 0.000102436
36.67 0.000109373
36.68 0.00011593
36.69 0.000122085
36.7 0.000127817
36.71 0.000133105
36.72 0.000137932
36.73 0.000142279
36.74 0.000146132
36.75 0.000149476
36.76 0.000152299
36.77 0.000154591
36.78 0.000156343
36.79 0.000157548
36.8 0.000158204
36.81 0.000158308
36.82 0.000157861
36.83 0.000156865
36.84 0.000155325
36.85 0.000153248
36.86 0.000150643
36.87 0.000147521
36.88 0.000143897
36.89 0.000139784
36.9 0.000135201
36.91 0.000130165
36.92 0.000124697
36.93 0.000118819
36.94 0.000112553
36.95 0.000105924
36.96 9.89576e-05
36.97 9.16793e-05
36.98 8.41162e-05
36.99 7.6296e-05
37 6.82468e-05
37.01 5.99971e-05
37.02 5.15758e-05
37.03 4.30119e-05
37.04 3.43345e-05
37.05 2.55727e-05
37.06 1.67557e-05
37.07 7.91238e-06
37.08 -9.28523e-07
37.09 -9.73848e-06
37.1 -1.84893e-05
37.11 -2.7153e-05
37.12 -3.57021e-05
37.13 -4.41095e-05
37.14 -5.23484e-05
37.15 -6.03926e-05
37.16 -6.82165e-05
37.17 -7.57948e-05
37.18 -8.3103e-05
37.19 -9.01172e-05
37.2 -9.68144e-05
37.21 -0.000103172
37.22 -0.000109169
37.23 -0.000114785
37.24 -0.00012
37.25 -0.000124797
37.26 -0.000129158
37.27 -0.000133068
37.28 -0.000136513
37.29 -0.000139481
37.3 -0.000141962
37.31 -0.000143946
37.32 -0.000145428
37.33 -0.000146401
37.34 -0.000146862
37.35 -0.000146812
37.36 -0.000146252
37.37 -0.000145183
37.38 -0.000143612
37.39 -0.000141546
37.4 -0.000138994
37.41 -0.000135966
37.42 -0.000132476
37.43 -0.000128537
37.44 -0.000124167
37.45 -0.000119382
37.46 -0.000114201
37.47 -0.000108645
37.48 -0.000102734
37.49 -9.64919e-05
37.5 -8.99414e-05
37.51 -8.31068e-05
37.52 -7.60129e-05
37.53 -6.86854e-05
37.54 -6.11502e-05
37.55 -5.34338e-05
37.56 -4.55628e-05
37.57 -3.75642e-05
37.58 -2.94651e-05
37.59 -2.12925e-05
37.6 -1.30736e-05
37.61 -4.83534e-06
37.62 3.39527e-06
37.63 1.15916e-05
37.64 1.9727e-05
37.65 2.77754e-05
37.66 3.57108e-05
37.67 4.35077e-05
37.68 5.11409e-05
37.69 5.85858e-05
37.7 6.58182e-05
37.71 7.28144e-05
37.72 7.95515e-05
37.73 8.60072e-05
37.74 9.21599e-05
37.75 9.79891e-05
37.76 0.000103475
37.77 0.000108599
37.78 0.000113343
37.79 0.000117691
37.8 0.000121627
37.81 0.000125139
37.82 0.000128214
37.83 0.000130841
37.84 0.000133011
37.85 0.000134717
37.86 0.000135953
37.87 0.000136716
37.88 0.000137003
37.89 0.000136816
37.9 0.000136154
37.91 0.000135023
37.92 0.000133427
37.93 0.000131375
37.94 0.000128873
37.95 0.000125935
37.96 0.00012257
37.97 0.000118794
37.98 0.000114622
37.99 0.000110069
38 0.000105154
38.01 9.98949e-05
38.02 9.43125e-05
38.03 8.84272e-05
38.04 8.22609e-05
38.05 7.58359e-05
38.06 6.91754e-05
38.07 6.2303e-05
38.08 5.52428e-05
38.09 4.80194e-05
38.1 4.06574e-05
38.11 3.31821e-05
38.12 2.56184e-05
38.13 1.79917e-05
38.14 1.03273e-05
38.15 2.65037e-06
38.16 -5.0139e-06
38.17 -1.26405e-05
38.18 -2.02046e-05
38.19 -2.76816e-05
38.2 -3.50473e-05
38.21 -4.22776e-05
38.22 -4.93491e-05
38.23 -5.62385e-05
38.24 -6.29233e-05
38.25 -6.93814e-05
38.26 -7.55913e-05
38.27 -8.15325e-05
38.28 -8.71849e-05
38.29 -9.25295e-05
38.3 -9.7548e-05
38.31 -0.000102223
38.32 -0.00010654
38.33 -0.000110482
38.34 -0.000114037
38.35 -0.000117192
38.36 -0.000119936
38.37 -0.000122261
38.38 -0.000124158
38.39 -0.000125621
38.4 -0.000126646
38.41 -0.00012723
38.42 -0.000127372
38.43 -0.000127072
38.44 -0.000126333
38.45 -0.000125158
38.46 -0.000123553
38.47 -0.000121525
38.48 -0.000119084
38.49 -0.000116238
38.5 -0.000113
38.51 -0.000109383
38.52 -0.0001054
38.53 -0.000101068
38.54 -9.64033e-05
38.55 -9.14231e-05
38.56 -8.6146e-05
38.57 -8.05917e-05
38.58 -7.47802e-05
38.59 -6.87325e-05
38.6 -6.24701e-05
38.61 -5.6015e-05
38.62 -4.93898e-05
38.63 -4.26172e-05
38.64 -3.57205e-05
38.65 -2.87229e-05
38.66 -2.16481e-05
38.67 -1.45196e-05
38.68 -7.36126e-06
38.69 -1.9666e-07
38.7 6.95056e-06
38.71 1.40569e-05
38.72 2.1099e-05
38.73 2.80538e-05
38.74 3.48985e-05
38.75 4.16105e-05
38.76 4.81677e-05
38.77 5.45486e-05
38.78 6.07318e-05
38.79 6.66969e-05
38.8 7.24238e-05
38.81 7.78935e-05
38.82 8.30873e-05
38.83 8.79879e-05
38.84 9.25785e-05
38.85 9.68435e-05
38.86 0.000100768
38.87 0.00010434
38.88 0.000107545
38.89 0.000110375
38.9 0.000112818
38.91 0.000114868
38.92 0.000116516
38.93 0.00011776
38.94 0.000118593
38.95 0.000119016
38.96 0.000119027
38.97 0.000118627
38.98 0.00011782
38.99 0.000116608
39 0.000114998
39.01 0.000112997
39.02 0.000110614
39.03 0.000107857
39.04 0.000104739
39.05 0.000101271
39.06 9.74668e-05
39.07 9.33416e-05
39.08 8.89106e-05
39.09 8.41903e-05
39.1 7.9198e-05
39.11 7.39521e-05
39.12 6.84713e-05
39.13 6.27751e-05
39.14 5.68837e-05
39.15 5.08176e-05
39.16 4.45978e-05
39.17 3.82456e-05
39.18 3.17826e-05
39.19 2.52308e-05
39.2 1.86121e-05
39.21 1.19486e-05
39.22 5.26262e-06
39.23 -1.42373e-06
39.24 -8.0883e-06
39.25 -1.47091e-05
39.26 -2.12642e-05
39.27 -2.77319e-05
39.28 -3.4091e-05
39.29 -4.03203e-05
39.3 -4.63992e-05
39.31 -5.23075e-05
39.32 -5.80254e-05
39.33 -6.35339e-05
39.34 -6.88143e-05
39.35 -7.38491e-05
39.36 -7.8621e-05
39.37 -8.31142e-05
39.38 -8.73132e-05
39.39 -9.12038e-05
39.4 -9.4773e-05
39.41 -9.80087e-05
39.42 -0.0001009
39.43 -0.000103437
39.44 -0.000105612
39.45 -0.000107417
39.46 -0.000108848
39.47 -0.000109899
39.48 -0.000110568
39.49 -0.000110853
39.5 -0.000110755
39.51 -0.000110275
39.52 -0.000109416
39.53 -0.000108181
39.54 -0.000106578
39.55 -0.000104612
39.56 -0.000102291
39.57 -9.96261e-05
39.58 -9.66265e-05
39.59 -9.33042e-05
39.6 -8.9672e-05
39.61 -8.57436e-05
39.62 -8.15336e-05
39.63 -7.70577e-05
39.64 -7.2332e-05
39.65 -6.73735e-05
39.66 -6.22001e-05
39.67 -5.68299e-05
39.68 -5.12818e-05
39.69 -4.55751e-05
39.7 -3.97293e-05
39.71 -3.37646e-05
39.72 -2.77012e-05
39.73 -2.15596e-05
39.74 -1.53605e-05
39.75 -9.12477e-06
39.76 -2.87317e-06
39.77 3.37343e-06
39.78 9.59422e-06
39.79 1.57685e-05
39.8 2.18757e-05
39.81 2.78956e-05
39.82 3.38081e-05
39.83 3.95934e-05
39.84 4.52323e-05
39.85 5.07059e-05
39.86 5.59959e-05
39.87 6.10843e-05
39.88 6.59543e-05
39.89 7.05892e-05
39.9 7.49735e-05
39.91 7.90923e-05
39.92 8.29319e-05
39.93 8.64791e-05
39.94 8.97222e-05
39.95 9.26503e-05
39.96 9.52537e-05
39.97 9.75238e-05
39.98 9.94535e-05
39.99 0.000101037
40 0.000102268
40.01 0.000103145
40.02 0.000103665
40.03 0.000103827
40.04 0.000103632
40.05 0.000103081
40.06 0.000102177
40.07 0.000100925
40.08 9.9331e-05
40.09 9.74006e-05
40.1 9.51421e-05
40.11 9.25646e-05
40.12 8.96782e-05
40.13 8.64939e-05
40.14 8.30239e-05
40.15 7.9281e-05
40.16 7.52791e-05
40.17 7.10328e-05
40.18 6.65574e-05
40.19 6.18689e-05
40.2 5.69839e-05
40.21 5.19196e-05
40.22 4.66935e-05
40.23 4.13239e-05
40.24 3.5829e-05
40.25 3.02277e-05
40.26 2.45391e-05
40.27 1.87823e-05
40.28 1.29768e-05
40.29 7.14211e-06
40.3 1.29777e-06
40.31 -4.53667e-06
40.32 -1.03417e-05
40.33 -1.60979e-05
40.34 -2.17861e-05
40.35 -2.73872e-05
40.36 -3.28826e-05
40.37 -3.82538e-05
40.38 -4.34828e-05
40.39 -4.8552e-05
40.4 -5.34445e-05
40.41 -5.81438e-05
40.42 -6.26339e-05
40.43 -6.68999e-05
40.44 -7.09273e-05
40.45 -7.47026e-05
40.46 -7.82131e-05
40.47 -8.14471e-05
40.48 -8.43937e-05
40.49 -8.70432e-05
40.5 -8.9387e-05
40.51 -9.14175e-05
40.52 -9.31282e-05
40.53 -9.45139e-05
40.54 -9.55706e-05
40.55 -9.62954e-05
40.56 -9.66867e-05
40.57 -9.6744e-05
40.58 -9.6468e-05
40.59 -9.58609e-05
40.6 -9.49256e-05
40.61 -9.36666e-05
40.62 -9.20893e-05
40.63 -9.02002e-05
40.64 -8.80069e-05
40.65 -8.55181e-05
40.66 -8.27434e-05
40.67 -7.96932e-05
40.68 -7.6379e-05
40.69 -7.28131e-05
40.7 -6.90084e-05
40.71 -6.49788e-05
40.72 -6.07387e-05
40.73 -5.6303e-05
40.74 -5.16876e-05
40.75 -4.69084e-05
40.76 -4.19821e-05
40.77 -3.69257e-05
40.78 -3.17565e-05
40.79 -2.64923e-05
40.8 -2.11509e-05
40.81 -1.57504e-05
40.82 -1.03092e-05
40.83 -4.84544e-06
40.84 6.22344e-07
40.85 6.0758e-06
40.86 1.14966e-05
40.87 1.68666e-05
40.88 2.21677e-05
40.89 2.73822e-05
40.9 3.24924e-05
40.91 3.74813e-05
40.92 4.2332e-05
40.93 4.70283e-05
40.94 5.15542e-05
40.95 5.58946e-05
40.96 6.00349e-05
40.97 6.39611e-05
40.98 6.766e-05
40.99 7.11192e-05
41 7.43272e-05
41.01 7.72733e-05
41.02 7.99478e-05
41.03 8.23419e-05
41.04 8.4448e-05
41.05 8.62592e-05
41.06 8.77701e-05
41.07 8.8976e-05
41.08 8.98736e-05
41.09 9.04606e-05
41.1 9.07358e-05
41.11 9.06991e-05
41.12 9.03516e-05
41.13 8.96956e-05
41.14 8.87341e-05
41.15 8.74716e-05
41.16 8.59134e-05
41.17 8.40659e-05
41.18 8.19363e-05
41.19 7.95331e-05
41.2 7.68652e-05
41.21 7.39428e-05
41.22 7.07767e-05
41.23 6.73785e-05
41.24 6.37605e-05
41.25 5.99357e-05
41.26 5.59177e-05
41.27 5.17208e-05
41.28 4.73595e-05
41.29 4.28493e-05
41.3 3.82055e-05
41.31 3.34444e-05
41.32 2.85821e-05
41.33 2.36353e-05
41.34 1.86209e-05
41.35 1.35559e-05
41.36 8.45734e-06
41.37 3.34254e-06
41.38 -1.77125e-06
41.39 -6.86681e-06
41.4 -1.1927e-05
41.41 -1.69347e-05
41.42 -2.18731e-05
41.43 -2.67256e-05
41.44 -3.14759e-05
41.45 -3.61079e-05
41.46 -4.06061e-05
41.47 -4.49552e-05
41.48 -4.91408e-05
41.49 -5.31486e-05
41.5 -5.69652e-05
41.51 -6.05777e-05
41.52 -6.39742e-05
41.53 -6.71433e-05
41.54 -7.00743e-05
41.55 -7.27578e-05
41.56 -7.51848e-05
41.57 -7.73475e-05
41.58 -7.92389e-05
41.59 -8.08533e-05
41.6 -8.21855e-05
41.61 -8.32318e-05
41.62 -8.39892e-05
41.63 -8.44559e-05
41.64 -8.46311e-05
41.65 -8.4515e-05
41.66 -8.4109e-05
41.67 -8.34151e-05
41.68 -8.24369e-05
41.69 -8.11785e-05
41.7 -7.96451e-05
41.71 -7.78429e-05
41.72 -7.57789e-05
41.73 -7.34611e-05
41.74 -7.08983e-05
41.75 -6.80998e-05
41.76 -6.5076e-05
41.77 -6.1838e-05
41.78 -5.83973e-05
41.79 -5.47664e-05
41.8 -5.09579e-05
41.81 -4.69854e-05
41.82 -4.28627e-05
41.83 -3.86043e-05
41.84 -3.42247e-05
41.85 -2.97392e-05
41.86 -2.51631e-05
41.87 -2.0512e-05
41.88 -1.58019e-05
41.89 -1.10488e-05
41.9 -6.26873e-06
41.91 -1.47798e-06
41.92 3.30726e-06
41.93 8.07079e-06
41.94 1.27965e-05
41.95 1.74685e-05
41.96 2.2071e-05
41.97 2.65883e-05
41.98 3.10054e-05
41.99 3.53073e-05
42 3.94794e-05
42.01 4.35078e-05
42.02 4.73788e-05
42.03 5.10795e-05
42.04 5.45974e-05
42.05 5.79208e-05
42.06 6.10386e-05
42.07 6.39404e-05
42.08 6.66166e-05
42.09 6.90585e-05
42.1 7.12582e-05
42.11 7.32085e-05
42.12 7.49034e-05
42.13 7.63376e-05
42.14 7.75067e-05
42.15 7.84075e-05
42.16 7.90376e-05
42.17 7.93954e-05
42.18 7.94806e-05
42.19 7.92937e-05
42.2 7.88361e-05
42.21 7.81102e-05
42.22 7.71193e-05
42.23 7.58677e-05
42.24 7.43605e-05
42.25 7.26035e-05
42.26 7.06037e-05
42.27 6.83686e-05
42.28 6.59066e-05
42.29 6.32268e-05
42.3 6.03388e-05
42.31 5.72533e-05
42.32 5.39812e-05
42.33 5.05342e-05
42.34 4.69245e-05
42.35 4.31647e-05
42.36 3.92679e-05
42.37 3.52478e-05
42.38 3.11181e-05
42.39 2.68932e-05
42.4 2.25875e-05
42.41 1.82157e-05
42.42 1.37929e-05
42.43 9.33394e-06
42.44 4.85412e-06
42.45 3.68616e-07
42.46 -4.10737e-06
42.47 -8.55867e-06
42.48 -1.29702e-05
42.49 -1.73271e-05
42.5 -2.16146e-05
42.51 -2.58183e-05
42.52 -2.99238e-05
42.53 -3.39175e-05
42.54 -3.77858e-05
42.55 -4.15157e-05
42.56 -4.50947e-05
42.57 -4.85108e-05
42.58 -5.17525e-05
42.59 -5.4809e-05
42.6 -5.76702e-05
42.61 -6.03267e-05
42.62 -6.27696e-05
42.63 -6.4991e-05
42.64 -6.69838e-05
42.65 -6.87417e-05
42.66 -7.0259e-05
42.67 -7.15313e-05
42.68 -7.25546e-05
42.69 -7.33262e-05
42.7 -7.3844e-05
42.71 -7.4107e-05
42.72 -7.4115e-05
42.73 -7.38686e-05
42.74 -7.33695e-05
42.75 -7.262e-05
42.76 -7.16237e-05
42.77 -7.03844e-05
42.78 -6.89073e-05
42.79 -6.71982e-05
42.8 -6.52634e-05
42.81 -6.31104e-05
42.82 -6.07471e-05
42.83 -5.81821e-05
42.84 -5.54248e-05
42.85 -5.24851e-05
42.86 -4.93735e-05
42.87 -4.6101e-05
42.88 -4.26792e-05
42.89 -3.912e-05
42.9 -3.54359e-05
42.91 -3.16396e-05
42.92 -2.77443e-05
42.93 -2.37635e-05
42.94 -1.97107e-05
42.95 -1.55999e-05
42.96 -1.14452e-05
42.97 -7.26067e-06
42.98 -3.06064e-06
42.99 1.14061e-06
43 5.32881e-06
43.01 9.48976e-06
43.02 1.36093e-05
43.03 1.76736e-05
43.04 2.16688e-05
43.05 2.55814e-05
43.06 2.93982e-05
43.07 3.31063e-05
43.08 3.66933e-05
43.09 4.0147e-05
43.1 4.34558e-05
43.11 4.66088e-05
43.12 4.95954e-05
43.13 5.24056e-05
43.14 5.50301e-05
43.15 5.74604e-05
43.16 5.96885e-05
43.17 6.17071e-05
43.18 6.35098e-05
43.19 6.50909e-05
43.2 6.64456e-05
43.21 6.75697e-05
43.22 6.84599e-05
43.23 6.91138e-05
43.24 6.95298e-05
43.25 6.97072e-05
43.26 6.96459e-05
43.27 6.9347e-05
43.28 6.88119e-05
43.29 6.80434e-05
43.3 6.70447e-05
43.31 6.582e-05
43.32 6.43739e-05
43.33 6.27122e-05
43.34 6.08411e-05
43.35 5.87677e-05
43.36 5.64995e-05
43.37 5.40449e-05
43.38 5.14126e-05
43.39 4.86122e-05
43.4 4.56536e-05
43.41 4.25473e-05
43.42 3.93042e-05
43.43 3.59357e-05
43.44 3.24534e-05
43.45 2.88695e-05
43.46 2.51964e-05
43.47 2.14467e-05
43.48 1.76334e-05
43.49 1.37694e-05
43.5 9.86806e-06
43.51 5.94265e-06
43.52 2.00657e-06
43.53 -1.92679e-06
43.54 -5.84406e-06
43.55 -9.73192e-06
43.56 -1.35772e-05
43.57 -1.73669e-05
43.58 -2.10881e-05
43.59 -2.47283e-05
43.6 -2.82752e-05
43.61 -3.17169e-05
43.62 -3.50417e-05
43.63 -3.82385e-05
43.64 -4.12966e-05
43.65 -4.42059e-05
43.66 -4.69565e-05
43.67 -4.95394e-05
43.68 -5.19461e-05
43.69 -5.41687e-05
43.7 -5.62e-05
43.71 -5.80334e-05
43.72 -5.96631e-05
43.73 -6.10839e-05
43.74 -6.22916e-05
43.75 -6.32825e-05
43.76 -6.40537e-05
43.77 -6.46032e-05
43.78 -6.49296e-05
43.79 -6.50325e-05
43.8 -6.49122e-05
43.81 -6.45696e-05
43.82 -6.40065e-05
43.83 -6.32255e-05
43.84 -6.22299e-05
43.85 -6.10236e-05
43.86 -5.96114e-05
43.87 -5.79988e-05
43.88 -5.61916e-05
43.89 -5.41967e-05
43.9 -5.20214e-05
43.91 -4.96735e-05
43.92 -4.71616e-05
43.93 -4.44945e-05
43.94 -4.16818e-05
43.95 -3.87334e-05
43.96 -3.56596e-05
43.97 -3.24712e-05
43.98 -2.91794e-05
43.99 -2.57955e-05
44 -2.23312e-05
44.01 -1.87985e-05
44.02 -1.52096e-05
44.03 -1.15767e-05
44.04 -7.91236e-06
44.05 -4.22908e-06
44.06 -5.39415e-07
44.07 3.14404e-06
44.08 6.80876e-06
44.09 1.04423e-05
44.1 1.40323e-05
44.11 1.75666e-05
44.12 2.10332e-05
44.13 2.44204e-05
44.14 2.77168e-05
44.15 3.09113e-05
44.16 3.39932e-05
44.17 3.69521e-05
44.18 3.97781e-05
44.19 4.24618e-05
44.2 4.49943e-05
44.21 4.73673e-05
44.22 4.95729e-05
44.23 5.1604e-05
44.24 5.3454e-05
44.25 5.51169e-05
44.26 5.65875e-05
44.27 5.78612e-05
44.28 5.89342e-05
44.29 5.98033e-05
44.3 6.04659e-05
44.31 6.09205e-05
44.32 6.11659e-05
44.33 6.12019e-05
44.34 6.1029e-05
44.35 6.06483e-05
44.36 6.00616e-05
44.37 5.92716e-05
44.38 5.82816e-05
44.39 5.70954e-05
44.4 5.57176e-05
44.41 5.41535e-05
44.42 5.2409e-05
44.43 5.04904e-05
44.44 4.84048e-05
44.45 4.61596e-05
44.46 4.37631e-05
44.47 4.12236e-05
44.48 3.85503e-05
44.49 3.57525e-05
44.5 3.284e-05
44.51 2.98231e-05
44.52 2.67123e-05
44.53 2.35183e-05
44.54 2.02521e-05
44.55 1.69252e-05
44.56 1.35488e-05
44.57 1.01346e-05
44.58 6.69432e-06
44.59 3.23969e-06
44.6 -2.17473e-07
44.61 -3.6654e-06
44.62 -7.09235e-06
44.63 -1.04867e-05
44.64 -1.38369e-05
44.65 -1.71316e-05
44.66 -2.03597e-05
44.67 -2.35102e-05
44.68 -2.65727e-05
44.69 -2.95366e-05
44.7 -3.23922e-05
44.71 -3.51298e-05
44.72 -3.77404e-05
44.73 -4.02152e-05
44.74 -4.25461e-05
44.75 -4.47253e-05
44.76 -4.67458e-05
44.77 -4.8601e-05
44.78 -5.02849e-05
44.79 -5.17922e-05
44.8 -5.3118e-05
44.81 -5.42583e-05
44.82 -5.52096e-05
44.83 -5.59692e-05
44.84 -5.65349e-05
44.85 -5.69053e-05
44.86 -5.70796e-05
44.87 -5.70577e-05
44.88 -5.68403e-05
44.89 -5.64286e-05
44.9 -5.58246e-05
44.91 -5.50307e-05
44.92 -5.40503e-05
44.93 -5.28872e-05
44.94 -5.15458e-05
44.95 -5.00313e-05
44.96 -4.83491e-05
44.97 -4.65055e-05
44.98 -4.45072e-05
44.99 -4.23615e-05
45 -4.00759e-05
45.01 -3.76586e-05
45.02 -3.51182e-05
45.03 -3.24637e-05
45.04 -2.97043e-05
45.05 -2.68496e-05
45.06 -2.39097e-05
45.07 -2.08947e-05
45.08 -1.78151e-05
45.09 -1.46815e-05
45.1 -1.15046e-05
45.11 -8.29543e-06
45.12 -5.06496e-06
45.13 -1.82425e-06
45.14 1.41563e-06
45.15 4.64363e-06
45.16 7.84876e-06
45.17 1.10201e-05
45.18 1.4147e-05
45.19 1.72187e-05
45.2 2.02249e-05
45.21 2.31555e-05
45.22 2.60005e-05
45.23 2.87505e-05
45.24 3.13962e-05
45.25 3.39287e-05
45.26 3.63397e-05
45.27 3.86211e-05
45.28 4.07655e-05
45.29 4.27657e-05
45.3 4.46152e-05
45.31 4.63082e-05
45.32 4.7839e-05
45.33 4.92029e-05
45.34 5.03956e-05
45.35 5.14134e-05
45.36 5.22533e-05
45.37 5.29129e-05
45.38 5.33903e-05
45.39 5.36843e-05
45.4 5.37945e-05
45.41 5.3721e-05
45.42 5.34645e-05
45.43 5.30263e-05
45.44 5.24085e-05
45.45 5.16135e-05
45.46 5.06447e-05
45.47 4.95058e-05
45.48 4.8201e-05
45.49 4.67354e-05
45.5 4.51143e-05
45.51 4.33436e-05
45.52 4.14297e-05
45.53 3.93797e-05
45.54 3.72007e-05
45.55 3.49005e-05
45.56 3.24873e-05
45.57 2.99696e-05
45.58 2.73561e-05
45.59 2.4656e-05
45.6 2.18787e-05
45.61 1.90338e-05
45.62 1.61312e-05
45.63 1.31809e-05
45.64 1.0193e-05
45.65 7.17779e-06
45.66 4.14566e-06
45.67 1.10694e-06
45.68 -1.92799e-06
45.69 -4.94878e-06
45.7 -7.94515e-06
45.71 -1.09069e-05
45.72 -1.38241e-05
45.73 -1.66867e-05
45.74 -1.94851e-05
45.75 -2.221e-05
45.76 -2.4852e-05
45.77 -2.74025e-05
45.78 -2.98527e-05
45.79 -3.21946e-05
45.8 -3.44204e-05
45.81 -3.65228e-05
45.82 -3.84947e-05
45.83 -4.03297e-05
45.84 -4.20219e-05
45.85 -4.35659e-05
45.86 -4.49565e-05
45.87 -4.61896e-05
45.88 -4.72611e-05
45.89 -4.81679e-05
45.9 -4.89072e-05
45.91 -4.9477e-05
45.92 -4.98756e-05
45.93 -5.01022e-05
45.94 -5.01565e-05
45.95 -5.00386e-05
45.96 -4.97495e-05
45.97 -4.92905e-05
45.98 -4.86637e-05
45.99 -4.78717e-05
46 -4.69175e-05
46.01 -4.58049e-05
46.02 -4.45381e-05
46.03 -4.31217e-05
46.04 -4.1561e-05
46.05 -3.98618e-05
46.06 -3.803e-05
46.07 -3.60724e-05
46.08 -3.39958e-05
46.09 -3.18077e-05
46.1 -2.95158e-05
46.11 -2.71282e-05
46.12 -2.46531e-05
46.13 -2.20993e-05
46.14 -1.94757e-05
46.15 -1.67913e-05
46.16 -1.40554e-05
46.17 -1.12775e-05
46.18 -8.46713e-06
46.19 -5.63395e-06
46.2 -2.78769e-06
46.21 6.1915e-08
46.22 2.90514e-06
46.23 5.73228e-06
46.24 8.53373e-06
46.25 1.13e-05
46.26 1.40216e-05
46.27 1.66895e-05
46.28 1.92945e-05
46.29 2.1828e-05
46.3 2.42814e-05
46.31 2.66465e-05
46.32 2.89153e-05
46.33 3.10804e-05
46.34 3.31346e-05
46.35 3.5071e-05
46.36 3.68834e-05
46.37 3.85657e-05
46.38 4.01126e-05
46.39 4.1519e-05
46.4 4.27805e-05
46.41 4.3893e-05
46.42 4.48533e-05
46.43 4.56582e-05
46.44 4.63056e-05
46.45 4.67934e-05
46.46 4.71206e-05
46.47 4.72863e-05
46.48 4.72904e-05
46.49 4.71333e-05
46.5 4.68159e-05
46.51 4.63398e-05
46.52 4.5707e-05
46.53 4.492e-05
46.54 4.3982e-05
46.55 4.28965e-05
46.56 4.16676e-05
46.57 4.02999e-05
46.58 3.87984e-05
46.59 3.71685e-05
46.6 3.54161e-05
46.61 3.35475e-05
46.62 3.15694e-05
46.63 2.94887e-05
46.64 2.73129e-05
46.65 2.50495e-05
46.66 2.27066e-05
46.67 2.02921e-05
46.68 1.78146e-05
46.69 1.52827e-05
46.7 1.2705e-05
46.71 1.00905e-05
46.72 7.44822e-06
46.73 4.78719e-06
46.74 2.11653e-06
46.75 -5.54606e-07
46.76 -3.21712e-06
46.77 -5.86193e-06
46.78 -8.48005e-06
46.79 -1.10626e-05
46.8 -1.36008e-05
46.81 -1.60861e-05
46.82 -1.85102e-05
46.83 -2.08648e-05
46.84 -2.31421e-05
46.85 -2.53344e-05
46.86 -2.74344e-05
46.87 -2.94353e-05
46.88 -3.13302e-05
46.89 -3.3113e-05
46.9 -3.47779e-05
46.91 -3.63194e-05
46.92 -3.77325e-05
46.93 -3.90127e-05
46.94 -4.01559e-05
46.95 -4.11585e-05
46.96 -4.20175e-05
46.97 -4.27302e-05
46.98 -4.32946e-05
46.99 -4.37091e-05
47 -4.39727e-05
47.01 -4.40847e-05
47.02 -4.40453e-05
47.03 -4.38549e-05
47.04 -4.35146e-05
47.05 -4.30259e-05
47.06 -4.23909e-05
47.07 -4.16121e-05
47.08 -4.06924e-05
47.09 -3.96355e-05
47.1 -3.84453e-05
47.11 -3.71261e-05
47.12 -3.56828e-05
47.13 -3.41206e-05
47.14 -3.24452e-05
47.15 -3.06625e-05
47.16 -2.87789e-05
47.17 -2.6801e-05
47.18 -2.47359e-05
47.19 -2.25907e-05
47.2 -2.0373e-05
47.21 -1.80905e-05
47.22 -1.57511e-05
47.23 -1.3363e-05
47.24 -1.09345e-05
47.25 -8.47377e-06
47.26 -5.98944e-06
47.27 -3.48999e-06
47.28 -9.84008e-07
47.29 1.51995e-06
47.3 4.01333e-06
47.31 6.48764e-06
47.32 8.93448e-06
47.33 1.13455e-05
47.34 1.37127e-05
47.35 1.60279e-05
47.36 1.82833e-05
47.37 2.04715e-05
47.38 2.2585e-05
47.39 2.46168e-05
47.4 2.65601e-05
47.41 2.84084e-05
47.42 3.01557e-05
47.43 3.17963e-05
47.44 3.33247e-05
47.45 3.47359e-05
47.46 3.60255e-05
47.47 3.71892e-05
47.48 3.82235e-05
47.49 3.9125e-05
47.5 3.98911e-05
47.51 4.05193e-05
47.52 4.1008e-05
47.53 4.13558e-05
47.54 4.15618e-05
47.55 4.16257e-05
47.56 4.15476e-05
47.57 4.13282e-05
47.58 4.09685e-05
47.59 4.04702e-05
47.6 3.98353e-05
47.61 3.90663e-05
47.62 3.81661e-05
47.63 3.71383e-05
47.64 3.59865e-05
47.65 3.47151e-05
47.66 3.33286e-05
47.67 3.18322e-05
47.68 3.02311e-05
47.69 2.85311e-05
47.7 2.67383e-05
47.71 2.48589e-05
47.72 2.28996e-05
47.73 2.08673e-05
47.74 1.87691e-05
47.75 1.66122e-05
47.76 1.44042e-05
47.77 1.21527e-05
47.78 9.86549e-06
47.79 7.55049e-06
47.8 5.21563e-06
47.81 2.86894e-06
47.82 5.18438e-07
47.83 -1.82783e-06
47.84 -4.16187e-06
47.85 -6.47574e-06
47.86 -8.76158e-06
47.87 -1.10116e-05
47.88 -1.32183e-05
47.89 -1.53742e-05
47.9 -1.74719e-05
47.91 -1.95045e-05
47.92 -2.14652e-05
47.93 -2.33474e-05
47.94 -2.51449e-05
47.95 -2.68516e-05
47.96 -2.84621e-05
47.97 -2.99709e-05
47.98 -3.13732e-05
47.99 -3.26644e-05
48 -3.38403e-05
48.01 -3.48972e-05
48.02 -3.58318e-05
48.03 -3.66411e-05
48.04 -3.73227e-05
48.05 -3.78745e-05
48.06 -3.82951e-05
48.07 -3.85832e-05
48.08 -3.87383e-05
48.09 -3.876e-05
48.1 -3.86487e-05
48.11 -3.84051e-05
48.12 -3.80303e-05
48.13 -3.75259e-05
48.14 -3.68941e-05
48.15 -3.61372e-05
48.16 -3.52581e-05
48.17 -3.42602e-05
48.18 -3.31472e-05
48.19 -3.19231e-05
48.2 -3.05924e-05
48.21 -2.916e-05
48.22 -2.76308e-05
48.23 -2.60105e-05
48.24 -2.43047e-05
48.25 -2.25194e-05
48.26 -2.0661e-05
48.27 -1.8736e-05
48.28 -1.67511e-05
48.29 -1.47131e-05
48.3 -1.26293e-05
48.31 -1.05067e-05
48.32 -8.35278e-06
48.33 -6.17489e-06
48.34 -3.98055e-06
48.35 -1.77728e-06
48.36 4.27374e-07
48.37 2.62588e-06
48.38 4.81074e-06
48.39 6.97452e-06
48.4 9.10988e-06
48.41 1.12096e-05
48.42 1.32665e-05
48.43 1.52738e-05
48.44 1.72246e-05
48.45 1.91124e-05
48.46 2.0931e-05
48.47 2.26741e-05
48.48 2.43362e-05
48.49 2.59115e-05
48.5 2.7395e-05
48.51 2.87818e-05
48.52 3.00674e-05
48.53 3.12476e-05
48.54 3.23186e-05
48.55 3.3277e-05
48.56 3.41198e-05
48.57 3.48445e-05
48.58 3.54487e-05
48.59 3.59307e-05
48.6 3.62893e-05
48.61 3.65234e-05
48.62 3.66325e-05
48.63 3.66167e-05
48.64 3.64761e-05
48.65 3.62118e-05
48.66 3.58248e-05
48.67 3.53168e-05
48.68 3.46898e-05
48.69 3.39463e-05
48.7 3.30891e-05
48.71 3.21213e-05
48.72 3.10467e-05
48.73 2.9869e-05
48.74 2.85926e-05
48.75 2.72222e-05
48.76 2.57624e-05
48.77 2.42187e-05
48.78 2.25965e-05
48.79 2.09014e-05
48.8 1.91394e-05
48.81 1.73168e-05
48.82 1.54398e-05
48.83 1.3515e-05
48.84 1.15491e-05
48.85 9.54892e-06
48.86 7.52129e-06
48.87 5.47324e-06
48.88 3.4118e-06
48.89 1.34403e-06
48.9 -7.22988e-07
48.91 -2.7822e-06
48.92 -4.82658e-06
48.93 -6.8492e-06
48.94 -8.84318e-06
48.95 -1.08018e-05
48.96 -1.27184e-05
48.97 -1.45865e-05
48.98 -1.64e-05
48.99 -1.81526e-05
49 -1.98385e-05
49.01 -2.14522e-05
49.02 -2.29883e-05
49.03 -2.44416e-05
49.04 -2.58075e-05
49.05 -2.70814e-05
49.06 -2.82592e-05
49.07 -2.93372e-05
49.08 -3.03117e-05
49.09 -3.11799e-05
49.1 -3.19388e-05
49.11 -3.25863e-05
49.12 -3.31203e-05
49.13 -3.35393e-05
49.14 -3.38422e-05
49.15 -3.40281e-05
49.16 -3.40968e-05
49.17 -3.40483e-05
49.18 -3.38831e-05
49.19 -3.36019e-05
49.2 -3.32061e-05
49.21 -3.26972e-05
49.22 -3.20774e-05
49.23 -3.13489e-05
49.24 -3.05146e-05
49.25 -2.95775e-05
49.26 -2.85411e-05
49.27 -2.74093e-05
49.28 -2.61859e-05
49.29 -2.48756e-05
49.3 -2.34829e-05
49.31 -2.20128e-05
49.32 -2.04706e-05
49.33 -1.88616e-05
49.34 -1.71915e-05
49.35 -1.54661e-05
49.36 -1.36915e-05
49.37 -1.18739e-05
49.38 -1.00195e-05
49.39 -8.1347e-06
49.4 -6.22611e-06
49.41 -4.30025e-06
49.42 -2.36375e-06
49.43 -4.23234e-07
49.44 1.51466e-06
49.45 3.44331e-06
49.46 5.35615e-06
49.47 7.24668e-06
49.48 9.1085e-06
49.49 1.09353e-05
49.5 1.27209e-05
49.51 1.44593e-05
49.52 1.61447e-05
49.53 1.77714e-05
49.54 1.93341e-05
49.55 2.08274e-05
49.56 2.22464e-05
49.57 2.35866e-05
49.58 2.48434e-05
49.59 2.60128e-05
49.6 2.70909e-05
49.61 2.80744e-05
49.62 2.89599e-05
49.63 2.97449e-05
49.64 3.04268e-05
49.65 3.10034e-05
49.66 3.14732e-05
49.67 3.18348e-05
49.68 3.20871e-05
49.69 3.22297e-05
49.7 3.22622e-05
49.71 3.21848e-05
49.72 3.19981e-05
49.73 3.1703e-05
49.74 3.13007e-05
49.75 3.07929e-05
49.76 3.01816e-05
49.77 2.94691e-05
49.78 2.86581e-05
49.79 2.77516e-05
49.8 2.6753e-05
49.81 2.56658e-05
49.82 2.4494e-05
49.83 2.32419e-05
49.84 2.19138e-05
49.85 2.05145e-05
49.86 1.9049e-05
49.87 1.75224e-05
49.88 1.594e-05
49.89 1.43074e-05
49.9 1.26303e-05
49.91 1.09145e-05
49.92 9.16596e-06
49.93 7.39072e-06
49.94 5.5949e-06
49.95 3.78468e-06
49.96 1.96627e-06
49.97 1.45909e-07
49.98 -1.67019e-06
49.99 -3.47583e-06
